0
0.115538
0.231077
0.346615
0.462154
0.577692
0.693231
0.808769
0.924308
1.03985
1.15538
1.27092
1.38646
1.502
1.61754
1.73308
1.84862
1.96415
2.07969
2.19523
2.31077
2.42631
2.54185
2.65738
2.77292
2.88846
3.004
3.11954
3.23508
3.35062
3.46615
3.58169
3.69723
3.81277
3.92831
4.04385
4.15938
4.27492
4.39046
4.506
4.62154
4.73708
4.85262
4.96815
5.08369
5.19923
5.31477
5.43031
5.54585
5.66138
5.77692
5.89246
6.008
6.12354
6.23908
6.35462
6.47015
6.58569
6.70123
6.81677
6.93231
7.04785
7.16338
7.27892
7.39446
7.51
7.62554
7.74108
7.85662
7.97215
8.08769
8.20323
8.31877
8.43431
8.54985
8.66538
8.78092
8.89646
9.012
9.12754
9.24308
9.35862
9.47415
9.58969
9.70523
9.82077
9.93631
10.0518
10.1674
10.2829
10.3985
10.514
10.6295
10.7451
10.8606
10.9762
11.0917
11.2072
11.3228
11.4383
11.5538
11.6694
11.7849
11.9005
