0
0.0896716
0.179343
0.269015
0.358687
0.448358
0.53803
0.627701
0.717373
0.807045
0.896716
0.986388
1.07606
1.16573
1.2554
1.34507
1.43475
1.52442
1.61409
1.70376
1.79343
1.8831
1.97278
2.06245
2.15212
2.24179
2.33146
2.42113
2.51081
2.60048
2.69015
2.77982
2.86949
2.95916
3.04884
3.13851
3.22818
3.31785
3.40752
3.49719
3.58687
3.67654
3.76621
3.85588
3.94555
4.03522
4.1249
4.21457
4.30424
4.39391
4.48358
4.57325
4.66293
4.7526
4.84227
4.93194
5.02161
5.11128
5.20096
5.29063
5.3803
5.46997
5.55964
5.64931
5.73899
5.82866
5.91833
6.008
6.09767
6.18734
6.27701
6.36669
6.45636
6.54603
6.6357
6.72537
6.81504
6.90472
6.99439
7.08406
7.17373
7.2634
7.35307
7.44275
7.53242
7.62209
7.71176
7.80143
7.8911
7.98078
8.07045
8.16012
8.24979
8.33946
8.42913
8.51881
8.60848
8.69815
8.78782
8.87749
8.96716
9.05684
9.14651
9.23618
9.32585
9.41552
9.50519
9.59487
9.68454
9.77421
9.86388
9.95355
10.0432
10.1329
10.2226
10.3122
10.4019
10.4916
10.5813
10.6709
10.7606
10.8503
10.9399
11.0296
11.1193
11.209
11.2986
11.3883
11.478
11.5676
11.6573
11.747
11.8367
11.9263
