0
0.171657
0.343314
0.514971
0.686629
0.858286
1.02994
1.2016
1.37326
1.54491
1.71657
1.88823
2.05989
2.23154
2.4032
2.57486
2.74651
2.91817
3.08983
3.26149
3.43314
3.6048
3.77646
3.94811
4.11977
4.29143
4.46309
4.63474
4.8064
4.97806
5.14971
5.32137
5.49303
5.66469
5.83634
6.008
6.17966
6.35131
6.52297
6.69463
6.86629
7.03794
7.2096
7.38126
7.55291
7.72457
7.89623
8.06789
8.23954
8.4112
8.58286
8.75451
8.92617
9.09783
9.26949
9.44114
9.6128
9.78446
9.95611
10.1278
10.2994
10.4711
10.6427
10.8144
10.9861
11.1577
11.3294
11.501
11.6727
11.8443
