0
0.078026
0.156052
0.234078
0.312104
0.39013
0.468156
0.546182
0.624208
0.702234
0.78026
0.858286
0.936312
1.01434
1.09236
1.17039
1.24842
1.32644
1.40447
1.48249
1.56052
1.63855
1.71657
1.7946
1.87262
1.95065
2.02868
2.1067
2.18473
2.26275
2.34078
2.41881
2.49683
2.57486
2.65288
2.73091
2.80894
2.88696
2.96499
3.04301
3.12104
3.19906
3.27709
3.35512
3.43314
3.51117
3.58919
3.66722
3.74525
3.82327
3.9013
3.97932
4.05735
4.13538
4.2134
4.29143
4.36945
4.44748
4.52551
4.60353
4.68156
4.75958
4.83761
4.91564
4.99366
5.07169
5.14971
5.22774
5.30577
5.38379
5.46182
5.53984
5.61787
5.6959
5.77392
5.85195
5.92997
6.008
6.08603
6.16405
6.24208
6.3201
6.39813
6.47616
6.55418
6.63221
6.71023
6.78826
6.86629
6.94431
7.02234
7.10036
7.17839
7.25642
7.33444
7.41247
7.49049
7.56852
7.64655
7.72457
7.8026
7.88062
7.95865
8.03668
8.1147
8.19273
8.27075
8.34878
8.42681
8.50483
8.58286
8.66088
8.73891
8.81694
8.89496
8.97299
9.05101
9.12904
9.20706
9.28509
9.36312
9.44114
9.51917
9.59719
9.67522
9.75325
9.83127
9.9093
9.98732
10.0654
10.1434
10.2214
10.2994
10.3775
10.4555
10.5335
10.6115
10.6896
10.7676
10.8456
10.9236
11.0017
11.0797
11.1577
11.2357
11.3138
11.3918
11.4698
11.5478
11.6259
11.7039
11.7819
11.8599
11.938
