0
3.26634
-0.190538
-0.201855
-0.213337
-0.224982
-0.236787
-0.248749
-0.260868
-0.273139
-0.285561
-0.298131
-0.310847
-0.323705
-0.336703
-0.349837
-0.363106
-0.376505
-0.390032
-0.403683
-0.417455
-0.431346
-0.44535
-0.459466
-0.473689
-0.488016
-0.502443
-0.516966
-0.531582
-0.546286
-0.561076
-0.575946
-0.590893
-0.605912
-0.621001
-0.636153
-0.651366
-0.666635
-0.681955
-0.697322
-0.712732
-0.72818
-0.743662
-0.759174
-0.774709
-0.790265
-0.805836
-0.821418
-0.837005
-0.852594
-0.868179
-0.883756
-0.899319
-0.914865
-0.930387
-0.945882
-0.961344
-0.976768
-0.99215
-1.00748
-1.02277
-1.03799
-1.05315
-1.06825
-1.08327
-1.09821
-1.11308
-1.12785
-1.14254
-1.15713
-1.17161
-1.18599
-1.20026
-1.21441
-1.22844
-1.24234
-1.25611
-1.26975
-1.28325
-1.2966
-1.3098
-1.32284
-1.33573
-1.34846
-1.36101
-1.3734
-1.3856
-1.39763
-1.40947
-1.42111
-1.43257
-1.44382
-1.45488
-1.46572
-1.47636
-1.48678
-1.49698
-1.50696
-1.51672
-1.52624
-1.53553
-1.54458
-1.55339
-1.56196
-1.57028
-1.57835
-1.58617
-1.59373
-1.60103
-1.60806
-1.61483
-1.62134
-1.62757
-1.63352
-1.6392
-1.64461
-1.64973
-1.65456
-1.65911
-1.66338
-1.66735
-1.67104
-1.67443
-1.67752
-1.68032
-1.68282
-1.68503
-1.68693
-1.68853
-1.68982
-1.69082
-1.69151
-1.69189
-1.69197
-1.69174
-1.69121
-1.69037
-1.68922
-1.68776
-1.68599
-1.68392
-1.68154
-1.67886
-1.67586
-1.67256
-1.66896
-1.66505
-1.66084
-1.65632
-1.6515
-1.64639
-1.64097
-1.63525
-1.62924
-1.62293
-1.61633
-1.60943
-1.60225
-1.59478
-1.58702
-1.57898
-1.57065
-1.56205
-1.55317
-1.54402
-1.53459
-1.5249
-1.51494
-1.50471
-1.49423
-1.48349
-1.47249
-1.46125
-1.44975
-1.43802
-1.42604
-1.41382
-1.40137
-1.38869
-1.37579
-1.36266
-1.34932
-1.33576
-1.32199
-1.30801
-1.29383
-1.27946
-1.26489
-1.25013
-1.23519
-1.22007
-1.20477
-1.1893
-1.17367
-1.15787
-1.14192
-1.12581
-1.10956
-1.09317
-1.07664
-1.05997
-1.04318
-1.02626
-1.00923
-0.992083
-0.974829
-0.957473
-0.94002
-0.922473
-0.90484
-0.887124
-0.869332
-0.851467
-0.833536
-0.815544
-0.797495
-0.779394
-0.761248
-0.743061
-0.724838
-0.706584
-0.688305
-0.670005
-0.65169
-0.633365
-0.615034
-0.596703
-0.578378
-0.560061
-0.54176
-0.523478
-0.505221
-0.486993
-0.4688
-0.450645
-0.432534
-0.414471
-0.396461
-0.378509
-0.360618
-0.342795
-0.325042
-0.307365
-0.289767
-0.272253
-0.254828
-0.237495
-0.220258
-0.203121
-0.186089
-0.169165
-0.152353
-0.135657
-0.11908
-0.102626
-0.0862985
-0.0701009
-0.0540365
-0.0381087
-0.0223205
-0.00667518
0.00882433
0.0241751
0.0393742
0.0544189
0.0693065
0.0840344
0.0986002
0.113001
0.127236
0.141301
0.155195
0.168915
0.182461
0.195829
0.209019
0.222027
0.234854
0.247497
0.259956
0.272228
0.284312
0.296208
0.307915
0.319431
0.330756
0.341889
0.35283
0.363578
0.374132
0.384493
0.394659
0.404632
0.414411
0.423996
0.433386
0.442584
0.451588
0.460399
0.469019
0.477446
0.485683
0.49373
0.501588
0.509257
0.51674
0.524036
0.531148
0.538077
0.544824
0.55139
0.557778
0.563988
0.570023
0.575885
0.581574
0.587094
0.592446
0.597633
0.602656
0.607518
0.612222
0.616768
0.621161
0.625402
0.629494
0.63344
0.637242
0.640904
0.644427
0.647815
0.65107
0.654196
0.657196
0.660072
0.662827
0.665466
0.66799
0.670403
0.672708
0.674909
0.677009
0.679011
0.680918
0.682735
0.684463
0.686106
0.687669
0.689154
0.690565
0.691905
0.693178
0.694387
0.695536
0.696628
0.697667
0.698655
0.699597
0.700496
0.701356
0.702179
0.70297
0.703732
0.704468
0.705181
0.705875
0.706553
0.707219
0.707876
0.708526
0.709174
0.709823
0.710475
0.711133
0.711802
0.712483
0.713181
0.713897
0.714635
0.715397
0.716187
0.717007
0.717859
0.718748
0.719674
0.720641
0.721651
0.722706
0.723809
0.724963
0.726169
0.727429
0.728746
0.730122
0.731558
0.733056
0.734619
0.736248
0.737945
0.73971
0.741547
0.743455
0.745437
0.747494
0.749627
0.751837
0.754125
0.756492
0.758938
0.761466
0.764074
0.766765
0.769538
0.772394
0.775333
0.778355
0.781461
0.784651
0.787925
0.791282
0.794722
0.798246
0.801852
0.805541
0.809311
0.813163
0.817095
0.821107
0.825198
0.829367
0.833612
0.837934
0.842329
0.846798
0.851339
0.85595
0.86063
0.865378
0.87019
0.875067
0.880005
0.885004
0.89006
0.895172
0.900338
0.905555
0.910822
0.916135
0.921493
0.926893
0.932332
0.937807
0.943317
0.948858
0.954427
0.960022
0.96564
0.971277
0.976931
0.982599
0.988276
0.993962
0.999651
1.00534
1.01103
1.01671
1.02238
1.02804
1.03368
1.03931
1.04491
1.05048
1.05602
1.06153
1.067
1.07243
1.07782
1.08316
1.08844
1.09367
1.09884
1.10394
1.10898
1.11395
1.11884
1.12366
1.12839
1.13304
1.1376
1.14206
1.14643
1.1507
1.15486
1.15892
1.16286
1.16669
1.17041
1.174
1.17746
1.1808
1.184
1.18707
1.19
1.19278
1.19542
1.19792
1.20026
1.20244
1.20447
1.20634
1.20804
1.20958
1.21094
1.21214
1.21316
1.214
1.21466
1.21514
1.21543
1.21554
1.21545
1.21518
1.21471
1.21404
1.21318
1.21211
1.21085
1.20938
1.2077
1.20582
1.20373
1.20143
1.19892
1.1962
1.19327
1.19012
1.18676
1.18318
1.17939
1.17538
1.17115
1.16671
1.16205
1.15716
1.15207
1.14675
1.14121
1.13546
1.12949
1.12331
1.1169
1.11029
1.10345
1.09641
1.08915
1.08167
1.07399
1.0661
1.058
1.04969
1.04118
1.03247
1.02355
1.01443
1.00512
0.995614
0.985913
0.976021
0.965941
0.955675
0.945226
0.934597
0.923791
0.91281
0.901657
0.890336
0.87885
0.867202
0.855396
0.843435
0.831322
0.819061
0.806657
0.794112
0.781431
0.768618
0.755677
0.742612
0.729427
0.716126
0.702715
0.689197
0.675577
0.661859
0.648048
0.63415
0.620168
0.606107
0.591973
0.57777
0.563503
0.549178
0.534799
0.520372
0.505901
0.491392
0.476851
0.462283
0.447692
0.433084
0.418465
0.403841
0.389215
0.374595
0.359986
0.345392
0.33082
0.316275
0.301762
0.287288
0.272857
0.258476
0.24415
0.229883
0.215683
0.201555
0.187503
0.173533
0.159652
0.145864
0.132175
0.118591
0.105116
0.0917558
0.0785163
0.0654026
0.0524199
0.0395734
0.0268683
0.0143097
0.00190268
-0.0103476
-0.0224363
-0.0343585
-0.0461091
-0.0576835
-0.069077
-0.0802847
-0.0913021
-0.102125
-0.112748
-0.123167
-0.133379
-0.143378
-0.15316
-0.162722
-0.172059
-0.181168
-0.190045
-0.198685
-0.207086
-0.215243
-0.223154
-0.230814
-0.238221
-0.245372
-0.252263
-0.258892
-0.265255
-0.27135
-0.277174
-0.282725
-0.288
-0.292997
-0.297714
-0.302149
-0.306299
-0.310164
-0.31374
-0.317028
-0.320025
-0.322729
-0.32514
-0.327256
-0.329077
-0.330602
-0.331829
-0.332759
-0.333391
-0.333724
-0.333758
-0.333493
-0.33293
-0.332067
-0.330907
-0.329448
-0.327691
-0.325638
-0.323289
-0.320644
-0.317705
-0.314474
-0.31095
-0.307137
-0.303034
-0.298645
-0.29397
-0.289012
-0.283772
-0.278253
-0.272457
-0.266387
-0.260045
-0.253433
-0.246555
-0.239412
-0.232009
-0.224349
-0.216433
-0.208267
-0.199853
-0.191194
-0.182295
-0.173159
-0.16379
-0.154191
-0.144368
-0.134324
-0.124063
-0.113589
-0.102908
-0.0920228
-0.0809391
-0.0696612
-0.0581938
-0.0465419
-0.0347104
-0.0227042
-0.0105284
0.00181175
0.0143111
0.0269643
0.0397661
0.052711
0.0657935
0.0790081
0.0923492
0.105811
0.119388
0.133075
0.146865
0.160753
0.174733
0.188798
0.202944
0.217164
0.231452
0.245802
0.260207
0.274663
0.289162
0.303699
0.318268
0.332861
0.347474
0.3621
0.376733
0.391367
0.405995
0.420612
0.43521
0.449785
0.46433
0.478839
0.493306
0.507725
0.522089
0.536394
0.550632
0.564798
0.578886
0.59289
0.606804
0.620624
0.634341
0.647952
0.661451
0.674832
0.688089
0.701217
0.714211
0.727065
0.739774
0.752333
0.764736
0.77698
0.789058
0.800966
0.812699
0.824252
0.835621
0.846801
0.857788
0.868577
0.879164
0.889545
0.899716
0.909672
0.91941
0.928927
0.938217
0.947279
0.956107
0.9647
0.973053
0.981164
0.989029
0.996645
1.00401
1.01112
1.01798
1.02457
1.03091
1.03698
1.04278
1.04832
1.05359
1.05858
1.06331
1.06776
1.07193
1.07582
1.07944
1.08278
1.08584
1.08862
1.09111
1.09333
1.09526
1.09691
1.09827
1.09936
1.10016
1.10068
1.10092
1.10087
1.10055
1.09994
1.09905
1.09789
1.09645
1.09474
1.09275
1.09048
1.08795
1.08514
1.08207
1.07873
1.07513
1.07126
1.06714
1.06276
1.05812
1.05323
1.04809
1.04271
1.03708
1.03121
1.02511
1.01877
1.0122
1.0054
0.998374
0.99113
0.983669
0.975995
0.968112
0.960023
0.951733
0.943246
0.934565
0.925696
0.916641
0.907407
0.897996
0.888414
0.878666
0.868755
0.858687
0.848466
0.838097
0.827584
0.816934
0.80615
0.795238
0.784203
0.773049
0.761782
0.750407
0.738929
0.727354
0.715685
0.70393
0.692092
0.680178
0.668192
0.65614
0.644027
0.631859
0.61964
0.607376
0.595073
0.582735
0.570368
0.557978
0.545569
0.533147
0.520717
0.508284
0.495854
0.483432
0.471023
0.458631
0.446263
0.433923
0.421616
0.409348
0.397123
0.384946
0.372822
0.360756
0.348752
0.336816
0.324952
0.313165
0.301459
0.289838
0.278308
0.266872
0.255535
0.244301
0.233175
0.222159
0.211259
0.200478
0.189821
0.17929
0.16889
0.158624
0.148497
0.13851
0.128668
0.118974
0.109431
0.100042
0.090811
0.0817397
0.0728315
0.064089
0.0555149
0.0471117
0.0388819
0.0308278
0.0229516
0.0152554
0.00774142
0.000411472
-0.00673258
-0.013689
-0.0204561
-0.0270325
-0.0334167
-0.0396073
-0.0456032
-0.0514032
-0.0570064
-0.0624118
-0.0676186
-0.0726263
-0.0774341
-0.0820416
-0.0864485
-0.0906545
-0.0946593
-0.098463
-0.102066
-0.105467
-0.108668
-0.111669
-0.114469
-0.117071
-0.119473
-0.121678
-0.123686
-0.125497
-0.127114
-0.128536
-0.129766
-0.130805
-0.131653
-0.132313
-0.132787
-0.133075
-0.13318
-0.133103
-0.132847
-0.132414
-0.131805
-0.131023
-0.13007
-0.128949
-0.127662
-0.126211
-0.124599
-0.122829
-0.120903
-0.118825
-0.116596
-0.114221
-0.111701
-0.109041
-0.106243
-0.103309
-0.100245
-0.0970521
-0.0937343
-0.090295
-0.0867374
-0.0830652
-0.0792817
-0.0753905
-0.0713952
-0.0672993
-0.0631066
-0.0588206
-0.0544451
-0.0499838
-0.0454404
-0.0408187
-0.0361226
-0.0313557
-0.026522
-0.0216252
-0.0166693
-0.011658
-0.00659524
-0.00148489
0.00366921
0.00886318
0.0140932
0.0193553
0.0246457
0.0299606
0.035296
0.0406483
0.0460136
0.0513881
0.056768
0.0621496
0.0675292
0.072903
0.0782675
0.083619
0.0889539
0.0942685
0.0995595
0.104823
0.110056
0.115255
0.120417
0.125538
0.130614
0.135644
0.140623
0.145548
0.150417
0.155226
0.159972
0.164653
0.169266
0.173807
0.178275
0.182666
0.186979
0.191209
0.195356
0.199416
0.203388
0.207268
0.211056
0.214748
0.218344
0.22184
0.225235
0.228528
0.231716
0.234798
0.237773
0.240639
0.243394
0.246038
0.248569
0.250985
0.253287
0.255473
0.257542
0.259494
0.261327
0.263041
0.264636
0.266111
0.267465
0.2687
0.269813
0.270806
0.271678
0.272429
0.273059
0.27357
0.27396
0.274231
0.274382
0.274415
0.274331
0.274129
0.273811
0.273377
0.272829
0.272168
0.271394
0.27051
0.269516
0.268413
0.267204
0.265889
0.264471
0.26295
0.261329
0.259609
0.257793
0.255882
0.253878
0.251783
0.2496
0.24733
0.244976
0.24254
0.240025
0.237433
0.234765
0.232026
0.229217
0.226341
0.223401
0.2204
0.217339
0.214222
0.211052
0.207832
0.204564
0.201252
0.197898
0.194506
0.191078
0.187618
0.184128
0.180612
0.177072
0.173513
0.169937
0.166347
0.162747
0.159139
0.155527
0.151914
0.148303
0.144698
0.141102
0.137518
0.133948
0.130398
0.126868
0.123364
0.119887
0.116442
0.113031
0.109657
0.106324
0.103034
0.0997912
0.096598
0.0934577
0.0903731
0.0873472
0.0843829
0.0814833
0.078651
0.075889
0.0732001
0.0705869
0.0680522
0.0655986
0.0632288
0.0609453
0.0587506
0.0566473
0.0546376
0.052724
0.0509088
0.0491942
0.0475824
0.0460756
0.0446758
0.043385
0.0422052
0.0411382
0.0401859
0.03935
0.0386322
0.0380341
0.0375572
0.0372031
0.0369731
0.0368686
0.0368907
0.0370408
0.0373198
0.0377288
0.0382688
0.0389407
0.0397452
0.0406831
0.041755
0.0429614
0.0443029
0.0457799
0.0473926
0.0491414
0.0510263
0.0530475
0.055205
0.0574987
0.0599284
0.0624938
0.0651947
0.0680307
0.0710013
0.0741058
0.0773437
0.0807143
0.0842166
0.08785
0.0916133
0.0955055
0.0995256
0.103672
0.107944
0.11234
0.116859
0.121499
0.126258
0.131135
0.136128
0.141236
0.146456
0.151787
0.157226
0.162772
0.168422
0.174175
0.180027
0.185977
0.192023
0.198161
0.20439
0.210706
0.217107
0.223591
0.230155
0.236796
0.243511
0.250298
0.257153
0.264073
0.271056
0.278098
0.285197
0.292349
0.299551
0.3068
0.314093
0.321426
0.328796
0.3362
0.343635
0.351097
0.358582
0.366088
0.373611
0.381148
0.388694
0.396247
0.403803
0.411359
0.418911
0.426456
0.43399
0.441509
0.449011
0.456491
0.463946
0.471373
0.478769
0.486129
0.49345
0.500729
0.507963
0.515147
0.52228
0.529356
0.536374
0.543329
0.550218
0.557039
0.563787
0.570461
0.577055
0.583568
0.589997
0.596337
0.602587
0.608744
0.614803
0.620764
0.626622
0.632375
0.63802
0.643555
0.648976
0.654283
0.659471
0.664538
0.669483
0.674303
0.678995
0.683557
0.687988
0.692284
0.696445
0.700468
0.704352
0.708094
0.711693
0.715147
0.718455
0.721615
0.724625
0.727485
0.730193
0.732748
0.735149
0.737395
0.739484
0.741416
0.743191
0.744806
0.746263
0.747559
0.748695
0.749671
0.750485
0.751139
0.75163
0.751961
0.752129
0.752137
0.751983
0.751668
0.751192
0.750556
0.749761
0.748806
0.747693
0.746421
0.744993
0.743409
0.741669
0.739776
0.737729
0.735531
0.733182
0.730684
0.728038
0.725246
0.722309
0.719229
0.716008
0.712647
0.709148
0.705514
0.701746
0.697845
0.693816
0.689658
0.685376
0.68097
0.676444
0.671799
0.667038
0.662164
0.65718
0.652087
0.646889
0.641588
0.636187
0.630689
0.625096
0.619412
0.613639
0.607781
0.60184
0.59582
0.589723
0.583553
0.577313
0.571005
0.564634
0.558202
0.551712
0.545168
0.538573
0.531931
0.525244
0.518516
0.511751
0.504951
0.49812
0.491261
0.484378
0.477473
0.470551
0.463615
0.456668
0.449713
0.442753
0.435793
0.428835
0.421882
0.414938
0.408006
0.401089
0.394191
0.387314
0.380462
0.373638
0.366845
0.360086
0.353364
0.346683
0.340044
0.333451
0.326907
0.320415
0.313977
0.307597
0.301277
0.295019
0.288826
0.282701
0.276647
0.270665
0.264758
0.258929
0.253179
0.247511
0.241928
0.23643
0.231021
0.225702
0.220475
0.215342
0.210305
0.205365
0.200524
0.195784
0.191146
0.186611
0.182181
0.177857
0.17364
0.169531
0.165532
0.161643
0.157866
0.1542
0.150647
0.147207
0.143882
0.14067
0.137574
0.134592
0.131726
0.128975
0.12634
0.12382
0.121416
0.119127
0.116953
0.114894
0.112949
0.111118
0.1094
0.107795
0.106302
0.104919
0.103647
0.102483
0.101428
0.10048
0.0996376
0.0988996
0.0982647
0.0977315
0.0972984
0.0969639
0.0967264
0.0965841
0.0965352
0.0965779
0.0967102
0.0969301
0.0972356
0.0976246
0.0980947
0.0986439
0.0992698
0.0999699
0.100742
0.101583
0.102492
0.103464
0.104498
0.105591
0.10674
0.107942
0.109195
0.110496
0.111841
0.113227
0.114653
0.116114
0.117607
0.11913
0.120679
0.122251
0.123843
0.125451
0.127073
0.128705
0.130344
0.131986
0.133628
0.135266
0.136898
0.13852
0.140129
0.14172
0.143292
0.144839
0.14636
0.14785
0.149306
0.150725
0.152103
0.153437
0.154723
0.155959
0.15714
0.158264
0.159327
0.160326
0.161258
0.162119
0.162906
0.163617
0.164247
0.164794
0.165255
0.165626
0.165905
0.166089
0.166174
0.166158
0.166038
0.165812
0.165476
0.165028
0.164466
0.163786
0.162986
0.162064
0.161017
0.159843
0.15854
0.157106
0.155538
0.153834
0.151993
0.150012
0.14789
0.145625
0.143214
0.140658
0.137953
0.135098
0.132093
0.128936
0.125625
0.122159
0.118538
0.11476
0.110825
0.106731
0.102478
0.0980659
0.0934933
0.0887601
0.0838658
0.0788102
0.0735932
0.0682146
0.0626745
0.056973
0.0511101
0.0450863
0.038902
0.0325574
0.0260534
0.0193904
0.0125692
0.00559079
-0.00154404
-0.0088342
-0.0162786
-0.023876
-0.0316251
-0.0395244
-0.0475726
-0.055768
-0.0641089
-0.0725936
-0.0812202
-0.0899868
-0.0988912
-0.107932
-0.117105
-0.126411
-0.135845
-0.145405
-0.15509
-0.164895
-0.17482
-0.18486
-0.195012
-0.205275
-0.215645
-0.226118
-0.236692
-0.247363
-0.258129
-0.268985
-0.279928
-0.290954
-0.302061
-0.313244
-0.324499
-0.335824
-0.347213
-0.358663
-0.37017
-0.381731
-0.39334
-0.404994
-0.416689
-0.428421
-0.440184
-0.451975
-0.46379
-0.475624
-0.487473
-0.499332
-0.511197
-0.523062
-0.534925
-0.546779
-0.558621
-0.570446
-0.582249
-0.594025
-0.605771
-0.61748
-0.629148
-0.640772
-0.652345
-0.663863
-0.675322
-0.686716
-0.698041
-0.709292
-0.720465
-0.731555
-0.742556
-0.753465
-0.764276
-0.774985
-0.785588
-0.796079
-0.806454
-0.816709
-0.826838
-0.836838
-0.846703
-0.85643
-0.866014
-0.875451
-0.884735
-0.893864
-0.902832
-0.911636
-0.920271
-0.928733
-0.937018
-0.945122
-0.953041
-0.960772
-0.96831
-0.975652
-0.982794
-0.989732
-0.996462
-1.00298
-1.00929
-1.01538
-1.02124
-1.02689
-1.0323
-1.03749
-1.04244
-1.04716
-1.05164
-1.05587
-1.05986
-1.06361
-1.06711
-1.07035
-1.07334
-1.07607
-1.07855
-1.08077
-1.08272
-1.08441
-1.08584
-1.08699
-1.08788
-1.0885
-1.08885
-1.08892
-1.08872
-1.08825
-1.0875
-1.08647
-1.08517
-1.08359
-1.08173
-1.07959
-1.07718
-1.07448
-1.0715
-1.06825
-1.06472
-1.06091
-1.05682
-1.05245
-1.0478
-1.04288
-1.03768
-1.03221
-1.02646
-1.02044
-1.01415
-1.00759
-1.00075
-0.993654
-0.986289
-0.978659
-0.970766
-0.962613
-0.954201
-0.945532
-0.936609
-0.927434
-0.918008
-0.908336
-0.898418
-0.888258
-0.877859
-0.867223
-0.856354
-0.845253
-0.833925
-0.822373
-0.810599
-0.798607
-0.7864
-0.773982
-0.761357
-0.748528
-0.735498
-0.722272
-0.708854
-0.695246
-0.681454
-0.667481
-0.653331
-0.639009
-0.624519
-0.609864
-0.59505
-0.58008
-0.564959
-0.549692
-0.534283
-0.518737
-0.503058
-0.48725
-0.47132
-0.45527
-0.439107
-0.422834
-0.406457
-0.389981
-0.37341
-0.356749
-0.340004
-0.323179
-0.306278
-0.289308
-0.272273
-0.255178
-0.238029
-0.220829
-0.203584
-0.1863
-0.168981
-0.151632
-0.134258
-0.116864
-0.0994563
-0.0820383
-0.0646156
-0.0471932
-0.0297759
-0.0123688
0.00502331
0.0223955
0.0397428
0.0570605
0.0743437
0.0915876
0.108787
0.125939
0.143036
0.160076
0.177053
0.193962
0.2108
0.227562
0.244242
0.260838
0.277344
0.293757
0.310071
0.326283
0.342389
0.358385
0.374266
0.390029
0.40567
0.421185
0.43657
0.451822
0.466937
0.481911
0.49674
0.511423
0.525954
0.540332
0.554552
0.568611
0.582508
0.596237
0.609798
0.623186
0.636399
0.649435
0.662291
0.674965
0.687453
0.699754
0.711866
0.723786
0.735512
0.747043
0.758376
0.76951
0.780442
0.791172
0.801698
0.812018
0.82213
0.832035
0.84173
0.851214
0.860486
0.869546
0.878392
0.887024
0.895441
0.903642
0.911627
0.919396
0.926948
0.934283
0.941401
0.948301
0.954984
0.96145
0.967699
0.973731
0.979547
0.985146
0.99053
0.995699
1.00065
1.00539
1.00992
1.01424
1.01834
1.02224
1.02592
1.0294
1.03267
1.03574
1.0386
1.04126
1.04372
1.04598
1.04804
1.04991
1.05158
1.05306
1.05435
1.05545
1.05636
1.05709
1.05763
1.058
1.05819
1.0582
1.05803
1.0577
1.05719
1.05652
1.05569
1.05469
1.05353
1.05222
1.05075
1.04913
1.04736
1.04544
1.04338
1.04118
1.03885
1.03637
1.03377
1.03103
1.02817
1.02518
1.02207
1.01884
1.0155
1.01204
1.00847
1.0048
1.00102
0.997146
0.993169
0.989097
0.984933
0.980678
0.976337
0.971912
0.967407
0.962823
0.958163
0.953432
0.94863
0.943762
0.93883
0.933837
0.928785
0.923677
0.918516
0.913305
0.908046
0.902742
0.897396
0.892009
0.886586
0.881127
0.875636
0.870115
0.864567
0.858994
0.853397
0.847781
0.842146
0.836495
0.83083
0.825153
0.819467
0.813774
0.808075
0.802372
0.796668
0.790965
0.785263
0.779565
0.773873
0.768189
0.762513
0.756848
0.751195
0.745555
0.739931
0.734323
0.728733
0.723162
0.717612
0.712083
0.706576
0.701093
0.695636
0.690203
0.684798
0.67942
0.67407
0.66875
0.663459
0.658199
0.65297
0.647773
0.642608
0.637475
0.632376
0.62731
0.622278
0.61728
0.612316
0.607386
0.602491
0.59763
0.592804
0.588012
0.583255
0.578532
0.573843
0.569188
0.564567
0.559979
0.555424
0.550901
0.546411
0.541952
0.537525
0.533128
0.528762
0.524424
0.520116
0.515836
0.511583
0.507356
0.503156
0.49898
0.494829
0.490701
0.486595
0.482511
0.478447
0.474403
0.470377
0.466369
0.462377
0.4584
0.454437
0.450488
0.446551
0.442624
0.438708
0.434799
0.430898
0.427004
0.423114
0.419228
0.415345
0.411462
0.40758
0.403697
0.399811
0.395922
0.392028
0.388128
0.38422
0.380304
0.376378
0.372441
0.368492
0.364529
0.360552
0.356559
0.352549
0.348521
0.344473
0.340405
0.336316
0.332203
0.328067
0.323907
0.31972
0.315506
0.311265
0.306994
0.302694
0.298363
0.294
0.289604
0.285175
0.280712
0.276213
0.271679
0.267108
0.2625
0.257853
0.253168
0.248444
0.243679
0.238875
0.234029
0.229142
0.224213
0.219241
0.214227
0.20917
0.204069
0.198925
0.193737
0.188505
0.183229
0.177909
0.172544
0.167135
0.161681
0.156184
0.150642
0.145056
0.139426
0.133752
0.128035
0.122275
0.116473
0.110627
0.10474
0.0988114
0.0928417
0.0868315
0.0807814
0.0746921
0.0685641
0.0623983
0.0561953
0.0499559
0.043681
0.0373714
0.031028
0.0246517
0.0182435
0.0118045
0.00533563
-0.00116199
-0.00768725
-0.014239
-0.020816
-0.0274171
-0.0340411
-0.0406866
-0.0473523
-0.0540369
-0.0607389
-0.0674571
-0.07419
-0.080936
-0.0876937
-0.0944616
-0.101238
-0.108022
-0.114811
-0.121604
-0.128399
-0.135195
-0.141989
-0.148781
-0.155568
-0.162349
-0.169122
-0.175885
-0.182636
-0.189374
-0.196097
-0.202803
-0.20949
-0.216156
-0.2228
-0.22942
-0.236013
-0.242578
-0.249112
-0.255615
-0.262084
-0.268518
-0.274914
-0.28127
-0.287585
-0.293857
-0.300084
-0.306264
-0.312395
-0.318475
-0.324503
-0.330477
-0.336394
-0.342253
-0.348052
-0.35379
-0.359465
-0.365074
-0.370616
-0.37609
-0.381493
-0.386824
-0.392081
-0.397263
-0.402368
-0.407395
-0.412341
-0.417206
-0.421987
-0.426683
-0.431293
-0.435815
-0.440249
-0.444591
-0.448842
-0.452999
-0.457062
-0.461029
-0.464899
-0.468671
-0.472344
-0.475915
-0.479386
-0.482753
-0.486017
-0.489176
-0.49223
-0.495177
-0.498017
-0.500748
-0.503371
-0.505884
-0.508286
-0.510577
-0.512757
-0.514824
-0.516778
-0.51862
-0.520347
-0.52196
-0.523459
-0.524843
-0.526112
-0.527265
-0.528303
-0.529225
-0.530032
-0.530722
-0.531297
-0.531756
-0.532099
-0.532327
-0.53244
-0.532437
-0.532319
-0.532087
-0.53174
-0.531279
-0.530705
-0.530018
-0.529218
-0.528306
-0.527283
-0.52615
-0.524906
-0.523553
-0.522091
-0.520521
-0.518845
-0.517063
-0.515175
-0.513183
-0.511088
-0.508891
-0.506592
-0.504194
-0.501697
-0.499102
-0.49641
-0.493623
-0.490742
-0.487769
-0.484704
-0.481548
-0.478304
-0.474973
-0.471556
-0.468054
-0.46447
-0.460804
-0.457058
-0.453234
-0.449333
-0.445357
-0.441307
-0.437186
-0.432994
-0.428734
-0.424407
-0.420015
-0.415559
-0.411041
-0.406464
-0.401828
-0.397136
-0.39239
-0.38759
-0.38274
-0.37784
-0.372892
-0.367899
-0.362863
-0.357784
-0.352665
-0.347507
-0.342314
-0.337085
-0.331824
-0.326531
-0.321209
-0.31586
-0.310485
-0.305086
-0.299665
-0.294224
-0.288764
-0.283288
-0.277797
-0.272292
-0.266776
-0.26125
-0.255715
-0.250175
-0.244629
-0.239081
-0.23353
-0.22798
-0.222432
-0.216887
-0.211346
-0.205812
-0.200286
-0.194769
-0.189263
-0.183769
-0.178289
-0.172823
-0.167374
-0.161943
-0.15653
-0.151138
-0.145767
-0.140419
-0.135095
-0.129796
-0.124523
-0.119277
-0.11406
-0.108872
-0.103714
-0.0985881
-0.093494
-0.0884331
-0.0834062
-0.0784142
-0.0734579
-0.068538
-0.0636552
-0.0588104
-0.0540041
-0.049237
-0.0445096
-0.0398226
-0.0351764
-0.0305716
-0.0260087
-0.021488
-0.0170099
-0.0125748
-0.00818312
-0.00383501
0.000469231
0.00472936
0.00894521
0.0131166
0.0172434
0.0213256
0.025363
0.0293557
0.0333037
0.0372069
0.0410655
0.0448795
0.0486491
0.0523745
0.0560557
0.0596932
0.0632869
0.0668374
0.0703447
0.0738094
0.0772316
0.0806119
0.0839505
0.0872479
0.0905047
0.0937211
0.0968978
0.100035
0.103134
0.106194
0.109217
0.112203
0.115153
0.118067
0.120945
0.123789
0.1266
0.129377
0.132122
0.134835
0.137518
0.14017
0.142792
0.145386
0.147952
0.150491
0.153004
0.155491
0.157953
0.160391
0.162806
0.165198
0.167569
0.169919
0.172249
0.17456
0.176852
0.179127
0.181384
0.183626
0.185853
0.188065
0.190263
0.192449
0.194622
0.196784
0.198935
0.201076
0.203207
0.20533
0.207446
0.209553
0.211655
0.21375
0.21584
0.217925
0.220006
0.222084
0.224158
0.22623
0.2283
0.230368
0.232435
0.234502
0.236568
0.238635
0.240702
0.24277
0.244839
0.24691
0.248982
0.251057
0.253134
0.255213
0.257295
0.25938
0.261467
0.263557
0.26565
0.267747
0.269846
0.271948
0.274053
0.27616
0.27827
0.280383
0.282498
0.284615
0.286733
0.288853
0.290974
0.293096
0.295219
0.297341
0.299463
0.301584
0.303704
0.305821
0.307936
0.310048
0.312157
0.31426
0.316359
0.318452
0.320538
0.322617
0.324688
0.32675
0.328803
0.330844
0.332874
0.334892
0.336896
0.338885
0.34086
0.342817
0.344757
0.346679
0.34858
0.350461
0.35232
0.354156
0.355968
0.357754
0.359513
0.361244
0.362946
0.364618
0.366258
0.367864
0.369437
0.370973
0.372473
0.373934
0.375356
0.376736
0.378075
0.379369
0.380618
0.38182
0.382975
0.38408
0.385135
0.386137
0.387086
0.387979
0.388817
0.389596
0.390317
0.390977
0.391575
0.39211
0.392581
0.392985
0.393322
0.393591
0.39379
0.393917
0.393972
0.393953
0.393859
0.393689
0.393441
0.393115
0.392708
0.392221
0.391651
0.390998
0.390261
0.389438
0.388529
0.387532
0.386447
0.385272
0.384007
0.382651
0.381202
0.379661
0.378026
0.376296
0.374472
0.372551
0.370534
0.368419
0.366207
0.363897
0.361488
0.35898
0.356372
0.353664
0.350856
0.347947
0.344938
0.341827
0.338616
0.335303
0.331889
0.328374
0.324757
0.321039
0.31722
0.313301
0.309281
0.30516
0.30094
0.29662
0.292201
0.287683
0.283067
0.278354
0.273544
0.268637
0.263636
0.258539
0.253349
0.248066
0.242691
0.237225
0.23167
0.226025
0.220293
0.214475
0.208571
0.202584
0.196514
0.190364
0.184133
0.177825
0.17144
0.164981
0.158448
0.151844
0.14517
0.138428
0.13162
0.124748
0.117813
0.110819
0.103766
0.0966572
0.0894943
0.0822797
0.0750153
0.0677036
0.0603468
0.0529473
0.0455073
0.0380293
0.0305157
0.022969
0.0153917
0.00778632
0.000155466
-0.00749827
-0.0151723
-0.0228639
-0.0305703
-0.038289
-0.0460171
-0.0537519
-0.0614905
-0.0692302
-0.0769681
-0.0847014
-0.0924271
-0.100142
-0.107844
-0.11553
-0.123197
-0.130841
-0.138461
-0.146052
-0.153612
-0.161138
-0.168627
-0.176076
-0.183482
-0.190842
-0.198153
-0.205411
-0.212615
-0.21976
-0.226845
-0.233865
-0.240819
-0.247702
-0.254512
-0.261247
-0.267902
-0.274476
-0.280965
-0.287367
-0.293678
-0.299896
-0.306018
-0.312041
-0.317962
-0.323779
-0.329489
-0.335089
-0.340576
-0.345949
-0.351203
-0.356338
-0.36135
-0.366236
-0.370995
-0.375623
-0.38012
-0.384481
-0.388705
-0.39279
-0.396734
-0.400533
-0.404187
-0.407693
-0.41105
-0.414255
-0.417306
-0.420201
-0.422939
-0.425519
-0.427937
-0.430194
-0.432286
-0.434213
-0.435974
-0.437566
-0.438989
-0.440241
-0.441321
-0.442228
-0.442961
-0.443519
-0.443901
-0.444106
-0.444133
-0.443982
-0.443652
-0.443142
-0.442452
-0.441582
-0.44053
-0.439298
-0.437883
-0.436287
-0.43451
-0.43255
-0.430409
-0.428086
-0.425581
-0.422895
-0.420029
-0.416982
-0.413755
-0.410349
-0.406764
-0.403001
-0.39906
-0.394943
-0.390651
-0.386184
-0.381543
-0.37673
-0.371746
-0.366592
-0.36127
-0.35578
-0.350125
-0.344305
-0.338323
-0.33218
-0.325878
-0.319419
-0.312804
-0.306036
-0.299116
-0.292047
-0.284831
-0.277469
-0.269965
-0.26232
-0.254537
-0.246618
-0.238566
-0.230384
-0.222073
-0.213637
-0.205077
-0.196398
-0.187602
-0.178691
-0.169669
-0.160538
-0.151302
-0.141963
-0.132525
-0.12299
-0.113362
-0.103644
-0.0938397
-0.0839517
-0.0739835
-0.0639384
-0.05382
-0.0436314
-0.0333762
-0.0230579
-0.0126799
-0.00224565
0.00824121
0.0187772
0.0293586
0.039982
0.0506437
0.0613402
0.0720676
0.0828225
0.0936011
0.1044
0.115215
0.126043
0.136879
0.147721
0.158565
0.169407
0.180243
0.191069
0.201882
0.212679
0.223454
0.234206
0.24493
0.255623
0.26628
0.276899
0.287475
0.298006
0.308487
0.318915
0.329287
0.339599
0.349848
0.360029
0.370141
0.380179
0.39014
0.40002
0.409818
0.419528
0.429149
0.438676
0.448107
0.457439
0.466669
0.475793
0.484809
0.493714
0.502504
0.511178
0.519732
0.528164
0.536471
0.54465
0.552699
0.560615
0.568397
0.57604
0.583544
0.590906
0.598123
0.605194
0.612116
0.618888
0.625507
0.631971
0.638279
0.644429
0.650419
0.656248
0.661913
0.667414
0.672748
0.677915
0.682913
0.687741
0.692397
0.696881
0.701191
0.705327
0.709287
0.713071
0.716678
0.720107
0.723357
0.726429
0.72932
0.732032
0.734563
0.736913
0.739083
0.741071
0.742877
0.744503
0.745947
0.747209
0.748291
0.749192
0.749912
0.750452
0.750812
0.750992
0.750994
0.750818
0.750463
0.749932
0.749225
0.748343
0.747287
0.746057
0.744655
0.743081
0.741338
0.739425
0.737345
0.735098
0.732686
0.730111
0.727374
0.724475
0.721418
0.718203
0.714832
0.711307
0.70763
0.703802
0.699825
0.695701
0.691431
0.687019
0.682465
0.677772
0.672942
0.667977
0.662879
0.657651
0.652293
0.646809
0.641201
0.635471
0.629621
0.623654
0.617572
0.611377
0.605072
0.598659
0.59214
0.585518
0.578796
0.571975
0.565058
0.558048
0.550948
0.543759
0.536484
0.529126
0.521687
0.514169
0.506576
0.498909
0.491171
0.483365
0.475494
0.467559
0.459562
0.451508
0.443398
0.435234
0.427019
0.418755
0.410445
0.402092
0.393697
0.385263
0.376792
0.368287
0.35975
0.351183
0.342589
0.333969
0.325326
0.316663
0.307981
0.299282
0.29057
0.281844
0.273109
0.264365
0.255615
0.246861
0.238104
0.229347
0.220591
0.211839
0.203091
0.19435
0.185618
0.176896
0.168185
0.159488
0.150806
0.14214
0.133493
0.124864
0.116256
0.107671
0.0991086
0.0905711
0.0820595
0.0735749
0.0651186
0.0566916
0.0482951
0.0399299
0.031597
0.0232975
0.0150322
0.00680183
-0.00139269
-0.00955066
-0.0176713
-0.0257541
-0.0337983
-0.0418033
-0.0497687
-0.0576939
-0.0655785
-0.0734221
-0.0812242
-0.0889846
-0.096703
-0.104379
-0.112013
-0.119604
-0.127152
-0.134658
-0.14212
-0.14954
-0.156916
-0.16425
-0.171541
-0.17879
-0.185996
-0.19316
-0.200282
-0.207362
-0.214401
-0.221398
-0.228355
-0.235272
-0.242148
-0.248985
-0.255783
-0.262543
-0.269264
-0.275948
-0.282596
-0.289207
-0.295782
-0.302322
-0.308828
-0.3153
-0.321739
-0.328146
-0.334521
-0.340865
-0.347179
-0.353464
-0.359721
-0.365949
-0.372151
-0.378326
-0.384476
-0.390602
-0.396704
-0.402783
-0.40884
-0.414875
-0.420891
-0.426887
-0.432864
-0.438823
-0.444765
-0.450691
-0.456602
-0.462498
-0.46838
-0.474249
-0.480106
-0.485952
-0.491787
-0.497612
-0.503428
-0.509236
-0.515036
-0.520829
-0.526615
-0.532396
-0.538172
-0.543944
-0.549711
-0.555476
-0.561238
-0.566998
-0.572756
-0.578513
-0.58427
-0.590026
-0.595782
-0.60154
-0.607298
-0.613057
-0.618818
-0.624581
-0.630345
-0.636113
-0.641882
-0.647654
-0.653429
-0.659207
-0.664987
-0.670771
-0.676557
-0.682346
-0.688137
-0.693931
-0.699727
-0.705526
-0.711326
-0.717128
-0.722931
-0.728735
-0.73454
-0.740345
-0.746149
-0.751953
-0.757755
-0.763555
-0.769353
-0.775147
-0.780938
-0.786724
-0.792504
-0.798278
-0.804045
-0.809805
-0.815555
-0.821296
-0.827025
-0.832743
-0.838449
-0.84414
-0.849816
-0.855476
-0.861119
-0.866743
-0.872347
-0.877931
-0.883491
-0.889028
-0.89454
-0.900025
-0.905483
-0.91091
-0.916307
-0.921672
-0.927002
-0.932297
-0.937555
-0.942774
-0.947953
-0.95309
-0.958183
-0.963231
-0.968232
-0.973184
-0.978085
-0.982934
-0.987729
-0.992468
-0.99715
-1.00177
-1.00633
-1.01083
-1.01526
-1.01963
-1.02393
-1.02815
-1.03231
-1.03639
-1.04039
-1.04432
-1.04817
-1.05193
-1.05561
-1.05921
-1.06272
-1.06614
-1.06946
-1.0727
-1.07584
-1.07889
-1.08183
-1.08468
-1.08743
-1.09007
-1.0926
-1.09503
-1.09736
-1.09957
-1.10167
-1.10365
-1.10552
-1.10728
-1.10891
-1.11043
-1.11182
-1.1131
-1.11425
-1.11527
-1.11616
-1.11693
-1.11757
-1.11808
-1.11845
-1.1187
-1.11881
-1.11878
-1.11862
-1.11832
-1.11788
-1.1173
-1.11658
-1.11572
-1.11472
-1.11358
-1.11229
-1.11086
-1.10928
-1.10756
-1.1057
-1.10368
-1.10153
-1.09922
-1.09677
-1.09417
-1.09142
-1.08853
-1.08549
-1.0823
-1.07896
-1.07548
-1.07185
-1.06807
-1.06415
-1.06007
-1.05586
-1.05149
-1.04699
-1.04233
-1.03754
-1.0326
-1.02752
-1.02229
-1.01693
-1.01143
-1.00578
-1
-0.994087
-0.988035
-0.981848
-0.975528
-0.969077
-0.962495
-0.955784
-0.948946
-0.941982
-0.934894
-0.927684
-0.920353
-0.912902
-0.905335
-0.897652
-0.889856
-0.881948
-0.873931
-0.865807
-0.857578
-0.849246
-0.840813
-0.832282
-0.823655
-0.814934
-0.806121
-0.79722
-0.788233
-0.779162
-0.77001
-0.760779
-0.751472
-0.742092
-0.732642
-0.723123
-0.713541
-0.703896
-0.694191
-0.684431
-0.674617
-0.664753
-0.654842
-0.644886
-0.634889
-0.624853
-0.614782
-0.60468
-0.594548
-0.58439
-0.57421
-0.56401
-0.553793
-0.543564
-0.533324
-0.523078
-0.512828
-0.502577
-0.49233
-0.482089
-0.471856
-0.461637
-0.451433
-0.441248
-0.431085
-0.420948
-0.410839
-0.400762
-0.39072
-0.380717
-0.370754
-0.360836
-0.350965
-0.341145
-0.331379
-0.321669
-0.31202
-0.302433
-0.292912
-0.28346
-0.274079
-0.264774
-0.255545
-0.246397
-0.237333
-0.228354
-0.219464
-0.210665
-0.20196
-0.193352
-0.184843
-0.176436
-0.168133
-0.159936
-0.151849
-0.143873
-0.136011
-0.128265
-0.120637
-0.11313
-0.105744
-0.0984836
-0.0913493
-0.0843432
-0.0774675
-0.0707237
-0.0641137
-0.0576392
-0.0513018
-0.0451031
-0.0390445
-0.0331276
-0.0273536
-0.021724
-0.01624
-0.0109027
-0.00571329
-0.000672805
0.00421777
0.00895752
0.0135456
0.0179812
0.0222637
0.0263923
0.0303666
0.0341859
0.03785
0.0413584
0.0447108
0.047907
0.0509469
0.0538304
0.0565574
0.0591281
0.0615426
0.063801
0.0659037
0.067851
0.0696433
0.0712811
0.0727649
0.0740954
0.0752733
0.0762993
0.0771743
0.0778992
0.0784748
0.0789023
0.0791828
0.0793174
0.0793074
0.079154
0.0788586
0.0784226
0.0778476
0.077135
0.0762864
0.0753036
0.0741883
0.0729421
0.0715671
0.070065
0.0684378
0.0666876
0.0648164
0.0628262
0.0607193
0.058498
0.0561643
0.0537207
0.0511695
0.0485131
0.0457539
0.0428945
0.0399373
0.036885
0.0337401
0.0305054
0.0271833
0.0237768
0.0202885
0.0167212
0.0130778
0.009361
0.00557377
0.00171895
-0.00220051
-0.00618168
-0.0102216
-0.0143173
-0.0184657
-0.0226639
-0.0269087
-0.0311973
-0.0355264
-0.039893
-0.0442941
-0.0487266
-0.0531873
-0.0576732
-0.0621812
-0.0667081
-0.0712509
-0.0758064
-0.0803716
-0.0849434
-0.0895187
-0.0940944
-0.0986675
-0.103235
-0.107793
-0.11234
-0.116872
-0.121387
-0.12588
-0.13035
-0.134793
-0.139207
-0.143588
-0.147934
-0.152242
-0.156509
-0.160732
-0.164909
-0.169037
-0.173113
-0.177135
-0.181099
-0.185004
-0.188847
-0.192626
-0.196337
-0.199979
-0.20355
-0.207046
-0.210467
-0.213809
-0.21707
-0.220248
-0.223342
-0.22635
-0.229268
-0.232096
-0.234832
-0.237473
-0.240019
-0.242467
-0.244816
-0.247064
-0.24921
-0.251253
-0.253191
-0.255022
-0.256746
-0.258362
-0.259867
-0.261262
-0.262546
-0.263716
-0.264773
-0.265716
-0.266544
-0.267256
-0.267852
-0.268332
-0.268694
-0.268938
-0.269065
-0.269074
-0.268964
-0.268736
-0.26839
-0.267925
-0.267342
-0.266641
-0.265822
-0.264885
-0.263832
-0.262661
-0.261374
-0.259971
-0.258453
-0.256821
-0.255075
-0.253216
-0.251245
-0.249164
-0.246972
-0.244671
-0.242262
-0.239747
-0.237126
-0.234401
-0.231574
-0.228645
-0.225616
-0.22249
-0.219266
-0.215947
-0.212535
-0.209032
-0.205438
-0.201757
-0.197989
-0.194137
-0.190203
-0.186189
-0.182097
-0.177929
-0.173688
-0.169374
-0.164992
-0.160542
-0.156027
-0.151451
-0.146814
-0.142119
-0.13737
-0.132568
-0.127715
-0.122815
-0.11787
-0.112883
-0.107855
-0.10279
-0.0976912
-0.09256
-0.0873996
-0.0822125
-0.0770017
-0.0717698
-0.0665194
-0.0612535
-0.0559747
-0.0506858
-0.0453895
-0.0400887
-0.0347861
-0.0294844
-0.0241865
-0.0188952
-0.0136131
-0.0083431
-0.00308791
0.00214973
0.00736707
0.0125614
0.01773
0.0228701
0.0279791
0.0330543
0.0380931
0.0430927
0.0480507
0.0529645
0.0578313
0.0626489
0.0674145
0.0721257
0.0767801
0.0813753
0.0859088
0.0903783
0.0947814
0.099116
0.10338
0.10757
0.111685
0.115723
0.119682
0.123558
0.127351
0.131059
0.134679
0.13821
0.141649
0.144996
0.148248
0.151403
0.15446
0.157418
0.160275
0.163029
0.165679
0.168223
0.170661
0.17299
0.175211
0.177321
0.179319
0.181205
0.182978
0.184636
0.186179
0.187606
0.188916
0.190109
0.191183
0.192139
0.192975
0.193692
0.194289
0.194766
0.195122
0.195358
0.195472
0.195465
0.195338
0.195089
0.19472
0.19423
0.19362
0.192889
0.192039
0.191069
0.18998
0.188773
0.187448
0.186006
0.184448
0.182773
0.180984
0.179081
0.177065
0.174936
0.172697
0.170347
0.167889
0.165323
0.16265
0.159873
0.156992
0.154008
0.150923
0.147739
0.144457
0.141079
0.137606
0.13404
0.130383
0.126637
0.122802
0.118882
0.114878
0.110791
0.106625
0.10238
0.0980595
0.0936647
0.089198
0.0846614
0.0800571
0.0753873
0.0706542
0.06586
0.061007
0.0560975
0.0511338
0.0461181
0.0410529
0.0359405
0.0307833
0.0255837
0.0203441
0.015067
0.00975467
0.00440971
-0.000965474
-0.0063684
-0.0117966
-0.0172476
-0.0227189
-0.028208
-0.0337124
-0.0392296
-0.0447572
-0.0502927
-0.0558335
-0.0613772
-0.0669212
-0.0724633
-0.0780008
-0.0835313
-0.0890524
-0.0945617
-0.100057
-0.105535
-0.110994
-0.116432
-0.121846
-0.127235
-0.132594
-0.137923
-0.143219
-0.14848
-0.153704
-0.158887
-0.16403
-0.169128
-0.17418
-0.179184
-0.184138
-0.18904
-0.193887
-0.198679
-0.203413
-0.208087
-0.212699
-0.217247
-0.22173
-0.226147
-0.230494
-0.234772
-0.238977
-0.243109
-0.247165
-0.251145
-0.255048
-0.258871
-0.262613
-0.266273
-0.26985
-0.273342
-0.276749
-0.280069
-0.283301
-0.286444
-0.289498
-0.29246
-0.295331
-0.298109
-0.300795
-0.303386
-0.305882
-0.308283
-0.310588
-0.312797
-0.314908
-0.316923
-0.318839
-0.320657
-0.322377
-0.323998
-0.325521
-0.326944
-0.328268
-0.329493
-0.330619
-0.331645
-0.332573
-0.333402
-0.334132
-0.334763
-0.335296
-0.335732
-0.33607
-0.336311
-0.336455
-0.336503
-0.336455
-0.336313
-0.336076
-0.335745
-0.335322
-0.334806
-0.334199
-0.333501
-0.332714
-0.331838
-0.330874
-0.329823
-0.328686
-0.327464
-0.326158
-0.32477
-0.323301
-0.321751
-0.320122
-0.318415
-0.316631
-0.314772
-0.31284
-0.310834
-0.308757
-0.306611
-0.304395
-0.302113
-0.299765
-0.297353
-0.294879
-0.292343
-0.289748
-0.287095
-0.284385
-0.28162
-0.278802
-0.275932
-0.273012
-0.270044
-0.267029
-0.263968
-0.260864
-0.257718
-0.254531
-0.251306
-0.248043
-0.244746
-0.241414
-0.238051
-0.234657
-0.231234
-0.227784
-0.224308
-0.220809
-0.217287
-0.213745
-0.210184
-0.206605
-0.20301
-0.199402
-0.19578
-0.192147
-0.188505
-0.184854
-0.181197
-0.177535
-0.17387
-0.170202
-0.166533
-0.162865
-0.159199
-0.155537
-0.151879
-0.148227
-0.144583
-0.140948
-0.137323
-0.133709
-0.130107
-0.126519
-0.122946
-0.119388
-0.115848
-0.112325
-0.108822
-0.105339
-0.101877
-0.0984368
-0.0950198
-0.0916267
-0.0882583
-0.0849155
-0.081599
-0.0783097
-0.0750482
-0.0718153
-0.0686117
-0.0654379
-0.0622946
-0.0591823
-0.0561017
-0.0530531
-0.0500371
-0.0470541
-0.0441045
-0.0411887
-0.038307
-0.0354598
-0.0326472
-0.0298696
-0.0271271
-0.02442
-0.0217483
-0.0191122
-0.0165118
-0.0139471
-0.0114181
-0.00892477
-0.00646713
-0.00404509
-0.00165852
0.000692693
0.00300873
0.00528978
0.00753607
0.00974783
0.0119254
0.014069
0.016179
0.0182557
0.0202996
0.022311
0.0242904
0.0262382
0.0281549
0.0300411
0.0318971
0.0337236
0.0355212
0.0372903
0.0390317
0.0407459
0.0424336
0.0440954
0.045732
0.0473441
0.0489323
0.0504975
0.0520403
0.0535614
0.0550617
0.0565418
0.0580026
0.0594449
0.0608693
0.0622768
0.0636681
0.0650441
0.0664055
0.0677531
0.0690879
0.0704105
0.0717219
0.0730229
0.0743143
0.0755969
0.0768716
0.0781391
0.0794003
0.0806561
0.0819072
0.0831544
0.0843985
0.0856404
0.0868808
0.0881205
0.0893602
0.0906008
0.0918429
0.0930873
0.0943348
0.0955859
0.0968415
0.0981022
0.0993687
0.100642
0.101921
0.103209
0.104505
0.10581
0.107124
0.108448
0.109783
0.111128
0.112485
0.113854
0.115236
0.11663
0.118037
0.119458
0.120893
0.122342
0.123805
0.125283
0.126777
0.128285
0.129809
0.131348
0.132904
0.134475
0.136062
0.137665
0.139284
0.140919
0.14257
0.144238
0.145921
0.14762
0.149334
0.151064
0.152809
0.15457
0.156345
0.158135
0.159939
0.161757
0.163589
0.165434
0.167292
0.169162
0.171044
0.172938
0.174842
0.176757
0.178682
0.180615
0.182558
0.184508
0.186466
0.18843
0.190401
0.192376
0.194356
0.19634
0.198326
0.200314
0.202304
0.204294
0.206283
0.208271
0.210257
0.212239
0.214217
0.21619
0.218157
0.220117
0.222068
0.22401
0.225942
0.227863
0.229772
0.231667
0.233547
0.235413
0.237261
0.239092
0.240904
0.242696
0.244468
0.246217
0.247942
0.249644
0.25132
0.252969
0.254591
0.256184
0.257747
0.259279
0.260779
0.262245
0.263678
0.265074
0.266435
0.267758
0.269042
0.270286
0.27149
0.272652
0.273772
0.274847
0.275878
0.276863
0.277802
0.278693
0.279536
0.280329
0.281072
0.281764
0.282404
0.282991
0.283525
0.284004
0.284429
0.284798
0.28511
0.285366
0.285563
0.285703
0.285783
0.285804
0.285766
0.285666
0.285506
0.285285
0.285002
0.284657
0.28425
0.28378
0.283247
0.282651
0.281992
0.28127
0.280484
0.279634
0.278721
0.277744
0.276704
0.2756
0.274432
0.273202
0.271908
0.270552
0.269133
0.267651
0.266108
0.264504
0.262838
0.261112
0.259325
0.257479
0.255574
0.253611
0.25159
0.249512
0.247378
0.245188
0.242943
0.240645
0.238294
0.235891
0.233437
0.230932
0.228379
0.225778
0.22313
0.220437
0.217698
0.214917
0.212094
0.20923
0.206326
0.203385
0.200407
0.197393
0.194346
0.191266
0.188156
0.185016
0.181848
0.178655
0.175436
0.172195
0.168932
0.16565
0.16235
0.159034
0.155703
0.152359
0.149005
0.145641
0.142271
0.138894
0.135515
0.132133
0.128752
0.125372
0.121997
0.118627
0.115266
0.111913
0.108573
0.105246
0.101935
0.0986405
0.0953659
0.0921125
0.0888825
0.0856777
0.0825
0.0793514
0.0762339
0.0731493
0.0700996
0.0670867
0.0641125
0.0611789
0.0582877
0.0554409
0.0526403
0.0498876
0.0471848
0.0445337
0.0419359
0.0393933
0.0369077
0.0344806
0.0321139
0.0298092
0.0275682
0.0253924
0.0232834
0.0212429
0.0192722
0.017373
0.0155468
0.0137948
0.0121185
0.0105194
0.00899863
0.00755758
0.00619748
0.00491954
0.00372493
0.00261478
0.00159019
0.00065218
-0.000198225
-0.000960085
-0.00163248
-0.00221454
-0.00270545
-0.00310445
-0.00341079
-0.00362382
-0.0037429
-0.00376746
-0.00369697
-0.00353095
-0.003269
-0.00291073
-0.00245583
-0.00190404
-0.00125514
-0.000508967
0.000334563
0.00127551
0.00231387
0.00344957
0.0046825
0.00601248
0.00743929
0.00896264
0.0105822
0.0122975
0.0141082
0.0160138
0.0180136
0.0201071
0.0222935
0.0245722
0.0269423
0.029403
0.0319535
0.0345927
0.0373196
0.0401332
0.0430323
0.0460158
0.0490824
0.0522309
0.05546
0.0587682
0.0621541
0.0656162
0.069153
0.0727629
0.0764442
0.0801954
0.0840145
0.0878999
0.0918498
0.0958622
0.0999352
0.104067
0.108255
0.112498
0.116794
0.12114
0.125534
0.129974
0.134458
0.138984
0.143549
0.148151
0.152787
0.157455
0.162153
0.166878
0.171628
0.1764
0.181192
0.186001
0.190824
0.195659
0.200503
0.205354
0.210209
0.215065
0.219919
0.22477
0.229613
0.234447
0.239269
0.244075
0.248863
0.253631
0.258375
0.263094
0.267783
0.272441
0.277064
0.28165
0.286196
0.2907
0.295158
0.299568
0.303927
0.308233
0.312483
0.316674
0.320803
0.324868
0.328867
0.332797
0.336655
0.340438
0.344145
0.347772
0.351318
0.35478
0.358155
0.361442
0.364637
0.367739
0.370746
0.373655
0.376464
0.379171
0.381774
0.384272
0.386661
0.38894
0.391108
0.393162
0.3951
0.396922
0.398625
0.400208
0.401669
0.403006
0.404219
0.405306
0.406266
0.407096
0.407797
0.408367
0.408805
0.40911
0.409281
0.409317
0.409217
0.408981
0.408608
0.408098
0.407449
0.406661
0.405735
0.404669
0.403464
0.402118
0.400633
0.399008
0.397243
0.395338
0.393293
0.391109
0.388786
0.386324
0.383724
0.380986
0.378111
0.3751
0.371953
0.368671
0.365255
0.361706
0.358025
0.354213
0.350271
0.346201
0.342004
0.337681
0.333233
0.328663
0.323971
0.31916
0.314231
0.309186
0.304027
0.298755
0.293373
0.287882
0.282286
0.276585
0.270782
0.264879
0.258879
0.252784
0.246597
0.240319
0.233954
0.227504
0.220972
0.21436
0.207671
0.200908
0.194074
0.187172
0.180204
0.173173
0.166082
0.158936
0.151735
0.144484
0.137186
0.129844
0.12246
0.115039
0.107584
0.100097
0.0925817
0.0850421
0.0774811
0.0699021
0.0623084
0.0547034
0.0470905
0.0394731
0.0318546
0.0242383
0.0166277
0.00902625
0.00143733
-0.00613565
-0.0136892
-0.0212201
-0.0287247
-0.0361998
-0.0436418
-0.0510476
-0.0584136
-0.0657365
-0.073013
-0.0802398
-0.0874136
-0.094531
-0.101589
-0.108584
-0.115513
-0.122373
-0.129161
-0.135873
-0.142507
-0.14906
-0.155528
-0.161908
-0.168198
-0.174395
-0.180496
-0.186498
-0.192398
-0.198194
-0.203883
-0.209463
-0.21493
-0.220283
-0.225519
-0.230636
-0.235631
-0.240502
-0.245247
-0.249864
-0.25435
-0.258705
-0.262925
-0.267009
-0.270955
-0.274761
-0.278427
-0.281949
-0.285327
-0.28856
-0.291645
-0.294582
-0.297369
-0.300005
-0.30249
-0.304822
-0.307
-0.309024
-0.310892
-0.312604
-0.31416
-0.315559
-0.3168
-0.317884
-0.318809
-0.319577
-0.320186
-0.320637
-0.320929
-0.321064
-0.32104
-0.320859
-0.320522
-0.320027
-0.319376
-0.318571
-0.31761
-0.316496
-0.315228
-0.313809
-0.312239
-0.310519
-0.308651
-0.306635
-0.304474
-0.302168
-0.29972
-0.29713
-0.294401
-0.291534
-0.288531
-0.285394
-0.282125
-0.278726
-0.275199
-0.271547
-0.267771
-0.263874
-0.259858
-0.255727
-0.251481
-0.247124
-0.242659
-0.238088
-0.233415
-0.22864
-0.223769
-0.218803
-0.213746
-0.208601
-0.20337
-0.198057
-0.192664
-0.187197
-0.181656
-0.176046
-0.170371
-0.164633
-0.158835
-0.152982
-0.147077
-0.141123
-0.135124
-0.129083
-0.123005
-0.116891
-0.110747
-0.104576
-0.098381
-0.0921662
-0.0859353
-0.0796918
-0.0734396
-0.0671822
-0.0609235
-0.054667
-0.0484166
-0.042176
-0.0359488
-0.0297388
-0.0235497
-0.017385
-0.0112486
-0.00514407
0.000924985
0.0069549
0.0129421
0.0188829
0.0247739
0.0306115
0.0363922
0.0421125
0.047769
0.0533582
0.0588769
0.0643215
0.069689
0.074976
0.0801792
0.0852956
0.090322
0.0952553
0.100093
0.104831
0.109467
0.113998
0.118422
0.122735
0.126936
0.13102
0.134987
0.138832
0.142554
0.146151
0.14962
0.152959
0.156166
0.159238
0.162174
0.164972
0.167629
0.170145
0.172517
0.174744
0.176824
0.178756
0.180538
0.182169
0.183648
0.184974
0.186146
0.187162
0.188022
0.188726
0.189271
0.189659
0.189888
0.189957
0.189867
0.189617
0.189208
0.188638
0.187908
0.187019
0.185969
0.18476
0.183393
0.181866
0.180182
0.17834
0.176341
0.174187
0.171878
0.169415
0.166799
0.164031
0.161113
0.158046
0.154831
0.15147
0.147965
0.144317
0.140527
0.136599
0.132533
0.128332
0.123998
0.119532
0.114938
0.110218
0.105373
0.100406
0.095321
0.090119
0.0848032
0.0793762
0.073841
0.0682004
0.0624572
0.0566146
0.0506754
0.044643
0.0385204
0.0323108
0.0260176
0.019644
0.0131934
0.00666929
7.51034e-05
-0.00658564
-0.0133094
-0.0200926
-0.0269315
-0.0338225
-0.0407619
-0.047746
-0.054771
-0.061833
-0.0689283
-0.076053
-0.0832033
-0.0903752
-0.0975648
-0.104768
-0.111982
-0.119201
-0.126422
-0.133641
-0.140854
-0.148058
-0.155247
-0.162418
-0.169568
-0.176692
-0.183786
-0.190846
-0.197868
-0.204849
-0.211784
-0.21867
-0.225503
-0.232278
-0.238993
-0.245643
-0.252225
-0.258734
-0.265167
-0.271521
-0.277792
-0.283975
-0.290069
-0.296069
-0.301971
-0.307773
-0.313471
-0.319062
-0.324542
-0.329908
-0.335157
-0.340287
-0.345293
-0.350174
-0.354925
-0.359545
-0.364031
-0.368379
-0.372588
-0.376655
-0.380576
-0.384351
-0.387976
-0.391449
-0.394768
-0.397932
-0.400937
-0.403783
-0.406466
-0.408986
-0.411341
-0.413529
-0.415549
-0.417399
-0.419078
-0.420584
-0.421917
-0.423076
-0.424059
-0.424866
-0.425496
-0.425948
-0.426222
-0.426317
-0.426233
-0.425969
-0.425526
-0.424902
-0.424099
-0.423116
-0.421953
-0.420611
-0.41909
-0.417391
-0.415513
-0.413459
-0.411228
-0.408821
-0.406239
-0.403484
-0.400556
-0.397457
-0.394188
-0.39075
-0.387145
-0.383374
-0.379439
-0.375343
-0.371086
-0.366671
-0.362099
-0.357374
-0.352496
-0.347469
-0.342294
-0.336974
-0.331512
-0.325911
-0.320172
-0.314298
-0.308293
-0.30216
-0.2959
-0.289519
-0.283017
-0.276399
-0.269668
-0.262827
-0.255879
-0.248829
-0.241678
-0.234432
-0.227093
-0.219664
-0.212151
-0.204556
-0.196884
-0.189137
-0.181321
-0.173438
-0.165493
-0.157489
-0.149432
-0.141324
-0.133169
-0.124973
-0.116739
-0.108471
-0.100173
-0.0918492
-0.0835044
-0.0751424
-0.0667674
-0.0583838
-0.0499956
-0.0416071
-0.0332226
-0.0248463
-0.0164824
-0.00813518
0.000191207
0.00849253
0.0167646
0.0250032
0.0332042
0.0413635
0.0494768
0.0575402
0.0655496
0.0735008
0.0813899
0.0892129
0.0969658
0.104645
0.112246
0.119765
0.127199
0.134544
0.141795
0.148951
0.156006
0.162957
0.169801
0.176534
0.183153
0.189655
0.196036
0.202293
0.208424
0.214424
0.220292
0.226023
0.231616
0.237067
0.242374
0.247534
0.252545
0.257403
0.262108
0.266656
0.271045
0.275274
0.279339
0.28324
0.286974
0.290539
0.293934
0.297158
0.300208
0.303083
0.305783
0.308305
0.310649
0.312813
0.314798
0.316601
0.318222
0.319661
0.320916
0.321988
0.322877
0.323581
0.324101
0.324437
0.324589
0.324556
0.32434
0.323941
0.323358
0.322593
0.321647
0.320519
0.319211
0.317725
0.316059
0.314217
0.3122
0.310008
0.307642
0.305106
0.302399
0.299525
0.296484
0.293278
0.28991
0.286382
0.282696
0.278853
0.274857
0.27071
0.266414
0.261971
0.257385
0.252659
0.247794
0.242794
0.237663
0.232402
0.227015
0.221505
0.215875
0.21013
0.204271
0.198303
0.192228
0.186052
0.179776
0.173405
0.166943
0.160393
0.153759
0.147045
0.140254
0.133392
0.126461
0.119466
0.11241
0.105299
0.0981353
0.0909239
0.0836688
0.0763741
0.0690442
0.0616832
0.0542954
0.046885
0.0394564
0.0320138
0.0245616
0.0171039
0.00964527
0.00218983
-0.00525805
-0.0126941
-0.0201139
-0.0275133
-0.034888
-0.0422337
-0.0495461
-0.0568211
-0.0640543
-0.0712417
-0.078379
-0.0854621
-0.0924869
-0.0994494
-0.106345
-0.113171
-0.119922
-0.126595
-0.133185
-0.13969
-0.146105
-0.152426
-0.158649
-0.164772
-0.17079
-0.1767
-0.182498
-0.188181
-0.193746
-0.19919
-0.204508
-0.209698
-0.214757
-0.219682
-0.22447
-0.229118
-0.233623
-0.237983
-0.242194
-0.246255
-0.250162
-0.253914
-0.257508
-0.260942
-0.264213
-0.267321
-0.270261
-0.273034
-0.275637
-0.278068
-0.280325
-0.282408
-0.284315
-0.286044
-0.287595
-0.288966
-0.290155
-0.291163
-0.291989
-0.292631
-0.293088
-0.293362
-0.29345
-0.293353
-0.293071
-0.292602
-0.291948
-0.291109
-0.290083
-0.288873
-0.287477
-0.285898
-0.284134
-0.282187
-0.280058
-0.277747
-0.275255
-0.272584
-0.269735
-0.266708
-0.263506
-0.260129
-0.256579
-0.252858
-0.248967
-0.244909
-0.240685
-0.236297
-0.231747
-0.227037
-0.222171
-0.217149
-0.211974
-0.20665
-0.201177
-0.19556
-0.189801
-0.183903
-0.177868
-0.171699
-0.1654
-0.158973
-0.152423
-0.145751
-0.138961
-0.132058
-0.125043
-0.117921
-0.110694
-0.103368
-0.0959449
-0.0884288
-0.0808235
-0.0731327
-0.0653603
-0.0575102
-0.0495863
-0.0415925
-0.0335329
-0.0254115
-0.0172324
-0.00899957
-0.000717248
0.00761045
0.0159793
0.0243852
0.0328239
0.0412911
0.0497826
0.0582942
0.0668215
0.0753604
0.0839064
0.0924554
0.101003
0.109545
0.118077
0.126595
0.135094
0.143571
0.15202
0.160439
0.168822
0.177165
0.185464
0.193716
0.201915
0.210059
0.218141
0.22616
0.234111
0.241989
0.249791
0.257512
0.26515
0.272701
0.280159
0.287523
0.294788
0.30195
0.309006
0.315953
0.322787
0.329505
0.336103
0.342578
0.348927
0.355147
0.361234
0.367187
0.373001
0.378674
0.384204
0.389587
0.394821
0.399904
0.404832
0.409604
0.414217
0.418669
0.422958
0.427082
0.431038
0.434826
0.438442
0.441886
0.445156
0.44825
0.451167
0.453905
0.456464
0.458841
0.461036
0.463049
0.464877
0.46652
0.467978
0.46925
0.470335
0.471233
0.471944
0.472466
0.472801
0.472948
0.472907
0.472678
0.472262
0.471658
0.470867
0.46989
0.468727
0.467379
0.465846
0.46413
0.46223
0.46015
0.457888
0.455447
0.452828
0.450033
0.447061
0.443916
0.440599
0.437111
0.433454
0.429631
0.425642
0.42149
0.417177
0.412705
0.408076
0.403293
0.398357
0.393272
0.38804
0.382662
0.377143
0.371484
0.365688
0.359758
0.353697
0.347507
0.341192
0.334755
0.328198
0.321524
0.314737
0.30784
0.300836
0.293728
0.28652
0.279214
0.271815
0.264325
0.256748
0.249087
0.241345
0.233527
0.225636
0.217674
0.209647
0.201556
0.193406
0.1852
0.176942
0.168636
0.160284
0.151891
0.143459
0.134994
0.126497
0.117973
0.109426
0.100858
0.0922731
0.0836752
0.0750676
0.0664538
0.0578371
0.049221
0.0406089
0.0320041
0.0234101
0.0148301
0.00626739
-0.00227476
-0.0107931
-0.0192846
-0.0277459
-0.0361741
-0.0445661
-0.0529188
-0.0612293
-0.0694946
-0.077712
-0.0858785
-0.0939914
-0.102048
-0.110046
-0.117982
-0.125854
-0.133659
-0.141395
-0.14906
-0.156651
-0.164167
-0.171604
-0.17896
-0.186235
-0.193425
-0.200528
-0.207544
-0.21447
-0.221304
-0.228045
-0.234692
-0.241242
-0.247694
-0.254047
-0.2603
-0.266451
-0.2725
-0.278445
-0.284285
-0.290019
-0.295647
-0.301168
-0.306581
-0.311886
-0.317081
-0.322167
-0.327144
-0.33201
-0.336766
-0.341411
-0.345945
-0.350369
-0.354683
-0.358886
-0.362979
-0.366962
-0.370835
-0.3746
-0.378255
-0.381803
-0.385243
-0.388577
-0.391805
-0.394927
-0.397945
-0.400861
-0.403673
-0.406385
-0.408997
-0.41151
-0.413926
-0.416245
-0.41847
-0.420601
-0.42264
-0.424589
-0.426449
-0.428222
-0.42991
-0.431514
-0.433036
-0.434478
-0.435842
-0.437129
-0.438342
-0.439482
-0.440552
-0.441554
-0.442489
-0.44336
-0.444169
-0.444918
-0.445609
-0.446244
-0.446826
-0.447357
-0.447839
-0.448274
-0.448665
-0.449014
-0.449323
-0.449595
-0.449831
-0.450035
-0.450208
-0.450352
-0.450471
-0.450566
-0.45064
-0.450694
-0.450732
-0.450756
-0.450767
-0.450768
-0.450761
-0.450748
-0.450732
-0.450715
-0.450699
-0.450685
-0.450677
-0.450675
-0.450683
-0.450701
-0.450732
-0.450779
-0.450841
-0.450923
-0.451024
-0.451148
-0.451295
-0.451468
-0.451667
-0.451895
-0.452153
-0.452442
-0.452764
-0.453119
-0.453511
-0.453938
-0.454404
-0.454908
-0.455451
-0.456036
-0.456662
-0.457331
-0.458043
-0.458799
-0.459599
-0.460445
-0.461336
-0.462273
-0.463256
-0.464287
-0.465364
-0.466488
-0.467659
-0.468878
-0.470143
-0.471455
-0.472814
-0.474219
-0.47567
-0.477167
-0.478709
-0.480294
-0.481924
-0.483597
-0.485311
-0.487067
-0.488863
-0.490698
-0.492571
-0.494481
-0.496427
-0.498406
-0.500419
-0.502463
-0.504536
-0.506638
-0.508766
-0.510919
-0.513094
-0.515291
-0.517506
-0.519738
-0.521985
-0.524245
-0.526515
-0.528793
-0.531077
-0.533364
-0.535652
-0.537939
-0.540221
-0.542497
-0.544763
-0.547017
-0.549255
-0.551477
-0.553677
-0.555854
-0.558005
-0.560126
-0.562214
-0.564267
-0.566281
-0.568254
-0.570181
-0.57206
-0.573888
-0.575662
-0.577377
-0.579032
-0.580621
-0.582144
-0.583595
-0.584971
-0.58627
-0.587488
-0.588621
-0.589666
-0.59062
-0.591479
-0.592241
-0.592901
-0.593456
-0.593903
-0.594239
-0.594459
-0.594562
-0.594544
-0.594401
-0.59413
-0.593728
-0.593192
-0.592518
-0.591704
-0.590747
-0.589642
-0.588388
-0.586982
-0.585419
-0.583699
-0.581817
-0.579771
-0.577558
-0.575175
-0.572621
-0.569892
-0.566985
-0.563899
-0.560631
-0.557179
-0.55354
-0.549712
-0.545694
-0.541483
-0.537077
-0.532474
-0.527673
-0.522672
-0.517469
-0.512062
-0.506451
-0.500634
-0.494609
-0.488375
-0.481932
-0.475278
-0.468413
-0.461334
-0.454043
-0.446538
-0.438819
-0.430885
-0.422736
-0.414371
-0.405791
-0.396996
-0.387986
-0.37876
-0.36932
-0.359665
-0.349797
-0.339715
-0.32942
-0.318915
-0.308198
-0.297272
-0.286137
-0.274796
-0.263248
-0.251497
-0.239542
-0.227387
-0.215033
-0.202482
-0.189736
-0.176796
-0.163667
-0.150349
-0.136845
-0.123159
-0.109292
-0.095247
-0.0810277
-0.0666368
-0.0520775
-0.0373528
-0.0224662
-0.00742115
0.0077789
0.0231303
0.0386292
0.054272
0.0700546
0.085973
0.102023
0.118201
0.134502
0.150922
0.167456
0.1841
0.20085
0.217699
0.234645
0.251682
0.268804
0.286008
0.303287
0.320637
0.338053
0.355529
0.37306
0.39064
0.408264
0.425927
0.443623
0.461346
0.479091
0.496851
0.514622
0.532398
0.550172
0.567938
0.585692
0.603426
0.621136
0.638814
0.656455
0.674053
0.691602
0.709096
0.726529
0.743894
0.761186
0.778398
0.795525
0.81256
0.829497
0.846331
0.863055
0.879663
0.896149
0.912507
0.928732
0.944816
0.960755
0.976542
0.992172
1.00764
1.02294
1.03806
1.053
1.06776
1.08232
1.09669
1.11085
1.12481
1.13855
1.15207
1.16537
1.17844
1.19128
1.20387
1.21622
1.22833
1.24018
1.25177
1.26309
1.27415
1.28494
1.29545
1.30568
1.31563
1.32528
1.33465
1.34371
1.35248
1.36094
1.3691
1.37694
1.38447
1.39168
1.39858
1.40515
1.41139
1.4173
1.42288
1.42813
1.43304
1.43762
1.44185
1.44574
1.44929
1.45249
1.45534
1.45785
1.46
1.46181
1.46326
1.46436
1.4651
1.46549
1.46552
1.4652
1.46453
1.46349
1.46211
1.46036
1.45827
1.45581
1.45301
1.44985
1.44633
1.44247
1.43826
1.4337
1.42879
1.42353
1.41794
1.41199
1.40571
1.39909
1.39214
1.38485
1.37723
1.36928
1.36101
1.35241
1.3435
1.33426
1.32472
1.31486
1.3047
1.29423
1.28346
1.2724
1.26105
1.2494
1.23748
1.22527
1.21279
1.20004
1.18703
1.17375
1.16021
1.14643
1.13239
1.11811
1.1036
1.08885
1.07388
1.05869
1.04328
1.02766
1.01183
0.995804
0.979584
0.963176
0.946585
0.929817
0.912879
0.895775
0.878513
0.861097
0.843534
0.825831
0.807992
0.790025
0.771935
0.753729
0.735413
0.716993
0.698475
0.679866
0.661172
0.642399
0.623554
0.604642
0.585671
0.566646
0.547573
0.52846
0.509311
0.490135
0.470935
0.45172
0.432494
0.413265
0.394038
0.374819
0.355615
0.336432
0.317274
0.298149
0.279062
0.26002
0.241027
0.222089
0.203213
0.184403
0.165666
0.147007
0.12843
0.109943
0.0915488
0.0732539
0.055063
0.0369812
0.0190135
0.00116473
-0.0165604
-0.0341571
-0.0516208
-0.068947
-0.0861313
-0.103169
-0.120057
-0.13679
-0.153364
-0.169776
-0.186022
-0.202097
-0.217999
-0.233724
-0.249268
-0.264628
-0.279802
-0.294785
-0.309575
-0.32417
-0.338566
-0.352761
-0.366752
-0.380538
-0.394115
-0.407482
-0.420636
-0.433577
-0.446301
-0.458808
-0.471096
-0.483163
-0.495009
-0.506631
-0.51803
-0.529203
-0.540151
-0.550873
-0.561368
-0.571635
-0.581675
-0.591487
-0.601071
-0.610428
-0.619556
-0.628457
-0.637131
-0.645579
-0.653801
-0.661797
-0.669569
-0.677118
-0.684444
-0.69155
-0.698435
-0.705102
-0.711552
-0.717786
-0.723807
-0.729616
-0.735214
-0.740605
-0.74579
-0.75077
-0.755549
-0.760129
-0.764512
-0.768701
-0.772698
-0.776506
-0.780127
-0.783565
-0.786823
-0.789903
-0.792808
-0.795542
-0.798107
-0.800508
-0.802746
-0.804826
-0.806752
-0.808525
-0.810151
-0.811632
-0.812972
-0.814174
-0.815243
-0.816182
-0.816995
-0.817686
-0.818258
-0.818715
-0.819061
-0.8193
-0.819436
-0.819472
-0.819413
-0.819263
-0.819025
-0.818704
-0.818302
-0.817826
-0.817277
-0.81666
-0.81598
-0.815239
-0.814442
-0.813593
-0.812695
-0.811753
-0.810769
-0.809749
-0.808695
-0.807612
-0.806502
-0.80537
-0.804219
-0.803053
-0.801875
-0.800689
-0.799498
-0.798306
-0.797115
-0.795929
-0.794751
-0.793585
-0.792433
-0.791298
-0.790183
-0.789092
-0.788026
-0.78699
-0.785984
-0.785012
-0.784076
-0.783179
-0.782323
-0.781511
-0.780744
-0.780024
-0.779353
-0.778734
-0.778169
-0.777658
-0.777204
-0.776807
-0.776471
-0.776195
-0.775981
-0.77583
-0.775744
-0.775723
-0.775768
-0.77588
-0.77606
-0.776308
-0.776624
-0.77701
-0.777465
-0.777989
-0.778583
-0.779246
-0.779978
-0.78078
-0.78165
-0.782589
-0.783596
-0.78467
-0.78581
-0.787016
-0.788287
-0.789621
-0.791018
-0.792477
-0.793995
-0.795572
-0.797207
-0.798897
-0.800641
-0.802438
-0.804284
-0.80618
-0.808121
-0.810107
-0.812136
-0.814204
-0.81631
-0.81845
-0.820624
-0.822828
-0.825059
-0.827315
-0.829593
-0.83189
-0.834204
-0.836531
-0.838868
-0.841212
-0.843561
-0.84591
-0.848257
-0.850599
-0.852931
-0.855251
-0.857555
-0.85984
-0.862103
-0.864339
-0.866545
-0.868717
-0.870853
-0.872948
-0.874999
-0.877001
-0.878952
-0.880847
-0.882684
-0.884457
-0.886163
-0.8878
-0.889362
-0.890846
-0.892248
-0.893565
-0.894793
-0.895929
-0.896967
-0.897906
-0.898741
-0.899468
-0.900085
-0.900587
-0.900971
-0.901233
-0.90137
-0.901379
-0.901256
-0.900998
-0.900601
-0.900063
-0.89938
-0.898549
-0.897567
-0.896431
-0.895138
-0.893685
-0.892069
-0.890289
-0.88834
-0.88622
-0.883928
-0.881459
-0.878813
-0.875987
-0.872979
-0.869786
-0.866407
-0.862839
-0.859081
-0.855131
-0.850988
-0.84665
-0.842115
-0.837383
-0.832452
-0.82732
-0.821988
-0.816453
-0.810715
-0.804774
-0.798629
-0.79228
-0.785725
-0.778965
-0.772
-0.76483
-0.757455
-0.749874
-0.742089
-0.7341
-0.725907
-0.717511
-0.708913
-0.700114
-0.691115
-0.681917
-0.672521
-0.662929
-0.653142
-0.643162
-0.63299
-0.62263
-0.612081
-0.601348
-0.590431
-0.579333
-0.568057
-0.556606
-0.544981
-0.533186
-0.521224
-0.509097
-0.496809
-0.484363
-0.471763
-0.459011
-0.446112
-0.433069
-0.419885
-0.406566
-0.393114
-0.379533
-0.365828
-0.352004
-0.338064
-0.324012
-0.309854
-0.295594
-0.281236
-0.266785
-0.252247
-0.237626
-0.222926
-0.208154
-0.193314
-0.178411
-0.163451
-0.148438
-0.133379
-0.118278
-0.103142
-0.0879747
-0.0727828
-0.0575716
-0.0423468
-0.027114
-0.011879
0.00335249
0.0185747
0.0337819
0.0489682
0.0641277
0.0792547
0.0943432
0.109387
0.124381
0.139319
0.154195
0.169003
0.183738
0.198392
0.212961
0.227439
0.24182
0.256098
0.270267
0.284322
0.298257
0.312065
0.325743
0.339283
0.35268
0.36593
0.379026
0.391963
0.404735
0.417338
0.429766
0.442015
0.454078
0.465951
0.477629
0.489107
0.500381
0.511446
0.522296
0.532928
0.543337
0.55352
0.56347
0.573185
0.582661
0.591893
0.600878
0.609612
0.618091
0.626313
0.634273
0.641968
0.649395
0.656552
0.663435
0.670042
0.676369
0.682416
0.688178
0.693654
0.698842
0.70374
0.708346
0.712659
0.716676
0.720397
0.72382
0.726944
0.729769
0.732293
0.734515
0.736436
0.738054
0.73937
0.740383
0.741094
0.741503
0.74161
0.741415
0.74092
0.740125
0.739032
0.73764
0.735952
0.733969
0.731692
0.729124
0.726266
0.72312
0.719688
0.715972
0.711976
0.707701
0.70315
0.698327
0.693234
0.687874
0.68225
0.676367
0.670227
0.663834
0.657193
0.650306
0.643178
0.635814
0.628217
0.620392
0.612344
0.604077
0.595595
0.586905
0.578011
0.568917
0.55963
0.550154
0.540495
0.530658
0.520649
0.510474
0.500139
0.489648
0.479009
0.468228
0.457309
0.44626
0.435087
0.423796
0.412393
0.400885
0.389278
0.377579
0.365794
0.35393
0.341994
0.329992
0.317931
0.305818
0.293659
0.281462
0.269233
0.256979
0.244707
0.232423
0.220135
0.20785
0.195574
0.183314
0.171077
0.15887
0.146699
0.134572
0.122495
0.110475
0.0985191
0.0866331
0.074824
0.0630984
0.0514629
0.0399239
0.0284878
0.0171611
0.00594995
-0.00513931
-0.0161005
-0.0269276
-0.0376145
-0.0481553
-0.0585441
-0.0687752
-0.0788429
-0.0887415
-0.0984656
-0.10801
-0.117369
-0.126537
-0.13551
-0.144283
-0.15285
-0.161207
-0.169349
-0.177272
-0.184972
-0.192443
-0.199683
-0.206687
-0.21345
-0.219971
-0.226244
-0.232266
-0.238035
-0.243546
-0.248798
-0.253787
-0.25851
-0.262964
-0.267149
-0.27106
-0.274696
-0.278056
-0.281137
-0.283937
-0.286456
-0.288692
-0.290644
-0.29231
-0.293691
-0.294785
-0.295592
-0.296112
-0.296344
-0.296289
-0.295946
-0.295316
-0.294401
-0.293199
-0.291712
-0.289942
-0.287889
-0.285555
-0.282941
-0.280049
-0.27688
-0.273438
-0.269723
-0.265739
-0.261487
-0.25697
-0.252192
-0.247155
-0.241862
-0.236317
-0.230522
-0.224482
-0.2182
-0.211681
-0.204927
-0.197943
-0.190734
-0.183303
-0.175656
-0.167797
-0.15973
-0.151462
-0.142996
-0.134338
-0.125493
-0.116467
-0.107265
-0.097893
-0.0883563
-0.078661
-0.0688129
-0.0588181
-0.0486828
-0.038413
-0.0280152
-0.0174957
-0.00686091
0.00388256
0.0147281
0.0256691
0.0366988
0.0478103
0.0589968
0.0702515
0.0815672
0.0929371
0.104354
0.115811
0.127301
0.138816
0.15035
0.161896
0.173445
0.184991
0.196527
0.208046
0.219539
0.231
0.242422
0.253798
0.265119
0.276379
0.287572
0.298689
0.309723
0.320668
0.331516
0.342261
0.352895
0.363411
0.373804
0.384065
0.394188
0.404167
0.413995
0.423666
0.433172
0.442508
0.451667
0.460643
0.469431
0.478024
0.486416
0.494601
0.502574
0.510329
0.517861
0.525164
0.532234
0.539065
0.545651
0.551989
0.558074
0.5639
0.569464
0.574761
0.579788
0.584539
0.589012
0.593202
0.597106
0.60072
0.604042
0.607068
0.609795
0.612221
0.614342
0.616157
0.617664
0.618859
0.619741
0.620309
0.62056
0.620494
0.620108
0.619403
0.618377
0.61703
0.61536
0.613368
0.611053
0.608416
0.605456
0.602173
0.59857
0.594645
0.590401
0.585838
0.580957
0.575759
0.570248
0.564423
0.558287
0.551843
0.545093
0.538038
0.530682
0.523028
0.515078
0.506836
0.498305
0.489489
0.48039
0.471014
0.461363
0.451443
0.441257
0.43081
0.420106
0.40915
0.397947
0.386502
0.37482
0.362907
0.350767
0.338407
0.325832
0.313048
0.30006
0.286876
0.2735
0.25994
0.246202
0.232292
0.218216
0.203983
0.189597
0.175067
0.160398
0.145599
0.130677
0.115637
0.100489
0.0852385
0.0698937
0.054462
0.0389507
0.0233675
0.00772007
-0.00798402
-0.023737
-0.0395312
-0.0553589
-0.0712121
-0.0870832
-0.102964
-0.118848
-0.134725
-0.150589
-0.166432
-0.182245
-0.198022
-0.213753
-0.229432
-0.24505
-0.2606
-0.276074
-0.291465
-0.306764
-0.321964
-0.337058
-0.352038
-0.366897
-0.381627
-0.39622
-0.410671
-0.42497
-0.439113
-0.45309
-0.466897
-0.480524
-0.493967
-0.507218
-0.52027
-0.533118
-0.545755
-0.558175
-0.570371
-0.582337
-0.594069
-0.605559
-0.616803
-0.627795
-0.63853
-0.649002
-0.659206
-0.669138
-0.678793
-0.688166
-0.697252
-0.706048
-0.714549
-0.722751
-0.730651
-0.738245
-0.745528
-0.752499
-0.759154
-0.765489
-0.771503
-0.777192
-0.782554
-0.787587
-0.792288
-0.796656
-0.80069
-0.804387
-0.807746
-0.810766
-0.813446
-0.815786
-0.817784
-0.819441
-0.820756
-0.821729
-0.82236
-0.82265
-0.822599
-0.822207
-0.821477
-0.820408
-0.819003
-0.817262
-0.815188
-0.812782
-0.810046
-0.806983
-0.803594
-0.799883
-0.795852
-0.791504
-0.786843
-0.781871
-0.776592
-0.77101
-0.765128
-0.75895
-0.752482
-0.745725
-0.738687
-0.73137
-0.723779
-0.71592
-0.707798
-0.699418
-0.690784
-0.681903
-0.672781
-0.663422
-0.653834
-0.644021
-0.63399
-0.623748
-0.6133
-0.602653
-0.591814
-0.58079
-0.569586
-0.558211
-0.546671
-0.534972
-0.523123
-0.511131
-0.499002
-0.486745
-0.474366
-0.461873
-0.449274
-0.436576
-0.423788
-0.410916
-0.397968
-0.384953
-0.371878
-0.35875
-0.345579
-0.332371
-0.319135
-0.305878
-0.292609
-0.279335
-0.266065
-0.252805
-0.239565
-0.226351
-0.213172
-0.200036
-0.18695
-0.173922
-0.160959
-0.14807
-0.135262
-0.122542
-0.109918
-0.0973978
-0.084988
-0.072696
-0.0605291
-0.0484944
-0.0365989
-0.0248494
-0.0132528
-0.00181574
0.00945509
0.0205532
0.0314723
0.0422061
0.0527484
0.0630932
0.0732346
0.0831668
0.0928844
0.102382
0.111653
0.120694
0.1295
0.138064
0.146383
0.154452
0.162267
0.169823
0.177116
0.184143
0.190899
0.197381
0.203586
0.209511
0.215152
0.220506
0.225572
0.230346
0.234826
0.239011
0.242897
0.246485
0.249771
0.252755
0.255436
0.257812
0.259884
0.26165
0.26311
0.264265
0.265114
0.265657
0.265895
0.265829
0.26546
0.264788
0.263816
0.262544
0.260974
0.259108
0.256949
0.254498
0.251759
0.248733
0.245423
0.241834
0.237967
0.233827
0.229417
0.224742
0.219804
0.214608
0.209159
0.20346
0.197518
0.191337
0.184921
0.178276
0.171408
0.164322
0.157024
0.149519
0.141814
0.133914
0.125827
0.117559
0.109115
0.100504
0.0917316
0.0828048
0.0737309
0.0645172
0.0551709
0.0456995
0.0361106
0.0264118
0.0166109
0.0067157
-0.00326586
-0.0133258
-0.0234559
-0.0336481
-0.0438942
-0.0541859
-0.0645148
-0.0748724
-0.0852504
-0.0956403
-0.106033
-0.116421
-0.126795
-0.137147
-0.147467
-0.157748
-0.16798
-0.178155
-0.188264
-0.198299
-0.208251
-0.218111
-0.227871
-0.237522
-0.247056
-0.256463
-0.265737
-0.274867
-0.283847
-0.292667
-0.30132
-0.309797
-0.31809
-0.326191
-0.334093
-0.341787
-0.349266
-0.356523
-0.363549
-0.370337
-0.37688
-0.383171
-0.389203
-0.394969
-0.400462
-0.405675
-0.410602
-0.415238
-0.419574
-0.423606
-0.427328
-0.430733
-0.433817
-0.436574
-0.438999
-0.441086
-0.442831
-0.44423
-0.445277
-0.445969
-0.446302
-0.446271
-0.445873
-0.445105
-0.443963
-0.442444
-0.440546
-0.438265
-0.4356
-0.432548
-0.429107
-0.425276
-0.421053
-0.416437
-0.411427
-0.406021
-0.40022
-0.394023
-0.38743
-0.38044
-0.373055
-0.365276
-0.357102
-0.348534
-0.339576
-0.330226
-0.320489
-0.310364
-0.299856
-0.288966
-0.277697
-0.266052
-0.254034
-0.241646
-0.228893
-0.215778
-0.202306
-0.18848
-0.174305
-0.159787
-0.144929
-0.129738
-0.114218
-0.0983764
-0.0822179
-0.0657489
-0.0489756
-0.0319048
-0.014543
0.00310272
0.0210253
0.0392174
0.0576716
0.07638
0.0953349
0.114528
0.133952
0.153597
0.173455
0.193518
0.213776
0.23422
0.254842
0.275632
0.29658
0.317677
0.338913
0.360279
0.381763
0.403356
0.425049
0.446829
0.468688
0.490614
0.512597
0.534626
0.556691
0.57878
0.600883
0.622989
0.645086
0.667163
0.689211
0.711216
0.733168
0.755056
0.776869
0.798595
0.820223
0.841742
0.86314
0.884407
0.90553
0.9265
0.947304
0.967932
0.988372
1.00861
1.02865
1.04846
1.06804
1.08737
1.10646
1.12528
1.14383
1.16209
1.18006
1.19772
1.21507
1.23209
1.24878
1.26512
1.28111
1.29673
1.31198
1.32685
1.34133
1.35541
1.36907
1.38232
1.39515
1.40754
1.41949
1.43099
1.44203
1.45261
1.46272
1.47235
1.48149
1.49015
1.4983
1.50595
1.51309
1.51972
1.52583
1.53141
1.53646
1.54097
1.54495
1.54838
1.55127
1.55361
1.55539
1.55661
1.55728
1.55738
1.55692
1.5559
1.5543
1.55214
1.54941
1.5461
1.54223
1.53778
1.53276
1.52717
1.52101
1.51428
1.50698
1.49912
1.49069
1.48169
1.47214
1.46203
1.45136
1.44014
1.42837
1.41606
1.40321
1.38982
1.3759
1.36145
1.34648
1.331
1.315
1.2985
1.2815
1.26401
1.24603
1.22758
1.20865
1.18927
1.16942
1.14913
1.1284
1.10724
1.08565
1.06366
1.04126
1.01846
0.995279
0.971722
0.9478
0.923523
0.8989
0.873944
0.848664
0.823071
0.797177
0.770992
0.744529
0.717799
0.690813
0.663583
0.636122
0.608442
0.580555
0.552473
0.524209
0.495775
0.467185
0.438451
0.409585
0.380602
0.351514
0.322334
0.293076
0.263752
0.234376
0.204962
0.175522
0.146071
0.116621
0.0871865
0.0577803
0.0284161
-0.00089266
-0.0301325
-0.0592902
-0.0883521
-0.117305
-0.146136
-0.174831
-0.203377
-0.231761
-0.259971
-0.287992
-0.315812
-0.343419
-0.3708
-0.397941
-0.424831
-0.451457
-0.477806
-0.503868
-0.529629
-0.555078
-0.580204
-0.604994
-0.629437
-0.653523
-0.677239
-0.700576
-0.723522
-0.746068
-0.768202
-0.789915
-0.811197
-0.832038
-0.85243
-0.872361
-0.891825
-0.910812
-0.929313
-0.947321
-0.964827
-0.981823
-0.998303
-1.01426
-1.02968
-1.04457
-1.05891
-1.07271
-1.08594
-1.09862
-1.11073
-1.12226
-1.13322
-1.1436
-1.15339
-1.1626
-1.17121
-1.17923
-1.18665
-1.19347
-1.19968
-1.2053
-1.2103
-1.2147
-1.21848
-1.22166
-1.22423
-1.22619
-1.22754
-1.22828
-1.22841
-1.22793
-1.22685
-1.22517
-1.22288
-1.22
-1.21652
-1.21244
-1.20778
-1.20253
-1.1967
-1.1903
-1.18332
-1.17577
-1.16766
-1.15899
-1.14978
-1.14001
-1.12971
-1.11888
-1.10753
-1.09565
-1.08327
-1.07038
-1.057
-1.04314
-1.02879
-1.01398
-0.998711
-0.982991
-0.96683
-0.950239
-0.933227
-0.915806
-0.897984
-0.879773
-0.861184
-0.842227
-0.822915
-0.803258
-0.783268
-0.762957
-0.742337
-0.72142
-0.700218
-0.678744
-0.65701
-0.635029
-0.612814
-0.590378
-0.567734
-0.544894
-0.521873
-0.498684
-0.47534
-0.451854
-0.428241
-0.404514
-0.380686
-0.356772
-0.332785
-0.30874
-0.284649
-0.260527
-0.236388
-0.212245
-0.188114
-0.164006
-0.139937
-0.11592
-0.0919692
-0.068098
-0.0443202
-0.0206495
0.00290049
0.0263163
0.0495846
0.0726918
0.0956249
0.118371
0.140916
0.163248
0.185354
0.207221
0.228837
0.250189
0.271266
0.292054
0.312543
0.33272
0.352574
0.372094
0.391268
0.410085
0.428535
0.446607
0.464291
0.481577
0.498454
0.514913
0.530946
0.546541
0.561691
0.576388
0.590621
0.604385
0.617669
0.630468
0.642773
0.654578
0.665876
0.67666
0.686925
0.696664
0.705871
0.714542
0.722672
0.730256
0.737289
0.743768
0.749689
0.755049
0.759843
0.764071
0.767729
0.770815
0.773328
0.775266
0.776628
0.777413
0.777621
0.777252
0.776306
0.774783
0.772685
0.770012
0.766767
0.762951
0.758566
0.753615
0.748101
0.742027
0.735396
0.728213
0.720481
0.712206
0.703391
0.694043
0.684166
0.673766
0.662849
0.651422
0.639491
0.627063
0.614145
0.600746
0.586872
0.572532
0.557734
0.542486
0.526799
0.51068
0.494139
0.477186
0.45983
0.442083
0.423953
0.405453
0.386591
0.367381
0.347832
0.327956
0.307765
0.287271
0.266485
0.24542
0.224089
0.202503
0.180675
0.158619
0.136346
0.113871
0.0912059
0.0683647
0.0453606
0.0222072
-0.00108185
-0.0244929
-0.0480121
-0.0716256
-0.0953194
-0.11908
-0.142892
-0.166743
-0.190618
-0.214502
-0.238383
-0.262245
-0.286074
-0.309857
-0.333579
-0.357226
-0.380784
-0.404239
-0.427577
-0.450784
-0.473846
-0.496749
-0.51948
-0.542025
-0.564371
-0.586503
-0.608409
-0.630076
-0.65149
-0.672638
-0.693509
-0.714088
-0.734365
-0.754325
-0.773958
-0.793251
-0.812193
-0.830771
-0.848976
-0.866794
-0.884217
-0.901232
-0.917829
-0.933998
-0.94973
-0.965013
-0.97984
-0.9942
-1.00808
-1.02148
-1.03439
-1.0468
-1.0587
-1.07008
-1.08094
-1.09126
-1.10106
-1.1103
-1.119
-1.12714
-1.13472
-1.14174
-1.14818
-1.15405
-1.15934
-1.16404
-1.16816
-1.17169
-1.17463
-1.17697
-1.17872
-1.17987
-1.18041
-1.18036
-1.1797
-1.17845
-1.17659
-1.17413
-1.17106
-1.1674
-1.16314
-1.15829
-1.15284
-1.1468
-1.14016
-1.13295
-1.12515
-1.11677
-1.10782
-1.0983
-1.08822
-1.07758
-1.06638
-1.05464
-1.04235
-1.02954
-1.01619
-1.00232
-0.987946
-0.973064
-0.957685
-0.941818
-0.925472
-0.908656
-0.89138
-0.873653
-0.855485
-0.836887
-0.817869
-0.798442
-0.778617
-0.758405
-0.737819
-0.716868
-0.695567
-0.673926
-0.651959
-0.629678
-0.607096
-0.584226
-0.561082
-0.537677
-0.514025
-0.490139
-0.466033
-0.441723
-0.417221
-0.392543
-0.367702
-0.342715
-0.317595
-0.292357
-0.267017
-0.24159
-0.21609
-0.190534
-0.164936
-0.139312
-0.113677
-0.0880462
-0.062436
-0.0368616
-0.0113384
0.014118
0.0394921
0.0647684
0.0899314
0.114966
0.139856
0.164586
0.189142
0.213508
0.237669
0.261609
0.285314
0.308769
0.331959
0.35487
0.377487
0.399796
0.421782
0.443432
0.464732
0.485667
0.506225
0.526391
0.546154
0.565499
0.584415
0.602889
0.620908
0.638461
0.655535
0.672119
0.688202
0.703773
0.718821
0.733336
0.747307
0.760725
0.77358
0.785862
0.797563
0.808674
0.819187
0.829094
0.838386
0.847058
0.855101
0.862508
0.869275
0.875394
0.880861
0.885669
0.889815
0.893293
0.8961
0.898231
0.899684
0.900455
0.900542
0.899943
0.898656
0.896678
0.894011
0.890652
0.886601
0.881859
0.876427
0.870305
0.863494
0.855996
0.847814
0.83895
0.829407
0.819188
0.808297
0.796738
0.784516
0.771636
0.758103
0.743922
0.7291
0.713642
0.697557
0.680851
0.663532
0.645608
0.627086
0.607977
0.588288
0.568029
0.54721
0.525841
0.503933
0.481495
0.45854
0.435078
0.411122
0.386683
0.361774
0.336407
0.310595
0.284352
0.257691
0.230626
0.20317
0.175338
0.147145
0.118605
0.0897332
0.0605451
0.0310559
0.00128137
-0.0287627
-0.0590602
-0.089595
-0.120351
-0.151311
-0.182458
-0.213776
-0.245248
-0.276857
-0.308584
-0.340414
-0.372328
-0.404309
-0.436339
-0.468401
-0.500476
-0.532548
-0.564597
-0.596607
-0.628558
-0.660434
-0.692217
-0.723888
-0.755429
-0.786823
-0.818052
-0.849098
-0.879943
-0.91057
-0.94096
-0.971098
-1.00096
-1.03054
-1.05982
-1.08877
-1.11738
-1.14563
-1.17352
-1.20101
-1.2281
-1.25476
-1.28099
-1.30677
-1.33208
-1.35691
-1.38123
-1.40505
-1.42833
-1.45108
-1.47327
-1.49488
-1.51592
-1.53636
-1.55619
-1.5754
-1.59398
-1.61191
-1.62918
-1.64579
-1.66172
-1.67695
-1.69149
-1.70532
-1.71843
-1.73082
-1.74246
-1.75336
-1.76351
-1.77291
-1.78153
-1.78938
-1.79645
-1.80274
-1.80823
-1.81293
-1.81683
-1.81993
-1.82221
-1.82369
-1.82435
-1.8242
-1.82323
-1.82144
-1.81883
-1.8154
-1.81114
-1.80607
-1.80018
-1.79347
-1.78594
-1.7776
-1.76845
-1.75849
-1.74773
-1.73616
-1.7238
-1.71065
-1.69671
-1.682
-1.6665
-1.65025
-1.63323
-1.61546
-1.59695
-1.5777
-1.55773
-1.53703
-1.51564
-1.49354
-1.47076
-1.4473
-1.42318
-1.3984
-1.37299
-1.34694
-1.32029
-1.29303
-1.26518
-1.23676
-1.20778
-1.17825
-1.1482
-1.11763
-1.08656
-1.05501
-1.02299
-0.990518
-0.957615
-0.924297
-0.890579
-0.856481
-0.822018
-0.787211
-0.752077
-0.716634
-0.680902
-0.644899
-0.608645
-0.572158
-0.535458
-0.498566
-0.4615
-0.424281
-0.386929
-0.349463
-0.311904
-0.274273
-0.23659
-0.198875
-0.161149
-0.123433
-0.0857462
-0.0481106
-0.0105464
0.0269257
0.064285
0.101511
0.138583
0.175481
0.212183
0.24867
0.284922
0.320918
0.356637
0.392061
0.427169
0.461941
0.496357
0.5304
0.564048
0.597283
0.630086
0.662439
0.694323
0.72572
0.756612
0.786981
0.816809
0.846081
0.874777
0.902883
0.930382
0.957257
0.983493
1.00908
1.03399
1.05822
1.08175
1.10456
1.12666
1.14801
1.16861
1.18845
1.20751
1.22578
1.24326
1.25993
1.27577
1.29079
1.30496
1.31829
1.33077
1.34238
1.35311
1.36297
1.37195
1.38003
1.38721
1.39349
1.39887
1.40334
1.40689
1.40952
1.41124
1.41203
1.4119
1.41084
1.40886
1.40596
1.40213
1.39738
1.39171
1.38512
1.37761
1.36919
1.35986
1.34963
1.33849
1.32646
1.31354
1.29974
1.28507
1.26952
1.25312
1.23586
1.21776
1.19883
1.17907
1.1585
1.13713
1.11497
1.09202
1.06831
1.04385
1.01865
0.992718
0.966075
0.938733
0.910709
0.882016
0.852672
0.822691
0.792092
0.760891
0.729105
0.696752
0.663851
0.630419
0.596477
0.562042
0.527134
0.491774
0.455982
0.419777
0.383181
0.346214
0.308898
0.271255
0.233305
0.195071
0.156576
0.117841
0.0788887
0.0397423
0.000424661
-0.0390413
-0.0786324
-0.118325
-0.158097
-0.197923
-0.23778
-0.277645
-0.317494
-0.357303
-0.397048
-0.436706
-0.476252
-0.515663
-0.554914
-0.593983
-0.632845
-0.671477
-0.709855
-0.747955
-0.785754
-0.823229
-0.860357
-0.897114
-0.933478
-0.969426
-1.00494
-1.03998
-1.07455
-1.10861
-1.14215
-1.17513
-1.20755
-1.23938
-1.27059
-1.30118
