0
-46.7058
-0.205579
-0.202498
-0.199384
-0.196239
-0.193063
-0.189855
-0.186616
-0.183345
-0.180043
-0.176711
-0.173347
-0.169952
-0.166526
-0.16307
-0.159583
-0.156065
-0.152516
-0.148938
-0.145329
-0.141689
-0.13802
-0.13432
-0.130591
-0.126832
-0.123043
-0.119224
-0.115376
-0.111498
-0.107592
-0.103656
-0.0996909
-0.095697
-0.0916743
-0.087623
-0.0835431
-0.0794348
-0.0752982
-0.0711335
-0.0669408
-0.0627201
-0.0584718
-0.0541958
-0.0498923
-0.0455616
-0.0412037
-0.0368187
-0.0324069
-0.0279683
-0.0235032
-0.0190116
-0.0144938
-0.00994993
-0.00538007
-0.00078444
0.00383681
0.00848351
0.0131555
0.0178526
0.0225746
0.0273215
0.0320929
0.0368887
0.0417088
0.0465529
0.0514209
0.0563127
0.0612279
0.0661665
0.0711282
0.0761128
0.0811202
0.0861502
0.0912025
0.096277
0.101374
0.106492
0.111632
0.116793
0.121975
0.127179
0.132403
0.137647
0.142912
0.148197
0.153502
0.158827
0.164171
0.169534
0.174917
0.180318
0.185738
0.191176
0.196633
0.202107
0.207599
0.213108
0.218635
0.224178
0.229739
0.235316
0.240909
0.246518
0.252143
0.257784
0.26344
0.269111
0.274796
0.280497
0.286212
0.29194
0.297683
0.303439
0.309209
0.314992
0.320787
0.326595
0.332416
0.338248
0.344093
0.349948
0.355815
0.361694
0.367583
0.373482
0.379392
0.385311
0.39124
0.397179
0.403127
0.409084
0.415049
0.421023
0.427004
0.432994
0.438991
0.444995
0.451007
0.457025
0.463049
0.46908
0.475116
0.481158
0.487205
0.493258
0.499315
0.505376
0.511442
0.517511
0.523584
0.529661
0.53574
0.541822
0.547907
0.553993
0.560082
0.566172
0.572264
0.578356
0.584449
0.590543
0.596637
0.60273
0.608823
0.614915
0.621007
0.627097
0.633185
0.639271
0.645355
0.651437
0.657516
0.663591
0.669664
0.675732
0.681797
0.687857
0.693913
0.699963
0.706009
0.712049
0.718083
0.724112
0.730133
0.736149
0.742157
0.748158
0.754151
0.760137
0.766114
0.772083
0.778043
0.783994
0.789935
0.795867
0.80179
0.807701
0.813603
0.819493
0.825372
0.83124
0.837096
0.84294
0.848772
0.854591
0.860398
0.866191
0.87197
0.877736
0.883487
0.889225
0.894947
0.900655
0.906347
0.912024
0.917685
0.92333
0.928958
0.93457
0.940165
0.945742
0.951302
0.956844
0.962368
0.967874
0.97336
0.978828
0.984276
0.989705
0.995114
1.0005
1.00587
1.01122
1.01655
1.02185
1.02714
1.0324
1.03764
1.04286
1.04805
1.05322
1.05837
1.0635
1.0686
1.07368
1.07873
1.08376
1.08877
1.09374
1.0987
1.10363
1.10853
1.11341
1.11826
1.12308
1.12788
1.13265
1.13739
1.1421
1.14679
1.15145
1.15608
1.16068
1.16525
1.1698
1.17431
1.17879
1.18325
1.18767
1.19207
1.19643
1.20076
1.20506
1.20933
1.21357
1.21778
1.22196
1.2261
1.23021
1.23429
1.23833
1.24234
1.24632
1.25027
1.25418
1.25806
1.2619
1.26571
1.26948
1.27322
1.27692
1.28059
1.28423
1.28782
1.29139
1.29491
1.2984
1.30185
1.30527
1.30865
1.31199
1.3153
1.31857
1.3218
1.32499
1.32815
1.33126
1.33434
1.33738
1.34038
1.34335
1.34627
1.34915
1.352
1.35481
1.35757
1.3603
1.36299
1.36563
1.36824
1.3708
1.37333
1.37581
1.37826
1.38066
1.38302
1.38534
1.38762
1.38986
1.39205
1.39421
1.39632
1.39839
1.40042
1.4024
1.40435
1.40625
1.4081
1.40992
1.41169
1.41342
1.41511
1.41675
1.41835
1.41991
1.42142
1.42289
1.42431
1.4257
1.42703
1.42833
1.42958
1.43078
1.43194
1.43306
1.43413
1.43516
1.43615
1.43709
1.43798
1.43883
1.43964
1.4404
1.44111
1.44178
1.44241
1.44299
1.44353
1.44402
1.44446
1.44486
1.44522
1.44553
1.44579
1.44601
1.44619
1.44632
1.4464
1.44644
1.44643
1.44638
1.44628
1.44613
1.44594
1.44571
1.44543
1.4451
1.44473
1.44431
1.44385
1.44334
1.44279
1.44219
1.44154
1.44085
1.44012
1.43934
1.43851
1.43764
1.43672
1.43576
1.43475
1.4337
1.4326
1.43146
1.43027
1.42904
1.42776
1.42644
1.42507
1.42366
1.4222
1.4207
1.41915
1.41756
1.41593
1.41425
1.41252
1.41075
1.40894
1.40708
1.40518
1.40323
1.40124
1.39921
1.39713
1.39501
1.39285
1.39064
1.38839
1.3861
1.38376
1.38138
1.37896
1.37649
1.37398
1.37143
1.36884
1.3662
1.36352
1.3608
1.35804
1.35524
1.35239
1.3495
1.34658
1.34361
1.34059
1.33754
1.33445
1.33132
1.32814
1.32493
1.32167
1.31838
1.31504
1.31167
1.30825
1.3048
1.3013
1.29777
1.2942
1.29059
1.28694
1.28325
1.27953
1.27577
1.27196
1.26812
1.26425
1.26033
1.25638
1.25239
1.24837
1.24431
1.24021
1.23608
1.23191
1.2277
1.22346
1.21918
1.21487
1.21052
1.20614
1.20172
1.19727
1.19279
1.18827
1.18372
1.17913
1.17451
1.16986
1.16518
1.16046
1.15571
1.15093
1.14611
1.14127
1.13639
1.13149
1.12655
1.12158
1.11658
1.11155
1.10649
1.1014
1.09628
1.09114
1.08596
1.08075
1.07552
1.07026
1.06497
1.05965
1.05431
1.04894
1.04354
1.03811
1.03266
1.02718
1.02168
1.01615
1.0106
1.00502
0.999418
0.99379
0.988138
0.982463
0.976764
0.971041
0.965296
0.959528
0.953737
0.947924
0.94209
0.936234
0.930356
0.924458
0.918539
0.912599
0.906639
0.90066
0.894661
0.888642
0.882605
0.876549
0.870475
0.864382
0.858272
0.852145
0.846
0.839838
0.83366
0.827466
0.821255
0.815029
0.808788
0.802531
0.79626
0.789974
0.783674
0.777361
0.771033
0.764693
0.75834
0.751974
0.745596
0.739206
0.732804
0.726391
0.719966
0.713531
0.707086
0.700631
0.694165
0.687691
0.681207
0.674714
0.668213
0.661703
0.655186
0.648661
0.642128
0.635589
0.629043
0.622491
0.615933
0.609369
0.602799
0.596225
0.589646
0.583062
0.576474
0.569883
0.563288
0.556689
0.550088
0.543484
0.536878
0.530271
0.523661
0.51705
0.510439
0.503826
0.497213
0.490601
0.483988
0.477376
0.470765
0.464155
0.457547
0.450941
0.444336
0.437735
0.431136
0.42454
0.417947
0.411358
0.404773
0.398193
0.391617
0.385046
0.37848
0.37192
0.365366
0.358818
0.352276
0.345741
0.339213
0.332693
0.32618
0.319675
0.313178
0.30669
0.300211
0.293741
0.287281
0.28083
0.27439
0.267959
0.26154
0.255131
0.248734
0.242348
0.235974
0.229612
0.223262
0.216925
0.210601
0.20429
0.197993
0.19171
0.185441
0.179186
0.172946
0.166721
0.160511
0.154316
0.148137
0.141975
0.135828
0.129698
0.123586
0.11749
0.111411
0.105351
0.0993078
0.0932832
0.0872771
0.0812897
0.0753213
0.0693721
0.0634424
0.0575325
0.0516426
0.0457729
0.0399237
0.0340954
0.028288
0.0225019
0.0167373
0.0109944
0.00527357
-0.000425047
-0.00610119
-0.0117546
-0.0173851
-0.0229924
-0.0285763
-0.0341365
-0.0396728
-0.045185
-0.0506729
-0.0561363
-0.0615748
-0.0669883
-0.0723766
-0.0777395
-0.0830766
-0.0883879
-0.0936731
-0.098932
-0.104164
-0.10937
-0.114549
-0.1197
-0.124825
-0.129921
-0.13499
-0.140031
-0.145044
-0.150029
-0.154985
-0.159912
-0.164811
-0.16968
-0.17452
-0.179331
-0.184112
-0.188863
-0.193584
-0.198275
-0.202936
-0.207566
-0.212166
-0.216735
-0.221272
-0.225779
-0.230254
-0.234698
-0.23911
-0.24349
-0.247839
-0.252155
-0.256439
-0.260691
-0.26491
-0.269096
-0.27325
-0.277371
-0.281458
-0.285512
-0.289533
-0.293521
-0.297475
-0.301395
-0.305281
-0.309134
-0.312952
-0.316736
-0.320485
-0.3242
-0.327881
-0.331527
-0.335138
-0.338715
-0.342256
-0.345762
-0.349233
-0.352669
-0.35607
-0.359435
-0.362764
-0.366058
-0.369316
-0.372538
-0.375725
-0.378875
-0.38199
-0.385068
-0.38811
-0.391116
-0.394086
-0.39702
-0.399916
-0.402777
-0.405601
-0.408388
-0.411139
-0.413853
-0.41653
-0.41917
-0.421774
-0.42434
-0.42687
-0.429363
-0.431819
-0.434238
-0.436619
-0.438964
-0.441272
-0.443542
-0.445775
-0.447971
-0.45013
-0.452252
-0.454336
-0.456384
-0.458394
-0.460367
-0.462302
-0.4642
-0.466061
-0.467885
-0.469672
-0.471421
-0.473133
-0.474808
-0.476446
-0.478047
-0.47961
-0.481136
-0.482626
-0.484078
-0.485493
-0.486871
-0.488212
-0.489516
-0.490783
-0.492013
-0.493207
-0.494363
-0.495483
-0.496566
-0.497613
-0.498622
-0.499596
-0.500532
-0.501433
-0.502297
-0.503124
-0.503916
-0.504671
-0.50539
-0.506073
-0.50672
-0.507331
-0.507906
-0.508446
-0.508949
-0.509418
-0.50985
-0.510248
-0.51061
-0.510936
-0.511228
-0.511484
-0.511706
-0.511892
-0.512044
-0.512162
-0.512244
-0.512292
-0.512306
-0.512286
-0.512231
-0.512143
-0.512021
-0.511864
-0.511675
-0.511451
-0.511194
-0.510904
-0.510581
-0.510225
-0.509836
-0.509414
-0.508959
-0.508472
-0.507953
-0.507401
-0.506817
-0.506202
-0.505554
-0.504875
-0.504164
-0.503422
-0.502649
-0.501845
-0.50101
-0.500144
-0.499247
-0.498321
-0.497363
-0.496376
-0.495359
-0.494312
-0.493235
-0.492129
-0.490994
-0.48983
-0.488636
-0.487414
-0.486164
-0.484884
-0.483577
-0.482242
-0.480879
-0.479488
-0.47807
-0.476624
-0.475151
-0.473652
-0.472125
-0.470572
-0.468993
-0.467388
-0.465756
-0.464099
-0.462416
-0.460708
-0.458975
-0.457216
-0.455433
-0.453626
-0.451794
-0.449938
-0.448058
-0.446154
-0.444226
-0.442276
-0.440302
-0.438305
-0.436286
-0.434244
-0.43218
-0.430094
-0.427986
-0.425856
-0.423705
-0.421533
-0.41934
-0.417127
-0.414892
-0.412638
-0.410363
-0.408069
-0.405755
-0.403421
-0.401069
-0.398697
-0.396307
-0.393899
-0.391472
-0.389027
-0.386564
-0.384084
-0.381587
-0.379073
-0.376541
-0.373993
-0.371429
-0.368849
-0.366253
-0.363641
-0.361013
-0.358371
-0.355714
-0.353042
-0.350355
-0.347654
-0.34494
-0.342211
-0.339469
-0.336714
-0.333946
-0.331165
-0.328372
-0.325566
-0.322748
-0.319919
-0.317078
-0.314225
-0.311362
-0.308488
-0.305603
-0.302708
-0.299803
-0.296888
-0.293963
-0.29103
-0.288087
-0.285135
-0.282174
-0.279206
-0.276229
-0.273244
-0.270252
-0.267252
-0.264245
-0.261232
-0.258211
-0.255185
-0.252152
-0.249113
-0.246069
-0.243019
-0.239964
-0.236904
-0.23384
-0.230771
-0.227698
-0.224621
-0.22154
-0.218456
-0.215369
-0.212279
-0.209186
-0.20609
-0.202992
-0.199893
-0.196791
-0.193688
-0.190584
-0.187479
-0.184373
-0.181266
-0.178159
-0.175052
-0.171945
-0.168839
-0.165733
-0.162628
-0.159525
-0.156422
-0.153321
-0.150222
-0.147125
-0.144031
-0.140938
-0.137849
-0.134762
-0.131679
-0.128599
-0.125523
-0.12245
-0.119382
-0.116318
-0.113259
-0.110204
-0.107155
-0.10411
-0.101071
-0.0980383
-0.0950109
-0.0919897
-0.0889748
-0.0859664
-0.0829648
-0.0799701
-0.0769827
-0.0740026
-0.0710302
-0.0680656
-0.065109
-0.0621607
-0.0592208
-0.0562896
-0.0533672
-0.050454
-0.0475499
-0.0446554
-0.0417706
-0.0388956
-0.0360307
-0.0331761
-0.030332
-0.0274985
-0.0246759
-0.0218643
-0.0190641
-0.0162752
-0.013498
-0.0107326
-0.00797922
-0.00523803
-0.00250922
0.000207028
0.00291052
0.0056011
0.00827856
0.0109427
0.0135935
0.0162305
0.0188538
0.0214631
0.0240582
0.026639
0.0292053
0.0317569
0.0342937
0.0368155
0.0393221
0.0418135
0.0442893
0.0467495
0.0491939
0.0516224
0.0540347
0.0564308
0.0588105
0.0611736
0.06352
0.0658495
0.068162
0.0704574
0.0727355
0.0749962
0.0772393
0.0794647
0.0816722
0.0838618
0.0860332
0.0881865
0.0903213
0.0924376
0.0945353
0.0966143
0.0986744
0.100715
0.102737
0.10474
0.106724
0.108687
0.110632
0.112556
0.114461
0.116346
0.118211
0.120056
0.12188
0.123685
0.125468
0.127232
0.128974
0.130696
0.132397
0.134078
0.135737
0.137375
0.138992
0.140588
0.142162
0.143715
0.145247
0.146756
0.148245
0.149711
0.151156
0.152579
0.15398
0.155359
0.156716
0.15805
0.159363
0.160653
0.161921
0.163167
0.16439
0.165591
0.166769
0.167924
0.169057
0.170168
0.171255
0.17232
0.173362
0.174381
0.175378
0.176351
0.177302
0.178229
0.179134
0.180015
0.180874
0.181709
0.182521
0.18331
0.184076
0.184819
0.185539
0.186235
0.186908
0.187558
0.188185
0.188789
0.189369
0.189926
0.19046
0.190971
0.191458
0.191922
0.192363
0.192781
0.193175
0.193546
0.193894
0.194219
0.194521
0.194799
0.195055
0.195287
0.195496
0.195682
0.195845
0.195985
0.196102
0.196196
0.196268
0.196316
0.196341
0.196344
0.196324
0.196281
0.196215
0.196127
0.196016
0.195883
0.195727
0.195549
0.195348
0.195125
0.194879
0.194612
0.194322
0.19401
0.193676
0.19332
0.192942
0.192542
0.19212
0.191677
0.191212
0.190725
0.190217
0.189688
0.189137
0.188564
0.187971
0.187356
0.18672
0.186064
0.185386
0.184688
0.183969
0.183229
0.182469
0.181689
0.180888
0.180066
0.179225
0.178364
0.177482
0.176581
0.17566
0.174719
0.173759
0.17278
0.171781
0.170762
0.169725
0.168669
0.167594
0.1665
0.165387
0.164256
0.163106
0.161938
0.160752
0.159548
0.158326
0.157086
0.155828
0.154552
0.15326
0.151949
0.150622
0.149278
0.147916
0.146538
0.145143
0.143732
0.142304
0.14086
0.139399
0.137923
0.136431
0.134923
0.1334
0.131861
0.130306
0.128737
0.127152
0.125553
0.123939
0.12231
0.120667
0.11901
0.117338
0.115653
0.113954
0.11224
0.110514
0.108774
0.107021
0.105254
0.103475
0.101683
0.0998787
0.0980617
0.0962324
0.094391
0.0925375
0.0906723
0.0887954
0.086907
0.0850073
0.0830964
0.0811745
0.0792418
0.0772984
0.0753445
0.0733802
0.0714057
0.0694213
0.0674269
0.0654229
0.0634094
0.0613865
0.0593545
0.0573134
0.0552635
0.0532049
0.0511379
0.0490625
0.0469789
0.0448873
0.042788
0.0406809
0.0385665
0.0364447
0.0343157
0.0321799
0.0300372
0.0278879
0.0257322
0.0235702
0.0214022
0.0192282
0.0170485
0.0148632
0.0126725
0.0104767
0.00827573
0.00606993
0.00385944
0.00164444
-0.000574909
-0.00279842
-0.00502593
-0.00725725
-0.00949221
-0.0117306
-0.0139724
-0.0162172
-0.018465
-0.0207155
-0.0229686
-0.0252242
-0.027482
-0.0297418
-0.0320036
-0.034267
-0.036532
-0.0387984
-0.041066
-0.0433346
-0.045604
-0.0478741
-0.0501447
-0.0524157
-0.0546868
-0.0569578
-0.0592287
-0.0614993
-0.0637693
-0.0660386
-0.068307
-0.0705744
-0.0728406
-0.0751054
-0.0773686
-0.0796301
-0.0818897
-0.0841473
-0.0864027
-0.0886556
-0.090906
-0.0931537
-0.0953984
-0.0976401
-0.0998786
-0.102114
-0.104345
-0.106573
-0.108797
-0.111017
-0.113233
-0.115444
-0.117651
-0.119853
-0.12205
-0.124243
-0.12643
-0.128612
-0.130788
-0.132959
-0.135124
-0.137283
-0.139436
-0.141583
-0.143723
-0.145857
-0.147984
-0.150104
-0.152217
-0.154323
-0.156422
-0.158513
-0.160597
-0.162673
-0.164741
-0.166801
-0.168853
-0.170897
-0.172932
-0.174959
-0.176977
-0.178986
-0.180986
-0.182977
-0.184958
-0.18693
-0.188893
-0.190846
-0.192789
-0.194722
-0.196645
-0.198558
-0.200461
-0.202353
-0.204235
-0.206106
-0.207966
-0.209815
-0.211653
-0.213479
-0.215295
-0.217099
-0.218891
-0.220672
-0.222441
-0.224198
-0.225943
-0.227676
-0.229397
-0.231105
-0.232801
-0.234485
-0.236155
-0.237813
-0.239458
-0.24109
-0.242709
-0.244315
-0.245908
-0.247487
-0.249052
-0.250604
-0.252143
-0.253667
-0.255178
-0.256675
-0.258157
-0.259626
-0.26108
-0.26252
-0.263946
-0.265357
-0.266754
-0.268136
-0.269503
-0.270855
-0.272193
-0.273516
-0.274823
-0.276116
-0.277393
-0.278655
-0.279902
-0.281133
-0.282349
-0.283549
-0.284734
-0.285903
-0.287057
-0.288195
-0.289316
-0.290422
-0.291512
-0.292586
-0.293644
-0.294686
-0.295712
-0.296721
-0.297715
-0.298692
-0.299652
-0.300596
-0.301524
-0.302435
-0.30333
-0.304208
-0.30507
-0.305915
-0.306743
-0.307555
-0.308349
-0.309127
-0.309889
-0.310633
-0.311361
-0.312071
-0.312765
-0.313442
-0.314102
-0.314745
-0.315371
-0.315979
-0.316571
-0.317146
-0.317704
-0.318245
-0.318768
-0.319275
-0.319764
-0.320236
-0.320692
-0.32113
-0.321551
-0.321955
-0.322341
-0.322711
-0.323063
-0.323399
-0.323717
-0.324018
-0.324302
-0.324569
-0.324819
-0.325052
-0.325268
-0.325467
-0.325648
-0.325813
-0.325961
-0.326092
-0.326205
-0.326302
-0.326382
-0.326445
-0.326492
-0.326521
-0.326534
-0.32653
-0.326509
-0.326471
-0.326417
-0.326346
-0.326259
-0.326155
-0.326034
-0.325897
-0.325744
-0.325574
-0.325388
-0.325185
-0.324966
-0.324731
-0.32448
-0.324213
-0.323929
-0.32363
-0.323314
-0.322983
-0.322636
-0.322273
-0.321894
-0.3215
-0.32109
-0.320664
-0.320223
-0.319767
-0.319295
-0.318808
-0.318305
-0.317788
-0.317255
-0.316707
-0.316144
-0.315567
-0.314974
-0.314367
-0.313745
-0.313109
-0.312458
-0.311792
-0.311112
-0.310418
-0.30971
-0.308988
-0.308251
-0.307501
-0.306737
-0.305959
-0.305167
-0.304362
-0.303543
-0.302711
-0.301865
-0.301006
-0.300134
-0.299249
-0.298351
-0.29744
-0.296517
-0.29558
-0.294631
-0.29367
-0.292696
-0.29171
-0.290712
-0.289702
-0.28868
-0.287646
-0.2866
-0.285542
-0.284473
-0.283393
-0.282301
-0.281198
-0.280084
-0.278959
-0.277822
-0.276676
-0.275518
-0.27435
-0.273171
-0.271982
-0.270783
-0.269574
-0.268355
-0.267126
-0.265887
-0.264639
-0.263381
-0.262113
-0.260836
-0.259551
-0.258256
-0.256952
-0.255639
-0.254318
-0.252988
-0.25165
-0.250303
-0.248948
-0.247586
-0.246215
-0.244836
-0.24345
-0.242056
-0.240655
-0.239246
-0.237831
-0.236408
-0.234978
-0.233541
-0.232098
-0.230649
-0.229192
-0.22773
-0.226262
-0.224787
-0.223307
-0.22182
-0.220329
-0.218831
-0.217329
-0.215821
-0.214308
-0.21279
-0.211267
-0.20974
-0.208208
-0.206671
-0.20513
-0.203585
-0.202036
-0.200484
-0.198927
-0.197367
-0.195803
-0.194236
-0.192666
-0.191093
-0.189516
-0.187937
-0.186355
-0.184771
-0.183184
-0.181595
-0.180004
-0.178411
-0.176816
-0.175219
-0.17362
-0.172021
-0.170419
-0.168817
-0.167213
-0.165609
-0.164004
-0.162398
-0.160791
-0.159185
-0.157578
-0.15597
-0.154363
-0.152756
-0.151149
-0.149543
-0.147937
-0.146332
-0.144727
-0.143124
-0.141521
-0.13992
-0.13832
-0.136722
-0.135125
-0.13353
-0.131937
-0.130345
-0.128756
-0.127169
-0.125585
-0.124003
-0.122423
-0.120846
-0.119272
-0.117702
-0.116134
-0.114569
-0.113008
-0.111451
-0.109897
-0.108346
-0.1068
-0.105258
-0.103719
-0.102185
-0.100656
-0.0991304
-0.0976098
-0.096094
-0.094583
-0.093077
-0.0915761
-0.0900803
-0.0885899
-0.0871049
-0.0856255
-0.0841517
-0.0826837
-0.0812216
-0.0797655
-0.0783156
-0.0768719
-0.0754345
-0.0740036
-0.0725792
-0.0711616
-0.0697507
-0.0683468
-0.0669498
-0.06556
-0.0641773
-0.062802
-0.0614342
-0.0600738
-0.0587211
-0.0573762
-0.0560391
-0.0547099
-0.0533888
-0.0520759
-0.0507712
-0.0494748
-0.0481869
-0.0469075
-0.0456368
-0.0443747
-0.0431216
-0.0418773
-0.040642
-0.0394159
-0.0381989
-0.0369913
-0.035793
-0.0346042
-0.0334249
-0.0322553
-0.0310954
-0.0299453
-0.0288051
-0.0276749
-0.0265547
-0.0254447
-0.0243449
-0.0232554
-0.0221763
-0.0211077
-0.0200496
-0.0190021
-0.0179653
-0.0169393
-0.0159241
-0.0149198
-0.0139265
-0.0129442
-0.0119731
-0.0110132
-0.0100645
-0.00912712
-0.00820116
-0.00728666
-0.00638367
-0.00549227
-0.00461251
-0.00374446
-0.00288817
-0.00204371
-0.00121113
-0.000390494
0.00041815
0.00121474
0.00199923
0.00277156
0.00353169
0.00427955
0.0050151
0.00573829
0.00644908
0.00714741
0.00783325
0.00850654
0.00916724
0.00981531
0.0104507
0.0110734
0.0116833
0.0122805
0.0128648
0.0134362
0.0139948
0.0145404
0.0150731
0.0155927
0.0160993
0.0165929
0.0170734
0.0175407
0.0179949
0.0184359
0.0188638
0.0192784
0.0196798
0.0200679
0.0204427
0.0208042
0.0211524
0.0214873
0.0218088
0.0221169
0.0224116
0.0226929
0.0229609
0.0232154
0.0234564
0.0236841
0.0238982
0.0240989
0.0242862
0.02446
0.0246203
0.0247671
0.0249004
0.0250203
0.0251267
0.0252196
0.0252991
0.025365
0.0254175
0.0254566
0.0254822
0.0254943
0.025493
0.0254783
0.0254501
0.0254086
0.0253536
0.0252853
0.0252036
0.0251086
0.0250002
0.0248785
0.0247435
0.0245953
0.0244337
0.024259
0.024071
0.0238699
0.0236555
0.0234281
0.0231875
0.0229338
0.0226671
0.0223874
0.0220946
0.0217889
0.0214703
0.0211387
0.0207943
0.0204371
0.0200671
0.0196843
0.0192888
0.0188806
0.0184597
0.0180263
0.0175803
0.0171218
0.0166508
0.0161674
0.0156716
0.0151635
0.0146431
0.0141104
0.0135656
0.0130085
0.0124394
0.0118583
0.0112652
0.0106601
0.0100431
0.00941433
0.00877376
0.00812147
0.00745752
0.00678196
0.00609486
0.00539627
0.00468626
0.00396488
0.00323219
0.00248826
0.00173316
0.000966939
0.000189669
-0.000598583
-0.00139775
-0.00220778
-0.00302858
-0.0038601
-0.00470227
-0.00555501
-0.00641826
-0.00729194
-0.00817599
-0.00907032
-0.00997488
-0.0108896
-0.0118143
-0.0127491
-0.0136938
-0.0146483
-0.0156126
-0.0165865
-0.0175701
-0.0185632
-0.0195658
-0.0205777
-0.0215989
-0.0226293
-0.0236688
-0.0247174
-0.025775
-0.0268414
-0.0279166
-0.0290005
-0.0300931
-0.0311942
-0.0323037
-0.0334216
-0.0345478
-0.0356821
-0.0368246
-0.0379751
-0.0391335
-0.0402997
-0.0414737
-0.0426553
-0.0438445
-0.0450412
-0.0462453
-0.0474566
-0.0486752
-0.0499008
-0.0511335
-0.052373
-0.0536194
-0.0548726
-0.0561323
-0.0573986
-0.0586714
-0.0599505
-0.0612358
-0.0625273
-0.0638249
-0.0651284
-0.0664378
-0.0677529
-0.0690738
-0.0704002
-0.0717321
-0.0730693
-0.0744119
-0.0757596
-0.0771124
-0.0784701
-0.0798328
-0.0812002
-0.0825724
-0.0839491
-0.0853302
-0.0867158
-0.0881057
-0.0894997
-0.0908978
-0.0922999
-0.0937059
-0.0951156
-0.096529
-0.097946
-0.0993665
-0.10079
-0.102217
-0.103648
-0.105081
-0.106517
-0.107957
-0.109399
-0.110843
-0.11229
-0.11374
-0.115192
-0.116646
-0.118103
-0.119561
-0.121021
-0.122484
-0.123948
-0.125413
-0.12688
-0.128349
-0.129819
-0.13129
-0.132763
-0.134236
-0.13571
-0.137185
-0.138661
-0.140138
-0.141615
-0.143093
-0.14457
-0.146048
-0.147527
-0.149005
-0.150483
-0.151961
-0.153439
-0.154917
-0.156394
-0.15787
-0.159346
-0.160821
-0.162295
-0.163769
-0.165241
-0.166712
-0.168182
-0.16965
-0.171118
-0.172583
-0.174047
-0.17551
-0.17697
-0.178429
-0.179886
-0.18134
-0.182793
-0.184243
-0.185691
-0.187136
-0.188579
-0.190019
-0.191457
-0.192892
-0.194324
-0.195753
-0.197178
-0.198601
-0.20002
-0.201437
-0.202849
-0.204258
-0.205664
-0.207066
-0.208464
-0.209858
-0.211249
-0.212635
-0.214017
-0.215396
-0.216769
-0.218139
-0.219504
-0.220865
-0.222221
-0.223572
-0.224919
-0.226261
-0.227598
-0.22893
-0.230257
-0.231578
-0.232895
-0.234207
-0.235513
-0.236813
-0.238108
-0.239398
-0.240682
-0.24196
-0.243233
-0.2445
-0.24576
-0.247015
-0.248264
-0.249507
-0.250743
-0.251973
-0.253197
-0.254415
-0.255626
-0.256831
-0.258029
-0.25922
-0.260405
-0.261583
-0.262755
-0.263919
-0.265077
-0.266227
-0.267371
-0.268507
-0.269637
-0.270759
-0.271874
-0.272981
-0.274082
-0.275175
-0.27626
-0.277338
-0.278408
-0.279471
-0.280526
-0.281574
-0.282614
-0.283646
-0.28467
-0.285686
-0.286694
-0.287695
-0.288687
-0.289672
-0.290648
-0.291616
-0.292576
-0.293528
-0.294472
-0.295407
-0.296334
-0.297253
-0.298163
-0.299065
-0.299959
-0.300844
-0.30172
-0.302589
-0.303448
-0.304299
-0.305141
-0.305975
-0.3068
-0.307617
-0.308424
-0.309223
-0.310013
-0.310795
-0.311568
-0.312331
-0.313086
-0.313833
-0.31457
-0.315298
-0.316018
-0.316728
-0.31743
-0.318123
-0.318807
-0.319482
-0.320147
-0.320804
-0.321452
-0.322091
-0.322721
-0.323342
-0.323953
-0.324556
-0.32515
-0.325735
-0.32631
-0.326877
-0.327434
-0.327983
-0.328522
-0.329053
-0.329574
-0.330086
-0.33059
-0.331084
-0.331569
-0.332045
-0.332512
-0.332971
-0.33342
-0.33386
-0.334291
-0.334713
-0.335126
-0.335531
-0.335926
-0.336312
-0.33669
-0.337059
-0.337418
-0.337769
-0.338111
-0.338444
-0.338769
-0.339084
-0.339391
-0.339689
-0.339978
-0.340259
-0.340531
-0.340794
-0.341049
-0.341295
-0.341532
-0.341761
-0.341981
-0.342193
-0.342396
-0.342591
-0.342778
-0.342956
-0.343126
-0.343287
-0.34344
-0.343585
-0.343721
-0.34385
-0.34397
-0.344082
-0.344186
-0.344282
-0.34437
-0.34445
-0.344522
-0.344587
-0.344643
-0.344691
-0.344732
-0.344765
-0.344791
-0.344808
-0.344818
-0.344821
-0.344816
-0.344804
-0.344784
-0.344756
-0.344722
-0.34468
-0.344631
-0.344575
-0.344511
-0.344441
-0.344363
-0.344279
-0.344188
-0.344089
-0.343984
-0.343872
-0.343754
-0.343629
-0.343497
-0.343358
-0.343213
-0.343062
-0.342904
-0.34274
-0.34257
-0.342393
-0.342211
-0.342022
-0.341827
-0.341626
-0.341419
-0.341207
-0.340988
-0.340764
-0.340534
-0.340299
-0.340058
-0.339811
-0.339559
-0.339302
-0.339039
-0.338772
-0.338498
-0.33822
-0.337937
-0.337649
-0.337356
-0.337058
-0.336755
-0.336447
-0.336135
-0.335819
-0.335497
-0.335172
-0.334841
-0.334507
-0.334168
-0.333826
-0.333479
-0.333127
-0.332772
-0.332414
-0.332051
-0.331684
-0.331314
-0.33094
-0.330563
-0.330182
-0.329797
-0.32941
-0.329019
-0.328624
-0.328227
-0.327827
-0.327423
-0.327017
-0.326608
-0.326196
-0.325781
-0.325364
-0.324944
-0.324521
-0.324096
-0.323669
-0.32324
-0.322808
-0.322374
-0.321938
-0.3215
-0.321061
-0.320619
-0.320175
-0.31973
-0.319283
-0.318835
-0.318385
-0.317934
-0.317481
-0.317027
-0.316572
-0.316115
-0.315658
-0.3152
-0.31474
-0.31428
-0.313819
-0.313358
-0.312895
-0.312433
-0.311969
-0.311505
-0.311041
-0.310577
-0.310112
-0.309647
-0.309182
-0.308717
-0.308253
-0.307788
-0.307323
-0.306859
-0.306395
-0.305932
-0.305469
-0.305006
-0.304544
-0.304083
-0.303623
-0.303163
-0.302704
-0.302246
-0.30179
-0.301334
-0.300879
-0.300426
-0.299974
-0.299523
-0.299073
-0.298625
-0.298179
-0.297734
-0.297291
-0.29685
-0.29641
-0.295972
-0.295536
-0.295102
-0.29467
-0.29424
-0.293813
-0.293387
-0.292964
-0.292543
-0.292125
-0.291708
-0.291295
-0.290884
-0.290476
-0.29007
-0.289667
-0.289267
-0.288869
-0.288475
-0.288083
-0.287695
-0.287309
-0.286927
-0.286548
-0.286172
-0.285799
-0.28543
-0.285064
-0.284702
-0.284343
-0.283987
-0.283635
-0.283287
-0.282942
-0.282601
-0.282264
-0.281931
-0.281601
-0.281276
-0.280954
-0.280636
-0.280323
-0.280013
-0.279708
-0.279407
-0.27911
-0.278817
-0.278528
-0.278244
-0.277964
-0.277689
-0.277418
-0.277152
-0.27689
-0.276632
-0.27638
-0.276131
-0.275888
-0.275649
-0.275415
-0.275186
-0.274961
-0.274742
-0.274527
-0.274317
-0.274112
-0.273912
-0.273717
-0.273527
-0.273342
-0.273162
-0.272987
-0.272817
-0.272653
-0.272493
-0.272339
-0.27219
-0.272046
-0.271908
-0.271774
-0.271646
-0.271524
-0.271406
-0.271295
-0.271188
-0.271087
-0.270991
-0.270901
-0.270816
-0.270736
-0.270662
-0.270594
-0.270531
-0.270473
-0.270421
-0.270375
-0.270334
-0.270298
-0.270268
-0.270244
-0.270226
-0.270212
-0.270205
-0.270203
-0.270207
-0.270216
-0.270231
-0.270251
-0.270277
-0.270309
-0.270346
-0.270389
-0.270438
-0.270492
-0.270551
-0.270617
-0.270688
-0.270764
-0.270846
-0.270934
-0.271027
-0.271126
-0.271231
-0.271341
-0.271456
-0.271577
-0.271704
-0.271836
-0.271974
-0.272117
-0.272265
-0.27242
-0.272579
-0.272744
-0.272915
-0.27309
-0.273272
-0.273458
-0.27365
-0.273848
-0.27405
-0.274258
-0.274472
-0.27469
-0.274914
-0.275143
-0.275377
-0.275616
-0.275861
-0.276111
-0.276365
-0.276625
-0.27689
-0.27716
-0.277435
-0.277715
-0.278
-0.278289
-0.278584
-0.278884
-0.279188
-0.279497
-0.279811
-0.280129
-0.280453
-0.28078
-0.281113
-0.28145
-0.281792
-0.282138
-0.282489
-0.282844
-0.283203
-0.283567
-0.283935
-0.284308
-0.284685
-0.285065
-0.285451
-0.28584
-0.286233
-0.28663
-0.287032
-0.287437
-0.287846
-0.288259
-0.288676
-0.289097
-0.289521
-0.289949
-0.290381
-0.290816
-0.291255
-0.291697
-0.292143
-0.292592
-0.293045
-0.2935
-0.293959
-0.294422
-0.294887
-0.295355
-0.295827
-0.296301
-0.296779
-0.297259
-0.297742
-0.298228
-0.298716
-0.299207
-0.299701
-0.300198
-0.300696
-0.301198
-0.301701
-0.302207
-0.302715
-0.303226
-0.303738
-0.304253
-0.30477
-0.305288
-0.305809
-0.306331
-0.306856
-0.307381
-0.307909
-0.308438
-0.308969
-0.309501
-0.310035
-0.31057
-0.311106
-0.311644
-0.312182
-0.312722
-0.313263
-0.313805
-0.314347
-0.314891
-0.315435
-0.31598
-0.316526
-0.317072
-0.317619
-0.318167
-0.318714
-0.319262
-0.319811
-0.320359
-0.320908
-0.321457
-0.322005
-0.322554
-0.323103
-0.323651
-0.324199
-0.324747
-0.325294
-0.325841
-0.326387
-0.326933
-0.327478
-0.328023
-0.328566
-0.329109
-0.32965
-0.330191
-0.330731
-0.331269
-0.331807
-0.332343
-0.332877
-0.333411
-0.333942
-0.334473
-0.335001
-0.335528
-0.336053
-0.336577
-0.337098
-0.337618
-0.338135
-0.33865
-0.339164
-0.339675
-0.340183
-0.34069
-0.341194
-0.341695
-0.342194
-0.34269
-0.343184
-0.343674
-0.344162
-0.344647
-0.345129
-0.345608
-0.346084
-0.346557
-0.347027
-0.347493
-0.347956
-0.348415
-0.348871
-0.349324
-0.349773
-0.350218
-0.350659
-0.351097
-0.35153
-0.35196
-0.352386
-0.352807
-0.353225
-0.353638
-0.354047
-0.354452
-0.354853
-0.355249
-0.35564
-0.356027
-0.356409
-0.356787
-0.35716
-0.357528
-0.357891
-0.358249
-0.358602
-0.35895
-0.359293
-0.359631
-0.359964
-0.360291
-0.360613
-0.36093
-0.361241
-0.361547
-0.361847
-0.362142
-0.362431
-0.362714
-0.362991
-0.363263
-0.363529
-0.363788
-0.364042
-0.36429
-0.364531
-0.364767
-0.364996
-0.365219
-0.365436
-0.365646
-0.36585
-0.366047
-0.366238
-0.366423
-0.366601
-0.366772
-0.366937
-0.367094
-0.367245
-0.36739
-0.367527
-0.367657
-0.367781
-0.367897
-0.368007
-0.368109
-0.368204
-0.368293
-0.368373
-0.368447
-0.368513
-0.368572
-0.368624
-0.368668
-0.368705
-0.368735
-0.368756
-0.368771
-0.368777
-0.368776
-0.368768
-0.368752
-0.368728
-0.368696
-0.368657
-0.368609
-0.368554
-0.368491
-0.36842
-0.368341
-0.368255
-0.36816
-0.368057
-0.367946
-0.367827
-0.3677
-0.367565
-0.367422
-0.36727
-0.367111
-0.366943
-0.366767
-0.366583
-0.36639
-0.366189
-0.36598
-0.365762
-0.365536
-0.365302
-0.36506
-0.364809
-0.364549
-0.364281
-0.364005
-0.36372
-0.363427
-0.363125
-0.362815
-0.362496
-0.362169
-0.361833
-0.361489
-0.361136
-0.360775
-0.360405
-0.360027
-0.359639
-0.359244
-0.35884
-0.358427
-0.358005
-0.357575
-0.357137
-0.35669
-0.356234
-0.35577
-0.355297
-0.354815
-0.354325
-0.353826
-0.353319
-0.352803
-0.352279
-0.351746
-0.351204
-0.350654
-0.350096
-0.349528
-0.348953
-0.348368
-0.347776
-0.347174
-0.346565
-0.345946
-0.34532
-0.344685
-0.344041
-0.343389
-0.342729
-0.34206
-0.341383
-0.340697
-0.340003
-0.339301
-0.338591
-0.337872
-0.337145
-0.336409
-0.335666
-0.334914
-0.334154
-0.333386
-0.33261
-0.331826
-0.331033
-0.330233
-0.329424
-0.328608
-0.327784
-0.326951
-0.326111
-0.325263
-0.324407
-0.323543
-0.322671
-0.321792
-0.320905
-0.32001
-0.319107
-0.318197
-0.317279
-0.316354
-0.315421
-0.314481
-0.313533
-0.312578
-0.311616
-0.310646
-0.309669
-0.308684
-0.307693
-0.306694
-0.305688
-0.304675
-0.303655
-0.302628
-0.301594
-0.300553
-0.299505
-0.298451
-0.297389
-0.296321
-0.295247
-0.294165
-0.293077
-0.291983
-0.290882
-0.289774
-0.28866
-0.28754
-0.286414
-0.285281
-0.284142
-0.282997
-0.281846
-0.280689
-0.279526
-0.278357
-0.277182
-0.276001
-0.274815
-0.273623
-0.272425
-0.271222
-0.270013
-0.268799
-0.267579
-0.266354
-0.265124
-0.263888
-0.262647
-0.261401
-0.26015
-0.258894
-0.257634
-0.256368
-0.255097
-0.253822
-0.252542
-0.251258
-0.249969
-0.248675
-0.247377
-0.246075
-0.244768
-0.243457
-0.242142
-0.240823
-0.2395
-0.238173
-0.236842
-0.235507
-0.234168
-0.232826
-0.23148
-0.230131
-0.228778
-0.227421
-0.226061
-0.224698
-0.223332
-0.221963
-0.22059
-0.219215
-0.217836
-0.216455
-0.215071
-0.213684
-0.212295
-0.210903
-0.209508
-0.208111
-0.206712
-0.20531
-0.203906
-0.2025
-0.201092
-0.199682
-0.19827
-0.196856
-0.19544
-0.194023
-0.192604
-0.191183
-0.189761
-0.188338
-0.186913
-0.185487
-0.18406
-0.182631
-0.181202
-0.179771
-0.17834
-0.176908
-0.175475
-0.174041
-0.172607
-0.171172
-0.169737
-0.168301
-0.166865
-0.165429
-0.163993
-0.162557
-0.16112
-0.159684
-0.158248
-0.156812
-0.155376
-0.153941
-0.152506
-0.151071
-0.149638
-0.148204
-0.146772
-0.14534
-0.14391
-0.14248
-0.141051
-0.139624
-0.138197
-0.136772
-0.135348
-0.133925
-0.132504
-0.131085
-0.129667
-0.128251
-0.126836
-0.125423
-0.124013
-0.122604
-0.121197
-0.119792
-0.11839
-0.11699
-0.115592
-0.114196
-0.112803
-0.111413
-0.110025
-0.10864
-0.107257
-0.105878
-0.104501
-0.103127
-0.101756
-0.100389
-0.0990241
-0.0976628
-0.0963048
-0.0949501
-0.0935988
-0.0922511
-0.0909069
-0.0895663
-0.0882294
-0.0868963
-0.085567
-0.0842416
-0.0829201
-0.0816026
-0.0802893
-0.07898
-0.077675
-0.0763742
-0.0750778
-0.0737857
-0.0724981
-0.071215
-0.0699365
-0.0686626
-0.0673934
-0.066129
-0.0648694
-0.0636146
-0.0623648
-0.06112
-0.0598802
-0.0586455
-0.057416
-0.0561917
-0.0549727
-0.053759
-0.0525507
-0.0513479
-0.0501505
-0.0489587
-0.0477724
-0.0465919
-0.045417
-0.0442479
-0.0430846
-0.0419272
-0.0407756
-0.0396301
-0.0384905
-0.037357
-0.0362297
-0.0351084
-0.0339934
-0.0328847
-0.0317822
-0.0306861
-0.0295963
-0.028513
-0.0274362
-0.0263659
-0.0253022
-0.0242451
-0.0231946
-0.0221509
-0.0211139
-0.0200836
-0.0190602
-0.0180436
-0.0170339
-0.0160312
-0.0150354
-0.0140467
-0.013065
-0.0120904
-0.0111229
-0.0101625
-0.00920939
-0.00826347
-0.00732481
-0.00639345
-0.00546941
-0.00455272
-0.00364343
-0.00274156
-0.00184713
-0.000960185
-8.07478e-05
0.000791153
0.00165549
0.00251223
0.00336136
0.00420284
0.00503665
0.00586276
0.00668116
0.00749181
0.0082947
0.00908979
0.00987708
0.0106565
0.0114281
0.0121919
0.0129477
0.0136956
0.0144356
0.0151677
0.0158918
0.0166079
0.017316
0.0180161
0.0187082
0.0193923
0.0200683
0.0207362
0.0213961
0.0220478
0.0226915
0.0233271
0.0239545
0.0245738
0.025185
0.025788
0.0263829
0.0269697
0.0275482
0.0281186
0.0286809
0.0292349
0.0297808
0.0303185
0.030848
0.0313694
0.0318825
0.0323875
0.0328842
0.0333728
0.0338533
0.0343255
0.0347895
0.0352454
0.0356931
0.0361327
0.0365641
0.0369873
0.0374024
0.0378093
0.0382082
0.0385989
0.0389814
0.0393559
0.0397223
0.0400806
0.0404308
0.040773
0.0411071
0.0414332
0.0417513
0.0420614
0.0423634
0.0426575
0.0429437
0.0432219
0.0434922
0.0437545
0.044009
0.0442556
0.0444944
0.0447253
0.0449485
0.0451638
0.0453714
0.0455712
0.0457633
0.0459478
0.0461245
0.0462936
0.0464551
0.046609
0.0467553
0.0468941
0.0470254
0.0471491
0.0472654
0.0473743
0.0474758
0.0475699
0.0476567
0.0477362
0.0478084
0.0478734
0.0479311
0.0479817
0.0480251
0.0480614
0.0480906
0.0481128
0.048128
0.0481362
0.0481375
0.0481319
0.0481195
0.0481002
0.0480741
0.0480413
0.0480018
0.0479556
0.0479029
0.0478435
0.0477776
0.0477052
0.0476263
0.047541
0.0474494
0.0473514
0.0472471
0.0471366
0.0470199
0.0468971
0.0467681
0.0466331
0.0464921
0.0463451
0.0461922
0.0460334
0.0458688
0.0456984
0.0455223
0.0453405
0.0451531
0.0449601
0.0447615
0.0445575
0.0443481
0.0441332
0.0439131
0.0436877
0.043457
0.0432212
0.0429802
0.0427342
0.0424832
0.0422272
0.0419663
0.0417006
0.04143
0.0411548
0.0408748
0.0405902
0.040301
0.0400072
0.039709
0.0394064
0.0390995
0.0387882
0.0384727
0.038153
0.0378292
0.0375013
0.0371694
0.0368336
0.0364938
0.0361502
0.0358029
0.0354517
0.035097
0.0347386
0.0343767
0.0340113
0.0336424
0.0332702
0.0328947
0.0325159
0.032134
0.0317489
0.0313607
0.0309696
0.0305755
0.0301785
0.0297786
0.029376
0.0289707
0.0285628
0.0281522
0.0277392
0.0273236
0.0269057
0.0264855
0.0260629
0.0256381
0.0252112
0.0247822
0.0243511
0.0239181
0.0234832
0.0230464
0.0226078
0.0221675
0.0217255
0.0212819
0.0208368
0.0203902
0.0199422
0.0194928
0.0190421
0.0185902
0.0181371
0.0176829
0.0172277
0.0167714
0.0163142
0.0158561
0.0153973
0.0149377
0.0144774
0.0140164
0.0135549
0.0130929
0.0126304
0.0121676
0.0117044
0.011241
0.0107773
0.0103135
0.00984963
0.00938572
0.00892182
0.00845802
0.00799437
0.00753092
0.00706773
0.00660486
0.00614238
0.00568033
0.00521878
0.00475778
0.00429739
0.00383767
0.00337867
0.00292046
0.00246308
0.00200659
0.00155105
0.00109652
0.000643051
0.000190694
-0.00026049
-0.000710452
-0.00115913
-0.00160648
-0.00205244
-0.00249696
-0.00293998
-0.00338146
-0.00382133
-0.00425955
-0.00469607
-0.00513083
-0.00556378
-0.00599488
-0.00642406
-0.00685128
-0.00727649
-0.00769963
-0.00812067
-0.00853955
-0.00895621
-0.00937062
-0.00978272
-0.0101925
-0.0105998
-0.0110047
-0.0114071
-0.011807
-0.0122043
-0.0125989
-0.0129908
-0.0133801
-0.0137665
-0.0141502
-0.014531
-0.0149089
-0.0152839
-0.0156558
-0.0160248
-0.0163906
-0.0167534
-0.017113
-0.0174694
-0.0178226
-0.0181725
-0.0185191
-0.0188624
-0.0192023
-0.0195387
-0.0198717
-0.0202012
-0.0205271
-0.0208495
-0.0211682
-0.0214834
-0.0217948
-0.0221025
-0.0224065
-0.0227067
-0.0230031
-0.0232957
-0.0235843
-0.0238691
-0.0241499
-0.0244268
-0.0246997
-0.0249685
-0.0252333
-0.025494
-0.0257505
-0.026003
-0.0262513
-0.0264953
-0.0267352
-0.0269708
-0.0272021
-0.0274292
-0.0276519
-0.0278703
-0.0280843
-0.028294
-0.0284992
-0.0287
-0.0288963
-0.0290882
-0.0292756
-0.0294585
-0.0296368
-0.0298106
-0.0299798
-0.0301445
-0.0303045
-0.03046
-0.0306108
-0.030757
-0.0308985
-0.0310353
-0.0311674
-0.0312949
-0.0314176
-0.0315357
-0.0316489
-0.0317575
-0.0318613
-0.0319603
-0.0320545
-0.032144
-0.0322286
-0.0323085
-0.0323836
-0.0324539
-0.0325193
-0.0325799
-0.0326357
-0.0326867
-0.0327328
-0.0327741
-0.0328106
-0.0328422
-0.032869
-0.0328909
-0.032908
-0.0329202
-0.0329276
-0.0329302
-0.0329279
-0.0329208
-0.0329088
-0.0328921
-0.0328704
-0.032844
-0.0328128
-0.0327767
-0.0327358
-0.0326902
-0.0326397
-0.0325844
-0.0325244
-0.0324596
-0.0323901
-0.0323158
-0.0322368
-0.032153
-0.0320645
-0.0319714
-0.0318735
-0.0317709
-0.0316637
-0.0315519
-0.0314353
-0.0313142
-0.0311885
-0.0310582
-0.0309233
-0.0307838
-0.0306398
-0.0304913
-0.0303383
-0.0301808
-0.0300188
-0.0298524
-0.0296816
-0.0295064
-0.0293267
-0.0291428
-0.0289544
-0.0287618
-0.0285649
-0.0283637
-0.0281582
-0.0279486
-0.0277347
-0.0275167
-0.0272946
-0.0270683
-0.0268379
-0.0266035
-0.026365
-0.0261225
-0.0258761
-0.0256257
-0.0253714
-0.0251132
-0.0248511
-0.0245852
-0.0243155
-0.0240421
-0.0237649
-0.023484
-0.0231995
-0.0229113
-0.0226195
-0.0223241
-0.0220252
-0.0217229
-0.021417
-0.0211077
-0.0207951
-0.0204791
-0.0201597
-0.0198371
-0.0195113
-0.0191822
-0.01885
-0.0185146
-0.0181762
-0.0178347
-0.0174901
-0.0171427
-0.0167922
-0.0164389
-0.0160828
-0.0157238
-0.0153621
-0.0149976
-0.0146304
-0.0142607
-0.0138883
-0.0135133
-0.0131358
-0.0127559
-0.0123736
-0.0119888
-0.0116017
-0.0112123
-0.0108207
-0.0104269
-0.0100309
-0.00963279
-0.00923261
-0.00883041
-0.00842624
-0.00802014
-0.00761215
-0.00720232
-0.00679071
-0.00637735
-0.0059623
-0.0055456
-0.0051273
-0.00470745
-0.00428609
-0.00386328
-0.00343906
-0.00301349
-0.0025866
-0.00215846
-0.0017291
-0.00129858
-0.000866945
-0.000434248
-5.39023e-07
0.000434136
0.000869722
0.00130617
0.00174344
0.00218147
0.00262021
0.00305962
0.00349964
0.00394022
0.00438131
0.00482286
0.00526482
0.00570714
0.00614977
0.00659265
0.00703574
0.00747899
0.00792234
0.00836574
0.00880915
0.0092525
0.00969575
0.0101389
0.0105818
0.0110244
0.0114667
0.0119087
0.0123503
0.0127914
0.013232
0.013672
0.0141115
0.0145502
0.0149883
0.0154256
0.015862
0.0162977
0.0167323
0.0171661
0.0175988
0.0180304
0.0184609
0.0188902
0.0193183
0.0197452
0.0201707
0.0205949
0.0210176
0.0214389
0.0218586
0.0222768
0.0226934
0.0231083
0.0235214
0.0239328
0.0243424
0.0247502
0.025156
0.0255599
0.0259617
0.0263615
0.0267592
0.0271548
0.0275481
0.0279393
0.0283281
0.0287146
0.0290987
0.0294803
0.0298595
0.0302362
0.0306103
0.0309818
0.0313507
0.0317168
0.0320802
0.0324408
0.0327986
0.0331535
0.0335054
0.0338545
0.0342005
0.0345434
0.0348833
0.03522
0.0355535
0.0358839
0.0362109
0.0365347
0.0368552
0.0371722
0.0374859
0.037796
0.0381027
0.0384059
0.0387054
0.0390014
0.0392937
0.0395823
0.0398672
0.0401483
0.0404257
0.0406992
0.0409688
0.0412345
0.0414963
0.0417541
0.0420079
0.0422576
0.0425033
0.0427449
0.0429823
0.0432156
0.0434446
0.0436695
0.04389
0.0441063
0.0443182
0.0445257
0.0447289
0.0449277
0.045122
0.0453119
0.0454972
0.0456781
0.0458543
0.046026
0.0461931
0.0463556
0.0465134
0.0466665
0.046815
0.0469587
0.0470977
0.0472318
0.0473612
0.0474858
0.0476056
0.0477205
0.0478305
0.0479356
0.0480358
0.0481311
0.0482214
0.0483068
0.0483872
0.0484625
0.0485329
0.0485982
0.0486585
0.0487137
0.0487638
0.0488089
0.0488488
0.0488836
0.0489133
0.0489379
0.0489573
0.0489715
0.0489806
0.0489845
0.0489832
0.0489767
0.048965
0.0489481
0.0489259
0.0488986
0.048866
0.0488281
0.0487851
0.0487368
0.0486832
0.0486244
0.0485603
0.0484909
0.0484163
0.0483365
0.0482514
0.048161
0.0480653
0.0479644
0.0478583
0.0477469
0.0476302
0.0475083
0.0473812
0.0472488
0.0471111
0.0469683
0.0468202
0.0466669
0.0465084
0.0463446
0.0461757
0.0460016
0.0458223
0.0456379
0.0454483
0.0452536
0.0450537
0.0448487
0.0446386
0.0444233
0.0442031
0.0439777
0.0437473
0.0435118
0.0432713
0.0430258
0.0427753
0.0425199
0.0422595
0.0419941
0.0417238
0.0414486
0.0411686
0.0408837
0.0405939
0.0402993
0.0399999
0.0396958
0.0393869
0.0390732
0.0387549
0.0384319
0.0381042
0.0377719
0.037435
0.0370935
0.0367475
0.0363969
0.0360418
0.0356823
0.0353184
0.03495
0.0345772
0.0342001
0.0338187
0.033433
0.033043
0.0326488
0.0322504
0.0318479
0.0314412
0.0310304
0.0306156
0.0301967
0.0297739
0.0293471
0.0289164
0.0284818
0.0280434
0.0276012
0.0271552
0.0267055
0.026252
0.025795
0.0253343
0.02487
0.0244023
0.023931
0.0234563
0.0229781
0.0224966
0.0220118
0.0215237
0.0210324
0.0205379
0.0200402
0.0195394
0.0190355
0.0185287
0.0180188
0.017506
0.0169904
0.0164719
0.0159506
0.0154266
0.0148999
0.0143706
0.0138386
0.0133041
0.0127671
0.0122277
0.0116858
0.0111416
0.0105951
0.0100463
0.00949538
0.00894227
0.00838705
0.00782978
0.00727052
0.00670931
0.0061462
0.00558125
0.00501451
0.00444604
0.00387588
0.00330409
0.00273072
0.00215583
0.00157947
0.0010017
0.000422563
-0.000157879
-0.00073957
-0.00132246
-0.00190649
-0.00249161
-0.00307775
-0.00366488
-0.00425292
-0.00484182
-0.00543153
-0.00602199
-0.00661314
-0.00720493
-0.0077973
-0.00839019
-0.00898355
-0.00957731
-0.0101714
-0.0107658
-0.0113605
-0.0119553
-0.0125503
-0.0131453
-0.0137403
-0.0143353
-0.0149301
-0.0155248
-0.0161192
-0.0167134
-0.0173072
-0.0179007
-0.0184936
-0.0190861
-0.0196779
-0.0202692
-0.0208597
-0.0214495
-0.0220384
-0.0226265
-0.0232137
-0.0237999
-0.024385
-0.0249691
-0.0255519
-0.0261336
-0.0267139
-0.0272929
-0.0278706
-0.0284467
-0.0290214
-0.0295945
-0.0301659
-0.0307357
-0.0313037
-0.0318699
-0.0324343
-0.0329967
-0.0335572
-0.0341156
-0.0346719
-0.0352261
-0.0357781
-0.0363278
-0.0368752
-0.0374202
-0.0379628
-0.0385028
-0.0390404
-0.0395753
-0.0401076
-0.0406371
-0.0411639
-0.0416879
-0.042209
-0.0427271
-0.0432423
-0.0437544
-0.0442634
-0.0447692
-0.0452719
-0.0457713
-0.0462673
-0.04676
-0.0472493
-0.0477351
-0.0482174
-0.0486961
-0.0491711
-0.0496425
-0.0501102
-0.050574
-0.051034
-0.0514902
-0.0519424
-0.0523906
-0.0528347
-0.0532748
-0.0537107
-0.0541425
-0.05457
-0.0549933
-0.0554122
-0.0558267
-0.0562368
-0.0566425
-0.0570436
-0.0574401
-0.0578321
-0.0582194
-0.058602
-0.0589798
-0.0593529
-0.0597211
-0.0600845
-0.0604429
-0.0607964
-0.0611448
-0.0614883
-0.0618266
-0.0621598
-0.0624878
-0.0628107
-0.0631283
-0.0634405
-0.0637475
-0.0640491
-0.0643453
-0.0646361
-0.0649214
-0.0652012
-0.0654754
-0.065744
-0.066007
-0.0662644
-0.0665161
-0.066762
-0.0670022
-0.0672366
-0.0674652
-0.067688
-0.0679048
-0.0681157
-0.0683207
-0.0685197
-0.0687128
-0.0688997
-0.0690807
-0.0692555
-0.0694242
-0.0695868
-0.0697432
-0.0698934
-0.0700374
-0.0701751
-0.0703066
-0.0704318
-0.0705507
-0.0706632
-0.0707694
-0.0708693
-0.0709627
-0.0710497
-0.0711302
-0.0712043
-0.071272
-0.0713331
-0.0713877
-0.0714358
-0.0714774
-0.0715124
-0.0715408
-0.0715627
-0.0715779
-0.0715865
-0.0715885
-0.0715839
-0.0715726
-0.0715547
-0.0715301
-0.0714988
-0.0714609
-0.0714162
-0.0713649
-0.0713068
-0.071242
-0.0711705
-0.0710923
-0.0710073
-0.0709156
-0.0708172
-0.070712
-0.0706001
-0.0704814
-0.070356
-0.0702239
-0.070085
-0.0699394
-0.069787
-0.0696279
-0.069462
-0.0692894
-0.0691101
-0.0689241
-0.0687314
-0.0685319
-0.0683257
-0.0681129
-0.0678933
-0.0676671
-0.0674342
-0.0671947
-0.0669485
-0.0666956
-0.0664361
-0.0661701
-0.0658974
-0.0656181
-0.0653323
-0.0650398
-0.0647409
-0.0644354
-0.0641234
-0.063805
-0.06348
-0.0631486
-0.0628108
-0.0624665
-0.0621159
-0.0617588
-0.0613955
-0.0610257
-0.0606497
-0.0602674
-0.0598789
-0.0594841
-0.0590831
-0.0586759
-0.0582626
-0.0578431
-0.0574176
-0.0569859
-0.0565483
-0.0561046
-0.0556549
-0.0551993
-0.0547377
-0.0542703
-0.053797
-0.0533179
-0.052833
-0.0523424
-0.051846
-0.051344
-0.0508363
-0.050323
-0.0498041
-0.0492797
-0.0487498
-0.0482145
-0.0476737
-0.0471276
-0.0465761
-0.0460193
-0.0454573
-0.0448901
-0.0443176
-0.0437401
-0.0431575
-0.0425699
-0.0419772
-0.0413796
-0.0407772
-0.0401698
-0.0395577
-0.0389408
-0.0383192
-0.0376929
-0.0370621
-0.0364266
-0.0357867
-0.0351423
-0.0344935
-0.0338403
-0.0331828
-0.0325211
-0.0318551
-0.0311851
-0.0305109
-0.0298327
-0.0291505
-0.0284643
-0.0277743
-0.0270805
-0.0263829
-0.0256817
-0.0249767
-0.0242682
-0.0235562
-0.0228407
-0.0221217
-0.0213995
-0.0206739
-0.0199451
-0.0192131
-0.018478
-0.0177399
-0.0169988
-0.0162547
-0.0155078
-0.0147581
-0.0140057
-0.0132506
-0.0124928
-0.0117326
-0.0109698
-0.0102046
-0.00943713
-0.00866733
-0.00789531
-0.00712114
-0.00634489
-0.00556661
-0.00478638
-0.00400427
-0.00322034
-0.00243466
-0.0016473
-0.000858328
-6.7811e-05
0.000724183
0.00151758
0.00231232
0.00310832
0.00390553
0.00470385
0.00550324
0.00630362
0.00710491
0.00790704
0.00870995
0.00951357
0.0103178
0.0111226
0.0119279
0.0127336
0.0135397
0.014346
0.0151526
0.0159592
0.0167659
0.0175726
0.0183793
0.0191857
0.0199919
0.0207978
0.0216033
0.0224084
0.023213
0.0240169
0.0248202
0.0256227
0.0264244
0.0272252
0.028025
0.0288238
0.0296215
0.030418
0.0312132
0.0320071
0.0327996
0.0335906
0.0343801
0.0351679
0.035954
0.0367383
0.0375208
0.0383013
0.0390799
0.0398564
0.0406307
0.0414029
0.0421727
0.0429402
0.0437052
0.0444677
0.0452277
0.045985
0.0467396
0.0474913
0.0482402
0.0489862
0.0497291
0.050469
0.0512057
0.0519392
0.0526693
0.0533962
0.0541195
0.0548394
0.0555557
0.0562683
0.0569772
0.0576823
0.0583835
0.0590808
0.0597742
0.0604634
0.0611485
0.0618295
0.0625061
0.0631784
0.0638463
0.0645097
0.0651686
0.0658229
0.0664725
0.0671173
0.0677574
0.0683926
0.0690228
0.0696481
0.0702683
0.0708833
0.0714932
0.0720978
0.0726971
0.0732911
0.0738796
0.0744625
0.07504
0.0756118
0.0761779
0.0767382
0.0772928
0.0778415
0.0783843
0.0789211
0.0794519
0.0799766
0.0804951
0.0810074
0.0815134
0.0820132
0.0825065
0.0829935
0.0834739
0.0839478
0.0844152
0.0848758
0.0853298
0.0857771
0.0862175
0.0866511
0.0870778
0.0874976
0.0879103
0.0883161
0.0887147
0.0891062
0.0894905
0.0898676
0.0902374
0.0905999
0.090955
0.0913027
0.091643
0.0919757
0.0923009
0.0926186
0.0929286
0.093231
0.0935257
0.0938126
0.0940918
0.0943631
0.0946266
0.0948822
0.0951299
0.0953697
0.0956014
0.0958251
0.0960408
0.0962483
0.0964478
0.0966391
0.0968222
0.0969971
0.0971637
0.0973221
0.0974722
0.0976139
0.0977473
0.0978724
0.097989
0.0980972
0.0981969
0.0982882
0.098371
0.0984452
0.098511
0.0985681
0.0986167
0.0986567
0.0986881
0.0987108
0.0987249
0.0987304
0.0987271
0.0987152
0.0986946
0.0986653
0.0986272
0.0985804
0.0985248
0.0984605
0.0983874
0.0983056
0.0982149
0.0981155
0.0980072
0.0978902
0.0977644
0.0976297
0.0974863
0.097334
0.0971729
0.0970031
0.0968243
0.0966368
0.0964405
0.0962354
0.0960214
0.0957987
0.0955672
0.0953268
0.0950777
0.0948199
0.0945532
0.0942778
0.0939937
0.0937008
0.0933992
0.0930888
0.0927698
0.0924421
0.0921057
0.0917607
0.091407
0.0910447
0.0906737
0.0902942
0.0899062
0.0895095
0.0891044
0.0886907
0.0882686
0.087838
0.0873989
0.0869514
0.0864956
0.0860314
0.0855588
0.085078
0.0845888
0.0840915
0.0835859
0.0830721
0.0825501
0.08202
0.0814819
0.0809356
0.0803814
0.0798192
0.079249
0.0786708
0.0780849
0.077491
0.0768894
0.07628
0.0756629
0.0750381
0.0744057
0.0737656
0.0731181
0.072463
0.0718004
0.0711304
0.0704531
0.0697684
0.0690765
0.0683773
0.067671
0.0669575
0.0662369
0.0655093
0.0647748
0.0640333
0.0632849
0.0625298
0.0617678
0.0609992
0.0602239
0.059442
0.0586535
0.0578586
0.0570573
0.0562496
0.0554356
0.0546154
0.0537889
0.0529564
0.0521178
0.0512732
0.0504227
0.0495663
0.0487041
0.0478361
0.0469625
0.0460833
0.0451985
0.0443083
0.0434127
0.0425117
0.0416055
0.0406941
0.0397775
0.0388559
0.0379293
0.0369978
0.0360615
0.0351204
0.0341746
0.0332242
0.0322692
0.0313098
0.030346
0.0293779
0.0284055
0.0274289
0.0264483
0.0254637
0.0244751
0.0234827
0.0224865
0.0214866
0.0204831
0.019476
0.0184656
0.0174517
0.0164345
0.0154142
0.0143907
0.0133642
0.0123347
0.0113023
0.0102671
0.00922927
0.00818877
0.00714574
0.00610025
0.00505239
0.00400225
0.00294991
0.00189546
0.000838984
-0.000219427
-0.00127969
-0.00234172
-0.00340542
-0.00447071
-0.0055375
-0.00660569
-0.00767521
-0.00874597
-0.00981787
-0.0108908
-0.0119647
-0.0130395
-0.0141151
-0.0151914
-0.0162683
-0.0173457
-0.0184235
-0.0195017
-0.0205801
-0.0216586
-0.0227373
-0.0238158
-0.0248943
-0.0259726
-0.0270505
-0.0281281
-0.0292052
-0.0302817
-0.0313575
-0.0324326
-0.0335068
-0.0345801
-0.0356523
-0.0367234
-0.0377933
-0.0388619
-0.0399291
-0.0409948
-0.0420589
-0.0431214
-0.044182
-0.0452409
-0.0462977
-0.0473525
-0.0484052
-0.0494557
-0.0505038
-0.0515496
-0.0525928
-0.0536335
-0.0546715
-0.0557067
-0.056739
-0.0577685
-0.0587948
-0.0598181
-0.0608381
-0.0618549
-0.0628682
-0.0638781
-0.0648843
-0.065887
-0.0668858
-0.0678809
-0.068872
-0.0698591
-0.0708421
-0.071821
-0.0727955
-0.0737657
-0.0747315
-0.0756927
-0.0766494
-0.0776013
-0.0785484
-0.0794907
-0.0804281
-0.0813604
-0.0822875
-0.0832095
-0.0841263
-0.0850376
-0.0859435
-0.0868439
-0.0877387
-0.0886278
-0.0895111
-0.0903886
-0.0912602
-0.0921258
-0.0929853
-0.0938386
-0.0946857
-0.0955266
-0.096361
-0.097189
-0.0980104
-0.0988253
-0.0996334
-0.100435
-0.101229
-0.102017
-0.102798
-0.103572
-0.104338
-0.105098
-0.10585
-0.106595
-0.107332
-0.108062
-0.108785
-0.109499
-0.110207
-0.110906
-0.111598
-0.112282
-0.112958
-0.113626
-0.114286
-0.114938
-0.115582
-0.116218
-0.116845
-0.117465
-0.118075
-0.118678
-0.119271
-0.119857
-0.120434
-0.121002
-0.121561
-0.122112
-0.122654
-0.123187
-0.123711
-0.124226
-0.124732
-0.125229
-0.125717
-0.126196
-0.126666
-0.127127
-0.127578
-0.12802
-0.128453
-0.128877
-0.129291
-0.129695
-0.13009
-0.130476
-0.130852
-0.131218
-0.131575
-0.131922
-0.13226
-0.132588
-0.132906
-0.133214
-0.133513
-0.133801
-0.13408
-0.134349
-0.134608
-0.134857
-0.135097
-0.135326
-0.135545
-0.135755
-0.135954
-0.136143
-0.136322
-0.136492
-0.136651
-0.1368
-0.136939
-0.137068
-0.137186
-0.137295
-0.137394
-0.137482
-0.13756
-0.137628
-0.137686
-0.137734
-0.137772
-0.137799
-0.137817
-0.137824
-0.137821
-0.137808
-0.137785
-0.137751
-0.137708
-0.137654
-0.137591
-0.137517
-0.137433
-0.13734
-0.137236
-0.137122
-0.136998
-0.136864
-0.13672
-0.136566
-0.136402
-0.136229
-0.136045
-0.135852
-0.135649
-0.135435
-0.135213
-0.13498
-0.134738
-0.134485
-0.134224
-0.133952
-0.133671
-0.133381
-0.133081
-0.132771
-0.132452
-0.132124
-0.131786
-0.131439
-0.131083
-0.130717
-0.130342
-0.129958
-0.129565
-0.129163
-0.128752
-0.128332
-0.127903
-0.127465
-0.127018
-0.126563
-0.126099
-0.125626
-0.125145
-0.124655
-0.124157
-0.123651
-0.123136
-0.122613
-0.122081
-0.121542
-0.120994
-0.120439
-0.119875
-0.119304
-0.118725
-0.118138
-0.117544
-0.116942
-0.116332
-0.115715
-0.115091
-0.11446
-0.113821
-0.113175
-0.112522
-0.111863
-0.111196
-0.110523
-0.109843
-0.109156
-0.108463
-0.107764
-0.107058
-0.106346
-0.105628
-0.104904
-0.104174
-0.103438
-0.102696
-0.101948
-0.101195
-0.100437
-0.0996731
-0.098904
-0.0981297
-0.0973503
-0.096566
-0.0957768
-0.0949829
-0.0941843
-0.0933812
-0.0925736
-0.0917617
-0.0909456
-0.0901254
-0.0893012
-0.0884731
-0.0876412
-0.0868056
-0.0859666
-0.085124
-0.0842782
-0.0834292
-0.0825771
-0.081722
-0.0808641
-0.0800034
-0.0791402
-0.0782745
-0.0774064
-0.0765361
-0.0756636
-0.0747892
-0.0739129
-0.0730349
-0.0721552
-0.0712741
-0.0703916
-0.0695079
-0.0686231
-0.0677373
-0.0668507
-0.0659634
-0.0650754
-0.0641871
-0.0632984
-0.0624096
-0.0615207
-0.0606319
-0.0597433
-0.0588551
-0.0579674
-0.0570803
-0.056194
-0.0553086
-0.0544242
-0.0535411
-0.0526592
-0.0517789
-0.0509001
-0.0500231
-0.0491479
-0.0482748
-0.0474039
-0.0465353
-0.0456691
-0.0448056
-0.0439448
-0.0430869
-0.042232
-0.0413803
-0.0405319
-0.039687
-0.0388457
-0.0380081
-0.0371745
-0.0363449
-0.0355196
-0.0346985
-0.033882
-0.0330701
-0.032263
-0.0314609
-0.0306638
-0.029872
-0.0290856
-0.0283047
-0.0275294
-0.0267601
-0.0259967
-0.0252394
-0.0244884
-0.0237438
-0.0230059
-0.0222746
-0.0215503
-0.020833
-0.0201228
-0.01942
-0.0187247
-0.018037
-0.0173571
-0.0166851
-0.0160212
-0.0153656
-0.0147183
-0.0140795
-0.0134495
-0.0128282
-0.012216
-0.0116129
-0.0110191
-0.0104347
-0.00985984
-0.00929475
-0.00873953
-0.00819434
-0.00765933
-0.00713464
-0.00662042
-0.00611682
-0.00562398
-0.00514205
-0.00467118
-0.00421153
-0.00376322
-0.00332641
-0.00290124
-0.00248786
-0.00208641
-0.00169705
-0.0013199
-0.000955121
-0.00060285
-0.000263231
6.35955e-05
0.000377484
0.000678297
0.000965889
0.00124012
0.00150086
0.00174796
0.00198128
0.00220068
0.00240603
0.00259719
0.00277402
0.00293639
0.00308416
0.00321719
0.00333535
0.00343852
0.00352654
0.00359931
0.00365667
0.0036985
0.00372467
0.00373505
0.00372952
0.00370793
0.00367018
0.00361612
0.00354564
0.00345861
0.0033549
0.00323439
0.00309697
0.0029425
0.00277087
0.00258195
0.00237564
0.0021518
0.00191033
0.0016511
0.00137401
0.00107893
0.00076576
0.000434378
8.4676e-05
-0.000283457
-0.000670131
-0.00107545
-0.00149953
-0.00194247
-0.00240438
-0.00288536
-0.00338552
-0.00390496
-0.00444377
-0.00500206
-0.00557993
-0.00617748
-0.00679479
-0.00743198
-0.00808912
-0.00876632
-0.00946367
-0.0101813
-0.0109192
-0.0116775
-0.0124563
-0.0132557
-0.0140758
-0.0149167
-0.0157783
-0.0166609
-0.0175645
-0.0184892
-0.019435
-0.0204021
-0.0213904
-0.0224001
-0.0234313
-0.024484
-0.0255583
-0.0266542
-0.0277718
-0.0289113
-0.0300725
-0.0312557
-0.0324609
-0.0336881
-0.0349373
-0.0362087
-0.0375023
-0.0388181
-0.0401563
-0.0415168
-0.0428997
-0.044305
-0.0457328
-0.0471832
-0.0486561
-0.0501517
-0.0516699
-0.0532108
-0.0547744
-0.0563608
-0.05797
-0.059602
-0.0612569
-0.0629346
-0.0646353
-0.0663589
-0.0681055
-0.0698751
-0.0716676
-0.0734832
-0.0753219
-0.0771836
-0.0790683
-0.0809761
-0.0829071
-0.0848611
-0.0868382
-0.0888384
-0.0908618
-0.0929082
-0.0949778
-0.0970705
-0.0991863
-0.101325
-0.103487
-0.105672
-0.10788
-0.110112
-0.112366
-0.114643
-0.116944
-0.119267
-0.121613
-0.123982
-0.126375
-0.12879
-0.131228
-0.133688
-0.136172
-0.138678
-0.141208
-0.143759
-0.146334
-0.148931
-0.151551
-0.154193
-0.156858
-0.159545
-0.162254
-0.164986
-0.167741
-0.170517
-0.173316
-0.176136
-0.178979
-0.181844
-0.184731
-0.187639
-0.190569
-0.193521
-0.196495
-0.19949
-0.202507
-0.205545
-0.208605
-0.211686
-0.214788
-0.217911
-0.221055
-0.22422
-0.227406
-0.230612
-0.233839
-0.237087
-0.240355
-0.243644
-0.246952
-0.250281
-0.25363
-0.256999
-0.260388
-0.263796
-0.267224
-0.270671
-0.274138
-0.277624
-0.281129
-0.284654
-0.288197
-0.291758
-0.295339
-0.298938
-0.302555
-0.30619
-0.309844
-0.313515
-0.317205
-0.320912
-0.324636
-0.328378
-0.332138
-0.335914
-0.339707
-0.343517
-0.347344
-0.351187
-0.355047
-0.358922
-0.362814
-0.366722
-0.370645
-0.374584
-0.378538
-0.382508
-0.386492
-0.390491
-0.394505
-0.398534
-0.402577
-0.406634
-0.410705
-0.41479
-0.418888
-0.423
-0.427125
-0.431263
-0.435414
-0.439578
-0.443754
-0.447942
-0.452143
-0.456355
-0.460579
-0.464815
-0.469062
-0.47332
-0.477589
-0.481868
-0.486158
-0.490459
-0.494769
-0.499089
-0.503419
-0.507758
-0.512107
-0.516464
-0.52083
-0.525205
-0.529588
-0.533979
-0.538378
-0.542784
-0.547198
-0.551619
-0.556047
-0.560482
-0.564923
-0.569371
-0.573824
-0.578284
-0.582748
-0.587219
-0.591694
-0.596174
-0.600658
-0.605147
-0.60964
-0.614137
-0.618637
-0.623141
-0.627647
-0.632157
-0.636669
-0.641183
-0.6457
-0.650218
-0.654738
-0.659259
-0.663781
-0.668304
-0.672828
-0.677352
-0.681875
-0.686399
-0.690922
-0.695444
-0.699965
-0.704485
-0.709003
-0.713519
-0.718033
-0.722545
-0.727054
-0.73156
-0.736062
-0.740562
-0.745057
-0.749548
-0.754036
-0.758518
-0.762995
-0.767468
-0.771935
-0.776396
-0.780851
-0.7853
-0.789742
-0.794178
-0.798606
-0.803027
-0.80744
-0.811845
-0.816242
-0.82063
-0.82501
-0.82938
-0.833741
-0.838092
-0.842434
-0.846765
-0.851085
-0.855394
-0.859693
-0.86398
-0.868255
-0.872518
-0.876769
-0.881007
-0.885232
-0.889445
-0.893643
-0.897828
-0.901999
-0.906156
-0.910298
-0.914425
-0.918536
-0.922633
-0.926713
-0.930777
-0.934825
-0.938857
-0.942871
-0.946868
-0.950848
-0.954809
-0.958753
-0.962678
-0.966584
-0.970472
-0.97434
-0.978188
-0.982017
-0.985825
-0.989613
-0.993381
-0.997127
-1.00085
-1.00456
-1.00824
-1.0119
-1.01553
-1.01915
-1.02274
-1.0263
-1.02985
-1.03337
-1.03686
-1.04034
-1.04378
-1.0472
-1.0506
-1.05397
-1.05732
-1.06064
-1.06393
-1.06719
-1.07043
-1.07364
-1.07683
-1.07998
-1.08311
-1.08621
-1.08928
-1.09232
-1.09534
-1.09832
-1.10127
-1.1042
-1.10709
-1.10995
-1.11278
-1.11558
-1.11835
-1.12109
-1.1238
-1.12647
-1.12911
-1.13172
-1.1343
-1.13684
-1.13935
-1.14183
-1.14427
-1.14668
-1.14905
-1.15139
-1.15369
-1.15596
-1.15819
-1.16039
-1.16255
-1.16468
-1.16677
-1.16882
-1.17084
-1.17282
-1.17476
-1.17666
-1.17853
-1.18036
-1.18215
-1.1839
-1.18561
-1.18728
-1.18892
-1.19051
-1.19207
-1.19359
-1.19506
-1.1965
-1.19789
-1.19925
-1.20056
-1.20184
-1.20307
-1.20426
-1.20541
-1.20651
-1.20758
-1.2086
-1.20958
-1.21052
-1.21141
-1.21226
-1.21307
-1.21384
-1.21456
-1.21524
-1.21587
-1.21646
-1.21701
-1.21751
-1.21797
-1.21838
-1.21874
-1.21907
-1.21934
-1.21957
-1.21976
-1.2199
-1.21999
-1.22004
-1.22004
-1.22
-1.21991
-1.21977
-1.21958
-1.21935
-1.21907
-1.21875
-1.21838
-1.21796
-1.21749
-1.21697
-1.21641
-1.2158
-1.21514
-1.21443
-1.21368
-1.21287
-1.21202
-1.21112
-1.21017
-1.20917
-1.20812
-1.20703
-1.20588
-1.20469
-1.20344
-1.20215
-1.20081
-1.19942
-1.19797
-1.19648
-1.19494
-1.19335
-1.19171
-1.19002
-1.18828
-1.18649
-1.18465
-1.18276
-1.18082
-1.17883
-1.17679
-1.1747
-1.17256
-1.17036
-1.16812
-1.16583
-1.16348
-1.16109
-1.15865
-1.15615
-1.15361
-1.15101
-1.14836
-1.14567
-1.14292
-1.14012
-1.13727
-1.13437
-1.13142
-1.12842
-1.12537
-1.12226
-1.11911
-1.11591
-1.11265
-1.10935
-1.10599
-1.10259
-1.09913
-1.09563
-1.09207
-1.08846
-1.08481
-1.0811
-1.07734
-1.07353
-1.06968
-1.06577
-1.06181
-1.0578
-1.05375
-1.04964
-1.04548
-1.04128
-1.03702
-1.03272
-1.02836
-1.02396
-1.0195
-1.015
-1.01045
-1.00585
-1.0012
-0.996504
-0.991758
-0.986963
-0.98212
-0.977229
-0.97229
-0.967302
-0.962267
-0.957184
-0.952053
-0.946875
-0.94165
-0.936377
-0.931057
-0.92569
-0.920277
-0.914817
-0.90931
-0.903757
-0.898158
-0.892512
-0.886821
-0.881085
-0.875302
-0.869475
-0.863602
-0.857684
-0.851721
-0.845714
-0.839662
-0.833566
-0.827426
-0.821242
-0.815014
-0.808743
-0.802429
-0.796071
-0.789671
-0.783228
-0.776742
-0.770214
-0.763644
-0.757033
-0.75038
-0.743685
-0.73695
-0.730173
-0.723356
-0.716499
-0.709601
-0.702663
-0.695686
-0.688669
-0.681613
-0.674518
-0.667385
-0.660213
-0.653002
-0.645754
-0.638469
-0.631145
-0.623785
-0.616388
-0.608955
-0.601485
-0.593979
-0.586437
-0.57886
-0.571248
-0.563601
-0.555919
-0.548203
-0.540453
-0.53267
-0.524853
-0.517003
-0.50912
-0.501205
-0.493257
-0.485278
-0.477267
-0.469225
-0.461153
-0.453049
-0.444915
-0.436752
-0.428559
-0.420336
-0.412085
-0.403805
-0.395497
-0.38716
-0.378797
-0.370406
-0.361988
-0.353543
-0.345072
-0.336576
-0.328054
-0.319507
-0.310935
-0.302338
-0.293718
-0.285074
-0.276406
-0.267715
-0.259002
-0.250267
-0.241509
-0.232731
-0.223931
-0.21511
-0.206269
-0.197408
-0.188527
-0.179627
-0.170708
-0.161771
-0.152815
-0.143842
-0.134852
-0.125844
-0.116821
-0.107781
-0.0987249
-0.0896538
-0.0805678
-0.0714672
-0.0623525
-0.0532241
-0.0440823
-0.0349276
-0.0257604
-0.0165811
-0.0073901
0.00181222
0.0110254
0.0202491
0.0294828
0.0387262
0.0479788
0.0572401
0.0665099
0.0757877
0.085073
0.0943654
0.103665
0.11297
0.122281
0.131598
0.14092
0.150246
0.159577
0.168911
0.178248
0.187589
0.196931
0.206276
0.215623
0.22497
0.234318
0.243667
0.253015
0.262363
0.27171
0.281055
0.290398
0.299739
0.309078
0.318413
0.327744
0.337071
0.346394
0.355712
0.365024
0.374331
0.383631
0.392925
0.402211
0.41149
0.42076
0.430023
0.439276
0.44852
0.457754
0.466978
0.476191
0.485393
0.494583
0.503762
0.512928
0.522081
0.53122
0.540346
0.549458
0.558555
0.567637
0.576703
0.585754
0.594788
0.603805
0.612805
0.621787
0.630751
0.639696
0.648622
0.657529
0.666416
0.675283
0.684129
0.692953
0.701756
0.710537
0.719295
0.72803
0.736742
0.745431
0.754095
0.762734
0.771348
0.779937
0.7885
0.797036
0.805546
0.814028
0.822483
0.830909
0.839308
0.847677
0.856017
0.864327
0.872608
0.880857
0.889076
0.897263
0.905419
0.913542
0.921633
0.929691
0.937715
0.945705
0.953662
0.961583
0.96947
0.977321
0.985137
0.992916
1.00066
1.00836
1.01603
1.02366
1.03126
1.03881
1.04632
1.0538
1.06124
1.06863
1.07599
1.0833
1.09057
1.09781
1.105
1.11214
1.11925
1.12631
1.13333
1.1403
1.14723
1.15412
1.16096
1.16776
1.17451
1.18121
1.18787
1.19448
1.20105
1.20756
1.21403
1.22046
1.22683
1.23316
1.23943
1.24566
1.25184
1.25797
1.26404
1.27007
1.27605
1.28197
1.28784
1.29367
1.29944
1.30515
1.31082
1.31643
1.32199
1.32749
1.33294
1.33834
1.34368
1.34897
1.35421
1.35938
1.36451
1.36957
1.37458
1.37954
1.38443
1.38927
1.39406
1.39878
1.40345
1.40806
1.41262
1.41711
1.42155
1.42592
1.43024
1.4345
1.4387
1.44284
1.44692
1.45094
1.45489
1.45879
1.46263
1.46641
1.47012
1.47377
1.47737
1.4809
1.48436
1.48777
1.49111
1.4944
1.49761
1.50077
1.50386
1.50689
1.50986
1.51276
1.5156
1.51837
1.52108
1.52373
1.52631
1.52883
1.53128
1.53367
1.53599
1.53825
1.54044
1.54257
1.54463
1.54663
1.54856
1.55042
1.55222
1.55396
1.55562
1.55722
1.55876
1.56023
1.56163
1.56297
1.56423
1.56544
1.56657
1.56764
1.56864
1.56958
1.57045
1.57125
1.57198
1.57265
1.57325
1.57378
1.57425
1.57465
1.57498
1.57524
1.57544
1.57556
1.57563
1.57562
1.57555
1.5754
1.5752
1.57492
1.57458
1.57417
1.57369
1.57314
1.57253
1.57185
1.5711
1.57029
1.56941
1.56846
1.56744
1.56636
1.56521
1.56399
1.56271
1.56136
1.55994
1.55845
1.5569
1.55528
1.5536
1.55185
1.55003
1.54814
1.54619
1.54418
1.5421
1.53995
1.53773
1.53545
1.53311
1.5307
1.52822
1.52568
1.52307
1.5204
1.51767
1.51487
1.512
1.50907
1.50608
1.50302
1.4999
1.49671
1.49346
1.49015
1.48677
1.48333
1.47983
1.47626
1.47263
1.46894
1.46519
1.46137
1.4575
1.45356
1.44956
1.4455
1.44138
1.43719
1.43295
1.42864
1.42428
1.41985
1.41537
1.41083
1.40622
1.40156
1.39684
1.39206
1.38722
1.38233
1.37737
1.37236
1.36729
1.36217
1.35699
1.35175
1.34645
1.3411
1.3357
1.33023
1.32472
1.31914
1.31352
1.30784
1.3021
1.29631
1.29047
1.28458
1.27863
1.27263
1.26657
1.26047
1.25431
1.24811
1.24185
1.23554
1.22918
1.22277
1.21632
1.20981
1.20325
1.19665
1.18999
1.18329
1.17655
1.16975
1.16291
1.15602
1.14908
1.1421
1.13508
1.12801
1.12089
1.11373
1.10653
1.09928
1.09199
1.08466
1.07728
1.06986
1.06241
1.0549
1.04736
1.03978
1.03216
1.0245
1.0168
1.00906
1.00128
0.993467
0.985614
0.977724
0.969797
0.961833
0.953834
0.945798
0.937728
0.929623
0.921484
0.913311
0.905105
0.896866
0.888594
0.88029
0.871954
0.863587
0.855189
0.846761
0.838303
0.829815
0.821298
0.812753
0.804179
0.795578
0.786949
0.778294
0.769612
0.760905
0.752172
0.743414
0.734631
0.725824
0.716994
0.70814
0.699264
0.690366
0.681445
0.672504
0.663541
0.654558
0.645556
0.636534
0.627492
0.618433
0.609355
0.60026
0.591147
0.582019
0.572873
0.563713
0.554537
0.545346
0.536141
0.526923
0.517691
0.508446
0.499189
0.489921
0.48064
0.47135
0.462048
0.452737
0.443416
0.434087
0.424749
0.415403
0.406049
0.396689
0.387322
0.377949
0.368571
0.359187
0.349799
0.340407
0.331011
0.321612
0.312211
0.302807
0.293402
0.283996
0.274589
0.265182
0.255775
0.246369
0.236964
0.227561
0.21816
0.208762
0.199367
0.189976
0.180589
0.171207
0.16183
0.152458
0.143093
0.133734
0.124382
0.115038
0.105702
0.0963746
0.087056
0.0777469
0.0684477
0.059159
0.0498812
0.0406147
0.0313601
0.0221178
0.0128884
0.00367215
-0.00553031
-0.0147186
-0.0238921
-0.0330506
-0.0421934
-0.0513201
-0.0604303
-0.0695235
-0.0785992
-0.087657
-0.0966964
-0.105717
-0.114718
-0.1237
-0.132661
-0.141602
-0.150521
-0.159419
-0.168295
-0.177148
-0.185979
-0.194786
-0.203569
-0.212328
-0.221063
-0.229772
-0.238456
-0.247114
-0.255745
-0.264349
-0.272926
-0.281476
-0.289997
-0.29849
-0.306953
-0.315388
-0.323792
-0.332166
-0.34051
-0.348822
-0.357103
-0.365352
-0.373568
-0.381752
-0.389903
-0.39802
-0.406103
-0.414152
-0.422167
-0.430146
-0.438089
-0.445997
-0.453868
-0.461703
-0.469501
-0.477261
-0.484983
-0.492667
-0.500313
-0.507919
-0.515487
-0.523014
-0.530502
-0.537949
-0.545356
-0.552721
-0.560045
-0.567327
-0.574567
-0.581764
-0.588919
-0.59603
-0.603098
-0.610121
-0.617101
-0.624036
-0.630926
-0.637771
-0.644571
-0.651324
-0.658032
-0.664693
-0.671307
-0.677874
-0.684394
-0.690866
-0.69729
-0.703666
-0.709993
-0.716271
-0.7225
-0.728679
-0.734809
-0.740889
-0.746918
-0.752897
-0.758825
-0.764702
-0.770528
-0.776302
-0.782024
-0.787694
-0.793311
-0.798876
-0.804388
-0.809847
-0.815252
-0.820604
-0.825902
-0.831145
-0.836335
-0.84147
-0.84655
-0.851575
-0.856545
-0.86146
-0.866319
-0.871122
-0.875869
-0.88056
-0.885194
-0.889772
-0.894293
-0.898757
-0.903164
-0.907514
-0.911806
-0.916041
-0.920217
-0.924336
-0.928396
-0.932399
-0.936342
-0.940227
-0.944053
-0.947821
-0.951529
-0.955178
-0.958768
-0.962298
-0.965769
-0.96918
-0.972531
-0.975822
-0.979053
-0.982224
-0.985334
-0.988385
-0.991375
-0.994304
-0.997172
-0.99998
-1.00273
-1.00541
-1.00804
-1.0106
-1.0131
-1.01555
-1.01793
-1.02025
-1.0225
-1.0247
-1.02683
-1.02891
-1.03092
-1.03287
-1.03476
-1.03658
-1.03835
-1.04005
-1.04169
-1.04327
-1.04479
-1.04625
-1.04764
-1.04897
-1.05024
-1.05145
-1.0526
-1.05369
-1.05471
-1.05567
-1.05657
-1.05741
-1.05819
-1.0589
-1.05955
-1.06015
-1.06068
-1.06115
-1.06155
-1.0619
-1.06218
-1.06241
-1.06257
-1.06267
-1.06271
-1.06269
-1.06261
-1.06246
-1.06226
-1.062
-1.06167
-1.06129
-1.06084
-1.06034
-1.05977
-1.05914
-1.05846
-1.05771
-1.05691
-1.05604
-1.05512
-1.05413
-1.05309
-1.05199
-1.05083
-1.04961
-1.04833
-1.04699
-1.04559
-1.04414
-1.04263
-1.04106
-1.03943
-1.03775
-1.036
-1.0342
-1.03235
-1.03043
-1.02846
-1.02644
-1.02435
-1.02221
-1.02002
-1.01777
-1.01546
-1.0131
-1.01068
-1.00821
-1.00569
-1.00311
-1.00047
-0.997781
-0.995038
-0.992241
-0.989392
-0.986488
-0.983533
-0.980524
-0.977463
-0.97435
-0.971185
-0.967968
-0.9647
-0.96138
-0.95801
-0.954589
-0.951118
-0.947597
-0.944025
-0.940405
-0.936735
-0.933015
-0.929248
-0.925431
-0.921567
-0.917654
-0.913694
-0.909687
-0.905633
-0.901532
-0.897384
-0.893191
-0.888951
-0.884666
-0.880336
-0.875961
-0.871541
-0.867077
-0.86257
-0.858018
-0.853423
-0.848785
-0.844105
-0.839382
-0.834617
-0.829811
-0.824963
-0.820074
-0.815145
-0.810175
-0.805165
-0.800116
-0.795027
-0.7899
-0.784733
-0.779529
-0.774287
-0.769007
-0.76369
-0.758336
-0.752945
-0.747519
-0.742057
-0.736559
-0.731027
-0.72546
-0.719858
-0.714223
-0.708554
-0.702852
-0.697118
-0.691351
-0.685551
-0.679721
-0.673859
-0.667966
-0.662043
-0.65609
-0.650107
-0.644094
-0.638053
-0.631983
-0.625886
-0.61976
-0.613607
-0.607427
-0.601221
-0.594988
-0.58873
-0.582446
-0.576138
-0.569805
-0.563447
-0.557066
-0.550662
-0.544235
-0.537785
-0.531313
-0.524819
-0.518305
-0.511769
-0.505213
-0.498636
-0.492041
-0.485425
-0.478791
-0.472139
-0.465469
-0.458781
-0.452076
-0.445354
-0.438616
-0.431862
-0.425092
-0.418308
-0.411508
-0.404695
-0.397867
-0.391027
-0.384173
-0.377307
-0.370428
-0.363538
-0.356637
-0.349724
-0.342802
-0.335869
-0.328926
-0.321975
-0.315014
-0.308046
-0.301069
-0.294085
-0.287093
-0.280095
-0.273091
-0.266081
-0.259065
-0.252045
-0.245019
-0.23799
-0.230957
-0.223921
-0.216881
-0.209839
-0.202795
-0.19575
-0.188703
-0.181655
-0.174607
-0.167559
-0.160511
-0.153464
-0.146419
-0.139375
-0.132333
-0.125293
-0.118256
-0.111223
-0.104193
-0.0971675
-0.0901464
-0.0831301
-0.0761191
-0.0691139
-0.0621147
-0.055122
-0.0481363
-0.0411578
-0.0341871
-0.0272244
-0.0202703
-0.013325
-0.00638903
0.00053728
0.00745352
0.0143593
0.0212543
0.028138
0.0350101
0.0418702
0.0487179
0.0555528
0.0623746
0.0691829
0.0759772
0.0827573
0.0895227
0.0962731
0.103008
0.109727
0.11643
0.123117
0.129787
0.136439
0.143074
0.149691
0.156289
0.162869
0.16943
0.175971
0.182493
0.188995
0.195476
0.201936
0.208375
0.214793
0.221189
0.227563
0.233914
0.240243
0.246548
0.25283
0.259088
0.265322
0.271531
0.277715
0.283875
0.290009
0.296117
0.302199
0.308255
0.314284
0.320286
0.326261
0.332208
0.338127
0.344018
0.34988
0.355714
0.361519
0.367294
0.373039
0.378755
0.38444
0.390095
0.395719
0.401311
0.406873
0.412403
0.4179
0.423366
0.4288
0.4342
0.439568
0.444902
0.450203
0.45547
0.460704
0.465903
0.471068
0.476197
0.481292
0.486352
0.491377
0.496366
0.501319
0.506235
0.511116
0.51596
0.520767
0.525538
0.530271
0.534966
0.539625
0.544245
0.548827
0.553372
0.557878
0.562345
0.566773
0.571163
0.575513
0.579824
0.584096
0.588328
0.59252
0.596672
0.600784
0.604856
0.608887
0.612877
0.616827
0.620735
0.624603
0.628429
0.632214
0.635957
0.639659
0.643319
0.646936
0.650512
0.654046
0.657537
0.660986
0.664392
0.667756
0.671076
0.674354
0.677589
0.680781
0.683929
0.687035
0.690097
0.693115
0.69609
0.699021
0.701908
0.704752
0.707552
0.710308
0.71302
0.715687
0.718311
0.72089
0.723425
0.725916
0.728362
0.730764
0.733122
0.735435
0.737703
0.739927
0.742106
0.744241
0.746331
0.748376
0.750376
0.752332
0.754243
0.75611
0.757931
0.759708
0.76144
0.763127
0.764769
0.766367
0.76792
0.769428
0.770891
0.77231
0.773684
0.775013
0.776298
0.777538
0.778734
0.779885
0.780991
0.782053
0.783071
0.784044
0.784973
0.785857
0.786698
0.787494
0.788246
0.788954
0.789618
0.790239
0.790815
0.791348
0.791837
0.792282
0.792684
0.793043
0.793358
0.79363
0.793859
0.794045
0.794187
0.794288
0.794345
0.794359
0.794332
0.794261
0.794149
0.793994
0.793798
0.793559
0.793279
0.792956
0.792593
0.792188
0.791742
0.791254
0.790726
0.790157
0.789547
0.788897
0.788206
0.787475
0.786704
0.785893
0.785042
0.784152
0.783223
0.782254
0.781246
0.780199
0.779113
0.777989
0.776827
0.775626
0.774387
0.773111
0.771797
0.770446
0.769057
0.767631
0.766169
0.764669
0.763134
0.761562
0.759954
0.75831
0.756631
0.754916
0.753167
0.751382
0.749562
0.747708
0.74582
0.743898
0.741942
0.739952
0.737929
0.735873
0.733783
0.731662
0.729507
0.727321
0.725103
0.722852
0.720571
0.718258
0.715914
0.71354
0.711135
0.7087
0.706235
0.70374
0.701216
0.698663
0.696081
0.69347
0.690831
0.688163
0.685468
0.682745
0.679995
0.677218
0.674414
0.671584
0.668727
0.665845
0.662936
0.660003
0.657044
0.654061
0.651053
0.648021
0.644964
0.641884
0.638781
0.635655
0.632506
0.629334
0.62614
0.622924
0.619687
0.616428
0.613148
0.609847
0.606526
0.603185
0.599824
0.596443
0.593043
0.589625
0.586187
0.582731
0.579257
0.575766
0.572257
0.568731
0.565188
0.561628
0.558052
0.554461
0.550854
0.547231
0.543594
0.539942
0.536275
0.532595
0.5289
0.525193
0.521472
0.517739
0.513993
0.510234
0.506464
0.502683
0.49889
0.495086
0.491272
0.487448
0.483613
0.479769
0.475915
0.472053
0.468181
0.464302
0.460414
0.456518
0.452615
0.448705
0.444788
0.440865
0.436935
0.432999
0.429058
0.425112
0.421161
0.417204
0.413244
0.40928
0.405312
0.40134
0.397366
0.393388
0.389409
0.385427
0.381443
0.377457
0.373471
0.369483
0.365495
0.361507
0.357518
0.35353
0.349543
0.345556
0.341571
0.337587
0.333605
0.329625
0.325647
0.321672
0.3177
0.313732
0.309767
0.305806
0.301849
0.297896
0.293949
0.290006
0.286069
0.282137
0.278212
0.274292
0.270379
0.266473
0.262574
0.258682
0.254798
0.250922
0.247054
0.243195
0.239344
0.235503
0.23167
0.227847
0.224034
0.220232
0.216439
0.212657
0.208887
0.205127
0.201379
0.197642
0.193918
0.190205
0.186506
0.182818
0.179144
0.175484
0.171836
0.168203
0.164583
0.160978
0.157387
0.153811
0.15025
0.146704
0.143174
0.139659
0.13616
0.132678
0.129211
0.125762
0.122329
0.118913
0.115515
0.112134
0.108771
0.105426
0.102099
0.0987903
0.0955003
0.0922292
0.0889771
0.0857442
0.0825308
0.079337
0.076163
0.0730091
0.0698755
0.0667622
0.0636697
0.0605979
0.0575471
0.0545176
0.0515094
0.0485228
0.0455579
0.042615
0.0396941
0.0367956
0.0339195
0.031066
0.0282353
0.0254275
0.0226429
0.0198815
0.0171436
0.0144292
0.0117387
0.00907197
0.00642933
0.0038109
0.00121681
-0.0013528
-0.00389777
-0.00641798
-0.00891328
-0.0113835
-0.0138286
-0.0162484
-0.0186428
-0.0210116
-0.0233548
-0.0256721
-0.0279635
-0.0302289
-0.0324682
-0.0346812
-0.0368679
-0.039028
-0.0411616
-0.0432686
-0.0453488
-0.0474021
-0.0494284
-0.0514277
-0.0533998
-0.0553447
-0.0572624
-0.0591526
-0.0610153
-0.0628505
-0.064658
-0.0664379
-0.06819
-0.0699143
-0.0716106
-0.073279
-0.0749194
-0.0765317
-0.0781159
-0.0796718
-0.0811996
-0.082699
-0.0841702
-0.0856129
-0.0870273
-0.0884132
-0.0897706
-0.0910995
-0.0923998
-0.0936716
-0.0949148
-0.0961293
-0.0973152
-0.0984725
-0.099601
-0.100701
-0.101772
-0.102815
-0.103828
-0.104813
-0.10577
-0.106697
-0.107596
-0.108466
-0.109308
-0.110121
-0.110905
-0.11166
-0.112387
-0.113085
-0.113755
-0.114396
-0.115008
-0.115592
-0.116148
-0.116675
-0.117174
-0.117644
-0.118086
-0.1185
-0.118886
-0.119243
-0.119572
-0.119873
-0.120147
-0.120392
-0.120609
-0.120799
-0.12096
-0.121094
-0.121201
-0.12128
-0.121331
-0.121355
-0.121352
-0.121322
-0.121264
-0.121179
-0.121068
-0.120929
-0.120764
-0.120572
-0.120353
-0.120108
-0.119837
-0.119539
-0.119215
-0.118865
-0.118489
-0.118087
-0.11766
-0.117206
-0.116728
-0.116224
-0.115695
-0.11514
-0.114561
-0.113956
-0.113328
-0.112674
-0.111996
-0.111293
-0.110567
-0.109816
-0.109042
-0.108243
-0.107422
-0.106576
-0.105707
-0.104816
-0.103901
-0.102963
-0.102003
-0.10102
-0.100015
-0.098987
-0.0979375
-0.0968661
-0.095773
-0.0946583
-0.0935223
-0.0923652
-0.091187
-0.0899879
-0.0887683
-0.0875281
-0.0862677
-0.0849871
-0.0836866
-0.0823664
-0.0810267
-0.0796676
-0.0782893
-0.0768921
-0.0754761
-0.0740415
-0.0725885
-0.0711173
-0.0696282
-0.0681213
-0.0665968
-0.0650549
-0.0634958
-0.0619198
-0.0603271
-0.0587178
-0.0570922
-0.0554504
-0.0537928
-0.0521195
-0.0504307
-0.0487266
-0.0470075
-0.0452736
-0.0435251
-0.0417622
-0.0399852
-0.0381942
-0.0363895
-0.0345714
-0.03274
-0.0308956
-0.0290383
-0.0271686
-0.0252864
-0.0233922
-0.0214861
-0.0195684
-0.0176393
-0.015699
-0.0137478
-0.0117859
-0.00981354
-0.00783096
-0.00583841
-0.00383611
-0.00182432
0.000196726
0.00222679
0.00426562
0.00631298
0.00836863
0.0104323
0.0125038
0.0145828
0.0166692
0.0187626
0.0208628
0.0229696
0.0250827
0.0272018
0.0293268
0.0314574
0.0335933
0.0357342
0.03788
0.0400304
0.042185
0.0443438
0.0465064
0.0486725
0.050842
0.0530145
0.0551898
0.0573678
0.059548
0.0617303
0.0639144
0.0661001
0.0682871
0.0704751
0.0726639
0.0748533
0.077043
0.0792328
0.0814223
0.0836114
0.0857998
0.0879872
0.0901735
0.0923582
0.0945413
0.0967224
0.0989014
0.101078
0.103252
0.105422
0.10759
0.109754
0.111915
0.114071
0.116223
0.118371
0.120515
0.122653
0.124786
0.126914
0.129036
0.131152
0.133262
0.135366
0.137463
0.139553
0.141636
0.143712
0.14578
0.14784
0.149892
0.151936
0.153972
0.155998
0.158016
0.160025
0.162024
0.164013
0.165992
0.167962
0.16992
0.171869
0.173806
0.175733
0.177648
0.179552
0.181444
0.183324
0.185191
0.187047
0.18889
0.19072
0.192537
0.194341
0.196131
0.197908
0.199671
0.20142
0.203154
0.204874
0.20658
0.20827
0.209946
0.211606
0.21325
0.214879
0.216492
0.218089
0.21967
0.221234
0.222781
0.224312
0.225826
0.227322
0.228801
0.230263
0.231707
0.233132
0.23454
0.235929
0.2373
0.238653
0.239986
0.241301
0.242596
0.243872
0.245128
0.246365
0.247582
0.24878
0.249957
0.251113
0.25225
0.253366
0.254461
0.255535
0.256588
0.25762
0.258631
0.25962
0.260588
0.261534
0.262458
0.26336
0.26424
0.265098
0.265934
0.266747
0.267537
0.268305
0.26905
0.269772
0.270471
0.271146
0.271799
0.272427
0.273033
0.273615
0.274173
0.274707
0.275218
0.275704
0.276166
0.276604
0.277018
0.277408
0.277773
0.278113
0.278429
0.278721
0.278987
0.279229
0.279446
0.279637
0.279804
0.279946
0.280063
0.280154
0.28022
0.280261
0.280276
0.280266
0.280231
0.28017
0.280083
0.279971
0.279833
0.279669
0.27948
0.279265
0.279025
0.278758
0.278466
0.278147
0.277803
0.277434
0.277038
0.276616
0.276168
0.275695
0.275195
0.27467
0.274119
0.273541
0.272938
0.272309
0.271654
0.270973
0.270266
0.269534
0.268775
0.267991
0.26718
0.266344
0.265483
0.264595
0.263682
0.262744
0.261779
0.260789
0.259774
0.258733
0.257666
0.256574
0.255457
0.254315
0.253147
0.251954
0.250736
0.249493
0.248225
0.246932
0.245615
0.244272
0.242905
0.241513
0.240097
0.238656
0.237191
0.235701
0.234188
0.23265
0.231088
0.229502
0.227893
0.22626
0.224603
0.222922
0.221219
0.219491
0.217741
0.215968
0.214172
0.212353
0.210511
0.208646
0.20676
0.20485
0.202919
0.200966
0.19899
0.196993
0.194974
0.192934
0.190872
0.188789
0.186685
0.184559
0.182414
0.180247
0.17806
0.175853
0.173625
0.171378
0.16911
0.166823
0.164516
0.16219
0.159845
0.157481
0.155098
0.152696
0.150276
0.147838
0.145381
0.142907
0.140415
0.137905
0.135378
0.132833
0.130272
0.127694
0.125099
0.122488
0.119861
0.117217
0.114558
0.111883
0.109193
0.106488
0.103768
0.101033
0.0982835
0.0955197
0.0927418
0.08995
0.0871445
0.0843256
0.0814935
0.0786484
0.0757905
0.07292
0.0700373
0.0671424
0.0642358
0.0613175
0.0583878
0.0554469
0.0524952
0.0495328
0.04656
0.0435769
0.0405839
0.0375813
0.0345691
0.0315478
0.0285174
0.0254784
0.0224309
0.0193752
0.0163115
0.0132401
0.0101613
0.00707524
0.00398225
0.000882582
-0.00222351
-0.00533578
-0.00845394
-0.0115778
-0.014707
-0.0178413
-0.0209804
-0.0241242
-0.0272723
-0.0304244
-0.0335803
-0.0367398
-0.0399025
-0.0430682
-0.0462366
-0.0494074
-0.0525804
-0.0557553
-0.0589318
-0.0621096
-0.0652886
-0.0684683
-0.0716485
-0.074829
-0.0780095
-0.0811896
-0.0843692
-0.0875479
-0.0907254
-0.0939015
-0.0970759
-0.100248
-0.103419
-0.106586
-0.109751
-0.112913
-0.116071
-0.119226
-0.122376
-0.125523
-0.128665
-0.131802
-0.134934
-0.13806
-0.141181
-0.144297
-0.147405
-0.150508
-0.153603
-0.156692
-0.159773
-0.162847
-0.165912
-0.16897
-0.172019
-0.175059
-0.17809
-0.181112
-0.184125
-0.187127
-0.190119
-0.193101
-0.196072
-0.199032
-0.201981
-0.204918
-0.207844
-0.210757
-0.213658
-0.216546
-0.219421
-0.222283
-0.225132
-0.227966
-0.230787
-0.233593
-0.236385
-0.239162
-0.241924
-0.24467
-0.247401
-0.250115
-0.252814
-0.255496
-0.258161
-0.260809
-0.26344
-0.266053
-0.268649
-0.271226
-0.273785
-0.276326
-0.278847
-0.28135
-0.283833
-0.286297
-0.28874
-0.291164
-0.293567
-0.295949
-0.29831
-0.300651
-0.30297
-0.305267
-0.307542
-0.309795
-0.312026
-0.314234
-0.31642
-0.318582
-0.320721
-0.322836
-0.324928
-0.326995
-0.329038
-0.331057
-0.333051
-0.33502
-0.336964
-0.338882
-0.340775
-0.342642
-0.344482
-0.346297
-0.348085
-0.349846
-0.35158
-0.353287
-0.354967
-0.356619
-0.358244
-0.35984
-0.361408
-0.362948
-0.364459
-0.365942
-0.367395
-0.36882
-0.370215
-0.37158
-0.372916
-0.374221
-0.375497
-0.376743
-0.377957
-0.379142
-0.380295
-0.381418
-0.382509
-0.383569
-0.384598
-0.385595
-0.38656
-0.387493
-0.388394
-0.389263
-0.390099
-0.390903
-0.391673
-0.392412
-0.393117
-0.393788
-0.394427
-0.395032
-0.395604
-0.396142
-0.396646
-0.397116
-0.397552
-0.397953
-0.398321
-0.398654
-0.398952
-0.399216
-0.399445
-0.399639
-0.399798
-0.399922
-0.400011
-0.400064
-0.400082
-0.400065
-0.400012
-0.399923
-0.399799
-0.399639
-0.399443
-0.39921
-0.398942
-0.398638
-0.398298
-0.397921
-0.397508
-0.397059
-0.396573
-0.396051
-0.395492
-0.394896
-0.394264
-0.393596
-0.39289
-0.392148
-0.391369
-0.390553
-0.389701
-0.388811
-0.387885
-0.386922
-0.385921
-0.384884
-0.38381
-0.382699
-0.381551
-0.380366
-0.379144
-0.377885
-0.376589
-0.375256
-0.373886
-0.372479
-0.371035
-0.369554
-0.368037
-0.366482
-0.364891
-0.363263
-0.361598
-0.359896
-0.358158
-0.356383
-0.354572
-0.352724
-0.350839
-0.348918
-0.346961
-0.344967
-0.342937
-0.340871
-0.338769
-0.336631
-0.334456
-0.332246
-0.33
-0.327719
-0.325401
-0.323049
-0.32066
-0.318237
-0.315778
-0.313284
-0.310755
-0.308191
-0.305592
-0.302958
-0.30029
-0.297588
-0.294851
-0.292079
-0.289274
-0.286435
-0.283562
-0.280655
-0.277715
-0.274741
-0.271734
-0.268694
-0.265621
-0.262515
-0.259377
-0.256206
-0.253003
-0.249767
-0.2465
-0.243201
-0.23987
-0.236508
-0.233114
-0.22969
-0.226234
-0.222748
-0.219231
-0.215684
-0.212107
-0.2085
-0.204863
-0.201197
-0.197501
-0.193777
-0.190023
-0.186241
-0.18243
-0.178591
-0.174724
-0.17083
