0
61.2659
0.0226963
0.0117502
0.000795512
-0.0101657
-0.0211316
-0.0321002
-0.0430696
-0.0540378
-0.065003
-0.0759631
-0.0869163
-0.0978606
-0.108794
-0.119715
-0.130621
-0.14151
-0.152381
-0.163231
-0.174059
-0.184863
-0.19564
-0.206389
-0.217108
-0.227795
-0.238449
-0.249066
-0.259646
-0.270186
-0.280684
-0.29114
-0.30155
-0.311913
-0.322227
-0.33249
-0.342701
-0.352857
-0.362957
-0.372999
-0.382981
-0.392901
-0.402758
-0.41255
-0.422274
-0.43193
-0.441516
-0.451029
-0.460468
-0.469831
-0.479117
-0.488324
-0.49745
-0.506494
-0.515454
-0.524328
-0.533115
-0.541813
-0.55042
-0.558936
-0.567357
-0.575684
-0.583914
-0.592046
-0.600078
-0.608009
-0.615837
-0.623562
-0.63118
-0.638692
-0.646096
-0.65339
-0.660573
-0.667644
-0.674601
-0.681443
-0.688169
-0.694777
-0.701266
-0.707636
-0.713885
-0.720011
-0.726013
-0.731891
-0.737644
-0.743269
-0.748767
-0.754136
-0.759375
-0.764482
-0.769458
-0.774301
-0.77901
-0.783584
-0.788023
-0.792325
-0.79649
-0.800517
-0.804404
-0.808152
-0.811759
-0.815225
-0.81855
-0.821731
-0.82477
-0.827664
-0.830414
-0.833019
-0.835478
-0.837791
-0.839958
-0.841977
-0.843849
-0.845573
-0.847148
-0.848575
-0.849853
-0.850981
-0.851959
-0.852788
-0.853466
-0.853994
-0.854371
-0.854597
-0.854672
-0.854597
-0.85437
-0.853992
-0.853463
-0.852782
-0.851951
-0.850968
-0.849834
-0.848549
-0.847113
-0.845527
-0.84379
-0.841903
-0.839865
-0.837678
-0.835341
-0.832856
-0.830221
-0.827437
-0.824506
-0.821427
-0.818201
-0.814827
-0.811308
-0.807643
-0.803832
-0.799877
-0.795778
-0.791536
-0.787151
-0.782623
-0.777955
-0.773145
-0.768196
-0.763108
-0.757881
-0.752517
-0.747016
-0.741379
-0.735608
-0.729703
-0.723664
-0.717494
-0.711192
-0.704761
-0.698201
-0.691513
-0.684698
-0.677757
-0.670692
-0.663503
-0.656193
-0.648761
-0.64121
-0.63354
-0.625752
-0.617849
-0.609831
-0.6017
-0.593457
-0.585104
-0.576641
-0.56807
-0.559393
-0.550611
-0.541726
-0.532739
-0.523651
-0.514465
-0.505181
-0.495802
-0.486328
-0.476762
-0.467104
-0.457358
-0.447524
-0.437603
-0.427599
-0.417512
-0.407344
-0.397096
-0.386772
-0.376371
-0.365897
-0.355351
-0.344734
-0.334049
-0.323298
-0.312481
-0.301602
-0.290662
-0.279662
-0.268605
-0.257493
-0.246327
-0.23511
-0.223843
-0.212528
-0.201168
-0.189764
-0.178318
-0.166833
-0.155309
-0.14375
-0.132157
-0.120532
-0.108878
-0.0971954
-0.0854874
-0.0737558
-0.0620025
-0.0502297
-0.0384394
-0.0266336
-0.0148144
-0.00298387
0.0088559
0.0207029
0.0325549
0.04441
0.056266
0.0681209
0.0799726
0.091819
0.103658
0.115488
0.127306
0.13911
0.150899
0.162669
0.17442
0.186149
0.197854
0.209533
0.221184
0.232804
0.244393
0.255946
0.267464
0.278943
0.290381
0.301777
0.313128
0.324433
0.335689
0.346895
0.358048
0.369146
0.380188
0.391171
0.402094
0.412954
0.423749
0.434479
0.445139
0.45573
0.466249
0.476693
0.487061
0.497352
0.507563
0.517693
0.527739
0.5377
0.547573
0.557359
0.567053
0.576655
0.586164
0.595576
0.604891
0.614106
0.623221
0.632233
0.641141
0.649943
0.658637
0.667222
0.675697
0.684059
0.692307
0.70044
0.708457
0.716354
0.724133
0.731789
0.739323
0.746733
0.754018
0.761175
0.768205
0.775105
0.781874
0.788511
0.795014
0.801383
0.807616
0.813712
0.81967
0.825488
0.831166
0.836703
0.842096
0.847346
0.852452
0.857411
0.862224
0.86689
0.871406
0.875774
0.87999
0.884056
0.88797
0.891731
0.895338
0.898791
0.902089
0.905231
0.908217
0.911045
0.913716
0.916229
0.918583
0.920778
0.922812
0.924687
0.9264
0.927953
0.929344
0.930573
0.93164
0.932544
0.933285
0.933863
0.934278
0.934529
0.934617
0.934541
0.934301
0.933897
0.933328
0.932596
0.9317
0.930639
0.929415
0.928026
0.926474
0.924758
0.922879
0.920837
0.918631
0.916263
0.913732
0.911039
0.908185
0.905169
0.901992
0.898654
0.895157
0.891499
0.887683
0.883708
0.879575
0.875285
0.870838
0.866235
0.861476
0.856563
0.851496
0.846276
0.840903
0.835379
0.829704
0.82388
0.817906
0.811785
0.805516
0.799102
0.792542
0.785839
0.778992
0.772004
0.764875
0.757606
0.750199
0.742655
0.734975
0.72716
0.719212
0.711131
0.70292
0.694579
0.686109
0.677513
0.668792
0.659946
0.650978
0.641889
0.632681
0.623354
0.613911
0.604353
0.594681
0.584898
0.575005
0.565003
0.554894
0.54468
0.534363
0.523944
0.513425
0.502808
0.492095
0.481287
0.470386
0.459394
0.448313
0.437145
0.425891
0.414554
0.403135
0.391637
0.380061
0.368409
0.356684
0.344887
0.33302
0.321085
0.309085
0.297021
0.284896
0.272711
0.260469
0.248171
0.23582
0.223418
0.210967
0.198469
0.185927
0.173342
0.160716
0.148052
0.135353
0.122619
0.109854
0.0970598
0.0842381
0.0713914
0.0585219
0.0456319
0.0327236
0.0197992
0.00686107
-0.00608867
-0.0190477
-0.0320138
-0.0449847
-0.0579581
-0.0709318
-0.0839035
-0.096871
-0.109832
-0.122784
-0.135725
-0.148653
-0.161565
-0.174459
-0.187333
-0.200185
-0.213012
-0.225812
-0.238583
-0.251322
-0.264028
-0.276698
-0.28933
-0.301921
-0.31447
-0.326973
-0.33943
-0.351837
-0.364193
-0.376496
-0.388742
-0.40093
-0.413058
-0.425124
-0.437125
-0.449059
-0.460925
-0.472719
-0.484441
-0.496087
-0.507656
-0.519145
-0.530553
-0.541878
-0.553117
-0.564268
-0.57533
-0.586301
-0.597177
-0.607958
-0.618642
-0.629226
-0.639709
-0.650089
-0.660363
-0.67053
-0.680588
-0.690536
-0.700371
-0.710091
-0.719696
-0.729182
-0.738549
-0.747794
-0.756916
-0.765913
-0.774784
-0.783526
-0.792139
-0.80062
-0.808968
-0.817182
-0.825259
-0.833199
-0.841
-0.84866
-0.856178
-0.863553
-0.870782
-0.877866
-0.884802
-0.891588
-0.898225
-0.90471
-0.911042
-0.91722
-0.923243
-0.92911
-0.934819
-0.940369
-0.945759
-0.950989
-0.956057
-0.960961
-0.965702
-0.970278
-0.974688
-0.978932
-0.983007
-0.986915
-0.990653
-0.99422
-0.997618
-1.00084
-1.0039
-1.00678
-1.00948
-1.01202
-1.01437
-1.01656
-1.01856
-1.02039
-1.02205
-1.02352
-1.02482
-1.02594
-1.02688
-1.02764
-1.02823
-1.02863
-1.02886
-1.0289
-1.02877
-1.02845
-1.02796
-1.02728
-1.02643
-1.02539
-1.02418
-1.02278
-1.02121
-1.01945
-1.01752
-1.0154
-1.01311
-1.01064
-1.00799
-1.00516
-1.00215
-0.998961
-0.995597
-0.992057
-0.98834
-0.984447
-0.980379
-0.976135
-0.971718
-0.967126
-0.962362
-0.957425
-0.952317
-0.947037
-0.941588
-0.935969
-0.930181
-0.924226
-0.918105
-0.911817
-0.905364
-0.898748
-0.891969
-0.885028
-0.877926
-0.870664
-0.863244
-0.855666
-0.847932
-0.840043
-0.832001
-0.823806
-0.815459
-0.806963
-0.798318
-0.789526
-0.780588
-0.771506
-0.762281
-0.752914
-0.743408
-0.733763
-0.723982
-0.714065
-0.704014
-0.693832
-0.683519
-0.673077
-0.662509
-0.651815
-0.640998
-0.630059
-0.619
-0.607823
-0.59653
-0.585122
-0.573602
-0.561971
-0.550232
-0.538386
-0.526435
-0.514381
-0.502226
-0.489973
-0.477623
-0.465178
-0.452641
-0.440013
-0.427297
-0.414495
-0.401608
-0.38864
-0.375592
-0.362466
-0.349265
-0.335991
-0.322646
-0.309232
-0.295753
-0.282209
-0.268603
-0.254938
-0.241216
-0.227438
-0.213609
-0.199729
-0.185802
-0.17183
-0.157814
-0.143758
-0.129664
-0.115534
-0.10137
-0.0871762
-0.0729536
-0.0587051
-0.0444329
-0.0301397
-0.0158279
-0.00149997
0.0128416
0.0271945
0.041556
0.0559237
0.0702951
0.0846678
0.0990392
0.113407
0.127768
0.142121
0.156462
0.17079
0.185101
0.199394
0.213665
0.227912
0.242133
0.256326
0.270487
0.284614
0.298706
0.312758
0.326769
0.340737
0.354659
0.368531
0.382353
0.396122
0.409834
0.423488
0.437081
0.450611
0.464076
0.477472
0.490798
0.504051
0.517229
0.53033
0.54335
0.556289
0.569142
0.581909
0.594587
0.607174
0.619666
0.632063
0.644362
0.65656
0.668655
0.680646
0.692529
0.704304
0.715967
0.727516
0.73895
0.750267
0.761463
0.772538
0.783489
0.794314
0.805011
0.815578
0.826014
0.836316
0.846482
0.85651
0.866399
0.876147
0.885752
0.895211
0.904524
0.913689
0.922703
0.931566
0.940275
0.948828
0.957225
0.965463
0.973541
0.981458
0.989211
0.9968
1.00422
1.01148
1.01856
1.02548
1.03222
1.03879
1.04519
1.05141
1.05745
1.06332
1.069
1.07451
1.07983
1.08497
1.08993
1.0947
1.09929
1.10369
1.1079
1.11192
1.11575
1.11939
1.12285
1.1261
1.12917
1.13204
1.13472
1.1372
1.13949
1.14158
1.14348
1.14517
1.14667
1.14797
1.14908
1.14998
1.15068
1.15119
1.15149
1.1516
1.1515
1.1512
1.15071
1.15001
1.14911
1.14801
1.1467
1.1452
1.1435
1.14159
1.13948
1.13718
1.13467
1.13196
1.12905
1.12595
1.12264
1.11913
1.11543
1.11153
1.10743
1.10313
1.09863
1.09394
1.08906
1.08398
1.0787
1.07323
1.06757
1.06172
1.05568
1.04944
1.04302
1.03641
1.02961
1.02262
1.01545
1.00809
1.00055
0.992828
0.984924
0.97684
0.968578
0.960138
0.951521
0.94273
0.933764
0.924627
0.915318
0.90584
0.896194
0.886381
0.876404
0.866262
0.855959
0.845495
0.834873
0.824094
0.813159
0.802071
0.790831
0.779441
0.767902
0.756217
0.744387
0.732415
0.720302
0.70805
0.695661
0.683137
0.67048
0.657692
0.644776
0.631733
0.618565
0.605275
0.591864
0.578335
0.56469
0.550932
0.537062
0.523083
0.508997
0.494806
0.480513
0.466121
0.45163
0.437045
0.422366
0.407598
0.392741
0.3778
0.362775
0.34767
0.332486
0.317228
0.301897
0.286495
0.271026
0.255491
0.239894
0.224237
0.208523
0.192754
0.176933
0.161063
0.145146
0.129186
0.113184
0.0971432
0.0810668
0.0649574
0.0488177
0.0326503
0.016458
0.000243686
-0.01599
-0.0322403
-0.0485043
-0.0647793
-0.0810626
-0.0973513
-0.113643
-0.129934
-0.146222
-0.162504
-0.178778
-0.19504
-0.211289
-0.22752
-0.243731
-0.25992
-0.276083
-0.292218
-0.308322
-0.324392
-0.340425
-0.356419
-0.372371
-0.388277
-0.404136
-0.419944
-0.435699
-0.451397
-0.467037
-0.482615
-0.498128
-0.513574
-0.52895
-0.544254
-0.559482
-0.574632
-0.589702
-0.604688
-0.619587
-0.634398
-0.649118
-0.663744
-0.678272
-0.692702
-0.707029
-0.721253
-0.735369
-0.749375
-0.763269
-0.777049
-0.790712
-0.804254
-0.817675
-0.830971
-0.84414
-0.85718
-0.870088
-0.882862
-0.895499
-0.907997
-0.920354
-0.932568
-0.944636
-0.956556
-0.968326
-0.979943
-0.991406
-1.00271
-1.01386
-1.02484
-1.03567
-1.04633
-1.05682
-1.06714
-1.07729
-1.08726
-1.09707
-1.10669
-1.11614
-1.1254
-1.13449
-1.14339
-1.1521
-1.16063
-1.16896
-1.17711
-1.18506
-1.19282
-1.20038
-1.20774
-1.21491
-1.22187
-1.22864
-1.2352
-1.24155
-1.2477
-1.25364
-1.25938
-1.2649
-1.27021
-1.27531
-1.2802
-1.28487
-1.28933
-1.29357
-1.29759
-1.3014
-1.30498
-1.30835
-1.31149
-1.31441
-1.31711
-1.31958
-1.32183
-1.32386
-1.32566
-1.32723
-1.32857
-1.32969
-1.33058
-1.33125
-1.33168
-1.33189
-1.33186
-1.33161
-1.33112
-1.33041
-1.32946
-1.32829
-1.32688
-1.32524
-1.32337
-1.32128
-1.31895
-1.31639
-1.3136
-1.31058
-1.30733
-1.30385
-1.30013
-1.2962
-1.29203
-1.28763
-1.28301
-1.27815
-1.27307
-1.26777
-1.26224
-1.25648
-1.2505
-1.24429
-1.23786
-1.23121
-1.22434
-1.21724
-1.20993
-1.2024
-1.19465
-1.18668
-1.1785
-1.1701
-1.16149
-1.15267
-1.14364
-1.13439
-1.12494
-1.11528
-1.10541
-1.09534
-1.08507
-1.07459
-1.06392
-1.05304
-1.04197
-1.0307
-1.01924
-1.00759
-0.995744
-0.983711
-0.971491
-0.959086
-0.946498
-0.933728
-0.920779
-0.907652
-0.894349
-0.880873
-0.867225
-0.853407
-0.839422
-0.825272
-0.810958
-0.796484
-0.781851
-0.767061
-0.752116
-0.73702
-0.721775
-0.706382
-0.690844
-0.675164
-0.659343
-0.643386
-0.627293
-0.611067
-0.594712
-0.578229
-0.561622
-0.544892
-0.528043
-0.511077
-0.493997
-0.476805
-0.459505
-0.442099
-0.42459
-0.40698
-0.389273
-0.371471
-0.353577
-0.335594
-0.317526
-0.299374
-0.281142
-0.262832
-0.244449
-0.225994
-0.207471
-0.188883
-0.170232
-0.151523
-0.132757
-0.113938
-0.0950696
-0.0761541
-0.0571949
-0.0381951
-0.0191579
-8.6355e-05
0.0190163
0.0381469
0.0573024
0.0764794
0.0956748
0.114885
0.134108
0.15334
0.172577
0.191816
0.211054
0.230289
0.249516
0.268732
0.287934
0.30712
0.326285
0.345426
0.364541
0.383625
0.402676
0.421691
0.440665
0.459596
0.478481
0.497317
0.516099
0.534826
0.553493
0.572098
0.590636
0.609106
0.627504
0.645826
0.664069
0.682231
0.700308
0.718297
0.736194
0.753997
0.771703
0.789307
0.806808
0.824202
0.841486
0.858657
0.875712
0.892647
0.90946
0.926148
0.942708
0.959137
0.975431
0.991588
1.00761
1.02348
1.03921
1.05479
1.07021
1.08549
1.1006
1.11556
1.13035
1.14498
1.15944
1.17373
1.18784
1.20178
1.21554
1.22912
1.24251
1.25572
1.26873
1.28156
1.29419
1.30662
1.31886
1.33089
1.34272
1.35434
1.36576
1.37696
1.38795
1.39873
1.40929
1.41963
1.42974
1.43964
1.4493
1.45874
1.46795
1.47693
1.48567
1.49418
1.50245
1.51048
1.51827
1.52582
1.53312
1.54018
1.54699
1.55355
1.55986
1.56591
1.57171
1.57726
1.58255
1.58758
1.59235
1.59686
1.60111
1.6051
1.60882
1.61227
1.61546
1.61838
1.62103
1.62341
1.62552
1.62736
1.62893
1.63022
1.63124
1.63199
1.63246
1.63265
1.63256
1.6322
1.63157
1.63065
1.62945
1.62798
1.62622
1.62419
1.62188
1.61928
1.61641
1.61325
1.60982
1.6061
1.60211
1.59783
1.59327
1.58844
1.58332
1.57792
1.57225
1.56629
1.56005
1.55354
1.54675
1.53968
1.53233
1.52471
1.51681
1.50864
1.50019
1.49147
1.48248
1.47321
1.46367
1.45386
1.44378
1.43344
1.42282
1.41195
1.4008
1.38939
1.37772
1.36579
1.3536
1.34114
1.32844
1.31547
1.30225
1.28878
1.27506
1.26108
1.24686
1.23239
1.21768
1.20272
1.18753
1.17209
1.15642
1.14051
1.12436
1.10799
1.09138
1.07455
1.05749
1.04021
1.02271
1.00498
0.987044
0.96889
0.950524
0.931948
0.913164
0.894176
0.874984
0.855592
0.836003
0.816219
0.796241
0.776074
0.75572
0.735181
0.71446
0.693559
0.672483
0.651232
0.629811
0.608222
0.586467
0.564551
0.542475
0.520242
0.497857
0.475321
0.452638
0.42981
0.406842
0.383735
0.360494
0.337121
0.313619
0.289992
0.266243
0.242375
0.218392
0.194296
0.170091
0.145781
0.121368
0.0968568
0.0722496
0.0475504
0.0227624
-0.00211093
-0.027066
-0.0520995
-0.0772079
-0.102388
-0.127635
-0.152947
-0.17832
-0.20375
-0.229234
-0.254768
-0.280348
-0.305972
-0.331635
-0.357333
-0.383064
-0.408823
-0.434608
-0.460413
-0.486236
-0.512073
-0.53792
-0.563774
-0.589631
-0.615488
-0.64134
-0.667184
-0.693016
-0.718833
-0.744631
-0.770406
-0.796155
-0.821874
-0.847559
-0.873206
-0.898813
-0.924375
-0.949889
-0.97535
-1.00076
-1.0261
-1.05139
-1.0766
-1.10175
-1.12683
-1.15182
-1.17674
-1.20157
-1.22631
-1.25096
-1.27552
-1.29997
-1.32433
-1.34858
-1.37272
-1.39674
-1.42065
-1.44445
-1.46811
-1.49165
-1.51507
-1.53834
-1.56149
-1.58449
-1.60735
-1.63006
-1.65262
-1.67503
-1.69728
-1.71937
-1.7413
-1.76307
-1.78466
-1.80608
-1.82733
-1.8484
-1.86929
-1.88999
-1.9105
-1.93083
-1.95096
-1.97089
-1.99063
-2.01016
-2.02949
-2.0486
-2.06751
-2.08621
-2.10469
-2.12295
-2.14099
-2.1588
-2.17639
-2.19375
-2.21088
-2.22777
-2.24443
-2.26085
-2.27702
-2.29296
-2.30864
-2.32408
-2.33927
-2.3542
-2.36888
-2.3833
-2.39747
-2.41137
-2.42501
-2.43838
-2.45149
-2.46432
-2.47689
-2.48918
-2.5012
-2.51294
-2.5244
-2.53559
-2.54649
-2.55711
-2.56745
-2.5775
-2.58726
-2.59673
-2.60592
-2.61481
-2.62341
-2.63171
-2.63972
-2.64744
-2.65485
-2.66197
-2.66879
-2.67531
-2.68152
-2.68744
-2.69305
-2.69836
-2.70336
-2.70806
-2.71245
-2.71654
-2.72032
-2.72379
-2.72695
-2.7298
-2.73235
-2.73459
-2.73651
-2.73813
-2.73944
-2.74044
-2.74112
-2.7415
-2.74157
-2.74132
-2.74077
-2.73991
-2.73873
-2.73725
-2.73546
-2.73336
-2.73095
-2.72823
-2.72521
-2.72188
-2.71824
-2.71429
-2.71004
-2.70549
-2.70063
-2.69547
-2.69001
-2.68424
-2.67818
-2.67181
-2.66515
-2.65818
-2.65093
-2.64337
-2.63553
-2.62739
-2.61896
-2.61023
-2.60122
-2.59193
-2.58234
-2.57247
-2.56232
-2.55189
-2.54118
-2.53019
-2.51892
-2.50738
-2.49556
-2.48348
-2.47112
-2.4585
-2.44561
-2.43246
-2.41905
-2.40538
-2.39145
-2.37726
-2.36283
-2.34814
-2.3332
-2.31802
-2.3026
-2.28693
-2.27102
-2.25488
-2.23851
-2.2219
-2.20506
-2.188
-2.17071
-2.1532
-2.13548
-2.11754
-2.09938
-2.08102
-2.06244
-2.04367
-2.02469
-2.00551
-1.98613
-1.96657
-1.94681
-1.92687
-1.90674
-1.88643
-1.86595
-1.84529
-1.82445
-1.80345
-1.78229
-1.76096
-1.73947
-1.71783
-1.69604
-1.6741
-1.65201
-1.62978
-1.60741
-1.58491
-1.56227
-1.53951
-1.51662
-1.49361
-1.47048
-1.44724
-1.42389
-1.40043
-1.37686
-1.3532
-1.32943
-1.30558
-1.28164
-1.2576
-1.23349
-1.2093
-1.18503
-1.1607
-1.13629
-1.11182
-1.08729
-1.06271
-1.03807
-1.01338
-0.988649
-0.963874
-0.939062
-0.914215
-0.889338
-0.864434
-0.839508
-0.814562
-0.789601
-0.764628
-0.739647
-0.714662
-0.689677
-0.664694
-0.63972
-0.614756
-0.589806
-0.564875
-0.539966
-0.515083
-0.490229
-0.465408
-0.440625
-0.415882
-0.391184
-0.366533
-0.341935
-0.317392
-0.292908
-0.268486
-0.244131
-0.219846
-0.195635
-0.171501
-0.147448
-0.123479
-0.0995981
-0.0758088
-0.0521145
-0.0285187
-0.00502507
0.0183631
0.0416422
0.0648088
0.0878596
0.110791
0.1336
0.156283
0.178836
0.201257
0.223541
0.245686
0.267689
0.289546
0.311254
0.33281
0.35421
0.375452
0.396532
0.417447
0.438195
0.458772
0.479175
0.499402
0.519449
0.539313
0.558991
0.578482
0.597781
0.616886
0.635794
0.654503
0.67301
0.691312
0.709406
0.727291
0.744962
0.762419
0.779658
0.796677
0.813473
0.830044
0.846388
0.862502
0.878385
0.894033
0.909445
0.924618
0.939551
0.954241
0.968686
0.982884
0.996834
1.01053
1.02398
1.03717
1.05011
1.06278
1.0752
1.08736
1.09925
1.11088
1.12224
1.13333
1.14416
1.15471
1.16499
1.175
1.18474
1.19419
1.20337
1.21227
1.2209
1.22924
1.2373
1.24507
1.25257
1.25977
1.2667
1.27333
1.27968
1.28574
1.29152
1.297
1.30219
1.3071
1.31171
1.31603
1.32006
1.3238
1.32725
1.3304
1.33326
1.33583
1.3381
1.34008
1.34177
1.34317
1.34427
1.34508
1.34559
1.34581
1.34574
1.34538
1.34473
1.34378
1.34254
1.34101
1.3392
1.33709
1.33469
1.33201
1.32903
1.32577
1.32223
1.31839
1.31428
1.30988
1.3052
1.30023
1.29499
1.28946
1.28366
1.27758
1.27122
1.26459
1.25769
1.25051
1.24307
1.23535
1.22736
1.21911
1.2106
1.20182
1.19278
1.18348
1.17392
1.16411
1.15404
1.14372
1.13315
1.12233
1.11126
1.09995
1.08839
1.07659
1.06456
1.05228
1.03978
1.02704
1.01407
1.00087
0.987448
0.973802
0.959936
0.945851
0.931551
0.917037
0.902312
0.887379
0.87224
0.856898
0.841356
0.825616
0.809681
0.793553
0.777236
0.760732
0.744045
0.727176
0.710129
0.692906
0.675511
0.657947
0.640216
0.622322
0.604267
0.586055
0.567688
0.549171
0.530505
0.511694
0.492742
0.473651
0.454424
0.435066
0.415578
0.395965
0.37623
0.356375
0.336405
0.316322
0.296131
0.275833
0.255434
0.234935
0.214341
0.193655
0.172881
0.152021
0.131079
0.11006
0.0889655
0.0677998
0.0465665
0.025269
0.00391085
-0.0175045
-0.0389734
-0.0604923
-0.0820578
-0.103666
-0.125314
-0.146997
-0.168713
-0.190457
-0.212227
-0.234018
-0.255826
-0.277649
-0.299483
-0.321324
-0.343168
-0.365013
-0.386853
-0.408687
-0.430509
-0.452317
-0.474107
-0.495876
-0.517619
-0.539334
-0.561017
-0.582663
-0.604271
-0.625835
-0.647353
-0.668821
-0.690236
-0.711594
-0.732891
-0.754125
-0.775291
-0.796386
-0.817407
-0.83835
-0.859212
-0.879989
-0.900679
-0.921277
-0.941781
-0.962186
-0.982491
-1.00269
-1.02278
-1.04276
-1.06263
-1.08238
-1.102
-1.12151
-1.14088
-1.16013
-1.17924
-1.19821
-1.21705
-1.23574
-1.25429
-1.27269
-1.29093
-1.30902
-1.32696
-1.34473
-1.36234
-1.37978
-1.39705
-1.41415
-1.43108
-1.44782
-1.46439
-1.48077
-1.49697
-1.51298
-1.5288
-1.54442
-1.55985
-1.57508
-1.59011
-1.60493
-1.61955
-1.63396
-1.64816
-1.66215
-1.67592
-1.68947
-1.7028
-1.71591
-1.7288
-1.74146
-1.75389
-1.76609
-1.77806
-1.78979
-1.80129
-1.81255
-1.82357
-1.83434
-1.84487
-1.85516
-1.8652
-1.87499
-1.88453
-1.89382
-1.90285
-1.91163
-1.92015
-1.92841
-1.93642
-1.94416
-1.95164
-1.95886
-1.96581
-1.9725
-1.97892
-1.98507
-1.99095
-1.99656
-2.0019
-2.00697
-2.01176
-2.01628
-2.02053
-2.02449
-2.02819
-2.0316
-2.03474
-2.0376
-2.04018
-2.04249
-2.04451
-2.04625
-2.04771
-2.04889
-2.04979
-2.0504
-2.05074
-2.05079
-2.05056
-2.05005
-2.04925
-2.04818
-2.04682
-2.04518
-2.04325
-2.04105
-2.03856
-2.03579
-2.03274
-2.02941
-2.02579
-2.0219
-2.01773
-2.01328
-2.00855
-2.00354
-1.99825
-1.99269
-1.98685
-1.98074
-1.97435
-1.96768
-1.96075
-1.95354
-1.94606
-1.93831
-1.93029
-1.92201
-1.91345
-1.90463
-1.89555
-1.8862
-1.87659
-1.86672
-1.85659
-1.8462
-1.83555
-1.82465
-1.81349
-1.80209
-1.79043
-1.77852
-1.76636
-1.75396
-1.74131
-1.72842
-1.71529
-1.70192
-1.68832
-1.67448
-1.6604
-1.64609
-1.63156
-1.61679
-1.6018
-1.58659
-1.57115
-1.5555
-1.53963
-1.52354
-1.50724
-1.49073
-1.47401
-1.45708
-1.43996
-1.42263
-1.4051
-1.38737
-1.36945
-1.35134
-1.33303
-1.31454
-1.29587
-1.27702
-1.25798
-1.23877
-1.21939
-1.19983
-1.1801
-1.16021
-1.14016
-1.11994
-1.09957
-1.07904
-1.05836
-1.03753
-1.01655
-0.995428
-0.974166
-0.952765
-0.931229
-0.90956
-0.887762
-0.865838
-0.843789
-0.82162
-0.799333
-0.776932
-0.754418
-0.731796
-0.709068
-0.686237
-0.663307
-0.64028
-0.61716
-0.593949
-0.57065
-0.547267
-0.523803
-0.500261
-0.476643
-0.452954
-0.429196
-0.405372
-0.381486
-0.35754
-0.333537
-0.309482
-0.285376
-0.261223
-0.237027
-0.21279
-0.188515
-0.164206
-0.139866
-0.115497
-0.0911037
-0.0666883
-0.0422541
-0.0178044
0.0066579
0.0311296
0.0556075
0.0800886
0.10457
0.129048
0.15352
0.177983
0.202434
0.226869
0.251286
0.275682
0.300053
0.324397
0.34871
0.37299
0.397233
0.421437
0.445598
0.469714
0.493782
0.517799
0.541761
0.565667
0.589512
0.613295
0.637012
0.660661
0.684238
0.707741
0.731168
0.754515
0.777779
0.800959
0.824051
0.847052
0.86996
0.892773
0.915487
0.9381
0.96061
0.983013
1.00531
1.02749
1.04956
1.07152
1.09335
1.11507
1.13666
1.15812
1.17946
1.20067
1.22174
1.24268
1.26349
1.28415
1.30467
1.32505
1.34528
1.36537
1.38531
1.40509
1.42472
1.44419
1.46351
1.48266
1.50166
1.52049
1.53916
1.55766
1.57599
1.59415
1.61213
1.62995
1.64759
1.66505
1.68233
1.69943
1.71635
1.73309
1.74964
1.76601
1.78219
1.79818
1.81398
1.82959
1.84501
1.86024
1.87527
1.8901
1.90474
1.91918
1.93342
1.94746
1.9613
1.97493
1.98837
2.0016
2.01463
2.02745
2.04007
2.05248
2.06468
2.07667
2.08846
2.10004
2.11141
2.12257
2.13351
2.14425
2.15478
2.1651
2.1752
2.18509
2.19477
2.20424
2.2135
2.22254
2.23137
2.23999
2.24839
2.25659
2.26457
2.27234
2.27989
2.28724
2.29437
2.30129
2.308
2.3145
2.32078
2.32686
2.33273
2.33839
2.34384
2.34908
2.35411
2.35894
2.36356
2.36797
2.37218
2.37618
2.37999
2.38358
2.38698
2.39018
2.39317
2.39597
2.39856
2.40096
2.40317
2.40517
2.40699
2.40861
2.41004
2.41128
2.41233
2.41319
2.41386
2.41435
2.41465
2.41477
2.41471
2.41447
2.41405
2.41345
2.41268
2.41173
2.41061
2.40932
2.40786
2.40623
2.40443
2.40247
2.40035
2.39807
2.39562
2.39302
2.39026
2.38735
2.38429
2.38107
2.37771
2.3742
2.37055
2.36675
2.36281
2.35873
2.35452
2.35017
2.34569
2.34108
2.33634
2.33147
2.32648
2.32136
2.31613
2.31078
2.30531
2.29973
2.29403
2.28823
2.28232
2.27631
2.27019
2.26397
2.25766
2.25125
2.24474
2.23815
2.23146
2.22469
2.21784
2.2109
2.20388
2.19679
2.18962
2.18238
2.17507
2.16769
2.16025
2.15275
2.14518
2.13756
2.12988
2.12215
2.11436
2.10653
2.09866
2.09074
2.08278
2.07478
2.06674
2.05867
2.05057
2.04244
2.03429
2.02611
2.01791
2.00969
2.00145
1.9932
1.98494
1.97667
1.96839
1.96011
1.95182
1.94353
1.93525
1.92697
1.9187
1.91044
1.90219
1.89396
1.88574
1.87754
1.86936
1.86121
1.85308
1.84498
1.83691
1.82887
1.82087
1.8129
1.80498
1.79709
1.78925
1.78145
1.77371
1.76601
1.75837
1.75078
1.74324
1.73577
1.72835
1.721
1.71371
1.70649
1.69934
1.69226
1.68525
1.67832
1.67146
1.66468
1.65798
1.65137
1.64483
1.63839
1.63203
1.62576
1.61958
1.61349
1.6075
1.6016
1.59581
1.59011
1.58451
1.57901
1.57362
1.56834
1.56316
1.55809
1.55313
1.54828
1.54355
1.53893
1.53442
1.53003
1.52576
1.52161
1.51758
1.51367
1.50989
1.50623
1.5027
1.49929
1.49601
1.49286
1.48983
1.48694
1.48418
1.48156
1.47906
1.4767
1.47448
1.47239
1.47044
1.46863
1.46695
1.46541
1.46402
1.46276
1.46164
1.46067
1.45984
1.45915
1.4586
1.4582
1.45794
1.45782
1.45785
1.45802
1.45834
1.45881
1.45942
1.46017
1.46108
1.46212
1.46332
1.46466
1.46615
1.46778
1.46956
1.47149
1.47356
1.47578
1.47814
1.48065
1.48331
1.48611
1.48906
1.49215
1.49538
1.49876
1.50229
1.50596
1.50977
1.51372
1.51781
1.52205
1.52643
1.53094
1.5356
1.5404
1.54533
1.5504
1.55561
1.56095
1.56643
1.57205
1.5778
1.58368
1.58969
1.59583
1.6021
1.60851
1.61504
1.62169
1.62848
1.63538
1.64241
1.64957
1.65684
1.66424
1.67175
1.67938
1.68713
1.69499
1.70297
1.71105
1.71925
1.72756
1.73598
1.7445
1.75313
1.76187
1.7707
1.77964
1.78867
1.79781
1.80704
1.81636
1.82577
1.83528
1.84488
1.85456
1.86434
1.87419
1.88413
1.89415
1.90425
1.91442
1.92467
1.935
1.94539
1.95586
1.96639
1.977
1.98766
1.99839
2.00918
2.02002
2.03093
2.04188
2.05289
2.06395
2.07506
2.08622
2.09742
2.10866
2.11995
2.13127
2.14263
2.15402
2.16545
2.1769
2.18838
2.19989
2.21143
2.22298
2.23455
2.24615
2.25775
2.26937
2.281
2.29264
2.30429
2.31594
2.32759
2.33924
2.35089
2.36254
2.37418
2.38581
2.39743
2.40904
2.42063
2.43221
2.44376
2.4553
2.46681
2.47829
2.48975
2.50117
2.51257
2.52393
2.53525
2.54653
2.55777
2.56897
2.58013
2.59123
2.60229
2.6133
2.62425
2.63514
2.64598
2.65676
2.66747
2.67812
2.68871
2.69923
2.70967
2.72005
2.73035
2.74057
2.75072
2.76078
2.77076
2.78066
2.79047
2.8002
2.80983
2.81938
2.82882
2.83818
2.84743
2.85659
2.86565
2.8746
2.88345
2.89219
2.90082
2.90934
2.91775
2.92605
2.93424
2.9423
2.95025
2.95808
2.96578
2.97337
2.98083
2.98816
2.99536
3.00244
3.00938
3.01619
3.02287
3.02942
3.03582
3.04209
3.04822
3.05421
3.06006
3.06576
3.07132
3.07674
3.08201
3.08713
3.0921
3.09692
3.10159
3.1061
3.11046
3.11467
3.11873
3.12262
3.12636
3.12994
3.13336
3.13662
3.13972
3.14266
3.14544
3.14805
3.1505
3.15278
3.1549
3.15685
3.15863
3.16025
3.1617
3.16298
3.16409
3.16503
3.1658
3.1664
3.16683
3.16709
3.16717
3.16709
3.16683
3.1664
3.1658
3.16502
3.16407
3.16295
3.16165
3.16018
3.15854
3.15672
3.15473
3.15257
3.15023
3.14772
3.14503
3.14217
3.13914
3.13594
3.13256
3.12901
3.12529
3.1214
3.11733
3.11309
3.10869
3.10411
3.09936
3.09444
3.08935
3.0841
3.07868
3.07309
3.06733
3.0614
3.05532
3.04906
3.04264
3.03606
3.02932
3.02241
3.01535
3.00812
3.00073
2.99319
2.98549
2.97763
2.96961
2.96144
2.95312
2.94465
2.93602
2.92724
2.91832
2.90924
2.90002
2.89065
2.88114
2.87149
2.86169
2.85175
2.84167
2.83146
2.82111
2.81062
2.79999
2.78924
2.77835
2.76734
2.75619
2.74492
2.73352
2.722
2.71036
2.69859
2.68671
2.6747
2.66259
2.65035
2.63801
2.62555
2.61298
2.60031
2.58753
2.57464
2.56166
2.54857
2.53538
2.52209
2.50871
2.49524
2.48167
2.46801
2.45426
2.44043
2.42651
2.41251
2.39843
2.38427
2.37003
2.35572
2.34133
2.32687
2.31235
2.29775
2.28309
2.26836
2.25358
2.23873
2.22383
2.20887
2.19385
2.17879
2.16367
2.14851
2.1333
2.11804
2.10275
2.08741
2.07204
2.05663
2.04119
2.02572
2.01021
1.99468
1.97912
1.96354
1.94794
1.93232
1.91668
1.90102
1.88535
1.86967
1.85398
1.83828
1.82258
1.80687
1.79116
1.77545
1.75975
1.74404
1.72835
1.71266
1.69698
1.68132
1.66567
1.65003
1.63442
1.61882
1.60324
1.58769
1.57217
1.55667
1.5412
1.52576
1.51036
1.49498
1.47965
1.46436
1.4491
1.43389
1.41872
1.4036
1.38852
1.37349
1.35852
1.34359
1.32873
1.31391
1.29916
1.28446
1.26982
1.25525
1.24074
1.22629
1.21192
1.19761
1.18337
1.1692
1.15511
1.14109
1.12715
1.11328
1.09949
1.08579
1.07216
1.05862
1.04516
1.03179
1.0185
1.00531
0.992199
0.979181
0.966256
0.953423
0.940684
0.92804
0.915492
0.903042
0.89069
0.878438
0.866286
0.854235
0.842287
0.830442
0.818701
0.807066
0.795536
0.784113
0.772798
0.761591
0.750493
0.739505
0.728628
0.717862
0.707207
0.696666
0.686237
0.675922
0.665721
0.655635
0.645664
0.635809
0.626071
0.616448
0.606943
0.597555
0.588285
0.579132
0.570098
0.561182
0.552385
0.543707
0.535148
0.526708
0.518388
0.510186
0.502105
0.494143
0.4863
0.478576
0.470973
0.463488
0.456123
0.448876
0.441749
0.43474
0.42785
0.421078
0.414424
0.407888
0.401469
0.395167
0.388982
0.382913
0.376959
0.371121
0.365398
0.359789
0.354294
0.348912
0.343642
0.338485
0.333438
0.328503
0.323677
0.318961
0.314353
0.309853
0.305459
0.301172
0.29699
0.292912
0.288938
0.285066
0.281295
0.277625
0.274055
0.270583
0.267209
0.263932
0.260749
0.257661
0.254666
0.251763
0.24895
0.246227
0.243593
0.241045
0.238584
0.236206
0.233912
0.2317
0.229569
0.227516
0.225542
0.223643
0.22182
0.22007
0.218392
0.216785
0.215246
0.213775
0.21237
0.21103
0.209752
0.208536
0.207379
0.20628
0.205238
0.20425
0.203316
0.202432
0.201599
0.200813
0.200074
0.19938
0.198728
0.198117
0.197545
0.197011
0.196512
0.196048
0.195615
0.195213
0.194838
0.194491
0.194168
0.193868
0.193589
0.193329
0.193086
0.192858
0.192644
0.192441
0.192248
0.192062
0.191882
0.191706
0.191531
0.191356
0.19118
0.190999
0.190812
0.190617
0.190412
0.190196
0.189965
0.189719
0.189455
0.189171
0.188865
0.188536
0.188181
0.187799
0.187387
0.186943
0.186466
0.185954
0.185404
0.184814
0.184184
0.18351
0.182791
0.182025
0.18121
0.180344
0.179425
0.178452
0.177421
0.176333
0.175183
0.173972
0.172696
0.171354
0.169945
0.168465
0.166915
0.16529
0.163591
0.161815
0.15996
0.158024
0.156006
0.153904
0.151717
0.149442
0.147078
0.144623
0.142075
0.139433
0.136696
0.133861
0.130927
0.127892
0.124755
0.121514
0.118168
0.114715
0.111153
0.107482
0.103699
0.0998036
0.0957939
0.0916685
0.0874261
0.0830654
0.0785848
0.0739832
0.0692592
0.0644115
0.0594389
0.0543401
0.0491139
0.0437591
0.0382746
0.0326591
0.0269116
0.0210309
0.015016
0.00886587
0.00257942
-0.00384434
-0.0104064
-0.0171077
-0.0239491
-0.0309316
-0.038056
-0.0453232
-0.052734
-0.0602892
-0.0679895
-0.0758358
-0.0838286
-0.0919688
-0.100257
-0.108694
-0.117279
-0.126015
-0.134901
-0.143938
-0.153126
-0.162465
-0.171957
-0.181602
-0.191399
-0.20135
-0.211454
-0.221712
-0.232124
-0.24269
-0.253411
-0.264287
-0.275317
-0.286503
-0.297843
-0.309338
-0.320988
-0.332793
-0.344753
-0.356867
-0.369137
-0.38156
-0.394139
-0.406871
-0.419757
-0.432796
-0.445989
-0.459335
-0.472833
-0.486484
-0.500286
-0.514239
-0.528343
-0.542597
-0.557001
-0.571553
-0.586255
-0.601103
-0.616099
-0.631241
-0.646529
-0.661962
-0.677538
-0.693258
-0.709119
-0.725122
-0.741266
-0.757549
-0.77397
-0.790529
-0.807223
-0.824054
-0.841018
-0.858115
-0.875344
-0.892703
-0.910192
-0.927809
-0.945552
-0.963421
-0.981413
-0.999529
-1.01777
-1.03612
-1.0546
-1.07319
-1.09189
-1.11072
-1.12965
-1.14869
-1.16784
-1.1871
-1.20647
-1.22593
-1.2455
-1.26517
-1.28494
-1.30481
-1.32477
-1.34482
-1.36497
-1.3852
-1.40552
-1.42592
-1.44641
-1.46698
-1.48763
-1.50836
-1.52916
-1.55003
-1.57097
-1.59199
-1.61307
-1.63421
-1.65541
-1.67668
-1.698
-1.71938
-1.74081
-1.76229
-1.78381
-1.80539
-1.82701
-1.84866
-1.87036
-1.8921
-1.91386
-1.93566
-1.95749
-1.97934
-2.00122
-2.02312
-2.04504
-2.06697
-2.08892
-2.11088
-2.13285
-2.15482
-2.1768
-2.19878
-2.22076
-2.24273
-2.26469
-2.28665
-2.30859
-2.33052
-2.35243
-2.37432
-2.39618
-2.41802
-2.43983
-2.46161
-2.48336
-2.50507
-2.52674
-2.54836
-2.56995
-2.59148
-2.61297
-2.6344
-2.65577
-2.67709
-2.69834
-2.71953
-2.74066
-2.76171
-2.78269
-2.80359
-2.82442
-2.84517
-2.86583
-2.88641
-2.9069
-2.92729
-2.94759
-2.9678
-2.9879
-3.0079
-3.0278
-3.04759
-3.06726
-3.08683
-3.10627
-3.1256
-3.14481
-3.16389
-3.18285
-3.20167
-3.22037
-3.23893
-3.25735
-3.27563
-3.29377
-3.31176
-3.32961
-3.34731
-3.36485
-3.38224
-3.39947
-3.41654
-3.43345
-3.45019
-3.46676
-3.48317
-3.4994
-3.51546
-3.53134
-3.54704
-3.56256
-3.57789
-3.59304
-3.608
-3.62277
-3.63735
-3.65173
-3.66591
-3.67989
-3.69367
-3.70725
-3.72062
-3.73378
-3.74674
-3.75948
-3.77201
-3.78432
-3.79641
-3.80828
-3.81993
-3.83136
-3.84256
-3.85354
-3.86428
-3.87479
-3.88508
-3.89512
-3.90494
-3.91451
-3.92384
-3.93294
-3.94179
-3.9504
-3.95876
-3.96688
-3.97475
-3.98237
-3.98973
-3.99685
-4.00371
-4.01032
-4.01667
-4.02276
-4.0286
-4.03418
-4.03949
-4.04455
-4.04934
-4.05387
-4.05813
-4.06213
-4.06587
-4.06933
-4.07253
-4.07546
-4.07812
-4.08051
-4.08263
-4.08448
-4.08605
-4.08735
-4.08838
-4.08914
-4.08962
-4.08983
-4.08977
-4.08942
-4.08881
-4.08792
-4.08675
-4.0853
-4.08358
-4.08159
-4.07932
-4.07677
-4.07394
-4.07084
-4.06747
-4.06382
-4.05989
-4.05568
-4.0512
-4.04645
-4.04142
-4.03612
-4.03054
-4.02469
-4.01857
-4.01218
-4.00551
-3.99857
-3.99136
-3.98388
-3.97614
-3.96812
-3.95984
-3.95129
-3.94247
-3.93339
-3.92405
-3.91444
-3.90457
-3.89444
-3.88405
-3.8734
-3.86249
-3.85133
-3.83991
-3.82824
-3.81631
-3.80414
-3.79171
-3.77904
-3.76612
-3.75295
-3.73954
-3.72589
-3.712
-3.69787
-3.6835
-3.6689
-3.65407
-3.639
-3.6237
-3.60817
-3.59242
-3.57644
-3.56024
-3.54383
-3.52719
-3.51033
-3.49326
-3.47598
-3.45849
-3.4408
-3.42289
-3.40479
-3.38648
-3.36797
-3.34927
-3.33037
-3.31129
-3.29201
-3.27254
-3.2529
-3.23307
-3.21306
-3.19287
-3.17252
-3.15199
-3.13129
-3.11042
-3.08939
-3.06821
-3.04686
-3.02536
-3.0037
-2.9819
-2.95995
-2.93786
-2.91563
-2.89326
-2.87075
-2.84811
-2.82534
-2.80245
-2.77943
-2.7563
-2.73305
-2.70968
-2.6862
-2.66262
-2.63893
-2.61514
-2.59125
-2.56726
-2.54319
-2.51902
-2.49478
-2.47044
-2.44603
-2.42155
-2.39699
-2.37236
-2.34767
-2.32291
-2.2981
-2.27323
-2.24831
-2.22333
-2.19832
-2.17326
-2.14816
-2.12302
-2.09786
-2.07266
-2.04744
-2.0222
-1.99694
-1.97166
-1.94637
-1.92107
-1.89577
-1.87047
-1.84517
-1.81987
-1.79458
-1.76931
-1.74405
-1.71881
-1.69359
-1.6684
-1.64323
-1.6181
-1.59301
-1.56796
-1.54294
-1.51798
-1.49306
-1.4682
-1.4434
-1.41865
-1.39397
-1.36935
-1.34481
-1.32034
-1.29594
-1.27163
-1.24739
-1.22325
-1.19919
-1.17523
-1.15137
-1.1276
-1.10394
-1.08038
-1.05693
-1.0336
-1.01038
-0.987281
-0.964303
-0.941451
-0.918727
-0.896135
-0.873677
-0.851357
-0.829178
-0.807142
-0.785253
-0.763514
-0.741927
-0.720496
-0.699224
-0.678113
-0.657166
-0.636387
-0.615777
-0.59534
-0.575079
-0.554996
-0.535095
-0.515377
-0.495845
-0.476503
-0.457353
-0.438396
-0.419637
-0.401077
-0.382719
-0.364566
-0.346619
-0.328882
-0.311357
-0.294045
-0.27695
-0.260074
-0.243419
-0.226988
-0.210781
-0.194803
-0.179054
-0.163537
-0.148254
-0.133207
-0.118399
-0.10383
-0.0895036
-0.0754209
-0.061584
-0.0479947
-0.0346549
-0.0215663
-0.00873067
0.00385035
0.0161751
0.0282419
0.0400491
0.0515954
0.062879
0.0738986
0.0846527
0.09514
0.105359
0.115308
0.124987
0.134394
0.143527
0.152386
0.160969
0.169275
0.177304
0.185054
0.192525
0.199715
0.206623
0.213249
0.219592
0.225651
0.231426
0.236915
0.242118
0.247035
0.251665
0.256007
0.260061
0.263826
0.267303
0.27049
0.273388
0.275996
0.278314
0.280342
0.28208
0.283527
0.284683
0.285549
0.286125
0.28641
0.286405
0.286109
0.285524
0.284649
0.283484
0.282031
0.280288
0.278258
0.275939
0.273333
0.27044
0.267261
0.263796
0.260046
0.256012
0.251693
0.247093
0.24221
0.237045
0.231601
0.225877
0.219875
0.213595
0.207039
0.200208
0.193103
0.185725
0.178075
0.170154
0.161965
0.153508
0.144784
0.135795
0.126542
0.117027
0.107252
0.0972177
0.0869258
0.076378
0.065576
0.0545215
0.0432162
0.0316619
0.0198605
0.00781363
-0.00447667
-0.0170085
-0.02978
-0.0427892
-0.056034
-0.0695123
-0.0832222
-0.0971615
-0.111328
-0.12572
-0.140334
-0.155169
-0.170223
-0.185493
-0.200976
-0.216671
-0.232574
-0.248685
-0.264999
-0.281515
-0.298231
-0.315143
-0.332249
-0.349546
-0.367033
-0.384706
-0.402562
-0.420599
-0.438815
-0.457205
-0.475769
-0.494502
-0.513403
-0.532468
-0.551694
-0.571079
-0.59062
-0.610313
-0.630156
-0.650146
-0.67028
-0.690555
-0.710968
-0.731515
-0.752194
-0.773002
-0.793936
-0.814992
-0.836168
-0.85746
-0.878865
-0.900381
-0.922003
-0.943728
-0.965554
-0.987478
-1.0095
-1.0316
-1.0538
-1.07608
-1.09844
-1.12088
-1.14339
-1.16598
-1.18863
-1.21134
-1.23412
-1.25696
-1.27985
-1.30279
-1.32578
-1.34881
-1.37189
-1.395
-1.41815
-1.44133
-1.46453
-1.48776
-1.51101
-1.53428
-1.55757
-1.58086
-1.60416
-1.62747
-1.65078
-1.67408
-1.69738
-1.72067
-1.74395
-1.76721
-1.79045
-1.81367
-1.83686
-1.86003
-1.88316
-1.90625
-1.92931
-1.95232
-1.97529
-1.99821
-2.02108
-2.04389
-2.06664
-2.08933
-2.11196
-2.13452
-2.157
-2.17941
-2.20175
-2.224
-2.24616
-2.26824
-2.29023
-2.31213
-2.33393
-2.35563
-2.37723
-2.39872
-2.4201
-2.44137
-2.46253
-2.48356
-2.50448
-2.52528
-2.54594
-2.56648
-2.58689
-2.60716
-2.62729
-2.64728
-2.66713
-2.68684
-2.70639
-2.72579
-2.74504
-2.76414
-2.78307
-2.80184
-2.82045
-2.83888
-2.85715
-2.87525
-2.89317
-2.91092
-2.92849
-2.94587
-2.96307
-2.98009
-2.99691
-3.01355
-3.02999
-3.04624
-3.06229
-3.07813
-3.09378
-3.10923
-3.12446
-3.13949
-3.15431
-3.16892
-3.18332
-3.1975
-3.21146
-3.2252
-3.23872
-3.25202
-3.2651
-3.27794
-3.29056
-3.30295
-3.31511
-3.32704
-3.33874
-3.35019
-3.36141
-3.3724
-3.38314
-3.39364
-3.4039
-3.41392
-3.42369
-3.43322
-3.44249
-3.45153
-3.46031
-3.46884
-3.47712
-3.48514
-3.49292
-3.50044
-3.5077
-3.51471
-3.52147
-3.52796
-3.5342
-3.54018
-3.5459
-3.55136
-3.55656
-3.5615
-3.56618
-3.5706
-3.57475
-3.57865
-3.58228
-3.58564
-3.58875
-3.59159
-3.59416
-3.59647
-3.59852
-3.60031
-3.60183
-3.60309
-3.60408
-3.60481
-3.60528
-3.60548
-3.60542
-3.60509
-3.60451
-3.60366
-3.60255
-3.60118
-3.59955
-3.59765
-3.5955
-3.59308
-3.59041
-3.58748
-3.58429
-3.58085
-3.57714
-3.57319
-3.56897
-3.56451
-3.55979
-3.55482
-3.54959
-3.54412
-3.5384
-3.53243
-3.52621
-3.51974
-3.51303
-3.50608
-3.49888
-3.49145
-3.48377
-3.47585
-3.4677
-3.45931
-3.45068
-3.44182
-3.43273
-3.42341
-3.41386
-3.40409
-3.39408
-3.38386
-3.37341
-3.36273
-3.35184
-3.34074
-3.32941
-3.31787
-3.30612
-3.29416
-3.28199
-3.26962
-3.25703
-3.24425
-3.23126
-3.21808
-3.2047
-3.19112
-3.17735
-3.16339
-3.14924
-3.1349
-3.12038
-3.10568
-3.09079
-3.07573
-3.06049
-3.04508
-3.0295
-3.01374
-2.99782
-2.98174
-2.96549
-2.94908
-2.93252
-2.9158
-2.89893
-2.8819
-2.86473
-2.84741
-2.82995
-2.81235
-2.79461
-2.77674
-2.75873
-2.74059
-2.72232
-2.70393
-2.68541
-2.66678
-2.64802
-2.62915
-2.61017
-2.59108
-2.57187
-2.55257
-2.53316
-2.51365
-2.49405
-2.47435
-2.45456
-2.43467
-2.41471
-2.39466
-2.37452
-2.35431
-2.33403
-2.31367
-2.29324
-2.27274
-2.25217
-2.23155
-2.21086
-2.19012
-2.16932
-2.14847
-2.12758
-2.10663
-2.08564
-2.06461
-2.04355
-2.02244
-2.00131
-1.98014
-1.95895
-1.93773
-1.91649
-1.89522
-1.87395
-1.85265
-1.83135
-1.81003
-1.78871
-1.76739
-1.74606
-1.72474
-1.70342
-1.6821
-1.66079
-1.6395
-1.61822
-1.59695
-1.57571
-1.55448
-1.53328
-1.51211
-1.49096
-1.46984
-1.44876
-1.42772
-1.40671
-1.38574
-1.36482
-1.34394
-1.32311
-1.30233
-1.28161
-1.26093
-1.24032
-1.21976
-1.19927
-1.17883
-1.15847
-1.13817
-1.11794
-1.09779
-1.07771
-1.0577
-1.03778
-1.01793
-0.998167
-0.978489
-0.958897
-0.939393
-0.91998
-0.900659
-0.881432
-0.862301
-0.843269
-0.824336
-0.805504
-0.786776
-0.768152
-0.749636
-0.731228
-0.71293
-0.694743
-0.67667
-0.658712
-0.64087
-0.623147
-0.605542
-0.588059
-0.570699
-0.553462
-0.53635
-0.519365
-0.502508
-0.485781
-0.469184
-0.452719
-0.436387
-0.420189
-0.404126
-0.388201
-0.372413
-0.356763
-0.341254
-0.325886
-0.310659
-0.295575
-0.280636
-0.26584
-0.251191
-0.236688
-0.222332
-0.208124
-0.194065
-0.180155
-0.166396
-0.152788
-0.139331
-0.126027
-0.112875
-0.0998763
-0.0870316
-0.0743412
-0.0618056
-0.0494251
-0.0372003
-0.0251314
-0.0132188
-0.00146277
0.0101364
0.0215783
0.032863
0.0439901
0.0549596
0.0657712
0.0764249
0.0869207
0.0972585
0.107438
0.11746
0.127324
0.13703
0.146578
0.155969
0.165202
0.174278
0.183197
0.191959
0.200565
0.209015
0.217308
0.225447
0.23343
0.241259
0.248934
0.256455
0.263823
0.271039
0.278102
0.285014
0.291775
0.298386
0.304848
0.311161
0.317325
0.323343
0.329214
0.334939
0.340519
0.345956
0.351249
0.3564
0.36141
0.366279
0.371009
0.375601
0.380056
0.384374
0.388557
0.392606
0.396522
0.400306
0.403959
0.407483
0.410879
0.414147
0.41729
0.420308
0.423203
0.425976
0.428629
0.431162
0.433577
0.435876
0.43806
0.44013
0.442088
0.443935
0.445673
0.447304
0.448827
0.450246
0.451562
0.452777
0.453891
0.454907
0.455826
0.456649
0.457379
0.458017
0.458565
0.459024
0.459396
0.459683
0.459887
0.460008
0.46005
0.460013
0.4599
0.459711
0.45945
0.459118
0.458716
0.458246
0.45771
0.457111
0.456449
0.455727
0.454946
0.454109
0.453217
0.452272
0.451275
0.45023
0.449137
0.447999
0.446817
0.445593
0.444329
0.443028
0.44169
0.440318
0.438914
0.43748
0.436017
0.434528
0.433013
0.431477
0.429919
0.428342
0.426748
0.425139
0.423517
0.421883
0.42024
0.418589
0.416933
0.415272
0.41361
0.411947
0.410287
0.408629
0.406978
0.405333
0.403698
0.402073
0.400462
0.398865
0.397284
0.395721
0.394179
0.392658
0.391161
0.38969
0.388245
0.386829
0.385444
0.384091
0.382772
0.381489
0.380243
0.379036
0.37787
0.376746
0.375666
0.374632
0.373646
0.372708
0.37182
0.370985
0.370203
0.369476
0.368806
0.368193
0.367641
0.36715
0.366721
0.366356
0.366056
0.365824
0.365659
0.365564
0.36554
0.365589
0.36571
0.365907
0.36618
0.36653
0.366959
0.367468
0.368058
0.36873
0.369485
0.370325
0.37125
0.372263
0.373363
0.374552
0.37583
0.3772
0.378661
0.380216
0.381864
0.383606
0.385445
0.387379
0.389411
0.391541
0.39377
0.396099
0.398528
0.401058
0.40369
0.406425
0.409263
0.412204
0.415251
0.418402
0.421658
0.425021
0.42849
0.432067
0.435751
0.439543
0.443443
0.447452
0.45157
0.455798
0.460135
0.464583
0.469141
0.473809
0.478588
0.483478
0.488478
0.49359
0.498814
0.504148
0.509594
0.515151
0.52082
0.5266
0.532491
0.538494
0.544607
0.550832
0.557167
0.563613
0.570169
0.576836
0.583612
0.590498
0.597493
0.604598
0.61181
0.619131
0.62656
0.634096
0.641739
0.649488
0.657343
0.665303
0.673368
0.681537
0.68981
0.698185
0.706663
0.715242
0.723922
0.732702
0.741582
0.750559
0.759635
0.768807
0.778076
0.787439
0.796897
0.806448
0.816091
0.825826
0.835651
0.845565
0.855568
0.865658
0.875834
0.886096
0.896441
0.906869
0.917379
0.927969
0.938638
0.949386
0.96021
0.97111
0.982084
0.993131
1.00425
1.01544
1.0267
1.03802
1.04941
1.06087
1.07239
1.08397
1.09561
1.10731
1.11907
1.13088
1.14275
1.15467
1.16665
1.17867
1.19074
1.20285
1.21502
1.22722
1.23947
1.25175
1.26408
1.27644
1.28883
1.30126
1.31372
1.32621
1.33873
1.35128
1.36384
1.37644
1.38905
1.40168
1.41433
1.42699
1.43967
1.45236
1.46506
1.47776
1.49048
1.5032
1.51592
1.52864
1.54136
1.55407
1.56679
1.57949
1.59219
1.60487
1.61754
1.6302
1.64284
1.65547
1.66807
1.68065
1.69321
1.70574
1.71824
1.73071
1.74315
1.75556
1.76793
1.78026
1.79256
1.80481
1.81702
1.82918
1.8413
1.85337
1.86538
1.87734
1.88925
1.9011
1.9129
1.92463
1.9363
1.9479
1.95944
1.97091
1.98231
1.99363
2.00489
2.01607
2.02717
2.03819
2.04913
2.05999
2.07076
2.08144
2.09204
2.10255
2.11296
2.12328
2.13351
2.14364
2.15367
2.1636
2.17342
2.18315
2.19276
2.20227
2.21167
2.22096
2.23014
2.2392
2.24815
2.25698
2.2657
2.27429
2.28276
2.2911
2.29933
2.30742
2.31539
2.32323
2.33093
2.33851
2.34595
2.35326
2.36043
2.36746
2.37435
2.38111
2.38772
2.39419
2.40051
2.40669
2.41272
2.41861
2.42435
2.42993
2.43536
2.44065
2.44577
2.45075
2.45557
2.46023
2.46473
2.46907
2.47326
2.47728
2.48114
2.48484
2.48838
2.49175
2.49496
2.498
2.50087
2.50358
2.50612
2.50849
2.51069
2.51272
2.51458
2.51626
2.51778
2.51912
2.52029
2.52129
2.52211
2.52275
2.52322
2.52352
2.52364
2.52358
2.52334
2.52293
2.52234
2.52158
2.52063
2.51951
2.5182
2.51672
2.51506
2.51323
2.51121
2.50901
2.50664
2.50408
2.50135
2.49844
2.49534
2.49207
2.48862
2.485
2.48119
2.4772
2.47304
2.4687
2.46418
2.45948
2.4546
2.44955
2.44433
2.43892
2.43334
2.42759
2.42166
2.41555
2.40928
2.40282
2.3962
2.3894
2.38244
2.3753
2.36799
2.36051
2.35286
2.34505
2.33707
2.32892
2.3206
2.31212
2.30347
2.29467
2.28569
2.27656
2.26727
2.25782
2.2482
2.23844
2.22851
2.21843
2.20819
2.1978
2.18726
2.17657
2.16572
2.15473
2.14359
2.1323
2.12087
2.1093
2.09758
2.08572
2.07372
2.06158
2.0493
2.03688
2.02434
2.01165
1.99884
1.9859
1.97282
1.95962
1.9463
1.93284
1.91927
1.90557
1.89176
1.87782
1.86377
1.8496
1.83532
1.82093
1.80643
1.79182
1.7771
1.76227
1.74735
1.73232
1.71719
1.70196
1.68663
1.67121
1.6557
1.64009
1.6244
1.60862
1.59275
1.5768
1.56076
1.54465
1.52846
1.51219
1.49584
1.47942
1.46293
1.44637
1.42975
1.41306
1.3963
1.37949
1.36261
1.34568
1.32869
1.31165
1.29455
1.27741
1.26022
1.24298
1.2257
1.20837
1.19101
1.17361
1.15617
1.1387
1.1212
1.10366
1.0861
1.06851
1.0509
1.03327
1.01562
0.997944
0.980256
0.962555
0.944842
0.927118
0.909386
0.891649
0.873907
0.856164
0.83842
0.820678
0.80294
0.785208
0.767484
0.749769
0.732066
0.714377
0.696704
0.679048
0.661412
0.643797
0.626205
0.608639
0.5911
0.573591
0.556112
0.538666
0.521255
0.503881
0.486545
0.469249
0.451996
0.434787
0.417624
0.400508
0.383442
0.366427
0.349466
0.332559
0.315709
0.298917
0.282185
0.265516
0.248909
0.232368
0.215894
0.199489
0.183154
0.166891
0.150701
0.134587
0.118549
0.10259
0.086711
0.0709134
0.0551989
0.039569
0.0240253
0.00856918
-0.00679779
-0.0220742
-0.0372585
-0.0523493
-0.0673452
-0.0822448
-0.0970466
-0.111749
-0.126352
-0.140852
-0.15525
-0.169543
-0.183731
-0.197811
-0.211784
-0.225647
-0.239399
-0.25304
-0.266567
-0.279981
-0.293279
-0.306461
-0.319526
-0.332472
-0.345298
-0.358004
-0.370588
-0.38305
-0.395388
-0.407602
-0.41969
-0.431651
-0.443486
-0.455192
-0.466769
-0.478217
-0.489534
-0.500719
-0.511773
-0.522693
-0.53348
-0.544132
-0.554649
-0.565031
-0.575276
-0.585385
-0.595356
-0.605189
-0.614883
-0.624438
-0.633853
-0.643128
-0.652262
-0.661256
-0.670107
-0.678817
-0.687385
-0.69581
-0.704092
-0.71223
-0.720225
-0.728077
-0.735784
-0.743346
-0.750764
-0.758038
-0.765166
-0.77215
-0.778988
-0.785681
-0.792229
-0.798631
-0.804888
-0.811
-0.816966
-0.822786
-0.828462
-0.833991
-0.839376
-0.844616
-0.849711
-0.85466
-0.859466
-0.864127
-0.868643
-0.873016
-0.877245
-0.88133
-0.885272
-0.889071
-0.892728
-0.896243
-0.899616
-0.902847
-0.905937
-0.908887
-0.911697
-0.914367
-0.916898
-0.91929
-0.921544
-0.92366
-0.925639
-0.927482
-0.929189
-0.93076
-0.932197
-0.9335
-0.934669
-0.935706
-0.93661
-0.937384
-0.938027
-0.93854
-0.938923
-0.939179
-0.939307
-0.939309
-0.939184
-0.938934
-0.938561
-0.938063
-0.937444
-0.936703
-0.935841
-0.934859
-0.933759
-0.93254
-0.931205
-0.929754
-0.928188
-0.926507
-0.924714
-0.922809
-0.920793
-0.918667
-0.916432
-0.914089
-0.91164
-0.909085
-0.906426
-0.903663
-0.900798
-0.897831
-0.894765
-0.8916
-0.888337
-0.884977
-0.881522
-0.877973
-0.87433
-0.870596
-0.866771
-0.862857
-0.858854
-0.854765
-0.850589
-0.846329
-0.841985
-0.83756
-0.833054
-0.828467
-0.823803
-0.819062
-0.814244
-0.809353
-0.804387
-0.79935
-0.794242
-0.789065
-0.78382
-0.778507
-0.773129
-0.767687
-0.762182
-0.756615
-0.750988
-0.745302
-0.739558
-0.733757
-0.727901
-0.721992
-0.716029
-0.710016
-0.703952
-0.69784
-0.69168
-0.685475
-0.679224
-0.67293
-0.666594
-0.660216
-0.653799
-0.647344
-0.640851
-0.634323
-0.62776
-0.621164
-0.614536
-0.607877
-0.601189
-0.594472
-0.587728
-0.580959
-0.574164
-0.567347
-0.560507
-0.553647
-0.546767
-0.539868
-0.532952
-0.52602
-0.519073
-0.512113
-0.50514
-0.498155
-0.49116
-0.484156
-0.477144
-0.470125
-0.463101
-0.456071
-0.449039
-0.442003
-0.434967
-0.42793
-0.420894
-0.41386
-0.406828
-0.399801
-0.392778
-0.385761
-0.378751
-0.37175
-0.364756
-0.357773
-0.350801
-0.34384
-0.336892
-0.329958
-0.323038
-0.316133
-0.309245
-0.302374
-0.295521
-0.288687
-0.281872
-0.275078
-0.268305
-0.261554
-0.254826
-0.248122
-0.241442
-0.234787
-0.228158
-0.221556
-0.214981
-0.208433
-0.201915
-0.195425
-0.188966
-0.182537
-0.176139
-0.169772
-0.163439
-0.157137
-0.15087
-0.144636
-0.138437
-0.132273
-0.126144
-0.120051
-0.113995
-0.107976
-0.101994
-0.0960492
-0.090143
-0.0842753
-0.0784465
-0.0726569
-0.0669069
-0.0611969
-0.0555271
-0.0498978
-0.0443094
-0.038762
-0.033256
-0.0277915
-0.0223689
-0.0169882
-0.0116498
-0.00635368
-0.00110014
0.00411073
0.00927879
0.0144039
0.019486
0.024525
0.0295208
0.0344734
0.0393827
0.0442487
0.0490714
0.0538507
0.0585867
0.0632795
0.0679291
0.0725355
0.0770988
0.0816191
0.0860965
0.0905312
0.0949232
0.0992726
0.10358
0.107845
0.112068
0.116249
0.120389
0.124487
0.128544
0.132561
0.136536
0.140472
0.144367
0.148223
0.15204
0.155817
0.159556
0.163256
0.166918
0.170543
0.17413
0.177681
0.181195
0.184674
0.188116
0.191524
0.194897
0.198236
0.201541
0.204813
0.208052
0.211259
0.214434
0.217579
0.220692
0.223776
0.22683
0.229855
0.232852
0.235821
0.238762
0.241678
0.244567
0.247431
0.25027
0.253086
0.255877
0.258646
0.261393
0.264119
0.266823
0.269508
0.272173
0.274819
0.277447
0.280058
0.282652
0.285231
0.287794
0.290343
0.292877
0.295399
0.297909
0.300407
0.302894
0.305371
0.307839
0.310299
0.31275
0.315195
0.317633
0.320066
0.322494
0.324918
0.327339
0.329758
0.332174
0.334591
0.337007
0.339423
0.341842
0.344262
0.346686
0.349113
0.351545
0.353983
0.356426
0.358877
0.361335
0.363802
0.366278
0.368765
0.371262
0.373771
0.376292
0.378826
0.381374
0.383937
0.386516
0.38911
0.391722
0.394351
0.396999
0.399666
0.402352
0.40506
0.407789
0.410539
0.413313
0.41611
0.418932
0.421778
0.424651
0.427549
0.430474
0.433427
0.436409
0.439419
0.44246
0.44553
0.448632
0.451765
0.45493
0.458128
0.46136
0.464625
0.467926
0.471262
0.474633
0.478041
0.481486
0.484968
0.488489
0.492048
0.495646
0.499284
0.502962
0.506681
0.51044
0.514242
0.518085
0.521971
0.525901
0.529873
0.533889
0.53795
0.542055
0.546205
0.550401
0.554642
0.55893
0.563264
0.567645
0.572073
0.576549
0.581072
0.585644
0.590263
0.594932
0.599649
0.604415
0.60923
0.614095
0.61901
0.623975
0.628989
0.634054
0.639169
0.644335
0.649551
0.654818
0.660136
0.665505
0.670925
0.676395
0.681917
0.68749
0.693114
0.69879
0.704516
0.710293
0.716122
0.722001
0.727932
0.733913
0.739945
0.746027
0.752161
0.758344
0.764578
0.770862
0.777195
0.783579
0.790012
0.796494
0.803026
0.809606
0.816235
0.822912
0.829637
0.83641
0.84323
0.850097
0.857011
0.863972
0.870979
0.878031
0.885128
0.892271
0.899458
0.906689
0.913963
0.921281
0.928641
0.936044
0.943488
0.950974
0.9585
0.966066
0.973672
0.981317
0.989001
0.996722
1.00448
1.01228
1.02011
1.02798
1.03588
1.04381
1.05178
1.05979
1.06782
1.07589
1.08398
1.09211
1.10027
1.10845
1.11667
1.12491
1.13318
1.14147
1.14979
1.15813
1.16649
1.17488
1.18329
1.19172
1.20017
1.20864
1.21713
1.22563
1.23415
1.24269
1.25124
1.25981
1.26838
1.27698
1.28558
1.29419
1.30281
1.31144
1.32008
1.32872
1.33737
1.34603
1.35469
1.36335
1.37201
1.38067
1.38934
1.398
1.40666
1.41531
1.42396
1.43261
1.44125
1.44989
1.45851
1.46713
1.47573
1.48433
1.49291
1.50148
1.51003
1.51857
1.52709
1.5356
1.54409
1.55255
1.561
1.56943
1.57783
1.58621
1.59456
1.60289
1.61119
1.61946
1.62771
1.63592
1.64411
1.65226
1.66038
1.66846
1.67651
1.68453
1.69251
1.70045
1.70835
1.71621
1.72402
1.7318
1.73954
1.74723
1.75487
1.76247
1.77002
1.77753
1.78498
1.79239
1.79974
1.80704
1.81429
1.82149
1.82863
1.83572
1.84275
1.84972
1.85663
1.86349
1.87028
1.87702
1.88369
1.8903
1.89684
1.90332
1.90974
1.91609
1.92238
1.92859
1.93474
1.94082
1.94683
1.95276
1.95863
1.96443
1.97015
1.97579
1.98137
1.98686
1.99229
1.99763
2.0029
2.00809
2.0132
2.01824
2.02319
2.02806
2.03285
2.03756
2.04219
2.04674
2.0512
2.05558
2.05987
2.06408
2.06821
2.07225
2.0762
2.08006
2.08384
2.08753
2.09114
2.09465
2.09808
2.10142
2.10466
2.10782
2.11089
2.11387
2.11676
2.11955
2.12226
2.12487
2.1274
2.12983
2.13216
2.13441
2.13656
2.13863
2.1406
2.14247
2.14425
2.14595
2.14754
2.14905
2.15046
2.15178
2.153
2.15413
2.15517
2.15612
2.15697
2.15773
2.1584
2.15897
2.15945
2.15984
2.16014
2.16035
2.16046
2.16048
2.16041
2.16025
2.16
2.15966
2.15922
2.1587
2.15809
2.15739
2.1566
2.15572
2.15475
2.15369
2.15255
2.15132
2.15
2.1486
2.14711
2.14554
2.14388
2.14213
2.14031
2.1384
2.13641
2.13434
2.13218
2.12995
2.12763
2.12524
2.12277
2.12021
2.11759
2.11488
2.1121
2.10925
2.10632
2.10332
2.10024
2.09709
2.09387
2.09059
2.08723
2.0838
2.08031
2.07674
2.07312
2.06942
2.06567
2.06185
2.05797
2.05402
2.05002
2.04595
2.04183
2.03765
2.03342
2.02913
2.02478
2.02038
2.01593
2.01143
2.00688
2.00227
1.99762
1.99293
1.98819
1.9834
1.97857
1.9737
1.96878
1.96383
1.95883
1.9538
1.94874
1.94363
1.9385
1.93333
1.92812
1.92289
1.91763
1.91234
1.90702
1.90168
1.89631
1.89092
1.88551
1.88008
1.87463
1.86916
1.86367
1.85817
1.85265
1.84712
1.84158
1.83603
1.83047
1.8249
1.81932
1.81374
1.80816
1.80257
1.79698
1.79139
1.7858
1.78022
1.77464
1.76906
1.76349
1.75793
1.75237
1.74683
1.7413
1.73578
1.73028
1.72479
1.71932
1.71387
1.70843
1.70302
1.69763
1.69226
1.68692
1.6816
1.67631
1.67105
1.66581
1.66061
1.65544
1.65031
1.6452
1.64014
1.63511
1.63012
1.62517
1.62026
1.61539
1.61056
1.60578
1.60105
1.59636
1.59171
1.58712
1.58258
1.57809
1.57365
1.56926
1.56493
1.56065
1.55643
1.55227
1.54817
1.54412
1.54014
1.53622
1.53236
1.52857
1.52484
1.52118
1.51758
1.51405
1.51059
1.5072
1.50388
1.50063
1.49745
1.49435
1.49132
1.48837
1.48549
1.48269
1.47996
1.47732
1.47475
1.47226
1.46985
1.46753
1.46528
1.46312
1.46104
1.45905
1.45714
1.45531
1.45357
1.45192
1.45035
1.44887
1.44748
1.44618
1.44497
1.44384
1.44281
1.44187
1.44101
1.44025
1.43958
1.439
1.43852
1.43813
1.43783
1.43762
1.43751
1.43749
1.43757
1.43774
1.438
1.43836
1.43882
1.43937
1.44001
1.44076
1.44159
1.44252
1.44355
1.44468
1.44589
1.44721
1.44862
1.45013
1.45173
1.45342
1.45522
1.4571
1.45909
1.46116
1.46334
1.4656
1.46796
1.47042
1.47297
1.47561
1.47834
1.48117
1.48409
1.48711
1.49021
1.49341
1.49669
1.50007
1.50354
1.5071
1.51074
1.51448
1.5183
1.52221
1.5262
1.53029
1.53446
1.53871
1.54305
1.54747
1.55197
1.55656
1.56122
1.56597
1.5708
1.57571
1.58069
1.58575
1.59089
1.59611
1.6014
1.60676
1.6122
1.6177
1.62328
1.62893
1.63465
1.64044
1.64629
1.65221
1.6582
1.66425
1.67036
1.67653
1.68277
1.68906
1.69541
1.70182
1.70828
1.7148
1.72138
1.728
1.73468
1.7414
1.74818
1.755
1.76187
1.76878
1.77574
1.78273
1.78977
1.79685
1.80396
1.81111
1.8183
1.82552
1.83277
1.84006
1.84737
1.85471
1.86207
1.86946
1.87688
1.88432
1.89177
1.89925
1.90674
1.91425
1.92177
1.92931
1.93685
1.94441
1.95197
1.95954
1.96712
1.9747
1.98228
1.98986
1.99743
2.00501
2.01258
2.02014
2.0277
2.03524
2.04278
2.0503
2.0578
2.06529
2.07276
2.08021
2.08764
2.09505
2.10243
2.10979
2.11711
2.12441
2.13167
2.13891
2.1461
2.15326
2.16039
2.16747
2.17451
2.18151
2.18846
2.19537
2.20222
2.20903
2.21579
2.22249
2.22914
2.23573
2.24226
2.24873
2.25514
2.26149
2.26777
2.27399
2.28014
2.28622
2.29222
2.29816
2.30402
2.3098
2.31551
2.32113
2.32668
2.33214
2.33752
2.34281
2.34802
2.35313
2.35816
2.3631
2.36794
2.37269
2.37734
2.38189
2.38635
2.3907
2.39495
2.3991
2.40315
2.40709
2.41092
2.41464
2.41825
2.42175
2.42514
2.42841
2.43157
2.43461
2.43753
2.44033
2.44302
2.44558
2.44801
2.45033
2.45252
2.45458
2.45651
2.45832
2.45999
2.46154
2.46295
2.46423
2.46537
2.46638
2.46725
2.46799
2.46859
2.46904
2.46936
2.46954
2.46958
2.46947
2.46922
2.46882
2.46828
2.4676
2.46676
2.46578
2.46465
2.46337
2.46195
2.46037
2.45864
2.45676
2.45472
2.45254
2.4502
2.44771
2.44506
2.44226
2.4393
2.43619
2.43292
2.42949
2.42591
2.42217
2.41827
2.41421
2.41
2.40562
2.40109
2.3964
2.39155
2.38654
2.38137
2.37604
2.37055
2.3649
2.35909
2.35312
2.34699
2.34071
2.33426
2.32765
2.32088
2.31395
2.30686
2.29962
2.29221
2.28465
2.27692
2.26904
2.261
2.2528
2.24445
2.23593
2.22727
2.21844
2.20946
2.20032
2.19103
2.18158
2.17198
2.16222
2.15231
2.14225
2.13204
2.12168
2.11116
2.1005
2.08969
2.07872
2.06762
2.05636
2.04496
2.03341
2.02172
2.00988
1.9979
1.98578
1.97352
1.96112
1.94858
1.9359
1.92309
1.91013
1.89705
1.88383
1.87047
1.85699
1.84337
1.82963
1.81576
1.80175
1.78763
1.77338
1.759
1.74451
1.72989
1.71515
1.7003
1.68533
1.67024
1.65504
1.63972
1.6243
1.60876
1.59312
1.57737
1.56151
1.54555
1.52949
1.51333
1.49706
1.4807
1.46424
1.44769
1.43104
1.41431
1.39748
1.38056
1.36356
1.34647
1.3293
1.31205
1.29472
1.27731
1.25982
1.24226
1.22463
1.20692
1.18915
1.1713
1.1534
1.13542
1.11739
1.09929
1.08114
1.06293
1.04466
1.02634
1.00797
0.989553
0.971086
0.952573
0.934017
0.915419
0.89678
0.878104
0.859392
0.840646
0.821867
0.803058
0.78422
0.765356
0.746468
0.727557
0.708625
0.689674
0.670707
0.651724
0.632729
0.613723
0.594708
0.575686
0.556658
0.537628
0.518596
0.499565
0.480537
0.461513
0.442496
0.423487
0.404489
0.385503
0.366532
0.347577
0.328639
0.309722
0.290827
0.271956
0.253111
0.234293
0.215505
0.196749
0.178026
0.159338
0.140687
0.122075
0.103504
0.0849756
0.0664918
0.0480543
0.029665
0.0113256
-0.00696197
-0.025196
-0.0433747
-0.0614963
-0.079559
-0.0975611
-0.115501
-0.133376
-0.151186
-0.168929
-0.186602
-0.204204
-0.221734
-0.23919
-0.256569
-0.273872
-0.291095
-0.308238
-0.325298
-0.342275
-0.359166
-0.37597
-0.392687
-0.409313
-0.425847
-0.442289
-0.458637
-0.474889
-0.491043
-0.507099
-0.523056
-0.53891
-0.554662
-0.570311
-0.585853
-0.60129
-0.616618
-0.631837
-0.646946
-0.661943
-0.676827
-0.691598
-0.706253
-0.720792
-0.735214
-0.749517
-0.763701
-0.777764
-0.791705
-0.805524
-0.819219
-0.832789
-0.846234
-0.859552
-0.872743
-0.885806
-0.89874
-0.911543
-0.924216
-0.936758
-0.949167
-0.961442
-0.973585
-0.985592
-0.997465
-1.0092
-1.0208
-1.03226
-1.04359
-1.05478
-1.06583
-1.07674
-1.08751
-1.09814
-1.10862
-1.11897
-1.12918
-1.13924
-1.14917
-1.15895
-1.16859
-1.17808
-1.18743
-1.19664
-1.2057
-1.21463
-1.2234
-1.23204
-1.24052
-1.24887
-1.25707
-1.26513
-1.27304
-1.28081
-1.28843
-1.29591
-1.30325
-1.31044
-1.31749
-1.32439
-1.33115
-1.33777
-1.34425
-1.35058
-1.35677
-1.36282
-1.36873
-1.3745
-1.38012
-1.38561
-1.39096
-1.39616
-1.40123
-1.40616
-1.41095
-1.41561
-1.42012
-1.4245
-1.42875
-1.43286
-1.43684
-1.44068
-1.44439
-1.44797
-1.45142
-1.45474
-1.45792
-1.46098
-1.46391
-1.46672
-1.4694
-1.47195
-1.47438
-1.47668
-1.47886
-1.48092
-1.48287
-1.48469
-1.48639
-1.48798
-1.48945
-1.4908
-1.49204
-1.49317
-1.49419
-1.49509
-1.49589
-1.49658
-1.49716
-1.49764
-1.49801
-1.49828
-1.49845
-1.49852
-1.49849
-1.49836
-1.49814
-1.49782
-1.4974
-1.4969
-1.4963
-1.49562
-1.49485
-1.49399
-1.49304
-1.49202
-1.49091
-1.48972
-1.48845
-1.48711
-1.48569
-1.48419
-1.48262
-1.48099
-1.47928
-1.4775
-1.47566
-1.47376
-1.47179
-1.46976
-1.46767
-1.46552
-1.46331
-1.46106
-1.45874
-1.45638
-1.45397
-1.45151
-1.449
-1.44645
-1.44385
-1.44122
-1.43854
-1.43583
-1.43308
-1.4303
-1.42748
-1.42464
-1.42176
-1.41886
-1.41593
-1.41298
-1.41
-1.40701
-1.40399
-1.40096
-1.39792
-1.39486
-1.39179
-1.38871
-1.38562
-1.38252
-1.37942
-1.37632
-1.37321
-1.37011
-1.36701
-1.36391
-1.36082
-1.35773
-1.35465
-1.35159
-1.34853
-1.34549
-1.34247
-1.33946
-1.33648
-1.33351
-1.33056
-1.32764
-1.32474
-1.32188
-1.31904
-1.31623
-1.31345
-1.3107
-1.30799
-1.30532
-1.30268
-1.30009
-1.29754
-1.29502
-1.29256
-1.29013
-1.28776
-1.28543
-1.28316
-1.28093
-1.27876
-1.27664
-1.27458
-1.27258
-1.27063
-1.26874
-1.26692
-1.26516
-1.26346
-1.26182
-1.26025
-1.25875
-1.25732
-1.25596
-1.25467
-1.25345
-1.2523
-1.25123
-1.25023
-1.24931
-1.24847
-1.24771
-1.24703
-1.24643
-1.24591
-1.24547
-1.24512
-1.24485
-1.24467
-1.24457
-1.24456
-1.24464
-1.24481
-1.24507
-1.24542
-1.24586
-1.2464
-1.24702
-1.24774
-1.24856
-1.24947
-1.25048
-1.25158
-1.25278
-1.25407
-1.25547
-1.25696
-1.25855
-1.26024
-1.26203
-1.26392
-1.26592
-1.26801
-1.2702
-1.2725
-1.2749
-1.2774
-1.28
-1.28271
-1.28551
-1.28843
-1.29144
-1.29456
-1.29778
-1.30111
-1.30453
-1.30807
-1.3117
-1.31544
-1.31928
-1.32323
-1.32728
-1.33143
-1.33569
-1.34005
-1.34451
-1.34907
-1.35374
-1.3585
-1.36337
-1.36834
-1.37342
-1.37859
-1.38386
-1.38923
-1.3947
-1.40027
-1.40594
-1.4117
-1.41756
-1.42352
-1.42957
-1.43572
-1.44197
-1.4483
-1.45474
-1.46126
-1.46787
-1.47458
-1.48138
-1.48826
-1.49524
-1.5023
-1.50944
-1.51668
-1.524
-1.5314
-1.53888
-1.54645
-1.5541
-1.56183
-1.56963
-1.57752
-1.58548
-1.59352
-1.60163
-1.60981
-1.61806
-1.62639
-1.63479
-1.64325
-1.65178
-1.66037
-1.66903
-1.67776
-1.68654
-1.69539
-1.70429
-1.71325
-1.72227
-1.73134
-1.74046
-1.74963
-1.75886
-1.76813
-1.77745
-1.78682
-1.79623
-1.80568
-1.81518
-1.82471
-1.83428
-1.84388
-1.85352
-1.8632
-1.8729
-1.88263
-1.89239
-1.90218
-1.91198
-1.92182
-1.93167
-1.94154
-1.95143
-1.96133
-1.97125
-1.98117
-1.99111
-2.00106
-2.01101
-2.02096
-2.03092
-2.04088
-2.05084
-2.06079
-2.07074
-2.08068
-2.09062
-2.10054
-2.11045
-2.12034
-2.13022
-2.14008
-2.14992
-2.15974
-2.16954
-2.1793
-2.18904
-2.19875
-2.20843
-2.21808
-2.22769
-2.23726
-2.24679
-2.25628
-2.26572
-2.27512
-2.28448
-2.29378
-2.30303
-2.31223
-2.32138
-2.33046
-2.33949
-2.34846
-2.35736
-2.3662
-2.37498
-2.38368
-2.39231
-2.40088
-2.40936
-2.41777
-2.42611
-2.43436
-2.44253
-2.45062
-2.45863
-2.46654
-2.47437
-2.4821
-2.48975
-2.4973
-2.50475
-2.51211
-2.51936
-2.52651
-2.53357
-2.54051
-2.54735
-2.55408
-2.5607
-2.56721
-2.57361
-2.57989
-2.58605
-2.5921
-2.59803
-2.60383
-2.60951
-2.61507
-2.6205
-2.62581
-2.63098
-2.63603
-2.64094
-2.64572
-2.65037
-2.65488
-2.65925
-2.66348
-2.66757
-2.67152
-2.67533
-2.67899
-2.68251
-2.68588
-2.68911
-2.69218
-2.6951
-2.69788
-2.7005
-2.70296
-2.70527
-2.70743
-2.70943
-2.71127
-2.71295
-2.71447
-2.71584
-2.71704
-2.71807
-2.71895
-2.71966
-2.7202
-2.72058
-2.72079
-2.72083
-2.72071
-2.72042
-2.71995
-2.71932
-2.71852
-2.71754
-2.7164
-2.71508
-2.71359
-2.71192
-2.71008
-2.70807
-2.70588
-2.70352
-2.70098
-2.69827
-2.69538
-2.69231
-2.68907
-2.68565
-2.68205
-2.67828
-2.67433
-2.6702
-2.6659
-2.66142
-2.65676
-2.65193
-2.64691
-2.64172
-2.63636
-2.63082
-2.6251
-2.6192
-2.61313
-2.60688
-2.60046
-2.59386
-2.58709
-2.58014
-2.57302
-2.56573
-2.55826
-2.55062
-2.54281
-2.53483
-2.52667
-2.51835
-2.50986
-2.5012
-2.49237
-2.48337
-2.4742
-2.46487
-2.45538
-2.44572
-2.4359
-2.42591
-2.41577
-2.40546
-2.395
-2.38437
-2.37359
-2.36265
-2.35156
-2.34031
-2.32891
-2.31736
-2.30566
-2.29381
-2.28181
-2.26967
-2.25738
-2.24494
-2.23236
-2.21964
-2.20679
-2.19379
-2.18066
-2.16739
-2.15398
-2.14045
-2.12678
-2.11299
-2.09906
-2.08501
-2.07084
-2.05654
-2.04213
-2.02759
-2.01294
-1.99817
-1.98328
-1.96829
-1.95318
-1.93797
-1.92265
-1.90723
-1.8917
-1.87607
-1.86034
-1.84452
-1.8286
-1.81259
-1.79648
-1.78029
-1.76401
-1.74765
-1.7312
-1.71468
-1.69807
-1.68139
-1.66464
-1.64781
-1.63091
-1.61395
-1.59692
-1.57983
-1.56267
-1.54546
-1.52819
-1.51087
-1.49349
-1.47607
-1.4586
-1.44108
-1.42352
-1.40592
-1.38828
-1.37061
-1.3529
-1.33516
-1.3174
-1.2996
-1.28179
-1.26395
-1.24609
-1.22822
-1.21033
-1.19243
-1.17452
-1.1566
-1.13868
-1.12076
-1.10284
-1.08491
-1.067
-1.04909
-1.03119
-1.01331
-0.995437
-0.977584
-0.95975
-0.941938
-0.924151
-0.90639
-0.888659
-0.87096
-0.853294
-0.835665
-0.818076
-0.800527
-0.783022
-0.765564
-0.748154
-0.730794
-0.713488
-0.696238
-0.679046
-0.661914
-0.644844
-0.627839
-0.610902
-0.594034
-0.577239
-0.560517
-0.543872
-0.527305
-0.51082
-0.494417
-0.4781
-0.461871
-0.445731
-0.429684
-0.41373
-0.397873
-0.382115
-0.366457
-0.350901
-0.335451
-0.320107
-0.304873
-0.289749
-0.274738
-0.259843
-0.245064
-0.230404
-0.215866
-0.20145
-0.187159
-0.172994
-0.158958
-0.145052
-0.131279
-0.11764
-0.104136
-0.0907697
-0.0775429
-0.0644571
-0.0515139
-0.0387151
-0.0260624
-0.0135572
-0.00120127
0.0110039
0.0230567
0.0349556
0.0466992
0.058286
0.0697145
0.0809833
0.092091
0.103036
0.113818
0.124434
0.134884
0.145167
0.155281
0.165224
0.174997
0.184597
0.194023
0.203276
0.212352
0.221252
0.229975
0.238518
0.246883
0.255067
0.26307
0.270891
0.278529
0.285983
0.293253
0.300338
0.307237
0.31395
0.320475
0.326814
0.332964
0.338925
0.344697
0.35028
0.355672
0.360874
0.365886
0.370706
0.375335
0.379772
0.384018
0.388071
0.391933
0.395602
0.399078
0.402362
0.405454
0.408354
0.411061
0.413575
0.415898
0.418028
0.419967
0.421714
0.42327
0.424634
0.425808
0.426792
0.427585
0.428189
0.428603
0.428829
0.428867
0.428717
0.42838
0.427857
0.427148
0.426254
0.425176
0.423914
0.422469
0.420842
0.419034
0.417046
0.414878
0.412533
0.410009
0.407309
0.404434
0.401385
0.398162
0.394767
0.391202
0.387466
0.383563
0.379492
0.375255
0.370853
0.366288
0.361561
0.356674
0.351627
0.346423
0.341063
0.335548
0.329881
0.324061
0.318092
0.311975
0.305711
0.299302
0.292749
0.286056
0.279222
0.272251
0.265144
0.257902
0.250528
0.243023
0.23539
0.22763
0.219745
0.211737
0.203609
0.195362
0.186998
0.17852
0.169929
0.161227
0.152418
0.143502
0.134482
0.12536
0.116139
0.10682
0.0974065
0.0878999
0.0783026
0.068617
0.0588455
0.0489902
0.0390537
0.0290382
0.0189461
0.00877976
-0.00145834
-0.0117658
-0.0221403
-0.0325792
-0.0430802
-0.0536409
-0.0642586
-0.0749309
-0.0856554
-0.0964296
-0.107251
-0.118117
-0.129024
-0.139972
-0.150956
-0.161975
-0.173025
-0.184105
-0.195211
-0.206342
-0.217494
-0.228665
-0.239852
-0.251053
-0.262264
-0.273485
-0.284711
-0.295941
-0.307171
-0.318399
-0.329623
-0.340839
-0.352046
-0.36324
-0.37442
-0.385581
-0.396723
-0.407841
-0.418934
-0.429999
-0.441034
-0.452035
-0.463
-0.473927
-0.484813
-0.495656
-0.506453
-0.517201
-0.527897
-0.538541
-0.549128
-0.559656
-0.570123
-0.580527
-0.590864
-0.601133
-0.61133
-0.621454
-0.631503
-0.641472
-0.651362
-0.661167
-0.670888
-0.680521
-0.690063
-0.699513
-0.708868
-0.718126
-0.727284
-0.736341
-0.745294
-0.754141
-0.76288
-0.771508
-0.780023
-0.788424
-0.796708
-0.804873
-0.812916
-0.820837
-0.828632
-0.836301
-0.84384
-0.851248
-0.858523
-0.865664
-0.872667
-0.879532
-0.886256
-0.892838
-0.899276
-0.905568
-0.911712
-0.917707
-0.923551
-0.929243
-0.93478
-0.940162
-0.945386
-0.950451
-0.955356
-0.960099
-0.964679
-0.969094
-0.973343
-0.977425
-0.981338
-0.98508
-0.988652
-0.992051
-0.995277
-0.998327
-1.0012
-1.0039
-1.00642
-1.00876
-1.01092
-1.0129
-1.0147
-1.01631
-1.01774
-1.01899
-1.02005
-1.02092
-1.02161
-1.02211
-1.02243
-1.02255
-1.02249
-1.02223
-1.02179
-1.02115
-1.02033
-1.01931
-1.0181
-1.0167
-1.01511
-1.01332
-1.01134
-1.00917
-1.0068
-1.00425
-1.00149
-0.998551
-0.995413
-0.992083
-0.98856
-0.984845
-0.980936
-0.976836
-0.972543
-0.968059
-0.963383
-0.958516
-0.953459
-0.948211
-0.942774
-0.937147
-0.931332
-0.92533
-0.919139
-0.912762
-0.9062
-0.899452
-0.89252
-0.885404
-0.878106
-0.870625
-0.862964
-0.855124
-0.847104
-0.838907
-0.830533
-0.821983
-0.813259
-0.804362
-0.795293
-0.786053
-0.776644
-0.767067
-0.757323
-0.747414
-0.737341
-0.727106
-0.71671
-0.706155
-0.695442
-0.684573
-0.673549
-0.662373
-0.651046
-0.639569
-0.627945
-0.616175
-0.604262
-0.592206
-0.58001
-0.567677
-0.555206
-0.542602
-0.529866
-0.516999
-0.504004
-0.490884
-0.47764
-0.464273
-0.450788
-0.437185
-0.423468
-0.409637
-0.395697
-0.381648
-0.367493
-0.353235
-0.338876
-0.324419
-0.309866
-0.295218
-0.28048
-0.265654
-0.250741
-0.235744
-0.220667
-0.205512
-0.19028
-0.174976
-0.159601
-0.144159
-0.128651
-0.113082
-0.0974525
-0.0817664
-0.0660263
-0.0502349
-0.034395
-0.0185095
-0.0025811
0.0133872
0.0293927
0.0454325
0.0615036
0.0776032
0.0937284
0.109876
0.126044
0.142228
0.158427
0.174636
0.190853
0.207075
0.223299
0.239523
0.255742
0.271954
0.288156
0.304346
0.320519
0.336674
0.352806
0.368914
0.384993
0.401041
0.417056
0.433033
0.44897
0.464864
0.480712
0.496511
0.512257
0.527949
0.543582
0.559154
0.574662
0.590103
0.605473
0.620771
0.635992
0.651134
0.666195
0.68117
0.696057
0.710854
0.725557
0.740163
0.75467
0.769074
0.783374
0.797564
0.811645
0.825611
0.83946
0.853191
0.866799
0.880282
0.893637
0.906862
0.919954
0.93291
0.945728
0.958405
0.970937
0.983324
0.995561
1.00765
1.01958
1.03135
1.04297
1.05443
1.06572
1.07684
1.0878
1.09858
1.10919
1.11962
1.12988
1.13996
1.14985
1.15956
1.16908
1.17841
1.18755
1.1965
1.20525
1.21381
1.22216
1.23031
1.23826
1.24601
1.25355
1.26087
1.26799
1.2749
1.28159
1.28806
1.29432
1.30036
1.30617
1.31177
1.31714
1.32228
1.3272
1.33189
1.33635
1.34058
1.34458
1.34834
1.35187
1.35516
1.35822
1.36104
1.36362
1.36596
1.36806
1.36991
1.37153
1.3729
1.37402
1.3749
1.37554
1.37593
1.37607
1.37596
1.37561
1.37501
1.37415
1.37305
1.3717
1.3701
1.36824
1.36614
1.36379
1.36118
1.35833
1.35522
1.35186
1.34825
1.34439
1.34028
1.33592
1.3313
1.32644
1.32133
1.31597
1.31036
1.3045
1.29839
1.29203
1.28543
1.27858
1.27149
1.26415
1.25657
1.24874
1.24068
1.23237
1.22382
1.21503
1.206
1.19673
1.18723
1.17749
1.16752
1.15732
1.14689
1.13622
1.12533
1.11421
1.10287
1.0913
1.07951
1.0675
1.05527
1.04282
1.03016
1.01728
1.00419
0.990894
0.977387
0.963674
0.949757
0.935638
0.921319
0.906802
0.892089
0.877183
0.862086
0.8468
0.831327
0.81567
0.799831
0.783813
0.767618
0.751248
0.734706
0.717996
0.701118
0.684077
0.666874
0.649512
0.631995
0.614325
0.596505
0.578537
0.560425
0.542171
0.523778
0.50525
0.48659
0.4678
0.448883
0.429843
0.410683
0.391406
0.372015
0.352513
0.332904
0.313191
0.293377
0.273465
0.25346
0.233363
0.213179
0.192911
0.172562
0.152137
0.131637
0.111068
0.0904315
0.0697322
0.0489734
0.0281587
0.00729154
-0.0136244
-0.0345854
-0.0555879
-0.0766283
-0.0977028
-0.118808
-0.13994
-0.161095
-0.182269
-0.203459
-0.224661
-0.24587
-0.267085
-0.2883
-0.309511
-0.330716
-0.35191
-0.37309
-0.394251
-0.41539
-0.436503
-0.457586
-0.478635
-0.499647
-0.520618
-0.541544
-0.562421
-0.583245
-0.604012
-0.62472
-0.645362
-0.665937
-0.686441
-0.706868
-0.727216
-0.747481
-0.767659
-0.787746
-0.807739
-0.827633
-0.847425
-0.867111
-0.886688
-0.906151
-0.925498
-0.944724
-0.963825
-0.982799
-1.00164
-1.02035
-1.03891
-1.05734
-1.07562
-1.09375
-1.11172
-1.12954
-1.1472
-1.1647
-1.18203
-1.19918
-1.21617
-1.23297
-1.2496
-1.26604
-1.28229
-1.29835
-1.31422
-1.32989
-1.34536
-1.36063
-1.37569
-1.39054
-1.40517
-1.41959
-1.43379
-1.44777
-1.46152
-1.47505
-1.48834
-1.5014
-1.51423
-1.52681
-1.53915
-1.55125
-1.5631
-1.5747
-1.58604
-1.59713
-1.60796
-1.61853
-1.62884
-1.63888
-1.64866
-1.65816
-1.6674
-1.67635
-1.68503
-1.69344
-1.70156
-1.70939
-1.71695
-1.72421
-1.73119
-1.73787
-1.74427
-1.75036
-1.75617
-1.76167
-1.76687
-1.77178
-1.77638
-1.78067
-1.78466
-1.78834
-1.79172
-1.79478
-1.79754
-1.79998
-1.80211
-1.80392
-1.80542
-1.8066
-1.80747
-1.80801
-1.80824
-1.80815
-1.80774
-1.80701
-1.80595
-1.80458
-1.80288
-1.80085
-1.79851
-1.79584
-1.79285
-1.78953
-1.78589
-1.78192
-1.77763
-1.77302
-1.76808
-1.76281
-1.75722
-1.75131
-1.74508
-1.73852
-1.73164
-1.72444
-1.71691
-1.70907
-1.7009
-1.69242
-1.68361
-1.67449
-1.66505
-1.6553
-1.64523
-1.63484
-1.62415
-1.61314
-1.60182
-1.59019
-1.57825
-1.56601
-1.55346
-1.5406
-1.52745
-1.51399
-1.50024
-1.48619
-1.47184
-1.45721
-1.44227
-1.42705
-1.41155
-1.39575
-1.37968
-1.36332
-1.34669
-1.32977
-1.31259
-1.29513
-1.2774
-1.2594
-1.24115
-1.22263
-1.20385
-1.18481
-1.16552
-1.14598
-1.12619
-1.10616
-1.08588
-1.06537
-1.04462
-1.02363
-1.00242
-0.980982
-0.95932
-0.937437
-0.915337
-0.893024
-0.870502
-0.847772
-0.82484
-0.801709
-0.778382
-0.754863
-0.731155
-0.707263
-0.683189
-0.658939
-0.634515
-0.609922
-0.585163
-0.560243
-0.535165
-0.509934
-0.484553
-0.459027
-0.43336
-0.407556
-0.381618
-0.355553
-0.329362
-0.303052
-0.276626
-0.250089
-0.223444
-0.196697
-0.169852
-0.142914
-0.115886
-0.0887733
-0.0615807
-0.0343125
-0.00697347
0.0204319
0.047899
0.0754231
0.102999
0.130624
0.158291
0.185996
0.213734
0.241502
0.269293
0.297103
0.324927
0.352761
0.3806
0.408438
0.436271
0.464094
0.491903
0.519691
0.547455
0.575189
0.602889
0.630549
0.658165
0.685732
0.713245
0.740698
0.768087
0.795408
0.822654
0.849822
0.876906
0.903902
0.930803
0.957607
0.984306
1.0109
1.03738
1.06374
1.08997
1.11608
1.14206
1.1679
1.1936
1.21915
1.24454
1.26979
1.29486
1.31978
1.34452
1.36909
1.39347
1.41767
1.44169
1.4655
1.48912
1.51253
1.53574
1.55873
1.58151
1.60406
1.62639
1.64849
1.67035
