0
6.29395
-0.00206164
-0.00416673
-0.00627061
-0.00837258
-0.0104719
-0.012568
-0.01466
-0.0167473
-0.0188292
-0.020905
-0.0229739
-0.0250353
-0.0270886
-0.0291329
-0.0311677
-0.0331922
-0.0352057
-0.0372077
-0.0391974
-0.0411741
-0.0431371
-0.045086
-0.0470198
-0.0489381
-0.0508402
-0.0527254
-0.0545931
-0.0564427
-0.0582735
-0.060085
-0.0618764
-0.0636474
-0.0653971
-0.0671251
-0.0688308
-0.0705135
-0.0721728
-0.073808
-0.0754186
-0.0770041
-0.078564
-0.0800976
-0.0816046
-0.0830843
-0.0845363
-0.0859602
-0.0873553
-0.0887213
-0.0900577
-0.0913641
-0.0926399
-0.0938849
-0.0950984
-0.0962802
-0.0974299
-0.098547
-0.0996312
-0.100682
-0.101699
-0.102683
-0.103632
-0.104546
-0.105425
-0.106269
-0.107078
-0.107851
-0.108587
-0.109288
-0.109952
-0.110579
-0.111169
-0.111722
-0.112237
-0.112715
-0.113155
-0.113557
-0.113922
-0.114248
-0.114536
-0.114785
-0.114997
-0.115169
-0.115303
-0.115399
-0.115455
-0.115474
-0.115453
-0.115394
-0.115296
-0.115159
-0.114984
-0.11477
-0.114518
-0.114228
-0.113899
-0.113532
-0.113127
-0.112684
-0.112203
-0.111685
-0.111129
-0.110536
-0.109905
-0.109238
-0.108535
-0.107794
-0.107018
-0.106206
-0.105358
-0.104475
-0.103556
-0.102603
-0.101616
-0.100594
-0.0995388
-0.09845
-0.097328
-0.0961735
-0.0949865
-0.0937677
-0.0925174
-0.091236
-0.0899239
-0.0885816
-0.0872095
-0.0858082
-0.0843779
-0.0829193
-0.0814328
-0.0799189
-0.0783781
-0.0768109
-0.0752179
-0.0735996
-0.0719565
-0.0702892
-0.0685982
-0.0668841
-0.0651475
-0.0633889
-0.061609
-0.0598082
-0.0579874
-0.0561469
-0.0542875
-0.0524098
-0.0505144
-0.048602
-0.0466731
-0.0447285
-0.0427687
-0.0407945
-0.0388064
-0.0368052
-0.0347916
-0.0327661
-0.0307295
-0.0286825
-0.0266258
-0.0245599
-0.0224857
-0.0204038
-0.018315
-0.0162198
-0.0141191
-0.0120135
-0.00990378
-0.00779055
-0.00567458
-0.00355655
-0.00143719
0.000682791
0.00280269
0.00492179
0.00703939
0.00915477
0.0112672
0.0133761
0.0154805
0.01758
0.0196737
0.0217609
0.023841
0.0259132
0.0279769
0.0300313
0.0320759
0.0341098
0.0361324
0.038143
0.040141
0.0421257
0.0440964
0.0460524
0.0479931
0.0499179
0.0518261
0.053717
0.05559
0.0574446
0.05928
0.0610957
0.062891
0.0646653
0.0664181
0.0681488
0.0698567
0.0715413
0.0732021
0.0748384
0.0764498
0.0780356
0.0795954
0.0811287
0.0826348
0.0841133
0.0855637
0.0869856
0.0883784
0.0897416
0.0910749
0.0923777
0.0936497
0.0948903
0.0960993
0.0972761
0.0984203
0.0995317
0.10061
0.101654
0.102665
0.103641
0.104582
0.105488
0.10636
0.107195
0.107995
0.108758
0.109485
0.110176
0.110829
0.111446
0.112025
0.112566
0.11307
0.113536
0.113964
0.114354
0.114706
0.115019
0.115294
0.11553
0.115727
0.115885
0.116005
0.116086
0.116128
0.116131
0.116095
0.11602
0.115906
0.115753
0.115562
0.115332
0.115063
0.114755
0.114409
0.114025
0.113603
0.113142
0.112643
0.112107
0.111533
0.110922
0.110273
0.109587
0.108865
0.108106
0.107311
0.106479
0.105612
0.10471
0.103772
0.1028
0.101793
0.100752
0.0996769
0.0985684
0.0974269
0.0962526
0.095046
0.0938074
0.0925373
0.0912362
0.0899043
0.0885423
0.0871505
0.0857293
0.0842794
0.0828011
0.081295
0.0797616
0.0782013
0.0766147
0.0750023
0.0733647
0.0717024
0.070016
0.068306
0.066573
0.0648175
0.0630403
0.0612418
0.0594226
0.0575835
0.0557249
0.0538475
0.051952
0.050039
0.048109
0.0461628
0.0442011
0.0422244
0.0402334
0.0382288
0.0362113
0.0341815
0.0321402
0.0300879
0.0280255
0.0259535
0.0238727
0.0217838
0.0196874
0.0175844
0.0154753
0.0133609
0.0112419
0.00911898
0.00699291
0.00486437
0.00273407
0.000602726
-0.00152894
-0.00366022
-0.0057904
-0.00791876
-0.0100446
-0.0121672
-0.0142858
-0.0163998
-0.0185084
-0.0206109
-0.0227066
-0.0247948
-0.0268749
-0.0289461
-0.0310076
-0.0330589
-0.0350993
-0.037128
-0.0391443
-0.0411477
-0.0431373
-0.0451127
-0.047073
-0.0490177
-0.050946
-0.0528574
-0.0547511
-0.0566267
-0.0584833
-0.0603205
-0.0621375
-0.0639338
-0.0657088
-0.0674618
-0.0691924
-0.0708998
-0.0725836
-0.0742432
-0.0758779
-0.0774873
-0.0790708
-0.080628
-0.0821581
-0.0836609
-0.0851356
-0.0865819
-0.0879993
-0.0893873
-0.0907453
-0.0920731
-0.09337
-0.0946357
-0.0958698
-0.0970718
-0.0982413
-0.099378
-0.100481
-0.101551
-0.102587
-0.103588
-0.104555
-0.105487
-0.106384
-0.107245
-0.10807
-0.108858
-0.109611
-0.110327
-0.111005
-0.111647
-0.112251
-0.112818
-0.113347
-0.113837
-0.11429
-0.114705
-0.115081
-0.115418
-0.115717
-0.115977
-0.116198
-0.11638
-0.116524
-0.116628
-0.116693
-0.116719
-0.116706
-0.116654
-0.116562
-0.116432
-0.116263
-0.116054
-0.115807
-0.115521
-0.115196
-0.114832
-0.11443
-0.11399
-0.113511
-0.112995
-0.11244
-0.111848
-0.111218
-0.110551
-0.109847
-0.109106
-0.108328
-0.107514
-0.106664
-0.105778
-0.104857
-0.1039
-0.102909
-0.101883
-0.100823
-0.099729
-0.0986015
-0.097441
-0.0962477
-0.0950221
-0.0937646
-0.0924757
-0.0911556
-0.089805
-0.0884242
-0.0870137
-0.0855739
-0.0841054
-0.0826087
-0.0810842
-0.0795324
-0.077954
-0.0763493
-0.074719
-0.0730635
-0.0713835
-0.0696795
-0.067952
-0.0662017
-0.0644291
-0.0626349
-0.0608196
-0.0589838
-0.0571281
-0.0552533
-0.0533598
-0.0514484
-0.0495196
-0.0475741
-0.0456127
-0.0436358
-0.0416442
-0.0396386
-0.0376196
-0.035588
-0.0335443
-0.0314892
-0.0294236
-0.027348
-0.0252631
-0.0231697
-0.0210684
-0.0189599
-0.016845
-0.0147244
-0.0125988
-0.0104688
-0.00833528
-0.00619884
-0.00406024
-0.00192019
0.000220594
0.00236139
0.00450149
0.00664017
0.0087767
0.0109104
0.0130405
0.0151663
0.0172872
0.0194023
0.021511
0.0236126
0.0257063
0.0277916
0.0298675
0.0319336
0.033989
0.0360332
0.0380653
0.0400848
0.0420909
0.0440829
0.0460603
0.0480223
0.0499683
0.0518976
0.0538096
0.0557037
0.0575791
0.0594353
0.0612717
0.0630876
0.0648824
0.0666555
0.0684064
0.0701344
0.0718389
0.0735195
0.0751754
0.0768063
0.0784114
0.0799903
0.0815425
0.0830674
0.0845645
0.0860333
0.0874734
0.0888841
0.0902651
0.091616
0.0929361
0.0942252
0.0954827
0.0967083
0.0979015
0.0990619
0.100189
0.101283
0.102343
0.103368
0.104359
0.105315
0.106236
0.107121
0.10797
0.108783
0.10956
0.1103
0.111003
0.111669
0.112297
0.112888
0.113441
0.113956
0.114433
0.114871
0.115271
0.115633
0.115955
0.116239
0.116484
0.116689
0.116856
0.116984
0.117072
0.117121
0.117131
0.117101
0.117032
0.116924
0.116777
0.116591
0.116366
0.116101
0.115798
0.115456
0.115075
0.114655
0.114197
0.113701
0.113167
0.112595
0.111984
0.111337
0.110652
0.10993
0.109171
0.108375
0.107544
0.106676
0.105772
0.104833
0.103858
0.102849
0.101805
0.100727
0.0996156
0.0984705
0.0972923
0.0960815
0.0948385
0.0935636
0.0922573
0.09092
0.0895523
0.0881545
0.086727
0.0852705
0.0837854
0.0822721
0.0807312
0.0791632
0.0775686
0.075948
0.0743018
0.0726308
0.0709353
0.069216
0.0674734
0.0657082
0.0639209
0.0621121
0.0602825
0.0584326
0.0565631
0.0546745
0.0527676
0.0508429
0.0489012
0.046943
0.044969
0.0429799
0.0409763
0.0389589
0.0369285
0.0348856
0.0328309
0.0307652
0.0286891
0.0266034
0.0245087
0.0224057
0.0202951
0.0181777
0.0160542
0.0139252
0.0117915
0.00965374
0.00751273
0.00536915
0.00322372
0.00107716
-0.00106981
-0.00321648
-0.00536213
-0.00750603
-0.00964746
-0.0117857
-0.0139201
-0.0160498
-0.0181742
-0.0202926
-0.0224042
-0.0245083
-0.0266043
-0.0286914
-0.030769
-0.0328363
-0.0348926
-0.0369372
-0.0389696
-0.0409889
-0.0429945
-0.0449858
-0.046962
-0.0489225
-0.0508667
-0.0527939
-0.0547034
-0.0565946
-0.0584669
-0.0603196
-0.0621521
-0.0639639
-0.0657542
-0.0675226
-0.0692683
-0.0709909
-0.0726897
-0.0743642
-0.0760137
-0.0776379
-0.079236
-0.0808076
-0.0823522
-0.0838692
-0.0853581
-0.0868184
-0.0882497
-0.0896514
-0.091023
-0.0923642
-0.0936745
-0.0949534
-0.0962005
-0.0974153
-0.0985975
-0.0997467
-0.100863
-0.101945
-0.102992
-0.104006
-0.104984
-0.105928
-0.106835
-0.107707
-0.108543
-0.109343
-0.110106
-0.110832
-0.111521
-0.112172
-0.112786
-0.113363
-0.113901
-0.114401
-0.114862
-0.115286
-0.11567
-0.116016
-0.116323
-0.116591
-0.116819
-0.117009
-0.11716
-0.117271
-0.117343
-0.117375
-0.117368
-0.117322
-0.117237
-0.117112
-0.116948
-0.116745
-0.116503
-0.116221
-0.115901
-0.115542
-0.115144
-0.114707
-0.114232
-0.113719
-0.113167
-0.112578
-0.111951
-0.111286
-0.110584
-0.109845
-0.109069
-0.108257
-0.107408
-0.106523
-0.105603
-0.104647
-0.103656
-0.10263
-0.10157
-0.100476
-0.0993483
-0.0981871
-0.096993
-0.0957664
-0.0945077
-0.0932172
-0.0918955
-0.090543
-0.0891601
-0.0877473
-0.0863051
-0.084834
-0.0833344
-0.0818068
-0.0802518
-0.0786699
-0.0770616
-0.0754275
-0.0737681
-0.0720839
-0.0703755
-0.0686436
-0.0668886
-0.0651112
-0.0633119
-0.0614914
-0.0596503
-0.0577891
-0.0559086
-0.0540093
-0.0520919
-0.050157
-0.0482053
-0.0462374
-0.044254
-0.0422558
-0.0402433
-0.0382174
-0.0361787
-0.0341277
-0.0320654
-0.0299923
-0.0279091
-0.0258165
-0.0237153
-0.0216061
-0.0194896
-0.0173666
-0.0152378
-0.0131038
-0.0109654
-0.00882339
-0.00667836
-0.00453107
-0.00238226
-0.00023263
0.00191709
0.00406618
0.00621392
0.0083596
0.0105025
0.0126419
0.014777
0.0169072
0.0190318
0.02115
0.0232611
0.0253644
0.0274592
0.0295449
0.0316206
0.0336858
0.0357397
0.0377816
0.0398109
0.0418268
0.0438287
0.0458159
0.0477878
0.0497437
0.0516829
0.0536048
0.0555088
0.0573941
0.0592602
0.0611065
0.0629323
0.064737
0.06652
0.0682807
0.0700185
0.0717329
0.0734233
0.075089
0.0767296
0.0783444
0.0799331
0.0814949
0.0830294
0.0845361
0.0860145
0.087464
0.0888842
0.0902747
0.0916348
0.0929643
0.0942626
0.0955294
0.0967641
0.0979664
0.0991358
0.100272
0.101375
0.102443
0.103478
0.104477
0.105442
0.106371
0.107265
0.108123
0.108944
0.109729
0.110477
0.111188
0.111862
0.112499
0.113097
0.113658
0.114181
0.114665
0.115111
0.115519
0.115887
0.116217
0.116508
0.11676
0.116973
0.117146
0.11728
0.117375
0.117431
0.117447
0.117424
0.117362
0.11726
0.117119
0.116939
0.116719
0.116461
0.116163
0.115827
0.115451
0.115037
0.114584
0.114093
0.113564
0.112997
0.112392
0.111749
0.111069
0.110351
0.109597
0.108805
0.107978
0.107114
0.106214
0.105279
0.104308
0.103303
0.102263
0.101188
0.10008
0.098938
0.097763
0.0965552
0.0953151
0.094043
0.0927395
0.0914048
0.0900396
0.0886441
0.087219
0.0857647
0.0842816
0.0827703
0.0812313
0.079665
0.0780721
0.076453
0.0748083
0.0731386
0.0714443
0.0697261
0.0679846
0.0662203
0.0644338
0.0626258
0.0607967
0.0589473
0.0570782
0.0551899
0.0532832
0.0513586
0.0494169
0.0474585
0.0454843
0.0434949
0.0414909
0.039473
0.0374419
0.0353983
0.0333428
0.0312762
0.0291991
0.0271123
0.0250163
0.022912
0.0208001
0.0186812
0.016556
0.0144253
0.0122898
0.0101502
0.00800722
0.00586156
0.00371396
0.00156513
-0.000584202
-0.00273332
-0.00488151
-0.00702805
-0.00917221
-0.0113133
-0.0134505
-0.0155833
-0.0177108
-0.0198323
-0.0219472
-0.0240547
-0.0261542
-0.0282448
-0.030326
-0.032397
-0.0344571
-0.0365056
-0.038542
-0.0405653
-0.0425751
-0.0445706
-0.0465511
-0.048516
-0.0504647
-0.0523964
-0.0543106
-0.0562065
-0.0580836
-0.0599412
-0.0617787
-0.0635955
-0.065391
-0.0671646
-0.0689156
-0.0706435
-0.0723478
-0.0740278
-0.075683
-0.0773128
-0.0789167
-0.0804941
-0.0820446
-0.0835675
-0.0850625
-0.0865289
-0.0879664
-0.0893743
-0.0907523
-0.0920999
-0.0934166
-0.094702
-0.0959557
-0.0971773
-0.0983662
-0.0995222
-0.100645
-0.101734
-0.102789
-0.103809
-0.104795
-0.105745
-0.10666
-0.10754
-0.108383
-0.10919
-0.10996
-0.110694
-0.11139
-0.112049
-0.112671
-0.113255
-0.113801
-0.114309
-0.114778
-0.115209
-0.115602
-0.115956
-0.116271
-0.116547
-0.116783
-0.116981
-0.11714
-0.117259
-0.11734
-0.11738
-0.117382
-0.117344
-0.117267
-0.117151
-0.116995
-0.1168
-0.116566
-0.116294
-0.115982
-0.115631
-0.115242
-0.114814
-0.114347
-0.113842
-0.1133
-0.112719
-0.1121
-0.111444
-0.110751
-0.11002
-0.109253
-0.108449
-0.107609
-0.106733
-0.105821
-0.104874
-0.103891
-0.102874
-0.101822
-0.100737
-0.0996172
-0.0984644
-0.0972787
-0.0960604
-0.0948099
-0.0935277
-0.0922143
-0.0908699
-0.0894951
-0.0880904
-0.0866563
-0.0851931
-0.0837014
-0.0821817
-0.0806345
-0.0790604
-0.0774597
-0.0758332
-0.0741813
-0.0725046
-0.0708036
-0.0690789
-0.0673312
-0.0655609
-0.0637687
-0.0619551
-0.0601209
-0.0582665
-0.0563927
-0.0545
-0.052589
-0.0506605
-0.0487151
-0.0467533
-0.044776
-0.0427836
-0.040777
-0.0387567
-0.0367235
-0.034678
-0.032621
-0.030553
-0.0284748
-0.0263872
-0.0242907
-0.0221861
-0.0200741
-0.0179554
-0.0158307
-0.0137007
-0.0115662
-0.00942785
-0.00728635
-0.00514243
-0.0029968
-0.000850202
0.00129666
0.00344308
0.00558831
0.00773166
0.0098724
0.0120098
0.0141432
0.0162718
0.018395
0.0205119
0.022622
0.0247245
0.0268187
0.028904
0.0309795
0.0330446
0.0350987
0.037141
0.0391709
0.0411876
0.0431905
0.045179
0.0471523
0.0491099
0.051051
0.052975
0.0548812
0.0567691
0.058638
0.0604872
0.0623162
0.0641243
0.065911
0.0676756
0.0694175
0.0711362
0.0728311
0.0745016
0.0761472
0.0777673
0.0793614
0.0809289
0.0824694
0.0839822
0.0854669
0.0869231
0.0883501
0.0897476
0.0911151
0.0924521
0.0937581
0.0950328
0.0962757
0.0974864
0.0986645
0.0998096
0.100921
0.101999
0.103043
0.104052
0.105027
0.105966
0.10687
0.107739
0.108571
0.109367
0.110126
0.110848
0.111534
0.112182
0.112793
0.113365
0.1139
0.114397
0.114856
0.115276
0.115658
0.116001
0.116305
0.116571
0.116797
0.116984
0.117133
0.117242
0.117312
0.117342
0.117334
0.117286
0.117199
0.117073
0.116907
0.116703
0.11646
0.116177
0.115856
0.115496
0.115098
0.114661
0.114186
0.113672
0.113121
0.112531
0.111905
0.11124
0.110539
0.1098
0.109025
0.108214
0.107366
0.106483
0.105564
0.104609
0.10362
0.102596
0.101537
0.100445
0.0993194
0.0981605
0.0969687
0.0957445
0.0944883
0.0932005
0.0918816
0.090532
0.0891521
0.0877425
0.0863035
0.0848357
0.0833395
0.0818154
0.0802641
0.0786858
0.0770813
0.0754511
0.0737956
0.0721154
0.0704112
0.0686834
0.0669327
0.0651595
0.0633646
0.0615485
0.0597119
0.0578552
0.0559792
0.0540845
0.0521717
0.0502415
0.0482945
0.0463313
0.0443526
0.042359
0.0403513
0.0383301
0.036296
0.0342498
0.0321921
0.0301237
0.0280451
0.0259571
0.0238605
0.0217558
0.0196438
0.0175252
0.0154008
0.0132711
0.011137
0.00899907
0.00685812
0.00471482
0.00256991
0.000424081
-0.00172194
-0.00386744
-0.0060117
-0.00815401
-0.0102937
-0.0124299
-0.0145621
-0.0166895
-0.0188114
-0.020927
-0.0230358
-0.0251369
-0.0272297
-0.0293134
-0.0313875
-0.0334511
-0.0355037
-0.0375445
-0.0395728
-0.041588
-0.0435894
-0.0455763
-0.0475481
-0.0495041
-0.0514437
-0.0533662
-0.0552709
-0.0571573
-0.0590247
-0.0608725
-0.0627001
-0.0645068
-0.0662922
-0.0680554
-0.0697961
-0.0715136
-0.0732073
-0.0748766
-0.0765211
-0.0781402
-0.0797333
-0.0812998
-0.0828394
-0.0843514
-0.0858354
-0.0872908
-0.0887173
-0.0901142
-0.0914812
-0.0928177
-0.0941234
-0.0953978
-0.0966405
-0.0978511
-0.0990291
-0.100174
-0.101286
-0.102364
-0.103408
-0.104418
-0.105393
-0.106333
-0.107237
-0.108106
-0.108939
-0.109736
-0.110496
-0.11122
-0.111906
-0.112556
-0.113167
-0.113742
-0.114278
-0.114776
-0.115237
-0.115659
-0.116042
-0.116387
-0.116693
-0.11696
-0.117189
-0.117378
-0.117529
-0.11764
-0.117712
-0.117745
-0.117739
-0.117694
-0.117609
-0.117485
-0.117323
-0.117121
-0.11688
-0.116601
-0.116282
-0.115925
-0.11553
-0.115095
-0.114623
-0.114112
-0.113564
-0.112977
-0.112354
-0.111692
-0.110994
-0.110258
-0.109486
-0.108677
-0.107832
-0.106952
-0.106035
-0.105083
-0.104097
-0.103075
-0.10202
-0.10093
-0.0998065
-0.0986499
-0.0974603
-0.0962383
-0.0949842
-0.0936985
-0.0923815
-0.0910336
-0.0896554
-0.0882473
-0.0868098
-0.0853432
-0.0838482
-0.0823252
-0.0807746
-0.0791971
-0.0775932
-0.0759633
-0.074308
-0.0726278
-0.0709234
-0.0691952
-0.0674439
-0.0656699
-0.063874
-0.0620567
-0.0602186
-0.0583602
-0.0564823
-0.0545854
-0.0526702
-0.0507373
-0.0487872
-0.0468208
-0.0448386
-0.0428412
-0.0408294
-0.0388038
-0.036765
-0.0347138
-0.0326508
-0.0305767
-0.0284922
-0.0263979
-0.0242946
-0.0221829
-0.0200636
-0.0179373
-0.0158048
-0.0136667
-0.0115238
-0.00937678
-0.00722629
-0.00507308
-0.00291786
-0.000761346
0.00139576
0.00355275
0.0057089
0.00786351
0.0100159
0.0121653
0.014311
0.0164523
0.0185885
0.020719
0.022843
0.0249597
0.0270686
0.0291689
0.0312599
0.033341
0.0354113
0.0374704
0.0395174
0.0415517
0.0435727
0.0455797
0.0475719
0.0495488
0.0515097
0.053454
0.0553809
0.05729
0.0591804
0.0610517
0.0629032
0.0647343
0.0665444
0.0683329
0.0700992
0.0718427
0.0735628
0.075259
0.0769308
0.0785775
0.0801986
0.0817936
0.0833619
0.0849031
0.0864166
0.0879019
0.0893586
0.0907861
0.0921841
0.0935519
0.0948892
0.0961955
0.0974704
0.0987135
0.0999243
0.101103
0.102248
0.103359
0.104437
0.105481
0.10649
0.107465
0.108404
0.109308
0.110176
0.111008
0.111804
0.112563
0.113285
0.113971
0.114618
0.115229
0.115801
0.116336
0.116832
0.11729
0.11771
0.118091
0.118434
0.118737
0.119002
0.119227
0.119414
0.119561
0.119669
0.119738
0.119767
0.119757
0.119708
0.119619
0.119491
0.119324
0.119117
0.118872
0.118587
0.118263
0.117901
0.117499
0.117059
0.11658
0.116063
0.115508
0.114914
0.114283
0.113614
0.112907
0.112163
0.111383
0.110565
0.109711
0.10882
0.107894
0.106932
0.105935
0.104902
0.103835
0.102733
0.101598
0.100428
0.0992257
0.0979901
0.0967219
0.0954216
0.0940896
0.0927263
0.0913322
0.0899076
0.088453
0.0869689
0.0854558
0.0839141
0.0823444
0.0807471
0.0791227
0.0774719
0.075795
0.0740926
0.0723653
0.0706136
0.0688382
0.0670394
0.065218
0.0633745
0.0615094
0.0596235
0.0577172
0.0557913
0.0538462
0.0518827
0.0499014
0.0479029
0.0458878
0.0438567
0.0418104
0.0397495
0.0376746
0.0355865
0.0334857
0.0313729
0.0292489
0.0271143
0.0249698
0.022816
0.0206537
0.0184836
0.0163062
0.0141225
0.011933
0.00973841
0.00753949
0.00533692
0.00313141
0.000923669
-0.0012856
-0.00349569
-0.0057059
-0.0079155
-0.0101238
-0.0123301
-0.0145337
-0.0167338
-0.0189298
-0.0211209
-0.0233066
-0.0254859
-0.0276584
-0.0298232
-0.0319796
-0.034127
-0.0362647
-0.038392
-0.0405082
-0.0426127
-0.0447046
-0.0467835
-0.0488485
-0.0508992
-0.0529346
-0.0549544
-0.0569576
-0.0589439
-0.0609124
-0.0628625
-0.0647937
-0.0667053
-0.0685967
-0.0704672
-0.0723163
-0.0741433
-0.0759478
-0.077729
-0.0794864
-0.0812195
-0.0829276
-0.0846103
-0.0862669
-0.0878969
-0.0894999
-0.0910753
-0.0926225
-0.094141
-0.0956304
-0.0970902
-0.0985199
-0.099919
-0.101287
-0.102624
-0.103928
-0.105201
-0.10644
-0.107646
-0.108819
-0.109958
-0.111062
-0.112132
-0.113166
-0.114166
-0.115129
-0.116056
-0.116947
-0.117801
-0.118618
-0.119397
-0.12014
-0.120844
-0.12151
-0.122138
-0.122727
-0.123278
-0.123789
-0.124262
-0.124695
-0.125089
-0.125443
-0.125757
-0.126031
-0.126266
-0.12646
-0.126614
-0.126727
-0.126801
-0.126833
-0.126826
-0.126778
-0.126689
-0.12656
-0.12639
-0.12618
-0.125929
-0.125638
-0.125307
-0.124935
-0.124523
-0.124071
-0.123579
-0.123047
-0.122475
-0.121864
-0.121213
-0.120523
-0.119793
-0.119025
-0.118218
-0.117373
-0.116489
-0.115567
-0.114607
-0.11361
-0.112575
-0.111503
-0.110395
-0.10925
-0.108069
-0.106853
-0.105601
-0.104313
-0.102991
-0.101635
-0.100245
-0.098821
-0.097364
-0.0958741
-0.0943519
-0.0927978
-0.0912122
-0.0895956
-0.0879484
-0.0862711
-0.0845641
-0.082828
-0.0810633
-0.0792704
-0.0774499
-0.0756022
-0.073728
-0.0718278
-0.0699021
-0.0679515
-0.0659765
-0.0639776
-0.0619556
-0.0599109
-0.0578442
-0.0557561
-0.0536471
-0.0515179
-0.0493691
-0.0472013
-0.0450152
-0.0428113
-0.0405904
-0.0383531
-0.0361
-0.0338319
-0.0315493
-0.0292529
-0.0269435
-0.0246216
-0.0222881
-0.0199434
-0.0175885
-0.0152239
-0.0128504
-0.0104686
-0.00807926
-0.00568311
-0.00328085
-0.000873191
0.00153915
0.00395545
0.00637499
0.00879705
0.0112209
0.0136458
0.016071
0.0184959
0.0209196
0.0233414
0.0257607
0.0281766
0.0305884
0.0329955
0.035397
0.0377923
0.0401806
0.0425611
0.0449332
0.0472961
0.0496491
0.0519914
0.0543223
0.0566412
0.0589472
0.0612397
0.0635179
0.0657811
0.0680286
0.0702597
0.0724737
0.0746699
0.0768476
0.079006
0.0811445
0.0832624
0.085359
0.0874336
0.0894856
0.0915142
0.0935187
0.0954987
0.0974532
0.0993818
0.101284
0.103158
0.105005
0.106823
0.108612
0.110371
0.1121
0.113797
0.115463
0.117097
0.118697
0.120265
0.121798
0.123296
0.12476
0.126188
0.127579
0.128933
0.130251
0.13153
0.13277
0.133972
0.135134
0.136257
0.137339
0.138379
0.139379
0.140336
0.141251
0.142124
0.142953
0.143738
0.144479
0.145175
0.145827
0.146433
0.146993
0.147507
0.147975
0.148396
0.148769
0.149094
0.149372
0.149601
0.149782
0.149914
0.149996
0.150029
0.150012
0.149944
0.149827
0.149658
0.149439
0.149168
0.148846
0.148472
0.148047
0.147569
0.147039
0.146456
0.145821
0.145133
0.144392
0.143598
0.142751
0.14185
0.140895
0.139887
0.138825
0.137709
0.136539
0.135315
0.134037
0.132705
0.131318
0.129877
0.128382
0.126832
0.125228
0.12357
0.121857
0.120089
0.118268
0.116391
0.114461
0.112476
0.110437
0.108344
0.106196
0.103995
0.101739
0.0994301
0.0970669
0.0946499
0.0921794
0.0896554
0.0870781
0.0844475
0.0817638
0.0790272
0.0762379
0.0733959
0.0705015
0.0675549
0.0645561
0.0615055
0.0584032
0.0552495
0.0520445
0.0487884
0.0454816
0.0421241
0.0387163
0.0352585
0.0317508
0.0281935
0.0245869
0.0209313
0.0172269
0.013474
0.00967294
0.00582398
0.00192742
-0.00201641
-0.00600723
-0.0100447
-0.0141285
-0.0182583
-0.0224338
-0.0266546
-0.0309204
-0.0352308
-0.0395856
-0.0439842
-0.0484264
-0.0529118
-0.05744
-0.0620107
-0.0666234
-0.0712778
-0.0759735
-0.0807101
-0.0854872
-0.0903043
-0.0951612
-0.100057
-0.104992
-0.109966
-0.114977
-0.120026
-0.125112
-0.130235
-0.135394
-0.140589
-0.14582
-0.151085
-0.156385
-0.161719
-0.167086
-0.172487
-0.17792
-0.183386
-0.188883
-0.194411
-0.19997
-0.20556
-0.21118
-0.216828
-0.222506
-0.228212
-0.233946
-0.239707
-0.245495
-0.25131
-0.25715
-0.263016
-0.268907
-0.274822
-0.280761
-0.286724
-0.292709
-0.298717
-0.304746
-0.310797
-0.316869
-0.322961
-0.329072
-0.335203
-0.341353
-0.34752
-0.353706
-0.359908
-0.366127
-0.372362
-0.378612
-0.384878
-0.391157
-0.397451
-0.403758
-0.410077
-0.416409
-0.422753
-0.429107
-0.435473
-0.441848
-0.448232
-0.454626
-0.461027
-0.467437
-0.473854
-0.480277
-0.486706
-0.493141
-0.499581
-0.506025
-0.512472
-0.518923
-0.525377
-0.531832
-0.538289
-0.544747
-0.551205
-0.557663
-0.56412
-0.570575
-0.577029
-0.583479
-0.589927
-0.59637
-0.602809
-0.609243
-0.615671
-0.622093
-0.628508
-0.634916
-0.641315
-0.647706
-0.654088
-0.660459
-0.66682
-0.67317
-0.679508
-0.685833
-0.692145
-0.698444
-0.704729
-0.710998
-0.717252
-0.72349
-0.729711
-0.735914
-0.742099
-0.748266
-0.754413
-0.76054
-0.766646
-0.772731
-0.778794
-0.784834
-0.790851
-0.796844
-0.802812
-0.808755
-0.814672
-0.820562
-0.826425
-0.83226
-0.838067
-0.843844
-0.849591
-0.855307
-0.860992
-0.866645
-0.872265
-0.877852
-0.883404
-0.888922
-0.894405
-0.899851
-0.90526
-0.910632
-0.915965
-0.92126
-0.926514
-0.931729
-0.936902
-0.942033
-0.947122
-0.952168
-0.95717
-0.962127
-0.967039
-0.971904
-0.976723
-0.981495
-0.986218
-0.990892
-0.995517
-1.00009
-1.00461
-1.00908
-1.0135
-1.01787
-1.02218
-1.02644
-1.03064
-1.03478
-1.03887
-1.0429
-1.04687
-1.05079
-1.05464
-1.05843
-1.06216
-1.06583
-1.06944
-1.07298
-1.07646
-1.07987
-1.08322
-1.0865
-1.08972
-1.09287
-1.09595
-1.09895
-1.10189
-1.10476
-1.10756
-1.11029
-1.11294
-1.11552
-1.11802
-1.12045
-1.12281
-1.12508
-1.12729
-1.12941
-1.13145
-1.13342
-1.13531
-1.13711
-1.13884
-1.14048
-1.14204
-1.14352
-1.14491
-1.14622
-1.14745
-1.14859
-1.14964
-1.15061
-1.15149
-1.15228
-1.15298
-1.15359
-1.15411
-1.15455
-1.15489
-1.15514
-1.15529
-1.15536
-1.15533
-1.15521
-1.15499
-1.15468
-1.15427
-1.15376
-1.15316
-1.15247
-1.15167
-1.15078
-1.14979
-1.1487
-1.14751
-1.14622
-1.14483
-1.14334
-1.14174
-1.14005
-1.13826
-1.13636
-1.13436
-1.13226
-1.13005
-1.12774
-1.12533
-1.12281
-1.12019
-1.11746
-1.11463
-1.11169
-1.10864
-1.10549
-1.10224
-1.09888
-1.09541
-1.09183
-1.08815
-1.08436
-1.08047
-1.07646
-1.07235
-1.06813
-1.06381
-1.05938
-1.05484
-1.05019
-1.04543
-1.04057
-1.0356
-1.03052
-1.02533
-1.02004
-1.01464
-1.00913
-1.00352
-0.997797
-0.991969
-0.986034
-0.979993
-0.973846
-0.967593
-0.961234
-0.95477
-0.948201
-0.941527
-0.934749
-0.927866
-0.92088
-0.913791
-0.906598
-0.899303
-0.891906
-0.884407
-0.876807
-0.869107
-0.861306
-0.853406
-0.845407
-0.83731
-0.829114
-0.820822
-0.812432
-0.803947
-0.795367
-0.786692
-0.777924
-0.769062
-0.760108
-0.751063
-0.741927
-0.732701
-0.723386
-0.713983
-0.704492
-0.694915
-0.685253
-0.675506
-0.665676
-0.655763
-0.645768
-0.635693
-0.625538
-0.615306
-0.604995
-0.594609
-0.584147
-0.573611
-0.563003
-0.552323
-0.541573
-0.530753
-0.519865
-0.508911
-0.497891
-0.486808
-0.475661
-0.464453
-0.453185
-0.441858
-0.430474
-0.419033
-0.407539
-0.395991
-0.384392
-0.372742
-0.361044
-0.349299
-0.337508
-0.325673
-0.313795
-0.301877
-0.289919
-0.277924
-0.265892
-0.253826
-0.241727
-0.229597
-0.217438
-0.205251
-0.193038
-0.1808
-0.16854
-0.156259
-0.143959
-0.131641
-0.119308
-0.106962
-0.0946031
-0.0822344
-0.0698573
-0.0574739
-0.0450858
-0.0326951
-0.0203034
-0.00791283
0.00447488
0.0168578
0.029234
0.0416016
0.0539586
0.0663032
0.0786334
0.0909473
0.103243
0.115518
0.127772
0.140001
0.152204
0.164379
0.176523
0.188636
0.200715
0.212758
0.224763
0.236729
0.248652
0.260531
0.272365
0.284151
0.295887
0.307571
0.319201
0.330776
0.342293
0.35375
0.365146
0.376478
0.387744
0.398943
0.410073
0.421131
0.432116
0.443026
0.453858
0.464612
0.475284
0.485874
0.496379
0.506797
0.517127
0.527367
0.537514
0.547567
0.557525
0.567385
0.577145
0.586804
0.596361
0.605812
0.615157
0.624394
0.633521
0.642536
0.651439
0.660226
0.668897
0.677449
0.685882
0.694193
0.702382
0.710446
0.718384
0.726194
0.733876
0.741427
0.748846
0.756132
0.763283
0.770299
0.777176
0.783915
0.790514
0.796972
0.803287
0.809459
0.815485
0.821365
0.827098
0.832682
0.838117
0.843402
0.848535
0.853515
0.858341
0.863013
0.86753
0.87189
0.876093
0.880138
0.884024
0.88775
0.891316
0.894721
0.897965
0.901046
0.903964
0.906718
0.909308
0.911734
0.913995
0.91609
0.918019
0.919782
0.921378
0.922808
0.92407
0.925165
0.926092
0.926851
0.927442
0.927865
0.928121
0.928208
0.928127
0.927877
0.92746
0.926875
0.926123
0.925203
0.924115
0.922861
0.92144
0.919852
0.918099
0.91618
0.914096
0.911847
0.909434
0.906858
0.904119
0.901217
0.898154
0.89493
0.891546
0.888002
0.8843
0.88044
0.876423
0.87225
0.867923
0.863441
0.858807
0.85402
0.849083
0.843997
0.838762
0.83338
0.827851
0.822179
0.816362
0.810404
0.804305
0.798067
0.791691
0.785179
0.778532
0.771752
0.764841
0.757799
0.750629
0.743332
0.73591
0.728365
0.720698
0.712912
0.705008
0.696988
0.688854
0.680607
0.672251
0.663786
0.655214
0.646539
0.637761
0.628883
0.619907
0.610835
0.60167
0.592413
0.583066
0.573633
0.564114
0.554513
0.544831
0.535072
0.525236
0.515328
0.505348
0.4953
0.485186
0.475008
0.464768
0.45447
0.444116
0.433707
0.423248
0.412739
0.402185
0.391586
0.380946
0.370268
0.359554
0.348807
0.338028
0.327222
0.31639
0.305535
0.29466
0.283767
0.27286
0.26194
0.251011
0.240074
0.229134
0.218192
0.207251
0.196314
0.185383
0.174462
0.163553
0.152658
0.14178
0.130923
0.120088
0.109279
0.0984971
0.0877463
0.0770288
0.0663474
0.0557046
0.0451031
0.0345456
0.0240346
0.0135729
0.0031629
-0.00719265
-0.0174912
-0.0277302
-0.0379071
-0.0480194
-0.0580644
-0.0680397
-0.0779428
-0.0877711
-0.0975223
-0.107194
-0.116783
-0.126288
-0.135707
-0.145035
-0.154273
-0.163416
-0.172463
-0.181412
-0.190259
-0.199004
-0.207644
-0.216175
-0.224598
-0.232908
-0.241105
-0.249186
-0.257149
-0.264991
-0.272712
-0.280308
-0.287779
-0.295122
-0.302335
-0.309416
-0.316364
-0.323177
-0.329853
-0.33639
-0.342787
-0.349042
-0.355153
-0.361119
-0.366939
-0.37261
-0.378131
-0.383502
-0.38872
-0.393784
-0.398693
-0.403445
-0.40804
-0.412476
-0.416752
-0.420867
-0.42482
-0.428609
-0.432234
-0.435695
-0.438989
-0.442116
-0.445075
-0.447866
-0.450488
-0.452939
-0.455221
-0.45733
-0.459269
-0.461034
-0.462628
-0.464048
-0.465294
-0.466367
-0.467265
-0.467989
-0.468538
-0.468913
-0.469113
-0.469137
-0.468987
-0.468662
-0.468162
-0.467487
-0.466638
-0.465615
-0.464417
-0.463045
-0.4615
-0.459782
-0.457891
-0.455829
-0.453594
-0.451189
-0.448613
-0.445867
-0.442953
-0.43987
-0.436619
-0.433202
-0.429619
-0.425872
-0.42196
-0.417886
-0.41365
-0.409253
-0.404697
-0.399983
-0.395111
-0.390084
-0.384902
-0.379567
-0.374081
-0.368444
-0.362658
-0.356726
-0.350647
-0.344424
-0.338059
-0.331553
-0.324908
-0.318126
-0.311208
-0.304157
-0.296974
-0.28966
-0.282219
-0.274652
-0.266961
-0.259148
-0.251215
-0.243164
-0.234998
-0.226718
-0.218326
-0.209826
-0.201219
-0.192508
-0.183694
-0.17478
-0.165769
-0.156663
-0.147464
-0.138175
-0.128799
-0.119337
-0.109792
-0.100167
-0.0904651
-0.0806879
-0.0708382
-0.0609189
-0.0509324
-0.0408816
-0.030769
-0.0205975
-0.0103696
-8.81545e-05
0.0102441
0.0206243
0.0310499
0.0415178
0.0520255
0.0625699
0.0731484
0.083758
0.094396
0.105059
0.115745
0.126451
0.137174
0.14791
0.158658
0.169414
0.180175
0.190939
0.201702
0.212462
0.223215
0.23396
0.244692
0.25541
0.266109
0.276788
0.287444
0.298072
0.308672
0.31924
0.329772
0.340267
0.350721
0.361131
0.371496
0.381811
0.392074
0.402283
0.412434
0.422526
0.432554
0.442517
0.452412
0.462236
0.471986
0.481661
0.491256
0.500771
0.510201
0.519545
0.5288
0.537964
0.547034
0.556007
0.564882
0.573656
0.582326
0.59089
0.599347
0.607693
0.615926
0.624044
0.632046
0.639928
0.64769
0.655328
0.66284
0.670225
0.677481
0.684606
0.691597
0.698453
0.705173
0.711754
0.718194
0.724492
0.730647
0.736656
0.742518
0.748232
0.753795
0.759207
0.764466
0.769571
0.77452
0.779312
0.783946
0.78842
0.792734
0.796887
0.800876
0.804702
0.808363
0.811858
0.815187
0.818348
0.821341
0.824165
0.826819
0.829303
0.831617
0.833758
0.835728
0.837526
0.83915
0.840601
0.841879
0.842983
0.843914
0.84467
0.845251
0.845659
0.845892
0.845951
0.845835
0.845546
0.845082
0.844445
0.843635
0.842651
0.841495
0.840166
0.838666
0.836995
0.835152
0.83314
0.830958
0.828608
0.826089
0.823404
0.820552
0.817535
0.814353
0.811009
0.807501
0.803833
0.800004
0.796016
0.791871
0.787569
0.783113
0.778502
0.773739
0.768825
0.763762
0.75855
0.753193
0.747691
0.742045
0.736259
0.730333
0.724269
0.718069
0.711735
0.705268
0.698671
0.691946
0.685095
0.678119
0.671021
0.663803
0.656467
0.649016
0.64145
0.633774
0.625988
0.618095
0.610098
0.601999
0.593801
0.585505
0.577114
0.568631
0.560059
0.551399
0.542654
0.533827
0.524921
0.515938
0.50688
0.497751
0.488553
0.479289
0.469961
0.460573
0.451127
0.441625
0.432071
0.422468
0.412817
0.403123
0.393388
0.383614
0.373805
0.363963
0.354092
0.344194
0.334272
0.32433
0.314369
0.304393
0.294405
0.284408
0.274405
0.264398
0.25439
0.244385
0.234386
0.224394
0.214414
0.204448
0.194499
0.18457
0.174664
0.164784
0.154932
0.145112
0.135326
0.125577
0.115868
0.106202
0.0965821
0.0870104
0.07749
0.0680237
0.0586142
0.0492642
0.0399764
0.0307537
0.0215985
0.0125137
0.00350183
-0.0054345
-0.0142927
-0.0230701
-0.0317643
-0.0403727
-0.0488928
-0.0573222
-0.0656583
-0.0738989
-0.0820414
-0.0900836
-0.0980232
-0.105858
-0.113585
-0.121203
-0.128709
-0.136102
-0.143378
-0.150536
-0.157575
-0.164491
-0.171283
-0.177949
-0.184487
-0.190895
-0.197171
-0.203314
-0.209322
-0.215193
-0.220925
-0.226517
-0.231967
-0.237273
-0.242435
-0.24745
-0.252318
-0.257036
-0.261604
-0.26602
-0.270283
-0.274392
-0.278345
-0.282142
-0.285782
-0.289263
-0.292584
-0.295745
-0.298745
-0.301583
-0.304257
-0.306769
-0.309116
-0.311298
-0.313315
-0.315165
-0.31685
-0.318367
-0.319718
-0.3209
-0.321915
-0.322762
-0.323441
-0.323951
-0.324293
-0.324467
-0.324472
-0.324308
-0.323977
-0.323478
-0.32281
-0.321976
-0.320974
-0.319805
-0.31847
-0.316969
-0.315303
-0.313472
-0.311477
-0.309318
-0.306996
-0.304513
-0.301869
-0.299064
-0.2961
-0.292977
-0.289697
-0.286261
-0.28267
-0.278924
-0.275026
-0.270976
-0.266776
-0.262427
-0.25793
-0.253288
-0.2485
-0.24357
-0.238497
-0.233285
-0.227934
-0.222447
-0.216825
-0.211069
-0.205183
-0.199166
-0.193022
-0.186752
-0.180359
-0.173843
-0.167208
-0.160455
-0.153587
-0.146605
-0.139512
-0.13231
-0.125001
-0.117587
-0.110071
-0.102456
-0.0947423
-0.0869338
-0.0790325
-0.071041
-0.0629616
-0.0547969
-0.0465494
-0.0382217
-0.0298163
-0.0213358
-0.0127829
-0.00416018
0.00452967
0.013284
0.0221
0.030975
0.0399064
0.0488912
0.0579268
0.0670104
0.0761391
0.0853101
0.0945206
0.103768
0.113049
0.122361
0.131701
0.141066
0.150453
0.15986
0.169284
0.178721
0.188168
0.197623
0.207084
0.216546
0.226007
0.235464
0.244915
0.254355
0.263783
0.273196
0.282589
0.291962
0.30131
0.310631
0.319922
0.32918
0.338403
0.347587
0.356729
0.365827
0.374878
0.383879
0.392827
0.40172
0.410555
0.419328
0.428038
0.436682
0.445257
0.45376
0.462188
0.47054
0.478812
0.487003
0.495108
0.503126
0.511055
0.518892
0.526634
0.534279
0.541825
0.549269
0.556609
0.563843
0.570968
0.577983
0.584884
0.591671
0.59834
0.60489
0.611318
0.617624
0.623803
0.629856
0.635779
0.641571
0.64723
0.652755
0.658143
0.663393
0.668503
0.673472
0.678297
0.682979
0.687514
0.691901
0.69614
0.700228
0.704165
0.707949
0.711579
0.715054
0.718372
0.721533
0.724535
0.727378
0.73006
0.732581
0.73494
0.737136
0.739168
0.741035
0.742738
0.744274
0.745645
0.746848
0.747885
0.748754
0.749454
0.749987
0.750351
0.750546
0.750572
0.75043
0.750118
0.749637
0.748987
0.748168
0.74718
0.746024
0.744699
0.743207
0.741546
0.739718
0.737724
0.735563
0.733236
0.730744
0.728088
0.725267
0.722284
0.719138
0.71583
0.712362
0.708735
0.704948
0.701004
0.696903
0.692647
0.688237
0.683673
0.678957
0.674091
0.669076
0.663913
0.658604
0.653149
0.647552
0.641812
0.635933
0.629914
0.623759
0.617469
0.611046
0.604491
0.597806
0.590993
0.584055
0.576992
0.569808
0.562503
0.555081
0.547543
0.539891
0.532128
0.524256
0.516277
0.508193
0.500006
0.491719
0.483335
0.474855
0.466282
0.457618
0.448867
0.440029
0.431109
0.422108
0.413029
0.403875
0.394647
0.38535
0.375985
0.366554
0.357062
0.34751
0.337902
0.328239
0.318524
0.308762
0.298953
0.289101
0.279209
0.26928
0.259315
0.249319
0.239294
0.229243
0.219169
0.209074
0.198961
0.188834
0.178695
0.168547
0.158392
0.148235
0.138076
0.127921
0.11777
0.107628
0.0974971
0.0873797
0.0772791
0.067198
0.0571393
0.0471057
0.0371002
0.0271255
0.0171843
0.00727955
-0.00258609
-0.0124098
-0.022189
-0.0319207
-0.0416024
-0.0512314
-0.060805
-0.0703204
-0.0797752
-0.0891666
-0.0984921
-0.107749
-0.116935
-0.126047
-0.135084
-0.144041
-0.152918
-0.161711
-0.170419
-0.179038
-0.187567
-0.196003
-0.204343
-0.212586
-0.22073
-0.228772
-0.236709
-0.244541
-0.252264
-0.259877
-0.267378
-0.274764
-0.282035
-0.289187
-0.296218
-0.303128
-0.309915
-0.316576
-0.323109
-0.329514
-0.335788
-0.34193
-0.347939
-0.353812
-0.359548
-0.365147
-0.370605
-0.375923
-0.381099
-0.386131
-0.391019
-0.39576
-0.400355
-0.404802
-0.409099
-0.413246
-0.417243
-0.421087
-0.424779
-0.428317
-0.431701
-0.434929
-0.438002
-0.440919
-0.443678
-0.446281
-0.448725
-0.451011
-0.453139
-0.455107
-0.456916
-0.458566
-0.460056
-0.461386
-0.462557
-0.463567
-0.464418
-0.465109
-0.46564
-0.466011
-0.466223
-0.466277
-0.466171
-0.465907
-0.465485
-0.464906
-0.46417
-0.463277
-0.462228
-0.461024
-0.459666
-0.458154
-0.456489
-0.454671
-0.452703
-0.450584
-0.448316
-0.445899
-0.443335
-0.440625
-0.43777
-0.434771
-0.431629
-0.428346
-0.424923
-0.421362
-0.417663
-0.413828
-0.409859
-0.405757
-0.401524
-0.397161
-0.392671
-0.388054
-0.383312
-0.378447
-0.373462
-0.368357
-0.363135
-0.357797
-0.352346
-0.346783
-0.341111
-0.335331
-0.329446
-0.323457
-0.317367
-0.311178
-0.304891
-0.29851
-0.292037
-0.285473
-0.278821
-0.272083
-0.265263
-0.258361
-0.25138
-0.244323
-0.237193
-0.229991
-0.22272
-0.215382
-0.207981
-0.200518
-0.192997
-0.185419
-0.177787
-0.170105
-0.162373
-0.154596
-0.146775
-0.138913
-0.131013
-0.123078
-0.11511
-0.107112
-0.0990861
-0.0910355
-0.0829627
-0.0748705
-0.0667614
-0.0586382
-0.0505036
-0.0423602
-0.0342108
-0.026058
-0.0179045
-0.00975299
-0.00160616
0.00653332
0.0146628
0.0227796
0.0308811
0.0389646
0.0470274
0.0550671
0.0630809
0.0710662
0.0790204
0.086941
0.0948254
0.102671
0.110475
0.118236
0.12595
0.133615
0.141229
0.14879
0.156294
0.163739
0.171124
0.178445
0.1857
0.192888
0.200005
0.207049
0.214019
0.220912
0.227725
0.234457
0.241106
0.247668
0.254143
0.260529
0.266822
0.273022
0.279126
0.285132
0.291039
0.296844
0.302546
0.308143
0.313634
0.319016
0.324287
0.329447
0.334494
0.339426
0.344241
0.348938
0.353516
0.357973
0.362308
0.36652
0.370607
0.374567
0.378401
0.382106
0.385682
0.389127
0.392441
0.395622
0.39867
0.401583
0.404361
0.407003
0.409509
0.411877
0.414106
0.416197
0.418149
0.41996
0.421631
0.423162
0.424551
0.425798
0.426904
0.427867
0.428689
0.429367
0.429903
0.430297
0.430547
0.430655
0.43062
0.430443
0.430124
0.429662
0.429058
0.428313
0.427427
0.426399
0.425232
0.423924
0.422477
0.420891
0.419168
0.417306
0.415308
0.413173
0.410904
0.4085
0.405962
0.403292
0.40049
0.397557
0.394495
0.391304
0.387986
0.384542
0.380973
0.37728
0.373465
0.369529
0.365473
0.361298
0.357007
0.352601
0.34808
0.343448
0.338705
0.333852
0.328893
0.323827
0.318658
0.313387
0.308015
0.302545
0.296978
0.291316
0.285561
0.279716
0.273781
0.26776
0.261654
0.255465
0.249195
0.242847
0.236422
0.229922
0.223351
0.21671
0.210001
0.203226
0.196389
0.18949
0.182533
0.17552
0.168452
0.161333
0.154165
0.14695
0.139691
0.13239
0.125049
0.117671
0.110258
0.102813
0.0953388
0.0878369
0.0803103
0.0727614
0.0651927
0.0576067
0.0500059
0.0423929
0.0347701
0.0271401
0.0195054
0.0118685
0.00423187
-0.0034019
-0.0110303
-0.0186509
-0.0262611
-0.0338585
-0.0414404
-0.0490046
-0.0565484
-0.0640694
-0.0715651
-0.0790331
-0.086471
-0.0938762
-0.101246
-0.108579
-0.115872
-0.123123
-0.130329
-0.137488
-0.144598
-0.151656
-0.158661
-0.165609
-0.172499
-0.179328
-0.186094
-0.192795
-0.199429
-0.205993
-0.212486
-0.218905
-0.225249
-0.231515
-0.2377
-0.243804
-0.249825
-0.255759
-0.261606
-0.267363
-0.273029
-0.278602
-0.28408
-0.28946
-0.294743
-0.299925
-0.305005
-0.309982
-0.314854
-0.319619
-0.324276
-0.328823
-0.33326
-0.337583
-0.341793
-0.345888
-0.349866
-0.353726
-0.357467
-0.361089
-0.364588
-0.367966
-0.37122
-0.374349
-0.377353
-0.38023
-0.382981
-0.385603
-0.388096
-0.390459
-0.392692
-0.394794
-0.396764
-0.398601
-0.400306
-0.401877
-0.403315
-0.404618
-0.405786
-0.406819
-0.407718
-0.40848
-0.409107
-0.409598
-0.409953
-0.410172
-0.410255
-0.410202
-0.410012
-0.409688
-0.409227
-0.408631
-0.407899
-0.407033
-0.406032
-0.404897
-0.403629
-0.402226
-0.400692
-0.399024
-0.397226
-0.395296
-0.393236
-0.391046
-0.388728
-0.386282
-0.383708
-0.381009
-0.378184
-0.375235
-0.372162
-0.368967
-0.365652
-0.362216
-0.358661
-0.354989
-0.351201
-0.347297
-0.34328
-0.339151
-0.33491
-0.330561
-0.326103
-0.321539
-0.316869
-0.312097
-0.307222
-0.302248
-0.297175
-0.292006
-0.286741
-0.281383
-0.275934
-0.270396
-0.26477
-0.259058
-0.253262
-0.247384
-0.241426
-0.23539
-0.229278
-0.223093
-0.216835
-0.210508
-0.204113
-0.197653
-0.191129
-0.184544
-0.177901
-0.1712
-0.164445
-0.157638
-0.150781
-0.143876
-0.136926
-0.129933
-0.122898
-0.115826
-0.108717
-0.101575
-0.0944015
-0.087199
-0.0799699
-0.0727166
-0.0654416
-0.0581472
-0.050836
-0.0435102
-0.0361724
-0.0288249
-0.0214703
-0.0141109
-0.00674911
0.000612531
0.00797163
0.0153258
0.0226725
0.0300094
0.037334
0.0446439
0.0519368
0.0592101
0.0664616
0.0736887
0.0808892
0.0880606
0.0952006
0.102307
0.109377
0.116408
0.123399
0.130347
0.13725
0.144104
0.150909
0.157662
0.164361
0.171003
0.177586
0.184108
0.190568
0.196962
0.203289
0.209546
0.215733
0.221845
0.227883
0.233843
0.239723
0.245523
0.251239
0.25687
0.262415
0.26787
0.273235
0.278508
0.283687
0.288771
0.293757
0.298644
0.30343
0.308115
0.312696
0.317171
0.321541
0.325802
0.329954
0.333995
0.337924
0.34174
0.345441
0.349027
0.352496
0.355847
0.359078
0.36219
0.36518
0.368048
0.370794
0.373415
0.375912
0.378283
0.380528
0.382645
0.384636
0.386497
0.38823
0.389834
0.391307
0.392651
0.393863
0.394944
0.395894
0.396711
0.397397
0.397951
0.398372
0.398661
0.398817
0.39884
0.398731
0.398489
0.398115
0.397609
0.396971
0.396201
0.395299
0.394266
0.393102
0.391808
0.390384
0.38883
0.387148
0.385337
0.383398
0.381333
0.379141
0.376823
0.374381
0.371815
0.369125
0.366314
0.363381
0.360328
0.357156
0.353866
0.350458
0.346935
0.343298
0.339546
0.335683
0.331709
0.327625
0.323434
0.319135
0.314731
0.310224
0.305614
0.300903
0.296093
0.291186
0.286183
0.281085
0.275895
0.270614
0.265245
0.259788
0.254245
0.248619
0.242912
0.237124
0.231259
0.225318
0.219303
0.213217
0.20706
0.200836
0.194546
0.188192
0.181777
0.175302
0.168771
0.162184
0.155544
0.148854
0.142116
0.135331
0.128503
0.121633
0.114723
0.107777
0.100796
0.0937821
0.0867386
0.0796673
0.0725706
0.065451
0.0583107
0.0511522
0.0439778
0.0367899
0.0295908
0.0223831
0.015169
0.00795105
0.000731527
-0.00648713
-0.0137025
-0.0209123
-0.028114
-0.0353052
-0.0424837
-0.0496469
-0.0567925
-0.0639182
-0.0710216
-0.0781003
-0.085152
-0.0921744
-0.0991651
-0.106122
-0.113042
-0.119924
-0.126765
-0.133562
-0.140315
-0.14702
-0.153674
-0.160277
-0.166826
-0.173318
-0.179752
-0.186124
-0.192435
-0.19868
-0.204858
-0.210967
-0.217006
-0.222971
-0.228861
-0.234674
-0.240409
-0.246063
-0.251634
-0.25712
-0.262521
-0.267833
-0.273056
-0.278186
-0.283224
-0.288167
-0.293013
-0.297761
-0.30241
-0.306957
-0.311402
-0.315742
-0.319977
-0.324104
-0.328124
-0.332033
-0.335832
-0.339518
-0.343091
-0.346549
-0.349892
-0.353117
-0.356225
-0.359213
-0.362082
-0.36483
-0.367456
-0.36996
-0.37234
-0.374595
-0.376726
-0.378731
-0.38061
-0.382362
-0.383986
-0.385482
-0.38685
-0.388088
-0.389198
-0.390177
-0.391027
-0.391746
-0.392335
-0.392793
-0.39312
-0.393316
-0.393381
-0.393315
-0.393118
-0.39279
-0.392331
-0.391741
-0.391021
-0.390171
-0.389191
-0.388082
-0.386843
-0.385475
-0.383979
-0.382356
-0.380605
-0.378727
-0.376723
-0.374594
-0.37234
-0.369963
-0.367462
-0.364839
-0.362095
-0.35923
-0.356246
-0.353143
-0.349923
-0.346586
-0.343134
-0.339568
-0.33589
-0.332099
-0.328198
-0.324188
-0.32007
-0.315846
-0.311516
-0.307084
-0.302549
-0.297913
-0.293179
-0.288347
-0.283419
-0.278397
-0.273283
-0.268078
-0.262783
-0.257402
-0.251935
-0.246384
-0.240751
-0.235039
-0.229248
-0.223381
-0.217441
-0.211428
-0.205344
-0.199193
-0.192975
-0.186694
-0.18035
-0.173947
-0.167486
-0.160969
-0.154399
-0.147778
-0.141108
-0.134391
-0.127629
-0.120825
-0.113981
-0.1071
-0.100183
-0.0932326
-0.0862515
-0.0792419
-0.0722061
-0.0651465
-0.0580654
-0.0509652
-0.0438481
-0.0367167
-0.0295732
-0.0224201
-0.0152596
-0.0080943
-0.000926462
0.00624151
0.0134072
0.0205683
0.0277224
0.034867
0.0419999
0.0491186
0.0562209
0.0633042
0.0703663
0.0774048
0.0844174
0.0914017
0.0983554
0.105276
0.112162
0.11901
0.125818
0.132585
0.139307
0.145982
0.152609
0.159185
0.165708
0.172175
0.178585
0.184935
0.191224
0.197449
0.203608
0.209699
0.21572
0.221669
0.227544
0.233344
0.239065
0.244707
0.250267
0.255744
0.261135
0.26644
0.271655
0.27678
0.281813
0.286752
0.291595
0.296341
0.300988
0.305535
0.30998
0.314322
0.318559
0.32269
0.326713
0.330627
0.334431
0.338124
0.341704
0.34517
0.348521
0.351755
0.354873
0.357872
0.360752
0.363512
0.36615
0.368666
0.37106
0.37333
0.375475
0.377495
0.37939
0.381158
0.382798
0.384312
0.385697
0.386953
0.388081
0.389079
0.389947
0.390685
0.391293
0.391771
0.392118
0.392334
0.39242
0.392374
0.392198
0.39189
0.391453
0.390884
0.390185
0.389356
0.388398
0.387309
0.386092
0.384745
0.38327
0.381668
0.379938
0.378081
0.376098
0.37399
0.371757
0.369399
0.366919
0.364316
0.361591
0.358746
0.35578
0.352697
0.349495
0.346177
0.342743
0.339194
0.335533
0.331759
0.327874
0.32388
0.319778
0.315569
0.311254
0.306835
0.302314
0.297692
0.29297
0.288151
0.283235
0.278224
0.27312
0.267925
0.26264
0.257268
0.251809
0.246266
0.240641
0.234935
0.22915
0.223289
0.217352
0.211343
0.205263
0.199115
0.192899
0.186619
0.180276
0.173873
0.167412
0.160894
0.154322
0.147698
0.141025
0.134304
0.127538
0.120728
0.113879
0.106991
0.100066
0.0931081
0.0861185
0.0790997
0.072054
0.0649839
0.0578916
0.0507795
0.04365
0.0365055
0.0293483
0.0221809
0.0150055
0.00782466
0.000640696
-0.00654398
-0.013727
-0.0209059
-0.0280784
-0.035242
-0.0423943
-0.0495331
-0.0566558
-0.0637602
-0.0708438
-0.0779043
-0.0849393
-0.0919465
-0.0989236
-0.105868
-0.112778
-0.119651
-0.126484
-0.133276
-0.140023
-0.146725
-0.153378
-0.159981
-0.16653
-0.173025
-0.179462
-0.18584
-0.192157
-0.19841
-0.204597
-0.210716
-0.216766
-0.222744
-0.228648
-0.234476
-0.240227
-0.245897
-0.251487
-0.256992
-0.262413
-0.267746
-0.272991
-0.278145
-0.283207
-0.288174
-0.293046
-0.29782
-0.302496
-0.307071
-0.311544
-0.315913
-0.320177
-0.324335
-0.328385
-0.332326
-0.336156
-0.339875
-0.34348
-0.346971
-0.350347
-0.353606
-0.356747
-0.35977
-0.362673
-0.365455
-0.368115
-0.370653
-0.373067
-0.375357
-0.377522
-0.379561
-0.381474
-0.383259
-0.384917
-0.386447
-0.387847
-0.389119
-0.39026
-0.391272
-0.392152
-0.392903
-0.393522
-0.394009
-0.394366
-0.39459
-0.394683
-0.394645
-0.394474
-0.394172
-0.393738
-0.393173
-0.392476
-0.391648
-0.39069
-0.389601
-0.388382
-0.387033
-0.385554
-0.383947
-0.382211
-0.380348
-0.378357
-0.37624
-0.373997
-0.371629
-0.369136
-0.36652
-0.363781
-0.360921
-0.357939
-0.354838
-0.351618
-0.34828
-0.344826
-0.341255
-0.337571
-0.333773
-0.329864
-0.325844
-0.321714
-0.317477
-0.313133
-0.308684
-0.304131
-0.299476
-0.294721
-0.289866
-0.284915
-0.279867
-0.274725
-0.269491
-0.264167
-0.258753
-0.253252
-0.247666
-0.241997
-0.236246
-0.230415
-0.224506
-0.218522
-0.212464
-0.206335
-0.200135
-0.193868
-0.187535
-0.181139
-0.174681
-0.168165
-0.161591
-0.154962
-0.148281
-0.141549
-0.134769
-0.127943
-0.121073
-0.114162
-0.107211
-0.100224
-0.0932028
-0.0861492
-0.0790657
-0.0719548
-0.0648189
-0.0576603
-0.0504814
-0.0432846
-0.0360722
-0.0288468
-0.0216106
-0.0143662
-0.00711583
0.000137951
0.00739278
0.0146462
0.0218959
0.0291393
0.0363741
0.0435979
0.0508082
0.0580026
0.0651788
0.0723343
0.0794667
0.0865737
0.093653
0.100702
0.107719
0.1147
0.121645
0.128549
0.135413
0.142231
0.149004
0.155728
0.162401
0.16902
0.175585
0.182091
0.188538
0.194923
0.201244
0.207499
0.213686
0.219802
0.225846
0.231815
0.237708
0.243522
0.249257
0.254908
0.260476
0.265958
0.271351
0.276655
0.281868
0.286987
0.292011
0.296939
0.301768
0.306497
0.311125
0.315649
0.320069
0.324383
0.328589
0.332686
0.336673
0.340548
0.34431
0.347958
0.35149
0.354905
0.358202
0.361381
0.364439
0.367376
0.370191
0.372882
0.37545
0.377892
0.380209
0.3824
0.384463
0.386398
0.388204
0.389881
0.391428
0.392844
0.39413
0.395284
0.396306
0.397197
0.397954
0.398579
0.399071
0.39943
0.399655
0.399747
0.399706
0.399531
0.399222
0.39878
0.398205
0.397497
0.396655
0.395682
0.394575
0.393337
0.391967
0.390466
0.388835
0.387073
0.385181
0.383161
0.381012
0.378736
0.376332
0.373802
0.371148
0.368368
0.365465
0.362439
0.359292
0.356024
0.352637
0.349131
0.345508
0.341768
0.337914
0.333946
0.329866
0.325675
0.321374
0.316965
0.31245
0.307829
0.303104
0.298277
0.29335
0.288323
0.283199
0.27798
0.272667
0.267261
0.261766
0.256181
0.25051
0.244754
0.238916
0.232996
0.226997
0.220921
0.21477
0.208546
0.202252
0.195888
0.189457
0.182962
0.176405
0.169787
0.163111
0.156379
0.149594
0.142757
0.135871
0.128939
0.121961
0.114942
0.107883
0.100786
0.0936538
0.086489
0.0792938
0.0720706
0.0648218
0.0575498
0.050257
0.0429459
0.0356189
0.0282784
0.0209268
0.0135667
0.00620054
-0.00116932
-0.00854038
-0.0159102
-0.0232763
-0.0306361
-0.0379874
-0.0453276
-0.0526542
-0.0599648
-0.067257
-0.0745283
-0.0817764
-0.0889987
-0.0961928
-0.103356
-0.110487
-0.117582
-0.12464
-0.131657
-0.138633
-0.145563
-0.152446
-0.15928
-0.166062
-0.17279
-0.179462
-0.186076
-0.192629
-0.199119
-0.205544
-0.211901
-0.218189
-0.224406
-0.23055
-0.236617
-0.242607
-0.248518
-0.254346
-0.260091
-0.265751
-0.271322
-0.276805
-0.282196
-0.287495
-0.292698
-0.297805
-0.302813
-0.307722
-0.312529
-0.317232
-0.321831
-0.326323
-0.330707
-0.334982
-0.339146
-0.343197
-0.347135
-0.350958
-0.354664
-0.358253
-0.361723
-0.365073
-0.368301
-0.371408
-0.374391
-0.377249
-0.379982
-0.382589
-0.385069
-0.387421
-0.389644
-0.391737
-0.393699
-0.395531
-0.397231
-0.398799
-0.400233
-0.401535
-0.402702
-0.403736
-0.404634
-0.405398
-0.406026
-0.406519
-0.406876
-0.407097
-0.407183
-0.407132
-0.406945
-0.406622
-0.406163
-0.405569
-0.404839
-0.403973
-0.402972
-0.401836
-0.400566
-0.399161
-0.397623
-0.395951
-0.394147
-0.392211
-0.390143
-0.387944
-0.385615
-0.383156
-0.380569
-0.377854
-0.375012
-0.372044
-0.368951
-0.365734
-0.362394
-0.358932
-0.355349
-0.351647
-0.347826
-0.343888
-0.339834
-0.335665
-0.331383
-0.326989
-0.322485
-0.317872
-0.313151
-0.308325
-0.303394
-0.298361
-0.293227
-0.287993
-0.282662
-0.277235
-0.271713
-0.2661
-0.260396
-0.254604
-0.248725
-0.242761
-0.236715
-0.230588
-0.224383
-0.2181
-0.211743
-0.205314
-0.198815
-0.192247
-0.185613
-0.178916
-0.172157
-0.165338
-0.158463
-0.151533
-0.14455
-0.137517
-0.130436
-0.12331
-0.11614
-0.10893
-0.101682
-0.0943974
-0.0870794
-0.0797304
-0.0723528
-0.0649489
-0.0575214
-0.0500726
-0.0426051
-0.0351212
-0.0276236
-0.0201147
-0.0125971
-0.00507315
0.00245454
0.00998348
0.0175111
0.025035
0.0325526
0.0400614
0.0475589
0.0550425
0.0625099
0.0699584
0.0773856
0.084789
0.0921661
0.0995144
0.106832
0.114115
0.121363
0.128571
0.135739
0.142864
0.149943
0.156973
0.163954
0.170881
0.177753
0.184568
0.191323
0.198016
0.204645
0.211207
0.2177
0.224123
0.230472
0.236747
0.242944
0.249061
0.255097
0.26105
0.266916
0.272696
0.278386
0.283984
0.28949
0.2949
0.300213
0.305427
0.310541
0.315552
0.32046
0.325261
0.329956
0.334541
0.339016
0.343379
0.347629
0.351763
0.355782
0.359682
0.363464
0.367125
0.370664
0.374081
0.377373
0.380541
0.383582
0.386496
0.389281
0.391938
0.394464
0.396859
0.399122
0.401252
0.403249
0.405112
0.406839
0.408432
0.409888
0.411208
0.412391
0.413436
0.414343
0.415113
0.415743
0.416235
0.416588
0.416802
0.416877
0.416812
0.416608
0.416265
0.415782
0.41516
0.4144
0.4135
0.412462
0.411286
0.409973
0.408521
0.406933
0.405208
0.403348
0.401352
0.399221
0.396956
0.394558
0.392027
0.389364
0.38657
0.383647
0.380594
0.377413
0.374105
0.370671
0.367111
0.363428
0.359623
0.355696
0.351649
0.347483
0.3432
0.338801
0.334287
0.32966
0.324921
0.320072
0.315115
0.310051
0.304881
0.299608
0.294234
0.288759
0.283186
0.277516
0.271752
0.265896
0.259949
0.253912
0.24779
0.241582
0.235292
0.228921
0.222471
0.215945
0.209345
0.202672
0.19593
0.18912
0.182245
0.175307
0.168308
0.16125
0.154136
0.146969
0.13975
0.132482
0.125167
0.117808
0.110407
0.102967
0.0954905
0.0879793
0.0804364
0.072864
0.0652649
0.0576415
0.0499963
0.042332
0.034651
0.0269559
0.0192492
0.0115337
0.00381169
-0.00391407
-0.0116411
-0.0193667
-0.0270884
-0.0348036
-0.0425097
-0.0502041
-0.0578843
-0.0655477
-0.0731916
-0.0808137
-0.0884113
-0.0959818
-0.103523
-0.111032
-0.118506
-0.125943
-0.13334
-0.140696
-0.148007
-0.15527
-0.162485
-0.169647
-0.176755
-0.183807
-0.190799
-0.19773
-0.204597
-0.211398
-0.218131
-0.224793
-0.231382
-0.237896
-0.244332
-0.25069
-0.256965
-0.263157
-0.269263
-0.275281
-0.281209
-0.287045
-0.292787
-0.298433
-0.303981
-0.30943
-0.314777
-0.32002
-0.325159
-0.33019
-0.335113
-0.339926
-0.344626
-0.349213
-0.353685
-0.35804
-0.362277
-0.366394
-0.370391
-0.374264
-0.378015
-0.38164
-0.385138
-0.388509
-0.391752
-0.394864
-0.397846
-0.400696
-0.403413
-0.405996
-0.408444
-0.410756
-0.412932
-0.414971
-0.416871
-0.418633
-0.420256
-0.421739
-0.423081
-0.424283
-0.425342
-0.426261
-0.427037
-0.42767
-0.428161
-0.428509
-0.428713
-0.428775
-0.428693
-0.428468
-0.428099
-0.427588
-0.426933
-0.426135
-0.425195
-0.424112
-0.422887
-0.42152
-0.420011
-0.418362
-0.416572
-0.414643
-0.412574
-0.410366
-0.408021
-0.405538
-0.402919
-0.400164
-0.397275
-0.394251
-0.391095
-0.387807
-0.384388
-0.380839
-0.377162
-0.373357
-0.369427
-0.365371
-0.361191
-0.35689
-0.352467
-0.347925
-0.343265
-0.338489
-0.333598
-0.328593
-0.323477
-0.318251
-0.312917
-0.307476
-0.30193
-0.296281
-0.290531
-0.284682
-0.278736
-0.272694
-0.266559
-0.260332
-0.254016
-0.247613
-0.241125
-0.234554
-0.227902
-0.221171
-0.214364
-0.207483
-0.200529
-0.193506
-0.186416
-0.179261
-0.172044
-0.164766
-0.15743
-0.150039
-0.142595
-0.135101
-0.127558
-0.119971
-0.11234
-0.104669
-0.0969595
-0.0892152
-0.0814381
-0.0736308
-0.0657961
-0.0579363
-0.0500542
-0.0421525
-0.0342336
-0.0263003
-0.0183552
-0.010401
-0.00244031
0.00552425
0.01349
0.0214542
0.0294143
0.0373676
0.0453115
0.0532432
0.0611601
0.0690596
0.0769391
0.0847958
0.0926272
0.100431
0.108204
0.115943
0.123647
0.131313
0.138937
0.146518
0.154053
0.16154
0.168975
0.176357
0.183682
0.190949
0.198155
0.205298
0.212374
0.219383
0.226321
0.233185
0.239975
0.246687
0.253319
0.259869
0.266335
0.272714
0.279005
0.285204
0.291311
0.297323
0.303238
0.309054
0.314769
0.32038
0.325887
0.331287
0.336579
0.34176
0.346829
0.351784
0.356623
0.361345
0.365948
0.370431
0.374791
0.379028
0.38314
0.387126
0.390984
0.394712
0.39831
0.401777
0.40511
0.40831
0.411374
0.414302
0.417092
0.419744
0.422257
0.42463
0.426862
0.428952
0.4309
0.432704
0.434365
0.435881
0.437251
0.438477
0.439556
0.440488
0.441274
0.441913
0.442404
0.442747
0.442943
0.442991
0.44289
0.442642
0.442245
0.441701
0.441008
0.440168
0.43918
0.438046
0.436764
0.435336
0.433762
0.432042
0.430177
0.428167
0.426014
0.423717
0.421278
0.418696
0.415974
0.413112
0.41011
0.40697
0.403693
0.40028
0.396731
0.393048
0.389233
0.385285
0.381207
0.377001
0.372666
0.368205
0.363619
0.35891
0.354078
0.349127
0.344056
0.338869
0.333566
0.328149
0.322621
0.316982
0.311235
0.305382
0.299424
0.293363
0.287202
0.280942
0.274586
0.268135
0.261592
0.254959
0.248238
0.241431
0.23454
0.227568
0.220517
0.21339
0.206188
0.198914
0.19157
0.18416
0.176684
0.169147
0.161549
0.153895
0.146186
0.138424
0.130613
0.122756
0.114853
0.106909
0.098926
0.0909063
0.0828528
0.0747682
0.0666551
0.0585162
0.0503543
0.0421721
0.0339722
0.0257575
0.0175306
0.00929429
0.00105133
-0.00719555
-0.0154436
-0.02369
-0.0319321
-0.0401671
-0.0483922
-0.0566048
-0.0648019
-0.072981
-0.0811393
-0.089274
-0.0973824
-0.105462
-0.113509
-0.121523
-0.129499
-0.137435
-0.145329
-0.153178
-0.160979
-0.168729
-0.176427
-0.184069
-0.191653
-0.199176
-0.206636
-0.21403
-0.221356
-0.228611
-0.235793
-0.2429
-0.249928
-0.256876
-0.263741
-0.270521
-0.277214
-0.283817
-0.290328
-0.296745
-0.303066
-0.309288
-0.315409
-0.321428
-0.327343
-0.33315
-0.338849
-0.344437
-0.349912
-0.355273
-0.360518
-0.365645
-0.370651
-0.375536
-0.380298
-0.384935
-0.389445
-0.393828
-0.39808
-0.402202
-0.406191
-0.410046
-0.413766
-0.417349
-0.420794
-0.424101
-0.427267
-0.430292
-0.433174
-0.435913
-0.438508
-0.440957
-0.44326
-0.445416
-0.447425
-0.449284
-0.450995
-0.452555
-0.453965
-0.455224
-0.456332
-0.457287
-0.45809
-0.458741
-0.459238
-0.459583
-0.459774
-0.459811
-0.459695
-0.459425
-0.459002
-0.458425
-0.457695
-0.456811
-0.455775
-0.454585
-0.453244
-0.45175
-0.450105
-0.448308
-0.446361
-0.444264
-0.442018
-0.439622
-0.437079
-0.434389
-0.431552
-0.42857
-0.425444
-0.422173
-0.41876
-0.415206
-0.411512
-0.407678
-0.403706
-0.399598
-0.395354
-0.390976
-0.386465
-0.381823
-0.377052
-0.372152
-0.367126
-0.361975
-0.3567
-0.351304
-0.345788
-0.340153
-0.334403
-0.328538
-0.322561
-0.316473
-0.310276
-0.303973
-0.297565
-0.291055
-0.284445
-0.277736
-0.270932
-0.264034
-0.257044
-0.249965
-0.242799
-0.235549
-0.228217
-0.220805
-0.213315
-0.205751
-0.198115
-0.190408
-0.182635
-0.174796
-0.166896
-0.158936
-0.150919
-0.142847
-0.134724
-0.126553
-0.118335
-0.110073
-0.101771
-0.0934307
-0.0850552
-0.0766472
-0.0682096
-0.059745
-0.0512564
-0.0427465
-0.0342182
-0.0256743
-0.0171177
-0.0085511
2.25126e-05
0.00860032
0.0171795
0.0257571
0.0343303
0.0428964
0.0514523
0.0599952
0.0685224
0.0770308
0.0855178
0.0939805
0.102416
0.110821
0.119194
0.127531
0.13583
0.144087
0.1523
0.160467
0.168584
0.176649
0.184659
0.192612
0.200504
0.208333
0.216097
0.223792
0.231417
0.238968
0.246443
0.25384
0.261156
0.268388
0.275535
0.282593
0.289561
0.296435
0.303214
0.309896
0.316477
0.322956
0.329331
0.335599
0.341758
0.347807
0.353742
0.359563
0.365267
0.370852
0.376316
0.381657
0.386874
0.391965
0.396927
0.40176
0.406461
0.411029
0.415463
0.41976
0.42392
0.42794
0.43182
0.435558
0.439153
0.442603
0.445907
0.449065
0.452075
0.454935
0.457646
0.460205
0.462612
0.464867
0.466968
0.468914
0.470705
0.472341
0.47382
0.475142
0.476306
0.477312
0.47816
0.47885
0.47938
0.47975
0.479962
0.480013
0.479905
0.479637
0.47921
0.478622
0.477875
0.476969
0.475903
0.474679
0.473296
0.471755
0.470056
0.468199
0.466187
0.464018
0.461693
0.459214
0.456581
0.453795
0.450856
0.447766
0.444525
0.441135
0.437597
0.433912
0.43008
0.426103
0.421983
0.41772
0.413317
0.408774
0.404093
0.399275
0.394322
0.389235
0.384017
0.378668
0.373192
0.367588
0.361859
0.356008
0.350035
0.343943
0.337734
0.33141
0.324972
0.318424
0.311766
0.305002
0.298134
0.291162
0.284091
0.276923
0.269658
0.262301
0.254854
0.247318
0.239696
0.231991
0.224206
0.216343
0.208404
0.200392
0.19231
0.18416
0.175946
0.167669
0.159333
0.15094
0.142493
0.133996
0.125449
0.116858
0.108223
0.0995493
0.0908383
0.0820932
0.073317
0.0645127
0.055683
0.046831
0.0379595
0.0290716
0.0201703
0.0112583
0.00233881
-0.00658529
-0.015511
-0.0244354
-0.0333554
-0.0422682
-0.0511706
-0.0600598
-0.0689328
-0.0777866
-0.0866182
-0.0954247
-0.104203
-0.11295
-0.121664
-0.130341
-0.138977
-0.147572
-0.15612
-0.16462
-0.173069
-0.181464
-0.189802
-0.19808
-0.206295
-0.214445
-0.222527
-0.230538
-0.238476
-0.246337
-0.25412
-0.261821
-0.269438
-0.276968
-0.284409
-0.291758
-0.299013
-0.306172
-0.313231
-0.320189
-0.327042
-0.33379
-0.340428
-0.346956
-0.353371
-0.359671
-0.365853
-0.371916
-0.377857
-0.383674
-0.389366
-0.39493
-0.400365
-0.405668
-0.410838
-0.415873
-0.420771
-0.425531
-0.430151
-0.434628
-0.438963
-0.443153
-0.447196
-0.451092
-0.454839
-0.458435
-0.46188
-0.465172
-0.468309
-0.471292
-0.474118
-0.476787
-0.479298
-0.48165
-0.483842
-0.485873
-0.487742
-0.489449
-0.490994
-0.492374
-0.493591
-0.494643
-0.49553
-0.496252
-0.496809
-0.497199
-0.497423
-0.497481
-0.497373
-0.497098
-0.496657
-0.496049
-0.495276
-0.494336
-0.493231
-0.49196
-0.490523
-0.488922
-0.487157
-0.485228
-0.483136
-0.480881
-0.478464
-0.475887
-0.473148
-0.47025
-0.467194
-0.463979
-0.460608
-0.457082
-0.4534
-0.449566
-0.445579
-0.441441
-0.437154
-0.432718
-0.428135
-0.423407
-0.418535
-0.413521
-0.408366
-0.403072
-0.39764
-0.392073
-0.386372
-0.38054
-0.374577
-0.368485
-0.362268
-0.355926
-0.349463
-0.342879
-0.336178
-0.32936
-0.32243
-0.315388
-0.308237
-0.30098
-0.293618
-0.286155
-0.278592
-0.270933
-0.263179
-0.255333
-0.247398
-0.239377
-0.231272
-0.223085
-0.21482
-0.206478
-0.198064
-0.18958
-0.181027
-0.172411
-0.163732
-0.154994
-0.1462
-0.137354
-0.128456
-0.119512
-0.110523
-0.101493
-0.0924246
-0.0833208
-0.0741847
-0.0650194
-0.0558279
-0.0466133
-0.0373786
-0.0281269
-0.0188613
-0.00958497
-0.000300902
0.00898777
0.0182779
0.0275665
0.0368503
0.0461263
0.0553913
0.0646423
0.0738761
0.0830897
0.0922799
0.101444
0.110578
0.11968
0.128746
0.137773
0.146759
0.155699
0.164592
0.173435
0.182223
0.190955
0.199627
0.208236
0.21678
0.225255
0.233659
0.241989
0.250241
0.258414
0.266505
0.27451
0.282427
0.290253
0.297986
0.305623
0.313161
0.320598
0.327931
0.335157
0.342275
0.349282
0.356175
0.362952
0.369611
0.376149
0.382564
0.388854
0.395017
0.401051
0.406953
0.412721
0.418354
0.42385
0.429206
0.43442
0.439492
0.444419
0.449199
0.453831
0.458313
0.462643
0.466821
0.470844
0.47471
0.47842
0.481971
0.485362
0.488592
0.491659
0.494563
0.497303
0.499877
0.502284
0.504524
0.506596
0.508499
0.510232
0.511795
0.513187
0.514407
0.515455
0.516331
0.517033
0.517562
0.517918
0.5181
0.518108
0.517942
0.517602
0.517088
0.5164
0.515539
0.514503
0.513294
0.511912
0.510357
0.50863
0.506732
0.504661
0.502421
0.50001
0.497429
0.494681
0.491764
0.488681
0.485431
0.482017
0.478439
0.474698
0.470796
0.466733
0.462511
0.458131
0.453595
0.448903
0.444058
0.439061
0.433914
0.428618
0.423175
0.417587
0.411854
0.405981
0.399967
0.393815
0.387528
0.381106
0.374553
0.36787
0.36106
0.354124
0.347065
0.339885
0.332587
0.325172
0.317644
0.310005
0.302257
0.294402
0.286444
0.278385
0.270228
0.261974
0.253628
0.245192
0.236667
0.228059
0.219368
0.210598
0.201752
0.192833
0.183844
0.174787
0.165666
0.156484
0.147243
0.137947
0.128599
0.119202
0.109759
0.100274
0.0907483
0.0811864
0.0715913
0.0619661
0.0523139
0.0426381
0.0329418
0.0232283
0.0135008
0.00376251
-0.00598322
-0.0157332
-0.0254841
-0.0352327
-0.0449758
-0.05471
-0.0644322
-0.074139
-0.0838272
-0.0934935
-0.103135
-0.112748
-0.122329
-0.131875
-0.141384
-0.150851
-0.160274
-0.169649
-0.178973
-0.188243
-0.197457
-0.20661
-0.2157
-0.224723
-0.233677
-0.242559
-0.251365
-0.260092
-0.268739
-0.2773
-0.285775
-0.294159
-0.30245
-0.310645
-0.318742
-0.326737
-0.334628
-0.342412
-0.350086
-0.357648
-0.365095
-0.372425
-0.379635
-0.386722
-0.393685
-0.40052
-0.407226
-0.4138
-0.420239
-0.426542
-0.432707
-0.43873
-0.444611
-0.450346
-0.455935
-0.461374
-0.466663
-0.471799
-0.47678
-0.481605
-0.486272
-0.49078
-0.495126
-0.499309
-0.503328
-0.50718
-0.510866
-0.514383
-0.51773
-0.520907
-0.52391
-0.526741
-0.529397
-0.531878
-0.534182
-0.536309
-0.538258
-0.540028
-0.541619
-0.543029
-0.544259
-0.545307
-0.546174
-0.546858
-0.54736
-0.547679
-0.547814
-0.547767
-0.547536
-0.547122
-0.546525
-0.545744
-0.544781
-0.543634
-0.542305
-0.540793
-0.539099
-0.537224
-0.535168
-0.532932
-0.530516
-0.52792
-0.525146
-0.522195
-0.519067
-0.515764
-0.512285
-0.508633
-0.504808
-0.500812
-0.496646
-0.492311
-0.487808
-0.483139
-0.478305
-0.473308
-0.46815
-0.462831
-0.457354
-0.451721
-0.445932
-0.43999
-0.433898
-0.427656
-0.421267
-0.414732
-0.408055
-0.401237
-0.394279
-0.387186
-0.379958
-0.372598
-0.365109
-0.357492
-0.349751
-0.341887
-0.333904
-0.325804
-0.31759
-0.309264
-0.300828
-0.292287
-0.283642
-0.274896
-0.266053
-0.257114
-0.248084
-0.238964
-0.229759
-0.22047
-0.211101
-0.201656
-0.192137
-0.182547
-0.172889
-0.163167
-0.153384
-0.143544
-0.133648
-0.123701
-0.113706
-0.103666
-0.0935853
-0.0834659
-0.0733119
-0.0631264
-0.0529129
-0.0426748
-0.0324156
-0.0221385
-0.011847
-0.00154464
0.00876525
0.0190792
0.0293938
0.0397055
0.050011
0.0603067
0.0705893
0.0808553
0.0911012
0.101324
0.111519
0.121684
0.131816
0.14191
0.151963
0.161973
0.171935
0.181847
0.191704
0.201504
0.211244
0.220919
0.230528
0.240065
0.249529
0.258916
0.268223
0.277447
0.286584
0.295631
0.304586
0.313445
0.322205
0.330864
0.339418
0.347864
0.3562
0.364422
0.372529
0.380516
0.388381
0.396122
0.403736
0.41122
0.418572
0.425789
0.432868
0.439808
0.446605
0.453258
0.459763
0.46612
0.472325
0.478376
0.484271
0.490009
0.495587
0.501003
0.506255
0.511342
0.516261
0.52101
0.525589
0.529996
0.534228
0.538284
0.542164
0.545864
0.549385
0.552725
0.555882
0.558855
0.561643
0.564246
0.566662
0.56889
0.570929
0.572779
0.574438
0.575907
0.577184
0.578269
0.579162
0.579861
0.580367
0.580679
0.580797
0.580722
0.580451
0.579987
0.579328
0.578476
0.577429
0.576188
0.574754
0.573126
0.571306
0.569294
0.567089
0.564694
0.562108
0.559332
0.556367
0.553214
0.549874
0.546347
0.542636
0.53874
0.534661
0.530401
0.52596
0.521341
0.516543
0.51157
0.506422
0.501101
0.495608
0.489946
0.484117
0.478121
0.47196
0.465638
0.459156
0.452515
0.445718
0.438767
0.431665
0.424413
0.417014
0.409471
0.401785
0.393959
0.385996
0.377898
0.369668
0.361308
0.352821
0.344211
0.335479
0.326629
0.317663
0.308584
0.299396
0.290101
0.280702
0.271202
0.261605
0.251914
0.242131
0.23226
0.222305
0.212268
0.202152
0.191962
0.1817
0.17137
0.160975
0.150519
0.140004
0.129436
0.118816
0.108149
0.0974378
0.0866863
0.075898
0.0650764
0.0542252
0.0433479
0.0324481
0.0215296
0.0105958
-0.000349548
-0.0113028
-0.0222603
-0.0332184
-0.0441734
-0.0551217
-0.0660596
-0.0769835
-0.0878897
-0.0987745
-0.109634
-0.120465
-0.131264
-0.142027
-0.152751
-0.163431
-0.174064
-0.184648
-0.195177
-0.205649
-0.216059
-0.226406
-0.236684
-0.246891
-0.257022
-0.267076
-0.277047
-0.286934
-0.296731
-0.306437
-0.316048
-0.32556
-0.33497
-0.344275
-0.353472
-0.362558
-0.37153
-0.380384
-0.389117
-0.397727
-0.40621
-0.414564
-0.422786
-0.430872
-0.43882
-0.446628
-0.454292
-0.46181
-0.469179
-0.476397
-0.483461
-0.490369
-0.497118
-0.503706
-0.510131
-0.51639
-0.522481
-0.528401
-0.53415
-0.539725
-0.545123
-0.550343
-0.555383
-0.560242
-0.564916
-0.569406
-0.573708
-0.577822
-0.581746
-0.585478
-0.589018
-0.592363
-0.595513
-0.598466
-0.601221
-0.603778
-0.606134
-0.60829
-0.610244
-0.611996
-0.613544
-0.614889
-0.616029
-0.616964
-0.617693
-0.618216
-0.618534
-0.618644
-0.618548
-0.618246
-0.617736
-0.617019
-0.616096
-0.614966
-0.61363
-0.612087
-0.610339
-0.608385
-0.606227
-0.603864
-0.601297
-0.598528
-0.595556
-0.592383
-0.58901
-0.585437
-0.581666
-0.577697
-0.573532
-0.569173
-0.564619
-0.559874
-0.554937
-0.549812
-0.544498
-0.538999
-0.533315
-0.527448
-0.521401
-0.515174
-0.508771
-0.502192
-0.495441
-0.488519
-0.481428
-0.47417
-0.466749
-0.459165
-0.451423
-0.443523
-0.435469
-0.427263
-0.418908
-0.410406
-0.401761
-0.392975
-0.38405
-0.37499
-0.365797
-0.356475
-0.347027
-0.337455
-0.327763
-0.317953
-0.30803
-0.297996
-0.287854
-0.277609
-0.267262
-0.256818
-0.24628
-0.235651
-0.224935
-0.214135
-0.203256
-0.1923
-0.18127
-0.170172
-0.159008
-0.147782
-0.136497
-0.125158
-0.113768
-0.102331
-0.090851
-0.0793313
-0.0677759
-0.0561887
-0.0445735
-0.0329341
-0.0212744
-0.00959829
0.00209034
0.0137876
0.0254896
0.0371924
0.0488922
0.060585
0.0722669
0.083934
0.0955824
0.107208
0.118808
0.130376
0.141911
0.153408
0.164862
0.176271
0.18763
0.198935
0.210183
0.22137
0.232491
0.243544
0.254525
0.26543
0.276254
0.286995
0.297649
0.308212
0.31868
0.329051
0.33932
0.349484
0.359539
0.369483
0.379311
0.38902
0.398607
0.408069
0.417402
0.426603
0.435669
0.444597
0.453384
0.462026
0.470521
0.478866
0.487057
0.495093
0.50297
0.510685
0.518235
0.525619
0.532833
0.539875
0.546743
0.553433
0.559944
0.566273
0.572419
0.578378
0.584148
0.589728
0.595116
0.60031
0.605307
0.610106
0.614705
0.619102
0.623296
0.627286
0.631069
0.634645
0.638011
0.641167
0.644111
0.646843
0.649361
0.651664
0.653751
0.655621
0.657274
0.658709
0.659924
0.660921
0.661697
0.662253
0.662588
0.662702
0.662595
0.662266
0.661715
0.660943
0.65995
0.658735
0.6573
0.655643
0.653766
0.651669
0.649352
0.646817
0.644063
0.641092
0.637904
0.634501
0.630882
0.62705
0.623005
0.618748
0.614281
0.609605
0.604722
0.599632
0.594338
0.58884
0.583142
0.577243
0.571147
0.564855
0.558369
0.55169
0.544822
0.537766
0.530524
0.523099
0.515492
0.507707
0.499746
0.491611
0.483305
0.47483
0.466189
0.457386
0.448421
0.4393
0.430024
0.420596
0.41102
0.401298
0.391433
0.38143
0.37129
0.361018
0.350616
0.340088
0.329438
0.318668
0.307783
0.296785
0.285679
0.274467
0.263155
0.251744
0.24024
0.228645
0.216964
0.2052
0.193358
0.181441
0.169452
0.157397
0.145279
0.133101
0.120869
0.108585
0.096255
0.0838816
0.0714694
0.0590225
0.046545
0.0340411
0.0215148
0.00897038
-0.00358801
-0.0161562
-0.02873
-0.0413053
-0.0538778
-0.0664433
-0.0789977
-0.0915368
-0.104056
-0.116552
-0.12902
-0.141456
-0.153855
-0.166214
-0.178529
-0.190794
-0.203007
-0.215163
-0.227257
-0.239287
-0.251247
-0.263134
-0.274944
-0.286672
-0.298315
-0.309868
-0.321329
-0.332692
-0.343954
-0.355112
-0.366161
-0.377097
-0.387917
-0.398618
-0.409194
-0.419644
-0.429963
-0.440147
-0.450193
-0.460099
-0.469859
-0.479471
-0.488932
-0.498238
-0.507386
-0.516373
-0.525195
-0.53385
-0.542334
-0.550645
-0.55878
-0.566735
-0.574509
-0.582097
-0.589498
-0.596709
-0.603727
-0.61055
-0.617175
-0.6236
-0.629823
-0.635841
-0.641652
-0.647254
-0.652645
-0.657823
-0.662787
-0.667533
-0.672061
-0.676369
-0.680454
-0.684317
-0.687954
-0.691365
-0.694548
-0.697502
-0.700226
-0.702719
-0.70498
-0.707007
-0.7088
-0.710358
-0.71168
-0.712766
-0.713615
-0.714226
-0.7146
-0.714735
-0.714632
-0.71429
-0.71371
-0.71289
-0.711832
-0.710535
-0.709
-0.707227
-0.705216
-0.702968
-0.700483
-0.697762
-0.694805
-0.691614
-0.688189
-0.684531
-0.680641
-0.67652
-0.67217
-0.667591
-0.662785
-0.657754
-0.652498
-0.647019
-0.641319
-0.6354
-0.629264
-0.622911
-0.616345
-0.609567
-0.602579
-0.595383
-0.587982
-0.580377
-0.572572
-0.564569
-0.556369
-0.547976
-0.539392
-0.53062
-0.521663
-0.512523
-0.503204
-0.493707
-0.484037
-0.474196
-0.464188
-0.454015
-0.443682
-0.43319
-0.422544
-0.411746
-0.400801
-0.389712
-0.378482
-0.367116
-0.355615
-0.343986
-0.33223
-0.320352
-0.308356
-0.296246
-0.284025
-0.271698
-0.259269
-0.246741
-0.234118
-0.221405
-0.208607
-0.195726
-0.182768
-0.169736
-0.156635
-0.143469
-0.130243
-0.116961
-0.103626
-0.0902443
-0.0768194
-0.0633559
-0.0498583
-0.036331
-0.0227784
-0.00920514
0.00438438
0.0179856
0.0315941
0.0452052
0.0588145
0.0724174
0.0860094
0.099586
0.113143
0.126675
0.140178
0.153647
0.167078
0.180467
0.193809
0.207099
0.220333
0.233507
0.246615
0.259655
0.27262
0.285507
0.298312
0.31103
0.323657
0.336188
0.348619
0.360947
0.373166
0.385273
0.397263
0.409133
0.420878
0.432495
0.443979
0.455326
0.466533
0.477595
0.488509
0.499271
0.509877
0.520324
0.530608
0.540725
0.550672
0.560446
0.570042
0.579458
0.58869
0.597736
0.606591
0.615253
0.623718
0.631984
0.640048
0.647907
0.655557
0.662997
0.670224
0.677234
0.684026
0.690597
0.696944
0.703065
0.708959
0.714622
0.720053
0.725249
0.730209
0.734931
0.739413
0.743653
0.74765
0.751402
0.754907
0.758165
0.761173
0.763931
0.766437
0.768691
0.770691
0.772436
0.773926
0.77516
0.776137
0.776856
0.777318
0.777521
0.777466
0.777152
0.776579
0.775747
0.774656
0.773306
0.771697
0.76983
0.767704
0.765321
0.762681
0.759784
0.756632
0.753224
0.749563
0.745648
0.741482
0.737064
0.732397
0.727481
0.722318
0.71691
0.711258
0.705363
0.699228
0.692854
0.686243
0.679397
0.672318
0.665008
0.65747
0.649705
0.641717
0.633507
0.625077
0.616432
0.607572
0.598502
0.589223
0.579739
0.570053
0.560167
0.550085
0.53981
0.529344
0.518693
0.507858
0.496843
0.485651
0.474287
0.462754
0.451055
0.439195
0.427176
0.415003
0.40268
0.390211
0.377599
0.364849
0.351965
0.33895
0.32581
0.312549
0.29917
0.285678
0.272077
0.258372
0.244568
0.230668
0.216678
0.202601
0.188443
0.174208
0.159901
0.145526
0.131089
0.116593
0.102044
0.087446
0.0728046
0.0581242
0.0434097
0.028666
0.013898
-0.000889528
-0.0156916
-0.0305033
-0.0453198
-0.060136
-0.0749471
-0.0897482
-0.104534
-0.1193
-0.134042
-0.148753
-0.16343
-0.178067
-0.19266
-0.207203
-0.221692
-0.236121
-0.250487
-0.264784
-0.279007
-0.293151
-0.307212
-0.321185
-0.335065
-0.348847
-0.362528
-0.376101
-0.389563
-0.402908
-0.416133
-0.429233
-0.442203
-0.455039
-0.467737
-0.480291
-0.492698
-0.504954
-0.517054
-0.528994
-0.540769
-0.552377
-0.563813
-0.575072
-0.586151
-0.597046
-0.607753
-0.618269
-0.628589
-0.63871
-0.648629
-0.658342
-0.667846
-0.677136
-0.686211
-0.695066
-0.703698
-0.712105
-0.720283
-0.728229
-0.735941
-0.743416
-0.75065
-0.757641
-0.764388
-0.770886
-0.777134
-0.783129
-0.78887
-0.794353
-0.799577
-0.80454
-0.80924
-0.813675
-0.817843
-0.821743
-0.825373
-0.828731
-0.831817
-0.834628
-0.837164
-0.839424
-0.841405
-0.843109
-0.844533
-0.845676
-0.846539
-0.84712
-0.84742
-0.847437
-0.847171
-0.846622
-0.845791
-0.844676
-0.843279
-0.841599
-0.839636
-0.837391
-0.834864
-0.832056
-0.828967
-0.825599
-0.821952
-0.818026
-0.813823
-0.809345
-0.804591
-0.799564
-0.794265
-0.788695
-0.782856
-0.776749
-0.770377
-0.763741
-0.756843
-0.749685
-0.742268
-0.734597
-0.726672
-0.718495
-0.71007
-0.7014
-0.692485
-0.68333
-0.673937
-0.664309
-0.654448
-0.644359
-0.634043
-0.623505
-0.612746
-0.601772
-0.590585
-0.579188
-0.567586
-0.555782
-0.543779
-0.531581
-0.519193
-0.506618
-0.493859
-0.480922
-0.46781
-0.454528
-0.441079
-0.427468
-0.413699
-0.399777
-0.385706
-0.37149
-0.357135
-0.342645
-0.328024
-0.313277
-0.298409
-0.283425
-0.26833
-0.253128
-0.237825
-0.222425
-0.206934
-0.191356
-0.175697
-0.159962
-0.144155
-0.128283
-0.11235
-0.0963613
-0.0803225
-0.0642387
-0.0481152
-0.0319574
-0.0157707
0.000439736
0.0166684
0.03291
0.049159
0.0654102
0.0816581
0.0978972
0.114122
0.130328
0.146508
0.162658
0.178773
0.194846
0.210873
0.226847
0.242765
0.258619
0.274406
0.290119
0.305754
0.321304
0.336765
0.352132
0.367399
0.382561
0.397613
0.41255
0.427367
0.442058
0.456619
0.471044
0.485329
0.499469
0.513458
0.527293
0.540967
0.554477
0.567818
0.580986
0.593974
0.60678
0.619399
0.631825
0.644056
0.656086
0.667911
0.679527
0.69093
0.702116
0.713082
0.723822
0.734333
0.744612
0.754655
0.764458
0.774017
0.78333
0.792392
0.801201
0.809753
0.818045
0.826074
0.833837
0.841332
0.848554
0.855502
0.862173
0.868565
0.874674
0.880499
0.886037
0.891286
0.896245
0.90091
0.905281
0.909354
0.91313
0.916605
0.919779
0.92265
0.925217
0.927478
0.929433
0.93108
0.932418
0.933447
0.934166
0.934575
0.934672
0.934458
0.933931
0.933093
0.931942
0.93048
0.928705
0.926618
0.92422
0.921511
0.918491
0.915161
0.911521
0.907574
0.903319
0.898757
0.89389
0.888719
0.883246
0.877471
0.871397
0.865024
0.858355
0.851392
0.844136
0.83659
0.828755
0.820635
0.812231
0.803545
0.794581
0.785341
0.775828
0.766044
0.755992
0.745676
0.735099
0.724263
0.713173
0.70183
0.69024
0.678405
0.666329
0.654015
0.641469
0.628693
0.615691
0.602467
0.589026
0.575372
0.561509
0.547441
0.533174
0.51871
0.504055
0.489214
0.474191
0.458991
0.443619
0.428079
0.412377
0.396518
0.380506
0.364347
0.348047
0.331609
0.31504
0.298346
0.28153
0.264599
0.247559
0.230414
0.21317
0.195834
0.17841
0.160904
0.143322
0.125671
0.107954
0.0901789
0.0723509
0.0544759
0.0365598
0.0186085
0.000627926
-0.017376
-0.0353973
-0.0534301
-0.0714683
-0.0895059
-0.107537
-0.125556
-0.143556
-0.161531
-0.179476
-0.197384
-0.21525
-0.233067
-0.25083
-0.268532
-0.286167
-0.30373
-0.321215
-0.338616
-0.355926
-0.37314
-0.390253
-0.407258
-0.424149
-0.440921
-0.457568
-0.474084
-0.490464
-0.506702
-0.522792
-0.53873
-0.554508
-0.570123
-0.585568
-0.600839
-0.615929
-0.630834
-0.645548
-0.660067
-0.674385
-0.688497
-0.702398
-0.716084
-0.729549
-0.742789
-0.755799
-0.768574
-0.78111
-0.793403
-0.805448
-0.81724
-0.828775
-0.84005
-0.85106
-0.861801
-0.872269
-0.88246
-0.892371
-0.901998
-0.911338
-0.920386
-0.929139
-0.937595
-0.945749
-0.9536
-0.961143
-0.968376
-0.975296
-0.981901
-0.988187
-0.994152
-0.999794
-1.00511
-1.0101
-1.01476
-1.01909
-1.02308
-1.02674
-1.03006
-1.03304
-1.03568
-1.03798
-1.03994
-1.04155
-1.04282
-1.04375
-1.04432
-1.04455
-1.04443
-1.04397
-1.04315
-1.04199
-1.04047
-1.03861
-1.0364
-1.03384
-1.03094
-1.02768
-1.02408
-1.02013
-1.01584
-1.0112
-1.00622
-1.0009
-0.995236
-0.989233
-0.982891
-0.976214
-0.969201
-0.961856
-0.954181
-0.946176
-0.937845
-0.92919
-0.920213
-0.910917
-0.901305
-0.891378
-0.881141
-0.870596
-0.859745
-0.848593
-0.837143
-0.825397
-0.81336
-0.801035
-0.788425
-0.775535
-0.762368
-0.748929
-0.735221
-0.721249
-0.707016
-0.692527
-0.677788
-0.662801
-0.647572
-0.632106
-0.616407
-0.60048
-0.584331
-0.567963
-0.551383
-0.534595
-0.517606
-0.500419
-0.483041
-0.465477
-0.447733
-0.429814
-0.411725
-0.393474
-0.375065
-0.356505
-0.337799
-0.318953
-0.299974
-0.280867
-0.261639
-0.242296
-0.222845
-0.20329
-0.18364
-0.163899
-0.144075
-0.124175
-0.104204
-0.0841686
-0.0640763
-0.0439331
-0.0237458
-0.00352105
0.0167346
0.0370144
0.0573117
0.0776198
0.0979319
0.118241
0.138541
0.158825
0.179086
0.199317
0.219512
0.239663
0.259765
0.279809
0.299791
0.319702
0.339536
0.359287
0.378947
0.39851
0.41797
0.43732
0.456553
0.475662
0.494642
0.513485
0.532186
0.550737
0.569133
0.587367
0.605432
0.623323
0.641034
0.658557
0.675888
0.693019
0.709946
0.726662
0.743161
0.759437
0.775485
0.7913
0.806874
0.822204
0.837283
0.852106
0.866668
0.880963
0.894986
0.908733
0.922199
0.935377
0.948264
0.960856
0.973146
0.985131
0.996806
1.00817
1.01921
1.02993
1.04032
1.05039
1.06012
1.06951
1.07856
1.08726
1.09562
1.10362
1.11127
1.11856
1.12548
1.13205
1.13825
1.14407
1.14953
1.15461
1.15931
1.16364
1.16758
1.17115
1.17432
1.17711
1.17952
1.18153
1.18316
1.18439
1.18523
1.18567
1.18572
1.18538
1.18464
1.18351
1.18198
1.18005
1.17772
1.175
1.17189
1.16838
1.16447
1.16017
1.15548
1.15039
1.14491
1.13905
1.13279
1.12615
1.11911
1.1117
1.1039
1.09572
1.08717
1.07824
1.06893
1.05925
1.04921
1.0388
1.02802
1.01688
1.00539
0.993546
0.981349
0.968805
0.955918
0.94269
0.929128
0.915233
0.90101
0.886463
0.871597
0.856416
0.840924
0.825126
0.809027
0.792632
0.775945
0.758972
0.741717
0.724187
0.706386
0.688319
0.669993
0.651413
0.632585
0.613513
0.594206
0.574668
0.554905
0.534924
0.51473
0.494331
0.473733
0.452942
0.431964
0.410807
0.389476
0.36798
0.346324
0.324515
0.302561
0.280468
0.258244
0.235896
0.21343
0.190854
0.168176
0.145403
0.122541
0.0995994
0.0765844
0.0535038
0.0303652
0.0071761
-0.0160559
-0.0393233
-0.0626183
-0.0859333
-0.109261
-0.132593
-0.155922
-0.17924
-0.202539
-0.225813
-0.249052
-0.272249
-0.295398
-0.318488
-0.341514
-0.364467
-0.38734
-0.410125
-0.432814
-0.455399
-0.477873
-0.500229
-0.522458
-0.544553
-0.566507
-0.588312
-0.60996
-0.631444
-0.652758
-0.673892
-0.694841
-0.715597
-0.736152
-0.7565
-0.776633
-0.796544
-0.816227
-0.835674
-0.854879
-0.873835
-0.892535
-0.910973
-0.929141
-0.947034
-0.964645
-0.981968
-0.998996
-1.01572
-1.03214
-1.04825
-1.06404
-1.07951
-1.09464
-1.10944
-1.1239
-1.13801
-1.15177
-1.16518
-1.17822
-1.19089
-1.20319
-1.21512
-1.22666
-1.23782
-1.24859
-1.25896
-1.26894
-1.27851
-1.28768
-1.29643
-1.30477
-1.3127
-1.3202
-1.32728
-1.33394
-1.34016
-1.34595
-1.3513
-1.35622
-1.36069
-1.36472
-1.36831
-1.37145
-1.37414
-1.37638
-1.37817
-1.3795
-1.38038
-1.3808
-1.38077
-1.38027
-1.37932
-1.37791
-1.37604
-1.37371
-1.37092
-1.36767
-1.36396
-1.35979
-1.35516
-1.35007
-1.34453
-1.33853
-1.33207
-1.32516
-1.3178
-1.30999
