0
0
0.00721887
0.00722077
0.00722203
0.00722265
0.00722262
0.00722195
0.00722065
0.0072187
0.0072161
0.00721287
0.00720899
0.00720446
0.0071993
0.00719349
0.00718705
0.00717996
0.00717222
0.00716385
0.00715484
0.00714518
0.00713489
0.00712396
0.00711239
0.00710018
0.00708734
0.00707386
0.00705974
0.00704499
0.00702961
0.0070136
0.00699696
0.00697968
0.00696178
0.00694326
0.0069241
0.00690433
0.00688393
0.00686291
0.00684127
0.00681902
0.00679614
0.00677266
0.00674856
0.00672385
0.00669854
0.00667262
0.00664609
0.00661896
0.00659123
0.00656291
0.00653399
0.00650448
0.00647437
0.00644368
0.0064124
0.00638054
0.0063481
0.00631509
0.00628149
0.00624733
0.0062126
0.0061773
0.00614143
0.00610501
0.00606803
0.00603049
0.00599241
0.00595377
0.00591459
0.00587487
0.00583462
0.00579382
0.0057525
0.00571065
0.00566828
0.00562538
0.00558197
0.00553805
0.00549361
0.00544868
0.00540324
0.0053573
0.00531087
0.00526395
0.00521654
0.00516865
0.00512029
0.00507145
0.00502214
0.00497237
0.00492214
0.00487145
0.00482031
0.00476872
0.00471669
0.00466422
0.00461132
0.00455799
0.00450424
0.00445006
0.00439547
0.00434047
0.00428507
0.00422926
0.00417306
0.00411647
0.00405949
0.00400214
0.0039444
0.0038863
0.00382783
0.003769
0.00370982
0.00365028
0.0035904
0.00353019
0.00346963
0.00340875
0.00334755
0.00328603
0.00322419
0.00316205
0.00309961
0.00303687
0.00297385
0.00291053
0.00284694
0.00278308
0.00271894
0.00265455
0.0025899
0.00252499
0.00245985
0.00239446
0.00232885
0.002263
0.00219693
0.00213065
0.00206416
0.00199747
0.00193057
0.00186349
0.00179622
0.00172877
0.00166115
0.00159336
0.00152541
0.0014573
0.00138905
0.00132065
0.00125211
0.00118345
0.00111466
0.00104575
0.00097673
0.000907604
0.000838379
0.000769061
0.000699655
0.000630169
0.000560608
0.000490979
0.000421288
0.000351542
0.000281746
0.000211907
0.000142032
7.21268e-05
2.19745e-06
-6.77495e-05
-0.000137708
-0.000207671
-0.000277632
-0.000347586
-0.000417525
-0.000487444
-0.000557336
-0.000627195
-0.000697014
-0.000766787
-0.000836507
-0.000906169
-0.000975766
-0.00104529
-0.00111474
-0.0011841
-0.00125337
-0.00132255
-0.00139162
-0.00146059
-0.00152943
-0.00159816
-0.00166675
-0.00173522
-0.00180354
-0.00187171
-0.00193973
-0.00200759
-0.00207529
-0.00214281
-0.00221015
-0.00227731
-0.00234428
-0.00241105
-0.00247762
-0.00254398
-0.00261012
-0.00267604
-0.00274173
-0.0028072
-0.00287242
-0.00293739
-0.00300211
-0.00306658
-0.00313078
-0.00319471
-0.00325837
-0.00332174
-0.00338483
-0.00344762
-0.00351011
-0.0035723
-0.00363418
-0.00369574
-0.00375698
-0.0038179
-0.00387847
-0.00393871
-0.00399861
-0.00405815
-0.00411734
-0.00417616
-0.00423462
-0.00429271
-0.00435042
-0.00440774
-0.00446468
-0.00452122
-0.00457736
-0.0046331
-0.00468843
-0.00474334
-0.00479783
-0.0048519
-0.00490554
-0.00495874
-0.0050115
-0.00506381
-0.00511568
-0.00516708
-0.00521803
-0.00526851
-0.00531853
-0.00536806
-0.00541712
-0.0054657
-0.00551378
-0.00556138
-0.00560847
-0.00565506
-0.00570115
-0.00574672
-0.00579178
-0.00583632
-0.00588033
-0.00592382
-0.00596677
-0.00600919
-0.00605107
-0.0060924
-0.00613318
-0.00617341
-0.00621308
-0.0062522
-0.00629074
-0.00632872
-0.00636613
-0.00640297
-0.00643922
-0.00647489
-0.00650998
-0.00654448
-0.00657838
-0.00661169
-0.00664439
-0.0066765
-0.006708
-0.00673889
-0.00676917
-0.00679883
-0.00682788
-0.00685631
-0.00688411
-0.00691128
-0.00693783
-0.00696374
-0.00698902
-0.00701366
-0.00703767
-0.00706103
-0.00708374
-0.00710581
-0.00712723
-0.007148
-0.00716812
-0.00718758
-0.00720638
-0.00722452
-0.007242
-0.00725882
-0.00727498
-0.00729046
-0.00730528
-0.00731943
-0.0073329
-0.00734571
-0.00735783
-0.00736929
-0.00738006
-0.00739016
-0.00739957
-0.00740831
-0.00741636
-0.00742373
-0.00743041
-0.00743641
-0.00744173
-0.00744636
-0.0074503
-0.00745355
-0.00745612
-0.00745799
-0.00745918
-0.00745968
-0.00745948
-0.0074586
-0.00745702
-0.00745476
-0.0074518
-0.00744816
-0.00744382
-0.00743879
-0.00743307
-0.00742666
-0.00741957
-0.00741178
-0.0074033
-0.00739413
-0.00738428
-0.00737374
-0.00736251
-0.0073506
-0.007338
-0.00732471
-0.00731075
-0.0072961
-0.00728077
-0.00726475
-0.00724806
-0.0072307
-0.00721265
-0.00719393
-0.00717454
-0.00715447
-0.00713374
-0.00711233
-0.00709026
-0.00706752
-0.00704412
-0.00702006
-0.00699533
-0.00696995
-0.00694392
-0.00691722
-0.00688988
-0.00686189
-0.00683325
-0.00680397
-0.00677404
-0.00674347
-0.00671227
-0.00668043
-0.00664796
-0.00661486
-0.00658114
-0.00654679
-0.00651182
-0.00647623
-0.00644002
-0.00640321
-0.00636578
-0.00632775
-0.00628912
-0.00624989
-0.00621006
-0.00616965
-0.00612864
-0.00608704
-0.00604487
-0.00600212
-0.00595879
-0.00591489
-0.00587042
-0.00582539
-0.00577981
-0.00573366
-0.00568697
-0.00563973
-0.00559194
-0.00554362
-0.00549476
-0.00544537
-0.00539545
-0.00534502
-0.00529406
-0.00524259
-0.00519062
-0.00513814
-0.00508516
-0.00503168
-0.00497772
-0.00492327
-0.00486834
-0.00481293
-0.00475705
-0.00470071
-0.00464391
-0.00458665
-0.00452894
-0.00447078
-0.00441219
-0.00435315
-0.00429369
-0.0042338
-0.0041735
-0.00411278
-0.00405165
-0.00399011
-0.00392818
-0.00386586
-0.00380315
-0.00374006
-0.00367659
-0.00361275
-0.00354855
-0.00348399
-0.00341908
-0.00335382
-0.00328822
-0.00322228
-0.00315601
-0.00308942
-0.00302252
-0.0029553
-0.00288778
-0.00281995
-0.00275184
-0.00268343
-0.00261475
-0.00254579
-0.00247656
-0.00240707
-0.00233733
-0.00226733
-0.00219709
-0.00212661
-0.00205591
-0.00198498
-0.00191383
-0.00184246
-0.0017709
-0.00169913
-0.00162718
-0.00155503
-0.00148271
-0.00141022
-0.00133756
-0.00126474
-0.00119177
-0.00111865
-0.0010454
-0.000972006
-0.00089849
-0.000824855
-0.000751108
-0.000677255
-0.000603302
-0.000529258
-0.000455127
-0.000380918
-0.000306637
-0.00023229
-0.000157885
-8.34284e-05
-8.9269e-06
6.56126e-05
0.000140183
0.000214778
0.000289391
0.000364014
0.000438641
0.000513265
0.000587879
0.000662476
0.00073705
0.000811593
0.000886099
0.00096056
0.00103497
0.00110932
0.00118361
0.00125783
0.00133196
0.00140602
0.00147998
0.00155384
0.00162759
0.00170123
0.00177476
0.00184815
0.00192141
0.00199454
0.00206751
0.00214034
0.002213
0.00228549
0.00235782
0.00242996
0.00250191
0.00257367
0.00264523
0.00271658
0.00278772
0.00285864
0.00292933
0.00299978
0.00307
0.00313997
0.00320968
0.00327914
0.00334833
0.00341725
0.00348588
0.00355423
0.00362229
0.00369005
0.0037575
0.00382465
0.00389147
0.00395797
0.00402414
0.00408998
0.00415547
0.00422061
0.0042854
0.00434982
0.00441388
0.00447757
0.00454087
0.00460379
0.00466632
0.00472845
0.00479018
0.0048515
0.0049124
0.00497289
0.00503294
0.00509257
0.00515175
0.0052105
0.00526879
0.00532663
0.00538401
0.00544092
0.00549736
0.00555333
0.00560881
0.0056638
0.00571831
0.00577231
0.00582581
0.00587881
0.00593129
0.00598325
0.00603469
0.0060856
0.00613597
0.00618581
0.0062351
0.00628385
0.00633204
0.00637968
0.00642676
0.00647326
0.0065192
0.00656456
0.00660934
0.00665354
0.00669715
0.00674016
0.00678258
0.00682439
0.0068656
0.0069062
0.00694619
0.00698555
0.0070243
0.00706242
0.00709991
0.00713677
0.00717299
0.00720857
0.00724351
0.0072778
0.00731143
0.00734442
0.00737674
0.00740841
0.00743941
0.00746974
0.0074994
0.00752839
0.0075567
0.00758433
0.00761128
0.00763754
0.00766311
0.007688
0.00771219
0.00773568
0.00775848
0.00778058
0.00780197
0.00782265
0.00784263
0.0078619
0.00788046
0.0078983
0.00791543
0.00793183
0.00794752
0.00796249
0.00797673
0.00799024
0.00800303
0.0080151
0.00802643
0.00803703
0.0080469
0.00805603
0.00806443
0.00807209
0.00807902
0.00808521
0.00809065
0.00809536
0.00809933
0.00810256
0.00810504
0.00810678
0.00810778
0.00810803
0.00810754
0.0081063
0.00810432
0.0081016
0.00809813
0.00809391
0.00808895
0.00808325
0.0080768
0.0080696
0.00806166
0.00805298
0.00804355
0.00803338
0.00802247
0.00801081
0.00799842
0.00798528
0.00797141
0.00795679
0.00794144
0.00792535
0.00790852
0.00789097
0.00787267
0.00785365
0.0078339
0.00781341
0.0077922
0.00777026
0.0077476
0.00772422
0.00770012
0.00767529
0.00764975
0.0076235
0.00759653
0.00756885
0.00754047
0.00751138
0.00748158
0.00745108
0.00741988
0.00738799
0.0073554
0.00732212
0.00728815
0.0072535
0.00721816
0.00718214
0.00714545
0.00710808
0.00707004
0.00703133
0.00699196
0.00695193
0.00691124
0.00686989
0.0068279
0.00678525
0.00674196
0.00669803
0.00665347
0.00660827
0.00656245
0.00651599
0.00646892
0.00642123
0.00637293
0.00632402
0.0062745
0.00622438
0.00617367
0.00612237
0.00607047
0.006018
0.00596495
0.00591132
0.00585713
0.00580237
0.00574705
0.00569117
0.00563475
0.00557778
0.00552027
0.00546223
0.00540365
0.00534455
0.00528494
0.0052248
0.00516416
0.00510302
0.00504137
0.00497924
0.00491661
0.00485351
0.00478992
0.00472587
0.00466135
0.00459637
0.00453094
0.00446506
0.00439874
0.00433198
0.0042648
0.00419718
0.00412915
0.00406071
0.00399186
0.00392261
0.00385297
0.00378294
0.00371253
0.00364175
0.00357059
0.00349907
0.0034272
0.00335498
0.00328241
0.00320951
0.00313628
0.00306272
0.00298885
0.00291467
0.00284018
0.0027654
0.00269033
0.00261497
0.00253934
0.00246344
0.00238728
0.00231086
0.00223419
0.00215728
0.00208013
0.00200276
0.00192516
0.00184735
0.00176934
0.00169112
0.00161272
0.00153412
0.00145535
0.00137641
0.0012973
0.00121803
0.00113862
0.00105906
0.000979372
0.000899553
0.000819613
0.00073956
0.000659401
0.000579143
0.000498795
0.000418362
0.000337853
0.000257274
0.000176634
9.59396e-05
1.51983e-05
-6.55825e-05
-0.000146395
-0.000227233
-0.000308087
-0.000388952
-0.000469818
-0.00055068
-0.000631529
-0.000712357
-0.000793159
-0.000873925
-0.000954648
-0.00103532
-0.00111594
-0.00119649
-0.00127697
-0.00135737
-0.00143768
-0.0015179
-0.00159801
-0.00167802
-0.0017579
-0.00183767
-0.0019173
-0.00199679
-0.00207614
-0.00215533
-0.00223436
-0.00231322
-0.0023919
-0.00247041
-0.00254872
-0.00262683
-0.00270473
-0.00278243
-0.0028599
-0.00293715
-0.00301416
-0.00309093
-0.00316745
-0.00324371
-0.00331971
-0.00339544
-0.00347089
-0.00354606
-0.00362093
-0.00369551
-0.00376978
-0.00384374
-0.00391737
-0.00399068
-0.00406366
-0.0041363
-0.00420858
-0.00428052
-0.00435209
-0.00442329
-0.00449412
-0.00456456
-0.00463462
-0.00470429
-0.00477355
-0.0048424
-0.00491084
-0.00497886
-0.00504644
-0.0051136
-0.00518031
-0.00524658
-0.00531239
-0.00537774
-0.00544263
-0.00550705
-0.00557098
-0.00563443
-0.00569739
-0.00575986
-0.00582182
-0.00588327
-0.00594421
-0.00600462
-0.00606451
-0.00612387
-0.00618269
-0.00624097
-0.00629869
-0.00635587
-0.00641248
-0.00646852
-0.00652399
-0.00657889
-0.0066332
-0.00668693
-0.00674006
-0.00679259
-0.00684452
-0.00689585
-0.00694656
-0.00699665
-0.00704611
-0.00709495
-0.00714316
-0.00719072
-0.00723765
-0.00728392
-0.00732955
-0.00737452
-0.00741883
-0.00746247
-0.00750544
-0.00754774
-0.00758936
-0.0076303
-0.00767055
-0.00771011
-0.00774897
-0.00778714
-0.0078246
-0.00786136
-0.0078974
-0.00793274
-0.00796735
-0.00800125
-0.00803442
-0.00806686
-0.00809857
-0.00812955
-0.00815979
-0.00818928
-0.00821804
-0.00824604
-0.0082733
-0.0082998
-0.00832555
-0.00835053
-0.00837476
-0.00839822
-0.00842092
-0.00844285
-0.008464
-0.00848439
-0.00850399
-0.00852282
-0.00854087
-0.00855813
-0.00857461
-0.00859031
-0.00860522
-0.00861933
-0.00863266
-0.00864519
-0.00865693
-0.00866787
-0.00867801
-0.00868735
-0.0086959
-0.00870364
-0.00871058
-0.00871672
-0.00872205
-0.00872658
-0.0087303
-0.00873321
-0.00873532
-0.00873661
-0.0087371
-0.00873678
-0.00873565
-0.00873372
-0.00873097
-0.00872741
-0.00872304
-0.00871786
-0.00871187
-0.00870507
-0.00869746
-0.00868904
-0.00867981
-0.00866978
-0.00865893
-0.00864728
-0.00863483
-0.00862156
-0.00860749
-0.00859262
-0.00857695
-0.00856047
-0.00854319
-0.00852511
-0.00850624
-0.00848656
-0.0084661
-0.00844483
-0.00842278
-0.00839993
-0.0083763
-0.00835188
-0.00832667
-0.00830068
-0.00827391
-0.00824637
-0.00821804
-0.00818894
-0.00815907
-0.00812843
-0.00809702
-0.00806484
-0.00803191
-0.00799821
-0.00796376
-0.00792856
-0.0078926
-0.0078559
-0.00781845
-0.00778026
-0.00774134
-0.00770168
-0.00766128
-0.00762016
-0.00757832
-0.00753575
-0.00749247
-0.00744847
-0.00740376
-0.00735835
-0.00731223
-0.00726542
-0.00721791
-0.00716971
-0.00712083
-0.00707127
-0.00702103
-0.00697011
-0.00691853
-0.00686629
-0.00681338
-0.00675982
-0.00670562
-0.00665076
-0.00659527
-0.00653914
-0.00648238
-0.006425
-0.006367
-0.00630838
-0.00624915
-0.00618932
-0.00612889
-0.00606787
-0.00600625
-0.00594406
-0.00588129
-0.00581794
-0.00575404
-0.00568957
-0.00562455
-0.00555898
-0.00549286
-0.00542621
-0.00535903
-0.00529133
-0.00522311
-0.00515438
-0.00508514
-0.0050154
-0.00494517
-0.00487445
-0.00480326
-0.00473159
-0.00465945
-0.00458685
-0.0045138
-0.0044403
-0.00436636
-0.00429199
-0.00421719
-0.00414197
-0.00406634
-0.0039903
-0.00391387
-0.00383704
-0.00375983
-0.00368224
-0.00360427
-0.00352595
-0.00344727
-0.00336824
-0.00328887
-0.00320917
-0.00312914
-0.00304879
-0.00296813
-0.00288716
-0.0028059
-0.00272435
-0.00264252
-0.00256041
-0.00247804
-0.00239541
-0.00231253
-0.0022294
-0.00214604
-0.00206246
-0.00197865
-0.00189464
-0.00181041
-0.001726
-0.00164139
-0.00155661
-0.00147165
-0.00138653
-0.00130126
-0.00121584
-0.00113027
-0.00104458
-0.000958763
-0.00087283
-0.00078679
-0.000700652
-0.000614422
-0.000528111
-0.000441724
-0.000355272
-0.000268762
-0.000182202
-9.56006e-05
-8.96625e-06
7.76929e-05
0.000164369
0.000251053
0.000337737
0.000424412
0.000511071
0.000597705
0.000684306
0.000770865
0.000857374
0.000943825
0.00103021
0.00111652
0.00120275
0.00128888
0.00137491
0.00146084
0.00154665
0.00163234
0.00171789
0.0018033
0.00188856
0.00197366
0.0020586
0.00214336
0.00222794
0.00231233
0.00239652
0.0024805
0.00256427
0.00264781
0.00273112
0.00281419
0.00289702
0.00297958
0.00306188
0.00314391
0.00322566
0.00330712
0.00338828
0.00346914
0.00354969
0.00362991
0.00370981
0.00378937
0.00386858
0.00394744
0.00402595
0.00410408
0.00418184
0.00425922
0.00433621
0.00441279
0.00448897
0.00456474
0.00464009
0.004715
0.00478948
0.00486352
0.0049371
0.00501023
0.00508289
0.00515508
0.00522678
0.005298
0.00536872
0.00543895
0.00550866
0.00557785
0.00564652
0.00571466
0.00578227
0.00584933
0.00591584
0.00598179
0.00604717
0.00611199
0.00617623
0.00623988
0.00630294
0.00636541
0.00642727
0.00648852
0.00654915
0.00660916
0.00666854
0.00672729
0.0067854
0.00684285
0.00689966
0.00695581
0.00701129
0.0070661
0.00712023
0.00717368
0.00722644
0.00727851
0.00732988
0.00738055
0.00743051
0.00747975
0.00752827
0.00757606
0.00762313
0.00766946
0.00771505
0.00775989
0.00780398
0.00784732
0.0078899
0.00793171
0.00797276
0.00801303
0.00805253
0.00809124
0.00812916
0.0081663
0.00820264
0.00823818
0.00827292
0.00830685
0.00833997
0.00837228
0.00840377
0.00843444
0.00846429
0.0084933
0.00852149
0.00854884
0.00857535
0.00860102
0.00862585
0.00864983
0.00867296
0.00869524
0.00871666
0.00873722
0.00875693
0.00877577
0.00879374
0.00881085
0.00882709
0.00884246
0.00885695
0.00887057
0.00888331
0.00889517
0.00890615
0.00891624
0.00892545
0.00893378
0.00894122
0.00894777
0.00895344
0.00895821
0.00896209
0.00896508
0.00896718
0.00896838
0.00896869
0.0089681
0.00896662
0.00896424
0.00896097
0.0089568
0.00895174
0.00894578
0.00893892
0.00893117
0.00892252
0.00891298
0.00890255
0.00889122
0.00887899
0.00886588
0.00885187
0.00883697
0.00882118
0.00880451
0.00878694
0.00876849
0.00874916
0.00872894
0.00870784
0.00868587
0.00866301
0.00863928
0.00861467
0.00858919
0.00856285
0.00853563
0.00850755
0.0084786
0.0084488
0.00841814
0.00838662
0.00835425
0.00832103
0.00828696
0.00825206
0.00821631
0.00817972
0.0081423
0.00810405
0.00806498
0.00802508
0.00798436
0.00794283
0.00790048
0.00785733
0.00781337
0.00776862
0.00772307
0.00767673
0.0076296
0.0075817
0.00753301
0.00748355
0.00743333
0.00738234
0.0073306
0.0072781
0.00722486
0.00717087
0.00711615
0.00706069
0.00700451
0.00694761
0.00689
0.00683168
0.00677265
0.00671293
0.00665251
0.00659142
0.00652964
0.00646719
0.00640407
0.0063403
0.00627587
0.0062108
0.00614508
0.00607874
0.00601177
0.00594417
0.00587597
0.00580716
0.00573776
0.00566776
0.00559718
0.00552602
0.0054543
0.00538202
0.00530918
0.0052358
0.00516188
0.00508743
0.00501245
0.00493697
0.00486098
0.00478449
0.00470751
0.00463006
0.00455213
0.00447373
0.00439488
0.00431558
0.00423585
0.00415568
0.0040751
0.0039941
0.0039127
0.00383091
0.00374873
0.00366618
0.00358326
0.00349998
0.00341635
0.00333239
0.0032481
0.00316348
0.00307856
0.00299334
0.00290782
0.00282203
0.00273596
0.00264964
0.00256306
0.00247624
0.00238919
0.00230191
0.00221443
0.00212674
0.00203887
0.00195081
0.00186259
0.0017742
0.00168566
0.00159699
0.00150819
0.00141927
0.00133024
0.00124112
0.00115191
0.00106262
0.000973273
0.000883871
0.000794427
0.00070495
0.000615454
0.000525947
0.000436442
0.00034695
0.000257481
0.000168047
7.86583e-05
-1.06729e-05
-9.99356e-05
-0.000189119
-0.000278211
-0.000367201
-0.000456077
-0.000544829
-0.000633443
-0.00072191
-0.000810218
-0.000898355
-0.000986309
-0.00107407
-0.00116162
-0.00124896
-0.00133607
-0.00142294
-0.00150956
-0.00159591
-0.00168199
-0.00176778
-0.00185327
-0.00193845
-0.00202331
-0.00210784
-0.00219202
-0.00227584
-0.00235929
-0.00244236
-0.00252504
-0.00260732
-0.00268917
-0.0027706
-0.00285159
-0.00293213
-0.0030122
-0.0030918
-0.00317091
-0.00324952
-0.00332762
-0.0034052
-0.00348224
-0.00355873
-0.00363467
-0.00371004
-0.00378482
-0.00385901
-0.0039326
-0.00400556
-0.0040779
-0.0041496
-0.00422064
-0.00429102
-0.00436072
-0.00442974
-0.00449806
-0.00456566
-0.00463254
-0.00469869
-0.00476409
-0.00482873
-0.00489261
-0.0049557
-0.005018
-0.0050795
-0.00514018
-0.00520003
-0.00525905
-0.00531721
-0.00537452
-0.00543095
-0.0054865
-0.00554115
-0.0055949
-0.00564773
-0.00569963
-0.0057506
-0.00580061
-0.00584966
-0.00589773
-0.00594482
-0.00599092
-0.00603601
-0.00608009
-0.00612313
-0.00616514
-0.0062061
-0.006246
-0.00628483
-0.00632258
-0.00635924
-0.00639479
-0.00642923
-0.00646255
-0.00649474
-0.00652578
-0.00655567
-0.00658439
-0.00661194
-0.00663831
-0.00666348
-0.00668745
-0.0067102
-0.00673173
-0.00675202
-0.00677107
-0.00678887
-0.00680541
-0.00682067
-0.00683465
-0.00684734
-0.00685872
-0.0068688
-0.00687756
-0.00688499
-0.00689108
-0.00689583
-0.00689922
-0.00690124
-0.00690189
-0.00690116
-0.00689904
-0.00689552
-0.00689059
-0.00688425
-0.00687648
-0.00686727
-0.00685663
-0.00684454
-0.00683099
-0.00681597
-0.00679948
-0.00678151
-0.00676205
-0.00674109
-0.00671863
-0.00669466
-0.00666916
-0.00664215
-0.00661359
-0.0065835
-0.00655186
-0.00651866
-0.0064839
-0.00644757
-0.00640967
-0.00637018
-0.00632911
-0.00628644
-0.00624217
-0.00619629
-0.00614879
-0.00609968
-0.00604894
-0.00599657
-0.00594256
-0.00588691
-0.0058296
-0.00577064
-0.00571003
-0.00564774
-0.00558379
-0.00551816
-0.00545084
-0.00538185
-0.00531116
-0.00523877
-0.00516469
-0.0050889
-0.0050114
-0.00493218
-0.00485125
-0.0047686
-0.00468422
-0.00459811
-0.00451026
-0.00442068
-0.00432936
-0.00423629
-0.00414147
-0.0040449
-0.00394658
-0.0038465
-0.00374466
-0.00364105
-0.00353568
-0.00342853
-0.00331962
-0.00320893
-0.00309646
-0.00298221
-0.00286619
-0.00274838
-0.00262878
-0.0025074
-0.00238422
-0.00225926
-0.0021325
-0.00200395
-0.00187361
-0.00174147
-0.00160753
-0.0014718
-0.00133426
-0.00119493
-0.0010538
-0.000910863
-0.000766127
-0.000619589
-0.00047125
-0.000321109
-0.000169166
-1.54216e-05
0.000140124
0.000297471
0.000456619
0.000617566
0.000780313
0.000944858
0.0011112
0.00127934
0.00144928
0.001621
0.00179453
0.00196984
0.00214694
0.00232583
0.00250651
0.00268897
0.00287321
0.00305924
0.00324704
0.00343662
0.00362797
0.00382109
0.00401598
0.00421263
0.00441105
0.00461122
0.00481315
0.00501684
0.00522227
0.00542945
0.00563837
0.00584903
0.00606143
0.00627555
0.00649141
0.00670898
0.00692828
0.00714929
0.00737201
0.00759643
0.00782256
0.00805038
0.00827989
0.00851109
0.00874397
0.00897853
0.00921475
0.00945265
0.0096922
0.00993341
0.0101763
0.0104208
0.0106669
0.0109147
0.0111641
0.0114151
0.0116677
0.0119219
0.0121777
0.0124352
0.0126942
0.0129547
0.0132169
0.0134806
0.0137459
0.0140127
0.0142811
0.014551
0.0148225
0.0150954
0.0153699
0.0156459
0.0159234
0.0162024
0.0164828
0.0167647
0.0170481
0.017333
0.0176193
0.017907
0.0181962
0.0184868
0.0187788
0.0190722
0.0193671
0.0196633
0.0199608
0.0202598
0.0205601
0.0208618
0.0211648
0.0214691
0.0217748
0.0220817
0.02239
0.0226996
0.0230104
0.0233226
0.023636
0.0239506
0.0242665
0.0245836
0.0249019
0.0252215
0.0255422
0.0258642
0.0261873
0.0265116
0.026837
0.0271636
0.0274914
0.0278202
0.0281502
0.0284813
0.0288135
0.0291467
0.029481
0.0298164
0.0301528
0.0304903
0.0308288
0.0311683
0.0315087
0.0318502
0.0321927
0.0325361
0.0328805
0.0332258
0.033572
0.0339192
0.0342673
0.0346162
0.0349661
0.0353168
0.0356683
0.0360207
0.036374
0.036728
0.0370829
0.0374385
0.037795
0.0381521
0.0385101
0.0388688
0.0392282
0.0395883
0.0399492
0.0403107
0.0406729
0.0410358
0.0413993
0.0417635
0.0421283
0.0424937
0.0428597
0.0432263
0.0435934
0.0439611
0.0443294
0.0446982
0.0450675
0.0454373
0.0458076
0.0461784
0.0465497
0.0469214
0.0472935
0.0476661
0.0480391
0.0484125
0.0487863
0.0491604
0.0495349
0.0499097
0.0502849
0.0506604
0.0510362
0.0514123
0.0517886
0.0521653
0.0525421
0.0529192
0.0532965
0.0536741
0.0540518
0.0544297
0.0548078
0.055186
0.0555644
0.0559429
0.0563215
0.0567002
0.0570789
0.0574578
0.0578367
0.0582157
0.0585947
0.0589737
0.0593527
0.0597316
0.0601106
0.0604895
0.0608684
0.0612472
0.061626
0.0620046
0.0623831
0.0627615
0.0631398
0.063518
0.0638959
0.0642737
0.0646513
0.0650287
0.0654059
0.0657829
0.0661596
0.0665361
0.0669123
0.0672882
0.0676639
0.0680392
0.0684142
0.0687889
0.0691632
0.0695372
0.0699108
0.070284
0.0706568
0.0710292
0.0714012
0.0717727
0.0721438
0.0725144
0.0728846
0.0732542
0.0736234
0.073992
0.0743602
0.0747277
0.0750948
0.0754612
0.0758271
0.0761924
0.0765572
0.0769213
0.0772847
0.0776476
0.0780097
0.0783713
0.0787321
0.0790923
0.0794517
0.0798105
0.0801685
0.0805259
0.0808824
0.0812382
0.0815933
0.0819475
0.082301
0.0826537
0.0830055
0.0833566
0.0837068
0.0840561
0.0844046
0.0847523
0.085099
0.0854449
0.0857898
0.0861339
0.086477
0.0868192
0.0871605
0.0875008
0.0878401
0.0881785
0.0885158
0.0888522
0.0891876
0.089522
0.0898553
0.0901876
0.0905189
0.0908491
0.0911782
0.0915063
0.0918333
0.0921592
0.0924839
0.0928076
0.0931302
0.0934516
0.0937719
0.0940911
0.094409
0.0947259
0.0950415
0.095356
0.0956693
0.0959813
0.0962922
0.0966019
0.0969103
0.0972175
0.0975234
0.0978281
0.0981316
0.0984338
0.0987347
0.0990343
0.0993327
0.0996297
0.0999255
0.10022
0.100513
0.100805
0.101095
0.101384
0.101672
0.101959
0.102244
0.102527
0.10281
0.103091
0.10337
0.103649
0.103925
0.104201
0.104475
0.104747
0.105018
0.105288
0.105556
0.105823
0.106089
0.106353
0.106615
0.106876
0.107136
0.107394
0.107651
0.107906
0.108159
0.108412
0.108662
0.108912
0.109159
0.109405
0.10965
0.109893
0.110135
0.110375
0.110614
0.110851
0.111086
0.11132
0.111553
0.111784
0.112013
0.112241
0.112467
0.112692
0.112915
0.113137
0.113357
0.113576
0.113792
0.114008
0.114222
0.114434
0.114644
0.114853
0.115061
0.115267
0.115471
0.115674
0.115875
0.116074
0.116272
0.116469
0.116663
0.116857
0.117048
0.117238
0.117426
0.117613
0.117798
0.117982
0.118164
0.118344
0.118523
0.1187
0.118876
0.119049
0.119222
0.119393
0.119562
0.119729
0.119895
0.120059
0.120222
0.120383
0.120543
0.120701
0.120857
0.121012
0.121165
0.121316
0.121466
0.121614
0.121761
0.121906
0.12205
0.122192
0.122332
0.122471
0.122608
0.122744
0.122878
0.12301
0.123141
0.12327
0.123398
0.123524
0.123648
0.123771
0.123893
0.124013
0.124131
0.124248
0.124363
0.124477
0.124589
0.124699
0.124808
0.124916
0.125021
0.125126
0.125229
0.12533
0.12543
0.125528
0.125625
0.12572
0.125814
0.125906
0.125996
0.126086
0.126173
0.126259
0.126344
0.126427
0.126509
0.126589
0.126668
0.126745
0.126821
0.126896
0.126968
0.12704
0.12711
0.127178
0.127246
0.127311
0.127375
0.127438
0.1275
0.12756
0.127618
0.127675
0.127731
0.127785
0.127838
0.12789
0.12794
0.127989
0.128036
0.128082
0.128127
0.12817
0.128212
0.128253
0.128292
0.12833
0.128366
0.128402
0.128435
0.128468
0.128499
0.128529
0.128558
0.128585
0.128611
0.128636
0.12866
0.128682
0.128703
0.128722
0.128741
0.128758
0.128774
0.128789
0.128802
0.128814
0.128825
0.128835
0.128843
0.128851
0.128857
0.128862
0.128865
0.128868
0.128869
0.128869
0.128868
0.128866
0.128863
0.128858
0.128853
0.128846
0.128838
0.128829
0.128819
0.128808
0.128795
0.128782
0.128767
0.128751
0.128735
0.128717
0.128698
0.128678
0.128657
0.128634
0.128611
0.128587
0.128562
0.128535
0.128508
0.128479
0.12845
0.12842
0.128388
0.128356
0.128322
0.128288
0.128252
0.128216
0.128178
0.12814
0.1281
0.12806
0.128019
0.127977
0.127933
0.127889
0.127844
0.127798
0.127751
0.127703
0.127655
0.127605
0.127554
0.127503
0.127451
0.127397
0.127343
0.127288
0.127232
0.127175
0.127118
0.127059
0.127
0.12694
0.126879
0.126817
0.126754
0.126691
0.126626
0.126561
0.126495
0.126428
0.126361
0.126292
0.126223
0.126153
0.126082
0.12601
0.125938
0.125865
0.125791
0.125716
0.125641
0.125564
0.125487
0.12541
0.125331
0.125252
0.125172
0.125091
0.12501
0.124928
0.124845
0.124761
0.124677
0.124591
0.124506
0.124419
0.124332
0.124244
0.124155
0.124066
0.123976
0.123885
0.123794
0.123702
0.123609
0.123516
0.123421
0.123327
0.123231
0.123135
0.123038
0.122941
0.122843
0.122744
0.122644
0.122544
0.122443
0.122342
0.12224
0.122137
0.122034
0.12193
0.121825
0.12172
0.121614
0.121507
0.1214
0.121292
0.121184
0.121075
0.120965
0.120855
0.120744
0.120632
0.12052
0.120407
0.120294
0.12018
0.120065
0.11995
0.119834
0.119717
0.1196
0.119483
0.119364
0.119245
0.119126
0.119005
0.118885
0.118763
0.118641
0.118518
0.118395
0.118271
0.118147
0.118022
0.117896
0.11777
0.117643
0.117515
0.117387
0.117258
0.117129
0.116999
0.116868
0.116737
0.116605
0.116473
0.11634
0.116206
0.116072
0.115937
0.115801
0.115665
0.115528
0.115391
0.115253
0.115114
0.114975
0.114835
0.114694
0.114553
0.114411
0.114269
0.114126
0.113982
0.113838
0.113693
0.113547
0.113401
0.113254
0.113106
0.112958
0.112809
0.112659
0.112509
0.112358
0.112207
0.112054
0.111902
0.111748
0.111594
0.111439
0.111283
0.111127
0.11097
0.110813
0.110654
0.110495
0.110335
0.110175
0.110014
0.109852
0.10969
0.109527
0.109363
0.109198
0.109033
0.108867
0.1087
0.108532
0.108364
0.108195
0.108025
0.107855
0.107684
0.107512
0.107339
0.107165
0.106991
0.106816
0.106641
0.106464
0.106287
0.106109
0.10593
0.10575
0.10557
0.105389
0.105207
0.105024
0.10484
0.104656
0.104471
0.104285
0.104098
0.10391
0.103722
0.103532
0.103342
0.103151
0.102959
0.102767
0.102573
0.102379
0.102183
0.101987
0.10179
0.101593
0.101394
0.101194
0.100994
0.100792
0.10059
0.100387
0.100183
0.0999781
0.0997722
0.0995655
0.0993578
0.0991492
0.0989397
0.0987292
0.0985179
0.0983055
0.0980923
0.0978781
0.0976629
0.0974468
0.0972298
0.0970117
0.0967928
0.0965728
0.0963519
0.09613
0.0959071
0.0956832
0.0954583
0.0952325
0.0950056
0.0947778
0.0945489
0.094319
0.0940882
0.0938563
0.0936233
0.0933894
0.0931544
0.0929184
0.0926813
0.0924432
0.0922041
0.0919639
0.0917227
0.0914804
0.091237
0.0909926
0.0907471
0.0905006
0.090253
0.0900043
0.0897545
0.0895036
0.0892516
0.0889986
0.0887445
0.0884892
0.0882329
0.0879754
0.0877169
0.0874572
0.0871964
0.0869345
0.0866715
0.0864073
0.0861421
0.0858757
0.0856081
0.0853395
0.0850697
0.0847987
0.0845266
0.0842534
0.083979
0.0837035
0.0834268
0.083149
0.08287
0.0825898
0.0823085
0.082026
0.0817423
0.0814575
0.0811715
0.0808843
0.080596
0.0803064
0.0800157
0.0797238
0.0794308
0.0791365
0.0788411
0.0785444
0.0782466
0.0779476
0.0776474
0.077346
0.0770434
0.0767396
0.0764347
0.0761285
0.0758211
0.0755125
0.0752027
0.0748918
0.0745796
0.0742662
0.0739516
0.0736358
0.0733188
0.0730007
0.0726813
0.0723607
0.0720388
0.0717158
0.0713916
0.0710662
0.0707396
0.0704118
0.0700827
0.0697525
0.0694211
0.0690884
0.0687546
0.0684196
0.0680833
0.0677459
0.0674073
0.0670674
0.0667264
0.0663842
0.0660408
0.0656962
0.0653504
0.0650035
0.0646553
0.064306
0.0639555
0.0636038
0.0632509
0.0628968
0.0625416
0.0621852
0.0618277
0.0614689
0.061109
0.060748
0.0603858
0.0600224
0.0596579
0.0592922
0.0589254
0.0585574
0.0581884
0.0578181
0.0574468
0.0570743
0.0567007
0.0563259
0.0559501
0.0555731
0.055195
0.0548158
0.0544356
0.0540542
0.0536717
0.0532882
0.0529035
0.0525178
0.052131
0.0517432
0.0513542
0.0509643
0.0505732
0.0501811
0.049788
0.0493939
0.0489987
0.0486025
0.0482052
0.047807
0.0474077
0.0470075
0.0466062
0.046204
0.0458008
0.0453966
0.0449914
0.0445853
0.0441782
0.0437701
0.0433611
0.0429512
0.0425404
0.0421286
0.0417159
0.0413023
0.0408879
0.0404725
0.0400562
0.0396391
0.0392211
0.0388022
0.0383825
0.0379619
0.0375405
0.0371183
0.0366952
0.0362714
0.0358467
0.0354212
0.034995
0.034568
0.0341402
0.0337116
0.0332823
0.0328523
0.0324215
0.03199
0.0315578
0.0311249
0.0306913
0.0302571
0.0298221
0.0293865
0.0289502
0.0285133
0.0280758
0.0276376
0.0271988
0.0267594
0.0263195
0.0258789
0.0254378
0.0249961
0.0245538
0.024111
0.0236677
0.0232239
0.0227796
0.0223348
0.0218894
0.0214437
0.0209974
0.0205507
0.0201036
0.019656
0.0192081
0.0187597
0.0183109
0.0178618
0.0174122
0.0169624
0.0165122
0.0160616
0.0156107
0.0151596
0.0147081
0.0142563
0.0138043
0.013352
0.0128995
0.0124467
0.0119938
0.0115406
0.0110872
0.0106336
0.0101799
0.009726
0.00927197
0.0088178
0.00836352
0.00790913
0.00745466
0.0070001
0.00654548
0.00609081
0.00563611
0.00518137
0.00472663
0.00427189
0.00381716
0.00336247
0.00290781
0.00245322
0.00199869
0.00154425
0.0010899
0.000635667
0.000181559
-0.000272411
-0.000726228
-0.00117988
-0.00163335
-0.00208662
-0.00253969
-0.00299254
-0.00344514
-0.0038975
-0.0043496
-0.00480141
-0.00525293
-0.00570415
-0.00615504
-0.00660561
-0.00705582
-0.00750567
-0.00795514
-0.00840422
-0.00885289
-0.00930114
-0.00974896
-0.0101963
-0.0106432
-0.0110897
-0.0115356
-0.0119811
-0.012426
-0.0128704
-0.0133142
-0.0137575
-0.0142002
-0.0146423
-0.0150838
-0.0155247
-0.0159649
-0.0164045
-0.0168435
-0.0172818
-0.0177193
-0.0181562
-0.0185924
-0.0190278
-0.0194625
-0.0198964
-0.0203296
-0.020762
-0.0211935
-0.0216243
-0.0220542
-0.0224833
-0.0229115
-0.0233389
-0.0237653
-0.0241909
-0.0246156
-0.0250393
-0.0254621
-0.025884
-0.0263049
-0.0267248
-0.0271437
-0.0275616
-0.0279785
-0.0283943
-0.0288091
-0.0292229
-0.0296356
-0.0300472
-0.0304577
-0.0308671
-0.0312754
-0.0316825
-0.0320885
-0.0324933
-0.0328969
-0.0332994
-0.0337007
-0.0341007
-0.0344996
-0.0348972
-0.0352935
-0.0356886
-0.0360824
-0.036475
-0.0368662
-0.0372561
-0.0376447
-0.038032
-0.0384179
-0.0388025
-0.0391857
-0.0395676
-0.039948
-0.0403271
-0.0407047
-0.041081
-0.0414558
-0.0418291
-0.042201
-0.0425714
-0.0429404
-0.0433079
-0.0436738
-0.0440383
-0.0444013
-0.0447627
-0.0451226
-0.045481
-0.0458378
-0.046193
-0.0465467
-0.0468988
-0.0472493
-0.0475982
-0.0479454
-0.0482911
-0.0486352
-0.0489776
-0.0493183
-0.0496574
-0.0499949
-0.0503307
-0.0506648
-0.0509972
-0.0513279
-0.051657
-0.0519843
-0.0523099
-0.0526338
-0.0529559
-0.0532764
-0.0535951
-0.053912
-0.0542272
-0.0545406
-0.0548523
-0.0551621
-0.0554702
-0.0557766
-0.0560811
-0.0563838
-0.0566848
-0.0569839
-0.0572812
-0.0575767
-0.0578704
-0.0581622
-0.0584523
-0.0587404
-0.0590268
-0.0593113
-0.059594
-0.0598748
-0.0601537
-0.0604309
-0.0607061
-0.0609795
-0.061251
-0.0615207
-0.0617884
-0.0620543
-0.0623184
-0.0625805
-0.0628408
-0.0630992
-0.0633557
-0.0636104
-0.0638631
-0.064114
-0.064363
-0.0646101
-0.0648553
-0.0650986
-0.06534
-0.0655796
-0.0658173
-0.066053
-0.0662869
-0.0665189
-0.0667491
-0.0669773
-0.0672037
-0.0674282
-0.0676508
-0.0678715
-0.0680903
-0.0683073
-0.0685224
-0.0687357
-0.0689471
-0.0691566
-0.0693643
-0.0695701
-0.0697741
-0.0699762
-0.0701765
-0.0703749
-0.0705715
-0.0707663
-0.0709592
-0.0711504
-0.0713397
-0.0715272
-0.0717129
-0.0718968
-0.072079
-0.0722593
-0.0724378
-0.0726146
-0.0727896
-0.0729629
-0.0731344
-0.0733041
-0.0734722
-0.0736385
-0.073803
-0.0739659
-0.074127
-0.0742865
-0.0744442
-0.0746003
-0.0747547
-0.0749075
-0.0750586
-0.075208
-0.0753558
-0.075502
-0.0756466
-0.0757896
-0.075931
-0.0760708
-0.076209
-0.0763457
-0.0764808
-0.0766144
-0.0767465
-0.0768771
-0.0770061
-0.0771337
-0.0772598
-0.0773844
-0.0775076
-0.0776293
-0.0777496
-0.0778686
-0.0779861
-0.0781022
-0.078217
-0.0783304
-0.0784424
-0.0785532
-0.0786626
-0.0787708
-0.0788776
-0.0789832
-0.0790876
-0.0791907
-0.0792926
-0.0793933
-0.0794928
-0.0795911
-0.0796883
-0.0797844
-0.0798793
-0.0799732
-0.0800659
-0.0801576
-0.0802483
-0.0803379
-0.0804265
-0.0805141
-0.0806007
-0.0806864
-0.0807712
-0.080855
-0.0809379
-0.08102
-0.0811012
-0.0811815
-0.0812611
-0.0813398
-0.0814177
-0.0814949
-0.0815714
-0.0816471
-0.0817222
-0.0817966
-0.0818703
-0.0819434
-0.0820158
-0.0820877
-0.082159
-0.0822298
-0.0823001
-0.0823698
-0.0824391
-0.0825079
-0.0825763
-0.0826442
-0.0827118
-0.0827791
-0.082846
-0.0829125
-0.0829788
-0.0830448
-0.0831106
-0.0831761
-0.0832415
-0.0833067
-0.0833717
-0.0834366
-0.0835014
-0.0835662
-0.0836309
-0.0836956
-0.0837603
-0.083825
-0.0838898
-0.0839546
-0.0840196
-0.0840847
-0.0841499
-0.0842154
-0.084281
-0.0843469
-0.0844131
-0.0844795
-0.0845463
-0.0846134
-0.0846809
-0.0847488
-0.0848172
-0.0848859
-0.0849552
-0.085025
-0.0850953
-0.0851662
-0.0852377
-0.0853098
-0.0853825
-0.085456
-0.0855301
-0.085605
-0.0856806
-0.0857571
-0.0858343
-0.0859124
-0.0859914
-0.0860713
-0.0861522
-0.086234
-0.0863168
-0.0864006
-0.0864855
-0.0865714
-0.0866585
-0.0867467
-0.0868361
-0.0869267
-0.0870185
-0.0871116
-0.087206
-0.0873017
-0.0873987
-0.0874972
-0.087597
-0.0876983
-0.087801
-0.0879053
-0.0880111
-0.0881184
-0.0882273
-0.0883379
-0.0884501
-0.088564
-0.0886796
-0.088797
-0.0889161
-0.089037
-0.0891598
-0.0892844
-0.0894109
-0.0895394
-0.0896698
-0.0898022
-0.0899366
-0.090073
-0.0902115
-0.0903522
-0.090495
-0.0906399
-0.0907871
-0.0909364
-0.0910881
-0.091242
-0.0913983
-0.0915569
-0.0917178
-0.0918812
-0.0920471
-0.0922154
-0.0923862
-0.0925596
-0.0927355
-0.092914
-0.0930951
-0.0932789
-0.0934654
-0.0936546
-0.0938465
-0.0940412
-0.0942387
-0.0944391
-0.0946423
-0.0948484
-0.0950574
-0.0952694
-0.0954844
-0.0957023
-0.0959234
-0.0961474
-0.0963746
-0.0966049
-0.0968384
-0.0970751
-0.0973149
-0.097558
-0.0978044
-0.0980541
-0.0983071
-0.0985635
-0.0988233
-0.0990865
-0.0993531
-0.0996232
-0.0998968
-0.100174
-0.100455
-0.100739
-0.101027
-0.101318
-0.101613
-0.101912
-0.102215
-0.102521
-0.102831
-0.103145
-0.103463
-0.103784
-0.10411
-0.104439
-0.104773
-0.10511
-0.105451
-0.105796
-0.106146
-0.106499
-0.106856
-0.107218
-0.107583
-0.107953
-0.108327
-0.108705
-0.109088
-0.109475
-0.109866
-0.110261
-0.11066
-0.111064
-0.111473
-0.111885
-0.112302
-0.112724
-0.11315
-0.11358
-0.114015
-0.114455
-0.114899
-0.115348
-0.115801
-0.116259
-0.116721
-0.117188
-0.11766
-0.118137
-0.118618
-0.119104
-0.119595
-0.12009
-0.12059
-0.121095
-0.121605
-0.12212
-0.12264
-0.123164
-0.123694
-0.124228
-0.124767
-0.125311
-0.12586
-0.126415
-0.126974
-0.127538
-0.128107
-0.128681
-0.129261
-0.129845
-0.130435
-0.131029
-0.131629
-0.132234
-0.132844
-0.133459
-0.134079
-0.134705
-0.135336
-0.135972
-0.136613
-0.137259
-0.137911
-0.138568
-0.13923
-0.139898
-0.140571
-0.141249
-0.141932
-0.142621
-0.143315
-0.144014
-0.144719
-0.145429
-0.146145
-0.146866
-0.147592
-0.148324
-0.149061
-0.149803
-0.150551
-0.151304
-0.152063
-0.152827
-0.153597
-0.154372
-0.155152
-0.155938
-0.15673
-0.157527
-0.158329
-0.159137
-0.15995
-0.160769
-0.161593
-0.162423
-0.163258
-0.164098
-0.164944
-0.165796
-0.166653
-0.167516
-0.168384
-0.169257
-0.170136
-0.171021
-0.171911
-0.172806
-0.173707
-0.174613
-0.175525
-0.176442
-0.177365
-0.178293
-0.179227
-0.180166
-0.181111
-0.182061
-0.183016
-0.183977
-0.184943
-0.185915
-0.186892
-0.187874
-0.188862
-0.189856
-0.190854
-0.191858
-0.192868
-0.193882
-0.194902
-0.195928
-0.196959
-0.197995
-0.199036
-0.200083
-0.201135
-0.202192
-0.203254
-0.204322
-0.205395
-0.206473
-0.207556
-0.208645
-0.209738
-0.210837
-0.211941
-0.21305
-0.214165
-0.215284
-0.216408
-0.217538
-0.218673
-0.219812
-0.220957
-0.222106
-0.223261
-0.224421
-0.225585
-0.226754
-0.227929
-0.229108
-0.230292
-0.231481
-0.232675
-0.233873
-0.235077
-0.236285
-0.237498
-0.238715
-0.239938
-0.241164
-0.242396
-0.243632
-0.244873
-0.246118
-0.247368
-0.248623
-0.249882
-0.251145
-0.252413
-0.253685
-0.254962
-0.256243
-0.257529
-0.258818
-0.260113
-0.261411
-0.262713
-0.26402
-0.265331
-0.266646
-0.267965
-0.269289
-0.270616
-0.271947
-0.273283
-0.274622
-0.275965
-0.277312
-0.278663
-0.280018
-0.281377
-0.282739
-0.284105
-0.285475
-0.286849
-0.288226
-0.289607
-0.290991
-0.292379
-0.29377
-0.295165
-0.296563
-0.297965
-0.29937
-0.300778
-0.30219
-0.303605
-0.305023
-0.306444
-0.307868
-0.309296
-0.310726
-0.31216
-0.313596
-0.315036
-0.316478
-0.317923
-0.319371
-0.320822
-0.322276
-0.323732
-0.325191
-0.326652
-0.328116
-0.329583
-0.331052
-0.332524
-0.333998
-0.335474
-0.336953
-0.338433
-0.339917
-0.341402
-0.342889
-0.344379
-0.345871
-0.347364
-0.34886
-0.350358
-0.351857
-0.353358
-0.354861
-0.356366
-0.357873
-0.359381
-0.360891
-0.362402
-0.363915
-0.365429
-0.366945
-0.368462
-0.369981
-0.3715
-0.373021
-0.374544
-0.376067
-0.377591
-0.379117
-0.380643
-0.38217
-0.383699
-0.385228
-0.386758
-0.388288
-0.389819
-0.391351
-0.392884
-0.394417
-0.395951
-0.397485
-0.399019
-0.400554
-0.402089
-0.403625
-0.40516
-0.406696
-0.408232
-0.409767
-0.411303
-0.412839
-0.414375
-0.41591
-0.417445
-0.41898
-0.420515
-0.42205
-0.423583
-0.425117
-0.42665
-0.428182
-0.429714
-0.431245
-0.432775
-0.434305
-0.435833
-0.437361
-0.438888
-0.440414
-0.441939
-0.443462
-0.444985
-0.446506
-0.448026
-0.449545
-0.451063
-0.452579
-0.454093
-0.455606
-0.457117
-0.458627
-0.460135
-0.461642
-0.463146
-0.464649
-0.46615
-0.467649
-0.469146
-0.47064
-0.472133
-0.473624
-0.475112
-0.476598
-0.478082
-0.479563
-0.481042
-0.482519
-0.483992
-0.485464
-0.486933
-0.488399
-0.489862
-0.491322
-0.49278
-0.494235
-0.495686
-0.497135
-0.498581
-0.500023
-0.501463
-0.502899
-0.504332
-0.505761
-0.507188
-0.50861
-0.51003
-0.511445
-0.512858
-0.514266
-0.515671
-0.517072
-0.518469
-0.519863
-0.521252
-0.522638
-0.52402
-0.525397
-0.526771
-0.52814
-0.529505
-0.530866
-0.532223
-0.533575
-0.534923
-0.536267
-0.537605
-0.53894
-0.54027
-0.541595
-0.542915
-0.544231
-0.545542
-0.546848
-0.548149
-0.549445
-0.550736
-0.552023
-0.553304
-0.55458
-0.555851
-0.557116
-0.558376
-0.559631
-0.560881
-0.562125
-0.563364
-0.564597
-0.565825
-0.567047
-0.568264
-0.569474
-0.570679
-0.571879
-0.573072
-0.57426
-0.575441
-0.576617
-0.577787
-0.57895
-0.580108
-0.581259
-0.582405
-0.583544
-0.584676
-0.585803
-0.586923
-0.588037
-0.589144
-0.590245
-0.591339
-0.592427
-0.593508
-0.594583
-0.595651
-0.596712
-0.597767
-0.598814
-0.599855
-0.600889
-0.601916
-0.602936
-0.60395
-0.604956
-0.605955
-0.606947
-0.607932
-0.60891
-0.60988
-0.610843
-0.6118
-0.612748
-0.61369
-0.614624
-0.61555
-0.61647
-0.617381
-0.618285
-0.619182
-0.620071
-0.620953
-0.621827
-0.622693
-0.623551
-0.624402
-0.625245
-0.62608
-0.626908
-0.627727
-0.628539
-0.629343
-0.630138
-0.630926
-0.631706
-0.632478
-0.633242
-0.633998
-0.634745
-0.635485
-0.636216
-0.636939
-0.637654
-0.638361
-0.639059
-0.639749
-0.640431
-0.641105
-0.64177
-0.642427
-0.643075
-0.643715
-0.644347
-0.64497
-0.645585
-0.646191
-0.646789
-0.647378
-0.647958
-0.64853
-0.649094
-0.649649
-0.650195
-0.650732
-0.651261
-0.651781
-0.652293
-0.652795
-0.653289
-0.653775
-0.654251
-0.654719
-0.655178
-0.655628
-0.656069
-0.656502
-0.656925
-0.65734
-0.657746
-0.658143
-0.658531
-0.658911
-0.659281
-0.659643
-0.659995
-0.660339
-0.660673
-0.660999
-0.661316
-0.661624
-0.661923
-0.662212
-0.662493
-0.662765
-0.663028
-0.663282
-0.663527
-0.663763
-0.663989
-0.664207
-0.664416
-0.664616
-0.664806
-0.664988
-0.665161
-0.665325
-0.665479
-0.665625
-0.665761
-0.665889
-0.666007
-0.666117
-0.666217
-0.666309
-0.666391
-0.666465
-0.666529
-0.666584
-0.666631
-0.666668
-0.666696
-0.666716
-0.666726
-0.666728
-0.66672
-0.666704
-0.666678
-0.666644
-0.6666
-0.666548
-0.666487
-0.666416
-0.666337
-0.666249
-0.666153
-0.666047
-0.665932
-0.665809
-0.665676
-0.665535
-0.665385
-0.665227
-0.665059
-0.664883
-0.664698
-0.664504
-0.664301
-0.66409
-0.66387
-0.663641
-0.663404
-0.663158
-0.662903
-0.66264
-0.662368
-0.662088
-0.661799
-0.661501
-0.661195
-0.66088
-0.660557
-0.660226
-0.659886
-0.659537
-0.65918
-0.658815
-0.658442
-0.65806
-0.65767
-0.657271
-0.656864
-0.656449
-0.656026
-0.655595
-0.655155
-0.654707
-0.654251
-0.653787
-0.653315
-0.652835
-0.652347
-0.651851
-0.651347
-0.650835
-0.650315
-0.649787
-0.649252
-0.648708
-0.648157
-0.647598
-0.647031
-0.646457
-0.645875
-0.645285
-0.644688
-0.644083
-0.64347
-0.64285
-0.642223
-0.641588
-0.640946
-0.640296
-0.639639
-0.638975
-0.638303
-0.637624
-0.636938
-0.636245
-0.635544
-0.634837
-0.634122
-0.6334
-0.632672
-0.631936
-0.631194
-0.630444
-0.629688
-0.628925
-0.628155
-0.627378
-0.626595
-0.625805
-0.625009
-0.624205
-0.623396
-0.62258
-0.621757
-0.620928
-0.620092
-0.61925
-0.618402
-0.617548
-0.616687
-0.61582
-0.614947
-0.614068
-0.613183
-0.612292
-0.611395
-0.610492
-0.609583
-0.608668
-0.607747
-0.606821
-0.605889
-0.604951
-0.604007
-0.603058
-0.602104
-0.601144
-0.600178
-0.599207
-0.598231
-0.597249
-0.596262
-0.59527
-0.594273
-0.59327
-0.592262
-0.59125
-0.590232
-0.589209
-0.588182
-0.587149
-0.586112
-0.58507
-0.584023
-0.582972
-0.581916
-0.580855
-0.57979
-0.57872
-0.577646
-0.576567
-0.575484
-0.574397
-0.573305
-0.572209
-0.571109
-0.570005
-0.568897
-0.567785
-0.566669
-0.565549
-0.564425
-0.563297
-0.562165
-0.56103
-0.559891
-0.558748
-0.557602
-0.556452
-0.555299
-0.554142
-0.552982
-0.551818
-0.550651
-0.549481
-0.548308
-0.547131
-0.545952
-0.544769
-0.543583
-0.542395
-0.541203
-0.540009
-0.538812
-0.537612
-0.536409
-0.535204
-0.533995
-0.532785
-0.531572
-0.530356
-0.529138
-0.527918
-0.526695
-0.52547
-0.524243
-0.523013
-0.521781
-0.520548
-0.519312
-0.518074
-0.516835
-0.515593
-0.51435
-0.513104
-0.511857
-0.510609
-0.509358
-0.508106
-0.506853
-0.505598
-0.504341
-0.503083
-0.501824
-0.500563
-0.499301
-0.498038
-0.496774
-0.495508
-0.494242
-0.492974
-0.491705
-0.490436
-0.489165
-0.487894
-0.486622
-0.485349
-0.484075
-0.482801
-0.481526
-0.48025
-0.478974
-0.477698
-0.476421
-0.475143
-0.473865
-0.472587
-0.471309
-0.47003
-0.468752
-0.467473
-0.466194
-0.464915
-0.463636
-0.462357
-0.461078
-0.459799
-0.45852
-0.457242
-0.455964
-0.454686
-0.453409
-0.452131
-0.450855
-0.449578
-0.448303
-0.447028
-0.445753
-0.444479
-0.443206
-0.441933
-0.440661
-0.43939
-0.43812
-0.436851
-0.435583
-0.434315
-0.433049
-0.431783
-0.430519
-0.429256
-0.427994
-0.426733
-0.425473
-0.424215
-0.422958
-0.421702
-0.420447
-0.419195
-0.417943
-0.416693
-0.415444
-0.414198
-0.412952
-0.411708
-0.410466
-0.409226
-0.407987
-0.406751
-0.405516
-0.404282
-0.403051
-0.401822
-0.400594
-0.399369
-0.398145
-0.396924
-0.395704
-0.394487
-0.393272
-0.392059
-0.390848
-0.389639
-0.388433
-0.387229
-0.386027
-0.384828
-0.383631
-0.382436
-0.381244
-0.380054
-0.378867
-0.377683
-0.376501
-0.375321
-0.374144
-0.37297
-0.371798
-0.370629
-0.369463
-0.3683
-0.367139
-0.365981
-0.364826
-0.363674
-0.362524
-0.361378
-0.360234
-0.359093
-0.357956
-0.356821
-0.355689
-0.354561
-0.353435
-0.352313
-0.351193
-0.350077
-0.348964
-0.347854
-0.346747
-0.345643
-0.344543
-0.343446
-0.342352
-0.341261
-0.340174
-0.33909
-0.338009
-0.336932
-0.335858
-0.334787
-0.33372
-0.332656
-0.331596
-0.330539
-0.329486
-0.328436
-0.32739
-0.326347
-0.325307
-0.324272
-0.32324
-0.322211
-0.321186
-0.320164
-0.319147
-0.318132
-0.317122
-0.316115
-0.315112
-0.314112
-0.313116
-0.312124
-0.311135
-0.310151
-0.30917
-0.308192
-0.307219
-0.306249
-0.305283
-0.304321
-0.303362
-0.302407
-0.301456
-0.300509
-0.299566
-0.298627
-0.297691
-0.296759
-0.295831
-0.294907
-0.293987
-0.29307
-0.292157
-0.291249
-0.290344
-0.289443
-0.288546
-0.287652
-0.286763
-0.285877
-0.284996
-0.284118
-0.283244
-0.282374
-0.281508
-0.280646
-0.279788
-0.278933
-0.278083
-0.277236
-0.276393
-0.275554
-0.274719
-0.273888
-0.273061
-0.272238
-0.271418
-0.270603
-0.269791
-0.268983
-0.268179
-0.267379
-0.266583
-0.265791
-0.265002
-0.264218
-0.263437
-0.26266
-0.261887
-0.261118
-0.260352
-0.259591
-0.258833
-0.258079
-0.257329
-0.256582
-0.25584
-0.255101
-0.254366
-0.253635
-0.252907
-0.252183
-0.251463
-0.250747
-0.250035
-0.249326
-0.248621
-0.247919
-0.247221
-0.246527
-0.245837
-0.24515
-0.244467
-0.243788
-0.243112
-0.24244
-0.241771
-0.241106
-0.240445
-0.239787
-0.239133
-0.238482
-0.237835
-0.237191
-0.236551
-0.235914
-0.235281
-0.234651
-0.234025
-0.233402
-0.232783
-0.232167
-0.231554
-0.230945
-0.230339
-0.229736
-0.229137
-0.228541
-0.227949
-0.227359
-0.226773
-0.226191
-0.225611
-0.225035
-0.224462
-0.223892
-0.223325
-0.222762
-0.222201
-0.221644
-0.22109
-0.220539
-0.219991
-0.219446
-0.218904
-0.218365
-0.217829
-0.217296
-0.216766
-0.21624
-0.215715
-0.215194
-0.214676
-0.214161
-0.213648
-0.213139
-0.212632
-0.212128
-0.211627
-0.211128
-0.210632
-0.210139
-0.209649
-0.209161
-0.208676
-0.208194
-0.207714
-0.207237
-0.206763
-0.206291
-0.205821
-0.205354
-0.20489
-0.204428
-0.203969
-0.203512
-0.203057
-0.202605
-0.202155
-0.201707
-0.201262
-0.200819
-0.200379
-0.199941
-0.199505
-0.199071
-0.198639
-0.19821
-0.197783
-0.197358
-0.196935
-0.196514
-0.196095
-0.195679
-0.195264
-0.194851
-0.194441
-0.194032
-0.193625
-0.19322
-0.192818
-0.192417
-0.192018
-0.19162
-0.191225
-0.190831
-0.190439
-0.190049
-0.189661
-0.189274
-0.188889
-0.188506
-0.188125
-0.187745
-0.187366
-0.18699
-0.186614
-0.186241
-0.185869
-0.185498
-0.185129
-0.184761
-0.184395
-0.18403
-0.183667
-0.183305
-0.182944
-0.182585
-0.182227
-0.18187
-0.181515
-0.181161
-0.180808
-0.180456
-0.180106
-0.179756
-0.179408
-0.179061
-0.178715
-0.178371
-0.178027
-0.177684
-0.177342
-0.177002
-0.176662
-0.176324
-0.175986
-0.175649
-0.175313
-0.174978
-0.174644
-0.174311
-0.173979
-0.173647
-0.173316
-0.172986
-0.172657
-0.172329
-0.172001
-0.171674
-0.171348
-0.171022
-0.170697
-0.170373
-0.170049
-0.169726
-0.169404
-0.169082
-0.168761
-0.16844
-0.16812
-0.1678
-0.167481
-0.167162
-0.166843
-0.166526
-0.166208
-0.165891
-0.165574
-0.165258
-0.164942
-0.164627
-0.164311
-0.163996
-0.163682
-0.163367
-0.163053
-0.16274
-0.162426
-0.162113
-0.1618
-0.161487
-0.161174
-0.160861
-0.160549
-0.160237
-0.159925
-0.159613
-0.159301
-0.158989
-0.158677
-0.158366
-0.158054
-0.157743
-0.157431
-0.15712
-0.156808
-0.156497
-0.156186
-0.155874
-0.155563
-0.155251
-0.15494
-0.154628
-0.154317
-0.154005
-0.153693
-0.153381
-0.153069
-0.152757
-0.152445
-0.152132
-0.15182
-0.151507
-0.151194
-0.150881
-0.150568
-0.150255
-0.149941
-0.149627
-0.149313
-0.148999
-0.148685
-0.14837
-0.148055
-0.14774
-0.147425
-0.14711
-0.146794
-0.146478
-0.146162
-0.145845
-0.145528
-0.145211
-0.144894
-0.144576
-0.144258
-0.14394
-0.143621
-0.143303
-0.142983
-0.142664
-0.142344
-0.142024
-0.141704
-0.141383
-0.141062
-0.140741
-0.140419
-0.140098
-0.139775
-0.139453
-0.13913
-0.138807
-0.138483
-0.138159
-0.137835
-0.137511
-0.137186
-0.136861
-0.136535
-0.13621
-0.135884
-0.135557
-0.135231
-0.134903
-0.134576
-0.134249
-0.133921
-0.133592
-0.133264
-0.132935
-0.132606
-0.132277
-0.131947
-0.131617
-0.131287
-0.130956
-0.130625
-0.130294
-0.129963
-0.129631
-0.129299
-0.128967
-0.128635
-0.128302
-0.12797
-0.127637
-0.127303
-0.12697
-0.126636
-0.126303
-0.125969
-0.125634
-0.1253
-0.124965
-0.124631
-0.124296
-0.123961
-0.123626
-0.12329
-0.122955
-0.122619
-0.122284
-0.121948
-0.121612
-0.121276
-0.12094
-0.120604
-0.120268
-0.119932
-0.119596
-0.11926
-0.118924
-0.118588
-0.118252
-0.117916
-0.11758
-0.117244
-0.116908
-0.116572
-0.116236
-0.1159
-0.115565
-0.115229
-0.114894
-0.114559
-0.114224
-0.113889
-0.113554
-0.113219
-0.112885
-0.112551
-0.112217
-0.111884
-0.11155
-0.111217
-0.110884
-0.110552
-0.11022
-0.109888
-0.109556
-0.109225
-0.108895
-0.108564
-0.108234
-0.107905
-0.107575
-0.107247
-0.106919
-0.106591
-0.106264
-0.105937
-0.105611
-0.105285
-0.10496
-0.104635
-0.104311
-0.103988
-0.103665
-0.103343
-0.103022
-0.102701
-0.102381
-0.102062
-0.101743
-0.101425
-0.101108
-0.100792
-0.100476
-0.100161
-0.0998473
-0.0995342
-0.0992219
-0.0989105
-0.0986
-0.0982905
-0.0979818
-0.0976741
-0.0973673
-0.0970616
-0.0967568
-0.0964531
-0.0961503
-0.0958487
-0.0955481
-0.0952486
-0.0949502
-0.0946529
-0.0943568
-0.0940619
-0.0937681
-0.0934755
-0.0931841
-0.092894
-0.0926051
-0.0923175
-0.0920312
-0.0917462
-0.0914626
-0.0911803
-0.0908993
-0.0906197
-0.0903416
-0.0900648
-0.0897895
-0.0895157
-0.0892433
-0.0889725
-0.0887031
-0.0884353
-0.088169
-0.0879044
-0.0876413
-0.0873798
-0.0871199
-0.0868617
-0.0866051
-0.0863503
-0.0860971
-0.0858457
-0.085596
-0.085348
-0.0851019
-0.0848575
-0.0846149
-0.0843742
-0.0841353
-0.0838983
-0.0836632
-0.08343
-0.0831987
-0.0829694
-0.082742
-0.0825166
-0.0822932
-0.0820718
-0.0818525
-0.0816352
-0.08142
-0.0812068
-0.0809958
-0.0807869
-0.0805801
-0.0803755
-0.080173
-0.0799728
-0.0797748
-0.079579
-0.0793854
-0.0791941
-0.0790051
-0.0788184
-0.078634
-0.078452
-0.0782722
-0.0780949
-0.0779199
-0.0777473
-0.0775772
-0.0774095
-0.0772442
-0.0770814
-0.0769211
-0.0767632
-0.0766079
-0.0764551
-0.0763049
-0.0761572
-0.0760121
-0.0758696
-0.0757297
-0.0755924
-0.0754577
-0.0753257
-0.0751964
-0.0750698
-0.0749458
-0.0748246
-0.0747061
-0.0745903
-0.0744773
-0.074367
-0.0742595
-0.0741549
-0.074053
-0.073954
-0.0738578
-0.0737644
-0.0736739
-0.0735863
-0.0735016
-0.0734198
-0.0733408
-0.0732649
-0.0731918
-0.0731217
-0.0730546
-0.0729905
-0.0729293
-0.0728711
-0.072816
-0.0727638
-0.0727147
-0.0726687
-0.0726257
-0.0725857
-0.0725488
-0.0725151
-0.0724844
-0.0724568
-0.0724323
-0.072411
-0.0723928
-0.0723777
-0.0723658
-0.0723571
-0.0723515
-0.0723491
-0.0723499
-0.0723539
-0.0723611
-0.0723715
-0.0723851
-0.0724019
-0.072422
-0.0724454
-0.0724719
-0.0725018
-0.0725349
-0.0725712
-0.0726109
-0.0726538
-0.0727
-0.0727495
-0.0728023
-0.0728584
-0.0729178
-0.0729806
-0.0730466
-0.073116
-0.0731887
-0.0732647
-0.0733441
-0.0734268
-0.0735128
-0.0736022
-0.0736949
-0.073791
-0.0738905
-0.0739933
-0.0740995
-0.074209
-0.0743219
-0.0744381
-0.0745578
-0.0746808
-0.0748071
-0.0749369
-0.07507
-0.0752065
-0.0753463
-0.0754895
-0.0756361
-0.0757861
-0.0759395
-0.0760962
-0.0762563
-0.0764197
-0.0765865
-0.0767567
-0.0769303
-0.0771072
-0.0772875
-0.0774711
-0.0776581
-0.0778484
-0.0780421
-0.0782391
-0.0784395
-0.0786432
-0.0788503
-0.0790606
-0.0792744
-0.0794914
-0.0797117
-0.0799354
-0.0801623
-0.0803926
-0.0806261
-0.080863
-0.0811031
-0.0813465
-0.0815932
-0.0818431
-0.0820963
-0.0823528
-0.0826125
-0.0828754
-0.0831415
-0.0834109
-0.0836835
-0.0839592
-0.0842382
-0.0845204
-0.0848057
-0.0850942
-0.0853859
-0.0856807
-0.0859786
-0.0862797
-0.0865839
-0.0868911
-0.0872015
-0.087515
-0.0878315
-0.0881511
-0.0884738
-0.0887995
-0.0891282
-0.0894599
-0.0897947
-0.0901324
-0.0904731
-0.0908168
-0.0911634
-0.0915129
-0.0918654
-0.0922208
-0.092579
-0.0929402
-0.0933042
-0.0936711
-0.0940408
-0.0944133
-0.0947886
-0.0951667
-0.0955476
-0.0959313
-0.0963177
-0.0967068
-0.0970986
-0.0974932
-0.0978904
-0.0982902
-0.0986927
-0.0990979
-0.0995056
-0.0999159
-0.100329
-0.100744
-0.101162
-0.101583
-0.102006
-0.102431
-0.102859
-0.103289
-0.103722
-0.104157
-0.104595
-0.105035
-0.105477
-0.105922
-0.106369
-0.106818
-0.107269
-0.107723
-0.108179
-0.108637
-0.109097
-0.10956
-0.110024
-0.110491
-0.110959
-0.11143
-0.111903
-0.112378
-0.112855
-0.113334
-0.113814
-0.114297
-0.114782
-0.115268
-0.115756
-0.116246
-0.116738
-0.117232
-0.117728
-0.118225
-0.118724
-0.119224
-0.119727
-0.120231
-0.120736
-0.121243
-0.121752
-0.122262
-0.122774
-0.123287
-0.123801
-0.124317
-0.124835
-0.125354
-0.125874
-0.126395
-0.126918
-0.127442
-0.127968
-0.128494
-0.129022
-0.129551
-0.130081
-0.130612
-0.131144
-0.131677
-0.132211
-0.132747
-0.133283
-0.13382
-0.134358
-0.134897
-0.135437
-0.135977
-0.136519
-0.137061
-0.137604
-0.138147
-0.138692
-0.139237
-0.139782
-0.140328
-0.140875
-0.141422
-0.14197
-0.142518
-0.143067
-0.143616
-0.144166
-0.144716
-0.145266
-0.145816
-0.146367
-0.146918
-0.147469
-0.14802
-0.148572
-0.149123
-0.149675
-0.150227
-0.150779
-0.15133
-0.151882
-0.152434
-0.152985
-0.153537
-0.154088
-0.154639
-0.15519
-0.155741
-0.156291
-0.156841
-0.157391
-0.15794
-0.158489
-0.159037
-0.159585
-0.160133
-0.16068
-0.161226
-0.161772
-0.162317
-0.162862
-0.163406
-0.163949
-0.164491
-0.165033
-0.165573
-0.166113
-0.166652
-0.167191
-0.167728
-0.168264
-0.168799
-0.169334
-0.169867
-0.170399
-0.17093
-0.17146
-0.171989
-0.172516
-0.173042
-0.173567
-0.174091
-0.174613
-0.175134
-0.175653
-0.176172
-0.176688
-0.177203
-0.177717
-0.178229
-0.17874
-0.179248
-0.179756
-0.180261
-0.180765
-0.181267
-0.181768
-0.182266
-0.182763
-0.183258
-0.183751
-0.184242
-0.184731
-0.185218
-0.185703
-0.186186
-0.186668
-0.187147
-0.187623
-0.188098
-0.188571
-0.189041
-0.189509
-0.189975
-0.190438
-0.190899
-0.191358
-0.191815
-0.192269
-0.19272
-0.193169
-0.193616
-0.19406
-0.194501
-0.19494
-0.195377
-0.19581
-0.196241
-0.19667
-0.197095
-0.197518
-0.197938
-0.198355
-0.19877
-0.199181
-0.19959
-0.199996
-0.200398
-0.200798
-0.201195
-0.201589
-0.20198
-0.202367
-0.202752
-0.203133
-0.203512
-0.203887
-0.204259
-0.204627
-0.204993
-0.205355
-0.205714
-0.206069
-0.206421
-0.20677
-0.207115
-0.207457
-0.207796
-0.208131
-0.208462
-0.20879
-0.209114
-0.209435
-0.209752
-0.210066
-0.210376
-0.210682
-0.210984
-0.211283
-0.211578
-0.21187
-0.212157
-0.212441
-0.212721
-0.212997
-0.213269
-0.213537
-0.213802
-0.214062
-0.214318
-0.214571
-0.214819
-0.215064
-0.215304
-0.215541
-0.215773
-0.216001
-0.216225
-0.216445
-0.216661
-0.216872
-0.217079
-0.217282
-0.217481
-0.217676
-0.217866
-0.218052
-0.218234
-0.218411
-0.218584
-0.218753
-0.218917
-0.219077
-0.219232
-0.219383
-0.21953
-0.219672
-0.219809
-0.219942
-0.220071
-0.220195
-0.220314
-0.220429
-0.220539
-0.220645
-0.220746
-0.220842
-0.220934
-0.221021
-0.221104
-0.221181
-0.221254
-0.221322
-0.221386
-0.221445
-0.221499
-0.221548
-0.221592
-0.221632
-0.221667
-0.221697
-0.221722
-0.221742
-0.221758
-0.221768
-0.221774
-0.221775
-0.221771
-0.221762
-0.221747
-0.221729
-0.221705
-0.221676
-0.221642
-0.221603
-0.221559
-0.22151
-0.221456
-0.221398
-0.221334
-0.221265
-0.221191
-0.221111
-0.221027
-0.220938
-0.220844
-0.220744
-0.22064
-0.22053
-0.220415
-0.220295
-0.22017
-0.22004
-0.219905
-0.219764
-0.219619
-0.219468
-0.219312
-0.219151
-0.218984
-0.218813
-0.218636
-0.218454
-0.218267
-0.218075
-0.217877
-0.217674
-0.217466
-0.217253
-0.217034
-0.216811
-0.216582
-0.216347
-0.216108
-0.215863
-0.215613
-0.215358
-0.215098
-0.214832
-0.214561
-0.214285
-0.214003
-0.213716
-0.213424
-0.213127
-0.212824
-0.212516
-0.212203
-0.211884
-0.211561
-0.211232
-0.210897
-0.210558
-0.210213
-0.209863
-0.209507
-0.209146
-0.20878
-0.208409
-0.208033
-0.207651
-0.207264
-0.206871
-0.206474
-0.206071
-0.205662
-0.205249
-0.20483
-0.204406
-0.203977
-0.203542
-0.203103
-0.202657
-0.202207
-0.201752
-0.201291
-0.200825
-0.200353
-0.199877
-0.199395
-0.198908
-0.198416
-0.197919
-0.197416
-0.196908
-0.196395
-0.195877
-0.195353
-0.194825
-0.194291
-0.193752
-0.193208
-0.192658
-0.192104
-0.191544
-0.190979
-0.190409
-0.189834
-0.189254
-0.188668
-0.188078
-0.187482
-0.186881
-0.186275
-0.185664
-0.185048
-0.184427
-0.183801
-0.18317
-0.182533
-0.181892
-0.181245
-0.180594
-0.179937
-0.179276
-0.178609
-0.177937
-0.177261
-0.176579
-0.175893
-0.175201
-0.174505
-0.173803
-0.173097
-0.172385
-0.171669
-0.170948
-0.170222
-0.16949
-0.168755
-0.168014
-0.167268
-0.166517
-0.165762
-0.165002
-0.164237
-0.163467
-0.162692
-0.161912
-0.161128
-0.160339
-0.159545
-0.158746
-0.157943
-0.157134
-0.156321
-0.155504
-0.154681
-0.153854
-0.153022
-0.152186
-0.151345
-0.150499
-0.149648
-0.148793
-0.147933
-0.147069
-0.1462
-0.145327
-0.144448
-0.143566
-0.142678
-0.141786
-0.14089
-0.139989
-0.139084
-0.138174
-0.137259
-0.13634
-0.135417
-0.134489
-0.133557
-0.13262
-0.131679
-0.130734
-0.129784
-0.128829
-0.127871
-0.126908
-0.12594
-0.124968
-0.123992
-0.123012
-0.122027
-0.121038
-0.120045
-0.119048
-0.118046
-0.11704
-0.11603
-0.115015
-0.113997
-0.112974
-0.111947
-0.110916
-0.10988
-0.108841
-0.107797
-0.10675
-0.105698
-0.104642
-0.103582
-0.102518
-0.10145
-0.100378
-0.0993016
-0.0982214
-0.0971373
-0.0960491
-0.094957
-0.093861
-0.0927609
-0.091657
-0.0905491
-0.0894373
-0.0883216
-0.0872021
-0.0860786
-0.0849513
-0.0838202
-0.0826852
-0.0815464
-0.0804038
-0.0792573
-0.0781071
-0.0769532
-0.0757955
-0.074634
-0.0734688
-0.0722998
-0.0711272
-0.0699509
-0.0687709
-0.0675872
-0.0663998
-0.0652088
-0.0640142
-0.062816
-0.0616141
-0.0604087
-0.0591997
-0.0579871
-0.0567709
-0.0555512
-0.054328
-0.0531012
-0.0518709
-0.0506372
-0.0493999
-0.0481592
-0.046915
-0.0456674
-0.0444163
-0.0431619
-0.041904
-0.0406427
-0.039378
-0.0381099
-0.0368385
-0.0355638
-0.0342856
-0.0330042
-0.0317195
-0.0304314
-0.0291401
-0.0278455
-0.0265476
-0.0252464
-0.023942
-0.0226344
-0.0213236
-0.0200095
-0.0186923
-0.0173719
-0.0160483
-0.0147215
-0.0133916
-0.0120585
-0.0107223
-0.00938304
-0.00804063
-0.00669513
-0.00534655
-0.00399489
-0.00264018
-0.00128242
7.8386e-05
0.00144221
0.00280906
0.00417891
0.00555175
0.00692758
0.00830637
0.00968813
0.0110728
0.0124605
0.0138511
0.0152446
0.016641
0.0180403
0.0194424
0.0208475
0.0222554
0.0236662
0.0250798
0.0264963
0.0279155
0.0293376
0.0307625
0.0321902
0.0336207
0.0350539
0.0364899
0.0379287
0.0393701
0.0408144
0.0422613
0.043711
0.0451633
0.0466184
0.0480761
0.0495365
0.0509995
0.0524652
0.0539336
0.0554046
0.0568782
0.0583544
0.0598332
0.0613146
0.0627986
0.0642852
0.0657743
0.067266
0.0687603
0.070257
0.0717563
0.0732582
0.0747625
0.0762693
0.0777786
0.0792904
0.0808047
0.0823214
0.0838406
0.0853623
0.0868863
0.0884128
0.0899417
0.0914731
0.0930068
0.0945429
0.0960814
0.0976223
0.0991655
0.100711
0.102259
0.103809
0.105362
0.106917
0.108474
0.110034
0.111595
0.11316
0.114726
0.116295
0.117866
0.119439
0.121014
0.122592
0.124172
0.125754
0.127338
0.128925
0.130513
0.132104
0.133697
0.135292
0.13689
0.138489
0.140091
0.141695
0.143301
0.144909
0.146519
0.148131
0.149745
0.151362
0.15298
0.154601
0.156224
0.157848
0.159475
0.161104
0.162735
0.164367
0.166002
0.167639
0.169278
0.170919
0.172561
0.174206
0.175853
0.177501
0.179152
0.180805
0.182459
0.184115
0.185774
0.187434
0.189096
0.19076
0.192426
0.194093
0.195763
0.197434
0.199108
0.200783
0.20246
0.204138
0.205819
0.207501
0.209185
0.210871
0.212559
0.214248
0.21594
0.217633
0.219327
0.221024
0.222722
0.224422
0.226123
0.227827
0.229532
0.231238
0.232947
0.234657
0.236368
0.238082
0.239796
0.241513
0.243231
0.244951
0.246672
0.248395
0.25012
0.251846
0.253574
0.255303
0.257034
0.258766
0.2605
0.262235
0.263972
0.26571
0.26745
0.269191
0.270934
0.272678
0.274424
0.276171
0.27792
0.27967
0.281421
0.283174
0.284928
0.286683
0.28844
0.290198
0.291958
0.293719
0.295481
0.297245
0.29901
0.300776
0.302543
0.304312
0.306082
0.307853
0.309626
0.311399
0.313174
0.31495
0.316728
0.318506
0.320286
0.322066
0.323848
0.325632
0.327416
0.329201
0.330988
0.332775
0.334564
0.336353
0.338144
0.339936
0.341729
0.343523
0.345317
0.347113
0.34891
0.350708
0.352506
0.354306
0.356107
0.357908
0.359711
0.361514
0.363318
0.365123
0.366929
0.368736
0.370543
0.372352
0.374161
0.375971
0.377781
0.379593
0.381405
0.383218
0.385031
0.386846
0.388661
0.390476
0.392293
0.39411
0.395927
0.397745
0.399564
0.401383
0.403203
0.405024
0.406845
0.408666
0.410488
0.412311
0.414134
0.415957
0.417781
0.419605
0.42143
0.423255
0.42508
0.426906
0.428732
0.430559
0.432385
0.434212
0.43604
0.437867
0.439695
0.441523
0.443351
0.445179
0.447008
0.448837
0.450666
0.452495
0.454324
0.456153
0.457982
0.459811
0.46164
0.46347
0.465299
0.467128
0.468957
0.470786
0.472615
0.474444
0.476273
0.478101
0.47993
0.481758
0.483586
0.485414
0.487241
0.489068
0.490895
0.492722
0.494548
0.496374
0.4982
0.500025
0.50185
0.503674
0.505498
0.507322
0.509145
0.510967
0.512789
0.51461
0.516431
0.518251
0.520071
0.52189
0.523708
0.525525
0.527342
0.529158
0.530974
0.532788
0.534602
0.536415
0.538227
0.540038
0.541848
0.543658
0.545466
0.547273
0.54908
0.550885
0.55269
0.554493
0.556295
0.558097
0.559897
0.561695
0.563493
0.56529
0.567085
0.568879
0.570672
0.572463
0.574253
0.576042
0.577829
0.579615
0.5814
0.583183
0.584965
0.586745
0.588523
0.590301
0.592076
0.59385
0.595622
0.597393
0.599162
0.600929
0.602694
0.604458
0.60622
0.60798
0.609738
0.611495
0.613249
0.615002
0.616752
0.618501
0.620248
0.621992
0.623735
0.625476
0.627214
0.62895
0.630684
0.632416
0.634146
0.635873
0.637599
0.639322
0.641042
0.64276
0.644476
0.64619
0.647901
0.649609
0.651315
0.653019
0.65472
0.656418
0.658114
0.659807
0.661497
0.663185
0.66487
0.666552
0.668232
0.669909
0.671583
0.673254
0.674922
0.676587
0.678249
0.679909
0.681565
0.683218
0.684868
0.686515
0.688159
0.6898
0.691438
0.693072
0.694703
0.696331
0.697956
0.699577
0.701195
0.70281
0.704421
0.706029
0.707633
0.709234
0.710831
0.712425
0.714015
0.715601
0.717184
0.718763
0.720338
0.72191
0.723478
0.725042
0.726602
0.728159
0.729711
0.73126
0.732805
0.734346
0.735882
0.737415
0.738944
0.740468
0.741989
0.743505
0.745017
0.746525
0.748029
0.749528
0.751023
0.752514
0.754001
0.755483
0.75696
0.758434
0.759902
0.761367
0.762827
0.764282
0.765732
0.767178
0.76862
0.770056
0.771488
0.772916
0.774338
0.775756
0.777169
0.778577
0.77998
0.781379
0.782772
0.78416
0.785544
0.786922
0.788296
0.789664
0.791027
0.792386
0.793739
0.795086
0.796429
0.797766
0.799098
0.800425
0.801747
0.803063
0.804374
0.805679
0.806979
0.808274
0.809563
0.810846
0.812124
0.813397
0.814664
0.815925
0.817181
0.81843
0.819675
0.820913
0.822146
0.823373
0.824594
0.82581
0.827019
0.828223
0.829421
0.830613
0.831799
0.832979
0.834153
0.835321
0.836483
0.837638
0.838788
0.839932
0.841069
0.8422
0.843326
0.844444
0.845557
0.846664
0.847764
0.848857
0.849945
0.851026
0.852101
0.853169
0.854231
0.855286
0.856335
0.857378
0.858414
0.859443
0.860466
0.861482
0.862492
0.863495
0.864491
0.865481
0.866464
0.867441
0.86841
0.869373
0.870329
0.871278
0.872221
0.873157
0.874085
0.875007
0.875922
0.876831
0.877732
0.878626
0.879514
0.880394
0.881267
0.882134
0.882993
0.883845
0.88469
0.885528
0.886359
0.887183
0.888
0.888809
0.889612
0.890407
0.891195
0.891976
0.892749
0.893515
0.894274
0.895026
0.89577
0.896508
0.897237
0.89796
0.898675
0.899383
0.900083
0.900776
0.901461
0.902139
0.90281
0.903473
0.904129
0.904777
0.905418
0.906051
0.906677
0.907295
0.907906
0.908509
0.909104
0.909692
0.910273
0.910846
0.911411
0.911969
0.912519
0.913061
0.913596
0.914123
0.914642
0.915154
0.915658
0.916155
0.916643
0.917124
0.917598
0.918063
0.918521
0.918972
0.919414
0.919849
0.920276
0.920695
0.921106
0.92151
0.921906
0.922294
0.922675
0.923047
0.923412
0.923769
0.924118
0.92446
0.924794
0.925119
0.925438
0.925748
0.92605
0.926345
0.926632
0.926911
0.927182
0.927445
0.927701
0.927948
0.928188
0.92842
0.928645
0.928861
0.92907
0.92927
0.929463
0.929648
0.929826
0.929995
0.930157
0.930311
0.930457
0.930595
0.930725
0.930848
0.930963
0.93107
0.931169
0.931261
0.931344
0.93142
0.931488
0.931549
0.931601
0.931646
0.931683
0.931712
0.931734
0.931748
0.931754
0.931752
0.931743
0.931726
0.931701
0.931668
0.931628
0.93158
0.931525
0.931462
0.931391
0.931312
0.931226
0.931133
0.931031
0.930922
0.930806
0.930681
0.93055
0.93041
0.930264
0.930109
0.929947
0.929778
0.929601
0.929416
0.929224
0.929025
0.928818
0.928604
0.928382
0.928153
0.927916
0.927672
0.927421
0.927162
0.926896
0.926622
0.926342
0.926054
0.925758
0.925456
0.925146
0.924829
0.924504
0.924173
0.923834
0.923488
0.923135
0.922775
0.922407
0.922033
0.921651
0.921263
0.920867
0.920464
0.920055
0.919638
0.919214
0.918783
0.918346
0.917901
0.91745
0.916991
0.916526
0.916054
0.915575
0.91509
0.914597
0.914098
0.913592
0.91308
0.91256
0.912034
0.911502
0.910962
0.910416
0.909864
0.909305
0.908739
0.908167
0.907589
0.907004
0.906412
0.905814
0.90521
0.904599
0.903982
0.903359
0.902729
0.902093
0.901451
0.900803
0.900148
0.899487
0.89882
0.898147
0.897468
0.896783
0.896091
0.895394
0.894691
0.893981
0.893266
0.892545
0.891818
0.891085
0.890346
0.889602
0.888852
0.888096
0.887334
0.886566
0.885793
0.885014
0.88423
0.88344
0.882644
0.881843
0.881037
0.880225
0.879407
0.878584
0.877756
0.876922
0.876083
0.875239
0.874389
0.873534
0.872674
0.871809
0.870939
0.870063
0.869183
0.868297
0.867407
0.866511
0.86561
0.864705
0.863794
0.862879
0.861959
0.861034
0.860104
0.859169
0.85823
0.857286
0.856337
0.855384
0.854426
0.853464
0.852497
0.851525
0.850549
0.849569
0.848584
0.847595
0.846601
0.845603
0.844601
0.843594
0.842584
0.841569
0.84055
0.839527
0.838499
0.837468
0.836433
0.835393
0.83435
0.833303
0.832252
0.831197
0.830138
0.829075
0.828009
0.826938
0.825864
0.824787
0.823706
0.822621
0.821532
0.82044
0.819345
0.818246
0.817143
0.816037
0.814928
0.813815
0.812699
0.81158
0.810458
0.809332
0.808203
0.807071
0.805935
0.804797
0.803656
0.802511
0.801364
0.800213
0.79906
0.797904
0.796744
0.795582
0.794418
0.79325
0.79208
0.790906
0.789731
0.788552
0.787371
0.786188
0.785001
0.783813
0.782621
0.781428
0.780231
0.779033
0.777832
0.776629
0.775423
0.774215
0.773005
0.771793
0.770578
0.769362
0.768143
0.766922
0.765699
0.764474
0.763247
0.762018
0.760787
0.759554
0.758319
0.757083
0.755844
0.754604
0.753362
0.752118
0.750873
0.749626
0.748377
0.747127
0.745875
0.744621
0.743366
0.74211
0.740852
0.739592
0.738331
0.737069
0.735806
0.734541
0.733274
0.732007
0.730738
0.729468
0.728197
0.726924
0.725651
0.724376
0.723101
0.721824
0.720546
0.719267
0.717987
0.716707
0.715425
0.714142
0.712859
0.711575
0.71029
0.709004
0.707717
0.70643
0.705142
0.703853
0.702563
0.701273
0.699983
0.698691
0.697399
0.696107
0.694814
0.69352
0.692226
0.690932
0.689637
0.688342
0.687046
0.685751
0.684454
0.683158
0.681861
0.680564
0.679266
0.677969
0.676671
0.675373
0.674075
0.672776
0.671478
0.67018
0.668881
0.667583
0.666284
0.664985
0.663687
0.662388
0.66109
0.659791
0.658493
0.657194
0.655896
0.654598
0.653301
0.652003
0.650706
0.649408
0.648112
0.646815
0.645518
0.644222
0.642927
0.641631
0.640336
0.639041
0.637747
0.636453
0.63516
0.633867
0.632574
0.631282
0.62999
0.628699
0.627408
0.626118
0.624829
0.62354
0.622251
0.620963
0.619676
0.618389
0.617103
0.615818
0.614533
0.613249
0.611966
0.610683
0.609402
0.60812
0.60684
0.60556
0.604281
0.603003
0.601726
0.600449
0.599174
0.597899
0.596624
0.595351
0.594079
0.592807
0.591537
0.590267
0.588998
0.58773
0.586463
0.585197
0.583932
0.582668
0.581404
0.580142
0.578881
0.577621
0.576361
0.575103
0.573846
0.572589
0.571334
0.57008
0.568826
0.567574
0.566323
0.565073
0.563824
0.562576
0.561329
0.560084
0.558839
0.557595
0.556353
0.555111
0.553871
0.552632
0.551394
0.550157
0.548921
0.547687
0.546453
0.545221
0.54399
0.54276
0.541531
0.540303
0.539077
0.537851
0.536627
0.535404
0.534182
0.532961
0.531742
0.530524
0.529306
0.52809
0.526876
0.525662
0.52445
0.523238
0.522028
0.52082
0.519612
0.518406
0.5172
0.515996
0.514794
0.513592
0.512392
0.511192
0.509994
0.508797
0.507602
0.506407
0.505214
0.504022
0.502831
0.501641
0.500453
0.499266
0.49808
0.496895
0.495711
0.494528
0.493347
0.492167
0.490988
0.48981
0.488633
0.487458
0.486283
0.48511
0.483938
0.482767
0.481597
0.480429
0.479261
0.478095
0.47693
0.475766
0.474603
0.473441
0.47228
0.471121
0.469962
0.468805
0.467649
0.466494
0.46534
0.464187
0.463035
0.461884
0.460734
0.459586
0.458438
0.457291
0.456146
0.455001
0.453858
0.452716
0.451574
0.450434
0.449295
0.448156
0.447019
0.445883
0.444747
0.443613
0.44248
0.441347
0.440216
0.439086
0.437956
0.436827
0.4357
0.434573
0.433447
0.432323
0.431199
0.430076
0.428953
0.427832
0.426712
0.425592
0.424474
0.423356
0.422239
0.421123
0.420008
0.418893
0.41778
0.416667
0.415555
0.414444
0.413333
0.412224
0.411115
0.410007
0.408899
0.407793
0.406687
0.405582
0.404478
0.403374
0.402271
0.401169
0.400067
0.398967
0.397866
0.396767
0.395668
0.39457
0.393472
0.392375
0.391279
0.390184
0.389089
0.387994
0.3869
0.385807
0.384715
0.383622
0.382531
0.38144
0.38035
0.37926
0.37817
0.377082
0.375993
0.374906
0.373818
0.372732
0.371645
0.37056
0.369474
0.368389
0.367305
0.366221
0.365138
0.364054
0.362972
0.36189
0.360808
0.359726
0.358645
0.357565
0.356484
0.355404
0.354325
0.353246
0.352167
0.351088
0.35001
0.348932
0.347855
0.346778
0.345701
0.344624
0.343548
0.342472
0.341396
0.340321
0.339246
0.338171
0.337096
0.336022
0.334948
0.333874
0.3328
0.331727
0.330654
0.329581
0.328508
0.327435
0.326363
0.325291
0.324219
0.323147
0.322075
0.321004
0.319932
0.318861
0.31779
0.316719
0.315649
0.314578
0.313508
0.312437
0.311367
0.310297
0.309227
0.308157
0.307088
0.306018
0.304948
0.303879
0.30281
0.301741
0.300671
0.299602
0.298533
0.297465
0.296396
0.295327
0.294258
0.29319
0.292121
0.291053
0.289984
0.288916
0.287848
0.28678
0.285711
0.284643
0.283575
0.282507
0.281439
0.280371
0.279303
0.278235
0.277168
0.2761
0.275032
0.273964
0.272897
0.271829
0.270762
0.269694
0.268627
0.267559
0.266492
0.265424
0.264357
0.26329
0.262222
0.261155
0.260088
0.259021
0.257954
0.256887
0.25582
0.254753
0.253686
0.252619
0.251553
0.250486
0.249419
0.248353
0.247286
0.24622
0.245153
0.244087
0.243021
0.241955
0.240889
0.239823
0.238757
0.237691
0.236626
0.23556
0.234495
0.23343
0.232364
0.231299
0.230235
0.22917
0.228105
0.227041
0.225976
0.224912
0.223848
0.222784
0.221721
0.220657
0.219594
0.218531
0.217468
0.216405
0.215343
0.21428
0.213218
0.212157
0.211095
0.210034
0.208973
0.207912
0.206851
0.205791
0.204731
0.203672
0.202612
0.201553
0.200495
0.199436
0.198378
0.197321
0.196263
0.195206
0.19415
0.193094
0.192038
0.190983
0.189928
0.188873
0.187819
0.186766
0.185712
0.18466
0.183608
0.182556
0.181505
0.180454
0.179404
0.178354
0.177305
0.176257
0.175209
0.174161
0.173115
0.172069
0.171023
0.169978
0.168934
0.167891
0.166848
0.165805
0.164764
0.163723
0.162683
0.161644
0.160605
0.159568
0.158531
0.157494
0.156459
0.155424
0.154391
0.153358
0.152326
0.151295
0.150264
0.149235
0.148207
0.147179
0.146153
0.145127
0.144102
0.143079
0.142056
0.141035
0.140014
0.138995
0.137977
0.136959
0.135943
0.134928
0.133914
0.132902
0.13189
0.13088
0.129871
0.128863
0.127856
0.126851
0.125847
0.124844
0.123843
0.122842
0.121844
0.120846
0.11985
0.118855
0.117862
0.11687
0.11588
0.114891
0.113903
0.112917
0.111933
0.11095
0.109969
0.108989
0.108011
0.107034
0.106059
0.105086
0.104115
0.103145
0.102176
0.10121
0.100245
0.0992821
0.0983208
0.0973614
0.0964038
0.095448
0.0944941
0.093542
0.0925918
0.0916435
0.0906972
0.0897528
0.0888104
0.0878699
0.0869315
0.085995
0.0850606
0.0841283
0.0831981
0.0822699
0.0813439
0.08042
0.0794983
0.0785787
0.0776614
0.0767462
0.0758333
0.0749226
0.0740142
0.0731081
0.0722044
0.0713029
0.0704038
0.069507
0.0686127
0.0677207
0.0668312
0.0659441
0.0650595
0.0641774
0.0632978
0.0624207
0.0615461
0.0606741
0.0598047
0.0589379
0.0580737
0.0572122
0.0563533
0.055497
0.0546435
0.0537927
0.0529446
0.0520993
0.0512567
0.050417
0.04958
0.0487459
0.0479146
0.0470862
0.0462606
0.045438
0.0446183
0.0438015
0.0429877
0.0421769
0.0413691
0.0405642
0.0397625
0.0389637
0.038168
0.0373755
0.036586
0.0357996
0.0350164
0.0342363
0.0334595
0.0326858
0.0319153
0.0311481
0.0303841
0.0296233
0.0288659
0.0281117
0.0273609
0.0266134
0.0258693
0.0251285
0.0243911
0.0236571
0.0229265
0.0221994
0.0214757
0.0207555
0.0200388
0.0193255
0.0186158
0.0179096
0.017207
0.0165079
0.0158124
0.0151205
0.0144323
0.0137476
0.0130666
0.0123893
0.0117156
0.0110456
0.0103793
0.00971675
0.00905792
0.00840283
0.00775151
0.00710396
0.0064602
0.00582025
0.00518411
0.00455181
0.00392335
0.00329876
0.00267803
0.00206119
0.00144825
0.000839228
0.000234127
-0.000367036
-0.000964248
-0.0015575
-0.00214677
-0.00273205
-0.00331334
-0.00389061
-0.00446386
-0.00503307
-0.00559824
-0.00615935
-0.00671639
-0.00726935
-0.00781822
-0.00836298
-0.00890363
-0.00944016
-0.00997256
-0.0105008
-0.0110249
-0.0115448
-0.0120606
-0.0125722
-0.0130796
-0.0135828
-0.0140817
-0.0145765
-0.015067
-0.0155533
-0.0160354
-0.0165132
-0.0169867
-0.017456
-0.0179209
-0.0183817
-0.0188381
-0.0192902
-0.019738
-0.0201815
-0.0206207
-0.0210555
-0.0214861
-0.0219123
-0.0223341
-0.0227516
-0.0231647
-0.0235735
-0.023978
-0.024378
-0.0247737
-0.025165
-0.0255519
-0.0259344
-0.0263125
-0.0266863
-0.0270556
-0.0274205
-0.0277811
-0.0281372
-0.0284889
-0.0288362
-0.0291791
-0.0295175
-0.0298516
-0.0301812
-0.0305063
-0.0308271
-0.0311434
-0.0314553
-0.0317628
-0.0320658
-0.0323644
-0.0326586
-0.0329483
-0.0332336
-0.0335145
-0.033791
-0.034063
-0.0343306
-0.0345937
-0.0348524
-0.0351067
-0.0353566
-0.0356021
-0.0358431
-0.0360797
-0.0363119
-0.0365397
-0.036763
-0.036982
-0.0371965
-0.0374067
-0.0376125
-0.0378138
-0.0380108
-0.0382034
-0.0383916
-0.0385754
-0.0387549
-0.03893
-0.0391007
-0.0392671
-0.0394291
-0.0395868
-0.0397401
-0.0398892
-0.0400339
-0.0401742
-0.0403103
-0.040442
-0.0405695
-0.0406927
-0.0408116
-0.0409262
-0.0410365
-0.0411426
-0.0412445
-0.0413421
-0.0414355
-0.0415246
-0.0416095
-0.0416903
-0.0417668
-0.0418392
-0.0419074
-0.0419714
-0.0420313
-0.042087
-0.0421386
-0.0421861
-0.0422295
-0.0422688
-0.042304
-0.0423351
-0.0423622
-0.0423852
-0.0424042
-0.0424191
-0.0424301
-0.042437
-0.04244
-0.042439
-0.042434
-0.0424251
-0.0424123
-0.0423956
-0.0423749
-0.0423504
-0.042322
-0.0422898
-0.0422537
-0.0422138
-0.04217
-0.0421225
-0.0420712
-0.0420162
-0.0419574
-0.0418949
-0.0418286
-0.0417587
-0.0416851
-0.0416078
-0.0415269
-0.0414424
-0.0413542
-0.0412625
-0.0411672
-0.0410683
-0.0409659
-0.04086
-0.0407506
-0.0406377
-0.0405214
-0.0404016
-0.0402784
-0.0401518
-0.0400218
-0.0398884
-0.0397517
-0.0396117
-0.0394684
-0.0393218
-0.039172
-0.0390189
-0.0388626
-0.0387031
-0.0385404
-0.0383745
-0.0382056
-0.0380335
-0.0378583
-0.0376801
-0.0374988
-0.0373145
-0.0371273
-0.036937
-0.0367438
-0.0365476
-0.0363485
-0.0361466
-0.0359418
-0.0357342
-0.0355237
-0.0353105
-0.0350944
-0.0348757
-0.0346542
-0.03443
-0.0342032
-0.0339737
-0.0337416
-0.0335069
-0.0332697
-0.0330299
-0.0327875
-0.0325427
-0.0322954
-0.0320457
-0.0317935
-0.031539
-0.031282
-0.0310228
-0.0307612
-0.0304973
-0.0302312
-0.0299629
-0.0296923
-0.0294195
-0.0291446
-0.0288676
-0.0285884
-0.0283072
-0.0280239
-0.0277386
-0.0274513
-0.027162
-0.0268708
-0.0265777
-0.0262827
-0.0259858
-0.0256871
-0.0253866
-0.0250843
-0.0247803
-0.0244745
-0.0241671
-0.023858
-0.0235472
-0.0232348
-0.0229209
-0.0226054
-0.0222884
-0.0219699
-0.0216499
-0.0213285
-0.0210057
-0.0206815
-0.0203559
-0.020029
-0.0197008
-0.0193714
-0.0190407
-0.0187088
-0.0183757
-0.0180415
-0.0177061
-0.0173696
-0.0170321
-0.0166936
-0.016354
-0.0160135
-0.015672
-0.0153296
-0.0149863
-0.0146421
-0.0142971
-0.0139513
-0.0136047
-0.0132574
-0.0129094
-0.0125607
-0.0122113
-0.0118613
-0.0115107
-0.0111595
-0.0108078
-0.0104555
-0.0101028
-0.00974963
-0.00939604
-0.00904204
-0.00868769
-0.00833299
-0.00797798
-0.0076227
-0.00726716
-0.00691141
-0.00655546
-0.00619934
-0.00584309
-0.00548674
-0.00513031
-0.00477383
-0.00441733
-0.00406084
-0.00370439
-0.003348
-0.00299171
-0.00263555
-0.00227953
-0.0019237
-0.00156808
-0.00121269
-0.00085757
-0.000502743
-0.000148239
0.000205915
0.00055969
0.00091306
0.00126599
0.00161847
0.00197045
0.00232191
0.00267283
0.00302318
0.00337292
0.00372204
0.0040705
0.00441828
0.00476535
0.00511169
0.00545726
0.00580203
0.006146
0.00648911
0.00683136
0.0071727
0.00751313
0.0078526
0.0081911
0.00852859
0.00886505
0.00920046
0.00953479
0.00986801
0.0102001
0.010531
0.0108608
0.0111893
0.0115166
0.0118427
0.0121674
0.0124909
0.012813
0.0131338
0.0134532
0.0137711
0.0140877
0.0144028
0.0147164
0.0150285
0.0153391
0.0156481
0.0159556
0.0162614
0.0165657
0.0168683
0.0171692
0.0174685
0.017766
0.0180618
0.0183559
0.0186481
0.0189386
0.0192273
0.0195141
0.019799
0.0200821
0.0203632
0.0206425
0.0209198
0.0211951
0.0214684
0.0217397
0.022009
0.0222762
0.0225414
0.0228044
0.0230654
0.0233242
0.0235809
0.0238354
0.0240878
0.0243379
0.0245858
0.0248315
0.0250749
0.025316
0.0255548
0.0257914
0.0260255
0.0262574
0.0264869
0.026714
0.0269387
0.027161
0.0273808
0.0275983
0.0278132
0.0280257
0.0282357
0.0284432
0.0286481
0.0288505
0.0290504
0.0292477
0.0294424
0.0296345
0.0298241
0.030011
0.0301952
0.0303768
0.0305558
0.030732
0.0309056
0.0310765
0.0312447
0.0314101
0.0315728
0.0317328
0.03189
0.0320444
0.0321961
0.032345
0.032491
0.0326343
0.0327747
0.0329123
0.033047
0.0331789
0.033308
0.0334341
0.0335574
0.0336778
0.0337954
0.03391
0.0340217
0.0341304
0.0342363
0.0343392
0.0344392
0.0345362
0.0346303
0.0347214
0.0348096
0.0348948
0.034977
0.0350562
0.0351324
0.0352057
0.0352759
0.0353432
0.0354074
0.0354687
0.0355269
0.0355821
0.0356342
0.0356834
0.0357295
0.0357726
0.0358127
0.0358497
0.0358837
0.0359147
0.0359426
0.0359675
0.0359893
0.0360081
0.0360238
0.0360365
0.0360462
0.0360528
0.0360564
0.0360569
0.0360544
0.0360489
0.0360403
0.0360286
0.036014
0.0359963
0.0359755
0.0359518
0.035925
0.0358952
0.0358623
0.0358265
0.0357876
0.0357457
0.0357008
0.0356529
0.035602
0.0355481
0.0354913
0.0354314
0.0353686
0.0353028
0.035234
0.0351622
0.0350875
0.0350099
0.0349293
0.0348458
0.0347593
0.0346699
0.0345776
0.0344824
0.0343844
0.0342834
0.0341795
0.0340728
0.0339632
0.0338507
0.0337354
0.0336172
0.0334963
0.0333725
0.0332459
0.0331165
0.0329843
0.0328494
0.0327116
0.0325712
0.032428
0.032282
0.0321333
0.031982
0.0318279
0.0316711
0.0315117
0.0313496
0.0311849
0.0310176
0.0308476
0.030675
0.0304998
0.0303221
0.0301418
0.0299589
0.0297735
0.0295856
0.0293952
0.0292023
0.0290069
0.0288091
0.0286088
0.0284061
0.028201
0.0279934
0.0277835
0.0275713
0.0273567
0.0271397
0.0269205
0.0266989
0.0264751
0.026249
0.0260207
0.0257902
0.0255574
0.0253225
0.0250854
0.0248461
0.0246047
0.0243612
0.0241156
0.0238679
0.0236182
0.0233664
0.0231127
0.0228569
0.0225991
0.0223394
0.0220778
0.0218142
0.0215487
0.0212814
0.0210122
0.0207412
0.0204683
0.0201937
0.0199173
0.0196392
0.0193593
0.0190777
0.0187945
0.0185096
0.018223
0.0179349
0.0176451
0.0173538
0.0170609
0.0167665
0.0164706
0.0161732
0.0158744
0.0155741
0.0152724
0.0149694
0.014665
0.0143592
0.0140521
0.0137438
0.0134341
0.0131233
0.0128112
0.0124979
0.0121834
0.0118678
0.0115511
0.0112333
0.0109144
0.0105945
0.0102736
0.00995162
0.00962871
0.00930485
0.00898008
0.00865441
0.00832787
0.00800049
0.00767229
0.0073433
0.00701355
0.00668305
0.00635184
0.00601995
0.00568739
0.00535419
0.00502038
0.00468599
0.00435104
0.00401556
0.00367957
0.00334311
0.00300619
0.00266885
0.00233111
0.00199299
0.00165453
0.00131575
0.000976674
0.000637333
0.000297753
-4.20409e-05
-0.000382021
-0.000722159
-0.00106243
-0.00140281
-0.00174326
-0.00208377
-0.0024243
-0.00276484
-0.00310534
-0.00344578
-0.00378615
-0.0041264
-0.00446652
-0.00480647
-0.00514623
-0.00548578
-0.00582508
-0.00616411
-0.00650284
-0.00684125
-0.0071793
-0.00751697
-0.00785424
-0.00819108
-0.00852745
-0.00886334
-0.00919871
-0.00953355
-0.00986781
-0.0102015
-0.0105345
-0.0108669
-0.0111987
-0.0115297
-0.01186
-0.0121896
-0.0125183
-0.0128463
-0.0131734
-0.0134997
-0.0138251
-0.0141495
-0.0144731
-0.0147956
-0.0151172
-0.0154378
-0.0157573
-0.0160757
-0.0163931
-0.0167093
-0.0170244
-0.0173383
-0.017651
-0.0179625
-0.0182727
-0.0185817
-0.0188894
-0.0191957
-0.0195007
-0.0198043
-0.0201065
-0.0204073
-0.0207066
-0.0210045
-0.0213009
-0.0215957
-0.021889
-0.0221807
-0.0224708
-0.0227593
-0.0230462
-0.0233314
-0.0236149
-0.0238966
-0.0241767
-0.0244549
-0.0247314
-0.0250061
-0.0252789
-0.0255499
-0.025819
-0.0260862
-0.0263514
-0.0266147
-0.0268761
-0.0271354
-0.0273928
-0.0276481
-0.0279013
-0.0281525
-0.0284015
-0.0286484
-0.0288932
-0.0291358
-0.0293762
-0.0296144
-0.0298504
-0.0300841
-0.0303156
-0.0305447
-0.0307716
-0.0309961
-0.0312183
-0.031438
-0.0316554
-0.0318704
-0.032083
-0.032293
-0.0325007
-0.0327058
-0.0329084
-0.0331085
-0.0333061
-0.0335011
-0.0336935
-0.0338833
-0.0340705
-0.034255
-0.0344369
-0.0346162
-0.0347927
-0.0349666
-0.0351377
-0.0353061
-0.0354717
-0.0356346
-0.0357947
-0.0359519
-0.0361064
-0.036258
-0.0364068
-0.0365528
-0.0366958
-0.036836
-0.0369732
-0.0371075
-0.0372389
-0.0373674
-0.0374929
-0.0376154
-0.0377349
-0.0378514
-0.0379649
-0.0380754
-0.0381829
-0.0382872
-0.0383886
-0.0384868
-0.038582
-0.0386741
-0.038763
-0.0388488
-0.0389315
-0.0390111
-0.0390875
-0.0391608
-0.0392308
-0.0392977
-0.0393614
