0
0
-0.00620525
-0.00620728
-0.00620861
-0.00620924
-0.00620918
-0.00620841
-0.00620695
-0.00620478
-0.00620192
-0.00619836
-0.0061941
-0.00618913
-0.00618347
-0.00617711
-0.00617006
-0.0061623
-0.00615384
-0.00614469
-0.00613484
-0.0061243
-0.00611306
-0.00610113
-0.0060885
-0.00607518
-0.00606117
-0.00604647
-0.00603109
-0.00601501
-0.00599825
-0.00598081
-0.00596268
-0.00594387
-0.00592439
-0.00590422
-0.00588338
-0.00586187
-0.00583969
-0.00581683
-0.00579331
-0.00576913
-0.00574428
-0.00571877
-0.00569261
-0.00566579
-0.00563832
-0.0056102
-0.00558143
-0.00555202
-0.00552197
-0.00549128
-0.00545996
-0.00542801
-0.00539542
-0.00536222
-0.00532839
-0.00529394
-0.00525888
-0.00522321
-0.00518694
-0.00515006
-0.00511258
-0.0050745
-0.00503584
-0.00499658
-0.00495675
-0.00491633
-0.00487534
-0.00483378
-0.00479165
-0.00474897
-0.00470572
-0.00466192
-0.00461758
-0.00457269
-0.00452726
-0.0044813
-0.00443481
-0.0043878
-0.00434027
-0.00429222
-0.00424367
-0.00419461
-0.00414506
-0.00409501
-0.00404448
-0.00399346
-0.00394197
-0.00389
-0.00383757
-0.00378469
-0.00373135
-0.00367756
-0.00362332
-0.00356866
-0.00351356
-0.00345804
-0.0034021
-0.00334574
-0.00328899
-0.00323183
-0.00317427
-0.00311634
-0.00305801
-0.00299932
-0.00294026
-0.00288083
-0.00282105
-0.00276092
-0.00270045
-0.00263965
-0.00257851
-0.00251706
-0.00245528
-0.0023932
-0.00233082
-0.00226814
-0.00220518
-0.00214193
-0.00207842
-0.00201463
-0.00195058
-0.00188629
-0.00182174
-0.00175696
-0.00169195
-0.00162671
-0.00156126
-0.00149559
-0.00142973
-0.00136367
-0.00129742
-0.00123099
-0.00116439
-0.00109762
-0.0010307
-0.000963625
-0.000896408
-0.000829056
-0.000761575
-0.000693975
-0.000626262
-0.000558443
-0.000490527
-0.000422521
-0.000354433
-0.000286271
-0.000218041
-0.000149752
-8.14111e-05
-1.30264e-05
5.53945e-05
0.000123844
0.000192314
0.000260798
0.000329287
0.000397773
0.00046625
0.000534708
0.000603141
0.000671541
0.0007399
0.00080821
0.000876464
0.000944653
0.00101277
0.00108081
0.00114876
0.00121661
0.00128437
0.00135201
0.00141953
0.00148693
0.00155419
0.00162132
0.00168829
0.00175511
0.00182176
0.00188824
0.00195454
0.00202066
0.00208658
0.0021523
0.00221781
0.0022831
0.00234817
0.002413
0.0024776
0.00254195
0.00260604
0.00266987
0.00273344
0.00279672
0.00285973
0.00292244
0.00298485
0.00304696
0.00310876
0.00317024
0.00323139
0.0032922
0.00335268
0.0034128
0.00347258
0.00353199
0.00359103
0.0036497
0.00370798
0.00376587
0.00382337
0.00388047
0.00393715
0.00399343
0.00404927
0.00410469
0.00415968
0.00421422
0.00426831
0.00432195
0.00437513
0.00442784
0.00448007
0.00453183
0.0045831
0.00463388
0.00468416
0.00473394
0.00478321
0.00483196
0.00488019
0.0049279
0.00497507
0.00502171
0.0050678
0.00511334
0.00515832
0.00520275
0.00524661
0.0052899
0.00533262
0.00537475
0.0054163
0.00545725
0.00549761
0.00553737
0.00557653
0.00561507
0.005653
0.00569031
0.00572699
0.00576305
0.00579847
0.00583325
0.0058674
0.00590089
0.00593374
0.00596593
0.00599747
0.00602834
0.00605855
0.00608809
0.00611695
0.00614514
0.00617264
0.00619947
0.0062256
0.00625105
0.0062758
0.00629985
0.00632321
0.00634586
0.0063678
0.00638904
0.00640956
0.00642937
0.00644846
0.00646683
0.00648448
0.00650141
0.00651761
0.00653308
0.00654782
0.00656182
0.00657509
0.00658763
0.00659942
0.00661048
0.00662079
0.00663036
0.00663918
0.00664726
0.00665459
0.00666117
0.006667
0.00667208
0.0066764
0.00667997
0.00668279
0.00668486
0.00668616
0.00668672
0.00668651
0.00668555
0.00668383
0.00668136
0.00667813
0.00667414
0.00666939
0.00666388
0.00665762
0.0066506
0.00664283
0.0066343
0.00662501
0.00661497
0.00660417
0.00659263
0.00658033
0.00656728
0.00655347
0.00653892
0.00652362
0.00650758
0.00649079
0.00647326
0.00645498
0.00643597
0.00641621
0.00639572
0.0063745
0.00635254
0.00632985
0.00630643
0.00628229
0.00625742
0.00623183
0.00620552
0.0061785
0.00615076
0.00612231
0.00609315
0.00606329
0.00603273
0.00600146
0.0059695
0.00593685
0.00590351
0.00586948
0.00583477
0.00579938
0.00576332
0.00572658
0.00568918
0.00565111
0.00561239
0.005573
0.00553297
0.00549228
0.00545096
0.00540899
0.00536639
0.00532316
0.0052793
0.00523483
0.00518973
0.00514403
0.00509771
0.0050508
0.00500329
0.00495519
0.0049065
0.00485723
0.00480738
0.00475696
0.00470598
0.00465444
0.00460234
0.00454969
0.0044965
0.00444277
0.00438851
0.00433373
0.00427842
0.0042226
0.00416628
0.00410945
0.00405212
0.00399431
0.00393601
0.00387724
0.00381799
0.00375828
0.00369812
0.0036375
0.00357644
0.00351494
0.00345301
0.00339065
0.00332788
0.0032647
0.00320111
0.00313713
0.00307275
0.003008
0.00294287
0.00287737
0.00281151
0.0027453
0.00267874
0.00261184
0.00254461
0.00247705
0.00240918
0.002341
0.00227251
0.00220374
0.00213467
0.00206533
0.00199572
0.00192584
0.0018557
0.00178532
0.0017147
0.00164385
0.00157277
0.00150148
0.00142997
0.00135827
0.00128637
0.00121429
0.00114203
0.00106961
0.000997023
0.000924285
0.000851404
0.000778386
0.000705241
0.000631976
0.0005586
0.000485122
0.000411548
0.000337888
0.00026415
0.000190343
0.000116473
4.25509e-05
-3.14164e-05
-0.00010542
-0.000179452
-0.000253504
-0.000327567
-0.000401633
-0.000475694
-0.000549741
-0.000623766
-0.000697761
-0.000771716
-0.000845624
-0.000919477
-0.000993266
-0.00106698
-0.00114062
-0.00121416
-0.00128761
-0.00136095
-0.00143418
-0.00150729
-0.00158026
-0.0016531
-0.00172579
-0.00179832
-0.00187068
-0.00194288
-0.00201489
-0.00208672
-0.00215835
-0.00222977
-0.00230098
-0.00237196
-0.00244272
-0.00251324
-0.00258351
-0.00265353
-0.00272329
-0.00279277
-0.00286198
-0.0029309
-0.00299952
-0.00306785
-0.00313586
-0.00320355
-0.00327092
-0.00333796
-0.00340465
-0.003471
-0.00353699
-0.00360261
-0.00366786
-0.00373273
-0.00379721
-0.0038613
-0.00392499
-0.00398827
-0.00405113
-0.00411356
-0.00417556
-0.00423713
-0.00429825
-0.00435891
-0.00441911
-0.00447885
-0.00453811
-0.00459689
-0.00465518
-0.00471298
-0.00477027
-0.00482706
-0.00488333
-0.00493907
-0.00499429
-0.00504897
-0.00510312
-0.00515671
-0.00520974
-0.00526222
-0.00531413
-0.00536547
-0.00541622
-0.00546639
-0.00551597
-0.00556495
-0.00561333
-0.0056611
-0.00570825
-0.00575478
-0.00580069
-0.00584596
-0.0058906
-0.00593459
-0.00597794
-0.00602063
-0.00606267
-0.00610404
-0.00614474
-0.00618477
-0.00622412
-0.00626279
-0.00630076
-0.00633805
-0.00637464
-0.00641052
-0.0064457
-0.00648017
-0.00651393
-0.00654696
-0.00657927
-0.00661086
-0.00664171
-0.00667183
-0.00670121
-0.00672984
-0.00675773
-0.00678487
-0.00681125
-0.00683688
-0.00686175
-0.00688586
-0.00690919
-0.00693176
-0.00695356
-0.00697458
-0.00699482
-0.00701428
-0.00703296
-0.00705085
-0.00706795
-0.00708426
-0.00709978
-0.0071145
-0.00712842
-0.00714155
-0.00715387
-0.00716539
-0.0071761
-0.00718601
-0.00719511
-0.0072034
-0.00721088
-0.00721754
-0.0072234
-0.00722843
-0.00723265
-0.00723606
-0.00723865
-0.00724041
-0.00724136
-0.00724149
-0.0072408
-0.00723929
-0.00723696
-0.00723381
-0.00722984
-0.00722504
-0.00721943
-0.00721299
-0.00720574
-0.00719766
-0.00718877
-0.00717906
-0.00716852
-0.00715717
-0.00714501
-0.00713203
-0.00711823
-0.00710362
-0.0070882
-0.00707196
-0.00705492
-0.00703707
-0.00701841
-0.00699894
-0.00697868
-0.00695761
-0.00693574
-0.00691308
-0.00688962
-0.00686537
-0.00684032
-0.00681449
-0.00678788
-0.00676047
-0.00673229
-0.00670334
-0.0066736
-0.0066431
-0.00661182
-0.00657978
-0.00654698
-0.00651342
-0.0064791
-0.00644403
-0.00640821
-0.00637165
-0.00633435
-0.0062963
-0.00625753
-0.00621802
-0.00617779
-0.00613684
-0.00609517
-0.00605279
-0.0060097
-0.0059659
-0.00592141
-0.00587622
-0.00583034
-0.00578378
-0.00573653
-0.00568862
-0.00564003
-0.00559077
-0.00554086
-0.00549029
-0.00543907
-0.00538721
-0.00533472
-0.00528158
-0.00522783
-0.00517345
-0.00511845
-0.00506285
-0.00500664
-0.00494984
-0.00489245
-0.00483447
-0.00477591
-0.00471678
-0.00465708
-0.00459682
-0.00453602
-0.00447466
-0.00441277
-0.00435034
-0.00428738
-0.00422391
-0.00415992
-0.00409543
-0.00403044
-0.00396496
-0.003899
-0.00383255
-0.00376564
-0.00369827
-0.00363044
-0.00356217
-0.00349345
-0.0034243
-0.00335473
-0.00328474
-0.00321434
-0.00314354
-0.00307234
-0.00300076
-0.0029288
-0.00285647
-0.00278378
-0.00271074
-0.00263735
-0.00256362
-0.00248956
-0.00241518
-0.00234049
-0.00226549
-0.0021902
-0.00211462
-0.00203876
-0.00196263
-0.00188623
-0.00180958
-0.00173269
-0.00165556
-0.0015782
-0.00150062
-0.00142283
-0.00134483
-0.00126665
-0.00118828
-0.00110973
-0.00103102
-0.000952144
-0.000873123
-0.00079396
-0.000714667
-0.00063525
-0.00055572
-0.000476085
-0.000396355
-0.000316537
-0.000236642
-0.000156678
-7.66546e-05
3.41957e-06
8.35353e-05
0.000163684
0.000243855
0.000324041
0.000404232
0.00048442
0.000564594
0.000644746
0.000724867
0.000804948
0.000884979
0.000964952
0.00104486
0.00112468
0.00120443
0.00128407
0.00136362
0.00144305
0.00152235
0.00160153
0.00168057
0.00175945
0.00183818
0.00191674
0.00199512
0.00207332
0.00215133
0.00222913
0.00230671
0.00238408
0.00246122
0.00253811
0.00261476
0.00269115
0.00276728
0.00284313
0.0029187
0.00299398
0.00306895
0.00314362
0.00321797
0.00329199
0.00336568
0.00343902
0.00351201
0.00358464
0.0036569
0.00372878
0.00380028
0.00387138
0.00394208
0.00401237
0.00408224
0.00415168
0.00422069
0.00428925
0.00435737
0.00442502
0.0044922
0.00455891
0.00462514
0.00469088
0.00475612
0.00482085
0.00488506
0.00494876
0.00501193
0.00507456
0.00513664
0.00519818
0.00525915
0.00531956
0.0053794
0.00543866
0.00549733
0.00555541
0.00561288
0.00566975
0.005726
0.00578163
0.00583664
0.00589101
0.00594474
0.00599782
0.00605024
0.00610201
0.00615311
0.00620354
0.00625328
0.00630235
0.00635072
0.0063984
0.00644537
0.00649164
0.00653719
0.00658202
0.00662613
0.00666951
0.00671215
0.00675405
0.00679521
0.00683561
0.00687526
0.00691415
0.00695227
0.00698963
0.0070262
0.007062
0.00709702
0.00713124
0.00716467
0.00719731
0.00722914
0.00726017
0.00729039
0.0073198
0.00734839
0.00737616
0.00740311
0.00742923
0.00745451
0.00747897
0.00750258
0.00752536
0.00754729
0.00756838
0.00758861
0.007608
0.00762653
0.0076442
0.00766101
0.00767696
0.00769205
0.00770626
0.00771961
0.00773209
0.0077437
0.00775444
0.00776429
0.00777327
0.00778137
0.00778859
0.00779493
0.00780039
0.00780496
0.00780865
0.00781145
0.00781337
0.00781439
0.00781454
0.00781379
0.00781215
0.00780963
0.00780621
0.00780191
0.00779672
0.00779064
0.00778367
0.00777581
0.00776706
0.00775743
0.00774691
0.00773551
0.00772322
0.00771004
0.00769598
0.00768105
0.00766523
0.00764853
0.00763095
0.0076125
0.00759317
0.00757297
0.0075519
0.00752995
0.00750715
0.00748347
0.00745894
0.00743354
0.00740729
0.00738018
0.00735222
0.00732341
0.00729376
0.00726326
0.00723191
0.00719974
0.00716672
0.00713288
0.0070982
0.00706271
0.00702639
0.00698926
0.00695131
0.00691256
0.006873
0.00683264
0.00679148
0.00674953
0.00670679
0.00666327
0.00661897
0.0065739
0.00652805
0.00648144
0.00643408
0.00638596
0.00633708
0.00628747
0.00623711
0.00618602
0.00613421
0.00608167
0.00602841
0.00597445
0.00591978
0.0058644
0.00580834
0.00575159
0.00569415
0.00563605
0.00557727
0.00551783
0.00545773
0.00539699
0.0053356
0.00527358
0.00521093
0.00514765
0.00508376
0.00501926
0.00495416
0.00488847
0.00482219
0.00475533
0.0046879
0.0046199
0.00455135
0.00448224
0.0044126
0.00434242
0.00427171
0.00420048
0.00412875
0.00405651
0.00398377
0.00391055
0.00383685
0.00376268
0.00368804
0.00361296
0.00353742
0.00346146
0.00338506
0.00330824
0.00323101
0.00315338
0.00307535
0.00299694
0.00291815
0.00283899
0.00275948
0.00267961
0.00259941
0.00251887
0.00243801
0.00235683
0.00227536
0.00219358
0.00211152
0.00202918
0.00194658
0.00186371
0.0017806
0.00169725
0.00161367
0.00152987
0.00144585
0.00136164
0.00127723
0.00119264
0.00110788
0.00102296
0.000937877
0.000852655
0.000767298
0.000681817
0.000596222
0.000510522
0.000424726
0.000338846
0.00025289
0.000166868
8.07908e-05
-5.33257e-06
-9.1492e-05
-0.000177678
-0.00026388
-0.000350088
-0.000436293
-0.000522485
-0.000608653
-0.000694788
-0.000780881
-0.00086692
-0.000952896
-0.0010388
-0.00112462
-0.00121035
-0.00129598
-0.00138149
-0.00146688
-0.00155214
-0.00163726
-0.00172222
-0.00180703
-0.00189166
-0.00197611
-0.00206037
-0.00214443
-0.00222828
-0.00231191
-0.00239531
-0.00247847
-0.00256138
-0.00264403
-0.00272642
-0.00280852
-0.00289034
-0.00297186
-0.00305307
-0.00313397
-0.00321454
-0.00329477
-0.00337466
-0.0034542
-0.00353338
-0.00361218
-0.0036906
-0.00376863
-0.00384626
-0.00392348
-0.00400028
-0.00407666
-0.00415259
-0.00422809
-0.00430313
-0.00437771
-0.00445181
-0.00452544
-0.00459857
-0.00467121
-0.00474334
-0.00481496
-0.00488605
-0.00495662
-0.00502664
-0.00509611
-0.00516503
-0.00523338
-0.00530116
-0.00536836
-0.00543497
-0.00550098
-0.00556639
-0.00563119
-0.00569536
-0.00575891
-0.00582182
-0.00588409
-0.00594571
-0.00600667
-0.00606697
-0.00612659
-0.00618553
-0.00624379
-0.00630135
-0.00635821
-0.00641437
-0.00646981
-0.00652453
-0.00657852
-0.00663178
-0.00668429
-0.00673606
-0.00678708
-0.00683734
-0.00688683
-0.00693555
-0.00698349
-0.00703065
-0.00707702
-0.00712259
-0.00716737
-0.00721134
-0.00725449
-0.00729684
-0.00733835
-0.00737905
-0.0074189
-0.00745793
-0.00749611
-0.00753344
-0.00756992
-0.00760555
-0.00764031
-0.00767422
-0.00770725
-0.00773941
-0.00777069
-0.00780109
-0.00783061
-0.00785923
-0.00788697
-0.0079138
-0.00793974
-0.00796478
-0.00798891
-0.00801213
-0.00803444
-0.00805583
-0.0080763
-0.00809586
-0.00811449
-0.00813219
-0.00814897
-0.00816481
-0.00817972
-0.0081937
-0.00820674
-0.00821884
-0.00823
-0.00824022
-0.00824949
-0.00825782
-0.0082652
-0.00827164
-0.00827712
-0.00828166
-0.00828525
-0.00828788
-0.00828956
-0.00829029
-0.00829006
-0.00828889
-0.00828675
-0.00828367
-0.00827963
-0.00827463
-0.00826869
-0.00826179
-0.00825393
-0.00824513
-0.00823537
-0.00822466
-0.00821301
-0.0082004
-0.00818685
-0.00817235
-0.0081569
-0.00814051
-0.00812318
-0.00810491
-0.0080857
-0.00806555
-0.00804447
-0.00802246
-0.00799952
-0.00797564
-0.00795085
-0.00792513
-0.00789849
-0.00787093
-0.00784245
-0.00781307
-0.00778278
-0.00775158
-0.00771948
-0.00768648
-0.00765259
-0.0076178
-0.00758213
-0.00754557
-0.00750814
-0.00746983
-0.00743064
-0.00739059
-0.00734968
-0.00730791
-0.00726529
-0.00722181
-0.00717749
-0.00713234
-0.00708635
-0.00703952
-0.00699188
-0.00694342
-0.00689414
-0.00684406
-0.00679317
-0.00674149
-0.00668901
-0.00663575
-0.00658171
-0.0065269
-0.00647133
-0.00641499
-0.0063579
-0.00630006
-0.00624148
-0.00618217
-0.00612213
-0.00606136
-0.00599989
-0.0059377
-0.00587482
-0.00581125
-0.00574699
-0.00568205
-0.00561644
-0.00555016
-0.00548324
-0.00541566
-0.00534744
-0.00527859
-0.00520912
-0.00513903
-0.00506833
-0.00499703
-0.00492514
-0.00485267
-0.00477962
-0.004706
-0.00463183
-0.0045571
-0.00448184
-0.00440604
-0.00432972
-0.00425288
-0.00417553
-0.00409769
-0.00401936
-0.00394056
-0.00386128
-0.00378154
-0.00370135
-0.00362072
-0.00353965
-0.00345817
-0.00337626
-0.00329396
-0.00321126
-0.00312817
-0.00304471
-0.00296089
-0.00287671
-0.00279218
-0.00270732
-0.00262213
-0.00253663
-0.00245082
-0.00236471
-0.00227832
-0.00219165
-0.00210472
-0.00201753
-0.0019301
-0.00184243
-0.00175454
-0.00166644
-0.00157813
-0.00148962
-0.00140094
-0.00131208
-0.00122306
-0.00113389
-0.00104458
-0.000955144
-0.000865584
-0.000775915
-0.000686148
-0.000596293
-0.000506362
-0.000416364
-0.00032631
-0.000236211
-0.000146079
-5.59223e-05
3.42469e-05
0.000124418
0.000214581
0.000304724
0.000394837
0.00048491
0.00057493
0.000664889
0.000754774
0.000844576
0.000934283
0.00102388
0.00111337
0.00120273
0.00129195
0.00138103
0.00146994
0.00155869
0.00164725
0.00173563
0.0018238
0.00191177
0.00199951
0.00208702
0.00217428
0.00226129
0.00234804
0.00243451
0.0025207
0.00260659
0.00269217
0.00277744
0.00286238
0.00294699
0.00303125
0.00311515
0.00319869
0.00328184
0.00336462
0.00344699
0.00352895
0.0036105
0.00369163
0.00377231
0.00385255
0.00393233
0.00401165
0.00409049
0.00416884
0.0042467
0.00432406
0.0044009
0.00447722
0.00455301
0.00462826
0.00470295
0.00477709
0.00485066
0.00492365
0.00499605
0.00506786
0.00513906
0.00520965
0.00527962
0.00534896
0.00541767
0.00548572
0.00555312
0.00561986
0.00568592
0.00575131
0.00581601
0.00588001
0.00594331
0.0060059
0.00606777
0.00612891
0.00618932
0.00624898
0.0063079
0.00636607
0.00642347
0.0064801
0.00653595
0.00659102
0.0066453
0.00669878
0.00675146
0.00680332
0.00685437
0.0069046
0.006954
0.00700256
0.00705028
0.00709716
0.00714318
0.00718834
0.00723264
0.00727606
0.00731862
0.00736029
0.00740107
0.00744097
0.00747997
0.00751807
0.00755527
0.00759155
0.00762692
0.00766137
0.0076949
0.0077275
0.00775918
0.00778991
0.00781971
0.00784856
0.00787647
0.00790343
0.00792944
0.00795449
0.00797858
0.0080017
0.00802387
0.00804506
0.00806528
0.00808454
0.00810281
0.00812011
0.00813643
0.00815176
0.00816612
0.00817948
0.00819186
0.00820325
0.00821365
0.00822306
0.00823148
0.0082389
0.00824533
0.00825076
0.00825519
0.00825863
0.00826108
0.00826252
0.00826297
0.00826242
0.00826087
0.00825833
0.00825479
0.00825025
0.00824472
0.00823819
0.00823067
0.00822215
0.00821265
0.00820215
0.00819066
0.00817819
0.00816472
0.00815028
0.00813485
0.00811844
0.00810105
0.00808269
0.00806335
0.00804304
0.00802176
0.00799952
0.00797631
0.00795214
0.00792702
0.00790094
0.00787391
0.00784593
0.00781701
0.00778716
0.00775636
0.00772464
0.00769198
0.00765841
0.00762391
0.0075885
0.00755218
0.00751496
0.00747683
0.00743781
0.0073979
0.0073571
0.00731543
0.00727288
0.00722946
0.00718518
0.00714004
0.00709405
0.00704722
0.00699954
0.00695103
0.0069017
0.00685155
0.00680058
0.0067488
0.00669623
0.00664286
0.0065887
0.00653377
0.00647807
0.00642159
0.00636437
0.00630639
0.00624767
0.00618822
0.00612804
0.00606714
0.00600553
0.00594322
0.00588021
0.00581652
0.00575215
0.00568711
0.00562141
0.00555506
0.00548807
0.00542044
0.00535219
0.00528332
0.00521384
0.00514377
0.00507311
0.00500187
0.00493006
0.00485769
0.00478477
0.00471131
0.00463732
0.00456281
0.00448778
0.00441226
0.00433624
0.00425975
0.00418278
0.00410535
0.00402748
0.00394916
0.00387042
0.00379126
0.00371168
0.00363172
0.00355136
0.00347063
0.00338954
0.00330809
0.0032263
0.00314418
0.00306174
0.00297898
0.00289593
0.00281259
0.00272898
0.0026451
0.00256097
0.00247659
0.00239199
0.00230717
0.00222213
0.00213691
0.0020515
0.00196591
0.00188017
0.00179427
0.00170824
0.00162208
0.00153581
0.00144943
0.00136297
0.00127642
0.00118981
0.00110314
0.00101643
0.000929684
0.000842921
0.00075615
0.000669384
0.000582632
0.000495909
0.000409226
0.000322594
0.000236025
0.000149532
6.31265e-05
-2.318e-05
-0.000109375
-0.000195448
-0.000281385
-0.000367176
-0.000452808
-0.00053827
-0.000623549
-0.000708635
-0.000793515
-0.000878177
-0.00096261
-0.0010468
-0.00113074
-0.00121442
-0.00129782
-0.00138093
-0.00146374
-0.00154624
-0.00162842
-0.00171027
-0.00179177
-0.00187291
-0.00195369
-0.00203409
-0.0021141
-0.00219371
-0.0022729
-0.00235167
-0.00243001
-0.0025079
-0.00258534
-0.0026623
-0.00273879
-0.0028148
-0.0028903
-0.00296529
-0.00303976
-0.0031137
-0.0031871
-0.00325995
-0.00333224
-0.00340395
-0.00347508
-0.00354563
-0.00361556
-0.00368489
-0.0037536
-0.00382167
-0.0038891
-0.00395589
-0.00402201
-0.00408747
-0.00415224
-0.00421633
-0.00427973
-0.00434241
-0.00440439
-0.00446564
-0.00452616
-0.00458594
-0.00464497
-0.00470325
-0.00476076
-0.0048175
-0.00487345
-0.00492862
-0.00498299
-0.00503656
-0.00508932
-0.00514126
-0.00519237
-0.00524265
-0.00529209
-0.00534068
-0.00538842
-0.0054353
-0.00548131
-0.00552645
-0.00557071
-0.00561408
-0.00565657
-0.00569815
-0.00573883
-0.00577861
-0.00581747
-0.00585541
-0.00589242
-0.00592851
-0.00596366
-0.00599788
-0.00603115
-0.00606347
-0.00609484
-0.00612526
-0.00615472
-0.00618321
-0.00621073
-0.00623729
-0.00626287
-0.00628747
-0.0063111
-0.00633374
-0.0063554
-0.00637606
-0.00639574
-0.00641443
-0.00643212
-0.00644881
-0.00646451
-0.00647921
-0.00649291
-0.0065056
-0.00651729
-0.00652798
-0.00653767
-0.00654635
-0.00655402
-0.00656069
-0.00656636
-0.00657102
-0.00657468
-0.00657733
-0.00657898
-0.00657963
-0.00657928
-0.00657792
-0.00657557
-0.00657223
-0.00656789
-0.00656256
-0.00655623
-0.00654893
-0.00654063
-0.00653136
-0.0065211
-0.00650987
-0.00649767
-0.00648449
-0.00647036
-0.00645526
-0.0064392
-0.00642219
-0.00640424
-0.00638534
-0.0063655
-0.00634473
-0.00632303
-0.0063004
-0.00627686
-0.00625241
-0.00622705
-0.0062008
-0.00617365
-0.00614562
-0.00611671
-0.00608692
-0.00605627
-0.00602476
-0.00599241
-0.00595921
-0.00592517
-0.00589032
-0.00585464
-0.00581815
-0.00578087
-0.00574279
-0.00570393
-0.0056643
-0.0056239
-0.00558275
-0.00554086
-0.00549823
-0.00545488
-0.00541082
-0.00536606
-0.0053206
-0.00527446
-0.00522766
-0.00518019
-0.00513208
-0.00508334
-0.00503397
-0.004984
-0.00493342
-0.00488226
-0.00483053
-0.00477824
-0.0047254
-0.00467203
-0.00461814
-0.00456374
-0.00450885
-0.00445348
-0.00439765
-0.00434136
-0.00428465
-0.00422751
-0.00416996
-0.00411203
-0.00405372
-0.00399505
-0.00393603
-0.00387669
-0.00381703
-0.00375708
-0.00369684
-0.00363635
-0.0035756
-0.00351463
-0.00345344
-0.00339205
-0.00333048
-0.00326876
-0.00320688
-0.00314488
-0.00308278
-0.00302058
-0.00295831
-0.00289598
-0.00283362
-0.00277124
-0.00270886
-0.00264651
-0.00258419
-0.00252193
-0.00245975
-0.00239767
-0.00233571
-0.00227388
-0.00221221
-0.00215072
-0.00208942
-0.00202835
-0.00196751
-0.00190693
-0.00184663
-0.00178663
-0.00172695
-0.00166761
-0.00160864
-0.00155005
-0.00149187
-0.00143412
-0.00137682
-0.00131999
-0.00126365
-0.00120783
-0.00115254
-0.00109782
-0.00104368
-0.000990142
-0.000937232
-0.000884973
-0.000833385
-0.000782494
-0.00073232
-0.000682888
-0.000634221
-0.000586341
-0.000539271
-0.000493037
-0.000447659
-0.000403163
-0.000359572
-0.000316909
-0.000275198
-0.000234463
-0.000194728
-0.000156016
-0.000118352
-8.17595e-05
-4.62628e-05
-1.1886e-05
2.13468e-05
5.34111e-05
8.42828e-05
0.000113938
0.000142351
0.000169498
0.000195356
0.000219898
0.000243101
0.00026494
0.000285391
0.000304428
0.000322028
0.000338165
0.000352814
0.000365952
0.000377553
0.000387593
0.000396047
0.000402889
0.000408096
0.000411642
0.000413503
0.000413654
0.000412071
0.000408727
0.000403599
0.000396662
0.000387892
0.000377262
0.00036475
0.000350329
0.000333976
0.000315666
0.000295374
0.000273075
0.000248746
0.000222361
0.000193897
0.000163328
0.000130631
9.57812e-05
5.8754e-05
1.95254e-05
-2.19287e-05
-6.56323e-05
-0.00011161
-0.000159885
-0.000210481
-0.000263423
-0.000318734
-0.000376437
-0.000436557
-0.000499118
-0.000564141
-0.000631651
-0.000701672
-0.000774225
-0.000849335
-0.000927025
-0.00100732
-0.00109023
-0.0011758
-0.00126403
-0.00135496
-0.0014486
-0.00154499
-0.00164413
-0.00174605
-0.00185077
-0.00195833
-0.00206872
-0.00218199
-0.00229815
-0.00241722
-0.00253922
-0.00266417
-0.0027921
-0.00292303
-0.00305697
-0.00319394
-0.00333398
-0.00347709
-0.00362329
-0.00377261
-0.00392507
-0.00408068
-0.00423947
-0.00440145
-0.00456664
-0.00473507
-0.00490674
-0.00508169
-0.00525992
-0.00544146
-0.00562631
-0.00581451
-0.00600607
-0.006201
-0.00639933
-0.00660106
-0.00680622
-0.00701482
-0.00722688
-0.00744242
-0.00766145
-0.00788398
-0.00811004
-0.00833963
-0.00857277
-0.00880949
-0.00904978
-0.00929367
-0.00954117
-0.00979229
-0.0100471
-0.0103055
-0.0105675
-0.0108333
-0.0111027
-0.0113759
-0.0116528
-0.0119333
-0.0122177
-0.0125057
-0.0127976
-0.0130932
-0.0133926
-0.0136958
-0.0140028
-0.0143136
-0.0146282
-0.0149466
-0.0152689
-0.0155951
-0.0159251
-0.016259
-0.0165967
-0.0169384
-0.0172839
-0.0176333
-0.0179867
-0.0183439
-0.0187051
-0.0190701
-0.0194391
-0.0198121
-0.020189
-0.0205698
-0.0209546
-0.0213433
-0.021736
-0.0221327
-0.0225333
-0.0229379
-0.0233465
-0.023759
-0.0241755
-0.024596
-0.0250205
-0.0254489
-0.0258814
-0.0263178
-0.0267582
-0.0272026
-0.0276509
-0.0281033
-0.0285596
-0.0290199
-0.0294842
-0.0299525
-0.0304247
-0.0309009
-0.0313811
-0.0318652
-0.0323533
-0.0328454
-0.0333414
-0.0338414
-0.0343453
-0.0348531
-0.0353649
-0.0358806
-0.0364003
-0.0369238
-0.0374513
-0.0379826
-0.0385179
-0.039057
-0.0396
-0.0401469
-0.0406977
-0.0412523
-0.0418107
-0.042373
-0.0429391
-0.043509
-0.0440827
-0.0446602
-0.0452415
-0.0458265
-0.0464153
-0.0470079
-0.0476041
-0.0482041
-0.0488078
-0.0494152
-0.0500262
-0.0506409
-0.0512593
-0.0518813
-0.0525069
-0.0531361
-0.0537688
-0.0544052
-0.0550451
-0.0556885
-0.0563354
-0.0569858
-0.0576397
-0.0582971
-0.0589579
-0.0596221
-0.0602897
-0.0609607
-0.0616351
-0.0623128
-0.0629938
-0.0636781
-0.0643657
-0.0650566
-0.0657507
-0.0664479
-0.0671484
-0.0678521
-0.0685588
-0.0692687
-0.0699817
-0.0706978
-0.0714168
-0.072139
-0.0728641
-0.0735921
-0.0743231
-0.075057
-0.0757938
-0.0765335
-0.077276
-0.0780213
-0.0787694
-0.0795202
-0.0802737
-0.08103
-0.0817889
-0.0825504
-0.0833145
-0.0840812
-0.0848504
-0.0856222
-0.0863964
-0.0871731
-0.0879522
-0.0887336
-0.0895175
-0.0903036
-0.0910921
-0.0918827
-0.0926757
-0.0934708
-0.094268
-0.0950674
-0.0958688
-0.0966723
-0.0974779
-0.0982854
-0.0990948
-0.0999062
-0.100719
-0.101534
-0.102351
-0.10317
-0.10399
-0.104812
-0.105636
-0.106461
-0.107288
-0.108117
-0.108947
-0.109778
-0.110611
-0.111445
-0.11228
-0.113117
-0.113955
-0.114795
-0.115635
-0.116477
-0.11732
-0.118163
-0.119008
-0.119854
-0.120701
-0.121548
-0.122397
-0.123246
-0.124096
-0.124947
-0.125799
-0.126651
-0.127503
-0.128357
-0.129211
-0.130065
-0.130919
-0.131775
-0.13263
-0.133486
-0.134342
-0.135198
-0.136054
-0.13691
-0.137767
-0.138623
-0.13948
-0.140336
-0.141193
-0.142049
-0.142905
-0.14376
-0.144616
-0.145471
-0.146326
-0.14718
-0.148034
-0.148887
-0.149739
-0.150591
-0.151443
-0.152294
-0.153143
-0.153992
-0.154841
-0.155688
-0.156534
-0.15738
-0.158224
-0.159067
-0.159909
-0.16075
-0.16159
-0.162428
-0.163266
-0.164101
-0.164936
-0.165768
-0.1666
-0.167429
-0.168257
-0.169084
-0.169908
-0.170731
-0.171553
-0.172372
-0.173189
-0.174005
-0.174818
-0.175629
-0.176439
-0.177246
-0.178051
-0.178854
-0.179654
-0.180452
-0.181248
-0.182041
-0.182832
-0.18362
-0.184406
-0.185189
-0.185969
-0.186747
-0.187522
-0.188294
-0.189063
-0.18983
-0.190593
-0.191354
-0.192111
-0.192865
-0.193616
-0.194364
-0.195109
-0.19585
-0.196589
-0.197323
-0.198055
-0.198783
-0.199507
-0.200228
-0.200945
-0.201659
-0.202368
-0.203075
-0.203777
-0.204476
-0.20517
-0.205861
-0.206548
-0.207231
-0.20791
-0.208584
-0.209255
-0.209921
-0.210583
-0.211241
-0.211895
-0.212544
-0.213189
-0.213829
-0.214465
-0.215097
-0.215724
-0.216346
-0.216964
-0.217577
-0.218185
-0.218789
-0.219387
-0.219981
-0.22057
-0.221154
-0.221733
-0.222307
-0.222877
-0.223441
-0.223999
-0.224553
-0.225102
-0.225645
-0.226183
-0.226716
-0.227243
-0.227765
-0.228282
-0.228793
-0.229299
-0.229799
-0.230294
-0.230783
-0.231266
-0.231744
-0.232216
-0.232682
-0.233143
-0.233598
-0.234047
-0.23449
-0.234927
-0.235359
-0.235784
-0.236204
-0.236617
-0.237024
-0.237426
-0.237821
-0.23821
-0.238593
-0.23897
-0.23934
-0.239705
-0.240063
-0.240414
-0.24076
-0.241099
-0.241432
-0.241758
-0.242078
-0.242391
-0.242698
-0.242999
-0.243293
-0.24358
-0.243861
-0.244136
-0.244403
-0.244664
-0.244919
-0.245166
-0.245407
-0.245642
-0.245869
-0.24609
-0.246304
-0.246512
-0.246712
-0.246906
-0.247092
-0.247272
-0.247445
-0.247612
-0.247771
-0.247923
-0.248069
-0.248207
-0.248339
-0.248463
-0.248581
-0.248691
-0.248795
-0.248891
-0.248981
-0.249063
-0.249138
-0.249207
-0.249268
-0.249322
-0.249369
-0.249409
-0.249442
-0.249467
-0.249486
-0.249497
-0.249501
-0.249499
-0.249489
-0.249471
-0.249447
-0.249416
-0.249377
-0.249331
-0.249278
-0.249218
-0.249151
-0.249076
-0.248994
-0.248905
-0.248809
-0.248706
-0.248596
-0.248478
-0.248353
-0.248222
-0.248083
-0.247936
-0.247783
-0.247622
-0.247455
-0.24728
-0.247098
-0.246909
-0.246713
-0.246509
-0.246299
-0.246081
-0.245857
-0.245625
-0.245386
-0.24514
-0.244888
-0.244628
-0.244361
-0.244087
-0.243806
-0.243518
-0.243223
-0.242921
-0.242612
-0.242296
-0.241974
-0.241644
-0.241307
-0.240964
-0.240614
-0.240257
-0.239893
-0.239522
-0.239145
-0.23876
-0.238369
-0.237971
-0.237567
-0.237156
-0.236738
-0.236313
-0.235882
-0.235445
-0.235
-0.234549
-0.234092
-0.233628
-0.233158
-0.232681
-0.232198
-0.231708
-0.231212
-0.23071
-0.230201
-0.229686
-0.229164
-0.228637
-0.228103
-0.227563
-0.227017
-0.226465
-0.225906
-0.225342
-0.224771
-0.224195
-0.223612
-0.223024
-0.22243
-0.221829
-0.221223
-0.220611
-0.219994
-0.21937
-0.218741
-0.218106
-0.217466
-0.21682
-0.216168
-0.215511
-0.214849
-0.21418
-0.213507
-0.212828
-0.212144
-0.211454
-0.210759
-0.210059
-0.209354
-0.208644
-0.207928
-0.207208
-0.206482
-0.205752
-0.205016
-0.204276
-0.20353
-0.20278
-0.202025
-0.201266
-0.200501
-0.199732
-0.198959
-0.19818
-0.197398
-0.196611
-0.195819
-0.195023
-0.194223
-0.193418
-0.192609
-0.191796
-0.190979
-0.190158
-0.189332
-0.188503
-0.18767
-0.186832
-0.185991
-0.185146
-0.184298
-0.183445
-0.182589
-0.181729
-0.180866
-0.179999
-0.179129
-0.178255
-0.177378
-0.176497
-0.175613
-0.174726
-0.173836
-0.172943
-0.172046
-0.171147
-0.170244
-0.169339
-0.168431
-0.167519
-0.166606
-0.165689
-0.16477
-0.163848
-0.162923
-0.161997
-0.161067
-0.160135
-0.159201
-0.158265
-0.157326
-0.156385
-0.155442
-0.154497
-0.15355
-0.152601
-0.15165
-0.150697
-0.149742
-0.148785
-0.147827
-0.146867
-0.145906
-0.144943
-0.143978
-0.143012
-0.142045
-0.141076
-0.140106
-0.139135
-0.138162
-0.137189
-0.136214
-0.135239
-0.134262
-0.133285
-0.132306
-0.131327
-0.130347
-0.129367
-0.128386
-0.127404
-0.126422
-0.125439
-0.124456
-0.123473
-0.122489
-0.121505
-0.120521
-0.119536
-0.118552
-0.117567
-0.116583
-0.115599
-0.114614
-0.11363
-0.112646
-0.111663
-0.11068
-0.109697
-0.108715
-0.107733
-0.106751
-0.105771
-0.104791
-0.103811
-0.102833
-0.101855
-0.100878
-0.0999023
-0.0989273
-0.0979534
-0.0969805
-0.0960088
-0.0950382
-0.0940689
-0.0931008
-0.0921341
-0.0911688
-0.0902049
-0.0892425
-0.0882816
-0.0873223
-0.0863646
-0.0854087
-0.0844544
-0.083502
-0.0825513
-0.0816026
-0.0806558
-0.0797109
-0.0787681
-0.0778273
-0.0768887
-0.0759523
-0.075018
-0.074086
-0.0731564
-0.0722291
-0.0713041
-0.0703817
-0.0694617
-0.0685443
-0.0676294
-0.0667172
-0.0658077
-0.0649009
-0.0639968
-0.0630956
-0.0621972
-0.0613017
-0.0604091
-0.0595195
-0.0586329
-0.0577494
-0.0568691
-0.0559918
-0.0551178
-0.0542469
-0.0533794
-0.0525152
-0.0516543
-0.0507968
-0.0499428
-0.0490922
-0.0482451
-0.0474016
-0.0465616
-0.0457253
-0.0448927
-0.0440637
-0.0432385
-0.0424171
-0.0415995
-0.0407857
-0.0399758
-0.0391698
-0.0383678
-0.0375697
-0.0367757
-0.0359857
-0.0351998
-0.0344181
-0.0336404
-0.032867
-0.0320978
-0.0313328
-0.0305721
-0.0298157
-0.0290637
-0.028316
-0.0275728
-0.0268339
-0.0260995
-0.0253696
-0.0246443
-0.0239234
-0.0232072
-0.0224955
-0.0217884
-0.021086
-0.0203883
-0.0196953
-0.019007
-0.0183234
-0.0176446
-0.0169706
-0.0163015
-0.0156371
-0.0149777
-0.0143231
-0.0136735
-0.0130287
-0.0123889
-0.0117541
-0.0111243
-0.0104995
-0.00987972
-0.00926499
-0.00865533
-0.00805075
-0.00745127
-0.00685691
-0.00626769
-0.00568361
-0.00510471
-0.00453099
-0.00396246
-0.00339914
-0.00284105
-0.0022882
-0.0017406
-0.00119827
-0.00066121
-0.000129441
0.000397029
0.000918188
0.00143403
0.00194453
0.0024497
0.00294951
0.00344397
0.00393306
0.00441677
0.0048951
0.00536805
0.00583559
0.00629774
0.00675447
0.0072058
0.0076517
0.00809219
0.00852724
0.00895687
0.00938107
0.00979983
0.0102132
0.010621
0.0110235
0.0114205
0.011812
0.0121982
0.0125788
0.0129541
0.0133239
0.0136882
0.0140471
0.0144006
0.0147487
0.0150913
0.0154285
0.0157603
0.0160867
0.0164077
0.0167232
0.0170334
0.0173382
0.0176375
0.0179316
0.0182202
0.0185035
0.0187814
0.019054
0.0193212
0.0195832
0.0198398
0.0200911
0.0203371
0.0205778
0.0208132
0.0210434
0.0212684
0.0214881
0.0217026
0.0219119
0.022116
0.0223149
0.0225086
0.0226972
0.0228807
0.0230591
0.0232323
0.0234005
0.0235636
0.0237216
0.0238746
0.0240227
0.0241657
0.0243037
0.0244368
0.0245649
0.0246882
0.0248065
0.02492
0.0250286
0.0251323
0.0252313
0.0253255
0.0254149
0.0254996
0.0255795
0.0256548
0.0257253
0.0257913
0.0258526
0.0259093
0.0259614
0.026009
0.0260521
0.0260906
0.0261247
0.0261544
0.0261796
0.0262005
0.026217
0.0262292
0.026237
0.0262406
0.0262399
0.0262351
0.026226
0.0262128
0.0261954
0.026174
0.0261484
0.0261189
0.0260853
0.0260478
0.0260063
0.0259609
0.0259117
0.0258586
0.0258016
0.0257409
0.0256765
0.0256083
0.0255365
0.025461
0.0253819
0.0252992
0.025213
0.0251233
0.0250301
0.0249335
0.0248334
0.02473
0.0246233
0.0245133
0.0244
0.0242835
0.0241638
0.024041
0.023915
0.023786
0.0236539
0.0235189
0.0233809
0.0232399
0.0230961
0.0229494
0.0228
0.0226477
0.0224928
0.0223351
0.0221748
0.0220118
0.0218463
0.0216783
0.0215078
0.0213348
0.0211594
0.0209816
0.0208015
0.0206191
0.0204344
0.0202475
0.0200585
0.0198673
0.019674
0.0194787
0.0192813
0.019082
0.0188808
0.0186776
0.0184727
0.0182659
0.0180574
0.0178471
0.0176352
0.0174216
0.0172064
0.0169897
0.0167714
0.0165517
0.0163306
0.016108
0.0158842
0.015659
0.0154325
0.0152049
0.014976
0.014746
0.014515
0.0142828
0.0140497
0.0138156
0.0135806
0.0133447
0.0131079
0.0128704
0.012632
0.012393
0.0121533
0.011913
0.0116721
0.0114306
0.0111886
0.0109462
0.0107033
0.0104601
0.0102165
0.00997265
0.00972853
0.00948419
0.00923968
0.00899504
0.00875031
0.00850554
0.00826076
0.00801601
0.00777134
0.00752679
0.0072824
0.00703821
0.00679426
0.00655058
0.00630723
0.00606425
0.00582166
0.00557952
0.00533786
0.00509673
0.00485615
0.00461619
0.00437686
0.00413822
0.0039003
0.00366314
0.00342678
0.00319126
0.00295662
0.0027229
0.00249014
0.00225837
0.00202763
0.00179797
0.00156941
0.00134201
0.00111579
0.000890793
0.000667058
0.000444622
0.000223522
3.7942e-06
-0.000214524
-0.000431396
-0.000646784
-0.000860654
-0.00107297
-0.00128369
-0.00149279
-0.00170022
-0.00190596
-0.00210996
-0.00231219
-0.00251262
-0.00271122
-0.00290794
-0.00310275
-0.00329563
-0.00348653
-0.00367542
-0.00386227
-0.00404705
-0.00422971
-0.00441024
-0.0045886
-0.00476475
-0.00493866
-0.00511031
-0.00527965
-0.00544666
-0.00561131
-0.00577356
-0.00593339
-0.00609077
-0.00624565
-0.00639802
-0.00654785
-0.0066951
-0.00683974
-0.00698176
-0.00712111
-0.00725776
-0.0073917
-0.00752289
-0.00765131
-0.00777692
-0.0078997
-0.00801963
-0.00813667
-0.00825079
-0.00836199
-0.00847021
-0.00857545
-0.00867768
-0.00877686
-0.00887298
-0.00896601
-0.00905592
-0.0091427
-0.00922631
-0.00930674
-0.00938396
-0.00945794
-0.00952867
-0.00959612
-0.00966027
-0.00972109
-0.00977858
-0.00983269
-0.00988342
-0.00993073
-0.00997462
-0.0100151
-0.010052
-0.0100855
-0.0101155
-0.0101419
-0.0101648
-0.0101841
-0.0101999
-0.010212
-0.0102205
-0.0102254
-0.0102266
-0.0102241
-0.010218
-0.0102081
-0.0101945
-0.0101772
-0.0101561
-0.0101313
-0.0101026
-0.0100702
-0.0100339
-0.00999381
-0.00994988
-0.00990208
-0.00985041
-0.00979485
-0.00973539
-0.00967203
-0.00960473
-0.0095335
-0.00945833
-0.00937919
-0.00929607
-0.00920898
-0.00911789
-0.0090228
-0.00892369
-0.00882055
-0.00871339
-0.00860217
-0.00848691
-0.00836757
-0.00824417
-0.00811669
-0.00798512
-0.00784945
-0.00770968
-0.0075658
-0.0074178
-0.00726567
-0.00710941
-0.00694902
-0.00678447
-0.00661578
-0.00644293
-0.00626592
-0.00608474
-0.00589939
-0.00570986
-0.00551615
-0.00531826
-0.00511617
-0.0049099
-0.00469942
-0.00448475
-0.00426588
-0.0040428
-0.00381551
-0.00358401
-0.0033483
-0.00310837
-0.00286423
-0.00261588
-0.0023633
-0.00210651
-0.0018455
-0.00158026
-0.00131081
-0.00103714
-0.000759246
-0.000477133
-0.000190801
9.97487e-05
0.000394515
0.000693498
0.000996695
0.0013041
0.00161572
0.00193155
0.00225159
0.00257583
0.00290427
0.00323691
0.00357374
0.00391477
0.00425998
0.00460938
0.00496296
0.00532072
0.00568265
0.00604875
0.00641902
0.00679344
0.00717202
0.00755475
0.00794162
0.00833263
0.00872778
0.00912705
0.00953045
0.00993796
0.0103496
0.0107653
0.0111851
0.011609
0.012037
0.0124691
0.0129052
0.0133455
0.0137897
0.014238
0.0146904
0.0151468
0.0156072
0.0160716
0.01654
0.0170125
0.0174889
0.0179693
0.0184537
0.018942
0.0194343
0.0199306
0.0204308
0.0209349
0.021443
0.0219549
0.0224708
0.0229906
0.0235142
0.0240417
0.0245731
0.0251083
0.0256474
0.0261903
0.0267371
0.0272876
0.027842
0.0284002
0.0289621
0.0295278
0.0300973
0.0306705
0.0312475
0.0318282
0.0324126
0.0330008
0.0335926
0.0341881
0.0347873
0.0353902
0.0359967
0.0366069
0.0372207
0.0378381
0.0384591
0.0390838
0.039712
0.0403438
0.0409792
0.0416181
0.0422606
0.0429066
0.0435561
0.0442092
0.0448657
0.0455258
0.0461893
0.0468562
0.0475267
0.0482006
0.0488779
0.0495586
0.0502427
0.0509303
0.0516212
0.0523155
0.0530132
0.0537142
0.0544186
0.0551263
0.0558373
0.0565517
0.0572693
0.0579902
0.0587144
0.0594419
0.0601726
0.0609066
0.0616438
0.0623842
0.0631279
0.0638747
0.0646248
0.065378
0.0661344
0.066894
0.0676567
0.0684225
0.0691915
0.0699636
0.0707389
0.0715172
0.0722986
0.0730831
0.0738706
0.0746613
0.0754549
0.0762517
0.0770514
0.0778542
0.07866
0.0794688
0.0802806
0.0810954
0.0819132
0.0827339
0.0835576
0.0843843
0.0852139
0.0860464
0.0868819
0.0877202
0.0885615
0.0894057
0.0902528
0.0911028
0.0919557
0.0928114
0.09367
0.0945315
0.0953958
0.096263
0.097133
0.0980058
0.0988815
0.0997599
0.100641
0.101525
0.102412
0.103302
0.104194
0.10509
0.105988
0.106888
0.107792
0.108698
0.109607
0.110519
0.111434
0.112351
0.113271
0.114194
0.115119
0.116047
0.116978
0.117912
0.118848
0.119787
0.120729
0.121673
0.122621
0.12357
0.124523
0.125478
0.126436
0.127397
0.12836
0.129326
0.130294
0.131265
0.132239
0.133216
0.134195
0.135177
0.136162
0.137149
0.138139
0.139131
0.140126
0.141124
0.142125
0.143128
0.144134
0.145142
0.146153
0.147167
0.148184
0.149203
0.150224
0.151249
0.152276
0.153306
0.154338
0.155373
0.156411
0.157451
0.158494
0.15954
0.160588
0.161639
0.162693
0.163749
0.164808
0.16587
0.166934
0.168001
0.169071
0.170144
0.171219
0.172297
0.173377
0.17446
0.175546
0.176635
0.177726
0.178821
0.179917
0.181017
0.182119
0.183224
0.184332
0.185443
0.186556
0.187672
0.188791
0.189912
0.191036
0.192164
0.193293
0.194426
0.195562
0.1967
0.197841
0.198985
0.200131
0.201281
0.202433
0.203588
0.204746
0.205907
0.207071
0.208237
0.209407
0.210579
0.211754
0.212932
0.214113
0.215297
0.216484
0.217673
0.218866
0.220061
0.22126
0.222461
0.223665
0.224873
0.226083
0.227296
0.228512
0.229731
0.230954
0.232179
0.233407
0.234638
0.235872
0.23711
0.23835
0.239593
0.24084
0.242089
0.243342
0.244597
0.245856
0.247118
0.248383
0.249651
0.250922
0.252196
0.253473
0.254754
0.256038
0.257324
0.258614
0.259908
0.261204
0.262504
0.263806
0.265112
0.266421
0.267734
0.269049
0.270368
0.27169
0.273016
0.274344
0.275676
0.277012
0.27835
0.279692
0.281037
0.282385
0.283737
0.285092
0.28645
0.287812
0.289177
0.290545
0.291917
0.293292
0.29467
0.296052
0.297437
0.298826
0.300218
0.301613
0.303012
0.304414
0.305819
0.307228
0.308641
0.310057
0.311476
0.312899
0.314325
0.315755
0.317188
0.318625
0.320065
0.321508
0.322955
0.324406
0.32586
0.327317
0.328778
0.330243
0.331711
0.333182
0.334657
0.336136
0.337618
0.339103
0.340592
0.342085
0.343581
0.345081
0.346584
0.348091
0.349601
0.351115
0.352632
0.354153
0.355678
0.357206
0.358737
0.360272
0.361811
0.363353
0.364898
0.366448
0.368
0.369557
0.371116
0.37268
0.374247
0.375817
0.377391
0.378969
0.38055
0.382134
0.383722
0.385314
0.386909
0.388507
0.390109
0.391715
0.393324
0.394936
0.396552
0.398172
0.399795
0.401421
0.403051
0.404685
0.406321
0.407962
0.409605
0.411252
0.412903
0.414557
0.416214
0.417875
0.419539
0.421207
0.422877
0.424552
0.426229
0.42791
0.429594
0.431282
0.432972
0.434667
0.436364
0.438065
0.439768
0.441476
0.443186
0.4449
0.446616
0.448336
0.450059
0.451786
0.453515
0.455248
0.456983
0.458722
0.460464
0.462209
0.463957
0.465708
0.467462
0.469219
0.470978
0.472741
0.474507
0.476276
0.478047
0.479822
0.481599
0.483379
0.485162
0.486948
0.488737
0.490528
0.492322
0.494119
0.495918
0.49772
0.499525
0.501332
0.503142
0.504954
0.506769
0.508587
0.510407
0.512229
0.514054
0.515881
0.517711
0.519543
0.521377
0.523213
0.525052
0.526893
0.528736
0.530582
0.532429
0.534279
0.536131
0.537985
0.53984
0.541698
0.543558
0.545419
0.547283
0.549148
0.551015
0.552884
0.554755
0.556628
0.558502
0.560377
0.562255
0.564134
0.566014
0.567896
0.569779
0.571664
0.57355
0.575438
0.577327
0.579217
0.581108
0.583001
0.584895
0.586789
0.588685
0.590582
0.59248
0.594379
0.596278
0.598179
0.60008
0.601983
0.603885
0.605789
0.607693
0.609598
0.611503
0.613409
0.615315
0.617222
0.619129
0.621037
0.622944
0.624852
0.62676
0.628669
0.630577
0.632485
0.634394
0.636302
0.63821
0.640118
0.642026
0.643933
0.64584
0.647747
0.649654
0.65156
0.653465
0.65537
0.657274
0.659178
0.66108
0.662983
0.664884
0.666784
0.668683
0.670582
0.672479
0.674376
0.676271
0.678164
0.680057
0.681948
0.683838
0.685727
0.687614
0.689499
0.691383
0.693265
0.695146
0.697024
0.698901
0.700776
0.702649
0.70452
0.706389
0.708256
0.71012
0.711982
0.713842
0.7157
0.717555
0.719408
0.721258
0.723106
0.724951
0.726793
0.728632
0.730469
0.732303
0.734133
0.735961
0.737786
0.739607
0.741425
0.74324
0.745052
0.74686
0.748664
0.750466
0.752263
0.754057
0.755847
0.757634
0.759416
0.761195
0.762969
0.76474
0.766507
0.768269
0.770027
0.771781
0.77353
0.775276
0.777016
0.778752
0.780484
0.78221
0.783932
0.78565
0.787362
0.789069
0.790772
0.792469
0.794161
0.795848
0.79753
0.799206
0.800877
0.802543
0.804203
0.805858
0.807507
0.80915
0.810787
0.812419
0.814044
0.815664
0.817278
0.818885
0.820486
0.822082
0.82367
0.825253
0.826829
0.828399
0.829962
0.831518
0.833068
0.834611
0.836147
0.837677
0.839199
0.840714
0.842223
0.843724
0.845218
0.846705
0.848185
0.849657
0.851122
0.852579
0.854028
0.855471
0.856905
0.858332
0.85975
0.861161
0.862564
0.863959
0.865346
0.866725
0.868096
0.869458
0.870813
0.872158
0.873496
0.874825
0.876145
0.877457
0.87876
0.880055
0.88134
0.882617
0.883885
0.885144
0.886394
0.887635
0.888867
0.89009
0.891304
0.892508
0.893703
0.894888
0.896064
0.897231
0.898388
0.899535
0.900673
0.901801
0.902919
0.904027
0.905126
0.906214
0.907293
0.908361
0.90942
0.910468
0.911506
0.912534
0.913552
0.914559
0.915556
0.916542
0.917518
0.918483
0.919438
0.920382
0.921316
0.922238
0.92315
0.924052
0.924942
0.925821
0.92669
0.927547
0.928393
0.929229
0.930053
0.930866
0.931668
0.932458
0.933237
0.934005
0.934762
0.935507
0.936241
0.936963
0.937673
0.938372
0.93906
0.939736
0.9404
0.941052
0.941693
0.942321
0.942938
0.943543
0.944137
0.944718
0.945287
0.945845
0.94639
0.946923
0.947444
0.947953
0.94845
0.948935
0.949408
0.949868
0.950316
0.950752
0.951175
0.951586
0.951985
0.952371
0.952745
0.953106
0.953455
0.953792
0.954116
0.954427
0.954726
0.955012
0.955286
0.955547
0.955796
0.956032
0.956255
0.956465
0.956663
0.956848
0.957021
0.95718
0.957327
0.957461
0.957582
0.957691
0.957786
0.957869
0.957939
0.957996
0.958041
0.958072
0.958091
0.958097
0.958089
0.958069
0.958036
0.95799
0.957932
0.95786
0.957775
0.957678
0.957567
0.957444
0.957308
0.957158
0.956996
0.956821
0.956633
0.956432
0.956218
0.955992
0.955752
0.955499
0.955234
0.954956
0.954664
0.95436
0.954043
0.953713
0.953371
0.953015
0.952647
0.952266
0.951872
0.951465
0.951045
0.950613
0.950168
0.94971
0.949239
0.948756
0.94826
0.947751
0.947229
0.946695
0.946149
0.945589
0.945017
0.944433
0.943836
0.943226
0.942604
0.94197
0.941323
0.940664
0.939992
0.939308
0.938611
0.937902
0.937181
0.936447
0.935702
0.934944
0.934174
0.933391
0.932597
0.931791
0.930972
0.930141
0.929299
0.928444
0.927578
0.9267
0.925809
0.924907
0.923993
0.923068
0.922131
0.921182
0.920221
0.919249
0.918265
0.91727
0.916263
0.915245
0.914216
0.913175
0.912122
0.911059
0.909984
0.908899
0.907802
0.906694
0.905575
0.904445
0.903304
0.902152
0.900989
0.899816
0.898632
0.897437
0.896231
0.895015
0.893788
0.892551
0.891304
0.890046
0.888778
0.887499
0.88621
0.884911
0.883602
0.882283
0.880954
0.879615
0.878267
0.876908
0.87554
0.874162
0.872774
0.871377
0.86997
0.868553
0.867128
0.865693
0.864248
0.862795
0.861332
0.859861
0.85838
0.85689
0.855391
0.853884
0.852368
0.850843
0.849309
0.847767
0.846217
0.844658
0.84309
0.841515
0.839931
0.838339
0.836739
0.83513
0.833514
0.83189
0.830258
0.828619
0.826972
0.825317
0.823654
0.821984
0.820307
0.818623
0.816931
0.815232
0.813526
0.811813
0.810093
0.808366
0.806632
0.804892
0.803145
0.801391
0.799631
0.797865
0.796092
0.794313
0.792527
0.790736
0.788938
0.787135
0.785325
0.78351
0.781689
0.779862
0.77803
0.776193
0.77435
0.772501
0.770647
0.768788
0.766924
0.765055
0.763181
0.761302
0.759419
0.75753
0.755637
0.75374
0.751838
0.749931
0.74802
0.746105
0.744186
0.742263
0.740336
0.738404
0.736469
0.734531
0.732588
0.730642
0.728692
0.726739
0.724783
0.722823
0.72086
0.718894
0.716925
0.714954
0.712979
0.711001
0.709021
0.707038
0.705052
0.703064
0.701074
0.699081
0.697086
0.695089
0.69309
0.691089
0.689086
0.687081
0.685074
0.683066
0.681056
0.679044
0.677032
0.675017
0.673002
0.670985
0.668967
0.666949
0.664929
0.662908
0.660887
0.658864
0.656842
0.654818
0.652794
0.65077
0.648745
0.64672
0.644695
0.64267
0.640645
0.63862
0.636595
0.63457
0.632545
0.630521
0.628497
0.626474
0.624451
0.622429
0.620408
0.618387
0.616368
0.614349
0.612331
0.610315
0.608299
0.606285
0.604272
0.602261
0.600251
0.598242
0.596235
0.59423
0.592227
0.590225
0.588225
0.586227
0.584232
0.582238
0.580246
0.578257
0.57627
0.574285
0.572303
0.570323
0.568346
0.566372
0.5644
0.562431
0.560464
0.558501
0.556541
0.554583
0.552629
0.550678
0.54873
0.546785
0.544844
0.542906
0.540971
0.53904
0.537113
0.535189
0.533269
0.531352
0.52944
0.527531
0.525626
0.523726
0.521829
0.519936
0.518048
0.516164
0.514283
0.512408
0.510536
0.50867
0.506807
0.504949
0.503096
0.501247
0.499403
0.497564
0.495729
0.4939
0.492075
0.490255
0.48844
0.48663
0.484826
0.483026
0.481232
0.479442
0.477658
0.47588
0.474106
0.472338
0.470576
0.468819
0.467067
0.465321
0.463581
0.461846
0.460117
0.458393
0.456676
0.454964
0.453258
0.451558
0.449864
0.448175
0.446493
0.444817
0.443146
0.441482
0.439824
0.438172
0.436526
0.434887
0.433254
0.431627
0.430006
0.428391
0.426783
0.425182
0.423586
0.421997
0.420415
0.418839
0.41727
0.415707
0.414151
0.412601
0.411058
0.409522
0.407992
0.406469
0.404952
0.403442
0.40194
0.400443
0.398954
0.397471
0.395995
0.394526
0.393064
0.391609
0.39016
0.388719
0.387284
0.385856
0.384435
0.383022
0.381615
0.380215
0.378822
0.377436
0.376056
0.374684
0.373319
0.371961
0.37061
0.369266
0.367929
0.366599
0.365276
0.363961
0.362652
0.36135
0.360055
0.358768
0.357487
0.356214
0.354947
0.353688
0.352435
0.35119
0.349952
0.348721
0.347497
0.346279
0.345069
0.343866
0.34267
0.341481
0.3403
0.339125
0.337957
0.336796
0.335642
0.334495
0.333355
0.332222
0.331096
0.329977
0.328865
0.327759
0.326661
0.32557
0.324485
0.323407
0.322336
0.321272
0.320215
0.319165
0.318121
0.317084
0.316054
0.315031
0.314014
0.313004
0.312001
0.311004
0.310014
0.309031
0.308054
0.307084
0.306121
0.305164
0.304213
0.303269
0.302331
0.3014
0.300476
0.299557
0.298645
0.29774
0.29684
0.295947
0.295061
0.29418
0.293306
0.292438
0.291576
0.29072
0.28987
0.289026
0.288189
0.287357
0.286531
0.285712
0.284898
0.28409
0.283288
0.282491
0.281701
0.280916
0.280137
0.279364
0.278596
0.277834
0.277077
0.276326
0.275581
0.274841
0.274106
0.273377
0.272653
0.271935
0.271222
0.270514
0.269811
0.269113
0.268421
0.267734
0.267051
0.266374
0.265702
0.265035
0.264372
0.263715
0.263062
0.262414
0.261771
0.261132
0.260498
0.259869
0.259244
0.258624
0.258009
0.257397
0.256791
0.256188
0.25559
0.254996
0.254407
0.253821
0.25324
0.252663
0.25209
0.251521
0.250956
0.250395
0.249837
0.249284
0.248734
0.248189
0.247646
0.247108
0.246573
0.246042
0.245514
0.24499
0.244469
0.243951
0.243437
0.242927
0.242419
0.241915
0.241414
0.240916
0.240421
0.239929
0.23944
0.238954
0.238471
0.23799
0.237513
0.237038
0.236566
0.236097
0.23563
0.235166
0.234704
0.234245
0.233788
0.233334
0.232882
0.232432
0.231985
0.23154
0.231096
0.230655
0.230217
0.22978
0.229345
0.228912
0.228481
0.228051
0.227624
0.227198
0.226774
0.226352
0.225931
0.225512
0.225094
0.224678
0.224263
0.22385
0.223438
0.223027
0.222618
0.22221
0.221803
0.221397
0.220992
0.220588
0.220185
0.219784
0.219383
0.218983
0.218583
0.218185
0.217787
0.21739
0.216994
0.216598
0.216203
0.215809
0.215415
0.215021
0.214628
0.214235
0.213843
0.21345
0.213058
0.212667
0.212275
0.211884
0.211493
0.211101
0.21071
0.210319
0.209928
0.209536
0.209145
0.208753
0.208361
0.207969
0.207577
0.207184
0.206791
0.206398
0.206004
0.20561
0.205215
0.20482
0.204425
0.204028
0.203631
0.203234
0.202835
0.202436
0.202037
0.201636
0.201235
0.200833
0.20043
0.200026
0.199621
0.199215
0.198809
0.198401
0.197992
0.197582
0.197171
0.196759
0.196346
0.195931
0.195515
0.195099
0.19468
0.194261
0.19384
0.193418
0.192995
0.19257
0.192144
0.191716
0.191287
0.190856
0.190424
0.18999
0.189555
0.189119
0.18868
0.18824
0.187799
0.187356
0.186911
0.186464
0.186016
0.185566
0.185114
0.184661
0.184206
0.183749
0.18329
0.182829
0.182367
0.181903
0.181437
0.180969
0.180499
0.180027
0.179553
0.179078
0.1786
0.17812
0.177639
0.177155
0.17667
0.176183
0.175693
0.175202
0.174708
0.174213
0.173715
0.173216
0.172714
0.17221
0.171704
0.171197
0.170687
0.170175
0.169661
0.169144
0.168626
0.168106
0.167583
0.167059
0.166532
0.166003
0.165472
0.164939
0.164404
0.163867
0.163328
0.162786
0.162243
0.161697
0.161149
0.160599
0.160047
0.159493
0.158937
0.158379
0.157818
0.157256
0.156691
0.156125
0.155556
0.154985
0.154412
0.153837
0.15326
0.152681
0.1521
0.151517
0.150932
0.150345
0.149756
0.149165
0.148572
0.147977
0.147381
0.146782
0.146181
0.145578
0.144974
0.144367
0.143759
0.143148
0.142536
0.141922
0.141307
0.140689
0.14007
0.139448
0.138825
0.138201
0.137574
0.136946
0.136316
0.135685
0.135051
0.134417
0.13378
0.133142
0.132502
0.131861
0.131218
0.130574
0.129928
0.129281
0.128632
0.127981
0.12733
0.126677
0.126022
0.125366
0.124709
0.12405
0.123391
0.122729
0.122067
0.121403
0.120739
0.120073
0.119405
0.118737
0.118068
0.117397
0.116726
0.116053
0.11538
0.114705
0.11403
0.113353
0.112676
0.111998
0.111319
0.110639
0.109958
0.109277
0.108594
0.107912
0.107228
0.106544
0.105859
0.105174
0.104488
0.103801
0.103114
0.102427
0.101739
0.101051
0.100362
0.0996731
0.0989838
0.0982942
0.0976043
0.0969142
0.0962239
0.0955334
0.0948428
0.094152
0.0934613
0.0927704
0.0920796
0.0913888
0.0906981
0.0900074
0.0893169
0.0886265
0.0879363
0.0872463
0.0865566
0.0858671
0.085178
0.0844893
0.0838009
0.0831129
0.0824254
0.0817383
0.0810518
0.0803659
0.0796805
0.0789957
0.0783116
0.0776281
0.0769454
0.0762635
0.0755823
0.0749019
0.0742224
0.0735438
0.0728661
0.0721893
0.0715135
0.0708388
0.0701651
0.0694925
0.068821
0.0681507
0.0674815
0.0668136
0.0661469
0.0654816
0.0648175
0.0641548
0.0634935
0.0628336
0.0621752
0.0615183
0.0608628
0.060209
0.0595567
0.0589061
0.0582571
0.0576098
0.0569642
0.0563203
0.0556783
0.0550381
0.0543997
0.0537632
0.0531286
0.052496
0.0518654
0.0512367
0.0506101
0.0499856
0.0493632
0.048743
0.0481249
0.047509
0.0468953
0.0462839
0.0456748
0.045068
0.0444636
0.0438616
0.043262
0.0426648
0.0420701
0.0414779
0.0408883
0.0403012
0.0397167
0.0391348
0.0385556
0.0379791
0.0374053
0.0368342
0.0362659
0.0357003
0.0351376
0.0345778
0.0340208
0.0334667
0.0329156
0.0323674
0.0318222
0.03128
0.0307409
0.0302048
0.0296718
0.0291419
0.0286152
0.0280916
0.0275712
0.027054
0.0265401
0.0260294
0.025522
0.0250179
0.0245172
0.0240198
0.0235258
0.0230351
0.0225479
0.0220642
0.0215839
0.0211071
0.0206338
0.020164
0.0196978
0.0192351
0.0187761
0.0183206
0.0178688
0.0174206
0.0169761
0.0165353
0.0160982
0.0156648
0.0152351
0.0148092
0.0143871
0.0139688
0.0135543
0.0131436
0.0127367
0.0123337
0.0119345
0.0115393
0.0111479
0.0107605
0.010377
0.00999743
0.00962181
0.00925017
0.0088825
0.00851883
0.00815917
0.00780352
0.0074519
0.00710432
0.00676079
0.00642133
0.00608593
0.00575461
0.00542739
0.00510426
0.00478524
0.00447034
0.00415957
0.00385292
0.00355042
0.00325206
0.00295786
0.00266782
0.00238194
0.00210024
0.00182271
0.00154937
0.00128021
0.00101525
0.000754478
0.000497907
0.000245538
-2.62456e-06
-0.000246579
-0.000486324
-0.000721856
-0.000953175
-0.00118028
-0.00140317
-0.00162184
-0.00183629
-0.00204653
-0.00225255
-0.00245436
-0.00265195
-0.00284533
-0.0030345
-0.00321946
-0.00340022
-0.00357677
-0.00374913
-0.00391728
-0.00408125
-0.00424103
-0.00439662
-0.00454804
-0.00469528
-0.00483836
-0.00497728
-0.00511204
-0.00524266
-0.00536913
-0.00549147
-0.00560969
-0.00572378
-0.00583377
-0.00593966
-0.00604145
-0.00613917
-0.00623281
-0.00632239
-0.00640792
-0.00648941
-0.00656686
-0.0066403
-0.00670973
-0.00677517
-0.00683663
-0.00689411
-0.00694764
-0.00699722
-0.00704288
-0.00708462
-0.00712246
-0.00715641
-0.00718649
-0.00721271
-0.00723509
-0.00725364
-0.00726839
-0.00727934
-0.00728652
-0.00728994
-0.00728962
-0.00728557
-0.00727781
-0.00726637
-0.00725126
-0.0072325
-0.00721011
-0.00718411
-0.00715451
-0.00712134
-0.00708462
-0.00704437
-0.00700061
-0.00695336
-0.00690264
-0.00684847
-0.00679088
-0.00672989
-0.00666552
-0.00659779
-0.00652672
-0.00645235
-0.00637468
-0.00629376
-0.00620959
-0.0061222
-0.00603163
-0.00593789
-0.00584101
-0.00574101
-0.00563792
-0.00553176
-0.00542256
-0.00531036
-0.00519516
-0.005077
-0.00495591
-0.00483191
-0.00470504
-0.00457531
-0.00444275
-0.0043074
-0.00416928
-0.00402842
-0.00388485
-0.00373859
-0.00358968
-0.00343815
-0.00328401
-0.00312732
-0.00296808
-0.00280633
-0.00264211
-0.00247544
-0.00230635
-0.00213487
-0.00196104
-0.00178488
-0.00160643
-0.00142571
-0.00124276
-0.00105761
-0.000870284
-0.000680824
-0.000489256
-0.000295614
-9.99289e-05
9.77668e-05
0.000297441
0.000499061
0.000702594
0.000908009
0.00111527
0.00132435
0.00153521
0.00174782
0.00196214
0.00217815
0.00239581
0.00261508
0.00283594
0.00305835
0.00328227
0.00350767
0.00373452
0.00396278
0.00419243
0.00442342
0.00465572
0.0048893
0.00512412
0.00536015
0.00559736
0.0058357
0.00607516
0.00631568
0.00655725
0.00679981
0.00704334
0.00728781
0.00753318
0.00777941
0.00802647
0.00827433
0.00852295
0.0087723
0.00902233
0.00927303
0.00952435
0.00977625
0.0100287
0.0102817
0.0105352
0.0107891
0.0110434
0.0112981
0.0115532
0.0118085
0.0120642
0.0123201
0.0125762
0.0128325
0.0130889
0.0133454
0.013602
0.0138587
0.0141153
0.0143719
0.0146285
0.0148849
0.0151413
0.0153974
0.0156534
0.0159092
0.0161646
0.0164198
0.0166747
0.0169292
0.0171833
0.017437
0.0176902
0.0179429
0.0181951
0.0184468
0.0186978
0.0189483
0.019198
0.0194471
0.0196955
0.0199432
0.02019
0.0204361
0.0206813
0.0209256
0.021169
0.0214115
0.0216531
0.0218936
0.0221332
0.0223716
0.022609
0.0228453
0.0230804
0.0233144
0.0235471
0.0237787
0.0240089
0.0242379
0.0244656
0.0246919
0.0249169
0.0251405
0.0253626
0.0255833
0.0258025
0.0260202
0.0262363
0.0264509
0.026664
0.0268754
0.0270851
0.0272933
0.0274997
0.0277044
0.0279073
0.0281085
0.028308
0.0285056
0.0287013
0.0288952
0.0290873
0.0292774
0.0294656
0.0296518
0.0298361
0.0300183
0.0301986
0.0303768
0.030553
0.030727
0.030899
0.0310688
0.0312365
0.031402
0.0315654
0.0317265
0.0318855
0.0320421
0.0321965
0.0323487
0.0324985
0.032646
0.0327912
0.0329341
0.0330746
0.0332126
0.0333483
0.0334816
0.0336124
0.0337408
0.0338668
0.0339902
0.0341112
0.0342296
0.0343455
0.0344589
0.0345698
0.034678
0.0347837
0.0348869
0.0349874
0.0350853
0.0351805
0.0352732
0.0353632
0.0354505
0.0355352
0.0356172
0.0356965
0.0357731
0.035847
0.0359182
0.0359866
0.0360524
0.0361153
0.0361756
0.0362331
0.0362878
0.0363397
0.0363889
0.0364353
0.0364789
0.0365197
0.0365577
0.0365929
0.0366253
0.0366549
0.0366817
0.0367056
0.0367268
0.0367451
0.0367606
0.0367732
0.036783
0.03679
0.0367941
0.0367954
0.0367939
0.0367895
0.0367823
0.0367723
0.0367594
0.0367437
0.0367251
0.0367037
0.0366795
0.0366525
0.0366226
0.0365899
0.0365544
0.036516
0.0364749
0.0364309
0.0363841
0.0363345
0.0362822
0.036227
0.036169
0.0361083
0.0360448
0.0359785
0.0359095
0.0358377
0.0357631
0.0356858
0.0356058
0.0355231
0.0354376
0.0353494
0.0352586
0.035165
0.0350688
0.0349699
0.0348683
0.0347641
0.0346572
0.0345478
0.0344357
0.034321
0.0342037
0.0340838
0.0339614
0.0338364
0.0337088
0.0335788
0.0334462
0.0333111
0.0331735
0.0330335
0.032891
0.032746
0.0325986
0.0324488
0.0322967
0.0321421
0.0319851
0.0318258
0.0316642
0.0315002
0.031334
0.0311655
0.0309947
0.0308216
0.0306463
0.0304688
0.0302892
0.0301073
0.0299233
0.0297371
0.0295489
0.0293585
0.029166
0.0289715
0.028775
0.0285764
0.0283758
0.0281733
0.0279688
0.0277624
0.027554
0.0273438
0.0271317
0.0269177
0.0267019
0.0264843
0.0262649
0.0260438
0.0258209
0.0255963
0.0253701
0.0251421
0.0249125
0.0246813
0.0244485
0.0242141
0.0239782
0.0237408
0.0235018
0.0232614
0.0230195
0.0227762
0.0225315
0.0222854
0.022038
0.0217892
0.0215391
0.0212878
0.0210352
0.0207814
0.0205264
0.0202702
0.0200129
0.0197545
0.019495
0.0192344
0.0189727
0.0187101
0.0184464
0.0181819
0.0179163
0.0176499
0.0173826
0.0171144
0.0168454
0.0165757
0.0163051
0.0160338
0.0157618
0.0154891
0.0152158
0.0149418
0.0146672
0.014392
0.0141163
0.0138401
0.0135634
0.0132862
0.0130086
0.0127305
0.0124521
0.0121734
0.0118943
0.0116149
0.0113352
0.0110553
0.0107752
0.0104949
0.0102145
0.0099339
0.00965322
0.00937247
0.00909167
0.00881086
0.00853006
0.0082493
0.00796861
0.00768802
0.00740754
0.00712722
0.00684708
0.00656715
0.00628745
0.00600801
0.00572887
0.00545004
0.00517156
0.00489345
0.00461574
0.00433846
0.00406163
0.00378529
0.00350946
0.00323416
0.00295943
0.00268529
0.00241176
0.00213888
0.00186667
0.00159516
0.00132438
0.00105434
0.000785086
0.000516632
0.000249008
-1.7761e-05
-0.000283648
-0.000548628
-0.000812675
-0.00107576
-0.00133787
-0.00159896
-0.00185902
-0.00211802
-0.00237594
-0.00263275
-0.00288842
-0.00314293
-0.00339626
-0.00364839
-0.00389928
-0.00414891
-0.00439727
-0.00464432
-0.00489005
-0.00513443
-0.00537743
-0.00561904
-0.00585923
-0.00609798
-0.00633526
-0.00657106
-0.00680535
-0.00703811
-0.00726931
-0.00749895
-0.00772698
-0.0079534
-0.00817818
-0.0084013
-0.00862275
-0.00884249
-0.00906051
-0.00927679
-0.00949131
-0.00970405
-0.00991499
-0.0101241
-0.0103314
-0.0105368
-0.0107404
-0.010942
-0.0111418
-0.0113396
-0.0115355
-0.0117293
-0.0119213
-0.0121112
-0.0122991
-0.0124849
-0.0126687
-0.0128505
-0.0130302
-0.0132077
-0.0133832
-0.0135565
-0.0137277
-0.0138967
-0.0140635
-0.0142282
-0.0143906
-0.0145508
-0.0147089
-0.0148646
-0.0150181
-0.0151693
-0.0153183
-0.0154649
-0.0156093
-0.0157513
-0.015891
-0.0160284
-0.0161634
-0.016296
-0.0164263
-0.0165542
-0.0166797
-0.0168028
-0.0169234
-0.0170417
-0.0171575
-0.0172709
-0.0173818
-0.0174903
-0.0175963
-0.0176998
-0.0178008
-0.0178994
-0.0179955
-0.018089
-0.0181801
-0.0182686
-0.0183547
-0.0184382
-0.0185191
-0.0185976
-0.0186735
-0.0187468
-0.0188176
-0.0188859
-0.0189516
-0.0190147
-0.0190753
-0.0191333
-0.0191888
-0.0192416
-0.0192919
-0.0193397
-0.0193848
-0.0194274
-0.0194674
-0.0195048
-0.0195397
-0.019572
-0.0196017
-0.0196288
-0.0196533
-0.0196753
-0.0196947
-0.0197115
-0.0197258
-0.0197375
-0.0197466
-0.0197531
-0.0197571
-0.0197586
-0.0197575
-0.0197538
-0.0197476
-0.0197389
-0.0197276
-0.0197138
-0.0196975
-0.0196786
-0.0196573
-0.0196334
-0.019607
-0.0195782
-0.0195468
-0.019513
-0.0194767
-0.0194379
-0.0193966
-0.019353
-0.0193068
-0.0192583
-0.0192073
-0.0191539
-0.019098
-0.0190398
-0.0189792
-0.0189162
-0.0188509
-0.0187832
-0.0187131
-0.0186408
-0.0185661
-0.018489
-0.0184097
-0.0183281
-0.0182442
-0.0181581
-0.0180697
-0.017979
-0.0178862
-0.0177911
-0.0176938
-0.0175944
-0.0174927
-0.017389
-0.017283
-0.017175
-0.0170648
-0.0169526
-0.0168382
-0.0167218
-0.0166034
-0.0164829
-0.0163604
-0.0162359
-0.0161094
-0.015981
-0.0158506
-0.0157182
-0.015584
-0.0154478
-0.0153098
-0.0151699
-0.0150281
-0.0148846
-0.0147392
-0.014592
-0.0144431
-0.0142924
-0.01414
-0.0139859
-0.0138301
-0.0136726
-0.0135135
-0.0133527
-0.0131903
-0.0130263
-0.0128608
-0.0126937
-0.012525
-0.0123549
-0.0121833
-0.0120102
-0.0118357
-0.0116597
-0.0114823
-0.0113036
-0.0111235
-0.0109421
-0.0107593
-0.0105753
-0.01039
-0.0102034
-0.0100157
-0.00982669
-0.00963654
-0.00944523
-0.0092528
-0.00905925
-0.00886463
-0.00866894
-0.00847221
-0.00827447
-0.00807575
-0.00787605
-0.00767542
-0.00747386
-0.00727142
-0.0070681
-0.00686394
-0.00665896
-0.00645318
-0.00624663
-0.00603933
-0.00583131
-0.00562259
-0.0054132
-0.00520316
-0.00499249
-0.00478123
-0.00456939
-0.004357
-0.00414409
-0.00393068
-0.0037168
-0.00350247
-0.00328771
-0.00307256
-0.00285703
-0.00264116
-0.00242496
-0.00220846
-0.00199169
-0.00177468
-0.00155744
-0.00134001
-0.00112241
-0.000904659
-0.000686789
-0.000468825
-0.00025079
-3.27116e-05
0.000185387
0.000403479
0.00062154
0.000839545
0.00105747
0.00127528
0.00149297
0.0017105
0.00192784
0.00214498
0.00236189
0.00257854
0.0027949
0.00301097
0.0032267
0.00344207
0.00365706
0.00387165
0.00408581
0.00429951
0.00451273
0.00472545
0.00493765
0.00514929
0.00536035
0.00557082
0.00578066
0.00598985
0.00619838
0.0064062
0.00661331
0.00681968
0.00702528
0.00723009
0.00743409
0.00763725
0.00783956
0.00804098
0.0082415
0.00844109
0.00863973
0.00883741
0.00903408
0.00922974
0.00942437
0.00961793
0.00981041
0.0100018
0.010192
0.0103811
0.0105691
0.0107558
0.0109414
0.0111257
0.0113087
0.0114905
0.011671
0.0118502
0.012028
0.0122045
0.0123797
0.0125534
0.0127257
0.0128966
0.0130661
0.013234
0.0134005
0.0135655
0.013729
0.0138909
0.0140512
0.01421
0.0143672
0.0145228
0.0146767
0.014829
0.0149796
0.0151286
0.0152758
0.0154214
0.0155652
0.0157073
0.0158476
0.0159861
0.0161228
0.0162578
0.0163909
0.0165221
0.0166516
0.0167791
0.0169048
0.0170286
0.0171505
0.0172704
0.0173885
0.0175046
0.0176187
0.0177308
0.017841
0.0179492
0.0180554
0.0181595
0.0182617
0.0183617
0.0184598
0.0185558
0.0186497
0.0187415
0.0188312
0.0189188
0.0190043
0.0190877
0.019169
0.0192481
0.0193251
0.0193999
0.0194726
0.0195431
0.0196114
0.0196775
0.0197415
0.0198032
0.0198628
0.0199201
0.0199752
0.0200281
0.0200787
0.0201272
0.0201733
0.0202173
0.020259
0.0202984
0.0203356
0.0203705
0.0204032
0.0204336
0.0204617
0.0204875
0.0205111
0.0205324
0.0205514
0.0205681
0.0205826
0.0205948
0.0206047
0.0206123
0.0206176
0.0206206
0.0206214
0.0206198
0.020616
0.0206099
0.0206015
0.0205908
0.0205779
0.0205627
0.0205451
0.0205254
0.0205033
0.020479
0.0204524
0.0204236
0.0203925
0.0203591
0.0203235
0.0202857
0.0202456
0.0202033
0.0201587
0.0201119
0.0200629
0.0200117
0.0199583
0.0199027
0.0198449
0.0197849
0.0197227
0.0196583
0.0195918
0.0195231
0.0194523
0.0193793
0.0193042
0.019227
0.0191477
0.0190662
0.0189827
0.018897
0.0188093
0.0187195
0.0186277
0.0185338
0.0184379
0.01834
0.01824
0.018138
0.0180341
0.0179282
0.0178203
0.0177105
0.0175987
0.017485
0.0173693
0.0172518
0.0171324
0.0170111
0.0168879
0.0167629
0.0166361
0.0165075
0.016377
0.0162448
0.0161107
0.015975
0.0158374
0.0156982
0.0155572
0.0154146
0.0152703
0.0151243
0.0149766
0.0148273
0.0146764
0.014524
0.0143699
0.0142143
0.0140571
0.0138984
0.0137382
0.0135765
0.0134133
0.0132487
0.0130826
0.0129152
0.0127463
0.012576
0.0124044
0.0122315
0.0120572
0.0118816
0.0117048
0.0115266
0.0113473
0.0111667
0.0109849
0.010802
0.0106178
0.0104326
0.0102462
0.0100587
0.00987013
0.00968051
0.00948986
0.00929819
0.00910553
0.0089119
0.00871733
0.00852182
0.00832541
0.00812812
0.00792996
0.00773097
0.00753115
0.00733055
0.00712917
0.00692704
0.00672418
0.00652062
0.00631638
0.00611148
0.00590594
0.00569979
0.00549305
0.00528574
0.00507789
0.00486951
0.00466064
0.0044513
0.0042415
0.00403128
0.00382065
0.00360964
0.00339827
0.00318657
0.00297455
0.00276226
0.00254969
0.00233689
0.00212387
0.00191066
0.00169729
0.00148376
0.00127012
0.00105638
0.000842566
0.000628702
0.000414812
0.00020092
-1.29506e-05
-0.000226776
-0.000440532
-0.000654195
-0.000867741
-0.00108115
-0.00129439
-0.00150744
-0.00172029
-0.0019329
-0.00214525
-0.00235731
-0.00256908
-0.00278051
-0.00299159
-0.0032023
-0.0034126
-0.00362248
-0.00383192
-0.00404089
-0.00424937
-0.00445733
-0.00466475
-0.00487161
-0.00507788
-0.00528355
-0.00548859
-0.00569298
-0.00589669
-0.0060997
-0.00630199
-0.00650354
-0.00670433
-0.00690433
-0.00710351
-0.00730187
-0.00749937
-0.007696
-0.00789173
-0.00808654
-0.00828041
-0.00847332
-0.00866525
-0.00885617
-0.00904607
-0.00923492
-0.0094227
-0.00960939
-0.00979498
-0.00997943
-0.0101627
-0.0103449
-0.0105258
-0.0107056
-0.0108841
-0.0110613
-0.0112373
-0.011412
-0.0115854
-0.0117575
-0.0119282
-0.0120975
-0.0122655
-0.0124321
-0.0125972
-0.0127609
-0.0129231
-0.0130839
-0.0132432
-0.013401
-0.0135572
-0.0137119
-0.013865
-0.0140166
-0.0141665
-0.0143149
-0.0144616
-0.0146067
-0.0147501
-0.0148918
-0.0150319
-0.0151702
-0.0153068
-0.0154417
-0.0155748
-0.0157061
-0.0158357
-0.0159635
-0.0160894
-0.0162135
-0.0163358
-0.0164563
-0.0165749
-0.0166916
-0.0168064
-0.0169193
-0.0170302
-0.0171393
-0.0172464
-0.0173516
-0.0174548
-0.017556
-0.0176552
-0.0177525
-0.0178477
-0.0179409
-0.0180321
-0.0181212
-0.0182083
-0.0182933
-0.0183763
-0.0184572
-0.018536
-0.0186127
-0.0186873
-0.0187598
-0.0188302
-0.0188984
-0.0189645
-0.0190285
-0.0190903
-0.0191499
-0.0192074
-0.0192627
-0.0193159
-0.0193669
-0.0194156
-0.0194622
-0.0195066
-0.0195488
-0.0195888
-0.0196266
-0.0196621
-0.0196954
-0.0197266
-0.0197554
-0.0197821
-0.0198065
-0.0198287
-0.0198486
-0.0198663
-0.0198818
-0.019895
-0.019906
-0.0199147
-0.0199212
-0.0199254
-0.0199274
-0.0199271
-0.0199246
-0.0199198
-0.0199128
-0.0199036
-0.0198921
-0.0198783
-0.0198623
-0.019844
-0.0198236
-0.0198008
-0.0197759
-0.0197487
-0.0197193
-0.0196876
-0.0196538
-0.0196177
-0.0195794
-0.0195388
-0.0194961
-0.0194512
-0.0194041
-0.0193548
-0.0193032
-0.0192496
-0.0191937
-0.0191357
-0.0190755
-0.0190131
-0.0189486
-0.018882
-0.0188132
-0.0187423
-0.0186693
-0.0185942
-0.0185169
-0.0184376
-0.0183562
-0.0182727
-0.0181871
-0.0180995
-0.0180098
-0.0179181
-0.0178244
-0.0177286
-0.0176309
-0.0175311
-0.0174294
-0.0173256
-0.01722
-0.0171123
-0.0170027
-0.0168912
-0.0167778
-0.0166625
-0.0165453
-0.0164262
-0.0163052
-0.0161824
-0.0160578
-0.0159313
-0.015803
-0.0156729
-0.0155411
-0.0154074
-0.0152721
-0.0151349
-0.0149961
-0.0148555
-0.0147133
-0.0145694
-0.0144238
-0.0142766
-0.0141278
-0.0139773
-0.0138252
-0.0136716
-0.0135164
-0.0133597
-0.0132014
-0.0130416
-0.0128804
-0.0127176
-0.0125535
-0.0123878
-0.0122208
-0.0120523
-0.0118825
-0.0117113
-0.0115388
-0.0113649
-0.0111897
-0.0110133
-0.0108355
-0.0106565
-0.0104763
-0.0102949
-0.0101123
-0.00992856
-0.00974364
-0.0095576
-0.00937045
-0.00918221
-0.00899291
-0.00880256
-0.0086112
-0.00841882
-0.00822547
-0.00803116
-0.00783591
-0.00763975
-0.00744269
-0.00724475
-0.00704597
-0.00684636
-0.00664594
-0.00644474
-0.00624277
-0.00604006
-0.00583664
-0.00563252
-0.00542773
-0.00522229
-0.00501623
-0.00480956
-0.00460231
-0.0043945
-0.00418615
-0.0039773
-0.00376795
-0.00355814
-0.00334789
-0.00313722
-0.00292615
-0.00271471
-0.00250293
-0.00229082
-0.0020784
-0.00186571
-0.00165277
-0.00143959
-0.00122621
-0.00101264
-0.000798915
-0.000585054
-0.000371081
-0.00015702
5.71057e-05
0.000271271
0.000485453
0.000699628
0.000913772
0.00112786
0.00134187
0.00155578
0.00176956
0.00198319
0.00219665
0.0024099
0.00262294
0.00283573
0.00304825
0.00326048
0.00347239
0.00368397
0.00389517
0.00410599
0.0043164
0.00452638
0.0047359
0.00494493
0.00515346
0.00536146
0.00556891
0.00577579
0.00598207
0.00618772
0.00639274
0.00659708
0.00680074
0.00700368
0.00720589
0.00740734
0.00760801
0.00780788
0.00800692
0.00820511
0.00840243
0.00859886
0.00879438
0.00898895
0.00918257
0.00937521
0.00956685
0.00975747
0.00994704
0.0101355
0.010323
0.0105093
0.0106944
0.0108785
0.0110613
0.011243
0.0114234
0.0116026
0.0117806
0.0119573
0.0121327
0.0123068
0.0124795
0.0126509
0.012821
0.0129896
0.0131568
0.0133226
0.013487
0.0136498
0.0138112
0.0139711
0.0141295
0.0142863
0.0144416
0.0145953
0.0147474
0.0148979
0.0150467
0.0151939
0.0153395
0.0154834
0.0156255
0.015766
0.0159047
0.0160417
0.016177
0.0163104
0.0164421
0.016572
0.0167
0.0168262
0.0169506
0.0170731
0.0171937
0.0173124
0.0174293
0.0175442
0.0176571
0.0177681
0.0178772
0.0179843
0.0180894
0.0181925
0.0182936
0.0183927
0.0184897
0.0185847
0.0186777
0.0187685
0.0188573
0.018944
0.0190287
0.0191112
0.0191915
0.0192698
0.0193459
0.0194199
0.0194917
0.0195614
0.0196288
0.0196941
0.0197572
0.0198182
0.0198769
0.0199334
0.0199876
0.0200397
0.0200895
0.0201371
0.0201824
0.0202255
0.0202663
0.0203049
0.0203412
0.0203752
0.020407
0.0204365
0.0204637
0.0204886
0.0205112
0.0205315
0.0205495
0.0205652
0.0205786
0.0205897
0.0205985
0.020605
0.0206092
0.020611
0.0206105
0.0206078
0.0206027
0.0205953
0.0205856
0.0205735
0.0205592
0.0205425
0.0205235
0.0205022
0.0204786
0.0204527
0.0204244
0.0203939
0.0203611
0.0203259
0.0202885
0.0202488
0.0202067
0.0201624
0.0201158
0.020067
0.0200158
0.0199624
0.0199067
0.0198488
0.0197886
0.0197261
0.0196614
0.0195945
0.0195254
0.019454
0.0193804
0.0193046
0.0192266
0.0191464
0.019064
0.0189794
0.0188927
0.0188038
0.0187128
0.0186196
0.0185242
0.0184268
0.0183272
0.0182256
0.0181218
0.018016
0.0179081
0.0177981
0.0176861
0.017572
0.0174559
0.0173378
0.0172177
0.0170956
0.0169716
0.0168455
0.0167175
0.0165876
0.0164558
0.016322
0.0161864
0.0160488
0.0159094
0.0157681
0.015625
0.0154801
0.0153334
0.0151849
0.0150345
0.0148825
0.0147287
0.0145731
0.0144159
0.0142569
0.0140963
0.013934
0.01377
0.0136045
0.0134373
0.0132685
0.0130981
0.0129262
0.0127528
0.0125778
0.0124013
0.0122234
0.012044
0.0118631
0.0116808
0.0114971
0.011312
0.0111256
0.0109378
0.0107486
0.0105582
0.0103665
0.0101735
0.00997929
0.00978384
0.00958718
0.00938935
0.00919035
0.00899021
0.00878896
0.00858661
0.00838319
0.00817871
0.00797321
0.0077667
0.0075592
0.00735074
0.00714134
0.00693102
0.0067198
0.00650772
0.00629478
0.00608102
0.00586646
0.00565111
0.00543502
0.00521818
0.00500065
0.00478242
0.00456353
0.00434401
0.00412387
0.00390315
0.00368185
0.00346002
0.00323767
0.00301483
0.00279151
0.00256776
0.00234358
0.00211901
0.00189407
0.00166879
0.00144318
0.00121728
0.000991109
0.00076469
0.000538049
0.000311212
8.42031e-05
-0.000142952
-0.000370228
-0.000597601
-0.000825045
-0.00105254
-0.00128005
-0.00150755
-0.00173503
-0.00196245
-0.0021898
-0.00241704
-0.00264415
-0.0028711
-0.00309787
-0.00332444
-0.00355078
-0.00377686
-0.00400266
-0.00422815
-0.00445331
-0.00467812
-0.00490254
-0.00512656
-0.00535015
-0.00557328
-0.00579592
-0.00601807
-0.00623968
-0.00646073
-0.00668121
-0.00690107
-0.00712031
-0.0073389
-0.0075568
-0.007774
-0.00799047
-0.00820619
-0.00842113
-0.00863528
-0.00884859
-0.00906106
-0.00927265
-0.00948335
-0.00969312
-0.00990195
-0.0101098
-0.0103167
-0.0105225
-0.0107273
-0.0109311
-0.0111338
-0.0113353
-0.0115357
-0.011735
-0.0119331
-0.01213
-0.0123257
-0.0125201
-0.0127133
-0.0129051
-0.0130957
-0.0132849
-0.0134728
-0.0136593
-0.0138444
-0.0140281
-0.0142103
-0.0143911
-0.0145704
-0.0147482
-0.0149244
-0.0150992
-0.0152723
-0.0154439
-0.0156139
-0.0157822
-0.0159489
-0.0161139
-0.0162773
-0.0164389
-0.0165989
-0.0167571
-0.0169135
-0.0170681
-0.017221
-0.017372
-0.0175212
-0.0176686
-0.0178141
-0.0179577
-0.0180994
-0.0182392
-0.0183771
-0.018513
-0.0186469
-0.0187789
-0.0189088
-0.0190368
-0.0191627
-0.0192865
-0.0194083
-0.0195281
-0.0196457
-0.0197612
-0.0198746
-0.0199859
-0.020095
-0.020202
-0.0203068
-0.0204094
-0.0205098
-0.020608
-0.0207039
-0.0207977
-0.0208891
-0.0209784
-0.0210653
-0.02115
-0.0212323
-0.0213124
-0.0213901
-0.0214655
-0.0215386
-0.0216094
-0.0216777
-0.0217438
-0.0218074
-0.0218686
-0.0219275
-0.021984
-0.022038
-0.0220897
-0.0221389
-0.0221857
-0.02223
-0.022272
-0.0223114
-0.0223484
-0.022383
-0.022415
-0.0224446
-0.0224718
-0.0224964
-0.0225186
-0.0225382
-0.0225554
-0.02257
-0.0225822
-0.0225919
-0.022599
-0.0226036
-0.0226058
-0.0226054
-0.0226024
-0.022597
-0.022589
-0.0225786
-0.0225655
-0.02255
-0.022532
-0.0225114
-0.0224883
-0.0224627
-0.0224345
-0.0224038
-0.0223706
-0.0223349
-0.0222967
-0.022256
-0.0222127
-0.022167
-0.0221187
-0.0220679
-0.0220147
-0.0219589
-0.0219006
-0.0218399
-0.0217767
-0.021711
-0.0216428
-0.0215722
-0.0214991
-0.0214235
-0.0213455
-0.0212651
-0.0211822
-0.0210969
-0.0210092
-0.0209191
-0.0208265
-0.0207316
-0.0206343
-0.0205346
-0.0204325
-0.0203281
-0.0202213
-0.0201122
-0.0200007
-0.019887
-0.0197709
-0.0196525
-0.0195318
-0.0194089
-0.0192837
-0.0191562
-0.0190265
-0.0188946
-0.0187604
-0.0186241
-0.0184855
-0.0183448
-0.018202
-0.0180569
-0.0179098
-0.0177605
-0.0176091
-0.0174556
-0.0173
-0.0171424
-0.0169828
-0.0168211
-0.0166574
-0.0164917
-0.016324
-0.0161543
-0.0159827
-0.0158092
-0.0156338
-0.0154565
-0.0152773
-0.0150962
-0.0149133
-0.0147286
-0.014542
-0.0143537
-0.0141636
-0.0139718
-0.0137783
-0.013583
-0.0133861
-0.0131875
-0.0129872
-0.0127853
-0.0125819
-0.0123768
-0.0121702
-0.011962
-0.0117523
-0.0115411
-0.0113285
-0.0111143
-0.0108988
-0.0106818
-0.0104635
-0.0102438
-0.0100227
-0.00980037
-0.0095767
-0.00935177
-0.00912559
-0.00889818
-0.00866958
-0.00843979
-0.00820886
-0.0079768
-0.00774363
-0.00750939
-0.00727409
-0.00703776
-0.00680043
-0.00656212
-0.00632286
-0.00608266
-0.00584157
-0.0055996
-0.00535677
-0.00511312
-0.00486867
-0.00462345
-0.00437748
-0.00413079
-0.00388341
-0.00363536
-0.00338666
-0.00313735
-0.00288746
-0.002637
-0.00238601
-0.00213451
-0.00188253
-0.0016301
-0.00137725
-0.00112399
-0.00087037
-0.000616403
-0.00036212
-0.000107549
0.000147282
0.000402345
0.000657614
0.000913059
0.00116865
0.00142437
0.00168018
0.00193605
0.00219196
0.00244788
0.00270378
0.00295964
0.00321541
0.00347109
0.00372663
0.00398202
0.00423721
0.00449219
0.00474693
0.00500139
0.00525556
0.00550939
0.00576287
0.00601596
0.00626864
0.00652088
0.00677265
0.00702392
0.00727466
0.00752485
0.00777446
0.00802346
0.00827182
0.00851952
0.00876652
0.0090128
0.00925834
0.00950309
0.00974704
0.00999016
0.0102324
0.0104738
0.0107143
0.0109538
0.0111923
0.0114299
0.0116664
0.0119019
0.0121363
0.0123696
0.0126018
0.0128328
0.0130626
0.0132912
0.0135186
0.0137447
0.0139696
0.0141931
0.0144153
0.0146361
0.0148555
0.0150735
0.0152901
0.0155051
0.0157187
0.0159308
0.0161414
0.0163503
0.0165577
0.0167635
0.0169676
0.01717
0.0173708
0.0175699
0.0177672
0.0179627
0.0181565
0.0183485
0.0185386
0.0187269
0.0189133
0.0190978
0.0192804
0.019461
0.0196397
0.0198164
0.0199911
0.0201638
0.0203344
0.0205029
0.0206694
0.0208337
0.020996
0.021156
0.0213139
0.0214696
0.0216231
0.0217743
0.0219233
0.0220701
0.0222145
0.0223567
0.0224965
0.022634
0.0227691
0.0229018
0.0230322
0.0231601
0.0232856
0.0234087
0.0235293
0.0236474
0.0237631
0.0238762
0.0239868
0.0240949
0.0242004
0.0243034
0.0244038
0.0245015
0.0245967
0.0246893
0.0247792
0.0248664
0.024951
0.025033
0.0251122
0.0251888
0.0252626
0.0253338
0.0254022
0.0254678
0.0255307
0.0255909
0.0256482
0.0257028
0.0257546
0.0258036
0.0258498
0.0258932
0.0259337
0.0259715
0.0260063
0.0260384
0.0260676
0.0260939
0.0261174
0.0261379
0.0261557
0.0261705
0.0261824
0.0261915
0.0261976
0.0262009
0.0262012
0.0261986
0.0261932
0.0261848
0.0261734
0.0261592
0.0261421
0.026122
0.026099
0.0260731
0.0260442
0.0260124
0.0259777
0.0259401
0.0258995
0.025856
0.0258096
0.0257603
0.025708
0.0256529
0.0255948
0.0255338
0.0254699
0.025403
0.0253333
0.0252607
0.0251852
0.0251068
0.0250255
0.0249413
0.0248542
0.0247643
0.0246715
0.0245759
0.0244774
0.0243761
0.0242719
0.0241649
0.0240551
0.0239425
0.0238271
0.0237089
0.0235879
0.0234641
0.0233376
0.0232083
0.0230763
0.0229415
0.022804
0.0226638
0.022521
0.0223754
0.0222272
0.0220763
0.0219227
0.0217665
0.0216077
0.0214463
0.0212823
0.0211158
0.0209466
0.0207749
0.0206007
0.020424
0.0202448
0.0200631
0.0198789
0.0196922
0.0195032
0.0193117
0.0191178
0.0189216
0.018723
0.018522
0.0183187
0.0181131
0.0179053
0.0176951
0.0174828
0.0172681
0.0170513
0.0168323
0.0166112
0.0163879
0.0161624
0.0159349
0.0157053
0.0154737
0.01524
0.0150043
0.0147666
0.0145269
0.0142854
0.0140419
0.0137965
0.0135492
0.0133001
0.0130492
0.0127964
0.0125419
0.0122857
0.0120278
0.0117681
0.0115068
0.0112439
0.0109793
0.0107131
0.0104454
0.0101762
0.00990544
0.00963321
0.00935953
0.00908443
0.00880793
0.00853007
0.00825087
0.00797036
0.00768856
0.00740552
0.00712125
0.00683578
0.00654916
0.00626139
0.00597253
0.00568258
0.0053916
0.00509959
0.00480661
0.00451267
0.0042178
0.00392204
0.00362543
0.00332798
0.00302973
0.00273071
0.00243096
0.00213051
0.00182938
0.00152761
0.00122523
0.000922269
0.000618767
0.000314752
1.02567e-05
-0.000294686
-0.000600044
-0.000905785
-0.00121188
-0.00151828
-0.00182498
-0.00213192
-0.00243908
-0.00274643
-0.00305392
-0.00336154
-0.00366924
-0.003977
-0.00428477
-0.00459252
-0.00490023
-0.00520786
-0.00551537
-0.00582273
-0.0061299
-0.00643686
-0.00674357
-0.00705
-0.00735611
-0.00766186
-0.00796723
-0.00827218
-0.00857667
-0.00888068
-0.00918417
-0.0094871
-0.00978945
-0.0100912
-0.0103922
-0.0106926
-0.0109923
-0.0112912
-0.0115893
-0.0118865
-0.012183
-0.0124785
-0.0127731
-0.0130667
-0.0133594
-0.013651
-0.0139416
-0.014231
-0.0145194
-0.0148066
-0.0150926
-0.0153773
-0.0156608
-0.0159431
-0.016224
-0.0165035
-0.0167817
-0.0170584
-0.0173337
-0.0176075
-0.0178798
-0.0181505
-0.0184197
-0.0186872
-0.0189531
-0.0192173
-0.0194798
-0.0197406
-0.0199996
-0.0202568
-0.0205122
-0.0207657
-0.0210173
-0.021267
-0.0215147
-0.0217605
-0.0220042
-0.0222459
-0.0224856
-0.0227231
-0.0229585
-0.0231917
-0.0234228
-0.0236516
-0.0238782
-0.0241025
-0.0243245
-0.0245442
-0.0247615
-0.0249764
-0.025189
-0.025399
-0.0256067
-0.0258118
-0.0260144
-0.0262144
-0.0264119
-0.0266068
-0.0267991
-0.0269887
-0.0271757
-0.0273599
-0.0275414
-0.0277202
-0.0278962
-0.0280695
-0.0282399
-0.0284074
-0.0285721
-0.028734
-0.0288929
-0.0290488
-0.0292019
-0.0293519
-0.029499
-0.029643
-0.029784
-0.029922
-0.0300568
-0.0301886
-0.0303173
-0.0304428
-0.0305651
-0.0306843
-0.0308003
-0.0309131
-0.0310227
-0.031129
-0.0312321
-0.0313318
-0.0314283
-0.0315215
-0.0316113
-0.0316978
-0.031781
-0.0318607
-0.0319371
-0.0320101
-0.0320797
-0.0321458
-0.0322085
-0.0322678
-0.0323235
-0.0323758
-0.0324246
-0.03247
-0.0325117
-0.03255
-0.0325848
-0.0326159
-0.0326436
-0.0326677
-0.0326882
-0.0327051
-0.0327184
-0.0327282
-0.0327343
-0.0327368
-0.0327357
-0.032731
-0.0327227
-0.0327107
-0.0326951
-0.0326758
-0.0326529
-0.0326263
-0.0325961
-0.0325622
-0.0325246
-0.0324834
-0.0324385
-0.03239
-0.0323378
-0.0322819
-0.0322223
-0.0321591
-0.0320921
-0.0320215
-0.0319473
-0.0318694
-0.0317878
-0.0317025
-0.0316136
-0.031521
-0.0314247
-0.0313248
-0.0312213
-0.0311141
-0.0310033
-0.0308888
-0.0307707
-0.030649
-0.0305236
-0.0303947
-0.0302621
-0.030126
-0.0299862
-0.0298429
-0.0296961
-0.0295456
-0.0293916
-0.0292341
-0.029073
-0.0289084
-0.0287403
-0.0285688
-0.0283937
-0.0282151
-0.0280331
-0.0278477
-0.0276588
-0.0274665
-0.0272708
-0.0270717
-0.0268692
-0.0266634
-0.0264542
-0.0262417
-0.0260259
-0.0258068
-0.0255844
-0.0253587
-0.0251299
-0.0248977
-0.0246624
-0.0244239
-0.0241823
-0.0239375
-0.0236895
-0.0234385
-0.0231844
-0.0229272
-0.022667
-0.0224038
-0.0221375
-0.0218683
-0.0215962
-0.0213211
-0.0210432
-0.0207623
-0.0204786
-0.0201921
-0.0199028
-0.0196107
-0.0193158
-0.0190182
-0.018718
-0.018415
-0.0181095
-0.0178013
-0.0174905
-0.0171771
-0.0168613
-0.0165429
-0.0162221
-0.0158988
-0.0155731
-0.015245
-0.0149146
-0.0145819
-0.0142469
-0.0139096
-0.0135701
-0.0132284
-0.0128845
-0.0125385
-0.0121905
-0.0118403
-0.0114882
-0.011134
-0.0107779
-0.0104198
-0.0100599
-0.00969813
-0.00933452
-0.00896913
-0.00860199
-0.00823314
-0.00786261
-0.00749044
-0.00711667
-0.00674133
-0.00636447
-0.00598611
-0.0056063
-0.00522507
-0.00484246
-0.00445852
-0.00407327
-0.00368676
-0.00329903
-0.00291012
-0.00252006
-0.0021289
-0.00173667
-0.00134341
-0.000949176
-0.000553994
-0.000157908
0.000239041
0.000636813
0.00103536
0.00143466
0.00183465
0.00223529
0.00263655
0.00303839
0.00344075
0.00384361
0.00424691
0.00465061
0.00505468
0.00545906
0.00586372
0.00626862
0.0066737
0.00707893
0.00748426
0.00788966
0.00829507
0.00870045
0.00910576
0.00951096
0.00991599
0.0103208
0.0107254
0.0111297
0.0115337
0.0119373
0.0123404
0.0127431
0.0131453
0.0135469
0.013948
0.0143483
0.014748
0.015147
0.0155452
0.0159425
0.016339
0.0167346
0.0171292
0.0175228
0.0179154
0.0183069
0.0186973
0.0190864
0.0194744
0.0198611
0.0202464
0.0206304
0.021013
0.0213942
0.0217739
0.022152
0.0225286
0.0229035
0.0232768
0.0236484
0.0240182
0.0243862
0.0247523
0.0251166
0.025479
0.0258394
0.0261978
0.0265541
0.0269083
0.0272604
0.0276102
0.0279579
0.0283033
0.0286464
0.0289871
0.0293254
0.0296613
0.0299947
0.0303256
0.0306539
0.0309796
0.0313026
0.031623
0.0319407
0.0322555
0.0325676
0.0328768
0.0331831
0.0334865
0.033787
0.0340844
0.0343788
0.0346701
0.0349583
0.0352433
0.0355251
0.0358037
0.036079
0.0363509
0.0366196
0.0368848
0.0371467
0.037405
0.0376599
0.0379112
0.038159
0.0384032
0.0386437
0.0388806
0.0391138
0.0393432
0.0395688
0.0397907
0.0400087
0.0402228
0.040433
0.0406393
0.0408417
0.04104
0.0412343
0.0414245
0.0416107
0.0417927
0.0419705
0.0421442
0.0423137
0.042479
0.0426399
0.0427966
0.042949
0.043097
0.0432406
0.0433799
0.0435147
0.0436451
0.0437709
0.0438923
0.0440092
0.0441215
0.0442292
0.0443323
0.0444308
0.0445247
0.0446139
0.0446985
0.0447783
0.0448534
0.0449237
0.0449893
0.0450501
0.0451061
0.0451572
0.0452036
0.0452451
0.0452817
0.0453134
0.0453402
0.045362
0.045379
0.045391
0.045398
0.0454001
0.0453971
0.0453892
0.0453762
0.0453582
0.0453352
0.0453071
0.045274
0.0452358
0.0451925
0.0451441
0.0450906
0.045032
0.0449684
0.0448996
0.0448256
0.0447466
0.0446624
0.044573
0.0444786
0.0443789
0.0442742
0.0441642
0.0440492
0.0439289
0.0438035
0.043673
0.0435373
0.0433964
0.0432504
0.0430992
0.0429429
0.0427815
0.0426148
0.0424431
0.0422662
0.0420842
0.041897
0.0417047
0.0415074
0.0413049
0.0410973
0.0408846
0.0406668
0.040444
0.0402161
0.0399832
0.0397452
0.0395021
0.0392541
0.039001
0.038743
0.03848
0.038212
0.0379391
0.0376612
0.0373784
0.0370907
0.0367982
0.0365007
0.0361984
0.0358913
0.0355794
0.0352626
0.0349411
0.0346149
0.0342839
0.0339482
0.0336078
0.0332628
0.0329131
0.0325588
0.0321999
0.0318365
0.0314685
0.031096
0.030719
0.0303375
0.0299516
0.0295613
0.0291667
0.0287677
0.0283643
0.0279567
0.0275448
0.0271287
0.0267085
0.026284
0.0258554
0.0254228
0.0249861
0.0245453
0.0241006
0.0236519
0.0231993
0.0227428
0.0222825
0.0218183
0.0213504
0.0208788
0.0204035
0.0199245
0.0194419
0.0189557
0.0184661
0.0179729
0.0174762
0.0169762
0.0164728
0.0159661
0.0154561
0.0149429
0.0144265
0.013907
0.0133844
0.0128587
0.01233
0.0117984
0.0112638
0.0107264
0.0101862
0.00964322
0.00909752
0.00854916
0.00799819
0.00744465
0.0068886
0.00633008
0.00576916
0.00520587
0.00464028
0.00407243
0.00350239
0.00293019
0.0023559
0.00177958
0.00120126
0.000621019
3.89016e-05
-0.000545035
-0.00113073
-0.00171814
-0.0023072
-0.00289785
-0.00349003
-0.00408369
-0.00467878
-0.00527522
-0.00587297
-0.00647196
-0.00707213
-0.00767343
-0.0082758
-0.00887917
-0.00948348
-0.0100887
-0.0106947
-0.0113015
-0.011909
-0.0125171
-0.0131258
-0.013735
-0.0143447
-0.0149547
-0.0155651
-0.0161757
-0.0167866
-0.0173975
-0.0180086
-0.0186196
-0.0192306
-0.0198415
-0.0204522
