0
0
-0.012963
-0.0128106
-0.0126358
-0.0124388
-0.0122198
-0.0119788
-0.0117161
-0.0114319
-0.0111266
-0.0108003
-0.0104535
-0.0100864
-0.00969949
-0.00929308
-0.00886763
-0.00842357
-0.00796138
-0.00748155
-0.0069846
-0.00647107
-0.00594151
-0.00539652
-0.00483669
-0.00426265
-0.00367503
-0.0030745
-0.00246174
-0.00183744
-0.0012023
-0.000557053
9.75612e-05
0.000760792
0.00143188
0.00211004
0.00279449
0.00348443
0.00417907
0.00487758
0.00557915
0.00628296
0.00698817
0.00769396
0.00839948
0.00910391
0.00980639
0.0105061
0.0112022
0.0118938
0.0125802
0.0132605
0.0139338
0.0145995
0.0152565
0.0159043
0.0165419
0.0171685
0.0177836
0.0183861
0.0189756
0.0195511
0.020112
0.0206575
0.0211871
0.0217001
0.0221957
0.0226734
0.0231326
0.0235727
0.0239931
0.0243933
0.0247728
0.025131
0.0254676
0.025782
0.0260738
0.0263427
0.0265883
0.0268102
0.0270081
0.0271817
0.0273309
0.0274553
0.0275547
0.027629
0.027678
0.0277017
0.0276999
0.0276726
0.0276197
0.0275413
0.0274374
0.027308
0.0271534
0.0269735
0.0267685
0.0265387
0.0262842
0.0260053
0.0257022
0.0253753
0.0250249
0.0246513
0.024255
0.0238362
0.0233956
0.0229334
0.0224503
0.0219467
0.0214232
0.0208804
0.0203187
0.0197389
0.0191415
0.0185272
0.0178968
0.0172507
0.0165899
0.0159149
0.0152266
0.0145257
0.013813
0.0130892
0.0123552
0.0116118
0.0108598
0.0101001
0.00933341
0.00856069
0.00778278
0.00700055
0.00621486
0.0054266
0.00463665
0.0038459
0.00305522
0.00226551
0.00147764
0.000692507
-8.90179e-05
-0.000866057
-0.00163774
-0.0024032
-0.00316159
-0.00391205
-0.00465374
-0.00538583
-0.00610751
-0.00681797
-0.00751642
-0.00820207
-0.00887416
-0.00953194
-0.0101747
-0.0108017
-0.0114122
-0.0120056
-0.0125813
-0.0131385
-0.0136767
-0.0141953
-0.0146937
-0.0151714
-0.0156278
-0.0160625
-0.0164749
-0.0168648
-0.0172315
-0.0175748
-0.0178943
-0.0181896
-0.0184605
-0.0187067
-0.0189279
-0.0191239
-0.0192945
-0.0194397
-0.0195591
-0.0196529
-0.0197208
-0.0197629
-0.0197792
-0.0197696
-0.0197343
-0.0196733
-0.0195868
-0.0194749
-0.0193378
-0.0191757
-0.0189888
-0.0187774
-0.0185419
-0.0182824
-0.0179995
-0.0176935
-0.0173647
-0.0170137
-0.0166409
-0.0162467
-0.0158317
-0.0153965
-0.0149416
-0.0144676
-0.0139751
-0.0134647
-0.0129371
-0.012393
-0.011833
-0.0112579
-0.0106684
-0.0100653
-0.00944923
-0.00882108
-0.00818161
-0.00753163
-0.00687195
-0.0062034
-0.00552683
-0.00484309
-0.00415302
-0.00345749
-0.00275738
-0.00205356
-0.0013469
-0.000638301
7.13655e-05
0.000781211
0.00149035
0.0021979
0.00290298
0.00360471
0.00430222
0.00499464
0.00568111
0.00636077
0.00703278
0.00769631
0.00835053
0.00899463
0.0096278
0.0102493
0.0108583
0.011454
0.0120358
0.0126029
0.0131545
0.0136901
0.014209
0.0147104
0.0151938
0.0156586
0.0161042
0.0165301
0.0169357
0.0173205
0.017684
0.0180258
0.0183455
0.0186426
0.0189168
0.0191678
0.0193952
0.0195988
0.0197782
0.0199333
0.0200639
0.0201698
0.0202508
0.020307
0.0203381
0.0203441
0.0203251
0.0202811
0.020212
0.0201181
0.0199993
0.0198559
0.0196879
0.0194957
0.0192794
0.0190393
0.0187757
0.018489
0.0181793
0.0178472
0.0174931
0.0171173
0.0167203
0.0163026
0.0158647
0.0154072
0.0149306
0.0144355
0.0139225
0.0133922
0.0128452
0.0122823
0.0117042
0.0111114
0.0105048
0.00988511
0.00925306
0.00860944
0.00795504
0.00729065
0.00661709
0.00593519
0.00524578
0.00454971
0.00384782
0.00314099
0.00243007
0.00171593
0.000999468
0.000281545
-0.000436952
-0.00115514
-0.00187214
-0.00258708
-0.00329906
-0.00400722
-0.00471069
-0.0054086
-0.00610009
-0.00678432
-0.00746043
-0.00812761
-0.00878502
-0.00943186
-0.0100673
-0.0106906
-0.011301
-0.0118978
-0.0124801
-0.0130473
-0.0135986
-0.0141335
-0.0146511
-0.015151
-0.0156324
-0.0160948
-0.0165376
-0.0169603
-0.0173623
-0.0177431
-0.0181023
-0.0184393
-0.0187539
-0.0190455
-0.0193139
-0.0195587
-0.0197795
-0.0199762
-0.0201484
-0.020296
-0.0204187
-0.0205164
-0.020589
-0.0206363
-0.0206584
-0.0206551
-0.0206265
-0.0205725
-0.0204934
-0.020389
-0.0202596
-0.0201053
-0.0199264
-0.0197229
-0.0194951
-0.0192434
-0.018968
-0.0186693
-0.0183475
-0.0180032
-0.0176366
-0.0172483
-0.0168387
-0.0164084
-0.0159578
-0.0154875
-0.014998
-0.01449
-0.013964
-0.0134208
-0.0128609
-0.012285
-0.011694
-0.0110884
-0.010469
-0.00983654
-0.00919185
-0.00853568
-0.00786884
-0.00719214
-0.00650641
-0.00581249
-0.00511122
-0.00440347
-0.00369011
-0.002972
-0.00225002
-0.00152507
-0.00079803
-6.97916e-05
0.00065875
0.0013867
0.00211316
0.00283725
0.00355806
0.00427472
0.00498634
0.00569205
0.00639097
0.00708225
0.00776504
0.00843848
0.00910176
0.00975404
0.0103945
0.0110224
0.011637
0.0122374
0.012823
0.0133929
0.0139466
0.0144833
0.0150023
0.015503
0.0159848
0.0164471
0.0168893
0.0173109
0.0177113
0.01809
0.0184465
0.0187805
0.0190914
0.019379
0.0196427
0.0198824
0.0200977
0.0202883
0.0204539
0.0205944
0.0207096
0.0207993
0.0208634
0.0209019
0.0209146
0.0209015
0.0208627
0.0207981
0.0207079
0.0205921
0.020451
0.0202845
0.0200931
0.0198767
0.0196359
0.0193707
0.0190815
0.0187688
0.0184328
0.018074
0.0176927
0.0172896
0.016865
0.0164194
0.0159535
0.0154678
0.0149628
0.0144393
0.0138978
0.013339
0.0127636
0.0121724
0.0115659
0.0109451
0.0103106
0.00966319
0.00900376
0.0083331
0.00765202
0.00696138
0.00626204
0.00555486
0.00484074
0.00412055
0.00339521
0.00266562
0.00193269
0.00119735
0.000460516
-0.000276882
-0.00101391
-0.00174965
-0.00248316
-0.00321351
-0.00393978
-0.00466104
-0.00537638
-0.00608488
-0.00678564
-0.00747776
-0.00816034
-0.00883252
-0.00949342
-0.0101422
-0.010778
-0.0114
-0.0120073
-0.0125993
-0.013175
-0.0137338
-0.0142749
-0.0147976
-0.0153012
-0.015785
-0.0162483
-0.0166905
-0.017111
-0.0175092
-0.0178846
-0.0182366
-0.0185647
-0.0188684
-0.0191474
-0.0194011
-0.0196291
-0.0198312
-0.0200069
-0.020156
-0.0202783
-0.0203733
-0.0204411
-0.0204813
-0.0204938
-0.0204786
-0.0204355
-0.0203645
-0.0202655
-0.0201387
-0.019984
-0.0198016
-0.0195915
-0.0193539
-0.0190889
-0.0187969
-0.018478
-0.0181325
-0.0177608
-0.0173631
-0.0169398
-0.0164914
-0.0160182
-0.0155207
-0.0149995
-0.0144549
-0.0138877
-0.0132982
-0.0126872
-0.0120553
-0.011403
-0.0107311
-0.0100403
-0.00933122
-0.00860469
-0.00786143
-0.00710223
-0.00632787
-0.00553919
-0.004737
-0.00392217
-0.00309555
-0.00225802
-0.00141048
-0.000553828
0.000311023
0.00118315
0.00206161
0.00294546
0.00383377
0.00472557
0.00561991
0.00651583
0.00741235
0.00830852
0.00920338
0.0100959
0.0109853
0.0118704
0.0127504
0.0136242
0.0144911
0.0153499
0.0161998
0.01704
0.0178694
0.0186872
0.0194925
0.0202844
0.0210622
0.0218249
0.0225718
0.023302
0.0240148
0.0247094
0.0253851
0.0260412
0.0266769
0.0272916
0.0278847
0.0284555
0.0290035
0.029528
0.0300286
0.0305046
0.0309557
0.0313814
0.0317811
0.0321547
0.0325016
0.0328215
0.0331141
0.0333792
0.0336164
0.0338257
0.0340067
0.0341594
0.0342836
0.0343793
0.0344464
0.0344848
0.0344947
0.0344759
0.0344287
0.0343531
0.0342492
0.0341173
0.0339576
0.0337702
0.0335554
0.0333136
0.0330451
0.0327502
0.0324293
0.0320828
0.0317113
0.0313151
0.0308947
0.0304508
0.0299838
0.0294943
0.0289829
0.0284503
0.0278971
0.027324
0.0267317
0.0261208
0.0254922
0.0248466
0.0241847
0.0235073
0.0228154
0.0221095
0.0213907
0.0206598
0.0199175
0.0191649
0.0184027
0.0176319
0.0168533
0.0160679
0.0152766
0.0144803
0.0136799
0.0128763
0.0120704
0.0112633
0.0104557
0.00964864
0.00884302
0.00803976
0.00723974
0.00644389
0.00565308
0.00486821
0.00409016
0.00331977
0.00255792
0.00180544
0.00106316
0.00033189
-0.000387571
-0.00109444
-0.00178796
-0.00246738
-0.00313197
-0.00378103
-0.00441388
-0.00502984
-0.00562828
-0.00620858
-0.00677015
-0.00731241
-0.00783481
-0.00833685
-0.00881802
-0.00927786
-0.00971594
-0.0101318
-0.0105252
-0.0108956
-0.0112428
-0.0115664
-0.0118662
-0.012142
-0.0123936
-0.0126207
-0.0128233
-0.0130012
-0.0131544
-0.0132827
-0.0133862
-0.0134649
-0.0135189
-0.0135481
-0.0135527
-0.0135329
-0.0134887
-0.0134205
-0.0133283
-0.0132126
-0.0130734
-0.0129113
-0.0127264
-0.0125192
-0.01229
-0.0120393
-0.0117676
-0.0114752
-0.0111627
-0.0108306
-0.0104795
-0.0101099
-0.00972242
-0.00931765
-0.00889623
-0.00845881
-0.00800607
-0.00753868
-0.00705736
-0.00656283
-0.00605582
-0.00553709
-0.0050074
-0.00446752
-0.00391825
-0.00336039
-0.00279473
-0.00222211
-0.00164334
-0.00105926
-0.000470703
0.000121493
0.000716482
0.00131342
0.00191145
0.00250974
0.00310744
0.0037037
0.00429767
0.00488854
0.00547545
0.00605759
0.00663414
0.00720429
0.00776724
0.0083222
0.00886839
0.00940504
0.00993139
0.0104467
0.0109503
0.0114414
0.0119194
0.0123835
0.0128331
0.0132677
0.0136865
0.0140889
0.0144745
0.0148426
0.0151927
0.0155243
0.015837
0.0161302
0.0164036
0.0166568
0.0168893
0.0171008
0.017291
0.0174597
0.0176064
0.017731
0.0178334
0.0179132
0.0179703
0.0180047
0.0180163
0.0180049
0.0179705
0.0179132
0.0178329
0.0177297
0.0176037
0.0174551
0.0172839
0.0170903
0.0168745
0.0166368
0.0163774
0.0160967
0.0157948
0.0154722
0.0151293
0.0147663
0.0143838
0.0139822
0.013562
0.0131236
0.0126676
0.0121945
0.0117049
0.0111994
0.0106786
0.010143
0.00959348
0.00903053
0.00845488
0.00786724
0.00726831
0.00665885
0.00603958
0.00541127
0.00477469
0.00413063
0.00347987
0.00282323
0.00216151
0.00149553
0.000826129
0.000154128
-0.000519634
-0.00119432
-0.00186907
-0.00254306
-0.00321544
-0.00388537
-0.00455199
-0.00521447
-0.00587198
-0.00652367
-0.00716874
-0.00780635
-0.00843569
-0.00905596
-0.00966636
-0.0102661
-0.0108545
-0.0114306
-0.0119938
-0.0125434
-0.0130786
-0.0135987
-0.0141031
-0.014591
-0.0150618
-0.015515
-0.0159498
-0.0163657
-0.0167621
-0.0171385
-0.0174944
-0.0178292
-0.0181426
-0.0184339
-0.0187028
-0.018949
-0.0191719
-0.0193714
-0.019547
-0.0196984
-0.0198255
-0.0199278
-0.0200053
-0.0200578
-0.020085
-0.020087
-0.0200634
-0.0200144
-0.0199398
-0.0198396
-0.0197139
-0.0195627
-0.0193861
-0.0191841
-0.0189569
-0.0187047
-0.0184276
-0.0181258
-0.0177996
-0.0174493
-0.0170751
-0.0166774
-0.0162565
-0.0158128
-0.0153466
-0.0148584
-0.0143487
-0.0138178
-0.0132663
-0.0126948
-0.0121036
-0.0114934
-0.0108648
-0.0102182
-0.00955445
-0.00887403
-0.00817762
-0.00746587
-0.00673945
-0.00599906
-0.00524538
-0.00447914
-0.00370105
-0.00291186
-0.00211229
-0.00130311
-0.000485078
0.000341046
0.00117449
0.00201447
0.00286021
0.00371092
0.00456583
0.00542414
0.00628508
0.00714784
0.00801166
0.00887575
0.00973934
0.0106016
0.0114619
0.0123194
0.0131733
0.014023
0.0148676
0.0157065
0.016539
0.0173643
0.0181818
0.0189908
0.0197906
0.0205807
0.0213603
0.0221289
0.022886
0.0236308
0.024363
0.0250819
0.025787
0.0264779
0.0271542
0.0278152
0.0284607
0.0290902
0.0297034
0.0302999
0.0308794
0.0314416
0.0319862
0.032513
0.0330218
0.0335123
0.0339844
0.0344379
0.0348728
0.0352889
0.0356862
0.0360646
0.0364242
0.0367649
0.0370868
0.03739
0.0376746
0.0379406
0.0381883
0.0384178
0.0386294
0.0388231
0.0389994
0.0391584
0.0393006
0.0394261
0.0395353
0.0396287
0.0397066
0.0397694
0.0398175
0.0398514
0.0398716
0.0398786
0.0398729
0.0398549
0.0398254
0.0397847
0.0397335
0.0396724
0.039602
0.0395229
0.0394357
0.0393411
0.0392398
0.0391323
0.0390193
0.0389016
0.0387798
0.0386546
0.0385267
0.0383968
0.0382655
0.0381337
0.0380019
0.0378709
0.0377414
0.0376141
0.0374897
0.0373689
0.0372523
0.0371407
0.0370346
0.0369349
0.0368421
0.0367569
0.0366799
0.0366117
0.036553
0.0365044
0.0364664
0.0364396
0.0364246
0.0364219
0.036432
0.0364555
0.0364928
0.0365443
0.0366106
0.0366921
0.0367891
0.036902
0.0370313
0.0371772
0.03734
0.0375201
0.0377177
0.037933
0.0381663
0.0384177
0.0386875
0.0389757
0.0392824
0.0396078
0.0399519
0.0403147
0.0406962
0.0410965
0.0415154
0.0419529
0.0424088
0.0428831
0.0433756
0.0438861
0.0444143
0.0449601
0.0455231
0.0461031
0.0466998
0.0473128
0.0479418
0.0485862
0.0492459
0.0499202
0.0506087
0.051311
0.0520265
0.0527548
0.0534951
0.0542471
0.05501
0.0557833
0.0565663
0.0573584
0.058159
0.0589673
0.0597826
0.0606043
0.0614317
0.0622639
0.0631002
0.0639399
0.0647823
0.0656264
0.0664717
0.0673171
0.0681621
0.0690057
0.0698471
0.0706856
0.0715203
0.0723504
0.0731752
0.0739937
0.0748051
0.0756088
0.0764038
0.0771893
0.0779647
0.078729
0.0794815
0.0802214
0.080948
0.0816605
0.0823582
0.0830403
0.0837062
0.0843551
0.0849864
0.0855994
0.0861934
0.0867678
0.0873221
0.0878555
0.0883676
0.0888577
0.0893254
0.0897701
0.0901914
0.0905888
0.0909618
0.0913101
0.0916332
0.0919308
0.0922026
0.0924482
0.0926674
0.0928599
0.0930254
0.0931639
0.093275
0.0933588
0.093415
0.0934436
0.0934445
0.0934177
0.0933632
0.0932811
0.0931714
0.0930342
0.0928696
0.0926778
0.0924589
0.0922132
0.091941
0.0916424
0.0913178
0.0909675
0.0905918
0.0901912
0.089766
0.0893167
0.0888437
0.0883475
0.0878287
0.0872876
0.086725
0.0861414
0.0855373
0.0849135
0.0842705
0.083609
0.0829296
0.0822332
0.0815204
0.0807918
0.0800484
0.0792909
0.0785199
0.0777364
0.0769411
0.0761348
0.0753184
0.0744926
0.0736584
0.0728166
0.0719681
0.0711136
0.0702541
0.0693904
0.0685234
0.067654
0.066783
0.0659114
0.0650399
0.0641694
0.0633009
0.0624351
0.0615729
0.0607151
0.0598626
0.0590162
0.0581767
0.0573449
0.0565216
0.0557075
0.0549035
0.0541102
0.0533285
0.0525589
0.0518022
0.0510592
0.0503303
0.0496163
0.0489178
0.0482353
0.0475695
0.0469209
0.0462899
0.0456772
0.0450831
0.0445082
0.0439528
0.0434173
0.0429021
0.0424075
0.0419339
0.0414814
0.0410505
0.0406412
0.0402538
0.0398885
0.0395454
0.0392245
0.0389259
0.0386498
0.0383961
0.0381647
0.0379557
0.037769
0.0376043
0.0374617
0.037341
0.0372419
0.0371641
0.0371076
0.0370719
0.0370567
0.0370618
0.0370867
0.037131
0.0371944
0.0372763
0.0373763
0.0374939
0.0376285
0.0377797
0.0379468
0.0381292
0.0383264
0.0385377
0.0387624
0.0389999
0.0392494
0.0395103
0.0397819
0.0400634
0.0403539
0.0406529
0.0409594
0.0412728
0.0415921
0.0419165
0.0422454
0.0425777
0.0429127
0.0432496
0.0435875
0.0439254
0.0442627
0.0445984
0.0449317
0.0452618
0.0455877
0.0459086
0.0462238
0.0465323
0.0468333
0.0471261
0.0474097
0.0476834
0.0479465
0.048198
0.0484373
0.0486636
0.0488762
0.0490743
0.0492573
0.0494244
0.0495749
0.0497083
0.0498239
0.0499211
0.0499993
0.0500579
0.0500965
0.0501144
0.0501112
0.0500865
0.0500398
0.0499706
0.0498787
0.0497636
0.049625
0.0494627
0.0492763
0.0490657
0.0488306
0.0485708
0.0482862
0.0479767
0.0476422
0.0472826
0.046898
0.0464883
0.0460537
0.0455941
0.0451096
0.0446005
0.0440669
0.043509
0.042927
0.0423212
0.0416919
0.0410395
0.0403642
0.0396665
0.0389469
0.0382056
0.0374434
0.0366605
0.0358576
0.0350352
0.034194
0.0333345
0.0324573
0.0315632
0.0306529
0.0297269
0.0287861
0.0278313
0.0268631
0.0258824
0.0248901
0.0238868
0.0228736
0.0218512
0.0208205
0.0197824
0.0187378
0.0176877
0.016633
0.0155745
0.0145133
0.0134503
0.0123865
0.0113228
0.0102601
0.00919958
0.00814206
0.00708855
0.00604004
0.00499748
0.00396184
0.00293411
0.00191522
0.000906139
-9.21896e-05
-0.00107883
-0.00205285
-0.00301333
-0.00395938
-0.00489009
-0.00580459
-0.00670202
-0.00758153
-0.00844228
-0.00928347
-0.0101043
-0.010904
-0.0116818
-0.0124371
-0.013169
-0.0138768
-0.0145601
-0.015218
-0.0158501
-0.0164556
-0.0170342
-0.0175851
-0.018108
-0.0186024
-0.0190679
-0.0195039
-0.0199103
-0.0202865
-0.0206323
-0.0209475
-0.0212318
-0.0214849
-0.0217067
-0.021897
-0.0220558
-0.0221829
-0.0222783
-0.0223421
-0.0223741
-0.0223745
-0.0223434
-0.0222808
-0.022187
-0.0220622
-0.0219065
-0.0217203
-0.0215038
-0.0212573
-0.0209813
-0.020676
-0.020342
-0.0199796
-0.0195894
-0.0191719
-0.0187275
-0.018257
-0.0177608
-0.0172397
-0.0166942
-0.016125
-0.0155329
-0.0149185
-0.0142827
-0.0136261
-0.0129497
-0.0122541
-0.0115403
-0.0108091
-0.0100614
-0.00929796
-0.00851982
-0.00772786
-0.00692301
-0.00610622
-0.00527844
-0.00444064
-0.00359379
-0.00273888
-0.00187689
-0.00100883
-0.000135694
0.000741516
0.00162179
0.00250413
0.00338753
0.00427097
0.00515347
0.00603401
0.00691162
0.00778529
0.00865406
0.00951695
0.010373
0.0112213
0.0120608
0.0128907
0.01371
0.0145179
0.0153134
0.0160957
0.016864
0.0176174
0.0183551
0.0190763
0.0197804
0.0204665
0.0211339
0.0217819
0.02241
0.0230173
0.0236034
0.0241676
0.0247094
0.0252283
0.0257237
0.0261952
0.0266424
0.0270649
0.0274622
0.0278341
0.0281802
0.0285003
0.0287941
0.0290614
0.0293021
0.0295159
0.0297029
0.0298628
0.0299957
0.0301016
0.0301805
0.0302325
0.0302576
0.030256
0.0302279
0.0301734
0.0300928
0.0299864
0.0298543
0.0296971
0.0295149
0.0293083
0.0290777
0.0288234
0.0285459
0.0282459
0.0279237
0.02758
0.0272154
0.0268305
0.0264258
0.0260022
0.0255602
0.0251007
0.0246242
0.0241316
0.0236237
0.0231012
0.022565
0.0220158
0.0214545
0.0208821
0.0202993
0.019707
0.0191061
0.0184976
0.0178824
0.0172613
0.0166353
0.0160054
0.0153724
0.0147373
0.0141012
0.0134648
0.0128292
0.0121953
0.011564
0.0109363
0.0103131
0.0096954
0.00908402
0.00847991
0.00788396
0.00729707
0.00672012
0.00615396
0.00559946
0.00505744
0.00452873
0.00401412
0.0035144
0.00303033
0.00256267
0.00211212
0.00167939
0.00126515
0.000870071
0.000494766
0.000139842
-0.000194124
-0.000506583
-0.000797013
-0.00106492
-0.00130984
-0.00153134
-0.00172902
-0.0019025
-0.00205143
-0.00217552
-0.00227448
-0.00234806
-0.00239605
-0.00241828
-0.00241459
-0.00238488
-0.00232906
-0.00224709
-0.00213896
-0.00200468
-0.00184433
-0.00165798
-0.00144577
-0.00120785
-0.000944414
-0.000655688
-0.000341931
-3.43367e-06
0.000359479
0.00074645
0.00115709
0.00159099
0.00204768
0.0025267
0.00302752
0.00354962
0.00409241
0.00465532
0.00523771
0.00583893
0.00645832
0.00709516
0.00774874
0.00841831
0.00910311
0.00980233
0.0105152
0.0112408
0.0119784
0.012727
0.0134859
0.014254
0.0150306
0.0158145
0.0166051
0.0174012
0.0182019
0.0190063
0.0198133
0.0206221
0.0214316
0.0222409
0.0230489
0.0238546
0.0246571
0.0254554
0.0262485
0.0270354
0.0278151
0.0285867
0.0293491
0.0301015
0.0308429
0.0315723
0.0322888
0.0329916
0.0336796
0.0343521
0.0350082
0.0356469
0.0362675
0.0368692
0.0374512
0.0380126
0.0385529
0.0390711
0.0395667
0.0400389
0.0404872
0.0409108
0.0413092
0.0416819
0.0420282
0.0423477
0.0426399
0.0429043
0.0431406
0.0433484
0.0435272
0.0436769
0.043797
0.0438874
0.0439478
0.043978
0.043978
0.0439475
0.0438866
0.0437951
0.0436731
0.0435206
0.0433376
0.0431243
0.0428808
0.0426072
0.0423037
0.0419707
0.0416083
0.0412169
0.0407968
0.0403483
0.039872
0.0393682
0.0388373
0.03828
0.0376967
0.037088
0.0364545
0.0357968
0.0351155
0.0344113
0.033685
0.0329373
0.0321689
0.0313805
0.0305731
0.0297474
0.0289042
0.0280445
0.0271691
0.0262789
0.0253748
0.0244578
0.0235288
0.0225888
0.0216388
0.0206797
0.0197125
0.0187383
0.0177581
0.0167729
0.0157837
0.0147915
0.0137974
0.0128024
0.0118076
0.010814
0.00982266
0.00883455
0.00785074
0.00687225
0.00590008
0.00493526
0.00397878
0.00303162
0.00209477
0.00116918
0.000255818
-0.000644391
-0.00153053
-0.00240168
-0.00325697
-0.00409554
-0.00491653
-0.00571913
-0.00650252
-0.00726594
-0.00800863
-0.00872985
-0.00942891
-0.0101051
-0.0107579
-0.0113865
-0.0119904
-0.012569
-0.0131218
-0.0136484
-0.0141481
-0.0146207
-0.0150656
-0.0154825
-0.0158711
-0.0162311
-0.0165622
-0.0168641
-0.0171367
-0.0173797
-0.0175932
-0.0177768
-0.0179307
-0.0180548
-0.018149
-0.0182134
-0.0182482
-0.0182534
-0.0182291
-0.0181756
-0.0180931
-0.0179818
-0.017842
-0.0176741
-0.0174784
-0.0172552
-0.017005
-0.0167283
-0.0164255
-0.0160972
-0.0157439
-0.0153661
-0.0149645
-0.0145396
-0.0140923
-0.013623
-0.0131326
-0.0126217
-0.0120911
-0.0115417
-0.0109741
-0.0103892
-0.00978787
-0.00917095
-0.0085393
-0.00789382
-0.00723541
-0.006565
-0.00588351
-0.00519189
-0.0044911
-0.0037821
-0.00306586
-0.00234337
-0.00161561
-0.000883575
-0.000148256
0.000589348
0.00132824
0.00206742
0.00280589
0.00354266
0.00427674
0.00500714
0.00573289
0.00645301
0.00716654
0.00787253
0.00857004
0.00925813
0.00993589
0.0106024
0.0112568
0.0118982
0.0125258
0.0131387
0.0137361
0.0143173
0.0148813
0.0154276
0.0159553
0.0164638
0.0169524
0.0174205
0.0178673
0.0182924
0.0186952
0.019075
0.0194315
0.0197641
0.0200724
0.0203559
0.0206144
0.0208473
0.0210545
0.0212356
0.0213904
0.0215186
0.0216201
0.0216947
0.0217423
0.0217629
0.0217563
0.0217225
0.0216617
0.0215737
0.0214588
0.0213171
0.0211487
0.0209537
0.0207325
0.0204853
0.0202124
0.0199141
0.0195907
0.0192427
0.0188705
0.0184745
0.0180553
0.0176132
0.017149
0.016663
0.016156
0.0156286
0.0150814
0.014515
0.0139302
0.0133277
0.0127083
0.0120727
0.0114216
0.010756
0.0100766
0.00938424
0.00867983
0.00796423
0.00723831
0.00650298
0.00575916
0.00500777
0.00424974
0.00348602
0.00271756
0.00194531
0.00117024
0.000393303
-0.000384523
-0.00116227
-0.00193897
-0.00271366
-0.00348536
-0.00425312
-0.00501598
-0.00577299
-0.0065232
-0.00726567
-0.00799949
-0.00872372
-0.00943747
-0.0101398
-0.01083
-0.011507
-0.01217
-0.0128183
-0.0134509
-0.0140672
-0.0146663
-0.0152475
-0.01581
-0.0163532
-0.0168763
-0.0173788
-0.0178599
-0.0183192
-0.0187559
-0.0191696
-0.0195597
-0.0199258
-0.0202673
-0.0205839
-0.0208752
-0.0211407
-0.0213802
-0.0215933
-0.0217798
-0.0219395
-0.022072
-0.0221774
-0.0222554
-0.0223059
-0.0223288
-0.0223242
-0.022292
-0.0222323
-0.0221451
-0.0220305
-0.0218887
-0.0217199
-0.0215242
-0.0213019
-0.0210532
-0.0207785
-0.0204781
-0.0201524
-0.0198018
-0.0194267
-0.0190276
-0.0186049
-0.0181592
-0.0176911
-0.017201
-0.0166898
-0.0161578
-0.0156059
-0.0150347
-0.0144449
-0.0138373
-0.0132126
-0.0125715
-0.0119149
-0.0112437
-0.0105585
-0.00986031
-0.00914997
-0.00842836
-0.00769638
-0.00695493
-0.00620494
-0.00544735
-0.00468309
-0.00391312
-0.0031384
-0.00235989
-0.00157855
-0.000795376
-1.13256e-05
0.000772619
0.00155548
0.00233629
0.00311406
0.00388784
0.00465665
0.00541954
0.00617556
0.00692377
0.00766323
0.00839302
0.00911223
0.00981997
0.0105154
0.0111975
0.0118656
0.0125188
0.0131563
0.0137772
0.0143809
0.0149665
0.0155334
0.0160808
0.0166081
0.0171145
0.0175995
0.0180625
0.0185029
0.0189201
0.0193136
0.019683
0.0200278
0.0203475
0.0206417
0.0209102
0.0211526
0.0213685
0.0215577
0.02172
0.0218552
0.0219632
0.0220437
0.0220968
0.0221223
0.0221202
0.0220906
0.0220335
0.021949
0.0218372
0.0216982
0.0215323
0.0213396
0.0211205
0.0208751
0.0206039
0.0203073
0.0199854
0.0196389
0.0192682
0.0188737
0.018456
0.0180156
0.0175531
0.017069
0.0165641
0.016039
0.0154944
0.0149309
0.0143493
0.0137505
0.013135
0.0125039
0.0118578
0.0111977
0.0105244
0.00983876
0.00914171
0.00843416
0.00771703
0.00699128
0.00625785
0.00551771
0.00477183
0.00402121
0.00326683
0.00250968
0.00175078
0.000991131
0.000231736
-0.000526391
-0.00128224
-0.0020348
-0.00278308
-0.00352605
-0.00426274
-0.00499214
-0.00571328
-0.00642518
-0.00712688
-0.00781742
-0.00849586
-0.00916128
-0.00981276
-0.0104494
-0.0110703
-0.0116747
-0.0122616
-0.0128303
-0.01338
-0.0139099
-0.0144191
-0.0149071
-0.0153731
-0.0158164
-0.0162364
-0.0166323
-0.0170038
-0.0173501
-0.0176708
-0.0179653
-0.0182331
-0.0184739
-0.0186872
-0.0188727
-0.0190299
-0.0191587
-0.0192586
-0.0193296
-0.0193713
-0.0193836
-0.0193665
-0.0193197
-0.0192432
-0.019137
-0.0190012
-0.0188358
-0.0186408
-0.0184163
-0.0181627
-0.01788
-0.0175684
-0.0172283
-0.0168599
-0.0164637
-0.0160398
-0.0155889
-0.0151112
-0.0146074
-0.0140778
-0.013523
-0.0129437
-0.0123403
-0.0117136
-0.0110641
-0.0103927
-0.00969993
-0.00898662
-0.00825353
-0.00750146
-0.00673121
-0.00594365
-0.00513964
-0.00432005
-0.00348581
-0.00263783
-0.00177707
-0.000904487
-2.10541e-05
0.000872233
0.00177437
0.00268433
0.0036011
0.00452363
0.00545088
0.00638179
0.0073153
0.00825035
0.00918586
0.0101208
0.011054
0.0119845
0.0129112
0.013833
0.0147489
0.0156578
0.0165586
0.0174503
0.018332
0.0192025
0.0200609
0.0209061
0.0217372
0.0225533
0.0233533
0.0241364
0.0249016
0.025648
0.0263749
0.0270813
0.0277663
0.0284293
0.0290695
0.029686
0.0302782
0.0308454
0.031387
0.0319022
0.0323905
0.0328514
0.0332843
0.0336886
0.034064
0.0344099
0.0347261
0.035012
0.0352675
0.0354921
0.0356857
0.035848
0.0359789
0.0360781
0.0361456
0.0361814
0.0361853
0.0361573
0.0360977
0.0360063
0.0358833
0.035729
0.0355434
0.0353268
0.0350795
0.0348017
0.0344939
0.0341564
0.0337897
0.033394
0.0329701
0.0325183
0.0320392
0.0315334
0.0310015
0.0304442
0.0298621
0.029256
0.0286265
0.0279745
0.0273008
0.0266061
0.0258913
0.0251573
0.0244049
0.0236352
0.0228489
0.0220471
0.0212307
0.0204008
0.0195583
0.0187043
0.0178398
0.0169659
0.0160835
0.0151939
0.014298
0.0133969
0.0124919
0.0115838
0.010674
0.00976338
0.00885316
0.00794442
0.00703827
0.00613582
0.00523816
0.00434639
0.0034616
0.00258486
0.00171724
0.000859812
1.36112e-05
-0.000820325
-0.00164098
-0.00244734
-0.00323843
-0.00401328
-0.00477093
-0.00551047
-0.00623097
-0.00693157
-0.00761139
-0.0082696
-0.00890539
-0.00951798
-0.0101066
-0.0106706
-0.0112091
-0.0117216
-0.0122075
-0.012666
-0.0130967
-0.013499
-0.0138724
-0.0142164
-0.0145306
-0.0148146
-0.0150681
-0.0152906
-0.015482
-0.015642
-0.0157703
-0.0158668
-0.0159314
-0.0159639
-0.0159643
-0.0159326
-0.0158687
-0.0157728
-0.015645
-0.0154853
-0.015294
-0.0150712
-0.0148172
-0.0145323
-0.0142169
-0.0138711
-0.0134956
-0.0130907
-0.0126568
-0.0121944
-0.0117042
-0.0111867
-0.0106424
-0.010072
-0.00947617
-0.00885563
-0.00821107
-0.00754327
-0.00685299
-0.00614105
-0.00540829
-0.00465557
-0.00388376
-0.00309379
-0.00228657
-0.00146306
-0.00062423
0.000228934
0.00109543
0.00197423
0.0028643
0.00376459
0.00467404
0.00559158
0.00651612
0.00744658
0.00838185
0.00932084
0.0102624
0.0112055
0.012149
0.0130918
0.0140327
0.0149706
0.0159045
0.0168333
0.0177558
0.018671
0.0195777
0.020475
0.0213617
0.0222369
0.0230995
0.0239485
0.0247828
0.0256016
0.0264038
0.0271885
0.0279548
0.0287018
0.0294287
0.0301345
0.0308185
0.0314799
0.0321178
0.0327316
0.0333206
0.033884
0.0344213
0.0349317
0.0354148
0.03587
0.0362967
0.0366944
0.0370628
0.0374014
0.0377098
0.0379878
0.0382349
0.0384509
0.0386357
0.0387889
0.0389106
0.0390004
0.0390584
0.0390846
0.0390789
0.0390413
0.0389721
0.0388712
0.0387388
0.0385751
0.0383804
0.0381549
0.0378989
0.0376128
0.037297
0.0369518
0.0365776
0.0361751
0.0357447
0.035287
0.0348025
0.0342918
0.0337557
0.0331947
0.0326097
0.0320012
0.0313702
0.0307173
0.0300434
0.0293493
0.028636
0.0279042
0.027155
0.0263891
0.0256077
0.0248116
0.0240018
0.0231793
0.0223452
0.0215005
0.0206461
0.0197832
0.0189129
0.0180361
0.017154
0.0162676
0.0153781
0.0144865
0.0135939
0.0127013
0.01181
0.0109209
0.0100352
0.00915389
0.00827807
0.00740881
0.00654716
0.00569415
0.00485083
0.0040182
0.00319727
0.00238903
0.00159444
0.000814468
5.00408e-05
-0.000697928
-0.00142855
-0.00214094
-0.00283427
-0.00350771
-0.00416046
-0.00479176
-0.00540085
-0.00598704
-0.00654962
-0.00708796
-0.00760141
-0.0080894
-0.00855136
-0.00898676
-0.00939511
-0.00977596
-0.0101289
-0.0104535
-0.0107494
-0.0110163
-0.011254
-0.0114621
-0.0116405
-0.011789
-0.0119075
-0.0119959
-0.0120542
-0.0120822
-0.0120801
-0.0120478
-0.0119856
-0.0118935
-0.0117716
-0.0116203
-0.0114397
-0.0112302
-0.010992
-0.0107255
-0.0104312
-0.0101093
-0.00976044
-0.00938505
-0.00898367
-0.00855685
-0.0081052
-0.00762932
-0.00712988
-0.00660755
-0.00606305
-0.00549712
-0.00491052
-0.00430405
-0.00367852
-0.00303477
-0.00237366
-0.00169608
-0.00100294
-0.000295163
0.000426313
0.00116053
0.0019065
0.00266324
0.00342975
0.004205
0.00498798
0.00577764
0.00657294
0.00737283
0.00817624
0.00898213
0.00978941
0.010597
0.0114039
0.012209
0.0130112
0.0138096
0.0146029
0.0153902
0.0161704
0.0169426
0.0177056
0.0184585
0.0192003
0.01993
0.0206465
0.0213491
0.0220367
0.0227084
0.0233634
0.0240007
0.0246195
0.025219
0.0257983
0.0263568
0.0268936
0.027408
0.0278994
0.028367
0.0288103
0.0292285
0.0296212
0.0299878
0.0303278
0.0306408
0.0309262
0.0311836
0.0314128
0.0316134
0.031785
0.0319274
0.0320404
0.0321238
0.0321774
0.0322012
0.032195
0.0321589
0.0320927
0.0319967
0.0318708
0.0317151
0.0315298
0.0313152
0.0310714
0.0307986
0.0304973
0.0301677
0.0298102
0.0294253
0.0290133
0.0285747
0.0281101
0.0276201
0.0271051
0.0265658
0.0260029
0.025417
0.0248088
0.0241791
0.0235286
0.022858
0.0221684
0.0214603
0.0207348
0.0199927
0.0192348
0.0184623
0.0176758
0.0168766
0.0160654
0.0152434
0.0144115
0.0135708
0.0127222
0.011867
0.011006
0.0101403
0.00927113
0.00839945
0.00752636
0.00665296
0.00578033
0.00490955
0.00404171
0.00317789
0.00231917
0.00146662
0.000621312
-0.000215702
-0.00104337
-0.00186066
-0.00266653
-0.00345999
-0.00424003
-0.00500566
-0.00575592
-0.00648987
-0.00720658
-0.00790514
-0.00858467
-0.00924429
-0.00988318
-0.0105005
-0.0110955
-0.0116674
-0.0122155
-0.0127391
-0.0132374
-0.0137099
-0.014156
-0.014575
-0.0149664
-0.0153297
-0.0156644
-0.0159702
-0.0162465
-0.016493
-0.0167094
-0.0168954
-0.0170507
-0.0171751
-0.0172684
-0.0173304
-0.0173612
-0.0173605
-0.0173284
-0.0172648
-0.0171699
-0.0170437
-0.0168863
-0.0166979
-0.0164787
-0.016229
-0.015949
-0.015639
-0.0152995
-0.0149307
-0.0145331
-0.0141072
-0.0136535
-0.0131725
-0.0126648
-0.012131
-0.0115716
-0.0109875
-0.0103792
-0.0097475
-0.00909318
-0.00841698
-0.00771974
-0.00700229
-0.00626549
-0.00551022
-0.00473741
-0.00394797
-0.00314287
-0.00232307
-0.00148957
-0.000643382
0.000214477
0.00108296
0.00196103
0.0028476
0.0037416
0.00464196
0.00554757
0.00645734
0.00737015
0.00828491
0.00920049
0.0101158
0.0110297
0.0119411
0.0128489
0.0137519
0.0146491
0.0155395
0.0164218
0.0172951
0.0181582
0.0190102
0.0198499
0.0206765
0.0214888
0.0222858
0.0230668
0.0238305
0.0245763
0.0253031
0.02601
0.0266963
0.0273611
0.0280036
0.028623
0.0292186
0.0297897
0.0303355
0.0308556
0.0313491
0.0318157
0.0322546
0.0326655
0.0330477
0.033401
0.0337248
0.0340189
0.0342829
0.0345164
0.0347194
0.0348915
0.0350326
0.0351425
0.0352212
0.0352686
0.0352848
0.0352697
0.0352234
0.035146
0.0350377
0.0348988
0.0347293
0.0345296
0.0343
0.0340409
0.0337527
0.0334357
0.0330905
0.0327175
0.0323174
0.0318906
0.0314378
0.0309596
0.0304568
0.02993
0.02938
0.0288076
0.0282136
0.0275988
0.0269641
0.0263103
0.0256385
0.0249496
0.0242444
0.0235241
0.0227897
0.0220421
0.0212824
0.0205118
0.0197313
0.018942
0.018145
0.0173415
0.0165326
0.0157195
0.0149033
0.0140852
0.0132663
0.012448
0.0116312
0.0108173
0.0100074
0.00920264
0.00840425
0.0076134
0.00683125
0.00605895
0.00529766
0.00454851
0.00381263
0.00309113
0.00238511
0.00169566
0.00102383
0.000370674
-0.000262787
-0.00087555
-0.00146663
-0.00203509
-0.00257998
-0.0031004
-0.00359548
-0.00406437
-0.00450627
-0.00492037
-0.00530593
-0.00566224
-0.0059886
-0.00628436
-0.00654892
-0.00678169
-0.00698214
-0.00714976
-0.0072841
-0.00738472
-0.00745126
-0.00748337
-0.00748075
-0.00744314
-0.00737033
-0.00726214
-0.00711846
-0.00693918
-0.00672427
-0.00647373
-0.0061876
-0.00586598
-0.00550899
-0.00511682
-0.00468967
-0.00422782
-0.00373156
-0.00320126
-0.00263729
-0.0020401
-0.00141016
-0.000747981
-5.41283e-05
0.000670802
0.00142617
0.00221131
0.0030255
0.00386798
0.00473798
0.00563466
0.00655717
0.00750462
0.00847608
0.00947058
0.0104872
0.0115248
0.0125824
0.013659
0.0147534
0.0158644
0.0169911
0.0181321
0.0192864
0.0204526
0.0216296
0.0228162
0.024011
0.0252127
0.0264202
0.0276321
0.0288471
0.0300639
0.0312812
0.0324977
0.0337119
0.0349227
0.0361286
0.0373285
0.0385208
0.0397044
0.0408778
0.0420399
0.0431893
0.0443247
0.0454449
0.0465487
0.0476347
0.0487017
0.0497487
0.0507743
0.0517774
0.0527569
0.0537117
0.0546407
0.0555428
0.0564171
0.0572624
0.0580779
0.0588625
0.0596155
0.0603359
0.0610229
0.0616757
0.0622935
0.0628757
0.0634215
0.0639303
0.0644015
0.0648345
0.0652289
0.0655842
0.0658999
0.0661756
0.0664111
0.066606
0.0667601
0.0668732
0.0669451
0.0669758
0.0669651
0.0669131
0.0668198
0.0666852
0.0665096
0.0662931
0.066036
0.0657384
0.0654008
0.0650234
0.0646068
0.0641513
0.0636575
0.0631259
0.0625571
0.0619518
0.0613106
0.0606343
0.0599236
0.0591793
0.0584023
0.0575934
0.0567536
0.0558838
0.0549851
0.0540584
0.0531048
0.0521255
0.0511215
0.050094
0.0490441
0.0479731
0.0468823
0.0457729
0.0446461
0.0435033
0.0423458
0.041175
0.0399922
0.0387987
0.0375961
0.0363857
0.0351688
0.033947
0.0327217
0.0314942
0.0302661
0.0290388
0.0278138
0.0265924
0.0253761
0.0241664
0.0229648
0.0217725
0.0205911
0.019422
0.0182665
0.0171261
0.016002
0.0148957
0.0138085
0.0127418
0.0116966
0.0106745
0.00967654
0.00870401
0.00775809
0.00683994
0.0059507
0.00509146
0.00426329
0.00346723
0.00270428
0.0019754
0.00128153
0.000623536
2.28367e-06
-0.000581422
-0.00112681
-0.00163316
-0.00209978
-0.00252604
-0.00291134
-0.00325513
-0.0035569
-0.0038162
-0.00403261
-0.00420577
-0.00433537
-0.00442113
-0.00446283
-0.0044603
-0.00441342
-0.00432211
-0.00418635
-0.00400615
-0.00378161
-0.00351282
-0.00319997
-0.00284327
-0.00244298
-0.00199943
-0.00151297
-0.000984017
-0.000413019
0.000199518
0.000853048
0.00154698
0.00228068
0.00305346
0.00386461
0.00471336
0.0055989
0.0065204
0.00747696
0.00846767
0.00949157
0.0105477
0.0116349
0.0127523
0.0138987
0.0150729
0.0162739
0.0175005
0.0187513
0.0200253
0.0213212
0.0226375
0.0239732
0.0253268
0.026697
0.0280825
0.0294818
0.0308936
0.0323165
0.0337491
0.0351899
0.0366376
0.0380908
0.0395479
0.0410075
0.0424683
0.0439288
0.0453876
0.0468432
0.0482942
0.0497392
0.0511768
0.0526056
0.0540243
0.0554314
0.0568257
0.0582058
0.0595703
0.0609181
0.0622477
0.063558
0.0648478
0.0661158
0.0673609
0.0685819
0.0697778
0.0709474
0.0720896
0.0732036
0.0742882
0.0753426
0.0763658
0.0773569
0.0783152
0.0792398
0.0801299
0.0809849
0.081804
0.0825867
0.0833323
0.0840404
0.0847103
0.0853416
0.085934
0.086487
0.0870003
0.0874737
0.0879069
0.0882997
0.0886519
0.0889636
0.0892346
0.0894649
0.0896546
0.0898037
0.0899125
0.089981
0.0900094
0.0899982
0.0899475
0.0898577
0.0897293
0.0895626
0.0893581
0.0891164
0.088838
0.0885235
0.0881736
0.0877888
0.0873701
0.086918
0.0864334
0.085917
0.0853698
0.0847926
0.0841863
0.0835518
0.0828902
0.0822023
0.0814893
0.0807522
0.0799919
0.0792096
0.0784065
0.0775835
0.076742
0.0758829
0.0750074
0.0741168
0.0732123
0.0722949
0.071366
0.0704267
0.0694782
0.0685218
0.0675587
0.06659
0.0656171
0.064641
0.0636631
0.0626845
0.0617064
0.06073
0.0597564
0.0587869
0.0578225
0.0568644
0.0559137
0.0549715
0.0540389
0.0531169
0.0522066
0.0513089
0.0504249
0.0495555
0.0487016
0.0478642
0.0470441
0.0462421
0.0454592
0.0446959
0.0439532
0.0432317
0.0425321
0.041855
0.0412011
0.0405709
0.0399649
0.0393837
0.0388276
0.0382972
0.0377927
0.0373145
0.036863
0.0364382
0.0360406
0.0356702
0.0353271
0.0350115
0.0347234
0.0344627
0.0342295
0.0340237
0.0338452
0.0336937
0.0335691
0.0334711
0.0333995
0.0333539
0.033334
0.0333394
0.0333695
0.033424
0.0335024
0.033604
0.0337283
0.0338747
0.0340425
0.034231
0.0344396
0.0346674
0.0349137
0.0351778
0.0354586
0.0357555
0.0360675
0.0363937
0.0367332
0.037085
0.0374482
0.0378217
0.0382046
0.0385958
0.0389944
0.0393992
0.0398092
0.0402233
0.0406404
0.0410595
0.0414795
0.0418992
0.0423176
0.0427335
0.0431459
0.0435537
0.0439557
0.0443509
0.0447382
0.0451166
0.0454848
0.045842
0.046187
0.0465188
0.0468365
0.0471389
0.0474252
0.0476943
0.0479453
0.0481774
0.0483895
0.0485809
0.0487507
0.048898
0.0490222
0.0491223
0.0491978
0.0492478
0.0492718
0.049269
0.0492389
0.049181
0.0490946
0.0489794
0.0488348
0.0486605
0.048456
0.048221
0.0479553
0.0476585
0.0473305
0.046971
0.04658
0.0461574
0.0457031
0.0452171
0.0446995
0.0441503
0.0435696
0.0429577
0.0423147
0.0416409
0.0409366
0.0402021
0.0394377
0.0386441
0.0378215
0.0369705
0.0360916
0.0351855
0.0342526
0.0332938
0.0323097
0.0313011
0.0302686
0.0292132
0.0281356
0.0270368
0.0259176
0.024779
0.0236219
0.0224475
0.0212566
0.0200503
0.0188298
0.0175961
0.0163503
0.0150937
0.0138274
0.0125525
0.0112703
0.00998204
0.00868892
0.00739221
0.00609316
0.00479307
0.00349321
0.00219487
0.000899367
-0.000392007
-0.00167794
-0.00295713
-0.00422827
-0.00549005
-0.00674117
-0.00798032
-0.00920623
-0.0104176
-0.0116132
-0.0127917
-0.0139519
-0.0150925
-0.0162124
-0.0173104
-0.0183851
-0.0194356
-0.0204606
-0.0214591
-0.0224299
-0.023372
-0.0242843
-0.0251658
-0.0260156
-0.0268327
-0.0276162
-0.0283652
-0.0290788
-0.0297563
-0.0303968
-0.0309997
-0.0315642
-0.0320896
-0.0325754
-0.033021
-0.0334257
-0.0337892
-0.034111
-0.0343907
-0.0346278
-0.0348222
-0.0349734
-0.0350814
-0.0351459
-0.0351667
-0.0351438
-0.0350772
-0.0349669
-0.0348128
-0.0346152
-0.0343741
-0.0340898
-0.0337624
-0.0333924
-0.03298
-0.0325256
-0.0320296
-0.0314925
-0.0309148
-0.0302971
-0.02964
-0.0289441
-0.0282101
-0.0274388
-0.0266309
-0.0257872
-0.0249086
-0.023996
-0.0230503
-0.0220724
-0.0210634
-0.0200242
-0.0189561
-0.0178599
-0.0167369
-0.0155882
-0.014415
-0.0132186
-0.012
-0.0107606
-0.00950174
-0.00822459
-0.00693052
-0.00562086
-0.00429696
-0.00296017
-0.00161189
-0.000253485
0.00111363
0.00248807
0.0038684
0.00525322
0.00664111
0.00803064
0.0094204
0.010809
0.0121949
0.0135769
0.0149534
0.0163231
0.0176846
0.0190365
0.0203775
0.0217062
0.0230213
0.0243215
0.0256055
0.026872
0.0281198
0.0293477
0.0305544
0.0317387
0.0328997
0.034036
0.0351467
0.0362307
0.037287
0.0383145
0.0393124
0.0402797
0.0412156
0.0421192
0.0429897
0.0438264
0.0446286
0.0453955
0.0461266
0.0468212
0.0474789
0.0480992
0.0486815
0.0492254
0.0497307
0.050197
0.0506241
0.0510117
0.0513596
0.0516678
0.0519361
0.0521646
0.0523532
0.0525021
0.0526113
0.052681
0.0527114
0.0527028
0.0526555
0.0525698
0.0524462
0.0522851
0.0520869
0.0518522
0.0515816
0.0512757
0.0509351
0.0505606
0.0501529
0.0497127
0.0492409
0.0487384
0.0482059
0.0476446
0.0470552
0.0464389
0.0457965
0.0451293
0.0444382
0.0437244
0.0429889
0.0422331
0.0414579
0.0406647
0.0398547
0.0390291
0.0381892
0.0373362
0.0364714
0.0355962
0.0347118
0.0338196
0.0329209
0.032017
0.0311093
0.0301991
0.0292877
0.0283766
0.0274669
0.0265602
0.0256576
0.0247605
0.0238703
0.0229881
0.0221154
0.0212534
0.0204034
0.0195665
0.018744
0.0179372
0.0171472
0.0163751
0.0156222
0.0148894
0.0141779
0.0134888
0.0128231
0.0121817
0.0115656
0.0109758
0.0104132
0.0098785
0.00937265
0.0088964
0.0084505
0.00803565
0.00765251
0.0073017
0.00698381
0.00669937
0.00644887
0.00623277
0.00605146
0.00590531
0.00579464
0.0057197
0.00568072
0.00567787
0.00571129
0.00578105
0.00588719
0.00602969
0.0062085
0.0064235
0.00667454
0.00696142
0.00728389
0.00764166
0.00803439
0.00846169
0.00892313
0.00941824
0.00994649
0.0105073
0.0111002
0.0117243
0.0123791
0.0130639
0.0137778
0.01452
0.0152897
0.0160861
0.0169082
0.017755
0.0186257
0.0195191
0.0204342
0.02137
0.0223254
0.0232991
0.0242902
0.0252973
0.0263194
0.0273551
0.0284033
0.0294627
0.0305319
0.0316098
0.0326951
0.0337863
0.0348822
0.0359815
0.0370828
0.0381848
0.0392862
0.0403855
0.0414815
0.0425727
0.0436579
0.0447357
0.0458048
0.0468639
0.0479116
0.0489466
0.0499677
0.0509736
0.051963
0.0529347
0.0538874
0.05482
0.0557313
0.0566201
0.0574853
0.0583258
0.0591405
0.0599283
0.0606884
0.0614196
0.062121
0.0627917
0.0634309
0.0640376
0.0646111
0.0651506
0.0656554
0.0661248
0.0665581
0.0669547
0.067314
0.0676356
0.067919
0.0681637
0.0683694
0.0685356
0.0686622
0.0687488
0.0687953
0.0688014
0.0687672
0.0686925
0.0685773
0.0684217
0.0682257
0.0679894
0.0677131
0.067397
0.0670413
0.0666464
0.0662126
0.0657402
0.0652299
0.064682
0.0640972
0.0634759
0.0628189
0.0621268
0.0614003
0.0606401
0.0598471
0.0590221
0.0581659
0.0572795
0.0563637
0.0554196
0.0544482
0.0534504
0.0524275
0.0513803
0.0503102
0.0492182
0.0481055
0.0469733
0.0458228
0.0446553
0.0434721
0.0422743
0.0410633
0.0398405
0.0386071
0.0373644
0.0361138
0.0348567
0.0335945
0.0323283
0.0310598
0.0297901
0.0285207
0.027253
0.0259882
0.0247278
0.0234731
0.0222255
0.0209862
0.0197566
0.018538
0.0173317
0.0161389
0.014961
0.0137991
0.0126545
0.0115284
0.0104218
0.00933609
0.00827224
0.00723136
0.00621451
0.00522274
0.00425702
0.00331833
0.0024076
0.00152571
0.000673536
-0.000148116
-0.000938461
-0.00169676
-0.0024223
-0.00311444
-0.00377254
-0.00439604
-0.00498441
-0.00553714
-0.00605381
-0.00653401
-0.00697739
-0.00738364
-0.0077525
-0.00808376
-0.00837725
-0.00863284
-0.00885048
-0.00903012
-0.00917179
-0.00927556
-0.00934155
-0.00936992
-0.00936087
-0.00931466
-0.0092316
-0.00911202
-0.00895633
-0.00876495
-0.00853838
-0.00827713
-0.00798177
-0.00765291
-0.0072912
-0.00689734
-0.00647204
-0.00601609
-0.00553028
-0.00501547
-0.00447252
-0.00390236
-0.00330593
-0.00268421
-0.00203821
-0.00136896
-0.00067754
3.49593e-05
0.000767419
0.0015187
0.00228762
0.00307301
0.00387365
0.00468831
0.00551577
0.00635475
0.00720398
0.00806219
0.00892808
0.00980034
0.0106777
0.0115588
0.0124423
0.0133269
0.0142113
0.0150942
0.0159743
0.0168502
0.0177207
0.0185843
0.01944
0.0202863
0.021122
0.0219459
0.0227567
0.0235532
0.0243342
0.0250985
0.025845
0.0265726
0.0272801
0.0279664
0.0286306
0.0292715
0.0298881
0.0304796
0.031045
0.0315834
0.0320938
0.0325756
0.0330279
0.0334499
0.033841
0.0342005
0.0345277
0.034822
0.0350829
0.03531
0.0355027
0.0356606
0.0357833
0.0358706
0.0359221
0.0359377
0.035917
0.0358601
0.0357667
0.0356369
0.0354706
0.0352679
0.0350289
0.0347537
0.0344425
0.0340956
0.0337132
0.0332956
0.0328433
0.0323566
0.031836
0.0312821
0.0306953
0.0300762
0.0294255
0.0287439
0.0280321
0.0272908
0.0265208
0.025723
0.0248982
0.0240473
0.0231713
0.0222712
0.0213479
0.0204025
0.019436
0.0184496
0.0174443
0.0164214
0.0153819
0.014327
0.0132581
0.0121763
0.0110828
0.00997896
0.00886603
0.00774531
0.00661811
0.00548574
0.00434954
0.00321083
0.00207096
0.000931264
-0.00020691
-0.00134222
-0.00247332
-0.00359887
-0.00471754
-0.00582799
-0.00692891
-0.00801899
-0.00909692
-0.0101614
-0.0112112
-0.0122451
-0.0132617
-0.01426
-0.0152386
-0.0161965
-0.0171324
-0.0180453
-0.018934
-0.0197974
-0.0206347
-0.0214446
-0.0222263
-0.0229787
-0.0237011
-0.0243925
-0.0250521
-0.025679
-0.0262726
-0.0268321
-0.0273567
-0.027846
-0.0282993
-0.028716
-0.0290956
-0.0294377
-0.0297418
-0.0300076
-0.0302347
-0.030423
-0.030572
-0.0306817
-0.030752
-0.0307826
-0.0307737
-0.0307251
-0.030637
-0.0305095
-0.0303427
-0.0301368
-0.029892
-0.0296087
-0.0292872
-0.0289279
-0.0285312
-0.0280976
-0.0276277
-0.0271219
-0.026581
-0.0260055
-0.0253963
-0.024754
-0.0240793
-0.0233733
-0.0226366
-0.0218702
-0.021075
-0.0202521
-0.0194024
-0.0185269
-0.0176268
-0.0167031
-0.015757
-0.0147896
-0.0138021
-0.0127957
-0.0117718
-0.0107314
-0.00967593
-0.00860667
-0.00752493
-0.00643203
-0.00532933
-0.00421818
-0.00309995
-0.00197602
-0.000847773
0.000283393
0.00141608
0.0025489
0.00368045
0.00480932
0.00593413
0.00705348
0.00816599
0.00927027
0.010365
0.0114487
0.0125202
0.013578
0.0146209
0.0156476
0.0166568
0.0176472
0.0186176
0.0195668
0.0204936
0.0213969
0.0222755
0.0231283
0.0239544
0.0247525
0.0255218
0.0262612
0.0269699
0.0276469
0.0282914
0.0289026
0.0294796
0.0300219
0.0305286
0.0309992
0.031433
0.0318294
0.0321881
0.0325084
0.03279
0.0330326
0.0332357
0.0333992
0.0335227
0.0336061
0.0336494
0.0336523
0.0336149
0.0335372
0.0334193
0.0332613
0.0330633
0.0328256
0.0325484
0.0322322
0.0318771
0.0314837
0.0310523
0.0305836
0.0300781
0.0295362
0.0289588
0.0283465
0.0277
0.0270201
0.0263075
0.0255633
0.0247881
0.0239831
0.0231491
0.0222872
0.0213984
0.0204837
0.0195444
0.0185814
0.0175961
0.0165895
0.0155629
0.0145176
0.0134548
0.0123758
0.011282
0.0101746
0.00905501
0.0079246
0.00678476
0.00563686
0.00448231
0.00332252
0.00215892
0.00099292
-0.000174043
-0.00134054
-0.00250515
-0.00366643
-0.00482296
-0.00597332
-0.0071161
-0.00824989
-0.00937329
-0.0104849
-0.0115834
-0.0126674
-0.0137356
-0.0147867
-0.0158193
-0.0168321
-0.017824
-0.0187937
-0.01974
-0.0206617
-0.0215576
-0.0224268
-0.023268
-0.0240802
-0.0248625
-0.0256137
-0.0263331
-0.0270197
-0.0276726
-0.028291
-0.0288742
-0.0294213
-0.0299317
-0.0304048
-0.0308399
-0.0312365
-0.031594
-0.0319121
-0.0321902
-0.032428
-0.0326252
-0.0327815
-0.0328967
-0.0329706
-0.0330031
-0.0329941
-0.0329436
-0.0328517
-0.0327183
-0.0325436
-0.0323279
-0.0320712
-0.031774
-0.0314364
-0.031059
-0.0306421
-0.0301862
-0.0296917
-0.0291593
-0.0285896
-0.0279832
-0.0273409
-0.0266632
-0.0259511
-0.0252054
-0.0244269
-0.0236166
-0.0227753
-0.021904
-0.0210038
-0.0200758
-0.0191209
-0.0181403
-0.0171352
-0.0161067
-0.015056
-0.0139844
-0.0128931
-0.0117834
-0.0106565
-0.00951383
-0.00835669
-0.00718642
-0.0060044
-0.00481199
-0.0036106
-0.00240161
-0.00118644
3.34937e-05
0.00125678
0.00248199
0.00370772
0.00493252
0.006155
0.00737372
0.00858729
0.00979431
0.0109934
0.0121831
0.0133622
0.0145292
0.0156828
0.0168218
0.0179448
0.0190505
0.0201376
0.0212051
0.0222516
0.023276
0.0242771
0.0252538
0.0262051
0.0271299
0.0280272
0.028896
0.0297353
0.0305443
0.0313221
0.0320679
0.0327809
0.0334603
0.0341055
0.0347158
0.0352906
0.0358293
0.0363315
0.0367967
0.0372244
0.0376143
0.037966
0.0382794
0.0385541
0.03879
0.038987
0.039145
0.039264
0.039344
0.0393852
0.0393875
0.0393512
0.0392766
0.039164
0.0390135
0.0388257
0.038601
0.0383398
0.0380426
0.0377101
0.0373428
0.0369414
0.0365066
0.0360392
0.0355399
0.0350096
0.0344491
0.0338595
0.0332415
0.0325962
0.0319246
0.0312279
0.030507
0.029763
0.0289973
0.0282109
0.027405
0.0265809
0.0257398
0.0248831
0.0240119
0.0231277
0.0222319
0.0213256
0.0204104
0.0194876
0.0185586
0.0176248
0.0166876
0.0157484
0.0148087
0.0138698
0.0129333
0.0120005
0.0110728
0.0101517
0.00923855
0.00833474
0.00744167
0.00656071
0.00569322
0.00484055
0.00400401
0.00318491
0.00238453
0.00160414
0.00084497
0.00010823
-0.000604896
-0.00129326
-0.00195573
-0.00259123
-0.0031987
-0.00377711
-0.00432549
-0.00484289
-0.0053284
-0.00578115
-0.00620032
-0.00658513
-0.00693484
-0.00724875
-0.00752622
-0.00776664
-0.00796946
-0.00813418
-0.00826033
-0.00834751
-0.00839536
-0.00840358
-0.00837191
-0.00830015
-0.00818814
-0.00803578
-0.00784303
-0.0076099
-0.00733645
-0.00702277
-0.00666905
-0.0062755
-0.00584238
-0.00537003
-0.0048588
-0.00430914
-0.00372151
-0.00309645
-0.00243453
-0.00173638
-0.00100268
-0.000234146
0.000568441
0.00140427
0.00227246
0.00317213
0.0041023
0.00506199
0.00605017
0.00706575
0.00810761
0.00917462
0.0102656
0.0113793
0.0125144
0.0136697
0.0148439
0.0160356
0.0172434
0.018466
0.0197018
0.0209496
0.0222077
0.0234747
0.0247492
0.0260295
0.0273141
0.0286016
0.0298904
0.0311788
0.0324654
0.0337485
0.0350266
0.0362981
0.0375615
0.0388152
0.0400576
0.0412871
0.0425023
0.0437016
0.0448834
0.0460463
0.0471888
0.0483095
0.0494068
0.0504793
0.0515257
0.0525446
0.0535346
0.0544944
0.0554228
0.0563184
0.0571801
0.0580067
0.058797
0.05955
0.0602645
0.0609396
0.0615742
0.0621675
0.0627185
0.0632264
0.0636904
0.0641098
0.0644838
0.0648119
0.0650933
0.0653277
0.0655144
0.0656531
0.0657433
0.0657848
0.0657773
0.0657205
0.0656144
0.0654587
0.0652535
0.0649988
0.0646946
0.0643411
0.0639384
0.0634869
0.0629867
0.0624383
0.061842
0.0611984
0.0605079
0.0597712
0.0589888
0.0581614
0.0572898
0.0563748
0.0554172
0.0544179
0.0533778
0.052298
0.0511794
0.0500232
0.0488305
0.0476023
0.0463401
0.0450449
0.0437182
0.0423612
0.0409752
0.0395618
0.0381223
0.0366582
0.035171
0.0336622
0.0321333
0.0305861
0.0290219
0.0274425
0.0258495
0.0242446
0.0226294
0.0210056
0.0193749
0.017739
0.0160996
0.0144584
0.0128172
0.0111777
0.00954156
0.00791052
0.00628631
0.00467063
0.00306516
0.00147161
-0.000108365
-0.0016731
-0.00322096
-0.00475031
-0.00625956
-0.00774713
-0.00921146
-0.010651
-0.0120643
-0.0134499
-0.0148063
-0.0161321
-0.017426
-0.0186866
-0.0199126
-0.0211028
-0.0222559
-0.0233709
-0.0244465
-0.0254816
-0.0264754
-0.0274266
-0.0283345
-0.0291982
-0.0300167
-0.0307894
-0.0315154
-0.0321942
-0.032825
-0.0334074
-0.0339408
-0.0344248
-0.034859
-0.035243
-0.0355766
-0.0358595
-0.0360917
-0.0362729
-0.0364032
-0.0364826
-0.0365111
-0.036489
-0.0364163
-0.0362934
-0.0361206
-0.0358982
-0.0356267
-0.0353066
-0.0349384
-0.0345228
-0.0340603
-0.0335517
-0.0329978
-0.0323994
-0.0317573
-0.0310725
-0.030346
-0.0295787
-0.0287718
-0.0279264
-0.0270435
-0.0261245
-0.0251706
-0.024183
-0.0231631
-0.0221123
-0.0210319
-0.0199233
-0.0187881
-0.0176277
-0.0164437
-0.0152376
-0.0140109
-0.0127654
-0.0115025
-0.0102239
-0.00893139
-0.00762649
-0.00631094
-0.00498642
-0.00365465
-0.00231734
-0.000976192
0.00036706
0.0017107
0.00305301
0.00439226
0.00572676
0.0070548
0.00837468
0.00968472
0.0109833
0.0122686
0.0135392
0.0147934
0.0160295
0.0172461
0.0184415
0.0196143
0.020763
0.021886
0.0229821
0.0240497
0.0250876
0.0260944
0.0270688
0.0280096
0.0289155
0.0297856
0.0306185
0.0314134
0.0321691
0.0328847
0.0335593
0.034192
0.034782
0.0353286
0.035831
0.0362887
0.0367009
0.0370672
0.0373871
0.0376602
0.0378861
0.0380644
0.0381951
0.0382778
0.0383125
0.0382991
0.0382376
0.0381279
0.0379704
0.037765
0.0375121
0.037212
0.036865
0.0364714
0.0360318
0.0355467
0.0350167
0.0344424
0.0338245
0.0331638
0.032461
0.031717
0.0309327
0.030109
0.029247
0.0283477
0.0274122
0.0264416
0.0254372
0.0244001
0.0233317
0.0222331
0.0211059
0.0199513
0.0187708
0.0175658
0.0163377
0.0150882
0.0138188
0.0125309
0.0112262
0.00990636
0.00857289
0.00722747
0.00587177
0.00450745
0.0031362
0.0017597
0.000379661
-0.00100222
-0.00238424
-0.00376469
-0.00514185
-0.00651404
-0.00787955
-0.00923669
-0.0105838
-0.0119192
-0.0132412
-0.0145482
-0.0158385
-0.0171107
-0.018363
-0.0195939
-0.020802
-0.0219856
-0.0231434
-0.0242739
-0.0253756
-0.0264472
-0.0274874
-0.0284948
-0.0294683
-0.0304065
-0.0313083
-0.0321726
-0.0329983
-0.0337844
-0.0345298
-0.0352336
-0.0358949
-0.0365129
-0.0370868
-0.0376159
-0.0380995
-0.0385369
-0.0389277
-0.0392712
-0.0395671
-0.039815
-0.0400144
-0.0401652
-0.0402671
-0.0403201
-0.0403239
-0.0402785
-0.040184
-0.0400405
-0.0398481
-0.039607
-0.0393175
-0.03898
-0.0385947
-0.0381622
-0.0376829
-0.0371574
-0.0365864
-0.0359704
-0.0353103
-0.0346068
-0.0338608
-0.0330731
-0.0322447
-0.0313766
-0.0304698
-0.0295255
-0.0285446
-0.0275285
-0.0264784
-0.0253955
-0.0242811
-0.0231367
-0.0219635
-0.0207629
-0.0195366
-0.0182858
-0.0170123
-0.0157174
-0.0144028
-0.0130701
-0.0117209
-0.0103568
-0.00897957
-0.0075908
-0.00619222
-0.00478553
-0.00337245
-0.00195471
-0.000534037
0.000887827
0.00230914
0.00372817
0.00514316
0.00655239
0.00795414
0.00934667
0.0107283
0.0120973
0.013452
0.0147907
0.0161118
0.0174137
0.0186947
0.0199533
0.021188
0.0223971
0.0235793
0.024733
0.0258568
0.0269494
0.0280094
0.0290354
0.0300263
0.0309807
0.0318975
0.0327755
0.0336137
0.034411
0.0351664
0.035879
0.0365478
0.0371721
0.0377511
0.0382839
0.0387701
0.0392088
0.0395997
0.0399421
0.0402356
0.0404799
0.0406747
0.0408196
0.0409145
0.0409592
0.0409537
0.0408979
0.0407919
0.0406358
0.0404298
0.0401741
0.039869
0.0395148
0.0391119
0.0386609
0.0381623
0.0376166
0.0370245
0.0363867
0.035704
0.0349772
0.0342071
0.0333947
0.0325409
0.0316468
0.0307136
0.0297422
0.0287338
0.0276898
0.0266113
0.0254996
0.0243562
0.0231824
0.0219796
0.0207492
0.0194929
0.018212
0.0169083
0.0155832
0.0142383
0.0128754
0.0114961
0.010102
0.0086949
0.00727648
0.00584848
0.00441265
0.00297074
0.00152453
7.57897e-05
-0.00137371
-0.0028222
-0.00426789
-0.00570901
-0.00714378
-0.00857046
-0.00998727
-0.0113925
-0.0127844
-0.0141612
-0.0155213
-0.016863
-0.0181846
-0.0194846
-0.0207612
-0.0220129
-0.0232382
-0.0244356
-0.0256035
-0.0267406
-0.0278454
-0.0289165
-0.0299526
-0.0309525
-0.0319149
-0.0328385
-0.0337223
-0.0345651
-0.0353659
-0.0361237
-0.0368375
-0.0375065
-0.0381297
-0.0387065
-0.039236
-0.0397176
-0.0401507
-0.0405348
-0.0408693
-0.0411538
-0.0413879
-0.0415714
-0.041704
-0.0417854
-0.0418156
-0.0417945
-0.0417221
-0.0415985
-0.0414238
-0.0411981
-0.0409218
-0.0405952
-0.0402186
-0.0397925
-0.0393173
-0.0387937
-0.0382222
-0.0376035
-0.0369384
-0.0362277
-0.0354722
-0.0346727
-0.0338304
-0.0329461
-0.032021
-0.0310562
-0.0300528
-0.029012
-0.0279352
-0.0268235
-0.0256784
-0.0245013
-0.0232935
-0.0220566
-0.020792
-0.0195013
-0.018186
-0.0168478
-0.0154883
-0.0141091
-0.012712
-0.0112986
-0.00987061
-0.00842986
-0.00697807
-0.00551702
-0.00404851
-0.00257432
-0.00109627
0.000383835
0.00186418
0.00334295
0.00481832
0.00628849
0.00775165
0.009206
0.0106497
0.0120811
0.0134984
0.0148997
0.0162834
0.0176479
0.0189913
0.020312
0.0216085
0.0228791
0.0241222
0.0253363
0.0265199
0.0276715
0.0287897
0.0298731
0.0309204
0.0319302
0.0329013
0.0338325
0.0347226
0.0355706
0.0363753
0.0371357
0.037851
0.0385201
0.0391423
0.0397167
0.0402426
0.0407195
0.0411465
0.0415233
0.0418493
0.0421241
0.0423473
0.0425186
0.0426378
0.0427048
0.0427193
0.0426815
0.0425912
0.0424486
0.0422538
0.0420071
0.0417086
0.0413589
0.0409582
0.040507
0.0400059
0.0394554
0.0388562
0.038209
0.0375146
0.0367739
0.0359876
0.0351567
0.0342823
0.0333654
0.0324071
0.0314085
0.0303709
0.0292955
0.0281835
0.0270365
0.0258557
0.0246426
0.0233986
0.0221253
0.0208243
0.019497
0.0181451
0.0167703
0.0153743
0.0139587
0.0125252
0.0110757
0.00961187
0.00813554
0.00664849
0.00515256
0.00364958
0.00214138
0.000629815
-0.000883256
-0.00239598
-0.00390649
-0.00541295
-0.00691348
-0.00840626
-0.00988944
-0.0113612
-0.0128197
-0.0142632
-0.0156899
-0.017098
-0.0184857
-0.0198515
-0.0211935
-0.0225102
-0.0237998
-0.0250609
-0.0262917
-0.0274909
-0.0286569
-0.0297882
-0.0308835
-0.0319415
-0.0329606
-0.0339398
-0.0348778
-0.0357734
-0.0366255
-0.037433
-0.0381948
-0.0389102
-0.0395781
-0.0401977
-0.0407682
-0.0412888
-0.041759
-0.0421782
-0.0425457
-0.0428611
-0.043124
-0.043334
-0.0434909
-0.0435945
-0.0436445
-0.0436409
-0.0435836
-0.0434728
-0.0433085
-0.0430909
-0.0428203
-0.0424969
-0.0421211
-0.0416933
-0.0412142
-0.0406841
-0.0401038
-0.0394739
-0.0387951
-0.0380684
-0.0372946
-0.0364745
-0.0356092
-0.0346997
-0.0337471
-0.0327526
-0.0317174
-0.0306427
-0.0295298
-0.0283801
-0.0271949
-0.0259758
-0.0247241
-0.0234415
-0.0221295
-0.0207896
-0.0194236
-0.018033
-0.0166197
-0.0151852
-0.0137314
-0.0122601
-0.010773
-0.00927206
-0.007759
-0.00623572
-0.0047041
-0.00316601
-0.00162336
-7.80341e-05
0.00146806
0.00301301
0.00455491
0.00609187
0.00762198
0.00914335
0.0106541
0.0121524
0.0136363
0.015104
0.0165537
0.0179836
0.019392
0.020777
0.0221369
0.0234701
0.0247749
0.0260497
0.0272928
0.0285027
0.0296779
0.030817
0.0319185
0.0329809
0.0340031
0.0349836
0.0359213
0.0368149
0.0376633
0.0384656
0.0392205
0.0399272
0.0405847
0.0411923
0.0417491
0.0422544
0.0427075
0.0431079
0.0434549
0.0437483
0.0439874
0.0441721
0.044302
0.0443769
0.0443967
0.0443613
0.0442708
0.0441252
0.0439246
0.0436692
0.0433594
0.0429954
0.0425776
0.0421066
0.0415828
0.0410069
0.0403795
0.0397014
0.0389733
0.0381962
0.0373708
0.0364983
0.0355796
0.0346158
0.0336081
0.0325577
0.0314658
0.0303337
0.0291629
0.0279546
0.0267104
0.0254318
0.0241202
0.0227773
0.0214048
0.0200042
0.0185773
0.0171257
0.0156513
0.0141559
0.0126412
0.0111091
0.00956151
0.00800026
0.00642728
0.00484447
0.00325378
0.00165714
5.652e-05
-0.00154613
-0.00314885
-0.00474966
-0.00634661
-0.00793773
-0.00952108
-0.0110947
-0.0126566
-0.014205
-0.0157379
-0.0172533
-0.0187496
-0.0202247
-0.0216768
-0.0231043
-0.0245052
-0.0258779
-0.0272207
-0.0285318
-0.0298097
-0.0310528
-0.0322595
-0.0334282
-0.0345577
-0.0356463
-0.0366928
-0.0376959
-0.0386543
-0.0395667
-0.040432
-0.0412492
-0.0420172
-0.0427349
-0.0434016
-0.0440162
-0.0445781
-0.0450866
-0.0455408
-0.0459403
-0.0462845
-0.0465729
-0.0468052
-0.046981
-0.0471
-0.0471621
-0.0471672
-0.0471151
-0.0470059
-0.0468398
-0.0466168
-0.0463371
-0.0460011
-0.0456092
-0.0451618
-0.0446593
-0.0441024
-0.0434916
-0.0428278
-0.0421116
-0.0413439
-0.0405255
-0.0396576
-0.038741
-0.0377768
-0.0367662
-0.0357105
-0.0346107
-0.0334684
-0.0322847
-0.0310612
-0.0297992
-0.0285004
-0.0271662
-0.0257983
-0.0243982
-0.0229678
-0.0215087
-0.0200226
-0.0185114
-0.0169769
-0.015421
-0.0138455
-0.0122523
-0.0106433
-0.00902064
-0.00738611
-0.00574177
-0.00408959
-0.0024316
-0.000769807
0.000893759
0.00255707
0.0042181
0.00587482
0.0075252
0.00916723
0.0107989
0.0124182
0.0140232
0.0156118
0.0171822
0.0187324
0.0202605
0.0217646
0.0232429
0.0246935
0.0261147
0.0275048
0.0288619
0.0301844
0.0314707
0.0327191
0.0339283
0.0350965
0.0362224
0.0373046
0.0383417
0.0393325
0.0402756
0.04117
0.0420144
0.0428079
0.0435494
0.0442379
0.0448727
0.0454529
0.0459777
0.0464465
0.0468586
0.0472136
0.047511
0.0477503
0.0479312
0.0480535
0.048117
0.0481216
0.0480671
0.0479538
0.0477816
0.0475507
0.0472614
0.046914
0.0465089
0.0460465
0.0455274
0.0449521
0.0443214
0.0436359
0.0428965
0.0421041
0.0412596
0.0403639
0.0394182
0.0384235
0.0373811
0.0362922
0.035158
0.0339801
0.0327597
0.0314984
0.0301976
0.0288589
0.027484
0.0260745
0.0246321
0.0231585
0.0216556
0.0201251
0.0185689
0.0169889
0.015387
0.0137652
0.0121254
0.0104696
0.00879991
0.00711828
0.00542679
0.0037275
0.00202249
0.000313835
-0.00139636
-0.00310602
-0.00481303
-0.00651531
-0.00821076
-0.00989731
-0.0115729
-0.0132354
-0.0148829
-0.0165132
-0.0181244
-0.0197145
-0.0212815
-0.0228235
-0.0243386
-0.0258249
-0.0272806
-0.0287038
-0.0300929
-0.031446
-0.0327614
-0.0340376
-0.035273
-0.036466
-0.0376151
-0.0387188
-0.0397759
-0.0407849
-0.0417446
-0.0426538
-0.0435113
-0.044316
-0.045067
-0.0457632
-0.0464037
-0.0469878
-0.0475147
-0.0479837
-0.0483941
-0.0487455
-0.0490373
-0.0492692
-0.0494408
-0.0495518
-0.0496022
-0.0495917
-0.0495204
-0.0493882
-0.0491954
-0.048942
-0.0486284
-0.048255
-0.047822
-0.04733
-0.0467796
-0.0461714
-0.0455061
-0.0447844
-0.0440072
-0.0431755
-0.0422902
-0.0413523
-0.0403629
-0.0393233
-0.0382347
-0.0370983
-0.0359155
-0.0346878
-0.0334166
-0.0321034
-0.0307498
-0.0293575
-0.0279281
-0.0264633
-0.024965
-0.0234348
-0.0218748
-0.0202868
-0.0186726
-0.0170343
-0.0153739
-0.0136933
-0.0119947
-0.01028
-0.0085515
-0.00681115
-0.00506113
-0.00330358
-0.00154066
0.000225486
0.00199268
0.00375875
0.00552153
0.00727885
0.00902855
0.0107685
0.0124965
0.0142104
0.0159081
0.0175876
0.0192467
0.0208835
0.0224957
0.0240815
0.0256389
0.027166
0.0286608
0.0301214
0.0315462
0.0329331
0.0342807
0.035587
0.0368506
0.0380697
0.039243
0.0403688
0.0414457
0.0424725
0.0434478
0.0443703
0.0452388
0.0460524
0.0468098
0.0475101
0.0481524
0.0487359
0.0492598
0.0497234
0.0501261
0.0504673
0.0507466
0.0509635
0.0511178
0.0512091
0.0512374
0.0512026
0.0511045
0.0509434
0.0507193
0.0504325
0.0500832
0.0496719
0.049199
0.048665
0.0480706
0.0474164
0.0467032
0.0459319
0.0451033
0.0442184
0.0432782
0.042284
0.0412368
0.040138
0.0389888
0.0377907
0.0365451
0.0352535
0.0339175
0.0325387
0.0311188
0.0296596
0.0281627
0.0266302
0.0250638
0.0234656
0.0218374
0.0201813
0.0184993
0.0167937
0.0150664
0.0133196
0.0115556
0.00977652
0.00798465
0.00618222
0.00437152
0.00255484
0.000734504
-0.00108719
-0.0029079
-0.0047253
-0.00653706
-0.00834084
-0.0101343
-0.0119152
-0.0136811
-0.0154297
-0.0171588
-0.0188661
-0.0205494
-0.0222063
-0.0238348
-0.0254326
-0.0269975
-0.0285275
-0.0300205
-0.0314744
-0.0328873
-0.0342571
-0.035582
-0.0368601
-0.0380896
-0.0392687
-0.0403956
-0.0414688
-0.0424867
-0.0434476
-0.0443502
-0.0451929
-0.0459745
-0.0466937
-0.0473492
-0.0479399
-0.0484647
-0.0489226
-0.0493127
-0.0496342
-0.0498862
-0.050068
-0.050179
-0.0502187
-0.0501865
-0.0500822
-0.0499054
-0.0496558
-0.0493332
-0.0489378
-0.0484693
-0.047928
-0.047314
-0.0466275
-0.0458689
-0.0450385
-0.044137
-0.0431648
-0.0421225
-0.041011
-0.039831
-0.0385835
-0.0372692
-0.0358893
-0.0344449
-0.0329371
-0.0313671
-0.0297363
-0.0280461
-0.0262978
-0.024493
-0.0226333
-0.0207202
-0.0187554
-0.0167407
-0.0146778
-0.0125686
-0.010415
-0.00821894
-0.00598234
-0.00370725
-0.00139574
0.000950099
0.00332812
0.00573617
0.00817204
0.0106335
0.0131183
0.0156242
0.0181489
0.02069
0.0232453
0.0258124
0.028389
0.0309726
0.0335611
0.0361519
0.0387429
0.0413315
0.0439155
0.0464926
0.0490604
0.0516166
0.054159
0.0566854
0.0591933
0.0616808
0.0641455
0.0665853
0.0689982
0.0713821
0.0737348
0.0760545
0.0783392
0.0805869
0.0827958
0.0849641
0.0870901
0.0891721
0.0912084
0.0931973
0.0951375
0.0970275
0.0988658
0.100651
0.102382
0.104058
0.105677
0.107238
0.108741
0.110184
0.111567
0.112889
0.114149
0.115346
0.116481
0.117552
0.118559
0.119502
0.12038
0.121195
0.121944
0.122629
0.12325
0.123806
0.124299
0.124727
0.125092
0.125395
0.125635
0.125813
0.12593
0.125987
0.125985
0.125924
0.125806
0.125631
0.125401
0.125117
0.12478
0.124391
0.123952
0.123465
0.12293
0.122349
0.121724
0.121056
0.120348
0.1196
0.118815
0.117995
0.11714
0.116254
0.115338
0.114394
0.113425
0.112431
0.111415
0.11038
0.109326
0.108257
0.107175
0.106081
0.104978
0.103867
0.102752
0.101633
0.100514
0.0993963
0.0982819
0.097173
0.0960718
0.0949803
0.0939006
0.0928346
0.0917845
0.0907522
0.0897397
0.0887488
0.0877816
0.0868397
0.0859251
0.0850394
0.0841846
0.0833621
0.0825737
0.0818209
0.0811053
0.0804283
0.0797914
0.0791959
0.0786432
0.0781344
0.0776708
0.0772535
0.0768836
0.0765619
0.0762895
0.0760672
0.0758958
0.0757759
0.0757082
0.0756933
0.0757317
0.0758237
0.0759697
0.07617
0.0764248
0.0767341
0.077098
0.0775165
0.0779894
0.0785166
0.0790977
0.0797325
0.0804204
0.0811611
0.081954
0.0827983
0.0836935
0.0846386
0.0856329
0.0866755
0.0877652
0.0889012
0.0900821
0.091307
0.0925744
0.0938831
0.0952318
0.0966189
0.098043
0.0995025
0.100996
0.102522
0.104078
0.105663
0.107274
0.108912
0.110572
0.112254
0.113955
0.115674
0.117408
0.119156
0.120915
0.122684
0.12446
0.126241
0.128025
0.129811
0.131595
0.133375
0.135151
0.136918
0.138676
0.140422
0.142154
0.14387
0.145568
0.147245
0.148901
0.150531
0.152135
0.153711
0.155257
0.15677
0.158249
0.159692
0.161097
0.162462
0.163787
0.165068
0.166304
0.167494
0.168636
0.16973
0.170772
0.171762
0.1727
0.173582
0.174409
0.175179
0.175891
0.176545
0.177138
0.177672
0.178144
0.178554
0.178901
0.179186
0.179407
0.179564
0.179657
0.179686
0.17965
0.17955
0.179386
0.179157
0.178863
0.178506
0.178086
0.177602
0.177056
0.176448
0.175778
0.175048
0.174258
0.173409
0.172503
0.171539
0.17052
0.169447
0.16832
0.167141
0.165912
0.164633
0.163308
0.161936
0.16052
0.159062
0.157563
0.156025
0.15445
0.15284
0.151197
0.149522
0.147819
0.146089
0.144334
0.142556
0.140759
0.138943
0.137111
0.135266
0.133409
0.131544
0.129673
0.127797
0.12592
0.124043
0.12217
0.120302
0.118442
0.116593
0.114756
0.112935
0.111131
0.109347
0.107585
0.105848
0.104138
0.102457
0.100808
0.0991925
0.0976127
0.096071
0.0945695
0.0931102
0.0916952
0.0903263
0.0890057
0.0877351
0.0865164
0.0853513
0.0842415
0.0831887
0.0821945
0.0812604
0.0803878
0.0795781
0.0788326
0.0781527
0.0775393
0.0769936
0.0765167
0.0761094
0.0757727
0.0755072
0.0753137
0.0751928
0.075145
0.0751707
0.0752703
0.0754441
0.0756922
0.0760147
0.0764117
0.0768831
0.0774287
0.0780482
0.0787413
0.0795076
0.0803466
0.0812576
0.0822401
0.0832931
0.0844159
0.0856075
0.0868669
0.0881931
0.0895848
0.0910407
0.0925596
0.09414
0.0957805
0.0974795
0.0992353
0.101046
0.102911
0.104827
0.106792
0.108806
0.110865
0.112968
0.115112
0.117296
0.119516
0.121772
0.12406
0.126379
0.128725
0.131097
0.133491
0.135906
0.138339
0.140787
0.143248
0.145719
0.148198
0.150682
0.153168
0.155654
0.158137
0.160614
0.163083
0.165542
0.167987
0.170415
0.172826
0.175215
0.17758
0.179919
0.182229
0.184508
0.186754
0.188963
0.191134
0.193263
0.19535
0.197391
0.199385
0.201329
0.203222
0.205061
0.206843
0.208569
0.210234
0.211838
0.21338
0.214856
0.216267
0.217609
0.218883
0.220086
0.221217
0.222275
0.223259
0.224168
0.225001
0.225757
0.226435
0.227035
0.227556
0.227997
0.228358
0.228639
0.228839
0.228959
0.228998
0.228956
0.228833
0.22863
0.228347
0.227983
0.227541
0.22702
0.22642
0.225743
0.224989
0.22416
0.223256
0.222278
0.221227
0.220105
0.218913
0.217652
0.216324
0.21493
0.213472
0.211951
0.210369
0.208729
0.207031
0.205277
0.203471
0.201613
0.199706
0.197751
0.195752
0.19371
0.191628
0.189507
0.18735
0.18516
0.182939
0.180689
0.178413
0.176113
0.173792
0.171452
0.169096
0.166726
0.164345
0.161955
0.15956
0.15716
0.15476
0.152362
0.149967
0.147579
0.1452
0.142833
0.14048
0.138143
0.135825
0.133528
0.131254
0.129007
0.126787
0.124598
0.12244
0.120318
0.118232
0.116184
0.114177
0.112213
0.110292
0.108418
0.106591
0.104814
0.103087
0.101413
0.0997933
0.0982283
0.0967198
0.095269
0.0938769
0.0925448
0.0912734
0.0900637
0.0889166
0.0878326
0.0868125
0.0858568
0.0849659
0.0841403
0.0833802
0.0826858
0.0820572
0.0814945
0.0809977
0.0805664
0.0802006
0.0798999
0.0796639
0.0794921
0.079384
0.0793388
0.0793558
0.0794343
0.0795733
0.0797718
0.0800287
0.080343
0.0807134
0.0811386
0.0816173
0.082148
0.0827293
0.0833595
0.084037
0.0847602
0.0855273
0.0863365
0.0871859
0.0880736
0.0889977
0.089956
0.0909466
0.0919674
0.0930161
0.0940907
0.0951888
0.0963082
0.0974468
0.098602
0.0997717
0.100953
0.102145
0.103344
0.104547
0.105753
0.10696
0.108164
0.109363
0.110555
0.111738
0.112908
0.114065
0.115204
0.116325
0.117425
0.118501
0.119551
0.120572
0.121564
0.122523
0.123448
0.124336
0.125185
0.125993
0.126759
0.127481
0.128156
0.128783
0.12936
0.129885
0.130358
0.130776
0.131137
0.131442
0.131687
0.131873
0.131997
0.13206
0.132058
0.131993
0.131863
0.131667
0.131404
0.131074
0.130677
0.130212
0.129678
0.129076
0.128404
0.127664
0.126855
0.125978
0.125031
0.124016
0.122934
0.121783
0.120566
0.119283
0.117933
0.116519
0.115041
0.113499
0.111896
0.110231
0.108507
0.106725
0.104885
0.10299
0.101041
0.0990385
0.0969855
0.0948832
0.0927335
0.0905382
0.0882991
0.0860183
0.0836977
0.0813395
0.0789457
0.0765186
0.0740603
0.0715732
0.0690595
0.0665215
0.0639618
0.0613826
0.0587865
0.0561759
0.0535534
0.0509213
0.0482824
0.0456391
0.042994
0.0403498
0.0377089
0.0350739
0.0324476
0.0298324
0.0272309
0.0246457
0.0220793
0.0195344
0.0170134
0.0145188
0.0120531
0.00961877
0.0072182
0.00485379
0.00252788
0.000242778
-0.00199924
-0.00419596
-0.0063452
-0.00844484
-0.0104928
-0.0124871
-0.0144257
-0.0163068
-0.0181286
-0.0198891
-0.0215869
-0.0232201
-0.0247873
-0.026287
-0.0277178
-0.0290782
-0.0303671
-0.0315833
-0.0327257
-0.0337932
-0.034785
-0.0357002
-0.036538
-0.0372977
-0.0379788
-0.0385808
-0.0391033
-0.0395459
-0.0399085
-0.0401908
-0.0403929
-0.0405147
-0.0405565
-0.0405185
-0.0404009
-0.0402041
-0.0399288
-0.0395754
-0.0391446
-0.0386372
-0.0380541
-0.0373961
-0.0366644
-0.0358599
-0.0349839
-0.0340376
-0.0330224
-0.0319397
-0.030791
-0.0295779
-0.028302
-0.0269649
-0.0255686
-0.0241148
-0.0226055
-0.0210426
-0.0194281
-0.0177642
-0.0160529
-0.0142965
-0.0124972
-0.0106573
-0.00877906
-0.00686491
-0.00491724
-0.00293849
-0.000931126
0.00110235
0.00315941
0.00523751
0.00733408
0.00944655
0.0115723
0.0137088
0.0158533
0.0180033
0.0201561
0.0223092
0.0244599
0.0266057
0.0287439
0.030872
0.0329874
0.0350876
0.0371701
0.0392324
0.0412721
0.0432868
0.0452741
0.0472316
0.0491571
0.0510483
0.052903
0.0547192
0.0564946
0.0582273
0.0599152
0.0615565
0.0631493
0.0646918
0.0661824
0.0676192
0.0690009
0.0703258
0.0715925
0.0727998
0.0739462
0.0750307
0.0760521
0.0770094
0.0779016
0.078728
0.0794876
0.0801799
0.0808043
0.0813603
0.0818474
0.0822653
0.0826138
0.0828928
0.0831022
0.0832421
0.0833125
0.0833138
0.0832462
0.0831102
0.0829062
0.0826349
0.0822969
0.081893
0.081424
0.0808909
0.0802947
0.0796364
0.0789174
0.0781389
0.0773021
0.0764086
0.0754598
0.0744574
0.0734029
0.072298
0.0711447
0.0699446
0.0686998
0.0674121
0.0660837
0.0647167
0.063313
0.0618751
0.060405
0.0589051
0.0573777
0.0558252
0.0542499
0.0526544
0.051041
0.0494123
0.0477708
0.0461191
0.0444596
0.042795
0.0411279
0.0394608
0.0377963
0.0361371
0.0344857
0.0328448
0.0312168
0.0296045
0.0280104
0.0264369
0.0248867
0.0233622
0.0218659
0.0204003
0.0189677
0.0175706
0.0162112
0.0148919
0.0136149
0.0123824
0.0111966
0.0100595
0.00897329
0.00793984
0.00696111
0.00603896
0.00517517
0.00437149
0.00362956
0.00295098
0.00233724
0.00178979
0.00130999
0.000899107
0.000558341
0.000288806
9.15304e-05
-3.25426e-05
-8.25564e-05
-5.77427e-05
4.25782e-05
0.000218996
0.000472008
0.000802024
0.00120936
0.00169423
0.00225678
0.00289703
0.00361494
0.00441035
0.00528302
0.00623261
0.0072587
0.00836077
0.0095382
0.0107903
0.0121163
0.0135152
0.0149862
0.0165281
0.0181398
0.0198202
0.0215678
0.0233813
0.0252592
0.0271999
0.0292019
0.0312635
0.0333828
0.0355579
0.0377871
0.0400684
0.0423995
0.0447786
0.0472034
0.0496716
0.0521811
0.0547294
0.0573143
0.0599333
0.0625839
0.0652637
0.0679701
0.0707005
0.0734523
0.076223
0.0790099
0.0818102
0.0846214
0.0874406
0.0902653
0.0930926
0.0959198
0.0987443
0.101563
0.104374
0.107174
0.10996
0.11273
0.115481
0.11821
0.120915
0.123593
0.126241
0.128858
0.13144
0.133986
0.136492
0.138956
0.141376
0.14375
0.146076
0.148351
0.150573
0.152741
0.154852
0.156904
0.158896
0.160826
0.162691
0.164492
0.166225
0.167889
0.169484
0.171008
0.172459
0.173836
0.175139
0.176367
0.177518
0.178592
0.179588
0.180506
0.181344
0.182104
0.182783
0.183383
0.183903
0.184342
0.184702
0.184981
0.185181
0.185302
0.185344
0.185307
0.185193
0.185002
0.184734
0.184391
0.183973
0.183483
0.182919
0.182285
0.181581
0.180808
0.179969
0.179064
0.178095
0.177064
0.175973
0.174823
0.173616
0.172354
0.17104
0.169674
0.16826
0.1668
0.165295
0.163747
0.162161
0.160536
0.158877
0.157184
0.155462
0.153711
0.151936
0.150137
0.148318
0.146482
0.14463
0.142765
0.140891
0.139009
0.137122
0.135233
0.133344
0.131457
0.129576
0.127703
0.12584
0.12399
0.122155
0.120338
0.118541
0.116766
0.115016
0.113293
0.111599
0.109937
0.108308
0.106714
0.105159
0.103642
0.102167
0.100736
0.0993494
0.0980097
0.0967183
0.095477
0.094287
0.09315
0.0920671
0.0910396
0.0900688
0.0891557
0.0883013
0.0875065
0.0867723
0.0860992
0.0854881
0.0849394
0.0844537
0.0840313
0.0836725
0.0833776
0.0831467
0.0829797
0.0828767
0.0828375
0.0828619
0.0829494
0.0830997
0.0833123
0.0835865
0.0839217
0.084317
0.0847717
0.0852847
0.085855
0.0864816
0.0871631
0.0878983
0.0886859
0.0895245
0.0904124
0.0913482
0.0923301
0.0933565
0.0944256
0.0955355
0.0966843
0.0978701
0.0990908
0.100344
0.101629
0.102942
0.104281
0.105644
0.107029
0.108433
0.109855
0.111291
0.112739
0.114198
0.115663
0.117134
0.118606
0.120079
0.121549
0.123013
0.12447
0.125917
0.127351
0.12877
0.130171
0.131551
0.13291
0.134243
0.135548
0.136824
0.138068
0.139277
0.14045
0.141583
0.142676
0.143725
0.144729
0.145686
0.146594
0.14745
0.148253
0.149002
0.149694
0.150329
0.150903
0.151417
0.151868
0.152255
0.152577
0.152833
0.153022
0.153143
0.153194
0.153175
0.153086
0.152926
0.152693
0.152388
0.152011
0.151561
0.151038
0.150442
0.149773
0.149031
0.148217
0.14733
0.146371
0.145342
0.144241
0.143071
0.141832
0.140525
0.13915
0.13771
0.136205
0.134636
0.133006
0.131315
0.129565
0.127758
0.125895
0.123978
0.12201
0.119992
0.117926
0.115814
0.113659
0.111463
0.109228
0.106957
0.104652
0.102315
0.0999502
0.0975589
0.0951441
0.0927086
0.0902552
0.0877867
0.0853059
0.0828158
0.0803193
0.0778193
0.0753188
0.0728207
0.0703282
0.0678441
0.0653716
0.0629137
0.0604733
0.0580536
0.0556576
0.0532882
0.0509485
0.0486414
0.04637
0.0441372
0.0419459
0.039799
0.0376993
0.0356496
0.0336527
0.0317114
0.0298283
0.028006
0.0262471
0.0245542
0.0229296
0.0213757
0.0198949
0.0184895
0.0171615
0.0159131
0.0147464
0.0136631
0.0126653
0.0117546
0.0109327
0.0102013
0.00956184
0.00901567
0.00856412
0.00820839
0.0079496
0.00778873
0.0077267
0.00776429
0.0079022
0.00814099
0.00848116
0.00892305
0.00946694
0.010113
0.0108611
0.0117114
0.0126636
0.0137174
0.0148725
0.0161282
0.017484
0.0189391
0.0204927
0.0221439
0.0238915
0.0257345
0.0276715
0.0297012
0.0318221
0.0340326
0.0363311
0.0387158
0.0411848
0.0437361
0.0463678
0.0490776
0.0518634
0.0547229
0.0576535
0.060653
0.0637187
0.0668481
0.0700384
0.0732869
0.0765907
0.0799471
0.0833529
0.0868054
0.0903014
0.0938378
0.0974116
0.101019
0.104658
0.108325
0.112016
0.115728
0.119458
0.123202
0.126957
0.130721
0.134488
0.138257
0.142023
0.145784
0.149536
0.153275
0.156999
0.160704
0.164386
0.168043
0.171672
0.175268
0.17883
0.182353
0.185836
0.189274
0.192666
0.196007
0.199296
0.202529
0.205704
0.208819
0.21187
0.214856
0.217773
0.22062
0.223395
0.226095
0.228718
0.231262
0.233726
0.236108
0.238405
0.240618
0.242743
0.24478
0.246728
0.248585
0.250351
0.252024
0.253604
0.25509
0.256481
0.257778
0.258979
0.260084
0.261094
0.262009
0.262828
0.263551
0.26418
0.264714
0.265154
0.265501
0.265756
0.265919
0.265992
0.265975
0.26587
0.265679
0.265401
0.265041
0.264597
0.264074
0.263472
0.262793
0.262039
0.261212
0.260316
0.25935
0.25832
0.257225
0.25607
0.254856
0.253587
0.252264
0.250891
0.249471
0.248005
0.246498
0.244953
0.243371
0.241757
0.240112
0.238442
0.236747
0.235032
0.233301
0.231555
0.229798
0.228033
0.226264
0.224494
0.222726
0.220962
0.219207
0.217464
0.215735
0.214023
0.212332
0.210665
0.209025
0.207415
0.205837
0.204294
0.20279
0.201327
0.199907
0.198534
0.197209
0.195936
0.194717
0.193554
0.19245
0.191406
0.190425
0.189508
0.188658
0.187877
0.187165
0.186526
0.185959
0.185468
0.185053
0.184714
0.184455
0.184274
0.184174
0.184155
0.184218
0.184363
0.184591
0.184902
0.185296
0.185773
0.186334
0.186977
0.187704
0.188513
0.189404
0.190377
0.19143
0.192563
0.193775
0.195064
0.19643
0.197872
0.199387
0.200975
0.202633
0.204361
0.206155
0.208015
0.209939
0.211923
0.213967
0.216067
0.218221
0.220427
0.222682
0.224984
0.22733
0.229717
0.232142
0.234603
0.237096
0.239618
0.242166
0.244738
0.247329
0.249938
0.252559
0.255191
0.257829
0.260471
0.263113
0.265752
0.268383
0.271005
0.273613
0.276203
0.278773
0.281319
0.283838
0.286325
0.288779
0.291195
0.29357
0.295901
0.298184
0.300416
0.302595
0.304716
0.306778
0.308776
0.310708
0.312571
0.314362
0.316078
0.317717
0.319276
0.320752
0.322144
0.323448
0.324662
0.325785
0.326814
0.327747
0.328582
0.329318
0.329953
0.330485
0.330912
0.331235
0.33145
0.331558
0.331557
0.331446
0.331225
0.330892
0.330449
0.329893
0.329225
0.328445
0.327553
0.326548
0.325432
0.324204
0.322865
0.321416
0.319857
0.31819
0.316415
0.314534
0.312547
0.310456
0.308263
0.30597
0.303577
0.301087
0.298502
0.295823
0.293054
0.290196
0.287252
0.284224
0.281115
0.277927
0.274663
0.271327
0.26792
0.264447
0.26091
0.257312
0.253657
0.249947
0.246187
0.24238
0.238529
0.234638
0.230711
0.22675
0.222761
0.218745
0.214708
0.210653
0.206584
0.202505
0.198419
0.194331
0.190243
0.186161
0.182088
0.178027
0.173983
0.16996
0.16596
0.161989
0.158049
0.154144
0.150279
0.146456
0.142679
0.138952
0.135278
0.13166
0.128103
0.124608
0.12118
0.117821
0.114535
0.111324
0.108191
0.10514
0.102172
0.09929
0.096497
0.0937951
0.0911867
0.0886738
0.0862586
0.0839429
0.0817287
0.0796175
0.0776111
0.0757108
0.0739181
0.0722341
0.0706599
0.0691966
0.0678449
0.0666056
0.0654793
0.0644664
0.0635672
0.0627819
0.0621107
0.0615534
0.0611098
0.0607796
0.0605623
0.0604574
0.0604641
0.0605815
0.0608088
0.0611448
0.0615882
0.0621378
0.0627921
0.0635494
0.0644081
0.0653664
0.0664223
0.0675738
0.0688188
0.0701549
0.0715799
0.0730913
0.0746866
0.076363
0.078118
0.0799486
0.081852
0.0838252
0.0858651
0.0879686
0.0901326
0.0923538
0.0946289
0.0969545
0.0993272
0.101744
0.1042
0.106693
0.109219
0.111775
0.114356
0.116959
0.119581
0.122218
0.124866
0.127522
0.130181
0.13284
0.135496
0.138144
0.140782
0.143406
0.146011
0.148595
0.151154
0.153685
0.156184
0.158648
0.161074
0.163458
0.165797
0.168089
0.170329
0.172516
0.174646
0.176717
0.178726
0.18067
0.182547
0.184355
0.18609
0.187752
0.189338
0.190845
0.192273
0.193619
0.194881
0.196059
0.197151
0.198155
0.19907
0.199896
0.200632
0.201276
0.201828
0.202287
0.202654
0.202928
0.203109
0.203196
0.203191
0.203092
0.202902
0.20262
0.202247
0.201783
0.20123
0.200589
0.199861
0.199047
0.198149
0.197168
0.196107
0.194965
0.193747
0.192453
0.191086
0.189649
0.188142
0.18657
0.184934
0.183237
0.181482
0.179672
0.177809
0.175897
0.173939
0.171938
0.169896
0.167818
0.165707
0.163566
0.161398
0.159208
0.156998
0.154773
0.152536
0.15029
0.148039
0.145788
0.143539
0.141297
0.139065
0.136847
0.134647
0.132469
0.130316
0.128192
0.1261
0.124045
0.12203
0.120059
0.118135
0.116261
0.114442
0.112681
0.11098
0.109344
0.107776
0.106278
0.104854
0.103506
0.102239
0.101054
0.0999542
0.0989425
0.0980212
0.0971929
0.0964599
0.0958244
0.0952885
0.0948542
0.0945235
0.094298
0.0941794
0.0941693
0.094269
0.0944798
0.0948028
0.095239
0.0957892
0.0964543
0.0972346
0.0981308
0.099143
0.100272
0.101516
0.102877
0.104354
0.105946
0.107654
0.109475
0.11141
0.113457
0.115616
0.117884
0.120262
0.122746
0.125336
0.12803
0.130825
0.13372
0.136713
0.139801
0.142981
0.146252
0.149611
0.153054
0.156579
0.160183
0.163862
0.167615
0.171436
0.175323
0.179273
0.183282
0.187345
0.19146
0.195623
0.199829
0.204075
0.208357
0.212671
0.217012
0.221377
0.225761
0.23016
0.234569
0.238986
0.243404
0.24782
0.25223
0.256629
0.261013
0.265378
0.269719
0.274031
0.278312
0.282556
0.286759
0.290917
0.295025
0.299081
0.303079
0.307016
0.310888
0.31469
0.31842
0.322073
0.325646
0.329135
0.332537
0.335849
0.339066
0.342186
0.345207
0.348124
0.350935
0.353637
0.356228
0.358706
0.361067
0.36331
0.365433
0.367433
0.369309
0.371059
0.372682
0.374175
0.375539
0.376771
0.377872
0.378839
0.379673
0.380372
0.380937
0.381368
0.381663
0.381824
0.381851
0.381744
0.381503
0.38113
0.380626
0.37999
0.379225
0.378332
0.377312
0.376168
0.3749
0.37351
0.372002
0.370376
0.368635
0.366783
0.36482
0.362751
0.360577
0.358302
0.355929
0.353462
0.350902
0.348255
0.345523
0.342709
0.339819
0.336855
0.333821
0.330721
0.32756
0.324341
0.321069
0.317748
0.314381
0.310975
0.307531
0.304056
0.300554
0.297029
0.293485
0.289928
0.286361
0.282789
0.279217
0.275649
0.27209
0.268544
0.265016
0.261511
0.258031
0.254583
0.25117
0.247797
0.244468
0.241186
0.237957
0.234784
0.231671
0.228622
0.225641
0.222732
0.219897
0.217142
0.214468
0.21188
0.209381
0.206973
0.20466
0.202444
0.200329
0.198317
0.196409
0.194609
0.192919
0.191341
0.189877
0.188527
0.187295
0.186181
0.185187
0.184313
0.183561
0.182932
0.182426
0.182043
0.181784
0.18165
0.18164
0.181753
0.18199
0.18235
0.182833
0.183437
0.184162
0.185006
0.185968
0.187047
0.188241
0.189548
0.190966
0.192494
0.194129
0.195868
0.197709
0.19965
0.201688
0.203819
0.20604
0.20835
0.210743
0.213217
0.215768
0.218393
0.221087
0.223847
0.226669
0.229549
0.232483
0.235466
0.238494
0.241563
0.244669
0.247806
0.25097
0.254157
0.257362
0.260581
0.263808
0.267038
0.270268
0.273492
0.276705
0.279903
0.283081
0.286233
0.289356
0.292444
0.295493
0.298498
0.301454
0.304357
0.307201
0.309984
0.312699
0.315343
0.317911
0.320399
0.322804
0.325119
0.327343
0.329471
0.331499
0.333423
0.33524
0.336946
0.338538
0.340014
0.341369
0.3426
0.343706
0.344684
0.34553
0.346242
0.346819
0.347258
0.347557
0.347715
0.34773
0.347601
0.347325
0.346904
0.346334
0.345616
0.344749
0.343733
0.342567
0.341252
0.339787
0.338173
0.336411
0.3345
0.332443
0.33024
0.327892
0.3254
0.322767
0.319993
0.317081
0.314033
0.310851
0.307538
0.304095
0.300526
0.296834
0.293021
0.28909
0.285046
0.280892
0.27663
0.272265
0.267801
0.263241
0.25859
0.253852
0.24903
0.244131
0.239158
0.234115
0.229008
0.223841
0.218619
0.213348
0.208031
0.202674
0.197283
0.191862
0.186417
0.180953
0.175474
0.169988
0.164498
0.15901
0.15353
0.148063
0.142614
0.137188
0.131791
0.126428
0.121105
0.115826
0.110597
0.105423
0.100308
0.0952585
0.0902785
0.0853732
0.0805471
0.0758051
0.0711516
0.0665912
0.0621281
0.0577668
0.0535112
0.0493655
0.0453335
0.041419
0.0376256
0.0339568
0.030416
0.0270064
0.0237309
0.0205925
0.0175939
0.0147378
0.0120263
0.00946195
0.00704661
0.00478221
0.00267047
0.000712888
-0.00108918
-0.00273458
-0.00422235
-0.0055517
-0.00672203
-0.00773294
-0.00858421
-0.00927581
-0.00980792
-0.0101809
-0.0103952
-0.0104517
-0.0103513
-0.010095
-0.0096842
-0.00912036
-0.00840514
-0.0075404
-0.00652818
-0.00537067
-0.00407028
-0.00262956
-0.00105124
0.000661784
0.00250645
0.00447955
0.00657769
0.00879735
0.0111349
0.0135864
0.016148
0.0188155
0.0215849
0.0244516
0.0274112
0.0304591
0.0335908
0.0368012
0.0400857
0.0434391
0.0468564
0.0503325
0.0538621
0.0574399
0.0610606
0.0647188
0.0684091
0.0721259
0.0758636
0.0796169
0.08338
0.0871473
0.0909134
0.0946725
0.0984191
0.102148
0.105853
0.109528
0.113169
0.11677
0.120325
0.12383
0.127278
0.130665
0.133985
0.137234
0.140405
0.143496
0.1465
0.149413
0.15223
0.154947
0.15756
0.160064
0.162456
0.164731
0.166885
0.168915
0.170818
0.17259
0.174227
0.175728
0.177089
0.178306
0.179379
0.180305
0.18108
0.181705
0.182176
0.182492
0.182652
0.182655
0.182499
0.182184
0.18171
0.181076
0.180281
0.179326
0.178212
0.176937
0.175504
0.173913
0.172165
0.170262
0.168204
0.165993
0.163632
0.161121
0.158465
0.155664
0.152721
0.14964
0.146424
0.143074
0.139595
0.135991
0.132264
0.128419
0.12446
0.12039
0.116214
0.111937
0.107563
0.103097
0.0985426
0.0939061
0.089192
0.0844057
0.0795522
0.074637
0.0696656
0.0646434
0.059576
0.0544693
0.0493288
0.0441604
0.03897
0.0337634
0.0285466
0.0233255
0.0181061
0.0128944
0.0076964
0.00251809
-0.00263456
-0.00775556
-0.012839
-0.0178789
-0.0228694
-0.0278047
-0.032679
-0.0374866
-0.0422219
-0.0468792
-0.051453
-0.0559381
-0.0603289
-0.0646204
-0.0688074
-0.0728849
-0.0768482
-0.0806923
-0.0844128
-0.0880051
-0.0914649
-0.0947881
-0.0979707
-0.101009
-0.103899
-0.106637
-0.10922
-0.111645
-0.113908
-0.116008
-0.117941
-0.119705
-0.121298
-0.122718
-0.123962
-0.125031
-0.125921
-0.126632
-0.127163
-0.127514
-0.127683
-0.12767
-0.127476
-0.127101
-0.126544
-0.125807
-0.12489
-0.123794
-0.12252
-0.121071
-0.119447
-0.117651
-0.115684
-0.113549
-0.111249
-0.108786
-0.106163
-0.103383
-0.100449
-0.0973659
-0.0941363
-0.0907642
-0.0872538
-0.0836093
-0.0798351
-0.0759358
-0.0719162
-0.067781
-0.0635354
-0.0591845
-0.0547337
-0.0501883
-0.045554
-0.0408365
-0.0360415
-0.031175
-0.026243
-0.0212515
-0.0162067
-0.011115
-0.00598252
-0.00081576
0.00437888
0.0095949
0.0148258
0.020065
0.025306
0.0305422
0.035767
0.0409738
0.046156
0.051307
0.0564204
0.0614897
0.0665083
0.0714699
0.0763682
0.0811968
0.0859496
0.0906203
0.0952031
0.0996919
0.104081
0.108364
0.112537
0.116593
0.120527
0.124333
0.128008
0.131545
0.134941
0.13819
0.141288
0.144231
0.147014
0.149635
0.152089
0.154373
0.156483
0.158417
0.160171
0.161744
0.163131
0.164332
0.165345
0.166166
0.166796
0.167233
0.167475
0.167522
0.167373
0.167028
0.166487
0.165749
0.164816
0.163688
0.162365
0.16085
0.159142
0.157244
0.155158
0.152885
0.150428
0.147789
0.144971
0.141978
0.138811
0.135475
0.131973
0.128309
0.124487
0.120511
0.116386
0.112116
0.107706
0.103161
