0
0
0.00629395
0.00629189
0.00628772
0.00628145
0.00627308
0.0062626
0.00625004
0.00623538
0.00621863
0.0061998
0.00617889
0.00615592
0.00613089
0.0061038
0.00607466
0.0060435
0.0060103
0.0059751
0.00593789
0.00589869
0.00585752
0.00581438
0.0057693
0.00572228
0.00567334
0.0056225
0.00556977
0.00551518
0.00545874
0.00540046
0.00534038
0.0052785
0.00521485
0.00514946
0.00508233
0.0050135
0.00494299
0.00487082
0.00479701
0.00472159
0.00464458
0.00456602
0.00448592
0.00440432
0.00432123
0.0042367
0.00415074
0.00406338
0.00397466
0.0038846
0.00379324
0.0037006
0.00360671
0.00351162
0.00341534
0.00331791
0.00321936
0.00311973
0.00301905
0.00291735
0.00281466
0.00271103
0.00260649
0.00250106
0.00239479
0.00228771
0.00217986
0.00207128
0.00196199
0.00185204
0.00174146
0.00163029
0.00151857
0.00140633
0.00129362
0.00118046
0.0010669
0.000952982
0.000838734
0.000724198
0.000609413
0.000494416
0.000379247
0.000263944
0.000148545
3.309e-05
-8.23835e-05
-0.000197836
-0.00031323
-0.000428526
-0.000543685
-0.000658669
-0.00077344
-0.000887958
-0.00100219
-0.00111608
-0.00122962
-0.00134274
-0.00145543
-0.00156763
-0.00167931
-0.00179044
-0.00190098
-0.00201088
-0.00212012
-0.00222866
-0.00233645
-0.00244347
-0.00254968
-0.00265503
-0.00275951
-0.00286307
-0.00296567
-0.00306728
-0.00316788
-0.00326742
-0.00336587
-0.0034632
-0.00355937
-0.00365436
-0.00374812
-0.00384064
-0.00393188
-0.0040218
-0.00411038
-0.00419759
-0.0042834
-0.00436778
-0.0044507
-0.00453213
-0.00461205
-0.00469043
-0.00476724
-0.00484246
-0.00491606
-0.00498801
-0.0050583
-0.0051269
-0.00519378
-0.00525893
-0.00532232
-0.00538393
-0.00544374
-0.00550172
-0.00555787
-0.00561216
-0.00566457
-0.00571508
-0.00576369
-0.00581036
-0.00585509
-0.00589786
-0.00593865
-0.00597746
-0.00601426
-0.00604905
-0.00608182
-0.00611255
-0.00614123
-0.00616786
-0.00619242
-0.0062149
-0.00623531
-0.00625362
-0.00626984
-0.00628396
-0.00629597
-0.00630588
-0.00631367
-0.00631934
-0.0063229
-0.00632434
-0.00632365
-0.00632085
-0.00631593
-0.00630889
-0.00629974
-0.00628847
-0.00627509
-0.00625961
-0.00624203
-0.00622236
-0.0062006
-0.00617676
-0.00615084
-0.00612287
-0.00609283
-0.00606076
-0.00602665
-0.00599052
-0.00595237
-0.00591223
-0.00587011
-0.00582601
-0.00577996
-0.00573196
-0.00568205
-0.00563022
-0.0055765
-0.00552091
-0.00546347
-0.00540419
-0.00534309
-0.0052802
-0.00521554
-0.00514912
-0.00508097
-0.00501111
-0.00493957
-0.00486637
-0.00479153
-0.00471508
-0.00463705
-0.00455745
-0.00447632
-0.00439369
-0.00430957
-0.00422401
-0.00413702
-0.00404865
-0.0039589
-0.00386783
-0.00377545
-0.0036818
-0.00358691
-0.00349081
-0.00339354
-0.00329512
-0.00319558
-0.00309497
-0.00299332
-0.00289066
-0.00278702
-0.00268243
-0.00257695
-0.00247059
-0.00236339
-0.0022554
-0.00214664
-0.00203715
-0.00192698
-0.00181615
-0.0017047
-0.00159268
-0.00148011
-0.00136704
-0.0012535
-0.00113954
-0.00102519
-0.000910479
-0.00079546
-0.000680167
-0.000564637
-0.00044891
-0.000333025
-0.00021702
-0.000100934
1.51935e-05
0.000131324
0.000247419
0.000363438
0.000479344
0.000595098
0.00071066
0.000825991
0.000941054
0.00105581
0.00117022
0.00128424
0.00139785
0.00151099
0.00162363
0.00173574
0.00184727
0.00195819
0.00206847
0.00217805
0.00228692
0.00239502
0.00250234
0.00260881
0.00271443
0.00281914
0.00292291
0.00302571
0.0031275
0.00322825
0.00332793
0.0034265
0.00352393
0.00362018
0.00371523
0.00380903
0.00390157
0.00399281
0.00408271
0.00417125
0.0042584
0.00434413
0.00442841
0.00451121
0.00459251
0.00467227
0.00475047
0.00482709
0.00490209
0.00497545
0.00504716
0.00511717
0.00518548
0.00525205
0.00531687
0.00537991
0.00544115
0.00550057
0.00555816
0.00561388
0.00566773
0.00571968
0.00576972
0.00581783
0.00586399
0.00590819
0.00595042
0.00599065
0.00602888
0.00606509
0.00609927
0.00613141
0.0061615
0.00618953
0.00621548
0.00623935
0.00626114
0.00628082
0.00629841
0.00631388
0.00632724
0.00633848
0.0063476
0.0063546
0.00635946
0.0063622
0.0063628
0.00636127
0.00635761
0.00635182
0.0063439
0.00633386
0.00632169
0.0063074
0.006291
0.00627249
0.00625188
0.00622918
0.00620438
0.00617751
0.00614856
0.00611755
0.00608449
0.00604939
0.00601227
0.00597312
0.00593197
0.00588884
0.00584372
0.00579665
0.00574763
0.00569669
0.00564383
0.00558908
0.00553245
0.00547397
0.00541365
0.00535151
0.00528758
0.00522187
0.00515441
0.00508521
0.00501432
0.00494173
0.00486749
0.00479161
0.00471412
0.00463505
0.00455442
0.00447227
0.00438861
0.00430347
0.00421689
0.00412889
0.0040395
0.00394876
0.00385668
0.00376331
0.00366868
0.00357281
0.00347574
0.00337749
0.00327812
0.00317763
0.00307608
0.0029735
0.00286991
0.00276535
0.00265987
0.00255348
0.00244624
0.00233817
0.00222931
0.0021197
0.00200937
0.00189837
0.00178672
0.00167447
0.00156165
0.0014483
0.00133447
0.00122018
0.00110547
0.000990392
0.000874973
0.000759256
0.000643279
0.000527081
0.000410701
0.000294177
0.000177549
6.08562e-05
-5.58628e-05
-0.000172569
-0.000289223
-0.000405785
-0.000522217
-0.00063848
-0.000754534
-0.000870341
-0.000985861
-0.00110106
-0.00121589
-0.00133032
-0.00144431
-0.00155782
-0.00167082
-0.00178326
-0.0018951
-0.00200632
-0.00211687
-0.00222672
-0.00233583
-0.00244415
-0.00255167
-0.00265833
-0.00276411
-0.00286897
-0.00297287
-0.00307578
-0.00317766
-0.00327848
-0.00337821
-0.00347681
-0.00357426
-0.0036705
-0.00376553
-0.00385929
-0.00395177
-0.00404292
-0.00413273
-0.00422115
-0.00430816
-0.00439374
-0.00447784
-0.00456045
-0.00464154
-0.00472107
-0.00479902
-0.00487537
-0.00495009
-0.00502315
-0.00509454
-0.00516422
-0.00523217
-0.00529837
-0.0053628
-0.00542544
-0.00548625
-0.00554524
-0.00560237
-0.00565762
-0.00571098
-0.00576243
-0.00581195
-0.00585952
-0.00590513
-0.00594877
-0.00599041
-0.00603005
-0.00606767
-0.00610326
-0.00613681
-0.00616829
-0.00619772
-0.00622507
-0.00625033
-0.0062735
-0.00629457
-0.00631353
-0.00633037
-0.0063451
-0.0063577
-0.00636816
-0.0063765
-0.0063827
-0.00638676
-0.00638868
-0.00638846
-0.0063861
-0.0063816
-0.00637496
-0.00636618
-0.00635527
-0.00634223
-0.00632706
-0.00630977
-0.00629037
-0.00626886
-0.00624525
-0.00621954
-0.00619175
-0.00616188
-0.00612995
-0.00609596
-0.00605993
-0.00602186
-0.00598178
-0.00593969
-0.0058956
-0.00584954
-0.00580152
-0.00575155
-0.00569965
-0.00564584
-0.00559014
-0.00553256
-0.00547313
-0.00541186
-0.00534877
-0.00528389
-0.00521723
-0.00514882
-0.00507869
-0.00500685
-0.00493333
-0.00485816
-0.00478135
-0.00470294
-0.00462295
-0.0045414
-0.00445834
-0.00437377
-0.00428774
-0.00420027
-0.00411138
-0.00402112
-0.0039295
-0.00383656
-0.00374234
-0.00364686
-0.00355015
-0.00345225
-0.00335319
-0.003253
-0.00315171
-0.00304937
-0.002946
-0.00284164
-0.00273633
-0.00263009
-0.00252297
-0.002415
-0.00230622
-0.00219666
-0.00208636
-0.00197536
-0.00186369
-0.00175139
-0.0016385
-0.00152506
-0.0014111
-0.00129667
-0.0011818
-0.00106653
-0.000950897
-0.000834942
-0.000718703
-0.000602219
-0.00048553
-0.000368674
-0.00025169
-0.000134618
-1.74976e-05
9.9633e-05
0.000216734
0.000333767
0.000450691
0.000567468
0.000684059
0.000800425
0.000916526
0.00103232
0.00114778
0.00126285
0.00137751
0.00149171
0.00160541
0.00171857
0.00183117
0.00194315
0.00205449
0.00216514
0.00227507
0.00238424
0.00249262
0.00260016
0.00270684
0.00281261
0.00291744
0.0030213
0.00312415
0.00322595
0.00332668
0.0034263
0.00352477
0.00362206
0.00371814
0.00381298
0.00390654
0.0039988
0.00408972
0.00417927
0.00426743
0.00435416
0.00443943
0.00452321
0.00460548
0.00468621
0.00476538
0.00484295
0.00491889
0.0049932
0.00506583
0.00513676
0.00520598
0.00527345
0.00533916
0.00540308
0.00546519
0.00552548
0.00558391
0.00564047
0.00569515
0.00574791
0.00579876
0.00584766
0.0058946
0.00593957
0.00598255
0.00602353
0.00606248
0.00609941
0.0061343
0.00616713
0.00619789
0.00622658
0.00625319
0.0062777
0.0063001
0.0063204
0.00633857
0.00635463
0.00636855
0.00638034
0.00639
0.00639751
0.00640288
0.0064061
0.00640718
0.00640611
0.00640289
0.00639753
0.00639003
0.00638038
0.00636859
0.00635467
0.00633862
0.00632045
0.00630016
0.00627775
0.00625324
0.00622664
0.00619795
0.00616718
0.00613434
0.00609945
0.00606251
0.00602354
0.00598256
0.00593956
0.00589457
0.00584761
0.00579869
0.00574782
0.00569503
0.00564033
0.00558373
0.00552526
0.00546495
0.00540279
0.00533883
0.00527307
0.00520555
0.00513628
0.00506529
0.0049926
0.00491824
0.00484223
0.00476459
0.00468535
0.00460454
0.00452219
0.00443832
0.00435296
0.00426615
0.0041779
0.00408825
0.00399722
0.00390486
0.00381118
0.00371623
0.00362003
0.00352261
0.00342402
0.00332427
0.00322341
0.00312146
0.00301847
0.00291446
0.00280948
0.00270355
0.00259672
0.00248901
0.00238047
0.00227112
0.00216102
0.00205019
0.00193867
0.00182649
0.00171371
0.00160034
0.00148644
0.00137204
0.00125718
0.00114189
0.00102622
0.000910209
0.000793886
0.000677295
0.000560476
0.000443467
0.000326307
0.000209036
9.16936e-05
-2.56817e-05
-0.00014305
-0.000260372
-0.000377609
-0.000494721
-0.00061167
-0.000728414
-0.000844917
-0.000961138
-0.00107704
-0.00119258
-0.00130772
-0.00142243
-0.00153666
-0.00165038
-0.00176355
-0.00187613
-0.00198808
-0.00209936
-0.00220995
-0.00231979
-0.00242886
-0.00253712
-0.00264453
-0.00275105
-0.00285665
-0.0029613
-0.00306496
-0.00316759
-0.00326916
-0.00336964
-0.00346898
-0.00356717
-0.00366416
-0.00375993
-0.00385444
-0.00394765
-0.00403955
-0.00413009
-0.00421925
-0.004307
-0.00439331
-0.00447814
-0.00456147
-0.00464328
-0.00472353
-0.0048022
-0.00487926
-0.00495469
-0.00502846
-0.00510054
-0.00517092
-0.00523956
-0.00530645
-0.00537156
-0.00543487
-0.00549637
-0.00555602
-0.00561381
-0.00566971
-0.00572372
-0.00577582
-0.00582597
-0.00587418
-0.00592042
-0.00596467
-0.00600693
-0.00604717
-0.00608539
-0.00612156
-0.00615569
-0.00618776
-0.00621775
-0.00624566
-0.00627148
-0.00629519
-0.0063168
-0.00633629
-0.00635365
-0.00636889
-0.00638199
-0.00639296
-0.00640178
-0.00640846
-0.00641299
-0.00641538
-0.00641561
-0.00641369
-0.00640962
-0.00640341
-0.00639505
-0.00638455
-0.00637191
-0.00635713
-0.00634022
-0.00632119
-0.00630004
-0.00627678
-0.00625142
-0.00622396
-0.00619441
-0.00616279
-0.0061291
-0.00609337
-0.00605558
-0.00601577
-0.00597395
-0.00593012
-0.0058843
-0.00583651
-0.00578677
-0.00573509
-0.00568148
-0.00562597
-0.00556858
-0.00550932
-0.00544821
-0.00538528
-0.00532054
-0.00525402
-0.00518574
-0.00511572
-0.00504399
-0.00497057
-0.00489548
-0.00481875
-0.0047404
-0.00466047
-0.00457898
-0.00449595
-0.00441141
-0.0043254
-0.00423793
-0.00414905
-0.00405877
-0.00396714
-0.00387417
-0.00377991
-0.00368438
-0.00358762
-0.00348965
-0.00339052
-0.00329024
-0.00318887
-0.00308643
-0.00298295
-0.00287847
-0.00277303
-0.00266666
-0.00255939
-0.00245127
-0.00234233
-0.0022326
-0.00212212
-0.00201093
-0.00189907
-0.00178657
-0.00167347
-0.00155982
-0.00144564
-0.00133097
-0.00121586
-0.00110034
-0.000984454
-0.000868236
-0.000751728
-0.000634968
-0.000517996
-0.00040085
-0.000283569
-0.000166194
-4.87625e-05
6.86849e-05
0.000186109
0.000303471
0.000420731
0.00053785
0.000654789
0.000771509
0.000887969
0.00100413
0.00111996
0.00123541
0.00135045
0.00146503
0.00157912
0.00169269
0.00180569
0.00191808
0.00202983
0.0021409
0.00225125
0.00236084
0.00246965
0.00257763
0.00268474
0.00279095
0.00289623
0.00300054
0.00310384
0.00320611
0.0033073
0.00340738
0.00350631
0.00360408
0.00370063
0.00379595
0.00388999
0.00398273
0.00407413
0.00416417
0.00425282
0.00434004
0.0044258
0.00451008
0.00459285
0.00467408
0.00475375
0.00483182
0.00490827
0.00498308
0.00505622
0.00512767
0.00519739
0.00526538
0.0053316
0.00539603
0.00545866
0.00551945
0.0055784
0.00563548
0.00569067
0.00574395
0.00579531
0.00584473
0.00589219
0.00593767
0.00598116
0.00602266
0.00606213
0.00609957
0.00613497
0.00616831
0.00619959
0.00622879
0.0062559
0.00628092
0.00630383
0.00632463
0.00634331
0.00635987
0.00637429
0.00638658
0.00639673
0.00640474
0.0064106
0.00641431
0.00641588
0.00641529
0.00641256
0.00640768
0.00640065
0.00639148
0.00638017
0.00636672
0.00635113
0.00633342
0.00631359
0.00629164
0.00626759
0.00624143
0.00621319
0.00618286
0.00615046
0.00611601
0.0060795
0.00604096
0.00600039
0.00595782
0.00591325
0.0058667
0.00581818
0.00576772
0.00571532
0.00566101
0.0056048
0.00554672
0.00548678
0.005425
0.0053614
0.00529601
0.00522885
0.00515993
0.00508929
0.00501694
0.00494291
0.00486723
0.00478992
0.004711
0.00463051
0.00454846
0.0044649
0.00437983
0.0042933
0.00420534
0.00411596
0.00402521
0.00393311
0.0038397
0.00374499
0.00364904
0.00355186
0.00345349
0.00335397
0.00325333
0.00315159
0.0030488
0.002945
0.0028402
0.00273446
0.0026278
0.00252026
0.00241187
0.00230268
0.00219272
0.00208203
0.00197064
0.00185859
0.00174592
0.00163266
0.00151886
0.00140455
0.00128978
0.00117457
0.00105896
0.000943009
0.000826738
0.000710192
0.000593408
0.000476427
0.000359287
0.000242028
0.000124688
7.30769e-06
-0.000110074
-0.000227418
-0.000344685
-0.000461836
-0.000578831
-0.000695631
-0.000812198
-0.000928491
-0.00104447
-0.0011601
-0.00127535
-0.00139016
-0.00150451
-0.00161835
-0.00173165
-0.00184437
-0.00195647
-0.00206791
-0.00217866
-0.00228868
-0.00239794
-0.00250639
-0.00261399
-0.00272073
-0.00282655
-0.00293142
-0.00303531
-0.00313819
-0.00324001
-0.00334075
-0.00344036
-0.00353883
-0.00363611
-0.00373217
-0.00382698
-0.00392051
-0.00401272
-0.00410359
-0.00419308
-0.00428118
-0.00436783
-0.00445302
-0.00453673
-0.00461891
-0.00469954
-0.0047786
-0.00485606
-0.0049319
-0.00500608
-0.00507858
-0.00514938
-0.00521846
-0.00528579
-0.00535136
-0.00541512
-0.00547708
-0.0055372
-0.00559547
-0.00565186
-0.00570636
-0.00575895
-0.00580961
-0.00585832
-0.00590508
-0.00594985
-0.00599264
-0.00603341
-0.00607217
-0.00610889
-0.00614357
-0.00617619
-0.00620675
-0.00623522
-0.00626161
-0.0062859
-0.00630809
-0.00632816
-0.00634611
-0.00636195
-0.00637565
-0.00638721
-0.00639664
-0.00640393
-0.00640907
-0.00641207
-0.00641292
-0.00641162
-0.00640818
-0.00640259
-0.00639486
-0.00638498
-0.00637297
-0.00635883
-0.00634256
-0.00632416
-0.00630365
-0.00628103
-0.00625631
-0.00622949
-0.00620058
-0.0061696
-0.00613656
-0.00610146
-0.00606432
-0.00602515
-0.00598396
-0.00594077
-0.00589559
-0.00584844
-0.00579933
-0.00574828
-0.0056953
-0.00564042
-0.00558365
-0.00552501
-0.00546453
-0.00540221
-0.00533809
-0.00527218
-0.0052045
-0.00513508
-0.00506395
-0.00499112
-0.00491661
-0.00484047
-0.0047627
-0.00468334
-0.00460241
-0.00451994
-0.00443596
-0.00435049
-0.00426357
-0.00417522
-0.00408547
-0.00399435
-0.0039019
-0.00380814
-0.00371311
-0.00361684
-0.00351935
-0.00342068
-0.00332088
-0.00321995
-0.00311796
-0.00301491
-0.00291086
-0.00280583
-0.00269987
-0.002593
-0.00248526
-0.00237669
-0.00226732
-0.00215719
-0.00204635
-0.00193481
-0.00182263
-0.00170984
-0.00159647
-0.00148257
-0.00136817
-0.00125332
-0.00113804
-0.00102238
-0.000906383
-0.000790078
-0.000673508
-0.000556711
-0.000439726
-0.000322594
-0.000205352
-8.80406e-05
2.93015e-05
0.000146635
0.000263921
0.00038112
0.000498192
0.0006151
0.000731803
0.000848262
0.00096444
0.0010803
0.00119579
0.00131089
0.00142555
0.00153974
0.00165341
0.00176653
0.00187906
0.00199096
0.0021022
0.00221274
0.00232254
0.00243157
0.00253978
0.00264715
0.00275363
0.0028592
0.00296381
0.00306742
0.00317002
0.00327156
0.003372
0.00347132
0.00356948
0.00366645
0.0037622
0.00385668
0.00394989
0.00404177
0.0041323
0.00422145
0.00430919
0.0043955
0.00448033
0.00456367
0.00464549
0.00472575
0.00480444
0.00488152
0.00495697
0.00503077
0.00510288
0.00517329
0.00524198
0.00530891
0.00537407
0.00543743
0.00549898
0.00555869
0.00561655
0.00567253
0.00572661
0.00577878
0.00582902
0.00587732
0.00592365
0.005968
0.00601036
0.00605071
0.00608904
0.00612534
0.00615959
0.00619178
0.00622191
0.00624995
0.00627591
0.00629977
0.00632152
0.00634117
0.00635869
0.00637409
0.00638736
0.0063985
0.0064075
0.00641436
0.00641907
0.00642164
0.00642207
0.00642035
0.00641648
0.00641047
0.00640231
0.00639202
0.00637959
0.00636503
0.00634834
0.00632953
0.0063086
0.00628556
0.00626043
0.0062332
0.00620388
0.0061725
0.00613904
0.00610354
0.006066
0.00602642
0.00598484
0.00594125
0.00589567
0.00584812
0.00579862
0.00574717
0.00569381
0.00563854
0.00558138
0.00552235
0.00546148
0.00539878
0.00533428
0.00526798
0.00519993
0.00513013
0.00505862
0.00498541
0.00491053
0.00483401
0.00475587
0.00467614
0.00459484
0.004512
0.00442765
0.00434181
0.00425452
0.00416581
0.00407569
0.00398421
0.00389139
0.00379727
0.00370187
0.00360523
0.00350738
0.00340835
0.00330818
0.00320689
0.00310453
0.00300112
0.0028967
0.00279131
0.00268497
0.00257774
0.00246963
0.00236069
0.00225096
0.00214046
0.00202924
0.00191733
0.00180478
0.00169161
0.00157787
0.00146359
0.00134881
0.00123358
0.00111792
0.00100188
0.00088549
0.000768797
0.000651837
0.000534648
0.00041727
0.000299742
0.000182102
6.43898e-05
-5.33552e-05
-0.000171094
-0.000288788
-0.000406397
-0.000523882
-0.000641205
-0.000758326
-0.000875206
-0.000991807
-0.00110809
-0.00122401
-0.00133954
-0.00145464
-0.00156926
-0.00168337
-0.00179694
-0.00190992
-0.00202227
-0.00213396
-0.00224495
-0.00235521
-0.0024647
-0.00257338
-0.00268121
-0.00278816
-0.0028942
-0.00299928
-0.00310338
-0.00320645
-0.00330847
-0.0034094
-0.00350921
-0.00360786
-0.00370532
-0.00380156
-0.00389654
-0.00399024
-0.00408262
-0.00417365
-0.00426331
-0.00435156
-0.00443837
-0.00452371
-0.00460756
-0.00468988
-0.00477066
-0.00484985
-0.00492745
-0.00500341
-0.00507772
-0.00515035
-0.00522127
-0.00529046
-0.00535791
-0.00542358
-0.00548745
-0.00554951
-0.00560973
-0.00566809
-0.00572457
-0.00577916
-0.00583183
-0.00588256
-0.00593135
-0.00597817
-0.00602301
-0.00606585
-0.00610668
-0.00614548
-0.00618225
-0.00621696
-0.00624961
-0.00628019
-0.00630868
-0.00633508
-0.00635938
-0.00638156
-0.00640162
-0.00641956
-0.00643536
-0.00644903
-0.00646055
-0.00646993
-0.00647716
-0.00648223
-0.00648515
-0.00648591
-0.00648451
-0.00648096
-0.00647525
-0.00646739
-0.00645737
-0.00644521
-0.0064309
-0.00641444
-0.00639586
-0.00637514
-0.00635229
-0.00632733
-0.00630027
-0.0062711
-0.00623984
-0.0062065
-0.00617108
-0.00613361
-0.0060941
-0.00605255
-0.00600897
-0.00596339
-0.00591582
-0.00586627
-0.00581476
-0.00576131
-0.00570593
-0.00564864
-0.00558946
-0.00552841
-0.0054655
-0.00540077
-0.00533422
-0.00526589
-0.00519579
-0.00512395
-0.00505039
-0.00497513
-0.0048982
-0.00481962
-0.00473942
-0.00465763
-0.00457426
-0.00448936
-0.00440294
-0.00431504
-0.00422568
-0.0041349
-0.00404271
-0.00394916
-0.00385427
-0.00375808
-0.00366061
-0.00356189
-0.00346197
-0.00336087
-0.00325862
-0.00315526
-0.00305082
-0.00294534
-0.00283885
-0.00273139
-0.00262298
-0.00251367
-0.0024035
-0.00229249
-0.00218068
-0.00206812
-0.00195484
-0.00184087
-0.00172625
-0.00161102
-0.00149522
-0.00137888
-0.00126205
-0.00114476
-0.00102705
-0.000908957
-0.000790524
-0.000671786
-0.000552784
-0.000433557
-0.000314143
-0.000194582
-7.4913e-05
4.48247e-05
0.000164592
0.000284349
0.000404057
0.000523676
0.000643167
0.000762491
0.000881608
0.00100048
0.00111907
0.00123733
0.00135523
0.00147273
0.00158979
0.00170637
0.00182243
0.00193794
0.00205285
0.00216714
0.00228075
0.00239366
0.00250582
0.0026172
0.00272777
0.00283748
0.0029463
0.00305419
0.00316113
0.00326706
0.00337196
0.0034758
0.00357853
0.00368013
0.00378056
0.00387978
0.00397777
0.00407449
0.00416992
0.00426401
0.00435673
0.00444806
0.00453797
0.00462642
0.00471339
0.00479885
0.00488276
0.00496511
0.00504585
0.00512498
0.00520245
0.00527824
0.00535234
0.0054247
0.00549532
0.00556415
0.00563119
0.00569641
0.00575979
0.0058213
0.00588092
0.00593864
0.00599443
0.00604827
0.00610016
0.00615006
0.00619796
0.00624385
0.0062877
0.00632952
0.00636926
0.00640694
0.00644253
0.00647601
0.00650738
0.00653663
0.00656375
0.00658872
0.00661153
0.00663219
0.00665067
0.00666698
0.0066811
0.00669303
0.00670277
0.00671031
0.00671565
0.00671878
0.0067197
0.00671842
0.00671492
0.00670922
0.0067013
0.00669118
0.00667885
0.00666431
0.00664758
0.00662865
0.00660753
0.00658422
0.00655874
0.00653108
0.00650125
0.00646927
0.00643515
0.00639888
0.00636049
0.00631998
0.00627737
0.00623266
0.00618588
0.00613703
0.00608613
0.0060332
0.00597824
0.00592129
0.00586234
0.00580143
0.00573857
0.00567377
0.00560707
0.00553847
0.00546801
0.00539569
0.00532155
0.0052456
0.00516787
0.00508838
0.00500716
0.00492424
0.00483963
0.00475336
0.00466546
0.00457596
0.00448489
0.00439226
0.00429812
0.00420249
0.0041054
0.00400688
0.00390696
0.00380568
0.00370305
0.00359912
0.00349392
0.00338748
0.00327984
0.00317102
0.00306106
0.00295
0.00283787
0.0027247
0.00261053
0.0024954
0.00237935
0.0022624
0.0021446
0.00202598
0.00190659
0.00178645
0.0016656
0.00154409
0.00142195
0.00129923
0.00117595
0.00105216
0.000927898
0.000803203
0.000678114
0.000552672
0.000426915
0.000300883
0.000174618
4.81581e-05
-7.84556e-05
-0.000205183
-0.000331983
-0.000458817
-0.000585643
-0.00071242
-0.000839109
-0.000965669
-0.00109206
-0.00121824
-0.00134417
-0.00146981
-0.00159511
-0.00172005
-0.00184457
-0.00196864
-0.00209222
-0.00221527
-0.00233774
-0.00245961
-0.00258082
-0.00270134
-0.00282114
-0.00294016
-0.00305838
-0.00317575
-0.00329224
-0.00340781
-0.00352242
-0.00363603
-0.0037486
-0.0038601
-0.0039705
-0.00407975
-0.00418782
-0.00429467
-0.00440027
-0.00450458
-0.00460758
-0.00470921
-0.00480946
-0.00490828
-0.00500564
-0.00510152
-0.00519587
-0.00528867
-0.00537988
-0.00546947
-0.00555742
-0.00564369
-0.00572826
-0.00581108
-0.00589215
-0.00597142
-0.00604887
-0.00612447
-0.0061982
-0.00627003
-0.00633993
-0.00640788
-0.00647386
-0.00653783
-0.00659979
-0.0066597
-0.00671754
-0.0067733
-0.00682695
-0.00687847
-0.00692783
-0.00697504
-0.00702005
-0.00706286
-0.00710345
-0.00714181
-0.00717791
-0.00721174
-0.00724329
-0.00727254
-0.00729948
-0.00732411
-0.00734639
-0.00736634
-0.00738393
-0.00739915
-0.007412
-0.00742247
-0.00743055
-0.00743623
-0.00743951
-0.00744038
-0.00743885
-0.00743489
-0.00742851
-0.00741972
-0.0074085
-0.00739485
-0.00737878
-0.00736028
-0.00733936
-0.00731602
-0.00729026
-0.00726209
-0.0072315
-0.0071985
-0.00716311
-0.00712531
-0.00708513
-0.00704257
-0.00699764
-0.00695034
-0.00690069
-0.0068487
-0.00679438
-0.00673774
-0.00667879
-0.00661755
-0.00655403
-0.00648825
-0.00642022
-0.00634996
-0.00627749
-0.00620282
-0.00612597
-0.00604697
-0.00596582
-0.00588256
-0.0057972
-0.00570977
-0.00562028
-0.00552877
-0.00543525
-0.00533975
-0.0052423
-0.00514291
-0.00504163
-0.00493847
-0.00483347
-0.00472664
-0.00461803
-0.00450766
-0.00439556
-0.00428176
-0.0041663
-0.0040492
-0.00393051
-0.00381024
-0.00368844
-0.00356515
-0.00344039
-0.0033142
-0.00318662
-0.00305769
-0.00292744
-0.00279591
-0.00266314
-0.00252917
-0.00239403
-0.00225777
-0.00212044
-0.00198206
-0.00184268
-0.00170234
-0.00156109
-0.00141897
-0.00127601
-0.00113228
-0.000987797
-0.000842622
-0.000696795
-0.000550362
-0.000403368
-0.000255861
-0.000107886
4.05096e-05
0.000189278
0.000338373
0.000487745
0.000637346
0.000787128
0.000937042
0.00108704
0.00123707
0.00138708
0.00153702
0.00168685
0.00183651
0.00198595
0.00213511
0.00228396
0.00243243
0.00258048
0.00272805
0.00287509
0.00302154
0.00316736
0.0033125
0.00345689
0.00360049
0.00374324
0.00388509
0.00402598
0.00416587
0.0043047
0.0044424
0.00457894
0.00471426
0.0048483
0.004981
0.00511232
0.0052422
0.00537058
0.00549741
0.00562264
0.00574621
0.00586806
0.00598815
0.00610642
0.00622281
0.00633727
0.00644975
0.00656019
0.00666853
0.00677473
0.00687872
0.00698046
0.00707989
0.00717696
0.00727161
0.00736379
0.00745344
0.00754052
0.00762497
0.00770673
0.00778576
0.007862
0.00793539
0.0080059
0.00807345
0.00813801
0.00819951
0.00825792
0.00831316
0.00836521
0.008414
0.00845948
0.0085016
0.00854032
0.00857558
0.00860733
0.00863552
0.00866011
0.00868104
0.00869827
0.00871174
0.00872141
0.00872724
0.00872917
0.00872715
0.00872114
0.0087111
0.00869697
0.00867871
0.00865628
0.00862962
0.0085987
0.00856347
0.00852389
0.0084799
0.00843147
0.00837856
0.00832112
0.00825911
0.00819249
0.00812121
0.00804524
0.00796453
0.00787904
0.00778874
0.00769357
0.00759352
0.00748853
0.00737856
0.00726358
0.00714356
0.00701844
0.00688821
0.00675282
0.00661223
0.00646641
0.00631532
0.00615894
0.00599722
0.00583013
0.00565765
0.00547973
0.00529634
0.00510746
0.00491305
0.00471308
0.00450752
0.00429634
0.00407951
0.003857
0.00362879
0.00339484
0.00315514
0.00290964
0.00265833
0.00240118
0.00213816
0.00186926
0.00159443
0.00131367
0.00102695
0.00073424
0.000435523
0.000130777
-0.000180021
-0.000496889
-0.00081985
-0.00114892
-0.00148413
-0.00182548
-0.002173
-0.0025267
-0.00288661
-0.00325274
-0.0036251
-0.00400371
-0.00438859
-0.00477975
-0.0051772
-0.00558096
-0.00599103
-0.00640744
-0.0068302
-0.0072593
-0.00769478
-0.00813662
-0.00858486
-0.00903948
-0.00950051
-0.00996795
-0.0104418
-0.0109221
-0.0114088
-0.0119019
-0.0124015
-0.0129075
-0.01342
-0.0139389
-0.0144643
-0.0149961
-0.0155344
-0.0160792
-0.0166304
-0.017188
-0.0177522
-0.0183227
-0.0188998
-0.0194832
-0.0200732
-0.0206695
-0.0212723
-0.0218816
-0.0224973
-0.0231194
-0.0237479
-0.0243828
-0.0250241
-0.0256718
-0.0263259
-0.0269863
-0.0276532
-0.0283263
-0.0290058
-0.0296917
-0.0303838
-0.0310823
-0.031787
-0.032498
-0.0332152
-0.0339387
-0.0346684
-0.0354044
-0.0361465
-0.0368947
-0.0376491
-0.0384097
-0.0391763
-0.0399491
-0.0407278
-0.0415127
-0.0423035
-0.0431004
-0.0439032
-0.0447119
-0.0455266
-0.0463472
-0.0471736
-0.0480059
-0.0488439
-0.0496878
-0.0505374
-0.0513927
-0.0522537
-0.0531203
-0.0539926
-0.0548704
-0.0557538
-0.0566427
-0.0575372
-0.058437
-0.0593423
-0.0602529
-0.0611689
-0.0620901
-0.0630166
-0.0639484
-0.0648853
-0.0658273
-0.0667744
-0.0677266
-0.0686838
-0.0696459
-0.0706129
-0.0715848
-0.0725616
-0.073543
-0.0745293
-0.0755202
-0.0765157
-0.0775158
-0.0785204
-0.0795295
-0.080543
-0.0815608
-0.082583
-0.0836095
-0.0846401
-0.0856749
-0.0867137
-0.0877566
-0.0888035
-0.0898543
-0.0909089
-0.0919674
-0.0930295
-0.0940954
-0.0951648
-0.0962378
-0.0973143
-0.0983941
-0.0994773
-0.100564
-0.101654
-0.102746
-0.103842
-0.104941
-0.106043
-0.107148
-0.108256
-0.109366
-0.110479
-0.111594
-0.112712
-0.113833
-0.114956
-0.116081
-0.117208
-0.118337
-0.119469
-0.120602
-0.121738
-0.122875
-0.124013
-0.125154
-0.126296
-0.12744
-0.128584
-0.129731
-0.130878
-0.132027
-0.133176
-0.134327
-0.135478
-0.136631
-0.137784
-0.138937
-0.140091
-0.141246
-0.142401
-0.143556
-0.144711
-0.145867
-0.147022
-0.148177
-0.149332
-0.150487
-0.151641
-0.152795
-0.153948
-0.1551
-0.156252
-0.157403
-0.158553
-0.159701
-0.160849
-0.161995
-0.16314
-0.164283
-0.165425
-0.166565
-0.167703
-0.16884
-0.169974
-0.171106
-0.172236
-0.173364
-0.174489
-0.175612
-0.176732
-0.17785
-0.178965
-0.180076
-0.181185
-0.18229
-0.183393
-0.184491
-0.185587
-0.186679
-0.187767
-0.188851
-0.189932
-0.191008
-0.19208
-0.193149
-0.194212
-0.195272
-0.196327
-0.197377
-0.198422
-0.199463
-0.200498
-0.201529
-0.202554
-0.203574
-0.204589
-0.205598
-0.206602
-0.207599
-0.208591
-0.209577
-0.210557
-0.211531
-0.212499
-0.21346
-0.214415
-0.215363
-0.216305
-0.217239
-0.218167
-0.219088
-0.220002
-0.220908
-0.221808
-0.2227
-0.223584
-0.224461
-0.22533
-0.226191
-0.227045
-0.22789
-0.228727
-0.229557
-0.230377
-0.23119
-0.231994
-0.232789
-0.233576
-0.234354
-0.235123
-0.235883
-0.236634
-0.237376
-0.238109
-0.238832
-0.239546
-0.24025
-0.240945
-0.241631
-0.242306
-0.242972
-0.243628
-0.244273
-0.244909
-0.245535
-0.24615
-0.246755
-0.247349
-0.247934
-0.248507
-0.24907
-0.249623
-0.250164
-0.250695
-0.251215
-0.251724
-0.252222
-0.252708
-0.253184
-0.253648
-0.254102
-0.254544
-0.254974
-0.255393
-0.255801
-0.256197
-0.256581
-0.256954
-0.257315
-0.257664
-0.258002
-0.258327
-0.258641
-0.258943
-0.259233
-0.259511
-0.259777
-0.26003
-0.260272
-0.260502
-0.260719
-0.260924
-0.261117
-0.261298
-0.261467
-0.261623
-0.261767
-0.261899
-0.262018
-0.262125
-0.26222
-0.262302
-0.262372
-0.262429
-0.262474
-0.262507
-0.262527
-0.262535
-0.262531
-0.262514
-0.262485
-0.262443
-0.262389
-0.262323
-0.262244
-0.262153
-0.26205
-0.261934
-0.261807
-0.261667
-0.261514
-0.26135
-0.261173
-0.260985
-0.260784
-0.260571
-0.260347
-0.26011
-0.259861
-0.259601
-0.259328
-0.259044
-0.258748
-0.258441
-0.258122
-0.257791
-0.257448
-0.257095
-0.25673
-0.256353
-0.255965
-0.255566
-0.255156
-0.254735
-0.254303
-0.25386
-0.253406
-0.252942
-0.252466
-0.25198
-0.251484
-0.250977
-0.25046
-0.249933
-0.249395
-0.248848
-0.24829
-0.247723
-0.247146
-0.246559
-0.245962
-0.245357
-0.244741
-0.244117
-0.243484
-0.242841
-0.24219
-0.241529
-0.24086
-0.240183
-0.239497
-0.238803
-0.238101
-0.23739
-0.236672
-0.235946
-0.235212
-0.23447
-0.233721
-0.232965
-0.232202
-0.231432
-0.230654
-0.229871
-0.22908
-0.228283
-0.22748
-0.22667
-0.225855
-0.225033
-0.224206
-0.223374
-0.222536
-0.221692
-0.220844
-0.21999
-0.219132
-0.218269
-0.217401
-0.216529
-0.215653
-0.214773
-0.213889
-0.213001
-0.21211
-0.211215
-0.210317
-0.209416
-0.208512
-0.207606
-0.206696
-0.205785
-0.204871
-0.203954
-0.203036
-0.202117
-0.201195
-0.200273
-0.199348
-0.198423
-0.197497
-0.19657
-0.195643
-0.194715
-0.193787
-0.192859
-0.191931
-0.191003
-0.190075
-0.189148
-0.188222
-0.187297
-0.186373
-0.18545
-0.184529
-0.183609
-0.182691
-0.181774
-0.18086
-0.179949
-0.179039
-0.178132
-0.177228
-0.176327
-0.175429
-0.174534
-0.173642
-0.172754
-0.17187
-0.17099
-0.170113
-0.169241
-0.168373
-0.16751
-0.166651
-0.165797
-0.164948
-0.164104
-0.163265
-0.162431
-0.161604
-0.160781
-0.159965
-0.159155
-0.15835
-0.157552
-0.156761
-0.155975
-0.155197
-0.154425
-0.15366
-0.152902
-0.152152
-0.151409
-0.150673
-0.149944
-0.149224
-0.148511
-0.147806
-0.147109
-0.14642
-0.145739
-0.145067
-0.144403
-0.143748
-0.143101
-0.142464
-0.141835
-0.141215
-0.140604
-0.140002
-0.13941
-0.138827
-0.138253
-0.137689
-0.137135
-0.13659
-0.136055
-0.135529
-0.135014
-0.134509
-0.134013
-0.133528
-0.133053
-0.132589
-0.132134
-0.13169
-0.131256
-0.130833
-0.13042
-0.130018
-0.129626
-0.129246
-0.128875
-0.128516
-0.128167
-0.127829
-0.127502
-0.127185
-0.12688
-0.126585
-0.126301
-0.126028
-0.125767
-0.125515
-0.125275
-0.125046
-0.124828
-0.124621
-0.124425
-0.124239
-0.124065
-0.123901
-0.123748
-0.123607
-0.123476
-0.123356
-0.123246
-0.123148
-0.12306
-0.122983
-0.122917
-0.122861
-0.122816
-0.122781
-0.122757
-0.122744
-0.122741
-0.122748
-0.122765
-0.122793
-0.122831
-0.122879
-0.122937
-0.123005
-0.123083
-0.123171
-0.123268
-0.123376
-0.123492
-0.123619
-0.123754
-0.123899
-0.124054
-0.124217
-0.124389
-0.124571
-0.124761
-0.12496
-0.125168
-0.125384
-0.125609
-0.125841
-0.126083
-0.126332
-0.126589
-0.126854
-0.127127
-0.127407
-0.127695
-0.12799
-0.128292
-0.128602
-0.128918
-0.129241
-0.129571
-0.129907
-0.13025
-0.130599
-0.130954
-0.131315
-0.131682
-0.132055
-0.132433
-0.132817
-0.133205
-0.133599
-0.133998
-0.134401
-0.134809
-0.135222
-0.135639
-0.136059
-0.136484
-0.136913
-0.137345
-0.137781
-0.13822
-0.138662
-0.139107
-0.139555
-0.140005
-0.140458
-0.140913
-0.141371
-0.14183
-0.142291
-0.142754
-0.143218
-0.143683
-0.144149
-0.144617
-0.145085
-0.145553
-0.146022
-0.146491
-0.14696
-0.147429
-0.147898
-0.148366
-0.148834
-0.1493
-0.149766
-0.15023
-0.150693
-0.151155
-0.151615
-0.152073
-0.152528
-0.152982
-0.153433
-0.153882
-0.154328
-0.154771
-0.155211
-0.155647
-0.15608
-0.15651
-0.156936
-0.157358
-0.157776
-0.158189
-0.158599
-0.159003
-0.159403
-0.159798
-0.160188
-0.160573
-0.160953
-0.161327
-0.161695
-0.162058
-0.162415
-0.162765
-0.16311
-0.163448
-0.16378
-0.164104
-0.164423
-0.164734
-0.165038
-0.165335
-0.165625
-0.165907
-0.166181
-0.166448
-0.166708
-0.166959
-0.167202
-0.167437
-0.167664
-0.167882
-0.168092
-0.168293
-0.168486
-0.168669
-0.168844
-0.16901
-0.169166
-0.169314
-0.169452
-0.169581
-0.1697
-0.16981
-0.16991
-0.170001
-0.170081
-0.170152
-0.170213
-0.170264
-0.170305
-0.170336
-0.170356
-0.170367
-0.170367
-0.170356
-0.170336
-0.170305
-0.170263
-0.170211
-0.170149
-0.170076
-0.169992
-0.169897
-0.169792
-0.169677
-0.16955
-0.169413
-0.169265
-0.169106
-0.168937
-0.168757
-0.168566
-0.168364
-0.168152
-0.167928
-0.167694
-0.16745
-0.167194
-0.166928
-0.166651
-0.166364
-0.166066
-0.165757
-0.165438
-0.165108
-0.164768
-0.164417
-0.164056
-0.163685
-0.163303
-0.162911
-0.162509
-0.162096
-0.161674
-0.161241
-0.160798
-0.160346
-0.159884
-0.159412
-0.15893
-0.158439
-0.157938
-0.157428
-0.156908
-0.15638
-0.155842
-0.155295
-0.154739
-0.154174
-0.1536
-0.153018
-0.152427
-0.151828
-0.15122
-0.150604
-0.14998
-0.149348
-0.148708
-0.14806
-0.147405
-0.146742
-0.146072
-0.145394
-0.14471
-0.144018
-0.14332
-0.142614
-0.141903
-0.141185
-0.14046
-0.139729
-0.138993
-0.13825
-0.137502
-0.136748
-0.135989
-0.135225
-0.134455
-0.13368
-0.132901
-0.132117
-0.131329
-0.130536
-0.129739
-0.128938
-0.128134
-0.127325
-0.126513
-0.125698
-0.12488
-0.124058
-0.123234
-0.122407
-0.121578
-0.120747
-0.119913
-0.119077
-0.11824
-0.1174
-0.11656
-0.115718
-0.114875
-0.114031
-0.113186
-0.112341
-0.111495
-0.11065
-0.109804
-0.108958
-0.108112
-0.107267
-0.106423
-0.105579
-0.104736
-0.103895
-0.103055
-0.102216
-0.101379
-0.100544
-0.0997108
-0.0988798
-0.0980512
-0.0972251
-0.0964017
-0.0955812
-0.0947636
-0.0939493
-0.0931383
-0.0923308
-0.0915269
-0.0907269
-0.0899309
-0.089139
-0.0883515
-0.0875684
-0.0867899
-0.0860161
-0.0852473
-0.0844835
-0.083725
-0.0829718
-0.0822241
-0.0814821
-0.0807458
-0.0800155
-0.0792912
-0.0785731
-0.0778614
-0.0771561
-0.0764575
-0.0757655
-0.0750804
-0.0744023
-0.0737313
-0.0730675
-0.072411
-0.071762
-0.0711205
-0.0704868
-0.0698608
-0.0692427
-0.0686326
-0.0680306
-0.0674368
-0.0668513
-0.0662742
-0.0657055
-0.0651455
-0.0645941
-0.0640514
-0.0635176
-0.0629927
-0.0624767
-0.0619699
-0.0614721
-0.0609835
-0.0605043
-0.0600343
-0.0595737
-0.0591226
-0.058681
-0.0582489
-0.0578264
-0.0574136
-0.0570105
-0.0566171
-0.0562335
-0.0558597
-0.0554957
-0.0551416
-0.0547974
-0.0544632
-0.0541388
-0.0538245
-0.0535201
-0.0532257
-0.0529413
-0.0526669
-0.0524025
-0.0521481
-0.0519037
-0.0516693
-0.0514449
-0.0512305
-0.051026
-0.0508315
-0.050647
-0.0504723
-0.0503075
-0.0501526
-0.0500075
-0.0498722
-0.0497466
-0.0496307
-0.0495245
-0.0494279
-0.0493409
-0.0492634
-0.0491954
-0.0491368
-0.0490875
-0.0490475
-0.0490168
-0.0489952
-0.0489827
-0.0489792
-0.0489846
-0.0489989
-0.049022
-0.0490537
-0.0490941
-0.049143
-0.0492003
-0.049266
-0.0493399
-0.0494219
-0.049512
-0.04961
-0.0497159
-0.0498295
-0.0499507
-0.0500794
-0.0502155
-0.0503589
-0.0505094
-0.050667
-0.0508315
-0.0510028
-0.0511807
-0.0513652
-0.0515561
-0.0517533
-0.0519566
-0.0521659
-0.0523811
-0.052602
-0.0528285
-0.0530605
-0.0532978
-0.0535402
-0.0537877
-0.05404
-0.054297
-0.0545586
-0.0548246
-0.0550949
-0.0553693
-0.0556476
-0.0559298
-0.0562156
-0.0565048
-0.0567974
-0.0570932
-0.0573919
-0.0576935
-0.0579978
-0.0583045
-0.0586136
-0.0589249
-0.0592382
-0.0595534
-0.0598703
-0.0601886
-0.0605083
-0.0608292
-0.0611512
-0.0614739
-0.0617974
-0.0621213
-0.0624456
-0.0627701
-0.0630945
-0.0634189
-0.0637428
-0.0640663
-0.0643891
-0.0647111
-0.0650321
-0.0653519
-0.0656703
-0.0659873
-0.0663026
-0.0666161
-0.0669276
-0.0672369
-0.0675439
-0.0678484
-0.0681503
-0.0684493
-0.0687454
-0.0690384
-0.0693281
-0.0696144
-0.069897
-0.070176
-0.070451
-0.070722
-0.0709887
-0.0712512
-0.0715091
-0.0717624
-0.0720109
-0.0722545
-0.0724929
-0.0727262
-0.0729542
-0.0731766
-0.0733934
-0.0736045
-0.0738097
-0.0740089
-0.0742019
-0.0743886
-0.074569
-0.0747428
-0.07491
-0.0750705
-0.0752241
-0.0753707
-0.0755102
-0.0756425
-0.0757675
-0.0758851
-0.0759952
-0.0760976
-0.0761924
-0.0762793
-0.0763583
-0.0764294
-0.0764923
-0.0765471
-0.0765937
-0.0766319
-0.0766617
-0.0766831
-0.0766958
-0.0767
-0.0766955
-0.0766822
-0.0766601
-0.0766291
-0.0765892
-0.0765403
-0.0764824
-0.0764154
-0.0763392
-0.0762539
-0.0761594
-0.0760556
-0.0759426
-0.0758202
-0.0756885
-0.0755475
-0.075397
-0.0752371
-0.0750679
-0.0748891
-0.074701
-0.0745034
-0.0742963
-0.0740797
-0.0738537
-0.0736183
-0.0733733
-0.073119
-0.0728552
-0.072582
-0.0722994
-0.0720075
-0.0717061
-0.0713955
-0.0710756
-0.0707464
-0.070408
-0.0700604
-0.0697037
-0.0693379
-0.068963
-0.0685791
-0.0681863
-0.0677846
-0.067374
-0.0669547
-0.0665266
-0.06609
-0.0656447
-0.0651909
-0.0647288
-0.0642582
-0.0637794
-0.0632924
-0.0627973
-0.0622942
-0.0617831
-0.0612642
-0.0607376
-0.0602033
-0.0596615
-0.0591122
-0.0585556
-0.0579918
-0.0574208
-0.0568428
-0.0562579
-0.0556663
-0.0550679
-0.054463
-0.0538517
-0.0532341
-0.0526103
-0.0519804
-0.0513446
-0.0507031
-0.0500558
-0.0494031
-0.0487449
-0.0480815
-0.047413
-0.0467396
-0.0460613
-0.0453783
-0.0446908
-0.0439989
-0.0433027
-0.0426025
-0.0418983
-0.0411904
-0.0404788
-0.0397638
-0.0390454
-0.0383239
-0.0375993
-0.0368719
-0.0361419
-0.0354093
-0.0346744
-0.0339372
-0.0331981
-0.032457
-0.0317143
-0.03097
-0.0302244
-0.0294775
-0.0287296
-0.0279809
-0.0272314
-0.0264814
-0.0257311
-0.0249805
-0.02423
-0.0234795
-0.0227294
-0.0219798
-0.0212308
-0.0204826
-0.0197355
-0.0189894
-0.0182447
-0.0175015
-0.01676
-0.0160203
-0.0152825
-0.014547
-0.0138137
-0.013083
-0.0123549
-0.0116296
-0.0109074
-0.0101882
-0.00947239
-0.00876002
-0.00805129
-0.00734634
-0.00664534
-0.00594843
-0.00525579
-0.00456755
-0.00388388
-0.00320492
-0.00253083
-0.00186175
-0.00119784
-0.000539235
0.000113914
0.000761466
0.00140328
0.00203921
0.00266913
0.00329288
0.00391035
0.0045214
0.00512589
0.0057237
0.00631469
0.00689874
0.00747574
0.00804554
0.00860805
0.00916313
0.00971067
0.0102506
0.0107827
0.0113069
0.0118232
0.0123314
0.0128314
0.0133231
0.0138065
0.0142813
0.0147476
0.0152052
0.0156541
0.0160941
0.0165252
0.0169473
0.0173604
0.0177642
0.0181589
0.0185442
0.0189202
0.0192868
0.0196438
0.0199914
0.0203293
0.0206575
0.020976
0.0212848
0.0215837
0.0218728
0.022152
0.0224213
0.0226806
0.02293
0.0231693
0.0233985
0.0236177
0.0238267
0.0240257
0.0242145
0.0243932
0.0245618
0.0247202
0.0248684
0.0250065
0.0251344
0.0252522
0.0253598
0.0254573
0.0255447
0.025622
0.0256892
0.0257463
0.0257934
0.0258305
0.0258576
0.0258748
0.0258821
0.0258795
0.0258671
0.0258449
0.025813
0.0257714
0.0257201
0.0256593
0.025589
0.0255092
0.0254201
0.0253216
0.0252138
0.0250969
0.0249709
0.0248358
0.0246917
0.0245388
0.0243771
0.0242067
0.0240276
0.0238401
0.0236441
0.0234397
0.0232271
0.0230064
0.0227776
0.0225409
0.0222964
0.0220441
0.0217843
0.0215169
0.0212421
0.0209601
0.0206709
0.0203747
0.0200715
0.0197616
0.0194451
0.0191219
0.0187924
0.0184566
0.0181147
0.0177668
0.017413
0.0170534
0.0166883
0.0163177
0.0159417
0.0155606
0.0151745
0.0147835
0.0143877
0.0139874
0.0135826
0.0131735
0.0127602
0.012343
0.0119219
0.0114971
0.0110688
0.0106371
0.0102022
0.00976417
0.00932325
0.00887957
0.00843329
0.00798457
0.00753356
0.00708042
0.00662531
0.00616839
0.00570983
0.00524977
0.00478838
0.00432583
0.00386226
0.00339784
0.00293273
0.00246709
0.00200108
0.00153486
0.00106858
0.000602412
0.000136505
-0.000328981
-0.000793887
-0.00125806
-0.00172133
-0.00218356
-0.00264459
-0.00310425
-0.00356241
-0.00401889
-0.00447357
-0.00492627
-0.00537685
-0.00582517
-0.00627107
-0.0067144
-0.00715503
-0.0075928
-0.00802757
-0.0084592
-0.00888754
-0.00931247
-0.00973383
-0.0101515
-0.0105653
-0.0109752
-0.0113809
-0.0117825
-0.0121796
-0.0125723
-0.0129603
-0.0133437
-0.0137221
-0.0140956
-0.0144639
-0.0148271
-0.0151849
-0.0155372
-0.015884
-0.0162251
-0.0165604
-0.0168899
-0.0172133
-0.0175307
-0.0178419
-0.0181468
-0.0184453
-0.0187373
-0.0190228
-0.0193016
-0.0195737
-0.019839
-0.0200973
-0.0203487
-0.020593
-0.0208302
-0.0210602
-0.0212829
-0.0214983
-0.0217063
-0.0219068
-0.0220998
-0.0222852
-0.022463
-0.0226331
-0.0227955
-0.0229501
-0.0230969
-0.0232358
-0.0233668
-0.0234899
-0.023605
-0.0237121
-0.0238112
-0.0239022
-0.0239852
-0.02406
-0.0241268
-0.0241854
-0.0242359
-0.0242783
-0.0243125
-0.0243386
-0.0243565
-0.0243662
-0.0243678
-0.0243613
-0.0243466
-0.0243239
-0.024293
-0.024254
-0.024207
-0.0241519
-0.0240888
-0.0240178
-0.0239387
-0.0238518
-0.023757
-0.0236543
-0.0235438
-0.0234256
-0.0232996
-0.023166
-0.0230248
-0.022876
-0.0227197
-0.022556
-0.0223849
-0.0222064
-0.0220207
-0.0218278
-0.0216278
-0.0214208
-0.0212068
-0.0209858
-0.0207581
-0.0205237
-0.0202826
-0.0200349
-0.0197807
-0.0195202
-0.0192534
-0.0189804
-0.0187012
-0.0184161
-0.0181251
-0.0178282
-0.0175257
-0.0172175
-0.0169039
-0.0165849
-0.0162606
-0.0159312
-0.0155967
-0.0152572
-0.014913
-0.0145641
-0.0142105
-0.0138526
-0.0134903
-0.0131237
-0.0127531
-0.0123786
-0.0120002
-0.0116181
-0.0112324
-0.0108432
-0.0104508
-0.0100552
-0.00965651
-0.00925493
-0.00885057
-0.00844356
-0.00803405
-0.00762218
-0.00720807
-0.00679187
-0.00637373
-0.00595377
-0.00553213
-0.00510897
-0.00468442
-0.00425862
-0.00383172
-0.00340385
-0.00297516
-0.0025458
-0.00211589
-0.0016856
-0.00125505
-0.000824395
-0.000393775
3.66683e-05
0.000466792
0.000896454
0.00132551
0.00175382
0.00218125
0.00260765
0.00303288
0.00345681
0.00387928
0.00430018
0.00471934
0.00513665
0.00555196
0.00596513
0.00637603
0.00678453
0.0071905
0.00759379
0.00799428
0.00839183
0.00878633
0.00917763
0.00956562
0.00995016
0.0103311
0.0107084
0.0110819
0.0114514
0.0118169
0.0121782
0.0125352
0.0128878
0.0132359
0.0135793
0.013918
0.0142519
0.0145808
0.0149046
0.0152233
0.0155366
0.0158447
0.0161472
0.0164442
0.0167355
0.0170211
0.0173008
0.0175746
0.0178423
0.018104
0.0183594
0.0186086
0.0188515
0.0190879
0.0193178
0.0195412
0.0197579
0.0199679
0.0201711
0.0203675
0.020557
0.0207395
0.020915
0.0210835
0.0212448
0.021399
0.0215459
0.0216856
0.021818
0.0219431
0.0220607
0.022171
0.0222738
0.0223691
0.022457
0.0225373
0.0226101
0.0226752
0.0227329
0.0227829
0.0228253
0.02286
0.0228872
0.0229067
0.0229185
0.0229228
0.0229194
0.0229083
0.0228897
0.0228634
0.0228296
0.0227881
0.0227391
0.0226826
0.0226185
0.0225469
0.0224679
0.0223814
0.0222876
0.0221863
0.0220777
0.0219619
0.0218387
0.0217084
0.0215709
0.0214263
0.0212747
0.021116
0.0209504
0.0207779
0.0205986
0.0204125
0.0202197
0.0200203
0.0198143
0.0196018
0.0193829
0.0191576
0.0189261
0.0186884
0.0184446
0.0181948
0.017939
0.0176774
0.01741
0.017137
0.0168584
0.0165743
0.0162849
0.0159901
0.0156902
0.0153852
0.0150752
0.0147604
0.0144407
0.0141165
0.0137876
0.0134544
0.0131168
0.012775
0.0124291
0.0120793
0.0117255
0.0113681
0.011007
0.0106424
0.0102744
0.0099032
0.00952885
0.0091515
0.00877127
0.00838829
0.00800269
0.00761459
0.00722413
0.00683144
0.00643665
0.00603988
0.00564128
0.00524098
0.0048391
0.00443578
0.00403117
0.00362538
0.00321856
0.00281084
0.00240236
0.00199326
0.00158366
0.0011737
0.000763533
0.000353278
-5.69233e-05
-0.000466936
-0.000876623
-0.00128585
-0.00169448
-0.00210238
-0.00250941
-0.00291545
-0.00332034
-0.00372397
-0.0041262
-0.00452689
-0.00492591
-0.00532314
-0.00571844
-0.00611167
-0.00650272
-0.00689145
-0.00727773
-0.00766144
-0.00804245
-0.00842063
-0.00879586
-0.00916803
-0.00953699
-0.00990265
-0.0102649
-0.0106235
-0.0109785
-0.0113297
-0.011677
-0.0120203
-0.0123594
-0.0126944
-0.0130249
-0.013351
-0.0136726
-0.0139894
-0.0143015
-0.0146087
-0.014911
-0.0152082
-0.0155002
-0.0157869
-0.0160683
-0.0163442
-0.0166146
-0.0168794
-0.0171385
-0.0173917
-0.0176391
-0.0178805
-0.0181159
-0.0183452
-0.0185683
-0.0187851
-0.0189956
-0.0191997
-0.0193974
-0.0195885
-0.0197731
-0.019951
-0.0201222
-0.0202866
-0.0204443
-0.020595
-0.0207389
-0.0208758
-0.0210058
-0.0211287
-0.0212445
-0.0213532
-0.0214548
-0.0215492
-0.0216364
-0.0217164
-0.0217891
-0.0218545
-0.0219127
-0.0219635
-0.022007
-0.0220432
-0.022072
-0.0220935
-0.0221076
-0.0221143
-0.0221137
-0.0221058
-0.0220904
-0.0220678
-0.0220377
-0.0220004
-0.0219558
-0.0219038
-0.0218446
-0.0217782
-0.0217045
-0.0216236
-0.0215355
-0.0214403
-0.021338
-0.0212286
-0.0211122
-0.0209888
-0.0208585
-0.0207212
-0.0205771
-0.0204262
-0.0202686
-0.0201042
-0.0199332
-0.0197556
-0.0195715
-0.0193809
-0.019184
-0.0189807
-0.0187711
-0.0185554
-0.0183336
-0.0181057
-0.0178718
-0.0176321
-0.0173866
-0.0171353
-0.0168785
-0.0166161
-0.0163482
-0.016075
-0.0157964
-0.0155128
-0.015224
-0.0149302
-0.0146316
-0.0143282
-0.01402
-0.0137073
-0.0133902
-0.0130686
-0.0127428
-0.0124129
-0.0120789
-0.011741
-0.0113992
-0.0110538
-0.0107047
-0.0103523
-0.00999641
-0.00963733
-0.00927514
-0.00890996
-0.00854191
-0.00817111
-0.0077977
-0.00742179
-0.00704351
-0.00666298
-0.00628033
-0.0058957
-0.0055092
-0.00512097
-0.00473114
-0.00433983
-0.00394718
-0.00355331
-0.00315837
-0.00276248
-0.00236577
-0.00196837
-0.00157042
-0.00117205
-0.000773385
-0.000374568
2.42722e-05
0.000423003
0.000821493
0.00121961
0.00161722
0.00201419
0.00241039
0.00280569
0.00319995
0.00359306
0.00398486
0.00437525
0.00476408
0.00515123
0.00553656
0.00591996
0.00630129
0.00668044
0.00705726
0.00743164
0.00780345
0.00817258
0.00853889
0.00890227
0.0092626
0.00961976
0.00997362
0.0103241
0.010671
0.0110143
0.0113539
0.0116895
0.0120213
0.0123489
0.0126723
0.0129914
0.0133062
0.0136164
0.013922
0.0142229
0.014519
0.0148102
0.0150964
0.0153775
0.0156534
0.015924
0.0161892
0.016449
0.0167033
0.0169519
0.0171948
0.0174319
0.0176632
0.0178885
0.0181078
0.018321
0.0185281
0.0187289
0.0189234
0.0191116
0.0192934
0.0194687
0.0196375
0.0197997
0.0199552
0.0201041
0.0202462
0.0203815
0.02051
0.0206317
0.0207464
0.0208542
0.0209549
0.0210487
0.0211355
0.0212151
0.0212877
0.0213532
0.0214115
0.0214626
0.0215066
0.0215434
0.021573
0.0215954
0.0216105
0.0216185
0.0216192
0.0216127
0.021599
0.0215781
0.02155
0.0215147
0.0214722
0.0214226
0.0213658
0.0213019
0.0212308
0.0211527
0.0210676
0.0209754
0.0208762
0.0207701
0.0206571
0.0205372
0.0204104
0.0202768
0.0201365
0.0199895
0.0198358
0.0196755
0.0195087
0.0193354
0.0191556
0.0189695
0.0187771
0.0185784
0.0183735
0.0181626
0.0179456
0.0177226
0.0174937
0.0172591
0.0170187
0.0167726
0.016521
0.0162638
0.0160013
0.0157335
0.0154604
0.0151822
0.014899
0.0146109
0.0143178
0.0140201
0.0137177
0.0134107
0.0130993
0.0127836
0.0124636
0.0121395
0.0118114
0.0114793
0.0111435
0.010804
0.0104609
0.0101143
0.00976445
0.00941133
0.00905511
0.0086959
0.00833381
0.00796898
0.00760153
0.00723157
0.00685923
0.00648463
0.00610791
0.00572918
0.00534857
0.0049662
0.00458222
0.00419674
0.00380989
0.0034218
0.0030326
0.00264242
0.0022514
0.00185965
0.00146731
0.00107452
0.000681403
0.000288087
-0.000105294
-0.000498608
-0.000891726
-0.00128452
-0.00167685
-0.00206859
-0.00245961
-0.00284978
-0.00323897
-0.00362705
-0.0040139
-0.00439937
-0.00478335
-0.00516571
-0.00554631
-0.00592504
-0.00630176
-0.00667635
-0.00704869
-0.00741866
-0.00778612
-0.00815096
-0.00851305
-0.00887228
-0.00922853
-0.00958167
-0.0099316
-0.0102782
-0.0106213
-0.0109609
-0.0112968
-0.0116289
-0.0119571
-0.0122813
-0.0126013
-0.0129172
-0.0132287
-0.0135358
-0.0138383
-0.0141362
-0.0144294
-0.0147178
-0.0150012
-0.0152796
-0.0155529
-0.0158209
-0.0160837
-0.0163411
-0.0165931
-0.0168394
-0.0170802
-0.0173152
-0.0175445
-0.0177679
-0.0179853
-0.0181967
-0.0184021
-0.0186013
-0.0187942
-0.0189809
-0.0191613
-0.0193352
-0.0195027
-0.0196637
-0.0198181
-0.0199659
-0.020107
-0.0202414
-0.020369
-0.0204898
-0.0206038
-0.0207109
-0.0208111
-0.0209043
-0.0209906
-0.0210698
-0.021142
-0.0212072
-0.0212652
-0.0213162
-0.02136
-0.0213968
-0.0214263
-0.0214487
-0.021464
-0.0214721
-0.021473
-0.0214668
-0.0214534
-0.0214328
-0.0214051
-0.0213702
-0.0213282
-0.0212791
-0.0212229
-0.0211596
-0.0210892
-0.0210118
-0.0209274
-0.020836
-0.0207376
-0.0206324
-0.0205202
-0.0204012
-0.0202754
-0.0201428
-0.0200035
-0.0198575
-0.0197049
-0.0195457
-0.01938
-0.0192078
-0.0190292
-0.0188443
-0.0186531
-0.0184556
-0.018252
-0.0180423
-0.0178266
-0.0176049
-0.0173774
-0.017144
-0.016905
-0.0166603
-0.01641
-0.0161543
-0.0158931
-0.0156267
-0.015355
-0.0150782
-0.0147964
-0.0145097
-0.0142181
-0.0139217
-0.0136208
-0.0133152
-0.0130052
-0.0126909
-0.0123724
-0.0120497
-0.011723
-0.0113923
-0.0110579
-0.0107198
-0.0103781
-0.0100329
-0.00968438
-0.00933262
-0.00897775
-0.00861988
-0.00825913
-0.00789562
-0.00752947
-0.0071608
-0.00678974
-0.00641641
-0.00604093
-0.00566344
-0.00528405
-0.00490289
-0.00452009
-0.00413578
-0.00375009
-0.00336313
-0.00297505
-0.00258597
-0.00219603
-0.00180534
-0.00141405
-0.00102228
-0.000630158
-0.000237823
0.000154596
0.00054697
0.000939168
0.00133106
0.00172251
0.0021134
0.00250358
0.00289294
0.00328133
0.00366864
0.00405474
0.00443948
0.00482275
0.00520442
0.00558436
0.00596244
0.00633854
0.00671253
0.00708428
0.00745368
0.0078206
0.00818492
0.00854651
0.00890525
0.00926103
0.00961373
0.00996322
0.0103094
0.0106521
0.0109913
0.0113269
0.0116586
0.0119865
0.0123104
0.0126302
0.0129457
0.013257
0.0135638
0.0138661
0.0141638
0.0144568
0.0147449
0.0150282
0.0153064
0.0155795
0.0158475
0.0161101
0.0163674
0.0166192
0.0168654
0.0171061
0.017341
0.0175702
0.0177934
0.0180108
0.0182221
0.0184274
0.0186265
0.0188194
0.019006
0.0191863
0.0193602
0.0195276
0.0196885
0.0198428
0.0199905
0.0201315
0.0202658
0.0203934
0.0205141
0.020628
0.020735
0.020835
0.0209282
0.0210143
0.0210934
0.0211654
0.0212304
0.0212883
0.0213391
0.0213827
0.0214192
0.0214486
0.0214708
0.0214858
0.0214936
0.0214942
0.0214877
0.021474
0.0214531
0.021425
0.0213897
0.0213473
0.0212978
0.0212412
0.0211774
0.0211066
0.0210286
0.0209437
0.0208518
0.0207528
0.020647
0.0205342
0.0204145
0.0202881
0.0201548
0.0200148
0.019868
0.0197147
0.0195547
0.0193881
0.0192151
0.0190357
0.0188498
0.0186577
0.0184592
0.0182547
0.0180439
0.0178272
0.0176044
0.0173758
0.0171413
0.0169011
0.0166552
0.0164037
0.0161467
0.0158843
0.0156165
0.0153435
0.0150654
0.0147822
0.014494
0.014201
0.0139032
0.0136007
0.0132936
0.012982
0.0126661
0.012346
0.0120216
0.0116932
0.0113609
0.0110248
0.0106849
0.0103414
0.00999443
0.00964408
0.00929047
0.00893373
0.00857396
0.00821128
0.00784583
0.00747771
0.00710706
0.00673399
0.00635864
0.00598111
0.00560155
0.00522008
0.00483682
0.0044519
0.00406546
0.00367761
0.00328849
0.00289823
0.00250696
0.00211481
0.0017219
0.00132838
0.000934374
0.000540008
0.000145417
-0.000249266
-0.00064391
-0.00103838
-0.00143256
-0.00182629
-0.00221947
-0.00261194
-0.00300359
-0.00339428
-0.00378388
-0.00417226
-0.0045593
-0.00494485
-0.0053288
-0.00571101
-0.00609136
-0.00646971
-0.00684595
-0.00721995
-0.00759158
-0.00796072
-0.00832724
-0.00869102
-0.00905194
-0.00940988
-0.00976471
-0.0101163
-0.0104646
-0.0108094
-0.0111507
-0.0114883
-0.011822
-0.0121519
-0.0124777
-0.0127995
-0.0131169
-0.0134301
-0.0137388
-0.0140429
-0.0143424
-0.0146371
-0.0149269
-0.0152119
-0.0154917
-0.0157665
-0.0160359
-0.0163001
-0.0165589
-0.0168121
-0.0170598
-0.0173018
-0.017538
-0.0177684
-0.0179929
-0.0182115
-0.0184239
-0.0186303
-0.0188304
-0.0190243
-0.0192118
-0.0193929
-0.0195676
-0.0197358
-0.0198974
-0.0200523
-0.0202006
-0.0203422
-0.0204769
-0.0206049
-0.020726
-0.0208401
-0.0209473
-0.0210476
-0.0211408
-0.0212269
-0.021306
-0.0213779
-0.0214427
-0.0215004
-0.0215509
-0.0215942
-0.0216302
-0.0216591
-0.0216807
-0.0216951
-0.0217022
-0.021702
-0.0216947
-0.02168
-0.0216581
-0.021629
-0.0215926
-0.021549
-0.0214982
-0.0214402
-0.021375
-0.0213027
-0.0212232
-0.0211366
-0.021043
-0.0209423
-0.0208346
-0.0207199
-0.0205982
-0.0204697
-0.0203343
-0.020192
-0.020043
-0.0198873
-0.0197249
-0.0195559
-0.0193803
-0.0191982
-0.0190097
-0.0188147
-0.0186135
-0.018406
-0.0181923
-0.0179725
-0.0177467
-0.0175148
-0.0172771
-0.0170336
-0.0167844
-0.0165294
-0.016269
-0.016003
-0.0157317
-0.015455
-0.0151731
-0.0148861
-0.0145941
-0.0142972
-0.0139954
-0.0136889
-0.0133778
-0.0130622
-0.0127421
-0.0124177
-0.0120891
-0.0117564
-0.0114198
-0.0110792
-0.0107349
-0.0103869
-0.0100355
-0.00968055
-0.00932235
-0.00896096
-0.00859653
-0.00822915
-0.00785896
-0.00748608
-0.00711063
-0.00673273
-0.00635253
-0.00597013
-0.00558566
-0.00519927
-0.00481106
-0.00442118
-0.00402975
-0.00363691
-0.00324278
-0.0028475
-0.00245119
-0.00205399
-0.00165604
-0.00125746
-0.000858388
-0.000458958
-5.93031e-05
0.000340444
0.00074015
0.00113968
0.0015389
0.00193768
0.00233589
0.00273338
0.00313004
0.00352572
0.0039203
0.00431363
0.0047056
0.00509607
0.0054849
0.00587197
0.00625716
0.00664032
0.00702133
0.00740006
0.0077764
0.0081502
0.00852135
0.00888971
0.00925518
0.00961762
0.00997691
0.0103329
0.0106856
0.0110347
0.0113802
0.011722
0.0120599
0.0123938
0.0127237
0.0130494
0.0133708
0.0136877
0.0140002
0.014308
0.0146111
0.0149094
0.0152027
0.0154911
0.0157743
0.0160522
0.0163249
0.0165922
0.0168539
0.0171101
0.0173606
0.0176054
0.0178443
0.0180773
0.0183043
0.0185252
0.01874
0.0189485
0.0191508
0.0193467
0.0195361
0.0197191
0.0198955
0.0200653
0.0202284
0.0203848
0.0205344
0.0206771
0.020813
0.0209419
0.0210639
0.0211788
0.0212867
0.0213875
0.0214811
0.0215676
0.0216469
0.021719
0.0217838
0.0218414
0.0218916
0.0219346
0.0219702
0.0219985
0.0220194
0.022033
0.0220392
0.022038
0.0220295
0.0220135
0.0219903
0.0219596
0.0219216
0.0218763
0.0218237
0.0217637
0.0216964
0.0216219
0.0215401
0.0214511
0.0213549
0.0212516
0.0211411
0.0210235
0.0208989
0.0207672
0.0206286
0.020483
0.0203306
0.0201713
0.0200052
0.0198324
0.019653
0.0194669
0.0192743
0.0190752
0.0188696
0.0186577
0.0184395
0.0182151
0.0179846
0.017748
0.0175053
0.0172568
0.0170025
0.0167424
0.0164766
0.0162053
0.0159285
0.0156463
0.0153588
0.0150661
0.0147683
0.0144655
0.0141578
0.0138453
0.013528
0.0132062
0.0128799
0.0125492
0.0122142
0.011875
0.0115318
0.0111847
0.0108337
0.0104791
0.0101208
0.00975911
0.00939404
0.00902573
0.00865433
0.00827994
0.00790269
0.0075227
0.00714012
0.00675505
0.00636763
0.00597798
0.00558625
0.00519255
0.00479701
0.00439978
0.00400098
0.00360075
0.00319922
0.00279651
0.00239278
0.00198814
0.00158275
0.00117672
0.000770202
0.000363326
-4.37718e-05
-0.000450954
-0.000858086
-0.00126503
-0.00167165
-0.00207782
-0.00248339
-0.00288822
-0.0032922
-0.00369517
-0.004097
-0.00449757
-0.00489673
-0.00529435
-0.00569031
-0.00608445
-0.00647666
-0.00686681
-0.00725475
-0.00764036
-0.00802352
-0.00840409
-0.00878194
-0.00915696
-0.009529
-0.00989795
-0.0102637
-0.0106261
-0.010985
-0.0113404
-0.011692
-0.0120398
-0.0123837
-0.0127236
-0.0130592
-0.0133906
-0.0137176
-0.0140401
-0.0143579
-0.0146711
-0.0149794
-0.0152828
-0.0155812
-0.0158744
-0.0161624
-0.0164451
-0.0167223
-0.016994
-0.0172601
-0.0175205
-0.0177751
-0.0180238
-0.0182666
-0.0185033
-0.0187339
-0.0189583
-0.0191764
-0.0193881
-0.0195934
-0.0197923
-0.0199845
-0.0201701
-0.020349
-0.0205212
-0.0206865
-0.020845
-0.0209965
-0.0211411
-0.0212786
-0.021409
-0.0215323
-0.0216485
-0.0217574
-0.0218591
-0.0219535
-0.0220406
-0.0221203
-0.0221926
-0.0222576
-0.0223151
-0.0223652
-0.0224078
-0.0224429
-0.0224705
-0.0224907
-0.0225033
-0.0225083
-0.0225059
-0.0224959
-0.0224784
-0.0224533
-0.0224208
-0.0223807
-0.0223332
-0.0222781
-0.0222156
-0.0221457
-0.0220683
-0.0219835
-0.0218913
-0.0217918
-0.021685
-0.0215709
-0.0214495
-0.0213209
-0.0211852
-0.0210423
-0.0208924
-0.0207354
-0.0205714
-0.0204006
-0.0202228
-0.0200382
-0.0198469
-0.0196489
-0.0194443
-0.0192331
-0.0190154
-0.0187912
-0.0185608
-0.018324
-0.0180811
-0.017832
-0.0175769
-0.0173159
-0.0170489
-0.0167763
-0.0164979
-0.0162139
-0.0159244
-0.0156295
-0.0153293
-0.0150239
-0.0147133
-0.0143978
-0.0140773
-0.013752
-0.0134221
-0.0130875
-0.0127485
-0.0124051
-0.0120575
-0.0117058
-0.01135
-0.0109903
-0.0106268
-0.0102597
-0.00988904
-0.00951496
-0.00913758
-0.00875704
-0.00837346
-0.00798697
-0.00759768
-0.00720575
-0.00681128
-0.00641442
-0.0060153
-0.00561405
-0.0052108
-0.00480569
-0.00439885
-0.00399042
-0.00358053
-0.00316932
-0.00275693
-0.0023435
-0.00192915
-0.00151404
-0.0010983
-0.000682062
-0.000265474
0.000151328
0.000568205
0.000985017
0.00140162
0.00181789
0.00223367
0.00264883
0.00306323
0.00347673
0.00388919
0.00430048
0.00471045
0.00511897
0.00552591
0.00593112
0.00633446
0.00673582
0.00713504
0.00753199
0.00792655
0.00831858
0.00870794
0.00909451
0.00947816
0.00985875
0.0102362
0.0106103
0.0109809
0.0113481
0.0117115
0.0120711
0.0124268
0.0127784
0.0131259
0.0134691
0.0138079
0.0141422
0.0144719
0.0147968
0.0151169
0.015432
0.015742
0.0160469
0.0163465
0.0166408
0.0169295
0.0172127
0.0174902
0.017762
0.0180279
0.0182878
0.0185417
0.0187895
0.0190311
0.0192664
0.0194953
0.0197178
0.0199337
0.0201431
0.0203457
0.0205417
0.0207308
0.020913
0.0210883
0.0212567
0.0214179
0.021572
0.021719
0.0218588
0.0219912
0.0221164
0.0222342
0.0223446
0.0224476
0.0225431
0.0226311
0.0227115
0.0227844
0.0228496
0.0229073
0.0229573
0.0229996
0.0230342
0.0230612
0.0230805
0.023092
0.0230958
0.0230919
0.0230802
0.0230609
0.0230338
0.022999
0.0229565
0.0229063
0.0228484
0.0227828
0.0227096
0.0226288
0.0225404
0.0224444
0.0223409
0.0222299
0.0221114
0.0219854
0.0218521
0.0217114
0.0215634
0.0214081
0.0212456
0.021076
0.0208992
0.0207154
0.0205246
0.0203269
0.0201223
0.0199109
0.0196928
0.019468
0.0192366
0.0189987
0.0187544
0.0185037
0.0182467
0.0179836
0.0177143
0.017439
0.0171578
0.0168708
0.016578
0.0162795
0.0159756
0.0156661
0.0153514
0.0150313
0.0147062
0.014376
0.0140409
0.013701
0.0133563
0.0130071
0.0126534
0.0122954
0.0119331
0.0115667
0.0111963
0.0108221
0.010444
0.0100624
0.00967727
0.00928876
0.00889701
0.00850214
0.0081043
0.0077036
0.00730019
0.00689419
0.00648575
0.00607499
0.00566206
0.00524709
0.00483022
0.00441158
0.00399133
0.00356959
0.00314651
0.00272222
0.00229688
0.00187062
0.00144359
0.00101591
0.000587754
0.000159245
-0.000269468
-0.000698243
-0.00112694
-0.0015554
-0.0019835
-0.00241109
-0.00283802
-0.00326416
-0.00368935
-0.00411346
-0.00453635
-0.00495787
-0.00537788
-0.00579624
-0.00621282
-0.00662746
-0.00704003
-0.0074504
-0.00785842
-0.00826396
-0.00866688
-0.00906704
-0.00946432
-0.00985857
-0.0102497
-0.0106375
-0.0110219
-0.0114027
-0.0117799
-0.0121532
-0.0125226
-0.012888
-0.0132492
-0.0136061
-0.0139586
-0.0143065
-0.0146498
-0.0149882
-0.0153218
-0.0156504
-0.0159739
-0.0162922
-0.0166051
-0.0169126
-0.0172145
-0.0175108
-0.0178013
-0.018086
-0.0183647
-0.0186374
-0.018904
-0.0191643
-0.0194183
-0.0196659
-0.0199071
-0.0201416
-0.0203695
-0.0205907
-0.020805
-0.0210125
-0.0212131
-0.0214066
-0.021593
-0.0217722
-0.0219443
-0.022109
-0.0222665
-0.0224165
-0.0225591
-0.0226942
-0.0228218
-0.0229417
-0.0230541
-0.0231588
-0.0232557
-0.0233449
-0.0234264
-0.0235
-0.0235658
-0.0236237
-0.0236738
-0.0237159
-0.0237502
-0.0237765
-0.0237948
-0.0238052
-0.0238077
-0.0238021
-0.0237887
-0.0237672
-0.0237378
-0.0237004
-0.0236551
-0.0236019
-0.0235407
-0.0234716
-0.0233947
-0.0233099
-0.0232173
-0.0231168
-0.0230086
-0.0228927
-0.0227691
-0.0226377
-0.0224988
-0.0223523
-0.0221982
-0.0220367
-0.0218677
-0.0216914
-0.0215077
-0.0213167
-0.0211186
-0.0209133
-0.0207009
-0.0204815
-0.0202552
-0.020022
-0.019782
-0.0195354
-0.019282
-0.0190222
-0.0187558
-0.0184831
-0.0182041
-0.0179189
-0.0176276
-0.0173303
-0.017027
-0.016718
-0.0164032
-0.0160828
-0.0157569
-0.0154257
-0.0150891
-0.0147473
-0.0144005
-0.0140487
-0.0136921
-0.0133307
-0.0129648
-0.0125944
-0.0122196
-0.0118405
-0.0114574
-0.0110703
-0.0106793
-0.0102846
-0.00988627
-0.00948449
-0.00907938
-0.00867107
-0.0082597
-0.00784539
-0.0074283
-0.00700856
-0.0065863
-0.00616167
-0.00573481
-0.00530585
-0.00487495
-0.00444225
-0.00400789
-0.00357201
-0.00313475
-0.00269628
-0.00225672
-0.00181623
-0.00137496
-0.000933046
-0.000490642
-4.78949e-05
0.000395048
0.000838039
0.00128093
0.00172357
0.00216582
0.00260752
0.00304852
0.00348869
0.00392787
0.00436592
0.00480268
0.00523802
0.00567178
0.00610382
0.006534
0.00696217
0.00738818
0.0078119
0.00823317
0.00865187
0.00906784
0.00948096
0.00989107
0.010298
0.0107017
0.011102
0.0114987
0.0118918
0.012281
0.0126663
0.0130475
0.0134245
0.0137972
0.0141654
0.014529
0.0148879
0.015242
0.0155911
0.0159352
0.016274
0.0166076
0.0169358
0.0172584
0.0175754
0.0178866
0.018192
0.0184914
0.0187848
0.019072
0.0193529
0.0196275
0.0198956
0.0201572
0.0204122
0.0206604
0.0209019
0.0211364
0.021364
0.0215845
0.0217979
0.0220041
0.022203
0.0223945
0.0225787
0.0227554
0.0229245
0.0230861
0.02324
0.0233862
0.0235246
0.0236552
0.023778
0.0238928
0.0239997
0.0240986
0.0241895
0.0242724
0.0243472
0.0244138
0.0244723
0.0245227
0.0245649
0.0245988
0.0246246
0.0246421
0.0246514
0.0246525
0.0246453
0.0246298
0.0246061
0.0245742
0.024534
0.0244857
0.024429
0.0243642
0.0242913
0.0242101
0.0241208
0.0240235
0.023918
0.0238045
0.023683
0.0235535
0.023416
0.0232707
0.0231175
0.0229566
0.0227878
0.0226114
0.0224273
0.0222357
0.0220365
0.0218299
0.0216158
0.0213945
0.0211659
0.0209301
0.0206872
0.0204372
0.0201804
0.0199166
0.0196461
0.0193689
0.0190851
0.0187947
0.018498
0.0181949
0.0178856
0.0175702
0.0172488
0.0169215
0.0165883
0.0162495
0.015905
0.0155551
0.0151998
0.0148393
0.0144737
0.014103
0.0137275
0.0133472
0.0129623
0.0125728
0.012179
0.0117809
0.0113787
0.0109725
0.0105625
0.0101487
0.00973135
0.00931056
0.00888646
0.00845919
0.0080289
0.00759573
0.00715981
0.00672131
0.00628035
0.00583709
0.00539167
0.00494425
0.00449496
0.00404397
0.00359141
0.00313745
0.00268222
0.00222589
0.0017686
0.00131051
0.000851774
0.000392535
-6.70476e-05
-0.000526821
-0.000986633
-0.00144633
-0.00190575
-0.00236475
-0.00282318
-0.00328087
-0.00373769
-0.00419346
-0.00464805
-0.00510129
-0.00555304
-0.00600314
-0.00645145
-0.00689781
-0.00734208
-0.00778409
-0.00822372
-0.0086608
-0.00909519
-0.00952674
-0.00995531
-0.0103808
-0.0108029
-0.0112217
-0.0116369
-0.0120484
-0.0124561
-0.0128598
-0.0132594
-0.0136547
-0.0140457
-0.0144322
-0.014814
-0.0151911
-0.0155632
-0.0159303
-0.0162923
-0.016649
-0.0170003
-0.0173461
-0.0176863
-0.0180207
-0.0183492
-0.0186718
-0.0189882
-0.0192985
-0.0196025
-0.0199
-0.0201911
-0.0204755
-0.0207533
-0.0210242
-0.0212882
-0.0215453
-0.0217953
-0.022038
-0.0222736
-0.0225018
-0.0227226
-0.0229359
-0.0231417
-0.0233398
-0.0235302
-0.0237128
-0.0238876
-0.0240545
-0.0242135
-0.0243644
-0.0245072
-0.024642
-0.0247685
-0.0248868
-0.0249969
-0.0250987
-0.0251921
-0.0252772
-0.0253538
-0.025422
-0.0254818
-0.025533
-0.0255758
-0.02561
-0.0256357
-0.0256528
-0.0256613
-0.0256613
-0.0256527
-0.0256355
-0.0256098
-0.0255755
-0.0255326
-0.0254811
-0.0254211
-0.0253526
-0.0252756
-0.02519
-0.0250961
-0.0249936
-0.0248828
-0.0247636
-0.0246361
-0.0245003
-0.0243562
-0.0242039
-0.0240434
-0.0238748
-0.0236982
-0.0235135
-0.0233209
-0.0231204
-0.0229121
-0.022696
-0.0224722
-0.0222408
-0.0220018
-0.0217554
-0.0215015
-0.0212404
-0.020972
-0.0206964
-0.0204138
-0.0201243
-0.0198278
-0.0195246
-0.0192147
-0.0188983
-0.0185753
-0.018246
-0.0179104
-0.0175686
-0.0172208
-0.0168671
-0.0165075
-0.0161422
-0.0157714
-0.0153951
-0.0150134
-0.0146265
-0.0142346
-0.0138376
-0.0134359
-0.0130294
-0.0126184
-0.0122029
-0.0117832
-0.0113593
-0.0109313
-0.0104995
-0.0100639
-0.00962478
-0.00918218
-0.00873627
-0.00828721
-0.00783513
-0.0073802
-0.00692255
-0.00646235
-0.00599974
-0.00553487
-0.0050679
-0.00459899
-0.00412828
-0.00365594
-0.00318212
-0.00270698
-0.00223067
-0.00175336
-0.0012752
-0.000796352
-0.000316972
0.000162778
0.00064274
0.00112275
0.00160266
0.0020823
0.00256151
0.00304013
0.003518
0.00399497
0.00447088
0.00494555
0.00541885
0.0058906
0.00636066
0.00682886
0.00729505
0.00775906
0.00822076
0.00867997
0.00913655
0.00959035
0.0100412
0.010489
0.0109335
0.0113746
0.0118122
0.0122461
0.0126762
0.0131023
0.0135243
0.013942
0.0143553
0.0147641
0.0151682
0.0155675
0.0159618
0.016351
0.0167351
0.0171137
0.0174869
0.0178545
0.0182164
0.0185724
0.0189224
0.0192663
0.0196041
0.0199355
0.0202605
0.0205789
0.0208907
0.0211957
0.0214938
0.021785
0.022069
0.022346
0.0226156
0.0228779
0.0231328
0.0233801
0.0236198
0.0238518
0.024076
0.0242923
0.0245007
0.0247011
0.0248934
0.0250776
0.0252535
0.0254212
0.0255806
0.0257315
0.025874
0.026008
0.0261334
0.0262503
0.0263585
0.0264581
0.0265489
0.026631
0.0267043
0.0267688
0.0268245
0.0268713
0.0269093
0.0269384
0.0269585
0.0269698
0.0269721
0.0269655
0.02695
0.0269256
0.0268922
0.02685
0.0267988
0.0267387
0.0266698
0.026592
0.0265054
0.02641
0.0263058
0.0261928
0.0260712
0.0259408
0.0258018
0.0256543
0.0254982
0.0253335
0.0251605
0.024979
0.0247892
0.0245911
0.0243848
0.0241704
0.0239479
0.0237173
0.0234788
0.0232325
0.0229784
0.0227166
0.0224471
0.0221702
0.0218858
0.021594
0.021295
0.0209888
0.0206756
0.0203554
0.0200283
0.0196946
0.0193541
0.0190072
0.0186538
0.0182941
0.0179283
0.0175564
0.0171785
0.0167948
0.0164055
0.0160105
0.0156102
0.0152045
0.0147937
0.0143778
0.013957
0.0135315
0.0131013
0.0126667
0.0122277
0.0117846
0.0113374
0.0108863
0.0104315
0.00997303
0.00951115
0.00904598
0.00857767
0.00810637
0.00763226
0.00715547
0.00667617
0.00619452
0.00571068
0.00522481
0.00473706
0.00424761
0.00375662
0.00326425
0.00277066
0.00227601
0.00178048
0.00128423
0.00078742
0.000290221
-0.000207202
-0.000704683
-0.00120206
-0.00169915
-0.00219581
-0.00269186
-0.00318714
-0.00368147
-0.0041747
-0.00466666
-0.00515719
-0.00564611
-0.00613327
-0.00661849
-0.00710163
-0.00758251
-0.00806098
-0.00853686
-0.00901001
-0.00948026
-0.00994745
-0.0104114
-0.010872
-0.0113291
-0.0117825
-0.0122321
-0.0126777
-0.0131191
-0.0135563
-0.013989
-0.0144171
-0.0148405
-0.0152591
-0.0156726
-0.0160809
-0.016484
-0.0168817
-0.0172737
-0.0176601
-0.0180406
-0.0184152
-0.0187837
-0.019146
-0.0195019
-0.0198514
-0.0201942
-0.0205304
-0.0208598
-0.0211822
-0.0214976
-0.0218058
-0.0221068
-0.0224004
-0.0226866
-0.0229652
-0.0232361
-0.0234993
-0.0237546
-0.024002
-0.0242414
-0.0244727
-0.0246958
-0.0249106
-0.0251171
-0.0253151
-0.0255047
-0.0256857
-0.0258581
-0.0260219
-0.0261769
-0.0263231
-0.0264604
-0.0265889
-0.0267084
-0.0268189
-0.0269204
-0.0270128
-0.0270961
-0.0271703
-0.0272354
-0.0272912
-0.0273378
-0.0273752
-0.0274033
-0.0274222
-0.0274317
-0.027432
-0.0274231
-0.0274048
-0.0273772
-0.0273404
-0.0272942
-0.0272388
-0.0271742
-0.0271003
-0.0270172
-0.026925
-0.0268235
-0.0267129
-0.0265933
-0.0264645
-0.0263267
-0.02618
-0.0260243
-0.0258597
-0.0256863
-0.025504
-0.0253131
-0.0251134
-0.0249052
-0.0246884
-0.0244632
-0.0242295
-0.0239875
-0.0237373
-0.0234789
-0.0232124
-0.0229379
-0.0226554
-0.0223652
-0.0220672
-0.0217616
-0.0214484
-0.0211278
-0.0207999
-0.0204647
-0.0201224
-0.0197732
-0.019417
-0.019054
-0.0186844
-0.0183083
-0.0179257
-0.0175369
-0.0171418
-0.0167408
-0.0163338
-0.0159211
-0.0155028
-0.0150789
-0.0146497
-0.0142153
-0.0137758
-0.0133314
-0.0128822
-0.0124283
-0.01197
-0.0115074
-0.0110406
-0.0105697
-0.010095
-0.0096166
-0.00913463
-0.00864927
-0.00816067
-0.00766901
-0.00717445
-0.00667715
-0.00617727
-0.00567499
-0.00517046
-0.00466387
-0.00415537
-0.00364514
-0.00313334
-0.00262015
-0.00210575
-0.00159029
-0.00107396
-0.000556927
-3.93646e-05
0.000478554
0.000996654
0.00151476
0.0020327
0.00255031
0.0030674
0.0035838
0.00409933
0.00461384
0.00512713
0.00563904
0.0061494
0.00665803
0.00716476
0.00766942
0.00817184
0.00867185
0.00916928
0.00966396
0.0101557
0.0106444
0.0111298
0.0116119
0.0120903
0.012565
0.0130358
0.0135025
0.013965
0.0144232
0.0148768
0.0153257
0.0157697
0.0162088
0.0166427
0.0170713
0.0174945
0.0179121
0.0183239
0.0187299
0.0191299
0.0195237
0.0199112
0.0202923
0.0206669
0.0210348
0.0213958
0.0217499
0.022097
0.0224369
0.0227695
0.0230946
0.0234123
0.0237223
0.0240245
0.024319
0.0246054
0.0248838
0.025154
0.025416
0.0256696
0.0259148
0.0261515
0.0263795
0.0265989
0.0268095
0.0270112
0.0272041
0.0273879
0.0275627
0.0277284
0.0278849
0.0280321
0.0281701
0.0282987
0.0284179
0.0285276
0.0286279
0.0287186
0.0287998
0.0288714
0.0289334
0.0289857
0.0290283
0.0290613
0.0290845
0.029098
0.0291018
0.0290958
0.02908
0.0290546
0.0290193
0.0289744
0.0289196
0.0288552
0.0287811
0.0286972
0.0286038
0.0285006
0.0283879
0.0282655
0.0281337
0.0279923
0.0278414
0.0276812
0.0275115
0.0273325
0.0271443
0.0269468
0.0267402
0.0265245
0.0262998
0.0260661
0.0258236
0.0255722
0.0253121
0.0250434
0.0247661
0.0244803
0.0241861
0.0238837
0.023573
0.0232543
0.0229276
0.0225929
0.0222505
0.0219004
0.0215428
0.0211777
0.0208053
0.0204256
0.0200389
0.0196452
0.0192447
0.0188375
0.0184237
0.0180034
0.0175769
0.0171442
0.0167055
0.0162609
0.0158105
0.0153546
0.0148932
0.0144265
0.0139547
0.013478
0.0129963
0.0125101
0.0120193
0.0115242
0.0110249
0.0105215
0.0100144
0.00950349
0.00898911
0.00847138
0.00795047
0.00742656
0.00689982
0.00637042
0.00583854
0.00530436
0.00476805
0.00422979
0.00368976
0.00314815
0.00260512
0.00206086
0.00151555
0.000969377
0.000422519
-0.000124841
-0.000672519
-0.00122033
-0.0017681
-0.00231564
-0.00286276
-0.00340928
-0.00395503
-0.00449981
-0.00504344
-0.00558575
-0.00612654
-0.00666564
-0.00720287
-0.00773803
-0.00827097
-0.00880148
-0.0093294
-0.00985455
-0.0103767
-0.0108958
-0.0114116
-0.0119239
-0.0124325
-0.0129373
-0.0134381
-0.0139348
-0.0144271
-0.0149149
-0.015398
-0.0158763
-0.0163496
-0.0168178
-0.0172806
-0.017738
-0.0181897
-0.0186356
-0.0190756
-0.0195095
-0.0199372
-0.0203584
-0.0207732
-0.0211812
-0.0215825
-0.0219767
-0.0223639
-0.0227439
-0.0231165
-0.0234816
-0.0238391
-0.0241888
-0.0245307
-0.0248646
-0.0251904
-0.025508
-0.0258173
-0.0261181
-0.0264104
-0.026694
-0.0269689
-0.027235
-0.0274921
-0.0277402
-0.0279791
-0.0282089
-0.0284294
-0.0286405
-0.0288421
-0.0290343
-0.0292168
-0.0293897
-0.0295529
-0.0297063
-0.0298498
-0.0299834
-0.0301071
-0.0302209
-0.0303245
-0.0304181
-0.0305016
-0.0305749
-0.030638
-0.0306909
-0.0307336
-0.030766
-0.0307881
-0.0308
-0.0308015
-0.0307928
-0.0307737
-0.0307443
-0.0307046
-0.0306546
-0.0305943
-0.0305237
-0.0304428
-0.0303517
-0.0302504
-0.0301389
-0.0300172
-0.0298854
-0.0297435
-0.0295915
-0.0294295
-0.0292576
-0.0290758
-0.0288841
-0.0286826
-0.0284713
-0.0282504
-0.0280199
-0.0277798
-0.0275303
-0.0272714
-0.0270031
-0.0267257
-0.0264391
-0.0261435
-0.0258389
-0.0255254
-0.0252032
-0.0248724
-0.024533
-0.0241851
-0.0238289
-0.0234645
-0.0230919
-0.0227114
-0.022323
-0.0219269
-0.0215232
-0.021112
-0.0206934
-0.0202676
-0.0198347
-0.0193949
-0.0189483
-0.0184951
-0.0180353
-0.0175692
-0.0170969
-0.0166185
-0.0161342
-0.0156442
-0.0151486
-0.0146476
-0.0141414
-0.01363
-0.0131137
-0.0125927
-0.0120671
-0.0115372
-0.0110029
-0.0104646
-0.00992248
-0.00937661
-0.00882723
-0.0082745
-0.00771862
-0.00715977
-0.00659812
-0.00603388
-0.00546722
-0.00489833
-0.0043274
-0.00375462
-0.00318018
-0.00260427
-0.00202709
-0.00144882
-0.000869658
-0.000289797
0.00029057
0.000871249
0.00145205
0.00203277
0.00261322
0.00319321
0.00377253
0.00435101
0.00492844
0.00550463
0.00607938
0.00665251
0.00722381
0.00779311
0.0083602
0.00892489
0.009487
0.0100463
0.0106027
0.0111559
0.0117058
0.0122521
0.0127948
0.0133335
0.0138682
0.0143986
0.0149245
0.0154459
0.0159624
0.016474
0.0169804
0.0174815
0.0179771
0.0184671
0.0189512
0.0194293
0.0199013
0.0203669
0.0208261
0.0212786
0.0217243
0.0221631
0.0225947
0.0230191
0.0234361
0.0238456
0.0242474
0.0246414
0.0250274
0.0254053
0.0257749
0.0261362
0.0264891
0.0268333
0.0271687
0.0274954
0.027813
0.0281216
0.028421
0.0287111
0.0289918
0.029263
0.0295246
0.0297765
0.0300187
0.0302509
0.0304732
0.0306855
0.0308877
0.0310796
0.0312613
0.0314327
0.0315937
0.0317442
0.0318842
0.0320136
0.0321324
0.0322406
0.032338
0.0324247
0.0325006
0.0325657
0.0326199
0.0326633
0.0326957
0.0327172
0.0327278
0.0327275
0.0327162
0.0326939
0.0326607
0.0326165
0.0325614
0.0324953
0.0324184
0.0323305
0.0322317
0.0321221
0.0320016
0.0318703
0.0317283
0.0315756
0.0314121
0.0312381
0.0310534
0.0308582
0.0306526
0.0304365
0.0302101
0.0299734
0.0297265
0.0294695
0.0292024
0.0289254
0.0286385
0.0283417
0.0280353
0.0277193
0.0273937
0.0270587
0.0267144
0.026361
0.0259984
0.0256269
0.0252465
0.0248574
0.0244597
0.0240534
0.0236389
0.0232161
0.0227852
0.0223464
0.0218998
0.0214455
0.0209837
0.0205145
0.0200381
0.0195546
0.0190643
0.0185672
0.0180634
0.0175533
0.0170369
0.0165144
0.015986
0.0154519
0.0149122
0.014367
0.0138167
0.0132613
0.0127011
0.0121362
0.0115668
0.010993
0.0104152
0.00983348
0.009248
0.00865898
0.00806662
0.00747111
0.00687264
0.00627142
0.00566764
0.00506151
0.00445322
0.00384297
0.00323098
0.00261743
0.00200254
0.00138652
0.000769552
0.00015186
-0.000466357
-0.00108489
-0.00170354
-0.00232208
-0.00294033
-0.00355807
-0.00417508
-0.00479118
-0.00540615
-0.00601978
-0.00663186
-0.0072422
-0.00785059
-0.00845681
-0.00906068
-0.00966198
-0.0102605
-0.0108561
-0.0114484
-0.0120375
-0.0126229
-0.0132046
-0.0137823
-0.0143558
-0.014925
-0.0154896
-0.0160495
-0.0166044
-0.0171542
-0.0176987
-0.0182377
-0.018771
-0.0192985
-0.0198199
-0.020335
-0.0208438
-0.021346
-0.0218414
-0.02233
-0.0228114
-0.0232856
-0.0237523
-0.0242115
-0.0246629
-0.0251064
-0.0255419
-0.0259692
-0.0263881
-0.0267985
-0.0272002
-0.0275932
-0.0279773
-0.0283522
-0.028718
-0.0290745
-0.0294215
-0.029759
-0.0300868
-0.0304047
-0.0307127
-0.0310107
-0.0312986
-0.0315762
-0.0318435
-0.0321003
-0.0323466
-0.0325822
-0.0328071
-0.0330213
-0.0332245
-0.0334168
-0.0335981
-0.0337683
-0.0339273
-0.0340751
-0.0342116
-0.0343367
-0.0344505
-0.0345528
-0.0346437
-0.034723
-0.0347908
-0.034847
-0.0348915
-0.0349245
-0.0349458
-0.0349553
-0.0349533
-0.0349395
-0.034914
-0.0348768
-0.0348279
-0.0347673
-0.034695
-0.0346111
-0.0345155
-0.0344083
-0.0342895
-0.0341591
-0.0340172
-0.0338638
-0.033699
-0.0335227
-0.0333351
-0.0331361
-0.0329259
-0.0327046
-0.0324721
-0.0322285
-0.031974
-0.0317086
-0.0314323
-0.0311453
-0.0308477
-0.0305395
-0.0302208
-0.0298917
-0.0295524
-0.0292029
-0.0288434
-0.0284739
-0.0280946
-0.0277056
-0.027307
-0.0268989
-0.0264815
-0.0260549
-0.0256192
-0.0251746
-0.0247213
-0.0242592
-0.0237887
-0.0233098
-0.0228228
-0.0223277
-0.0218247
-0.021314
-0.0207958
-0.0202702
-0.0197373
-0.0191975
-0.0186507
-0.0180973
-0.0175373
-0.0169711
-0.0163987
-0.0158203
-0.0152361
-0.0146464
-0.0140513
-0.013451
-0.0128457
-0.0122356
-0.0116209
-0.0110018
-0.0103785
-0.00975118
-0.00912011
-0.00848546
-0.00784745
-0.00720628
-0.00656217
-0.00591533
-0.00526597
-0.00461431
-0.00396055
-0.00330493
-0.00264766
-0.00198895
-0.00132903
-0.000668106
-6.4091e-06
0.000655844
0.00131843
0.00198113
0.00264373
0.00330599
0.00396771
0.00462865
0.0052886
0.00594734
0.00660464
0.00726028
0.00791405
0.00856572
0.00921507
0.00986189
0.0105059
0.011147
0.0117849
0.0124194
0.0130503
0.0136774
0.0143004
0.0149191
0.0155334
0.016143
0.0167477
0.0173474
0.0179417
0.0185305
0.0191137
0.0196909
0.0202621
0.0208269
0.0213853
0.021937
0.0224818
0.0230196
0.0235501
0.0240732
0.0245887
0.0250964
0.0255962
0.0260878
0.0265711
0.0270459
0.0275121
0.0279695
0.0284179
0.0288572
0.0292872
0.0297078
0.0301188
0.0305201
0.0309116
0.031293
0.0316643
0.0320253
0.0323759
0.032716
0.0330454
0.0333641
0.0336719
0.0339687
0.0342544
0.0345288
0.034792
0.0350437
0.035284
0.0355126
0.0357296
0.0359348
0.0361281
0.0363096
0.036479
0.0366364
0.0367817
0.0369148
0.0370357
0.0371443
0.0372405
0.0373244
0.0373959
0.0374549
0.0375014
0.0375355
0.037557
0.037566
0.0375624
0.0375462
0.0375175
0.0374762
0.0374223
0.0373559
0.0372769
0.0371853
0.0370813
0.0369647
0.0368357
0.0366942
0.0365404
0.0363742
0.0361956
0.0360048
0.0358018
0.0355867
0.0353594
0.0351201
0.0348689
0.0346058
0.0343308
0.0340441
0.0337458
0.033436
0.0331146
0.0327819
0.032438
0.0320829
0.0317167
0.0313396
0.0309517
0.0305531
0.0301439
0.0297242
0.0292943
0.0288541
0.0284039
0.0279438
0.027474
0.0269945
0.0265056
0.0260073
0.0254999
0.0249836
0.0244584
0.0239245
0.0233822
0.0228315
0.0222728
0.021706
0.0211315
0.0205494
0.0199599
0.0193632
0.0187595
0.0181489
0.0175318
0.0169082
0.0162783
0.0156425
0.0150009
0.0143536
0.013701
0.0130431
0.0123803
0.0117128
0.0110408
0.0103644
0.00968393
0.00899961
0.00831166
0.00762029
0.00692574
0.00622824
0.00552801
0.0048253
0.00412032
0.00341331
0.00270451
0.00199415
0.00128247
0.000569705
-0.00014391
-0.000858136
-0.00157274
-0.00228747
-0.0030021
-0.00371639
-0.0044301
-0.00514299
-0.00585483
-0.00656536
-0.00727436
-0.00798159
-0.00868681
-0.00938977
-0.0100903
-0.010788
-0.0114828
-0.0121744
-0.0128626
-0.0135472
-0.0142278
-0.0149043
-0.0155765
-0.0162441
-0.0169069
-0.0175646
-0.0182171
-0.0188641
-0.0195055
-0.0201409
-0.0207701
-0.021393
-0.0220094
-0.0226189
-0.0232215
-0.0238169
-0.0244049
-0.0249853
-0.0255578
-0.0261224
-0.0266788
-0.0272267
-0.0277661
-0.0282968
-0.0288184
-0.0293309
-0.0298341
-0.0303279
-0.0308119
-0.0312861
-0.0317503
-0.0322043
-0.032648
-0.0330812
-0.0335037
-0.0339155
-0.0343163
-0.034706
-0.0350845
-0.0354516
-0.0358072
-0.0361512
-0.0364834
-0.0368038
-0.0371121
-0.0374084
-0.0376924
-0.0379641
-0.0382233
-0.0384701
-0.0387042
-0.0389256
-0.0391342
-0.0393299
-0.0395127
-0.0396824
-0.0398391
-0.0399826
-0.0401128
-0.0402298
-0.0403334
-0.0404236
-0.0405004
-0.0405638
-0.0406137
-0.04065
-0.0406728
-0.040682
-0.0406776
-0.0406596
-0.040628
-0.0405828
-0.040524
-0.0404516
-0.0403656
-0.040266
-0.0401528
-0.0400262
-0.039886
-0.0397323
-0.0395653
-0.0393848
-0.039191
-0.0389839
-0.0387635
-0.03853
-0.0382834
-0.0380238
-0.0377512
-0.0374656
-0.0371673
-0.0368563
-0.0365326
-0.0361965
-0.0358478
-0.0354869
-0.0351137
-0.0347285
-0.0343312
-0.0339221
-0.0335012
-0.0330687
-0.0326247
-0.0321694
-0.0317028
-0.0312253
-0.0307367
-0.0302375
-0.0297276
-0.0292073
-0.0286767
-0.0281359
-0.0275853
-0.0270248
-0.0264548
-0.0258753
-0.0252866
-0.0246889
-0.0240823
-0.023467
-0.0228433
-0.0222113
-0.0215713
-0.0209234
-0.0202678
-0.0196048
-0.0189346
-0.0182574
-0.0175734
-0.0168828
-0.0161858
-0.0154827
-0.0147738
-0.0140592
-0.0133391
-0.0126139
-0.0118837
-0.0111487
-0.0104093
-0.00966566
-0.00891801
-0.00816661
-0.0074117
-0.00665354
-0.00589236
-0.00512843
-0.00436199
-0.0035933
-0.00282261
-0.00205018
-0.00127625
-0.000501092
0.000275045
0.0010519
0.00182922
0.00260674
0.00338421
0.00416136
0.00493794
0.00571369
0.00648834
0.00726165
0.00803334
0.00880317
0.00957088
0.0103362
0.0110989
0.0118587
0.0126153
0.0133685
0.0141181
0.0148637
0.0156052
0.0163423
0.0170747
0.0178022
0.0185245
0.0192414
0.0199526
0.020658
0.0213572
0.0220501
0.0227363
0.0234157
0.024088
0.0247531
0.0254105
0.0260602
0.0267019
0.0273355
0.0279605
0.028577
0.0291845
0.029783
0.0303723
0.030952
0.0315221
0.0320822
0.0326323
0.0331721
0.0337015
0.0342201
0.034728
0.0352248
0.0357105
0.0361848
0.0366475
0.0370986
0.0375378
0.037965
0.03838
0.0387827
0.0391729
0.0395505
0.0399153
0.0402673
0.0406062
0.040932
0.0412446
0.0415438
0.0418294
0.0421015
0.0423599
0.0426045
0.0428351
0.0430518
0.0432544
0.0434428
0.043617
0.043777
0.0439225
0.0440536
0.0441702
0.0442722
0.0443596
0.0444325
0.0444906
0.044534
0.0445627
0.0445766
0.0445757
0.04456
0.0445295
0.0444841
0.044424
0.0443491
0.0442593
0.0441548
0.0440355
0.0439014
0.0437527
0.0435893
0.0434112
0.0432185
0.0430113
0.0427896
0.0425535
0.042303
0.0420382
0.0417592
0.0414661
0.0411589
0.0408377
0.0405026
0.0401538
0.0397912
0.0394151
0.0390256
0.0386227
0.0382065
0.0377773
0.0373351
0.0368801
0.0364123
0.035932
0.0354393
0.0349344
0.0344173
0.0338883
0.0333476
0.0327952
0.0322314
0.0316563
0.0310702
0.0304731
0.0298654
0.0292471
0.0286185
0.0279798
0.0273312
0.0266728
0.026005
0.0253278
0.0246416
0.0239466
0.0232429
0.0225308
0.0218105
0.0210822
0.0203463
0.0196029
0.0188522
0.0180946
0.0173302
0.0165593
0.0157822
0.0149991
0.0142102
0.0134158
0.0126163
0.0118117
0.0110025
0.0101888
0.00937096
0.00854922
0.00772384
0.00689511
0.0060633
0.00522867
0.0043915
0.00355208
0.00271067
0.00186757
0.00102303
0.000177357
-0.000669182
-0.0015163
-0.00236372
-0.00321116
-0.00405833
-0.00490495
-0.00575074
-0.00659542
-0.0074387
-0.0082803
-0.00911993
-0.00995732
-0.0107922
-0.0116242
-0.0124532
-0.0132788
-0.0141008
-0.0149188
-0.0157326
-0.016542
-0.0173465
-0.0181461
-0.0189404
-0.0197291
-0.0205119
-0.0212887
-0.0220591
-0.0228228
-0.0235796
-0.0243293
-0.0250716
-0.0258062
-0.0265329
-0.0272514
-0.0279614
-0.0286628
-0.0293553
-0.0300386
-0.0307126
-0.0313769
-0.0320313
-0.0326757
-0.0333097
-0.0339332
-0.034546
-0.0351478
-0.0357383
-0.0363175
-0.0368851
-0.0374409
-0.0379847
-0.0385163
-0.0390355
-0.0395421
-0.0400359
-0.0405169
-0.0409847
-0.0414392
-0.0418803
-0.0423077
-0.0427214
-0.0431212
-0.0435069
-0.0438784
-0.0442355
-0.0445782
-0.0449062
-0.0452195
-0.0455179
-0.0458013
-0.0460697
-0.0463228
-0.0465606
-0.046783
-0.04699
-0.0471813
-0.047357
-0.047517
-0.0476611
-0.0477894
-0.0479018
-0.0479981
-0.0480785
-0.0481427
-0.0481908
-0.0482228
-0.0482385
-0.0482381
-0.0482214
-0.0481885
-0.0481394
-0.0480739
-0.0479923
-0.0478944
-0.0477803
-0.0476499
-0.0475034
-0.0473408
-0.047162
-0.0469672
-0.0467563
-0.0465294
-0.0462867
-0.0460281
-0.0457536
-0.0454635
-0.0451578
-0.0448365
-0.0444997
-0.0441476
-0.0437802
-0.0433976
-0.043
-0.0425874
-0.0421601
-0.041718
-0.0412614
-0.0407904
-0.040305
-0.0398056
-0.0392921
-0.0387648
-0.0382238
-0.0376694
-0.0371015
-0.0365206
-0.0359266
-0.0353198
-0.0347004
-0.0340686
-0.0334245
-0.0327684
-0.0321005
-0.031421
-0.0307301
-0.030028
-0.0293149
-0.0285911
-0.0278567
-0.0271121
-0.0263575
-0.025593
-0.024819
-0.0240356
-0.0232433
-0.0224421
-0.0216323
-0.0208143
-0.0199882
-0.0191543
-0.018313
-0.0174645
-0.016609
-0.0157468
-0.0148782
-0.0140035
-0.013123
-0.012237
-0.0113457
-0.0104495
-0.00954857
-0.00864329
-0.00773393
-0.0068208
-0.0059042
-0.00498442
-0.00406177
-0.00313655
-0.00220907
-0.00127964
-0.000348562
0.000583856
0.0015173
0.00245147
0.00338604
0.00432072
0.00525517
0.00618911
0.0071222
0.00805414
0.00898462
0.00991333
0.0108399
0.0117642
0.0126857
0.0136042
0.0145193
0.0154308
0.0163384
0.0172417
0.0181405
0.0190344
0.0199231
0.0208064
0.0216838
0.0225552
0.0234202
0.0242786
0.02513
0.0259741
0.0268107
0.0276395
0.0284601
0.0292723
0.0300759
0.0308705
0.0316558
0.0324316
0.0331977
0.0339537
0.0346993
0.0354344
0.0361587
0.0368719
0.0375737
0.038264
0.0389424
0.0396087
0.0402627
0.0409042
0.0415329
0.0421486
0.042751
0.04334
0.0439154
0.0444769
0.0450244
0.0455575
0.0460763
0.0465803
0.0470695
0.0475437
0.0480027
0.0484463
0.0488744
0.0492868
0.0496833
0.0500638
0.0504281
0.0507762
0.0511078
0.0514228
0.0517212
0.0520027
0.0522673
0.0525149
0.0527453
0.0529585
0.0531543
0.0533327
0.0534936
0.0536369
0.0537626
0.0538706
0.0539607
0.0540331
0.0540876
0.0541241
0.0541427
0.0541434
0.054126
0.0540906
0.0540372
0.0539657
0.0538762
0.0537686
0.0536431
0.0534995
0.053338
0.0531585
0.0529611
0.0527459
0.0525128
0.052262
0.0519935
0.0517073
0.0514036
0.0510824
0.0507437
0.0503878
0.0500147
0.0496244
0.0492172
0.048793
0.0483521
0.0478945
0.0474204
0.04693
0.0464233
0.0459005
0.0453618
0.0448072
0.0442371
0.0436516
0.0430507
0.0424348
0.041804
0.0411584
0.0404983
0.039824
0.0391355
0.0384331
0.037717
0.0369874
0.0362446
0.0354888
0.0347203
0.0339392
0.0331457
0.0323403
0.0315231
0.0306943
0.0298542
0.0290032
0.0281414
0.0272691
0.0263866
0.0254943
0.0245923
0.0236809
0.0227606
0.0218314
0.0208938
0.0199481
0.0189945
0.0180333
0.0170649
0.0160897
0.0151078
0.0141196
0.0131254
0.0121256
0.0111205
0.0101104
0.00909565
0.00807656
0.00705349
0.00602675
0.00499669
0.00396365
0.00292797
0.00188999
0.000850047
-0.000191506
-0.00123433
-0.00227807
-0.0033224
-0.00436695
-0.00541138
-0.00645534
-0.00749849
-0.00854048
-0.00958095
-0.0106196
-0.011656
-0.0126898
-0.0137207
-0.0147484
-0.0157725
-0.0167926
-0.0178085
-0.0188197
-0.0198259
-0.0208268
-0.021822
-0.0228113
-0.0237942
-0.0247704
-0.0257396
-0.0267014
-0.0276556
-0.0286018
-0.0295396
-0.0304688
-0.031389
-0.0323
-0.0332013
-0.0340926
-0.0349738
-0.0358444
-0.0367041
-0.0375527
-0.0383899
-0.0392153
-0.0400286
-0.0408297
-0.0416181
-0.0423936
-0.043156
-0.0439049
-0.0446401
-0.0453614
-0.0460684
-0.0467609
-0.0474387
-0.0481015
-0.0487491
-0.0493812
-0.0499976
-0.0505981
-0.0511824
-0.0517504
-0.0523018
-0.0528364
-0.053354
-0.0538544
-0.0543374
-0.0548029
-0.0552506
-0.0556804
-0.0560922
-0.0564856
-0.0568607
-0.0572172
-0.057555
-0.057874
-0.0581739
-0.0584548
-0.0587164
-0.0589587
-0.0591816
-0.0593849
-0.0595685
-0.0597324
-0.0598765
-0.0600007
-0.0601049
-0.060189
-0.0602531
-0.060297
-0.0603208
-0.0603243
-0.0603076
-0.0602706
-0.0602133
-0.0601356
-0.0600377
-0.0599195
-0.0597809
-0.0596221
-0.059443
-0.0592437
-0.0590242
-0.0587845
-0.0585248
-0.0582449
-0.0579452
-0.0576255
-0.0572859
-0.0569266
-0.0565477
-0.0561492
-0.0557312
-0.0552939
-0.0548373
-0.0543617
-0.053867
-0.0533535
-0.0528214
-0.0522706
-0.0517015
-0.0511141
-0.0505087
-0.0498854
-0.0492443
-0.0485858
-0.0479099
-0.0472169
-0.0465069
-0.0457803
-0.0450371
-0.0442777
-0.0435022
-0.0427109
-0.041904
-0.0410818
-0.0402445
-0.0393924
-0.0385257
-0.0376448
-0.0367498
-0.0358411
-0.0349189
-0.0339835
-0.0330352
-0.0320744
-0.0311012
-0.0301161
-0.0291193
-0.0281111
-0.0270919
-0.026062
-0.0250216
-0.0239713
-0.0229111
-0.0218416
-0.0207631
-0.0196758
-0.0185802
-0.0174766
-0.0163653
-0.0152468
-0.0141213
-0.0129892
-0.011851
-0.0107069
-0.00955738
-0.00840277
-0.00724345
-0.00607981
-0.00491223
-0.00374108
-0.00256676
-0.00138965
-0.000210127
0.000971405
0.00215456
0.00333895
0.00452417
0.00570985
0.00689557
0.00808095
0.00926559
0.0104491
0.0116311
0.0128111
0.0139888
0.0151639
0.0163357
0.0175041
0.0186686
0.0198288
0.0209842
0.0221346
0.0232796
0.0244186
0.0255514
0.0266775
0.0277966
0.0289083
0.0300123
0.031108
0.0321951
0.0332734
0.0343423
0.0354016
0.0364508
0.0374896
0.0385176
0.0395345
0.0405399
0.0415334
0.0425148
0.0434836
0.0444395
0.0453822
0.0463113
0.0472265
0.0481275
0.049014
0.0498856
0.050742
0.0515829
0.0524081
0.0532171
0.0540097
0.0547857
0.0555446
0.0562864
0.0570105
0.0577169
0.0584053
0.0590752
0.0597267
0.0603592
0.0609728
0.061567
0.0621416
0.0626965
0.0632315
0.0637462
0.0642405
0.0647143
0.0651672
0.0655992
0.06601
0.0663994
0.0667674
0.0671137
0.0674383
0.0677408
0.0680213
0.0682795
0.0685154
0.0687289
0.0689197
0.0690879
0.0692333
0.0693558
0.0694554
0.069532
0.0695855
0.0696159
0.0696231
0.069607
0.0695677
0.0695051
0.0694191
0.0693099
0.0691773
0.0690214
0.0688421
0.0686396
0.0684138
0.0681647
0.0678925
0.0675971
0.0672786
0.0669371
0.0665726
0.0661853
0.0657751
0.0653423
0.0648869
0.064409
0.0639088
0.0633864
0.0628418
0.0622753
0.061687
0.061077
0.0604456
0.0597928
0.0591189
0.0584241
0.0577085
0.0569723
0.0562158
0.0554392
0.0546427
0.0538264
0.0529908
0.0521359
0.0512621
0.0503695
0.0494585
0.0485294
0.0475824
0.0466177
0.0456358
0.0446368
0.043621
0.0425889
0.0415406
0.0404766
0.0393971
0.0383024
0.037193
0.0360691
0.0349311
0.0337793
0.0326141
0.0314359
0.030245
0.0290418
0.0278267
0.0266001
0.0253622
0.0241136
0.0228547
0.0215857
0.0203072
0.0190196
0.0177231
0.0164183
0.0151057
0.0137854
0.0124582
0.0111242
0.00978407
0.00843812
0.00708682
0.00573061
0.00436992
0.00300519
0.00163688
0.000265434
-0.00110871
-0.00248508
-0.00386325
-0.00524275
-0.00662313
-0.00800393
-0.00938469
-0.010765
-0.0121443
-0.0135222
-0.0148982
-0.0162719
-0.0176429
-0.0190105
-0.0203745
-0.0217343
-0.0230894
-0.0244395
-0.025784
-0.0271226
-0.0284547
-0.0297798
-0.0310976
