0.3011
0.3011
0.3011
0.3011
0.3011
0.3011
0.3011
0.3011
0.3011
0.3011
0.3011
0.3011
0.3011
0.3011
0.3011
0.3011
0.3011
0.3011
0.3011
0.3011
0.3011
0.3011
0.3011
0.3011
0.3011
0.3011
0.3011
0.3011
0.3011
0.3011
0.3011
0.3011
0.3011
0.3011
0.3011
0.3011
0.3011
0.3011
0.3011
0.3011
0.3011
0.3011
0.3011
0.3011
0.3011
0.3011
0.3011
0.3011
0.3011
0.3011
0.3011
0.3011
0.3011
0.3011
0.3011
0.3011
0.3011
0.3011
0.3011
0.3011
0.3011
0.3011
0.3011
0.3011
0.3011
0.3011
0.3011
0.3011
0.3011
0.3011
0.3011
0.3011
0.3011
0.3011
0.3011
0.3011
0.3011
0.3011
0.3011
0.3011
0.3011
0.3011
0.3011
0.3011
0.3011
0.3011
0.3011
0.3011
0.3011
0.3011
0.3011
0.3011
0.3011
0.3011
0.3011
0.3011
0.3011
0.3011
0.3011
0.3011
0.3011
0.3011
0.3011
0.3011
0.3011
0.3011
0.3011
0.3011
0.3011
0.3011
0.3011
0.3011
0.3011
0.3011
0.3011
0.3011
0.3011
0.3011
0.3011
0.3011
0.3011
0.3011
0.3011
0.3011
0.3011
0.3011
0.3011
0.3011
0.3011
0.3011
0.3011
0.3011
0.3011
0.3011
0.3011
0.3011
0.3011
0.3011
0.3011
0.3011
0.3011
0.3011
0.3011
0.3011
0.3011
0.3011
0.3011
0.3011
0.3011
0.3011
0.3011
0.3011
0.3011
0.3011
0.3011
0.3011
0.3011
0.3011
0.3011
0.3011
0.3011
0.3011
0.3011
0.3011
0.3011
0.3011
0.3011
0.3011
0.3011
0.3011
0.3011
0.3011
0.3011
0.3011
0.3011
0.3011
0.3011
0.3011
0.3011
0.3011
0.3011
0.3011
0.3011
0.3011
0.3011
0.3011
0.3011
0.3011
0.3011
0.3011
0.3011
0.3011
0.3011
0.3011
0.3011
0.3011
0.3011
0.3011
0.3011
0.3011
0.3011
0.3011
0.3011
0.3011
0.3011
0.3011
0.3011
0.3011
0.3011
0.3011
0.3011
0.3011
0.3011
0.3011
0.3011
0.3011
0.3011
0.3011
0.3011
0.3011
0.3011
0.3011
0.3011
0.3011
0.3011
0.3011
0.3011
0.3011
0.3011
0.3011
0.3011
0.3011
0.3011
0.3011
0.3011
0.3011
0.3011
0.3011
0.3011
0.3011
0.3011
0.3011
0.3011
0.3011
0.3011
0.3011
0.3011
0.3011
0.3011
0.3011
0.3011
0.3011
0.3011
0.3011
0.3011
0.3011
0.3011
0.3011
0.3011
0.3011
0.3011
0.3011
0.3011
0.3011
0.3011
0.3011
0.3011
0.3011
0.3011
0.3011
0.3011
0.3011
0.3011
0.3011
0.3011
0.3011
0.3011
0.3011
0.3011
0.3011
0.3011
0.3011
0.3011
0.3011
0.3011
0.3011
0.3011
0.3011
0.3011
0.3011
0.3011
0.3011
0.3011
0.3011
0.3011
0.3011
0.3011
0.3011
0.3011
0.3011
0.3011
0.3011
0.3011
0.3011
0.3011
0.3011
0.3011
0.3011
0.3011
0.3011
0.3011
0.3011
0.3011
0.3011
0.3011
0.3011
0.3011
0.3011
0.3011
0.3011
0.3011
0.3011
0.3011
0.3011
0.3011
0.3011
0.3011
0.3011
0.3011
0.3011
0.3011
0.3011
0.3011
0.3011
0.3011
0.3011
0.3011
0.3011
0.3011
0.3011
0.3011
0.3011
0.3011
0.3011
0.3011
0.3011
0.3011
0.3011
0.3011
0.3011
0.3011
0.3011
0.3011
0.3011
0.3011
0.3011
0.3011
0.3011
0.3011
0.3011
0.3011
0.3011
0.3011
0.3011
0.3011
0.3011
0.3011
0.3011
0.3011
0.3011
0.3011
0.3011
0.3011
0.3011
0.3011
0.3011
0.3011
0.3011
0.3011
0.3011
0.3011
0.3011
0.3011
0.3011
0.3011
0.3011
0.3011
0.3011
0.3011
0.3011
0.3011
0.3011
0.3011
0.3011
0.3011
0.3011
0.3011
0.3011
0.3011
0.3011
0.3011
0.3011
0.3011
0.3011
0.3011
0.3011
0.3011
0.3011
0.3011
0.3011
0.3011
0.3011
0.3011
0.3011
0.3011
0.3011
0.3011
0.3011
0.3011
0.3011
0.3011
0.3011
0.3011
0.3011
0.3011
0.3011
0.3011
0.3011
0.3011
0.3011
0.3011
0.3011
0.3011
0.3011
0.3011
0.3011
0.3011
0.3011
0.3011
0.3011
0.3011
0.3011
0.3011
0.3011
0.3011
0.3011
0.3011
0.3011
0.3011
0.3011
0.3011
0.3011
0.3011
0.3011
0.3011
0.3011
0.3011
0.3011
0.3011
0.3011
0.3011
0.3011
0.3011
0.3011
0.3011
0.3011
0.3011
0.3011
0.3011
0.3011
0.3011
0.3011
0.3011
0.3011
0.3011
0.3011
0.3011
0.3011
0.3011
0.3011
0.3011
0.3011
0.3011
0.3011
0.3011
0.3011
0.3011
0.3011
0.3011
0.3011
0.3011
0.3011
0.3011
0.3011
0.3011
0.3011
0.3011
0.3011
0.3011
0.3011
0.3011
0.3011
0.3011
0.3011
0.3011
0.3011
0.3011
0.3011
0.3011
0.3011
0.3011
0.3011
0.3011
0.3011
0.3011
0.3011
0.3011
0.3011
0.3011
0.3011
0.3011
0.3011
0.3011
0.3011
0.3011
0.3011
0.3011
0.3011
0.3011
0.3011
0.3011
0.3011
0.3011
0.3011
0.3011
0.3011
0.3011
0.3011
0.3011
0.3011
0.3011
0.3011
0.3011
0.3011
0.3011
0.3011
0.3011
0.3011
0.3011
0.3011
0.3011
0.3011
0.3011
0.3011
0.3011
0.3011
0.3011
0.3011
0.3011
0.3011
0.3011
0.3011
0.3011
0.3011
0.3011
0.3011
0.3011
0.3011
0.3011
0.3011
0.3011
0.3011
0.3011
0.3011
0.3011
0.3011
0.3011
0.3011
0.3011
0.3011
0.3011
0.3011
0.3011
0.3011
0.3011
0.3011
0.3011
0.3011
0.3011
0.3011
0.3011
0.3011
0.3011
0.3011
0.3011
0.3011
0.3011
0.3011
0.3011
0.3011
0.3011
0.3011
0.3011
0.3011
0.3011
0.3011
0.3011
0.3011
0.3011
0.3011
0.3011
0.3011
0.3011
0.3011
0.3011
0.3011
0.3011
0.3011
0.3011
0.3011
0.3011
0.3011
0.3011
0.3011
0.3011
0.3011
0.3011
0.3011
0.3011
0.3011
0.3011
0.3011
0.3011
0.3011
0.3011
0.3011
0.3011
0.3011
0.3011
0.3011
0.3011
0.3011
0.3011
0.3011
0.3011
0.3011
0.3011
0.3011
0.3011
0.3011
0.3011
0.3011
0.3011
0.3011
0.3011
0.3011
0.3011
0.301101
0.301101
0.301101
0.301101
0.301101
0.301102
0.301102
0.301102
0.301103
0.301103
0.301104
0.301104
0.301104
0.301105
0.301106
0.301106
0.301107
0.301108
0.301108
0.301109
0.30111
0.301111
0.301112
0.301113
0.301114
0.301115
0.301117
0.301118
0.301119
0.301121
0.301122
0.301123
0.301125
0.301126
0.301128
0.30113
0.301131
0.301133
0.301135
0.301136
0.301138
0.30114
0.301142
0.301144
0.301145
0.301147
0.301149
0.301151
0.301153
0.301155
0.301156
0.301158
0.30116
0.301162
0.301164
0.301165
0.301167
0.301169
0.30117
0.301172
0.301174
0.301175
0.301177
0.301178
0.301179
0.301181
0.301182
0.301183
0.301185
0.301186
0.301187
0.301188
0.301189
0.30119
0.301191
0.301192
0.301192
0.301193
0.301194
0.301194
0.301195
0.301196
0.301196
0.301196
0.301197
0.301197
0.301198
0.301198
0.301198
0.301199
0.301199
0.301199
0.301199
0.301199
0.3012
0.3012
0.3012
0.3012
0.3012
0.3012
0.3012
0.3012
0.3012
0.3012
0.3012
0.3012
0.3012
0.3012
0.3012
0.3012
0.3012
0.3012
0.3012
0.3012
0.3012
0.3012
0.3012
0.3012
0.3012
0.3012
0.3012
0.3012
0.3012
0.3012
0.3012
0.3012
0.3012
0.3012
0.3012
0.3012
0.3012
0.3012
0.3012
0.3012
0.3012
0.3012
0.3012
0.3012
0.3012
0.3012
0.3012
0.3012
0.3012
0.3012
0.3012
0.3012
0.3012
0.3012
0.3012
0.3012
0.3012
0.3012
0.3012
0.3012
0.3012
0.3012
0.3012
0.3012
0.3012
0.3012
0.3012
0.3012
0.3012
0.3012
0.3012
0.3012
0.3012
0.3012
0.3012
0.3012
0.3012
0.3012
0.3012
0.3012
0.3012
0.3012
0.3012
0.3012
0.3012
0.3012
0.3012
0.3012
0.3012
0.3012
0.3012
0.3012
0.3012
0.3012
0.3012
0.3012
0.3012
0.3012
0.3012
0.3012
0.3012
0.3012
0.3012
0.3012
0.3012
0.3012
0.3012
0.3012
0.3012
0.3012
0.3012
0.3012
0.3012
0.3012
0.3012
0.3012
0.3012
0.3012
0.3012
0.3012
0.3012
0.3012
0.3012
0.3012
0.3012
0.3012
0.3012
0.3012
0.3012
0.3012
0.3012
0.3012
0.3012
0.3012
0.3012
0.3012
0.3012
0.3012
0.3012
0.3012
0.3012
0.3012
0.3012
0.3012
0.3012
0.3012
0.3012
0.3012
0.3012
0.3012
0.3012
0.3012
0.3012
0.3012
0.3012
0.3012
0.3012
0.3012
0.3012
0.3012
0.3012
0.3012
0.3012
0.3012
0.3012
0.3012
0.3012
0.3012
0.3012
0.3012
0.3012
0.3012
0.3012
0.3012
0.3012
0.3012
0.3012
0.3012
0.3012
0.3012
0.3012
0.3012
0.3012
0.3012
0.3012
0.3012
0.3012
0.3012
0.3012
0.3012
0.3012
0.3012
0.3012
0.3012
0.3012
0.3012
0.3012
0.3012
0.3012
0.3012
0.3012
0.3012
0.3012
0.3012
0.3012
0.3012
0.3012
0.3012
0.3012
0.3012
0.3012
0.3012
0.3012
0.3012
0.3012
0.3012
0.3012
0.3012
0.3012
0.3012
0.3012
0.3012
0.3012
0.3012
0.3012
0.3012
0.3012
0.3012
0.3012
0.3012
0.3012
0.3012
0.3012
0.3012
0.3012
0.3012
0.3012
0.3012
0.3012
0.3012
0.3012
0.3012
0.3012
0.3012
0.3012
0.3012
0.3012
0.3012
0.3012
0.3012
0.3012
0.3012
0.3012
0.3012
0.3012
0.3012
0.3012
0.3012
0.3012
0.3012
0.3012
0.3012
0.3012
0.3012
0.3012
0.3012
0.3012
0.3012
0.3012
0.3012
0.3012
0.3012
0.3012
0.3012
0.3012
0.3012
0.3012
0.3012
0.3012
0.3012
0.3012
0.3012
0.3012
0.3012
0.3012
0.3012
0.3012
0.3012
0.3012
0.3012
0.3012
0.3012
0.3012
0.3012
0.3012
0.3012
0.3012
0.3012
0.3012
0.3012
0.3012
0.3012
0.3012
0.3012
0.3012
0.3012
0.3012
0.3012
0.3012
0.3012
0.3012
0.3012
0.3012
0.3012
0.3012
0.3012
0.3012
0.3012
0.3012
0.3012
0.3012
0.3012
0.3012
0.3012
0.3012
0.3012
0.3012
0.3012
0.3012
0.3012
0.3012
0.3012
0.3012
0.3012
0.3012
0.3012
0.3012
0.3012
0.3012
0.3012
0.3012
0.3012
0.3012
0.3012
0.3012
0.3012
0.3012
0.3012
0.3012
0.3012
0.3012
0.3012
0.3012
0.3012
0.3012
0.3012
0.3012
0.3012
0.3012
0.3012
0.3012
0.3012
0.3012
0.3012
0.3012
0.3012
0.3012
0.3012
0.3012
0.3012
0.3012
0.3012
0.3012
0.3012
0.3012
0.3012
0.3012
0.3012
0.3012
0.3012
0.3012
0.3012
0.3012
0.3012
0.3012
0.3012
0.3012
0.3012
0.3012
0.3012
0.3012
0.3012
0.3012
0.3012
0.3012
0.3012
0.3012
0.3012
0.3012
0.3012
0.3012
0.3012
0.3012
0.3012
0.3012
0.3012
0.3012
0.3012
0.3012
0.3012
0.3012
0.3012
0.3012
0.3012
0.3012
0.3012
0.3012
0.3012
0.3012
0.3012
0.3012
0.3012
0.3012
0.3012
0.3012
0.3012
0.3012
0.3012
0.3012
0.3012
0.3012
0.3012
0.3012
0.3012
0.3012
0.3012
0.3012
0.3012
0.3012
0.3012
0.3012
0.3012
0.3012
0.3012
0.3012
0.3012
0.3012
0.3012
0.3012
0.3012
0.3012
0.3012
0.3012
0.3012
0.3012
0.3012
0.3012
0.3012
0.3012
0.3012
0.3012
0.3012
0.3012
0.3012
0.3012
0.3012
0.3012
0.3012
0.3012
0.3012
0.3012
0.3012
0.3012
0.3012
0.3012
0.3012
0.3012
0.3012
0.3012
0.3012
0.3012
0.3012
0.3012
0.3012
0.3012
0.3012
0.3012
0.3012
0.3012
0.3012
0.3012
0.3012
0.3012
0.3012
0.3012
0.3012
0.3012
0.3012
0.3012
0.3012
0.3012
0.3012
0.3012
0.3012
0.3012
0.3012
0.3012
0.3012
0.3012
0.3012
0.3012
0.3012
0.3012
0.3012
0.3012
0.3012
0.3012
0.3012
0.3012
0.3012
0.3012
0.3012
0.3012
0.3012
0.3012
0.3012
0.3012
0.3012
0.3012
0.3012
0.3012
0.3012
0.3012
0.3012
0.3012
0.3012
0.3012
0.3012
0.3012
0.3012
0.3012
0.3012
0.3012
0.3012
0.3012
0.3012
0.3012
0.3012
0.3012
0.3012
0.3012
0.3012
0.3012
0.3012
0.3012
0.3012
0.3012
0.3012
0.3012
0.3012
0.3012
0.3012
0.3012
0.3012
0.3012
0.3012
0.3012
0.3012
0.3012
0.3012
0.3012
0.3012
0.3012
0.3012
0.3012
0.3012
0.3012
0.3012
0.3012
0.3012
0.3012
0.3012
0.3012
0.3012
0.3012
0.3012
0.3012
0.3012
0.3012
0.3012
0.3012
0.3012
0.3012
0.3012
0.3012
0.3012
0.3012
0.3012
0.3012
0.3012
0.3012
0.3012
0.3012
0.3012
0.3012
0.3012
0.3012
0.3012
0.3012
0.3012
0.3012
0.3012
0.3012
0.3012
0.3012
0.3012
0.3012
0.3012
0.3012
0.3012
0.3012
0.3012
0.3012
0.3012
0.3012
0.3012
0.3012
0.3012
0.3012
0.3012
0.3012
0.3012
0.3012
0.3012
0.3012
0.3012
0.3012
0.3012
0.3012
0.3012
0.3012
0.3012
0.3012
0.3012
0.3012
0.3012
0.3012
0.3012
0.3012
0.3012
0.3012
0.3012
0.3012
0.3012
0.3012
0.3012
0.3012
0.3012
0.3012
0.3012
0.3012
0.3012
0.3012
0.3012
0.3012
0.3012
0.3012
0.3012
0.3012
0.3012
0.3012
0.3012
0.3012
0.3012
0.3012
0.3012
0.3012
0.3012
0.3012
0.3012
0.3012
0.3012
0.3012
0.3012
0.3012
0.3012
0.3012
0.3012
0.3012
0.3012
0.3012
0.3012
0.3012
0.3012
0.3012
0.3012
0.3012
0.3012
0.3012
0.3012
0.3012
0.3012
0.3012
0.3012
0.3012
0.3012
0.3012
0.3012
0.3012
0.3012
0.3012
0.3012
0.3012
0.3012
0.3012
0.3012
0.3012
0.3012
0.3012
0.3012
0.3012
0.3012
0.3012
0.3012
0.3012
0.3012
0.3012
0.3012
0.3012
0.3012
0.3012
0.3012
0.3012
0.3012
0.3012
0.3012
0.3012
0.3012
0.3012
0.3012
0.3012
0.3012
0.3012
0.3012
0.3012
0.3012
0.3012
0.3012
0.3012
0.3012
0.3012
0.3012
0.3012
0.3012
0.3012
0.3012
0.3012
0.3012
0.3012
0.3012
0.3012
0.3012
0.3012
0.3012
0.3012
0.3012
0.3012
0.3012
0.3012
0.3012
0.3012
0.3012
0.3012
0.3012
0.3012
0.3012
0.3012
0.3012
0.3012
0.3012
0.3012
0.3012
0.3012
0.3012
0.3012
0.3012
0.3012
0.3012
0.3012
0.3012
0.3012
0.3012
0.3012
0.3012
0.3012
0.3012
0.3012
0.3012
0.3012
0.3012
0.3012
0.3012
0.3012
0.3012
0.3012
0.3012
0.3012
0.3012
0.3012
0.3012
0.3012
0.3012
0.3012
0.3012
0.3012
0.3012
0.3012
0.3012
0.3012
0.301199
0.301199
0.301199
0.301199
0.301199
0.301198
0.301198
0.301198
0.301197
0.301197
0.301197
0.301196
0.301195
0.301195
0.301194
0.301193
0.301192
0.301191
0.30119
0.301188
0.301187
0.301185
0.301184
0.301182
0.301179
0.301177
0.301175
0.301172
0.301169
0.301166
0.301162
0.301158
0.301154
0.301149
0.301144
0.301139
0.301133
0.301127
0.301121
0.301113
0.301106
0.301097
0.301089
0.301079
0.301069
0.301058
0.301046
0.301034
0.301021
0.301006
0.300991
0.300976
0.300959
0.300941
0.300922
0.300902
0.300881
0.300859
0.300835
0.30081
0.300784
0.300757
0.300728
0.300698
0.300666
0.300632
0.300598
0.300561
0.300523
0.300483
0.300441
0.300398
0.300352
0.300305
0.300256
0.300205
0.300152
0.300097
0.30004
0.29998
0.299919
0.299855
0.29979
0.299722
0.299651
0.299578
0.299503
0.299426
0.299346
0.299264
0.299179
0.299091
0.299001
0.298909
0.298814
0.298716
0.298616
0.298513
0.298407
0.298299
0.298187
0.298073
0.297957
0.297837
0.297715
0.29759
0.297462
0.297331
0.297197
0.29706
0.29692
0.296777
0.296632
0.296483
0.296332
0.296177
0.296019
0.295858
0.295695
0.295528
0.295358
0.295185
0.295009
0.294829
0.294647
0.294461
0.294272
0.29408
0.293885
0.293686
0.293485
0.29328
0.293071
0.29286
0.292645
0.292427
0.292205
0.29198
0.291752
0.29152
0.291285
0.291047
0.290805
0.29056
0.290311
0.290059
0.289803
0.289544
0.289281
0.289015
0.288745
0.288471
0.288194
0.287914
0.287629
0.287341
0.28705
0.286754
0.286455
0.286152
0.285846
0.285536
0.285222
0.284904
0.284582
0.284257
0.283927
0.283594
0.283257
0.282916
0.282571
0.282222
0.281869
0.281512
0.281151
0.280786
0.280417
0.280044
0.279666
0.279285
0.2789
0.27851
0.278116
0.277718
0.277316
0.276909
0.276498
0.276083
0.275663
0.275239
0.274811
0.274378
0.273942
0.2735
0.273054
0.272604
0.272149
0.27169
0.271226
0.270758
0.270285
0.269808
0.269326
0.268839
0.268348
0.267852
0.267351
0.266846
0.266336
0.265821
0.265302
0.264777
0.264248
0.263714
0.263175
0.262632
0.262083
0.26153
0.260971
0.260408
0.259839
0.259266
0.258687
0.258104
0.257515
0.256921
0.256322
0.255718
0.255109
0.254494
0.253874
0.253249
0.252618
0.251982
0.25134
0.250693
0.25004
0.249381
0.248718
0.248048
0.247372
0.246691
0.246004
0.245311
0.244612
0.243907
0.243196
0.242479
0.241756
0.241026
0.24029
0.239548
0.2388
0.238045
0.237284
0.236515
0.235741
0.234959
0.234171
0.233376
0.232575
0.231766
0.23095
0.230127
0.229297
0.22846
0.227615
0.226764
0.225904
0.225038
0.224164
0.223282
0.222392
0.221495
0.220591
0.219678
0.218758
0.217829
0.216893
0.215949
0.214996
0.214035
0.213067
0.21209
0.211104
0.210111
0.209109
0.208098
0.207079
0.206052
0.205016
0.203971
0.202918
0.201856
0.200785
0.199706
0.198617
0.19752
0.196413
0.195298
0.194174
0.193041
0.191898
0.190747
0.189586
0.188417
0.187238
0.186049
0.184852
0.183645
0.182429
0.181204
0.179969
0.178724
0.17747
0.176207
0.174934
0.173652
0.17236
0.171059
0.169748
0.168427
0.167097
0.165757
0.164407
0.163048
0.161679
0.160301
0.158912
0.157514
0.156107
0.154689
0.153262
0.151825
0.150379
0.148923
0.147457
0.145981
0.144496
0.143001
0.141497
0.139983
0.138459
0.136926
0.135383
0.133831
0.132269
0.130698
0.129117
0.127527
0.125927
0.124318
0.1227
0.121073
0.119436
0.11779
0.116136
0.114471
0.112798
0.111116
0.109425
0.107725
0.106016
0.104299
0.102573
0.100838
0.0990937
0.0973414
0.0955806
0.0938115
0.092034
0.0902479
0.0884537
0.0866511
0.0848405
0.0830217
0.0811947
0.07936
0.0775172
0.0756666
0.0738082
0.071942
0.0700681
0.0681865
0.0662973
0.0644006
0.0624963
0.0605847
0.0586656
0.0567394
0.0548058
0.052865
0.050917
0.048962
0.0469998
0.0450307
0.0430546
0.0410717
0.0390819
0.0370853
0.0350819
0.0330719
0.0310551
0.0290317
0.0270018
0.0249652
0.0229221
0.0208725
0.0188165
0.0167541
0.0146854
0.0126104
0.0105292
0.00844179
0.0063482
0.00424849
0.00214256
3.07335e-05
-0.00208726
-0.00421124
-0.00634103
-0.00847674
-0.0106183
-0.0127658
-0.0149191
-0.0170781
-0.0192429
-0.0214133
-0.0235894
-0.025771
-0.027958
-0.0301507
-0.0323487
-0.0345523
-0.0367611
-0.0389753
-0.0411947
-0.0434195
-0.0456493
-0.0478843
-0.0501245
-0.0523696
-0.0546198
-0.0568748
-0.0591349
-0.0613999
-0.0636696
-0.0659441
-0.0682232
-0.070507
-0.0727954
-0.0750884
-0.0773859
-0.0796879
-0.0819942
-0.0843049
-0.0866199
-0.0889392
-0.0912626
-0.0935904
-0.0959222
-0.098258
-0.100598
-0.102942
-0.10529
-0.107641
-0.109997
-0.112356
-0.114719
-0.117086
-0.119456
-0.12183
-0.124208
-0.126589
-0.128974
-0.131362
-0.133753
-0.136148
-0.138547
-0.140948
-0.143353
-0.145761
-0.148173
-0.150587
-0.153005
-0.155426
-0.15785
-0.160277
-0.162708
-0.165141
-0.167577
-0.170016
-0.172458
-0.174903
-0.177351
-0.179802
-0.182256
-0.184712
-0.187171
-0.189633
-0.192098
-0.194566
-0.197036
-0.199508
-0.201984
-0.204462
-0.206942
-0.209425
-0.211911
-0.214399
-0.216889
-0.219382
-0.221877
-0.224375
-0.226874
-0.229377
-0.231881
-0.234387
-0.236896
-0.239406
-0.241919
-0.244434
-0.24695
-0.249469
-0.251989
-0.254511
-0.257035
-0.25956
-0.262087
-0.264615
-0.267145
-0.269677
-0.27221
-0.274744
-0.277279
-0.279815
-0.282353
-0.284891
-0.287431
-0.289971
-0.292512
-0.295054
-0.297596
-0.300139
-0.302682
-0.305226
-0.30777
-0.310314
-0.312858
-0.315402
-0.317946
-0.32049
-0.323034
-0.325577
-0.32812
-0.330662
-0.333204
-0.335745
-0.338285
-0.340824
-0.343362
-0.345899
-0.348434
-0.350968
-0.353501
-0.356032
-0.358562
-0.36109
-0.363616
-0.36614
-0.368662
-0.371182
-0.3737
-0.376216
-0.378729
-0.381239
-0.383747
-0.386252
-0.388754
-0.391253
-0.393749
-0.396243
-0.398733
-0.401219
-0.403702
-0.406182
-0.408658
-0.41113
-0.413599
-0.416064
-0.418525
-0.420981
-0.423434
-0.425882
-0.428327
-0.430766
-0.433202
-0.435632
-0.438059
-0.44048
-0.442897
-0.445309
-0.447716
-0.450118
-0.452515
-0.454907
-0.457294
-0.459675
-0.462052
-0.464423
-0.466788
-0.469149
-0.471504
-0.473853
-0.476197
-0.478536
-0.480869
-0.483196
-0.485518
-0.487834
-0.490144
-0.492449
-0.494748
-0.497042
-0.499329
-0.501612
-0.503888
-0.506159
-0.508425
-0.510685
-0.512939
-0.515187
-0.51743
-0.519668
-0.5219
-0.524127
-0.526348
-0.528564
-0.530775
-0.532981
-0.535181
-0.537376
-0.539566
-0.541751
-0.543932
-0.546107
-0.548277
-0.550443
-0.552604
-0.554761
-0.556913
-0.559061
-0.561204
-0.563343
-0.565477
-0.567608
-0.569734
-0.571857
-0.573976
-0.576091
-0.578202
-0.58031
-0.582414
-0.584515
-0.586612
-0.588706
-0.590797
-0.592885
-0.59497
-0.597052
-0.599132
-0.601208
-0.603282
-0.605353
-0.607422
-0.609489
-0.611553
-0.613615
-0.615675
-0.617733
-0.619789
-0.621843
-0.623896
-0.625946
-0.627995
-0.630043
-0.632089
-0.634134
-0.636177
-0.638219
-0.64026
-0.642301
-0.64434
-0.646378
-0.648415
-0.650452
-0.652488
-0.654524
-0.656558
-0.658593
-0.660627
-0.662661
-0.664695
-0.666728
-0.668762
-0.670795
-0.672829
-0.674862
-0.676896
-0.67893
-0.680965
-0.683
-0.685035
-0.687071
-0.689107
-0.691144
-0.693182
-0.695221
-0.69726
-0.6993
-0.701342
-0.703384
-0.705427
-0.707472
-0.709518
-0.711565
-0.713613
-0.715662
-0.717713
-0.719766
-0.72182
-0.723875
-0.725932
-0.727991
-0.730051
-0.732113
-0.734177
-0.736243
-0.73831
-0.74038
-0.742451
-0.744524
-0.7466
-0.748677
-0.750757
-0.752838
-0.754922
-0.757008
-0.759096
-0.761186
-0.763279
-0.765374
-0.767471
-0.769571
-0.771673
-0.773778
-0.775885
-0.777994
-0.780106
-0.78222
-0.784337
-0.786456
-0.788578
-0.790702
-0.792829
-0.794958
-0.79709
-0.799225
-0.801362
-0.803502
-0.805644
-0.807789
-0.809936
-0.812086
-0.814238
-0.816393
-0.81855
-0.82071
-0.822872
-0.825037
-0.827204
-0.829374
-0.831546
-0.83372
-0.835897
-0.838076
-0.840258
-0.842441
-0.844627
-0.846815
-0.849005
-0.851198
-0.853392
-0.855589
-0.857787
-0.859988
-0.86219
-0.864394
-0.8666
-0.868808
-0.871018
-0.873229
-0.875442
-0.877657
-0.879873
-0.88209
-0.884309
-0.88653
-0.888752
-0.890975
-0.893199
-0.895425
-0.897651
-0.899879
-0.902107
-0.904337
-0.906568
-0.908799
-0.911031
-0.913264
-0.915498
-0.917732
-0.919966
-0.922201
-0.924437
-0.926673
-0.928909
-0.931145
-0.933382
-0.935619
-0.937856
-0.940092
-0.942329
-0.944566
-0.946802
-0.949038
-0.951273
-0.953508
-0.955743
-0.957977
-0.960211
-0.962443
-0.964675
-0.966907
-0.969137
-0.971365
-0.973593
-0.97582
-0.978046
-0.98027
-0.982493
-0.984714
-0.986933
-0.989151
-0.991367
-0.993582
-0.995794
-0.998004
-1.00021
-1.00242
-1.00462
-1.00682
-1.00902
-1.01122
-1.01341
-1.0156
-1.01779
-1.01998
-1.02216
-1.02434
-1.02651
-1.02868
-1.03085
-1.03302
-1.03518
-1.03734
-1.03949
-1.04164
-1.04378
-1.04593
-1.04806
-1.0502
-1.05232
-1.05445
-1.05657
-1.05868
-1.06079
-1.06289
-1.06499
-1.06709
-1.06918
-1.07126
-1.07334
-1.07541
-1.07748
-1.07954
-1.08159
-1.08364
-1.08569
-1.08772
-1.08975
-1.09178
-1.0938
-1.09581
-1.09781
-1.09981
-1.1018
-1.10379
-1.10577
-1.10774
-1.1097
-1.11166
-1.11361
-1.11556
-1.11749
-1.11942
-1.12135
-1.12326
-1.12517
-1.12707
-1.12896
-1.13085
-1.13273
-1.1346
-1.13646
-1.13832
-1.14017
-1.14201
-1.14384
-1.14567
-1.14749
-1.1493
-1.1511
-1.1529
-1.15469
-1.15647
-1.15824
-1.16001
-1.16177
-1.16352
-1.16526
-1.167
-1.16873
-1.17045
-1.17216
-1.17387
-1.17557
-1.17726
-1.17894
-1.18062
-1.18229
-1.18395
-1.1856
-1.18725
-1.18889
-1.19052
-1.19215
-1.19377
-1.19538
-1.19698
-1.19858
-1.20017
-1.20175
-1.20332
-1.20489
-1.20645
-1.208
-1.20955
-1.21109
-1.21262
-1.21414
-1.21566
-1.21717
-1.21868
-1.22017
-1.22166
-1.22314
-1.22462
-1.22608
-1.22755
-1.229
-1.23045
-1.23189
-1.23332
-1.23475
-1.23616
-1.23758
-1.23898
-1.24038
-1.24177
-1.24316
-1.24454
-1.24591
-1.24727
-1.24863
-1.24999
-1.25133
-1.25267
-1.254
-1.25533
-1.25665
-1.25796
-1.25927
-1.26057
-1.26186
-1.26315
-1.26443
-1.26571
-1.26698
-1.26824
-1.2695
-1.27075
-1.272
-1.27323
-1.27447
-1.27569
-1.27692
-1.27813
-1.27934
-1.28054
-1.28174
-1.28293
-1.28412
-1.2853
-1.28647
-1.28764
-1.2888
-1.28996
-1.29111
-1.29225
-1.29339
-1.29453
-1.29565
-1.29677
-1.29789
-1.299
-1.3001
-1.3012
-1.3023
-1.30338
-1.30446
-1.30554
-1.30661
-1.30767
-1.30873
-1.30978
-1.31082
-1.31186
-1.3129
-1.31393
-1.31495
-1.31596
-1.31697
-1.31798
-1.31897
-1.31997
-1.32095
-1.32193
-1.3229
-1.32387
-1.32483
-1.32579
-1.32674
-1.32768
-1.32862
-1.32955
-1.33047
-1.33139
-1.3323
-1.33321
-1.33411
-1.33501
-1.33589
-1.33677
-1.33765
-1.33852
-1.33938
-1.34024
-1.34109
-1.34194
-1.34278
-1.34361
-1.34443
-1.34526
-1.34607
-1.34688
-1.34768
-1.34848
-1.34927
-1.35005
-1.35083
-1.35161
-1.35237
-1.35314
-1.35389
-1.35464
-1.35538
-1.35612
-1.35686
-1.35758
-1.3583
-1.35902
-1.35973
-1.36043
-1.36113
-1.36183
-1.36251
-1.3632
-1.36387
-1.36455
-1.36521
-1.36587
-1.36653
-1.36718
-1.36782
-1.36846
-1.3691
-1.36973
-1.37035
-1.37097
-1.37158
-1.37219
-1.3728
-1.37339
-1.37399
-1.37458
-1.37516
-1.37574
-1.37631
-1.37688
-1.37745
-1.37801
-1.37856
-1.37911
-1.37966
-1.3802
-1.38073
-1.38127
-1.38179
-1.38232
-1.38284
-1.38335
-1.38386
-1.38436
-1.38487
-1.38536
-1.38586
-1.38634
-1.38683
-1.38731
-1.38779
-1.38826
-1.38873
-1.38919
-1.38965
-1.39011
-1.39056
-1.39101
-1.39145
-1.39189
-1.39233
-1.39277
-1.3932
-1.39362
-1.39405
-1.39446
-1.39488
-1.39529
-1.3957
-1.39611
-1.39651
-1.3969
-1.3973
-1.39769
-1.39808
-1.39846
-1.39884
-1.39922
-1.3996
-1.39997
-1.40033
-1.4007
-1.40106
-1.40142
-1.40177
-1.40212
-1.40247
-1.40281
-1.40316
-1.40349
-1.40383
-1.40416
-1.40449
-1.40482
-1.40514
-1.40546
-1.40578
-1.40609
-1.4064
-1.40671
-1.40702
-1.40732
-1.40762
-1.40792
-1.40822
-1.40851
-1.4088
-1.40909
-1.40937
-1.40965
-1.40993
-1.41021
-1.41049
-1.41076
-1.41103
-1.4113
-1.41157
-1.41184
-1.4121
-1.41237
-1.41263
-1.41289
-1.41314
-1.4134
-1.41366
-1.41391
-1.41416
-1.41442
-1.41467
-1.41492
-1.41517
-1.41541
-1.41566
-1.41591
-1.41615
-1.4164
-1.41664
-1.41689
-1.41713
-1.41738
-1.41762
-1.41787
-1.41811
-1.41835
-1.4186
-1.41884
-1.41909
-1.41933
-1.41957
-1.41982
-1.42007
-1.42031
-1.42056
-1.42081
-1.42105
-1.4213
-1.42155
-1.4218
-1.42206
-1.42231
-1.42256
-1.42282
-1.42307
-1.42333
-1.42359
-1.42385
-1.42411
-1.42437
-1.42463
-1.4249
-1.42516
-1.42543
-1.4257
-1.42597
-1.42625
-1.42652
-1.4268
-1.42708
-1.42736
-1.42764
-1.42792
-1.42821
-1.42849
-1.42878
-1.42908
-1.42937
-1.42966
-1.42996
-1.43026
-1.43056
-1.43086
-1.43117
-1.43148
-1.43179
-1.4321
-1.43241
-1.43273
-1.43305
-1.43337
-1.43369
-1.43401
-1.43434
-1.43467
-1.435
-1.43533
-1.43566
-1.436
-1.43634
-1.43668
-1.43702
-1.43736
-1.43771
-1.43806
-1.43841
-1.43876
-1.43911
-1.43947
-1.43982
-1.44018
-1.44055
-1.44091
-1.44127
-1.44164
-1.44201
-1.44238
-1.44275
-1.44312
-1.4435
-1.44388
-1.44425
-1.44464
-1.44502
-1.4454
-1.44579
-1.44617
-1.44656
-1.44695
-1.44735
-1.44774
-1.44814
-1.44853
-1.44893
-1.44933
-1.44973
-1.45014
-1.45054
-1.45095
-1.45136
-1.45177
-1.45218
-1.45259
-1.45301
-1.45342
-1.45384
-1.45426
-1.45468
-1.4551
-1.45552
-1.45595
-1.45637
-1.4568
-1.45723
-1.45765
-1.45808
-1.45852
-1.45895
-1.45938
-1.45981
-1.46025
-1.46068
-1.46112
-1.46156
-1.462
-1.46243
-1.46287
-1.46331
-1.46375
-1.46419
-1.46464
-1.46508
-1.46552
-1.46596
-1.4664
-1.46684
-1.46728
-1.46773
-1.46817
-1.46861
-1.46905
-1.46949
-1.46993
-1.47037
-1.47081
-1.47124
-1.47168
-1.47212
-1.47255
-1.47299
-1.47342
-1.47385
-1.47428
-1.47471
-1.47514
-1.47557
-1.47599
-1.47642
-1.47684
-1.47726
-1.47768
-1.47809
-1.47851
-1.47892
-1.47933
-1.47974
-1.48015
-1.48055
-1.48095
-1.48135
-1.48175
-1.48214
-1.48254
-1.48293
-1.48331
-1.4837
-1.48408
-1.48446
-1.48483
-1.4852
-1.48557
-1.48594
-1.4863
-1.48666
-1.48702
-1.48737
-1.48772
-1.48806
-1.48841
-1.48875
-1.48908
-1.48941
-1.48974
-1.49007
-1.49039
-1.4907
-1.49102
-1.49132
-1.49163
-1.49193
-1.49223
-1.49252
-1.49281
-1.49309
-1.49337
-1.49364
-1.49391
-1.49418
-1.49444
-1.4947
-1.49495
-1.4952
-1.49544
-1.49568
-1.49592
-1.49614
-1.49637
-1.49659
-1.4968
-1.49701
-1.49722
-1.49742
-1.49761
-1.49781
-1.49799
-1.49817
-1.49835
-1.49852
-1.49868
-1.49885
-1.499
-1.49915
-1.4993
-1.49944
-1.49958
-1.49971
-1.49984
-1.49996
-1.50008
-1.5002
-1.50031
-1.50041
-1.50051
-1.50061
-1.5007
-1.50079
-1.50087
-1.50095
-1.50103
-1.5011
-1.50117
-1.50124
-1.5013
-1.50136
-1.50142
-1.50147
-1.50152
-1.50157
-1.50161
-1.50165
-1.50169
-1.50172
-1.50176
-1.50179
-1.50182
-1.50185
-1.50187
-1.50189
-1.50191
-1.50193
-1.50195
-1.50197
-1.50198
-1.502
-1.50201
-1.50202
-1.50203
-1.50204
-1.50205
-1.50205
-1.50206
-1.50207
-1.50207
-1.50208
-1.50208
-1.50208
-1.50209
-1.50209
-1.50209
-1.50209
-1.50209
-1.5021
-1.5021
-1.5021
-1.5021
-1.5021
-1.5021
-1.5021
-1.5021
-1.5021
-1.5021
-1.5021
-1.5021
-1.5021
-1.5021
-1.5021
-1.5021
-1.5021
-1.5021
-1.5021
-1.5021
-1.5021
-1.5021
-1.5021
-1.5021
-1.5021
-1.5021
-1.5021
-1.5021
-1.5021
-1.5021
-1.5021
-1.5021
-1.5021
-1.5021
-1.5021
-1.5021
-1.5021
-1.5021
-1.5021
-1.5021
-1.5021
-1.5021
-1.5021
-1.5021
-1.5021
-1.5021
-1.5021
-1.5021
-1.5021
-1.5021
-1.5021
-1.5021
-1.5021
-1.5021
-1.5021
-1.5021
-1.5021
-1.5021
-1.5021
-1.5021
-1.5021
-1.5021
-1.5021
-1.5021
-1.5021
-1.5021
-1.5021
-1.5021
-1.5021
-1.5021
-1.5021
-1.5021
-1.5021
-1.5021
-1.5021
-1.5021
-1.5021
-1.5021
-1.5021
-1.5021
-1.5021
-1.5021
-1.5021
-1.5021
-1.5021
-1.5021
-1.5021
-1.5021
-1.5021
-1.5021
-1.5021
-1.5021
-1.5021
-1.5021
-1.5021
-1.5021
-1.5021
-1.5021
-1.5021
-1.5021
-1.5021
-1.5021
-1.5021
-1.5021
-1.5021
-1.5021
-1.5021
-1.5021
-1.5021
-1.5021
-1.5021
-1.5021
-1.5021
-1.5021
-1.5021
-1.5021
-1.5021
-1.5021
-1.5021
-1.5021
-1.5021
-1.5021
-1.5021
-1.5021
-1.5021
-1.5021
-1.5021
-1.5021
-1.5021
-1.5021
-1.5021
-1.5021
-1.5021
-1.5021
-1.5021
-1.5021
-1.5021
-1.5021
-1.5021
-1.5021
-1.5021
-1.5021
-1.5021
-1.5021
-1.5021
-1.5021
-1.5021
-1.5021
-1.5021
-1.5021
-1.5021
-1.5021
-1.5021
-1.5021
-1.5021
-1.5021
-1.5021
-1.5021
-1.5021
-1.5021
-1.5021
-1.5021
-1.5021
-1.5021
-1.5021
-1.5021
-1.5021
-1.5021
-1.5021
-1.5021
-1.5021
-1.5021
-1.5021
-1.5021
-1.5021
-1.5021
-1.5021
-1.5021
-1.5021
-1.5021
-1.5021
-1.5021
-1.5021
-1.5021
-1.5021
-1.5021
-1.5021
-1.5021
-1.5021
-1.5021
-1.5021
-1.5021
-1.5021
-1.5021
-1.5021
-1.5021
-1.5021
-1.5021
-1.5021
-1.5021
-1.5021
-1.5021
-1.5021
-1.5021
-1.5021
-1.5021
-1.5021
-1.5021
-1.5021
-1.5021
-1.5021
-1.5021
-1.5021
-1.5021
-1.5021
-1.5021
-1.5021
-1.5021
-1.5021
-1.5021
-1.5021
-1.5021
-1.5021
-1.5021
-1.5021
-1.5021
-1.5021
-1.5021
-1.5021
-1.5021
-1.5021
-1.5021
-1.5021
-1.5021
-1.5021
-1.5021
-1.5021
-1.5021
-1.5021
-1.5021
-1.5021
-1.5021
-1.5021
-1.5021
-1.5021
-1.5021
-1.5021
-1.5021
-1.5021
-1.5021
-1.5021
-1.5021
-1.5021
-1.5021
-1.5021
-1.5021
-1.5021
-1.5021
-1.5021
-1.5021
-1.5021
-1.5021
-1.5021
-1.5021
-1.5021
-1.5021
-1.5021
-1.5021
-1.5021
-1.5021
-1.5021
-1.5021
-1.5021
-1.5021
-1.5021
-1.5021
-1.5021
-1.5021
-1.5021
-1.5021
-1.5021
-1.5021
-1.5021
-1.5021
-1.5021
-1.5021
-1.5021
-1.5021
-1.5021
-1.5021
-1.5021
-1.5021
-1.5021
-1.5021
-1.5021
-1.5021
-1.5021
-1.5021
-1.5021
-1.5021
-1.5021
-1.5021
-1.5021
-1.5021
-1.5021
-1.5021
-1.5021
-1.5021
-1.5021
-1.5021
-1.5021
-1.50209
-1.50209
-1.50209
-1.50209
-1.50209
-1.50209
-1.50209
-1.50209
-1.50209
-1.50209
-1.50209
-1.50208
-1.50208
-1.50208
-1.50208
-1.50208
-1.50208
-1.50208
-1.50208
-1.50207
-1.50207
-1.50207
-1.50207
-1.50207
-1.50207
-1.50206
-1.50206
-1.50206
-1.50206
-1.50206
-1.50205
-1.50205
-1.50205
-1.50205
-1.50205
-1.50205
-1.50204
-1.50204
-1.50204
-1.50204
-1.50204
-1.50203
-1.50203
-1.50203
-1.50203
-1.50203
-1.50203
-1.50202
-1.50202
-1.50202
-1.50202
-1.50202
-1.50202
-1.50202
-1.50202
-1.50201
-1.50201
-1.50201
-1.50201
-1.50201
-1.50201
-1.50201
-1.50201
-1.50201
-1.50201
-1.50201
-1.502
-1.502
-1.502
-1.502
-1.502
-1.502
-1.502
-1.502
-1.502
-1.502
-1.502
-1.502
-1.502
-1.502
-1.502
-1.502
-1.502
-1.502
-1.502
-1.502
-1.502
-1.502
-1.502
-1.502
-1.502
-1.502
-1.502
-1.502
-1.502
-1.502
-1.502
-1.502
-1.502
-1.502
-1.502
-1.502
-1.502
-1.502
-1.502
-1.502
-1.502
-1.502
-1.502
-1.502
-1.502
-1.502
-1.502
-1.502
-1.502
-1.502
-1.502
-1.502
-1.502
-1.502
-1.502
-1.502
-1.502
-1.502
-1.502
-1.502
-1.502
-1.502
-1.502
-1.502
-1.502
-1.502
-1.502
-1.502
-1.502
-1.502
-1.502
-1.502
-1.502
-1.502
-1.502
-1.502
-1.502
-1.502
-1.502
-1.502
-1.502
-1.502
-1.502
-1.502
-1.502
-1.502
-1.502
-1.502
-1.502
-1.502
-1.502
-1.502
-1.502
-1.502
-1.502
-1.502
-1.502
-1.502
-1.502
-1.502
-1.502
-1.502
-1.502
-1.502
-1.502
-1.502
-1.502
-1.502
-1.502
-1.502
-1.502
-1.502
-1.502
-1.502
-1.502
-1.502
-1.502
-1.502
-1.502
-1.502
-1.502
-1.502
-1.502
-1.502
-1.502
-1.502
-1.502
-1.502
-1.502
-1.502
-1.502
-1.502
-1.502
-1.502
-1.502
-1.502
-1.502
-1.502
-1.502
-1.502
-1.502
-1.502
-1.502
-1.502
-1.502
-1.502
-1.502
-1.502
-1.502
-1.502
-1.502
-1.502
-1.502
-1.502
-1.502
-1.502
-1.502
-1.502
-1.502
-1.502
-1.502
-1.502
-1.502
-1.502
-1.502
-1.502
-1.502
-1.502
-1.502
-1.502
-1.502
-1.502
-1.502
-1.502
-1.502
-1.502
-1.502
-1.502
-1.502
-1.502
-1.502
-1.502
-1.502
-1.502
-1.502
-1.502
-1.502
-1.502
-1.502
-1.502
-1.502
-1.502
-1.502
-1.502
-1.502
-1.502
-1.502
-1.502
-1.502
-1.502
-1.502
-1.502
-1.502
-1.502
-1.502
-1.502
-1.502
-1.502
-1.502
-1.502
-1.502
-1.502
-1.502
-1.502
-1.502
-1.502
-1.502
-1.502
-1.502
-1.502
-1.502
-1.502
-1.502
-1.502
-1.502
-1.502
-1.502
-1.502
-1.502
-1.502
-1.502
-1.502
-1.502
-1.502
-1.502
-1.502
-1.502
-1.502
-1.502
-1.50199
-1.50199
-1.50199
-1.50199
-1.50199
-1.50199
-1.50199
-1.50199
-1.50199
-1.50199
-1.50199
-1.50198
-1.50198
-1.50198
-1.50198
-1.50198
-1.50198
-1.50198
-1.50198
-1.50197
-1.50197
-1.50197
-1.50197
-1.50197
-1.50197
-1.50196
-1.50196
-1.50196
-1.50196
-1.50196
-1.50195
-1.50195
-1.50195
-1.50195
-1.50195
-1.50195
-1.50194
-1.50194
-1.50194
-1.50194
-1.50194
-1.50193
-1.50193
-1.50193
-1.50193
-1.50193
-1.50193
-1.50192
-1.50192
-1.50192
-1.50192
-1.50192
-1.50192
-1.50192
-1.50192
-1.50191
-1.50191
-1.50191
-1.50191
-1.50191
-1.50191
-1.50191
-1.50191
-1.50191
-1.50191
-1.50191
-1.5019
-1.5019
-1.5019
-1.5019
-1.5019
-1.5019
-1.5019
-1.5019
-1.5019
-1.5019
-1.5019
-1.5019
-1.5019
-1.5019
-1.5019
-1.5019
-1.5019
-1.5019
-1.5019
-1.5019
-1.5019
-1.5019
-1.5019
-1.5019
-1.5019
-1.5019
-1.5019
-1.5019
-1.5019
-1.5019
-1.5019
-1.5019
-1.5019
-1.5019
-1.5019
-1.5019
-1.5019
-1.5019
-1.5019
-1.5019
-1.5019
-1.5019
-1.5019
-1.5019
-1.5019
-1.5019
-1.5019
-1.5019
-1.5019
-1.5019
-1.5019
-1.5019
-1.5019
-1.5019
-1.5019
-1.5019
-1.5019
-1.5019
-1.5019
-1.5019
-1.5019
-1.5019
-1.5019
-1.5019
-1.5019
-1.5019
-1.5019
-1.5019
-1.5019
-1.5019
-1.5019
-1.5019
-1.5019
-1.5019
-1.5019
-1.5019
-1.5019
-1.5019
-1.5019
-1.5019
-1.5019
-1.5019
-1.5019
-1.5019
-1.5019
-1.5019
-1.5019
-1.5019
-1.5019
-1.5019
-1.5019
-1.5019
-1.5019
-1.5019
-1.5019
-1.50189
-1.50189
-1.50189
-1.50189
-1.50189
-1.50189
-1.50189
-1.50189
-1.50189
-1.50189
-1.50189
-1.50188
-1.50188
-1.50188
-1.50188
-1.50188
-1.50188
-1.50188
-1.50188
-1.50187
-1.50187
-1.50187
-1.50187
-1.50187
-1.50187
-1.50186
-1.50186
-1.50186
-1.50186
-1.50186
-1.50185
-1.50185
-1.50185
-1.50185
-1.50185
-1.50185
-1.50184
-1.50184
-1.50184
-1.50184
-1.50184
-1.50183
-1.50183
-1.50183
-1.50183
-1.50183
-1.50183
-1.50182
-1.50182
-1.50182
-1.50182
-1.50182
-1.50182
-1.50182
-1.50182
-1.50181
-1.50181
-1.50181
-1.50181
-1.50181
-1.50181
-1.50181
-1.50181
-1.50181
-1.50181
-1.50181
-1.5018
-1.5018
-1.5018
-1.5018
-1.5018
-1.5018
-1.5018
-1.5018
-1.5018
-1.5018
-1.5018
-1.5018
-1.5018
-1.5018
-1.5018
-1.5018
-1.5018
-1.5018
-1.5018
-1.5018
-1.5018
-1.5018
-1.5018
-1.5018
-1.5018
-1.5018
-1.5018
-1.5018
-1.5018
-1.5018
-1.5018
-1.5018
-1.5018
-1.5018
-1.5018
-1.5018
-1.5018
-1.5018
-1.5018
-1.5018
-1.5018
-1.5018
-1.5018
-1.5018
-1.5018
-1.5018
-1.5018
-1.5018
-1.5018
-1.5018
-1.5018
-1.5018
-1.5018
-1.5018
-1.5018
-1.5018
-1.5018
-1.5018
-1.5018
-1.5018
-1.5018
-1.5018
-1.5018
-1.5018
-1.5018
-1.5018
-1.5018
-1.5018
-1.5018
-1.5018
-1.5018
-1.5018
-1.5018
-1.5018
-1.5018
-1.5018
-1.5018
-1.5018
-1.5018
-1.5018
-1.5018
-1.5018
-1.5018
-1.5018
-1.5018
-1.5018
-1.5018
-1.5018
-1.5018
-1.5018
-1.5018
-1.5018
-1.5018
-1.5018
-1.5018
-1.5018
-1.5018
-1.5018
-1.5018
-1.5018
-1.5018
-1.5018
-1.5018
-1.5018
-1.5018
-1.5018
-1.5018
-1.5018
-1.5018
-1.5018
-1.5018
-1.5018
-1.5018
-1.5018
-1.5018
-1.5018
-1.5018
-1.5018
-1.5018
-1.5018
-1.5018
-1.5018
-1.5018
-1.5018
-1.5018
-1.5018
-1.5018
-1.5018
-1.5018
-1.5018
-1.5018
-1.5018
-1.5018
-1.5018
-1.5018
-1.5018
-1.5018
-1.5018
-1.5018
-1.5018
-1.5018
-1.5018
-1.5018
-1.5018
-1.5018
-1.5018
-1.5018
-1.5018
-1.5018
-1.5018
-1.5018
-1.5018
-1.5018
-1.5018
-1.5018
-1.5018
-1.5018
-1.5018
-1.5018
-1.5018
-1.5018
-1.5018
-1.5018
-1.5018
-1.5018
-1.5018
-1.5018
-1.5018
-1.5018
-1.5018
-1.5018
-1.5018
-1.5018
-1.5018
-1.5018
-1.5018
-1.5018
-1.5018
-1.5018
-1.5018
-1.5018
-1.5018
-1.5018
-1.5018
-1.5018
-1.5018
-1.5018
-1.5018
-1.5018
-1.5018
-1.5018
-1.5018
-1.5018
-1.5018
-1.5018
-1.5018
-1.5018
-1.5018
-1.5018
-1.5018
-1.5018
-1.5018
-1.5018
-1.5018
-1.5018
-1.5018
-1.5018
-1.5018
-1.5018
-1.5018
-1.5018
-1.5018
-1.5018
-1.5018
-1.5018
-1.5018
-1.5018
-1.5018
-1.5018
-1.5018
-1.5018
-1.5018
-1.5018
-1.5018
-1.5018
-1.5018
-1.5018
-1.5018
-1.5018
-1.5018
-1.5018
-1.5018
-1.5018
-1.5018
-1.50179
-1.50179
-1.50179
-1.50179
-1.50179
-1.50179
-1.50179
-1.50179
-1.50179
-1.50179
-1.50179
-1.50178
-1.50178
-1.50178
-1.50178
-1.50178
-1.50178
-1.50178
-1.50178
-1.50177
-1.50177
-1.50177
-1.50177
-1.50177
-1.50177
-1.50176
-1.50176
-1.50176
-1.50176
-1.50176
-1.50175
-1.50175
-1.50175
-1.50175
-1.50175
-1.50175
-1.50174
-1.50174
-1.50174
-1.50174
-1.50174
-1.50173
-1.50173
-1.50173
-1.50173
-1.50173
-1.50173
-1.50172
-1.50172
-1.50172
-1.50172
-1.50172
-1.50172
-1.50172
-1.50172
-1.50171
-1.50171
-1.50171
-1.50171
-1.50171
-1.50171
-1.50171
-1.50171
-1.50171
-1.50171
-1.50171
-1.5017
-1.5017
-1.5017
-1.5017
-1.5017
-1.5017
-1.5017
-1.5017
-1.5017
-1.5017
-1.5017
-1.5017
-1.5017
-1.5017
-1.5017
-1.5017
-1.5017
-1.5017
-1.50169
-1.50169
-1.50169
-1.50169
-1.50169
-1.50169
-1.50169
-1.50169
-1.50169
-1.50169
-1.50169
-1.50168
-1.50168
-1.50168
-1.50168
-1.50168
-1.50168
-1.50168
-1.50168
-1.50167
-1.50167
-1.50167
-1.50167
-1.50167
-1.50166
-1.50166
-1.50166
-1.50166
-1.50166
-1.50165
-1.50165
-1.50165
-1.50165
-1.50165
-1.50164
-1.50164
-1.50164
-1.50164
-1.50163
-1.50163
-1.50163
-1.50163
-1.50162
-1.50162
-1.50162
-1.50162
-1.50161
-1.50161
-1.50161
-1.50161
-1.5016
-1.5016
-1.5016
-1.50159
-1.50159
-1.50159
-1.50159
-1.50158
-1.50158
-1.50158
-1.50157
-1.50157
-1.50157
-1.50156
-1.50156
-1.50156
-1.50155
-1.50155
-1.50154
-1.50154
-1.50154
-1.50153
-1.50153
-1.50152
-1.50152
-1.50151
-1.50151
-1.5015
-1.50149
-1.50149
-1.50148
-1.50147
-1.50147
-1.50146
-1.50145
-1.50144
-1.50143
-1.50142
-1.50141
-1.5014
-1.50139
-1.50138
-1.50137
-1.50136
-1.50134
-1.50133
-1.50131
-1.5013
-1.50128
-1.50126
-1.50124
-1.50122
-1.5012
-1.50118
-1.50116
-1.50113
-1.50111
-1.50108
-1.50105
-1.50102
-1.50099
-1.50096
-1.50093
-1.50089
-1.50085
-1.50081
-1.50077
-1.50073
-1.50069
-1.50064
-1.50059
-1.50054
-1.50049
-1.50044
-1.50038
-1.50032
-1.50026
-1.5002
-1.50013
-1.50006
-1.49999
-1.49992
-1.49984
-1.49976
-1.49968
-1.4996
-1.49951
-1.49942
-1.49932
-1.49923
-1.49913
-1.49902
-1.49892
-1.49881
-1.49869
-1.49858
-1.49846
-1.49833
-1.49821
-1.49807
-1.49794
-1.4978
-1.49766
-1.49751
-1.49736
-1.4972
-1.49704
-1.49688
-1.49671
-1.49654
-1.49636
-1.49618
-1.49599
-1.4958
-1.4956
-1.4954
-1.49519
-1.49498
-1.49476
-1.49454
-1.49431
-1.49408
-1.49384
-1.4936
-1.49335
-1.49309
-1.49283
-1.49256
-1.49229
-1.49201
-1.49172
-1.49143
-1.49114
-1.49083
-1.49052
-1.49021
-1.48988
-1.48955
-1.48922
-1.48887
-1.48852
-1.48817
-1.4878
-1.48743
-1.48705
-1.48667
-1.48628
-1.48588
-1.48547
-1.48506
-1.48464
-1.48421
-1.48378
-1.48333
-1.48288
-1.48242
-1.48196
-1.48148
-1.481
-1.48051
-1.48002
-1.47951
-1.479
-1.47848
-1.47795
-1.47741
-1.47687
-1.47631
-1.47575
-1.47518
-1.47461
-1.47402
-1.47343
-1.47282
-1.47221
-1.47159
-1.47097
-1.47033
-1.46969
-1.46903
-1.46837
-1.4677
-1.46702
-1.46633
-1.46564
-1.46493
-1.46422
-1.46349
-1.46276
-1.46202
-1.46127
-1.46051
-1.45974
-1.45897
-1.45818
-1.45739
-1.45658
-1.45577
-1.45495
-1.45412
-1.45327
-1.45242
-1.45156
-1.45069
-1.44982
-1.44893
-1.44803
-1.44712
-1.44621
-1.44528
-1.44434
-1.4434
-1.44244
-1.44148
-1.44051
-1.43952
-1.43853
-1.43752
-1.43651
-1.43549
-1.43445
-1.43341
-1.43236
-1.4313
-1.43023
-1.42914
-1.42805
-1.42695
-1.42584
-1.42472
-1.42359
-1.42245
-1.4213
-1.42013
-1.41896
-1.41778
-1.41659
-1.41539
-1.41418
-1.41296
-1.41174
-1.4105
-1.40925
-1.40799
-1.40672
-1.40544
-1.40415
-1.40286
-1.40155
-1.40023
-1.39891
-1.39757
-1.39623
-1.39487
-1.39351
-1.39213
-1.39075
-1.38936
-1.38795
-1.38654
-1.38512
-1.38369
-1.38225
-1.3808
-1.37934
-1.37787
-1.3764
-1.37491
-1.37342
-1.37191
-1.3704
-1.36888
-1.36734
-1.3658
-1.36426
-1.3627
-1.36113
-1.35955
-1.35797
-1.35638
-1.35477
-1.35316
-1.35154
-1.34992
-1.34828
-1.34663
-1.34498
-1.34332
-1.34165
-1.33997
-1.33828
-1.33659
-1.33489
-1.33317
-1.33146
-1.32973
-1.32799
-1.32625
-1.3245
-1.32274
-1.32097
-1.3192
-1.31742
-1.31563
-1.31383
-1.31203
-1.31022
-1.3084
-1.30657
-1.30474
-1.3029
-1.30105
-1.29919
-1.29733
-1.29546
-1.29359
-1.2917
-1.28981
-1.28792
-1.28601
-1.2841
-1.28218
-1.28026
-1.27833
-1.27639
-1.27445
-1.2725
-1.27054
-1.26858
-1.26661
-1.26463
-1.26265
-1.26066
-1.25866
-1.25666
-1.25465
-1.25263
-1.25061
-1.24858
-1.24654
-1.2445
-1.24245
-1.24039
-1.23833
-1.23626
-1.23419
-1.2321
-1.23002
-1.22792
-1.22582
-1.22371
-1.22159
-1.21947
-1.21734
-1.2152
-1.21306
-1.21091
-1.20875
-1.20658
-1.20441
-1.20223
-1.20004
-1.19785
-1.19565
-1.19344
-1.19122
-1.18899
-1.18676
-1.18452
-1.18227
-1.18002
-1.17776
-1.17549
-1.17321
-1.17092
-1.16863
-1.16632
-1.16401
-1.16169
-1.15936
-1.15703
-1.15469
-1.15233
-1.14997
-1.1476
-1.14523
-1.14284
-1.14044
-1.13804
-1.13563
-1.13321
-1.13078
-1.12834
-1.12589
-1.12344
-1.12098
-1.1185
-1.11602
-1.11353
-1.11103
-1.10852
-1.10601
-1.10348
-1.10095
-1.0984
-1.09585
-1.09329
-1.09072
-1.08814
-1.08555
-1.08296
-1.08035
-1.07774
-1.07512
-1.07249
-1.06985
-1.0672
-1.06454
-1.06188
-1.0592
-1.05652
-1.05383
-1.05113
-1.04842
-1.04571
-1.04299
-1.04025
-1.03751
-1.03476
-1.03201
-1.02924
-1.02647
-1.02369
-1.0209
-1.01811
-1.0153
-1.01249
-1.00967
-1.00685
-1.00401
-1.00117
-0.998322
-0.995465
-0.992602
-0.989731
-0.986852
-0.983967
-0.981075
-0.978175
-0.975269
-0.972355
-0.969435
-0.966508
-0.963574
-0.960634
-0.957687
-0.954733
-0.951773
-0.948806
-0.945832
-0.942852
-0.939866
-0.936873
-0.933875
-0.930869
-0.927858
-0.924841
-0.921817
-0.918787
-0.915751
-0.91271
-0.909662
-0.906609
-0.903549
-0.900484
-0.897413
-0.894337
-0.891255
-0.888167
-0.885073
-0.881975
-0.878871
-0.875761
-0.872646
-0.869526
-0.866401
-0.863271
-0.860135
-0.856995
-0.85385
-0.8507
-0.847545
-0.844386
-0.841222
-0.838053
-0.83488
-0.831703
-0.828521
-0.825335
-0.822145
-0.818951
-0.815754
-0.812552
-0.809347
-0.806138
-0.802925
-0.799709
-0.79649
-0.793267
-0.790042
-0.786813
-0.783582
-0.780347
-0.77711
-0.773871
-0.770629
-0.767384
-0.764138
-0.760889
-0.757638
-0.754385
-0.751131
-0.747874
-0.744616
-0.741357
-0.738096
-0.734833
-0.73157
-0.728305
-0.72504
-0.721774
-0.718506
-0.715238
-0.71197
-0.708701
-0.705431
-0.702161
-0.698891
-0.69562
-0.69235
-0.689079
-0.685809
-0.682539
-0.679268
-0.675999
-0.672729
-0.66946
-0.666192
-0.662924
-0.659657
-0.656391
-0.653125
-0.649861
-0.646597
-0.643334
-0.640073
-0.636812
-0.633553
-0.630296
-0.627039
-0.623785
-0.620531
-0.617279
-0.614029
-0.610781
-0.607535
-0.604291
-0.601048
-0.597808
-0.59457
-0.591334
-0.588101
-0.58487
-0.581641
-0.578415
-0.575192
-0.571972
-0.568755
-0.565541
-0.56233
-0.559122
-0.555917
-0.552716
-0.549519
-0.546325
-0.543135
-0.539949
-0.536766
-0.533588
-0.530414
-0.527245
-0.52408
-0.520919
-0.517763
-0.514611
-0.511465
-0.508323
-0.505187
-0.502055
-0.498929
-0.495808
-0.492693
-0.489583
-0.486478
-0.48338
-0.480287
-0.4772
-0.474119
-0.471044
-0.467975
-0.464912
-0.461855
-0.458805
-0.455761
-0.452723
-0.449692
-0.446668
-0.44365
-0.440639
-0.437634
-0.434636
-0.431645
-0.428661
-0.425683
-0.422713
-0.419749
-0.416793
-0.413843
-0.4109
-0.407965
-0.405036
-0.402115
-0.3992
-0.396293
-0.393393
-0.390501
-0.387615
-0.384737
-0.381866
-0.379002
-0.376146
-0.373297
-0.370456
-0.367622
-0.364795
-0.361976
-0.359165
-0.356361
-0.353565
-0.350776
-0.347995
-0.345222
-0.342456
-0.339699
-0.336949
-0.334207
-0.331474
-0.328748
-0.32603
-0.323321
-0.320619
-0.317926
-0.315241
-0.312564
-0.309896
-0.307236
-0.304585
-0.301942
-0.299308
-0.296683
-0.294066
-0.291458
-0.288859
-0.286268
-0.283687
-0.281114
-0.278551
-0.275996
-0.273451
-0.270915
-0.268388
-0.26587
-0.263361
-0.260862
-0.258372
-0.255892
-0.25342
-0.250959
-0.248506
-0.246063
-0.24363
-0.241206
-0.238792
-0.236387
-0.233992
-0.231606
-0.22923
-0.226864
-0.224507
-0.222159
-0.219822
-0.217494
-0.215175
-0.212867
-0.210567
-0.208278
-0.205998
-0.203728
-0.201467
-0.199216
-0.196974
-0.194742
-0.19252
-0.190307
-0.188104
-0.185911
-0.183727
-0.181552
-0.179388
-0.177232
-0.175086
-0.17295
-0.170824
-0.168706
-0.166599
-0.164501
-0.162412
-0.160333
-0.158263
-0.156203
-0.154153
-0.152111
-0.15008
-0.148058
-0.146045
-0.144042
-0.142048
-0.140063
-0.138088
-0.136123
-0.134167
-0.13222
-0.130282
-0.128355
-0.126436
-0.124527
-0.122627
-0.120736
-0.118855
-0.116983
-0.115121
-0.113267
-0.111423
-0.109589
-0.107763
-0.105947
-0.10414
-0.102342
-0.100553
-0.0987735
-0.097003
-0.0952415
-0.0934892
-0.0917459
-0.0900116
-0.0882863
-0.08657
-0.0848625
-0.083164
-0.0814745
-0.0797937
-0.0781219
-0.0764589
-0.0748045
-0.0731608
-0.0715241
-0.0698962
-0.0682771
-0.0666668
-0.065065
-0.0634719
-0.0618875
-0.0603117
-0.0587446
-0.057186
-0.0556361
-0.0540947
-0.0525619
-0.0510377
-0.049522
-0.0480149
-0.0465163
-0.0450261
-0.0435445
-0.0420715
-0.0406068
-0.0391507
-0.0377031
-0.036264
-0.0348334
-0.0334112
-0.0319975
-0.0305924
-0.0291958
-0.0278077
-0.026428
-0.0250569
-0.0236943
-0.0223401
-0.0209946
-0.0196576
-0.0183292
-0.0170094
-0.0156982
-0.0143955
-0.0131014
-0.0118159
-0.010539
-0.00927072
-0.00801101
-0.00675999
-0.00551767
-0.00428405
-0.00305901
-0.00184285
-0.000635279
0.000563686
0.00175389
0.00293533
0.00410799
0.00527201
0.00642739
0.00757397
0.00871175
0.00984103
0.0109615
0.0120733
0.0131762
0.0142704
0.015356
0.0164328
0.0175009
0.0185604
0.0196112
0.0206532
0.0216866
0.0227115
0.0237276
0.024735
0.0257339
0.0267242
0.0277059
0.0286791
0.0296438
0.0306001
0.0315478
0.032487
0.0334179
0.0343405
0.0352547
0.0361606
0.0370581
0.0379475
0.0388285
0.0397014
0.0405661
0.0414227
0.0422712
0.0431117
0.0439443
0.0447689
0.0455856
0.0463945
0.0471957
0.047989
0.0487764
0.0495545
0.050325
0.0510881
0.0518438
0.052592
0.0533328
0.0540665
0.0547929
0.0555122
0.0562245
0.0569297
0.0576279
0.0583194
0.0590039
0.0596818
0.0603531
0.0610177
0.0616757
0.0623274
0.0629727
0.0636117
0.0642444
0.0648709
0.0654916
0.0661062
0.0667149
0.0673177
0.0679149
0.0685064
0.0690924
0.0696728
0.0702479
0.0708177
0.0713821
0.0719415
0.0724958
0.0730452
0.0735898
0.0741296
0.0746647
0.0751953
0.0757214
0.0762429
0.0767602
0.0772731
0.0777819
0.0782867
0.0787875
0.0792843
0.0797774
0.0802668
0.0807525
0.0812345
0.0817131
0.0821884
0.0826604
0.083129
0.0835945
0.084057
0.0845163
0.0849727
0.0854262
0.0858769
0.0863249
0.0867703
0.0872132
0.0876536
0.0880915
0.0885269
0.0889602
0.0893909
0.0898195
0.0902461
0.0906704
0.0910928
0.0915133
0.0919317
0.0923483
0.092763
0.0931759
0.0935872
0.0939968
0.0944047
0.094811
0.0952158
0.095619
0.0960209
0.0964213
0.0968203
0.097218
0.0976145
0.0980098
0.0984038
0.0987968
0.0991885
0.0995792
0.0999688
0.100357
0.100745
0.101132
0.101518
0.101903
0.102287
0.10267
0.103053
0.103435
0.103816
0.104197
0.104577
0.104957
0.105336
0.105714
0.106092
0.106469
0.106846
0.107223
0.1076
0.107976
0.108352
0.108727
0.109102
0.109477
0.109852
0.110227
0.110602
0.110976
0.11135
0.111724
0.112099
0.112473
0.112847
0.113221
0.113595
0.113969
0.114343
0.114717
0.115091
0.115465
0.115839
0.116213
0.116587
0.116961
0.117335
0.117709
0.118083
0.118458
0.118832
0.119206
0.119581
0.119955
0.120329
0.120704
0.121078
0.121453
0.121827
0.122201
0.122575
0.12295
0.123324
0.123698
0.124072
0.124446
0.12482
0.125194
0.125568
0.125941
0.126315
0.126688
0.127061
0.127434
0.127807
0.12818
0.128553
0.128925
0.129298
0.12967
0.130042
0.130414
0.130786
0.131158
0.131529
0.131901
0.132272
0.132644
0.133015
0.133386
0.133758
0.134129
0.1345
0.134871
0.135243
0.135614
0.135985
0.136357
0.136728
0.1371
0.137472
0.137844
0.138217
0.138589
0.138962
0.139336
0.139709
0.140083
0.140458
0.140833
0.141208
0.141584
0.141961
0.142338
0.142716
0.143095
0.143474
0.143854
0.144235
0.144616
0.144999
0.145382
0.145766
0.146151
0.146537
0.146924
0.147311
0.1477
0.14809
0.148481
0.148874
0.149267
0.149661
0.150057
0.150454
0.150852
0.151251
0.151651
0.152053
0.152455
0.152859
0.153265
0.153671
0.154079
0.154488
0.154898
0.15531
0.155723
0.156137
0.156552
0.156969
0.157387
0.157806
0.158226
0.158648
0.15907
0.159495
0.15992
0.160346
0.160774
0.161203
0.161633
0.162064
0.162496
0.16293
0.163364
0.1638
0.164237
0.164675
0.165115
0.165555
0.165996
0.166439
0.166882
0.167327
0.167772
0.168219
0.168667
0.169116
0.169566
0.170017
0.170469
0.170923
0.171377
0.171832
0.172289
0.172746
0.173205
0.173665
0.174125
0.174587
0.17505
0.175514
0.175979
0.176446
0.176913
0.177382
0.177851
0.178322
0.178794
0.179268
0.179742
0.180217
0.180694
0.181172
0.181651
0.182131
0.182613
0.183095
0.183579
0.184064
0.184551
0.185038
0.185527
0.186017
0.186509
0.187001
0.187495
0.18799
0.188487
0.188984
0.189483
0.189983
0.190485
0.190987
0.191491
0.191997
0.192503
0.193011
0.193519
0.19403
0.194541
0.195053
0.195567
0.196082
0.196599
0.197116
0.197634
0.198154
0.198675
0.199197
0.19972
0.200244
0.20077
0.201296
0.201824
0.202353
0.202882
0.203413
0.203945
0.204478
0.205012
0.205546
0.206082
0.206619
0.207156
0.207695
0.208234
0.208775
0.209316
0.209858
0.210401
0.210945
0.211489
0.212034
0.212581
0.213127
0.213675
0.214223
0.214772
0.215321
0.215871
0.216422
0.216974
0.217526
0.218078
0.218632
0.219185
0.21974
0.220294
0.220849
0.221405
0.221961
0.222517
0.223074
0.223631
0.224189
0.224746
0.225304
0.225863
0.226422
0.22698
0.227539
0.228099
0.228658
0.229218
0.229777
0.230337
0.230897
0.231456
0.232016
0.232576
0.233135
0.233695
0.234254
0.234813
0.235372
0.23593
0.236488
0.237046
0.237603
0.23816
0.238717
0.239273
0.239828
0.240383
0.240937
0.241491
0.242043
0.242595
0.243146
0.243696
0.244245
0.244793
0.24534
0.245885
0.24643
0.246973
0.247516
0.248057
0.248596
0.249134
0.249671
0.250206
0.250739
0.251271
0.251802
0.252331
0.252858
0.253383
0.253907
0.254429
0.254949
0.255468
0.255984
0.256499
0.257012
0.257523
0.258032
0.258539
0.259045
0.259549
0.260051
0.260551
0.261049
0.261545
0.26204
0.262533
0.263024
0.263514
0.264001
0.264488
0.264973
0.265456
0.265938
0.266418
0.266898
0.267375
0.267852
0.268328
0.268802
0.269275
0.269748
0.270219
0.27069
0.27116
0.27163
0.272098
0.272567
0.273035
0.273503
0.27397
0.274438
0.274905
0.275373
0.27584
0.276308
0.276777
0.277245
0.277715
0.278185
0.278656
0.279128
0.2796
0.280074
0.280549
0.281026
0.281504
0.281983
0.282464
0.282946
0.283431
0.283917
0.284406
0.284897
0.28539
0.285885
0.286383
0.286884
0.287387
0.287894
0.288403
0.288915
0.289431
0.289949
0.290472
0.290997
0.291527
0.29206
0.292597
0.293138
0.293683
0.294232
0.294785
0.295343
0.295906
0.296473
0.297044
0.297621
0.298202
0.298788
0.29938
0.299976
0.300578
0.301185
0.301797
0.302416
0.303039
0.303668
0.304303
0.304944
0.305591
0.306244
0.306903
0.307568
0.308239
0.308916
0.309599
0.310289
0.310985
0.311688
0.312397
0.313113
0.313835
0.314564
0.3153
0.316042
0.316791
0.317546
0.318309
0.319078
0.319854
0.320637
0.321426
0.322223
0.323026
0.323837
0.324654
0.325478
0.326309
0.327148
0.327993
0.328845
0.329704
0.33057
0.331443
0.332324
0.333211
0.334105
0.335006
0.335914
0.336829
0.337752
0.338681
0.339617
0.340561
0.341511
0.342468
0.343433
0.344404
0.345382
0.346368
0.34736
0.348359
0.349366
0.35038
0.3514
0.352428
0.353462
0.354504
0.355552
0.356608
0.357671
0.358741
0.359818
0.360901
0.361992
0.36309
0.364195
0.365307
0.366427
0.367553
0.368686
0.369827
0.370974
0.372128
0.37329
0.374459
0.375634
0.376817
0.378007
0.379204
0.380407
0.381618
0.382836
0.384061
0.385293
0.386532
0.387777
0.38903
0.39029
0.391556
0.39283
0.39411
0.395397
0.396691
0.397992
0.399299
0.400613
0.401934
0.403261
0.404595
0.405935
0.407282
0.408635
0.409994
0.41136
0.412732
0.41411
0.415494
0.416884
0.41828
0.419682
0.42109
0.422504
0.423923
0.425347
0.426778
0.428213
0.429654
0.4311
0.432551
0.434007
0.435469
0.436935
0.438405
0.439881
0.441361
0.442845
0.444334
0.445826
0.447323
0.448824
0.450329
0.451838
0.45335
0.454866
0.456386
0.457908
0.459434
0.460963
0.462496
0.464031
0.465568
0.467109
0.468652
0.470197
0.471745
0.473295
0.474846
0.4764
0.477956
0.479513
0.481072
0.482632
0.484194
0.485757
0.487321
0.488886
0.490451
0.492018
0.493585
0.495152
0.49672
0.498288
0.499856
0.501424
0.502992
0.504559
0.506126
0.507693
0.509258
0.510824
0.512387
0.51395
0.515512
0.517072
0.518631
0.520189
0.521744
0.523298
0.52485
0.5264
0.527948
0.529493
0.531036
0.532576
0.534114
0.535649
0.537181
0.53871
0.540236
0.541758
0.543277
0.544793
0.546306
0.547814
0.549319
0.55082
0.552317
0.55381
0.5553
0.556784
0.558265
0.559741
0.561212
0.562679
0.564142
0.5656
0.567053
0.568501
0.569945
0.571383
0.572817
0.574246
0.575669
0.577088
0.578501
0.579909
0.581312
0.58271
0.584102
0.585489
0.586871
0.588248
0.589619
0.590985
0.592345
0.5937
0.59505
0.596394
0.597733
0.599066
0.600394
0.601717
0.603035
0.604347
0.605654
0.606955
0.608252
0.609543
0.610829
0.61211
0.613386
0.614657
0.615922
0.617183
0.618439
0.619689
0.620935
0.622177
0.623413
0.624645
0.625872
0.627094
0.628312
0.629526
0.630735
0.63194
0.63314
0.634336
0.635528
0.636716
0.6379
0.639081
0.640257
0.641429
0.642598
0.643763
0.644925
0.646083
0.647237
0.648389
0.649537
0.650681
0.651823
0.652962
0.654098
0.655231
0.656361
0.657488
0.658613
0.659735
0.660855
0.661973
0.663088
0.664201
0.665311
0.66642
0.667527
0.668632
0.669735
0.670836
0.671935
0.673033
0.674129
0.675224
0.676317
0.677409
0.6785
0.67959
0.680678
0.681765
0.682851
0.683936
0.68502
0.686104
0.687186
0.688268
0.689349
0.690429
0.691509
0.692588
0.693666
0.694744
0.695821
0.696898
0.697974
0.69905
0.700126
0.7012
0.702275
0.703349
0.704423
0.705497
0.70657
0.707643
0.708716
0.709788
0.710861
0.711932
0.713004
0.714075
0.715146
0.716217
0.717287
0.718357
0.719426
0.720495
0.721564
0.722632
0.7237
0.724768
0.725835
0.726901
0.727967
0.729033
0.730097
0.731162
0.732225
0.733288
0.734351
0.735412
0.736473
0.737533
0.738593
0.739651
0.740708
0.741765
0.742821
0.743876
0.744929
0.745982
0.747034
0.748084
0.749134
0.750182
0.751229
0.752275
0.75332
0.754363
0.755405
0.756446
0.757486
0.758524
0.75956
0.760596
0.76163
0.762662
0.763693
0.764723
0.76575
0.766777
0.767802
0.768825
0.769847
0.770867
0.771886
0.772903
0.773918
0.774932
0.775944
0.776955
0.777964
0.778971
0.779977
0.780981
0.781983
0.782984
0.783983
0.784981
0.785977
0.786971
0.787964
0.788955
0.789944
0.790931
0.791917
0.792902
0.793884
0.794865
0.795844
0.796822
0.797798
0.798771
0.799744
0.800714
0.801683
0.80265
0.803615
0.804578
0.805539
0.806499
0.807456
0.808412
0.809365
0.810317
0.811266
0.812213
0.813158
0.814101
0.815041
0.81598
0.816916
0.817849
0.81878
0.819708
0.820634
0.821557
0.822477
0.823395
0.82431
0.825221
0.82613
0.827036
0.827938
0.828838
0.829733
0.830626
0.831515
0.832401
0.833283
0.834161
0.835036
0.835907
0.836774
0.837637
0.838496
0.839351
0.840202
0.841049
0.841891
0.842729
0.843563
0.844392
0.845217
0.846037
0.846853
0.847663
0.848469
0.849271
0.850068
0.850859
0.851646
0.852428
0.853205
0.853977
0.854744
0.855506
0.856263
0.857014
0.857761
0.858502
0.859238
0.859969
0.860695
0.861415
0.862131
0.862841
0.863545
0.864245
0.864939
0.865628
0.866311
0.866989
0.867662
0.868329
0.868991
0.869648
0.870299
0.870945
0.871585
0.872221
0.87285
0.873475
0.874094
0.874707
0.875316
0.875918
0.876516
0.877107
0.877694
0.878275
0.87885
0.87942
0.879985
0.880544
0.881098
0.881646
0.882189
0.882727
0.883259
0.883785
0.884306
0.884821
0.885331
0.885835
0.886334
0.886828
0.887315
0.887797
0.888274
0.888745
0.889211
0.889671
0.890125
0.890574
0.891017
0.891455
0.891887
0.892313
0.892734
0.893149
0.893559
0.893963
0.894362
0.894755
0.895142
0.895524
0.8959
0.89627
0.896635
0.896994
0.897348
0.897696
0.898038
0.898375
0.898706
0.899031
0.899351
0.899666
0.899974
0.900277
0.900575
0.900867
0.901154
0.901435
0.90171
0.90198
0.902245
0.902503
0.902757
0.903005
0.903248
0.903485
0.903716
0.903943
0.904164
0.904379
0.90459
0.904795
0.904995
0.905189
0.905379
0.905563
0.905742
0.905916
0.906086
0.90625
0.906409
0.906564
0.906713
0.906858
0.906998
0.907134
0.907265
0.907391
0.907513
0.907631
0.907744
0.907853
0.907958
0.908059
0.908156
0.908249
0.908338
0.908423
0.908505
0.908583
0.908658
0.908729
0.908796
0.908861
0.908922
0.908981
0.909036
0.909089
0.909138
0.909185
0.90923
0.909272
0.909312
0.909349
0.909384
0.909417
0.909448
0.909476
0.909503
0.909529
0.909552
0.909574
0.909594
0.909613
0.909631
0.909647
0.909662
0.909675
0.909688
0.909699
0.90971
0.90972
0.909729
0.909737
0.909744
0.909751
0.909757
0.909762
0.909767
0.909771
0.909775
0.909778
0.909781
0.909784
0.909786
0.909788
0.90979
0.909792
0.909793
0.909794
0.909795
0.909796
0.909797
0.909798
0.909798
0.909799
0.909799
0.909799
0.909799
0.9098
0.9098
0.9098
0.9098
0.9098
0.9098
0.9098
0.9098
0.9098
0.9098
0.9098
0.9098
0.9098
0.9098
0.9098
0.9098
0.9098
0.9098
0.9098
0.9098
0.9098
0.9098
0.9098
0.9098
0.9098
0.9098
0.9098
0.9098
0.9098
0.9098
0.9098
0.9098
0.9098
0.9098
0.9098
0.9098
0.9098
0.9098
0.9098
0.9098
0.9098
0.9098
0.9098
0.9098
0.9098
0.9098
0.9098
0.9098
0.9098
0.9098
0.9098
0.9098
0.9098
0.9098
0.9098
0.9098
0.9098
0.9098
0.9098
0.9098
0.9098
0.9098
0.9098
0.9098
0.9098
0.9098
0.9098
0.9098
0.9098
0.9098
0.9098
0.9098
0.9098
0.9098
0.9098
0.9098
0.9098
0.9098
0.9098
0.9098
0.9098
0.9098
0.9098
0.9098
0.9098
0.9098
0.9098
0.9098
0.9098
0.9098
0.9098
0.9098
0.9098
0.9098
0.9098
0.9098
0.9098
0.9098
0.9098
0.9098
0.9098
0.9098
0.9098
0.9098
0.9098
0.9098
0.9098
0.9098
0.9098
0.9098
0.9098
0.9098
0.9098
0.9098
0.9098
0.9098
0.9098
0.9098
0.9098
0.9098
0.9098
0.9098
0.9098
0.9098
0.9098
0.9098
0.9098
0.9098
0.9098
0.9098
0.9098
0.9098
0.9098
0.9098
0.9098
0.9098
0.9098
0.9098
0.9098
0.9098
0.9098
0.9098
0.9098
0.9098
0.9098
0.9098
0.9098
0.9098
0.9098
0.9098
0.9098
0.9098
0.9098
0.9098
0.9098
0.9098
0.9098
0.9098
0.9098
0.9098
0.9098
0.9098
0.9098
0.9098
0.9098
0.9098
0.9098
0.9098
0.9098
0.9098
0.9098
0.9098
0.9098
0.9098
0.9098
0.9098
0.9098
0.9098
0.9098
0.9098
0.9098
0.9098
0.9098
0.9098
0.9098
0.9098
0.9098
0.9098
0.9098
0.9098
0.9098
0.9098
0.9098
0.9098
0.9098
0.9098
0.9098
0.9098
0.9098
0.9098
0.9098
0.9098
0.9098
0.9098
0.9098
0.9098
0.9098
0.9098
0.9098
0.9098
0.9098
0.9098
0.9098
0.9098
0.9098
0.9098
0.9098
0.9098
0.9098
0.9098
0.9098
0.9098
0.9098
0.9098
0.9098
0.9098
0.9098
0.9098
0.9098
0.9098
0.9098
0.9098
0.9098
0.9098
0.9098
0.9098
0.9098
0.9098
0.9098
0.9098
0.9098
0.9098
0.9098
0.9098
0.9098
0.9098
0.9098
0.9098
0.9098
0.9098
0.9098
0.9098
0.9098
0.9098
0.9098
0.9098
0.9098
0.9098
0.9098
0.9098
0.9098
0.9098
0.9098
0.9098
0.9098
0.9098
0.9098
0.9098
0.9098
0.9098
0.9098
0.9098
0.9098
0.9098
0.9098
0.9098
0.9098
0.9098
0.9098
0.9098
0.9098
0.9098
0.9098
0.9098
0.9098
0.9098
0.9098
0.9098
0.9098
0.9098
0.9098
0.9098
0.9098
0.9098
0.9098
0.9098
0.9098
0.9098
0.9098
0.9098
0.9098
0.9098
0.9098
0.9098
0.9098
0.9098
0.9098
0.9098
0.9098
0.9098
0.9098
0.9098
0.9098
0.9098
0.9098
0.9098
0.9098
0.9098
0.9098
0.9098
0.9098
0.9098
0.9098
0.9098
0.9098
0.9098
0.9098
0.9098
0.9098
0.9098
0.9098
0.9098
0.9098
0.9098
0.9098
0.9098
0.9098
0.9098
0.9098
0.9098
0.9098
0.9098
0.9098
0.9098
0.9098
0.9098
0.9098
0.9098
0.9098
0.9098
0.9098
0.9098
0.9098
0.9098
0.9098
0.9098
0.9098
0.9098
0.9098
0.9098
0.9098
0.9098
0.9098
0.9098
0.9098
0.9098
0.9098
0.9098
0.9098
0.9098
0.9098
0.9098
0.9098
0.9098
0.9098
0.9098
0.9098
0.9098
0.9098
0.9098
0.9098
0.9098
0.9098
0.9098
0.9098
0.9098
0.9098
0.9098
0.9098
0.9098
0.9098
0.9098
0.9098
0.9098
0.9098
0.9098
0.9098
0.9098
0.9098
0.9098
0.9098
0.9098
0.9098
0.9098
0.9098
0.9098
0.9098
0.9098
0.9098
0.9098
0.9098
0.9098
0.9098
0.9098
0.9098
0.9098
0.9098
0.9098
0.9098
0.9098
0.9098
0.9098
0.9098
0.9098
0.9098
0.9098
0.9098
0.9098
0.9098
0.9098
0.9098
0.9098
0.9098
0.9098
0.9098
0.9098
0.9098
0.9098
0.9098
0.9098
0.9098
0.9098
0.9098
0.9098
0.9098
0.9098
0.9098
0.9098
0.9098
0.9098
0.9098
0.9098
0.9098
0.9098
0.9098
0.9098
0.9098
0.9098
0.9098
0.9098
0.9098
0.9098
0.9098
0.9098
0.9098
0.9098
0.9098
0.9098
0.9098
0.9098
0.9098
0.9098
0.9098
0.9098
0.9098
0.9098
0.9098
0.9098
0.9098
0.9098
0.9098
0.9098
0.9098
0.9098
0.9098
0.9098
0.9098
0.9098
0.9098
0.9098
0.9098
0.9098
0.9098
0.9098
0.9098
0.9098
0.9098
0.9098
0.9098
0.9098
0.9098
0.9098
0.9098
0.9098
0.9098
0.9098
0.9098
0.9098
0.9098
0.9098
0.9098
0.9098
0.9098
0.9098
0.9098
0.9098
0.9098
0.9098
0.9098
0.9098
0.9098
0.9098
0.9098
0.9098
0.9098
0.9098
0.9098
0.9098
0.9098
0.9098
0.9098
0.9098
0.9098
0.9098
0.9098
0.9098
0.9098
0.9098
0.9098
0.9098
0.9098
0.9098
0.9098
0.9098
0.9098
0.9098
0.9098
0.9098
0.9098
0.9098
0.9098
0.9098
0.9098
0.9098
0.9098
0.9098
0.9098
0.9098
0.9098
0.9098
0.9098
0.9098
0.9098
0.9098
0.9098
0.9098
0.9098
0.9098
0.9098
0.9098
0.9098
0.9098
0.9098
0.9098
0.9098
0.9098
0.9098
0.9098
0.9098
0.9098
0.9098
0.9098
0.9098
0.9098
0.9098
0.9098
0.9098
0.9098
0.9098
0.9098
0.9098
0.9098
0.9098
0.9098
0.9098
0.9098
0.9098
0.9098
0.9098
0.9098
0.9098
0.9098
0.9098
0.9098
0.9098
0.9098
0.9098
0.9098
0.9098
0.9098
0.9098
0.9098
0.9098
0.9098
0.9098
0.9098
0.9098
0.9098
0.9098
0.9098
0.9098
0.9098
0.9098
0.9098
0.9098
0.9098
0.9098
0.9098
0.9098
0.9098
0.9098
0.9098
0.9098
0.9098
0.9098
0.9098
0.9098
0.9098
0.9098
0.9098
0.9098
0.9098
0.9098
0.9098
0.9098
0.9098
0.9098
0.9098
0.9098
0.9098
0.9098
0.9098
0.9098
0.9098
0.9098
0.9098
0.9098
0.9098
0.9098
0.9098
0.9098
0.9098
0.9098
0.9098
0.9098
0.9098
0.9098
0.9098
0.9098
0.9098
0.9098
0.9098
0.9098
0.9098
0.9098
0.9098
0.9098
0.9098
0.9098
0.9098
0.9098
0.9098
0.9098
0.9098
0.9098
0.9098
0.9098
0.9098
0.9098
0.9098
0.9098
0.9098
0.9098
0.9098
0.9098
0.9098
0.9098
0.9098
0.9098
0.9098
0.9098
0.9098
0.9098
0.9098
0.9098
0.9098
0.9098
0.9098
0.9098
0.9098
0.9098
0.9098
0.9098
0.9098
0.9098
0.9098
0.9098
0.9098
0.9098
0.9098
0.9098
0.9098
0.9098
0.9098
0.9098
0.9098
0.9098
0.9098
0.9098
0.9098
0.9098
0.9098
0.9098
0.9098
0.9098
0.9098
0.9098
0.9098
0.9098
0.9098
0.9098
0.9098
0.9098
0.9098
0.9098
0.9098
0.9098
0.9098
0.9098
0.9098
0.9098
0.9098
0.9098
0.9098
0.9098
0.9098
0.9098
0.9098
0.9098
0.9098
0.9098
0.9098
0.9098
0.9098
0.9098
0.9098
0.9098
0.9098
0.9098
0.9098
0.9098
0.9098
0.9098
0.9098
0.9098
0.9098
0.9098
0.9098
0.9098
0.9098
0.9098
0.9098
0.9098
0.9098
0.9098
0.9098
0.9098
0.9098
0.9098
0.9098
0.9098
0.9098
0.9098
0.9098
0.9098
0.9098
0.9098
0.9098
0.9098
0.9098
0.9098
0.9098
0.9098
0.9098
0.9098
0.9098
0.9098
0.9098
0.9098
0.9098
0.9098
0.9098
0.9098
0.9098
0.9098
0.9098
0.9098
0.9098
0.9098
0.9098
0.9098
0.9098
0.9098
0.9098
0.9098
0.9098
0.9098
0.9098
0.9098
0.9098
0.9098
0.9098
0.9098
0.9098
0.9098
0.9098
0.9098
0.9098
0.9098
0.9098
0.9098
0.9098
0.9098
0.9098
0.9098
0.9098
0.9098
0.9098
0.9098
0.9098
0.9098
0.9098
0.9098
0.9098
0.9098
0.9098
0.9098
0.9098
0.9098
0.9098
0.9098
0.9098
0.9098
0.9098
0.9098
0.9098
0.9098
0.9098
0.9098
0.9098
0.9098
0.9098
0.9098
0.9098
0.9098
0.9098
0.9098
0.9098
0.9098
0.9098
0.9098
0.9098
0.9098
0.9098
0.9098
0.9098
0.9098
0.9098
0.9098
0.9098
0.9098
0.9098
0.9098
0.9098
0.9098
0.9098
0.9098
0.9098
0.9098
0.9098
0.9098
0.9098
0.9098
0.9098
0.9098
0.9098
0.9098
0.9098
0.9098
0.9098
0.9098
0.9098
0.9098
0.9098
0.9098
0.9098
0.9098
0.9098
0.9098
0.9098
0.9098
0.9098
0.9098
0.9098
0.9098
0.9098
0.9098
0.9098
0.9098
0.9098
0.9098
0.9098
0.9098
0.9098
0.9098
0.9098
0.9098
0.9098
0.9098
0.9098
0.9098
0.9098
0.9098
0.9098
0.9098
0.9098
0.9098
0.9098
0.9098
0.9098
0.9098
0.9098
0.9098
0.9098
0.9098
0.9098
0.9098
0.9098
0.9098
0.9098
0.9098
0.9098
0.9098
0.9098
0.9098
0.9098
0.9098
0.9098
0.9098
0.9098
0.9098
0.9098
0.9098
0.9098
0.9098
0.9098
0.9098
0.9098
0.9098
0.9098
0.9098
0.9098
0.9098
0.9098
0.9098
0.9098
0.9098
0.9098
0.9098
0.9098
0.9098
0.9098
0.9098
0.9098
0.9098
0.9098
0.9098
0.9098
0.9098
0.9098
0.9098
0.9098
0.9098
0.9098
0.9098
0.9098
0.9098
0.9098
0.9098
0.9098
0.9098
0.9098
0.9098
0.9098
0.9098
0.9098
0.9098
0.9098
0.9098
0.9098
0.9098
0.9098
0.9098
0.9098
0.9098
0.9098
0.9098
0.9098
0.9098
0.9098
0.9098
0.9098
0.9098
0.9098
0.9098
0.9098
0.9098
0.9098
0.9098
0.9098
0.9098
0.9098
0.9098
0.9098
0.9098
0.9098
0.9098
0.9098
0.9098
0.9098
0.9098
0.9098
0.9098
0.9098
0.9098
0.9098
0.9098
0.9098
0.9098
0.9098
0.9098
0.9098
0.9098
0.9098
0.9098
0.9098
0.9098
0.9098
0.9098
0.9098
0.9098
0.9098
0.9098
0.9098
0.9098
0.9098
0.9098
0.9098
0.9098
0.9098
0.9098
0.9098
0.9098
0.9098
0.9098
0.9098
0.9098
0.9098
0.9098
0.9098
0.9098
0.9098
0.9098
0.9098
0.9098
0.9098
0.9098
0.9098
0.9098
0.9098
0.9098
0.9098
0.9098
0.9098
0.9098
0.9098
0.9098
0.9098
0.9098
0.9098
0.9098
0.9098
0.9098
0.9098
0.9098
0.9098
0.9098
0.9098
0.9098
0.9098
0.9098
0.9098
0.9098
0.9098
0.9098
0.9098
0.9098
0.9098
0.9098
0.9098
0.9098
0.9098
0.9098
0.9098
0.9098
0.9098
0.9098
0.9098
0.9098
0.9098
0.9098
0.9098
0.9098
0.9098
0.9098
0.9098
0.9098
0.9098
0.9098
0.9098
0.9098
0.9098
0.9098
0.9098
0.9098
0.9098
0.9098
0.9098
0.9098
0.9098
0.9098
0.9098
0.9098
0.9098
0.9098
0.9098
0.9098
0.9098
0.9098
0.9098
0.9098
0.9098
0.9098
0.9098
0.9098
0.9098
0.9098
0.9098
0.9098
0.9098
0.9098
0.9098
0.9098
0.9098
0.9098
0.9098
0.9098
0.9098
0.9098
0.9098
0.9098
0.9098
0.9098
0.9098
0.9098
0.9098
0.9098
0.9098
0.9098
0.9098
0.9098
0.9098
0.9098
0.9098
0.9098
0.9098
0.9098
0.9098
0.9098
0.9098
0.9098
0.9098
0.9098
0.9098
0.9098
0.9098
0.9098
0.9098
0.9098
0.9098
0.9098
0.9098
0.9098
0.9098
0.9098
0.9098
0.9098
0.9098
0.9098
0.9098
0.9098
0.9098
0.9098
0.9098
0.9098
0.9098
0.9098
0.9098
0.9098
0.9098
0.9098
0.9098
0.9098
0.9098
0.9098
0.9098
0.9098
0.9098
0.9098
0.9098
0.9098
0.9098
0.9098
0.9098
0.9098
0.9098
0.9098
0.9098
0.9098
0.9098
0.9098
0.9098
0.9098
0.9098
0.9098
0.9098
0.9098
0.9098
0.9098
0.9098
0.9098
0.9098
0.9098
0.9098
0.9098
0.9098
0.9098
0.9098
0.9098
0.9098
0.9098
0.9098
0.9098
0.9098
0.9098
0.9098
0.9098
0.9098
0.9098
0.9098
0.9098
0.9098
0.9098
0.9098
0.9098
0.9098
0.9098
0.9098
0.9098
0.9098
0.9098
0.9098
0.9098
0.9098
0.9098
0.9098
0.9098
0.9098
0.9098
0.9098
0.9098
0.9098
0.9098
0.9098
0.9098
0.9098
0.9098
0.9098
0.9098
0.9098
0.9098
0.9098
0.9098
0.9098
0.9098
0.9098
0.9098
0.9098
0.9098
0.9098
0.9098
0.9098
0.9098
0.9098
0.9098
0.9098
0.9098
0.9098
0.9098
0.9098
0.9098
0.9098
0.9098
0.9098
0.9098
0.9098
0.9098
0.9098
0.9098
0.9098
0.9098
0.9098
0.9098
0.9098
0.9098
0.9098
0.9098
0.9098
0.9098
0.9098
0.9098
0.9098
0.9098
0.9098
0.9098
0.9098
0.9098
0.9098
0.9098
0.9098
0.9098
0.9098
0.9098
0.9098
0.9098
0.9098
0.9098
0.9098
0.9098
0.9098
0.9098
0.9098
0.9098
0.9098
0.9098
0.9098
0.9098
0.9098
0.9098
0.9098
0.9098
0.9098
0.9098
0.9098
0.9098
0.9098
0.9098
0.9098
0.9098
0.9098
0.9098
0.9098
0.9098
0.9098
0.9098
0.9098
0.9098
0.9098
0.9098
0.9098
0.9098
0.9098
0.9098
0.9098
0.9098
0.9098
0.9098
0.9098
0.9098
0.9098
0.9098
0.9098
0.9098
0.9098
0.9098
0.9098
0.9098
0.9098
0.9098
0.9098
0.9098
0.9098
0.9098
0.9098
0.9098
0.9098
0.9098
0.9098
0.9098
0.9098
0.9098
0.9098
0.9098
0.9098
0.9098
0.9098
0.9098
0.9098
0.9098
0.9098
0.9098
0.9098
0.9098
0.9098
0.9098
0.9098
0.9098
0.9098
0.9098
0.9098
0.9098
0.9098
0.9098
0.9098
0.9098
0.9098
0.9098
0.9098
0.9098
0.9098
0.9098
0.9098
0.9098
0.9098
0.9098
0.9098
0.9098
0.9098
0.9098
0.9098
0.9098
0.9098
0.9098
0.9098
0.9098
0.9098
0.9098
0.9098
0.9098
0.9098
0.9098
0.9098
0.9098
0.9098
0.9098
0.9098
0.9098
0.9098
0.9098
0.9098
0.9098
0.9098
0.9098
0.9098
0.9098
0.9098
0.9098
0.9098
0.9098
0.9098
0.9098
0.9098
0.9098
0.9098
0.9098
0.9098
0.9098
0.9098
0.9098
0.9098
0.9098
0.9098
0.9098
0.9098
0.9098
0.9098
0.9098
0.9098
0.9098
0.9098
0.9098
0.9098
0.9098
0.9098
0.9098
0.9098
0.9098
0.9098
0.9098
0.9098
0.9098
0.9098
0.9098
0.9098
0.9098
0.9098
0.9098
0.9098
0.9098
0.9098
0.9098
0.9098
0.9098
0.9098
0.9098
0.9098
0.9098
0.9098
0.9098
0.9098
0.9098
0.9098
0.9098
0.9098
0.9098
0.9098
0.9098
0.9098
0.9098
0.9098
0.9098
0.9098
0.9098
0.9098
0.9098
0.9098
0.9098
0.9098
0.9098
0.9098
0.9098
0.9098
0.9098
0.9098
0.9098
0.9098
0.9098
0.9098
0.9098
0.9098
0.9098
0.9098
0.9098
0.9098
0.9098
0.9098
0.9098
0.9098
0.9098
0.9098
0.9098
0.9098
0.9098
0.9098
0.9098
0.9098
0.9098
0.9098
0.9098
0.9098
0.9098
0.9098
0.9098
0.9098
0.9098
0.9098
0.9098
0.9098
0.9098
0.9098
0.9098
0.9098
0.9098
0.9098
0.9098
0.9098
0.9098
0.9098
0.9098
0.9098
0.9098
0.9098
0.9098
0.9098
0.9098
0.9098
0.9098
0.9098
0.9098
0.9098
0.9098
0.9098
0.9098
0.9098
0.9098
0.9098
0.9098
0.9098
0.9098
0.9098
0.9098
0.9098
0.9098
0.9098
0.9098
0.9098
0.9098
0.9098
0.9098
0.9098
0.9098
0.9098
0.9098
0.9098
0.9098
0.9098
0.9098
0.9098
0.9098
0.9098
0.9098
0.9098
0.9098
0.9098
0.9098
0.9098
0.9098
0.9098
0.9098
0.9098
0.9098
0.9098
0.9098
0.9098
0.9098
0.9098
0.9098
0.9098
0.9098
0.9098
0.9098
0.9098
0.9098
0.9098
0.9098
0.9098
0.9098
0.9098
0.9098
0.9098
0.9098
0.9098
0.9098
0.9098
0.9098
0.9098
0.9098
0.9098
0.9098
0.9098
0.9098
0.9098
0.9098
0.9098
0.9098
0.9098
0.9098
0.9098
0.9098
0.9098
0.9098
0.9098
0.9098
0.9098
0.9098
0.9098
0.9098
0.9098
0.9098
0.9098
0.9098
0.9098
0.9098
0.9098
0.9098
0.9098
0.9098
0.9098
0.9098
0.9098
0.9098
0.9098
0.9098
0.9098
0.9098
0.9098
0.9098
0.9098
0.9098
0.9098
0.9098
0.9098
0.9098
0.9098
0.9098
0.9098
0.9098
0.9098
0.9098
0.9098
0.9098
0.9098
0.9098
0.9098
0.9098
0.9098
0.9098
0.9098
0.9098
0.9098
0.9098
0.9098
0.9098
0.9098
0.9098
0.9098
0.9098
0.9098
0.9098
0.9098
0.9098
0.9098
0.9098
0.9098
0.9098
0.9098
0.9098
0.9098
0.9098
0.9098
0.9098
0.9098
0.9098
0.9098
0.9098
0.9098
0.9098
0.9098
0.9098
0.9098
0.9098
0.9098
0.9098
0.9098
0.9098
0.9098
0.9098
0.9098
0.9098
0.9098
0.9098
0.9098
0.9098
0.9098
0.9098
0.9098
0.9098
0.9098
0.9098
0.9098
0.9098
0.9098
0.9098
0.9098
0.9098
0.9098
0.9098
0.9098
0.9098
0.9098
0.9098
0.9098
0.9098
0.9098
0.9098
0.9098
0.9098
0.9098
0.9098
0.9098
0.9098
0.9098
0.9098
0.9098
0.9098
0.9098
0.9098
0.9098
0.9098
0.9098
0.9098
0.9098
0.9098
0.9098
0.9098
0.9098
0.9098
0.9098
0.9098
0.9098
0.9098
0.9098
0.9098
0.9098
0.9098
0.9098
0.9098
0.9098
0.9098
0.9098
0.9098
0.9098
0.9098
0.9098
0.9098
0.9098
0.9098
0.9098
0.9098
0.9098
0.9098
0.9098
0.9098
0.9098
0.9098
0.9098
0.9098
0.9098
0.9098
0.9098
0.9098
0.9098
0.9098
0.9098
0.9098
0.9098
0.9098
0.9098
0.9098
0.9098
0.9098
0.9098
0.9098
0.9098
0.9098
0.9098
0.9098
0.9098
0.9098
0.9098
0.9098
0.9098
0.9098
0.9098
0.9098
0.9098
0.9098
0.9098
0.9098
0.9098
0.9098
0.9098
0.9098
0.9098
0.9098
0.9098
0.9098
0.9098
0.9098
0.9098
0.9098
0.9098
0.909799
0.909799
0.909799
0.909799
0.909799
0.909799
0.909799
0.909799
0.909799
0.909799
0.909799
0.909799
0.909799
0.909799
0.909799
0.909799
0.909799
0.909799
0.909799
0.909799
0.909799
0.909799
0.909799
0.909799
0.909799
0.909799
0.909799
0.909799
0.909799
0.909799
0.909799
0.909799
0.909799
0.909799
0.909799
0.909799
0.909799
0.909799
0.909799
0.909799
0.909799
0.909799
0.909798
0.909798
0.909798
0.909798
0.909798
0.909798
0.909798
0.909798
0.909798
0.909798
0.909798
0.909798
0.909798
0.909798
0.909798
0.909798
0.909798
0.909798
0.909798
0.909797
0.909797
0.909797
0.909797
0.909797
0.909797
0.909797
0.909797
0.909797
0.909797
0.909797
0.909797
0.909796
0.909796
0.909796
0.909796
0.909796
0.909796
0.909796
0.909796
0.909796
0.909796
0.909795
0.909795
0.909795
0.909795
0.909795
0.909795
0.909795
0.909794
0.909794
0.909794
0.909794
0.909794
0.909794
0.909794
0.909793
0.909793
0.909793
0.909793
0.909793
0.909792
0.909792
0.909792
0.909792
0.909792
0.909791
0.909791
0.909791
0.909791
0.90979
0.90979
0.90979
0.90979
0.909789
0.909789
0.909789
0.909788
0.909788
0.909788
0.909787
0.909787
0.909787
0.909786
0.909786
0.909786
0.909785
0.909785
0.909784
0.909784
0.909784
0.909783
0.909783
0.909782
0.909782
0.909781
0.909781
0.90978
0.90978
0.909779
0.909779
0.909778
0.909777
0.909777
0.909776
0.909775
0.909775
0.909774
0.909773
0.909773
0.909772
0.909771
0.90977
0.90977
0.909769
0.909768
0.909767
0.909766
0.909765
0.909764
0.909763
0.909762
0.909761
0.90976
0.909759
0.909758
0.909757
0.909756
0.909755
0.909753
0.909752
0.909751
0.90975
0.909748
0.909747
0.909745
0.909744
0.909742
0.909741
0.909739
0.909738
0.909736
0.909734
0.909732
0.909731
0.909729
0.909727
0.909725
0.909723
0.909721
0.909719
0.909716
0.909714
0.909712
0.909709
0.909707
0.909704
0.909702
0.909699
0.909696
0.909694
0.909691
0.909688
0.909685
0.909682
0.909678
0.909675
0.909672
0.909668
0.909665
0.909661
0.909657
0.909654
0.90965
0.909645
0.909641
0.909637
0.909633
0.909628
0.909623
0.909619
0.909614
0.909609
0.909604
0.909598
0.909593
0.909587
0.909581
0.909576
0.90957
0.909563
0.909557
0.90955
0.909544
0.909537
0.90953
0.909522
0.909515
0.909507
0.909499
0.909491
0.909483
0.909474
0.909465
0.909456
0.909447
0.909437
0.909428
0.909418
0.909407
0.909397
0.909386
0.909375
0.909363
0.909351
0.909339
0.909327
0.909314
0.909301
0.909287
0.909274
0.909259
0.909245
0.90923
0.909214
0.909199
0.909182
0.909166
0.909149
0.909131
0.909113
0.909094
0.909075
0.909056
0.909036
0.909015
0.908994
0.908972
0.90895
0.908927
0.908903
0.908879
0.908854
0.908829
0.908803
0.908776
0.908748
0.90872
0.908691
0.908661
0.90863
0.908598
0.908566
0.908533
0.908499
0.908464
0.908428
0.908391
0.908353
0.908314
0.908274
0.908232
0.90819
0.908147
0.908102
0.908057
0.90801
0.907962
0.907912
0.907861
0.907809
0.907755
0.9077
0.907644
0.907586
0.907526
0.907465
0.907403
0.907338
0.907272
0.907204
0.907134
0.907063
0.906989
0.906914
0.906836
0.906756
0.906675
0.906591
0.906505
0.906416
0.906326
0.906232
0.906137
0.906039
0.905938
0.905834
0.905728
0.905619
0.905507
0.905392
0.905274
0.905153
0.905029
0.904901
0.90477
0.904636
0.904498
0.904356
0.904211
0.904061
0.903908
0.903751
0.90359
0.903424
0.903254
0.90308
0.902901
0.902717
0.902529
0.902336
0.902137
0.901933
0.901724
0.90151
0.90129
0.901064
0.900833
0.900595
0.900351
0.900101
0.899845
0.899582
0.899311
0.899034
0.89875
0.898459
0.89816
0.897853
0.897539
0.897216
0.896886
0.896546
0.896198
0.895842
0.895476
0.895101
0.894716
0.894322
0.893917
0.893503
0.893078
0.892642
0.892196
0.891738
0.891269
0.890788
0.890296
0.889791
0.889273
0.888743
0.8882
0.887643
0.887073
0.886488
0.88589
0.885277
0.884649
0.884006
0.883347
0.882673
0.881982
0.881275
0.880551
0.87981
0.879051
0.878274
0.87748
0.876666
0.875834
0.874982
0.87411
0.873219
0.872307
0.871374
0.870419
0.869444
0.868446
0.867426
0.866382
0.865316
0.864226
0.863112
0.861974
0.860811
0.859623
0.858409
0.857169
0.855902
0.854609
0.853289
0.851941
0.850565
0.84916
0.847727
0.846264
0.844772
0.84325
0.841698
0.840115
0.838501
0.836855
0.835178
0.833469
0.831727
0.829953
0.828145
0.826304
0.82443
0.822521
0.820578
0.818601
0.816589
0.814542
0.81246
0.810342
0.808189
0.806
0.803775
0.801514
0.799217
0.796884
0.794514
0.792108
0.789666
0.787187
0.784671
0.782119
0.779531
0.776906
0.774245
0.771548
0.768815
0.766046
0.763242
0.760402
0.757527
0.754616
0.751672
0.748693
0.74568
0.742633
0.739553
0.736441
0.733296
0.730119
0.726911
0.723672
0.720404
0.717105
0.713777
0.710422
0.707038
0.703627
0.700191
0.696728
0.693241
0.68973
0.686196
0.68264
0.679062
0.675464
0.671846
0.668209
0.664555
0.660884
0.657197
0.653495
0.649779
0.646051
0.642311
0.63856
0.634799
0.631031
0.627254
0.623471
0.619683
0.615891
0.612096
0.608299
0.6045
0.600703
0.596906
0.593112
0.589322
0.585537
0.581757
0.577984
0.574219
0.570463
0.566718
0.562983
0.559261
0.555553
0.551858
0.548179
0.544516
0.54087
0.537243
0.533635
0.530046
0.526479
0.522934
0.519411
0.515912
0.512437
0.508988
0.505564
0.502167
0.498797
0.495455
0.492142
0.488858
0.485604
0.482381
0.479189
0.476028
0.472899
0.469803
0.46674
0.46371
0.460714
0.457752
0.454824
0.451931
0.449074
0.446251
0.443465
0.440714
0.437999
0.43532
0.432677
0.43007
0.4275
0.424966
0.422469
0.420008
0.417584
0.415196
0.412845
0.41053
0.408251
0.406008
0.403801
0.40163
0.399495
0.397395
0.39533
0.393301
0.391306
0.389346
0.38742
0.385529
0.383671
0.381847
0.380056
0.378298
0.376572
0.374879
0.373218
0.371588
0.36999
0.368422
0.366885
0.365378
0.363901
0.362453
0.361034
0.359644
0.358282
0.356948
0.355641
0.354361
0.353108
0.351881
0.35068
0.349504
0.348354
0.347228
0.346126
0.345048
0.343993
0.342962
0.341953
0.340966
0.340001
0.339057
0.338135
0.337233
0.336351
0.33549
0.334648
0.333825
0.333021
0.332235
0.331467
0.330718
0.329985
0.329269
0.328571
0.327888
0.327222
0.326571
0.325935
0.325315
0.324709
0.324118
0.323541
0.322977
0.322427
0.32189
0.321367
0.320855
0.320357
0.31987
0.319395
0.318932
0.318479
0.318038
0.317608
0.317189
0.316779
0.31638
0.31599
0.315611
0.31524
0.314879
0.314527
0.314183
0.313848
0.313521
0.313203
0.312892
0.31259
0.312294
0.312007
0.311726
0.311453
0.311186
0.310926
0.310673
0.310426
0.310185
0.309951
0.309722
0.309499
0.309282
0.30907
0.308864
0.308663
0.308467
0.308276
0.30809
0.307909
0.307732
0.30756
0.307392
0.307229
0.30707
0.306915
0.306764
0.306616
0.306473
0.306333
0.306197
0.306064
0.305935
0.305809
0.305686
0.305567
0.30545
0.305337
0.305226
0.305119
0.305014
0.304912
0.304812
0.304715
0.304621
0.304529
0.304439
0.304352
0.304267
0.304184
0.304103
0.304025
0.303948
0.303874
0.303801
0.303731
0.303662
0.303595
0.303529
0.303466
0.303404
0.303344
0.303285
0.303228
0.303172
0.303118
0.303065
0.303013
0.302963
0.302914
0.302867
0.30282
0.302775
0.302731
0.302689
0.302647
0.302606
0.302567
0.302528
0.302491
0.302454
0.302419
0.302384
0.30235
0.302318
0.302286
0.302255
0.302224
0.302195
0.302166
0.302138
0.302111
0.302084
0.302058
0.302033
0.302009
0.301985
0.301962
0.301939
0.301917
0.301895
0.301875
0.301854
0.301834
0.301815
0.301796
0.301778
0.30176
0.301743
0.301726
0.30171
0.301693
0.301678
0.301663
0.301648
0.301634
0.301619
0.301606
0.301593
0.30158
0.301567
0.301555
0.301543
0.301531
0.30152
0.301509
0.301498
0.301488
0.301477
0.301467
0.301458
0.301448
0.301439
0.30143
0.301422
0.301413
0.301405
0.301397
0.301389
0.301381
0.301374
0.301367
0.30136
0.301353
0.301346
0.30134
0.301334
0.301327
0.301321
0.301316
0.30131
0.301304
0.301299
0.301294
0.301289
0.301284
0.301279
0.301274
0.30127
0.301265
0.301261
0.301257
0.301252
0.301248
0.301245
0.301241
0.301237
0.301233
0.30123
0.301227
0.301223
0.30122
0.301217
0.301214
0.301211
0.301208
0.301205
0.301202
0.3012
0.301197
0.301194
0.301192
0.301189
0.301187
0.301185
0.301183
0.30118
0.301178
0.301176
0.301174
0.301172
0.30117
0.301169
0.301167
0.301165
0.301163
0.301162
0.30116
0.301158
0.301157
0.301155
0.301154
0.301152
0.301151
0.30115
0.301148
0.301147
0.301146
0.301145
0.301144
0.301142
0.301141
0.30114
0.301139
0.301138
0.301137
0.301136
0.301135
0.301134
0.301133
0.301132
0.301132
0.301131
0.30113
0.301129
0.301128
0.301128
0.301127
0.301126
0.301126
0.301125
0.301124
0.301124
0.301123
0.301122
0.301122
0.301121
0.301121
0.30112
0.30112
0.301119
0.301119
0.301118
0.301118
0.301117
0.301117
0.301116
0.301116
0.301115
0.301115
0.301115
0.301114
0.301114
0.301113
0.301113
0.301113
0.301112
0.301112
0.301112
0.301111
0.301111
0.301111
0.301111
0.30111
0.30111
0.30111
0.30111
0.301109
0.301109
0.301109
0.301109
0.301108
0.301108
0.301108
0.301108
0.301107
0.301107
0.301107
0.301107
0.301107
0.301107
0.301106
0.301106
0.301106
0.301106
0.301106
0.301106
0.301105
0.301105
0.301105
0.301105
0.301105
0.301105
0.301105
0.301105
0.301104
0.301104
0.301104
0.301104
0.301104
0.301104
0.301104
0.301104
0.301104
0.301103
0.301103
0.301103
0.301103
0.301103
0.301103
0.301103
0.301103
0.301103
0.301103
0.301103
0.301103
0.301103
0.301102
0.301102
0.301102
0.301102
0.301102
0.301102
0.301102
0.301102
0.301102
0.301102
0.301102
0.301102
0.301102
0.301102
0.301102
0.301102
0.301102
0.301102
0.301102
0.301101
0.301101
0.301101
0.301101
0.301101
0.301101
0.301101
0.301101
0.301101
0.301101
0.301101
0.301101
0.301101
0.301101
0.301101
0.301101
0.301101
0.301101
0.301101
0.301101
0.301101
0.301101
0.301101
0.301101
0.301101
0.301101
0.301101
0.301101
0.301101
0.301101
0.301101
0.301101
0.301101
0.301101
0.301101
0.301101
0.301101
0.301101
0.301101
0.301101
0.301101
0.3011
0.3011
0.3011
0.3011
0.3011
0.3011
0.3011
0.3011
0.3011
0.3011
0.3011
0.3011
0.3011
0.3011
0.3011
0.3011
0.3011
0.3011
0.3011
0.3011
0.3011
0.3011
0.3011
0.3011
0.3011
0.3011
0.3011
0.3011
0.3011
0.3011
0.3011
0.3011
0.3011
0.3011
0.3011
0.3011
0.3011
0.3011
0.3011
0.3011
0.3011
0.3011
0.3011
0.3011
0.3011
0.3011
0.3011
0.3011
0.3011
0.3011
0.3011
0.3011
0.3011
0.3011
0.3011
0.3011
0.3011
0.3011
0.3011
0.3011
0.3011
0.3011
0.3011
0.3011
0.3011
0.3011
0.3011
0.3011
0.3011
0.3011
0.3011
0.3011
0.3011
0.3011
0.3011
0.3011
0.3011
0.3011
0.3011
0.3011
0.3011
0.3011
0.3011
0.3011
0.3011
0.3011
0.3011
0.3011
0.3011
0.3011
0.3011
0.3011
0.3011
0.3011
0.3011
0.3011
0.3011
0.3011
0.3011
0.3011
0.3011
0.3011
0.3011
0.3011
0.3011
0.3011
0.3011
0.3011
0.3011
0.3011
0.3011
0.3011
0.3011
0.3011
0.3011
0.3011
0.3011
0.3011
0.3011
0.3011
0.3011
0.3011
0.3011
0.3011
0.3011
0.3011
0.3011
0.3011
0.3011
0.3011
0.3011
0.3011
0.3011
0.3011
0.3011
0.3011
0.3011
0.3011
0.3011
0.3011
0.3011
0.3011
0.3011
0.3011
0.3011
0.3011
0.3011
0.3011
0.3011
0.3011
0.3011
0.3011
0.3011
0.3011
0.3011
0.3011
0.3011
0.3011
0.3011
0.3011
0.3011
0.3011
0.3011
0.3011
0.3011
0.3011
0.3011
0.3011
0.3011
0.3011
0.3011
0.3011
0.3011
0.3011
0.3011
0.3011
0.3011
0.3011
0.3011
0.3011
0.3011
0.3011
0.3011
0.3011
0.3011
0.3011
0.3011
0.3011
0.3011
0.3011
0.3011
0.3011
0.3011
0.3011
0.3011
0.3011
0.3011
0.3011
0.3011
0.3011
0.3011
0.3011
0.3011
0.3011
0.3011
0.3011
0.3011
0.3011
0.3011
0.3011
0.3011
0.3011
0.3011
0.3011
0.3011
0.3011
0.3011
0.3011
0.3011
0.3011
0.3011
0.3011
0.3011
0.3011
0.3011
0.3011
0.3011
0.3011
0.3011
0.3011
0.3011
0.3011
0.3011
0.3011
0.3011
0.3011
0.3011
0.3011
0.3011
0.3011
0.3011
0.3011
0.3011
0.3011
0.3011
0.3011
0.3011
0.3011
0.3011
0.3011
0.3011
0.3011
0.3011
0.3011
0.3011
0.3011
0.3011
0.3011
0.3011
0.3011
0.3011
0.3011
0.3011
0.3011
0.3011
0.3011
0.3011
0.3011
0.3011
0.3011
0.3011
0.3011
0.3011
0.3011
0.3011
0.3011
0.3011
0.3011
0.3011
0.3011
0.3011
0.3011
0.3011
0.3011
0.3011
0.3011
0.3011
0.3011
0.3011
0.3011
0.3011
0.3011
0.3011
0.3011
0.3011
0.3011
0.3011
0.3011
0.3011
0.3011
0.3011
0.3011
0.3011
0.3011
0.3011
0.3011
0.3011
0.3011
0.3011
0.3011
0.3011
0.3011
0.3011
0.3011
0.3011
0.3011
0.3011
0.3011
0.3011
0.3011
0.3011
0.3011
0.3011
0.3011
0.3011
0.3011
0.3011
0.3011
0.3011
0.3011
0.3011
0.3011
0.3011
0.3011
0.3011
0.3011
0.3011
0.3011
0.3011
0.3011
0.3011
0.3011
0.3011
0.3011
0.3011
0.3011
0.3011
0.3011
0.3011
0.3011
0.3011
0.3011
0.3011
0.3011
0.3011
0.3011
0.3011
0.3011
0.3011
0.3011
0.3011
0.3011
0.3011
0.3011
0.3011
0.3011
0.3011
0.3011
0.3011
0.3011
0.3011
0.3011
0.3011
0.3011
0.3011
0.3011
0.3011
0.3011
0.3011
0.3011
0.3011
0.3011
0.3011
0.3011
0.3011
0.3011
0.3011
0.3011
0.3011
0.3011
0.3011
0.3011
0.3011
0.3011
0.3011
0.3011
0.3011
0.3011
0.3011
0.3011
0.3011
0.3011
0.3011
0.3011
0.3011
0.3011
0.3011
0.3011
0.3011
0.3011
0.3011
0.3011
0.3011
0.3011
0.3011
0.3011
0.3011
0.3011
0.3011
0.3011
0.3011
0.3011
0.3011
0.3011
0.3011
0.3011
0.3011
0.3011
0.3011
0.3011
0.3011
0.3011
0.3011
0.3011
0.3011
0.3011
0.3011
0.3011
0.3011
0.3011
0.3011
0.3011
0.3011
0.3011
0.3011
0.3011
0.3011
0.3011
0.3011
0.3011
0.3011
0.3011
0.3011
0.3011
0.3011
0.3011
0.3011
0.3011
0.3011
0.3011
0.3011
0.3011
0.3011
0.3011
0.3011
0.3011
0.3011
0.3011
0.3011
0.3011
0.3011
0.3011
0.3011
0.3011
0.3011
0.3011
0.3011
0.3011
0.3011
0.3011
0.3011
0.3011
0.3011
0.3011
0.3011
0.3011
0.3011
0.3011
0.3011
0.3011
0.3011
0.3011
0.3011
0.3011
0.3011
0.3011
0.3011
0.3011
0.3011
0.3011
0.3011
0.3011
0.3011
0.3011
0.3011
0.3011
0.3011
0.3011
0.3011
0.3011
0.3011
0.3011
0.3011
0.3011
0.3011
0.3011
0.3011
0.3011
0.3011
0.3011
0.3011
0.3011
0.3011
0.3011
0.3011
0.3011
0.3011
0.3011
0.3011
0.3011
0.3011
0.3011
0.3011
0.3011
0.3011
0.3011
0.3011
0.3011
0.3011
0.3011
0.3011
0.3011
0.3011
0.3011
0.3011
0.3011
0.3011
0.3011
0.3011
0.3011
0.3011
0.3011
0.3011
0.3011
0.3011
0.3011
0.3011
0.3011
0.3011
0.3011
0.3011
0.3011
0.3011
0.3011
0.3011
0.3011
0.3011
0.3011
0.3011
0.3011
0.3011
0.3011
0.3011
0.3011
0.3011
0.3011
0.3011
0.3011
0.3011
0.3011
0.3011
0.3011
0.3011
0.3011
0.3011
0.3011
0.3011
0.3011
0.3011
0.3011
0.3011
0.3011
0.3011
0.3011
0.3011
0.3011
0.3011
0.3011
0.3011
0.3011
0.3011
0.3011
0.3011
0.3011
0.3011
0.3011
0.3011
0.3011
0.3011
0.3011
0.3011
0.3011
0.3011
0.3011
0.3011
0.3011
0.3011
0.3011
0.3011
0.3011
0.3011
0.3011
0.3011
0.3011
0.3011
0.3011
0.3011
0.3011
0.3011
0.3011
0.3011
0.3011
0.3011
0.3011
0.3011
0.3011
0.3011
0.3011
0.3011
0.3011
0.3011
0.3011
0.3011
0.3011
0.3011
0.3011
0.3011
0.3011
0.3011
0.3011
0.3011
0.3011
0.3011
0.3011
0.3011
0.3011
0.3011
0.3011
0.3011
0.3011
0.3011
0.3011
0.3011
0.3011
0.3011
0.3011
0.3011
0.3011
0.3011
0.3011
0.3011
0.3011
0.3011
0.3011
0.3011
0.3011
0.3011
0.3011
0.3011
0.3011
0.3011
0.3011
0.3011
0.3011
0.3011
0.3011
0.3011
0.3011
0.3011
0.3011
0.3011
0.3011
0.3011
0.3011
0.3011
0.3011
0.3011
0.3011
0.3011
0.3011
0.3011
0.3011
0.3011
0.3011
0.3011
0.3011
0.3011
0.3011
0.3011
0.3011
0.3011
0.3011
0.3011
0.3011
0.3011
0.3011
0.3011
0.3011
0.3011
0.3011
0.3011
0.3011
0.3011
0.3011
0.3011
0.3011
0.3011
0.3011
0.3011
0.3011
0.3011
0.3011
0.3011
0.3011
0.3011
0.3011
0.3011
0.3011
0.3011
0.3011
0.3011
0.3011
0.3011
0.3011
0.3011
0.3011
0.3011
0.3011
0.3011
0.3011
0.3011
0.3011
0.3011
0.3011
0.3011
0.3011
0.3011
0.3011
0.3011
0.3011
0.3011
0.3011
0.3011
0.3011
0.3011
0.3011
0.3011
0.3011
0.3011
0.3011
0.3011
0.3011
0.3011
0.3011
0.3011
0.3011
0.3011
0.3011
0.3011
0.3011
0.3011
0.3011
0.3011
0.3011
0.3011
0.3011
0.3011
0.3011
0.3011
0.3011
0.3011
0.3011
0.3011
0.3011
0.3011
0.3011
0.3011
0.3011
0.3011
0.3011
0.3011
0.3011
0.3011
0.3011
0.3011
0.3011
0.3011
0.3011
0.3011
0.3011
0.3011
0.3011
0.3011
0.3011
0.3011
0.3011
0.3011
0.3011
0.3011
0.3011
0.3011
0.3011
0.3011
0.3011
0.3011
0.3011
0.3011
0.3011
0.3011
0.3011
0.3011
0.3011
0.3011
0.3011
0.3011
0.3011
0.3011
0.3011
0.3011
0.3011
0.3011
0.3011
0.3011
0.3011
0.3011
0.3011
0.3011
0.3011
0.3011
0.3011
0.3011
0.3011
0.3011
0.3011
0.3011
0.3011
0.3011
0.3011
0.3011
0.3011
0.3011
0.3011
0.3011
0.3011
0.3011
0.3011
0.3011
0.3011
0.3011
0.3011
0.3011
0.3011
0.3011
0.3011
0.3011
0.3011
0.3011
0.3011
0.3011
0.3011
0.3011
0.3011
0.3011
0.3011
0.3011
0.3011
0.3011
0.3011
0.3011
0.3011
0.3011
0.3011
0.3011
0.3011
0.3011
0.3011
0.3011
0.3011
0.3011
0.3011
0.3011
0.3011
0.3011
0.3011
0.3011
0.3011
0.3011
0.3011
0.3011
0.3011
0.3011
0.3011
0.3011
0.3011
0.3011
0.3011
0.3011
0.3011
0.3011
0.3011
0.3011
0.3011
0.3011
0.3011
0.3011
0.3011
0.3011
0.3011
0.3011
0.3011
0.3011
0.3011
0.3011
0.3011
0.3011
0.3011
0.3011
0.3011
0.3011
0.3011
0.3011
0.3011
0.3011
0.3011
0.3011
0.3011
0.3011
0.3011
0.3011
0.3011
0.3011
0.3011
0.3011
0.3011
0.3011
0.3011
0.3011
0.3011
0.3011
0.3011
0.3011
0.3011
0.3011
0.3011
0.3011
0.3011
0.3011
0.3011
0.3011
0.3011
0.3011
0.3011
0.3011
0.3011
0.3011
0.3011
0.3011
0.3011
0.3011
0.3011
0.3011
0.3011
0.3011
0.3011
0.3011
0.3011
0.3011
0.3011
0.3011
0.3011
0.3011
0.3011
0.3011
0.3011
0.3011
0.3011
0.3011
0.3011
0.3011
0.3011
0.3011
0.3011
0.3011
0.3011
0.3011
0.3011
0.3011
0.3011
0.3011
0.3011
0.3011
0.3011
0.3011
0.3011
0.3011
0.3011
0.3011
0.3011
0.3011
0.3011
0.3011
0.3011
0.3011
0.3011
0.3011
0.3011
0.3011
0.3011
0.3011
0.3011
0.3011
0.3011
0.3011
0.3011
0.3011
0.3011
0.3011
0.3011
0.3011
0.3011
0.3011
0.3011
0.3011
0.3011
0.3011
0.3011
0.3011
0.3011
0.3011
0.3011
0.3011
0.3011
0.3011
0.3011
0.3011
0.3011
0.3011
0.3011
0.3011
0.3011
0.3011
0.3011
0.3011
0.3011
0.3011
0.3011
0.3011
0.3011
0.3011
0.3011
0.3011
0.3011
0.3011
0.3011
0.3011
0.3011
0.3011
0.3011
0.3011
0.3011
0.3011
0.3011
0.3011
0.3011
0.3011
0.3011
0.3011
0.3011
0.3011
0.3011
0.3011
0.3011
0.3011
0.3011
0.3011
0.3011
0.3011
0.3011
0.3011
0.3011
0.3011
0.3011
0.3011
0.3011
0.3011
0.3011
0.3011
0.3011
0.3011
0.3011
0.3011
0.3011
0.3011
0.3011
0.3011
0.3011
0.3011
0.3011
0.3011
0.3011
0.3011
0.3011
0.3011
0.3011
0.3011
0.3011
0.3011
0.3011
0.3011
0.3011
0.3011
0.3011
0.3011
0.3011
0.3011
0.3011
0.3011
0.3011
0.3011
0.3011
0.3011
0.3011
0.3011
0.3011
0.3011
0.3011
0.3011
0.3011
0.3011
0.3011
0.3011
0.3011
0.3011
0.3011
0.3011
0.3011
0.3011
0.3011
0.3011
0.3011
0.3011
0.3011
0.3011
0.3011
0.3011
0.3011
0.3011
0.3011
0.3011
0.3011
0.3011
0.3011
0.3011
0.3011
0.3011
0.3011
0.3011
0.3011
0.3011
0.3011
0.3011
0.3011
0.3011
0.3011
0.3011
0.3011
0.3011
0.3011
0.3011
0.3011
0.3011
0.3011
0.3011
0.3011
0.3011
0.3011
0.3011
0.3011
0.3011
0.3011
0.3011
0.3011
0.3011
0.3011
0.3011
0.3011
0.3011
0.3011
0.3011
0.3011
0.3011
0.3011
0.3011
0.3011
0.3011
0.3011
0.3011
0.3011
0.3011
0.3011
0.3011
0.3011
0.3011
0.3011
0.3011
0.3011
0.3011
0.3011
0.3011
0.3011
0.3011
0.3011
0.3011
0.3011
0.3011
0.3011
0.3011
0.3011
0.3011
0.3011
0.3011
0.3011
0.3011
0.3011
0.3011
0.3011
0.3011
0.3011
0.3011
0.3011
0.3011
0.3011
0.3011
0.3011
0.3011
0.3011
0.3011
0.3011
0.3011
0.3011
0.3011
0.3011
0.3011
0.3011
0.3011
0.3011
0.3011
0.3011
0.3011
0.3011
0.3011
0.3011
0.3011
0.3011
0.3011
0.3011
0.3011
0.3011
0.3011
0.3011
0.3011
0.3011
0.3011
0.3011
0.3011
0.3011
0.3011
0.3011
0.3011
0.3011
0.3011
0.3011
0.3011
0.3011
0.3011
0.3011
0.3011
0.3011
0.3011
0.3011
0.3011
0.3011
0.3011
0.3011
0.3011
0.3011
0.3011
0.3011
0.3011
0.3011
0.3011
0.3011
0.3011
0.3011
0.3011
0.3011
0.3011
0.3011
0.3011
0.3011
0.3011
0.3011
0.3011
0.3011
0.3011
0.3011
0.3011
0.3011
0.3011
0.3011
0.3011
0.3011
0.3011
0.3011
0.3011
0.3011
0.3011
0.3011
0.3011
0.3011
0.3011
0.3011
0.3011
0.3011
0.3011
0.3011
0.3011
0.3011
0.3011
0.3011
0.3011
0.3011
0.3011
0.3011
0.3011
0.3011
0.3011
0.3011
0.3011
0.3011
0.3011
0.3011
0.3011
0.3011
0.3011
0.3011
0.3011
0.3011
0.3011
0.3011
0.3011
0.3011
0.3011
0.3011
0.3011
0.3011
0.3011
0.3011
0.3011
0.3011
0.3011
0.3011
0.3011
0.3011
0.3011
0.3011
0.3011
0.3011
0.3011
0.3011
0.3011
0.3011
0.3011
0.3011
0.3011
0.3011
0.3011
0.3011
0.3011
0.3011
0.3011
0.3011
0.3011
0.3011
0.3011
0.3011
0.3011
0.3011
0.3011
0.3011
0.3011
0.3011
0.3011
0.3011
0.3011
0.3011
0.3011
0.3011
0.3011
0.3011
0.3011
0.3011
0.3011
0.3011
0.3011
0.3011
0.3011
0.3011
0.3011
0.3011
0.3011
0.3011
0.3011
0.3011
0.3011
0.3011
0.3011
0.3011
0.3011
0.3011
0.3011
0.3011
0.3011
0.3011
0.3011
0.3011
0.3011
0.3011
0.3011
0.3011
0.3011
0.3011
0.3011
0.3011
0.3011
0.3011
0.3011
0.3011
0.3011
0.3011
0.3011
0.3011
0.3011
0.3011
0.3011
0.3011
0.3011
0.3011
0.3011
0.3011
0.3011
0.3011
0.3011
0.3011
0.3011
0.3011
0.3011
0.3011
0.3011
0.3011
0.3011
0.3011
0.3011
0.3011
0.3011
0.3011
0.3011
0.3011
0.3011
0.3011
0.3011
0.3011
0.3011
0.3011
0.3011
0.3011
0.3011
0.3011
0.3011
0.3011
0.3011
0.3011
0.3011
0.3011
0.3011
0.3011
0.3011
0.3011
0.3011
0.3011
0.3011
0.3011
0.3011
0.3011
0.3011
0.3011
0.3011
0.3011
0.3011
0.3011
0.3011
0.3011
0.3011
0.3011
0.3011
0.3011
0.3011
0.3011
0.3011
0.3011
0.3011
0.3011
0.3011
0.3011
0.3011
0.3011
0.3011
0.3011
0.3011
0.3011
0.3011
0.3011
0.3011
0.3011
0.3011
0.3011
0.3011
0.3011
0.3011
0.3011
0.3011
0.3011
0.3011
0.3011
0.3011
0.3011
0.3011
0.3011
0.3011
0.3011
0.3011
0.3011
0.3011
0.3011
0.3011
0.3011
0.3011
0.3011
0.3011
0.3011
0.3011
0.3011
0.3011
0.3011
0.3011
0.3011
0.3011
0.3011
0.3011
0.3011
0.3011
0.3011
0.3011
0.3011
0.3011
0.3011
0.3011
0.3011
0.3011
0.3011
0.3011
0.3011
0.3011
0.3011
0.3011
0.3011
0.3011
0.3011
0.3011
0.3011
0.3011
0.3011
0.3011
0.3011
0.3011
0.3011
0.3011
0.3011
0.3011
0.3011
0.3011
0.3011
0.3011
0.3011
0.3011
0.3011
0.3011
0.3011
0.3011
0.3011
0.3011
0.3011
0.3011
0.3011
0.3011
0.3011
0.3011
0.3011
0.3011
0.3011
0.3011
0.3011
0.3011
0.3011
0.3011
0.3011
0.3011
0.3011
0.3011
0.3011
0.3011
0.3011
0.3011
0.3011
0.3011
0.3011
0.3011
0.3011
0.3011
0.3011
0.3011
0.3011
0.3011
0.3011
0.3011
0.3011
0.3011
0.3011
0.3011
0.3011
0.3011
0.3011
0.3011
0.3011
0.3011
0.3011
0.3011
0.3011
0.3011
0.3011
0.3011
0.3011
0.3011
0.3011
0.3011
0.3011
0.3011
0.3011
0.3011
0.3011
0.3011
0.3011
0.3011
0.3011
0.3011
0.3011
0.3011
0.3011
0.3011
0.3011
0.3011
0.3011
0.3011
0.3011
0.3011
0.3011
0.3011
0.3011
0.3011
0.3011
0.3011
0.3011
0.3011
0.3011
0.3011
0.3011
0.3011
0.3011
0.3011
0.3011
0.3011
0.3011
0.3011
0.3011
0.3011
0.3011
0.3011
0.3011
0.3011
0.3011
0.3011
0.3011
0.3011
0.3011
0.3011
0.3011
0.3011
0.3011
0.3011
0.3011
0.3011
0.3011
0.3011
0.3011
0.3011
0.3011
0.3011
0.3011
0.3011
0.3011
0.3011
0.3011
0.3011
0.3011
0.3011
0.3011
0.3011
0.3011
0.3011
0.3011
0.3011
0.3011
0.3011
0.3011
0.3011
0.3011
0.3011
0.3011
0.3011
0.3011
0.3011
0.3011
0.3011
0.3011
0.3011
0.3011
0.3011
0.3011
0.3011
0.3011
0.3011
0.3011
0.3011
0.3011
0.3011
0.3011
0.3011
0.3011
0.3011
0.3011
0.3011
0.3011
0.3011
0.3011
0.3011
0.3011
0.3011
0.3011
0.3011
0.3011
0.3011
0.3011
0.3011
0.3011
0.3011
0.3011
0.3011
0.3011
0.3011
0.3011
0.3011
0.3011
0.3011
0.3011
0.3011
0.3011
0.3011
0.3011
0.3011
0.3011
0.3011
0.3011
0.3011
0.3011
0.3011
0.3011
0.3011
0.3011
0.3011
0.3011
0.3011
0.3011
0.3011
0.3011
0.3011
0.3011
0.3011
0.3011
0.3011
0.3011
0.3011
0.3011
0.3011
0.3011
0.3011
0.3011
0.3011
0.3011
0.3011
0.3011
0.3011
0.3011
0.3011
0.3011
0.3011
0.3011
0.3011
0.3011
0.3011
0.3011
0.3011
0.3011
0.3011
0.3011
0.3011
0.3011
0.3011
0.3011
0.3011
0.3011
0.3011
0.3011
0.3011
0.3011
0.3011
0.3011
0.3011
0.3011
0.3011
0.3011
0.3011
0.3011
0.3011
0.3011
0.3011
0.3011
0.3011
0.3011
0.3011
0.3011
0.3011
0.3011
0.3011
0.3011
0.3011
0.3011
0.3011
0.3011
0.3011
0.3011
0.3011
0.3011
0.3011
0.3011
0.3011
0.3011
0.3011
0.3011
0.3011
0.3011
0.3011
0.3011
0.3011
0.3011
0.3011
0.3011
0.3011
0.3011
0.3011
0.3011
0.3011
0.3011
0.3011
0.3011
0.3011
0.3011
0.3011
0.3011
0.3011
0.3011
0.3011
0.3011
0.3011
0.3011
0.3011
0.3011
0.3011
0.3011
0.3011
0.3011
0.3011
0.3011
0.3011
0.3011
0.3011
0.3011
0.3011
0.3011
0.3011
0.3011
0.3011
0.3011
0.3011
0.3011
0.3011
0.3011
0.3011
0.3011
0.3011
0.3011
0.3011
0.3011
0.3011
0.3011
0.3011
0.3011
0.3011
0.3011
0.3011
0.3011
0.3011
0.3011
0.3011
0.3011
0.3011
0.3011
0.3011
0.3011
0.3011
0.3011
0.3011
0.3011
0.3011
0.3011
0.3011
0.3011
0.3011
0.3011
0.3011
0.3011
0.3011
0.3011
0.3011
0.3011
0.3011
0.3011
0.3011
0.3011
0.3011
0.3011
0.3011
0.3011
0.3011
0.3011
0.3011
0.3011
0.3011
0.3011
0.3011
0.3011
0.3011
0.3011
0.3011
0.3011
0.3011
0.3011
0.3011
0.3011
0.3011
0.3011
0.3011
0.3011
0.3011
0.3011
0.3011
0.3011
0.3011
0.3011
0.3011
0.3011
0.3011
0.3011
0.3011
0.3011
0.3011
0.3011
0.3011
0.3011
0.3011
0.3011
0.3011
0.3011
0.3011
0.3011
0.3011
0.3011
0.3011
0.3011
0.3011
0.3011
0.3011
0.3011
0.3011
0.3011
0.3011
0.3011
0.3011
0.3011
0.3011
0.3011
0.3011
0.3011
0.3011
0.3011
0.3011
0.3011
0.3011
0.3011
0.3011
0.3011
0.3011
0.3011
0.3011
0.3011
0.3011
0.3011
0.3011
0.3011
0.3011
0.3011
0.3011
0.3011
0.3011
0.3011
0.3011
0.3011
0.3011
0.3011
0.3011
0.3011
0.3011
0.3011
0.3011
0.3011
0.3011
0.3011
0.3011
0.3011
0.3011
0.3011
0.3011
0.3011
0.3011
0.3011
0.3011
0.3011
0.3011
0.3011
0.3011
0.3011
0.3011
0.3011
0.3011
0.3011
0.3011
0.3011
0.3011
0.3011
0.3011
0.3011
0.3011
0.3011
0.3011
0.3011
0.3011
0.3011
0.3011
0.3011
0.3011
0.3011
0.3011
0.3011
0.3011
0.3011
0.3011
0.3011
0.3011
0.3011
0.3011
0.3011
0.3011
0.3011
0.3011
0.3011
0.3011
0.3011
0.3011
0.3011
0.3011
0.3011
0.3011
0.3011
0.3011
0.3011
0.3011
0.3011
0.3011
0.3011
0.3011
0.3011
0.3011
0.3011
0.3011
0.3011
0.3011
0.3011
0.3011
0.3011
0.3011
0.3011
0.3011
0.3011
0.3011
0.3011
0.3011
0.3011
0.3011
0.3011
0.3011
0.3011
0.3011
0.3011
0.3011
0.3011
0.3011
0.3011
0.3011
0.3011
0.3011
0.3011
0.3011
0.3011
0.3011
0.3011
0.3011
0.3011
0.3011
0.3011
0.3011
0.3011
0.3011
0.3011
0.3011
0.3011
0.3011
0.3011
0.3011
0.3011
0.3011
0.3011
0.3011
0.3011
0.3011
0.3011
0.3011
0.3011
0.3011
0.3011
0.3011
0.3011
0.3011
0.3011
0.3011
0.3011
0.3011
0.3011
0.3011
0.3011
0.3011
0.3011
0.3011
0.3011
0.3011
0.3011
0.3011
0.3011
0.3011
0.3011
0.3011
0.3011
0.3011
0.3011
0.3011
0.3011
0.3011
0.3011
0.3011
0.3011
0.3011
0.3011
0.3011
0.3011
0.3011
0.3011
0.3011
0.3011
0.3011
0.3011
0.3011
0.3011
0.3011
0.3011
0.3011
0.3011
0.3011
0.3011
0.3011
0.3011
0.3011
0.3011
0.3011
0.3011
0.3011
0.3011
0.3011
0.3011
0.3011
0.3011
0.3011
0.3011
0.3011
0.3011
0.3011
0.3011
0.3011
0.3011
0.3011
0.3011
0.3011
0.3011
0.3011
0.3011
0.3011
0.3011
0.3011
0.3011
0.3011
0.3011
0.3011
0.3011
0.3011
0.3011
0.3011
0.3011
0.3011
0.3011
0.3011
0.3011
0.3011
0.3011
0.3011
0.3011
0.3011
0.3011
0.3011
0.3011
0.3011
0.3011
0.3011
0.3011
0.3011
0.3011
0.3011
0.3011
0.3011
0.3011
0.3011
0.3011
0.3011
0.3011
0.3011
0.3011
0.3011
0.3011
0.3011
0.3011
0.3011
0.3011
0.3011
0.3011
0.3011
0.3011
0.3011
0.3011
0.3011
0.3011
0.3011
0.3011
0.3011
0.3011
0.3011
0.3011
0.3011
0.3011
0.3011
0.3011
0.3011
0.3011
0.3011
0.3011
0.3011
0.3011
0.3011
0.3011
0.3011
0.3011
0.3011
0.3011
0.3011
0.3011
0.3011
0.3011
0.3011
0.3011
0.3011
0.3011
0.3011
0.3011
0.3011
0.3011
0.3011
0.3011
0.3011
0.3011
0.3011
0.3011
0.3011
0.3011
0.3011
0.3011
0.3011
0.3011
0.3011
0.3011
0.3011
0.3011
0.3011
0.3011
0.3011
0.3011
0.3011
0.3011
0.3011
0.3011
0.3011
0.3011
0.3011
0.3011
0.3011
0.3011
0.3011
0.3011
0.3011
0.3011
0.3011
0.3011
0.3011
0.3011
0.3011
0.3011
0.3011
0.3011
0.3011
0.3011
0.3011
0.3011
0.3011
0.3011
0.3011
0.3011
0.3011
0.3011
0.3011
0.3011
