1.6967
1.6967
1.69669
1.69669
1.69669
1.69668
1.69668
1.69668
1.69667
1.69667
1.69667
1.69666
1.69666
1.69666
1.69665
1.69665
1.69665
1.69664
1.69664
1.69664
1.69664
1.69663
1.69663
1.69663
1.69663
1.69662
1.69662
1.69662
1.69662
1.69662
1.69662
1.69661
1.69661
1.69661
1.69661
1.69661
1.69661
1.69661
1.69661
1.69661
1.6966
1.6966
1.6966
1.6966
1.6966
1.6966
1.6966
1.6966
1.6966
1.6966
1.6966
1.6966
1.6966
1.6966
1.6966
1.6966
1.6966
1.6966
1.6966
1.6966
1.6966
1.6966
1.6966
1.6966
1.6966
1.6966
1.6966
1.6966
1.6966
1.6966
1.6966
1.6966
1.6966
1.6966
1.6966
1.6966
1.6966
1.6966
1.6966
1.6966
1.6966
1.6966
1.6966
1.6966
1.6966
1.6966
1.6966
1.6966
1.6966
1.6966
1.6966
1.6966
1.6966
1.6966
1.6966
1.6966
1.6966
1.6966
1.6966
1.6966
1.6966
1.6966
1.6966
1.6966
1.6966
1.6966
1.6966
1.6966
1.6966
1.6966
1.6966
1.6966
1.6966
1.6966
1.6966
1.6966
1.6966
1.6966
1.6966
1.6966
1.6966
1.6966
1.6966
1.6966
1.6966
1.6966
1.6966
1.6966
1.6966
1.6966
1.6966
1.6966
1.6966
1.6966
1.6966
1.6966
1.6966
1.6966
1.6966
1.6966
1.6966
1.6966
1.6966
1.6966
1.6966
1.6966
1.6966
1.6966
1.6966
1.6966
1.6966
1.6966
1.6966
1.6966
1.6966
1.6966
1.6966
1.6966
1.6966
1.6966
1.6966
1.6966
1.6966
1.6966
1.6966
1.6966
1.6966
1.6966
1.6966
1.6966
1.6966
1.6966
1.6966
1.6966
1.6966
1.6966
1.6966
1.6966
1.6966
1.6966
1.6966
1.6966
1.6966
1.6966
1.6966
1.6966
1.6966
1.6966
1.6966
1.6966
1.6966
1.6966
1.6966
1.6966
1.6966
1.6966
1.6966
1.6966
1.6966
1.6966
1.6966
1.6966
1.6966
1.6966
1.6966
1.6966
1.6966
1.6966
1.6966
1.6966
1.6966
1.6966
1.6966
1.6966
1.6966
1.6966
1.6966
1.6966
1.6966
1.6966
1.6966
1.6966
1.6966
1.6966
1.6966
1.6966
1.6966
1.6966
1.6966
1.6966
1.6966
1.6966
1.6966
1.6966
1.6966
1.6966
1.6966
1.6966
1.6966
1.6966
1.6966
1.6966
1.6966
1.6966
1.6966
1.6966
1.6966
1.6966
1.6966
1.6966
1.6966
1.6966
1.6966
1.6966
1.6966
1.6966
1.6966
1.6966
1.6966
1.6966
1.6966
1.6966
1.6966
1.6966
1.6966
1.6966
1.6966
1.6966
1.6966
1.6966
1.6966
1.6966
1.6966
1.6966
1.6966
1.6966
1.6966
1.6966
1.6966
1.6966
1.6966
1.6966
1.6966
1.6966
1.6966
1.6966
1.6966
1.6966
1.6966
1.6966
1.6966
1.6966
1.6966
1.6966
1.6966
1.6966
1.6966
1.6966
1.6966
1.6966
1.6966
1.6966
1.6966
1.6966
1.6966
1.6966
1.6966
1.6966
1.6966
1.6966
1.6966
1.6966
1.6966
1.6966
1.6966
1.6966
1.6966
1.6966
1.6966
1.6966
1.6966
1.6966
1.6966
1.6966
1.6966
1.6966
1.6966
1.6966
1.6966
1.6966
1.6966
1.6966
1.6966
1.6966
1.6966
1.6966
1.6966
1.6966
1.6966
1.6966
1.6966
1.6966
1.6966
1.6966
1.6966
1.6966
1.6966
1.6966
1.6966
1.6966
1.6966
1.6966
1.6966
1.6966
1.6966
1.6966
1.6966
1.6966
1.6966
1.6966
1.6966
1.6966
1.6966
1.6966
1.6966
1.6966
1.6966
1.6966
1.6966
1.6966
1.6966
1.6966
1.6966
1.6966
1.6966
1.6966
1.6966
1.6966
1.6966
1.6966
1.6966
1.6966
1.6966
1.6966
1.6966
1.6966
1.6966
1.6966
1.6966
1.6966
1.6966
1.6966
1.6966
1.6966
1.6966
1.6966
1.6966
1.6966
1.6966
1.6966
1.6966
1.6966
1.6966
1.6966
1.6966
1.6966
1.6966
1.6966
1.6966
1.6966
1.6966
1.6966
1.6966
1.6966
1.6966
1.6966
1.6966
1.6966
1.6966
1.6966
1.6966
1.6966
1.6966
1.6966
1.6966
1.6966
1.6966
1.6966
1.6966
1.6966
1.6966
1.6966
1.6966
1.6966
1.6966
1.6966
1.6966
1.6966
1.6966
1.6966
1.6966
1.6966
1.6966
1.6966
1.6966
1.6966
1.6966
1.6966
1.6966
1.6966
1.6966
1.6966
1.6966
1.6966
1.6966
1.6966
1.6966
1.6966
1.6966
1.6966
1.6966
1.6966
1.6966
1.6966
1.6966
1.6966
1.6966
1.6966
1.6966
1.6966
1.6966
1.6966
1.6966
1.6966
1.6966
1.6966
1.6966
1.6966
1.6966
1.6966
1.6966
1.6966
1.6966
1.6966
1.6966
1.6966
1.6966
1.6966
1.6966
1.6966
1.6966
1.6966
1.6966
1.6966
1.6966
1.6966
1.6966
1.6966
1.6966
1.6966
1.6966
1.6966
1.6966
1.6966
1.6966
1.6966
1.6966
1.6966
1.6966
1.6966
1.6966
1.6966
1.6966
1.6966
1.6966
1.6966
1.6966
1.6966
1.6966
1.6966
1.6966
1.6966
1.6966
1.6966
1.6966
1.6966
1.6966
1.6966
1.6966
1.6966
1.6966
1.6966
1.6966
1.6966
1.6966
1.6966
1.6966
1.6966
1.6966
1.6966
1.6966
1.6966
1.6966
1.6966
1.6966
1.6966
1.6966
1.6966
1.6966
1.6966
1.6966
1.6966
1.6966
1.6966
1.6966
1.6966
1.6966
1.6966
1.6966
1.6966
1.6966
1.6966
1.6966
1.6966
1.6966
1.6966
1.6966
1.6966
1.6966
1.6966
1.6966
1.6966
1.6966
1.6966
1.6966
1.6966
1.6966
1.6966
1.6966
1.6966
1.6966
1.6966
1.6966
1.6966
1.6966
1.6966
1.6966
1.6966
1.6966
1.6966
1.6966
1.6966
1.6966
1.6966
1.6966
1.6966
1.6966
1.6966
1.6966
1.6966
1.6966
1.6966
1.6966
1.6966
1.6966
1.6966
1.6966
1.6966
1.6966
1.6966
1.6966
1.6966
1.6966
1.6966
1.6966
1.6966
1.6966
1.6966
1.6966
1.6966
1.6966
1.6966
1.6966
1.6966
1.6966
1.6966
1.6966
1.6966
1.6966
1.6966
1.6966
1.6966
1.6966
1.6966
1.6966
1.6966
1.6966
1.6966
1.6966
1.6966
1.6966
1.6966
1.6966
1.6966
1.6966
1.6966
1.6966
1.6966
1.6966
1.6966
1.6966
1.6966
1.6966
1.6966
1.6966
1.6966
1.6966
1.6966
1.6966
1.6966
1.6966
1.6966
1.6966
1.6966
1.6966
1.6966
1.6966
1.6966
1.6966
1.6966
1.6966
1.6966
1.6966
1.6966
1.6966
1.6966
1.6966
1.6966
1.6966
1.6966
1.6966
1.6966
1.6966
1.6966
1.6966
1.6966
1.6966
1.6966
1.6966
1.6966
1.6966
1.6966
1.6966
1.6966
1.6966
1.6966
1.6966
1.6966
1.6966
1.6966
1.6966
1.6966
1.6966
1.6966
1.6966
1.6966
1.6966
1.6966
1.6966
1.6966
1.6966
1.6966
1.6966
1.6966
1.6966
1.6966
1.6966
1.6966
1.6966
1.6966
1.6966
1.6966
1.6966
1.6966
1.6966
1.6966
1.6966
1.6966
1.6966
1.6966
1.6966
1.6966
1.6966
1.6966
1.6966
1.6966
1.6966
1.6966
1.6966
1.6966
1.6966
1.6966
1.6966
1.6966
1.6966
1.6966
1.6966
1.6966
1.6966
1.6966
1.6966
1.6966
1.6966
1.6966
1.6966
1.6966
1.6966
1.6966
1.6966
1.6966
1.6966
1.6966
1.6966
1.6966
1.6966
1.6966
1.6966
1.6966
1.6966
1.6966
1.6966
1.6966
1.6966
1.6966
1.6966
1.6966
1.6966
1.6966
1.6966
1.6966
1.6966
1.6966
1.6966
1.6966
1.6966
1.6966
1.6966
1.6966
1.6966
1.6966
1.6966
1.6966
1.6966
1.6966
1.6966
1.6966
1.6966
1.6966
1.6966
1.6966
1.6966
1.6966
1.6966
1.6966
1.6966
1.6966
1.6966
1.6966
1.6966
1.6966
1.6966
1.6966
1.6966
1.6966
1.6966
1.6966
1.6966
1.6966
1.6966
1.6966
1.6966
1.6966
1.6966
1.6966
1.6966
1.6966
1.6966
1.6966
1.6966
1.6966
1.6966
1.6966
1.6966
1.6966
1.6966
1.6966
1.6966
1.6966
1.6966
1.6966
1.6966
1.6966
1.6966
1.6966
1.6966
1.6966
1.6966
1.6966
1.6966
1.6966
1.6966
1.6966
1.6966
1.6966
1.6966
1.6966
1.6966
1.6966
1.6966
1.6966
1.6966
1.6966
1.6966
1.6966
1.6966
1.6966
1.6966
1.6966
1.6966
1.6966
1.6966
1.6966
1.6966
1.6966
1.6966
1.6966
1.6966
1.6966
1.6966
1.6966
1.6966
1.6966
1.6966
1.6966
1.6966
1.6966
1.6966
1.6966
1.6966
1.6966
1.6966
1.6966
1.6966
1.6966
1.6966
1.6966
1.6966
1.6966
1.6966
1.6966
1.6966
1.6966
1.6966
1.6966
1.6966
1.6966
1.6966
1.6966
1.6966
1.6966
1.6966
1.6966
1.6966
1.6966
1.6966
1.6966
1.6966
1.6966
1.6966
1.6966
1.6966
1.6966
1.6966
1.6966
1.6966
1.6966
1.6966
1.6966
1.6966
1.6966
1.6966
1.6966
1.6966
1.6966
1.6966
1.6966
1.6966
1.6966
1.6966
1.6966
1.6966
1.6966
1.6966
1.6966
1.6966
1.6966
1.6966
1.6966
1.6966
1.6966
1.6966
1.6966
1.6966
1.6966
1.6966
1.6966
1.6966
1.6966
1.6966
1.6966
1.6966
1.6966
1.6966
1.6966
1.6966
1.6966
1.6966
1.6966
1.6966
1.6966
1.6966
1.6966
1.6966
1.6966
1.6966
1.6966
1.6966
1.6966
1.6966
1.6966
1.6966
1.6966
1.6966
1.6966
1.6966
1.6966
1.6966
1.6966
1.6966
1.6966
1.6966
1.6966
1.6966
1.6966
1.6966
1.6966
1.6966
1.6966
1.6966
1.6966
1.6966
1.6966
1.6966
1.6966
1.6966
1.6966
1.6966
1.6966
1.6966
1.6966
1.6966
1.6966
1.6966
1.6966
1.6966
1.6966
1.6966
1.6966
1.6966
1.6966
1.6966
1.6966
1.6966
1.6966
1.6966
1.6966
1.6966
1.6966
1.6966
1.6966
1.6966
1.6966
1.6966
1.6966
1.6966
1.6966
1.6966
1.6966
1.6966
1.6966
1.6966
1.6966
1.6966
1.6966
1.6966
1.6966
1.6966
1.6966
1.6966
1.6966
1.6966
1.6966
1.6966
1.6966
1.6966
1.6966
1.6966
1.6966
1.6966
1.6966
1.6966
1.6966
1.6966
1.6966
1.6966
1.6966
1.6966
1.6966
1.6966
1.6966
1.6966
1.6966
1.6966
1.6966
1.6966
1.6966
1.6966
1.6966
1.6966
1.6966
1.6966
1.6966
1.6966
1.6966
1.6966
1.6966
1.6966
1.6966
1.6966
1.6966
1.6966
1.6966
1.6966
1.6966
1.6966
1.6966
1.6966
1.6966
1.6966
1.6966
1.6966
1.6966
1.6966
1.6966
1.6966
1.6966
1.6966
1.6966
1.6966
1.6966
1.6966
1.6966
1.6966
1.6966
1.6966
1.6966
1.6966
1.6966
1.6966
1.6966
1.6966
1.6966
1.6966
1.6966
1.6966
1.6966
1.6966
1.6966
1.6966
1.6966
1.6966
1.6966
1.6966
1.6966
1.6966
1.6966
1.6966
1.6966
1.6966
1.6966
1.6966
1.6966
1.6966
1.6966
1.6966
1.6966
1.6966
1.6966
1.6966
1.6966
1.6966
1.6966
1.6966
1.6966
1.6966
1.6966
1.6966
1.6966
1.6966
1.6966
1.6966
1.6966
1.6966
1.6966
1.6966
1.6966
1.6966
1.6966
1.6966
1.6966
1.6966
1.6966
1.6966
1.6966
1.6966
1.6966
1.6966
1.6966
1.6966
1.6966
1.6966
1.6966
1.6966
1.6966
1.6966
1.6966
1.6966
1.6966
1.6966
1.6966
1.6966
1.6966
1.6966
1.6966
1.6966
1.6966
1.6966
1.6966
1.6966
1.6966
1.6966
1.6966
1.6966
1.6966
1.6966
1.6966
1.6966
1.6966
1.6966
1.6966
1.6966
1.6966
1.6966
1.6966
1.6966
1.6966
1.6966
1.6966
1.6966
1.6966
1.6966
1.6966
1.6966
1.6966
1.6966
1.6966
1.6966
1.6966
1.6966
1.6966
1.6966
1.6966
1.6966
1.6966
1.6966
1.6966
1.6966
1.6966
1.6966
1.6966
1.6966
1.6966
1.6966
1.6966
1.6966
1.6966
1.6966
1.6966
1.6966
1.6966
1.6966
1.6966
1.6966
1.6966
1.6966
1.6966
1.6966
1.6966
1.6966
1.6966
1.6966
1.6966
1.6966
1.6966
1.6966
1.6966
1.6966
1.6966
1.6966
1.6966
1.6966
1.6966
1.6966
1.6966
1.6966
1.6966
1.6966
1.6966
1.6966
1.6966
1.6966
1.6966
1.6966
1.6966
1.6966
1.6966
1.6966
1.6966
1.6966
1.6966
1.6966
1.6966
1.6966
1.6966
1.6966
1.6966
1.6966
1.6966
1.6966
1.6966
1.6966
1.6966
1.6966
1.6966
1.6966
1.6966
1.6966
1.6966
1.6966
1.6966
1.6966
1.6966
1.6966
1.6966
1.6966
1.6966
1.6966
1.6966
1.6966
1.6966
1.6966
1.6966
1.6966
1.6966
1.6966
1.6966
1.6966
1.6966
1.6966
1.6966
1.6966
1.6966
1.6966
1.6966
1.6966
1.6966
1.6966
1.6966
1.6966
1.6966
1.6966
1.6966
1.6966
1.6966
1.6966
1.6966
1.6966
1.6966
1.6966
1.6966
1.6966
1.6966
1.6966
1.6966
1.6966
1.6966
1.6966
1.6966
1.6966
1.6966
1.6966
1.6966
1.6966
1.6966
1.6966
1.6966
1.6966
1.6966
1.6966
1.6966
1.6966
1.6966
1.6966
1.6966
1.6966
1.6966
1.6966
1.6966
1.6966
1.6966
1.6966
1.6966
1.6966
1.6966
1.6966
1.6966
1.6966
1.6966
1.6966
1.6966
1.6966
1.6966
1.6966
1.6966
1.6966
1.6966
1.6966
1.6966
1.6966
1.6966
1.6966
1.6966
1.6966
1.6966
1.6966
1.6966
1.6966
1.6966
1.6966
1.6966
1.6966
1.6966
1.6966
1.6966
1.6966
1.6966
1.6966
1.6966
1.6966
1.6966
1.6966
1.6966
1.6966
1.6966
1.6966
1.6966
1.6966
1.6966
1.6966
1.6966
1.6966
1.6966
1.6966
1.6966
1.6966
1.6966
1.6966
1.6966
1.6966
1.6966
1.6966
1.6966
1.6966
1.6966
1.6966
1.6966
1.6966
1.6966
1.6966
1.6966
1.6966
1.6966
1.6966
1.6966
1.6966
1.6966
1.6966
1.6966
1.6966
1.6966
1.6966
1.6966
1.6966
1.6966
1.6966
1.6966
1.6966
1.6966
1.6966
1.6966
1.6966
1.6966
1.6966
1.6966
1.6966
1.6966
1.6966
1.6966
1.6966
1.6966
1.6966
1.6966
1.6966
1.6966
1.6966
1.6966
1.6966
1.6966
1.6966
1.6966
1.6966
1.6966
1.6966
1.6966
1.6966
1.6966
1.6966
1.6966
1.6966
1.6966
1.6966
1.6966
1.6966
1.6966
1.6966
1.6966
1.6966
1.6966
1.6966
1.6966
1.6966
1.6966
1.6966
1.6966
1.6966
1.6966
1.6966
1.6966
1.6966
1.6966
1.6966
1.6966
1.6966
1.6966
1.6966
1.6966
1.6966
1.6966
1.6966
1.6966
1.6966
1.6966
1.6966
1.6966
1.6966
1.6966
1.6966
1.6966
1.6966
1.6966
1.6966
1.6966
1.6966
1.6966
1.6966
1.6966
1.6966
1.6966
1.6966
1.6966
1.6966
1.6966
1.6966
1.6966
1.6966
1.6966
1.6966
1.6966
1.6966
1.6966
1.6966
1.6966
1.6966
1.6966
1.6966
1.6966
1.6966
1.6966
1.6966
1.6966
1.6966
1.6966
1.6966
1.6966
1.6966
1.6966
1.6966
1.6966
1.6966
1.6966
1.6966
1.6966
1.6966
1.6966
1.6966
1.6966
1.6966
1.6966
1.6966
1.6966
1.6966
1.6966
1.6966
1.6966
1.6966
1.6966
1.6966
1.6966
1.6966
1.6966
1.6966
1.6966
1.6966
1.6966
1.6966
1.6966
1.6966
1.6966
1.6966
1.6966
1.6966
1.6966
1.6966
1.6966
1.6966
1.6966
1.6966
1.6966
1.6966
1.6966
1.6966
1.6966
1.6966
1.6966
1.6966
1.6966
1.6966
1.6966
1.6966
1.6966
1.6966
1.6966
1.6966
1.6966
1.6966
1.6966
1.6966
1.6966
1.6966
1.6966
1.6966
1.6966
1.6966
1.6966
1.6966
1.6966
1.6966
1.6966
1.6966
1.6966
1.6966
1.6966
1.6966
1.6966
1.6966
1.6966
1.6966
1.6966
1.6966
1.6966
1.6966
1.6966
1.6966
1.6966
1.6966
1.6966
1.6966
1.6966
1.6966
1.6966
1.6966
1.6966
1.6966
1.6966
1.6966
1.6966
1.6966
1.6966
1.6966
1.6966
1.6966
1.6966
1.6966
1.6966
1.6966
1.6966
1.6966
1.6966
1.6966
1.6966
1.6966
1.6966
1.6966
1.6966
1.6966
1.6966
1.6966
1.6966
1.6966
1.6966
1.6966
1.6966
1.6966
1.6966
1.6966
1.6966
1.6966
1.6966
1.6966
1.6966
1.6966
1.6966
1.6966
1.6966
1.6966
1.6966
1.6966
1.6966
1.6966
1.6966
1.6966
1.6966
1.6966
1.6966
1.6966
1.6966
1.6966
1.6966
1.6966
1.6966
1.6966
1.6966
1.6966
1.6966
1.6966
1.6966
1.6966
1.6966
1.6966
1.6966
1.6966
1.6966
1.6966
1.6966
1.6966
1.6966
1.6966
1.6966
1.6966
1.6966
1.6966
1.6966
1.6966
1.6966
1.6966
1.6966
1.6966
1.6966
1.6966
1.6966
1.6966
1.6966
1.6966
1.6966
1.6966
1.6966
1.69659
1.69659
1.69659
1.69659
1.69659
1.69659
1.69659
1.69659
1.69659
1.69659
1.69658
1.69658
1.69658
1.69658
1.69658
1.69658
1.69658
1.69657
1.69657
1.69657
1.69657
1.69657
1.69656
1.69656
1.69656
1.69656
1.69655
1.69655
1.69655
1.69654
1.69654
1.69654
1.69654
1.69653
1.69653
1.69653
1.69652
1.69652
1.69652
1.69651
1.69651
1.69651
1.6965
1.6965
1.6965
1.69649
1.69649
1.69649
1.69648
1.69648
1.69648
1.69647
1.69647
1.69647
1.69646
1.69646
1.69646
1.69646
1.69645
1.69645
1.69645
1.69644
1.69644
1.69644
1.69644
1.69643
1.69643
1.69643
1.69643
1.69643
1.69642
1.69642
1.69642
1.69642
1.69642
1.69642
1.69642
1.69641
1.69641
1.69641
1.69641
1.69641
1.69641
1.69641
1.69641
1.69641
1.69641
1.6964
1.6964
1.6964
1.6964
1.6964
1.6964
1.6964
1.6964
1.6964
1.6964
1.6964
1.6964
1.6964
1.6964
1.6964
1.6964
1.6964
1.6964
1.6964
1.6964
1.69639
1.69639
1.69639
1.69639
1.69639
1.69639
1.69639
1.69639
1.69639
1.69638
1.69638
1.69638
1.69638
1.69638
1.69637
1.69637
1.69637
1.69637
1.69636
1.69636
1.69636
1.69635
1.69635
1.69634
1.69634
1.69633
1.69633
1.69632
1.69632
1.69631
1.69631
1.6963
1.69629
1.69629
1.69628
1.69627
1.69626
1.69626
1.69625
1.69624
1.69623
1.69622
1.69621
1.6962
1.69619
1.69618
1.69617
1.69616
1.69615
1.69613
1.69612
1.69611
1.6961
1.69608
1.69607
1.69605
1.69604
1.69603
1.69601
1.696
1.69598
1.69596
1.69595
1.69593
1.69591
1.6959
1.69588
1.69586
1.69584
1.69583
1.69581
1.69579
1.69577
1.69575
1.69573
1.69571
1.69569
1.69567
1.69564
1.69562
1.6956
1.69558
1.69556
1.69553
1.69551
1.69548
1.69546
1.69543
1.69541
1.69538
1.69536
1.69533
1.6953
1.69528
1.69525
1.69522
1.69519
1.69516
1.69513
1.6951
1.69507
1.69503
1.695
1.69497
1.69493
1.6949
1.69486
1.69483
1.69479
1.69475
1.69471
1.69467
1.69463
1.69459
1.69455
1.69451
1.69446
1.69442
1.69438
1.69433
1.69428
1.69423
1.69419
1.69414
1.69408
1.69403
1.69398
1.69393
1.69387
1.69381
1.69376
1.6937
1.69364
1.69358
1.69352
1.69346
1.69339
1.69333
1.69326
1.6932
1.69313
1.69306
1.69299
1.69292
1.69284
1.69277
1.6927
1.69262
1.69254
1.69246
1.69238
1.6923
1.69222
1.69213
1.69205
1.69196
1.69187
1.69179
1.69169
1.6916
1.69151
1.69142
1.69132
1.69122
1.69112
1.69102
1.69092
1.69082
1.69072
1.69061
1.6905
1.6904
1.69029
1.69017
1.69006
1.68995
1.68983
1.68972
1.6896
1.68948
1.68936
1.68923
1.68911
1.68898
1.68886
1.68873
1.6886
1.68847
1.68833
1.6882
1.68806
1.68793
1.68779
1.68765
1.6875
1.68736
1.68722
1.68707
1.68692
1.68677
1.68662
1.68647
1.68631
1.68616
1.686
1.68584
1.68568
1.68552
1.68535
1.68519
1.68502
1.68485
1.68468
1.68451
1.68434
1.68416
1.68398
1.68381
1.68363
1.68344
1.68326
1.68308
1.68289
1.6827
1.68251
1.68232
1.68213
1.68193
1.68173
1.68154
1.68134
1.68113
1.68093
1.68072
1.68052
1.68031
1.6801
1.67989
1.67967
1.67946
1.67924
1.67902
1.6788
1.67857
1.67835
1.67812
1.67789
1.67766
1.67743
1.6772
1.67696
1.67672
1.67648
1.67624
1.676
1.67576
1.67551
1.67526
1.67501
1.67476
1.6745
1.67425
1.67399
1.67373
1.67347
1.67321
1.67294
1.67267
1.6724
1.67213
1.67186
1.67159
1.67131
1.67103
1.67075
1.67047
1.67018
1.6699
1.66961
1.66932
1.66903
1.66873
1.66844
1.66814
1.66784
1.66754
1.66724
1.66693
1.66662
1.66631
1.666
1.66569
1.66537
1.66505
1.66473
1.66441
1.66409
1.66376
1.66343
1.6631
1.66277
1.66244
1.6621
1.66176
1.66142
1.66108
1.66073
1.66039
1.66004
1.65969
1.65933
1.65898
1.65862
1.65826
1.6579
1.65754
1.65717
1.65681
1.65644
1.65606
1.65569
1.65531
1.65494
1.65456
1.65417
1.65379
1.6534
1.65302
1.65262
1.65223
1.65184
1.65144
1.65104
1.65064
1.65023
1.64983
1.64942
1.64901
1.6486
1.64818
1.64777
1.64735
1.64693
1.6465
1.64608
1.64565
1.64522
1.64479
1.64435
1.64391
1.64347
1.64303
1.64259
1.64214
1.64169
1.64124
1.64079
1.64033
1.63987
1.63941
1.63894
1.63848
1.63801
1.63754
1.63706
1.63659
1.63611
1.63563
1.63514
1.63466
1.63417
1.63368
1.63318
1.63269
1.63219
1.63169
1.63118
1.63067
1.63016
1.62965
1.62914
1.62862
1.6281
1.62758
1.62705
1.62652
1.62599
1.62546
1.62492
1.62438
1.62384
1.6233
1.62275
1.6222
1.62165
1.62109
1.62054
1.61998
1.61941
1.61885
1.61828
1.61771
1.61714
1.61656
1.61598
1.6154
1.61482
1.61423
1.61364
1.61305
1.61246
1.61186
1.61126
1.61066
1.61006
1.60945
1.60884
1.60823
1.60761
1.607
1.60638
1.60575
1.60513
1.6045
1.60387
1.60324
1.6026
1.60196
1.60132
1.60068
1.60003
1.59939
1.59874
1.59808
1.59743
1.59677
1.59611
1.59544
1.59478
1.59411
1.59344
1.59277
1.59209
1.59141
1.59073
1.59005
1.58936
1.58867
1.58798
1.58729
1.58659
1.58589
1.58519
1.58449
1.58378
1.58308
1.58237
1.58165
1.58094
1.58022
1.5795
1.57878
1.57805
1.57732
1.57659
1.57586
1.57513
1.57439
1.57365
1.57291
1.57217
1.57142
1.57067
1.56992
1.56917
1.56841
1.56766
1.5669
1.56614
1.56537
1.5646
1.56384
1.56307
1.56229
1.56152
1.56074
1.55996
1.55918
1.5584
1.55761
1.55682
1.55603
1.55524
1.55444
1.55365
1.55285
1.55205
1.55124
1.55044
1.54963
1.54882
1.54801
1.5472
1.54638
1.54557
1.54475
1.54393
1.5431
1.54228
1.54145
1.54062
1.53979
1.53895
1.53812
1.53728
1.53644
1.5356
1.53476
1.53391
1.53306
1.53221
1.53136
1.53051
1.52965
1.5288
1.52794
1.52708
1.52621
1.52535
1.52448
1.52361
1.52274
1.52187
1.521
1.52012
1.51924
1.51836
1.51748
1.5166
1.51571
1.51482
1.51394
1.51304
1.51215
1.51126
1.51036
1.50946
1.50856
1.50766
1.50676
1.50586
1.50495
1.50404
1.50313
1.50222
1.50131
1.50039
1.49948
1.49856
1.49764
1.49672
1.4958
1.49487
1.49395
1.49302
1.49209
1.49116
1.49023
1.4893
1.48836
1.48743
1.48649
1.48555
1.48461
1.48367
1.48273
1.48179
1.48084
1.47989
1.47895
1.478
1.47705
1.47609
1.47514
1.47418
1.47323
1.47227
1.47131
1.47035
1.46939
1.46843
1.46747
1.4665
1.46554
1.46457
1.4636
1.46263
1.46166
1.46069
1.45971
1.45874
1.45776
1.45679
1.45581
1.45483
1.45385
1.45287
1.45189
1.45091
1.44992
1.44894
1.44795
1.44696
1.44597
1.44499
1.444
1.443
1.44201
1.44102
1.44003
1.43903
1.43804
1.43704
1.43604
1.43504
1.43405
1.43305
1.43205
1.43104
1.43004
1.42904
1.42804
1.42703
1.42603
1.42502
1.42402
1.42301
1.42201
1.421
1.41999
1.41898
1.41798
1.41697
1.41596
1.41495
1.41394
1.41293
1.41192
1.41091
1.4099
1.40889
1.40788
1.40686
1.40585
1.40484
1.40383
1.40282
1.4018
1.40079
1.39978
1.39877
1.39775
1.39674
1.39573
1.39472
1.3937
1.39269
1.39168
1.39067
1.38965
1.38864
1.38763
1.38662
1.3856
1.38459
1.38358
1.38257
1.38156
1.38054
1.37953
1.37852
1.37751
1.3765
1.37549
1.37448
1.37347
1.37246
1.37145
1.37044
1.36943
1.36842
1.36741
1.3664
1.36539
1.36439
1.36338
1.36237
1.36136
1.36036
1.35935
1.35834
1.35734
1.35633
1.35533
1.35432
1.35332
1.35231
1.35131
1.3503
1.3493
1.3483
1.3473
1.34629
1.34529
1.34429
1.34329
1.34229
1.34129
1.34029
1.33929
1.3383
1.3373
1.3363
1.33531
1.33431
1.33331
1.33232
1.33132
1.33033
1.32934
1.32834
1.32735
1.32636
1.32537
1.32438
1.32339
1.3224
1.32141
1.32042
1.31943
1.31845
1.31746
1.31647
1.31549
1.3145
1.31352
1.31254
1.31155
1.31057
1.30959
1.30861
1.30762
1.30664
1.30566
1.30468
1.30371
1.30273
1.30175
1.30077
1.29979
1.29882
1.29784
1.29687
1.29589
1.29492
1.29394
1.29297
1.292
1.29102
1.29005
1.28908
1.28811
1.28714
1.28617
1.2852
1.28423
1.28326
1.28229
1.28133
1.28036
1.27939
1.27842
1.27746
1.27649
1.27553
1.27457
1.2736
1.27264
1.27168
1.27071
1.26975
1.26879
1.26783
1.26687
1.26591
1.26495
1.264
1.26304
1.26208
1.26113
1.26017
1.25922
1.25826
1.25731
1.25636
1.25541
1.25446
1.25351
1.25256
1.25161
1.25066
1.24972
1.24877
1.24783
1.24688
1.24594
1.245
1.24406
1.24312
1.24218
1.24124
1.2403
1.23937
1.23843
1.2375
1.23656
1.23563
1.2347
1.23377
1.23284
1.23191
1.23099
1.23006
1.22914
1.22821
1.22729
1.22637
1.22545
1.22453
1.22361
1.22269
1.22178
1.22086
1.21995
1.21904
1.21812
1.21721
1.2163
1.21539
1.21448
1.21358
1.21267
1.21177
1.21086
1.20996
1.20906
1.20815
1.20725
1.20635
1.20546
1.20456
1.20366
1.20276
1.20187
1.20097
1.20008
1.19919
1.19829
1.1974
1.19651
1.19562
1.19473
1.19384
1.19296
1.19207
1.19118
1.1903
1.18941
1.18853
1.18764
1.18676
1.18588
1.185
1.18412
1.18324
1.18236
1.18148
1.1806
1.17972
1.17884
1.17797
1.17709
1.17621
1.17534
1.17446
1.17359
1.17272
1.17184
1.17097
1.1701
1.16923
1.16836
1.16749
1.16662
1.16575
1.16488
1.16401
1.16314
1.16227
1.1614
1.16054
1.15967
1.15881
1.15794
1.15708
1.15621
1.15535
1.15448
1.15362
1.15276
1.15189
1.15103
1.15017
1.14931
1.14845
1.14759
1.14673
1.14587
1.14501
1.14415
1.14329
1.14243
1.14158
1.14072
1.13986
1.13901
1.13815
1.1373
1.13644
1.13559
1.13473
1.13388
1.13302
1.13217
1.13132
1.13047
1.12962
1.12876
1.12791
1.12706
1.12621
1.12536
1.12452
1.12367
1.12282
1.12197
1.12112
1.12028
1.11943
1.11859
1.11774
1.1169
1.11605
1.11521
1.11436
1.11352
1.11268
1.11184
1.111
1.11016
1.10932
1.10848
1.10764
1.1068
1.10596
1.10512
1.10429
1.10345
1.10262
1.10178
1.10095
1.10011
1.09928
1.09845
1.09761
1.09678
1.09595
1.09512
1.09429
1.09346
1.09264
1.09181
1.09098
1.09016
1.08933
1.08851
1.08768
1.08686
1.08604
1.08522
1.08439
1.08357
1.08276
1.08194
1.08112
1.0803
1.07949
1.07867
1.07786
1.07704
1.07623
1.07542
1.07461
1.0738
1.07299
1.07218
1.07138
1.07057
1.06977
1.06896
1.06816
1.06736
1.06656
1.06576
1.06496
1.06416
1.06337
1.06257
1.06178
1.06099
1.0602
1.05941
1.05862
1.05783
1.05705
1.05626
1.05548
1.05469
1.05391
1.05313
1.05236
1.05158
1.0508
1.05003
1.04926
1.04849
1.04772
1.04695
1.04618
1.04542
1.04465
1.04389
1.04313
1.04237
1.04161
1.04085
1.0401
1.03935
1.0386
1.03785
1.0371
1.03635
1.0356
1.03486
1.03412
1.03338
1.03264
1.0319
1.03117
1.03043
1.0297
1.02897
1.02824
1.02751
1.02679
1.02606
1.02534
1.02462
1.0239
1.02319
1.02247
1.02176
1.02105
1.02034
1.01963
1.01892
1.01822
1.01752
1.01682
1.01612
1.01542
1.01473
1.01403
1.01334
1.01265
1.01196
1.01128
1.01059
1.00991
1.00923
1.00855
1.00788
1.0072
1.00653
1.00586
1.00519
1.00453
1.00386
1.0032
1.00254
1.00188
1.00123
1.00057
0.999919
0.999269
0.99862
0.997974
0.99733
0.996687
0.996047
0.995409
0.994772
0.994138
0.993506
0.992876
0.992247
0.991621
0.990997
0.990375
0.989755
0.989137
0.988521
0.987906
0.987294
0.986684
0.986076
0.985469
0.984865
0.984263
0.983662
0.983063
0.982467
0.981872
0.981279
0.980688
0.980098
0.979511
0.978925
0.978341
0.977759
0.977178
0.976599
0.976022
0.975447
0.974874
0.974302
0.973731
0.973163
0.972596
0.972031
0.971467
0.970905
0.970345
0.969785
0.969228
0.968672
0.968117
0.967564
0.967012
0.966462
0.965913
0.965366
0.96482
0.964275
0.963732
0.96319
0.962649
0.962109
0.961571
0.961034
0.960499
0.959964
0.959431
0.958899
0.958368
0.957839
0.95731
0.956783
0.956257
0.955732
0.955208
0.954685
0.954163
0.953643
0.953123
0.952604
0.952087
0.95157
0.951055
0.95054
0.950027
0.949514
0.949002
0.948492
0.947982
0.947473
0.946965
0.946458
0.945951
0.945446
0.944941
0.944438
0.943935
0.943433
0.942932
0.942431
0.941932
0.941433
0.940935
0.940438
0.939941
0.939445
0.93895
0.938456
0.937962
0.937469
0.936977
0.936485
0.935994
0.935504
0.935015
0.934526
0.934037
0.93355
0.933063
0.932577
0.932091
0.931606
0.931121
0.930637
0.930154
0.929672
0.929189
0.928708
0.928227
0.927746
0.927267
0.926787
0.926309
0.92583
0.925353
0.924876
0.924399
0.923923
0.923448
0.922973
0.922499
0.922025
0.921552
0.921079
0.920606
0.920135
0.919663
0.919193
0.918723
0.918253
0.917784
0.917315
0.916847
0.91638
0.915913
0.915446
0.91498
0.914514
0.914049
0.913585
0.913121
0.912657
0.912194
0.911732
0.91127
0.910808
0.910347
0.909886
0.909426
0.908967
0.908507
0.908049
0.907591
0.907133
0.906676
0.906219
0.905762
0.905307
0.904851
0.904396
0.903942
0.903487
0.903034
0.90258
0.902127
0.901675
0.901223
0.900771
0.90032
0.899869
0.899419
0.898969
0.898519
0.89807
0.897621
0.897173
0.896725
0.896277
0.89583
0.895383
0.894937
0.894491
0.894045
0.8936
0.893155
0.89271
0.892266
0.891822
0.891379
0.890936
0.890494
0.890052
0.88961
0.889169
0.888728
0.888287
0.887847
0.887407
0.886968
0.886529
0.88609
0.885652
0.885214
0.884777
0.88434
0.883903
0.883467
0.883031
0.882595
0.88216
0.881725
0.881291
0.880857
0.880423
0.87999
0.879557
0.879124
0.878692
0.878261
0.877829
0.877398
0.876967
0.876537
0.876107
0.875678
0.875248
0.87482
0.874391
0.873963
0.873536
0.873108
0.872681
0.872254
0.871828
0.871402
0.870976
0.870551
0.870126
0.869702
0.869277
0.868853
0.868429
0.868006
0.867583
0.86716
0.866737
0.866315
0.865893
0.865472
0.86505
0.864629
0.864209
0.863788
0.863368
0.862948
0.862528
0.862108
0.861689
0.86127
0.860851
0.860433
0.860015
0.859597
0.859179
0.858762
0.858345
0.857928
0.857511
0.857095
0.856679
0.856263
0.855848
0.855433
0.855018
0.854603
0.854189
0.853775
0.853361
0.852948
0.852534
0.852121
0.851709
0.851297
0.850885
0.850473
0.850062
0.849651
0.84924
0.84883
0.848419
0.84801
0.8476
0.847191
0.846782
0.846374
0.845965
0.845558
0.84515
0.844743
0.844336
0.843929
0.843523
0.843117
0.842712
0.842307
0.841902
0.841497
0.841093
0.84069
0.840286
0.839883
0.83948
0.839078
0.838676
0.838275
0.837874
0.837473
0.837073
0.836673
0.836273
0.835874
0.835475
0.835077
0.834679
0.834282
0.833885
0.833488
0.833092
0.832696
0.832301
0.831906
0.831511
0.831117
0.830723
0.83033
0.829938
0.829545
0.829153
0.828762
0.828371
0.827981
0.82759
0.827201
0.826812
0.826423
0.826035
0.825648
0.82526
0.824874
0.824487
0.824102
0.823716
0.823331
0.822947
0.822563
0.822179
0.821796
0.821414
0.821032
0.82065
0.820269
0.819888
0.819508
0.819128
0.818748
0.818369
0.817991
0.817612
0.817235
0.816857
0.81648
0.816104
0.815727
0.815352
0.814976
0.814601
0.814226
0.813852
0.813478
0.813104
0.812731
0.812358
0.811985
0.811613
0.81124
0.810868
0.810497
0.810125
0.809754
0.809383
0.809012
0.808642
0.808272
0.807902
0.807532
0.807162
0.806793
0.806423
0.806054
0.805685
0.805316
0.804947
0.804579
0.80421
0.803841
0.803473
0.803105
0.802736
0.802368
0.802
0.801632
0.801264
0.800895
0.800527
0.800159
0.799791
0.799423
0.799055
0.798687
0.798318
0.79795
0.797582
0.797213
0.796845
0.796476
0.796107
0.795738
0.79537
0.795001
0.794631
0.794262
0.793893
0.793523
0.793154
0.792784
0.792414
0.792044
0.791674
0.791303
0.790933
0.790562
0.790192
0.789821
0.78945
0.789078
0.788707
0.788335
0.787963
0.787591
0.787219
0.786846
0.786474
0.786101
0.785728
0.785355
0.784981
0.784607
0.784233
0.783859
0.783485
0.78311
0.782735
0.78236
0.781985
0.781609
0.781233
0.780857
0.780481
0.780104
0.779727
0.77935
0.778973
0.778595
0.778217
0.777839
0.77746
0.777081
0.776702
0.776323
0.775944
0.775564
0.775184
0.774804
0.774423
0.774042
0.773661
0.77328
0.772898
0.772517
0.772135
0.771753
0.77137
0.770988
0.770605
0.770222
0.769839
0.769456
0.769072
0.768689
0.768305
0.767921
0.767537
0.767153
0.766768
0.766384
0.765999
0.765615
0.76523
0.764845
0.76446
0.764076
0.763691
0.763306
0.762921
0.762536
0.762151
0.761766
0.761381
0.760996
0.760611
0.760226
0.759842
0.759457
0.759072
0.758688
0.758304
0.75792
0.757536
0.757152
0.756768
0.756385
0.756002
0.755619
0.755236
0.754854
0.754472
0.75409
0.753709
0.753328
0.752947
0.752566
0.752186
0.751807
0.751427
0.751049
0.75067
0.750292
0.749915
0.749538
0.749161
0.748786
0.74841
0.748035
0.747661
0.747287
0.746914
0.746542
0.74617
0.745798
0.745428
0.745057
0.744688
0.744319
0.743951
0.743584
0.743217
0.742851
0.742485
0.742121
0.741757
0.741394
0.741031
0.740669
0.740308
0.739948
0.739588
0.739229
0.738871
0.738514
0.738157
0.737802
0.737446
0.737092
0.736739
0.736386
0.736034
0.735683
0.735332
0.734983
0.734634
0.734285
0.733938
0.733591
0.733245
0.7329
0.732555
0.732211
0.731868
0.731526
0.731184
0.730843
0.730503
0.730163
0.729824
0.729486
0.729148
0.728811
0.728474
0.728138
0.727803
0.727469
0.727135
0.726801
0.726468
0.726136
0.725804
0.725473
0.725142
0.724812
0.724483
0.724154
0.723825
0.723497
0.723169
0.722842
0.722515
0.722189
0.721864
0.721538
0.721214
0.72089
0.720566
0.720242
0.719919
0.719597
0.719275
0.718954
0.718633
0.718312
0.717992
0.717673
0.717354
0.717036
0.716718
0.716401
0.716084
0.715768
0.715453
0.715138
0.714824
0.71451
0.714197
0.713885
0.713573
0.713262
0.712952
0.712643
0.712334
0.712026
0.711719
0.711413
0.711108
0.710803
0.710499
0.710196
0.709894
0.709593
0.709292
0.708993
0.708694
0.708397
0.7081
0.707804
0.70751
0.707216
0.706923
0.706631
0.706341
0.706051
0.705763
0.705475
0.705188
0.704903
0.704619
0.704335
0.704053
0.703772
0.703492
0.703214
0.702936
0.702659
0.702384
0.70211
0.701837
0.701565
0.701294
0.701025
0.700757
0.70049
0.700224
0.69996
0.699697
0.699435
0.699174
0.698915
0.698657
0.698401
0.698146
0.697892
0.69764
0.697389
0.69714
0.696892
0.696646
0.696401
0.696158
0.695916
0.695676
0.695437
0.6952
0.694965
0.694731
0.694499
0.694268
0.69404
0.693813
0.693587
0.693364
0.693142
0.692922
0.692703
0.692487
0.692272
0.69206
0.691849
0.69164
0.691433
0.691228
0.691025
0.690823
0.690624
0.690427
0.690231
0.690038
0.689847
0.689658
0.689471
0.689286
0.689103
0.688922
0.688743
0.688566
0.688392
0.68822
0.688049
0.687881
0.687716
0.687552
0.68739
0.687231
0.687074
0.686919
0.686767
0.686616
0.686468
0.686322
0.686179
0.686038
0.685899
0.685762
0.685628
0.685496
0.685367
0.68524
0.685115
0.684992
0.684872
0.684755
0.684639
0.684526
0.684415
0.684307
0.684201
0.684098
0.683997
0.683898
0.683801
0.683707
0.683616
0.683526
0.683439
0.683355
0.683273
0.683193
0.683115
0.68304
0.682967
0.682896
0.682828
0.682762
0.682698
0.682636
0.682577
0.68252
0.682465
0.682412
0.682361
0.682312
0.682265
0.68222
0.682177
0.682136
0.682097
0.682059
0.682024
0.68199
0.681958
0.681928
0.681899
0.681872
0.681846
0.681822
0.6818
0.681779
0.681759
0.68174
0.681723
0.681707
0.681692
0.681679
0.681666
0.681654
0.681644
0.681634
0.681625
0.681617
0.68161
0.681604
0.681598
0.681593
0.681589
0.681585
0.681582
0.681579
0.681576
0.681574
0.681573
0.681572
0.681571
0.68157
0.68157
0.68157
0.68157
0.681571
0.681571
0.681572
0.681572
0.681573
0.681575
0.681576
0.681577
0.681578
0.68158
0.681581
0.681582
0.681584
0.681585
0.681587
0.681588
0.68159
0.681591
0.681592
0.681594
0.681595
0.681597
0.681598
0.681599
0.681601
0.681602
0.681603
0.681605
0.681606
0.681608
0.681609
0.68161
0.681612
0.681613
0.681615
0.681616
0.681618
0.681619
0.681621
0.681623
0.681624
0.681626
0.681628
0.68163
0.681631
0.681633
0.681635
0.681636
0.681638
0.68164
0.681642
0.681644
0.681645
0.681647
0.681649
0.681651
0.681653
0.681655
0.681656
0.681658
0.68166
0.681662
0.681664
0.681665
0.681667
0.681669
0.68167
0.681672
0.681674
0.681675
0.681677
0.681678
0.68168
0.681681
0.681682
0.681684
0.681685
0.681686
0.681687
0.681688
0.681689
0.68169
0.681691
0.681692
0.681692
0.681693
0.681694
0.681695
0.681695
0.681696
0.681696
0.681697
0.681697
0.681697
0.681698
0.681698
0.681698
0.681699
0.681699
0.681699
0.681699
0.681699
0.6817
0.6817
0.6817
0.6817
0.6817
0.6817
0.6817
0.6817
0.6817
0.6817
0.6817
0.6817
0.6817
0.6817
0.6817
0.6817
0.6817
0.6817
0.6817
0.6817
0.6817
0.6817
0.6817
0.6817
0.6817
0.6817
0.6817
0.6817
0.6817
0.6817
0.6817
0.6817
0.6817
0.6817
0.6817
0.6817
0.6817
0.6817
0.6817
0.6817
0.6817
0.6817
0.6817
0.6817
0.6817
0.6817
0.6817
0.6817
0.6817
0.6817
0.6817
0.6817
0.6817
0.6817
0.6817
0.6817
0.6817
0.6817
0.6817
0.6817
0.6817
0.6817
0.6817
0.6817
0.6817
0.6817
0.6817
0.6817
0.6817
0.6817
0.6817
0.6817
0.6817
0.6817
0.6817
0.6817
0.6817
0.6817
0.6817
0.6817
0.6817
0.6817
0.6817
0.6817
0.6817
0.6817
0.6817
0.6817
0.6817
0.6817
0.6817
0.6817
0.6817
0.6817
0.6817
0.6817
0.6817
0.6817
0.6817
0.6817
0.6817
0.6817
0.6817
0.6817
0.6817
0.6817
0.6817
0.6817
0.6817
0.6817
0.6817
0.6817
0.6817
0.6817
0.6817
0.6817
0.6817
0.6817
0.6817
0.6817
0.6817
0.6817
0.681701
0.681701
0.681701
0.681701
0.681701
0.681702
0.681702
0.681702
0.681703
0.681703
0.681703
0.681704
0.681704
0.681705
0.681705
0.681706
0.681707
0.681708
0.681708
0.681709
0.68171
0.681711
0.681712
0.681713
0.681714
0.681715
0.681716
0.681718
0.681719
0.68172
0.681722
0.681723
0.681725
0.681726
0.681728
0.68173
0.681731
0.681733
0.681735
0.681736
0.681738
0.68174
0.681742
0.681744
0.681745
0.681747
0.681749
0.681751
0.681753
0.681755
0.681756
0.681758
0.68176
0.681762
0.681764
0.681765
0.681767
0.681769
0.68177
0.681772
0.681774
0.681775
0.681777
0.681778
0.68178
0.681781
0.681782
0.681784
0.681785
0.681786
0.681787
0.681788
0.681789
0.68179
0.681791
0.681792
0.681792
0.681793
0.681794
0.681795
0.681795
0.681796
0.681797
0.681797
0.681798
0.681798
0.681799
0.681799
0.6818
0.681801
0.681801
0.681802
0.681802
0.681803
0.681804
0.681804
0.681805
0.681806
0.681807
0.681808
0.681809
0.68181
0.681811
0.681813
0.681814
0.681816
0.681817
0.681819
0.681821
0.681823
0.681825
0.681827
0.68183
0.681832
0.681835
0.681838
0.681841
0.681845
0.681848
0.681851
0.681855
0.681859
0.681863
0.681868
0.681872
0.681877
0.681882
0.681887
0.681892
0.681898
0.681903
0.68191
0.681916
0.681922
0.681929
0.681936
0.681943
0.68195
0.681957
0.681965
0.681973
0.681982
0.68199
0.681999
0.682008
0.682017
0.682027
0.682036
0.682046
0.682056
0.682067
0.682078
0.682089
0.6821
0.682111
0.682123
0.682135
0.682148
0.68216
0.682173
0.682186
0.682199
0.682213
0.682227
0.682241
0.682256
0.68227
0.682285
0.6823
0.682316
0.682332
0.682348
0.682364
0.68238
0.682397
0.682414
0.682431
0.682448
0.682466
0.682484
0.682502
0.68252
0.682538
0.682557
0.682576
0.682595
0.682614
0.682633
0.682653
0.682672
0.682692
0.682712
0.682732
0.682753
0.682773
0.682793
0.682814
0.682834
0.682855
0.682876
0.682897
0.682918
0.682939
0.682959
0.68298
0.683001
0.683023
0.683043
0.683064
0.683085
0.683106
0.683127
0.683148
0.683169
0.68319
0.683211
0.683232
0.683252
0.683273
0.683293
0.683314
0.683334
0.683354
0.683374
0.683395
0.683415
0.683434
0.683454
0.683474
0.683493
0.683513
0.683532
0.683552
0.683571
0.68359
0.683609
0.683627
0.683646
0.683664
0.683683
0.683701
0.683719
0.683737
0.683755
0.683773
0.68379
0.683808
0.683825
0.683842
0.683859
0.683876
0.683893
0.68391
0.683927
0.683943
0.683959
0.683975
0.683991
0.684007
0.684023
0.684038
0.684054
0.684069
0.684084
0.684099
0.684113
0.684128
0.684142
0.684156
0.68417
0.684184
0.684197
0.684211
0.684224
0.684237
0.68425
0.684262
0.684275
0.684287
0.684299
0.68431
0.684322
0.684333
0.684344
0.684354
0.684365
0.684375
0.684385
0.684395
0.684404
0.684413
0.684422
0.684431
0.684439
0.684447
0.684455
0.684463
0.68447
0.684478
0.684484
0.684491
0.684497
0.684503
0.684509
0.684515
0.68452
0.684525
0.68453
0.684535
0.68454
0.684544
0.684548
0.684552
0.684555
0.684559
0.684562
0.684565
0.684568
0.684571
0.684574
0.684576
0.684579
0.684581
0.684583
0.684585
0.684587
0.684589
0.684591
0.684593
0.684594
0.684596
0.684597
0.684599
0.6846
0.684602
0.684603
0.684604
0.684606
0.684607
0.684609
0.68461
0.684611
0.684613
0.684614
0.684616
0.684617
0.684618
0.68462
0.684622
0.684624
0.684625
0.684627
0.684629
0.684631
0.684633
0.684635
0.684637
0.684639
0.684641
0.684643
0.684645
0.684648
0.68465
0.684653
0.684655
0.684658
0.684661
0.684664
0.684667
0.68467
0.684673
0.684676
0.68468
0.684683
0.684687
0.68469
0.684694
0.684698
0.684702
0.684706
0.68471
0.684714
0.684719
0.684723
0.684728
0.684733
0.684738
0.684743
0.684748
0.684753
0.684759
0.684765
0.684771
0.684777
0.684783
0.684789
0.684796
0.684803
0.68481
0.684817
0.684824
0.684832
0.68484
0.684848
0.684857
0.684865
0.684874
0.684883
0.684893
0.684903
0.684913
0.684923
0.684934
0.684945
0.684956
0.684967
0.684979
0.684991
0.685003
0.685016
0.685029
0.685043
0.685056
0.68507
0.685085
0.6851
0.685115
0.68513
0.685146
0.685163
0.685179
0.685196
0.685213
0.685231
0.685249
0.685268
0.685287
0.685306
0.685326
0.685346
0.685366
0.685387
0.685408
0.68543
0.685452
0.685474
0.685497
0.685521
0.685544
0.685568
0.685593
0.685618
0.685643
0.685669
0.685695
0.685722
0.685749
0.685777
0.685805
0.685833
0.685862
0.685891
0.685921
0.685951
0.685982
0.686012
0.686044
0.686076
0.686108
0.686141
0.686174
0.686208
0.686242
0.686276
0.686311
0.686346
0.686382
0.686418
0.686455
0.686492
0.686529
0.686567
0.686605
0.686644
0.686683
0.686722
0.686762
0.686802
0.686843
0.686884
0.686926
0.686967
0.68701
0.687052
0.687095
0.687139
0.687183
0.687227
0.687271
0.687316
0.687361
0.687407
0.687453
0.6875
0.687546
0.687593
0.687641
0.687688
0.687736
0.687785
0.687833
0.687882
0.687932
0.687981
0.688031
0.688082
0.688132
0.688183
0.688234
0.688286
0.688337
0.688389
0.688441
0.688494
0.688547
0.6886
0.688653
0.688706
0.68876
0.688813
0.688867
0.688922
0.688976
0.68903
0.689085
0.68914
0.689195
0.68925
0.689305
0.68936
0.689416
0.689471
0.689527
0.689582
0.689638
0.689694
0.689749
0.689805
0.689861
0.689917
0.689972
0.690028
0.690084
0.690139
0.690195
0.690251
0.690306
0.690361
0.690417
0.690472
0.690527
0.690582
0.690637
0.690692
0.690747
0.690802
0.690856
0.690911
0.690965
0.691019
0.691073
0.691127
0.691181
0.691235
0.691289
0.691342
0.691396
0.691449
0.691503
0.691556
0.691609
0.691663
0.691716
0.691769
0.691822
0.691875
0.691928
0.691981
0.692034
0.692087
0.692141
0.692194
0.692247
0.692301
0.692354
0.692408
0.692461
0.692515
0.692569
0.692623
0.692677
0.692732
0.692787
0.692841
0.692896
0.692952
0.693007
0.693063
0.693119
0.693175
0.693232
0.693289
0.693346
0.693403
0.693461
0.693519
0.693578
0.693637
0.693696
0.693755
0.693815
0.693876
0.693936
0.693998
0.694059
0.694121
0.694184
0.694247
0.69431
0.694374
0.694438
0.694503
0.694568
0.694634
0.6947
0.694767
0.694834
0.694902
0.69497
0.695039
0.695108
0.695178
0.695249
0.69532
0.695391
0.695463
0.695536
0.695609
0.695683
0.695757
0.695832
0.695907
0.695983
0.69606
0.696137
0.696214
0.696293
0.696372
0.696451
0.696531
0.696611
0.696693
0.696774
0.696856
0.696939
0.697022
0.697106
0.697191
0.697276
0.697362
0.697448
0.697534
0.697622
0.697709
0.697798
0.697886
0.697976
0.698066
0.698156
0.698247
0.698338
0.69843
0.698523
0.698615
0.698709
0.698803
0.698897
0.698992
0.699088
0.699183
0.69928
0.699377
0.699474
0.699572
0.69967
0.699769
0.699868
0.699968
0.700068
0.700169
0.70027
0.700372
0.700474
0.700577
0.70068
0.700784
0.700888
0.700993
0.701098
0.701204
0.70131
0.701417
0.701525
0.701633
0.701741
0.70185
0.70196
0.70207
0.702181
0.702292
0.702404
0.702517
0.70263
0.702744
0.702858
0.702973
0.703089
0.703205
0.703322
0.703439
0.703557
0.703676
0.703796
0.703916
0.704036
0.704157
0.704279
0.704402
0.704525
0.704649
0.704774
0.704899
0.705025
0.705151
0.705278
0.705406
0.705534
0.705663
0.705793
0.705923
0.706054
0.706186
0.706318
0.706451
0.706585
0.706719
0.706854
0.706989
0.707126
0.707262
0.7074
0.707538
0.707677
0.707816
0.707956
0.708097
0.708239
0.708381
0.708524
0.708667
0.708811
0.708956
0.709102
0.709248
0.709395
0.709543
0.709691
0.70984
0.70999
0.710141
0.710292
0.710444
0.710597
0.710751
0.710906
0.711061
0.711217
0.711374
0.711531
0.71169
0.711849
0.712009
0.71217
0.712332
0.712495
0.712659
0.712823
0.712988
0.713155
0.713322
0.71349
0.713659
0.713829
0.714
0.714172
0.714345
0.714519
0.714694
0.71487
0.715047
0.715224
0.715403
0.715583
0.715764
0.715946
0.716129
0.716313
0.716498
0.716684
0.716871
0.717059
0.717248
0.717438
0.71763
0.717822
0.718015
0.71821
0.718406
0.718602
0.7188
0.718999
0.719199
0.7194
0.719603
0.719806
0.720011
0.720216
0.720423
0.720631
0.72084
0.72105
0.721262
0.721474
0.721688
0.721903
0.722119
0.722337
0.722555
0.722775
0.722996
0.723218
0.723442
0.723666
0.723892
0.724119
0.724348
0.724577
0.724808
0.725041
0.725274
0.725509
0.725745
0.725982
0.726221
0.726461
0.726703
0.726945
0.727189
0.727435
0.727682
0.72793
0.728179
0.72843
0.728682
0.728936
0.729191
0.729447
0.729705
0.729964
0.730225
0.730487
0.73075
0.731015
0.731282
0.731549
0.731819
0.732089
0.732362
0.732635
0.73291
0.733187
0.733465
0.733744
0.734025
0.734308
0.734592
0.734877
0.735164
0.735453
0.735743
0.736034
0.736327
0.736622
0.736918
0.737216
0.737515
0.737815
0.738118
0.738421
0.738726
0.739033
0.739342
0.739652
0.739963
0.740277
0.740591
0.740908
0.741226
0.741545
0.741866
0.742189
0.742513
0.742839
0.743167
0.743496
0.743827
0.744159
0.744493
0.744828
0.745165
0.745504
0.745845
0.746187
0.74653
0.746876
0.747223
0.747571
0.747921
0.748273
0.748626
0.748981
0.749338
0.749696
0.750056
0.750418
0.750781
0.751145
0.751512
0.751879
0.752249
0.75262
0.752993
0.753367
0.753743
0.75412
0.754499
0.75488
0.755262
0.755646
0.756031
0.756418
0.756806
0.757196
0.757587
0.757981
0.758375
0.758771
0.759169
0.759568
0.759968
0.760371
0.760774
0.761179
0.761586
0.761994
0.762404
0.762815
0.763228
0.763642
0.764058
0.764475
0.764894
0.765314
0.765735
0.766158
0.766583
0.767009
0.767437
0.767866
0.768296
0.768728
0.769161
0.769596
0.770032
0.77047
0.770909
0.77135
0.771792
0.772236
0.772681
0.773127
0.773575
0.774024
0.774475
0.774928
0.775381
0.775837
0.776293
0.776751
0.77721
0.777671
0.778134
0.778597
0.779063
0.779529
0.779997
0.780467
0.780938
0.78141
0.781884
0.782359
0.782836
0.783314
0.783793
0.784274
0.784756
0.78524
0.785725
0.786211
0.786699
0.787189
0.787679
0.788171
0.788664
0.789159
0.789655
0.790152
0.790651
0.791151
0.791653
0.792156
0.79266
0.793165
0.793672
0.79418
0.794689
0.7952
0.795712
0.796225
0.796739
0.797255
0.797772
0.79829
0.79881
0.799331
0.799853
0.800376
0.8009
0.801426
0.801953
0.802481
0.80301
0.80354
0.804072
0.804604
0.805138
0.805673
0.806209
0.806747
0.807285
0.807825
0.808365
0.808907
0.80945
0.809994
0.81054
0.811086
0.811634
0.812183
0.812732
0.813283
0.813835
0.814389
0.814943
0.815499
0.816055
0.816613
0.817172
0.817732
0.818294
0.818856
0.81942
0.819985
0.820551
0.821118
0.821687
0.822257
0.822828
0.823401
0.823974
0.824549
0.825125
0.825703
0.826282
0.826862
0.827443
0.828026
0.828611
0.829196
0.829784
0.830372
0.830962
0.831553
0.832146
0.83274
0.833336
0.833933
0.834531
0.835131
0.835733
0.836336
0.83694
0.837547
0.838154
0.838764
0.839374
0.839987
0.840601
0.841216
0.841833
0.842452
0.843072
0.843694
0.844318
0.844943
0.84557
0.846198
0.846829
0.84746
0.848094
0.848729
0.849366
0.850004
0.850644
0.851286
0.85193
0.852575
0.853222
0.853871
0.854521
0.855173
0.855827
0.856483
0.85714
0.857799
0.85846
0.859123
0.859787
0.860453
0.861121
0.861791
0.862462
0.863135
0.86381
0.864487
0.865165
0.865846
0.866528
0.867212
0.867897
0.868585
0.869274
0.869965
0.870658
0.871353
0.872049
0.872747
0.873447
0.874149
0.874853
0.875558
0.876266
0.876975
0.877686
0.878399
0.879113
0.87983
0.880548
0.881268
0.88199
0.882714
0.88344
0.884167
0.884896
0.885627
0.88636
0.887095
0.887831
0.88857
0.88931
0.890052
0.890796
0.891541
0.892289
0.893038
0.893789
0.894542
0.895297
0.896054
0.896812
0.897572
0.898334
0.899098
0.899863
0.900631
0.9014
0.902171
0.902943
0.903718
0.904494
0.905272
0.906052
0.906833
0.907617
0.908402
0.909188
0.909977
0.910767
0.911559
0.912353
0.913148
0.913945
0.914744
0.915544
0.916346
0.91715
0.917956
0.918763
0.919571
0.920382
0.921193
0.922007
0.922822
0.923639
0.924457
0.925277
0.926098
0.926921
0.927746
0.928572
0.929399
0.930228
0.931058
0.93189
0.932724
0.933558
0.934395
0.935232
0.936071
0.936912
0.937753
0.938596
0.939441
0.940287
0.941134
0.941982
0.942832
0.943682
0.944535
0.945388
0.946243
0.947099
0.947955
0.948814
0.949673
0.950533
0.951395
0.952258
0.953122
0.953987
0.954853
0.95572
0.956588
0.957457
0.958327
0.959199
0.960071
0.960944
0.961818
0.962694
0.96357
0.964447
0.965325
0.966204
0.967084
0.967965
0.968847
0.969729
0.970613
0.971497
0.972383
0.973269
0.974156
0.975044
0.975933
0.976823
0.977713
0.978605
0.979497
0.98039
0.981284
0.982179
0.983075
0.983971
0.984869
0.985767
0.986666
0.987566
0.988467
0.989369
0.990272
0.991176
0.99208
0.992985
0.993892
0.994799
0.995707
0.996616
0.997526
0.998436
0.999348
1.00026
1.00117
1.00209
1.003
1.00392
1.00484
1.00576
1.00667
1.00759
1.00852
1.00944
1.01036
1.01128
1.01221
1.01314
1.01406
1.01499
1.01592
1.01685
1.01778
1.01871
1.01964
1.02057
1.02151
1.02244
1.02338
1.02432
1.02525
1.02619
1.02713
1.02807
1.02901
1.02995
1.0309
1.03184
1.03278
1.03373
1.03468
1.03562
1.03657
1.03752
1.03847
1.03942
1.04037
1.04132
1.04227
1.04322
1.04417
1.04513
1.04608
1.04703
1.04799
1.04895
1.0499
1.05086
1.05182
1.05277
1.05373
1.05469
1.05565
1.05661
1.05757
1.05853
1.05949
1.06045
1.06142
1.06238
1.06334
1.0643
1.06527
1.06623
1.0672
1.06816
1.06912
1.07009
1.07106
1.07202
1.07299
1.07395
1.07492
1.07589
1.07685
1.07782
1.07879
1.07975
1.08072
1.08169
1.08266
1.08363
1.08459
1.08556
1.08653
1.0875
1.08847
1.08944
1.0904
1.09137
1.09234
1.09331
1.09428
1.09525
1.09622
1.09718
1.09815
1.09912
1.10009
1.10106
1.10203
1.103
1.10396
1.10493
1.1059
1.10687
1.10784
1.10881
1.10977
1.11074
1.11171
1.11268
1.11365
1.11461
1.11558
1.11655
1.11752
1.11848
1.11945
1.12042
1.12138
1.12235
1.12332
1.12428
1.12525
1.12622
1.12718
1.12815
1.12912
1.13008
1.13105
1.13201
1.13298
1.13395
1.13491
1.13588
1.13684
1.13781
1.13877
1.13974
1.1407
1.14167
1.14263
1.1436
1.14456
1.14553
1.14649
1.14746
1.14842
1.14939
1.15035
1.15131
1.15228
1.15324
1.1542
1.15517
1.15613
1.15709
1.15806
1.15902
1.15998
1.16094
1.1619
1.16286
1.16382
1.16478
1.16574
1.1667
1.16766
1.16862
1.16958
1.17054
1.17149
1.17245
1.17341
1.17436
1.17532
1.17627
1.17722
1.17818
1.17913
1.18008
1.18103
1.18198
1.18293
1.18387
1.18482
1.18577
1.18671
1.18765
1.1886
1.18954
1.19048
1.19142
1.19235
1.19329
1.19422
1.19516
1.19609
1.19702
1.19795
1.19888
1.1998
1.20073
1.20165
1.20257
1.20349
1.20441
1.20533
1.20624
1.20716
1.20807
1.20898
1.20988
1.21079
1.21169
1.2126
1.2135
1.21439
1.21529
1.21618
1.21708
1.21797
1.21885
1.21974
1.22063
1.22151
1.22239
1.22327
1.22414
1.22502
1.22589
1.22676
1.22763
1.22849
1.22936
1.23022
1.23108
1.23193
1.23279
1.23364
1.23449
1.23534
1.23619
1.23704
1.23788
1.23872
1.23956
1.2404
1.24123
1.24207
1.2429
1.24373
1.24455
1.24538
1.2462
1.24703
1.24785
1.24866
1.24948
1.2503
1.25111
1.25192
1.25273
1.25354
1.25434
1.25515
1.25595
1.25675
1.25755
1.25835
1.25915
1.25994
1.26073
1.26153
1.26232
1.26311
1.26389
1.26468
1.26546
1.26625
1.26703
1.26781
1.26859
1.26937
1.27014
1.27092
1.27169
1.27246
1.27324
1.27401
1.27478
1.27554
1.27631
1.27708
1.27784
1.2786
1.27937
1.28013
1.28089
1.28165
1.28241
1.28316
1.28392
1.28467
1.28543
1.28618
1.28693
1.28768
1.28843
1.28918
1.28993
1.29068
1.29142
1.29217
1.29291
1.29366
1.2944
1.29514
1.29588
1.29662
1.29736
1.2981
1.29884
1.29958
1.30031
1.30105
1.30178
1.30251
1.30325
1.30398
1.30471
1.30544
1.30617
1.3069
1.30763
1.30835
1.30908
1.30981
1.31053
1.31126
1.31198
1.3127
1.31342
1.31414
1.31486
1.31558
1.3163
1.31702
1.31774
1.31845
1.31917
1.31988
1.3206
1.32131
1.32202
1.32273
1.32344
1.32415
1.32486
1.32557
1.32627
1.32698
1.32768
1.32839
1.32909
1.32979
1.33049
1.33119
1.33189
1.33259
1.33329
1.33398
1.33468
1.33537
1.33607
1.33676
1.33745
1.33814
1.33883
1.33952
1.3402
1.34089
1.34157
1.34226
1.34294
1.34362
1.3443
1.34498
1.34566
1.34634
1.34701
1.34769
1.34836
1.34904
1.34971
1.35038
1.35105
1.35172
1.35238
1.35305
1.35371
1.35438
1.35504
1.3557
1.35636
1.35702
1.35768
1.35833
1.35899
1.35964
1.3603
1.36095
1.3616
1.36225
1.36289
1.36354
1.36419
1.36483
1.36547
1.36611
1.36675
1.36739
1.36803
1.36866
1.3693
1.36993
1.37056
1.37119
1.37182
1.37245
1.37308
1.3737
1.37432
1.37495
1.37557
1.37619
1.3768
1.37742
1.37803
1.37865
1.37926
1.37987
1.38048
1.38108
1.38169
1.38229
1.38289
1.38349
1.38409
1.38469
1.38528
1.38588
1.38647
1.38706
1.38765
1.38824
1.38882
1.3894
1.38999
1.39057
1.39114
1.39172
1.3923
1.39287
1.39344
1.39401
1.39458
1.39514
1.39571
1.39627
1.39683
1.39739
1.39794
1.39849
1.39905
1.3996
1.40014
1.40069
1.40123
1.40178
1.40231
1.40285
1.40339
1.40392
1.40445
1.40498
1.40551
1.40603
1.40655
1.40707
1.40759
1.4081
1.40862
1.40913
1.40964
1.41014
1.41064
1.41114
1.41164
1.41214
1.41263
1.41312
1.41361
1.4141
1.41458
1.41506
1.41554
1.41601
1.41649
1.41696
1.41742
1.41789
1.41835
1.41881
1.41927
1.41972
1.42017
1.42062
1.42107
1.42151
1.42195
1.42239
1.42282
1.42326
1.42369
1.42411
1.42454
1.42496
1.42538
1.42579
1.4262
1.42661
1.42702
1.42743
1.42783
1.42823
1.42862
1.42902
1.42941
1.4298
1.43018
1.43056
1.43094
1.43132
1.43169
1.43207
1.43243
1.4328
1.43316
1.43352
1.43388
1.43424
1.43459
1.43494
1.43529
1.43563
1.43597
1.43631
1.43665
1.43698
1.43731
1.43764
1.43797
1.43829
1.43861
1.43893
1.43924
1.43955
1.43986
1.44017
1.44047
1.44078
1.44107
1.44137
1.44166
1.44196
1.44224
1.44253
1.44281
1.44309
1.44337
1.44365
1.44392
1.44419
1.44446
1.44472
1.44498
1.44524
1.4455
1.44576
1.44601
1.44626
1.44651
1.44675
1.44699
1.44723
1.44747
1.44771
1.44794
1.44817
1.4484
1.44862
1.44885
1.44907
1.44929
1.4495
1.44972
1.44993
1.45014
1.45035
1.45055
1.45075
1.45095
1.45115
1.45135
1.45154
1.45173
1.45192
1.45211
1.45229
1.45248
1.45266
1.45284
1.45301
1.45319
1.45336
1.45353
1.4537
1.45386
1.45403
1.45419
1.45435
1.45451
1.45467
1.45482
1.45497
1.45512
1.45527
1.45542
1.45556
1.4557
1.45584
1.45598
1.45612
1.45625
1.45638
1.45651
1.45664
1.45677
1.45689
1.45702
1.45714
1.45726
1.45737
1.45749
1.4576
1.45771
1.45782
1.45793
1.45804
1.45814
1.45824
1.45835
1.45844
1.45854
1.45864
1.45873
1.45882
1.45891
1.459
1.45909
1.45917
1.45926
1.45934
1.45942
1.4595
1.45957
1.45965
1.45972
1.4598
1.45987
1.45994
1.46
1.46007
1.46013
1.4602
1.46026
1.46032
1.46038
1.46044
1.46049
1.46055
1.4606
1.46065
1.4607
1.46075
1.4608
1.46084
1.46089
1.46093
1.46098
1.46102
1.46106
1.4611
1.46113
1.46117
1.46121
1.46124
1.46127
1.4613
1.46133
1.46136
1.46139
1.46142
1.46145
1.46147
1.4615
1.46152
1.46154
1.46156
1.46158
1.4616
1.46162
1.46164
1.46166
1.46167
1.46169
1.4617
1.46172
1.46173
1.46174
1.46176
1.46177
1.46178
1.46179
1.4618
1.4618
1.46181
1.46182
1.46183
1.46183
1.46184
1.46185
1.46185
1.46186
1.46186
1.46186
1.46187
1.46187
1.46188
1.46188
1.46188
1.46188
1.46189
1.46189
1.46189
1.46189
1.46189
1.46189
1.46189
1.4619
1.4619
1.4619
1.4619
1.4619
1.4619
1.4619
1.4619
1.4619
1.4619
1.4619
1.4619
1.4619
1.4619
1.4619
1.4619
1.4619
1.4619
1.4619
1.4619
1.4619
1.4619
1.4619
1.4619
1.4619
1.4619
1.4619
1.4619
1.4619
1.4619
1.4619
1.4619
1.4619
1.4619
1.4619
1.4619
1.4619
1.4619
1.4619
1.4619
1.4619
1.4619
1.4619
1.4619
1.4619
1.4619
1.4619
1.4619
1.4619
1.4619
1.4619
1.4619
1.4619
1.4619
1.4619
1.4619
1.4619
1.4619
1.4619
1.4619
1.4619
1.4619
1.4619
1.4619
1.4619
1.4619
1.4619
1.4619
1.4619
1.4619
1.4619
1.4619
1.4619
1.4619
1.4619
1.4619
1.4619
1.4619
1.4619
1.4619
1.4619
1.4619
1.4619
1.4619
1.4619
1.4619
1.4619
1.4619
1.4619
1.4619
1.4619
1.4619
1.4619
1.4619
1.4619
1.4619
1.4619
1.4619
1.4619
1.4619
1.4619
1.4619
1.4619
1.4619
1.4619
1.4619
1.4619
1.4619
1.4619
1.4619
1.4619
1.4619
1.4619
1.4619
1.4619
1.4619
1.4619
1.4619
1.4619
1.4619
1.4619
1.4619
1.4619
1.4619
1.4619
1.4619
1.4619
1.4619
1.4619
1.4619
1.4619
1.4619
1.4619
1.4619
1.4619
1.4619
1.4619
1.4619
1.4619
1.4619
1.4619
1.4619
1.4619
1.4619
1.4619
1.4619
1.4619
1.4619
1.4619
1.4619
1.4619
1.4619
1.4619
1.4619
1.4619
1.4619
1.4619
1.4619
1.4619
1.4619
1.4619
1.4619
1.4619
1.4619
1.4619
1.4619
1.4619
1.4619
1.4619
1.4619
1.4619
1.4619
1.4619
1.4619
1.4619
1.4619
1.4619
1.4619
1.4619
1.4619
1.4619
1.4619
1.4619
1.4619
1.4619
1.4619
1.4619
1.4619
1.4619
1.4619
1.4619
1.4619
1.4619
1.4619
1.4619
1.4619
1.4619
1.4619
1.4619
1.4619
1.4619
1.4619
1.4619
1.4619
1.4619
1.4619
1.4619
1.4619
1.4619
1.4619
1.4619
1.4619
1.4619
1.4619
1.4619
1.4619
1.4619
1.4619
1.4619
1.4619
1.4619
1.4619
1.4619
1.4619
1.4619
1.4619
1.4619
1.4619
1.4619
1.4619
1.46189
1.46189
1.46189
1.46189
1.46189
1.46189
1.46189
1.46189
1.46189
1.46189
1.46189
1.46188
1.46188
1.46188
1.46188
1.46188
1.46188
1.46188
1.46187
1.46187
1.46187
1.46187
1.46187
1.46186
1.46186
1.46186
1.46186
1.46185
1.46185
1.46185
1.46185
1.46184
1.46184
1.46184
1.46183
1.46183
1.46183
1.46182
1.46182
1.46182
1.46181
1.46181
1.4618
1.4618
1.46179
1.46179
1.46178
1.46178
1.46177
1.46177
1.46176
1.46176
1.46175
1.46174
1.46174
1.46173
1.46172
1.46172
1.46171
1.4617
1.46169
1.46168
1.46167
1.46167
1.46166
1.46165
1.46164
1.46163
1.46162
1.46161
1.46159
1.46158
1.46157
1.46156
1.46154
1.46153
1.46152
1.4615
1.46149
1.46147
1.46146
1.46144
1.46143
1.46141
1.46139
1.46137
1.46136
1.46134
1.46132
1.4613
1.46128
1.46126
1.46124
1.46121
1.46119
1.46117
1.46114
1.46112
1.4611
1.46107
1.46104
1.46102
1.46099
1.46096
1.46094
1.46091
1.46088
1.46085
1.46082
1.46079
1.46076
1.46072
1.46069
1.46066
1.46062
1.46059
1.46055
1.46052
1.46048
1.46044
1.46041
1.46037
1.46033
1.46029
1.46025
1.46021
1.46017
1.46013
1.46008
1.46004
1.46
1.45995
1.4599
1.45986
1.45981
1.45976
1.45971
1.45966
1.45961
1.45956
1.45951
1.45946
1.45941
1.45935
1.4593
1.45924
1.45919
1.45913
1.45907
1.45902
1.45896
1.4589
1.45884
1.45878
1.45871
1.45865
1.45859
1.45852
1.45846
1.45839
1.45832
1.45826
1.45819
1.45812
1.45805
1.45798
1.45791
1.45784
1.45776
1.45769
1.45762
1.45754
1.45747
1.45739
1.45731
1.45724
1.45716
1.45708
1.457
1.45692
1.45684
1.45675
1.45667
1.45659
1.45651
1.45642
1.45634
1.45625
1.45617
1.45608
1.45599
1.4559
1.45582
1.45573
1.45564
1.45555
1.45546
1.45537
1.45528
1.45518
1.45509
1.455
1.45491
1.45481
1.45472
1.45463
1.45453
1.45444
1.45434
1.45425
1.45415
1.45405
1.45396
1.45386
1.45376
1.45367
1.45357
1.45347
1.45337
1.45327
1.45317
1.45308
1.45298
1.45288
1.45278
1.45268
1.45258
1.45248
1.45238
1.45228
1.45218
1.45207
1.45197
1.45187
1.45177
1.45167
1.45157
1.45146
1.45136
1.45126
1.45116
1.45106
1.45095
1.45085
1.45075
1.45064
1.45054
1.45044
1.45033
1.45023
1.45013
1.45002
1.44992
1.44982
1.44971
1.44961
1.4495
1.4494
1.44929
1.44919
1.44909
1.44898
1.44888
1.44877
1.44867
1.44856
1.44846
1.44835
1.44825
1.44814
1.44804
1.44793
1.44783
1.44772
1.44762
1.44752
1.44741
1.44731
1.4472
1.4471
1.44699
1.44689
1.44679
1.44668
1.44658
1.44647
1.44637
1.44627
1.44616
1.44606
1.44596
1.44585
1.44575
1.44565
1.44555
1.44544
1.44534
1.44524
1.44514
1.44504
1.44494
1.44483
1.44473
1.44463
1.44453
1.44443
1.44433
1.44423
1.44413
1.44403
1.44394
1.44384
1.44374
1.44364
1.44354
1.44345
1.44335
1.44325
1.44316
1.44306
1.44296
1.44287
1.44277
1.44268
1.44258
1.44249
1.4424
1.4423
1.44221
1.44212
1.44203
1.44193
1.44184
1.44175
1.44166
1.44157
1.44148
1.44139
1.4413
1.44122
1.44113
1.44104
1.44095
1.44087
1.44078
1.44069
1.44061
1.44052
1.44044
1.44035
1.44027
1.44019
1.4401
1.44002
1.43994
1.43986
1.43978
1.4397
1.43962
1.43954
1.43946
1.43938
1.4393
1.43922
1.43914
1.43907
1.43899
1.43891
1.43884
1.43876
1.43868
1.43861
1.43853
1.43846
1.43838
1.43831
1.43824
1.43816
1.43809
1.43802
1.43794
1.43787
1.4378
1.43773
1.43766
1.43759
1.43752
1.43745
1.43737
1.43731
1.43724
1.43717
1.4371
1.43703
1.43696
1.43689
1.43682
1.43676
1.43669
1.43662
1.43655
1.43649
1.43642
1.43635
1.43629
1.43622
1.43616
1.43609
1.43602
1.43596
1.4359
1.43583
1.43577
1.4357
1.43564
1.43558
1.43551
1.43545
1.43539
1.43532
1.43526
1.4352
1.43514
1.43508
1.43502
1.43496
1.4349
1.43484
1.43478
1.43472
1.43466
1.4346
1.43454
1.43448
1.43442
1.43437
1.43431
1.43425
1.4342
1.43414
1.43409
1.43403
1.43398
1.43392
1.43387
1.43382
1.43376
1.43371
1.43366
1.43361
1.43356
1.43351
1.43346
1.43341
1.43336
1.43332
1.43327
1.43322
1.43318
1.43313
1.43309
1.43305
1.433
1.43296
1.43292
1.43288
1.43284
1.4328
1.43277
1.43273
1.4327
1.43266
1.43263
1.43259
1.43256
1.43253
1.4325
1.43247
1.43244
1.43242
1.43239
1.43236
1.43234
1.43231
1.43229
1.43227
1.43225
1.43223
1.43221
1.43219
1.43217
1.43216
1.43214
1.43213
1.43211
1.4321
1.43209
1.43207
1.43206
1.43205
1.43204
1.43203
1.43202
1.43202
1.43201
1.432
1.432
1.43199
1.43199
1.43198
1.43198
1.43197
1.43197
1.43197
1.43197
1.43196
1.43196
1.43196
1.43196
1.43196
1.43196
1.43196
1.43196
1.43196
1.43196
1.43196
1.43196
1.43196
1.43196
1.43196
1.43196
1.43196
1.43197
1.43197
1.43197
1.43197
1.43197
1.43197
1.43197
1.43198
1.43198
1.43198
1.43198
1.43198
1.43198
1.43198
1.43198
1.43199
1.43199
1.43199
1.43199
1.43199
1.43199
1.43199
1.43199
1.43199
1.43199
1.43199
1.432
1.432
1.432
1.432
1.432
1.432
1.432
1.432
1.432
1.432
1.432
1.432
1.432
1.432
1.432
1.432
1.432
1.432
1.432
1.432
1.432
1.432
1.432
1.432
1.432
1.432
1.432
1.432
1.432
1.432
1.432
1.432
1.432
1.432
1.432
1.432
1.432
1.432
1.432
1.432
1.432
1.432
1.432
1.432
1.432
1.432
1.432
1.432
1.432
1.432
1.432
1.432
1.432
1.432
1.432
1.432
1.432
1.432
1.432
1.432
1.432
1.432
1.432
1.432
1.432
1.432
1.432
1.432
1.432
1.432
1.432
1.432
1.432
1.432
1.432
1.432
1.432
1.432
1.432
1.432
1.432
1.432
1.432
1.432
1.432
1.432
1.432
1.432
1.432
1.432
1.432
1.432
1.432
1.432
1.432
1.432
1.432
1.432
1.432
1.432
1.432
1.432
1.432
1.432
1.432
1.432
1.432
1.432
1.432
1.432
1.432
1.432
1.432
1.432
1.432
1.432
1.432
1.432
1.432
1.432
1.432
1.432
1.432
1.432
1.432
1.432
1.432
1.432
1.432
1.432
1.432
1.432
1.432
1.432
1.432
1.432
1.432
1.432
1.432
1.432
1.432
1.432
1.432
1.432
1.432
1.432
1.432
1.432
1.432
1.432
1.432
1.432
1.432
1.432
1.432
1.432
1.432
1.432
1.432
1.432
1.432
1.432
1.432
1.432
1.432
1.432
1.432
1.432
1.432
1.432
1.432
1.432
1.432
1.432
1.432
1.432
1.432
1.432
1.432
1.432
1.432
1.432
1.432
1.432
1.432
1.432
1.432
1.432
1.432
1.432
1.432
1.432
1.432
1.432
1.432
1.432
1.432
1.432
1.432
1.432
1.432
1.432
1.432
1.432
1.432
1.432
1.432
1.432
1.432
1.432
1.432
1.432
1.432
1.432
1.432
1.432
1.432
1.432
1.432
1.432
1.432
1.432
1.432
1.432
1.432
1.432
1.432
1.432
1.432
1.432
1.432
1.432
1.432
1.432
1.432
1.432
1.432
1.432
1.432
1.432
1.432
1.432
1.432
1.432
1.432
1.432
1.432
1.432
1.432
1.432
1.432
1.432
1.432
1.432
1.432
1.432
1.432
1.432
1.432
1.432
1.432
1.432
1.432
1.432
1.432
1.432
1.432
1.432
1.432
1.432
1.432
1.432
1.432
1.432
1.432
1.432
1.432
1.432
1.432
1.432
1.432
1.432
1.432
1.432
1.432
1.432
1.432
1.432
1.432
1.432
1.432
1.432
1.432
1.432
1.432
1.432
1.432
1.432
1.432
1.432
1.432
1.432
1.432
1.432
1.432
1.432
1.432
1.432
1.432
1.432
1.432
1.432
1.432
1.432
1.432
1.432
1.432
1.432
1.432
1.432
1.432
1.432
1.432
1.432
1.432
1.432
1.432
1.432
1.432
1.432
1.432
1.432
1.432
1.432
1.432
1.432
1.432
1.432
1.432
1.432
1.432
1.432
1.432
1.432
1.432
1.432
1.432
1.432
1.432
1.432
1.432
1.432
1.432
1.432
1.432
1.432
1.432
1.432
1.432
1.432
1.432
1.432
1.432
1.432
1.432
1.432
1.432
1.432
1.432
1.432
1.432
1.432
1.432
1.432
1.432
1.432
1.432
1.432
1.432
1.432
1.432
1.432
1.432
1.432
1.432
1.432
1.432
1.432
1.432
1.432
1.432
1.432
1.432
1.432
1.432
1.432
1.432
1.432
1.432
1.432
1.432
1.432
1.432
1.432
1.432
1.432
1.432
1.432
1.432
1.432
1.432
1.432
1.432
1.432
1.432
1.432
1.432
1.432
1.432
1.432
1.432
1.432
1.432
1.432
1.432
1.432
1.432
1.432
1.432
1.432
1.432
1.432
1.432
1.432
1.432
1.432
1.432
1.432
1.432
1.432
1.432
1.432
1.432
1.432
1.432
1.432
1.432
1.432
1.432
1.432
1.432
1.432
1.432
1.432
1.432
1.432
1.432
1.432
1.432
1.432
1.432
1.432
1.432
1.432
1.432
1.432
1.432
1.432
1.432
1.432
1.432
1.432
1.432
1.432
1.432
1.432
1.432
1.432
1.432
1.432
1.432
1.432
1.432
1.432
1.432
1.432
1.432
1.432
1.432
1.432
1.432
1.432
1.432
1.432
1.432
1.432
1.432
1.432
1.432
1.432
1.432
1.432
1.432
1.432
1.432
1.432
1.432
1.432
1.432
1.432
1.432
1.432
1.432
1.432
1.432
1.432
1.432
1.432
1.432
1.432
1.432
1.432
1.432
1.432
1.432
1.432
1.432
1.432
1.432
1.432
1.432
1.432
1.432
1.432
1.432
1.432
1.432
1.432
1.432
1.432
1.432
1.432
1.432
1.432
1.432
1.432
1.432
1.432
1.432
1.432
1.432
1.432
1.432
1.432
1.432
1.432
1.432
1.432
1.432
1.432
1.432
1.432
1.432
1.432
1.432
1.432
1.432
1.432
1.432
1.432
1.432
1.432
1.432
1.432
1.432
1.432
1.432
1.432
1.432
1.432
1.432
1.432
1.432
1.432
1.432
1.432
1.432
1.432
1.432
1.432
1.432
1.432
1.432
1.432
1.432
1.432
1.432
1.432
1.432
1.432
1.432
1.432
1.432
1.432
1.432
1.432
1.432
1.432
1.432
1.432
1.432
1.432
1.432
1.432
1.432
1.432
1.432
1.432
1.432
1.432
1.432
1.432
1.432
1.432
1.432
1.432
1.432
1.432
1.432
1.432
1.432
1.432
1.432
1.432
1.432
1.432
1.432
1.432
1.432
1.432
1.432
1.432
1.432
1.432
1.432
1.432
1.432
1.432
1.432
1.432
1.432
1.432
1.432
1.432
1.432
1.432
1.432
1.432
1.432
1.432
1.432
1.432
1.432
1.432
1.432
1.432
1.432
1.432
1.432
1.432
1.432
1.432
1.432
1.432
1.432
1.432
1.432
1.432
1.432
1.432
1.432
1.432
1.432
1.432
1.432
1.432
1.432
1.432
1.432
1.432
1.432
1.432
1.432
1.432
1.432
1.432
1.432
1.432
1.432
1.432
1.432
1.432
1.432
1.432
1.432
1.432
1.432
1.432
1.432
1.432
1.432
1.432
1.432
1.432
1.432
1.432
1.432
1.432
1.432
1.432
1.432
1.432
1.432
1.432
1.432
1.432
1.432
1.432
1.432
1.432
1.432
1.432
1.432
1.432
1.432
1.432
1.432
1.432
1.432
1.432
1.432
1.432
1.432
1.432
1.432
1.432
1.432
1.432
1.432
1.432
1.432
1.432
1.432
1.432
1.432
1.432
1.432
1.432
1.432
1.432
1.432
1.432
1.432
1.432
1.432
1.432
1.432
1.432
1.432
1.432
1.432
1.432
1.432
1.432
1.432
1.432
1.432
1.432
1.432
1.432
1.432
1.432
1.432
1.432
1.432
1.432
1.432
1.432
1.432
1.432
1.432
1.432
1.432
1.432
1.432
1.432
1.432
1.432
1.432
1.432
1.432
1.432
1.432
1.432
1.432
1.432
1.432
1.432
1.432
1.432
1.432
1.432
1.432
1.432
1.432
1.432
1.432
1.432
1.432
1.432
1.432
1.432
1.432
1.432
1.432
1.432
1.432
1.432
1.432
1.432
1.432
1.432
1.432
1.432
1.432
1.432
1.432
1.432
1.432
1.432
1.432
1.432
1.432
1.432
1.432
1.432
1.432
1.432
1.432
1.432
1.432
1.432
1.432
1.432
1.432
1.432
1.432
1.432
1.432
1.432
1.432
1.432
1.432
1.432
1.432
1.432
1.432
1.432
1.432
1.432
1.432
1.432
1.432
1.432
1.432
1.432
1.432
1.432
1.432
1.432
1.432
1.432
1.432
1.432
1.432
1.432
1.432
1.432
1.432
1.432
1.432
1.432
1.432
1.432
1.432
1.432
1.432
1.432
1.432
1.432
1.432
1.432
1.432
1.432
1.432
1.432
1.432
1.432
1.432
1.432
1.432
1.432
1.432
1.432
1.432
1.432
1.432
1.432
1.432
1.432
1.432
1.432
1.432
1.432
1.432
1.432
1.432
1.432
1.432
1.432
1.432
1.432
1.432
1.432
1.432
1.432
1.432
1.432
1.432
1.432
1.432
1.432
1.432
1.432
1.432
1.432
1.432
1.432
1.432
1.432
1.432
1.432
1.432
1.432
1.432
1.432
1.432
1.432
1.432
1.432
1.432
1.432
1.432
1.432
1.432
1.432
1.432
1.432
1.432
1.432
1.432
1.432
1.432
1.432
1.432
1.432
1.432
1.432
1.432
1.432
1.432
1.432
1.432
1.432
1.432
1.432
1.432
1.432
1.432
1.432
1.432
1.432
1.432
1.432
1.432
1.432
1.432
1.432
1.432
1.432
1.432
1.432
1.432
1.432
1.432
1.432
1.432
1.432
1.432
1.432
1.432
1.432
1.432
1.432
1.432
1.432
1.432
1.432
1.432
1.432
1.432
1.432
1.432
1.432
1.432
1.432
1.432
1.432
1.432
1.432
1.432
1.432
1.432
1.432
1.432
1.432
1.432
1.432
1.432
1.432
1.432
1.432
1.432
1.432
1.432
1.432
1.432
1.432
1.432
1.432
1.432
1.432
1.432
1.432
1.432
1.432
1.432
1.432
1.432
1.432
1.432
1.432
1.432
1.432
1.432
1.432
1.432
1.432
1.432
1.432
1.432
1.432
1.432
1.432
1.432
1.432
1.432
1.432
1.432
1.432
1.432
1.432
1.432
1.432
1.432
1.432
1.432
1.432
1.432
1.432
1.432
1.432
1.432
1.432
1.432
1.432
1.432
1.432
1.432
1.432
1.432
1.432
1.432
1.432
1.432
1.432
1.432
1.432
1.432
1.432
1.432
1.432
1.432
1.432
1.432
1.432
1.432
1.432
1.432
1.432
1.432
1.432
1.432
1.432
1.432
1.432
1.432
1.432
1.432
1.432
1.432
1.432
1.432
1.432
1.432
1.432
1.432
1.432
1.432
1.432
1.432
1.432
1.432
1.432
1.432
1.432
1.432
1.432
1.432
1.432
1.432
1.432
1.432
1.432
1.432
1.432
1.432
1.432
1.432
1.432
1.432
1.432
1.432
1.432
1.432
1.432
1.432
1.432
1.432
1.432
1.432
1.432
1.432
1.432
1.432
1.432
1.432
1.432
1.432
1.432
1.432
1.432
1.432
1.432
1.432
1.432
1.432
1.432
1.432
1.432
1.432
1.432
1.432
1.432
1.432
1.432
1.432
1.432
1.432
1.432
1.432
1.432
1.432
1.432
1.432
1.432
1.432
1.432
1.432
1.432
1.432
1.432
1.432
1.432
1.432
1.432
1.432
1.432
1.432
1.432
1.432
1.432
1.432
1.432
1.432
1.432
1.432
1.432
1.432
1.432
1.432
1.432
1.432
1.432
1.432
1.432
1.432
1.432
1.432
1.432
1.432
1.432
1.432
1.432
1.432
1.432
1.432
1.432
1.432
1.432
1.432
1.432
1.432
1.432
1.432
1.432
1.432
1.432
1.432
1.432
1.432
1.432
1.432
1.432
1.432
1.432
1.432
1.432
1.432
1.432
1.432
1.432
1.432
1.432
1.432
1.432
1.432
1.432
1.432
1.432
1.432
1.432
1.432
1.432
1.432
1.432
1.432
1.432
1.432
1.432
1.432
1.432
1.432
1.432
1.432
1.432
1.432
1.432
1.432
1.432
1.432
1.432
1.432
1.432
1.432
1.432
1.432
1.432
1.432
1.432
1.432
1.432
1.432
1.432
1.432
1.432
1.432
1.432
1.432
1.432
1.432
1.432
1.432
1.432
1.432
1.432
1.432
1.432
1.432
1.432
1.432
1.432
1.432
1.432
1.432
1.432
1.432
1.432
1.432
1.432
1.432
1.432
1.432
1.432
1.432
1.432
1.432
1.432
1.432
1.432
1.432
1.432
1.432
1.432
1.432
1.432
1.432
1.432
1.432
1.432
1.432
1.432
1.432
1.432
1.432
1.432
1.432
1.432
1.432
1.432
1.432
1.432
1.432
1.432
1.432
1.432
1.432
1.432
1.432
1.432
1.432
1.432
1.432
1.432
1.432
1.432
1.432
1.432
1.432
1.432
1.432
1.432
1.432
1.432
1.432
1.432
1.432
1.432
1.432
1.432
1.432
1.432
1.432
1.432
1.432
1.432
1.432
1.432
1.432
1.432
1.432
1.432
1.432
1.432
1.432
1.432
1.432
1.432
1.432
1.432
1.432
1.432
1.432
1.432
1.432
1.432
1.432
1.432
1.432
1.432
1.432
1.432
1.432
1.432
1.432
1.432
1.432
1.432
1.432
1.432
1.432
1.432
1.432
1.432
1.432
1.432
1.432
1.432
1.432
1.432
1.432
1.432
1.432
1.432
1.432
1.432
1.432
1.432
1.432
1.432
1.432
1.432
1.432
1.432
1.432
1.432
1.432
1.432
1.432
1.432
1.432
1.432
1.432
1.432
1.432
1.432
1.432
1.43201
1.43201
1.43201
1.43201
1.43201
1.43201
1.43201
1.43201
1.43201
1.43201
1.43201
1.43201
1.43201
1.43201
1.43201
1.43201
1.43201
1.43201
1.43201
1.43201
1.43201
1.43201
1.43201
1.43201
1.43201
1.43201
1.43201
1.43201
1.43201
1.43201
1.43201
1.43201
1.43201
1.43201
1.43201
1.43201
1.43201
1.43201
1.43201
1.43201
1.43201
1.43202
1.43202
1.43202
1.43202
1.43202
1.43202
1.43202
1.43202
1.43202
1.43202
1.43202
1.43202
1.43202
1.43202
1.43202
1.43202
1.43202
1.43202
1.43202
1.43203
1.43203
1.43203
1.43203
1.43203
1.43203
1.43203
1.43203
1.43203
1.43203
1.43203
1.43203
1.43203
1.43204
1.43204
1.43204
1.43204
1.43204
1.43204
1.43204
1.43204
1.43204
1.43205
1.43205
1.43205
1.43205
1.43205
1.43205
1.43205
1.43205
1.43206
1.43206
1.43206
1.43206
1.43206
1.43206
1.43207
1.43207
1.43207
1.43207
1.43207
1.43207
1.43208
1.43208
1.43208
1.43208
1.43209
1.43209
1.43209
1.43209
1.4321
1.4321
1.4321
1.4321
1.43211
1.43211
1.43211
1.43211
1.43212
1.43212
1.43212
1.43213
1.43213
1.43213
1.43214
1.43214
1.43215
1.43215
1.43215
1.43216
1.43216
1.43217
1.43217
1.43218
1.43218
1.43219
1.43219
1.4322
1.4322
1.43221
1.43221
1.43222
1.43222
1.43223
1.43224
1.43224
1.43225
1.43225
1.43226
1.43227
1.43228
1.43228
1.43229
1.4323
1.43231
1.43232
1.43232
1.43233
1.43234
1.43235
1.43236
1.43237
1.43238
1.43239
1.4324
1.43241
1.43242
1.43243
1.43245
1.43246
1.43247
1.43248
1.4325
1.43251
1.43252
1.43254
1.43255
1.43257
1.43258
1.4326
1.43261
1.43263
1.43265
1.43266
1.43268
1.4327
1.43272
1.43274
1.43276
1.43278
1.4328
1.43282
1.43284
1.43287
1.43289
1.43291
1.43294
1.43296
1.43299
1.43302
1.43304
1.43307
1.4331
1.43313
1.43316
1.43319
1.43322
1.43326
1.43329
1.43332
1.43336
1.4334
1.43343
1.43347
1.43351
1.43355
1.43359
1.43364
1.43368
1.43373
1.43377
1.43382
1.43387
1.43392
1.43397
1.43402
1.43408
1.43413
1.43419
1.43425
1.43431
1.43437
1.43443
1.4345
1.43456
1.43463
1.4347
1.43477
1.43485
1.43492
1.435
1.43508
1.43516
1.43525
1.43533
1.43542
1.43551
1.43561
1.4357
1.4358
1.4359
1.43601
1.43611
1.43622
1.43633
1.43645
1.43656
1.43668
1.43681
1.43694
1.43707
1.4372
1.43734
1.43748
1.43762
1.43777
1.43792
1.43807
1.43823
1.4384
1.43856
1.43874
1.43891
1.43909
1.43928
1.43947
1.43966
1.43986
1.44006
1.44027
1.44049
1.44071
1.44093
1.44116
1.4414
1.44164
1.44189
1.44214
1.44241
1.44267
1.44295
1.44322
1.44351
1.4438
1.44411
1.44441
1.44473
1.44505
1.44538
1.44572
1.44606
1.44642
1.44678
1.44715
1.44753
1.44792
1.44832
1.44872
1.44914
1.44956
1.45
1.45044
1.45089
1.45136
1.45183
1.45232
1.45281
1.45332
1.45383
1.45436
1.4549
1.45545
1.45602
1.45659
1.45718
1.45778
1.45839
1.45901
1.45965
1.4603
1.46096
1.46163
1.46232
1.46302
1.46374
1.46447
1.46521
1.46597
1.46674
1.46753
1.46833
1.46915
1.46998
1.47082
1.47168
1.47256
1.47345
1.47435
1.47528
1.47621
1.47716
1.47813
1.47912
1.48012
1.48113
1.48216
1.48321
1.48427
1.48535
1.48644
1.48755
1.48868
1.48982
1.49098
1.49215
1.49334
1.49455
1.49577
1.497
1.49825
1.49952
1.5008
1.50209
1.50341
1.50473
1.50607
1.50742
1.50879
1.51017
1.51157
1.51298
1.5144
1.51583
1.51728
1.51874
1.52021
1.5217
1.52319
1.5247
1.52621
1.52774
1.52928
1.53083
1.53238
1.53395
1.53552
1.5371
1.53869
1.54029
1.54189
1.5435
1.54512
1.54674
1.54837
1.55
1.55163
1.55327
1.55492
1.55656
1.55821
1.55986
1.56151
1.56316
1.56481
1.56646
1.56812
1.56977
1.57141
1.57306
1.57471
1.57635
1.57798
1.57962
1.58125
1.58287
1.58449
1.5861
1.58771
1.58931
1.5909
1.59249
1.59407
1.59564
1.5972
1.59875
1.60029
1.60182
1.60334
1.60486
1.60636
1.60785
1.60932
1.61079
1.61224
1.61368
1.61511
1.61653
1.61793
1.61932
1.62069
1.62205
1.6234
1.62473
1.62605
1.62736
1.62864
1.62992
1.63118
1.63242
1.63365
1.63486
1.63606
1.63724
1.6384
1.63955
1.64069
1.6418
1.64291
1.64399
1.64506
1.64612
1.64716
1.64818
1.64919
1.65018
1.65115
1.65211
1.65306
1.65399
1.6549
1.6558
1.65668
1.65755
1.6584
1.65924
1.66006
1.66087
1.66166
1.66244
1.66321
1.66396
1.6647
1.66542
1.66613
1.66682
1.66751
1.66817
1.66883
1.66947
1.6701
1.67072
1.67132
1.67192
1.6725
1.67307
1.67362
1.67417
1.6747
1.67523
1.67574
1.67624
1.67673
1.67721
1.67768
1.67813
1.67858
1.67902
1.67945
1.67987
1.68028
1.68068
1.68108
1.68146
1.68183
1.6822
1.68256
1.68291
1.68325
1.68359
1.68391
1.68423
1.68454
1.68485
1.68514
1.68543
1.68572
1.68599
1.68626
1.68653
1.68678
1.68703
1.68728
1.68752
1.68775
1.68798
1.6882
1.68842
1.68863
1.68884
1.68904
1.68924
1.68943
1.68962
1.6898
1.68998
1.69015
1.69032
1.69049
1.69065
1.6908
1.69096
1.69111
1.69125
1.69139
1.69153
1.69167
1.6918
1.69193
1.69205
1.69218
1.69229
1.69241
1.69252
1.69263
1.69274
1.69285
1.69295
1.69305
1.69314
1.69324
1.69333
1.69342
1.69351
1.69359
1.69368
1.69376
1.69384
1.69391
1.69399
1.69406
1.69413
1.6942
1.69427
1.69434
1.6944
1.69446
1.69452
1.69458
1.69464
1.6947
1.69475
1.6948
1.69486
1.69491
1.69496
1.695
1.69505
1.6951
1.69514
1.69518
1.69523
1.69527
1.69531
1.69535
1.69538
1.69542
1.69546
1.69549
1.69553
1.69556
1.69559
1.69562
1.69566
1.69569
1.69571
1.69574
1.69577
1.6958
1.69582
1.69585
1.69587
1.6959
1.69592
1.69594
1.69597
1.69599
1.69601
1.69603
1.69605
1.69607
1.69609
1.69611
1.69613
1.69614
1.69616
1.69618
1.69619
1.69621
1.69623
1.69624
1.69626
1.69627
1.69628
1.6963
1.69631
1.69632
1.69634
1.69635
1.69636
1.69637
1.69638
1.69639
1.6964
1.69641
1.69643
1.69643
1.69644
1.69645
1.69646
1.69647
1.69648
1.69649
1.6965
1.6965
1.69651
1.69652
1.69653
1.69653
1.69654
1.69655
1.69656
1.69656
1.69657
1.69657
1.69658
1.69659
1.69659
1.6966
1.6966
1.69661
1.69661
1.69662
1.69662
1.69663
1.69663
1.69664
1.69664
1.69664
1.69665
1.69665
1.69666
1.69666
1.69666
1.69667
1.69667
1.69667
1.69668
1.69668
1.69668
1.69669
1.69669
1.69669
1.6967
1.6967
1.6967
1.6967
1.69671
1.69671
1.69671
1.69671
1.69672
1.69672
1.69672
1.69672
1.69672
1.69673
1.69673
1.69673
1.69673
1.69673
1.69674
1.69674
1.69674
1.69674
1.69674
1.69674
1.69674
1.69675
1.69675
1.69675
1.69675
1.69675
1.69675
1.69675
1.69676
1.69676
1.69676
1.69676
1.69676
1.69676
1.69676
1.69676
1.69676
1.69677
1.69677
1.69677
1.69677
1.69677
1.69677
1.69677
1.69677
1.69677
1.69677
1.69677
1.69677
1.69677
1.69678
1.69678
1.69678
1.69678
1.69678
1.69678
1.69678
1.69678
1.69678
1.69678
1.69678
1.69678
1.69678
1.69678
1.69678
1.69678
1.69678
1.69678
1.69678
1.69679
1.69679
1.69679
1.69679
1.69679
1.69679
1.69679
1.69679
1.69679
1.69679
1.69679
1.69679
1.69679
1.69679
1.69679
1.69679
1.69679
1.69679
1.69679
1.69679
1.69679
1.69679
1.69679
1.69679
1.69679
1.69679
1.69679
1.69679
1.69679
1.69679
1.69679
1.69679
1.69679
1.69679
1.69679
1.69679
1.69679
1.69679
1.69679
1.69679
1.69679
1.6968
1.6968
1.6968
1.6968
1.6968
1.6968
1.6968
1.6968
1.6968
1.6968
1.6968
1.6968
1.6968
1.6968
1.6968
1.6968
1.6968
1.6968
1.6968
1.6968
1.6968
1.6968
1.6968
1.6968
1.6968
1.6968
1.6968
1.6968
1.6968
1.6968
1.6968
1.6968
1.6968
1.6968
1.6968
1.6968
1.6968
1.6968
1.6968
1.6968
1.6968
1.6968
1.6968
1.6968
1.6968
1.6968
1.6968
1.6968
1.6968
1.6968
1.6968
1.6968
1.6968
1.6968
1.6968
1.6968
1.6968
1.6968
1.6968
1.6968
1.6968
1.6968
1.6968
1.6968
1.6968
1.6968
1.6968
1.6968
1.6968
1.6968
1.6968
1.6968
1.6968
1.6968
1.6968
1.6968
1.6968
1.6968
1.6968
1.6968
1.6968
1.6968
1.6968
1.6968
1.6968
1.6968
1.6968
1.6968
1.6968
1.6968
1.6968
1.6968
1.6968
1.6968
1.6968
1.6968
1.6968
1.6968
1.6968
1.6968
1.6968
1.6968
1.6968
1.6968
1.6968
1.6968
1.6968
1.6968
1.6968
1.6968
1.6968
1.6968
1.6968
1.6968
1.6968
1.6968
1.6968
1.6968
1.6968
1.6968
1.6968
1.6968
1.6968
1.6968
1.6968
1.6968
1.6968
1.6968
1.6968
1.6968
1.6968
1.6968
1.6968
1.6968
1.6968
1.6968
1.6968
1.6968
1.6968
1.6968
1.6968
1.6968
1.6968
1.6968
1.6968
1.6968
1.6968
1.6968
1.6968
1.6968
1.6968
1.6968
1.6968
1.6968
1.6968
1.6968
1.6968
1.6968
1.6968
1.6968
1.6968
1.6968
1.6968
1.6968
1.6968
1.6968
1.6968
1.6968
1.6968
1.6968
1.6968
1.6968
1.6968
1.6968
1.6968
1.6968
1.6968
1.6968
1.6968
1.6968
1.6968
1.6968
1.6968
1.6968
1.6968
1.6968
1.6968
1.6968
1.6968
1.6968
1.6968
1.6968
1.6968
1.6968
1.6968
1.6968
1.6968
1.6968
1.6968
1.6968
1.6968
1.6968
1.6968
1.6968
1.6968
1.6968
1.6968
1.6968
1.6968
1.6968
1.6968
1.6968
1.6968
1.6968
1.6968
1.6968
1.6968
1.6968
1.6968
1.6968
1.6968
1.6968
1.6968
1.6968
1.6968
1.6968
1.6968
1.6968
1.6968
1.6968
1.6968
1.6968
1.6968
1.6968
1.6968
1.6968
1.6968
1.6968
1.6968
1.6968
1.6968
1.6968
1.6968
1.6968
1.6968
1.6968
1.6968
1.6968
1.6968
1.6968
1.6968
1.6968
1.6968
1.6968
1.6968
1.6968
1.6968
1.6968
1.6968
1.6968
1.6968
1.6968
1.6968
1.6968
1.6968
1.6968
1.6968
1.6968
1.6968
1.6968
1.6968
1.6968
1.6968
1.6968
1.6968
1.6968
1.6968
1.6968
1.6968
1.6968
1.6968
1.6968
1.6968
1.6968
1.6968
1.6968
1.6968
1.6968
1.6968
1.6968
1.6968
1.6968
1.6968
1.6968
1.6968
1.6968
1.6968
1.6968
1.6968
1.6968
1.6968
1.6968
1.6968
1.6968
1.6968
1.6968
1.6968
1.6968
1.6968
1.6968
1.6968
1.6968
1.6968
1.6968
1.6968
1.6968
1.6968
1.6968
1.6968
1.6968
1.6968
1.6968
1.6968
1.6968
1.6968
1.6968
1.6968
1.6968
1.6968
1.6968
1.6968
1.6968
1.6968
1.6968
1.6968
1.6968
1.6968
1.6968
1.6968
1.6968
1.6968
1.6968
1.6968
1.6968
1.6968
1.6968
1.6968
1.6968
1.6968
1.6968
1.6968
1.6968
1.6968
1.6968
1.6968
1.6968
1.6968
1.6968
1.6968
1.6968
1.6968
1.6968
1.6968
1.6968
1.6968
1.6968
1.6968
1.6968
1.6968
1.6968
1.6968
1.6968
1.6968
1.6968
1.6968
1.6968
1.6968
1.6968
1.6968
1.6968
1.6968
1.6968
1.6968
1.6968
1.6968
1.6968
1.6968
1.6968
1.6968
1.6968
1.6968
1.6968
1.6968
1.6968
1.6968
1.6968
1.6968
1.6968
1.6968
1.6968
1.6968
1.6968
1.6968
1.6968
1.6968
1.6968
1.6968
1.6968
1.6968
1.6968
1.6968
1.6968
1.6968
1.6968
1.6968
1.6968
1.6968
1.6968
1.6968
1.6968
1.6968
1.6968
1.6968
1.6968
1.6968
1.6968
1.6968
1.6968
1.6968
1.6968
1.6968
1.6968
1.6968
1.6968
1.6968
1.6968
1.6968
1.6968
1.6968
1.6968
1.6968
1.6968
1.6968
1.6968
1.6968
1.6968
1.6968
1.6968
1.6968
1.6968
1.6968
1.6968
1.6968
1.6968
1.6968
1.6968
1.6968
1.6968
1.6968
1.6968
1.6968
1.6968
1.6968
1.6968
1.6968
1.6968
1.6968
1.6968
1.6968
1.6968
1.6968
1.6968
1.6968
1.6968
1.6968
1.6968
1.6968
1.6968
1.6968
1.6968
1.6968
1.6968
1.6968
1.6968
1.6968
1.6968
1.6968
1.6968
1.6968
1.6968
1.6968
1.6968
1.6968
1.6968
1.6968
1.6968
1.6968
1.6968
1.6968
1.6968
1.6968
1.6968
1.6968
1.6968
1.6968
1.6968
1.6968
1.6968
1.6968
1.6968
1.6968
1.6968
1.6968
1.6968
1.6968
1.6968
1.6968
1.6968
1.6968
1.6968
1.6968
1.6968
1.6968
1.6968
1.6968
1.6968
1.6968
1.6968
1.6968
1.6968
1.6968
1.6968
1.6968
1.6968
1.6968
1.6968
1.6968
1.6968
1.6968
1.6968
1.6968
1.6968
1.6968
1.6968
1.6968
1.6968
1.6968
1.6968
1.6968
1.6968
1.6968
1.6968
1.6968
1.6968
1.6968
1.6968
1.6968
1.6968
1.6968
1.6968
1.6968
1.6968
1.6968
1.6968
1.6968
1.6968
1.6968
1.6968
1.6968
1.6968
1.6968
1.6968
1.6968
1.6968
1.6968
1.6968
1.6968
1.6968
1.6968
1.6968
1.6968
1.6968
1.6968
1.6968
1.6968
1.6968
1.6968
1.6968
1.6968
1.6968
1.6968
1.6968
1.6968
1.6968
1.6968
1.6968
1.6968
1.6968
1.6968
1.6968
1.6968
1.6968
1.6968
1.6968
1.6968
1.6968
1.6968
1.6968
1.6968
1.6968
1.6968
1.6968
1.6968
1.6968
1.6968
1.6968
1.6968
1.6968
1.6968
1.6968
1.6968
1.6968
1.6968
1.6968
1.6968
1.6968
1.6968
1.6968
1.6968
1.6968
1.6968
1.6968
1.6968
1.6968
1.6968
1.6968
1.6968
1.6968
1.6968
1.6968
1.6968
1.6968
1.6968
1.6968
1.6968
1.6968
1.6968
1.6968
1.6968
1.6968
1.6968
1.6968
1.6968
1.6968
1.6968
1.6968
1.6968
1.6968
1.6968
1.6968
1.6968
1.6968
1.6968
1.6968
1.6968
1.6968
1.6968
1.6968
1.6968
1.6968
1.6968
1.6968
1.6968
1.6968
1.6968
1.6968
1.6968
1.6968
1.6968
1.6968
1.6968
1.6968
1.6968
1.6968
1.6968
1.6968
1.6968
1.6968
1.6968
1.6968
1.6968
1.6968
1.6968
1.6968
1.6968
1.6968
1.6968
1.6968
1.6968
1.6968
1.6968
1.6968
1.6968
1.6968
1.6968
1.6968
1.6968
1.6968
1.6968
1.6968
1.6968
1.6968
1.6968
1.6968
1.6968
1.6968
1.6968
1.6968
1.6968
1.6968
1.6968
1.6968
1.6968
1.6968
1.6968
1.6968
1.6968
1.6968
1.6968
1.6968
1.6968
1.6968
1.6968
1.6968
1.6968
1.6968
1.6968
1.6968
1.6968
1.6968
1.6968
1.6968
1.6968
1.6968
1.6968
1.6968
1.6968
1.6968
1.6968
1.6968
1.6968
1.6968
1.6968
1.6968
1.6968
1.6968
1.6968
1.6968
1.6968
1.6968
1.6968
1.6968
1.6968
1.6968
1.6968
1.6968
1.6968
1.6968
1.6968
1.6968
1.6968
1.6968
1.6968
1.6968
1.6968
1.6968
1.6968
1.6968
1.6968
1.6968
1.6968
1.6968
1.6968
1.6968
1.6968
1.6968
1.6968
1.6968
1.6968
1.6968
1.6968
1.6968
1.6968
1.6968
1.6968
1.6968
1.6968
1.6968
1.6968
1.6968
1.6968
1.6968
1.6968
1.6968
1.6968
1.6968
1.6968
1.6968
1.6968
1.6968
1.6968
1.6968
1.6968
1.6968
1.6968
1.6968
1.6968
1.6968
1.6968
1.6968
1.6968
1.6968
1.6968
1.6968
1.6968
1.6968
1.6968
1.6968
1.6968
1.6968
1.6968
1.6968
1.6968
1.6968
1.6968
1.6968
1.6968
1.6968
1.6968
1.6968
1.6968
1.6968
1.6968
1.6968
1.6968
1.6968
1.6968
1.6968
1.6968
1.6968
1.6968
1.6968
1.6968
1.6968
1.6968
1.6968
1.6968
1.6968
1.6968
1.6968
1.6968
1.6968
1.6968
1.6968
1.6968
1.6968
1.6968
1.6968
1.6968
1.6968
1.6968
1.6968
1.6968
1.6968
1.6968
1.6968
1.6968
1.6968
1.6968
1.6968
1.6968
1.6968
1.6968
1.6968
1.6968
1.6968
1.6968
1.6968
1.6968
1.6968
1.6968
1.6968
1.6968
1.6968
1.6968
1.6968
1.6968
1.6968
1.6968
1.6968
1.6968
1.6968
1.6968
1.6968
1.6968
1.6968
1.6968
1.6968
1.6968
1.6968
1.6968
1.6968
1.6968
1.6968
1.6968
1.6968
1.6968
1.6968
1.6968
1.6968
1.6968
1.6968
1.6968
1.6968
1.6968
1.6968
1.6968
1.6968
1.6968
1.6968
1.6968
1.6968
1.6968
1.6968
1.6968
1.6968
1.6968
1.6968
1.6968
1.6968
1.6968
1.6968
1.6968
1.6968
1.6968
1.6968
1.6968
1.6968
1.6968
1.6968
1.6968
1.6968
1.6968
1.6968
1.6968
1.6968
1.6968
1.6968
1.6968
1.6968
1.6968
1.6968
1.6968
1.6968
1.6968
1.6968
1.6968
1.6968
1.6968
1.6968
1.6968
1.6968
1.6968
1.6968
1.6968
1.6968
1.6968
1.6968
1.6968
1.6968
1.6968
1.6968
1.6968
1.6968
1.6968
1.6968
1.6968
1.6968
1.6968
1.6968
1.6968
1.6968
1.6968
1.6968
1.6968
1.6968
1.6968
1.6968
1.6968
1.6968
1.6968
1.6968
1.6968
1.6968
1.6968
1.6968
1.6968
1.6968
1.6968
1.6968
1.6968
1.6968
1.6968
1.6968
1.6968
1.6968
1.6968
1.6968
1.6968
1.6968
1.6968
1.6968
1.6968
1.6968
1.6968
1.6968
1.6968
1.6968
1.6968
1.6968
1.6968
1.6968
1.6968
1.6968
1.6968
1.6968
1.6968
1.6968
1.6968
1.6968
1.6968
1.6968
1.6968
1.6968
1.6968
1.6968
1.6968
1.6968
1.6968
1.6968
1.6968
1.6968
1.6968
1.6968
1.6968
1.6968
1.6968
1.6968
1.6968
1.6968
1.6968
1.6968
1.6968
1.6968
1.6968
1.6968
1.6968
1.6968
1.6968
1.6968
1.6968
1.6968
1.6968
1.6968
1.6968
1.6968
1.6968
1.6968
1.6968
1.6968
1.6968
1.6968
1.6968
1.6968
1.6968
1.6968
1.6968
1.6968
1.6968
1.6968
1.6968
1.6968
1.6968
1.6968
1.6968
1.6968
1.6968
1.6968
1.6968
1.6968
1.6968
1.6968
1.6968
1.6968
1.6968
1.6968
1.6968
1.6968
1.6968
1.6968
1.6968
1.6968
1.6968
1.6968
1.6968
1.6968
1.6968
1.6968
1.6968
1.6968
1.6968
1.6968
1.6968
1.6968
1.6968
1.6968
1.6968
1.6968
1.6968
1.6968
1.6968
1.6968
1.6968
1.6968
1.6968
1.6968
1.6968
1.6968
1.6968
1.6968
1.6968
1.6968
1.6968
1.6968
1.6968
1.6968
1.6968
1.6968
1.6968
1.6968
1.6968
1.6968
1.6968
1.6968
1.6968
1.6968
1.6968
1.6968
1.6968
1.6968
1.6968
1.6968
1.6968
1.6968
1.6968
1.6968
1.6968
1.6968
1.6968
1.6968
1.6968
1.6968
1.6968
1.6968
1.6968
1.6968
1.6968
1.6968
1.6968
1.6968
1.6968
1.6968
1.6968
1.6968
1.6968
1.6968
1.6968
1.6968
1.6968
1.6968
1.6968
1.6968
1.6968
1.6968
1.6968
1.6968
1.6968
1.6968
1.6968
1.6968
1.6968
1.6968
1.6968
1.6968
1.6968
1.6968
1.6968
1.6968
1.6968
1.6968
1.6968
1.6968
1.6968
1.6968
1.6968
1.6968
1.6968
1.6968
1.6968
1.6968
1.6968
1.6968
1.6968
1.6968
1.6968
1.6968
1.6968
1.6968
1.6968
1.6968
1.6968
1.6968
1.6968
1.6968
1.6968
1.6968
1.6968
1.6968
1.6968
1.6968
1.6968
1.6968
1.6968
1.6968
1.6968
1.6968
1.6968
1.6968
1.6968
1.6968
1.6968
1.6968
1.6968
1.6968
1.6968
1.6968
1.6968
1.6968
1.6968
1.6968
1.6968
1.6968
1.6968
1.6968
1.6968
1.6968
1.6968
1.6968
1.6968
1.6968
1.6968
1.6968
1.6968
1.6968
1.6968
1.6968
1.6968
1.6968
1.6968
1.6968
1.6968
1.6968
1.6968
1.6968
1.6968
1.6968
1.6968
1.6968
1.6968
1.6968
1.6968
1.6968
1.6968
1.6968
1.6968
1.6968
1.6968
1.6968
1.6968
1.6968
1.6968
1.6968
1.6968
1.6968
1.6968
1.6968
1.6968
1.6968
1.6968
1.6968
1.6968
1.6968
1.6968
1.6968
1.6968
1.6968
1.6968
1.6968
1.6968
1.6968
1.6968
1.6968
1.6968
1.6968
1.6968
1.6968
1.6968
1.6968
1.6968
1.6968
1.6968
1.6968
1.6968
1.6968
1.6968
1.6968
1.6968
1.6968
1.6968
1.6968
1.6968
1.6968
1.6968
1.6968
1.6968
1.6968
1.6968
1.6968
1.6968
1.6968
1.6968
1.6968
1.6968
1.6968
1.6968
1.6968
1.6968
1.6968
1.6968
1.6968
1.6968
1.6968
1.6968
1.6968
1.6968
1.6968
1.6968
1.6968
1.6968
1.6968
1.6968
1.6968
1.6968
1.6968
1.6968
1.6968
1.6968
1.6968
1.6968
1.6968
1.6968
1.6968
1.6968
1.6968
1.6968
1.6968
1.6968
1.6968
1.6968
1.6968
1.6968
1.6968
1.6968
1.6968
1.6968
1.6968
1.6968
1.6968
1.6968
1.6968
1.6968
1.6968
1.6968
1.6968
1.6968
1.6968
1.6968
1.6968
1.6968
1.6968
1.6968
1.6968
1.6968
1.6968
1.6968
1.6968
1.6968
1.6968
1.6968
1.6968
1.6968
1.6968
1.6968
1.6968
1.6968
1.6968
1.6968
1.6968
1.6968
1.6968
1.6968
1.6968
1.6968
1.6968
1.6968
1.6968
1.6968
1.6968
1.6968
1.6968
1.6968
1.6968
1.6968
1.6968
1.6968
1.6968
1.6968
1.6968
1.6968
1.6968
1.6968
1.6968
1.6968
1.6968
1.6968
1.6968
1.6968
1.6968
1.6968
1.6968
1.6968
1.6968
1.6968
1.6968
1.6968
1.6968
1.6968
1.6968
1.6968
1.6968
1.6968
1.6968
1.6968
1.6968
1.6968
1.6968
1.6968
1.6968
1.6968
1.6968
1.6968
1.6968
1.6968
1.6968
1.6968
1.6968
1.6968
1.6968
1.6968
1.6968
1.6968
1.6968
1.6968
1.6968
1.6968
1.6968
1.6968
1.6968
1.6968
1.6968
1.6968
1.6968
1.6968
1.6968
1.6968
1.6968
1.6968
1.6968
1.6968
1.6968
1.6968
1.6968
1.6968
1.6968
1.6968
1.6968
1.6968
1.6968
1.6968
1.6968
1.6968
1.6968
1.6968
1.6968
1.6968
1.6968
1.6968
1.6968
1.6968
1.6968
1.6968
1.6968
1.6968
1.6968
1.6968
1.6968
1.6968
1.6968
1.6968
1.6968
1.6968
1.6968
1.6968
1.6968
1.6968
1.6968
1.6968
1.6968
1.6968
1.6968
1.6968
1.6968
1.6968
1.6968
1.6968
1.6968
1.6968
1.6968
1.6968
1.6968
1.6968
1.6968
1.6968
1.6968
1.6968
1.6968
1.6968
1.6968
1.6968
1.6968
1.6968
1.6968
1.6968
1.6968
1.6968
1.6968
1.6968
1.6968
1.6968
1.6968
1.6968
1.6968
1.6968
1.6968
1.6968
1.6968
1.6968
1.6968
1.6968
1.6968
1.6968
1.6968
1.6968
1.6968
1.6968
1.6968
1.6968
1.6968
1.6968
1.6968
1.6968
1.6968
1.6968
1.6968
1.6968
1.6968
1.6968
1.6968
1.6968
1.6968
1.6968
1.6968
1.6968
1.6968
1.6968
1.6968
1.6968
1.6968
1.6968
1.6968
1.6968
1.6968
1.6968
1.6968
1.6968
1.6968
1.6968
1.6968
1.6968
1.6968
1.6968
1.6968
1.6968
1.6968
1.6968
1.6968
1.6968
1.6968
1.6968
1.6968
1.6968
1.6968
1.6968
1.6968
1.6968
1.6968
1.6968
1.6968
1.6968
1.6968
1.6968
1.6968
1.6968
1.6968
1.6968
1.6968
1.6968
1.6968
1.6968
1.6968
1.6968
1.6968
1.6968
1.6968
1.6968
1.6968
1.6968
1.6968
1.6968
1.6968
1.6968
1.6968
1.6968
1.6968
1.6968
1.6968
1.6968
1.6968
1.6968
1.6968
1.6968
1.6968
1.6968
1.6968
1.6968
1.6968
1.6968
1.6968
1.6968
1.6968
1.6968
1.6968
1.6968
1.6968
1.6968
1.6968
1.6968
1.6968
1.6968
1.6968
1.6968
1.6968
1.6968
1.6968
1.6968
1.6968
1.6968
1.6968
1.6968
1.6968
1.6968
1.6968
1.6968
1.6968
1.6968
1.6968
1.6968
1.6968
1.6968
1.6968
1.6968
1.6968
1.6968
1.6968
1.6968
1.6968
1.6968
1.6968
1.6968
1.6968
1.6968
1.6968
1.6968
1.6968
1.6968
1.6968
1.6968
1.6968
1.6968
1.6968
1.6968
1.6968
1.6968
1.6968
1.6968
1.6968
1.6968
1.6968
1.6968
1.6968
1.6968
1.6968
1.6968
1.6968
1.6968
1.6968
1.6968
1.6968
1.6968
1.6968
1.6968
1.6968
1.6968
1.6968
1.6968
1.6968
1.6968
1.6968
1.6968
1.6968
1.6968
1.6968
1.6968
1.6968
1.6968
1.6968
1.6968
1.6968
1.6968
1.6968
1.6968
1.6968
1.6968
1.6968
1.6968
1.6968
1.6968
1.6968
1.6968
1.6968
1.6968
1.6968
1.6968
1.6968
1.6968
1.6968
1.6968
1.6968
1.6968
1.6968
1.6968
1.6968
1.6968
1.6968
1.6968
1.6968
1.6968
1.6968
1.6968
1.6968
1.6968
1.6968
1.6968
1.6968
1.6968
1.6968
1.6968
1.6968
1.6968
1.6968
1.6968
1.6968
1.6968
1.6968
1.6968
1.6968
1.6968
1.6968
1.6968
1.6968
1.6968
1.6968
1.6968
1.6968
1.6968
1.6968
1.6968
1.6968
1.6968
1.6968
1.6968
1.6968
1.6968
1.6968
1.6968
1.6968
1.6968
1.6968
1.6968
1.6968
1.6968
1.6968
1.6968
1.6968
1.6968
1.6968
1.6968
1.6968
1.6968
1.6968
1.6968
1.6968
1.6968
1.6968
1.6968
1.6968
1.6968
1.6968
1.6968
1.6968
1.6968
1.6968
1.6968
1.6968
1.6968
1.6968
1.6968
1.6968
1.6968
1.6968
1.6968
1.6968
1.6968
1.6968
1.6968
1.6968
1.6968
1.6968
1.6968
1.6968
1.6968
1.6968
1.6968
1.6968
1.6968
1.6968
1.6968
1.6968
1.6968
1.6968
1.6968
1.6968
1.6968
1.6968
1.6968
1.6968
1.6968
1.6968
1.6968
1.6968
1.6968
1.6968
1.6968
1.6968
1.6968
1.6968
1.6968
1.6968
1.6968
1.6968
1.6968
1.6968
1.6968
1.6968
1.6968
1.6968
1.6968
1.6968
1.6968
1.6968
1.6968
1.6968
1.6968
1.6968
1.6968
1.6968
1.6968
1.6968
1.6968
1.6968
1.6968
1.6968
1.6968
1.6968
1.6968
1.6968
1.6968
1.6968
1.6968
1.6968
1.6968
1.6968
1.6968
1.6968
1.6968
1.6968
1.6968
1.6968
1.6968
1.6968
1.6968
1.6968
1.6968
1.6968
1.6968
1.6968
1.6968
1.6968
1.6968
1.6968
1.6968
1.6968
1.6968
1.6968
1.6968
1.6968
1.6968
1.6968
1.6968
1.6968
1.6968
1.6968
1.6968
1.6968
1.6968
1.6968
1.6968
1.6968
1.6968
1.6968
1.6968
1.6968
1.6968
1.6968
1.6968
1.6968
1.6968
1.6968
1.6968
1.6968
1.6968
1.6968
1.6968
1.6968
1.6968
1.6968
1.6968
1.6968
1.6968
1.6968
1.6968
1.6968
1.6968
1.6968
1.6968
1.6968
1.6968
1.6968
1.6968
1.6968
1.6968
1.6968
1.6968
1.6968
1.6968
1.6968
1.6968
1.6968
1.6968
1.6968
1.6968
1.6968
1.6968
1.6968
1.6968
1.6968
1.6968
1.6968
1.6968
1.6968
1.6968
1.6968
1.6968
1.6968
1.6968
1.6968
1.6968
1.6968
1.6968
1.6968
1.6968
1.6968
1.6968
1.6968
1.6968
1.6968
1.6968
1.6968
1.6968
1.6968
1.6968
1.6968
1.6968
1.6968
1.6968
1.6968
1.6968
1.6968
1.6968
1.6968
1.6968
1.6968
1.6968
1.6968
1.6968
1.6968
1.6968
1.6968
1.6968
1.6968
1.6968
1.6968
1.6968
1.6968
1.6968
1.6968
1.6968
1.6968
1.6968
1.6968
1.6968
1.6968
1.6968
1.6968
1.6968
1.6968
1.6968
1.6968
1.6968
1.6968
1.6968
1.6968
1.6968
1.6968
1.6968
1.6968
1.6968
1.6968
1.6968
1.6968
1.6968
1.6968
1.6968
1.6968
1.6968
1.6968
1.6968
1.6968
1.6968
1.6968
1.6968
1.6968
1.6968
1.6968
1.6968
1.6968
1.6968
1.6968
1.6968
1.6968
1.6968
1.6968
1.6968
1.6968
1.6968
1.6968
1.6968
1.6968
1.6968
1.6968
1.6968
1.6968
1.6968
1.6968
1.6968
1.6968
1.6968
1.6968
1.6968
1.6968
1.6968
1.6968
1.6968
1.6968
1.6968
1.6968
1.6968
1.6968
1.6968
1.6968
1.6968
1.6968
1.6968
1.6968
1.6968
1.6968
1.6968
1.6968
1.6968
1.6968
1.6968
1.6968
1.6968
1.6968
1.6968
1.6968
1.6968
1.6968
1.6968
1.6968
1.6968
1.6968
1.6968
1.6968
1.6968
1.6968
1.6968
1.6968
1.6968
1.6968
1.6968
1.6968
1.6968
1.6968
1.6968
1.6968
1.6968
1.6968
1.6968
1.6968
1.6968
1.6968
1.6968
1.6968
1.6968
1.6968
1.6968
1.6968
1.6968
1.6968
1.6968
1.6968
1.6968
1.6968
1.6968
1.6968
1.6968
1.6968
1.6968
1.6968
1.6968
1.6968
1.6968
1.6968
1.6968
1.6968
1.6968
1.6968
1.6968
1.6968
1.6968
1.6968
1.6968
1.6968
1.6968
1.6968
1.6968
1.6968
1.6968
1.6968
1.6968
1.6968
1.6968
1.6968
1.6968
1.6968
1.6968
1.6968
1.6968
1.6968
1.6968
1.6968
1.6968
1.6968
1.6968
1.6968
1.6968
1.6968
1.6968
1.6968
1.6968
1.6968
1.6968
1.6968
1.6968
1.6968
1.6968
1.6968
1.6968
1.6968
1.6968
1.6968
1.6968
1.6968
1.6968
1.6968
1.6968
1.6968
1.6968
1.6968
1.6968
1.6968
1.6968
1.6968
1.6968
1.6968
1.6968
1.6968
1.6968
1.6968
1.6968
1.6968
1.6968
1.6968
1.6968
1.6968
1.6968
1.6968
1.6968
1.6968
1.6968
1.6968
1.6968
1.6968
1.6968
1.6968
1.6968
1.6968
1.6968
1.6968
1.6968
1.6968
1.6968
1.6968
1.6968
1.6968
1.6968
1.6968
1.6968
1.6968
1.6968
1.6968
1.6968
1.6968
1.6968
1.6968
1.6968
1.6968
1.6968
1.6968
1.6968
1.6968
1.6968
1.6968
1.6968
1.6968
1.6968
1.6968
1.6968
1.6968
1.6968
1.6968
1.6968
1.6968
1.6968
1.6968
1.6968
1.6968
1.6968
1.6968
1.6968
1.6968
1.6968
1.6968
1.6968
1.6968
1.6968
1.6968
1.6968
1.6968
1.6968
1.6968
1.6968
1.6968
1.6968
1.6968
1.6968
1.6968
1.6968
1.6968
1.6968
1.6968
1.6968
1.6968
1.6968
1.6968
1.6968
1.6968
1.6968
1.6968
1.6968
1.6968
1.6968
1.6968
1.6968
1.6968
1.6968
1.6968
1.6968
1.6968
1.6968
1.6968
1.6968
1.6968
1.6968
1.6968
1.6968
1.6968
1.6968
1.6968
1.6968
1.6968
1.6968
1.6968
1.6968
1.6968
1.6968
1.6968
1.6968
1.6968
1.6968
1.6968
1.6968
1.6968
1.6968
1.6968
1.6968
1.6968
1.6968
1.6968
1.6968
1.6968
1.6968
1.6968
1.6968
1.6968
1.6968
1.6968
1.6968
1.6968
1.6968
1.6968
1.6968
1.6968
1.6968
1.6968
1.6968
1.6968
1.6968
1.6968
1.6968
1.6968
1.6968
1.6968
1.6968
1.6968
1.6968
1.6968
1.6968
1.6968
1.6968
1.6968
1.6968
1.6968
1.6968
1.6968
1.6968
1.6968
1.6968
1.6968
1.6968
1.6968
1.6968
1.6968
1.6968
1.6968
1.6968
1.6968
1.6968
1.6968
1.6968
1.6968
1.6968
1.6968
1.6968
1.6968
1.6968
1.6968
1.6968
1.6968
1.6968
1.6968
1.6968
1.6968
1.6968
1.6968
1.6968
1.6968
1.6968
1.6968
1.6968
1.6968
1.6968
1.6968
1.6968
1.6968
1.6968
1.6968
1.6968
1.6968
1.6968
1.6968
1.6968
1.6968
1.6968
1.6968
1.6968
1.6968
1.6968
1.6968
1.6968
1.6968
1.6968
1.6968
1.6968
1.6968
1.6968
1.6968
1.6968
1.6968
1.6968
1.6968
1.6968
1.6968
1.6968
1.6968
1.6968
1.6968
1.6968
1.6968
1.6968
1.6968
1.6968
1.6968
1.6968
1.6968
1.6968
1.6968
1.6968
1.6968
1.6968
1.6968
