-0.3241
-0.3241
-0.3241
-0.3241
-0.3241
-0.3241
-0.3241
-0.3241
-0.3241
-0.3241
-0.3241
-0.3241
-0.3241
-0.3241
-0.3241
-0.3241
-0.3241
-0.3241
-0.3241
-0.3241
-0.3241
-0.3241
-0.3241
-0.3241
-0.3241
-0.3241
-0.3241
-0.3241
-0.3241
-0.3241
-0.3241
-0.3241
-0.3241
-0.3241
-0.3241
-0.3241
-0.3241
-0.3241
-0.3241
-0.3241
-0.3241
-0.3241
-0.3241
-0.3241
-0.3241
-0.3241
-0.3241
-0.3241
-0.3241
-0.3241
-0.3241
-0.3241
-0.3241
-0.3241
-0.3241
-0.3241
-0.3241
-0.3241
-0.3241
-0.3241
-0.3241
-0.3241
-0.3241
-0.3241
-0.3241
-0.3241
-0.3241
-0.3241
-0.3241
-0.3241
-0.3241
-0.3241
-0.3241
-0.3241
-0.3241
-0.3241
-0.3241
-0.3241
-0.3241
-0.3241
-0.3241
-0.3241
-0.3241
-0.3241
-0.3241
-0.3241
-0.3241
-0.3241
-0.3241
-0.3241
-0.3241
-0.3241
-0.3241
-0.3241
-0.3241
-0.3241
-0.3241
-0.3241
-0.3241
-0.324099
-0.324099
-0.324099
-0.324099
-0.324099
-0.324098
-0.324098
-0.324098
-0.324097
-0.324097
-0.324097
-0.324096
-0.324096
-0.324095
-0.324095
-0.324094
-0.324093
-0.324093
-0.324092
-0.324091
-0.32409
-0.324089
-0.324088
-0.324087
-0.324086
-0.324085
-0.324084
-0.324082
-0.324081
-0.32408
-0.324078
-0.324077
-0.324075
-0.324074
-0.324072
-0.324071
-0.324069
-0.324067
-0.324065
-0.324064
-0.324062
-0.32406
-0.324058
-0.324056
-0.324055
-0.324053
-0.324051
-0.324049
-0.324047
-0.324045
-0.324044
-0.324042
-0.32404
-0.324038
-0.324036
-0.324035
-0.324033
-0.324031
-0.324029
-0.324028
-0.324026
-0.324025
-0.324023
-0.324022
-0.32402
-0.324019
-0.324018
-0.324016
-0.324015
-0.324014
-0.324013
-0.324012
-0.324011
-0.32401
-0.324009
-0.324008
-0.324007
-0.324007
-0.324006
-0.324005
-0.324005
-0.324004
-0.324004
-0.324003
-0.324003
-0.324003
-0.324002
-0.324002
-0.324002
-0.324001
-0.324001
-0.324001
-0.324001
-0.324001
-0.324
-0.324
-0.324
-0.324
-0.324
-0.324
-0.324
-0.324
-0.324
-0.324
-0.324
-0.324
-0.324
-0.324
-0.324
-0.324
-0.324
-0.324
-0.324
-0.324
-0.324
-0.324
-0.324
-0.324
-0.324
-0.324
-0.324
-0.324
-0.324
-0.324
-0.324
-0.324
-0.324
-0.324
-0.324
-0.324
-0.324
-0.324
-0.323999
-0.323999
-0.323999
-0.323999
-0.323998
-0.323998
-0.323998
-0.323997
-0.323997
-0.323996
-0.323995
-0.323995
-0.323994
-0.323993
-0.323992
-0.32399
-0.323989
-0.323987
-0.323986
-0.323984
-0.323982
-0.32398
-0.323977
-0.323975
-0.323972
-0.323969
-0.323965
-0.323961
-0.323958
-0.323953
-0.323949
-0.323944
-0.323938
-0.323933
-0.323927
-0.32392
-0.323914
-0.323906
-0.323899
-0.323891
-0.323882
-0.323873
-0.323863
-0.323853
-0.323842
-0.323831
-0.323819
-0.323806
-0.323793
-0.323779
-0.323765
-0.323749
-0.323734
-0.323717
-0.3237
-0.323681
-0.323663
-0.323643
-0.323622
-0.323601
-0.323579
-0.323556
-0.323532
-0.323507
-0.323481
-0.323455
-0.323427
-0.323398
-0.323369
-0.323338
-0.323306
-0.323273
-0.323239
-0.323204
-0.323168
-0.323131
-0.323093
-0.323053
-0.323012
-0.32297
-0.322927
-0.322883
-0.322837
-0.32279
-0.322741
-0.322692
-0.322641
-0.322588
-0.322535
-0.322479
-0.322423
-0.322365
-0.322305
-0.322244
-0.322182
-0.322118
-0.322052
-0.321985
-0.321916
-0.321846
-0.321774
-0.321701
-0.321626
-0.321549
-0.321471
-0.321391
-0.321309
-0.321226
-0.321141
-0.321054
-0.320965
-0.320875
-0.320783
-0.320689
-0.320593
-0.320496
-0.320396
-0.320295
-0.320192
-0.320087
-0.319981
-0.319872
-0.319762
-0.319649
-0.319535
-0.319419
-0.319301
-0.319181
-0.319058
-0.318934
-0.318808
-0.31868
-0.31855
-0.318418
-0.318284
-0.318148
-0.31801
-0.31787
-0.317728
-0.317584
-0.317437
-0.317289
-0.317139
-0.316986
-0.316831
-0.316675
-0.316516
-0.316355
-0.316192
-0.316027
-0.31586
-0.31569
-0.315519
-0.315345
-0.315169
-0.314991
-0.314811
-0.314629
-0.314444
-0.314258
-0.314069
-0.313878
-0.313685
-0.313489
-0.313292
-0.313092
-0.31289
-0.312686
-0.31248
-0.312271
-0.312061
-0.311848
-0.311633
-0.311416
-0.311197
-0.310975
-0.310751
-0.310526
-0.310297
-0.310067
-0.309835
-0.3096
-0.309363
-0.309125
-0.308883
-0.30864
-0.308395
-0.308147
-0.307898
-0.307646
-0.307392
-0.307136
-0.306878
-0.306617
-0.306355
-0.30609
-0.305824
-0.305555
-0.305284
-0.305011
-0.304736
-0.304459
-0.30418
-0.303899
-0.303616
-0.303331
-0.303044
-0.302755
-0.302464
-0.302171
-0.301876
-0.301579
-0.30128
-0.30098
-0.300678
-0.300373
-0.300067
-0.299759
-0.299449
-0.299138
-0.298825
-0.298509
-0.298193
-0.297874
-0.297554
-0.297232
-0.296908
-0.296583
-0.296256
-0.295928
-0.295598
-0.295266
-0.294933
-0.294598
-0.294262
-0.293924
-0.293585
-0.293244
-0.292902
-0.292558
-0.292213
-0.291866
-0.291518
-0.291169
-0.290818
-0.290466
-0.290113
-0.289758
-0.289402
-0.289044
-0.288685
-0.288325
-0.287963
-0.2876
-0.287235
-0.28687
-0.286503
-0.286135
-0.285765
-0.285394
-0.285022
-0.284649
-0.284274
-0.283898
-0.28352
-0.283142
-0.282762
-0.28238
-0.281998
-0.281614
-0.281229
-0.280843
-0.280455
-0.280066
-0.279676
-0.279284
-0.278891
-0.278497
-0.278102
-0.277705
-0.277307
-0.276907
-0.276507
-0.276105
-0.275702
-0.275297
-0.274891
-0.274484
-0.274075
-0.273665
-0.273254
-0.272842
-0.272428
-0.272013
-0.271597
-0.271179
-0.27076
-0.270339
-0.269917
-0.269494
-0.26907
-0.268644
-0.268217
-0.267789
-0.267359
-0.266928
-0.266496
-0.266062
-0.265627
-0.265191
-0.264753
-0.264314
-0.263873
-0.263432
-0.262988
-0.262544
-0.262098
-0.261651
-0.261203
-0.260753
-0.260302
-0.259849
-0.259396
-0.258941
-0.258484
-0.258026
-0.257567
-0.257107
-0.256645
-0.256182
-0.255717
-0.255251
-0.254784
-0.254316
-0.253846
-0.253375
-0.252902
-0.252428
-0.251953
-0.251477
-0.250999
-0.25052
-0.250039
-0.249558
-0.249074
-0.24859
-0.248104
-0.247617
-0.247129
-0.246639
-0.246148
-0.245656
-0.245163
-0.244668
-0.244172
-0.243675
-0.243176
-0.242676
-0.242175
-0.241673
-0.241169
-0.240664
-0.240158
-0.239651
-0.239143
-0.238633
-0.238122
-0.23761
-0.237097
-0.236583
-0.236067
-0.235551
-0.235033
-0.234514
-0.233994
-0.233473
-0.232951
-0.232428
-0.231903
-0.231378
-0.230852
-0.230324
-0.229796
-0.229267
-0.228736
-0.228205
-0.227673
-0.22714
-0.226606
-0.226071
-0.225535
-0.224998
-0.224461
-0.223922
-0.223383
-0.222843
-0.222302
-0.22176
-0.221218
-0.220675
-0.220131
-0.219586
-0.219041
-0.218495
-0.217948
-0.217401
-0.216853
-0.216304
-0.215755
-0.215205
-0.214654
-0.214103
-0.213551
-0.212999
-0.212446
-0.211893
-0.211339
-0.210785
-0.21023
-0.209675
-0.209119
-0.208563
-0.208006
-0.207449
-0.206892
-0.206334
-0.205776
-0.205217
-0.204658
-0.204099
-0.20354
-0.20298
-0.20242
-0.201859
-0.201299
-0.200738
-0.200177
-0.199616
-0.199054
-0.198493
-0.197931
-0.19737
-0.196808
-0.196246
-0.195684
-0.195122
-0.19456
-0.193998
-0.193437
-0.192875
-0.192313
-0.191752
-0.19119
-0.190629
-0.190068
-0.189507
-0.188947
-0.188386
-0.187826
-0.187266
-0.186707
-0.186148
-0.185589
-0.185031
-0.184473
-0.183915
-0.183358
-0.182802
-0.182245
-0.18169
-0.181135
-0.18058
-0.180026
-0.179473
-0.178921
-0.178369
-0.177817
-0.177267
-0.176717
-0.176167
-0.175619
-0.175071
-0.174524
-0.173978
-0.173433
-0.172888
-0.172344
-0.171802
-0.17126
-0.170719
-0.170179
-0.169639
-0.169101
-0.168564
-0.168027
-0.167492
-0.166958
-0.166424
-0.165892
-0.16536
-0.16483
-0.164301
-0.163773
-0.163246
-0.162719
-0.162194
-0.16167
-0.161148
-0.160626
-0.160106
-0.159586
-0.159068
-0.158551
-0.158035
-0.15752
-0.157007
-0.156495
-0.155983
-0.155474
-0.154965
-0.154457
-0.153951
-0.153446
-0.152942
-0.15244
-0.151938
-0.151438
-0.150939
-0.150442
-0.149946
-0.149451
-0.148957
-0.148465
-0.147974
-0.147484
-0.146996
-0.146508
-0.146023
-0.145538
-0.145055
-0.144573
-0.144092
-0.143613
-0.143135
-0.142659
-0.142183
-0.14171
-0.141237
-0.140766
-0.140296
-0.139827
-0.13936
-0.138894
-0.138429
-0.137966
-0.137504
-0.137043
-0.136584
-0.136126
-0.135669
-0.135213
-0.134759
-0.134306
-0.133854
-0.133404
-0.132954
-0.132506
-0.132059
-0.131614
-0.131169
-0.130726
-0.130284
-0.129843
-0.129404
-0.128965
-0.128528
-0.128091
-0.127656
-0.127222
-0.126789
-0.126357
-0.125927
-0.125497
-0.125068
-0.124641
-0.124214
-0.123788
-0.123364
-0.12294
-0.122518
-0.122096
-0.121675
-0.121256
-0.120837
-0.120419
-0.120002
-0.119586
-0.119171
-0.118757
-0.118343
-0.117931
-0.117519
-0.117108
-0.116698
-0.116288
-0.11588
-0.115472
-0.115065
-0.114659
-0.114253
-0.113848
-0.113444
-0.11304
-0.112637
-0.112235
-0.111833
-0.111432
-0.111032
-0.110632
-0.110233
-0.109834
-0.109436
-0.109038
-0.108642
-0.108245
-0.107849
-0.107454
-0.107059
-0.106664
-0.10627
-0.105876
-0.105483
-0.105091
-0.104698
-0.104306
-0.103915
-0.103524
-0.103133
-0.102743
-0.102353
-0.101964
-0.101575
-0.101186
-0.100797
-0.100409
-0.100022
-0.0996342
-0.099247
-0.0988601
-0.0984736
-0.0980874
-0.0977014
-0.0973158
-0.0969304
-0.0965452
-0.0961603
-0.0957757
-0.0953912
-0.0950069
-0.0946228
-0.094239
-0.0938555
-0.0934722
-0.093089
-0.092706
-0.0923232
-0.0919406
-0.0915582
-0.0911757
-0.0907934
-0.0904114
-0.0900295
-0.0896477
-0.0892658
-0.0888842
-0.0885027
-0.0881213
-0.08774
-0.0873589
-0.0869778
-0.0865968
-0.0862157
-0.0858347
-0.0854539
-0.0850731
-0.0846923
-0.0843115
-0.0839308
-0.0835502
-0.0831697
-0.0827891
-0.0824086
-0.0820281
-0.0816474
-0.0812669
-0.0808863
-0.0805058
-0.0801252
-0.0797447
-0.0793641
-0.0789836
-0.0786032
-0.0782227
-0.0778422
-0.0774617
-0.0770812
-0.0767009
-0.0763204
-0.0759399
-0.0755594
-0.075179
-0.0747987
-0.0744183
-0.0740379
-0.0736574
-0.073277
-0.0728967
-0.0725163
-0.072136
-0.0717558
-0.0713754
-0.0709951
-0.0706149
-0.0702346
-0.0698544
-0.0694742
-0.0690942
-0.0687141
-0.0683341
-0.0679542
-0.0675743
-0.0671944
-0.0668146
-0.0664348
-0.066055
-0.0656755
-0.065296
-0.0649164
-0.0645368
-0.0641575
-0.0637782
-0.063399
-0.0630198
-0.0626408
-0.0622616
-0.0618827
-0.0615039
-0.0611251
-0.0607464
-0.060368
-0.0599897
-0.0596113
-0.059233
-0.0588548
-0.0584767
-0.0580987
-0.0577207
-0.0573429
-0.0569652
-0.0565876
-0.05621
-0.0558326
-0.0554551
-0.0550778
-0.0547006
-0.0543235
-0.0539464
-0.0535693
-0.0531922
-0.0528151
-0.0524381
-0.0520611
-0.0516841
-0.0513072
-0.0509302
-0.0505531
-0.0501761
-0.0497991
-0.0494221
-0.0490448
-0.0486676
-0.0482904
-0.0479131
-0.0475357
-0.0471581
-0.0467804
-0.0464025
-0.0460246
-0.0456467
-0.0452685
-0.0448901
-0.0445116
-0.044133
-0.0437542
-0.0433752
-0.0429959
-0.0426164
-0.0422368
-0.041857
-0.0414769
-0.0410967
-0.0407162
-0.0403355
-0.0399546
-0.0395734
-0.039192
-0.0388103
-0.0384285
-0.0380464
-0.0376641
-0.0372816
-0.0368987
-0.0365156
-0.0361323
-0.0357488
-0.035365
-0.0349811
-0.0345967
-0.0342123
-0.0338277
-0.0334428
-0.0330576
-0.0326723
-0.0322867
-0.0319008
-0.0315149
-0.0311288
-0.0307424
-0.0303559
-0.0299691
-0.0295822
-0.0291952
-0.028808
-0.0284206
-0.028033
-0.0276454
-0.0272576
-0.0268696
-0.0264816
-0.0260935
-0.0257051
-0.0253168
-0.0249284
-0.02454
-0.0241515
-0.0237629
-0.0233742
-0.0229854
-0.0225967
-0.022208
-0.0218192
-0.0214304
-0.0210416
-0.0206528
-0.020264
-0.0198752
-0.0194865
-0.0190979
-0.0187091
-0.0183205
-0.017932
-0.0175435
-0.0171551
-0.0167667
-0.0163783
-0.01599
-0.0156018
-0.0152138
-0.0148259
-0.014438
-0.0140502
-0.0136627
-0.0132751
-0.0128876
-0.0125002
-0.012113
-0.011726
-0.0113389
-0.0109519
-0.0105652
-0.0101785
-0.00979186
-0.00940544
-0.00901913
-0.00863292
-0.00824682
-0.00786097
-0.00747523
-0.0070896
-0.00670394
-0.00631853
-0.00593323
-0.00554805
-0.00516297
-0.00477801
-0.0043933
-0.0040087
-0.00362422
-0.00323986
-0.00285562
-0.00247164
-0.00208778
-0.00170405
-0.0013203
-0.00093682
-0.00055347
-0.00017025
0.000212695
0.000595651
0.000978476
0.00136117
0.00174359
0.00212588
0.00250804
0.00289007
0.00327182
0.00365344
0.00403492
0.00441627
0.00479763
0.00517871
0.00555965
0.00594047
0.00632101
0.00670142
0.00708169
0.00746198
0.007842
0.00822189
0.00860165
0.00898129
0.00936081
0.00974007
0.0101192
0.0104982
0.0108771
0.0112559
0.0116346
0.0120132
0.0123917
0.0127699
0.013148
0.0135261
0.0139042
0.014282
0.0146597
0.0150373
0.0154148
0.0157923
0.0161696
0.016547
0.0169242
0.0173013
0.0176784
0.0180554
0.0184323
0.0188091
0.019186
0.0195627
0.0199395
0.0203163
0.0206929
0.0210696
0.0214462
0.0218228
0.0221994
0.022576
0.0229527
0.0233293
0.023706
0.0240827
0.0244594
0.0248363
0.0252131
0.0255899
0.0259669
0.026344
0.026721
0.0270982
0.0274754
0.0278529
0.0282303
0.0286078
0.0289855
0.0293632
0.029741
0.030119
0.0304971
0.0308753
0.0312536
0.031632
0.0320106
0.0323893
0.032768
0.0331469
0.0335259
0.033905
0.0342841
0.0346634
0.0350428
0.0354223
0.0358021
0.0361817
0.0365615
0.0369413
0.0373212
0.037701
0.0380808
0.0384609
0.0388409
0.039221
0.0396011
0.0399812
0.0403613
0.0407415
0.0411214
0.0415015
0.0418815
0.0422615
0.0426413
0.0430211
0.0434009
0.0437806
0.0441601
0.0445397
0.044919
0.0452983
0.0456775
0.0460565
0.0464354
0.046814
0.0471927
0.0475712
0.0479495
0.0483277
0.0487056
0.0490834
0.0494609
0.0498383
0.0502154
0.0505923
0.0509692
0.0513457
0.0517221
0.0520982
0.0524741
0.0528499
0.0532253
0.0536004
0.0539754
0.05435
0.0547244
0.0550986
0.0554726
0.0558463
0.0562197
0.0565928
0.0569656
0.0573382
0.0577105
0.0580824
0.0584542
0.0588258
0.059197
0.059568
0.0599387
0.0603092
0.0606793
0.0610493
0.061419
0.0617884
0.0621576
0.0625265
0.0628951
0.0632636
0.0636318
0.0639999
0.0643677
0.0647354
0.0651029
0.0654701
0.0658372
0.0662042
0.066571
0.0669377
0.0673044
0.0676708
0.0680372
0.0684034
0.0687696
0.0691358
0.0695018
0.0698677
0.0702338
0.0705997
0.0709656
0.0713315
0.0716976
0.0720636
0.0724296
0.0727957
0.0731618
0.0735279
0.0738942
0.0742605
0.0746269
0.0749935
0.0753602
0.0757271
0.0760941
0.0764611
0.0768282
0.0771954
0.0775629
0.0779306
0.0782984
0.0786665
0.0790348
0.0794032
0.0797719
0.0801408
0.08051
0.0808793
0.081249
0.0816189
0.081989
0.0823595
0.0827303
0.0831013
0.0834727
0.0838443
0.0842163
0.0845885
0.0849611
0.0853341
0.0857074
0.0860812
0.0864553
0.0868299
0.0872049
0.0875802
0.0879559
0.088332
0.0887086
0.0890855
0.0894629
0.0898408
0.0902191
0.0905979
0.0909772
0.0913567
0.0917368
0.0921173
0.0924982
0.0928796
0.0932617
0.0936441
0.094027
0.0944104
0.0947942
0.0951784
0.0955629
0.0959481
0.0963336
0.0967196
0.097106
0.0974928
0.09788
0.0982676
0.0986556
0.099044
0.0994328
0.099822
0.100211
0.100601
0.100992
0.101382
0.101773
0.102164
0.102556
0.102948
0.10334
0.103732
0.104124
0.104517
0.10491
0.105304
0.105697
0.106091
0.106485
0.106879
0.107273
0.107667
0.108062
0.108457
0.108851
0.109246
0.109641
0.110036
0.110431
0.110827
0.111222
0.111617
0.112012
0.112408
0.112803
0.113198
0.113594
0.113989
0.114384
0.114779
0.115174
0.115569
0.115964
0.116359
0.116754
0.117149
0.117543
0.117938
0.118332
0.118726
0.11912
0.119514
0.119907
0.120301
0.120694
0.121087
0.121479
0.121872
0.122264
0.122656
0.123048
0.123439
0.12383
0.124221
0.124612
0.125002
0.125392
0.125782
0.126171
0.12656
0.126948
0.127336
0.127724
0.128112
0.128499
0.128885
0.129272
0.129657
0.130043
0.130427
0.130812
0.131196
0.13158
0.131963
0.132346
0.132728
0.13311
0.133491
0.133872
0.134252
0.134632
0.135011
0.13539
0.135768
0.136146
0.136523
0.136899
0.137275
0.137651
0.138026
0.138401
0.138775
0.139148
0.139521
0.139894
0.140266
0.140637
0.141008
0.141379
0.141749
0.142118
0.142487
0.142856
0.143224
0.143591
0.143958
0.144325
0.144691
0.145057
0.145422
0.145787
0.146152
0.146516
0.14688
0.147244
0.147607
0.14797
0.148332
0.148694
0.149056
0.149417
0.149779
0.15014
0.150501
0.150861
0.151222
0.151582
0.151942
0.152302
0.152661
0.153021
0.15338
0.153739
0.154098
0.154457
0.154816
0.155174
0.155533
0.155891
0.15625
0.156608
0.156966
0.157324
0.157682
0.15804
0.158398
0.158756
0.159114
0.159472
0.15983
0.160188
0.160546
0.160904
0.161262
0.16162
0.161978
0.162336
0.162694
0.163052
0.16341
0.163768
0.164126
0.164484
0.164842
0.165201
0.165559
0.165918
0.166276
0.166635
0.166994
0.167352
0.167711
0.16807
0.168429
0.168788
0.169147
0.169506
0.169866
0.170225
0.170585
0.170944
0.171304
0.171664
0.172024
0.172384
0.172744
0.173105
0.173465
0.173826
0.174186
0.174547
0.174908
0.175269
0.17563
0.175991
0.176352
0.176714
0.177075
0.177437
0.177799
0.17816
0.178523
0.178885
0.179247
0.179609
0.179972
0.180334
0.180697
0.18106
0.181424
0.181787
0.18215
0.182514
0.182878
0.183242
0.183606
0.18397
0.184335
0.1847
0.185065
0.18543
0.185795
0.186161
0.186526
0.186892
0.187259
0.187625
0.187992
0.188359
0.188726
0.189093
0.189461
0.189828
0.190197
0.190565
0.190933
0.191302
0.191671
0.192041
0.19241
0.19278
0.19315
0.193521
0.193891
0.194262
0.194633
0.195004
0.195376
0.195748
0.19612
0.196492
0.196865
0.197238
0.197611
0.197984
0.198358
0.198732
0.199106
0.19948
0.199855
0.20023
0.200605
0.20098
0.201356
0.201732
0.202108
0.202484
0.20286
0.203237
0.203614
0.203991
0.204369
0.204746
0.205124
0.205502
0.20588
0.206259
0.206637
0.207016
0.207395
0.207774
0.208154
0.208533
0.208913
0.209292
0.209672
0.210052
0.210432
0.210812
0.211192
0.211572
0.211953
0.212333
0.212713
0.213094
0.213474
0.213855
0.214235
0.214615
0.214996
0.215376
0.215756
0.216136
0.216516
0.216896
0.217276
0.217656
0.218035
0.218415
0.218794
0.219173
0.219552
0.219931
0.22031
0.220688
0.221067
0.221445
0.221822
0.2222
0.222577
0.222954
0.223331
0.223708
0.224084
0.224461
0.224837
0.225212
0.225588
0.225963
0.226338
0.226712
0.227086
0.22746
0.227834
0.228207
0.228581
0.228953
0.229326
0.229698
0.230069
0.230441
0.230812
0.231183
0.231553
0.231923
0.232293
0.232662
0.233031
0.2334
0.233768
0.234136
0.234503
0.23487
0.235237
0.235603
0.235969
0.236334
0.236699
0.237063
0.237427
0.237791
0.238154
0.238516
0.238878
0.23924
0.239601
0.239961
0.240321
0.240681
0.24104
0.241398
0.241757
0.242114
0.242471
0.242827
0.243183
0.243538
0.243893
0.244247
0.244601
0.244954
0.245306
0.245658
0.246009
0.24636
0.24671
0.247059
0.247408
0.247756
0.248104
0.248451
0.248797
0.249142
0.249487
0.249832
0.250175
0.250518
0.25086
0.251202
0.251543
0.251883
0.252222
0.252561
0.252899
0.253236
0.253572
0.253908
0.254243
0.254577
0.25491
0.255243
0.255574
0.255905
0.256235
0.256565
0.256893
0.257221
0.257547
0.257873
0.258198
0.258522
0.258846
0.259168
0.25949
0.25981
0.26013
0.260449
0.260767
0.261084
0.2614
0.261716
0.26203
0.262344
0.262657
0.262968
0.263279
0.263589
0.263898
0.264207
0.264514
0.26482
0.265126
0.26543
0.265734
0.266037
0.266339
0.26664
0.26694
0.267239
0.267537
0.267834
0.268131
0.268426
0.268721
0.269014
0.269307
0.269598
0.269889
0.270179
0.270467
0.270755
0.271041
0.271327
0.271612
0.271896
0.272178
0.27246
0.27274
0.27302
0.273298
0.273575
0.273852
0.274127
0.274401
0.274674
0.274946
0.275217
0.275487
0.275755
0.276023
0.276289
0.276555
0.276819
0.277082
0.277344
0.277605
0.277865
0.278124
0.278382
0.278638
0.278894
0.279148
0.279402
0.279655
0.279906
0.280157
0.280406
0.280655
0.280903
0.28115
0.281395
0.28164
0.281885
0.282128
0.28237
0.282612
0.282853
0.283093
0.283332
0.283571
0.283809
0.284047
0.284283
0.28452
0.284755
0.28499
0.285224
0.285458
0.285692
0.285925
0.286157
0.286389
0.286621
0.286852
0.287083
0.287314
0.287544
0.287774
0.288004
0.288233
0.288462
0.288691
0.28892
0.289149
0.289377
0.289605
0.289833
0.290061
0.290289
0.290517
0.290745
0.290973
0.2912
0.291428
0.291655
0.291883
0.292111
0.292338
0.292566
0.292793
0.293021
0.293249
0.293477
0.293705
0.293933
0.294161
0.29439
0.294618
0.294847
0.295076
0.295305
0.295534
0.295764
0.295993
0.296223
0.296454
0.296684
0.296915
0.297146
0.297377
0.297609
0.297841
0.298074
0.298306
0.29854
0.298773
0.299007
0.299241
0.299476
0.299711
0.299947
0.300183
0.30042
0.300657
0.300895
0.301133
0.301372
0.301611
0.301851
0.302091
0.302332
0.302574
0.302816
0.303059
0.303302
0.303546
0.303791
0.304036
0.304282
0.304528
0.304775
0.305023
0.305271
0.30552
0.30577
0.30602
0.306271
0.306523
0.306775
0.307028
0.307282
0.307536
0.307791
0.308046
0.308302
0.308559
0.308816
0.309074
0.309332
0.309591
0.309851
0.310111
0.310372
0.310633
0.310895
0.311157
0.31142
0.311683
0.311947
0.312211
0.312475
0.312741
0.313006
0.313272
0.313538
0.313805
0.314072
0.314339
0.314607
0.314875
0.315144
0.315412
0.315682
0.315951
0.31622
0.31649
0.31676
0.317031
0.317301
0.317572
0.317843
0.318115
0.318386
0.318658
0.31893
0.319202
0.319474
0.319747
0.32002
0.320293
0.320566
0.320839
0.321112
0.321386
0.32166
0.321934
0.322208
0.322482
0.322756
0.323031
0.323306
0.323581
0.323856
0.324131
0.324407
0.324682
0.324958
0.325234
0.325511
0.325787
0.326064
0.32634
0.326617
0.326895
0.327172
0.32745
0.327727
0.328005
0.328283
0.328562
0.32884
0.329119
0.329398
0.329677
0.329956
0.330236
0.330515
0.330796
0.331076
0.331356
0.331636
0.331917
0.332198
0.332479
0.33276
0.333042
0.333323
0.333605
0.333887
0.334169
0.334452
0.334734
0.335017
0.3353
0.335583
0.335866
0.33615
0.336434
0.336718
0.337002
0.337286
0.337571
0.337856
0.338141
0.338427
0.338712
0.338998
0.339284
0.339571
0.339857
0.340144
0.340432
0.34072
0.341007
0.341296
0.341584
0.341873
0.342163
0.342452
0.342742
0.343033
0.343323
0.343615
0.343906
0.344198
0.34449
0.344783
0.345076
0.345369
0.345663
0.345958
0.346252
0.346547
0.346843
0.347138
0.347435
0.347731
0.348028
0.348325
0.348623
0.348921
0.349219
0.349518
0.349817
0.350116
0.350415
0.350715
0.351015
0.351316
0.351616
0.351917
0.352218
0.35252
0.352821
0.353123
0.353425
0.353727
0.354029
0.354331
0.354634
0.354936
0.355239
0.355542
0.355845
0.356147
0.35645
0.356753
0.357057
0.35736
0.357663
0.357966
0.35827
0.358573
0.358876
0.359179
0.359483
0.359786
0.360089
0.360392
0.360695
0.360999
0.361302
0.361605
0.361908
0.362211
0.362514
0.362817
0.36312
0.363422
0.363725
0.364028
0.36433
0.364633
0.364935
0.365238
0.36554
0.365842
0.366144
0.366446
0.366748
0.367049
0.367351
0.367652
0.367953
0.368254
0.368555
0.368856
0.369156
0.369457
0.369757
0.370057
0.370356
0.370655
0.370954
0.371253
0.371552
0.37185
0.372148
0.372445
0.372742
0.373039
0.373336
0.373632
0.373927
0.374223
0.374518
0.374812
0.375106
0.3754
0.375693
0.375985
0.376277
0.376569
0.37686
0.377151
0.377441
0.377731
0.37802
0.378308
0.378596
0.378884
0.379171
0.379457
0.379743
0.380028
0.380313
0.380597
0.38088
0.381163
0.381446
0.381727
0.382008
0.382289
0.382569
0.382848
0.383126
0.383404
0.383682
0.383959
0.384235
0.384511
0.384786
0.38506
0.385334
0.385607
0.38588
0.386151
0.386423
0.386693
0.386963
0.387233
0.387501
0.38777
0.388037
0.388304
0.388571
0.388836
0.389102
0.389366
0.38963
0.389894
0.390157
0.390419
0.39068
0.390942
0.391202
0.391462
0.391721
0.39198
0.392239
0.392497
0.392754
0.39301
0.393267
0.393522
0.393778
0.394032
0.394287
0.39454
0.394794
0.395047
0.395299
0.395551
0.395803
0.396054
0.396304
0.396555
0.396804
0.397054
0.397303
0.397551
0.3978
0.398048
0.398295
0.398543
0.398789
0.399036
0.399282
0.399528
0.399774
0.400019
0.400264
0.400508
0.400753
0.400997
0.40124
0.401484
0.401727
0.40197
0.402213
0.402455
0.402697
0.402939
0.40318
0.403422
0.403663
0.403904
0.404144
0.404384
0.404624
0.404864
0.405104
0.405343
0.405582
0.40582
0.406059
0.406297
0.406535
0.406773
0.40701
0.407247
0.407484
0.407721
0.407957
0.408193
0.408429
0.408664
0.4089
0.409135
0.409369
0.409603
0.409837
0.410071
0.410304
0.410537
0.41077
0.411002
0.411234
0.411466
0.411697
0.411928
0.412159
0.412389
0.412619
0.412848
0.413077
0.413306
0.413534
0.413762
0.413989
0.414216
0.414443
0.414669
0.414894
0.41512
0.415344
0.415568
0.415792
0.416016
0.416238
0.416461
0.416682
0.416904
0.417125
0.417345
0.417565
0.417784
0.418003
0.418221
0.418439
0.418656
0.418873
0.419089
0.419305
0.41952
0.419735
0.419949
0.420162
0.420375
0.420588
0.4208
0.421012
0.421223
0.421433
0.421643
0.421853
0.422062
0.422271
0.422479
0.422687
0.422894
0.423101
0.423307
0.423513
0.423719
0.423924
0.424128
0.424333
0.424536
0.42474
0.424942
0.425145
0.425347
0.425549
0.42575
0.425951
0.426152
0.426352
0.426552
0.426751
0.42695
0.427148
0.427347
0.427544
0.427742
0.427939
0.428135
0.428332
0.428527
0.428723
0.428918
0.429112
0.429306
0.4295
0.429693
0.429886
0.430078
0.43027
0.430461
0.430652
0.430842
0.431032
0.431221
0.43141
0.431599
0.431786
0.431973
0.43216
0.432346
0.432531
0.432716
0.4329
0.433083
0.433266
0.433449
0.43363
0.433811
0.433991
0.434171
0.43435
0.434528
0.434706
0.434882
0.435058
0.435234
0.435408
0.435582
0.435756
0.435928
0.4361
0.436271
0.436441
0.43661
0.436779
0.436947
0.437114
0.43728
0.437446
0.437611
0.437775
0.437938
0.438101
0.438263
0.438424
0.438584
0.438744
0.438902
0.43906
0.439218
0.439374
0.43953
0.439685
0.439839
0.439993
0.440146
0.440298
0.440449
0.4406
0.44075
0.440899
0.441047
0.441195
0.441342
0.441488
0.441634
0.441779
0.441923
0.442067
0.44221
0.442352
0.442494
0.442634
0.442775
0.442914
0.443053
0.443191
0.443329
0.443466
0.443603
0.443739
0.443874
0.444009
0.444143
0.444276
0.44441
0.444542
0.444674
0.444806
0.444937
0.445067
0.445198
0.445327
0.445457
0.445586
0.445714
0.445842
0.44597
0.446098
0.446225
0.446352
0.446478
0.446605
0.446731
0.446857
0.446983
0.447108
0.447233
0.447359
0.447484
0.447609
0.447733
0.447858
0.447983
0.448108
0.448233
0.448357
0.448482
0.448607
0.448732
0.448857
0.448982
0.449107
0.449232
0.449358
0.449483
0.449609
0.449735
0.449861
0.449987
0.450114
0.45024
0.450367
0.450494
0.450621
0.450749
0.450877
0.451005
0.451133
0.451262
0.451391
0.45152
0.45165
0.45178
0.45191
0.45204
0.452171
0.452302
0.452433
0.452565
0.452697
0.452829
0.452962
0.453094
0.453228
0.453361
0.453495
0.453629
0.453763
0.453898
0.454033
0.454168
0.454304
0.45444
0.454576
0.454712
0.454849
0.454986
0.455123
0.45526
0.455398
0.455536
0.455674
0.455813
0.455951
0.45609
0.456229
0.456369
0.456508
0.456648
0.456788
0.456928
0.457069
0.457209
0.45735
0.457491
0.457632
0.457774
0.457915
0.458057
0.458198
0.45834
0.458482
0.458624
0.458767
0.458909
0.459052
0.459194
0.459337
0.45948
0.459623
0.459766
0.459909
0.460053
0.460196
0.460339
0.460483
0.460626
0.46077
0.460914
0.461058
0.461202
0.461346
0.461489
0.461634
0.461778
0.461922
0.462066
0.46221
0.462354
0.462499
0.462643
0.462787
0.462932
0.463076
0.463221
0.463365
0.46351
0.463654
0.463799
0.463943
0.464088
0.464233
0.464377
0.464522
0.464667
0.464811
0.464956
0.465101
0.465245
0.46539
0.465535
0.465679
0.465824
0.465968
0.466113
0.466257
0.466402
0.466546
0.466691
0.466835
0.466979
0.467123
0.467267
0.467411
0.467555
0.467698
0.467842
0.467986
0.468129
0.468272
0.468415
0.468558
0.4687
0.468843
0.468985
0.469127
0.469269
0.469411
0.469552
0.469693
0.469834
0.469975
0.470115
0.470255
0.470395
0.470534
0.470673
0.470812
0.470951
0.471089
0.471227
0.471364
0.471501
0.471638
0.471774
0.471909
0.472045
0.47218
0.472314
0.472448
0.472582
0.472715
0.472847
0.47298
0.473111
0.473242
0.473373
0.473503
0.473632
0.47376
0.473889
0.474016
0.474143
0.474269
0.474395
0.47452
0.474645
0.474768
0.474891
0.475014
0.475135
0.475256
0.475377
0.475496
0.475615
0.475733
0.47585
0.475967
0.476082
0.476197
0.476311
0.476425
0.476537
0.476649
0.47676
0.476869
0.476978
0.477087
0.477194
0.4773
0.477405
0.47751
0.477613
0.477716
0.477818
0.477918
0.478018
0.478117
0.478214
0.478311
0.478406
0.478501
0.478595
0.478687
0.478779
0.478869
0.478958
0.479046
0.479133
0.479219
0.479304
0.479388
0.47947
0.479552
0.479632
0.479711
0.479789
0.479866
0.479941
0.480015
0.480089
0.480161
0.480231
0.480301
0.480369
0.480436
0.480502
0.480567
0.48063
0.480693
0.480754
0.480813
0.480872
0.480929
0.480985
0.48104
0.481094
0.481146
0.481197
0.481247
0.481296
0.481344
0.48139
0.481435
0.481479
0.481522
0.481563
0.481604
0.481643
0.481681
0.481718
0.481754
0.481789
0.481823
0.481855
0.481887
0.481917
0.481946
0.481975
0.482002
0.482028
0.482054
0.482078
0.482101
0.482124
0.482145
0.482166
0.482186
0.482205
0.482223
0.48224
0.482257
0.482273
0.482288
0.482302
0.482316
0.482328
0.482341
0.482352
0.482363
0.482373
0.482383
0.482392
0.482401
0.482409
0.482416
0.482423
0.48243
0.482436
0.482442
0.482447
0.482452
0.482457
0.482461
0.482465
0.482469
0.482472
0.482475
0.482478
0.48248
0.482483
0.482485
0.482487
0.482488
0.48249
0.482491
0.482492
0.482494
0.482494
0.482495
0.482496
0.482497
0.482497
0.482498
0.482498
0.482498
0.482499
0.482499
0.482499
0.482499
0.4825
0.4825
0.4825
0.4825
0.4825
0.4825
0.4825
0.4825
0.4825
0.4825
0.4825
0.4825
0.4825
0.4825
0.4825
0.4825
0.4825
0.4825
0.4825
0.4825
0.4825
0.4825
0.4825
0.4825
0.4825
0.4825
0.4825
0.4825
0.4825
0.4825
0.4825
0.4825
0.4825
0.4825
0.4825
0.4825
0.4825
0.4825
0.4825
0.4825
0.4825
0.4825
0.4825
0.4825
0.4825
0.4825
0.4825
0.4825
0.4825
0.4825
0.4825
0.4825
0.4825
0.4825
0.4825
0.4825
0.4825
0.4825
0.4825
0.4825
0.4825
0.4825
0.4825
0.4825
0.4825
0.4825
0.4825
0.4825
0.4825
0.4825
0.4825
0.4825
0.4825
0.4825
0.4825
0.4825
0.4825
0.4825
0.4825
0.4825
0.4825
0.4825
0.4825
0.4825
0.4825
0.4825
0.4825
0.4825
0.4825
0.4825
0.4825
0.4825
0.4825
0.4825
0.4825
0.4825
0.4825
0.4825
0.4825
0.4825
0.4825
0.4825
0.4825
0.4825
0.4825
0.4825
0.4825
0.4825
0.4825
0.4825
0.4825
0.4825
0.4825
0.4825
0.4825
0.4825
0.4825
0.4825
0.4825
0.4825
0.4825
0.4825
0.4825
0.4825
0.4825
0.4825
0.4825
0.4825
0.4825
0.4825
0.4825
0.4825
0.4825
0.4825
0.4825
0.4825
0.4825
0.4825
0.4825
0.4825
0.4825
0.4825
0.4825
0.4825
0.4825
0.4825
0.4825
0.4825
0.4825
0.4825
0.4825
0.4825
0.4825
0.4825
0.4825
0.4825
0.4825
0.4825
0.4825
0.4825
0.4825
0.4825
0.4825
0.4825
0.4825
0.4825
0.4825
0.4825
0.4825
0.4825
0.4825
0.4825
0.4825
0.4825
0.4825
0.4825
0.4825
0.4825
0.4825
0.4825
0.4825
0.4825
0.4825
0.4825
0.4825
0.4825
0.4825
0.4825
0.4825
0.4825
0.4825
0.4825
0.4825
0.4825
0.4825
0.4825
0.4825
0.4825
0.4825
0.4825
0.4825
0.4825
0.4825
0.4825
0.4825
0.4825
0.4825
0.4825
0.4825
0.4825
0.4825
0.4825
0.4825
0.4825
0.4825
0.4825
0.4825
0.4825
0.4825
0.4825
0.4825
0.4825
0.4825
0.4825
0.4825
0.4825
0.4825
0.4825
0.4825
0.4825
0.4825
0.4825
0.4825
0.4825
0.4825
0.4825
0.4825
0.4825
0.4825
0.4825
0.4825
0.4825
0.4825
0.4825
0.4825
0.4825
0.4825
0.4825
0.4825
0.4825
0.4825
0.4825
0.4825
0.4825
0.4825
0.4825
0.4825
0.4825
0.4825
0.4825
0.4825
0.4825
0.4825
0.4825
0.4825
0.4825
0.4825
0.4825
0.4825
0.4825
0.4825
0.4825
0.4825
0.4825
0.4825
0.4825
0.4825
0.4825
0.4825
0.4825
0.4825
0.4825
0.4825
0.4825
0.4825
0.4825
0.4825
0.4825
0.4825
0.4825
0.4825
0.4825
0.4825
0.4825
0.4825
0.4825
0.4825
0.4825
0.4825
0.4825
0.4825
0.4825
0.4825
0.4825
0.4825
0.4825
0.4825
0.4825
0.4825
0.4825
0.4825
0.4825
0.4825
0.4825
0.4825
0.4825
0.4825
0.4825
0.4825
0.4825
0.4825
0.4825
0.4825
0.4825
0.4825
0.4825
0.4825
0.4825
0.4825
0.4825
0.4825
0.4825
0.4825
0.4825
0.4825
0.4825
0.4825
0.4825
0.4825
0.4825
0.4825
0.4825
0.4825
0.4825
0.4825
0.4825
0.4825
0.4825
0.4825
0.4825
0.4825
0.4825
0.4825
0.4825
0.4825
0.4825
0.4825
0.4825
0.4825
0.4825
0.4825
0.4825
0.4825
0.4825
0.4825
0.4825
0.4825
0.4825
0.4825
0.4825
0.4825
0.4825
0.4825
0.4825
0.4825
0.4825
0.4825
0.4825
0.4825
0.4825
0.4825
0.4825
0.4825
0.4825
0.4825
0.4825
0.4825
0.4825
0.4825
0.4825
0.4825
0.4825
0.4825
0.4825
0.4825
0.4825
0.4825
0.4825
0.4825
0.4825
0.4825
0.4825
0.4825
0.4825
0.4825
0.4825
0.4825
0.4825
0.4825
0.4825
0.4825
0.4825
0.4825
0.4825
0.4825
0.4825
0.4825
0.4825
0.4825
0.4825
0.4825
0.4825
0.4825
0.4825
0.4825
0.4825
0.4825
0.4825
0.4825
0.4825
0.4825
0.4825
0.4825
0.4825
0.4825
0.4825
0.4825
0.4825
0.4825
0.4825
0.4825
0.4825
0.4825
0.4825
0.4825
0.4825
0.4825
0.4825
0.4825
0.4825
0.4825
0.4825
0.4825
0.4825
0.4825
0.4825
0.4825
0.4825
0.4825
0.4825
0.4825
0.4825
0.4825
0.4825
0.4825
0.4825
0.4825
0.4825
0.4825
0.4825
0.4825
0.4825
0.4825
0.4825
0.4825
0.4825
0.4825
0.4825
0.4825
0.4825
0.4825
0.4825
0.4825
0.4825
0.4825
0.4825
0.4825
0.4825
0.4825
0.4825
0.4825
0.4825
0.4825
0.4825
0.4825
0.4825
0.4825
0.4825
0.4825
0.4825
0.4825
0.4825
0.4825
0.4825
0.4825
0.4825
0.4825
0.4825
0.4825
0.4825
0.4825
0.4825
0.4825
0.4825
0.4825
0.4825
0.4825
0.4825
0.4825
0.4825
0.4825
0.4825
0.4825
0.4825
0.4825
0.4825
0.4825
0.4825
0.4825
0.4825
0.4825
0.4825
0.4825
0.4825
0.4825
0.4825
0.4825
0.4825
0.4825
0.4825
0.4825
0.4825
0.4825
0.4825
0.4825
0.4825
0.4825
0.4825
0.4825
0.4825
0.4825
0.4825
0.4825
0.4825
0.4825
0.4825
0.4825
0.4825
0.4825
0.4825
0.4825
0.4825
0.4825
0.4825
0.4825
0.4825
0.4825
0.4825
0.4825
0.4825
0.4825
0.4825
0.4825
0.4825
0.4825
0.4825
0.4825
0.4825
0.4825
0.4825
0.4825
0.4825
0.4825
0.4825
0.4825
0.4825
0.4825
0.4825
0.4825
0.4825
0.4825
0.4825
0.4825
0.4825
0.4825
0.4825
0.4825
0.4825
0.4825
0.4825
0.4825
0.4825
0.4825
0.4825
0.4825
0.4825
0.4825
0.4825
0.4825
0.4825
0.4825
0.4825
0.4825
0.4825
0.4825
0.4825
0.4825
0.4825
0.4825
0.4825
0.4825
0.4825
0.4825
0.4825
0.4825
0.4825
0.4825
0.4825
0.4825
0.4825
0.4825
0.4825
0.4825
0.4825
0.4825
0.4825
0.4825
0.4825
0.4825
0.4825
0.4825
0.4825
0.4825
0.4825
0.4825
0.4825
0.4825
0.4825
0.4825
0.4825
0.4825
0.4825
0.4825
0.4825
0.4825
0.4825
0.4825
0.4825
0.4825
0.4825
0.4825
0.4825
0.4825
0.4825
0.4825
0.4825
0.4825
0.4825
0.4825
0.4825
0.4825
0.4825
0.4825
0.4825
0.4825
0.4825
0.4825
0.4825
0.4825
0.4825
0.4825
0.4825
0.4825
0.4825
0.4825
0.4825
0.4825
0.4825
0.4825
0.4825
0.4825
0.4825
0.4825
0.4825
0.4825
0.4825
0.4825
0.4825
0.4825
0.4825
0.4825
0.4825
0.4825
0.4825
0.4825
0.4825
0.4825
0.4825
0.4825
0.4825
0.4825
0.4825
0.4825
0.4825
0.4825
0.4825
0.4825
0.4825
0.4825
0.4825
0.4825
0.4825
0.4825
0.4825
0.4825
0.4825
0.4825
0.4825
0.4825
0.4825
0.4825
0.4825
0.4825
0.4825
0.4825
0.4825
0.4825
0.4825
0.4825
0.4825
0.4825
0.4825
0.4825
0.4825
0.4825
0.4825
0.4825
0.4825
0.4825
0.4825
0.4825
0.4825
0.4825
0.4825
0.4825
0.4825
0.4825
0.4825
0.4825
0.4825
0.4825
0.4825
0.4825
0.4825
0.4825
0.4825
0.4825
0.4825
0.4825
0.4825
0.4825
0.4825
0.4825
0.4825
0.4825
0.4825
0.4825
0.4825
0.4825
0.4825
0.4825
0.4825
0.4825
0.4825
0.4825
0.4825
0.4825
0.4825
0.4825
0.4825
0.4825
0.4825
0.4825
0.4825
0.4825
0.4825
0.4825
0.4825
0.4825
0.4825
0.4825
0.4825
0.4825
0.4825
0.4825
0.4825
0.4825
0.4825
0.4825
0.4825
0.4825
0.4825
0.4825
0.4825
0.4825
0.4825
0.4825
0.4825
0.4825
0.4825
0.4825
0.4825
0.4825
0.4825
0.4825
0.4825
0.4825
0.4825
0.4825
0.4825
0.4825
0.4825
0.4825
0.4825
0.4825
0.4825
0.4825
0.4825
0.4825
0.4825
0.4825
0.4825
0.4825
0.4825
0.4825
0.4825
0.4825
0.4825
0.4825
0.4825
0.4825
0.4825
0.4825
0.4825
0.4825
0.4825
0.4825
0.4825
0.4825
0.4825
0.4825
0.4825
0.4825
0.4825
0.4825
0.4825
0.4825
0.4825
0.4825
0.4825
0.4825
0.4825
0.4825
0.4825
0.4825
0.4825
0.4825
0.4825
0.4825
0.4825
0.4825
0.4825
0.4825
0.4825
0.4825
0.4825
0.4825
0.4825
0.4825
0.4825
0.4825
0.4825
0.4825
0.4825
0.4825
0.4825
0.4825
0.4825
0.4825
0.4825
0.4825
0.4825
0.4825
0.4825
0.4825
0.4825
0.4825
0.4825
0.4825
0.4825
0.4825
0.4825
0.4825
0.4825
0.4825
0.4825
0.4825
0.4825
0.4825
0.4825
0.4825
0.4825
0.4825
0.4825
0.4825
0.4825
0.4825
0.4825
0.4825
0.4825
0.4825
0.4825
0.4825
0.4825
0.4825
0.4825
0.4825
0.4825
0.4825
0.4825
0.4825
0.4825
0.4825
0.4825
0.4825
0.4825
0.4825
0.4825
0.4825
0.4825
0.4825
0.4825
0.4825
0.4825
0.4825
0.4825
0.4825
0.4825
0.4825
0.4825
0.4825
0.4825
0.4825
0.4825
0.4825
0.4825
0.4825
0.4825
0.4825
0.4825
0.4825
0.4825
0.4825
0.4825
0.4825
0.4825
0.4825
0.4825
0.4825
0.4825
0.4825
0.4825
0.4825
0.4825
0.4825
0.4825
0.4825
0.4825
0.4825
0.4825
0.4825
0.4825
0.4825
0.4825
0.4825
0.4825
0.4825
0.4825
0.4825
0.4825
0.4825
0.4825
0.4825
0.4825
0.4825
0.4825
0.4825
0.4825
0.4825
0.4825
0.4825
0.4825
0.4825
0.4825
0.4825
0.4825
0.4825
0.4825
0.4825
0.4825
0.4825
0.4825
0.4825
0.4825
0.4825
0.4825
0.4825
0.4825
0.4825
0.4825
0.4825
0.4825
0.4825
0.4825
0.4825
0.4825
0.4825
0.4825
0.4825
0.4825
0.4825
0.4825
0.4825
0.4825
0.4825
0.4825
0.4825
0.4825
0.4825
0.4825
0.4825
0.4825
0.4825
0.4825
0.4825
0.4825
0.4825
0.4825
0.4825
0.4825
0.4825
0.4825
0.4825
0.4825
0.4825
0.4825
0.4825
0.4825
0.4825
0.4825
0.4825
0.4825
0.4825
0.4825
0.4825
0.4825
0.4825
0.4825
0.4825
0.4825
0.4825
0.4825
0.4825
0.4825
0.4825
0.4825
0.4825
0.4825
0.4825
0.4825
0.4825
0.4825
0.4825
0.4825
0.4825
0.4825
0.4825
0.4825
0.4825
0.4825
0.4825
0.4825
0.4825
0.4825
0.4825
0.4825
0.4825
0.4825
0.4825
0.4825
0.4825
0.4825
0.4825
0.4825
0.4825
0.4825
0.4825
0.4825
0.4825
0.4825
0.4825
0.4825
0.4825
0.4825
0.4825
0.4825
0.4825
0.4825
0.4825
0.4825
0.4825
0.4825
0.4825
0.4825
0.4825
0.4825
0.4825
0.4825
0.4825
0.4825
0.4825
0.4825
0.4825
0.4825
0.4825
0.4825
0.4825
0.4825
0.4825
0.4825
0.4825
0.4825
0.4825
0.4825
0.482499
0.482499
0.482499
0.482499
0.482499
0.482498
0.482498
0.482498
0.482497
0.482497
0.482497
0.482496
0.482496
0.482495
0.482495
0.482494
0.482493
0.482493
0.482492
0.482491
0.48249
0.482489
0.482488
0.482487
0.482486
0.482485
0.482484
0.482482
0.482481
0.48248
0.482478
0.482477
0.482475
0.482474
0.482472
0.482471
0.482469
0.482467
0.482465
0.482464
0.482462
0.48246
0.482458
0.482456
0.482455
0.482453
0.482451
0.482449
0.482447
0.482445
0.482444
0.482442
0.48244
0.482438
0.482436
0.482435
0.482433
0.482431
0.482429
0.482428
0.482426
0.482425
0.482423
0.482422
0.48242
0.482419
0.482418
0.482416
0.482415
0.482414
0.482413
0.482412
0.482411
0.48241
0.482409
0.482408
0.482407
0.482407
0.482406
0.482405
0.482405
0.482404
0.482404
0.482403
0.482403
0.482403
0.482402
0.482402
0.482402
0.482401
0.482401
0.482401
0.482401
0.482401
0.4824
0.4824
0.4824
0.4824
0.4824
0.4824
0.4824
0.4824
0.4824
0.4824
0.4824
0.4824
0.4824
0.4824
0.4824
0.4824
0.4824
0.4824
0.4824
0.4824
0.4824
0.4824
0.4824
0.4824
0.4824
0.4824
0.4824
0.4824
0.4824
0.4824
0.4824
0.4824
0.4824
0.4824
0.4824
0.4824
0.4824
0.4824
0.4824
0.4824
0.4824
0.4824
0.4824
0.4824
0.4824
0.4824
0.4824
0.4824
0.4824
0.4824
0.4824
0.4824
0.4824
0.4824
0.4824
0.4824
0.4824
0.4824
0.4824
0.4824
0.4824
0.4824
0.4824
0.4824
0.4824
0.4824
0.4824
0.4824
0.4824
0.4824
0.4824
0.4824
0.4824
0.4824
0.4824
0.4824
0.4824
0.4824
0.4824
0.4824
0.4824
0.4824
0.4824
0.4824
0.4824
0.4824
0.4824
0.4824
0.4824
0.4824
0.4824
0.4824
0.4824
0.4824
0.4824
0.4824
0.4824
0.4824
0.4824
0.4824
0.4824
0.4824
0.4824
0.4824
0.4824
0.4824
0.4824
0.4824
0.4824
0.4824
0.4824
0.4824
0.4824
0.4824
0.4824
0.4824
0.4824
0.4824
0.4824
0.4824
0.4824
0.4824
0.4824
0.4824
0.4824
0.4824
0.4824
0.4824
0.4824
0.4824
0.4824
0.4824
0.4824
0.4824
0.4824
0.4824
0.4824
0.4824
0.4824
0.4824
0.4824
0.4824
0.4824
0.4824
0.4824
0.4824
0.4824
0.4824
0.4824
0.4824
0.4824
0.4824
0.4824
0.4824
0.4824
0.4824
0.4824
0.4824
0.4824
0.4824
0.4824
0.4824
0.4824
0.4824
0.4824
0.4824
0.4824
0.4824
0.4824
0.4824
0.4824
0.4824
0.4824
0.4824
0.4824
0.4824
0.4824
0.4824
0.4824
0.4824
0.4824
0.4824
0.4824
0.4824
0.4824
0.4824
0.4824
0.4824
0.4824
0.4824
0.4824
0.4824
0.4824
0.4824
0.4824
0.4824
0.4824
0.4824
0.4824
0.4824
0.4824
0.4824
0.4824
0.4824
0.4824
0.4824
0.4824
0.4824
0.4824
0.4824
0.4824
0.4824
0.4824
0.4824
0.4824
0.4824
0.4824
0.4824
0.4824
0.4824
0.4824
0.4824
0.4824
0.4824
0.4824
0.4824
0.4824
0.4824
0.4824
0.4824
0.4824
0.4824
0.4824
0.4824
0.4824
0.4824
0.4824
0.4824
0.4824
0.4824
0.4824
0.4824
0.4824
0.4824
0.4824
0.4824
0.4824
0.4824
0.4824
0.4824
0.4824
0.4824
0.4824
0.4824
0.4824
0.4824
0.4824
0.4824
0.4824
0.4824
0.4824
0.4824
0.4824
0.4824
0.4824
0.4824
0.4824
0.4824
0.4824
0.4824
0.4824
0.4824
0.4824
0.4824
0.4824
0.4824
0.4824
0.4824
0.4824
0.4824
0.4824
0.4824
0.4824
0.4824
0.4824
0.4824
0.4824
0.4824
0.4824
0.4824
0.4824
0.4824
0.4824
0.4824
0.4824
0.4824
0.4824
0.4824
0.4824
0.4824
0.4824
0.4824
0.4824
0.4824
0.4824
0.4824
0.4824
0.4824
0.4824
0.4824
0.4824
0.4824
0.4824
0.4824
0.4824
0.4824
0.4824
0.4824
0.4824
0.4824
0.4824
0.4824
0.4824
0.4824
0.4824
0.4824
0.4824
0.4824
0.4824
0.4824
0.4824
0.4824
0.4824
0.4824
0.4824
0.4824
0.4824
0.4824
0.4824
0.4824
0.4824
0.4824
0.4824
0.4824
0.4824
0.4824
0.4824
0.4824
0.4824
0.4824
0.4824
0.4824
0.4824
0.4824
0.4824
0.4824
0.4824
0.4824
0.4824
0.4824
0.4824
0.4824
0.4824
0.4824
0.4824
0.4824
0.4824
0.4824
0.4824
0.4824
0.4824
0.4824
0.4824
0.4824
0.4824
0.4824
0.4824
0.4824
0.4824
0.4824
0.4824
0.4824
0.4824
0.4824
0.4824
0.4824
0.4824
0.4824
0.4824
0.4824
0.4824
0.4824
0.4824
0.4824
0.4824
0.4824
0.4824
0.4824
0.4824
0.4824
0.4824
0.4824
0.4824
0.4824
0.4824
0.4824
0.4824
0.4824
0.4824
0.4824
0.4824
0.4824
0.4824
0.4824
0.4824
0.4824
0.4824
0.4824
0.4824
0.4824
0.4824
0.4824
0.4824
0.4824
0.4824
0.4824
0.4824
0.4824
0.4824
0.4824
0.4824
0.4824
0.4824
0.4824
0.4824
0.4824
0.4824
0.4824
0.4824
0.4824
0.4824
0.4824
0.4824
0.4824
0.4824
0.4824
0.4824
0.4824
0.4824
0.4824
0.4824
0.4824
0.4824
0.4824
0.4824
0.4824
0.4824
0.4824
0.4824
0.4824
0.4824
0.4824
0.4824
0.4824
0.4824
0.4824
0.4824
0.4824
0.4824
0.4824
0.4824
0.4824
0.4824
0.4824
0.4824
0.4824
0.4824
0.4824
0.4824
0.4824
0.4824
0.4824
0.4824
0.4824
0.4824
0.4824
0.4824
0.4824
0.4824
0.4824
0.4824
0.4824
0.4824
0.4824
0.4824
0.4824
0.4824
0.4824
0.4824
0.4824
0.4824
0.4824
0.4824
0.4824
0.4824
0.4824
0.4824
0.4824
0.4824
0.4824
0.4824
0.4824
0.4824
0.4824
0.4824
0.4824
0.4824
0.4824
0.4824
0.4824
0.4824
0.4824
0.4824
0.4824
0.4824
0.4824
0.4824
0.4824
0.4824
0.4824
0.4824
0.4824
0.4824
0.4824
0.4824
0.4824
0.4824
0.4824
0.4824
0.4824
0.4824
0.4824
0.4824
0.4824
0.4824
0.4824
0.4824
0.4824
0.4824
0.4824
0.4824
0.4824
0.4824
0.4824
0.4824
0.4824
0.4824
0.4824
0.4824
0.4824
0.4824
0.4824
0.4824
0.4824
0.4824
0.4824
0.4824
0.4824
0.4824
0.4824
0.4824
0.4824
0.4824
0.4824
0.4824
0.4824
0.4824
0.4824
0.4824
0.4824
0.4824
0.4824
0.4824
0.4824
0.4824
0.4824
0.4824
0.4824
0.4824
0.4824
0.4824
0.4824
0.4824
0.4824
0.4824
0.4824
0.4824
0.4824
0.4824
0.4824
0.4824
0.4824
0.4824
0.4824
0.4824
0.4824
0.4824
0.4824
0.4824
0.4824
0.4824
0.4824
0.4824
0.4824
0.4824
0.4824
0.4824
0.4824
0.4824
0.4824
0.4824
0.4824
0.4824
0.4824
0.4824
0.4824
0.4824
0.4824
0.4824
0.4824
0.4824
0.4824
0.4824
0.4824
0.4824
0.4824
0.4824
0.4824
0.4824
0.4824
0.4824
0.4824
0.4824
0.4824
0.4824
0.4824
0.4824
0.4824
0.4824
0.4824
0.4824
0.4824
0.4824
0.4824
0.4824
0.4824
0.4824
0.4824
0.4824
0.4824
0.4824
0.4824
0.4824
0.4824
0.4824
0.4824
0.4824
0.4824
0.4824
0.4824
0.4824
0.4824
0.4824
0.4824
0.4824
0.4824
0.4824
0.4824
0.4824
0.4824
0.4824
0.4824
0.4824
0.4824
0.4824
0.4824
0.4824
0.4824
0.4824
0.4824
0.4824
0.4824
0.4824
0.4824
0.4824
0.4824
0.4824
0.4824
0.4824
0.4824
0.4824
0.4824
0.4824
0.4824
0.4824
0.4824
0.4824
0.4824
0.4824
0.4824
0.4824
0.4824
0.4824
0.4824
0.4824
0.4824
0.4824
0.4824
0.4824
0.4824
0.4824
0.4824
0.4824
0.4824
0.4824
0.4824
0.4824
0.4824
0.4824
0.4824
0.4824
0.4824
0.4824
0.4824
0.4824
0.4824
0.4824
0.4824
0.4824
0.4824
0.4824
0.4824
0.4824
0.4824
0.4824
0.4824
0.4824
0.4824
0.4824
0.4824
0.4824
0.4824
0.4824
0.4824
0.4824
0.4824
0.4824
0.4824
0.4824
0.4824
0.4824
0.4824
0.4824
0.4824
0.4824
0.4824
0.4824
0.4824
0.4824
0.4824
0.4824
0.4824
0.4824
0.4824
0.4824
0.4824
0.4824
0.4824
0.4824
0.4824
0.4824
0.4824
0.4824
0.4824
0.4824
0.4824
0.4824
0.4824
0.4824
0.4824
0.4824
0.4824
0.4824
0.4824
0.4824
0.4824
0.4824
0.4824
0.4824
0.4824
0.4824
0.4824
0.4824
0.4824
0.4824
0.4824
0.4824
0.4824
0.4824
0.4824
0.4824
0.4824
0.4824
0.4824
0.4824
0.4824
0.4824
0.4824
0.4824
0.4824
0.4824
0.4824
0.4824
0.4824
0.4824
0.4824
0.4824
0.4824
0.4824
0.4824
0.4824
0.4824
0.4824
0.4824
0.4824
0.4824
0.4824
0.4824
0.4824
0.4824
0.4824
0.4824
0.4824
0.4824
0.4824
0.4824
0.4824
0.4824
0.4824
0.4824
0.4824
0.4824
0.4824
0.4824
0.4824
0.4824
0.4824
0.4824
0.4824
0.4824
0.4824
0.4824
0.4824
0.4824
0.4824
0.4824
0.4824
0.4824
0.4824
0.4824
0.4824
0.4824
0.4824
0.4824
0.4824
0.4824
0.4824
0.4824
0.4824
0.4824
0.4824
0.4824
0.4824
0.4824
0.4824
0.4824
0.4824
0.4824
0.4824
0.4824
0.4824
0.4824
0.4824
0.4824
0.4824
0.4824
0.4824
0.4824
0.4824
0.4824
0.4824
0.4824
0.4824
0.4824
0.4824
0.4824
0.4824
0.4824
0.4824
0.4824
0.4824
0.4824
0.4824
0.4824
0.4824
0.4824
0.4824
0.4824
0.4824
0.4824
0.4824
0.4824
0.4824
0.482399
0.482399
0.482399
0.482399
0.482399
0.482398
0.482398
0.482398
0.482397
0.482397
0.482396
0.482395
0.482395
0.482394
0.482393
0.482392
0.482391
0.48239
0.482389
0.482387
0.482386
0.482384
0.482382
0.48238
0.482378
0.482376
0.482374
0.482371
0.482368
0.482365
0.482362
0.482359
0.482355
0.482351
0.482347
0.482343
0.482338
0.482334
0.482328
0.482323
0.482317
0.482311
0.482305
0.482298
0.482291
0.482284
0.482276
0.482269
0.48226
0.482251
0.482242
0.482233
0.482223
0.482212
0.482202
0.482191
0.482179
0.482167
0.482154
0.482141
0.482128
0.482114
0.4821
0.482085
0.48207
0.482054
0.482037
0.482021
0.482003
0.481985
0.481967
0.481948
0.481929
0.481909
0.481888
0.481867
0.481846
0.481824
0.481801
0.481778
0.481755
0.48173
0.481706
0.48168
0.481655
0.481628
0.481601
0.481574
0.481546
0.481518
0.481489
0.481459
0.481429
0.481398
0.481367
0.481336
0.481303
0.481271
0.481238
0.481204
0.48117
0.481135
0.481099
0.481064
0.481027
0.48099
0.480953
0.480915
0.480877
0.480838
0.480798
0.480758
0.480718
0.480677
0.480635
0.480593
0.480551
0.480508
0.480464
0.48042
0.480375
0.48033
0.480284
0.480238
0.480191
0.480143
0.480095
0.480047
0.479998
0.479948
0.479898
0.479847
0.479796
0.479744
0.479692
0.479639
0.479585
0.479531
0.479477
0.479422
0.479366
0.47931
0.479253
0.479196
0.479138
0.479079
0.47902
0.478961
0.4789
0.47884
0.478779
0.478717
0.478654
0.478592
0.478528
0.478464
0.4784
0.478335
0.47827
0.478204
0.478138
0.478071
0.478003
0.477936
0.477867
0.477799
0.477729
0.47766
0.47759
0.477519
0.477449
0.477377
0.477306
0.477233
0.477161
0.477088
0.477015
0.476942
0.476868
0.476793
0.476719
0.476644
0.476569
0.476494
0.476418
0.476342
0.476266
0.476189
0.476112
0.476035
0.475958
0.475881
0.475803
0.475725
0.475647
0.475569
0.475491
0.475413
0.475334
0.475255
0.475177
0.475098
0.475019
0.47494
0.47486
0.474781
0.474702
0.474623
0.474543
0.474464
0.474384
0.474305
0.474226
0.474146
0.474067
0.473987
0.473908
0.473829
0.47375
0.47367
0.473591
0.473512
0.473433
0.473354
0.473275
0.473196
0.473117
0.473039
0.47296
0.472882
0.472803
0.472725
0.472647
0.472569
0.472491
0.472413
0.472335
0.472257
0.47218
0.472102
0.472025
0.471948
0.471871
0.471794
0.471717
0.47164
0.471563
0.471487
0.471411
0.471334
0.471258
0.471182
0.471106
0.471031
0.470955
0.47088
0.470804
0.470729
0.470654
0.470579
0.470504
0.47043
0.470355
0.470281
0.470206
0.470132
0.470058
0.469984
0.46991
0.469837
0.469763
0.46969
0.469617
0.469544
0.469471
0.469397
0.469325
0.469252
0.469179
0.469107
0.469035
0.468962
0.46889
0.468818
0.468746
0.468674
0.468602
0.468531
0.468459
0.468387
0.468316
0.468244
0.468173
0.468101
0.46803
0.467959
0.467887
0.467816
0.467744
0.467673
0.467602
0.46753
0.467459
0.467387
0.467316
0.467244
0.467172
0.4671
0.467028
0.466956
0.466884
0.466811
0.466739
0.466666
0.466593
0.46652
0.466447
0.466374
0.4663
0.466226
0.466151
0.466077
0.466002
0.465927
0.465851
0.465776
0.465699
0.465623
0.465546
0.465469
0.465391
0.465313
0.465234
0.465155
0.465076
0.464996
0.464915
0.464834
0.464753
0.464671
0.464588
0.464505
0.464421
0.464336
0.464251
0.464166
0.464079
0.463993
0.463905
0.463816
0.463727
0.463637
0.463547
0.463456
0.463363
0.46327
0.463177
0.463082
0.462987
0.462891
0.462794
0.462696
0.462597
0.462497
0.462396
0.462294
0.462192
0.462088
0.461983
0.461878
0.461771
0.461663
0.461554
0.461444
0.461333
0.461221
0.461108
0.460993
0.460877
0.46076
0.460642
0.460522
0.460402
0.46028
0.460156
0.460032
0.459905
0.459778
0.459649
0.459518
0.459386
0.459253
0.459118
0.458981
0.458843
0.458703
0.458562
0.458418
0.458274
0.458127
0.457978
0.457828
0.457676
0.457522
0.457366
0.457208
0.457048
0.456886
0.456723
0.456557
0.456389
0.456219
0.456046
0.455871
0.455695
0.455515
0.455334
0.45515
0.454964
0.454775
0.454584
0.454391
0.454195
0.453996
0.453795
0.453591
0.453385
0.453176
0.452965
0.452751
0.452534
0.452314
0.452091
0.451866
0.451638
0.451407
0.451174
0.450937
0.450698
0.450456
0.450211
0.449963
0.449712
0.449459
0.449202
0.448942
0.44868
0.448415
0.448146
0.447875
0.447601
0.447324
0.447044
0.446762
0.446476
0.446188
0.445896
0.445602
0.445305
0.445005
0.444702
0.444397
0.444088
0.443777
0.443463
0.443146
0.442827
0.442504
0.44218
0.441852
0.441522
0.441189
0.440853
0.440515
0.440174
0.439831
0.439485
0.439137
0.438786
0.438432
0.438076
0.437718
0.437357
0.436994
0.436629
0.436261
0.43589
0.435518
0.435143
0.434766
0.434386
0.434005
0.433621
0.433235
0.432847
0.432457
0.432065
0.43167
0.431274
0.430875
0.430474
0.430072
0.429667
0.42926
0.428852
0.428441
0.428029
0.427614
0.427198
0.42678
0.42636
0.425938
0.425515
0.425089
0.424662
0.424233
0.423803
0.423371
0.422937
0.422501
0.422064
0.421625
0.421185
0.420743
0.420299
0.419854
0.419407
0.418959
0.418509
0.418058
0.417606
0.417151
0.416696
0.416239
0.415781
0.415321
0.414861
0.414398
0.413935
0.41347
0.413004
0.412536
0.412068
0.411598
0.411126
0.410654
0.410181
0.409706
0.40923
0.408753
0.408275
0.407795
0.407315
0.406833
0.406351
0.405867
0.405382
0.404896
0.404409
0.403922
0.403433
0.402943
0.402452
0.40196
0.401467
0.400974
0.400479
0.399983
0.399486
0.398989
0.398491
0.397991
0.397491
0.39699
0.396488
0.395985
0.395482
0.394977
0.394472
0.393965
0.393458
0.39295
0.392442
0.391932
0.391422
0.390911
0.390399
0.389887
0.389373
0.388859
0.388344
0.387828
0.387312
0.386794
0.386276
0.385757
0.385238
0.384718
0.384197
0.383675
0.383152
0.382629
0.382105
0.38158
0.381055
0.380529
0.380002
0.379474
0.378946
0.378417
0.377887
0.377357
0.376826
0.376294
0.375762
0.375229
0.374696
0.374161
0.373626
0.373091
0.372555
0.372018
0.371481
0.370943
0.370404
0.369866
0.369326
0.368786
0.368246
0.367705
0.367163
0.366621
0.366079
0.365537
0.364994
0.36445
0.363906
0.363362
0.362818
0.362273
0.361728
0.361183
0.360638
0.360092
0.359546
0.359
0.358454
0.357908
0.357362
0.356815
0.356269
0.355722
0.355176
0.35463
0.354083
0.353537
0.352991
0.352445
0.351899
0.351353
0.350808
0.350262
0.349717
0.349172
0.348627
0.348083
0.347539
0.346995
0.346452
0.345909
0.345367
0.344825
0.344283
0.343742
0.343201
0.342661
0.342122
0.341583
0.341044
0.340506
0.339969
0.339433
0.338897
0.338362
0.337827
0.337294
0.336761
0.336229
0.335697
0.335167
0.334637
0.334108
0.33358
0.333054
0.332528
0.332002
0.331478
0.330955
0.330433
0.329912
0.329392
0.328873
0.328355
0.327839
0.327323
0.326809
0.326296
0.325784
0.325273
0.324764
0.324256
0.323749
0.323244
0.322739
0.322237
0.321735
0.321235
0.320737
0.32024
0.319744
0.31925
0.318757
0.318266
0.317776
0.317288
0.316802
0.316317
0.315833
0.315352
0.314872
0.314394
0.313917
0.313443
0.31297
0.312498
0.312029
0.311562
0.311096
0.310632
0.31017
0.30971
0.309252
0.308796
0.308342
0.307891
0.307441
0.306993
0.306547
0.306103
0.305662
0.305223
0.304786
0.304351
0.303918
0.303488
0.30306
0.302634
0.302211
0.30179
0.301372
0.300956
0.300542
0.300131
0.299723
0.299317
0.298913
0.298513
0.298114
0.297719
0.297326
0.296935
0.296548
0.296163
0.295781
0.295402
0.295026
0.294652
0.294282
0.293914
0.293549
0.293188
0.292829
0.292473
0.29212
0.29177
0.291424
0.29108
0.29074
0.290402
0.290068
0.289737
0.289409
0.289085
0.288763
0.288445
0.288131
0.287819
0.287511
0.287206
0.286905
0.286607
0.286312
0.286021
0.285733
0.285448
0.285167
0.28489
0.284616
0.284345
0.284078
0.283815
0.283554
0.283298
0.283045
0.282795
0.282549
0.282307
0.282068
0.281833
0.281601
0.281373
0.281149
0.280928
0.280711
0.280497
0.280287
0.280081
0.279878
0.279679
0.279484
0.279292
0.279103
0.278919
0.278738
0.27856
0.278386
0.278216
0.278049
0.277886
0.277727
0.277571
0.277419
0.27727
0.277125
0.276983
0.276845
0.27671
0.276579
0.276451
0.276327
0.276206
0.276088
0.275973
0.275862
0.275755
0.27565
0.275549
0.275451
0.275356
0.275264
0.275175
0.275089
0.275006
0.274925
0.274848
0.274773
0.274701
0.274632
0.274565
0.274501
0.274439
0.27438
0.274323
0.274269
0.274216
0.274166
0.274118
0.274071
0.274027
0.273985
0.273944
0.273905
0.273868
0.273832
0.273798
0.273766
0.273734
0.273704
0.273676
0.273649
0.273622
0.273597
0.273573
0.27355
0.273528
0.273507
0.273486
0.273467
0.273448
0.27343
0.273412
0.273395
0.273379
0.273363
0.273348
0.273333
0.273318
0.273304
0.273291
0.273277
0.273264
0.273251
0.273239
0.273227
0.273215
0.273203
0.273191
0.27318
0.273168
0.273157
0.273146
0.273135
0.273124
0.273113
0.273102
0.273091
0.27308
0.273069
0.273058
0.273047
0.273036
0.273025
0.273014
0.273003
0.272991
0.27298
0.272968
0.272956
0.272944
0.272932
0.272919
0.272907
0.272894
0.27288
0.272866
0.272852
0.272838
0.272823
0.272808
0.272792
0.272776
0.272759
0.272742
0.272724
0.272706
0.272687
0.272668
0.272648
0.272627
0.272606
0.272584
0.272561
0.272537
0.272513
0.272488
0.272462
0.272435
0.272408
0.272379
0.27235
0.27232
0.272289
0.272257
0.272224
0.27219
0.272155
0.272119
0.272082
0.272044
0.272005
0.271964
0.271923
0.271881
0.271838
0.271793
0.271748
0.271701
0.271653
0.271604
0.271554
0.271503
0.271451
0.271397
0.271342
0.271287
0.27123
0.271171
0.271112
0.271051
0.27099
0.270927
0.270863
0.270798
0.270732
0.270664
0.270596
0.270526
0.270455
0.270384
0.270311
0.270237
0.270161
0.270085
0.270008
0.269929
0.26985
0.26977
0.269688
0.269606
0.269523
0.269438
0.269353
0.269267
0.26918
0.269092
0.269003
0.268914
0.268823
0.268732
0.26864
0.268547
0.268453
0.268359
0.268264
0.268168
0.268072
0.267975
0.267878
0.26778
0.267682
0.267582
0.267483
0.267383
0.267282
0.267181
0.26708
0.266978
0.266876
0.266774
0.266671
0.266568
0.266465
0.266362
0.266258
0.266154
0.26605
0.265947
0.265842
0.265738
0.265634
0.26553
0.265425
0.265321
0.265217
0.265113
0.265009
0.264905
0.264801
0.264697
0.264594
0.26449
0.264387
0.264284
0.264181
0.264079
0.263976
0.263874
0.263773
0.263671
0.26357
0.26347
0.263369
0.263269
0.26317
0.26307
0.262972
0.262873
0.262775
0.262678
0.26258
0.262484
0.262388
0.262292
0.262197
0.262102
0.262008
0.261914
0.261821
0.261728
0.261636
0.261545
0.261453
0.261363
0.261273
0.261184
0.261095
0.261006
0.260918
0.260831
0.260744
0.260658
0.260573
0.260488
0.260403
0.260319
0.260236
0.260153
0.260071
0.259989
0.259908
0.259827
0.259747
0.259668
0.259588
0.25951
0.259432
0.259354
0.259277
0.2592
0.259124
0.259048
0.258973
0.258898
0.258824
0.25875
0.258676
0.258603
0.25853
0.258458
0.258386
0.258314
0.258243
0.258171
0.258101
0.25803
0.25796
0.25789
0.257821
0.257751
0.257682
0.257614
0.257545
0.257476
0.257408
0.25734
0.257272
0.257204
0.257137
0.257069
0.257002
0.256935
0.256868
0.256801
0.256734
0.256667
0.2566
0.256533
0.256466
0.2564
0.256333
0.256266
0.256199
0.256133
0.256066
0.255999
0.255933
0.255866
0.255799
0.255732
0.255665
0.255599
0.255532
0.255465
0.255398
0.255331
0.255264
0.255197
0.25513
0.255062
0.254995
0.254928
0.25486
0.254793
0.254725
0.254658
0.25459
0.254523
0.254455
0.254387
0.254319
0.254252
0.254184
0.254116
0.254048
0.25398
0.253912
0.253845
0.253777
0.253709
0.253641
0.253573
0.253506
0.253438
0.25337
0.253303
0.253235
0.253168
0.2531
0.253033
0.252966
0.252898
0.252831
0.252764
0.252698
0.252631
0.252564
0.252498
0.252431
0.252365
0.252299
0.252233
0.252167
0.252102
0.252036
0.251971
0.251906
0.251842
0.251777
0.251713
0.251648
0.251584
0.251521
0.251457
0.251394
0.251331
0.251268
0.251205
0.251143
0.25108
0.251018
0.250957
0.250895
0.250834
0.250773
0.250712
0.250651
0.25059
0.25053
0.25047
0.25041
0.25035
0.250291
0.250232
0.250173
0.250114
0.250055
0.249996
0.249938
0.24988
0.249821
0.249764
0.249706
0.249648
0.24959
0.249533
0.249475
0.249418
0.249361
0.249304
0.249247
0.24919
0.249133
0.249076
0.249019
0.248962
0.248906
0.248849
0.248792
0.248735
0.248678
0.248622
0.248565
0.248508
0.248451
0.248394
0.248337
0.24828
0.248223
0.248166
0.248108
0.248051
0.247993
0.247935
0.247878
0.24782
0.247762
0.247703
0.247645
0.247586
0.247527
0.247468
0.247409
0.24735
0.24729
0.24723
0.24717
0.24711
0.247049
0.246988
0.246927
0.246865
0.246803
0.246741
0.246678
0.246615
0.246552
0.246488
0.246424
0.24636
0.246295
0.24623
0.246164
0.246098
0.246032
0.245965
0.245897
0.245829
0.245761
0.245692
0.245622
0.245552
0.245481
0.24541
0.245338
0.245266
0.245193
0.24512
0.245046
0.244971
0.244895
0.244819
0.244743
0.244665
0.244587
0.244508
0.244429
0.244349
0.244268
0.244186
0.244104
0.244021
0.243937
0.243852
0.243767
0.243681
0.243594
0.243506
0.243418
0.243329
0.243239
0.243148
0.243056
0.242964
0.24287
0.242776
0.242682
0.242586
0.242489
0.242392
0.242294
0.242195
0.242095
0.241994
0.241893
0.241791
0.241687
0.241583
0.241479
0.241373
0.241266
0.241159
0.241051
0.240942
0.240832
0.240722
0.240611
0.240498
0.240385
0.240272
0.240157
0.240042
0.239926
0.239809
0.239691
0.239573
0.239454
0.239334
0.239214
0.239092
0.23897
0.238848
0.238724
0.2386
0.238475
0.23835
0.238223
0.238097
0.237969
0.237841
0.237712
0.237583
0.237453
0.237322
0.237191
0.23706
0.236927
0.236795
0.236661
0.236527
0.236393
0.236258
0.236122
0.235986
0.23585
0.235713
0.235575
0.235437
0.235299
0.23516
0.235021
0.234882
0.234742
0.234601
0.234461
0.23432
0.234178
0.234036
0.233894
0.233751
0.233608
0.233465
0.233322
0.233178
0.233034
0.232889
0.232744
0.232599
0.232454
0.232309
0.232163
0.232017
0.23187
0.231724
0.231577
0.23143
0.231283
0.231135
0.230988
0.23084
0.230692
0.230543
0.230395
0.230246
0.230098
0.229949
0.229799
0.22965
0.2295
0.229351
0.229201
0.229051
0.228901
0.228751
0.2286
0.22845
0.228299
0.228148
0.227997
0.227846
0.227695
0.227544
0.227392
0.227241
0.227089
0.226937
0.226786
0.226634
0.226482
0.22633
0.226177
0.226025
0.225873
0.22572
0.225567
0.225415
0.225262
0.225109
0.224956
0.224803
0.224649
0.224496
0.224343
0.224189
0.224035
0.223881
0.223728
0.223573
0.223419
0.223265
0.22311
0.222956
0.222801
0.222646
0.22249
0.222335
0.22218
0.222024
0.221868
0.221712
0.221555
0.221398
0.221241
0.221084
0.220927
0.220769
0.220611
0.220452
0.220294
0.220135
0.219975
0.219816
0.219656
0.219495
0.219334
0.219173
0.219011
0.218849
0.218687
0.218524
0.21836
0.218196
0.218032
0.217867
0.217701
0.217535
0.217368
0.217201
0.217033
0.216865
0.216696
0.216526
0.216356
0.216185
0.216014
0.215842
0.215669
0.215496
0.215322
0.215147
0.214971
0.214795
0.214618
0.21444
0.214262
0.214083
0.213903
0.213722
0.213541
0.213359
0.213176
0.212992
0.212808
0.212623
0.212437
0.21225
0.212062
0.211874
0.211684
0.211494
0.211304
0.211112
0.21092
0.210726
0.210532
0.210337
0.210142
0.209945
0.209748
0.20955
0.209351
0.209151
0.20895
0.208749
0.208547
0.208343
0.20814
0.207935
0.207729
0.207523
0.207316
0.207108
0.206899
0.206689
0.206479
0.206268
0.206056
0.205843
0.205629
0.205415
0.2052
0.204984
0.204767
0.204549
0.204331
0.204111
0.203891
0.203671
0.203449
0.203227
0.203004
0.20278
0.202556
0.20233
0.202104
0.201878
0.20165
0.201422
0.201193
0.200964
0.200733
0.200502
0.200271
0.200039
0.199806
0.199572
0.199338
0.199103
0.198868
0.198632
0.198395
0.198158
0.197921
0.197683
0.197444
0.197205
0.196966
0.196726
0.196485
0.196244
0.196003
0.195761
0.195519
0.195276
0.195033
0.19479
0.194547
0.194303
0.194059
0.193815
0.19357
0.193325
0.19308
0.192835
0.19259
0.192344
0.192099
0.191853
0.191607
0.191362
0.191116
0.19087
0.190624
0.190378
0.190133
0.189887
0.189641
0.189396
0.18915
0.188905
0.18866
0.188415
0.18817
0.187925
0.187681
0.187437
0.187194
0.18695
0.186707
0.186464
0.186222
0.18598
0.185738
0.185497
0.185256
0.185016
0.184776
0.184537
0.184298
0.184059
0.183822
0.183585
0.183348
0.183112
0.182877
0.182642
0.182408
0.182175
0.181942
0.18171
0.181479
0.181249
0.181019
0.18079
0.180562
0.180335
0.180109
0.179883
0.179659
0.179435
0.179212
0.17899
0.178769
0.17855
0.178331
0.178113
0.177896
0.17768
0.177465
0.177251
0.177038
0.176826
0.176616
0.176406
0.176198
0.175991
0.175785
0.17558
0.175376
0.175174
0.174972
0.174772
0.174574
0.174376
0.17418
0.173985
0.173791
0.173598
0.173407
0.173217
0.173028
0.172841
0.172655
0.17247
0.172287
0.172105
0.171924
0.171745
0.171567
0.17139
0.171215
0.171041
0.170868
0.170697
0.170527
0.170359
0.170192
0.170026
0.169862
0.169699
0.169537
0.169377
0.169218
0.16906
0.168904
0.168749
0.168596
0.168443
0.168293
0.168143
0.167995
0.167848
0.167702
0.167558
0.167415
0.167273
0.167133
0.166994
0.166856
0.166719
0.166584
0.166449
0.166316
0.166185
0.166054
0.165925
0.165796
0.165669
0.165543
0.165418
0.165295
0.165172
0.16505
0.16493
0.164811
0.164692
0.164575
0.164459
0.164343
0.164229
0.164116
0.164003
0.163892
0.163782
0.163672
0.163564
0.163456
0.16335
0.163244
0.163139
0.163035
0.162931
0.162829
0.162728
0.162627
0.162527
0.162428
0.16233
0.162232
0.162136
0.16204
0.161945
0.161851
0.161757
0.161665
0.161573
0.161482
0.161391
0.161302
0.161213
0.161124
0.161037
0.16095
0.160864
0.160779
0.160694
0.16061
0.160527
0.160445
0.160363
0.160282
0.160201
0.160121
0.160042
0.159964
0.159886
0.159809
0.159732
0.159656
0.159581
0.159506
0.159432
0.159358
0.159285
0.159212
0.15914
0.159069
0.158998
0.158928
0.158858
0.158788
0.158719
0.15865
0.158582
0.158515
0.158447
0.15838
0.158314
0.158247
0.158182
0.158116
0.158051
0.157986
0.157922
0.157857
0.157793
0.15773
0.157666
0.157603
0.15754
0.157477
0.157415
0.157352
0.15729
0.157228
0.157167
0.157105
0.157044
0.156983
0.156922
0.156861
0.156801
0.15674
0.15668
0.15662
0.15656
0.1565
0.156441
0.156382
0.156323
0.156264
0.156205
0.156147
0.156088
0.15603
0.155973
0.155915
0.155858
0.155801
0.155744
0.155687
0.155631
0.155575
0.155519
0.155464
0.155409
0.155354
0.1553
0.155245
0.155192
0.155138
0.155085
0.155032
0.15498
0.154928
0.154876
0.154824
0.154773
0.154723
0.154672
0.154623
0.154573
0.154524
0.154475
0.154427
0.154379
0.154331
0.154284
0.154238
0.154191
0.154145
0.1541
0.154055
0.15401
0.153966
0.153922
0.153879
0.153836
0.153793
0.153751
0.153709
0.153668
0.153626
0.153586
0.153545
0.153505
0.153466
0.153427
0.153388
0.153349
0.153311
0.153273
0.153236
0.153199
0.153162
0.153126
0.15309
0.153054
0.153018
0.152983
0.152948
0.152914
0.152879
0.152845
0.152812
0.152778
0.152745
0.152712
0.152679
0.152647
0.152615
0.152583
0.152551
0.15252
0.152489
0.152458
0.152427
0.152396
0.152366
0.152336
0.152306
0.152277
0.152247
0.152218
0.152189
0.15216
0.152132
0.152104
0.152076
0.152048
0.15202
0.151993
0.151966
0.151939
0.151912
0.151885
0.151859
0.151833
0.151807
0.151782
0.151757
0.151732
0.151707
0.151682
0.151658
0.151634
0.15161
0.151586
0.151563
0.15154
0.151517
0.151494
0.151472
0.15145
0.151428
0.151406
0.151385
0.151364
0.151343
0.151322
0.151302
0.151281
0.151261
0.151241
0.151222
0.151203
0.151183
0.151164
0.151145
0.151127
0.151108
0.15109
0.151072
0.151054
0.151036
0.151018
0.151
0.150983
0.150965
0.150948
0.15093
0.150913
0.150896
0.150879
0.150862
0.150845
0.150828
0.150811
0.150794
0.150777
0.15076
0.150743
0.150726
0.150709
0.150691
0.150674
0.150657
0.15064
0.150622
0.150605
0.150587
0.15057
0.150552
0.150534
0.150516
0.150498
0.15048
0.150462
0.150443
0.150425
0.150406
0.150387
0.150368
0.150349
0.15033
0.150311
0.150292
0.150272
0.150253
0.150233
0.150214
0.150194
0.150174
0.150154
0.150134
0.150114
0.150094
0.150074
0.150053
0.150033
0.150013
0.149993
0.149972
0.149952
0.149932
0.149912
0.149892
0.149872
0.149852
0.149832
0.149812
0.149792
0.149773
0.149753
0.149734
0.149715
0.149696
0.149677
0.149659
0.149641
0.149622
0.149605
0.149587
0.14957
0.149553
0.149536
0.149519
0.149503
0.149487
0.149472
0.149456
0.149441
0.149427
0.149413
0.149399
0.149385
0.149372
0.149359
0.149347
0.149335
0.149323
0.149311
0.149301
0.14929
0.14928
0.14927
0.14926
0.149251
0.149242
0.149234
0.149226
0.149218
0.14921
0.149203
0.149196
0.14919
0.149184
0.149178
0.149172
0.149167
0.149162
0.149158
0.149153
0.149149
0.149145
0.149141
0.149138
0.149135
0.149132
0.149129
0.149126
0.149124
0.149121
0.149119
0.149117
0.149116
0.149114
0.149112
0.149111
0.14911
0.149109
0.149108
0.149107
0.149106
0.149105
0.149104
0.149104
0.149103
0.149103
0.149102
0.149102
0.149102
0.149101
0.149101
0.149101
0.149101
0.149101
0.1491
0.1491
0.1491
0.1491
0.1491
0.1491
0.1491
0.1491
0.1491
0.1491
0.1491
0.1491
0.1491
0.1491
0.1491
0.1491
0.1491
0.1491
0.1491
0.1491
0.1491
0.1491
0.1491
0.1491
0.1491
0.1491
0.1491
0.1491
0.1491
0.1491
0.1491
0.1491
0.1491
0.1491
0.1491
0.1491
0.1491
0.1491
0.1491
0.1491
0.1491
0.1491
0.1491
0.1491
0.1491
0.1491
0.1491
0.1491
0.1491
0.1491
0.1491
0.1491
0.1491
0.1491
0.1491
0.1491
0.1491
0.1491
0.1491
0.1491
0.1491
0.1491
0.1491
0.1491
0.1491
0.1491
0.1491
0.1491
0.1491
0.1491
0.1491
0.1491
0.1491
0.1491
0.1491
0.1491
0.1491
0.1491
0.1491
0.1491
0.1491
0.149099
0.149099
0.149099
0.149099
0.149099
0.149098
0.149098
0.149098
0.149097
0.149097
0.149097
0.149096
0.149096
0.149095
0.149095
0.149094
0.149093
0.149092
0.149091
0.14909
0.149089
0.149088
0.149087
0.149085
0.149084
0.149083
0.149081
0.149079
0.149077
0.149075
0.149073
0.149071
0.149069
0.149066
0.149064
0.149061
0.149058
0.149055
0.149052
0.149049
0.149045
0.149042
0.149038
0.149034
0.14903
0.149026
0.149021
0.149017
0.149012
0.149007
0.149002
0.148997
0.148992
0.148986
0.148981
0.148975
0.148969
0.148962
0.148956
0.14895
0.148943
0.148936
0.148929
0.148922
0.148915
0.148908
0.1489
0.148893
0.148885
0.148877
0.148869
0.148861
0.148853
0.148845
0.148837
0.148828
0.14882
0.148812
0.148803
0.148794
0.148786
0.148777
0.148769
0.14876
0.148751
0.148743
0.148734
0.148725
0.148717
0.148708
0.1487
0.148691
0.148682
0.148674
0.148665
0.148657
0.148648
0.14864
0.148632
0.148624
0.148616
0.148608
0.1486
0.148592
0.148584
0.148576
0.148569
0.148561
0.148553
0.148546
0.148538
0.148531
0.148524
0.148516
0.148509
0.148502
0.148495
0.148488
0.148481
0.148474
0.148467
0.14846
0.148453
0.148446
0.148439
0.148432
0.148425
0.148418
0.14841
0.148403
0.148396
0.148389
0.148381
0.148374
0.148366
0.148358
0.148351
0.148343
0.148335
0.148327
0.148318
0.14831
0.148301
0.148292
0.148283
0.148274
0.148264
0.148255
0.148245
0.148235
0.148225
0.148214
0.148203
0.148192
0.148181
0.148169
0.148158
0.148146
0.148133
0.148121
0.148108
0.148095
0.148082
0.148068
0.148054
0.14804
0.148026
0.148011
0.147996
0.147981
0.147966
0.14795
0.147934
0.147917
0.147901
0.147884
0.147867
0.14785
0.147833
0.147815
0.147797
0.147779
0.14776
0.147742
0.147723
0.147704
0.147685
0.147666
0.147646
0.147626
0.147606
0.147586
0.147566
0.147546
0.147525
0.147505
0.147484
0.147463
0.147442
0.147421
0.1474
0.147378
0.147357
0.147335
0.147314
0.147292
0.147271
0.147249
0.147227
0.147205
0.147183
0.147161
0.147138
0.147116
0.147094
0.147071
0.147049
0.147026
0.147004
0.146981
0.146958
0.146936
0.146913
0.14689
0.146867
0.146844
0.146821
0.146798
0.146774
0.146751
0.146728
0.146704
0.146681
0.146657
0.146634
0.14661
0.146586
0.146563
0.146539
0.146515
0.146491
0.146467
0.146443
0.146419
0.146394
0.14637
0.146346
0.146322
0.146298
0.146273
0.146249
0.146225
0.1462
0.146176
0.146152
0.146128
0.146103
0.146079
0.146055
0.146031
0.146007
0.145983
0.14596
0.145936
0.145912
0.145889
0.145866
0.145842
0.145819
0.145797
0.145774
0.145752
0.145729
0.145708
0.145686
0.145664
0.145643
0.145622
0.145601
0.145581
0.145561
0.145541
0.145522
0.145502
0.145484
0.145465
0.145447
0.145429
0.145412
0.145395
0.145378
0.145362
0.145346
0.145331
0.145316
0.145301
0.145287
0.145273
0.14526
0.145247
0.145234
0.145222
0.14521
0.145199
0.145188
0.145177
0.145167
0.145157
0.145148
0.145139
0.14513
0.145122
0.145114
0.145107
0.1451
0.145093
0.145086
0.14508
0.145075
0.145069
0.145064
0.145059
0.145054
0.14505
0.145046
0.145042
0.145039
0.145035
0.145032
0.145029
0.145026
0.145024
0.145022
0.145019
0.145017
0.145016
0.145014
0.145012
0.145011
0.14501
0.145009
0.145008
0.145007
0.145006
0.145005
0.145004
0.145004
0.145003
0.145003
0.145002
0.145002
0.145002
0.145001
0.145001
0.145001
0.145001
0.145001
0.145
0.145
0.145
0.145
0.145
0.145
0.145
0.145
0.145
0.145
0.145
0.145
0.145
0.145
0.145
0.145
0.145
0.145
0.145
0.145
0.145
0.145
0.145
0.145
0.145
0.145
0.145
0.145
0.145
0.145
0.145
0.145
0.145
0.145
0.145
0.145
0.145
0.145
0.145
0.145
0.145
0.145
0.145
0.145
0.145
0.145
0.145
0.145
0.145
0.145
0.145
0.145
0.145
0.145
0.145
0.145
0.145
0.145
0.145
0.145
0.145
0.145
0.145
0.145
0.145
0.145
0.145
0.145
0.145
0.145
0.145
0.145
0.145
0.145
0.145
0.145
0.145
0.145
0.145
0.145
0.145
0.145
0.145
0.145
0.145
0.145
0.145
0.145
0.145
0.145
0.145
0.145
0.145
0.145
0.145
0.145
0.145
0.145
0.145
0.145
0.145
0.145
0.145
0.145
0.145
0.145
0.145
0.145
0.145
0.145
0.145
0.145
0.145
0.145
0.145
0.145
0.145
0.145
0.145
0.145
0.145
0.145
0.145
0.145
0.145
0.145
0.145
0.145
0.145
0.145
0.145
0.145
0.145
0.145
0.145
0.145
0.145
0.145
0.145
0.145
0.145
0.145
0.145
0.145
0.145
0.145
0.145
0.145
0.145
0.145
0.145
0.145
0.145
0.145
0.145
0.145
0.145
0.145
0.145
0.145
0.145
0.145
0.145
0.145
0.145
0.145
0.145
0.145
0.145
0.145
0.145
0.145
0.145
0.145
0.145
0.145
0.145
0.145
0.145
0.145
0.145
0.145
0.145
0.145
0.145
0.145
0.145
0.145
0.145
0.145
0.145
0.145
0.145
0.145
0.145
0.145
0.145
0.145
0.145
0.145
0.145
0.145
0.145
0.145
0.145
0.145
0.145
0.145
0.145
0.145
0.145
0.145
0.145
0.145
0.145
0.145
0.145
0.145
0.145
0.145
0.145
0.145
0.145
0.145
0.145
0.145
0.145
0.145
0.145
0.145
0.145
0.145
0.145
0.145
0.145
0.145
0.145
0.145
0.145
0.145
0.145
0.145
0.145
0.145
0.145
0.145
0.145
0.145
0.145
0.145
0.145
0.145
0.145
0.145
0.145
0.145
0.145
0.145
0.145
0.145
0.145
0.145
0.145
0.145
0.145
0.145
0.145
0.145
0.145
0.145
0.145
0.145
0.145
0.145
0.145
0.145
0.145
0.145
0.145
0.145
0.145
0.145
0.145
0.145
0.145
0.145
0.145
0.145
0.145
0.145
0.145
0.145
0.145
0.145
0.145
0.145
0.145
0.145
0.145
0.145
0.145
0.145
0.145
0.145
0.145
0.145
0.145
0.145
0.145
0.145
0.145
0.145
0.145
0.145
0.145
0.145
0.145
0.145
0.145
0.145
0.145
0.145
0.145
0.145
0.145
0.145
0.145
0.145
0.145
0.145
0.145
0.145
0.145
0.145
0.145
0.145
0.145
0.145
0.145
0.145
0.145
0.145
0.145
0.145
0.145
0.145
0.145
0.145
0.145
0.145
0.145
0.145
0.145
0.145
0.145
0.145
0.145
0.145
0.145
0.145
0.145
0.145
0.145
0.145
0.145
0.145
0.145
0.145
0.145
0.145
0.145
0.145
0.145
0.145
0.145
0.145
0.145
0.145
0.145
0.145
0.145
0.145
0.145
0.145
0.145
0.145
0.145
0.145
0.145
0.145
0.145
0.145
0.145
0.145
0.145
0.145
0.145
0.145
0.145
0.145
0.145
0.145
0.145
0.145
0.145
0.145
0.145
0.145
0.145
0.145
0.145
0.145
0.145
0.145
0.145
0.145
0.145
0.145
0.145
0.145
0.145
0.145
0.145
0.145
0.145
0.145
0.145
0.145
0.145
0.145
0.145
0.145
0.145
0.145
0.145
0.145
0.145
0.145
0.145
0.145
0.145
0.145
0.145
0.145
0.145
0.145
0.145
0.145
0.145
0.145
0.145
0.145
0.145
0.145
0.145
0.145
0.145
0.145
0.145
0.145
0.145
0.145
0.145
0.145
0.145
0.145
0.145
0.145
0.145
0.145
0.145
0.145
0.145
0.145
0.145
0.145
0.145
0.145
0.145
0.145
0.145
0.145
0.145
0.145
0.145
0.145
0.145
0.145
0.145
0.145
0.145
0.145
0.145
0.145
0.145
0.145
0.145
0.145
0.145
0.145
0.145
0.145
0.145
0.145
0.145
0.145
0.145
0.145
0.145
0.145
0.145
0.145
0.145
0.145
0.145
0.145
0.145
0.145
0.145
0.145
0.145
0.145
0.145
0.145
0.145
0.145
0.145
0.145
0.145
0.145
0.145
0.145
0.145
0.145
0.145
0.145
0.145
0.145
0.145
0.145
0.145
0.145
0.145
0.145
0.145
0.145
0.145
0.145
0.145
0.145
0.145
0.145
0.145
0.145
0.145
0.145
0.145
0.145
0.145
0.145
0.145
0.145
0.145
0.145
0.145
0.145
0.145
0.145
0.145
0.145
0.145
0.145
0.145
0.145
0.145
0.145
0.145
0.145
0.145
0.145
0.145
0.145
0.145
0.145
0.145
0.145
0.145
0.145
0.145
0.145
0.145
0.145
0.145
0.145
0.145
0.145
0.145
0.145
0.145
0.145
0.145
0.145
0.145
0.145
0.145
0.145
0.145
0.145
0.145
0.145
0.145
0.145
0.145
0.145
0.145
0.145
0.145
0.145
0.145
0.145
0.145
0.145
0.145
0.145
0.145
0.145
0.145
0.145
0.145
0.145
0.145
0.145
0.145
0.145
0.145
0.145
0.145
0.145
0.145
0.145
0.145
0.145
0.145
0.145
0.145
0.145
0.145
0.145
0.145
0.145
0.145
0.145
0.145
0.145
0.145
0.145
0.145
0.145
0.145
0.145
0.145
0.145
0.145
0.145
0.145
0.145
0.145
0.145
0.145
0.145
0.145
0.145
0.145
0.145
0.145
0.145
0.145
0.145
0.145
0.145
0.145
0.145
0.145
0.145
0.145
0.145
0.145
0.145
0.145
0.145
0.145
0.145
0.145
0.145
0.145
0.145
0.145
0.145
0.145
0.145
0.145
0.145
0.145
0.145
0.145
0.145
0.145
0.145
0.145
0.145
0.145
0.145
0.145
0.145
0.145
0.145
0.145
0.145
0.145
0.145
0.145
0.145
0.145
0.145
0.145
0.145
0.145
0.145
0.145
0.145
0.145
0.145
0.145
0.145
0.145
0.145
0.145
0.145
0.145
0.145
0.145
0.145
0.145
0.145
0.145
0.145
0.145
0.145
0.145
0.145
0.145
0.145
0.145
0.145
0.145
0.145
0.145
0.145
0.145
0.145
0.145
0.145
0.145
0.145
0.145
0.145
0.145
0.145
0.145
0.145
0.145
0.145
0.145
0.145
0.145
0.145
0.145
0.145
0.145
0.145
0.145
0.145
0.145
0.145
0.145
0.145
0.145
0.145
0.145
0.145
0.145
0.145
0.145
0.145
0.145
0.145
0.145
0.145
0.145
0.145
0.145
0.145
0.145
0.145
0.145
0.145
0.145
0.145
0.145
0.145
0.145
0.145
0.145
0.145
0.145
0.145
0.145
0.145
0.145
0.145
0.145
0.145
0.145
0.145
0.145
0.145
0.145
0.145
0.145
0.145
0.145
0.145
0.145
0.145
0.145
0.145
0.145
0.145
0.145
0.145
0.145
0.145
0.145
0.145
0.145
0.145
0.145
0.145
0.145
0.145
0.145
0.145
0.145
0.145
0.145
0.145
0.145
0.145
0.145
0.145
0.145
0.145
0.145
0.145
0.145
0.145
0.145
0.145
0.145
0.145
0.145
0.145
0.145
0.145
0.145
0.145
0.145
0.145
0.145
0.145
0.145
0.145
0.145
0.145
0.145
0.145
0.145
0.145
0.145
0.145
0.145
0.145
0.145
0.145
0.145
0.145
0.145
0.145
0.145
0.145
0.145
0.145
0.145
0.145
0.145
0.145
0.145
0.145
0.145
0.145
0.145
0.145
0.145
0.145
0.145
0.145
0.145
0.145
0.145
0.145
0.145
0.145
0.145
0.145
0.145
0.145
0.145
0.145
0.145
0.145
0.145
0.145
0.145
0.145
0.145
0.145
0.145
0.145
0.145
0.145
0.145
0.145
0.145
0.145
0.145
0.145
0.145
0.145
0.145
0.145
0.145
0.145
0.145
0.145
0.145
0.145
0.145
0.145
0.145
0.145
0.145
0.145
0.145
0.145
0.145
0.145
0.145
0.145
0.145
0.145
0.145
0.145
0.145
0.145
0.145
0.145
0.145
0.145
0.145
0.145
0.145
0.145
0.145
0.145
0.145
0.145
0.145
0.145
0.145
0.145
0.145
0.145
0.145
0.145
0.145
0.145
0.145
0.145
0.145
0.145
0.145
0.145
0.145
0.145
0.145
0.145
0.145
0.145
0.145
0.145
0.145
0.145
0.145
0.145
0.145
0.145
0.145
0.145
0.145
0.145
0.145
0.145
0.145
0.145
0.145
0.145
0.145
0.145
0.145
0.145
0.145
0.145
0.145
0.145
0.145
0.145
0.145
0.145
0.145
0.145
0.145
0.145
0.145
0.145
0.145
0.145
0.145
0.145
0.145
0.145
0.145
0.145
0.145
0.145
0.145
0.145
0.145
0.145
0.145
0.145
0.145
0.145
0.145
0.145
0.145
0.145
0.145
0.145
0.145
0.145
0.145
0.145
0.145
0.145
0.145
0.145
0.145
0.145
0.145
0.145
0.145
0.145
0.145
0.145
0.145
0.145
0.144999
0.144999
0.144999
0.144999
0.144999
0.144999
0.144999
0.144999
0.144999
0.144999
0.144999
0.144998
0.144998
0.144998
0.144998
0.144997
0.144997
0.144997
0.144997
0.144996
0.144996
0.144995
0.144995
0.144994
0.144993
0.144993
0.144992
0.144991
0.14499
0.144989
0.144988
0.144986
0.144985
0.144983
0.144981
0.144979
0.144976
0.144974
0.144971
0.144968
0.144964
0.14496
0.144955
0.14495
0.144945
0.144939
0.144932
0.144924
0.144916
0.144906
0.144895
0.144884
0.144871
0.144856
0.14484
0.144822
0.144802
0.14478
0.144755
0.144728
0.144697
0.144664
0.144626
0.144584
0.144538
0.144486
0.144429
0.144365
0.144295
0.144217
0.14413
0.144034
0.143927
0.143809
0.143678
0.143533
0.143373
0.143195
0.142999
0.142783
0.142544
0.142281
0.14199
0.141671
0.141319
0.140933
0.140509
0.140044
0.139535
0.138978
0.13837
0.137706
0.136983
0.136198
0.135344
0.134419
0.133417
0.132334
0.131166
0.129908
0.128554
0.127101
0.125544
0.123878
0.122098
0.120199
0.118178
0.116029
0.113749
0.111333
0.108777
0.106078
0.103232
0.100236
0.0970871
0.0937823
0.0903194
0.0866965
0.0829122
0.0789653
0.0748551
0.0705814
0.0661443
0.0615446
0.0567835
0.0518627
0.0467843
0.0415511
0.0361662
0.0306334
0.0249569
0.0191414
0.013192
0.00711434
0.000914586
-0.00540077
-0.0118248
-0.0183501
-0.0249691
-0.0316738
-0.0384556
-0.0453061
-0.0522164
-0.0591773
-0.0661796
-0.0732139
-0.0802704
-0.0873397
-0.0944121
-0.101478
-0.108527
-0.11555
-0.122538
-0.129481
-0.13637
-0.143196
-0.14995
-0.156623
-0.163208
-0.169696
-0.176081
-0.182353
-0.188508
-0.194538
-0.200438
-0.206202
-0.211825
-0.217303
-0.222631
-0.227807
-0.232827
-0.237688
-0.242388
-0.246927
-0.251303
-0.255516
-0.259564
-0.26345
-0.267174
-0.270737
-0.27414
-0.277386
-0.280478
-0.283417
-0.286207
-0.288852
-0.291355
-0.29372
-0.29595
-0.29805
-0.300025
-0.301879
-0.303616
-0.305241
-0.306758
-0.308173
-0.30949
-0.310714
-0.31185
-0.312902
-0.313874
-0.314772
-0.3156
-0.316362
-0.317062
-0.317704
-0.318292
-0.318831
-0.319323
-0.319772
-0.320182
-0.320555
-0.320894
-0.321202
-0.321482
-0.321736
-0.321967
-0.322175
-0.322364
-0.322535
-0.322689
-0.322829
-0.322955
-0.323068
-0.323171
-0.323263
-0.323347
-0.323422
-0.32349
-0.323551
-0.323606
-0.323656
-0.3237
-0.32374
-0.323777
-0.323809
-0.323838
-0.323865
-0.323888
-0.32391
-0.323929
-0.323946
-0.323962
-0.323976
-0.323988
-0.324
-0.32401
-0.324019
-0.324027
-0.324034
-0.324041
-0.324047
-0.324052
-0.324057
-0.324061
-0.324065
-0.324069
-0.324072
-0.324075
-0.324077
-0.32408
-0.324082
-0.324084
-0.324085
-0.324087
-0.324088
-0.324089
-0.32409
-0.324091
-0.324092
-0.324093
-0.324094
-0.324094
-0.324095
-0.324095
-0.324096
-0.324096
-0.324097
-0.324097
-0.324097
-0.324098
-0.324098
-0.324098
-0.324098
-0.324098
-0.324099
-0.324099
-0.324099
-0.324099
-0.324099
-0.324099
-0.324099
-0.324099
-0.324099
-0.324099
-0.3241
-0.3241
-0.3241
-0.3241
-0.3241
-0.3241
-0.3241
-0.3241
-0.3241
-0.3241
-0.3241
-0.3241
-0.3241
-0.3241
-0.3241
-0.3241
-0.3241
-0.3241
-0.3241
-0.3241
-0.3241
-0.3241
-0.3241
-0.3241
-0.3241
-0.3241
-0.3241
-0.3241
-0.3241
-0.3241
-0.3241
-0.3241
-0.3241
-0.3241
-0.3241
-0.3241
-0.3241
-0.3241
-0.3241
-0.3241
-0.3241
-0.3241
-0.3241
-0.3241
-0.3241
-0.3241
-0.3241
-0.3241
-0.3241
-0.3241
-0.3241
-0.3241
-0.3241
-0.3241
-0.3241
-0.3241
-0.3241
-0.3241
-0.3241
-0.3241
-0.3241
-0.3241
-0.3241
-0.3241
-0.3241
-0.3241
-0.3241
-0.3241
-0.3241
-0.3241
-0.3241
-0.3241
-0.3241
-0.3241
-0.3241
-0.3241
-0.3241
-0.3241
-0.3241
-0.3241
-0.3241
-0.3241
-0.3241
-0.3241
-0.3241
-0.3241
-0.3241
-0.3241
-0.3241
-0.3241
-0.3241
-0.3241
-0.3241
-0.3241
-0.3241
-0.3241
-0.3241
-0.3241
-0.3241
-0.3241
-0.3241
-0.3241
-0.3241
-0.3241
-0.3241
-0.3241
-0.3241
-0.3241
-0.3241
-0.3241
-0.3241
-0.3241
-0.3241
-0.3241
-0.3241
-0.3241
-0.3241
-0.3241
-0.3241
-0.3241
-0.3241
-0.3241
-0.3241
-0.3241
-0.3241
-0.3241
-0.3241
-0.3241
-0.3241
-0.3241
-0.3241
-0.3241
-0.3241
-0.3241
-0.3241
-0.3241
-0.3241
-0.3241
-0.3241
-0.3241
-0.3241
-0.3241
-0.3241
-0.3241
-0.3241
-0.3241
-0.3241
-0.3241
-0.3241
-0.3241
-0.3241
-0.3241
-0.3241
-0.3241
-0.3241
-0.3241
-0.3241
-0.3241
-0.3241
-0.3241
-0.3241
-0.3241
-0.3241
-0.3241
-0.3241
-0.3241
-0.3241
-0.3241
-0.3241
-0.3241
-0.3241
-0.3241
-0.3241
-0.3241
-0.3241
-0.3241
-0.3241
-0.3241
-0.3241
-0.3241
-0.3241
-0.3241
-0.3241
-0.3241
-0.3241
-0.3241
-0.3241
-0.3241
-0.3241
-0.3241
-0.3241
-0.3241
-0.3241
-0.3241
-0.3241
-0.3241
-0.3241
-0.3241
-0.3241
-0.3241
-0.3241
-0.3241
-0.3241
-0.3241
-0.3241
-0.3241
-0.3241
-0.3241
-0.3241
-0.3241
-0.3241
-0.3241
-0.3241
-0.3241
-0.3241
-0.3241
-0.3241
-0.3241
-0.3241
-0.3241
-0.3241
-0.3241
-0.3241
-0.3241
-0.3241
-0.3241
-0.3241
-0.3241
-0.3241
-0.3241
-0.3241
-0.3241
-0.3241
-0.3241
-0.3241
-0.3241
-0.3241
-0.3241
-0.3241
-0.3241
-0.3241
-0.3241
-0.3241
-0.3241
-0.3241
-0.3241
-0.3241
-0.3241
-0.3241
-0.3241
-0.3241
-0.3241
-0.3241
-0.3241
-0.3241
-0.3241
-0.3241
-0.3241
-0.3241
-0.3241
-0.3241
-0.3241
-0.3241
-0.3241
-0.3241
-0.3241
-0.3241
-0.3241
-0.3241
-0.3241
-0.3241
-0.3241
-0.3241
-0.3241
-0.3241
-0.3241
-0.3241
-0.3241
-0.3241
-0.3241
-0.3241
-0.3241
-0.3241
-0.3241
-0.3241
-0.3241
-0.3241
-0.3241
-0.3241
-0.3241
-0.3241
-0.3241
-0.3241
-0.3241
-0.3241
-0.3241
-0.3241
-0.3241
-0.3241
-0.3241
-0.3241
-0.3241
-0.3241
-0.3241
-0.3241
-0.3241
-0.3241
-0.3241
-0.3241
-0.3241
-0.3241
-0.3241
-0.3241
-0.3241
-0.3241
-0.3241
-0.3241
-0.3241
-0.3241
-0.3241
-0.3241
-0.3241
-0.3241
-0.3241
-0.3241
-0.3241
-0.3241
-0.3241
-0.3241
-0.3241
-0.3241
-0.3241
-0.3241
-0.3241
-0.3241
-0.3241
-0.3241
-0.3241
-0.3241
-0.3241
-0.3241
-0.3241
-0.3241
-0.3241
-0.3241
-0.3241
-0.3241
-0.3241
-0.3241
-0.3241
-0.3241
-0.3241
-0.3241
-0.3241
-0.3241
-0.3241
-0.3241
-0.3241
-0.3241
-0.3241
-0.3241
-0.3241
-0.3241
-0.3241
-0.3241
-0.3241
-0.3241
-0.3241
-0.3241
-0.3241
-0.3241
-0.3241
-0.3241
-0.3241
-0.3241
-0.3241
-0.3241
-0.3241
-0.3241
-0.3241
-0.3241
-0.3241
-0.3241
-0.3241
-0.3241
-0.3241
-0.3241
-0.3241
-0.3241
-0.3241
-0.3241
-0.3241
-0.3241
-0.3241
-0.3241
-0.3241
-0.3241
-0.3241
-0.3241
-0.3241
-0.3241
-0.3241
-0.3241
-0.3241
-0.3241
-0.3241
-0.3241
-0.3241
-0.3241
-0.3241
-0.3241
-0.3241
-0.3241
-0.3241
-0.3241
-0.3241
-0.3241
-0.3241
-0.3241
-0.3241
-0.3241
-0.3241
-0.3241
-0.3241
-0.3241
-0.3241
-0.3241
-0.3241
-0.3241
-0.3241
-0.3241
-0.3241
-0.3241
-0.3241
-0.3241
-0.3241
-0.3241
-0.3241
-0.3241
-0.3241
-0.3241
-0.3241
-0.3241
-0.3241
-0.3241
-0.3241
-0.3241
-0.3241
-0.3241
-0.3241
-0.3241
-0.3241
-0.3241
-0.3241
-0.3241
-0.3241
-0.3241
-0.3241
-0.3241
-0.3241
-0.3241
-0.3241
-0.3241
-0.3241
-0.3241
-0.3241
-0.3241
-0.3241
-0.3241
-0.3241
-0.3241
-0.3241
-0.3241
-0.3241
-0.3241
-0.3241
-0.3241
-0.3241
-0.3241
-0.3241
-0.3241
-0.3241
-0.3241
-0.3241
-0.3241
-0.3241
-0.3241
-0.3241
-0.3241
-0.3241
-0.3241
-0.3241
-0.3241
-0.3241
-0.3241
-0.3241
-0.3241
-0.3241
-0.3241
-0.3241
-0.3241
-0.3241
-0.3241
-0.3241
-0.3241
-0.3241
-0.3241
-0.3241
-0.3241
-0.3241
-0.3241
-0.3241
-0.3241
-0.3241
-0.3241
-0.3241
-0.3241
-0.3241
-0.3241
-0.3241
-0.3241
-0.3241
-0.3241
-0.3241
-0.3241
-0.3241
-0.3241
-0.3241
-0.3241
-0.3241
-0.3241
-0.3241
-0.3241
-0.3241
-0.3241
-0.3241
-0.3241
-0.3241
-0.3241
-0.3241
-0.3241
-0.3241
-0.3241
-0.3241
-0.3241
-0.3241
-0.3241
-0.3241
-0.3241
-0.3241
-0.3241
-0.3241
-0.3241
-0.3241
-0.3241
-0.3241
-0.3241
-0.3241
-0.3241
-0.3241
-0.3241
-0.3241
-0.3241
-0.3241
-0.3241
-0.3241
-0.3241
-0.3241
-0.3241
-0.3241
-0.3241
-0.3241
-0.3241
-0.3241
-0.3241
-0.3241
-0.3241
-0.3241
-0.3241
-0.3241
-0.3241
-0.3241
-0.3241
-0.3241
-0.3241
-0.3241
-0.3241
-0.3241
-0.3241
-0.3241
-0.3241
-0.3241
-0.3241
-0.3241
-0.3241
-0.3241
-0.3241
-0.3241
-0.3241
-0.3241
-0.3241
-0.3241
-0.3241
-0.3241
-0.3241
-0.3241
-0.3241
-0.3241
-0.3241
-0.3241
-0.3241
-0.3241
-0.3241
-0.3241
-0.3241
-0.3241
-0.3241
-0.3241
-0.3241
-0.3241
-0.3241
-0.3241
-0.3241
-0.3241
-0.3241
-0.3241
-0.3241
-0.3241
-0.3241
-0.3241
-0.3241
-0.3241
-0.3241
-0.3241
-0.3241
-0.3241
-0.3241
-0.3241
-0.3241
-0.3241
-0.3241
-0.3241
-0.3241
-0.3241
-0.3241
-0.3241
-0.3241
-0.3241
-0.3241
-0.3241
-0.3241
-0.3241
-0.3241
-0.3241
-0.3241
-0.3241
-0.3241
-0.3241
-0.3241
-0.3241
-0.3241
-0.3241
-0.3241
-0.3241
-0.3241
-0.3241
-0.3241
-0.3241
-0.3241
-0.3241
-0.3241
-0.3241
-0.3241
-0.3241
-0.3241
-0.3241
-0.3241
-0.3241
-0.3241
-0.3241
-0.3241
-0.3241
-0.3241
-0.3241
-0.3241
-0.3241
-0.3241
-0.3241
-0.3241
-0.3241
-0.3241
-0.3241
-0.3241
-0.3241
-0.3241
-0.3241
-0.3241
-0.3241
-0.3241
-0.3241
-0.3241
-0.3241
-0.3241
-0.3241
-0.3241
-0.3241
-0.3241
-0.3241
-0.3241
-0.3241
-0.3241
-0.3241
-0.3241
-0.3241
-0.3241
-0.3241
-0.3241
-0.3241
-0.3241
-0.3241
-0.3241
-0.3241
-0.3241
-0.3241
-0.3241
-0.3241
-0.3241
-0.3241
-0.3241
-0.3241
-0.3241
-0.3241
-0.3241
-0.3241
-0.3241
-0.3241
-0.3241
-0.3241
-0.3241
-0.3241
-0.3241
-0.3241
-0.3241
-0.3241
-0.3241
-0.3241
-0.3241
-0.3241
-0.3241
-0.3241
-0.3241
-0.3241
-0.3241
-0.3241
-0.3241
-0.3241
-0.3241
-0.3241
-0.3241
-0.3241
-0.3241
-0.3241
-0.3241
-0.3241
-0.3241
-0.3241
-0.3241
-0.3241
-0.3241
-0.3241
-0.3241
-0.3241
-0.3241
-0.3241
-0.3241
-0.3241
-0.3241
-0.3241
-0.3241
-0.3241
-0.3241
-0.3241
-0.3241
-0.3241
-0.3241
-0.3241
-0.3241
-0.3241
-0.3241
-0.3241
-0.3241
-0.3241
-0.3241
-0.3241
-0.3241
-0.3241
-0.3241
-0.3241
-0.3241
-0.3241
-0.3241
-0.3241
-0.3241
-0.3241
-0.3241
-0.3241
-0.3241
-0.3241
-0.3241
-0.3241
-0.3241
-0.3241
-0.3241
-0.3241
-0.3241
-0.3241
-0.3241
-0.3241
-0.3241
-0.3241
-0.3241
-0.3241
-0.3241
-0.3241
-0.3241
-0.3241
-0.3241
-0.3241
-0.3241
-0.3241
-0.3241
-0.3241
-0.3241
-0.3241
-0.3241
-0.3241
-0.3241
-0.3241
-0.3241
-0.3241
-0.3241
-0.3241
-0.3241
-0.3241
-0.3241
-0.3241
-0.3241
-0.3241
-0.3241
-0.3241
-0.3241
-0.3241
-0.3241
-0.3241
-0.3241
-0.3241
-0.3241
-0.3241
-0.3241
-0.3241
-0.3241
-0.3241
-0.3241
-0.3241
-0.3241
-0.3241
-0.3241
-0.3241
-0.3241
-0.3241
-0.3241
-0.3241
-0.3241
-0.3241
-0.3241
-0.3241
-0.3241
-0.3241
-0.3241
-0.3241
-0.3241
-0.3241
-0.3241
-0.3241
-0.3241
-0.3241
-0.3241
-0.3241
-0.3241
-0.3241
-0.3241
-0.3241
-0.3241
-0.3241
-0.3241
-0.3241
-0.3241
-0.3241
-0.3241
-0.3241
-0.3241
-0.3241
-0.3241
-0.3241
-0.3241
-0.3241
-0.3241
-0.3241
-0.3241
-0.3241
-0.3241
-0.3241
-0.3241
-0.3241
-0.3241
-0.3241
-0.3241
-0.3241
-0.3241
-0.3241
-0.3241
-0.3241
-0.3241
-0.3241
-0.3241
-0.3241
-0.3241
-0.3241
-0.3241
-0.3241
-0.3241
-0.3241
-0.3241
-0.3241
-0.3241
-0.3241
-0.3241
-0.3241
-0.3241
-0.3241
-0.3241
-0.3241
-0.3241
-0.3241
-0.3241
-0.3241
-0.3241
-0.3241
-0.3241
-0.3241
-0.3241
-0.3241
-0.3241
-0.3241
-0.3241
-0.3241
-0.3241
-0.3241
-0.3241
-0.3241
-0.3241
-0.3241
-0.3241
-0.3241
-0.3241
-0.3241
-0.3241
-0.3241
-0.3241
-0.3241
-0.3241
-0.3241
-0.3241
-0.3241
-0.3241
-0.3241
-0.3241
-0.3241
-0.3241
-0.3241
-0.3241
-0.3241
-0.3241
-0.3241
-0.3241
-0.3241
-0.3241
-0.3241
-0.3241
-0.3241
-0.3241
-0.3241
-0.3241
-0.3241
-0.3241
-0.3241
-0.3241
-0.3241
-0.3241
-0.3241
-0.3241
-0.3241
-0.3241
-0.3241
-0.3241
-0.3241
-0.3241
-0.3241
-0.3241
-0.3241
-0.3241
-0.3241
-0.3241
-0.3241
-0.3241
-0.3241
-0.3241
-0.3241
-0.3241
-0.3241
-0.3241
-0.3241
-0.3241
-0.3241
-0.3241
-0.3241
-0.3241
-0.3241
-0.3241
-0.3241
-0.3241
-0.3241
-0.3241
-0.3241
-0.3241
-0.3241
-0.3241
-0.3241
-0.3241
-0.3241
-0.3241
-0.3241
-0.3241
-0.3241
-0.3241
-0.3241
-0.3241
-0.3241
-0.3241
-0.3241
-0.3241
-0.3241
-0.3241
-0.3241
-0.3241
-0.3241
-0.3241
-0.3241
-0.3241
-0.3241
-0.3241
-0.3241
-0.3241
-0.3241
-0.3241
-0.3241
-0.3241
-0.3241
-0.3241
-0.3241
-0.3241
-0.3241
-0.3241
-0.3241
-0.3241
-0.3241
-0.3241
-0.3241
-0.3241
-0.3241
-0.3241
-0.3241
-0.3241
-0.3241
-0.3241
-0.3241
-0.3241
-0.3241
-0.3241
-0.3241
-0.3241
-0.3241
-0.3241
-0.3241
-0.3241
-0.3241
-0.3241
-0.3241
-0.3241
-0.3241
-0.3241
-0.3241
-0.3241
-0.3241
-0.3241
-0.3241
-0.3241
-0.3241
-0.3241
-0.3241
-0.3241
-0.3241
-0.3241
-0.3241
-0.3241
-0.3241
-0.3241
-0.3241
-0.3241
-0.3241
-0.3241
-0.3241
-0.3241
-0.3241
-0.3241
-0.3241
-0.3241
-0.3241
-0.3241
-0.3241
-0.3241
-0.3241
-0.3241
-0.3241
-0.3241
-0.3241
-0.3241
-0.3241
-0.3241
-0.3241
-0.3241
-0.3241
-0.3241
-0.3241
-0.3241
-0.3241
-0.3241
-0.3241
-0.3241
-0.3241
-0.3241
-0.3241
-0.3241
-0.3241
-0.3241
-0.3241
-0.3241
-0.3241
-0.3241
-0.3241
-0.3241
-0.3241
-0.3241
-0.3241
-0.3241
-0.3241
-0.3241
-0.3241
-0.3241
-0.3241
-0.3241
-0.3241
-0.3241
-0.3241
-0.3241
-0.3241
-0.3241
-0.3241
-0.3241
-0.3241
-0.3241
-0.3241
-0.3241
-0.3241
-0.3241
-0.3241
-0.3241
-0.3241
-0.3241
-0.3241
-0.3241
-0.3241
-0.3241
-0.3241
-0.3241
-0.3241
-0.3241
-0.3241
-0.3241
-0.3241
-0.3241
-0.3241
-0.3241
-0.3241
-0.3241
-0.3241
-0.3241
-0.3241
-0.3241
-0.3241
-0.3241
-0.3241
-0.3241
-0.3241
-0.3241
-0.3241
-0.3241
-0.3241
-0.3241
-0.3241
-0.3241
-0.3241
-0.3241
-0.3241
-0.3241
-0.3241
-0.3241
-0.3241
-0.3241
-0.3241
-0.3241
-0.3241
-0.3241
-0.3241
-0.3241
-0.3241
-0.3241
-0.3241
-0.3241
-0.3241
-0.3241
-0.3241
-0.3241
-0.3241
-0.3241
-0.3241
-0.3241
-0.3241
-0.3241
-0.3241
-0.3241
-0.3241
-0.3241
-0.3241
-0.3241
-0.3241
-0.3241
-0.3241
-0.3241
-0.3241
-0.3241
-0.3241
-0.3241
-0.3241
-0.3241
-0.3241
-0.3241
-0.3241
-0.3241
-0.3241
-0.3241
-0.3241
-0.3241
-0.3241
-0.3241
-0.3241
-0.3241
-0.3241
-0.3241
-0.3241
-0.3241
-0.3241
-0.3241
-0.3241
-0.3241
-0.3241
-0.3241
-0.3241
-0.3241
-0.3241
-0.3241
-0.3241
-0.3241
-0.3241
-0.3241
-0.3241
-0.3241
-0.3241
-0.3241
-0.3241
-0.3241
-0.3241
-0.3241
-0.3241
-0.3241
-0.3241
-0.3241
-0.3241
-0.3241
-0.3241
-0.3241
-0.3241
-0.3241
-0.3241
-0.3241
-0.3241
-0.3241
-0.3241
-0.3241
-0.3241
-0.3241
-0.3241
-0.3241
-0.3241
-0.3241
-0.3241
-0.3241
-0.3241
-0.3241
-0.3241
-0.3241
-0.3241
-0.3241
-0.3241
-0.3241
-0.3241
-0.3241
-0.3241
-0.3241
-0.3241
-0.3241
-0.3241
-0.3241
-0.3241
-0.3241
-0.3241
-0.3241
-0.3241
-0.3241
-0.3241
-0.3241
-0.3241
-0.3241
-0.3241
-0.3241
-0.3241
-0.3241
-0.3241
-0.3241
-0.3241
-0.3241
-0.3241
-0.3241
-0.3241
-0.3241
-0.3241
-0.3241
-0.3241
-0.3241
-0.3241
-0.3241
-0.3241
-0.3241
-0.3241
-0.3241
-0.3241
-0.3241
-0.3241
-0.3241
-0.3241
-0.3241
-0.3241
-0.3241
-0.3241
-0.3241
-0.3241
-0.3241
-0.3241
-0.3241
-0.3241
-0.3241
-0.3241
-0.3241
-0.3241
-0.3241
-0.3241
-0.3241
-0.3241
-0.3241
-0.3241
-0.3241
-0.3241
-0.3241
-0.3241
-0.3241
-0.3241
-0.3241
-0.3241
-0.3241
-0.3241
-0.3241
-0.3241
-0.3241
-0.3241
-0.3241
-0.3241
-0.3241
-0.3241
-0.3241
-0.3241
-0.3241
-0.3241
-0.3241
-0.3241
-0.3241
-0.3241
-0.3241
-0.3241
-0.3241
-0.3241
-0.3241
-0.3241
-0.3241
-0.3241
-0.3241
-0.3241
-0.3241
-0.3241
-0.3241
-0.3241
-0.3241
-0.3241
-0.3241
-0.3241
-0.3241
-0.3241
-0.3241
-0.3241
-0.3241
-0.3241
-0.3241
-0.3241
-0.3241
-0.3241
-0.3241
-0.3241
-0.3241
-0.3241
-0.3241
-0.3241
-0.3241
-0.3241
-0.3241
-0.3241
-0.3241
-0.3241
-0.3241
-0.3241
-0.3241
-0.3241
-0.3241
-0.3241
-0.3241
-0.3241
-0.3241
-0.3241
-0.3241
-0.3241
-0.3241
-0.3241
-0.3241
-0.3241
-0.3241
-0.3241
-0.3241
-0.3241
-0.3241
-0.3241
-0.3241
-0.3241
-0.3241
-0.3241
-0.3241
-0.3241
-0.3241
-0.3241
-0.3241
-0.3241
-0.3241
-0.3241
-0.3241
-0.3241
-0.3241
-0.3241
-0.3241
-0.3241
-0.3241
-0.3241
-0.3241
-0.3241
-0.3241
-0.3241
-0.3241
-0.3241
-0.3241
-0.3241
-0.3241
-0.3241
-0.3241
-0.3241
-0.3241
-0.3241
-0.3241
-0.3241
-0.3241
-0.3241
-0.3241
-0.3241
-0.3241
-0.3241
-0.3241
-0.3241
-0.3241
-0.3241
-0.3241
-0.3241
-0.3241
-0.3241
-0.3241
-0.3241
-0.3241
-0.3241
-0.3241
-0.3241
-0.3241
-0.3241
-0.3241
-0.3241
-0.3241
-0.3241
-0.3241
-0.3241
-0.3241
-0.3241
-0.3241
-0.3241
-0.3241
-0.3241
-0.3241
-0.3241
-0.3241
-0.3241
-0.3241
-0.3241
-0.3241
-0.3241
-0.3241
-0.3241
-0.3241
-0.3241
-0.3241
-0.3241
-0.3241
-0.3241
-0.3241
-0.3241
-0.3241
-0.3241
-0.3241
-0.3241
-0.3241
-0.3241
-0.3241
-0.3241
-0.3241
-0.3241
-0.3241
-0.3241
-0.3241
-0.3241
-0.3241
-0.3241
-0.3241
-0.3241
-0.3241
-0.3241
-0.3241
-0.3241
-0.3241
-0.3241
-0.3241
-0.3241
-0.3241
-0.3241
-0.3241
-0.3241
-0.3241
-0.3241
-0.3241
-0.3241
-0.3241
-0.3241
-0.3241
-0.3241
-0.3241
-0.3241
-0.3241
-0.3241
-0.3241
-0.3241
-0.3241
-0.3241
-0.3241
-0.3241
-0.3241
-0.3241
-0.3241
-0.3241
-0.3241
-0.3241
-0.3241
-0.3241
-0.3241
-0.3241
-0.3241
-0.3241
-0.3241
-0.3241
-0.3241
-0.3241
-0.3241
-0.3241
-0.3241
-0.3241
-0.3241
-0.3241
-0.3241
-0.3241
-0.3241
-0.3241
-0.3241
-0.3241
-0.3241
-0.3241
-0.3241
-0.3241
-0.3241
-0.3241
-0.3241
-0.3241
-0.3241
-0.3241
-0.3241
-0.3241
-0.3241
-0.3241
-0.3241
-0.3241
-0.3241
-0.3241
-0.3241
-0.3241
-0.3241
-0.3241
-0.3241
-0.3241
-0.3241
-0.3241
-0.3241
-0.3241
-0.3241
-0.3241
-0.3241
-0.3241
-0.3241
-0.3241
-0.3241
-0.3241
-0.3241
-0.3241
-0.3241
-0.3241
-0.3241
-0.3241
-0.3241
-0.3241
-0.3241
-0.3241
-0.3241
-0.3241
-0.3241
-0.3241
-0.3241
-0.3241
-0.3241
-0.3241
-0.3241
-0.3241
-0.3241
-0.3241
-0.3241
-0.3241
-0.3241
-0.3241
-0.3241
-0.3241
-0.3241
-0.3241
-0.3241
-0.3241
-0.3241
-0.3241
-0.3241
-0.3241
-0.3241
-0.3241
-0.3241
-0.3241
-0.3241
-0.3241
-0.3241
-0.3241
-0.3241
-0.3241
-0.3241
-0.3241
-0.3241
-0.3241
-0.3241
-0.3241
-0.3241
-0.3241
-0.3241
-0.3241
-0.3241
-0.3241
-0.3241
-0.3241
-0.3241
-0.3241
-0.3241
-0.3241
-0.3241
-0.3241
-0.3241
-0.3241
-0.3241
-0.3241
-0.3241
-0.3241
-0.3241
-0.3241
-0.3241
-0.3241
-0.3241
-0.3241
-0.3241
-0.3241
-0.3241
-0.3241
-0.3241
-0.3241
-0.3241
-0.3241
-0.3241
-0.3241
-0.3241
-0.3241
-0.3241
-0.3241
-0.3241
-0.3241
-0.3241
-0.3241
-0.3241
-0.3241
-0.3241
-0.3241
-0.3241
-0.3241
-0.3241
-0.3241
-0.3241
-0.3241
-0.3241
-0.3241
-0.3241
-0.3241
-0.3241
-0.3241
-0.3241
-0.3241
-0.3241
-0.3241
-0.3241
-0.3241
-0.3241
-0.3241
-0.3241
-0.3241
-0.3241
-0.3241
-0.3241
-0.3241
-0.3241
-0.3241
-0.3241
-0.3241
-0.3241
-0.3241
-0.3241
-0.3241
-0.3241
-0.3241
-0.3241
-0.3241
-0.3241
-0.3241
-0.3241
-0.3241
-0.3241
-0.3241
-0.3241
-0.3241
-0.3241
-0.3241
-0.3241
-0.3241
-0.3241
-0.3241
-0.3241
-0.3241
-0.3241
-0.3241
-0.3241
-0.3241
-0.3241
-0.3241
-0.3241
-0.3241
-0.3241
-0.3241
-0.3241
-0.3241
-0.3241
-0.3241
-0.3241
-0.3241
-0.3241
-0.3241
-0.3241
-0.3241
-0.3241
-0.3241
-0.3241
-0.3241
-0.3241
-0.3241
-0.3241
-0.3241
-0.3241
-0.3241
-0.3241
-0.3241
-0.3241
-0.3241
-0.3241
-0.3241
-0.3241
-0.3241
-0.3241
-0.3241
-0.3241
-0.3241
-0.3241
-0.3241
-0.3241
-0.3241
-0.3241
-0.3241
-0.3241
-0.3241
-0.3241
-0.3241
-0.3241
-0.3241
-0.3241
-0.3241
-0.3241
-0.3241
-0.3241
-0.3241
-0.3241
-0.3241
-0.3241
-0.3241
-0.3241
-0.3241
-0.3241
-0.3241
-0.3241
-0.3241
-0.3241
-0.3241
-0.3241
-0.3241
-0.3241
-0.3241
-0.3241
-0.3241
-0.3241
-0.3241
-0.3241
-0.3241
-0.3241
-0.3241
-0.3241
-0.3241
-0.3241
-0.3241
-0.3241
-0.3241
-0.3241
-0.3241
-0.3241
-0.3241
-0.3241
-0.3241
-0.3241
-0.3241
-0.3241
-0.3241
-0.3241
-0.3241
-0.3241
-0.3241
-0.3241
-0.3241
-0.3241
-0.3241
-0.3241
-0.3241
-0.3241
-0.3241
-0.3241
-0.3241
-0.3241
-0.3241
-0.3241
-0.3241
-0.3241
-0.3241
-0.3241
-0.3241
-0.3241
-0.3241
-0.3241
-0.3241
-0.3241
-0.3241
-0.3241
-0.3241
-0.3241
-0.3241
-0.3241
-0.3241
-0.3241
-0.3241
-0.3241
-0.3241
-0.3241
-0.3241
-0.3241
-0.3241
-0.3241
-0.3241
-0.3241
-0.3241
-0.3241
-0.3241
-0.3241
-0.3241
-0.3241
-0.3241
-0.3241
-0.3241
-0.3241
-0.3241
-0.3241
-0.3241
-0.3241
-0.3241
-0.3241
-0.3241
-0.3241
-0.3241
-0.3241
-0.3241
-0.3241
-0.3241
-0.3241
-0.3241
-0.3241
-0.3241
-0.3241
-0.3241
-0.3241
-0.3241
-0.3241
-0.3241
-0.3241
-0.3241
-0.3241
-0.3241
-0.3241
-0.3241
-0.3241
-0.3241
-0.3241
-0.3241
-0.3241
-0.3241
-0.3241
-0.3241
-0.3241
-0.3241
-0.3241
-0.3241
-0.3241
-0.3241
-0.3241
-0.3241
-0.3241
-0.3241
-0.3241
-0.3241
-0.3241
-0.3241
-0.3241
-0.3241
-0.3241
-0.3241
-0.3241
-0.3241
-0.3241
-0.3241
-0.3241
-0.3241
-0.3241
-0.3241
-0.3241
-0.3241
-0.3241
-0.3241
-0.3241
-0.3241
-0.3241
-0.3241
-0.3241
-0.3241
-0.3241
-0.3241
-0.3241
-0.3241
-0.3241
-0.3241
-0.3241
-0.3241
-0.3241
-0.3241
-0.3241
-0.3241
-0.3241
-0.3241
-0.3241
-0.3241
-0.3241
-0.3241
-0.3241
-0.3241
-0.3241
-0.3241
-0.3241
-0.3241
-0.3241
-0.3241
-0.3241
-0.3241
-0.3241
-0.3241
-0.3241
-0.3241
-0.3241
-0.3241
-0.3241
-0.3241
-0.3241
-0.3241
-0.3241
-0.3241
-0.3241
-0.3241
-0.3241
-0.3241
-0.3241
-0.3241
-0.3241
-0.3241
-0.3241
-0.3241
-0.3241
-0.3241
-0.3241
-0.3241
-0.3241
-0.3241
-0.3241
-0.3241
-0.3241
-0.3241
-0.3241
-0.3241
-0.3241
-0.3241
-0.3241
-0.3241
-0.3241
-0.3241
-0.3241
-0.3241
-0.3241
-0.3241
-0.3241
-0.3241
-0.3241
-0.3241
-0.3241
-0.3241
-0.3241
-0.3241
-0.3241
-0.3241
-0.3241
-0.3241
-0.3241
-0.3241
-0.3241
-0.3241
-0.3241
-0.3241
-0.3241
-0.3241
-0.3241
-0.3241
-0.3241
-0.3241
-0.3241
-0.3241
-0.3241
-0.3241
-0.3241
-0.3241
-0.3241
-0.3241
-0.3241
-0.3241
-0.3241
-0.3241
-0.3241
-0.3241
-0.3241
-0.3241
-0.3241
-0.3241
-0.3241
-0.3241
-0.3241
-0.3241
-0.3241
-0.3241
-0.3241
-0.3241
-0.3241
-0.3241
-0.3241
-0.3241
-0.3241
-0.3241
-0.3241
-0.3241
-0.3241
-0.3241
-0.3241
-0.3241
-0.3241
-0.3241
-0.3241
-0.3241
-0.3241
-0.3241
-0.3241
-0.3241
-0.3241
-0.3241
-0.3241
-0.3241
-0.3241
-0.3241
-0.3241
-0.3241
-0.3241
-0.3241
-0.3241
-0.3241
-0.3241
-0.3241
-0.3241
-0.3241
-0.3241
-0.3241
-0.3241
-0.3241
-0.3241
-0.3241
-0.3241
-0.3241
-0.3241
-0.3241
-0.3241
-0.3241
-0.3241
-0.3241
-0.3241
-0.3241
-0.3241
-0.3241
-0.3241
-0.3241
-0.3241
-0.3241
-0.3241
-0.3241
-0.3241
-0.3241
-0.3241
-0.3241
-0.3241
-0.3241
-0.3241
-0.3241
-0.3241
-0.3241
-0.3241
-0.3241
-0.3241
-0.3241
-0.3241
-0.3241
-0.3241
-0.3241
-0.3241
-0.3241
-0.3241
-0.3241
-0.3241
-0.3241
-0.3241
-0.3241
-0.3241
-0.3241
-0.3241
-0.3241
-0.3241
-0.3241
-0.3241
-0.3241
-0.3241
-0.3241
-0.3241
-0.3241
-0.3241
-0.3241
-0.3241
-0.3241
-0.3241
-0.3241
-0.3241
-0.3241
-0.3241
-0.3241
-0.3241
-0.3241
-0.3241
-0.3241
-0.3241
-0.3241
-0.3241
-0.3241
-0.3241
-0.3241
-0.3241
-0.3241
-0.3241
-0.3241
-0.3241
-0.3241
-0.3241
-0.3241
-0.3241
-0.3241
-0.3241
-0.3241
-0.3241
-0.3241
-0.3241
-0.3241
-0.3241
-0.3241
-0.3241
-0.3241
-0.3241
-0.3241
-0.3241
-0.3241
-0.3241
-0.3241
-0.3241
-0.3241
-0.3241
-0.3241
-0.3241
-0.3241
-0.3241
-0.3241
-0.3241
-0.3241
-0.3241
-0.3241
-0.3241
-0.3241
-0.3241
-0.3241
-0.3241
-0.3241
-0.3241
-0.3241
-0.3241
-0.3241
-0.3241
-0.3241
-0.3241
-0.3241
-0.3241
-0.3241
-0.3241
-0.3241
-0.3241
-0.3241
-0.3241
-0.3241
-0.3241
-0.3241
-0.3241
-0.3241
-0.3241
-0.3241
-0.3241
-0.3241
-0.3241
-0.3241
-0.3241
-0.3241
-0.3241
-0.3241
-0.3241
-0.3241
-0.3241
-0.3241
-0.3241
-0.3241
-0.3241
-0.3241
-0.3241
-0.3241
-0.3241
-0.3241
-0.3241
-0.3241
-0.3241
-0.3241
-0.3241
-0.3241
-0.3241
-0.3241
-0.3241
-0.3241
-0.3241
-0.3241
-0.3241
-0.3241
-0.3241
-0.3241
-0.3241
-0.3241
-0.3241
-0.3241
-0.3241
-0.3241
-0.3241
-0.3241
-0.3241
-0.3241
-0.3241
-0.3241
-0.3241
-0.3241
-0.3241
-0.3241
-0.3241
-0.3241
-0.3241
-0.3241
-0.3241
-0.3241
-0.3241
-0.3241
-0.3241
-0.3241
-0.3241
-0.3241
-0.3241
-0.3241
-0.3241
-0.3241
-0.3241
-0.3241
-0.3241
-0.3241
-0.3241
-0.3241
-0.3241
-0.3241
-0.3241
-0.3241
-0.3241
-0.3241
-0.3241
-0.3241
-0.3241
-0.3241
-0.3241
-0.3241
-0.3241
-0.3241
-0.3241
-0.3241
-0.3241
-0.3241
-0.3241
-0.3241
-0.3241
-0.3241
-0.3241
-0.3241
-0.3241
-0.3241
-0.3241
-0.3241
-0.3241
-0.3241
-0.3241
-0.3241
-0.3241
-0.3241
-0.3241
-0.3241
-0.3241
-0.3241
-0.3241
-0.3241
-0.3241
-0.3241
-0.3241
-0.3241
-0.3241
-0.3241
-0.3241
-0.3241
-0.3241
-0.3241
-0.3241
-0.3241
-0.3241
-0.3241
-0.3241
-0.3241
-0.3241
-0.3241
-0.3241
-0.3241
-0.3241
-0.3241
-0.3241
-0.3241
-0.3241
-0.3241
-0.3241
-0.3241
-0.3241
-0.3241
-0.3241
-0.3241
-0.3241
-0.3241
-0.3241
-0.3241
-0.3241
-0.3241
-0.3241
-0.3241
-0.3241
-0.3241
-0.3241
-0.3241
-0.3241
-0.3241
-0.3241
-0.3241
-0.3241
-0.3241
-0.3241
-0.3241
-0.3241
-0.3241
-0.3241
-0.3241
-0.3241
-0.3241
-0.3241
-0.3241
-0.3241
-0.3241
-0.3241
-0.3241
-0.3241
-0.3241
-0.3241
-0.3241
-0.3241
-0.3241
-0.3241
-0.3241
-0.3241
-0.3241
-0.3241
-0.3241
-0.3241
-0.3241
-0.3241
-0.3241
-0.3241
-0.3241
-0.3241
-0.3241
-0.3241
-0.3241
-0.3241
-0.3241
-0.3241
-0.3241
-0.3241
-0.3241
-0.3241
-0.3241
-0.3241
-0.3241
-0.3241
-0.3241
-0.3241
-0.3241
-0.3241
-0.3241
-0.3241
-0.3241
-0.3241
-0.3241
-0.3241
-0.3241
-0.3241
-0.3241
-0.3241
-0.3241
-0.3241
-0.3241
-0.3241
-0.3241
-0.3241
-0.3241
-0.3241
-0.3241
-0.3241
-0.3241
-0.3241
-0.3241
-0.3241
-0.3241
-0.3241
-0.3241
-0.3241
-0.3241
-0.3241
-0.3241
-0.3241
-0.3241
-0.3241
-0.3241
-0.3241
-0.3241
-0.3241
-0.3241
-0.3241
-0.3241
-0.3241
-0.3241
-0.3241
-0.3241
-0.3241
-0.3241
-0.3241
-0.3241
-0.3241
-0.3241
-0.3241
-0.3241
-0.3241
-0.3241
-0.3241
-0.3241
-0.3241
-0.3241
-0.3241
-0.3241
-0.3241
-0.3241
-0.3241
-0.3241
-0.3241
-0.3241
-0.3241
-0.3241
-0.3241
-0.3241
-0.3241
-0.3241
-0.3241
-0.3241
-0.3241
-0.3241
-0.3241
-0.3241
-0.3241
-0.3241
-0.3241
-0.3241
-0.3241
-0.3241
-0.3241
-0.3241
-0.3241
-0.3241
-0.3241
-0.3241
-0.3241
-0.3241
-0.3241
-0.3241
-0.3241
-0.3241
-0.3241
-0.3241
-0.3241
-0.3241
-0.3241
-0.3241
-0.3241
-0.3241
-0.3241
-0.3241
-0.3241
-0.3241
-0.3241
-0.3241
-0.3241
-0.3241
-0.3241
-0.3241
-0.3241
-0.3241
-0.3241
-0.3241
-0.3241
-0.3241
-0.3241
-0.3241
-0.3241
-0.3241
-0.3241
-0.3241
-0.3241
-0.3241
-0.3241
-0.3241
-0.3241
-0.3241
-0.3241
-0.3241
-0.3241
-0.3241
-0.3241
-0.3241
-0.3241
-0.3241
-0.3241
-0.3241
-0.3241
-0.3241
-0.3241
-0.3241
-0.3241
-0.3241
-0.3241
-0.3241
-0.3241
-0.3241
-0.3241
-0.3241
-0.3241
-0.3241
-0.3241
-0.3241
-0.3241
-0.3241
-0.3241
-0.3241
-0.3241
-0.3241
-0.3241
-0.3241
-0.3241
-0.3241
-0.3241
-0.3241
-0.3241
-0.3241
-0.3241
-0.3241
-0.3241
-0.3241
-0.3241
-0.3241
-0.3241
-0.3241
-0.3241
-0.3241
-0.3241
-0.3241
-0.3241
-0.3241
-0.3241
-0.3241
-0.3241
-0.3241
-0.3241
-0.3241
-0.3241
-0.3241
-0.3241
-0.3241
-0.3241
-0.3241
-0.3241
-0.3241
-0.3241
-0.3241
-0.3241
-0.3241
-0.3241
-0.3241
-0.3241
-0.3241
-0.3241
-0.3241
-0.3241
-0.3241
-0.3241
-0.3241
-0.3241
-0.3241
-0.3241
-0.3241
-0.3241
-0.3241
-0.3241
-0.3241
-0.3241
-0.3241
-0.3241
-0.3241
-0.3241
-0.3241
-0.3241
-0.3241
-0.3241
-0.3241
-0.3241
-0.3241
-0.3241
-0.3241
-0.3241
-0.3241
-0.3241
-0.3241
-0.3241
-0.3241
-0.3241
-0.3241
-0.3241
-0.3241
-0.3241
-0.3241
-0.3241
-0.3241
-0.3241
-0.3241
-0.3241
-0.3241
-0.3241
-0.3241
-0.3241
-0.3241
-0.3241
-0.3241
-0.3241
-0.3241
-0.3241
-0.3241
-0.3241
