0.8122
0.8122
0.8122
0.8122
0.8122
0.8122
0.8122
0.8122
0.8122
0.8122
0.8122
0.8122
0.8122
0.8122
0.8122
0.8122
0.8122
0.8122
0.8122
0.8122
0.8122
0.8122
0.8122
0.8122
0.8122
0.8122
0.8122
0.8122
0.8122
0.8122
0.8122
0.8122
0.8122
0.8122
0.8122
0.8122
0.8122
0.8122
0.8122
0.8122
0.8122
0.8122
0.8122
0.8122
0.8122
0.8122
0.8122
0.8122
0.8122
0.8122
0.8122
0.8122
0.8122
0.8122
0.8122
0.8122
0.8122
0.8122
0.8122
0.8122
0.8122
0.8122
0.8122
0.8122
0.8122
0.8122
0.8122
0.8122
0.8122
0.8122
0.8122
0.8122
0.8122
0.8122
0.8122
0.8122
0.8122
0.8122
0.8122
0.8122
0.8122
0.8122
0.8122
0.8122
0.8122
0.8122
0.8122
0.8122
0.8122
0.8122
0.8122
0.8122
0.8122
0.8122
0.8122
0.8122
0.8122
0.8122
0.8122
0.8122
0.8122
0.8122
0.8122
0.8122
0.8122
0.8122
0.8122
0.8122
0.8122
0.8122
0.8122
0.8122
0.8122
0.8122
0.8122
0.8122
0.8122
0.8122
0.8122
0.8122
0.8122
0.8122
0.8122
0.8122
0.8122
0.8122
0.8122
0.8122
0.8122
0.8122
0.8122
0.8122
0.8122
0.8122
0.8122
0.8122
0.8122
0.8122
0.8122
0.8122
0.8122
0.8122
0.8122
0.8122
0.8122
0.8122
0.8122
0.8122
0.8122
0.8122
0.8122
0.8122
0.8122
0.8122
0.8122
0.8122
0.8122
0.8122
0.8122
0.8122
0.8122
0.8122
0.8122
0.8122
0.8122
0.8122
0.8122
0.8122
0.8122
0.8122
0.8122
0.8122
0.8122
0.8122
0.8122
0.8122
0.8122
0.8122
0.8122
0.8122
0.8122
0.8122
0.8122
0.8122
0.8122
0.8122
0.8122
0.8122
0.8122
0.8122
0.8122
0.8122
0.8122
0.8122
0.8122
0.8122
0.8122
0.8122
0.8122
0.8122
0.8122
0.8122
0.8122
0.8122
0.8122
0.8122
0.8122
0.8122
0.8122
0.8122
0.8122
0.8122
0.8122
0.8122
0.8122
0.8122
0.8122
0.8122
0.8122
0.8122
0.8122
0.8122
0.8122
0.8122
0.8122
0.8122
0.8122
0.8122
0.8122
0.8122
0.8122
0.8122
0.8122
0.8122
0.8122
0.8122
0.8122
0.8122
0.8122
0.8122
0.8122
0.8122
0.8122
0.8122
0.8122
0.8122
0.8122
0.8122
0.8122
0.8122
0.8122
0.8122
0.8122
0.8122
0.8122
0.8122
0.8122
0.8122
0.8122
0.8122
0.8122
0.8122
0.8122
0.8122
0.8122
0.8122
0.8122
0.8122
0.8122
0.8122
0.8122
0.8122
0.8122
0.8122
0.8122
0.8122
0.8122
0.8122
0.8122
0.8122
0.8122
0.8122
0.8122
0.8122
0.8122
0.8122
0.8122
0.8122
0.8122
0.8122
0.8122
0.8122
0.8122
0.8122
0.8122
0.8122
0.8122
0.8122
0.8122
0.8122
0.8122
0.8122
0.8122
0.8122
0.8122
0.8122
0.8122
0.8122
0.8122
0.8122
0.8122
0.8122
0.8122
0.8122
0.8122
0.8122
0.8122
0.8122
0.8122
0.8122
0.8122
0.8122
0.8122
0.8122
0.8122
0.8122
0.8122
0.8122
0.8122
0.8122
0.8122
0.8122
0.8122
0.8122
0.8122
0.8122
0.8122
0.8122
0.8122
0.8122
0.8122
0.8122
0.8122
0.8122
0.8122
0.8122
0.8122
0.8122
0.8122
0.8122
0.8122
0.8122
0.8122
0.8122
0.8122
0.8122
0.8122
0.8122
0.8122
0.8122
0.8122
0.8122
0.8122
0.8122
0.8122
0.8122
0.8122
0.8122
0.8122
0.8122
0.8122
0.8122
0.8122
0.8122
0.8122
0.8122
0.8122
0.8122
0.8122
0.8122
0.8122
0.8122
0.8122
0.8122
0.8122
0.8122
0.8122
0.8122
0.8122
0.8122
0.8122
0.8122
0.8122
0.8122
0.8122
0.8122
0.8122
0.8122
0.8122
0.8122
0.8122
0.8122
0.8122
0.8122
0.8122
0.8122
0.8122
0.8122
0.8122
0.8122
0.8122
0.8122
0.8122
0.8122
0.8122
0.8122
0.8122
0.8122
0.8122
0.8122
0.8122
0.8122
0.8122
0.8122
0.8122
0.8122
0.8122
0.8122
0.8122
0.8122
0.8122
0.8122
0.8122
0.8122
0.8122
0.8122
0.8122
0.8122
0.8122
0.8122
0.8122
0.8122
0.8122
0.8122
0.8122
0.8122
0.8122
0.8122
0.8122
0.8122
0.8122
0.8122
0.8122
0.8122
0.8122
0.8122
0.8122
0.8122
0.8122
0.8122
0.8122
0.8122
0.8122
0.8122
0.8122
0.8122
0.8122
0.8122
0.8122
0.8122
0.8122
0.8122
0.8122
0.8122
0.8122
0.8122
0.8122
0.8122
0.8122
0.8122
0.8122
0.8122
0.8122
0.8122
0.8122
0.8122
0.8122
0.812199
0.812199
0.812199
0.812199
0.812199
0.812199
0.812199
0.812199
0.812199
0.812199
0.812199
0.812199
0.812199
0.812199
0.812199
0.812199
0.812199
0.812199
0.812199
0.812199
0.812199
0.812199
0.812199
0.812199
0.812199
0.812199
0.812199
0.812199
0.812199
0.812199
0.812199
0.812199
0.812199
0.812199
0.812199
0.812199
0.812199
0.812199
0.812199
0.812199
0.812199
0.812198
0.812198
0.812198
0.812198
0.812198
0.812198
0.812198
0.812198
0.812198
0.812198
0.812198
0.812198
0.812198
0.812198
0.812198
0.812198
0.812198
0.812198
0.812198
0.812197
0.812197
0.812197
0.812197
0.812197
0.812197
0.812197
0.812197
0.812197
0.812197
0.812197
0.812197
0.812197
0.812196
0.812196
0.812196
0.812196
0.812196
0.812196
0.812196
0.812196
0.812196
0.812195
0.812195
0.812195
0.812195
0.812195
0.812195
0.812195
0.812195
0.812194
0.812194
0.812194
0.812194
0.812194
0.812194
0.812193
0.812193
0.812193
0.812193
0.812193
0.812192
0.812192
0.812192
0.812192
0.812192
0.812191
0.812191
0.812191
0.812191
0.81219
0.81219
0.81219
0.81219
0.812189
0.812189
0.812189
0.812188
0.812188
0.812188
0.812187
0.812187
0.812187
0.812186
0.812186
0.812186
0.812185
0.812185
0.812185
0.812184
0.812184
0.812183
0.812183
0.812182
0.812182
0.812181
0.812181
0.81218
0.81218
0.812179
0.812179
0.812178
0.812178
0.812177
0.812176
0.812176
0.812175
0.812174
0.812174
0.812173
0.812172
0.812171
0.812171
0.81217
0.812169
0.812168
0.812167
0.812166
0.812166
0.812165
0.812164
0.812163
0.812162
0.812161
0.81216
0.812158
0.812157
0.812156
0.812155
0.812154
0.812153
0.812151
0.81215
0.812149
0.812147
0.812146
0.812144
0.812143
0.812141
0.81214
0.812138
0.812136
0.812135
0.812133
0.812131
0.812129
0.812127
0.812125
0.812123
0.812121
0.812119
0.812117
0.812115
0.812112
0.81211
0.812108
0.812105
0.812103
0.8121
0.812097
0.812094
0.812092
0.812089
0.812086
0.812083
0.812079
0.812076
0.812073
0.812069
0.812066
0.812062
0.812059
0.812055
0.812051
0.812047
0.812043
0.812038
0.812034
0.812029
0.812025
0.81202
0.812015
0.81201
0.812005
0.812
0.811995
0.811989
0.811983
0.811977
0.811971
0.811965
0.811959
0.811952
0.811946
0.811939
0.811932
0.811925
0.811917
0.81191
0.811902
0.811894
0.811885
0.811877
0.811868
0.811859
0.81185
0.811841
0.811831
0.811821
0.811811
0.8118
0.811789
0.811778
0.811767
0.811755
0.811743
0.811731
0.811718
0.811705
0.811692
0.811678
0.811664
0.81165
0.811635
0.81162
0.811604
0.811588
0.811572
0.811555
0.811537
0.81152
0.811501
0.811482
0.811463
0.811443
0.811423
0.811402
0.811381
0.811358
0.811336
0.811313
0.811289
0.811264
0.811239
0.811213
0.811187
0.811159
0.811132
0.811103
0.811073
0.811043
0.811012
0.81098
0.810947
0.810914
0.810879
0.810844
0.810807
0.81077
0.810732
0.810692
0.810652
0.81061
0.810568
0.810524
0.810479
0.810433
0.810386
0.810337
0.810288
0.810236
0.810184
0.81013
0.810075
0.810018
0.80996
0.8099
0.809838
0.809775
0.809711
0.809644
0.809576
0.809506
0.809435
0.809361
0.809286
0.809208
0.809129
0.809047
0.808963
0.808877
0.808789
0.808699
0.808606
0.80851
0.808413
0.808313
0.80821
0.808104
0.807996
0.807885
0.807771
0.807654
0.807534
0.807411
0.807285
0.807156
0.807024
0.806888
0.806748
0.806605
0.806458
0.806308
0.806154
0.805996
0.805834
0.805668
0.805497
0.805323
0.805144
0.80496
0.804772
0.804579
0.804382
0.80418
0.803972
0.80376
0.803542
0.803319
0.80309
0.802856
0.802616
0.80237
0.802118
0.801861
0.801597
0.801326
0.801049
0.800766
0.800476
0.800179
0.799874
0.799563
0.799244
0.798918
0.798585
0.798243
0.797894
0.797536
0.797171
0.796797
0.796414
0.796023
0.795623
0.795214
0.794796
0.794368
0.793931
0.793485
0.793028
0.792562
0.792086
0.791599
0.791102
0.790594
0.790076
0.789546
0.789006
0.788454
0.787891
0.787316
0.78673
0.786132
0.785521
0.784899
0.784264
0.783617
0.782958
0.782285
0.7816
0.780901
0.78019
0.779465
0.778727
0.777975
0.77721
0.776431
0.775638
0.774831
0.774011
0.773176
0.772327
0.771463
0.770585
0.769693
0.768787
0.767866
0.76693
0.76598
0.765015
0.764035
0.763041
0.762032
0.761009
0.759971
0.758919
0.757851
0.75677
0.755674
0.754563
0.753439
0.7523
0.751147
0.749979
0.748798
0.747604
0.746395
0.745173
0.743938
0.74269
0.741429
0.740155
0.738868
0.737569
0.736258
0.734935
0.7336
0.732254
0.730897
0.729529
0.728151
0.726762
0.725364
0.723955
0.722538
0.721111
0.719676
0.718233
0.716782
0.715323
0.713857
0.712385
0.710906
0.709421
0.707931
0.706435
0.704935
0.703431
0.701922
0.700411
0.698896
0.697379
0.695859
0.694338
0.692816
0.691293
0.689769
0.688246
0.686723
0.685201
0.683681
0.682162
0.680646
0.679133
0.677623
0.676116
0.674614
0.673116
0.671623
0.670136
0.668654
0.667178
0.665709
0.664246
0.662792
0.661344
0.659905
0.658474
0.657052
0.655639
0.654236
0.652842
0.651459
0.650085
0.648723
0.647371
0.646031
0.644702
0.643385
0.64208
0.640787
0.639507
0.638239
0.636984
0.635743
0.634514
0.633299
0.632097
0.630909
0.629735
0.628575
0.627429
0.626297
0.62518
0.624076
0.622988
0.621913
0.620853
0.619808
0.618777
0.617761
0.61676
0.615773
0.614801
0.613843
0.6129
0.611972
0.611058
0.610159
0.609274
0.608403
0.607547
0.606705
0.605877
0.605064
0.604264
0.603478
0.602706
0.601947
0.601202
0.600471
0.599753
0.599048
0.598356
0.597677
0.597011
0.596358
0.595717
0.595088
0.594472
0.593868
0.593275
0.592695
0.592126
0.591569
0.591023
0.590488
0.589964
0.589451
0.588948
0.588456
0.587975
0.587504
0.587042
0.586591
0.586149
0.585717
0.585294
0.584881
0.584476
0.58408
0.583694
0.583315
0.582945
0.582584
0.582231
0.581885
0.581548
0.581218
0.580895
0.58058
0.580273
0.579972
0.579678
0.579392
0.579111
0.578838
0.578571
0.57831
0.578055
0.577806
0.577563
0.577326
0.577095
0.576869
0.576649
0.576434
0.576224
0.576019
0.575819
0.575624
0.575433
0.575247
0.575066
0.574889
0.574717
0.574549
0.574385
0.574225
0.574069
0.573916
0.573768
0.573623
0.573482
0.573344
0.57321
0.573079
0.572951
0.572827
0.572705
0.572587
0.572472
0.572359
0.57225
0.572143
0.572039
0.571937
0.571838
0.571742
0.571648
0.571556
0.571467
0.57138
0.571295
0.571212
0.571131
0.571053
0.570976
0.570902
0.570829
0.570758
0.570689
0.570622
0.570557
0.570493
0.570431
0.57037
0.570311
0.570253
0.570197
0.570143
0.57009
0.570038
0.569987
0.569938
0.56989
0.569844
0.569798
0.569754
0.569711
0.569669
0.569628
0.569588
0.569549
0.569511
0.569474
0.569438
0.569403
0.569369
0.569336
0.569304
0.569272
0.569242
0.569212
0.569183
0.569154
0.569127
0.5691
0.569074
0.569048
0.569023
0.568999
0.568976
0.568953
0.56893
0.568909
0.568887
0.568867
0.568847
0.568827
0.568808
0.56879
0.568771
0.568754
0.568737
0.56872
0.568704
0.568688
0.568672
0.568657
0.568643
0.568629
0.568615
0.568601
0.568588
0.568575
0.568563
0.568551
0.568539
0.568527
0.568516
0.568505
0.568494
0.568484
0.568474
0.568464
0.568455
0.568445
0.568436
0.568427
0.568419
0.56841
0.568402
0.568394
0.568387
0.568379
0.568372
0.568365
0.568358
0.568351
0.568344
0.568338
0.568332
0.568326
0.56832
0.568314
0.568308
0.568303
0.568297
0.568292
0.568287
0.568282
0.568277
0.568273
0.568268
0.568264
0.56826
0.568255
0.568251
0.568247
0.568243
0.56824
0.568236
0.568232
0.568229
0.568226
0.568222
0.568219
0.568216
0.568213
0.56821
0.568207
0.568204
0.568201
0.568199
0.568196
0.568194
0.568191
0.568189
0.568186
0.568184
0.568182
0.56818
0.568178
0.568176
0.568174
0.568172
0.56817
0.568168
0.568166
0.568164
0.568163
0.568161
0.56816
0.568158
0.568156
0.568155
0.568153
0.568152
0.568151
0.568149
0.568148
0.568147
0.568146
0.568144
0.568143
0.568142
0.568141
0.56814
0.568139
0.568138
0.568137
0.568136
0.568135
0.568134
0.568133
0.568132
0.568131
0.568131
0.56813
0.568129
0.568128
0.568127
0.568127
0.568126
0.568125
0.568125
0.568124
0.568123
0.568123
0.568122
0.568122
0.568121
0.56812
0.56812
0.568119
0.568119
0.568118
0.568118
0.568117
0.568117
0.568117
0.568116
0.568116
0.568115
0.568115
0.568114
0.568114
0.568114
0.568113
0.568113
0.568113
0.568112
0.568112
0.568112
0.568111
0.568111
0.568111
0.568111
0.56811
0.56811
0.56811
0.568109
0.568109
0.568109
0.568109
0.568108
0.568108
0.568108
0.568108
0.568108
0.568107
0.568107
0.568107
0.568107
0.568107
0.568107
0.568106
0.568106
0.568106
0.568106
0.568106
0.568106
0.568105
0.568105
0.568105
0.568105
0.568105
0.568105
0.568105
0.568104
0.568104
0.568104
0.568104
0.568104
0.568104
0.568104
0.568104
0.568104
0.568104
0.568103
0.568103
0.568103
0.568103
0.568103
0.568103
0.568103
0.568103
0.568103
0.568103
0.568103
0.568103
0.568102
0.568102
0.568102
0.568102
0.568102
0.568102
0.568102
0.568102
0.568102
0.568102
0.568102
0.568102
0.568102
0.568102
0.568102
0.568102
0.568102
0.568102
0.568102
0.568102
0.568101
0.568101
0.568101
0.568101
0.568101
0.568101
0.568101
0.568101
0.568101
0.568101
0.568101
0.568101
0.568101
0.568101
0.568101
0.568101
0.568101
0.568101
0.568101
0.568101
0.568101
0.568101
0.568101
0.568101
0.568101
0.568101
0.568101
0.568101
0.568101
0.568101
0.568101
0.568101
0.568101
0.568101
0.568101
0.568101
0.568101
0.568101
0.568101
0.568101
0.568101
0.5681
0.5681
0.5681
0.5681
0.5681
0.5681
0.5681
0.5681
0.5681
0.5681
0.5681
0.5681
0.5681
0.5681
0.5681
0.5681
0.5681
0.5681
0.5681
0.5681
0.5681
0.5681
0.5681
0.5681
0.5681
0.5681
0.5681
0.5681
0.5681
0.5681
0.5681
0.5681
0.5681
0.5681
0.5681
0.5681
0.5681
0.5681
0.5681
0.5681
0.5681
0.5681
0.5681
0.5681
0.5681
0.5681
0.5681
0.5681
0.5681
0.5681
0.5681
0.5681
0.5681
0.5681
0.5681
0.5681
0.5681
0.5681
0.5681
0.5681
0.5681
0.5681
0.5681
0.5681
0.5681
0.5681
0.5681
0.5681
0.5681
0.5681
0.5681
0.5681
0.5681
0.5681
0.5681
0.5681
0.5681
0.5681
0.5681
0.5681
0.5681
0.5681
0.5681
0.5681
0.5681
0.5681
0.5681
0.5681
0.5681
0.5681
0.5681
0.5681
0.5681
0.5681
0.5681
0.5681
0.5681
0.5681
0.5681
0.5681
0.5681
0.5681
0.5681
0.5681
0.5681
0.5681
0.5681
0.5681
0.5681
0.5681
0.5681
0.5681
0.5681
0.5681
0.5681
0.5681
0.5681
0.5681
0.5681
0.5681
0.5681
0.5681
0.5681
0.5681
0.5681
0.5681
0.5681
0.5681
0.5681
0.5681
0.5681
0.5681
0.5681
0.5681
0.5681
0.5681
0.5681
0.5681
0.5681
0.5681
0.5681
0.5681
0.5681
0.5681
0.5681
0.5681
0.5681
0.5681
0.5681
0.5681
0.5681
0.5681
0.5681
0.5681
0.5681
0.5681
0.5681
0.5681
0.5681
0.5681
0.5681
0.5681
0.5681
0.5681
0.5681
0.5681
0.5681
0.5681
0.5681
0.5681
0.5681
0.5681
0.5681
0.5681
0.5681
0.5681
0.5681
0.5681
0.5681
0.5681
0.5681
0.5681
0.5681
0.5681
0.5681
0.5681
0.5681
0.5681
0.5681
0.5681
0.5681
0.5681
0.5681
0.5681
0.5681
0.5681
0.5681
0.5681
0.5681
0.5681
0.5681
0.5681
0.5681
0.5681
0.5681
0.5681
0.5681
0.5681
0.5681
0.5681
0.5681
0.5681
0.5681
0.5681
0.5681
0.5681
0.5681
0.5681
0.5681
0.5681
0.5681
0.5681
0.5681
0.5681
0.5681
0.5681
0.5681
0.5681
0.5681
0.5681
0.5681
0.5681
0.5681
0.5681
0.5681
0.5681
0.5681
0.5681
0.5681
0.5681
0.5681
0.5681
0.5681
0.5681
0.5681
0.5681
0.5681
0.5681
0.5681
0.5681
0.5681
0.5681
0.5681
0.5681
0.5681
0.5681
0.5681
0.5681
0.5681
0.5681
0.5681
0.5681
0.5681
0.5681
0.5681
0.5681
0.5681
0.5681
0.5681
0.5681
0.5681
0.5681
0.5681
0.5681
0.5681
0.5681
0.5681
0.5681
0.5681
0.5681
0.5681
0.5681
0.5681
0.5681
0.5681
0.5681
0.5681
0.5681
0.5681
0.5681
0.5681
0.5681
0.5681
0.5681
0.5681
0.5681
0.5681
0.5681
0.5681
0.5681
0.5681
0.5681
0.5681
0.5681
0.5681
0.5681
0.5681
0.5681
0.5681
0.5681
0.5681
0.5681
0.5681
0.5681
0.5681
0.5681
0.5681
0.5681
0.5681
0.5681
0.5681
0.5681
0.5681
0.5681
0.5681
0.5681
0.5681
0.5681
0.5681
0.5681
0.5681
0.5681
0.5681
0.5681
0.5681
0.5681
0.5681
0.5681
0.5681
0.5681
0.5681
0.5681
0.5681
0.5681
0.5681
0.5681
0.5681
0.5681
0.5681
0.5681
0.5681
0.5681
0.5681
0.5681
0.5681
0.5681
0.5681
0.5681
0.5681
0.5681
0.5681
0.5681
0.5681
0.5681
0.5681
0.5681
0.5681
0.5681
0.5681
0.5681
0.5681
0.5681
0.5681
0.5681
0.5681
0.5681
0.5681
0.5681
0.5681
0.5681
0.5681
0.5681
0.5681
0.5681
0.5681
0.5681
0.5681
0.5681
0.5681
0.5681
0.5681
0.5681
0.5681
0.5681
0.5681
0.5681
0.5681
0.5681
0.5681
0.5681
0.5681
0.5681
0.5681
0.5681
0.5681
0.5681
0.5681
0.5681
0.5681
0.5681
0.5681
0.5681
0.5681
0.5681
0.5681
0.5681
0.5681
0.5681
0.5681
0.5681
0.5681
0.5681
0.5681
0.5681
0.5681
0.5681
0.5681
0.5681
0.5681
0.5681
0.5681
0.5681
0.5681
0.5681
0.5681
0.5681
0.5681
0.5681
0.5681
0.5681
0.5681
0.5681
0.5681
0.5681
0.5681
0.5681
0.5681
0.5681
0.5681
0.5681
0.5681
0.5681
0.5681
0.5681
0.5681
0.5681
0.5681
0.5681
0.5681
0.5681
0.5681
0.5681
0.5681
0.5681
0.5681
0.5681
0.5681
0.5681
0.5681
0.5681
0.5681
0.5681
0.5681
0.5681
0.5681
0.5681
0.5681
0.5681
0.5681
0.5681
0.5681
0.5681
0.5681
0.5681
0.5681
0.5681
0.5681
0.5681
0.5681
0.5681
0.5681
0.5681
0.5681
0.5681
0.5681
0.5681
0.5681
0.5681
0.5681
0.5681
0.5681
0.5681
0.5681
0.5681
0.5681
0.5681
0.5681
0.5681
0.5681
0.5681
0.5681
0.5681
0.5681
0.5681
0.5681
0.5681
0.5681
0.5681
0.5681
0.5681
0.5681
0.5681
0.5681
0.5681
0.5681
0.5681
0.5681
0.5681
0.5681
0.5681
0.5681
0.5681
0.5681
0.5681
0.5681
0.5681
0.5681
0.5681
0.5681
0.5681
0.5681
0.5681
0.5681
0.5681
0.5681
0.5681
0.5681
0.5681
0.5681
0.5681
0.5681
0.5681
0.5681
0.5681
0.5681
0.5681
0.5681
0.5681
0.5681
0.5681
0.5681
0.5681
0.5681
0.5681
0.5681
0.5681
0.5681
0.5681
0.5681
0.5681
0.5681
0.5681
0.5681
0.5681
0.5681
0.5681
0.5681
0.5681
0.5681
0.5681
0.5681
0.5681
0.5681
0.5681
0.5681
0.5681
0.5681
0.5681
0.5681
0.5681
0.5681
0.5681
0.5681
0.5681
0.5681
0.5681
0.5681
0.5681
0.5681
0.5681
0.5681
0.5681
0.5681
0.5681
0.5681
0.5681
0.5681
0.5681
0.5681
0.5681
0.5681
0.5681
0.5681
0.5681
0.5681
0.5681
0.5681
0.5681
0.5681
0.5681
0.5681
0.5681
0.5681
0.5681
0.5681
0.5681
0.5681
0.5681
0.5681
0.5681
0.5681
0.5681
0.5681
0.5681
0.5681
0.5681
0.5681
0.5681
0.5681
0.5681
0.5681
0.5681
0.5681
0.5681
0.5681
0.5681
0.5681
0.5681
0.5681
0.5681
0.5681
0.5681
0.5681
0.5681
0.5681
0.5681
0.5681
0.5681
0.5681
0.5681
0.5681
0.5681
0.5681
0.5681
0.5681
0.5681
0.5681
0.5681
0.5681
0.5681
0.5681
0.5681
0.5681
0.5681
0.5681
0.5681
0.5681
0.5681
0.5681
0.5681
0.5681
0.5681
0.5681
0.5681
0.5681
0.5681
0.5681
0.5681
0.5681
0.5681
0.5681
0.5681
0.5681
0.5681
0.5681
0.5681
0.5681
0.5681
0.5681
0.5681
0.5681
0.5681
0.5681
0.5681
0.5681
0.5681
0.5681
0.5681
0.5681
0.5681
0.5681
0.5681
0.5681
0.5681
0.5681
0.5681
0.5681
0.5681
0.5681
0.5681
0.5681
0.5681
0.5681
0.5681
0.5681
0.5681
0.5681
0.5681
0.5681
0.5681
0.5681
0.5681
0.5681
0.5681
0.5681
0.5681
0.5681
0.5681
0.5681
0.5681
0.5681
0.5681
0.5681
0.5681
0.5681
0.5681
0.5681
0.5681
0.5681
0.5681
0.5681
0.5681
0.5681
0.5681
0.5681
0.5681
0.5681
0.5681
0.5681
0.5681
0.5681
0.5681
0.5681
0.5681
0.5681
0.5681
0.5681
0.5681
0.5681
0.5681
0.5681
0.5681
0.5681
0.5681
0.5681
0.5681
0.5681
0.5681
0.5681
0.5681
0.5681
0.5681
0.5681
0.5681
0.5681
0.5681
0.5681
0.5681
0.5681
0.5681
0.5681
0.5681
0.5681
0.5681
0.5681
0.5681
0.5681
0.5681
0.5681
0.5681
0.5681
0.5681
0.5681
0.5681
0.5681
0.5681
0.5681
0.5681
0.5681
0.5681
0.5681
0.5681
0.5681
0.5681
0.5681
0.5681
0.5681
0.5681
0.5681
0.5681
0.5681
0.5681
0.5681
0.5681
0.5681
0.5681
0.5681
0.5681
0.5681
0.5681
0.5681
0.5681
0.5681
0.5681
0.5681
0.5681
0.5681
0.5681
0.5681
0.5681
0.5681
0.5681
0.5681
0.5681
0.5681
0.5681
0.5681
0.5681
0.5681
0.5681
0.5681
0.5681
0.5681
0.5681
0.5681
0.5681
0.5681
0.5681
0.5681
0.5681
0.5681
0.5681
0.5681
0.5681
0.5681
0.5681
0.5681
0.5681
0.5681
0.5681
0.5681
0.5681
0.5681
0.5681
0.5681
0.5681
0.5681
0.5681
0.5681
0.5681
0.5681
0.5681
0.5681
0.5681
0.5681
0.5681
0.5681
0.5681
0.5681
0.5681
0.5681
0.5681
0.5681
0.5681
0.5681
0.5681
0.5681
0.5681
0.5681
0.5681
0.5681
0.5681
0.5681
0.5681
0.5681
0.5681
0.5681
0.5681
0.5681
0.5681
0.5681
0.5681
0.5681
0.5681
0.5681
0.5681
0.5681
0.5681
0.5681
0.5681
0.5681
0.5681
0.5681
0.5681
0.5681
0.5681
0.5681
0.5681
0.5681
0.5681
0.5681
0.5681
0.5681
0.5681
0.5681
0.5681
0.5681
0.5681
0.5681
0.5681
0.5681
0.5681
0.5681
0.5681
0.5681
0.5681
0.5681
0.5681
0.5681
0.5681
0.5681
0.5681
0.5681
0.5681
0.5681
0.5681
0.5681
0.5681
0.5681
0.5681
0.5681
0.5681
0.5681
0.5681
0.5681
0.5681
0.5681
0.5681
0.5681
0.5681
0.5681
0.5681
0.5681
0.5681
0.5681
0.5681
0.5681
0.5681
0.5681
0.5681
0.5681
0.5681
0.5681
0.5681
0.5681
0.5681
0.5681
0.5681
0.5681
0.5681
0.5681
0.5681
0.5681
0.5681
0.5681
0.5681
0.5681
0.5681
0.5681
0.5681
0.5681
0.5681
0.5681
0.5681
0.5681
0.5681
0.5681
0.5681
0.5681
0.5681
0.5681
0.5681
0.5681
0.5681
0.5681
0.5681
0.5681
0.5681
0.5681
0.5681
0.5681
0.5681
0.5681
0.5681
0.5681
0.5681
0.5681
0.5681
0.5681
0.5681
0.5681
0.5681
0.5681
0.5681
0.5681
0.5681
0.5681
0.5681
0.5681
0.5681
0.5681
0.5681
0.5681
0.5681
0.5681
0.5681
0.5681
0.5681
0.5681
0.5681
0.5681
0.5681
0.5681
0.5681
0.5681
0.5681
0.5681
0.5681
0.5681
0.5681
0.5681
0.5681
0.5681
0.5681
0.5681
0.5681
0.5681
0.5681
0.5681
0.5681
0.5681
0.5681
0.5681
0.5681
0.5681
0.5681
0.5681
0.5681
0.5681
0.5681
0.5681
0.5681
0.5681
0.5681
0.5681
0.5681
0.5681
0.5681
0.5681
0.5681
0.5681
0.5681
0.5681
0.5681
0.5681
0.5681
0.5681
0.5681
0.5681
0.5681
0.5681
0.5681
0.5681
0.5681
0.5681
0.5681
0.5681
0.5681
0.5681
0.5681
0.5681
0.5681
0.5681
0.5681
0.5681
0.5681
0.5681
0.5681
0.5681
0.5681
0.5681
0.5681
0.5681
0.5681
0.5681
0.5681
0.5681
0.5681
0.5681
0.5681
0.5681
0.5681
0.5681
0.5681
0.5681
0.5681
0.5681
0.5681
0.5681
0.5681
0.5681
0.5681
0.5681
0.5681
0.5681
0.5681
0.5681
0.5681
0.5681
0.5681
0.5681
0.5681
0.5681
0.5681
0.5681
0.5681
0.5681
0.5681
0.5681
0.5681
0.5681
0.5681
0.5681
0.5681
0.5681
0.5681
0.5681
0.5681
0.5681
0.5681
0.5681
0.5681
0.5681
0.5681
0.5681
0.5681
0.5681
0.5681
0.5681
0.5681
0.5681
0.5681
0.5681
0.5681
0.5681
0.5681
0.5681
0.5681
0.5681
0.5681
0.5681
0.5681
0.5681
0.5681
0.5681
0.5681
0.5681
0.5681
0.5681
0.5681
0.5681
0.5681
0.5681
0.5681
0.5681
0.5681
0.5681
0.5681
0.5681
0.5681
0.5681
0.5681
0.5681
0.5681
0.5681
0.5681
0.5681
0.5681
0.5681
0.5681
0.5681
0.5681
0.5681
0.5681
0.5681
0.5681
0.5681
0.5681
0.5681
0.5681
0.5681
0.5681
0.5681
0.5681
0.5681
0.5681
0.5681
0.5681
0.5681
0.5681
0.5681
0.5681
0.5681
0.5681
0.5681
0.5681
0.5681
0.5681
0.5681
0.5681
0.5681
0.5681
0.5681
0.5681
0.5681
0.5681
0.5681
0.5681
0.5681
0.5681
0.5681
0.5681
0.5681
0.5681
0.5681
0.5681
0.5681
0.5681
0.5681
0.5681
0.5681
0.5681
0.5681
0.5681
0.5681
0.5681
0.5681
0.5681
0.5681
0.5681
0.5681
0.5681
0.5681
0.5681
0.5681
0.5681
0.5681
0.5681
0.5681
0.5681
0.5681
0.5681
0.5681
0.5681
0.5681
0.5681
0.5681
0.5681
0.5681
0.5681
0.5681
0.5681
0.5681
0.5681
0.5681
0.5681
0.5681
0.5681
0.5681
0.5681
0.5681
0.5681
0.5681
0.5681
0.5681
0.5681
0.5681
0.5681
0.5681
0.5681
0.5681
0.5681
0.5681
0.5681
0.5681
0.5681
0.5681
0.5681
0.5681
0.5681
0.5681
0.5681
0.5681
0.5681
0.5681
0.5681
0.5681
0.5681
0.5681
0.5681
0.5681
0.5681
0.5681
0.5681
0.5681
0.5681
0.5681
0.5681
0.5681
0.5681
0.5681
0.5681
0.5681
0.5681
0.5681
0.5681
0.5681
0.5681
0.5681
0.5681
0.5681
0.5681
0.5681
0.5681
0.5681
0.5681
0.5681
0.5681
0.5681
0.5681
0.5681
0.5681
0.5681
0.5681
0.5681
0.5681
0.5681
0.5681
0.5681
0.5681
0.5681
0.5681
0.5681
0.5681
0.5681
0.5681
0.5681
0.5681
0.5681
0.5681
0.5681
0.5681
0.5681
0.5681
0.5681
0.5681
0.5681
0.5681
0.5681
0.5681
0.5681
0.5681
0.5681
0.5681
0.5681
0.5681
0.5681
0.5681
0.5681
0.5681
0.5681
0.5681
0.5681
0.5681
0.5681
0.5681
0.5681
0.5681
0.5681
0.5681
0.5681
0.5681
0.5681
0.5681
0.5681
0.5681
0.5681
0.5681
0.5681
0.5681
0.5681
0.5681
0.5681
0.5681
0.5681
0.5681
0.5681
0.5681
0.5681
0.5681
0.5681
0.5681
0.5681
0.5681
0.5681
0.5681
0.5681
0.5681
0.5681
0.5681
0.5681
0.5681
0.5681
0.5681
0.5681
0.5681
0.5681
0.5681
0.5681
0.5681
0.5681
0.5681
0.5681
0.5681
0.5681
0.5681
0.5681
0.5681
0.5681
0.5681
0.5681
0.5681
0.5681
0.5681
0.5681
0.5681
0.5681
0.5681
0.5681
0.5681
0.5681
0.5681
0.5681
0.5681
0.5681
0.5681
0.5681
0.5681
0.5681
0.5681
0.5681
0.5681
0.5681
0.5681
0.5681
0.5681
0.5681
0.5681
0.5681
0.5681
0.5681
0.5681
0.5681
0.5681
0.5681
0.5681
0.5681
0.5681
0.5681
0.5681
0.5681
0.5681
0.5681
0.5681
0.5681
0.5681
0.5681
0.5681
0.5681
0.5681
0.5681
0.5681
0.5681
0.5681
0.5681
0.5681
0.5681
0.5681
0.5681
0.5681
0.5681
0.5681
0.5681
0.5681
0.5681
0.5681
0.5681
0.5681
0.5681
0.5681
0.5681
0.5681
0.5681
0.5681
0.5681
0.5681
0.5681
0.5681
0.5681
0.5681
0.5681
0.5681
0.5681
0.5681
0.5681
0.5681
0.5681
0.5681
0.5681
0.5681
0.5681
0.5681
0.5681
0.5681
0.5681
0.5681
0.5681
0.5681
0.5681
0.5681
0.5681
0.5681
0.5681
0.5681
0.5681
0.5681
0.5681
0.5681
0.5681
0.5681
0.5681
0.5681
0.5681
0.5681
0.5681
0.5681
0.5681
0.5681
0.5681
0.5681
0.5681
0.5681
0.5681
0.5681
0.5681
0.5681
0.5681
0.5681
0.5681
0.5681
0.5681
0.5681
0.5681
0.5681
0.5681
0.5681
0.5681
0.5681
0.5681
0.5681
0.5681
0.5681
0.5681
0.5681
0.5681
0.5681
0.5681
0.5681
0.5681
0.5681
0.5681
0.5681
0.5681
0.5681
0.5681
0.5681
0.5681
0.5681
0.5681
0.5681
0.5681
0.5681
0.5681
0.5681
0.5681
0.5681
0.5681
0.5681
0.5681
0.5681
0.5681
0.5681
0.5681
0.5681
0.5681
0.5681
0.5681
0.5681
0.5681
0.5681
0.5681
0.5681
0.5681
0.5681
0.5681
0.5681
0.5681
0.5681
0.5681
0.5681
0.5681
0.5681
0.5681
0.5681
0.5681
0.5681
0.5681
0.5681
0.5681
0.5681
0.5681
0.5681
0.5681
0.5681
0.5681
0.5681
0.5681
0.5681
0.5681
0.5681
0.5681
0.5681
0.5681
0.5681
0.5681
0.5681
0.5681
0.5681
0.5681
0.5681
0.5681
0.5681
0.5681
0.5681
0.5681
0.5681
0.5681
0.5681
0.5681
0.5681
0.5681
0.5681
0.5681
0.5681
0.5681
0.5681
0.5681
0.5681
0.5681
0.5681
0.5681
0.5681
0.5681
0.5681
0.5681
0.5681
0.5681
0.5681
0.5681
0.5681
0.5681
0.5681
0.5681
0.5681
0.5681
0.5681
0.5681
0.5681
0.5681
0.5681
0.5681
0.5681
0.5681
0.5681
0.5681
0.5681
0.5681
0.5681
0.5681
0.5681
0.5681
0.5681
0.5681
0.5681
0.5681
0.5681
0.5681
0.5681
0.5681
0.5681
0.5681
0.5681
0.5681
0.5681
0.5681
0.5681
0.5681
0.5681
0.5681
0.5681
0.5681
0.5681
0.5681
0.5681
0.5681
0.5681
0.5681
0.5681
0.5681
0.5681
0.5681
0.5681
0.5681
0.5681
0.5681
0.5681
0.5681
0.5681
0.5681
0.5681
0.5681
0.5681
0.5681
0.5681
0.5681
0.5681
0.5681
0.5681
0.5681
0.5681
0.5681
0.5681
0.5681
0.5681
0.5681
0.5681
0.5681
0.5681
0.5681
0.5681
0.5681
0.5681
0.5681
0.5681
0.5681
0.5681
0.5681
0.5681
0.5681
0.5681
0.5681
0.5681
0.5681
0.5681
0.5681
0.5681
0.5681
0.5681
0.5681
0.5681
0.5681
0.5681
0.5681
0.5681
0.5681
0.5681
0.5681
0.5681
0.5681
0.5681
0.5681
0.5681
0.5681
0.5681
0.5681
0.5681
0.5681
0.5681
0.5681
0.5681
0.5681
0.5681
0.5681
0.5681
0.5681
0.5681
0.5681
0.5681
0.5681
0.5681
0.5681
0.5681
0.5681
0.5681
0.5681
0.5681
0.5681
0.5681
0.5681
0.5681
0.5681
0.5681
0.5681
0.5681
0.5681
0.5681
0.5681
0.5681
0.5681
0.5681
0.5681
0.5681
0.5681
0.5681
0.5681
0.5681
0.5681
0.5681
0.5681
0.5681
0.5681
0.5681
0.5681
0.5681
0.5681
0.5681
0.5681
0.5681
0.5681
0.5681
0.5681
0.5681
0.5681
0.5681
0.5681
0.5681
0.5681
0.5681
0.5681
0.5681
0.5681
0.5681
0.5681
0.5681
0.5681
0.5681
0.5681
0.5681
0.5681
0.5681
0.5681
0.5681
0.5681
0.5681
0.5681
0.5681
0.5681
0.5681
0.5681
0.5681
0.5681
0.5681
0.5681
0.5681
0.5681
0.5681
0.5681
0.5681
0.5681
0.5681
0.5681
0.5681
0.5681
0.5681
0.5681
0.5681
0.5681
0.5681
0.5681
0.5681
0.5681
0.5681
0.5681
0.5681
0.5681
0.5681
0.5681
0.5681
0.5681
0.5681
0.5681
0.5681
0.5681
0.5681
0.5681
0.5681
0.5681
0.5681
0.5681
0.5681
0.5681
0.5681
0.5681
0.5681
0.5681
0.5681
0.5681
0.5681
0.5681
0.5681
0.5681
0.5681
0.5681
0.5681
0.5681
0.5681
0.5681
0.5681
0.5681
0.5681
0.5681
0.5681
0.5681
0.5681
0.5681
0.5681
0.5681
0.5681
0.5681
0.5681
0.5681
0.5681
0.5681
0.5681
0.5681
0.5681
0.5681
0.5681
0.5681
0.5681
0.5681
0.5681
0.5681
0.5681
0.5681
0.5681
0.5681
0.5681
0.5681
0.5681
0.5681
0.5681
0.5681
0.5681
0.5681
0.5681
0.5681
0.5681
0.5681
0.5681
0.5681
0.5681
0.5681
0.5681
0.5681
0.5681
0.5681
0.5681
0.5681
0.5681
0.5681
0.5681
0.5681
0.5681
0.5681
0.5681
0.5681
0.5681
0.5681
0.5681
0.5681
0.5681
0.5681
0.5681
0.5681
0.5681
0.5681
0.5681
0.5681
0.5681
0.5681
0.5681
0.5681
0.5681
0.5681
0.5681
0.5681
0.5681
0.5681
0.5681
0.5681
0.5681
0.5681
0.5681
0.5681
0.5681
0.5681
0.5681
0.5681
0.5681
0.5681
0.5681
0.5681
0.5681
0.5681
0.5681
0.5681
0.5681
0.5681
0.5681
0.5681
0.5681
0.5681
0.5681
0.5681
0.5681
0.5681
0.5681
0.5681
0.5681
0.5681
0.5681
0.5681
0.5681
0.5681
0.5681
0.5681
0.5681
0.5681
0.5681
0.5681
0.5681
0.5681
0.5681
0.5681
0.5681
0.5681
0.5681
0.5681
0.5681
0.5681
0.5681
0.5681
0.5681
0.5681
0.5681
0.5681
0.5681
0.5681
0.5681
0.5681
0.5681
0.5681
0.5681
0.5681
0.5681
0.5681
0.5681
0.5681
0.5681
0.5681
0.5681
0.5681
0.5681
0.5681
0.5681
0.5681
0.5681
0.5681
0.5681
0.5681
0.5681
0.5681
0.5681
0.5681
0.5681
0.5681
0.5681
0.5681
0.5681
0.5681
0.5681
0.5681
0.5681
0.5681
0.5681
0.5681
0.5681
0.5681
0.5681
0.5681
0.5681
0.5681
0.5681
0.5681
0.5681
0.5681
0.5681
0.5681
0.5681
0.5681
0.5681
0.5681
0.5681
0.5681
0.5681
0.5681
0.5681
0.5681
0.5681
0.5681
0.5681
0.5681
0.5681
0.5681
0.5681
0.5681
0.5681
0.5681
0.5681
0.5681
0.5681
0.5681
0.5681
0.5681
0.5681
0.5681
0.5681
0.5681
0.5681
0.5681
0.5681
0.5681
0.5681
0.5681
0.5681
0.5681
0.5681
0.5681
0.5681
0.5681
0.5681
0.5681
0.5681
0.5681
0.5681
0.5681
0.5681
0.5681
0.5681
0.5681
0.5681
0.5681
0.5681
0.5681
0.5681
0.5681
0.5681
0.5681
0.5681
0.5681
0.5681
0.5681
0.5681
0.5681
0.5681
0.5681
0.5681
0.5681
0.5681
0.5681
0.5681
0.5681
0.5681
0.5681
0.5681
0.5681
0.5681
0.5681
0.5681
0.5681
0.5681
0.5681
0.5681
0.5681
0.5681
0.5681
0.5681
0.5681
0.5681
0.5681
0.5681
0.5681
0.5681
0.5681
0.5681
0.5681
0.5681
0.5681
0.5681
0.5681
0.5681
0.5681
0.5681
0.5681
0.5681
0.5681
0.5681
0.5681
0.5681
0.5681
0.5681
0.5681
0.5681
0.5681
0.5681
0.5681
0.5681
0.5681
0.5681
0.5681
0.5681
0.5681
0.5681
0.5681
0.5681
0.5681
0.5681
0.5681
0.5681
0.5681
0.5681
0.5681
0.5681
0.5681
0.5681
0.5681
0.5681
0.5681
0.5681
0.5681
0.5681
0.5681
0.5681
0.5681
0.5681
0.5681
0.5681
0.5681
0.5681
0.5681
0.5681
0.5681
0.5681
0.5681
0.5681
0.5681
0.5681
0.5681
0.5681
0.5681
0.5681
0.5681
0.5681
0.5681
0.5681
0.5681
0.5681
0.5681
0.5681
0.5681
0.5681
0.5681
0.5681
0.5681
0.5681
0.5681
0.5681
0.5681
0.5681
0.5681
0.5681
0.5681
0.5681
0.5681
0.5681
0.5681
0.5681
0.5681
0.5681
0.5681
0.5681
0.5681
0.5681
0.5681
0.5681
0.5681
0.5681
0.5681
0.5681
0.5681
0.5681
0.5681
0.5681
0.5681
0.5681
0.5681
0.5681
0.5681
0.5681
0.5681
0.5681
0.5681
0.5681
0.5681
0.5681
0.5681
0.5681
0.5681
0.5681
0.5681
0.5681
0.5681
0.5681
0.5681
0.5681
0.5681
0.5681
0.5681
0.5681
0.5681
0.5681
0.5681
0.5681
0.5681
0.5681
0.5681
0.5681
0.5681
0.5681
0.5681
0.5681
0.5681
0.5681
0.5681
0.5681
0.5681
0.5681
0.5681
0.5681
0.5681
0.5681
0.5681
0.5681
0.5681
0.5681
0.5681
0.5681
0.5681
0.5681
0.5681
0.5681
0.5681
0.5681
0.5681
0.5681
0.5681
0.5681
0.5681
0.5681
0.5681
0.5681
0.5681
0.5681
0.5681
0.5681
0.5681
0.5681
0.5681
0.5681
0.5681
0.5681
0.5681
0.5681
0.5681
0.5681
0.5681
0.5681
-0.2755
-0.276
-0.2765
-0.277
-0.2774
-0.2779
-0.2784
-0.2789
-0.2794
-0.2799
-0.2804
-0.2809
-0.2814
-0.2819
-0.2823
-0.2828
-0.2833
-0.2838
-0.2843
-0.2848
-0.2852
-0.2857
-0.2862
-0.2867
-0.2871
-0.2876
-0.2881
-0.2885
-0.289
-0.2894
-0.2899
-0.2903
-0.2907
-0.2912
-0.2916
-0.2921
-0.2925
-0.2929
-0.2934
-0.2938
-0.2943
-0.2948
-0.2952
-0.2957
-0.2961
-0.2966
-0.2971
-0.2975
-0.298
-0.2984
-0.2989
-0.2993
-0.2998
-0.3002
-0.3007
-0.3011
-0.3016
-0.302
-0.3025
-0.3029
-0.3034
-0.3038
-0.3042
-0.3046
-0.305
-0.3055
-0.3059
-0.3063
-0.3067
-0.3071
-0.3075
-0.3079
-0.3083
-0.3087
-0.3092
-0.3096
-0.31
-0.3104
-0.3108
-0.3113
-0.3117
-0.3121
-0.3125
-0.3129
-0.3134
-0.3138
-0.3142
-0.3147
-0.3151
-0.3155
-0.3159
-0.3163
-0.3168
-0.3172
-0.3176
-0.318
-0.3185
-0.3189
-0.3193
-0.3197
-0.3201
-0.3205
-0.3209
-0.3213
-0.3218
-0.3222
-0.3226
-0.323
-0.3233
-0.3237
-0.3241
-0.3245
-0.3249
-0.3253
-0.3257
-0.3261
-0.3265
-0.3268
-0.3272
-0.3276
-0.328
-0.3284
-0.3288
-0.3292
-0.3296
-0.33
-0.3304
-0.3308
-0.3311
-0.3315
-0.3319
-0.3323
-0.3327
-0.3331
-0.3335
-0.3339
-0.3343
-0.3347
-0.335
-0.3354
-0.3358
-0.3362
-0.3366
-0.337
-0.3373
-0.3377
-0.3381
-0.3385
-0.3389
-0.3393
-0.3397
-0.3401
-0.3404
-0.3408
-0.3412
-0.3416
-0.3419
-0.3423
-0.3427
-0.343
-0.3434
-0.3438
-0.3441
-0.3445
-0.3448
-0.3452
-0.3455
-0.3459
-0.3463
-0.3466
-0.347
-0.3473
-0.3476
-0.348
-0.3483
-0.3487
-0.349
-0.3494
-0.3497
-0.3501
-0.3504
-0.3508
-0.3511
-0.3514
-0.3518
-0.3521
-0.3524
-0.3528
-0.3531
-0.3535
-0.3538
-0.3542
-0.3545
-0.3548
-0.3551
-0.3555
-0.3558
-0.3561
-0.3565
-0.3568
-0.3571
-0.3575
-0.3578
-0.3581
-0.3584
-0.3587
-0.3591
-0.3594
-0.3597
-0.36
-0.3603
-0.3606
-0.3609
-0.3612
-0.3615
-0.3618
-0.3621
-0.3623
-0.3626
-0.3629
-0.3632
-0.3635
-0.3638
-0.3641
-0.3644
-0.3647
-0.365
-0.3653
-0.3655
-0.3658
-0.3661
-0.3664
-0.3667
-0.3669
-0.3672
-0.3675
-0.3678
-0.3681
-0.3683
-0.3686
-0.3689
-0.3691
-0.3694
-0.3697
-0.3699
-0.3702
-0.3705
-0.3707
-0.371
-0.3713
-0.3715
-0.3718
-0.372
-0.3723
-0.3726
-0.3728
-0.3731
-0.3734
-0.3737
-0.3739
-0.3742
-0.3744
-0.3747
-0.375
-0.3752
-0.3755
-0.3757
-0.376
-0.3762
-0.3765
-0.3768
-0.377
-0.3773
-0.3775
-0.3778
-0.378
-0.3782
-0.3785
-0.3787
-0.379
-0.3792
-0.3795
-0.3797
-0.38
-0.3802
-0.3804
-0.3807
-0.3809
-0.3812
-0.3814
-0.3816
-0.3819
-0.3821
-0.3823
-0.3826
-0.3828
-0.383
-0.3832
-0.3834
-0.3837
-0.3839
-0.3841
-0.3844
-0.3846
-0.3848
-0.385
-0.3852
-0.3855
-0.3857
-0.3859
-0.3861
-0.3864
-0.3866
-0.3868
-0.387
-0.3872
-0.3874
-0.3877
-0.3879
-0.3881
-0.3883
-0.3885
-0.3887
-0.3889
-0.3891
-0.3893
-0.3895
-0.3897
-0.3899
-0.3901
-0.3903
-0.3905
-0.3907
-0.3909
-0.3911
-0.3913
-0.3915
-0.3918
-0.392
-0.3922
-0.3924
-0.3926
-0.3928
-0.393
-0.3932
-0.3934
-0.3936
-0.3938
-0.394
-0.3942
-0.3944
-0.3946
-0.3948
-0.395
-0.3952
-0.3954
-0.3956
-0.3958
-0.396
-0.3962
-0.3964
-0.3966
-0.3968
-0.397
-0.3972
-0.3974
-0.3976
-0.3978
-0.3981
-0.3983
-0.3984
-0.3986
-0.3988
-0.399
-0.3992
-0.3994
-0.3996
-0.3998
-0.4
-0.4002
-0.4004
-0.4006
-0.4008
-0.401
-0.4012
-0.4014
-0.4016
-0.4018
-0.4019
-0.4021
-0.4023
-0.4025
-0.4027
-0.4029
-0.403
-0.4032
-0.4034
-0.4036
-0.4038
-0.404
-0.4042
-0.4044
-0.4045
-0.4047
-0.4049
-0.4051
-0.4053
-0.4054
-0.4056
-0.4058
-0.406
-0.4061
-0.4063
-0.4065
-0.4066
-0.4068
-0.407
-0.4071
-0.4073
-0.4075
-0.4077
-0.4079
-0.408
-0.4082
-0.4084
-0.4085
-0.4087
-0.4089
-0.409
-0.4092
-0.4094
-0.4095
-0.4097
-0.4099
-0.41
-0.4102
-0.4104
-0.4105
-0.4107
-0.4109
-0.411
-0.4112
-0.4114
-0.4116
-0.4117
-0.4119
-0.4121
-0.4122
-0.4124
-0.4126
-0.4127
-0.4129
-0.4131
-0.4133
-0.4134
-0.4136
-0.4137
-0.4139
-0.414
-0.4142
-0.4143
-0.4145
-0.4147
-0.4148
-0.415
-0.4151
-0.4153
-0.4154
-0.4156
-0.4157
-0.4159
-0.416
-0.4162
-0.4163
-0.4165
-0.4166
-0.4168
-0.4169
-0.4171
-0.4172
-0.4174
-0.4175
-0.4176
-0.4178
-0.4179
-0.418
-0.4182
-0.4183
-0.4185
-0.4186
-0.4188
-0.4189
-0.419
-0.4191
-0.4193
-0.4194
-0.4196
-0.4197
-0.4198
-0.42
-0.4201
-0.4202
-0.4204
-0.4205
-0.4206
-0.4207
-0.4209
-0.421
-0.4211
-0.4212
-0.4213
-0.4215
-0.4216
-0.4217
-0.4218
-0.4219
-0.422
-0.4221
-0.4223
-0.4224
-0.4225
-0.4226
-0.4228
-0.4229
-0.423
-0.4231
-0.4233
-0.4234
-0.4235
-0.4236
-0.4238
-0.4239
-0.424
-0.4241
-0.4243
-0.4244
-0.4245
-0.4246
-0.4247
-0.4249
-0.425
-0.4251
-0.4252
-0.4253
-0.4254
-0.4255
-0.4257
-0.4258
-0.4259
-0.426
-0.4261
-0.4262
-0.4263
-0.4264
-0.4266
-0.4267
-0.4268
-0.4269
-0.4271
-0.4272
-0.4273
-0.4274
-0.4275
-0.4276
-0.4277
-0.4279
-0.428
-0.4281
-0.4282
-0.4283
-0.4284
-0.4285
-0.4287
-0.4288
-0.4289
-0.429
-0.4291
-0.4293
-0.4294
-0.4295
-0.4296
-0.4297
-0.4298
-0.43
-0.4301
-0.4302
-0.4303
-0.4305
-0.4306
-0.4307
-0.4308
-0.4309
-0.4311
-0.4312
-0.4313
-0.4314
-0.4316
-0.4317
-0.4318
-0.4319
-0.4321
-0.4322
-0.4323
-0.4324
-0.4325
-0.4327
-0.4328
-0.4329
-0.433
-0.4332
-0.4333
-0.4334
-0.4336
-0.4337
-0.4338
-0.4339
-0.4341
-0.4342
-0.4343
-0.4345
-0.4346
-0.4347
-0.4349
-0.435
-0.4351
-0.4353
-0.4354
-0.4355
-0.4357
-0.4358
-0.4359
-0.4361
-0.4362
-0.4363
-0.4365
-0.4366
-0.4367
-0.4368
-0.4369
-0.4371
-0.4372
-0.4373
-0.4375
-0.4376
-0.4377
-0.4379
-0.438
-0.4381
-0.4383
-0.4384
-0.4386
-0.4387
-0.4388
-0.439
-0.4391
-0.4393
-0.4394
-0.4396
-0.4397
-0.4399
-0.44
-0.4401
-0.4403
-0.4404
-0.4406
-0.4407
-0.4408
-0.441
-0.4411
-0.4412
-0.4413
-0.4415
-0.4416
-0.4417
-0.4419
-0.442
-0.4421
-0.4423
-0.4424
-0.4426
-0.4427
-0.4428
-0.443
-0.4431
-0.4433
-0.4434
-0.4435
-0.4437
-0.4438
-0.444
-0.4441
-0.4442
-0.4444
-0.4445
-0.4447
-0.4448
-0.4449
-0.4451
-0.4452
-0.4453
-0.4454
-0.4456
-0.4457
-0.4458
-0.4459
-0.4461
-0.4462
-0.4463
-0.4464
-0.4465
-0.4467
-0.4468
-0.4469
-0.447
-0.4471
-0.4472
-0.4473
-0.4474
-0.4476
-0.4477
-0.4478
-0.4479
-0.448
-0.4481
-0.4482
-0.4483
-0.4484
-0.4485
-0.4486
-0.4487
-0.4488
-0.4489
-0.449
-0.4491
-0.4492
-0.4493
-0.4494
-0.4495
-0.4496
-0.4497
-0.4498
-0.4499
-0.45
-0.4501
-0.4502
-0.4503
-0.4504
-0.4505
-0.4506
-0.4507
-0.4508
-0.4509
-0.4509
-0.451
-0.4511
-0.4512
-0.4513
-0.4514
-0.4515
-0.4515
-0.4516
-0.4517
-0.4518
-0.4518
-0.4519
-0.452
-0.4521
-0.4522
-0.4523
-0.4524
-0.4524
-0.4525
-0.4526
-0.4527
-0.4528
-0.4529
-0.4529
-0.453
-0.4531
-0.4532
-0.4533
-0.4534
-0.4535
-0.4535
-0.4536
-0.4537
-0.4538
-0.4538
-0.4539
-0.454
-0.4541
-0.4542
-0.4543
-0.4543
-0.4544
-0.4545
-0.4546
-0.4547
-0.4547
-0.4548
-0.4549
-0.455
-0.455
-0.4551
-0.4552
-0.4553
-0.4554
-0.4555
-0.4555
-0.4556
-0.4557
-0.4558
-0.4559
-0.4559
-0.456
-0.4561
-0.4562
-0.4563
-0.4564
-0.4565
-0.4565
-0.4566
-0.4567
-0.4568
-0.4569
-0.457
-0.4571
-0.4572
-0.4573
-0.4573
-0.4574
-0.4575
-0.4576
-0.4577
-0.4578
-0.4579
-0.458
-0.4581
-0.4581
-0.4582
-0.4583
-0.4584
-0.4585
-0.4586
-0.4587
-0.4587
-0.4588
-0.4589
-0.459
-0.4591
-0.4592
-0.4593
-0.4594
-0.4595
-0.4596
-0.4597
-0.4598
-0.4599
-0.4599
-0.46
-0.4601
-0.4602
-0.4603
-0.4604
-0.4605
-0.4606
-0.4607
-0.4608
-0.4608
-0.4609
-0.461
-0.4611
-0.4612
-0.4613
-0.4614
-0.4614
-0.4615
-0.4616
-0.4617
-0.4618
-0.4619
-0.462
-0.462
-0.4621
-0.4622
-0.4623
-0.4624
-0.4625
-0.4625
-0.4626
-0.4627
-0.4628
-0.4629
-0.4629
-0.463
-0.4631
-0.4632
-0.4632
-0.4633
-0.4634
-0.4635
-0.4636
-0.4636
-0.4637
-0.4638
-0.4638
-0.4639
-0.464
-0.464
-0.4641
-0.4642
-0.4642
-0.4643
-0.4644
-0.4644
-0.4645
-0.4646
-0.4646
-0.4647
-0.4647
-0.4648
-0.4649
-0.4649
-0.465
-0.4651
-0.4651
-0.4652
-0.4653
-0.4653
-0.4654
-0.4655
-0.4655
-0.4656
-0.4656
-0.4657
-0.4657
-0.4657
-0.4658
-0.4658
-0.4659
-0.4659
-0.466
-0.466
-0.4661
-0.4661
-0.4661
-0.4662
-0.4662
-0.4663
-0.4663
-0.4663
-0.4664
-0.4664
-0.4665
-0.4665
-0.4666
-0.4666
-0.4667
-0.4667
-0.4667
-0.4668
-0.4668
-0.4669
-0.4669
-0.4669
-0.467
-0.467
-0.4671
-0.4671
-0.4672
-0.4672
-0.4673
-0.4673
-0.4674
-0.4674
-0.4675
-0.4675
-0.4676
-0.4677
-0.4677
-0.4678
-0.4679
-0.4679
-0.468
-0.4681
-0.4681
-0.4682
-0.4683
-0.4684
-0.4684
-0.4685
-0.4686
-0.4686
-0.4687
-0.4688
-0.4689
-0.469
-0.4691
-0.4691
-0.4692
-0.4693
-0.4694
-0.4695
-0.4696
-0.4697
-0.4698
-0.4699
-0.47
-0.4701
-0.4702
-0.4703
-0.4705
-0.4706
-0.4707
-0.4708
-0.4709
-0.471
-0.4711
-0.4712
-0.4713
-0.4714
-0.4715
-0.4716
-0.4718
-0.4719
-0.472
-0.4721
-0.4722
-0.4723
-0.4725
-0.4726
-0.4727
-0.4728
-0.473
-0.4731
-0.4732
-0.4734
-0.4735
-0.4736
-0.4738
-0.4739
-0.4741
-0.4742
-0.4744
-0.4746
-0.4747
-0.4749
-0.475
-0.4752
-0.4753
-0.4755
-0.4756
-0.4758
-0.476
-0.4761
-0.4763
-0.4765
-0.4766
-0.4768
-0.477
-0.4771
-0.4773
-0.4775
-0.4776
-0.4778
-0.478
-0.4782
-0.4783
-0.4785
-0.4787
-0.4789
-0.4791
-0.4793
-0.4795
-0.4797
-0.4798
-0.48
-0.4802
-0.4804
-0.4806
-0.4808
-0.481
-0.4812
-0.4814
-0.4817
-0.4819
-0.4821
-0.4823
-0.4825
-0.4827
-0.4829
-0.4831
-0.4834
-0.4836
-0.4838
-0.484
-0.4843
-0.4845
-0.4847
-0.4849
-0.4852
-0.4854
-0.4856
-0.4858
-0.4861
-0.4863
-0.4865
-0.4867
-0.487
-0.4872
-0.4874
-0.4877
-0.4879
-0.4881
-0.4884
-0.4886
-0.4888
-0.4891
-0.4893
-0.4895
-0.4898
-0.49
-0.4903
-0.4905
-0.4908
-0.4911
-0.4913
-0.4915
-0.4918
-0.492
-0.4923
-0.4925
-0.4928
-0.493
-0.4933
-0.4935
-0.4938
-0.4941
-0.4943
-0.4946
-0.4948
-0.4951
-0.4953
-0.4955
-0.4958
-0.4961
-0.4963
-0.4966
-0.4968
-0.4971
-0.4973
-0.4976
-0.4979
-0.4981
-0.4984
-0.4986
-0.4989
-0.4991
-0.4994
-0.4996
-0.4999
-0.5001
-0.5003
-0.5006
-0.5008
-0.5011
-0.5013
-0.5016
-0.5018
-0.5021
-0.5023
-0.5025
-0.5028
-0.503
-0.5033
-0.5035
-0.5038
-0.504
-0.5043
-0.5045
-0.5048
-0.505
-0.5053
-0.5055
-0.5058
-0.506
-0.5062
-0.5065
-0.5067
-0.507
-0.5072
-0.5074
-0.5077
-0.5079
-0.5082
-0.5084
-0.5086
-0.5089
-0.5091
-0.5094
-0.5096
-0.5098
-0.5101
-0.5103
-0.5106
-0.5108
-0.5108
-0.5113
-0.5116
-0.5118
-0.512
-0.5123
-0.5125
-0.5128
-0.513
-0.5132
-0.5135
-0.5137
-0.5139
-0.5142
-0.5144
-0.5146
-0.5148
-0.5151
-0.5153
-0.5155
-0.5157
-0.5159
-0.5162
-0.5164
-0.5166
-0.5169
-0.5171
-0.5173
-0.5175
-0.5177
-0.518
-0.5182
-0.5184
-0.5186
-0.5188
-0.519
-0.5192
-0.5194
-0.5196
-0.5198
-0.52
-0.5202
-0.5204
-0.5206
-0.5208
-0.521
-0.5212
-0.5214
-0.5216
-0.5218
-0.5219
-0.5221
-0.5223
-0.5225
-0.5227
-0.5229
-0.5231
-0.5233
-0.5235
-0.5236
-0.5238
-0.524
-0.5242
-0.5244
-0.5246
-0.5248
-0.525
-0.5251
-0.5253
-0.5255
-0.5257
-0.5258
-0.526
-0.5262
-0.5264
-0.5266
-0.5268
-0.527
-0.5272
-0.5273
-0.5275
-0.5277
-0.5279
-0.528
-0.5282
-0.5284
-0.5286
-0.5287
-0.5289
-0.5291
-0.5293
-0.5295
-0.5296
-0.5298
-0.53
-0.5302
-0.5303
-0.5305
-0.5307
-0.5309
-0.531
-0.5312
-0.5314
-0.5315
-0.5317
-0.5319
-0.532
-0.5322
-0.5324
-0.5325
-0.5327
-0.5328
-0.533
-0.5331
-0.5333
-0.5334
-0.5336
-0.5337
-0.5339
-0.534
-0.5341
-0.5343
-0.5344
-0.5346
-0.5347
-0.5348
-0.535
-0.5351
-0.5352
-0.5354
-0.5355
-0.5357
-0.5358
-0.5359
-0.5361
-0.5362
-0.5364
-0.5365
-0.5367
-0.5368
-0.537
-0.5371
-0.5373
-0.5375
-0.5376
-0.5377
-0.5379
-0.538
-0.5382
-0.5383
-0.5384
-0.5386
-0.5387
-0.5388
-0.539
-0.5391
-0.5392
-0.5393
-0.5395
-0.5396
-0.5397
-0.5398
-0.54
-0.5401
-0.5402
-0.5403
-0.5405
-0.5406
-0.5407
-0.5408
-0.5409
-0.541
-0.5411
-0.5412
-0.5413
-0.5415
-0.5416
-0.5417
-0.5418
-0.5419
-0.5419
-0.542
-0.5421
-0.5422
-0.5423
-0.5424
-0.5425
-0.5426
-0.5427
-0.5428
-0.5429
-0.543
-0.5431
-0.5432
-0.5433
-0.5434
-0.5435
-0.5436
-0.5436
-0.5437
-0.5438
-0.5439
-0.544
-0.5441
-0.5441
-0.5442
-0.5443
-0.5444
-0.5444
-0.5445
-0.5446
-0.5447
-0.5448
-0.5448
-0.5449
-0.545
-0.545
-0.5451
-0.5451
-0.5452
-0.5453
-0.5453
-0.5454
-0.5454
-0.5455
-0.5455
-0.5455
-0.5456
-0.5456
-0.5457
-0.5457
-0.5457
-0.5458
-0.5458
-0.5459
-0.5459
-0.5459
-0.546
-0.546
-0.546
-0.5461
-0.5461
-0.5461
-0.5462
-0.5462
-0.5462
-0.5462
-0.5462
-0.5463
-0.5463
-0.5463
-0.5463
-0.5463
-0.5463
-0.5463
-0.5463
-0.5463
-0.5464
-0.5464
-0.5464
-0.5464
-0.5464
-0.5464
-0.5464
-0.5464
-0.5464
-0.5464
-0.5464
-0.5464
-0.5464
-0.5464
-0.5464
-0.5464
-0.5464
-0.5464
-0.5464
-0.5464
-0.5464
-0.5464
-0.5464
-0.5464
-0.5464
-0.5464
-0.5464
-0.5464
-0.5464
-0.5464
-0.5464
-0.5464
-0.5464
-0.5464
-0.5464
-0.5464
-0.5464
-0.5464
-0.5464
-0.5464
-0.5464
-0.5464
-0.5464
-0.5464
-0.5464
-0.5464
-0.5464
-0.5464
-0.5464
-0.5464
-0.5464
-0.5464
-0.5464
-0.5464
-0.5464
-0.5464
-0.5464
-0.5464
-0.5464
-0.5464
-0.5464
-0.5464
-0.5464
-0.5464
-0.5464
-0.5464
-0.5464
-0.5464
-0.5464
-0.5464
-0.5464
-0.5464
-0.5464
-0.5464
-0.5464
-0.5464
-0.5464
-0.5464
-0.5464
-0.5464
-0.5464
-0.5464
-0.5464
-0.5464
-0.5464
-0.5464
-0.5464
-0.5464
-0.5464
-0.5464
-0.5464
-0.5463
-0.5463
-0.5463
-0.5463
-0.5463
-0.5463
-0.5463
-0.5463
-0.5463
-0.5463
-0.5463
-0.5463
-0.5463
-0.5463
-0.5463
-0.5463
-0.5463
-0.5463
-0.5463
-0.5463
-0.5463
-0.5463
-0.5463
-0.5463
-0.5463
-0.5463
-0.5463
-0.5463
-0.5463
-0.5463
-0.5463
-0.5463
-0.5463
-0.5463
-0.5463
-0.5463
-0.5463
-0.5463
-0.5463
-0.5463
-0.5463
-0.5463
-0.5463
-0.5463
-0.5463
-0.5462
-0.5462
-0.5462
-0.5462
-0.5462
-0.5462
-0.5462
-0.5462
-0.5461
-0.5461
-0.5461
-0.5461
-0.5461
-0.5461
-0.5461
-0.5461
-0.5461
-0.5461
-0.5461
-0.5461
-0.5461
-0.5461
-0.5461
-0.5461
-0.5461
-0.5461
-0.5461
-0.5461
-0.5461
-0.5461
-0.5461
-0.5461
-0.5461
-0.5461
-0.546
-0.546
-0.546
-0.546
-0.546
-0.546
-0.546
-0.546
-0.546
-0.546
-0.5459
-0.5459
-0.5459
-0.5459
-0.5459
-0.5459
-0.5458
-0.5458
-0.5458
-0.5458
-0.5458
-0.5457
-0.5457
-0.5457
-0.5457
-0.5456
-0.5456
-0.5456
-0.5455
-0.5455
-0.5455
-0.5454
-0.5454
-0.5454
-0.5453
-0.5453
-0.5452
-0.5452
-0.5451
-0.5451
-0.545
-0.545
-0.5449
-0.5449
-0.5448
-0.5447
-0.5447
-0.5446
-0.5445
-0.5444
-0.5443
-0.5442
-0.5441
-0.544
-0.5439
-0.5438
-0.5437
-0.5436
-0.5435
-0.5433
-0.5432
-0.5431
-0.543
-0.5428
-0.5427
-0.5426
-0.5424
-0.5423
-0.5421
-0.542
-0.5418
-0.5416
-0.5414
-0.5413
-0.5411
-0.5409
-0.5407
-0.5405
-0.5403
-0.5402
-0.54
-0.5397
-0.5395
-0.5393
-0.5391
-0.5389
-0.5387
-0.5384
-0.5382
-0.538
-0.5377
-0.5375
-0.5372
-0.537
-0.5367
-0.5365
-0.5362
-0.5359
-0.5357
-0.5354
-0.5351
-0.5348
-0.5345
-0.5342
-0.5339
-0.5336
-0.5333
-0.5329
-0.5326
-0.5323
-0.5319
-0.5316
-0.5312
-0.5309
-0.5305
-0.5301
-0.5298
-0.5294
-0.529
-0.5286
-0.5282
-0.5278
-0.5274
-0.527
-0.5266
-0.5262
-0.5258
-0.5254
-0.525
-0.5246
-0.5242
-0.5237
-0.5233
-0.5229
-0.5224
-0.522
-0.5216
-0.5211
-0.5207
-0.5202
-0.5197
-0.5193
-0.5188
-0.5183
-0.5179
-0.5174
-0.5169
-0.5165
-0.516
-0.5155
-0.515
-0.5145
-0.514
-0.5135
-0.513
-0.5124
-0.5119
-0.5114
-0.5109
-0.5103
-0.5098
-0.5093
-0.5087
-0.5082
-0.5076
-0.507
-0.5065
-0.5059
-0.5054
-0.5048
-0.5043
-0.5037
-0.5031
-0.5026
-0.502
-0.5015
-0.5009
-0.5003
-0.4998
-0.4992
-0.4986
-0.498
-0.4975
-0.4969
-0.4962
-0.4956
-0.495
-0.4944
-0.4938
-0.4931
-0.4925
-0.4918
-0.4912
-0.4906
-0.4899
-0.4893
-0.4886
-0.488
-0.4873
-0.4867
-0.4861
-0.4854
-0.4848
-0.4842
-0.4836
-0.4829
-0.4823
-0.4817
-0.481
-0.4804
-0.4797
-0.4791
-0.4784
-0.4778
-0.4771
-0.4764
-0.4758
-0.4751
-0.4745
-0.4738
-0.4731
-0.4724
-0.4718
-0.4711
-0.4704
-0.4698
-0.4691
-0.4684
-0.4677
-0.4671
-0.4664
-0.4657
-0.4651
-0.4644
-0.4637
-0.4631
-0.4624
-0.4617
-0.4611
-0.4604
-0.4597
-0.459
-0.4583
-0.4576
-0.4569
-0.4562
-0.4555
-0.4548
-0.4542
-0.4535
-0.4528
-0.4521
-0.4514
-0.4507
-0.45
-0.4493
-0.4486
-0.448
-0.4473
-0.4466
-0.4459
-0.4453
-0.4446
-0.4439
-0.4433
-0.4426
-0.4419
-0.4412
-0.4405
-0.4398
-0.4391
-0.4385
-0.4377
-0.437
-0.4363
-0.4356
-0.4349
-0.4342
-0.4335
-0.4328
-0.4321
-0.4314
-0.4307
-0.43
-0.4293
-0.4286
-0.4279
-0.4272
-0.4265
-0.4259
-0.4252
-0.4245
-0.4239
-0.4232
-0.4225
-0.4218
-0.4212
-0.4205
-0.4198
-0.4191
-0.4184
-0.4177
-0.417
-0.4163
-0.4156
-0.4149
-0.4142
-0.4135
-0.4128
-0.4121
-0.4114
-0.4107
-0.4099
-0.4092
-0.4085
-0.4078
-0.4071
-0.4064
-0.4057
-0.4051
-0.4044
-0.4037
-0.403
-0.4023
-0.4016
-0.4009
-0.4002
-0.3995
-0.3988
-0.3981
-0.3974
-0.3967
-0.3959
-0.3952
-0.3945
-0.3938
-0.393
-0.3923
-0.3916
-0.3909
-0.3901
-0.3894
-0.3887
-0.388
-0.3872
-0.3865
-0.3858
-0.3851
-0.3844
-0.3837
-0.383
-0.3822
-0.3815
-0.3808
-0.3801
-0.3793
-0.3786
-0.3778
-0.3771
-0.3763
-0.3755
-0.3748
-0.374
-0.3732
-0.3725
-0.3717
-0.3709
-0.3701
-0.3694
-0.3686
-0.3678
-0.3671
-0.3663
-0.3656
-0.3648
-0.3641
-0.3634
-0.3626
-0.3619
-0.3611
-0.3604
-0.3596
-0.3588
-0.358
-0.3573
-0.3565
-0.3557
-0.3549
-0.3541
-0.3533
-0.3524
-0.3516
-0.3508
-0.35
-0.3491
-0.3483
-0.3475
-0.3467
-0.3459
-0.3451
-0.3443
-0.3436
-0.3428
-0.342
-0.3412
-0.3404
-0.3396
-0.3388
-0.338
-0.3371
-0.3363
-0.3355
-0.3347
-0.3338
-0.333
-0.3321
-0.3313
-0.3304
-0.3296
-0.3287
-0.3279
-0.3271
-0.3262
-0.3254
-0.3245
-0.3237
-0.3229
-0.3221
-0.3212
-0.3204
-0.3196
-0.3187
-0.3179
-0.317
-0.3162
-0.3153
-0.3145
-0.3136
-0.3127
-0.3118
-0.3109
-0.31
-0.3092
-0.3083
-0.3074
-0.3065
-0.3056
-0.3048
-0.3039
-0.303
-0.3021
-0.3013
-0.3004
-0.2996
-0.2987
-0.2978
-0.2969
-0.2961
-0.2952
-0.2943
-0.2934
-0.2925
-0.2916
-0.2907
-0.2898
-0.2889
-0.288
-0.287
-0.2861
-0.2852
-0.2843
-0.2834
-0.2825
-0.2816
-0.2807
-0.2798
-0.2789
-0.278
-0.2771
-0.2762
-0.2752
-0.2743
-0.2734
-0.2725
-0.2715
-0.2706
-0.2697
-0.2688
-0.2678
-0.2669
-0.266
-0.2651
-0.2642
-0.2632
-0.2623
-0.2614
-0.2605
-0.2595
-0.2586
-0.2577
-0.2568
-0.2558
-0.2549
-0.254
-0.253
-0.2521
-0.2511
-0.2502
-0.2492
-0.2483
-0.2474
-0.2464
-0.2455
-0.2446
-0.2436
-0.2427
-0.2417
-0.2408
-0.2399
-0.2389
-0.238
-0.237
-0.236
-0.2351
-0.2341
-0.2332
-0.2322
-0.2313
-0.2303
-0.2294
-0.2284
-0.2275
-0.2265
-0.2256
-0.2246
-0.2237
-0.2227
-0.2218
-0.2209
-0.2199
-0.219
-0.218
-0.2171
-0.2161
-0.2152
-0.2142
-0.2132
-0.2123
-0.2113
-0.2104
-0.2094
-0.2085
-0.2075
-0.2066
-0.2056
-0.2047
-0.2038
-0.2028
-0.2019
-0.2009
-0.2
-0.1991
-0.1982
-0.1972
-0.1963
-0.1953
-0.1944
-0.1934
-0.1924
-0.1915
-0.1906
-0.1896
-0.1887
-0.1877
-0.1868
-0.1858
-0.1849
-0.184
-0.183
-0.1821
-0.1812
-0.1802
-0.1793
-0.1784
-0.1774
-0.1765
-0.1755
-0.1746
-0.1736
-0.1726
-0.1717
-0.1708
-0.1698
-0.1689
-0.1679
-0.1669
-0.166
-0.1651
-0.1641
-0.1632
-0.1622
-0.1613
-0.1604
-0.1594
-0.1585
-0.1575
-0.1566
-0.1556
-0.1546
-0.1537
-0.1527
-0.1518
-0.1508
-0.1499
-0.149
-0.148
-0.1471
-0.1462
-0.1452
-0.1443
-0.1433
-0.1424
-0.1415
-0.1405
-0.1396
-0.1387
-0.1377
-0.1368
-0.1358
-0.1349
-0.1339
-0.133
-0.132
-0.1311
-0.1302
-0.1292
-0.1283
-0.1274
-0.1265
-0.1255
-0.1246
-0.1237
-0.1227
-0.1218
-0.1209
-0.12
-0.119
-0.1181
-0.1172
-0.1162
-0.1153
-0.1144
-0.1134
-0.1125
-0.1116
-0.1107
-0.1098
-0.1089
-0.1079
-0.107
-0.1061
-0.1052
-0.1043
-0.1034
-0.1025
-0.1016
-0.1007
-0.0998
-0.0989
-0.0979
-0.097
-0.0961
-0.0952
-0.0943
-0.0933
-0.0924
-0.0915
-0.0906
-0.0897
-0.0888
-0.0879
-0.087
-0.0861
-0.0852
-0.0844
-0.0835
-0.0826
-0.0817
-0.0808
-0.0799
-0.079
-0.0781
-0.0772
-0.0763
-0.0754
-0.0745
-0.0737
-0.0728
-0.0719
-0.071
-0.0701
-0.0693
-0.0684
-0.0675
-0.0667
-0.0658
-0.0649
-0.0641
-0.0632
-0.0623
-0.0614
-0.0606
-0.0597
-0.0588
-0.0579
-0.057
-0.0561
-0.0552
-0.0544
-0.0535
-0.0527
-0.0518
-0.0509
-0.0501
-0.0492
-0.0484
-0.0475
-0.0467
-0.0458
-0.045
-0.0442
-0.0433
-0.0425
-0.0416
-0.0408
-0.0399
-0.0391
-0.0382
-0.0374
-0.0365
-0.0357
-0.0348
-0.034
-0.0332
-0.0323
-0.0315
-0.0307
-0.0299
-0.0291
-0.0282
-0.0274
-0.0266
-0.0258
-0.025
-0.0242
-0.0234
-0.0226
-0.0218
-0.0209
-0.0201
-0.0193
-0.0184
-0.0176
-0.0168
-0.016
-0.0152
-0.0144
-0.0136
-0.0128
-0.012
-0.0112
-0.0104
-0.0096
-0.0089
-0.0081
-0.0073
-0.0065
-0.0057
-0.005
-0.0042
-0.0034
-0.0026
-0.0018
-0.001
-0.0002
0.0006
0.0014
0.0022
0.003
0.0038
0.0045
0.0053
0.0061
0.0068
0.0076
0.0083
0.0091
0.0098
0.0105
0.0113
0.012
0.0128
0.0135
0.0143
0.015
0.0158
0.0165
0.0173
0.018
0.0188
0.0196
0.0203
0.0211
0.0219
0.0226
0.0234
0.0241
0.0248
0.0256
0.0263
0.027
0.0277
0.0284
0.0291
0.0298
0.0305
0.0312
0.0319
0.0326
0.0333
0.034
0.0347
0.0355
0.0362
0.0369
0.0376
0.0384
0.0391
0.0398
0.0405
0.0413
0.042
0.0427
0.0434
0.0441
0.0448
0.0454
0.0461
0.0468
0.0474
0.0481
0.0487
0.0494
0.0501
0.0507
0.0514
0.0521
0.0527
0.0534
0.0541
0.0548
0.0555
0.0561
0.0568
0.0575
0.0582
0.0589
0.0595
0.0602
0.0609
0.0616
0.0622
0.0629
0.0635
0.0641
0.0648
0.0654
0.066
0.0666
0.0672
0.0678
0.0684
0.0691
0.0697
0.0703
0.0709
0.0715
0.0722
0.0728
0.0735
0.0741
0.0748
0.0754
0.0761
0.0767
0.0774
0.078
0.0786
0.0793
0.0799
0.0805
0.0811
0.0817
0.0823
0.0829
0.0835
0.084
0.0846
0.0852
0.0857
0.0863
0.0869
0.0875
0.088
0.0886
0.0892
0.0898
0.0904
0.091
0.0916
0.0922
0.0928
0.0934
0.094
0.0946
0.0952
0.0958
0.0963
0.0969
0.0975
0.0981
0.0987
0.0992
0.0998
0.1003
0.1009
0.1014
0.102
0.1025
0.103
0.1036
0.1041
0.1046
0.1052
0.1057
0.1063
0.1068
0.1074
0.1079
0.1084
0.109
0.1095
0.11
0.1106
0.1111
0.1116
0.1122
0.1127
0.1132
0.1138
0.1143
0.1148
0.1154
0.1159
0.1164
0.1169
0.1174
0.118
0.1185
0.119
0.1195
0.12
0.1205
0.121
0.1215
0.122
0.1225
0.123
0.1235
0.124
0.1245
0.1249
0.1254
0.1259
0.1264
0.1269
0.1273
0.1278
0.1283
0.1287
0.1292
0.1297
0.1302
0.1306
0.1311
0.1316
0.1321
0.1326
0.133
0.1335
0.134
0.1345
0.1349
0.1354
0.1359
0.1363
0.1368
0.1373
0.1377
0.1382
0.1386
0.1391
0.1395
0.14
0.1404
0.1409
0.1413
0.1417
0.1421
0.1426
0.143
0.1434
0.1438
0.1443
0.1447
0.1451
0.1455
0.1459
0.1463
0.1467
0.1471
0.1475
0.148
0.1484
0.1488
0.1492
0.1496
0.15
0.1504
0.1508
0.1512
0.1517
0.1521
0.1525
0.1529
0.1533
0.1537
0.1541
0.1544
0.1548
0.1552
0.1556
0.156
0.1564
0.1568
0.1572
0.1576
0.158
0.1583
0.1587
0.1591
0.1595
0.1598
0.1602
0.1606
0.1609
0.1613
0.1616
0.162
0.1623
0.1627
0.163
0.1633
0.1637
0.164
0.1643
0.1647
0.165
0.1654
0.1657
0.166
0.1664
0.1667
0.1671
0.1674
0.1678
0.1681
0.1685
0.1688
0.1692
0.1695
0.1699
0.1702
0.1706
0.1709
0.1713
0.1716
0.172
0.1723
0.1727
0.173
0.1733
0.1736
0.174
0.1743
0.1746
0.1749
0.1753
0.1756
0.1759
0.1762
0.1766
0.1769
0.1772
0.1775
0.1778
0.1781
0.1784
0.1787
0.179
0.1794
0.1797
0.18
0.1803
0.1806
0.1809
0.1812
0.1815
0.1818
0.1821
0.1824
0.1827
0.183
0.1833
0.1836
0.1839
0.1842
0.1845
0.1848
0.1851
0.1854
0.1857
0.186
0.1863
0.1866
0.1869
0.1872
0.1875
0.1879
0.1882
0.1885
0.1888
0.1891
0.1894
0.1897
0.19
0.1903
0.1906
0.1909
0.1912
0.1915
0.1918
0.1921
0.1924
0.1927
0.193
0.1933
0.1936
0.1939
0.1942
0.1945
0.1948
0.1951
0.1954
0.1957
0.196
0.1963
0.1966
0.1969
0.1972
0.1975
0.1978
0.1981
0.1983
0.1986
0.1989
0.1992
0.1995
0.1998
0.2001
0.2004
0.2007
0.2009
0.2012
0.2015
0.2018
0.2021
0.2024
0.2026
0.2029
0.2032
0.2035
0.2038
0.2041
0.2044
0.2046
0.2049
0.2052
0.2055
0.2058
0.2061
0.2064
0.2067
0.207
0.2073
0.2076
0.2079
0.2082
0.2085
0.2088
0.2091
0.2094
0.2097
0.21
0.2103
0.2106
0.2109
0.2111
0.2114
0.2117
0.212
0.2123
0.2126
0.2129
0.2132
0.2135
0.2138
0.2141
0.2144
0.2147
0.215
0.2153
0.2155
0.2158
0.2161
0.2164
0.2167
0.217
0.2173
0.2176
0.2179
0.2182
0.2185
0.2187
0.219
0.2193
0.2196
0.2199
0.2201
0.2204
0.2207
0.221
0.2212
0.2215
0.2218
0.2221
0.2224
0.2227
0.2229
0.2232
0.2235
0.2238
0.2241
0.2244
0.2247
0.225
0.2252
0.2255
0.2258
0.2261
0.2264
0.2267
0.227
0.2273
0.2276
0.2278
0.2281
0.2284
0.2287
0.2289
0.2292
0.2295
0.2298
0.2301
0.2303
0.2306
0.2309
0.2311
0.2314
0.2317
0.232
0.2323
0.2325
0.2328
0.2331
0.2333
0.2336
0.2339
0.2341
0.2344
0.2346
0.2349
0.2351
0.2354
0.2356
0.2359
0.2361
0.2363
0.2365
0.2368
0.237
0.2372
0.2374
0.2377
0.2379
0.2381
0.2383
0.2385
0.2388
0.239
0.2392
0.2393
0.2395
0.2397
0.2399
0.2401
0.2403
0.2405
0.2407
0.2409
0.241
0.2412
0.2414
0.2415
0.2417
0.2418
0.242
0.2422
0.2423
0.2425
0.2426
0.2428
0.2429
0.243
0.2432
0.2433
0.2434
0.2435
0.2437
0.2438
0.2439
0.244
0.2442
0.2443
0.2444
0.2445
0.2446
0.2447
0.2448
0.245
0.2451
0.2451
0.2452
0.2453
0.2454
0.2455
0.2456
0.2457
0.2457
0.2458
0.2459
0.2459
0.246
0.246
0.2461
0.2461
0.2462
0.2462
0.2463
0.2463
0.2464
0.2464
0.2464
0.2465
0.2465
0.2465
0.2465
0.2466
0.2466
0.2466
0.2466
0.2466
0.2466
0.2466
0.2466
0.2466
0.2466
0.2466
0.2466
0.2466
0.2466
0.2466
0.2466
0.2466
0.2466
0.2466
0.2466
0.2466
0.2466
0.2466
0.2466
0.2466
0.2465
0.2465
0.2465
0.2465
0.2465
0.2465
0.2464
0.2464
0.2464
0.2464
0.2463
0.2463
0.2463
0.2463
0.2462
0.2462
0.2462
0.2462
0.2461
0.2461
0.2461
0.2461
0.246
0.246
0.246
0.246
0.246
0.246
0.2459
0.2459
0.2459
0.2459
0.2458
0.2458
0.2458
0.2458
0.2457
0.2457
0.2457
0.2457
0.2457
0.2456
0.2456
0.2456
0.2456
0.2456
0.2455
0.2455
0.2455
0.2455
0.2455
0.2454
0.2454
0.2454
0.2454
0.2453
0.2453
0.2453
0.2453
0.2452
0.2452
0.2452
0.2452
0.2451
0.2451
0.2451
0.2451
0.245
0.245
0.245
0.245
0.2449
0.2449
0.2449
0.2449
0.2449
0.2448
0.2448
0.2448
0.2448
0.2448
0.2448
0.2447
0.2447
0.2447
0.2447
0.2447
0.2447
0.2446
0.2446
0.2446
0.2446
0.2446
0.2445
0.2445
0.2445
0.2445
0.2445
0.2444
0.2444
0.2444
0.2444
0.2444
0.2444
0.2443
0.2443
0.2443
0.2443
0.2443
0.2443
0.2443
0.2442
0.2442
0.2442
0.2442
0.2442
0.2442
0.2442
0.2442
0.2442
0.2442
0.2441
0.2441
0.2441
0.2441
0.2441
0.2441
0.2441
0.2441
0.2441
0.2441
0.2441
0.2441
0.2441
0.2441
0.2441
0.2441
0.2441
0.244
0.244
0.244
0.244
0.244
0.244
0.244
0.244
0.244
0.244
0.244
0.244
0.244
0.244
0.244
0.244
0.244
0.244
0.244
0.244
0.244
0.244
0.244
0.244
0.244
0.2441
0.2441
0.2441
0.2441
0.2441
0.2441
0.2441
0.2441
0.2441
0.2441
0.2441
0.2441
0.2441
0.2441
0.2441
0.2441
0.2441
0.2441
0.2441
0.2441
0.2441
0.2441
0.2441
0.2441
0.2441
0.2441
0.2441
0.2441
0.2441
0.2441
0.2441
0.2441
0.2441
0.2441
0.2441
0.2441
0.2441
0.2441
0.2441
0.2441
0.2441
0.2441
0.2441
0.2441
0.2441
0.2441
0.2441
0.2441
0.2441
0.2441
0.2441
0.2441
0.2441
0.2441
0.2441
0.2441
0.2441
0.2441
0.2441
0.2441
0.2441
0.2441
0.2441
0.2441
0.2441
0.2441
0.2441
0.2441
0.2441
0.2441
0.2441
0.2441
0.2441
0.2441
0.2441
0.2441
0.2441
0.2441
0.2441
0.2441
0.2441
0.2441
0.2441
0.2441
0.2441
0.2441
0.2441
0.2441
0.2441
0.2441
0.2441
0.2441
0.2441
0.2441
0.2441
0.2441
0.2441
0.2441
0.2441
0.2441
0.2441
0.2441
0.2441
0.2441
0.2441
0.2441
0.2441
0.2441
0.2441
0.2441
0.2441
0.2441
0.2441
0.2441
0.2441
0.2441
0.2441
0.2441
0.2441
0.2441
0.2441
0.2441
0.2441
0.2441
0.2441
0.2441
0.2441
0.2441
0.2441
0.2441
0.2441
0.2441
0.2441
0.2441
0.2441
0.2441
0.2441
0.2441
0.2441
0.2441
0.2441
0.2441
0.2441
0.2441
0.2441
0.2441
0.2441
0.2441
0.2441
0.2441
0.2441
0.2441
0.2441
0.2441
0.2441
0.2441
0.2441
0.2441
0.2441
0.2441
0.2441
0.2441
0.2441
0.2441
0.2441
0.2441
0.2441
0.2441
0.2441
0.2441
0.2441
0.2441
0.2441
0.2441
0.2441
0.2441
0.2441
0.2441
0.2441
0.2441
0.2441
0.2441
0.2441
0.2441
0.2441
0.2441
0.2441
0.2441
0.2441
0.2441
0.2441
0.2441
0.2441
0.2441
0.2441
0.2441
0.2441
0.2441
0.2441
0.2441
0.2441
0.2441
0.2441
0.2441
0.2441
0.2441
0.2441
0.2441
0.2441
0.2441
0.2441
0.2441
0.2441
0.2441
0.2441
0.2441
0.2441
0.2441
0.2441
0.2441
0.2441
0.2441
0.2441
0.2441
0.2441
0.2441
0.2441
0.2441
0.2441
0.2441
0.2441
0.2441
0.2441
0.2441
0.2441
0.2441
0.2441
0.2441
0.2441
0.2441
0.2441
0.2441
0.2441
0.2441
0.2441
0.2441
0.2441
0.2441
0.2441
0.2441
0.2441
0.2441
0.2441
0.2441
0.2441
0.2441
0.2441
0.2441
0.2441
0.2441
0.2441
0.2441
0.2441
0.2441
0.2441
0.2441
0.2441
0.2441
0.2441
0.2441
0.2441
0.2441
0.2441
0.2441
0.2441
0.2441
0.2441
0.2441
0.2441
0.2441
0.2441
0.2441
0.2441
0.2441
0.2441
0.2441
0.2441
0.2441
0.2441
0.2441
0.2441
0.2441
0.2441
0.2441
0.2441
0.2441
0.2441
0.2441
0.2441
0.2441
0.2441
0.2441
0.2441
0.2441
0.2441
0.2441
0.2441
0.2441
0.2441
0.2441
0.2441
0.2441
0.2441
0.2441
0.2441
0.2441
0.2441
0.2441
0.2441
0.2441
0.2441
0.2441
0.2441
0.2441
0.2441
0.2441
0.2441
0.2441
0.2441
0.2441
0.2441
0.2441
0.2441
0.2441
0.2441
0.2441
0.2441
0.2441
0.2441
0.2441
0.2441
0.2441
0.2441
0.2441
0.2441
0.2441
0.2441
0.2441
0.2441
0.2441
0.2441
0.2441
0.2441
0.2441
0.2441
0.2441
0.2441
0.2441
0.2441
0.2441
0.2441
0.2441
0.2441
0.2441
0.2441
0.2441
0.2441
0.2441
0.2441
0.2441
0.2441
0.2441
0.2441
0.2441
0.2441
0.2441
0.2441
0.2441
0.2441
0.2441
0.2441
0.2441
0.2441
0.2441
0.2441
0.2441
0.2441
0.2441
0.2441
0.2441
0.2441
0.2441
0.2441
0.2441
0.2441
0.2441
0.2441
0.2441
0.2441
0.2441
0.2441
0.2441
0.2441
0.2441
0.2441
0.2441
0.2441
0.2441
0.2441
0.2441
0.2441
0.2441
0.2441
0.2441
0.2441
0.2441
0.2441
0.2441
0.2441
0.2441
0.2441
0.2441
0.2441
0.2441
0.2441
0.2441
0.2441
0.2441
0.2441
0.2441
0.2441
0.2441
0.2441
0.2441
0.2441
0.2441
0.2441
0.2441
0.2441
0.2441
0.2441
0.2441
0.2441
0.2441
0.2441
0.2441
0.2441
0.2441
0.2441
0.2441
0.2441
0.2441
0.2441
0.2441
0.2441
0.2441
0.2441
0.2441
0.2441
0.2441
0.2441
0.2441
0.2441
0.2441
0.2441
0.2441
0.2441
0.2441
0.2441
0.2441
0.2441
0.2441
0.2441
0.2441
0.2441
0.2441
0.2441
0.2441
0.2441
0.2441
0.2441
0.2441
0.2441
0.2441
0.2441
0.2441
0.2441
0.2441
0.2441
0.2441
0.2441
0.2441
0.2441
0.2441
0.2441
0.2441
0.2441
0.2441
0.2441
0.2441
0.2441
0.2441
0.2441
0.2441
0.2441
0.2441
0.2441
0.2441
0.2441
0.2441
0.2441
0.2441
0.2441
0.2441
0.2441
0.2441
0.2441
0.2441
0.2441
0.2441
0.2441
0.2441
0.2441
0.2441
0.2441
0.2441
0.2441
0.2441
0.2441
0.2441
0.2441
0.2441
0.2441
0.2441
0.2441
0.2441
0.2441
0.2441
0.2441
0.2441
0.2441
0.2441
0.2441
0.2441
0.2441
0.2441
0.2441
0.2441
0.2441
0.2441
0.2441
0.2441
0.2441
0.2441
0.2441
0.2441
0.2441
0.2441
0.2441
0.2441
0.2441
0.2441
0.2441
0.2441
0.2441
0.2441
0.2441
0.2441
0.2441
0.2441
0.2441
0.2441
0.2441
0.2441
0.2441
0.2441
0.2441
0.2441
0.2441
0.2441
0.2441
0.2441
0.2441
0.2441
0.2441
0.2441
0.2441
0.2441
0.2441
0.2441
0.2441
0.2441
0.2441
0.2441
0.2441
0.2441
0.2441
0.2441
0.2441
0.2441
0.2441
0.2441
0.2441
0.2441
0.2441
0.2441
0.2441
0.2441
0.2441
0.2441
0.2441
0.2441
0.2441
0.2441
0.2441
0.2441
0.2441
0.2441
0.2441
0.2441
0.2441
0.2441
0.2441
0.2441
0.2441
0.2441
0.2441
0.2441
0.2441
0.2441
0.2441
0.2441
0.2441
0.2441
0.2441
0.2441
0.2441
0.2441
0.2441
0.2441
0.2441
0.2441
0.2441
0.2441
0.2441
0.2441
0.2441
0.2441
0.2441
0.2441
0.2441
0.2441
0.2441
0.2441
0.2441
0.2441
0.2441
0.2441
0.2441
0.2441
0.2441
0.2441
0.2441
0.2441
0.2441
0.2441
0.2441
0.2441
0.2441
0.2441
0.2441
0.2441
0.2441
0.2441
0.2441
0.2441
0.2441
0.2441
0.2441
0.2441
0.2441
0.2441
0.2441
0.2441
0.2441
0.2441
0.2441
0.2441
0.2441
0.2441
0.2441
0.2441
0.2441
0.2441
0.2441
0.2441
0.2441
0.2441
0.2441
0.2441
0.2441
0.2441
0.2441
0.2441
0.2441
0.2441
0.2441
0.2441
0.2441
0.2441
0.2441
0.2441
0.2441
0.2441
0.2441
0.2441
0.2441
0.2441
0.2441
0.2441
0.2441
0.2441
0.2441
0.2441
0.2441
0.2441
0.2441
0.2441
0.2441
0.2441
0.2441
0.2441
0.2441
0.2441
0.2441
0.2441
0.2441
0.2441
0.2441
0.2441
0.2441
0.2441
0.2441
0.2441
0.2441
0.2441
0.2441
0.2441
0.2441
0.2441
0.2441
0.2441
0.2441
0.2441
0.2441
0.2441
0.2441
0.2441
0.2441
0.2441
0.2441
0.2441
0.2441
0.2441
0.2441
0.2441
0.2441
0.2441
0.2441
0.2441
0.2441
0.2441
0.2441
0.2441
0.2441
0.2441
0.2441
0.2441
0.2441
0.2441
0.2441
0.2441
0.2441
0.2441
0.2441
0.2441
0.2441
0.2441
0.2441
0.2441
0.2441
0.2441
0.2441
0.2441
0.2441
0.2441
0.2441
0.2441
0.2441
0.2441
0.2441
0.2441
0.2441
0.2441
0.2441
0.2441
0.2441
0.2441
0.2441
0.2441
0.2441
0.2441
0.2441
0.2441
0.2441
0.2441
0.2441
0.2441
0.2441
0.2441
0.2441
0.2441
0.2441
0.2441
0.2441
0.2441
0.2441
0.2441
0.2441
0.2441
0.2441
0.2441
0.2441
0.2441
0.2441
0.2441
0.2441
0.2441
0.2441
0.2441
0.2441
0.2441
0.2441
0.2441
0.2441
0.2441
0.2441
0.2441
0.2441
0.2441
0.2441
0.2441
0.2441
0.2441
0.2441
0.2441
0.2441
0.2441
0.2441
0.2441
0.2441
0.2441
0.2441
0.2441
0.2441
0.2441
0.2441
0.2441
0.2441
0.2441
0.2441
0.2441
0.2441
0.2441
0.2441
0.2441
0.2441
0.2441
0.2441
0.2441
0.2441
0.2441
0.2441
0.2441
0.2441
0.2441
0.2441
0.2441
0.2441
0.2441
0.2441
0.2441
0.2441
0.2441
0.2441
0.2441
0.2441
0.2441
0.2441
0.2441
0.2441
0.2441
0.2441
0.2441
0.2441
0.2441
0.2441
0.2441
0.2441
0.2441
0.2441
0.2441
0.2441
0.2441
0.2441
0.2441
0.2441
0.2441
0.2441
0.2441
0.2441
0.2441
0.2441
0.2441
0.2441
0.2441
0.2441
0.2441
0.2441
0.2441
0.2441
0.2441
0.2441
0.2441
0.2441
0.2441
0.2441
0.2441
0.2441
0.2441
0.2441
0.2441
0.2441
0.2441
0.2441
0.2441
0.2441
0.2441
0.2441
0.2441
0.2441
0.2441
0.2441
0.2441
0.2441
0.2441
0.2441
0.2441
0.2441
0.2441
0.2441
0.2441
0.2441
0.2441
0.2441
0.2441
0.2441
0.2441
0.2441
0.2441
0.2441
0.2441
0.2441
0.2441
0.2441
0.2441
0.2441
0.2441
0.2441
0.2441
0.2441
0.2441
0.2441
0.2441
0.2441
0.2441
0.2441
0.2441
0.2441
0.2441
0.2441
0.2441
0.2441
0.2441
0.2441
0.2441
0.2441
0.2441
0.2441
0.2441
0.2441
0.2441
0.2441
0.2441
0.2441
0.2441
0.2441
0.2441
0.2441
0.2441
0.2441
0.2441
0.2441
0.2441
0.2441
0.2441
0.2441
0.2441
0.2441
0.2441
0.2441
0.2441
0.2441
0.2441
0.2441
0.2441
0.2441
0.2441
0.2441
0.2441
0.2441
0.2441
0.2441
0.2441
0.2441
0.2441
0.2441
0.2441
0.2441
0.2441
0.2441
0.2441
0.2441
0.2441
0.2441
0.2441
0.2441
0.2441
0.2441
0.2441
0.2441
0.2441
0.2441
0.2441
0.2441
0.2441
0.2441
0.2441
0.2441
0.2441
0.2441
0.2441
0.2441
0.2441
0.2441
0.2441
0.2441
0.2441
0.2441
0.2441
0.2441
0.2441
0.2441
0.2441
0.2441
0.2441
0.2441
0.2441
0.2441
0.2441
0.2441
0.2441
0.2441
0.2441
0.2441
0.2441
0.2441
0.2441
0.2441
0.2441
0.2441
0.2441
0.2441
0.2441
0.2441
0.2441
0.2441
0.2441
0.2441
0.2441
0.2441
0.2441
0.2441
0.2441
0.2441
0.2441
0.2441
0.2441
0.2441
0.2441
0.2441
0.2441
0.2441
0.2441
0.2441
0.2441
0.2441
0.2441
0.2441
0.2441
0.2441
0.2441
0.2441
0.2441
0.2441
0.2441
0.2441
0.2441
0.2441
0.2441
0.2441
0.2441
0.2441
0.2441
0.2441
0.2441
0.2441
0.2441
0.2441
0.2441
0.2441
0.2441
0.2441
0.2441
0.2441
0.2441
0.2441
0.2441
0.2441
0.2441
0.2441
0.2441
0.2441
0.2441
0.2441
0.2441
0.2441
0.2441
0.2441
0.2441
0.2441
0.2441
0.2441
0.2441
0.2441
0.2441
0.2441
0.2441
0.2441
0.2441
0.2441
0.2441
0.2441
0.2441
0.2441
0.2441
0.2441
0.2441
0.2441
0.2441
0.2441
0.2441
0.2441
0.2441
0.2441
0.2441
0.2441
0.2441
0.2441
0.2441
0.2441
0.2441
0.2441
0.2441
0.2441
0.2441
0.2441
0.2441
0.2441
0.2441
0.2441
0.2441
0.2441
0.2441
0.2441
0.2441
0.2441
0.2441
0.2441
0.2441
0.2441
0.2441
0.2441
0.2441
0.2441
0.2441
0.244099
0.244099
0.244099
0.244099
0.244099
0.244099
0.244099
0.244099
0.244099
0.244099
0.244099
0.244099
0.244099
0.244099
0.244099
0.244099
0.244099
0.244099
0.244099
0.244099
0.244099
0.244099
0.244099
0.244099
0.244099
0.244099
0.244099
0.244099
0.244099
0.244099
0.244099
0.244099
0.244099
0.244099
0.244099
0.244099
0.244099
0.244099
0.244099
0.244099
0.244099
0.244098
0.244098
0.244098
0.244098
0.244098
0.244098
0.244098
0.244098
0.244098
0.244098
0.244098
0.244098
0.244098
0.244098
0.244098
0.244098
0.244098
0.244098
0.244098
0.244097
0.244097
0.244097
0.244097
0.244097
0.244097
0.244097
0.244097
0.244097
0.244097
0.244097
0.244097
0.244097
0.244096
0.244096
0.244096
0.244096
0.244096
0.244096
0.244096
0.244096
0.244096
0.244095
0.244095
0.244095
0.244095
0.244095
0.244095
0.244095
0.244095
0.244094
0.244094
0.244094
0.244094
0.244094
0.244094
0.244093
0.244093
0.244093
0.244093
0.244093
0.244093
0.244092
0.244092
0.244092
0.244092
0.244091
0.244091
0.244091
0.244091
0.24409
0.24409
0.24409
0.24409
0.244089
0.244089
0.244089
0.244089
0.244088
0.244088
0.244088
0.244087
0.244087
0.244087
0.244086
0.244086
0.244085
0.244085
0.244085
0.244084
0.244084
0.244083
0.244083
0.244082
0.244082
0.244081
0.244081
0.24408
0.24408
0.244079
0.244079
0.244078
0.244078
0.244077
0.244076
0.244076
0.244075
0.244075
0.244074
0.244073
0.244072
0.244072
0.244071
0.24407
0.244069
0.244068
0.244068
0.244067
0.244066
0.244065
0.244064
0.244063
0.244062
0.244061
0.24406
0.244059
0.244058
0.244057
0.244055
0.244054
0.244053
0.244052
0.24405
0.244049
0.244048
0.244046
0.244045
0.244043
0.244042
0.24404
0.244039
0.244037
0.244035
0.244033
0.244032
0.24403
0.244028
0.244026
0.244024
0.244022
0.24402
0.244018
0.244015
0.244013
0.244011
0.244008
0.244006
0.244003
0.244001
0.243998
0.243995
0.243992
0.24399
0.243987
0.243983
0.24398
0.243977
0.243974
0.24397
0.243967
0.243963
0.24396
0.243956
0.243952
0.243948
0.243944
0.24394
0.243935
0.243931
0.243926
0.243921
0.243917
0.243912
0.243907
0.243901
0.243896
0.243891
0.243885
0.243879
0.243873
0.243867
0.243861
0.243854
0.243848
0.243841
0.243834
0.243827
0.243819
0.243812
0.243804
0.243796
0.243788
0.243779
0.243771
0.243762
0.243753
0.243743
0.243734
0.243724
0.243714
0.243703
0.243692
0.243681
0.24367
0.243658
0.243647
0.243634
0.243622
0.243609
0.243596
0.243582
0.243568
0.243554
0.243539
0.243524
0.243508
0.243492
0.243476
0.243459
0.243442
0.243424
0.243406
0.243387
0.243368
0.243348
0.243328
0.243307
0.243286
0.243264
0.243242
0.243218
0.243195
0.24317
0.243145
0.24312
0.243093
0.243066
0.243038
0.24301
0.24298
0.24295
0.242919
0.242888
0.242855
0.242822
0.242787
0.242752
0.242716
0.242678
0.24264
0.242601
0.242561
0.242519
0.242477
0.242433
0.242389
0.242343
0.242296
0.242247
0.242198
0.242147
0.242094
0.242041
0.241985
0.241929
0.241871
0.241811
0.24175
0.241687
0.241622
0.241556
0.241488
0.241418
0.241346
0.241273
0.241197
0.24112
0.24104
0.240959
0.240875
0.240789
0.240701
0.24061
0.240517
0.240422
0.240324
0.240224
0.240121
0.240015
0.239906
0.239795
0.239681
0.239564
0.239443
0.23932
0.239193
0.239063
0.23893
0.238793
0.238653
0.238509
0.238362
0.238211
0.238055
0.237896
0.237733
0.237565
0.237394
0.237218
0.237037
0.236852
0.236662
0.236467
0.236267
0.236063
0.235853
0.235638
0.235417
0.235191
0.234959
0.234722
0.234478
0.234229
0.233973
0.233711
0.233442
0.233167
0.232885
0.232597
0.232301
0.231998
0.231687
0.231369
0.231044
0.23071
0.230369
0.230019
0.229661
0.229294
0.228919
0.228535
0.228142
0.22774
0.227328
0.226906
0.226475
0.226034
0.225583
0.225121
0.224649
0.224167
0.223673
0.223168
0.222652
0.222125
0.221586
0.221035
0.220472
0.219897
0.219309
0.218709
0.218096
0.217469
0.21683
0.216177
0.215511
0.214831
0.214137
0.213429
0.212707
0.21197
0.211219
0.210453
0.209672
0.208876
0.208064
0.207237
0.206395
0.205537
0.204663
0.203773
0.202868
0.201946
0.201008
0.200053
0.199082
0.198095
0.197091
0.196071
0.195034
0.19398
0.192909
0.191822
0.190718
0.189598
0.188461
0.187307
0.186136
0.18495
0.183746
0.182527
0.181291
0.180039
0.178771
0.177487
0.176188
0.174873
0.173543
0.172198
0.170838
0.169463
0.168074
0.166671
0.165255
0.163825
0.162381
0.160925
0.159457
0.157977
0.156485
0.154981
0.153467
0.151942
0.150408
0.148864
0.14731
0.145748
0.144178
0.142601
0.141016
0.139425
0.137828
0.136225
0.134617
0.133005
0.131389
0.12977
0.128147
0.126523
0.124897
0.12327
0.121643
0.120016
0.11839
0.116764
0.115141
0.11352
0.111903
0.110288
0.108678
0.107073
0.105473
0.103879
0.102291
0.100709
0.0991356
0.0975696
0.096012
0.0944632
0.0929238
0.0913941
0.0898746
0.0883657
0.086868
0.0853817
0.0839072
0.082445
0.0809954
0.0795587
0.0781353
0.0767255
0.0753296
0.0739478
0.0725805
0.0712279
0.0698903
0.0685678
0.0672606
0.065969
0.0646932
0.0634332
0.0621893
0.0609615
0.05975
0.0585549
0.0573762
0.0562141
0.0550686
0.0539397
0.0528275
0.051732
0.0506532
0.0495911
0.0485457
0.0475169
0.0465047
0.0455091
0.0445301
0.0435674
0.0426212
0.0416912
0.0407774
0.0398797
0.0389979
0.038132
0.0372818
0.0364473
0.0356282
0.0348244
0.0340358
0.0332622
0.0325035
0.0317595
0.03103
0.0303149
0.0296139
0.028927
0.0282539
0.0275945
0.0269485
0.0263158
0.0256963
0.0250896
0.0244956
0.0239142
0.0233451
0.0227881
0.0222431
0.0217099
0.0211882
0.0206778
0.0201787
0.0196906
0.0192132
0.0187464
0.0182901
0.017844
0.0174079
0.0169817
0.0165652
0.0161581
0.0157604
0.0153718
0.0149921
0.0146213
0.014259
0.0139052
0.0135596
0.0132221
0.0128925
0.0125708
0.0122566
0.0119498
0.0116504
0.0113581
0.0110728
0.0107943
0.0105225
0.0102572
0.00999837
0.00974577
0.0094993
0.00925882
0.00902418
0.00879528
0.00857196
0.00835412
0.00814162
0.00793434
0.00773217
0.00753498
0.00734267
0.00715512
0.00697221
0.00679385
0.00661992
0.00645033
0.00628496
0.00612373
0.00596652
0.00581326
0.00566384
0.00551817
0.00537616
0.00523772
0.00510278
0.00497124
0.00484302
0.00471804
0.00459623
0.0044775
0.00436178
0.004249
0.00413909
0.00403197
0.00392758
0.00382585
0.00372671
0.0036301
0.00353597
0.00344423
0.00335485
0.00326775
0.00318288
0.00310019
0.00301962
0.00294112
0.00286463
0.00279011
0.00271751
0.00264678
0.00257786
0.00251073
0.00244532
0.0023816
0.00231953
0.00225906
0.00220015
0.00214276
0.00208686
0.0020324
0.00197935
0.00192768
0.00187734
0.00182831
0.00178055
0.00173403
0.00168872
0.00164458
0.00160159
0.00155971
0.00151892
0.0014792
0.0014405
0.00140282
0.00136611
0.00133036
0.00129553
0.00126162
0.00122859
0.00119642
0.00116508
0.00113457
0.00110485
0.0010759
0.00104771
0.00102026
0.000993521
0.00096748
0.00094212
0.000917422
0.000893369
0.000869945
0.000847132
0.000824916
0.00080328
0.00078221
0.000761691
0.000741709
0.000722249
0.000703298
0.000684844
0.000666872
0.00064937
0.000632327
0.000615729
0.000599567
0.000583827
0.0005685
0.000553574
0.00053904
0.000524886
0.000511103
0.000497681
0.000484611
0.000471883
0.000459489
0.00044742
0.000435668
0.000424224
0.000413079
0.000402227
0.00039166
0.00038137
0.00037135
0.000361592
0.000352091
0.000342839
0.00033383
0.000325057
0.000316515
0.000308196
0.000300096
0.000292209
0.000284529
0.00027705
0.000269768
0.000262677
0.000255772
0.000249048
0.000242501
0.000236126
0.000229918
0.000223874
0.000217988
0.000212257
0.000206676
0.000201242
0.000195951
0.000190799
0.000185782
0.000180897
0.00017614
0.000171508
0.000166998
0.000162607
0.00015833
0.000154167
0.000150112
0.000146165
0.000142321
0.000138578
0.000134933
0.000131385
0.000127929
0.000124564
0.000121288
0.000118098
0.000114992
0.000111967
0.000109022
0.000106155
0.000103363
0.000100644
9.79965e-05
9.54188e-05
9.29089e-05
9.0465e-05
8.80853e-05
8.57682e-05
8.35121e-05
8.13152e-05
7.91762e-05
7.70934e-05
7.50653e-05
7.30906e-05
7.11679e-05
6.92957e-05
6.74727e-05
6.56977e-05
6.39694e-05
6.22865e-05
6.06479e-05
5.90524e-05
5.74988e-05
5.59861e-05
5.45132e-05
5.30791e-05
5.16826e-05
5.03229e-05
4.8999e-05
4.77098e-05
4.64546e-05
4.52324e-05
4.40424e-05
4.28837e-05
4.17554e-05
4.06568e-05
3.95871e-05
3.85456e-05
3.75315e-05
3.6544e-05
3.55825e-05
3.46463e-05
3.37347e-05
3.28472e-05
3.19829e-05
3.11414e-05
3.03221e-05
2.95243e-05
2.87474e-05
2.79911e-05
2.72546e-05
2.65375e-05
2.58392e-05
2.51594e-05
2.44974e-05
2.38528e-05
2.32252e-05
2.26141e-05
2.20191e-05
2.14397e-05
2.08756e-05
2.03263e-05
1.97915e-05
1.92707e-05
1.87637e-05
1.827e-05
1.77892e-05
1.73212e-05
1.68654e-05
1.64216e-05
1.59895e-05
1.55688e-05
1.51592e-05
1.47603e-05
1.43719e-05
1.39937e-05
1.36255e-05
1.3267e-05
1.29179e-05
1.2578e-05
1.2247e-05
1.19248e-05
1.1611e-05
1.13055e-05
1.1008e-05
1.07183e-05
1.04363e-05
1.01617e-05
9.89431e-06
9.63395e-06
9.38045e-06
9.13362e-06
8.89329e-06
8.65928e-06
8.43142e-06
8.20956e-06
7.99354e-06
7.7832e-06
7.5784e-06
7.37899e-06
7.18482e-06
6.99576e-06
6.81168e-06
6.63244e-06
6.45792e-06
6.28799e-06
6.12253e-06
5.96142e-06
5.80455e-06
5.65182e-06
5.5031e-06
5.35829e-06
5.21729e-06
5.08001e-06
4.94633e-06
4.81618e-06
4.68944e-06
4.56605e-06
4.4459e-06
4.32891e-06
4.215e-06
4.10409e-06
3.99609e-06
3.89094e-06
3.78855e-06
3.68886e-06
3.59179e-06
3.49728e-06
3.40525e-06
3.31565e-06
3.2284e-06
3.14345e-06
3.06073e-06
2.98019e-06
2.90177e-06
2.82541e-06
2.75107e-06
2.67868e-06
2.60819e-06
2.53956e-06
2.47273e-06
2.40766e-06
2.34431e-06
2.28262e-06
2.22256e-06
2.16407e-06
2.10713e-06
2.05168e-06
1.99769e-06
1.94512e-06
1.89394e-06
1.8441e-06
1.79558e-06
1.74833e-06
1.70232e-06
1.65753e-06
1.61391e-06
1.57144e-06
1.53009e-06
1.48983e-06
1.45062e-06
1.41245e-06
1.37528e-06
1.3391e-06
1.30386e-06
1.26955e-06
1.23614e-06
1.20361e-06
1.17194e-06
1.1411e-06
1.11108e-06
1.08184e-06
1.05337e-06
1.02565e-06
9.98663e-07
9.72384e-07
9.46797e-07
9.21883e-07
8.97624e-07
8.74004e-07
8.51005e-07
8.28612e-07
8.06808e-07
7.85577e-07
7.64905e-07
7.44777e-07
7.25179e-07
7.06097e-07
6.87516e-07
6.69425e-07
6.5181e-07
6.34658e-07
6.17957e-07
6.01696e-07
5.85863e-07
5.70447e-07
5.55436e-07
5.4082e-07
5.26589e-07
5.12732e-07
4.9924e-07
4.86103e-07
4.73311e-07
4.60856e-07
4.48729e-07
4.36921e-07
4.25424e-07
4.1423e-07
4.03329e-07
3.92716e-07
3.82382e-07
3.7232e-07
3.62523e-07
3.52983e-07
3.43695e-07
3.34651e-07
3.25845e-07
3.1727e-07
3.08922e-07
3.00792e-07
2.92877e-07
2.85171e-07
2.77666e-07
2.7036e-07
2.63246e-07
2.56319e-07
2.49574e-07
2.43006e-07
2.36612e-07
2.30386e-07
2.24323e-07
2.1842e-07
2.12673e-07
2.07076e-07
2.01627e-07
1.96322e-07
1.91156e-07
1.86125e-07
1.81228e-07
1.76459e-07
1.71815e-07
1.67294e-07
1.62892e-07
1.58606e-07
1.54432e-07
1.50368e-07
1.46412e-07
1.42559e-07
1.38807e-07
1.35155e-07
1.31598e-07
1.28135e-07
1.24764e-07
1.21481e-07
1.18284e-07
1.15171e-07
1.12141e-07
1.0919e-07
1.06317e-07
1.03519e-07
1.00795e-07
9.81426e-08
9.556e-08
9.30455e-08
9.0597e-08
8.8213e-08
8.58918e-08
8.36316e-08
8.14309e-08
7.92881e-08
7.72017e-08
7.51702e-08
7.31922e-08
7.12662e-08
6.93908e-08
6.75649e-08
6.5787e-08
6.40558e-08
6.23702e-08
6.0729e-08
5.9131e-08
5.7575e-08
5.60599e-08
5.45848e-08
5.31484e-08
5.17499e-08
5.03881e-08
4.90622e-08
4.77711e-08
4.65141e-08
4.52901e-08
4.40983e-08
4.29379e-08
4.1808e-08
4.07079e-08
3.96367e-08
3.85937e-08
3.75781e-08
3.65893e-08
3.56265e-08
3.4689e-08
3.37762e-08
3.28874e-08
3.2022e-08
3.11793e-08
3.03589e-08
2.956e-08
2.87821e-08
2.80248e-08
2.72873e-08
2.65693e-08
2.58701e-08
2.51894e-08
2.45265e-08
2.38811e-08
2.32527e-08
2.26408e-08
2.20451e-08
2.1465e-08
2.09001e-08
2.03502e-08
1.98147e-08
1.92932e-08
1.87856e-08
1.82912e-08
1.78099e-08
1.73413e-08
1.68849e-08
1.64406e-08
1.6008e-08
1.55868e-08
1.51766e-08
1.47772e-08
1.43884e-08
1.40098e-08
1.36411e-08
1.32822e-08
1.29327e-08
1.25923e-08
1.2261e-08
1.19383e-08
1.16242e-08
1.13183e-08
1.10205e-08
1.07305e-08
1.04481e-08
1.01732e-08
9.90548e-09
9.64483e-09
9.39103e-09
9.14391e-09
8.9033e-09
8.66901e-09
8.4409e-09
8.21878e-09
8.00251e-09
7.79193e-09
7.58689e-09
7.38725e-09
7.19286e-09
7.00358e-09
6.81929e-09
6.63984e-09
6.46512e-09
6.295e-09
6.12935e-09
5.96806e-09
5.81101e-09
5.6581e-09
5.50921e-09
5.36424e-09
5.22309e-09
5.08564e-09
4.95182e-09
4.82152e-09
4.69464e-09
4.57111e-09
4.45082e-09
4.3337e-09
4.21966e-09
4.10863e-09
4.00051e-09
3.89524e-09
3.79274e-09
3.69294e-09
3.59576e-09
3.50114e-09
3.40901e-09
3.3193e-09
3.23196e-09
3.14691e-09
3.0641e-09
2.98347e-09
2.90497e-09
2.82852e-09
2.75409e-09
2.68162e-09
2.61106e-09
2.54235e-09
2.47545e-09
2.41031e-09
2.34688e-09
2.28513e-09
2.225e-09
2.16645e-09
2.10944e-09
2.05393e-09
1.99988e-09
1.94726e-09
1.89602e-09
1.84612e-09
1.79755e-09
1.75024e-09
1.70419e-09
1.65934e-09
1.61568e-09
1.57316e-09
1.53177e-09
1.49146e-09
1.45221e-09
1.414e-09
1.37679e-09
1.34056e-09
1.30529e-09
1.27094e-09
1.23749e-09
1.20493e-09
1.17322e-09
1.14235e-09
1.11229e-09
1.08302e-09
1.05452e-09
1.02677e-09
9.99755e-10
9.73447e-10
9.47832e-10
9.2289e-10
8.98605e-10
8.74959e-10
8.51935e-10
8.29517e-10
8.07689e-10
7.86435e-10
7.65741e-10
7.45591e-10
7.25971e-10
7.06868e-10
6.88267e-10
6.70156e-10
6.52521e-10
6.35351e-10
6.18632e-10
6.02353e-10
5.86503e-10
5.71069e-10
5.56042e-10
5.4141e-10
5.27163e-10
5.13291e-10
4.99785e-10
4.86633e-10
4.73828e-10
4.61359e-10
4.49219e-10
4.37398e-10
4.25888e-10
4.14681e-10
4.03769e-10
3.93144e-10
3.82799e-10
3.72726e-10
3.62918e-10
3.53368e-10
3.4407e-10
3.35016e-10
3.262e-10
3.17616e-10
3.09258e-10
3.0112e-10
2.93197e-10
2.85481e-10
2.77969e-10
2.70655e-10
2.63533e-10
2.56598e-10
2.49846e-10
2.43271e-10
2.3687e-10
2.30637e-10
2.24568e-10
2.18658e-10
2.12905e-10
2.07302e-10
2.01847e-10
1.96536e-10
1.91364e-10
1.86328e-10
1.81425e-10
1.76651e-10
1.72003e-10
1.67477e-10
1.6307e-10
1.58779e-10
1.546e-10
1.50532e-10
1.46571e-10
1.42714e-10
1.38959e-10
1.35302e-10
1.31742e-10
1.28275e-10
1.249e-10
1.21613e-10
1.18413e-10
1.15297e-10
1.12263e-10
1.09309e-10
1.06432e-10
1.03632e-10
1.00905e-10
9.82495e-11
9.56641e-11
9.31468e-11
9.06958e-11
8.83091e-11
8.59853e-11
8.37227e-11
8.15197e-11
7.93745e-11
7.72858e-11
7.52521e-11
7.32719e-11
7.13438e-11
6.94664e-11
6.76386e-11
6.58587e-11
6.41256e-11
6.24382e-11
6.07951e-11
5.91954e-11
5.76377e-11
5.6121e-11
5.46443e-11
5.32063e-11
5.18062e-11
5.0443e-11
4.91156e-11
4.78232e-11
4.65648e-11
4.53394e-11
4.41464e-11
4.29846e-11
4.18536e-11
4.07522e-11
3.96798e-11
3.86358e-11
3.7619e-11
3.66291e-11
3.56652e-11
3.47268e-11
3.3813e-11
3.29232e-11
3.20568e-11
3.12133e-11
3.03919e-11
2.95922e-11
2.88135e-11
2.80553e-11
2.7317e-11
2.65982e-11
2.58983e-11
2.52168e-11
2.45532e-11
2.39071e-11
2.3278e-11
2.26655e-11
2.2069e-11
2.14884e-11
2.09228e-11
2.03724e-11
1.98362e-11
1.93143e-11
1.88061e-11
1.83111e-11
1.78293e-11
1.73601e-11
1.69034e-11
1.64585e-11
1.60254e-11
1.56037e-11
1.51932e-11
1.47933e-11
1.4404e-11
1.4025e-11
1.3656e-11
1.32966e-11
1.29468e-11
1.2606e-11
1.22743e-11
1.19513e-11
1.16369e-11
1.13306e-11
1.10325e-11
1.07422e-11
1.04595e-11
1.01843e-11
9.91629e-12
9.65528e-12
9.40126e-12
9.1539e-12
8.91298e-12
8.6785e-12
8.45013e-12
8.22775e-12
8.01126e-12
7.80043e-12
7.59515e-12
7.39531e-12
7.20068e-12
7.01128e-12
6.82676e-12
6.64702e-12
6.47216e-12
6.30185e-12
6.13609e-12
5.97455e-12
5.81735e-12
5.66425e-12
5.51525e-12
5.37004e-12
5.22882e-12
5.09115e-12
4.95726e-12
4.82681e-12
4.6998e-12
4.57612e-12
4.45566e-12
4.33842e-12
4.22429e-12
4.11315e-12
4.00491e-12
3.89955e-12
3.79685e-12
3.69693e-12
3.59968e-12
3.50497e-12
3.41271e-12
3.3229e-12
3.23552e-12
3.15037e-12
3.06744e-12
2.98672e-12
2.90812e-12
2.83162e-12
2.75713e-12
2.68452e-12
2.61391e-12
2.54508e-12
2.47813e-12
2.41296e-12
2.34945e-12
2.28761e-12
2.22744e-12
2.16882e-12
2.11176e-12
2.05613e-12
2.00207e-12
1.94944e-12
1.89804e-12
1.84819e-12
1.79945e-12
1.75215e-12
1.70608e-12
1.66112e-12
1.61737e-12
1.57485e-12
1.53344e-12
1.49303e-12
1.45384e-12
1.41553e-12
1.37823e-12
1.34204e-12
1.30673e-12
1.27232e-12
1.23879e-12
1.20626e-12
1.1745e-12
1.14364e-12
1.11355e-12
1.08413e-12
1.05571e-12
1.02784e-12
1.00087e-12
9.74443e-13
9.48797e-13
9.23928e-13
8.99614e-13
8.75855e-13
8.52873e-13
8.30447e-13
8.08575e-13
7.87259e-13
7.66609e-13
7.46403e-13
7.26752e-13
7.07656e-13
6.89004e-13
6.70908e-13
6.53255e-13
6.36047e-13
6.19282e-13
6.02962e-13
5.87197e-13
5.71765e-13
5.56666e-13
5.42011e-13
5.278e-13
5.13811e-13
5.00378e-13
4.87166e-13
4.74398e-13
4.61853e-13
4.49751e-13
4.37872e-13
4.26326e-13
4.15112e-13
4.04232e-13
3.93574e-13
3.83249e-13
3.73146e-13
3.63265e-13
3.53717e-13
3.44502e-13
3.35398e-13
3.26517e-13
3.17968e-13
3.09641e-13
3.01426e-13
2.93543e-13
2.85771e-13
2.78222e-13
2.71005e-13
2.63789e-13
2.56906e-13
2.50133e-13
2.43472e-13
2.37144e-13
2.30926e-13
2.2482e-13
2.18936e-13
2.13163e-13
2.07501e-13
2.02061e-13
1.96732e-13
1.91513e-13
1.86517e-13
1.81632e-13
1.76859e-13
1.72196e-13
1.67644e-13
1.63203e-13
1.58984e-13
1.54765e-13
1.50657e-13
1.46771e-13
1.42886e-13
1.39111e-13
1.35447e-13
1.31894e-13
1.28453e-13
1.25011e-13
1.2168e-13
1.18572e-13
1.15463e-13
1.12355e-13
1.09468e-13
1.06581e-13
1.03695e-13
1.0103e-13
9.83658e-14
9.58122e-14
9.32587e-14
9.08162e-14
8.83738e-14
8.60423e-14
8.38218e-14
8.16014e-14
7.9492e-14
7.73825e-14
7.53841e-14
7.33857e-14
7.13873e-14
6.95e-14
6.77236e-14
6.59472e-14
6.41709e-14
6.25056e-14
6.08402e-14
5.92859e-14
5.77316e-14
5.61773e-14
5.4734e-14
5.32907e-14
5.18474e-14
5.05151e-14
4.91829e-14
4.78506e-14
4.66294e-14
4.54081e-14
4.41869e-14
4.30767e-14
4.18554e-14
4.08562e-14
3.9746e-14
3.87468e-14
3.76366e-14
3.67484e-14
3.57492e-14
3.475e-14
3.38618e-14
3.29736e-14
3.20854e-14
3.13083e-14
3.04201e-14
2.9643e-14
2.88658e-14
2.80886e-14
2.74225e-14
2.66454e-14
2.58682e-14
2.53131e-14
2.45359e-14
2.39808e-14
2.33147e-14
2.27596e-14
2.20934e-14
2.15383e-14
2.08722e-14
2.04281e-14
1.9873e-14
1.93179e-14
1.87628e-14
1.83187e-14
1.78746e-14
1.74305e-14
1.68754e-14
1.64313e-14
1.60982e-14
1.56541e-14
1.52101e-14
1.4766e-14
1.44329e-14
1.39888e-14
1.36557e-14
1.33227e-14
1.29896e-14
1.26565e-14
1.23235e-14
1.19904e-14
1.16573e-14
1.13243e-14
1.11022e-14
1.07692e-14
1.04361e-14
1.02141e-14
9.88098e-15
9.65894e-15
9.4369e-15
9.21485e-15
8.99281e-15
8.65974e-15
8.43769e-15
8.21565e-15
7.99361e-15
7.77156e-15
7.54952e-15
7.43849e-15
7.21645e-15
6.99441e-15
6.88338e-15
6.66134e-15
6.55032e-15
6.32827e-15
6.10623e-15
5.9952e-15
5.77316e-15
5.66214e-15
5.55112e-15
5.32907e-15
5.21805e-15
5.10703e-15
4.996e-15
4.77396e-15
4.66294e-15
4.55191e-15
4.44089e-15
4.32987e-15
4.21885e-15
4.10783e-15
3.9968e-15
3.88578e-15
3.77476e-15
3.66374e-15
3.55271e-15
3.55271e-15
3.44169e-15
3.33067e-15
3.21965e-15
3.10862e-15
3.10862e-15
2.9976e-15
2.88658e-15
2.77556e-15
2.77556e-15
2.66454e-15
2.55351e-15
2.55351e-15
2.44249e-15
2.44249e-15
2.33147e-15
2.33147e-15
2.22045e-15
2.22045e-15
2.10942e-15
2.10942e-15
1.9984e-15
1.9984e-15
1.88738e-15
1.88738e-15
1.77636e-15
1.77636e-15
1.77636e-15
1.66533e-15
1.66533e-15
1.55431e-15
1.55431e-15
1.55431e-15
1.44329e-15
1.44329e-15
1.33227e-15
1.33227e-15
1.33227e-15
1.22125e-15
1.22125e-15
1.22125e-15
1.22125e-15
1.11022e-15
1.11022e-15
1.11022e-15
9.99201e-16
9.99201e-16
9.99201e-16
9.99201e-16
9.99201e-16
8.88178e-16
8.88178e-16
8.88178e-16
8.88178e-16
7.77156e-16
7.77156e-16
7.77156e-16
7.77156e-16
7.77156e-16
6.66134e-16
6.66134e-16
6.66134e-16
6.66134e-16
6.66134e-16
6.66134e-16
5.55112e-16
5.55112e-16
5.55112e-16
5.55112e-16
5.55112e-16
5.55112e-16
5.55112e-16
4.44089e-16
4.44089e-16
4.44089e-16
4.44089e-16
4.44089e-16
4.44089e-16
4.44089e-16
4.44089e-16
4.44089e-16
3.33067e-16
3.33067e-16
3.33067e-16
3.33067e-16
3.33067e-16
3.33067e-16
3.33067e-16
3.33067e-16
3.33067e-16
3.33067e-16
3.33067e-16
3.33067e-16
2.22045e-16
2.22045e-16
2.22045e-16
2.22045e-16
2.22045e-16
2.22045e-16
2.22045e-16
2.22045e-16
2.22045e-16
2.22045e-16
2.22045e-16
2.22045e-16
2.22045e-16
2.22045e-16
2.22045e-16
2.22045e-16
2.22045e-16
1.11022e-16
1.11022e-16
1.11022e-16
1.11022e-16
1.11022e-16
1.11022e-16
1.11022e-16
1.11022e-16
1.11022e-16
1.11022e-16
1.11022e-16
1.11022e-16
1.11022e-16
1.11022e-16
1.11022e-16
1.11022e-16
1.11022e-16
1.11022e-16
1.11022e-16
1.11022e-16
1.11022e-16
1.11022e-16
1.11022e-16
1.11022e-16
1.11022e-16
1.11022e-16
1.11022e-16
1.11022e-16
1.11022e-16
1.11022e-16
1.11022e-16
1.11022e-16
0
0
0
0
0
0
0
0
0
0
0
0
0
0
0
0
0
0
0
0
0
0
0
0
0
0
0
0
0
0
0
0
0
0
0
0
0
0
0
0
0
0
0
0
0
0
0
0
0
0
0
0
0
0
0
0
0
0
0
0
0
0
0
0
0
0
0
0
0
0
0
0
0
0
0
0
0
0
0
0
0
0
0
0
0
0
0
0
0
0
0
0
0
0
0
0
0
0
0
0
0
0
0
0
0
0
0
0
0
0
0
0
0
0
0
0
0
0
0
0
0
0
0
0
0
0
0
0
0
0
0
0
0
0
0
0
0
0
0
0
0
0
0
0
0
0
0
0
0
0
0
0
0
0
0
0
0
0
0
0
0
0
0
0
0
0
0
0
0
0
0
0
0
0
0
0
0
0
0
0
0
0
0
0
0
0
0
0
0
0
0
0
0
0
0
0
0
0
0
0
0
0
0
0
0
0
0
0
0
0
0
0
0
0
0
0
0
0
0
0
0
0
0
0
0
0
0
0
0
0
0
0
0
0
0
0
0
0
0
0
0
0
0
0
0
0
0
0
0
0
0
0
0
0
0
0
0
0
0
0
0
0
0
0
0
0
0
0
0
0
0
0
0
0
0
0
0
0
0
0
0
0
0
0
0
0
0
0
0
0
0
0
0
0
0
0
0
0
0
0
0
0
0
0
0
0
0
0
0
0
0
0
0
0
0
0
0
0
0
0
0
0
0
0
0
0
0
0
0
0
0
0
0
0
0
0
0
0
0
0
0
0
0
0
0
0
0
0
0
0
0
0
0
0
0
0
0
0
0
0
0
0
0
0
0
0
0
0
0
0
0
0
0
0
0
0
0
0
0
0
0
0
0
0
0
0
0
0
0
0
0
0
0
0
0
0
0
0
0
0
0
0
0
0
0
0
0
0
0
0
0
0
0
0
0
0
0
0
0
0
0
0
0
0
0
0
0
0
0
0
0
0
0
0
0
0
0
0
0
0
0
0
0
0
0
0
0
0
0
0
0
0
0
0
0
0
0
0
0
0
0
0
0
0
0
0
0
0
0
0
0
0
0
0
0
0
0
0
0
0
0
0
0
0
0
0
0
0
0
0
0
0
0
0
0
0
0
0
0
0
0
0
0
0
0
0
0
0
0
0
0
0
0
0
0
0
0
0
0
0
0
0
0
0
0
0
0
0
0
0
0
0
0
0
0
0
0
0
0
0
0
0
0
0
0
0
0
0
0
0
0
0
0
0
0
0
0
0
0
0
0
0
0
0
0
0
0
0
0
0
0
0
0
0
0
0
0
0
0
0
0
0
0
0
0
0
0
0
0
0
0
0
0
0
0
0
0
0
0
0
0
0
0
0
0
0
0
0
0
0
0
0
0
0
0
0
0
0
0
0
0
0
0
0
0
0
0
0
0
0
0
0
0
0
0
0
0
0
0
0
0
0
0
0
0
0
0
0
0
0
0
0
0
0
0
0
0
0
0
0
0
0
0
0
0
0
0
0
0
0
0
0
0
0
0
0
0
0
0
0
0
0
0
0
0
0
0
0
0
0
0
0
0
0
0
0
0
0
0
0
0
0
0
0
0
0
0
0
0
0
0
0
0
0
0
0
0
0
0
0
0
0
0
0
0
0
0
0
0
0
0
0
0
0
0
0
0
0
0
0
0
0
0
0
0
0
0
0
0
0
0
0
0
0
0
0
0
0
0
0
0
0
0
0
0
0
0
0
0
0
0
0
0
0
0
0
0
0
0
0
0
0
0
0
0
0
0
0
0
0
0
0
0
0
0
0
0
0
0
0
0
0
0
0
0
0
0
0
0
0
0
0
0
0
0
0
0
0
0
0
0
0
0
0
0
0
0
0
0
0
0
0
0
0
0
0
0
0
0
0
0
0
0
0
0
0
0
0
0
0
0
0
0
0
0
0
0
0
0
0
0
0
0
0
0
0
0
0
0
0
0
0
0
0
0
0
0
0
0
0
0
0
0
0
0
0
0
0
0
0
0
0
0
0
0
0
0
0
0
0
0
0
0
0
0
0
0
0
0
0
0
0
0
0
0
0
0
0
0
0
0
0
0
0
0
0
0
0
0
0
0
0
0
0
0
0
0
0
0
0
0
0
0
0
0
0
0
0
0
0
0
0
0
0
0
0
0
0
0
0
0
0
0
0
0
0
0
0
0
0
0
0
0
0
0
0
0
0
0
0
0
0
0
0
0
0
0
0
0
0
0
0
0
0
0
0
0
0
0
0
0
0
0
0
0
0
0
0
0
0
0
0
0
0
0
0
0
0
0
0
0
0
0
0
0
0
0
0
0
0
0
0
0
0
0
0
0
0
0
0
0
0
0
0
0
0
0
0
0
0
0
0
0
0
0
0
0
0
0
0
0
0
0
0
0
0
0
0
0
0
0
0
0
0
0
0
0
0
0
0
0
0
0
0
0
0
0
0
0
0
0
0
0
0
0
0
0
0
0
0
0
0
0
0
0
0
0
0
0
0
0
0
0
0
0
0
0
0
0
0
0
0
0
0
0
0
0
0
0
0
0
0
0
0
0
0
0
0
0
0
0
0
0
0
0
0
0
0
0
0
0
0
0
0
0
0
0
0
0
0
0
0
0
0
0
0
0
0
0
0
0
0
0
0
0
0
0
0
0
0
0
0
0
0
0
0
0
0
0
0
0
0
0
0
0
0
0
0
0
0
0
0
0
0
0
0
0
0
0
0
0
0
0
0
0
0
0
0
0
0
0
0
0
0
0
0
0
0
0
0
0
0
0
0
0
0
0
0
0
0
0
0
0
0
0
0
0
0
0
0
0
0
0
0
0
0
0
0
0
0
0
0
0
0
0
0
0
0
0
0
0
0
0
0
0
0
0
0
0
0
0
0
0
0
0
0
0
0
0
0
0
0
0
0
0
0
0
0
0
0
0
0
0
0
0
0
0
0
0
0
0
0
0
0
0
0
0
0
0
0
0
0
0
0
0
0
0
0
0
0
0
0
0
0
0
0
0
0
0
0
0
0
0
0
0
0
0
0
0
0
0
0
0
0
0
0
0
0
0
0
0
0
0
0
0
0
0
0
0
0
0
0
0
0
0
0
0
0
0
0
0
0
0
0
0
0
0
0
0
0
0
0
0
0
0
0
0
0
0
0
0
0
0
0
0
0
0
0
0
0
0
0
0
0
0
0
0
0
0
0
0
0
0
0
0
0
0
0
0
0
0
0
0
0
0
0
0
0
0
0
0
0
0
0
0
0
0
0
0
0
0
0
0
0
0
0
0
0
0
0
0
0
0
0
0
0
0
0
0
0
0
0
0
0
0
0
0
0
0
0
0
0
0
0
0
0
0
0
0
0
0
0
0
0
0
0
0
0
0
0
0
0
0
0
0
0
0
0
0
0
0
0
0
0
0
0
0
0
0
0
0
0
0
0
0
0
0
0
0
0
0
0
0
0
0
0
0
0
0
0
0
0
0
0
0
0
0
0
0
0
0
0
0
0
0
0
0
0
0
0
0
0
0
0
0
0
0
0
0
0
0
0
0
0
0
0
0
0
0
0
0
0
0
0
0
0
0
0
0
0
0
0
0
0
0
0
0
0
0
0
0
0
0
0
0
0
0
0
0
0
0
0
0
0
0
0
0
0
