-0.6272
-0.6272
-0.6272
-0.6272
-0.6272
-0.6272
-0.6272
-0.6272
-0.6272
-0.6272
-0.6272
-0.6272
-0.6272
-0.6272
-0.6272
-0.6272
-0.6272
-0.6272
-0.6272
-0.6272
-0.6272
-0.6272
-0.6272
-0.6272
-0.6272
-0.6272
-0.6272
-0.6272
-0.6272
-0.6272
-0.6272
-0.6272
-0.6272
-0.6272
-0.6272
-0.6272
-0.6272
-0.6272
-0.6272
-0.6272
-0.6272
-0.6272
-0.6272
-0.6272
-0.6272
-0.6272
-0.6272
-0.6272
-0.6272
-0.6272
-0.6272
-0.6272
-0.6272
-0.6272
-0.6272
-0.6272
-0.6272
-0.6272
-0.6272
-0.6272
-0.6272
-0.6272
-0.6272
-0.6272
-0.6272
-0.6272
-0.6272
-0.6272
-0.6272
-0.6272
-0.6272
-0.6272
-0.6272
-0.6272
-0.6272
-0.6272
-0.6272
-0.6272
-0.6272
-0.6272
-0.6272
-0.6272
-0.6272
-0.6272
-0.6272
-0.6272
-0.6272
-0.6272
-0.6272
-0.6272
-0.6272
-0.6272
-0.6272
-0.6272
-0.6272
-0.6272
-0.6272
-0.6272
-0.6272
-0.6272
-0.6272
-0.6272
-0.6272
-0.6272
-0.6272
-0.6272
-0.6272
-0.6272
-0.6272
-0.6272
-0.6272
-0.6272
-0.6272
-0.6272
-0.6272
-0.6272
-0.6272
-0.6272
-0.6272
-0.6272
-0.6272
-0.6272
-0.6272
-0.6272
-0.6272
-0.6272
-0.6272
-0.6272
-0.6272
-0.6272
-0.6272
-0.6272
-0.6272
-0.6272
-0.6272
-0.6272
-0.6272
-0.6272
-0.6272
-0.6272
-0.6272
-0.6272
-0.6272
-0.6272
-0.6272
-0.6272
-0.6272
-0.6272
-0.6272
-0.6272
-0.6272
-0.6272
-0.6272
-0.6272
-0.6272
-0.6272
-0.6272
-0.6272
-0.6272
-0.6272
-0.6272
-0.6272
-0.6272
-0.6272
-0.6272
-0.6272
-0.6272
-0.6272
-0.6272
-0.6272
-0.6272
-0.6272
-0.6272
-0.6272
-0.6272
-0.6272
-0.6272
-0.6272
-0.6272
-0.6272
-0.6272
-0.6272
-0.6272
-0.6272
-0.6272
-0.6272
-0.6272
-0.6272
-0.6272
-0.6272
-0.6272
-0.6272
-0.6272
-0.6272
-0.6272
-0.6272
-0.6272
-0.6272
-0.6272
-0.6272
-0.6272
-0.6272
-0.6272
-0.6272
-0.6272
-0.6272
-0.6272
-0.6272
-0.6272
-0.6272
-0.6272
-0.6272
-0.6272
-0.6272
-0.6272
-0.6272
-0.6272
-0.6272
-0.6272
-0.6272
-0.6272
-0.6272
-0.6272
-0.6272
-0.6272
-0.6272
-0.6272
-0.6272
-0.6272
-0.6272
-0.6272
-0.6272
-0.6272
-0.6272
-0.6272
-0.6272
-0.6272
-0.6272
-0.6272
-0.6272
-0.6272
-0.6272
-0.6272
-0.6272
-0.6272
-0.6272
-0.6272
-0.6272
-0.6272
-0.6272
-0.6272
-0.6272
-0.6272
-0.6272
-0.6272
-0.6272
-0.6272
-0.6272
-0.6272
-0.6272
-0.6272
-0.6272
-0.6272
-0.6272
-0.6272
-0.6272
-0.6272
-0.6272
-0.6272
-0.6272
-0.6272
-0.6272
-0.6272
-0.6272
-0.6272
-0.6272
-0.6272
-0.6272
-0.6272
-0.6272
-0.6272
-0.6272
-0.6272
-0.6272
-0.6272
-0.6272
-0.6272
-0.6272
-0.6272
-0.6272
-0.6272
-0.6272
-0.6272
-0.6272
-0.6272
-0.6272
-0.6272
-0.6272
-0.6272
-0.6272
-0.6272
-0.6272
-0.6272
-0.6272
-0.6272
-0.6272
-0.6272
-0.6272
-0.6272
-0.6272
-0.6272
-0.6272
-0.6272
-0.6272
-0.6272
-0.6272
-0.6272
-0.6272
-0.6272
-0.6272
-0.6272
-0.6272
-0.6272
-0.6272
-0.6272
-0.6272
-0.6272
-0.6272
-0.6272
-0.6272
-0.6272
-0.6272
-0.6272
-0.6272
-0.6272
-0.6272
-0.6272
-0.6272
-0.6272
-0.6272
-0.6272
-0.6272
-0.6272
-0.6272
-0.6272
-0.6272
-0.6272
-0.6272
-0.6272
-0.6272
-0.6272
-0.6272
-0.6272
-0.6272
-0.6272
-0.6272
-0.6272
-0.6272
-0.6272
-0.6272
-0.6272
-0.6272
-0.6272
-0.6272
-0.6272
-0.6272
-0.6272
-0.6272
-0.6272
-0.6272
-0.6272
-0.6272
-0.6272
-0.6272
-0.6272
-0.6272
-0.6272
-0.6272
-0.6272
-0.6272
-0.6272
-0.6272
-0.6272
-0.6272
-0.6272
-0.6272
-0.6272
-0.6272
-0.6272
-0.6272
-0.6272
-0.6272
-0.6272
-0.6272
-0.6272
-0.6272
-0.6272
-0.6272
-0.6272
-0.6272
-0.6272
-0.6272
-0.6272
-0.6272
-0.6272
-0.6272
-0.6272
-0.6272
-0.6272
-0.6272
-0.6272
-0.6272
-0.6272
-0.6272
-0.6272
-0.6272
-0.6272
-0.6272
-0.6272
-0.6272
-0.6272
-0.6272
-0.6272
-0.6272
-0.6272
-0.6272
-0.6272
-0.6272
-0.6272
-0.6272
-0.6272
-0.6272
-0.6272
-0.6272
-0.6272
-0.6272
-0.6272
-0.6272
-0.6272
-0.6272
-0.6272
-0.6272
-0.6272
-0.6272
-0.6272
-0.6272
-0.6272
-0.6272
-0.6272
-0.6272
-0.6272
-0.6272
-0.6272
-0.6272
-0.6272
-0.6272
-0.6272
-0.6272
-0.6272
-0.6272
-0.6272
-0.6272
-0.6272
-0.6272
-0.6272
-0.6272
-0.6272
-0.6272
-0.6272
-0.6272
-0.6272
-0.6272
-0.6272
-0.6272
-0.6272
-0.6272
-0.6272
-0.6272
-0.6272
-0.6272
-0.6272
-0.6272
-0.6272
-0.6272
-0.6272
-0.6272
-0.6272
-0.6272
-0.6272
-0.6272
-0.6272
-0.6272
-0.6272
-0.6272
-0.6272
-0.6272
-0.6272
-0.6272
-0.6272
-0.6272
-0.6272
-0.6272
-0.6272
-0.6272
-0.6272
-0.6272
-0.6272
-0.6272
-0.6272
-0.6272
-0.6272
-0.6272
-0.6272
-0.6272
-0.6272
-0.6272
-0.6272
-0.6272
-0.6272
-0.6272
-0.6272
-0.6272
-0.6272
-0.6272
-0.6272
-0.6272
-0.6272
-0.6272
-0.6272
-0.6272
-0.6272
-0.6272
-0.6272
-0.6272
-0.6272
-0.6272
-0.6272
-0.6272
-0.6272
-0.6272
-0.6272
-0.6272
-0.6272
-0.6272
-0.6272
-0.6272
-0.6272
-0.6272
-0.6272
-0.6272
-0.6272
-0.6272
-0.6272
-0.6272
-0.6272
-0.6272
-0.6272
-0.6272
-0.6272
-0.6272
-0.6272
-0.6272
-0.6272
-0.6272
-0.6272
-0.6272
-0.6272
-0.6272
-0.6272
-0.6272
-0.6272
-0.6272
-0.6272
-0.6272
-0.6272
-0.6272
-0.6272
-0.6272
-0.6272
-0.6272
-0.6272
-0.6272
-0.6272
-0.6272
-0.6272
-0.6272
-0.6272
-0.6272
-0.6272
-0.6272
-0.6272
-0.6272
-0.6272
-0.6272
-0.6272
-0.6272
-0.6272
-0.6272
-0.6272
-0.6272
-0.6272
-0.6272
-0.6272
-0.6272
-0.6272
-0.6272
-0.6272
-0.6272
-0.6272
-0.6272
-0.6272
-0.6272
-0.6272
-0.6272
-0.6272
-0.6272
-0.6272
-0.6272
-0.6272
-0.6272
-0.6272
-0.6272
-0.6272
-0.6272
-0.6272
-0.6272
-0.6272
-0.6272
-0.6272
-0.6272
-0.6272
-0.6272
-0.6272
-0.6272
-0.6272
-0.6272
-0.6272
-0.6272
-0.6272
-0.6272
-0.6272
-0.6272
-0.6272
-0.6272
-0.6272
-0.6272
-0.6272
-0.6272
-0.6272
-0.6272
-0.6272
-0.6272
-0.6272
-0.6272
-0.6272
-0.6272
-0.6272
-0.6272
-0.6272
-0.6272
-0.6272
-0.6272
-0.6272
-0.6272
-0.6272
-0.6272
-0.6272
-0.6272
-0.6272
-0.6272
-0.6272
-0.6272
-0.6272
-0.6272
-0.6272
-0.6272
-0.6272
-0.6272
-0.6272
-0.6272
-0.6272
-0.6272
-0.6272
-0.6272
-0.6272
-0.6272
-0.6272
-0.6272
-0.6272
-0.6272
-0.6272
-0.6272
-0.6272
-0.6272
-0.6272
-0.6272
-0.6272
-0.6272
-0.6272
-0.6272
-0.6272
-0.6272
-0.6272
-0.6272
-0.6272
-0.6272
-0.6272
-0.6272
-0.6272
-0.6272
-0.6272
-0.6272
-0.6272
-0.6272
-0.6272
-0.6272
-0.6272
-0.6272
-0.6272
-0.6272
-0.6272
-0.6272
-0.6272
-0.6272
-0.6272
-0.6272
-0.6272
-0.6272
-0.6272
-0.6272
-0.6272
-0.6272
-0.6272
-0.6272
-0.6272
-0.6272
-0.6272
-0.6272
-0.6272
-0.6272
-0.6272
-0.6272
-0.6272
-0.6272
-0.6272
-0.6272
-0.6272
-0.6272
-0.6272
-0.6272
-0.6272
-0.6272
-0.6272
-0.6272
-0.6272
-0.6272
-0.6272
-0.6272
-0.6272
-0.6272
-0.6272
-0.6272
-0.6272
-0.6272
-0.6272
-0.6272
-0.6272
-0.6272
-0.6272
-0.6272
-0.6272
-0.6272
-0.6272
-0.6272
-0.6272
-0.6272
-0.6272
-0.6272
-0.6272
-0.6272
-0.6272
-0.6272
-0.6272
-0.6272
-0.6272
-0.6272
-0.6272
-0.6272
-0.6272
-0.6272
-0.6272
-0.6272
-0.6272
-0.6272
-0.6272
-0.6272
-0.6272
-0.6272
-0.6272
-0.6272
-0.6272
-0.6272
-0.6272
-0.6272
-0.6272
-0.6272
-0.6272
-0.6272
-0.6272
-0.6272
-0.6272
-0.6272
-0.6272
-0.6272
-0.6272
-0.6272
-0.6272
-0.6272
-0.6272
-0.6272
-0.6272
-0.6272
-0.6272
-0.6272
-0.6272
-0.6272
-0.6272
-0.6272
-0.6272
-0.6272
-0.6272
-0.6272
-0.6272
-0.6272
-0.6272
-0.6272
-0.6272
-0.6272
-0.6272
-0.6272
-0.6272
-0.6272
-0.6272
-0.6272
-0.6272
-0.6272
-0.6272
-0.6272
-0.6272
-0.6272
-0.6272
-0.6272
-0.6272
-0.6272
-0.6272
-0.6272
-0.6272
-0.6272
-0.6272
-0.6272
-0.6272
-0.6272
-0.627199
-0.627199
-0.627199
-0.627199
-0.627199
-0.627199
-0.627199
-0.627199
-0.627199
-0.627199
-0.627199
-0.627198
-0.627198
-0.627198
-0.627198
-0.627197
-0.627197
-0.627197
-0.627197
-0.627196
-0.627196
-0.627195
-0.627195
-0.627194
-0.627193
-0.627193
-0.627192
-0.627191
-0.62719
-0.627189
-0.627187
-0.627186
-0.627184
-0.627183
-0.627181
-0.627179
-0.627176
-0.627174
-0.627171
-0.627167
-0.627164
-0.627159
-0.627155
-0.62715
-0.627144
-0.627138
-0.627131
-0.627123
-0.627115
-0.627105
-0.627095
-0.627083
-0.62707
-0.627055
-0.627039
-0.627021
-0.627001
-0.626979
-0.626954
-0.626927
-0.626897
-0.626864
-0.626827
-0.626786
-0.62674
-0.62669
-0.626634
-0.626573
-0.626505
-0.62643
-0.626347
-0.626256
-0.626155
-0.626045
-0.625923
-0.62579
-0.625643
-0.625483
-0.625308
-0.625116
-0.624907
-0.624679
-0.624431
-0.624161
-0.623868
-0.623551
-0.623209
-0.622839
-0.62244
-0.62201
-0.621549
-0.621053
-0.620523
-0.619956
-0.619351
-0.618706
-0.61802
-0.617291
-0.616517
-0.615699
-0.614833
-0.61392
-0.612957
-0.611944
-0.610881
-0.609765
-0.608596
-0.607375
-0.606099
-0.60477
-0.603387
-0.60195
-0.600458
-0.598913
-0.597316
-0.595665
-0.593963
-0.592211
-0.590409
-0.58856
-0.586664
-0.584723
-0.582739
-0.580714
-0.578651
-0.576551
-0.574417
-0.572252
-0.570058
-0.567838
-0.565595
-0.563332
-0.561052
-0.558758
-0.556453
-0.554141
-0.551824
-0.549507
-0.547191
-0.544881
-0.54258
-0.540291
-0.538017
-0.535761
-0.533526
-0.531316
-0.529132
-0.526979
-0.524857
-0.522771
-0.520722
-0.518712
-0.516744
-0.51482
-0.512941
-0.511109
-0.509326
-0.507592
-0.50591
-0.504279
-0.502701
-0.501176
-0.499705
-0.498288
-0.496925
-0.495616
-0.494361
-0.493159
-0.492011
-0.490914
-0.48987
-0.488876
-0.487932
-0.487037
-0.486189
-0.485387
-0.484631
-0.483918
-0.483247
-0.482617
-0.482027
-0.481474
-0.480957
-0.480475
-0.480025
-0.479607
-0.479219
-0.47886
-0.478527
-0.478219
-0.477935
-0.477674
-0.477434
-0.477213
-0.47701
-0.476825
-0.476655
-0.4765
-0.476359
-0.47623
-0.476113
-0.476006
-0.475909
-0.475821
-0.475741
-0.475669
-0.475604
-0.475544
-0.475491
-0.475442
-0.475399
-0.475359
-0.475323
-0.475291
-0.475262
-0.475236
-0.475212
-0.475191
-0.475172
-0.475155
-0.475139
-0.475125
-0.475113
-0.475101
-0.475091
-0.475082
-0.475074
-0.475066
-0.47506
-0.475054
-0.475048
-0.475043
-0.475039
-0.475035
-0.475031
-0.475028
-0.475025
-0.475023
-0.475021
-0.475018
-0.475017
-0.475015
-0.475013
-0.475012
-0.475011
-0.47501
-0.475009
-0.475008
-0.475007
-0.475006
-0.475006
-0.475005
-0.475005
-0.475004
-0.475004
-0.475003
-0.475003
-0.475003
-0.475002
-0.475002
-0.475002
-0.475002
-0.475002
-0.475001
-0.475001
-0.475001
-0.475001
-0.475001
-0.475001
-0.475001
-0.475001
-0.475001
-0.475001
-0.475
-0.475
-0.475
-0.475
-0.475
-0.475
-0.475
-0.475
-0.475
-0.475
-0.475
-0.475
-0.475
-0.475
-0.475
-0.475
-0.475
-0.475
-0.475
-0.475
-0.475
-0.475
-0.475
-0.475
-0.475
-0.475
-0.475
-0.475
-0.475
-0.475
-0.475
-0.475
-0.475
-0.475
-0.475
-0.475
-0.475
-0.475
-0.475
-0.475
-0.475
-0.475
-0.475
-0.475
-0.475
-0.475
-0.475
-0.475
-0.475
-0.475
-0.475
-0.475
-0.475
-0.475
-0.475
-0.475
-0.475
-0.475
-0.475
-0.475
-0.475
-0.475
-0.475
-0.475
-0.475
-0.475
-0.475
-0.475
-0.475
-0.475
-0.475
-0.475
-0.475
-0.475
-0.475
-0.475
-0.475
-0.475
-0.475
-0.475
-0.475
-0.475
-0.475
-0.475
-0.475
-0.475
-0.475
-0.475
-0.475
-0.475
-0.475
-0.475
-0.475
-0.475
-0.475
-0.475
-0.475
-0.475
-0.475
-0.475
-0.475
-0.475
-0.475
-0.475
-0.475
-0.475
-0.475
-0.475
-0.475
-0.475
-0.475
-0.475
-0.475
-0.475
-0.475
-0.475
-0.475
-0.475
-0.475
-0.475
-0.475
-0.475
-0.475
-0.475
-0.475
-0.475
-0.475
-0.475
-0.475
-0.475
-0.475
-0.475
-0.475
-0.475
-0.475
-0.475
-0.475
-0.475
-0.475
-0.475
-0.475
-0.475
-0.475
-0.475
-0.475
-0.475
-0.475
-0.475
-0.475
-0.475
-0.475
-0.475
-0.475
-0.475
-0.475
-0.475
-0.475
-0.475
-0.475
-0.475
-0.475
-0.475
-0.475
-0.475
-0.475
-0.475
-0.475
-0.475
-0.475
-0.475
-0.475
-0.475
-0.475
-0.475
-0.475
-0.475
-0.475
-0.475
-0.475
-0.475
-0.475
-0.475
-0.475
-0.475
-0.475
-0.475
-0.475
-0.475
-0.475
-0.475
-0.475
-0.475
-0.475
-0.475
-0.475
-0.475
-0.475
-0.475
-0.475
-0.475
-0.475
-0.475
-0.475
-0.475
-0.475
-0.475
-0.475
-0.475
-0.475
-0.475
-0.475
-0.475
-0.475
-0.475
-0.475
-0.475
-0.475
-0.475
-0.475
-0.475
-0.475
-0.475
-0.475
-0.475
-0.475
-0.475
-0.475
-0.475
-0.475
-0.475
-0.475
-0.475
-0.475
-0.475
-0.475
-0.475
-0.475
-0.475
-0.475
-0.475
-0.475
-0.475
-0.475
-0.475
-0.475
-0.475
-0.475
-0.475
-0.475
-0.475
-0.475
-0.475
-0.475
-0.475
-0.475
-0.475
-0.475
-0.475
-0.475
-0.475
-0.475
-0.475
-0.475
-0.475
-0.475
-0.475
-0.475
-0.475
-0.475
-0.475
-0.475
-0.475
-0.475
-0.475
-0.475
-0.475
-0.475
-0.475
-0.475
-0.475
-0.475
-0.475
-0.475
-0.475
-0.475
-0.475
-0.475
-0.475
-0.475
-0.475
-0.475
-0.475
-0.475
-0.475
-0.475
-0.475
-0.475
-0.475
-0.475
-0.475
-0.475
-0.475
-0.475
-0.475
-0.475
-0.475
-0.475
-0.475
-0.475
-0.475
-0.475
-0.475
-0.475
-0.475
-0.475
-0.475
-0.475
-0.475
-0.475
-0.475
-0.475
-0.475
-0.475
-0.475
-0.475
-0.475
-0.475
-0.475
-0.475
-0.475
-0.475
-0.475
-0.475
-0.475
-0.475
-0.475
-0.475
-0.475
-0.475
-0.475
-0.475
-0.475
-0.475
-0.475
-0.475
-0.475
-0.475
-0.475
-0.475
-0.475
-0.475
-0.475
-0.475
-0.475
-0.475
-0.475
-0.475
-0.475
-0.475
-0.475
-0.475
-0.475
-0.475
-0.475
-0.475
-0.475
-0.475
-0.475
-0.475
-0.475
-0.475
-0.475
-0.475
-0.475
-0.475
-0.475
-0.475
-0.475
-0.475
-0.475
-0.475
-0.475
-0.475
-0.475
-0.475
-0.475
-0.475
-0.475
-0.475
-0.475
-0.475
-0.475
-0.475
-0.475
-0.475
-0.475
-0.475
-0.475
-0.475
-0.475
-0.475
-0.475
-0.475
-0.475
-0.475
-0.475
-0.475
-0.475
-0.475
-0.475
-0.475
-0.475
-0.475
-0.475
-0.475
-0.475
-0.475
-0.475
-0.475
-0.475
-0.475
-0.475
-0.475
-0.475
-0.475
-0.475
-0.475
-0.475
-0.475
-0.475
-0.475
-0.475
-0.475
-0.475
-0.475
-0.475
-0.475
-0.475
-0.475
-0.475
-0.475
-0.475
-0.475
-0.475
-0.475
-0.475
-0.475
-0.475
-0.475
-0.475
-0.475
-0.475
-0.475
-0.475
-0.475
-0.475
-0.475
-0.475
-0.475
-0.475
-0.475
-0.475
-0.475
-0.475
-0.475
-0.475
-0.475
-0.475
-0.475
-0.475
-0.475
-0.475
-0.475
-0.475
-0.475
-0.475
-0.475
-0.475
-0.475
-0.475
-0.475
-0.475
-0.475
-0.475
-0.475
-0.475
-0.475
-0.475
-0.475
-0.475
-0.475
-0.475
-0.475
-0.475
-0.475
-0.475
-0.475
-0.475
-0.475
-0.475
-0.475
-0.475
-0.475
-0.475
-0.475
-0.475
-0.475
-0.475
-0.475
-0.475
-0.475
-0.475
-0.475
-0.475
-0.475
-0.475
-0.475
-0.475
-0.475
-0.475
-0.475
-0.475
-0.475
-0.475
-0.475
-0.475
-0.475
-0.475
-0.475
-0.475
-0.475
-0.475
-0.475
-0.475
-0.475
-0.475
-0.475
-0.475
-0.475
-0.475
-0.475
-0.475
-0.475
-0.475
-0.475
-0.475
-0.475
-0.475
-0.475
-0.475
-0.475
-0.475
-0.475
-0.475
-0.475
-0.475
-0.475
-0.475
-0.475
-0.475
-0.475
-0.475
-0.475
-0.475
-0.475
-0.475
-0.475
-0.475
-0.475
-0.475
-0.475
-0.475
-0.475
-0.475
-0.475
-0.475
-0.475
-0.475
-0.475
-0.475
-0.475
-0.475
-0.475
-0.475
-0.475
-0.475
-0.475
-0.475
-0.475
-0.475
-0.475
-0.475
-0.475
-0.475
-0.475
-0.475
-0.475
-0.475
-0.475
-0.475
-0.475
-0.475
-0.475
-0.475
-0.475
-0.475
-0.475
-0.475
-0.475
-0.475
-0.475
-0.475
-0.475
-0.475
-0.475
-0.475
-0.475
-0.475
-0.475
-0.475
-0.475
-0.475
-0.475
-0.475
-0.475
-0.475
-0.475
-0.475
-0.475
-0.475
-0.475
-0.475
-0.475
-0.475
-0.475
-0.475
-0.475
-0.475
-0.475
-0.475
-0.475
-0.475
-0.475
-0.475
-0.475
-0.475
-0.475
-0.475
-0.475
-0.475
-0.475
-0.475
-0.475
-0.475
-0.475
-0.475
-0.475
-0.475
-0.475
-0.475
-0.475
-0.475
-0.475
-0.475
-0.475
-0.475
-0.475
-0.475
-0.475
-0.475
-0.475
-0.475
-0.475
-0.475
-0.475
-0.475
-0.475
-0.475
-0.475
-0.475
-0.475
-0.475
-0.475
-0.475
-0.475
-0.475
-0.475
-0.475
-0.475
-0.475
-0.475
-0.475
-0.475
-0.475
-0.475
-0.475
-0.475
-0.475
-0.475
-0.475
-0.475
-0.475
-0.475
-0.475
-0.475
-0.475
-0.475
-0.475
-0.475
-0.475
-0.475
-0.475
-0.475
-0.475
-0.475
-0.475
-0.475
-0.475
-0.475
-0.475
-0.475
-0.475
-0.475
-0.475
-0.475
-0.475
-0.475
-0.475
-0.475
-0.475
-0.475
-0.475
-0.475
-0.475
-0.475
-0.475
-0.475
-0.475
-0.475
-0.475
-0.475
-0.475
-0.475
-0.475
-0.475
-0.475
-0.475
-0.475
-0.475
-0.475
-0.475
-0.475
-0.475
-0.475
-0.475
-0.475
-0.475
-0.475
-0.475
-0.475
-0.475
-0.475
-0.475
-0.475
-0.475
-0.475
-0.475
-0.475
-0.475
-0.475
-0.475
-0.475
-0.475
-0.475
-0.475
-0.475
-0.475
-0.475
-0.475
-0.475
-0.475
-0.475
-0.475
-0.475
-0.475
-0.475
-0.475
-0.475
-0.475
-0.475
-0.475
-0.475
-0.475
-0.475
-0.475
-0.475
-0.475
-0.475
-0.475
-0.475
-0.475
-0.475
-0.475
-0.475
-0.475
-0.475
-0.475
-0.475
-0.475
-0.475
-0.475
-0.475
-0.475
-0.475
-0.475
-0.475
-0.475
-0.475
-0.475
-0.475
-0.475
-0.475
-0.475
-0.475
-0.475
-0.475
-0.475
-0.475
-0.475
-0.475
-0.475
-0.475
-0.475
-0.475
-0.475
-0.475
-0.475
-0.475
-0.475
-0.475
-0.475
-0.475
-0.475
-0.475
-0.475
-0.475
-0.475
-0.475
-0.475
-0.475
-0.475
-0.475
-0.475
-0.475
-0.475
-0.475
-0.475
-0.475
-0.475
-0.475
-0.475
-0.475
-0.475
-0.475
-0.475
-0.475
-0.475
-0.475
-0.475
-0.475
-0.475
-0.475
-0.475
-0.475
-0.475
-0.475
-0.475
-0.475
-0.475
-0.475
-0.475
-0.475
-0.475
-0.475
-0.475
-0.475
-0.475
-0.475
-0.475
-0.475
-0.475
-0.475
-0.475
-0.475
-0.475
-0.475
-0.475
-0.475
-0.475
-0.475
-0.475
-0.475
-0.475
-0.475
-0.475
-0.475
-0.475
-0.475
-0.475
-0.475
-0.475
-0.475
-0.475
-0.475
-0.475
-0.475
-0.475
-0.475
-0.475
-0.475
-0.475
-0.475
-0.475
-0.475
-0.475
-0.475
-0.475
-0.475
-0.475
-0.475
-0.475
-0.475
-0.475
-0.475
-0.475
-0.475
-0.475
-0.475
-0.475
-0.475
-0.475
-0.475
-0.475
-0.475
-0.475
-0.475
-0.475
-0.475
-0.475
-0.475
-0.475
-0.475
-0.475
-0.475
-0.475
-0.475
-0.475
-0.475
-0.475
-0.475
-0.475
-0.475
-0.475
-0.475
-0.475
-0.475
-0.475
-0.475
-0.475
-0.475
-0.475
-0.475
-0.475
-0.475
-0.475
-0.475
-0.475
-0.475
-0.475
-0.475
-0.475
-0.475
-0.475
-0.475
-0.475
-0.475
-0.475
-0.475
-0.475
-0.475
-0.475
-0.475
-0.475
-0.475
-0.475
-0.475
-0.475
-0.475
-0.475
-0.475
-0.475
-0.475
-0.475
-0.475
-0.475
-0.475
-0.475
-0.475
-0.475
-0.475
-0.475
-0.475
-0.475
-0.475
-0.475
-0.475
-0.475
-0.475
-0.475
-0.475
-0.475
-0.475
-0.475
-0.475
-0.475
-0.475
-0.475
-0.475
-0.475
-0.475
-0.475
-0.475
-0.475
-0.475
-0.475
-0.475
-0.475
-0.475
-0.475
-0.475
-0.475
-0.475
-0.475
-0.475
-0.475
-0.475
-0.475
-0.475
-0.475
-0.475
-0.475
-0.475
-0.475
-0.475
-0.475
-0.475
-0.475
-0.475
-0.475
-0.475
-0.475
-0.475
-0.475
-0.475
-0.475
-0.475
-0.475
-0.475
-0.475
-0.475
-0.475
-0.475
-0.475
-0.475
-0.475
-0.475
-0.475
-0.475
-0.475
-0.475
-0.475
-0.475
-0.475
-0.475
-0.475
-0.475
-0.475
-0.475
-0.475
-0.475
-0.475
-0.475
-0.475
-0.475
-0.475
-0.475
-0.475
-0.475
-0.475
-0.475
-0.475
-0.475
-0.475
-0.475
-0.475
-0.475
-0.475
-0.475
-0.475
-0.475
-0.475
-0.475
-0.475
-0.475
-0.475
-0.475
-0.475
-0.475
-0.475
-0.475
-0.475
-0.475
-0.475
-0.475
-0.475
-0.475
-0.475
-0.475
-0.475
-0.475
-0.475
-0.475
-0.475
-0.475
-0.475
-0.475
-0.475
-0.475
-0.475
-0.475
-0.475
-0.475
-0.475
-0.475
-0.475
-0.475
-0.475
-0.475
-0.475
-0.475
-0.475
-0.475
-0.475
-0.475
-0.475
-0.475
-0.475
-0.475
-0.475
-0.475
-0.475
-0.475
-0.475
-0.475
-0.475
-0.475
-0.475
-0.475
-0.475
-0.475
-0.475
-0.475
-0.475
-0.475
-0.475
-0.475
-0.475
-0.475
-0.475
-0.475
-0.475
-0.475
-0.475
-0.475
-0.475
-0.475
-0.475
-0.475
-0.475
-0.475
-0.475
-0.475
-0.475
-0.475
-0.475
-0.475
-0.475
-0.475
-0.475
-0.475
-0.475
-0.475
-0.475
-0.475
-0.475
-0.475
-0.475
-0.475
-0.475
-0.475
-0.475
-0.475
-0.475
-0.475
-0.475
-0.475
-0.475
-0.475
-0.475
-0.475
-0.475
-0.475
-0.475
-0.475
-0.475
-0.475
-0.475
-0.475
-0.475
-0.475
-0.475
-0.475
-0.475
-0.475
-0.475
-0.475
-0.475
-0.475
-0.475
-0.475
-0.475
-0.475
-0.475
-0.475
-0.475
-0.475
-0.475
-0.475
-0.475
-0.475
-0.475
-0.475
-0.475
-0.475
-0.475
-0.475
-0.475
-0.475
-0.475
-0.475
-0.475
-0.475
-0.475
-0.475
-0.475
-0.475
-0.475
-0.475
-0.475
-0.475
-0.475
-0.475
-0.475
-0.475
-0.475
-0.475
-0.475
-0.475
-0.475
-0.475
-0.475
-0.475
-0.475
-0.475
-0.475
-0.475
-0.475
-0.475
-0.475
-0.475
-0.475
-0.475
-0.475
-0.475
-0.475
-0.475
-0.475
-0.475
-0.475
-0.475
-0.475
-0.475
-0.475
-0.475
-0.475
-0.475
-0.475
-0.475
-0.475
-0.475
-0.475
-0.475
-0.475
-0.475
-0.475
-0.475
-0.475
-0.475
-0.475
-0.475
-0.475
-0.475
-0.475
-0.475
-0.475
-0.475
-0.475
-0.475
-0.475
-0.475
-0.475
-0.475
-0.475
-0.475
-0.475
-0.475
-0.475
-0.475
-0.475
-0.475
-0.475
-0.475
-0.475
-0.475
-0.475
-0.475
-0.475
-0.475
-0.475
-0.475
-0.475
-0.475
-0.475
-0.475
-0.475
-0.475
-0.475
-0.475
-0.475
-0.475
-0.475
-0.475
-0.475
-0.475
-0.475
-0.475
-0.475
-0.475
-0.475
-0.475
-0.475
-0.475
-0.475
-0.475
-0.475
-0.475
-0.475
-0.475
-0.475
-0.475
-0.475
-0.475
-0.475
-0.475
-0.475
-0.475
-0.475
-0.475
-0.475
-0.475
-0.475
-0.475
-0.475
-0.475
-0.475
-0.475
-0.475
-0.475
-0.475
-0.475
-0.475
-0.475
-0.475
-0.475
-0.475
-0.475
-0.475
-0.475
-0.475
-0.475
-0.475
-0.475
-0.475
-0.475
-0.475
-0.475
-0.475
-0.475
-0.475
-0.475
-0.475
-0.475
-0.475
-0.475
-0.475
-0.475
-0.475
-0.475
-0.475
-0.475
-0.475
-0.475
-0.475
-0.475
-0.475
-0.475
-0.475
-0.475
-0.475
-0.475
-0.475
-0.475
-0.475
-0.475
-0.475
-0.475
-0.475
-0.475
-0.475
-0.475
-0.475
-0.475
-0.475
-0.475
-0.475
-0.475
-0.475
-0.475
-0.475
-0.475
-0.475
-0.475
-0.475
-0.475
-0.475
-0.475
-0.475
-0.475
-0.475
-0.475
-0.475
-0.475
-0.475
-0.475
-0.475
-0.475
-0.475
-0.475
-0.475
-0.475
-0.475
-0.475
-0.475
-0.475
-0.475
-0.475
-0.475
-0.475
-0.475
-0.475
-0.475
-0.475
-0.475
-0.475
-0.475
-0.475
-0.475
-0.475
-0.475
-0.475
-0.475
-0.475
-0.475
-0.475
-0.475
-0.475
-0.475
-0.475
-0.475
-0.475
-0.475
-0.475
-0.475
-0.475
-0.475
-0.475
-0.475
-0.475
-0.475
-0.475
-0.475
-0.475
-0.475
-0.475
-0.475
-0.475
-0.475
-0.475
-0.475
-0.475
-0.475
-0.475
-0.475
-0.475
-0.475
-0.475
-0.475
-0.475
-0.475
-0.475
-0.475
-0.475
-0.475
-0.475
-0.475
-0.475
-0.475
-0.475
-0.475
-0.475
-0.475
-0.475
-0.475
-0.475
-0.475
-0.475
-0.475
-0.475
-0.475
-0.475
-0.475
-0.475
-0.475
-0.475
-0.475
-0.475
-0.475
-0.475
-0.475
-0.475
-0.475
-0.475
-0.475
-0.475
-0.475
-0.475
-0.475
-0.475
-0.475
-0.475
-0.475
-0.475
-0.475
-0.475
-0.475
-0.475
-0.475
-0.475
-0.475
-0.475
-0.475
-0.475
-0.475
-0.475
-0.475
-0.475
-0.475
-0.475
-0.475
-0.475
-0.475
-0.475
-0.475
-0.475
-0.475
-0.475
-0.475
-0.475
-0.475
-0.475
-0.475
-0.475
-0.475
-0.475
-0.475
-0.475
-0.475
-0.475
-0.475
-0.475
-0.475
-0.475
-0.475
-0.475
-0.475
-0.475
-0.475
-0.475
-0.475
-0.475
-0.475
-0.475
-0.475
-0.475
-0.475
-0.475
-0.475
-0.475
-0.475
-0.475
-0.475
-0.475
-0.475
-0.475
-0.475
-0.475
-0.475
-0.475
-0.475
-0.475
-0.475
-0.475
-0.475
-0.475
-0.475
-0.475
-0.475
-0.475
-0.475
-0.475
-0.475
-0.475
-0.475
-0.475
-0.475
-0.475
-0.475
-0.475
-0.475
-0.475
-0.475
-0.475
-0.475
-0.475
-0.475
-0.475
-0.475
-0.475
-0.475
-0.475
-0.475
-0.475
-0.475
-0.475
-0.475
-0.475
-0.475
-0.475
-0.475
-0.475
-0.475
-0.475
-0.475
-0.475
-0.475
-0.475
-0.475
-0.475
-0.475
-0.475
-0.475
-0.475
-0.475
-0.475
-0.475
-0.475
-0.475
-0.475
-0.475
-0.475
-0.475
-0.475
-0.475
-0.475
-0.475
-0.475
-0.475
-0.475
-0.475
-0.475
-0.475
-0.475
-0.475
-0.475
-0.475
-0.475
-0.475
-0.475
-0.475
-0.475
-0.475
-0.475
-0.475
-0.475
-0.475
-0.475
-0.475
-0.475
-0.475
-0.475
-0.475
-0.475
-0.475
-0.475
-0.475
-0.475
-0.475
-0.475
-0.475
-0.475
-0.475
-0.475
-0.475
-0.475
-0.475
-0.475
-0.475
-0.475
-0.475
-0.475
-0.475
-0.475
-0.475
-0.475
-0.475
-0.475
-0.475
-0.475
-0.475
-0.475
-0.475
-0.475
-0.475
-0.475
-0.475
-0.475
-0.475
-0.475
-0.475
-0.475
-0.475
-0.475
-0.475
-0.475
-0.475
-0.475
-0.475
-0.475
-0.475
-0.475
-0.475
-0.475
-0.475
-0.475
-0.475
-0.475
-0.475
-0.475
-0.475
-0.475
-0.475
-0.475
-0.475
-0.475
-0.475
-0.475
-0.475
-0.475
-0.475
-0.475
-0.475
-0.475
-0.475
-0.475
-0.475
-0.475
-0.475
-0.475
-0.475
-0.475
-0.475
-0.475
-0.475
-0.475
-0.475
-0.475
-0.475
-0.475
-0.475
-0.475
-0.475
-0.475
-0.475
-0.475
-0.475
-0.475
-0.475
-0.475
-0.475
-0.475
-0.475
-0.475
-0.475
-0.475
-0.475
-0.475
-0.475
-0.475
-0.475
-0.475
-0.475
-0.475
-0.475
-0.475
-0.475
-0.475
-0.475
-0.475
-0.475
-0.475
-0.475
-0.475
-0.475
-0.475
-0.475
-0.475
-0.475
-0.475
-0.475
-0.475
-0.475
-0.475
-0.475
-0.475
-0.475
-0.475
-0.475
-0.475
-0.475
-0.475
-0.475
-0.475
-0.475
-0.475
-0.475
-0.475
-0.475
-0.475
-0.475
-0.475
-0.475
-0.475
-0.475
-0.475
-0.475
-0.475
-0.475
-0.475
-0.475
-0.475
-0.475
-0.475
-0.475
-0.475
-0.475
-0.475
-0.475
-0.475
-0.475
-0.475
-0.475
-0.475
-0.475
-0.475
-0.475
-0.475
-0.475
-0.475
-0.475
-0.475
-0.475
-0.475
-0.475
-0.475
-0.475
-0.475
-0.475
-0.475
-0.475
-0.475
-0.475
-0.475
-0.475
-0.475
-0.475
-0.475
-0.475
-0.475
-0.475
-0.475
-0.475
-0.475
-0.475
-0.475
-0.475
-0.475
-0.475
-0.475
-0.475
-0.475
-0.475
-0.475
-0.475
-0.475
-0.475
-0.475
-0.475
-0.475
-0.475
-0.475
-0.475
-0.475
-0.475
-0.475
-0.475
-0.475
-0.475
-0.475
-0.475
-0.475
-0.475
-0.475
-0.475
-0.475
-0.475
-0.475
-0.475
-0.475
-0.475
-0.475
-0.475
-0.475
-0.475
-0.475
-0.475
-0.475
-0.475
-0.475
-0.475
-0.475
-0.475
-0.475
-0.475
-0.475
-0.475
-0.475
-0.475
-0.475
-0.475
-0.475
-0.475
-0.475
-0.475
-0.475
-0.475
-0.475
-0.475
-0.475
-0.475
-0.475
-0.475
-0.475
-0.475
-0.475
-0.475
-0.475
-0.475
-0.475
-0.475
-0.475
-0.475
-0.475
-0.475
-0.475
-0.475
-0.475
-0.475
-0.475
-0.475
-0.475
-0.475
-0.475
-0.475
-0.475
-0.475
-0.475
-0.475
-0.475
-0.475
-0.475
-0.475
-0.475
-0.475
-0.475
-0.475
-0.475
-0.475
-0.475
-0.475
-0.475
-0.475
-0.475
-0.475
-0.475
-0.475
-0.475
-0.475
-0.475
-0.475
-0.475
-0.475
-0.475
-0.475
-0.475
-0.475
-0.475
-0.475
-0.475
-0.475
-0.475
-0.475
-0.475
-0.475
-0.475
-0.475
-0.475
-0.475
-0.475
-0.475
-0.475
-0.475
-0.475
-0.475
-0.475
-0.475
-0.475
-0.475
-0.475
-0.475
-0.475
-0.475
-0.475
-0.475
-0.475
-0.475
-0.475
-0.475
-0.475
-0.475
-0.475
-0.475
-0.475
-0.475
-0.475
-0.475
-0.475
-0.475
-0.475
-0.475
-0.475
-0.475
-0.475
-0.475
-0.475
-0.475
-0.475
-0.475
-0.475
-0.475
-0.475
-0.475
-0.475
-0.475
-0.475
-0.475
-0.475
-0.475
-0.475
-0.475
-0.475
-0.475
-0.475
-0.475
-0.475
-0.475
-0.475
-0.475
-0.475
-0.475
-0.475
-0.475
-0.475
-0.475
-0.475
-0.475
-0.475
-0.475
-0.475
-0.475
-0.475
-0.475
-0.475
-0.475
-0.475
-0.475
-0.475
-0.475
-0.475
-0.475
-0.475
-0.475
-0.475
-0.475
-0.475
-0.475
-0.475
-0.475
-0.475
-0.475
-0.475
-0.475
-0.475
-0.475
-0.475
-0.475
-0.475
-0.475
-0.475
-0.475
-0.475
-0.475
-0.475
-0.475
-0.475
-0.475
-0.475
-0.475
-0.475
-0.475
-0.475
-0.475
-0.475
-0.475
-0.475
-0.475
-0.475
-0.475
-0.475
-0.475
-0.475
-0.475
-0.475
-0.475
-0.475
-0.475
-0.475
-0.475
-0.475
-0.475
-0.475
-0.475
-0.475
-0.475
-0.475
-0.475
-0.475
-0.475
-0.475
-0.475
-0.475
-0.475
-0.475
-0.475
-0.475
-0.475
-0.475
-0.475
-0.475
-0.475
-0.475
-0.475
-0.475
-0.475
-0.475
-0.475
-0.475
-0.475
-0.475
-0.475
-0.475
-0.475
-0.475
-0.475
-0.475
-0.475
-0.475
-0.475
-0.475
-0.475
-0.475
-0.475
-0.475
-0.475
-0.475
-0.475
-0.475
-0.475
-0.475
-0.475
-0.475
-0.475
-0.475
-0.475
-0.475
-0.475
-0.475
-0.475
-0.475
-0.475
-0.475
-0.475
-0.475
-0.475
-0.475
-0.475
-0.475
-0.475
-0.475
-0.475
-0.475
-0.475
-0.475
-0.475
-0.475
-0.475
-0.475
-0.475
-0.475
-0.475
-0.475
-0.475
-0.475
-0.475
-0.475
-0.475
-0.475
-0.475
-0.475
-0.475
-0.475
-0.475
-0.475
-0.475
-0.475
-0.475
-0.475
-0.475
-0.475
-0.475
-0.475
-0.475
-0.475
-0.475
-0.475
-0.475
-0.475
-0.475
-0.475
-0.475
-0.475
-0.475
-0.475
-0.475
-0.475
-0.475
-0.475
-0.475
-0.475
-0.475
-0.475
-0.475
-0.475
-0.475
-0.475
-0.475
-0.475
-0.475
-0.475
-0.475
-0.475
-0.475
-0.475
-0.475
-0.475
-0.475
-0.475
-0.475
-0.475
-0.475
-0.475
-0.475
-0.475
-0.475
-0.475
-0.475
-0.475
-0.475
-0.475
-0.475
-0.475
-0.475
-0.475
-0.475
-0.475
-0.475
-0.475
-0.475
-0.475
-0.475
-0.475
-0.475
-0.475
-0.475
-0.475
-0.475
-0.475
-0.475
-0.475
-0.475
-0.475
-0.475
-0.475
-0.475
-0.475
-0.475
-0.475
-0.475
-0.475
-0.475
-0.475
-0.475
-0.475
-0.475
-0.475
-0.475
-0.475
-0.475
-0.475
-0.475
-0.475
-0.475
-0.475
-0.475
-0.475
-0.475
-0.475
-0.475
-0.475
-0.475
-0.475
-0.475
-0.475
-0.475
-0.475
-0.475
-0.475
-0.475
-0.475
-0.475
-0.475
-0.475
-0.475
-0.475
-0.475
-0.475
-0.475
-0.475
-0.475
-0.475
-0.475
-0.475
-0.475
-0.475
-0.475
-0.475
-0.475
-0.475
-0.475
-0.475
-0.475
-0.475
-0.475
-0.475
-0.475
-0.475
-0.475
-0.475
-0.475
-0.475
-0.475
-0.475
-0.475
-0.475
-0.475
-0.475
-0.475
-0.475
-0.475
-0.475
-0.475
-0.475
-0.475
-0.475
-0.475
-0.475
-0.475
-0.475
-0.475
-0.475
-0.475
-0.475
-0.475
-0.475
-0.475
-0.475
-0.475
-0.475
-0.475
-0.475
-0.475
-0.475
-0.475
-0.475
-0.475
-0.475
-0.475
-0.475
-0.475
-0.475
-0.475
-0.475
-0.475
-0.475
-0.475
-0.475
-0.475
-0.475
-0.475
-0.475
-0.475
-0.475
-0.475
-0.475
-0.475
-0.475
-0.475
-0.475
-0.475
-0.475
-0.475
-0.475
-0.475
-0.475
-0.475
-0.475
-0.475
-0.475
-0.475
-0.475
-0.475
-0.475
-0.475
-0.475
-0.475
-0.475
-0.475
-0.475
-0.475
-0.475
-0.475
-0.475
-0.475
-0.475
-0.475
-0.475
-0.475
-0.475
-0.475
-0.475
-0.475
-0.475
-0.475
-0.475
-0.475
-0.475
-0.475
-0.475
-0.475
-0.475
-0.475
-0.475
-0.475
-0.475
-0.475
-0.475
-0.475
-0.475
-0.475
-0.475
-0.475
-0.475
-0.475
-0.475
-0.475
-0.475
-0.475
-0.475
-0.475
-0.475
-0.475
-0.475
-0.475
-0.475
-0.475
-0.475
-0.475
-0.475
-0.475
-0.475
-0.475
-0.475
-0.475
-0.475
-0.475
-0.475
-0.475
-0.475
-0.475
-0.475
-0.475
-0.475
-0.475
-0.475
-0.475
-0.475
-0.475
-0.475
-0.475
-0.475
-0.475
-0.475
-0.475
-0.475
-0.475
-0.475
-0.475
-0.475
-0.475
-0.475
-0.475
-0.475
-0.475
-0.475
-0.475
-0.475
-0.475
-0.475
-0.475
-0.475
-0.475
-0.475
-0.475
-0.475
-0.475
-0.475
-0.475
-0.475
-0.475
-0.475
-0.475
-0.475
-0.475
-0.475
-0.475
-0.475
-0.475
-0.475
-0.475
-0.475
-0.475
-0.475
-0.475
-0.475
-0.475
-0.475
-0.475
-0.475
-0.475
-0.475
-0.475
-0.475
-0.475
-0.475
-0.475
-0.475
-0.475
-0.475
-0.475
-0.475
-0.475
-0.475
-0.475
-0.475
-0.475
-0.475
-0.475
-0.475
-0.475
-0.475
-0.475
-0.475
-0.475
-0.475
-0.475
-0.475
-0.475
-0.475
-0.475
-0.475
-0.475
-0.475
-0.475
-0.475
-0.475
-0.475
-0.475
-0.475
-0.475
-0.475
-0.475
-0.475
-0.475
-0.475
-0.475
-0.475
-0.475
-0.475
-0.475
-0.475
-0.475
-0.475
-0.475
-0.475
-0.475
-0.475
-0.475
-0.475
-0.475
-0.475
-0.475
-0.475
-0.475
-0.475
-0.475
-0.475
-0.475
-0.475
-0.475
-0.475
-0.475
-0.475
-0.475
-0.475
-0.475
-0.475
-0.475
-0.475
-0.475
-0.475
-0.475
-0.475
-0.475
-0.475
-0.475
-0.475
-0.475
-0.475
-0.475
-0.475
-0.475
-0.475
-0.475
-0.475
-0.475
-0.475
-0.475
-0.475
-0.475
-0.475
-0.475
-0.475
-0.475
-0.475
-0.475
-0.475
-0.475
-0.475
-0.475
-0.475
-0.475
-0.475
-0.475
-0.475
-0.475
-0.475
-0.475
-0.475
-0.475
-0.475
-0.475
-0.475
-0.475
-0.475
-0.475
-0.475
-0.475
-0.475
-0.475
-0.475
-0.475
-0.475
-0.475
-0.475
-0.475
-0.475
-0.475
-0.475
-0.475
-0.475
-0.475
-0.475
-0.475
-0.475
-0.475
-0.475
-0.475
-0.475
-0.475
-0.475
-0.475
-0.475
-0.475
-0.475
-0.475
-0.475
-0.475
-0.475
-0.475
-0.475
-0.475
-0.475
-0.475
-0.475
-0.475
-0.475
-0.475
-0.475
-0.475
-0.475
-0.475
-0.475
-0.475
-0.475
-0.475
-0.475
-0.475
-0.475
-0.475
-0.475
-0.475
-0.475
-0.475
-0.475
-0.475
-0.475
-0.475
-0.475
-0.475
-0.475
-0.475
-0.475
-0.475
-0.475
-0.475
-0.475
-0.475
-0.475
-0.475
-0.475
-0.475
-0.475
-0.475
-0.475
-0.475
-0.475
-0.475
-0.475
-0.475
-0.475
-0.475
-0.475
-0.475
-0.475
-0.475
-0.475
-0.475
-0.475
-0.475
-0.1525
-0.1525
-0.1525
-0.1525
-0.1525
-0.1525
-0.1525
-0.1525
-0.1525
-0.1525
-0.1525
-0.1525
-0.1525
-0.1525
-0.1525
-0.1525
-0.1525
-0.1525
-0.1525
-0.1525
-0.1525
-0.1525
-0.1525
-0.1525
-0.1525
-0.1525
-0.1525
-0.1525
-0.1525
-0.1525
-0.1525
-0.1525
-0.1525
-0.1525
-0.1525
-0.1525
-0.1525
-0.1525
-0.1525
-0.1525
-0.1525
-0.1525
-0.1525
-0.1525
-0.1525
-0.1525
-0.1525
-0.1525
-0.1525
-0.1525
-0.1525
-0.1525
-0.1525
-0.1525
-0.1525
-0.1525
-0.1525
-0.1525
-0.1525
-0.1525
-0.1525
-0.1525
-0.1525
-0.1525
-0.1525
-0.1525
-0.1525
-0.1525
-0.1525
-0.1525
-0.1525
-0.1525
-0.1525
-0.1525
-0.1525
-0.1525
-0.1525
-0.1525
-0.1525
-0.1525
-0.1525
-0.1525
-0.1525
-0.1525
-0.1525
-0.1525
-0.1525
-0.1525
-0.1525
-0.1525
-0.1525
-0.1525
-0.1525
-0.1525
-0.1525
-0.1525
-0.1525
-0.1525
-0.1525
-0.1525
-0.1525
-0.1525
-0.1525
-0.1525
-0.1525
-0.1525
-0.1525
-0.1525
-0.1525
-0.1525
-0.1525
-0.1525
-0.1525
-0.1525
-0.1525
-0.1525
-0.1525
-0.1525
-0.1525
-0.1525
-0.1525
-0.1525
-0.1525
-0.1525
-0.1525
-0.1525
-0.1525
-0.1525
-0.1525
-0.1525
-0.1525
-0.1525
-0.1525
-0.1525
-0.1525
-0.1525
-0.1525
-0.1525
-0.1525
-0.1525
-0.1525
-0.1525
-0.1525
-0.1525
-0.1525
-0.1525
-0.1525
-0.1525
-0.1525
-0.1525
-0.1525
-0.1525
-0.1525
-0.1525
-0.1525
-0.1525
-0.1525
-0.1525
-0.1525
-0.1525
-0.1525
-0.1525
-0.1525
-0.1525
-0.1525
-0.1525
-0.1525
-0.1525
-0.1525
-0.1525
-0.1525
-0.1525
-0.1525
-0.1525
-0.1525
-0.1525
-0.1525
-0.1525
-0.1525
-0.1525
-0.1525
-0.1525
-0.1525
-0.1525
-0.1525
-0.1525
-0.1525
-0.1525
-0.1525
-0.1525
-0.1525
-0.1525
-0.1525
-0.1525
-0.1525
-0.1525
-0.1525
-0.1525
-0.1525
-0.1525
-0.1525
-0.1525
-0.1525
-0.1525
-0.1525
-0.1525
-0.1525
-0.1525
-0.1525
-0.1525
-0.1525
-0.1525
-0.1525
-0.1525
-0.1525
-0.1525
-0.1525
-0.1525
-0.1525
-0.1525
-0.1525
-0.1525
-0.1525
-0.1525
-0.1525
-0.1525
-0.1525
-0.1525
-0.1525
-0.1525
-0.1525
-0.1525
-0.1525
-0.1525
-0.1525
-0.1525
-0.1525
-0.1525
-0.1525
-0.1525
-0.1525
-0.1525
-0.1525
-0.1525
-0.1525
-0.1525
-0.1525
-0.1525
-0.1525
-0.1525
-0.1525
-0.1525
-0.1525
-0.1525
-0.1525
-0.1525
-0.1525
-0.1525
-0.1525
-0.1525
-0.1525
-0.1525
-0.1525
-0.1525
-0.1525
-0.1525
-0.1525
-0.1525
-0.1525
-0.1525
-0.1525
-0.1525
-0.1525
-0.1525
-0.1525
-0.1525
-0.1525
-0.1525
-0.1525
-0.1525
-0.1525
-0.1525
-0.1525
-0.1525
-0.1525
-0.1525
-0.1525
-0.1525
-0.1525
-0.1525
-0.1525
-0.1525
-0.1525
-0.1525
-0.1525
-0.1525
-0.1525
-0.1525
-0.1525
-0.1525
-0.1525
-0.1525
-0.1525
-0.1525
-0.1525
-0.1525
-0.1525
-0.1525
-0.1525
-0.1525
-0.1525
-0.1525
-0.1525
-0.1525
-0.1525
-0.1525
-0.1525
-0.1525
-0.1525
-0.1525
-0.1525
-0.1525
-0.1525
-0.1525
-0.1525
-0.1525
-0.1525
-0.1525
-0.1525
-0.1525
-0.1525
-0.1525
-0.1525
-0.1525
-0.1525
-0.1525
-0.1525
-0.1525
-0.1525
-0.1525
-0.1525
-0.1525
-0.1525
-0.1525
-0.1525
-0.1525
-0.1525
-0.1525
-0.1525
-0.1525
-0.1525
-0.1525
-0.1525
-0.1525
-0.1525
-0.1525
-0.1525
-0.1525
-0.1525
-0.1525
-0.1525
-0.1525
-0.1525
-0.1525
-0.1525
-0.1525
-0.1525
-0.1525
-0.1525
-0.1525
-0.1525
-0.1525
-0.1525
-0.1525
-0.1525
-0.1525
-0.1525
-0.1525
-0.1525
-0.1525
-0.1525
-0.1525
-0.1525
-0.1525
-0.1525
-0.1525
-0.1525
-0.1525
-0.1525
-0.1525
-0.1525
-0.1525
-0.1525
-0.1525
-0.1525
-0.1525
-0.1525
-0.1525
-0.1525
-0.1525
-0.1525
-0.1525
-0.1525
-0.1525
-0.1525
-0.1525
-0.1525
-0.1525
-0.1525
-0.1525
-0.1525
-0.1525
-0.1525
-0.1525
-0.1525
-0.1525
-0.1525
-0.1525
-0.1525
-0.1525
-0.1525
-0.1525
-0.1525
-0.1525
-0.1525
-0.1525
-0.1525
-0.1525
-0.1525
-0.1525
-0.1525
-0.1525
-0.1525
-0.1525
-0.1525
-0.1525
-0.1525
-0.1525
-0.1525
-0.1525
-0.1525
-0.1525
-0.1525
-0.1525
-0.1525
-0.1525
-0.1525
-0.1525
-0.1525
-0.1525
-0.1525
-0.1525
-0.1525
-0.1525
-0.1525
-0.1525
-0.1525
-0.1525
-0.1525
-0.1525
-0.1525
-0.1525
-0.1525
-0.1525
-0.1525
-0.1525
-0.1525
-0.1525
-0.1525
-0.1525
-0.1525
-0.1525
-0.1525
-0.1525
-0.1525
-0.1525
-0.1525
-0.1525
-0.1525
-0.1525
-0.1525
-0.1525
-0.1525
-0.1525
-0.1525
-0.1525
-0.1525
-0.1525
-0.1525
-0.1525
-0.1525
-0.1525
-0.1525
-0.1525
-0.1525
-0.1525
-0.1525
-0.1525
-0.1525
-0.1525
-0.1525
-0.1525
-0.1525
-0.1525
-0.1525
-0.1525
-0.1525
-0.1525
-0.1525
-0.1525
-0.1525
-0.1525
-0.1525
-0.1525
-0.1525
-0.1525
-0.1525
-0.1525
-0.1525
-0.1525
-0.1525
-0.1525
-0.1525
-0.1525
-0.1525
-0.1525
-0.1525
-0.1525
-0.1525
-0.1525
-0.1525
-0.1525
-0.1525
-0.1525
-0.1525
-0.1525
-0.1525
-0.1525
-0.1525
-0.1525
-0.1525
-0.1525
-0.1525
-0.1525
-0.1525
-0.1525
-0.1525
-0.1525
-0.1525
-0.1525
-0.1525
-0.1525
-0.1525
-0.1525
-0.1525
-0.1525
-0.1525
-0.1525
-0.1525
-0.1525
-0.1525
-0.1525
-0.1525
-0.1525
-0.1525
-0.1525
-0.1525
-0.1525
-0.1525
-0.1525
-0.1525
-0.1525
-0.1525
-0.1525
-0.1525
-0.1525
-0.1525
-0.1525
-0.1525
-0.1525
-0.1525
-0.1525
-0.1525
-0.1525
-0.1525
-0.1525
-0.1525
-0.1525
-0.1525
-0.1525
-0.1525
-0.1525
-0.1525
-0.1525
-0.1525
-0.1525
-0.1525
-0.1525
-0.1525
-0.1525
-0.1525
-0.1525
-0.1525
-0.1525
-0.1525
-0.1525
-0.1525
-0.1525
-0.1525
-0.1525
-0.1525
-0.1525
-0.1525
-0.1525
-0.1525
-0.1525
-0.1525
-0.1525
-0.1525
-0.1525
-0.1525
-0.1525
-0.1525
-0.1525
-0.1525
-0.1525
-0.1525
-0.1525
-0.1525
-0.1525
-0.1525
-0.1525
-0.1525
-0.1525
-0.1525
-0.1525
-0.1525
-0.1525
-0.1525
-0.1525
-0.1525
-0.1525
-0.1525
-0.1525
-0.1525
-0.1525
-0.1525
-0.1525
-0.1525
-0.1525
-0.1525
-0.1525
-0.1525
-0.1525
-0.1525
-0.1525
-0.1525
-0.1525
-0.1525
-0.1525
-0.1525
-0.1525
-0.1525
-0.1525
-0.1525
-0.1525
-0.1525
-0.1525
-0.1525
-0.1525
-0.1525
-0.1525
-0.1525
-0.1525
-0.1525
-0.1525
-0.1525
-0.1525
-0.1525
-0.1525
-0.1525
-0.1525
-0.1525
-0.1525
-0.1525
-0.1525
-0.1525
-0.1525
-0.1525
-0.1525
-0.1525
-0.1525
-0.1525
-0.1525
-0.1525
-0.1525
-0.1525
-0.1525
-0.1525
-0.1525
-0.1525
-0.1525
-0.1525
-0.1525
-0.1525
-0.1525
-0.1525
-0.1525
-0.1525
-0.1525
-0.1525
-0.1525
-0.1525
-0.1525
-0.1525
-0.1525
-0.1525
-0.1525
-0.1525
-0.1525
-0.1525
-0.1525
-0.1525
-0.1525
-0.1525
-0.1525
-0.1525
-0.1525
-0.1525
-0.1525
-0.1525
-0.1525
-0.1525
-0.1525
-0.1525
-0.1525
-0.1525
-0.1525
-0.1525
-0.1525
-0.1525
-0.1525
-0.1525
-0.1525
-0.1525
-0.1525
-0.1525
-0.1525
-0.1525
-0.1525
-0.1525
-0.1525
-0.1525
-0.1525
-0.1525
-0.1525
-0.1525
-0.1525
-0.1525
-0.1525
-0.1525
-0.1525
-0.1525
-0.1525
-0.1525
-0.1525
-0.1525
-0.1525
-0.1525
-0.1525
-0.1525
-0.1525
-0.1525
-0.1525
-0.1525
-0.1525
-0.1525
-0.1525
-0.1525
-0.1525
-0.1525
-0.1525
-0.1525
-0.1525
-0.1525
-0.1525
-0.1525
-0.1525
-0.1525
-0.1525
-0.1525
-0.1525
-0.1525
-0.1525
-0.1525
-0.1525
-0.1525
-0.1525
-0.1525
-0.1525
-0.1525
-0.1525
-0.1525
-0.1525
-0.1525
-0.1525
-0.1525
-0.1525
-0.1525
-0.1525
-0.1525
-0.1525
-0.1525
-0.1525
-0.1525
-0.1525
-0.1525
-0.1525
-0.1525
-0.1525
-0.1525
-0.1525
-0.1525
-0.1525
-0.1525
-0.1525
-0.1525
-0.1525
-0.1525
-0.1525
-0.1525
-0.1525
-0.1525
-0.1525
-0.1525
-0.1525
-0.1525
-0.1525
-0.1525
-0.1525
-0.1525
-0.1525
-0.1525
-0.1525
-0.1525
-0.1525
-0.1525
-0.1525
-0.1525
-0.1525
-0.1525
-0.1525
-0.1525
-0.1525
-0.1525
-0.1525
-0.1525
-0.1525
-0.1525
-0.1525
-0.1525
-0.1525
-0.1525
-0.1525
-0.1525
-0.1525
-0.1525
-0.1525
-0.1525
-0.1525
-0.1525
-0.1525
-0.1525
-0.1525
-0.1525
-0.1525
-0.1525
-0.1525
-0.1525
-0.1525
-0.1525
-0.1525
-0.1525
-0.1525
-0.1525
-0.1525
-0.1525
-0.1525
-0.1525
-0.1525
-0.1525
-0.1525
-0.1525
-0.1525
-0.1525
-0.1525
-0.1525
-0.1525
-0.1525
-0.1525
-0.1525
-0.1525
-0.1525
-0.1525
-0.1525
-0.1525
-0.1525
-0.1525
-0.1525
-0.1525
-0.1525
-0.1525
-0.1525
-0.1525
-0.1525
-0.1525
-0.1525
-0.1525
-0.1525
-0.1525
-0.1525
-0.1525
-0.1525
-0.1525
-0.1525
-0.1525
-0.1525
-0.1525
-0.1525
-0.1525
-0.1525
-0.1525
-0.1525
-0.1525
-0.1525
-0.1525
-0.1525
-0.1525
-0.1525
-0.1525
-0.1525
-0.1525
-0.1525
-0.1525
-0.1525
-0.1525
-0.1525
-0.1525
-0.1525
-0.1525
-0.1525
-0.1525
-0.1525
-0.1525
-0.1525
-0.1525
-0.1525
-0.1525
-0.1525
-0.1525
-0.1525
-0.1525
-0.1525
-0.1525
-0.1525
-0.1525
-0.1525
-0.1525
-0.1525
-0.1525
-0.1525
-0.1525
-0.1525
-0.1525
-0.1525
-0.1525
-0.1525
-0.1525
-0.1525
-0.1525
-0.1525
-0.1525
-0.1525
-0.1525
-0.1525
-0.1525
-0.1525
-0.1525
-0.1525
-0.1525
-0.1525
-0.1525
-0.1525
-0.1525
-0.1525
-0.1525
-0.1525
-0.1525
-0.1525
-0.1525
-0.1525
-0.1525
-0.1525
-0.1525
-0.1525
-0.1525
-0.1525
-0.1525
-0.1525
-0.1525
-0.1525
-0.1525
-0.1525
-0.1525
-0.1525
-0.1525
-0.1525
-0.1525
-0.1525
-0.1525
-0.1525
-0.1525
-0.1525
-0.1525
-0.1525
-0.1525
-0.1525
-0.1525
-0.1525
-0.1525
-0.1525
-0.1525
-0.1525
-0.1525
-0.1525
-0.1525
-0.1525
-0.1525
-0.1525
-0.1525
-0.1525
-0.1525
-0.1525
-0.1525
-0.1525
-0.1525
-0.1525
-0.1525
-0.1525
-0.1525
-0.1525
-0.1525
-0.1525
-0.1525
-0.1525
-0.1525
-0.1525
-0.1525
-0.1525
-0.1525
-0.1525
-0.1525
-0.1525
-0.1525
-0.1525
-0.1525
-0.1525
-0.1525
-0.1525
-0.1525
-0.1525
-0.1525
-0.1525
-0.1525
-0.1525
-0.1525
-0.1525
-0.1525
-0.1525
-0.1525
-0.1525
-0.1525
-0.1525
-0.1525
-0.1525
-0.1525
-0.1525
-0.1525
-0.1525
-0.1525
-0.1525
-0.1525
-0.1525
-0.1525
-0.1525
-0.1525
-0.1525
-0.1525
-0.1525
-0.1525
-0.1525
-0.1525
-0.1525
-0.1525
-0.1525
-0.1525
-0.1525
-0.1525
-0.1525
-0.1525
-0.1525
-0.1525
-0.1525
-0.1525
-0.1525
-0.1525
-0.1525
-0.1525
-0.1525
-0.1525
-0.1525
-0.1525
-0.1525
-0.1525
-0.1525
-0.1525
-0.1525
-0.1525
-0.1525
-0.1525
-0.1525
-0.1525
-0.1525
-0.1525
-0.1525
-0.1525
-0.1525
-0.1525
-0.1525
-0.1525
-0.1525
-0.1525
-0.1525
-0.1525
-0.1525
-0.1525
-0.1525
-0.1525
-0.1525
-0.1525
-0.1525
-0.1525
-0.1525
-0.1525
-0.1525
-0.1525
-0.1525
-0.1525
-0.1525
-0.1525
-0.1525
-0.1525
-0.1525
-0.1525
-0.1525
-0.1525
-0.1525
-0.1525
-0.1525
-0.1525
-0.1525
-0.1525
-0.1525
-0.1525
-0.1525
-0.1525
-0.1525
-0.1525
-0.1525
-0.1525
-0.1525
-0.1525
-0.1525
-0.1525
-0.1525
-0.1525
-0.1525
-0.1525
-0.1525
-0.1525
-0.1525
-0.1525
-0.1525
-0.1525
-0.1525
-0.1525
-0.1525
-0.1525
-0.1525
-0.1525
-0.1525
-0.1525
-0.1525
-0.1525
-0.1525
-0.1525
-0.1525
-0.1525
-0.1525
-0.1525
-0.1525
-0.1525
-0.1525
-0.1525
-0.1525
-0.1525
-0.1525
-0.1525
-0.1525
-0.1525
-0.1525
-0.1525
-0.1525
-0.1525
-0.1525
-0.1525
-0.1525
-0.1525
-0.1525
-0.1525
-0.1525
-0.1525
-0.1525
-0.1525
-0.1525
-0.1525
-0.1525
-0.1525
-0.1525
-0.1525
-0.1525
-0.1525
-0.1525
-0.1525
-0.1525
-0.1525
-0.1525
-0.1525
-0.1525
-0.1525
-0.1525
-0.1525
-0.1525
-0.1525
-0.1525
-0.1525
-0.1525
-0.1525
-0.1525
-0.1525
-0.1525
-0.1525
-0.1525
-0.1525
-0.1525
-0.1525
-0.1525
-0.1525
-0.1525
-0.1525
-0.1525
-0.1525
-0.1525
-0.1525
-0.1525
-0.1525
-0.1525
-0.1525
-0.1525
-0.1525
-0.1525
-0.1525
-0.1525
-0.1525
-0.1525
-0.1525
-0.1525
-0.1525
-0.1525
-0.1525
-0.1525
-0.1525
-0.1525
-0.1525
-0.1525
-0.1525
-0.1525
-0.1525
-0.1525
-0.1525
-0.1525
-0.1525
-0.1525
-0.1525
-0.1525
-0.1525
-0.1525
-0.1525
-0.1525
-0.1525
-0.1525
-0.1525
-0.1525
-0.1525
-0.1525
-0.1525
-0.1525
-0.1525
-0.1525
-0.1525
-0.1525
-0.1525
-0.1525
-0.1525
-0.1525
-0.1525
-0.1525
-0.1525
-0.1525
-0.1525
-0.1525
-0.1525
-0.1525
-0.1525
-0.1525
-0.1525
-0.1525
-0.1525
-0.1525
-0.1525
-0.1525
-0.1525
-0.1525
-0.1525
-0.1525
-0.1525
-0.1525
-0.1525
-0.1525
-0.1525
-0.1525
-0.1525
-0.1525
-0.1525
-0.1525
-0.1525
-0.1525
-0.1525
-0.1525
-0.1525
-0.1525
-0.1525
-0.1525
-0.1525
-0.1525
-0.1525
-0.1525
-0.1525
-0.1525
-0.1525
-0.1525
-0.1525
-0.1525
-0.1525
-0.1525
-0.1525
-0.1525
-0.1525
-0.1525
-0.1525
-0.1525
-0.1525
-0.1525
-0.1525
-0.1525
-0.1525
-0.1525
-0.1525
-0.1525
-0.1525
-0.1525
-0.1525
-0.1525
-0.1525
-0.1525
-0.1525
-0.1525
-0.1525
-0.1525
-0.1525
-0.1525
-0.1525
-0.1525
-0.1525
-0.1525
-0.1525
-0.1525
-0.1525
-0.1525
-0.1525
-0.1525
-0.1525
-0.1525
-0.1525
-0.1525
-0.1525
-0.1525
-0.1525
-0.1525
-0.1525
-0.1525
-0.1525
-0.1525
-0.1525
-0.1525
-0.1525
-0.1525
-0.1525
-0.1525
-0.1525
-0.1525
-0.1525
-0.1525
-0.1525
-0.1525
-0.1525
-0.1525
-0.1525
-0.1525
-0.1525
-0.1525
-0.1525
-0.1525
-0.1525
-0.1525
-0.1525
-0.1525
-0.1525
-0.1525
-0.1525
-0.1525
-0.1525
-0.1525
-0.1525
-0.1525
-0.1525
-0.1525
-0.1525
-0.1525
-0.1525
-0.1525
-0.1525
-0.1525
-0.1525
-0.1525
-0.1525
-0.1525
-0.1525
-0.1525
-0.1525
-0.1525
-0.1525
-0.1525
-0.1525
-0.1525
-0.1525
-0.1525
-0.1525
-0.1525
-0.1525
-0.1525
-0.1525
-0.1525
-0.1525
-0.1525
-0.1525
-0.1525
-0.1525
-0.1525
-0.1525
-0.1525
-0.1525
-0.1525
-0.1525
-0.1525
-0.1525
-0.1525
-0.1525
-0.1525
-0.1525
-0.1525
-0.1525
-0.1525
-0.1525
-0.1525
-0.1525
-0.1525
-0.1525
-0.1525
-0.1525
-0.1525
-0.1525
-0.1525
-0.1525
-0.1525
-0.1525
-0.1525
-0.1525
-0.1525
-0.1525
-0.1525
-0.1525
-0.1525
-0.1525
-0.1525
-0.1525
-0.1525
-0.1525
-0.1525
-0.1525
-0.1525
-0.1525
-0.1525
-0.1525
-0.1525
-0.1525
-0.1525
-0.1525
-0.1525
-0.1525
-0.1525
-0.1525
-0.1525
-0.1525
-0.1525
-0.1525
-0.1525
-0.1525
-0.1525
-0.1525
-0.1525
-0.1525
-0.1525
-0.1525
-0.1525
-0.1525
-0.1525
-0.1525
-0.1525
-0.1525
-0.1525
-0.1525
-0.1525
-0.1525
-0.1525
-0.1525
-0.1525
-0.1525
-0.1525
-0.1525
-0.1525
-0.1525
-0.1525
-0.1525
-0.1525
-0.1525
-0.1525
-0.1525
-0.1525
-0.1525
-0.1525
-0.1525
-0.1525
-0.1525
-0.1525
-0.1525
-0.1525
-0.1525
-0.1525
-0.1525
-0.1525
-0.1525
-0.1525
-0.1525
-0.1525
-0.1525
-0.1525
-0.1525
-0.1525
-0.1525
-0.1525
-0.1525
-0.1525
-0.1525
-0.1525
-0.1525
-0.1525
-0.1525
-0.1525
-0.1525
-0.1525
-0.1525
-0.1525
-0.1525
-0.1525
-0.1525
-0.1525
-0.1525
-0.1525
-0.1525
-0.1525
-0.1525
-0.1525
-0.1525
-0.1525
-0.1525
-0.1525
-0.1525
-0.1525
-0.1525
-0.1525
-0.1525
-0.1525
-0.1525
-0.1525
-0.1525
-0.1525
-0.1525
-0.1525
-0.1525
-0.1525
-0.1525
-0.1525
-0.1525
-0.1525
-0.1525
-0.1525
-0.1525
-0.1525
-0.1525
-0.1525
-0.1525
-0.1525
-0.1525
-0.1525
-0.1525
-0.1525
-0.1525
-0.1525
-0.1525
-0.1525
-0.1525
-0.1525
-0.1525
-0.1525
-0.1525
-0.1525
-0.1525
-0.1525
-0.1525
-0.1525
-0.1525
-0.1525
-0.1525
-0.1525
-0.1525
-0.1525
-0.1525
-0.1525
-0.1525
-0.1525
-0.1525
-0.1525
-0.1525
-0.1525
-0.1525
-0.1525
-0.1525
-0.1525
-0.1525
-0.1525
-0.1525
-0.1525
-0.1525
-0.1525
-0.1525
-0.1525
-0.1525
-0.1525
-0.1525
-0.1525
-0.1525
-0.1525
-0.1525
-0.1525
-0.1525
-0.1525
-0.1525
-0.1525
-0.1525
-0.1525
-0.1525
-0.1525
-0.1525
-0.1525
-0.1525
-0.1525
-0.1525
-0.1525
-0.1525
-0.1525
-0.1525
-0.1525
-0.1525
-0.1525
-0.1525
-0.1525
-0.1525
-0.1525
-0.1525
-0.1525
-0.1525
-0.1525
-0.1525
-0.1525
-0.1525
-0.1525
-0.1525
-0.1525
-0.1525
-0.1525
-0.1525
-0.1525
-0.1525
-0.1525
-0.1525
-0.1525
-0.1525
-0.1525
-0.1525
-0.1525
-0.1525
-0.1525
-0.1525
-0.1525
-0.1525
-0.1525
-0.1525
-0.1525
-0.1525
-0.1525
-0.1525
-0.1525
-0.1525
-0.1525
-0.1525
-0.1525
-0.1525
-0.1525
-0.1525
-0.1525
-0.1525
-0.1525
-0.1525
-0.1525
-0.1525
-0.1525
-0.1525
-0.1525
-0.1525
-0.1525
-0.1525
-0.1525
-0.1525
-0.1525
-0.1525
-0.1525
-0.1525
-0.1525
-0.1525
-0.1525
-0.1525
-0.1525
-0.1525
-0.1525
-0.1525
-0.1525
-0.1525
-0.1525
-0.1525
-0.1525
-0.1525
-0.1525
-0.1525
-0.1525
-0.1525
-0.1525
-0.1525
-0.1525
-0.1525
-0.1525
-0.1525
-0.1525
-0.1525
-0.1525
-0.1525
-0.1525
-0.1525
-0.1525
-0.1525
-0.1525
-0.1525
-0.1525
-0.1525
-0.1525
-0.1525
-0.1525
-0.1525
-0.1525
-0.1525
-0.1525
-0.1525
-0.1525
-0.1525
-0.1525
-0.1525
-0.1525
-0.1525
-0.1525
-0.1525
-0.1525
-0.1525
-0.1525
-0.1525
-0.1525
-0.1525
-0.1525
-0.1525
-0.1525
-0.1525
-0.1525
-0.1525
-0.1525
-0.1525
-0.1525
-0.1525
-0.1525
-0.1525
-0.1525
-0.1525
-0.1525
-0.1525
-0.1525
-0.1525
-0.1525
-0.1525
-0.1525
-0.1525
-0.1525
-0.1525
-0.1525
-0.1525
-0.1525
-0.1525
-0.1525
-0.1525
-0.1525
-0.1525
-0.1525
-0.1525
-0.1525
-0.1525
-0.1525
-0.1525
-0.1525
-0.1525
-0.1525
-0.1525
-0.1525
-0.1525
-0.1525
-0.1525
-0.1525
-0.1525
-0.1525
-0.1525
-0.1525
-0.1525
-0.1525
-0.1525
-0.1525
-0.1525
-0.1525
-0.1525
-0.1525
-0.1525
-0.1525
-0.1525
-0.1525
-0.1525
-0.1525
-0.1525
-0.1525
-0.1525
-0.1525
-0.1525
-0.1525
-0.1525
-0.1525
-0.1525
-0.1525
-0.1525
-0.1525
-0.1525
-0.1525
-0.1525
-0.1525
-0.1525
-0.1525
-0.1525
-0.1525
-0.1525
-0.1525
-0.1525
-0.1525
-0.1525
-0.1525
-0.1525
-0.1525
-0.1525
-0.1525
-0.1525
-0.1525
-0.1525
-0.1525
-0.1525
-0.1525
-0.1525
-0.1525
-0.1525
-0.1525
-0.1525
-0.1525
-0.1525
-0.1525
-0.1525
-0.1525
-0.1525
-0.1525
-0.1525
-0.1525
-0.1525
-0.1525
-0.1525
-0.1525
-0.1525
-0.1525
-0.1525
-0.1525
-0.1525
-0.1525
-0.1524
-0.1524
-0.1524
-0.1524
-0.1524
-0.1524
-0.1524
-0.1524
-0.1524
-0.1524
-0.1524
-0.1524
-0.1524
-0.1524
-0.1524
-0.1524
-0.1524
-0.1524
-0.1524
-0.1524
-0.1524
-0.1524
-0.1524
-0.1524
-0.1524
-0.1524
-0.1524
-0.1524
-0.1524
-0.1524
-0.1524
-0.1524
-0.1524
-0.1524
-0.1524
-0.1524
-0.1524
-0.1524
-0.1524
-0.1524
-0.1524
-0.1524
-0.1524
-0.1524
-0.1524
-0.1524
-0.1524
-0.1524
-0.1524
-0.1524
-0.1524
-0.1524
-0.1524
-0.1524
-0.1524
-0.1524
-0.1524
-0.1524
-0.1524
-0.1524
-0.1524
-0.1524
-0.1524
-0.1524
-0.1524
-0.1524
-0.1524
-0.1524
-0.1524
-0.1524
-0.1524
-0.1524
-0.1524
-0.1524
-0.1524
-0.1524
-0.1524
-0.1524
-0.1524
-0.1524
-0.1524
-0.1524
-0.1524
-0.1524
-0.1524
-0.1524
-0.1524
-0.1524
-0.1524
-0.1524
-0.1524
-0.1524
-0.1524
-0.1524
-0.1524
-0.1524
-0.1524
-0.1524
-0.1524
-0.1524
-0.1524
-0.1524
-0.1524
-0.1524
-0.1524
-0.1524
-0.1524
-0.1524
-0.1524
-0.1524
-0.1524
-0.1524
-0.1524
-0.1524
-0.1524
-0.1524
-0.1524
-0.1524
-0.1524
-0.1524
-0.1524
-0.1524
-0.1524
-0.1524
-0.1524
-0.1524
-0.1524
-0.1524
-0.1524
-0.1524
-0.1524
-0.1524
-0.1524
-0.1524
-0.1524
-0.1524
-0.1524
-0.1524
-0.1524
-0.1524
-0.1524
-0.1524
-0.1524
-0.1524
-0.1524
-0.1524
-0.1524
-0.1524
-0.1524
-0.1524
-0.1524
-0.1524
-0.1524
-0.1524
-0.1524
-0.1524
-0.1524
-0.1524
-0.1524
-0.1524
-0.1524
-0.1524
-0.1524
-0.1524
-0.1524
-0.1524
-0.1524
-0.1524
-0.1524
-0.1524
-0.1524
-0.1524
-0.1524
-0.1524
-0.1524
-0.1524
-0.1524
-0.1524
-0.1524
-0.1524
-0.1524
-0.1524
-0.1524
-0.1524
-0.1524
-0.1524
-0.1524
-0.1524
-0.1524
-0.1524
-0.1524
-0.1524
-0.1524
-0.1524
-0.1524
-0.1524
-0.1524
-0.1524
-0.1524
-0.1524
-0.1524
-0.1524
-0.1524
-0.1524
-0.1524
-0.1524
-0.1524
-0.1524
-0.1524
-0.1524
-0.1524
-0.1524
-0.1524
-0.1524
-0.1524
-0.1524
-0.1524
-0.1524
-0.1524
-0.1524
-0.1524
-0.1524
-0.1524
-0.1524
-0.1524
-0.1524
-0.1524
-0.1524
-0.1524
-0.1524
-0.1524
-0.1524
-0.1524
-0.1524
-0.1524
-0.1524
-0.1524
-0.1524
-0.1524
-0.1524
-0.1524
-0.1524
-0.1524
-0.1524
-0.1524
-0.1524
-0.1524
-0.1524
-0.1524
-0.1524
-0.1524
-0.1524
-0.1524
-0.1524
-0.1524
-0.1524
-0.1524
-0.1524
-0.1524
-0.1524
-0.1524
-0.1524
-0.1524
-0.1524
-0.1524
-0.1524
-0.1524
-0.1524
-0.1524
-0.1524
-0.1524
-0.1524
-0.1524
-0.1524
-0.1524
-0.1524
-0.1524
-0.1524
-0.1524
-0.1524
-0.1524
-0.1524
-0.1524
-0.1524
-0.1524
-0.1524
-0.1524
-0.1524
-0.1524
-0.1524
-0.1524
-0.1524
-0.1524
-0.1524
-0.1524
-0.1524
-0.1524
-0.1524
-0.1524
-0.1524
-0.1524
-0.1524
-0.1524
-0.1524
-0.1524
-0.1524
-0.1524
-0.1524
-0.1524
-0.1524
-0.1524
-0.1524
-0.1524
-0.1524
-0.1524
-0.1524
-0.1524
-0.1524
-0.1524
-0.1524
-0.1524
-0.1524
-0.1524
-0.1524
-0.1524
-0.1524
-0.1524
-0.1524
-0.1524
-0.1524
-0.1524
-0.1524
-0.1524
-0.1524
-0.1524
-0.1524
-0.1524
-0.1524
-0.1524
-0.1524
-0.1524
-0.1524
-0.1524
-0.1524
-0.1524
-0.1524
-0.1524
-0.1524
-0.1524
-0.1524
-0.1524
-0.1524
-0.1524
-0.1524
-0.1524
-0.1524
-0.1524
-0.1524
-0.1524
-0.1524
-0.1524
-0.1524
-0.1524
-0.1524
-0.1524
-0.1524
-0.1524
-0.1524
-0.1524
-0.1524
-0.1524
-0.1524
-0.1524
-0.1524
-0.1524
-0.1524
-0.1524
-0.1524
-0.1524
-0.1524
-0.1524
-0.1524
-0.1524
-0.1524
-0.1524
-0.1524
-0.1524
-0.1524
-0.1524
-0.1524
-0.1524
-0.1524
-0.1524
-0.1524
-0.1524
-0.1524
-0.1524
-0.1524
-0.1524
-0.1524
-0.1524
-0.1524
-0.1524
-0.1524
-0.1524
-0.1524
-0.1524
-0.1524
-0.1524
-0.1524
-0.1524
-0.1524
-0.1524
-0.1524
-0.1524
-0.1524
-0.1524
-0.1524
-0.1524
-0.1524
-0.1524
-0.1524
-0.1524
-0.1524
-0.1524
-0.1524
-0.1524
-0.1524
-0.1524
-0.1524
-0.1524
-0.1524
-0.1524
-0.1524
-0.1524
-0.1524
-0.1524
-0.1524
-0.1524
-0.1524
-0.1524
-0.1524
-0.1524
-0.1524
-0.1524
-0.1524
-0.1524
-0.1524
-0.1524
-0.1524
-0.1524
-0.1524
-0.1524
-0.1524
-0.1524
-0.1524
-0.1524
-0.1524
-0.1524
-0.1524
-0.1524
-0.1524
-0.1524
-0.1524
-0.1524
-0.1524
-0.1524
-0.1524
-0.1524
-0.1524
-0.1524
-0.1524
-0.1524
-0.1524
-0.1524
-0.1524
-0.1524
-0.1524
-0.1524
-0.1524
-0.1524
-0.1524
-0.1524
-0.1524
-0.1524
-0.1524
-0.1524
-0.1524
-0.1524
-0.1524
-0.1524
-0.1524
-0.1524
-0.1524
-0.1524
-0.1524
-0.1524
-0.1524
-0.1524
-0.1524
-0.1524
-0.1524
-0.1524
-0.1524
-0.1524
-0.1524
-0.1524
-0.1524
-0.1524
-0.1524
-0.1524
-0.1524
-0.1524
-0.1524
-0.1524
-0.1524
-0.1524
-0.1524
-0.1524
-0.1524
-0.1524
-0.1524
-0.1524
-0.1524
-0.1524
-0.1524
-0.1524
-0.1524
-0.1524
-0.1524
-0.1524
-0.1524
-0.1524
-0.1524
-0.1524
-0.1524
-0.1524
-0.1524
-0.1524
-0.1524
-0.1524
-0.1524
-0.1524
-0.1524
-0.1524
-0.1524
-0.1524
-0.1524
-0.1524
-0.1524
-0.1524
-0.1524
-0.1524
-0.1524
-0.1524
-0.1524
-0.1524
-0.1524
-0.1524
-0.1524
-0.1524
-0.1524
-0.1524
-0.1524
-0.1524
-0.1524
-0.1524
-0.1524
-0.1524
-0.1524
-0.1524
-0.1524
-0.1524
-0.1524
-0.1524
-0.1524
-0.1524
-0.1524
-0.1524
-0.1524
-0.1524
-0.1524
-0.1524
-0.1524
-0.1524
-0.1524
-0.1524
-0.1524
-0.1524
-0.1524
-0.1524
-0.1524
-0.1524
-0.1524
-0.1524
-0.1524
-0.1524
-0.1524
-0.1524
-0.1524
-0.1524
-0.1524
-0.1524
-0.1524
-0.1524
-0.1524
-0.1524
-0.1524
-0.1524
-0.1524
-0.1524
-0.1524
-0.1524
-0.1524
-0.1524
-0.1524
-0.1524
-0.1524
-0.1524
-0.1524
-0.1524
-0.1524
-0.1524
-0.1524
-0.1524
-0.1524
-0.1524
-0.1524
-0.1524
-0.1524
-0.1524
-0.1524
-0.1524
-0.1524
-0.1524
-0.1524
-0.1524
-0.1524
-0.1524
-0.1524
-0.1524
-0.1524
-0.1524
-0.1524
-0.1524
-0.1524
-0.1524
-0.1524
-0.1524
-0.1524
-0.1524
-0.1524
-0.1524
-0.1524
-0.1524
-0.1524
-0.1524
-0.1524
-0.1524
-0.1524
-0.1524
-0.1524
-0.1524
-0.1524
-0.1524
-0.1524
-0.1524
-0.1524
-0.1524
-0.1524
-0.1524
-0.1524
-0.1524
-0.1524
-0.1524
-0.1524
-0.1524
-0.1524
-0.1524
-0.1524
-0.1524
-0.1524
-0.1524
-0.1524
-0.1524
-0.1524
-0.1524
-0.1524
-0.1524
-0.1524
-0.1524
-0.1524
-0.1524
-0.1524
-0.1524
-0.1524
-0.1524
-0.1524
-0.1524
-0.1524
-0.1524
-0.1524
-0.1524
-0.1524
-0.1524
-0.1524
-0.1524
-0.1524
-0.1524
-0.1524
-0.1524
-0.1524
-0.1524
-0.1524
-0.1524
-0.1524
-0.1524
-0.1524
-0.1524
-0.1524
-0.1524
-0.1524
-0.1524
-0.1524
-0.1524
-0.1524
-0.1524
-0.1524
-0.1524
-0.1524
-0.1524
-0.1524
-0.1524
-0.1524
-0.1524
-0.1524
-0.1524
-0.1524
-0.1524
-0.1524
-0.1524
-0.1524
-0.1524
-0.1524
-0.1524
-0.1524
-0.1524
-0.1524
-0.1524
-0.1524
-0.1524
-0.1524
-0.1524
-0.1524
-0.1524
-0.1524
-0.1524
-0.1524
-0.1524
-0.1524
-0.1524
-0.1524
-0.1524
-0.1524
-0.1524
-0.1524
-0.1524
-0.1524
-0.1524
-0.1524
-0.1524
-0.1524
-0.1524
-0.1524
-0.1524
-0.1524
-0.1524
-0.1524
-0.1524
-0.1524
-0.1524
-0.1524
-0.1524
-0.1524
-0.1524
-0.1524
-0.1524
-0.1524
-0.1524
-0.1524
-0.1524
-0.1524
-0.1524
-0.1524
-0.1524
-0.1524
-0.1524
-0.1524
-0.1524
-0.1524
-0.1524
-0.1524
-0.1524
-0.1524
-0.1524
-0.1524
-0.1524
-0.1524
-0.1524
-0.1524
-0.1524
-0.1524
-0.1524
-0.1524
-0.1524
-0.1524
-0.1524
-0.1524
-0.1524
-0.1524
-0.1524
-0.1524
-0.1524
-0.1524
-0.1524
-0.1524
-0.1524
-0.1524
-0.1524
-0.1524
-0.1524
-0.1524
-0.1524
-0.1524
-0.1524
-0.1524
-0.1524
-0.1524
-0.1524
-0.1524
-0.1524
-0.1524
-0.1524
-0.1524
-0.1524
-0.1524
-0.1524
-0.1524
-0.1524
-0.1524
-0.1524
-0.1524
-0.1524
-0.1524
-0.1524
-0.1524
-0.1524
-0.1524
-0.1524
-0.1524
-0.1524
-0.1524
-0.1524
-0.1524
-0.1524
-0.1524
-0.1524
-0.1524
-0.1524
-0.1524
-0.1524
-0.1524
-0.1524
-0.1524
-0.1524
-0.1524
-0.1524
-0.1524
-0.1524
-0.1524
-0.1524
-0.1524
-0.1524
-0.1524
-0.1524
-0.1524
-0.1524
-0.1524
-0.1524
-0.1524
-0.1524
-0.1524
-0.1524
-0.1524
-0.1524
-0.1524
-0.1524
-0.1524
-0.1524
-0.1524
-0.1524
-0.1524
-0.1524
-0.1524
-0.1524
-0.1524
-0.1524
-0.1524
-0.1524
-0.1524
-0.1524
-0.1524
-0.1524
-0.1524
-0.1524
-0.1524
-0.1524
-0.1524
-0.1524
-0.1524
-0.1524
-0.1524
-0.1524
-0.1524
-0.1524
-0.1524
-0.1524
-0.1524
-0.1524
-0.1524
-0.1524
-0.1524
-0.1524
-0.1524
-0.1524
-0.1524
-0.1524
-0.1524
-0.1524
-0.1524
-0.1524
-0.1524
-0.1524
-0.1524
-0.1524
-0.1524
-0.1524
-0.1524
-0.1524
-0.1524
-0.1524
-0.1524
-0.1524
-0.1524
-0.1524
-0.1524
-0.1524
-0.1524
-0.1524
-0.1524
-0.1524
-0.1524
-0.1524
-0.1524
-0.1524
-0.1524
-0.1524
-0.1524
-0.1524
-0.1524
-0.1524
-0.1524
-0.1524
-0.1524
-0.1524
-0.1524
-0.1524
-0.1524
-0.1524
-0.1524
-0.1524
-0.1524
-0.1524
-0.1524
-0.1524
-0.1524
-0.1524
-0.1524
-0.1524
-0.1524
-0.1524
-0.1524
-0.1524
-0.1524
-0.1524
-0.1524
-0.1524
-0.1524
-0.1524
-0.1524
-0.1524
-0.1524
-0.1524
-0.1524
-0.1524
-0.1524
-0.1524
-0.1524
-0.1524
-0.1524
-0.1524
-0.1524
-0.1524
-0.1524
-0.1524
-0.1524
-0.1524
-0.1524
-0.1524
-0.1524
-0.1524
-0.1524
-0.1524
-0.1524
-0.1524
-0.1524
-0.1524
-0.1524
-0.1524
-0.1524
-0.1524
-0.1524
-0.1524
-0.1524
-0.1524
-0.1524
-0.1524
-0.1524
-0.1524
-0.1524
-0.1524
-0.1524
-0.1524
-0.1524
-0.1524
-0.1524
-0.1524
-0.1524
-0.1524
-0.1524
-0.1524
-0.1524
-0.1524
-0.1524
-0.1524
-0.1524
-0.1524
-0.1524
-0.1524
-0.1524
-0.1524
-0.1524
-0.1524
-0.1524
-0.1524
-0.1524
-0.1524
-0.1524
-0.1524
-0.1524
-0.1524
-0.1524
-0.1524
-0.1524
-0.1524
-0.1524
-0.1524
-0.1524
-0.1524
-0.1524
-0.1524
-0.1524
-0.1524
-0.1524
-0.1524
-0.1524
-0.1524
-0.1524
-0.1524
-0.1524
-0.1524
-0.1524
-0.1524
-0.1524
-0.1524
-0.1524
-0.1524
-0.1524
-0.1524
-0.1524
-0.1524
-0.1524
-0.1524
-0.1524
-0.1524
-0.1524
-0.1524
-0.1524
-0.1524
-0.1524
-0.1524
-0.1524
-0.1524
-0.1524
-0.1524
-0.1524
-0.1524
-0.1524
-0.1524
-0.1524
-0.1524
-0.1524
-0.1524
-0.1524
-0.1524
-0.1524
-0.1524
-0.1524
-0.1524
-0.1524
-0.1524
-0.1524
-0.1524
-0.1524
-0.1524
-0.1524
-0.1524
-0.1524
-0.1524
-0.1524
-0.1524
-0.1524
-0.1524
-0.1524
-0.1524
-0.1524
-0.1524
-0.1524
-0.1524
-0.1524
-0.1524
-0.1524
-0.1524
-0.1524
-0.1524
-0.1524
-0.1524
-0.1524
-0.1524
-0.1524
-0.1524
-0.1524
-0.1524
-0.1524
-0.1524
-0.1524
-0.1524
-0.1524
-0.1524
-0.1524
-0.1524
-0.1524
-0.1524
-0.1524
-0.1524
-0.1524
-0.1524
-0.1524
-0.1524
-0.1524
-0.1524
-0.1524
-0.1524
-0.1524
-0.1524
-0.1524
-0.1524
-0.1524
-0.1524
-0.1524
-0.1524
-0.1524
-0.1524
-0.1524
-0.1524
-0.1524
-0.1524
-0.1524
-0.1524
-0.1524
-0.1524
-0.1524
-0.1524
-0.1524
-0.1524
-0.1524
-0.1524
-0.1524
-0.1524
-0.1524
-0.1524
-0.1524
-0.1524
-0.1524
-0.1524
-0.1524
-0.1524
-0.1524
-0.1524
-0.1524
-0.1524
-0.1524
-0.1524
-0.1524
-0.1524
-0.1524
-0.1524
-0.1524
-0.1524
-0.1524
-0.1524
-0.1524
-0.1524
-0.1524
-0.1524
-0.1524
-0.1524
-0.1524
-0.1524
-0.1524
-0.1524
-0.1524
-0.1524
-0.1524
-0.1524
-0.1524
-0.1524
-0.1524
-0.1524
-0.1524
-0.1524
-0.1524
-0.1524
-0.1524
-0.1524
-0.1524
-0.1524
-0.1524
-0.1524
-0.1524
-0.1524
-0.1524
-0.1524
-0.1524
-0.1524
-0.1524
-0.1524
-0.1524
-0.1524
-0.1524
-0.1524
-0.1524
-0.1524
-0.1524
-0.1524
-0.1524
-0.1524
-0.1524
-0.1524
-0.1524
-0.1524
-0.1524
-0.1524
-0.1524
-0.1524
-0.1524
-0.1524
-0.1524
-0.1524
-0.1524
-0.1524
-0.1524
-0.1524
-0.1524
-0.1524
-0.1524
-0.1524
-0.1524
-0.1524
-0.1524
-0.1524
-0.1524
-0.1524
-0.1524
-0.1524
-0.1523
-0.1523
-0.1523
-0.1523
-0.1523
-0.1523
-0.1523
-0.1523
-0.1523
-0.1523
-0.1523
-0.1523
-0.1523
-0.1523
-0.1523
-0.1523
-0.1523
-0.1523
-0.1523
-0.1523
-0.1523
-0.1523
-0.1523
-0.1523
-0.1523
-0.1523
-0.1523
-0.1523
-0.1523
-0.1523
-0.1523
-0.1523
-0.1523
-0.1523
-0.1523
-0.1523
-0.1523
-0.1523
-0.1523
-0.1523
-0.1523
-0.1523
-0.1523
-0.1523
-0.1523
-0.1523
-0.1523
-0.1523
-0.1523
-0.1523
-0.1523
-0.1523
-0.1523
-0.1523
-0.1523
-0.1523
-0.1523
-0.1523
-0.1523
-0.1523
-0.1523
-0.1523
-0.1523
-0.1523
-0.1523
-0.1523
-0.1523
-0.1523
-0.1523
-0.1523
-0.1523
-0.1523
-0.1523
-0.1523
-0.1523
-0.1523
-0.1523
-0.1523
-0.1523
-0.1523
-0.1523
-0.1523
-0.1523
-0.1523
-0.1523
-0.1523
-0.1523
-0.1523
-0.1523
-0.1523
-0.1523
-0.1523
-0.1523
-0.1523
-0.1523
-0.1523
-0.1523
-0.1523
-0.1523
-0.1523
-0.1523
-0.1523
-0.1523
-0.1523
-0.1523
-0.1523
-0.1523
-0.1523
-0.1523
-0.1523
-0.1523
-0.1523
-0.1523
-0.1523
-0.1523
-0.1523
-0.1523
-0.1523
-0.1523
-0.1523
-0.1523
-0.1523
-0.1523
-0.1523
-0.1523
-0.1523
-0.1523
-0.1523
-0.1523
-0.1523
-0.1523
-0.1523
-0.1523
-0.1523
-0.1523
-0.1523
-0.1523
-0.1523
-0.1523
-0.1523
-0.1523
-0.1523
-0.1523
-0.1523
-0.1523
-0.1523
-0.1523
-0.1523
-0.1523
-0.1523
-0.1523
-0.1523
-0.1523
-0.1523
-0.1523
-0.1523
-0.1523
-0.1523
-0.1523
-0.1523
-0.1523
-0.1523
-0.1523
-0.1523
-0.1523
-0.1523
-0.1523
-0.1523
-0.1523
-0.1523
-0.1523
-0.1523
-0.1523
-0.1523
-0.1523
-0.1523
-0.1523
-0.1523
-0.1523
-0.1523
-0.1523
-0.1523
-0.1523
-0.1523
-0.1523
-0.1523
-0.1523
-0.1523
-0.1523
-0.1523
-0.1523
-0.1523
-0.1523
-0.1523
-0.1523
-0.1523
-0.1523
-0.1523
-0.1523
-0.1523
-0.1523
-0.1523
-0.1523
-0.1523
-0.1523
-0.1523
-0.1523
-0.1523
-0.1523
-0.1523
-0.1523
-0.1523
-0.1523
-0.1523
-0.1523
-0.1523
-0.1523
-0.1523
-0.1523
-0.1523
-0.1523
-0.1523
-0.1523
-0.1523
-0.1523
-0.1523
-0.1523
-0.1523
-0.1523
-0.1523
-0.1523
-0.1523
-0.1523
-0.1523
-0.1523
-0.1523
-0.1523
-0.1523
-0.1523
-0.1523
-0.1523
-0.1523
-0.1523
-0.1523
-0.1523
-0.1523
-0.1523
-0.1523
-0.1523
-0.1523
-0.1523
-0.1523
-0.1523
-0.1523
-0.1523
-0.1523
-0.1523
-0.1523
-0.1523
-0.1523
-0.1523
-0.1523
-0.1523
-0.1523
-0.1523
-0.1523
-0.1523
-0.1523
-0.1523
-0.1523
-0.1523
-0.1523
-0.1523
-0.1523
-0.1523
-0.1523
-0.1523
-0.1523
-0.1523
-0.1523
-0.1523
-0.1523
-0.1523
-0.1523
-0.1523
-0.1523
-0.1523
-0.1523
-0.1523
-0.1523
-0.1523
-0.1523
-0.1523
-0.1523
-0.1523
-0.1523
-0.1523
-0.1523
-0.1523
-0.1523
-0.1523
-0.1523
-0.1523
-0.1523
-0.1523
-0.1523
-0.1523
-0.1523
-0.1523
-0.1523
-0.1523
-0.1523
-0.1523
-0.1523
-0.1523
-0.1523
-0.1523
-0.1523
-0.1523
-0.1523
-0.1523
-0.1523
-0.1523
-0.1523
-0.1523
-0.1523
-0.1523
-0.1523
-0.1523
-0.1523
-0.1523
-0.1523
-0.1523
-0.1523
-0.1523
-0.1523
-0.1523
-0.1523
-0.1523
-0.1523
-0.1523
-0.1523
-0.1523
-0.1522
-0.1522
-0.1522
-0.1522
-0.1522
-0.1522
-0.1522
-0.1522
-0.1522
-0.1522
-0.1522
-0.1522
-0.1522
-0.1522
-0.1522
-0.1522
-0.1522
-0.1522
-0.1522
-0.1522
-0.1522
-0.1522
-0.1522
-0.1522
-0.1522
-0.1522
-0.1522
-0.1522
-0.1522
-0.1522
-0.1522
-0.1522
-0.1522
-0.1522
-0.1522
-0.1522
-0.1522
-0.1522
-0.1522
-0.1522
-0.1522
-0.1522
-0.1522
-0.1522
-0.1522
-0.1522
-0.1522
-0.1522
-0.1522
-0.1522
-0.1522
-0.1522
-0.1522
-0.1522
-0.1522
-0.1522
-0.1522
-0.1522
-0.1522
-0.1522
-0.1522
-0.1522
-0.1522
-0.1522
-0.1522
-0.1522
-0.1522
-0.1522
-0.1522
-0.1522
-0.1522
-0.1522
-0.1522
-0.1522
-0.1522
-0.1522
-0.1522
-0.1522
-0.1522
-0.1522
-0.1522
-0.1522
-0.1522
-0.1522
-0.1522
-0.1522
-0.1522
-0.1522
-0.1522
-0.1522
-0.1522
-0.1522
-0.1522
-0.1522
-0.1522
-0.1522
-0.1522
-0.1522
-0.1522
-0.1522
-0.1522
-0.1522
-0.1522
-0.1522
-0.1522
-0.1522
-0.1522
-0.1522
-0.1522
-0.1522
-0.1522
-0.1522
-0.1522
-0.1522
-0.1522
-0.1522
-0.1522
-0.1522
-0.1522
-0.1522
-0.1522
-0.1522
-0.1522
-0.1522
-0.1522
-0.1522
-0.1522
-0.1522
-0.1522
-0.1522
-0.1522
-0.1522
-0.1522
-0.1522
-0.1522
-0.1522
-0.1522
-0.1522
-0.1522
-0.1522
-0.1522
-0.1522
-0.1522
-0.1522
-0.1522
-0.1522
-0.1522
-0.1522
-0.1522
-0.1522
-0.1522
-0.1522
-0.1522
-0.1522
-0.1522
-0.1522
-0.1522
-0.1522
-0.1522
-0.1522
-0.1522
-0.1522
-0.1522
-0.1522
-0.1522
-0.1522
-0.1522
-0.1522
-0.1522
-0.1522
-0.1522
-0.1522
-0.1522
-0.1522
-0.1522
-0.1522
-0.1522
-0.1522
-0.1522
-0.1522
-0.1522
-0.1522
-0.1522
-0.1522
-0.1522
-0.1522
-0.1522
-0.1522
-0.1522
-0.1522
-0.1522
-0.1522
-0.1522
-0.1522
-0.1522
-0.1522
-0.1522
-0.1522
-0.1522
-0.1522
-0.1522
-0.1522
-0.1522
-0.1522
-0.1522
-0.1522
-0.1522
-0.1522
-0.1522
-0.1522
-0.1522
-0.1522
-0.1522
-0.1522
-0.1522
-0.1522
-0.1522
-0.1522
-0.1522
-0.1522
-0.1522
-0.1522
-0.1522
-0.1522
-0.1522
-0.1522
-0.1522
-0.1522
-0.1522
-0.1522
-0.1522
-0.1522
-0.1522
-0.1522
-0.1522
-0.1522
-0.1522
-0.1522
-0.1522
-0.1522
-0.1522
-0.1522
-0.1522
-0.1522
-0.1522
-0.1522
-0.1522
-0.1522
-0.1522
-0.1522
-0.1522
-0.1522
-0.1522
-0.1522
-0.1522
-0.1522
-0.1522
-0.1522
-0.1522
-0.1522
-0.1522
-0.1522
-0.1522
-0.1522
-0.1522
-0.1522
-0.1522
-0.1522
-0.1522
-0.1522
-0.1522
-0.1522
-0.1522
-0.1522
-0.1522
-0.1522
-0.1522
-0.1522
-0.1522
-0.1522
-0.1522
-0.1522
-0.1522
-0.1522
-0.1522
-0.1522
-0.1522
-0.1522
-0.1522
-0.1522
-0.1522
-0.1522
-0.1522
-0.1522
-0.1522
-0.1522
-0.1522
-0.1522
-0.1522
-0.1522
-0.1522
-0.1522
-0.1522
-0.1522
-0.1522
-0.1522
-0.1522
-0.1522
-0.1522
-0.1522
-0.1522
-0.1522
-0.1522
-0.1522
-0.1522
-0.1522
-0.1522
-0.1522
-0.1522
-0.1522
-0.1522
-0.1522
-0.1522
-0.1522
-0.1522
-0.1522
-0.1522
-0.1522
-0.1522
-0.1522
-0.1522
-0.1522
-0.1522
-0.1522
-0.1522
-0.1522
-0.1522
-0.1522
-0.1522
-0.1522
-0.1522
-0.1522
-0.1522
-0.1522
-0.1522
-0.1522
-0.1522
-0.1522
-0.1522
-0.1522
-0.1522
-0.1522
-0.1522
-0.1522
-0.1522
-0.1522
-0.1522
-0.1522
-0.1522
-0.1522
-0.1522
-0.1522
-0.1522
-0.1522
-0.1522
-0.1522
-0.1522
-0.1522
-0.1522
-0.1522
-0.1522
-0.1522
-0.1522
-0.1522
-0.1522
-0.1522
-0.1522
-0.1522
-0.1522
-0.1522
-0.1522
-0.1522
-0.1522
-0.1522
-0.1522
-0.1522
-0.1522
-0.1522
-0.1522
-0.1522
-0.1522
-0.1522
-0.1522
-0.1522
-0.1522
-0.1522
-0.1522
-0.1522
-0.1522
-0.1522
-0.1522
-0.1522
-0.1522
-0.1522
-0.1522
-0.1522
-0.1522
-0.1522
-0.1522
-0.1522
-0.1522
-0.1522
-0.1522
-0.1522
-0.1522
-0.1522
-0.1522
-0.1522
-0.1522
-0.1522
-0.1522
-0.1522
-0.1522
-0.1522
-0.1522
-0.1522
-0.1522
-0.1522
-0.1522
-0.1522
-0.1522
-0.1522
-0.1522
-0.1522
-0.1522
-0.1522
-0.1522
-0.1522
-0.1522
-0.1522
-0.1522
-0.1522
-0.1522
-0.1522
-0.1522
-0.1522
-0.1522
-0.1522
-0.1522
-0.1522
-0.1522
-0.1522
-0.1522
-0.1522
-0.1522
-0.1522
-0.1522
-0.1522
-0.1522
-0.1522
-0.1522
-0.1522
-0.1522
-0.1522
-0.1522
-0.1522
-0.1522
-0.1522
-0.1522
-0.1522
-0.1522
-0.1522
-0.1522
-0.1522
-0.1522
-0.1522
-0.1522
-0.1522
-0.1522
-0.1522
-0.1522
-0.1522
-0.1522
-0.1522
-0.1522
-0.1522
-0.1522
-0.1522
-0.1522
-0.1522
-0.1522
-0.1522
-0.1522
-0.1522
-0.1522
-0.1522
-0.1522
-0.1522
-0.1522
-0.1522
-0.1522
-0.1522
-0.1522
-0.1522
-0.1522
-0.1522
-0.1522
-0.1522
-0.1522
-0.1522
-0.1522
-0.1522
-0.1522
-0.1522
-0.1522
-0.1522
-0.1522
-0.1522
-0.1522
-0.1522
-0.1522
-0.1522
-0.1522
-0.1522
-0.1522
-0.1522
-0.1522
-0.1522
-0.1522
-0.1522
-0.1522
-0.1522
-0.1522
-0.1522
-0.1522
-0.1522
-0.1522
-0.1522
-0.1522
-0.1522
-0.1522
-0.1522
-0.1522
-0.1522
-0.1522
-0.1522
-0.1522
-0.1522
-0.1522
-0.1522
-0.1522
-0.1522
-0.1522
-0.1522
-0.1522
-0.1522
-0.1522
-0.1522
-0.1522
-0.1522
-0.1522
-0.1522
-0.1522
-0.1522
-0.1522
-0.1522
-0.1522
-0.1522
-0.1522
-0.1522
-0.1522
-0.1522
-0.1522
-0.1522
-0.1522
-0.1522
-0.1522
-0.1522
-0.1522
-0.1522
-0.1522
-0.1522
-0.1522
-0.1522
-0.1522
-0.1522
-0.1522
-0.1522
-0.1522
-0.1522
-0.1522
-0.1522
-0.1522
-0.1522
-0.1522
-0.1522
-0.1522
-0.1522
-0.1522
-0.1522
-0.1522
-0.1522
-0.1522
-0.1522
-0.1522
-0.1522
-0.1522
-0.1522
-0.1522
-0.1522
-0.1522
-0.1522
-0.1522
-0.1522
-0.1522
-0.1522
-0.1522
-0.1522
-0.1522
-0.1522
-0.1522
-0.1522
-0.1522
-0.1522
-0.1522
-0.1522
-0.1522
-0.1522
-0.1522
-0.1522
-0.1522
-0.1522
-0.1522
-0.1522
-0.1522
-0.1522
-0.1522
-0.1522
-0.1522
-0.1522
-0.1522
-0.1522
-0.1522
-0.1522
-0.1522
-0.1522
-0.1522
-0.1522
-0.1522
-0.1522
-0.1522
-0.1522
-0.1522
-0.1522
-0.1522
-0.1522
-0.1522
-0.1522
-0.1522
-0.1522
-0.1522
-0.1522
-0.1522
-0.1522
-0.1522
-0.1522
-0.1522
-0.1522
-0.1522
-0.1522
-0.1522
-0.1522
-0.1522
-0.1522
-0.1522
-0.1522
-0.1522
-0.1522
-0.1522
-0.1522
-0.1522
-0.1522
-0.1522
-0.1522
-0.1522
-0.1522
-0.1522
-0.1522
-0.1522
-0.1522
-0.1522
-0.1522
-0.1522
-0.1522
-0.1522
-0.1522
-0.1522
-0.1522
-0.1522
-0.1522
-0.1522
-0.1522
-0.1522
-0.1522
-0.1522
-0.1522
-0.1522
-0.1522
-0.1522
-0.1522
-0.1522
-0.1522
-0.1522
-0.1522
-0.1522
-0.1522
-0.1522
-0.1522
-0.1522
-0.1522
-0.1522
-0.1522
-0.1522
-0.1522
-0.1522
-0.1522
-0.1522
-0.1522
-0.1522
-0.1522
-0.1522
-0.1522
-0.1522
-0.1522
-0.1522
-0.1522
-0.1522
-0.1522
-0.1522
-0.1522
-0.1522
-0.1522
-0.1522
-0.1522
-0.1522
-0.1522
-0.1522
-0.1522
-0.1522
-0.1522
-0.1522
-0.1522
-0.1522
-0.1522
-0.1522
-0.1522
-0.1522
-0.1522
-0.1522
-0.1522
-0.1522
-0.1522
-0.1522
-0.1522
-0.1522
-0.1522
-0.1522
-0.1522
-0.1522
-0.1522
-0.1522
-0.1522
-0.1522
-0.1522
-0.1522
-0.1522
-0.1522
-0.1522
-0.1522
-0.1522
-0.1522
-0.1522
-0.1522
-0.1522
-0.1522
-0.1522
-0.1522
-0.1522
-0.1522
-0.1522
-0.1522
-0.1522
-0.1522
-0.1522
-0.1522
-0.1522
-0.1522
-0.1522
-0.1522
-0.1522
-0.1522
-0.1522
-0.1522
-0.1522
-0.1522
-0.1522
-0.1522
-0.1522
-0.1522
-0.1522
-0.1522
-0.1522
-0.1522
-0.1522
-0.1522
-0.1522
-0.1522
-0.1522
-0.1522
-0.1522
-0.1522
-0.1522
-0.1522
-0.1522
-0.1522
-0.1522
-0.1522
-0.1522
-0.1522
-0.1522
-0.1522
-0.1522
-0.1522
-0.1522
-0.1522
-0.1522
-0.1522
-0.1522
-0.1522
-0.1522
-0.1522
-0.1522
-0.1522
-0.1522
-0.1522
-0.1522
-0.1522
-0.1522
-0.1522
-0.1522
-0.1522
-0.1522
-0.1522
-0.1522
-0.1522
-0.1522
-0.1522
-0.1522
-0.1522
-0.1522
-0.1522
-0.1522
-0.1522
-0.1522
-0.1522
-0.1522
-0.1522
-0.1522
-0.1522
-0.1522
-0.1522
-0.1522
-0.1522
-0.1522
-0.1522
-0.1522
-0.1522
-0.1522
-0.1522
-0.1522
-0.1522
-0.1522
-0.1522
-0.1522
-0.1522
-0.1522
-0.1522
-0.1522
-0.1522
-0.1522
-0.1522
-0.1522
-0.1522
-0.1522
-0.1522
-0.1522
-0.1522
-0.1522
-0.1522
-0.1522
-0.1522
-0.1522
-0.1522
-0.1522
-0.1522
-0.1522
-0.1522
-0.1522
-0.1522
-0.1522
-0.1522
-0.1522
-0.1522
-0.1522
-0.1522
-0.1522
-0.1522
-0.1522
-0.1522
-0.1522
-0.1522
-0.1522
-0.1522
-0.1522
-0.1522
-0.1522
-0.1522
-0.1522
-0.1522
-0.1522
-0.1522
-0.1522
-0.1522
-0.1522
-0.1522
-0.1522
-0.1522
-0.1522
-0.1522
-0.1522
-0.1522
-0.1522
-0.1522
-0.1522
-0.1522
-0.1522
-0.1522
-0.1522
-0.1522
-0.1522
-0.1522
-0.1522
-0.1522
-0.1522
-0.1522
-0.1522
-0.1522
-0.1522
-0.1522
-0.1522
-0.1522
-0.1522
-0.1522
-0.1522
-0.1522
-0.1522
-0.1522
-0.1522
-0.1522
-0.1522
-0.1522
-0.1522
-0.1522
-0.1522
-0.1522
-0.1522
-0.1522
-0.1522
-0.1522
-0.1522
-0.1522
-0.1522
-0.1522
-0.1522
-0.1522
-0.1522
-0.1522
-0.1522
-0.1522
-0.1522
-0.1522
-0.1522
-0.1522
-0.1522
-0.1522
-0.1522
-0.1522
-0.1522
-0.1522
-0.1522
-0.1522
-0.1522
-0.1522
-0.1522
-0.1522
-0.1522
-0.1522
-0.1522
-0.1522
-0.1522
-0.1522
-0.1522
-0.1522
-0.1522
-0.1522
-0.1522
-0.1522
-0.1522
-0.1522
-0.1522
-0.1522
-0.1522
-0.1522
-0.1522
-0.1522
-0.1522
-0.1522
-0.1522
-0.1522
-0.1522
-0.1522
-0.1522
-0.1522
-0.1522
-0.1522
-0.1522
-0.1522
-0.1522
-0.1522
-0.1522
-0.1522
-0.1522
-0.1522
-0.1522
-0.1522
-0.1522
-0.1522
-0.1522
-0.1522
-0.1522
-0.1522
-0.1522
-0.1522
-0.1522
-0.1522
-0.1522
-0.1522
-0.1522
-0.1522
-0.1522
-0.1522
-0.1522
-0.1522
-0.1522
-0.1522
-0.1522
-0.1522
-0.1522
-0.1522
-0.1522
-0.1522
-0.1522
-0.1522
-0.1522
-0.1522
-0.1522
-0.1522
-0.1522
-0.1522
-0.1522
-0.1522
-0.1522
-0.1522
-0.1522
-0.1522
-0.1522
-0.1522
-0.1522
-0.1522
-0.1522
-0.1522
-0.1522
-0.1522
-0.1522
-0.1522
-0.1522
-0.1522
-0.1522
-0.1522
-0.1522
-0.1522
-0.1522
-0.1522
-0.1522
-0.1522
-0.1522
-0.1522
-0.1522
-0.1522
-0.1522
-0.1522
-0.1522
-0.1522
-0.1522
-0.1522
-0.1522
-0.1522
-0.1522
-0.1522
-0.1522
-0.1522
-0.1522
-0.1522
-0.1522
-0.1522
-0.1522
-0.1522
-0.1522
-0.1522
-0.1522
-0.1522
-0.1522
-0.1522
-0.1522
-0.1522
-0.1522
-0.1522
-0.1522
-0.1522
-0.1522
-0.1522
-0.1522
-0.1522
-0.1522
-0.1522
-0.1522
-0.1522
-0.1522
-0.1522
-0.1522
-0.1522
-0.1522
-0.1522
-0.1522
-0.1522
-0.1522
-0.1522
-0.1522
-0.1522
-0.1522
-0.1522
-0.1522
-0.1522
-0.1522
-0.1522
-0.1522
-0.1522
-0.1522
-0.1522
-0.1522
-0.1522
-0.1522
-0.1522
-0.1522
-0.1522
-0.1522
-0.1522
-0.1522
-0.1522
-0.1522
-0.1522
-0.1522
-0.1522
-0.1522
-0.1522
-0.1522
-0.1522
-0.1522
-0.1522
-0.1522
-0.1522
-0.1522
-0.1522
-0.1522
-0.1522
-0.1522
-0.1522
-0.1522
-0.1522
-0.1522
-0.1522
-0.1522
-0.1522
-0.1522
-0.1522
-0.1522
-0.1522
-0.1522
-0.1522
-0.1522
-0.1522
-0.1522
-0.1522
-0.1522
-0.1522
-0.1522
-0.1522
-0.1522
-0.1522
-0.1522
-0.1522
-0.1522
-0.1522
-0.1522
-0.1522
-0.1522
-0.1522
-0.1522
-0.1522
-0.1522
-0.1522
-0.1522
-0.1522
-0.1522
-0.1522
-0.1522
-0.1522
-0.1522
-0.1522
-0.1522
-0.1522
-0.1522
-0.1522
-0.1522
-0.1522
-0.1522
-0.1522
-0.1522
-0.1522
-0.1522
-0.1522
-0.1522
-0.1522
-0.1522
-0.1522
-0.1522
-0.1522
-0.1522
-0.1522
-0.1522
-0.1522
-0.1522
-0.1522
-0.1522
-0.1522
-0.1522
-0.1522
-0.1522
-0.1522
-0.1522
-0.152199
-0.152199
-0.152199
-0.152199
-0.152199
-0.152199
-0.152199
-0.152199
-0.152199
-0.152199
-0.152199
-0.152198
-0.152198
-0.152198
-0.152198
-0.152198
-0.152197
-0.152197
-0.152197
-0.152196
-0.152196
-0.152195
-0.152195
-0.152194
-0.152193
-0.152193
-0.152192
-0.152191
-0.15219
-0.152189
-0.152188
-0.152186
-0.152185
-0.152183
-0.152181
-0.152179
-0.152177
-0.152174
-0.152171
-0.152168
-0.152164
-0.15216
-0.152156
-0.152151
-0.152145
-0.152139
-0.152132
-0.152124
-0.152116
-0.152106
-0.152096
-0.152084
-0.152071
-0.152057
-0.152041
-0.152023
-0.152003
-0.15198
-0.151956
-0.151928
-0.151898
-0.151864
-0.151826
-0.151784
-0.151738
-0.151686
-0.151628
-0.151564
-0.151493
-0.151413
-0.151325
-0.151228
-0.151119
-0.150998
-0.150864
-0.150715
-0.15055
-0.150366
-0.150163
-0.149937
-0.149686
-0.149408
-0.149101
-0.14876
-0.148382
-0.147964
-0.147502
-0.146991
-0.146427
-0.145805
-0.145118
-0.144362
-0.14353
-0.142616
-0.141612
-0.140512
-0.139308
-0.137992
-0.136557
-0.134995
-0.133299
-0.131461
-0.129475
-0.127335
-0.125036
-0.122573
-0.119945
-0.11715
-0.11419
-0.111068
-0.107789
-0.104361
-0.100795
-0.0971031
-0.0933011
-0.0894065
-0.0854386
-0.0814184
-0.0773683
-0.0733109
-0.0692693
-0.0652662
-0.0613234
-0.0574613
-0.0536988
-0.0500524
-0.0465367
-0.0431636
-0.0399425
-0.0368805
-0.0339822
-0.0312499
-0.028684
-0.026283
-0.0240439
-0.0219622
-0.0200326
-0.0182488
-0.0166039
-0.0150905
-0.0137012
-0.0124281
-0.0112637
-0.0102005
-0.00923103
-0.0083483
-0.00754552
-0.00681628
-0.00615452
-0.00555455
-0.00501106
-0.00451911
-0.00407412
-0.00367186
-0.00330843
-0.00298025
-0.00268403
-0.00241678
-0.00217576
-0.00195845
-0.0017626
-0.00158612
-0.00142715
-0.00128397
-0.00115505
-0.00103898
-0.000934508
-0.000840479
-0.000755865
-0.00067973
-0.000611233
-0.000549614
-0.000494187
-0.000444332
-0.000399494
-0.00035917
-0.000322908
-0.000290299
-0.000260978
-0.000234614
-0.000210909
-0.000189597
-0.000170435
-0.000153209
-0.000137721
-0.000123799
-0.000111282
-0.00010003
-8.99157e-05
-8.08231e-05
-7.26496e-05
-6.53023e-05
-5.86978e-05
-5.2761e-05
-4.74245e-05
-4.26276e-05
-3.83157e-05
-3.44399e-05
-3.09561e-05
-2.78247e-05
-2.50099e-05
-2.24799e-05
-2.02057e-05
-1.81616e-05
-1.63243e-05
-1.46728e-05
-1.31884e-05
-1.18541e-05
-1.06549e-05
-9.5769e-06
-8.60799e-06
-7.73711e-06
-6.95433e-06
-6.25074e-06
-5.61833e-06
-5.04991e-06
-4.53899e-06
-4.07976e-06
-3.66699e-06
-3.29599e-06
-2.96252e-06
-2.66278e-06
-2.39338e-06
-2.15123e-06
-1.93357e-06
-1.73794e-06
-1.56211e-06
-1.40406e-06
-1.262e-06
-1.13432e-06
-1.01955e-06
-9.16398e-07
-8.2368e-07
-7.40343e-07
-6.65438e-07
-5.98111e-07
-5.37597e-07
-4.83204e-07
-4.34316e-07
-3.90373e-07
-3.50876e-07
-3.15376e-07
-2.83467e-07
-2.54787e-07
-2.29009e-07
-2.05838e-07
-1.85012e-07
-1.66293e-07
-1.49468e-07
-1.34346e-07
-1.20753e-07
-1.08536e-07
-9.75543e-08
-8.76841e-08
-7.88125e-08
-7.08385e-08
-6.36713e-08
-5.72292e-08
-5.1439e-08
-4.62345e-08
-4.15567e-08
-3.73521e-08
-3.35729e-08
-3.01761e-08
-2.7123e-08
-2.43788e-08
-2.19122e-08
-1.96952e-08
-1.77025e-08
-1.59114e-08
-1.43016e-08
-1.28546e-08
-1.1554e-08
-1.0385e-08
-9.33428e-09
-8.38987e-09
-7.54101e-09
-6.77804e-09
-6.09226e-09
-5.47586e-09
-4.92183e-09
-4.42386e-09
-3.97627e-09
-3.57396e-09
-3.21236e-09
-2.88734e-09
-2.59521e-09
-2.33264e-09
-2.09663e-09
-1.8845e-09
-1.69383e-09
-1.52245e-09
-1.36842e-09
-1.22996e-09
-1.10552e-09
-9.93668e-10
-8.93132e-10
-8.02767e-10
-7.21546e-10
-6.48542e-10
-5.82925e-10
-5.23946e-10
-4.70935e-10
-4.23288e-10
-3.80461e-10
-3.41967e-10
-3.07368e-10
-2.76269e-10
-2.48317e-10
-2.23193e-10
-2.00611e-10
-1.80314e-10
-1.62071e-10
-1.45673e-10
-1.30934e-10
-1.17687e-10
-1.05779e-10
-9.5077e-11
-8.54575e-11
-7.68111e-11
-6.90396e-11
-6.20544e-11
-5.57759e-11
-5.01327e-11
-4.50605e-11
-4.05014e-11
-3.64036e-11
-3.27204e-11
-2.94099e-11
-2.64342e-11
-2.37597e-11
-2.13558e-11
-1.91951e-11
-1.7253e-11
-1.55074e-11
-1.39384e-11
-1.25281e-11
-1.12606e-11
-1.01213e-11
-9.09728e-12
-8.17679e-12
-7.34951e-12
-6.60594e-12
-5.93753e-12
-5.33679e-12
-4.79683e-12
-4.3115e-12
-3.87529e-12
-3.48321e-12
-3.13077e-12
-2.81403e-12
-2.52931e-12
-2.2734e-12
-2.04337e-12
-1.83664e-12
-1.65085e-12
-1.48376e-12
-1.33366e-12
-1.19871e-12
-1.07747e-12
-9.68448e-13
-8.7047e-13
-7.82374e-13
-7.03215e-13
-6.3205e-13
-5.68157e-13
-5.10647e-13
-4.58966e-13
-4.12559e-13
-3.70814e-13
-3.33289e-13
-2.99538e-13
-2.69229e-13
-2.42029e-13
-2.17548e-13
-1.9551e-13
-1.75748e-13
-1.57985e-13
-1.41998e-13
-1.2762e-13
-1.14686e-13
-1.03084e-13
-9.26481e-14
-8.32667e-14
-7.4829e-14
-6.72795e-14
-6.05072e-14
-5.44009e-14
-4.88498e-14
-4.39093e-14
-3.94684e-14
-3.54716e-14
-3.19189e-14
-2.86438e-14
-2.57572e-14
-2.31482e-14
-2.08167e-14
-1.87073e-14
-1.68199e-14
-1.5099e-14
-1.36002e-14
-1.22125e-14
-1.09912e-14
-9.88098e-15
-8.88178e-15
-7.99361e-15
-7.16094e-15
-6.43929e-15
-5.77316e-15
-5.21805e-15
-4.66294e-15
-4.16334e-15
-3.77476e-15
-3.38618e-15
-3.05311e-15
-2.72005e-15
-2.44249e-15
-2.22045e-15
-1.9984e-15
-1.77636e-15
-1.60982e-15
-1.44329e-15
-1.27676e-15
-1.16573e-15
-1.05471e-15
-9.4369e-16
-8.32667e-16
-7.77156e-16
-6.66134e-16
-6.10623e-16
-5.55112e-16
-4.996e-16
-4.44089e-16
-3.88578e-16
-3.88578e-16
-3.33067e-16
-2.77556e-16
-2.77556e-16
-2.22045e-16
-2.22045e-16
-2.22045e-16
-1.66533e-16
-1.66533e-16
-1.11022e-16
-1.11022e-16
-1.11022e-16
-1.11022e-16
-1.11022e-16
-5.55112e-17
-5.55112e-17
-5.55112e-17
-5.55112e-17
-5.55112e-17
-5.55112e-17
-5.55112e-17
-5.55112e-17
-5.55112e-17
-5.55112e-17
-5.55112e-17
-5.55112e-17
-5.55112e-17
-5.55112e-17
-5.55112e-17
0
0
0
0
0
0
0
0
0
0
0
0
0
0
0
0
0
0
0
0
0
0
0
0
0
0
0
0
0
0
0
0
0
0
0
0
0
0
0
0
0
0
0
0
0
0
0
0
0
0
0
0
0
0
0
0
0
0
0
0
0
0
0
0
0
0
0
0
0
0
0
0
0
0
0
0
0
0
0
0
0
0
0
0
0
0
0
0
0
0
0
0
0
0
0
0
0
0
0
0
0
0
0
0
0
0
0
0
0
0
0
0
0
0
0
0
0
0
0
0
0
0
0
0
0
0
0
0
0
0
0
0
0
0
0
0
0
0
0
0
0
0
0
0
0
0
0
0
0
0
0
0
0
0
0
0
0
0
0
0
0
0
0
0
0
0
0
0
0
0
0
0
0
0
0
0
0
0
0
0
0
0
0
0
0
0
0
0
0
0
0
0
0
0
0
0
0
0
0
0
0
0
0
0
0
0
0
0
0
0
0
0
0
0
0
0
0
0
0
0
0
0
0
0
0
0
0
0
0
0
0
0
0
0
0
0
0
0
0
0
0
0
0
0
0
0
0
0
0
0
0
0
0
0
0
0
0
0
0
0
0
0
0
0
0
0
0
0
0
0
0
0
0
0
0
0
0
0
0
0
0
0
0
0
0
0
0
0
0
0
0
0
0
0
0
0
0
0
0
0
0
0
0
0
0
0
0
0
0
0
0
0
0
0
0
0
0
0
0
0
0
0
0
0
0
0
0
0
0
0
0
0
0
0
0
0
0
0
0
0
0
0
0
0
0
0
0
0
0
0
0
0
0
0
0
0
0
0
0
0
0
0
0
0
0
0
0
0
0
0
0
0
0
0
0
0
0
0
0
0
0
0
0
0
0
0
0
0
0
0
0
0
0
0
0
0
0
0
0
0
0
0
0
0
0
0
0
0
0
0
0
0
0
0
0
0
0
0
0
0
0
0
0
0
0
0
0
0
0
0
0
0
0
0
0
0
0
0
0
0
0
0
0
0
0
0
0
0
0
0
0
0
0
0
0
0
0
0
0
0
0
0
0
0
0
0
0
0
0
0
0
0
0
0
0
0
0
0
0
0
0
0
0
0
0
0
0
0
0
0
0
0
0
0
0
0
0
0
0
0
0
0
0
0
0
0
0
0
0
0
0
0
0
0
0
0
0
0
0
0
0
0
0
0
0
0
0
0
0
0
0
0
0
0
0
0
0
0
0
0
0
0
0
0
0
0
0
0
0
0
0
0
0
0
0
0
0
0
0
0
0
0
0
0
0
0
0
0
0
0
0
0
0
0
0
0
0
0
0
0
0
0
0
0
0
0
0
0
0
0
0
0
0
0
0
0
0
0
0
0
0
0
0
0
0
0
0
0
0
0
0
0
0
0
0
0
0
0
0
0
0
0
0
0
0
0
0
0
0
0
0
0
0
0
0
0
0
0
0
0
0
0
0
0
0
0
0
0
0
0
0
0
0
0
0
0
0
0
0
0
0
0
0
0
0
0
0
0
0
0
0
0
0
0
0
0
0
0
0
0
0
0
0
0
0
0
0
0
0
0
0
0
0
0
0
0
0
0
0
0
0
0
0
0
0
0
0
0
0
0
0
0
0
0
0
0
0
0
0
0
0
0
0
0
0
0
0
0
0
0
0
0
0
0
0
0
0
0
0
0
0
0
0
0
0
0
0
0
0
0
0
0
0
0
0
0
0
0
0
0
0
0
0
0
0
0
0
0
0
0
0
0
0
0
0
0
0
0
0
0
0
0
0
0
0
0
0
0
0
0
0
0
0
0
0
0
0
0
0
0
0
0
0
0
0
0
0
0
0
0
0
0
0
0
0
0
0
0
0
0
0
0
0
0
0
0
0
0
0
0
0
0
0
0
0
0
0
0
0
0
0
0
0
0
0
0
0
0
0
0
0
0
0
0
0
0
0
0
0
0
0
0
0
0
0
0
0
0
0
0
0
0
0
0
0
0
0
0
0
0
0
0
0
0
0
0
0
0
0
0
0
0
0
0
0
0
0
0
0
0
0
0
0
0
0
0
0
0
0
0
0
0
0
0
0
0
0
0
0
0
0
0
0
0
0
0
0
0
0
0
0
0
0
0
0
0
0
0
0
0
0
0
0
0
0
0
0
0
0
0
0
0
0
0
0
0
0
0
0
0
0
0
0
0
0
0
0
0
0
0
0
0
0
0
0
0
0
0
0
0
0
0
0
0
0
0
0
0
0
0
0
0
0
0
0
0
0
0
0
0
0
0
0
0
0
0
0
0
0
0
0
0
0
0
0
0
0
0
0
0
0
0
0
0
0
0
0
0
0
0
0
0
0
0
0
0
0
0
0
0
0
0
0
0
0
0
0
0
0
0
0
0
0
0
0
0
0
0
0
0
0
0
0
0
0
0
0
0
0
0
0
0
0
0
0
0
0
0
0
0
0
0
0
0
0
0
0
0
0
0
0
0
0
0
0
0
0
0
0
0
0
0
0
0
0
0
0
0
0
0
0
0
0
0
0
0
0
0
0
0
0
0
0
0
0
0
0
0
0
0
0
0
0
0
0
0
0
0
0
0
0
0
0
0
0
0
0
0
0
0
0
0
0
0
0
0
0
0
0
0
0
0
0
0
0
0
0
0
0
0
0
0
0
0
0
0
0
0
0
0
0
0
0
0
0
0
0
0
0
0
0
0
0
0
0
0
0
0
0
0
0
0
0
0
0
0
0
0
0
0
0
0
0
0
0
0
0
0
0
0
0
0
0
0
0
0
0
0
0
0
0
0
0
0
0
0
0
0
0
0
0
0
0
0
0
0
0
0
0
0
0
0
0
0
0
0
0
0
0
0
0
0
0
0
0
0
0
0
0
0
0
0
0
0
0
0
0
0
0
0
0
0
0
0
0
0
0
0
0
0
0
0
0
0
0
0
0
0
0
0
0
0
0
0
0
0
0
0
0
0
0
0
0
0
0
0
0
0
0
0
0
0
0
0
0
0
0
0
0
0
0
0
0
0
0
0
0
0
0
0
0
0
0
0
0
0
0
0
0
0
0
0
0
0
0
0
0
0
0
0
0
0
0
0
0
0
0
0
0
0
0
0
0
0
0
0
0
0
0
0
0
0
0
0
0
0
0
0
0
0
0
0
0
0
0
0
0
0
0
0
0
0
0
0
0
0
0
0
0
0
0
0
0
0
0
0
0
0
0
0
0
0
0
0
0
0
0
0
0
0
0
0
0
0
0
0
0
0
0
0
0
0
0
0
0
0
0
0
0
0
0
0
0
0
0
0
0
0
0
0
0
0
0
0
0
0
0
0
0
0
0
0
0
0
0
0
0
0
0
0
0
0
0
0
0
0
0
0
0
0
0
0
0
0
0
0
0
0
0
0
0
0
0
0
0
0
0
0
0
0
0
0
0
0
0
0
0
0
0
0
0
0
0
0
0
0
0
0
0
0
0
0
0
0
0
0
0
0
0
0
0
0
0
0
0
0
0
0
0
0
0
0
0
0
0
0
0
0
0
0
0
0
0
0
0
0
0
0
0
0
0
0
0
0
0
0
0
0
0
0
0
0
0
0
0
0
0
0
0
0
0
0
0
0
0
0
0
0
0
0
0
0
0
0
0
0
0
0
0
0
0
0
0
0
0
0
0
0
0
0
0
0
0
0
0
0
0
0
0
0
0
0
0
0
0
0
0
0
0
0
0
0
0
0
0
0
0
0
0
0
0
0
0
0
0
0
0
0
0
0
0
0
0
0
0
0
0
0
0
0
0
0
0
0
0
0
0
0
0
0
0
0
0
0
0
0
0
0
0
0
0
0
0
0
0
0
0
0
0
0
0
0
0
0
0
0
0
0
0
0
0
0
0
0
0
0
0
0
0
0
0
0
0
0
0
0
0
0
0
0
0
0
0
0
0
0
0
0
0
0
0
0
0
0
0
0
0
0
0
0
0
0
0
0
0
0
0
0
0
0
0
0
0
0
0
0
0
0
0
0
0
0
0
0
0
0
0
0
0
0
0
0
0
0
0
0
0
0
0
0
0
0
0
0
0
0
0
0
0
0
0
0
0
0
0
0
0
0
0
0
0
0
0
0
0
0
0
0
0
0
0
0
0
0
0
0
0
0
0
0
0
0
0
0
0
0
0
0
0
0
0
0
0
0
0
0
0
0
0
0
0
0
0
0
0
0
0
0
0
0
0
0
0
0
0
0
0
0
0
0
0
0
0
0
0
0
0
0
0
0
0
0
0
0
0
0
0
0
0
0
0
0
0
0
0
0
0
0
0
0
0
0
0
0
0
0
0
0
0
0
0
0
0
0
0
0
0
0
0
0
0
0
0
0
0
0
0
0
0
0
0
0
0
0
0
0
0
0
0
0
0
0
0
0
0
0
0
0
0
0
0
0
0
0
0
0
0
0
0
0
0
0
0
0
0
0
0
0
0
0
0
0
0
0
0
0
0
0
0
0
0
0
0
0
0
0
0
0
0
0
0
0
0
0
0
0
0
0
0
0
0
0
0
0
0
0
0
0
0
0
0
0
0
0
0
0
0
0
0
0
0
0
0
0
0
0
0
0
0
0
0
0
0
0
0
0
0
0
0
0
0
0
0
0
0
0
0
0
0
0
0
0
0
0
0
0
0
0
0
0
0
0
0
0
0
0
0
0
0
0
0
0
0
0
0
0
0
0
0
0
0
0
0
0
0
0
0
0
0
0
0
0
0
0
0
0
0
0
0
0
0
0
0
0
0
0
0
0
0
0
0
0
0
0
0
0
0
0
0
0
0
0
0
0
0
0
0
0
0
0
0
0
0
0
0
0
0
0
0
0
0
0
0
0
0
0
0
0
0
0
0
0
0
0
0
0
0
0
0
0
0
0
0
0
0
0
0
0
0
0
0
0
0
0
0
0
0
0
0
0
0
0
0
0
0
0
0
0
0
0
0
0
0
0
0
0
0
0
0
0
0
0
0
0
0
0
0
0
0
0
0
0
0
0
0
0
0
0
0
0
0
0
0
0
0
0
0
0
0
0
0
0
0
0
0
0
0
0
0
0
0
0
0
0
0
0
0
0
0
0
0
0
0
0
0
0
0
0
0
0
0
0
0
0
0
0
0
0
0
0
0
0
0
0
0
0
0
0
0
0
0
0
0
0
0
0
0
0
0
0
0
0
0
0
0
0
0
0
0
0
0
0
0
0
0
0
0
0
0
0
0
0
0
0
0
0
0
0
0
0
0
0
0
0
0
0
0
0
0
0
0
0
0
0
0
0
0
0
0
0
0
0
0
0
0
0
0
0
0
0
0
0
0
0
0
0
0
0
0
0
0
0
0
0
0
0
0
0
0
0
0
0
0
0
0
0
0
0
0
0
0
0
0
0
0
0
0
0
0
0
0
0
0
0
0
0
0
0
0
0
0
0
0
0
0
0
0
0
0
0
0
0
0
0
0
0
0
0
0
0
0
0
0
0
0
0
0
0
0
0
0
0
0
0
0
0
0
0
0
0
0
0
0
0
0
0
0
0
0
0
0
0
0
0
0
0
0
0
0
0
0
0
0
0
0
0
0
0
0
0
0
0
0
0
0
0
0
0
0
0
0
0
0
0
0
0
0
0
0
0
0
0
0
0
0
0
0
0
0
0
0
0
0
0
0
0
0
0
0
0
0
0
0
0
0
0
0
0
0
0
0
0
0
0
0
0
0
0
0
0
0
0
0
0
0
0
0
0
0
0
0
0
0
0
0
0
0
0
0
0
0
0
0
0
0
0
0
0
0
0
0
0
0
0
0
0
0
0
0
0
0
0
0
0
0
0
0
0
0
0
0
0
0
0
0
0
0
0
0
0
0
0
0
0
0
0
0
0
0
0
0
0
0
0
0
0
0
0
0
0
0
0
0
0
0
0
0
0
0
0
0
0
0
0
0
0
0
0
0
0
0
0
0
0
0
0
0
0
0
0
0
0
0
0
0
0
0
0
0
0
0
0
0
0
0
0
0
0
0
0
