0.687
0.687
0.687
0.687
0.687
0.687
0.687
0.687
0.687
0.687
0.687
0.687
0.687
0.687
0.687
0.687
0.687
0.687
0.687
0.687
0.687
0.687
0.687
0.687
0.687
0.687
0.687
0.687
0.687
0.687
0.687
0.687
0.687
0.687
0.687
0.687
0.687
0.687
0.687
0.687
0.687
0.687
0.687
0.687
0.687
0.687
0.687
0.687
0.687
0.687
0.687
0.687
0.687
0.687
0.687
0.687
0.687
0.687
0.687
0.687
0.687
0.687
0.687
0.687
0.687
0.687
0.687
0.687
0.687
0.687
0.687
0.687
0.687
0.687
0.687
0.687
0.687
0.687
0.687
0.687
0.687
0.687
0.687
0.687
0.687
0.687
0.687
0.687
0.687
0.687
0.687
0.687
0.687
0.687
0.687
0.687
0.687
0.687
0.687
0.687
0.687
0.687
0.687
0.687
0.687
0.687
0.687
0.687
0.687
0.687
0.687
0.687
0.687
0.687
0.687
0.687
0.687
0.687
0.687
0.687
0.687
0.687
0.687
0.687
0.687
0.687
0.687
0.687
0.687
0.687
0.687
0.687
0.687
0.687
0.687
0.687
0.687
0.687
0.687
0.687
0.687
0.687
0.687
0.687
0.687
0.687
0.687
0.687
0.687
0.687
0.687
0.687
0.687
0.687
0.687
0.687
0.687
0.687
0.687
0.687
0.687
0.687
0.687
0.687
0.687
0.687
0.687
0.687
0.687
0.687
0.687
0.687
0.687
0.687
0.687
0.687
0.687
0.687
0.687
0.687
0.687
0.687
0.687
0.687
0.687
0.687
0.687
0.687
0.687
0.687
0.687
0.687
0.687
0.687
0.687
0.687
0.687
0.687
0.687
0.687
0.687
0.687
0.687
0.687
0.687
0.687
0.687
0.687
0.687
0.687
0.687
0.687
0.687
0.687
0.687
0.687
0.687
0.687
0.687
0.687
0.687
0.687
0.687
0.687
0.687
0.687
0.687
0.687
0.687
0.687
0.687
0.687
0.687
0.687
0.687
0.687
0.687
0.687
0.687
0.687
0.687
0.687
0.687
0.687
0.687
0.687
0.687
0.687
0.687
0.687
0.687
0.687
0.687
0.687
0.687
0.687
0.687
0.687
0.687
0.687
0.687
0.687
0.687
0.687
0.687
0.687
0.687
0.687
0.687
0.687
0.687
0.687
0.687
0.687
0.687
0.687
0.687
0.687
0.687
0.687
0.687
0.687
0.687
0.687
0.687
0.687
0.687
0.687
0.687
0.687
0.687
0.687
0.687
0.687
0.687
0.687
0.687
0.687
0.687
0.687
0.687
0.687
0.687
0.687
0.687
0.687
0.687
0.687
0.687
0.687
0.687
0.687
0.687
0.687
0.687
0.687
0.687
0.687
0.687
0.687
0.687
0.687
0.687
0.687
0.687
0.687
0.687
0.687
0.687
0.687
0.687
0.687
0.687
0.687
0.687
0.687
0.687
0.687
0.687
0.687
0.687
0.687
0.687
0.687
0.687
0.687
0.687
0.687
0.687
0.687
0.687
0.687
0.687
0.687
0.687
0.687
0.687
0.687
0.687
0.687
0.687
0.687
0.687
0.687
0.687
0.687
0.687
0.687
0.687
0.687
0.687
0.687
0.687
0.687
0.687
0.687
0.687
0.687
0.687
0.687
0.687
0.687
0.687
0.687
0.687
0.687
0.687
0.687
0.687
0.687
0.687
0.687
0.687
0.687
0.687
0.687
0.687
0.687
0.687
0.687
0.687
0.687
0.687
0.687
0.687
0.687
0.687
0.687
0.687
0.687
0.687
0.687
0.687
0.687
0.687
0.687
0.687
0.687
0.687
0.687
0.687
0.687
0.687
0.687
0.687
0.687
0.687
0.687
0.687
0.687
0.687
0.687
0.687
0.687
0.687
0.687
0.687
0.687
0.687
0.687
0.687
0.687
0.687
0.687
0.687
0.687
0.687
0.687
0.687
0.687
0.687
0.687
0.687
0.687
0.687
0.687
0.687
0.687
0.687
0.687
0.687
0.687
0.687
0.687001
0.687001
0.687001
0.687001
0.687001
0.687001
0.687001
0.687001
0.687001
0.687001
0.687001
0.687001
0.687001
0.687001
0.687001
0.687001
0.687001
0.687001
0.687001
0.687001
0.687001
0.687001
0.687001
0.687001
0.687001
0.687001
0.687001
0.687001
0.687001
0.687001
0.687001
0.687001
0.687001
0.687001
0.687001
0.687001
0.687001
0.687001
0.687001
0.687001
0.687001
0.687002
0.687002
0.687002
0.687002
0.687002
0.687002
0.687002
0.687002
0.687002
0.687002
0.687002
0.687002
0.687002
0.687002
0.687002
0.687002
0.687002
0.687002
0.687002
0.687003
0.687003
0.687003
0.687003
0.687003
0.687003
0.687003
0.687003
0.687003
0.687003
0.687003
0.687003
0.687003
0.687004
0.687004
0.687004
0.687004
0.687004
0.687004
0.687004
0.687004
0.687004
0.687005
0.687005
0.687005
0.687005
0.687005
0.687005
0.687005
0.687005
0.687006
0.687006
0.687006
0.687006
0.687006
0.687006
0.687007
0.687007
0.687007
0.687007
0.687007
0.687007
0.687008
0.687008
0.687008
0.687008
0.687009
0.687009
0.687009
0.687009
0.687009
0.68701
0.68701
0.68701
0.687011
0.687011
0.687011
0.687011
0.687012
0.687012
0.687012
0.687013
0.687013
0.687013
0.687014
0.687014
0.687015
0.687015
0.687015
0.687016
0.687016
0.687017
0.687017
0.687018
0.687018
0.687019
0.687019
0.68702
0.68702
0.687021
0.687021
0.687022
0.687022
0.687023
0.687024
0.687024
0.687025
0.687025
0.687026
0.687027
0.687028
0.687028
0.687029
0.68703
0.687031
0.687032
0.687032
0.687033
0.687034
0.687035
0.687036
0.687037
0.687038
0.687039
0.68704
0.687041
0.687042
0.687043
0.687045
0.687046
0.687047
0.687048
0.68705
0.687051
0.687052
0.687054
0.687055
0.687057
0.687058
0.68706
0.687061
0.687063
0.687065
0.687067
0.687068
0.68707
0.687072
0.687074
0.687076
0.687078
0.68708
0.687082
0.687085
0.687087
0.687089
0.687092
0.687094
0.687097
0.687099
0.687102
0.687105
0.687108
0.68711
0.687113
0.687116
0.68712
0.687123
0.687126
0.68713
0.687133
0.687137
0.68714
0.687144
0.687148
0.687152
0.687156
0.68716
0.687165
0.687169
0.687174
0.687178
0.687183
0.687188
0.687193
0.687198
0.687204
0.687209
0.687215
0.687221
0.687227
0.687233
0.687239
0.687246
0.687252
0.687259
0.687266
0.687273
0.687281
0.687288
0.687296
0.687304
0.687312
0.687321
0.687329
0.687338
0.687347
0.687357
0.687366
0.687376
0.687386
0.687397
0.687408
0.687419
0.68743
0.687441
0.687453
0.687466
0.687478
0.687491
0.687504
0.687518
0.687532
0.687546
0.687561
0.687576
0.687592
0.687608
0.687624
0.687641
0.687658
0.687676
0.687694
0.687713
0.687732
0.687752
0.687772
0.687793
0.687814
0.687836
0.687859
0.687882
0.687906
0.68793
0.687955
0.687981
0.688007
0.688035
0.688062
0.688091
0.68812
0.688151
0.688182
0.688213
0.688246
0.68828
0.688314
0.688349
0.688386
0.688423
0.688461
0.688501
0.688541
0.688583
0.688625
0.688669
0.688714
0.68876
0.688807
0.688856
0.688906
0.688957
0.689009
0.689063
0.689119
0.689176
0.689234
0.689294
0.689356
0.689419
0.689484
0.689551
0.689619
0.689689
0.689761
0.689835
0.689911
0.689989
0.690069
0.690152
0.690236
0.690323
0.690412
0.690503
0.690597
0.690693
0.690792
0.690893
0.690997
0.691104
0.691213
0.691326
0.691441
0.69156
0.691681
0.691806
0.691934
0.692066
0.692201
0.692339
0.692481
0.692627
0.692776
0.69293
0.693087
0.693249
0.693415
0.693585
0.69376
0.693939
0.694122
0.694311
0.694504
0.694703
0.694906
0.695115
0.695329
0.695549
0.695774
0.696006
0.696243
0.696486
0.696735
0.696991
0.697253
0.697522
0.697798
0.698081
0.698371
0.698668
0.698973
0.699285
0.699606
0.699934
0.700271
0.700616
0.700969
0.701332
0.701703
0.702084
0.702474
0.702874
0.703284
0.703703
0.704133
0.704574
0.705025
0.705487
0.70596
0.706445
0.706942
0.70745
0.707971
0.708504
0.70905
0.709609
0.710181
0.710767
0.711366
0.711979
0.712607
0.713249
0.713906
0.714579
0.715266
0.71597
0.716689
0.717425
0.718177
0.718947
0.719733
0.720537
0.721359
0.722199
0.723057
0.723934
0.724831
0.725746
0.726681
0.727636
0.728611
0.729607
0.730624
0.731661
0.73272
0.733801
0.734904
0.736029
0.737177
0.738348
0.739542
0.740759
0.742
0.743265
0.744554
0.745868
0.747206
0.748569
0.749958
0.751372
0.752811
0.754277
0.755768
0.757286
0.75883
0.7604
0.761998
0.763622
0.765273
0.766951
0.768657
0.770389
0.772149
0.773937
0.775752
0.777595
0.779465
0.781362
0.783287
0.78524
0.78722
0.789228
0.791262
0.793324
0.795413
0.797529
0.799672
0.801841
0.804037
0.806259
0.808506
0.81078
0.813078
0.815402
0.817751
0.820124
0.82252
0.824941
0.827385
0.829851
0.83234
0.834851
0.837384
0.839937
0.84251
0.845104
0.847716
0.850348
0.852997
0.855664
0.858348
0.861048
0.863763
0.866493
0.869238
0.871996
0.874766
0.877548
0.880342
0.883146
0.88596
0.888782
0.891613
0.894451
0.897295
0.900145
0.903
0.905858
0.90872
0.911585
0.91445
0.917317
0.920183
0.923048
0.925911
0.928771
0.931628
0.934481
0.937328
0.940169
0.943003
0.94583
0.948648
0.951457
0.954256
0.957044
0.959821
0.962585
0.965336
0.968074
0.970796
0.973504
0.976196
0.978871
0.98153
0.98417
0.986792
0.989395
0.991979
0.994542
0.997085
0.999607
1.00211
1.00458
1.00704
1.00947
1.01188
1.01427
1.01663
1.01896
1.02127
1.02356
1.02582
1.02806
1.03026
1.03245
1.0346
1.03673
1.03883
1.04091
1.04296
1.04498
1.04697
1.04894
1.05088
1.05279
1.05467
1.05653
1.05836
1.06016
1.06193
1.06368
1.0654
1.06709
1.06876
1.07039
1.072
1.07359
1.07515
1.07668
1.07818
1.07966
1.08111
1.08254
1.08394
1.08532
1.08667
1.08799
1.08929
1.09057
1.09182
1.09305
1.09426
1.09544
1.0966
1.09774
1.09885
1.09994
1.10101
1.10206
1.10309
1.10409
1.10508
1.10604
1.10699
1.10791
1.10882
1.10971
1.11057
1.11142
1.11225
1.11307
1.11386
1.11464
1.1154
1.11614
1.11687
1.11758
1.11828
1.11896
1.11962
1.12027
1.12091
1.12153
1.12214
1.12273
1.12331
1.12387
1.12442
1.12496
1.12549
1.12601
1.12651
1.127
1.12748
1.12795
1.1284
1.12885
1.12928
1.12971
1.13012
1.13053
1.13092
1.13131
1.13168
1.13205
1.13241
1.13276
1.1331
1.13343
1.13376
1.13407
1.13438
1.13468
1.13498
1.13526
1.13554
1.13581
1.13608
1.13634
1.13659
1.13684
1.13708
1.13731
1.13754
1.13776
1.13798
1.13819
1.1384
1.1386
1.13879
1.13898
1.13917
1.13935
1.13953
1.1397
1.13987
1.14003
1.14019
1.14035
1.1405
1.14065
1.14079
1.14093
1.14107
1.1412
1.14133
1.14146
1.14158
1.1417
1.14182
1.14193
1.14204
1.14215
1.14226
1.14236
1.14246
1.14256
1.14265
1.14274
1.14283
1.14292
1.14301
1.14309
1.14317
1.14325
1.14333
1.1434
1.14347
1.14355
1.14362
1.14368
1.14375
1.14381
1.14388
1.14394
1.144
1.14405
1.14411
1.14416
1.14422
1.14427
1.14432
1.14437
1.14442
1.14446
1.14451
1.14455
1.1446
1.14464
1.14468
1.14472
1.14476
1.1448
1.14483
1.14487
1.1449
1.14494
1.14497
1.145
1.14503
1.14506
1.14509
1.14512
1.14515
1.14518
1.14521
1.14523
1.14526
1.14528
1.14531
1.14533
1.14535
1.14537
1.1454
1.14542
1.14544
1.14546
1.14548
1.1455
1.14552
1.14553
1.14555
1.14557
1.14558
1.1456
1.14562
1.14563
1.14565
1.14566
1.14568
1.14569
1.1457
1.14572
1.14573
1.14574
1.14575
1.14576
1.14578
1.14579
1.1458
1.14581
1.14582
1.14583
1.14584
1.14585
1.14586
1.14587
1.14588
1.14588
1.14589
1.1459
1.14591
1.14592
1.14592
1.14593
1.14594
1.14594
1.14595
1.14596
1.14596
1.14597
1.14598
1.14598
1.14599
1.14599
1.146
1.146
1.14601
1.14601
1.14602
1.14602
1.14603
1.14603
1.14604
1.14604
1.14605
1.14605
1.14605
1.14606
1.14606
1.14607
1.14607
1.14607
1.14608
1.14608
1.14608
1.14609
1.14609
1.14609
1.14609
1.1461
1.1461
1.1461
1.1461
1.14611
1.14611
1.14611
1.14611
1.14612
1.14612
1.14612
1.14612
1.14612
1.14613
1.14613
1.14613
1.14613
1.14613
1.14614
1.14614
1.14614
1.14614
1.14614
1.14614
1.14615
1.14615
1.14615
1.14615
1.14615
1.14615
1.14615
1.14615
1.14616
1.14616
1.14616
1.14616
1.14616
1.14616
1.14616
1.14616
1.14616
1.14617
1.14617
1.14617
1.14617
1.14617
1.14617
1.14617
1.14617
1.14617
1.14617
1.14617
1.14617
1.14617
1.14618
1.14618
1.14618
1.14618
1.14618
1.14618
1.14618
1.14618
1.14618
1.14618
1.14618
1.14618
1.14618
1.14618
1.14618
1.14618
1.14618
1.14618
1.14618
1.14619
1.14619
1.14619
1.14619
1.14619
1.14619
1.14619
1.14619
1.14619
1.14619
1.14619
1.14619
1.14619
1.14619
1.14619
1.14619
1.14619
1.14619
1.14619
1.14619
1.14619
1.14619
1.14619
1.14619
1.14619
1.14619
1.14619
1.14619
1.14619
1.14619
1.14619
1.14619
1.14619
1.14619
1.14619
1.14619
1.14619
1.14619
1.14619
1.14619
1.14619
1.1462
1.1462
1.1462
1.1462
1.1462
1.1462
1.1462
1.1462
1.1462
1.1462
1.1462
1.1462
1.1462
1.1462
1.1462
1.1462
1.1462
1.1462
1.1462
1.1462
1.1462
1.1462
1.1462
1.1462
1.1462
1.1462
1.1462
1.1462
1.1462
1.1462
1.1462
1.1462
1.1462
1.1462
1.1462
1.1462
1.1462
1.1462
1.1462
1.1462
1.1462
1.1462
1.1462
1.1462
1.1462
1.1462
1.1462
1.1462
1.1462
1.1462
1.1462
1.1462
1.1462
1.1462
1.1462
1.1462
1.1462
1.1462
1.1462
1.1462
1.1462
1.1462
1.1462
1.1462
1.1462
1.1462
1.1462
1.1462
1.1462
1.1462
1.1462
1.1462
1.1462
1.1462
1.1462
1.1462
1.1462
1.1462
1.1462
1.1462
1.1462
1.1462
1.1462
1.1462
1.1462
1.1462
1.1462
1.1462
1.1462
1.1462
1.1462
1.1462
1.1462
1.1462
1.1462
1.1462
1.1462
1.1462
1.1462
1.1462
1.1462
1.1462
1.1462
1.1462
1.1462
1.1462
1.1462
1.1462
1.1462
1.1462
1.1462
1.1462
1.1462
1.1462
1.1462
1.1462
1.1462
1.1462
1.1462
1.1462
1.1462
1.1462
1.1462
1.1462
1.1462
1.1462
1.1462
1.1462
1.1462
1.1462
1.1462
1.1462
1.1462
1.1462
1.1462
1.1462
1.1462
1.1462
1.1462
1.1462
1.1462
1.1462
1.1462
1.1462
1.1462
1.1462
1.1462
1.1462
1.1462
1.1462
1.1462
1.1462
1.1462
1.1462
1.1462
1.1462
1.1462
1.1462
1.1462
1.1462
1.1462
1.1462
1.1462
1.1462
1.1462
1.1462
1.1462
1.1462
1.1462
1.1462
1.1462
1.1462
1.1462
1.1462
1.1462
1.1462
1.1462
1.1462
1.1462
1.1462
1.1462
1.1462
1.1462
1.1462
1.1462
1.1462
1.1462
1.1462
1.1462
1.1462
1.1462
1.1462
1.1462
1.1462
1.1462
1.1462
1.1462
1.1462
1.1462
1.1462
1.1462
1.1462
1.1462
1.1462
1.1462
1.1462
1.1462
1.1462
1.1462
1.1462
1.1462
1.1462
1.1462
1.1462
1.1462
1.1462
1.1462
1.1462
1.1462
1.1462
1.1462
1.1462
1.1462
1.1462
1.1462
1.1462
1.1462
1.1462
1.1462
1.1462
1.1462
1.1462
1.1462
1.1462
1.1462
1.1462
1.1462
1.1462
1.1462
1.1462
1.1462
1.1462
1.1462
1.1462
1.1462
1.1462
1.1462
1.1462
1.1462
1.1462
1.1462
1.1462
1.1462
1.1462
1.1462
1.1462
1.1462
1.1462
1.1462
1.1462
1.1462
1.1462
1.1462
1.1462
1.1462
1.1462
1.1462
1.1462
1.1462
1.1462
1.1462
1.1462
1.1462
1.1462
1.1462
1.1462
1.1462
1.1462
1.1462
1.1462
1.1462
1.1462
1.1462
1.1462
1.1462
1.1462
1.1462
1.1462
1.1462
1.1462
1.1462
1.1462
1.1462
1.1462
1.1462
1.1462
1.1462
1.1462
1.1462
1.1462
1.1462
1.1462
1.1462
1.1462
1.1462
1.1462
1.1462
1.1462
1.1462
1.1462
1.1462
1.1462
1.1462
1.1462
1.1462
1.1462
1.1462
1.1462
1.1462
1.1462
1.1462
1.1462
1.1462
1.1462
1.1462
1.1462
1.1462
1.1462
1.1462
1.1462
1.1462
1.1462
1.1462
1.1462
1.1462
1.1462
1.1462
1.1462
1.1462
1.1462
1.1462
1.1462
1.1462
1.1462
1.1462
1.1462
1.1462
1.1462
1.1462
1.1462
1.1462
1.1462
1.1462
1.1462
1.1462
1.1462
1.1462
1.1462
1.1462
1.1462
1.1462
1.1462
1.1462
1.1462
1.1462
1.1462
1.1462
1.1462
1.1462
1.1462
1.1462
1.1462
1.1462
1.1462
1.1462
1.1462
1.1462
1.1462
1.1462
1.1462
1.1462
1.1462
1.1462
1.1462
1.1462
1.1462
1.1462
1.1462
1.1462
1.1462
1.1462
1.1462
1.1462
1.1462
1.1462
1.1462
1.1462
1.1462
1.1462
1.1462
1.1462
1.1462
1.1462
1.1462
1.1462
1.1462
1.1462
1.1462
1.1462
1.1462
1.1462
1.1462
1.1462
1.1462
1.1462
1.1462
1.1462
1.1462
1.1462
1.1462
1.1462
1.1462
1.1462
1.1462
1.1462
1.1462
1.1462
1.1462
1.1462
1.1462
1.1462
1.1462
1.1462
1.1462
1.1462
1.1462
1.1462
1.1462
1.1462
1.1462
1.1462
1.1462
1.1462
1.1462
1.1462
1.1462
1.1462
1.1462
1.1462
1.1462
1.1462
1.1462
1.1462
1.1462
1.1462
1.1462
1.1462
1.1462
1.1462
1.1462
1.1462
1.1462
1.1462
1.1462
1.1462
1.1462
1.1462
1.1462
1.1462
1.1462
1.1462
1.1462
1.1462
1.1462
1.1462
1.1462
1.1462
1.1462
1.1462
1.1462
1.1462
1.1462
1.1462
1.1462
1.1462
1.1462
1.1462
1.1462
1.1462
1.1462
1.1462
1.1462
1.1462
1.1462
1.1462
1.1462
1.1462
1.1462
1.1462
1.1462
1.1462
1.1462
1.1462
1.1462
1.1462
1.1462
1.1462
1.1462
1.1462
1.1462
1.1462
1.1462
1.1462
1.1462
1.1462
1.1462
1.1462
1.1462
1.1462
1.1462
1.1462
1.1462
1.1462
1.1462
1.1462
1.1462
1.1462
1.1462
1.1462
1.1462
1.1462
1.1462
1.1462
1.1462
1.1462
1.1462
1.1462
1.1462
1.1462
1.1462
1.1462
1.1462
1.1462
1.1462
1.1462
1.1462
1.1462
1.1462
1.1462
1.1462
1.1462
1.1462
1.1462
1.1462
1.1462
1.1462
1.1462
1.1462
1.1462
1.1462
1.1462
1.1462
1.1462
1.1462
1.1462
1.1462
1.1462
1.1462
1.1462
1.1462
1.1462
1.1462
1.1462
1.1462
1.1462
1.1462
1.1462
1.1462
1.1462
1.1462
1.1462
1.1462
1.1462
1.1462
1.1462
1.1462
1.1462
1.1462
1.1462
1.1462
1.1462
1.1462
1.1462
1.1462
1.1462
1.1462
1.1462
1.1462
1.1462
1.1462
1.1462
1.1462
1.1462
1.1462
1.1462
1.1462
1.1462
1.1462
1.1462
1.1462
1.1462
1.1462
1.1462
1.1462
1.1462
1.1462
1.1462
1.1462
1.1462
1.1462
1.1462
1.1462
1.1462
1.1462
1.1462
1.1462
1.1462
1.1462
1.1462
1.1462
1.1462
1.1462
1.1462
1.1462
1.1462
1.1462
1.1462
1.1462
1.1462
1.1462
1.1462
1.1462
1.1462
1.1462
1.1462
1.1462
1.1462
1.1462
1.1462
1.1462
1.1462
1.1462
1.1462
1.1462
1.1462
1.1462
1.1462
1.1462
1.1462
1.1462
1.1462
1.1462
1.1462
1.1462
1.1462
1.1462
1.1462
1.1462
1.1462
1.1462
1.1462
1.1462
1.1462
1.1462
1.1462
1.1462
1.1462
1.1462
1.1462
1.1462
1.1462
1.1462
1.1462
1.1462
1.1462
1.1462
1.1462
1.1462
1.1462
1.1462
1.1462
1.1462
1.1462
1.1462
1.1462
1.1462
1.1462
1.1462
1.1462
1.1462
1.1462
1.1462
1.1462
1.1462
1.1462
1.1462
1.1462
1.1462
1.1462
1.1462
1.1462
1.1462
1.1462
1.1462
1.1462
1.1462
1.1462
1.1462
1.1462
1.1462
1.1462
1.1462
1.1462
1.1462
1.1462
1.1462
1.1462
1.1462
1.1462
1.1462
1.1462
1.1462
1.1462
1.1462
1.1462
1.1462
1.1462
1.1462
1.1462
1.1462
1.1462
1.1462
1.1462
1.1462
1.1462
1.1462
1.1462
1.1462
1.1462
1.1462
1.1462
1.1462
1.1462
1.1462
1.1462
1.1462
1.1462
1.1462
1.1462
1.1462
1.1462
1.1462
1.1462
1.1462
1.1462
1.1462
1.1462
1.1462
1.1462
1.1462
1.1462
1.1462
1.1462
1.1462
1.1462
1.1462
1.1462
1.1462
1.1462
1.1462
1.1462
1.1462
1.1462
1.1462
1.1462
1.1462
1.1462
1.1462
1.1462
1.1462
1.1462
1.1462
1.1462
1.1462
1.1462
1.1462
1.1462
1.1462
1.1462
1.1462
1.1462
1.1462
1.1462
1.1462
1.1462
1.1462
1.1462
1.1462
1.1462
1.1462
1.1462
1.1462
1.1462
1.1462
1.1462
1.1462
1.1462
1.1462
1.1462
1.1462
1.1462
1.1462
1.1462
1.1462
1.1462
1.1462
1.1462
1.1462
1.1462
1.1462
1.1462
1.1462
1.1462
1.1462
1.1462
1.1462
1.1462
1.1462
1.1462
1.1462
1.1462
1.1462
1.1462
1.1462
1.1462
1.1462
1.1462
1.1462
1.1462
1.1462
1.1462
1.1462
1.1462
1.1462
1.1462
1.1462
1.1462
1.1462
1.1462
1.1462
1.1462
1.1462
1.1462
1.1462
1.1462
1.1462
1.1462
1.1462
1.1462
1.1462
1.1462
1.1462
1.1462
1.1462
1.1462
1.1462
1.1462
1.1462
1.1462
1.1462
1.1462
1.1462
1.1462
1.1462
1.1462
1.1462
1.1462
1.1462
1.1462
1.1462
1.1462
1.1462
1.1462
1.1462
1.1462
1.1462
1.1462
1.1462
1.1462
1.1462
1.1462
1.1462
1.1462
1.1462
1.1462
1.1462
1.1462
1.1462
1.1462
1.1462
1.1462
1.1462
1.1462
1.1462
1.1462
1.1462
1.1462
1.1462
1.1462
1.1462
1.1462
1.1462
1.1462
1.1462
1.1462
1.1462
1.1462
1.1462
1.1462
1.1462
1.1462
1.1462
1.1462
1.1462
1.1462
1.1462
1.1462
1.1462
1.1462
1.1462
1.1462
1.1462
1.1462
1.1462
1.1462
1.1462
1.1462
1.1462
1.1462
1.1462
1.1462
1.1462
1.1462
1.1462
1.1462
1.1462
1.1462
1.1462
1.1462
1.1462
1.1462
1.1462
1.1462
1.1462
1.1462
1.1462
1.1462
1.1462
1.1462
1.1462
1.1462
1.1462
1.1462
1.1462
1.1462
1.1462
1.1462
1.1462
1.1462
1.1462
1.1462
1.1462
1.1462
1.1462
1.1462
1.1462
1.1462
1.1462
1.1462
1.1462
1.1462
1.1462
1.1462
1.1462
1.1462
1.1462
1.1462
1.1462
1.1462
1.1462
1.1462
1.1462
1.1462
1.1462
1.1462
1.1462
1.1462
1.1462
1.1462
1.1462
1.1462
1.1462
1.1462
1.1462
1.1462
1.1462
1.1462
1.1462
1.1462
1.1462
1.1462
1.1462
1.1462
1.1462
1.1462
1.1462
1.1462
1.1462
1.1462
1.1462
1.1462
1.1462
1.1462
1.1462
1.1462
1.1462
1.1462
1.1462
1.1462
1.1462
1.1462
1.1462
1.1462
1.1462
1.1462
1.1462
1.1462
1.1462
1.1462
1.1462
1.1462
1.1462
1.1462
1.1462
1.1462
1.1462
1.1462
1.1462
1.1462
1.1462
1.1462
1.1462
1.1462
1.1462
1.1462
1.1462
1.1462
1.1462
1.1462
1.1462
1.1462
1.1462
1.1462
1.1462
1.1462
1.1462
1.1462
1.1462
1.1462
1.1462
1.1462
1.1462
1.1462
1.1462
1.1462
1.1462
1.1462
1.1462
1.1462
1.1462
1.1462
1.1462
1.1462
1.1462
1.1462
1.1462
1.1462
1.1462
1.1462
1.1462
1.1462
1.1462
1.1462
1.1462
1.1462
1.1462
1.1462
1.1462
1.1462
1.1462
1.1462
1.1462
1.1462
1.1462
1.1462
1.1462
1.1462
1.1462
1.1462
1.1462
1.1462
1.1462
1.1462
1.1462
1.1462
1.1462
1.1462
1.1462
1.1462
1.1462
1.1462
1.1462
1.1462
1.1462
1.1462
1.1462
1.1462
1.1462
1.1462
1.1462
1.1462
1.1462
1.1462
1.1462
1.1462
1.1462
1.1462
1.1462
1.1462
1.1462
1.1462
1.1462
1.1462
1.1462
1.1462
1.1462
1.1462
1.1462
1.1462
1.1462
1.1462
1.1462
1.1462
1.1462
1.1462
1.1462
1.1462
1.1462
1.1462
1.1462
1.1462
1.1462
1.1462
1.1462
1.1462
1.1462
1.1462
1.1462
1.1462
1.1462
1.1462
1.1462
1.1462
1.1462
1.1462
1.1462
1.1462
1.1462
1.1462
1.1462
1.1462
1.1462
1.1462
1.1462
1.1462
1.1462
1.1462
1.1462
1.1462
1.1462
1.1462
1.1462
1.1462
1.1462
1.1462
1.1462
1.1462
1.1462
1.1462
1.1462
1.1462
1.1462
1.1462
1.1462
1.1462
1.1462
1.1462
1.1462
1.1462
1.1462
1.1462
1.1462
1.1462
1.1462
1.1462
1.1462
1.1462
1.1462
1.1462
1.1462
1.1462
1.1462
1.1462
1.1462
1.1462
1.1462
1.1462
1.1462
1.1462
1.1462
1.1462
1.1462
1.1462
1.1462
1.1462
1.1462
1.1462
1.1462
1.1462
1.1462
1.1462
1.1462
1.1462
1.1462
1.1462
1.1462
1.1462
1.1462
1.1462
1.1462
1.1462
1.1462
1.1462
1.1462
1.1462
1.1462
1.1462
1.1462
1.1462
1.1462
1.1462
1.1462
1.1462
1.1462
1.1462
1.1462
1.1462
1.1462
1.1462
1.1462
1.1462
1.1462
1.1462
1.1462
1.1462
1.1462
1.1462
1.1462
1.1462
1.1462
1.1462
1.1462
1.1462
1.1462
1.1462
1.1462
1.1462
1.1462
1.1462
1.1462
1.1462
1.1462
1.1462
1.1462
1.1462
1.1462
1.1462
1.1462
1.1462
1.1462
1.1462
1.1462
1.1462
1.1462
1.1462
1.1462
1.1462
1.1462
1.1462
1.1462
1.1462
1.1462
1.1462
1.1462
1.1462
1.1462
1.1462
1.1462
1.1462
1.1462
1.1462
1.1462
1.1462
1.1462
1.1462
1.1462
1.1462
1.1462
1.1462
1.1462
1.1462
1.1462
1.1462
1.1462
1.1462
1.1462
1.1462
1.1462
1.1462
1.1462
1.1462
1.1462
1.1462
1.1462
1.1462
1.1462
1.1462
1.1462
1.1462
1.1462
1.1462
1.1462
1.1462
1.1462
1.1462
1.1462
1.1462
1.1462
1.1462
1.1462
1.1462
1.1462
1.1462
1.1462
1.1462
1.1462
1.1462
1.1462
1.1462
1.1462
1.1462
1.1462
1.1462
1.1462
1.1462
1.1462
1.1462
1.1462
1.1462
1.1462
1.1462
1.1462
1.1462
1.1462
1.1462
1.1462
1.1462
1.1462
1.1462
1.1462
1.1462
1.1462
1.1462
1.1462
1.1462
1.1462
1.1462
1.1462
1.1462
1.1462
1.1462
1.1462
1.1462
1.1462
1.1462
1.1462
1.1462
1.1462
1.1462
1.1462
1.1462
1.1462
1.1462
1.1462
1.1462
1.1462
1.1462
1.1462
1.1462
1.1462
1.1462
1.1462
1.1462
1.1462
1.1462
1.1462
1.1462
1.1462
1.1462
1.1462
1.1462
1.1462
1.1462
1.1462
1.1462
1.1462
1.1462
1.1462
1.1462
1.1462
1.1462
1.1462
1.1462
1.1462
1.1462
1.1462
1.1462
1.1462
1.1462
1.1462
1.1462
1.1462
1.1462
1.1462
1.1462
1.1462
1.1462
1.1462
1.1462
1.1462
1.1462
1.1462
1.1462
1.1462
1.1462
1.1462
1.1462
1.1462
1.1462
1.1462
1.1462
1.1462
1.1462
1.1462
1.1462
1.1462
1.1462
1.1462
1.1462
1.1462
1.1462
1.1462
1.1462
1.1462
1.1462
1.1462
1.1462
1.1462
1.1462
1.1462
1.1462
1.1462
1.1462
1.1462
1.1462
1.1462
1.1462
1.1462
1.1462
1.1462
1.1462
1.1462
1.1462
1.1462
1.1462
1.1462
1.1462
1.1462
1.1462
1.1462
1.1462
1.1462
1.1462
1.1462
1.1462
1.1462
1.1462
1.1462
1.1462
1.1462
1.1462
1.1462
1.1462
1.1462
1.1462
1.1462
1.1462
1.1462
1.1462
1.1462
1.1462
1.1462
1.1462
1.1462
1.1462
1.1462
1.1462
1.1462
1.1462
1.1462
1.1462
1.1462
1.1462
1.1462
1.1462
1.1462
1.1462
1.1462
1.1462
1.1462
1.1462
1.1462
1.1462
1.1462
1.1462
1.1462
1.1462
1.1462
1.1462
1.1462
1.1462
1.1462
1.1462
1.1462
1.1462
1.1462
1.1462
1.1462
1.1462
1.1462
1.1462
1.1462
1.1462
1.1462
1.1462
1.1462
1.1462
1.1462
1.1462
1.1462
1.1462
1.1462
1.1462
1.1462
1.1462
1.1462
1.1462
1.1462
1.1462
1.1462
1.1462
1.1462
1.1462
1.1462
1.1462
1.1462
1.1462
1.1462
1.1462
1.1462
1.1462
1.1462
1.1462
1.1462
1.1462
1.1462
1.1462
1.1462
1.1462
1.1462
1.1462
1.1462
1.1462
1.1462
1.1462
1.1462
1.1462
1.1462
1.1462
1.1462
1.1462
1.1462
1.1462
1.1462
1.1462
1.1462
1.1462
1.1462
1.1462
1.1462
1.1462
1.1462
1.1462
1.1462
1.1462
1.1462
1.1462
1.1462
1.1462
1.1462
1.1462
1.1462
1.1462
1.1462
1.1462
1.1462
1.1462
1.1462
1.1462
1.1462
1.1462
1.1462
1.1462
1.1462
1.1462
1.1462
1.1462
1.1462
1.1462
1.1462
1.1462
1.1462
1.1462
1.1462
1.1462
1.1462
1.1462
1.1462
1.1462
1.1462
1.1462
1.1462
1.1462
1.1462
1.1462
1.1462
1.1462
1.1462
1.1462
1.1462
1.1462
1.1462
1.1462
1.1462
1.1462
1.1462
1.1462
1.1462
1.1462
1.1462
1.1462
1.1462
1.1462
1.1462
1.1462
1.1462
1.1462
1.1462
1.1462
1.1462
1.1462
1.1462
1.1462
1.1462
1.1462
1.1462
1.1462
1.1462
1.1462
1.1462
1.1462
1.1462
1.1462
1.1462
1.1462
1.1462
1.1462
1.1462
1.1462
1.1462
1.1462
1.1462
1.1462
1.1462
1.1462
1.1462
1.1462
1.1462
1.1462
1.1462
1.1462
1.1462
1.1462
1.1462
1.1462
1.1462
1.1462
1.1462
1.1462
1.1462
1.1462
1.1462
1.1462
1.1462
1.1462
1.1462
1.1462
1.1462
1.1462
1.1462
1.1462
1.1462
1.1462
1.1462
1.1462
1.1462
1.1462
1.1462
1.1462
1.1462
1.1462
1.1462
1.1462
1.1462
1.1462
1.1462
1.1462
1.1462
1.1462
1.1462
1.1462
1.1462
1.1462
1.1462
1.1462
1.1462
1.1462
1.1462
1.1462
1.1462
1.1462
1.1462
1.1462
1.1462
1.1462
1.1462
1.1462
1.1462
1.1462
1.1462
1.1462
1.1462
1.1462
1.1462
1.1462
1.1462
1.1462
1.1462
1.1462
1.1462
1.1462
1.1462
1.1462
1.1462
1.1462
1.1462
1.1462
1.1462
1.1462
1.1462
1.1462
1.1462
1.1462
1.1462
1.1462
1.1462
1.1462
1.1462
1.1462
1.1462
1.1462
1.1462
1.1462
1.1462
1.1462
1.1462
1.1462
1.1462
1.1462
1.1462
1.1462
1.1462
1.1462
1.1462
1.1462
1.1462
1.1462
1.1462
1.1462
1.1462
1.1462
1.1462
1.1462
1.1462
1.1462
1.1462
1.1462
1.1462
1.1462
1.1462
1.1462
1.1462
1.1462
1.1462
1.1462
1.1462
1.1462
1.1462
1.1462
1.1462
1.1462
1.1462
1.1462
1.1462
1.1462
1.1462
1.1462
1.1462
1.1462
1.1462
1.1462
1.1462
1.1462
1.1462
1.1462
1.1462
1.1462
1.1462
1.1462
1.1462
1.1462
1.1462
1.1462
1.1462
1.1462
1.1462
1.1462
1.1462
1.1462
1.1462
1.1462
1.1462
1.1462
1.1462
1.1462
1.1462
1.1462
1.1462
1.1462
1.1462
1.1462
1.1462
1.1462
1.1462
1.1462
1.1462
1.1462
1.1462
1.1462
1.1462
1.1462
1.1462
1.1462
1.1462
1.1462
1.1462
1.1462
1.1462
1.1462
1.1462
1.1462
1.1462
1.1462
1.1462
1.1462
1.1462
1.1462
1.1462
1.1462
1.1462
1.1462
1.1462
1.1462
1.1462
1.1462
1.1462
1.1462
1.1462
1.1462
1.1462
1.1462
1.1462
1.1462
1.1462
1.1462
1.1462
1.1462
1.1462
1.1462
1.1462
1.1462
1.1462
1.1462
1.1462
1.1462
1.1462
1.1462
1.1462
1.1462
1.1462
1.1462
1.1462
1.1462
1.1462
1.1462
1.1462
1.1462
1.1462
1.1462
1.1462
1.1462
1.1462
1.1462
1.1462
1.1462
1.1462
1.1462
1.1462
1.1462
1.1462
1.1462
1.1462
1.1462
1.1462
1.1462
1.1462
1.1462
1.1462
1.1462
1.1462
1.1462
1.1462
1.1462
1.1462
1.1462
1.1462
1.1462
1.1462
1.1462
1.1462
1.1462
1.1462
1.1462
1.1462
1.1462
1.1462
1.1462
1.1462
1.1462
1.1462
1.1462
1.1462
1.1462
1.1462
1.1462
1.1462
1.1462
1.1462
1.1462
1.1462
1.1462
1.1462
1.1462
1.1462
1.1462
1.1462
1.1462
1.1462
1.1462
1.1462
1.1462
1.1462
1.1462
1.1462
1.1462
1.1462
1.1462
1.1462
1.1462
1.1462
1.1462
1.1462
1.1462
1.1462
1.1462
1.1462
1.1462
1.1462
1.1462
1.1462
1.1462
1.1462
1.1462
1.1462
1.1462
1.1462
1.1462
1.1462
1.1462
1.1462
1.1462
1.1462
1.1462
1.1462
1.1462
1.1462
1.1462
1.1462
1.1462
1.1462
1.1462
1.1462
1.1462
1.1462
1.1462
1.1462
1.1462
1.1462
1.1462
1.1462
1.1462
1.1462
1.1462
1.1462
1.1462
1.1462
1.1462
1.1462
1.1462
1.1462
1.1462
1.1462
1.1462
1.1462
1.1462
1.1462
1.1462
1.1462
1.1462
1.1462
1.1462
1.1462
1.1462
1.1462
1.1462
1.1462
1.1462
1.1462
1.1462
1.1462
1.1462
1.1462
1.1462
1.1462
1.1462
1.1462
1.1462
1.1462
1.1462
1.1462
1.1462
1.1462
1.1462
1.1462
1.1462
1.1462
1.1462
1.1462
1.1462
1.1462
1.1462
1.1462
1.1462
1.1462
1.1462
1.1462
1.1462
1.1462
1.1462
1.1462
1.1462
1.1462
1.1462
1.1462
1.1462
1.1462
1.1462
1.1462
1.1462
1.1462
1.1462
1.1462
1.1462
1.1462
1.1462
1.1462
1.1462
1.1462
1.1462
1.1462
1.1462
1.1462
1.1462
1.1462
1.1462
1.1462
1.1462
1.1462
1.1462
1.1462
1.1462
1.1462
1.1462
1.1462
1.1462
1.1462
1.1462
1.1462
1.1462
1.1462
1.1462
1.1462
1.1462
1.1462
1.1462
1.1462
1.1462
1.1462
1.1462
1.1462
1.1462
1.1462
1.1462
1.1462
1.1462
1.1462
1.1462
1.1462
1.1462
1.1462
1.1462
1.1462
1.1462
1.1462
1.1462
1.1462
1.1462
1.1462
1.1462
1.1462
1.1462
1.1462
1.1462
1.1462
1.1462
1.1462
1.1462
1.1462
1.1462
1.1462
1.1462
1.1462
1.1462
1.1462
1.1462
1.1462
1.1462
1.1462
1.1462
1.1462
1.1462
1.1462
1.1462
1.1462
1.1462
1.1462
1.1462
1.1462
1.1462
1.1462
1.1462
1.1462
1.1462
1.1462
1.1462
1.1462
1.1462
1.1462
1.1462
1.1462
1.1462
1.1462
1.1462
1.1462
1.1462
1.1462
1.1462
1.1462
1.1462
1.1462
1.1462
1.1462
1.1462
1.1462
1.1462
1.1462
1.1462
1.1462
1.1462
1.1462
1.1462
1.1462
1.1462
1.1462
1.1462
1.1462
1.1462
1.1462
1.1462
1.1462
1.1462
1.1462
1.1462
1.1462
1.1462
1.1462
1.1462
1.1462
1.1462
1.1462
1.1462
1.1462
1.1462
1.1462
1.1462
1.1462
1.1462
1.1462
1.1462
1.1462
1.1462
1.1462
1.1462
1.1462
1.1462
1.1462
1.1462
1.1462
1.1462
1.1462
1.1462
1.1462
1.1462
1.1462
1.1462
1.1462
1.1462
1.1462
1.1462
1.1462
1.1462
1.1462
1.1462
1.1462
1.1462
1.1462
1.1462
1.1462
1.1462
1.1462
1.1462
1.1462
1.1462
1.1462
1.1462
1.1462
1.1462
1.1462
1.1462
1.1462
1.1462
1.1462
1.1462
1.1462
1.1462
1.1462
1.1462
1.1462
1.1462
1.1462
1.1462
1.1462
1.1462
1.1462
1.1462
1.1462
1.1462
1.1462
1.1462
1.1462
1.1462
1.1462
1.1462
1.1462
1.1462
1.1462
1.1462
1.1462
1.1462
1.1462
1.1462
1.1462
1.1462
1.1462
1.1462
1.1462
1.1462
1.1462
1.1462
1.1462
1.1462
1.1462
1.1462
1.1462
1.1462
1.1462
1.1462
1.1462
1.1462
1.1462
1.1462
1.1462
1.1462
1.1462
1.1462
1.1462
1.1462
1.1462
1.1462
1.1462
1.1462
1.1462
1.1462
1.1462
1.1462
1.1462
1.1462
1.1462
1.1462
1.1462
1.1462
1.1462
1.1462
1.1462
1.1462
1.1462
1.1462
1.1462
1.1462
1.1462
1.1462
1.1462
1.1462
1.1462
1.1462
1.1462
1.1462
1.1462
1.1462
1.1462
1.1462
1.1462
1.1462
1.1462
1.1462
1.1462
1.1462
1.1462
1.1462
1.1462
1.1462
1.1462
1.1462
1.1462
1.1462
1.1462
1.1462
1.1462
1.1462
1.1462
1.1462
1.1462
1.1462
1.1462
1.1462
1.1462
1.1462
1.1462
1.1462
1.1462
1.1462
1.1462
1.1462
1.1462
1.1462
1.1462
1.1462
1.1462
1.1462
1.1462
1.1462
1.1462
1.1462
1.1462
1.1462
1.1462
1.1462
1.1462
1.1462
1.1462
1.1462
1.1462
1.1462
1.1462
1.1462
1.1462
1.1462
1.1462
1.1462
1.1462
1.1462
1.1462
1.1462
1.1462
1.1462
1.1462
1.1462
1.1462
1.1462
1.1462
1.1462
1.1462
1.1462
1.1462
1.1462
1.1462
1.1462
1.1462
1.1462
1.1462
1.1462
-0.4595
-0.4595
-0.4595
-0.4595
-0.4595
-0.4595
-0.4595
-0.4595
-0.4595
-0.4595
-0.4595
-0.4595
-0.4595
-0.4595
-0.4595
-0.4595
-0.4595
-0.4595
-0.4595
-0.4595
-0.4595
-0.4595
-0.4595
-0.4595
-0.4595
-0.4595
-0.4595
-0.4595
-0.4595
-0.4595
-0.4595
-0.4595
-0.4595
-0.4595
-0.4595
-0.4595
-0.4595
-0.4595
-0.4595
-0.4595
-0.4595
-0.4595
-0.4595
-0.4595
-0.4595
-0.4595
-0.4595
-0.4595
-0.4595
-0.4595
-0.4595
-0.4595
-0.4595
-0.4595
-0.4595
-0.4595
-0.4595
-0.4595
-0.4595
-0.4595
-0.4595
-0.4595
-0.4595
-0.4595
-0.4595
-0.4595
-0.4595
-0.4595
-0.4595
-0.4595
-0.4595
-0.4595
-0.4595
-0.4595
-0.4595
-0.4595
-0.4595
-0.4595
-0.4595
-0.4595
-0.4595
-0.4595
-0.4595
-0.4595
-0.4595
-0.4595
-0.4595
-0.4595
-0.4595
-0.4595
-0.4595
-0.4595
-0.4595
-0.4595
-0.4595
-0.4595
-0.4595
-0.4595
-0.4595
-0.4595
-0.4595
-0.4595
-0.4595
-0.4595
-0.4595
-0.4595
-0.4595
-0.4595
-0.4595
-0.4595
-0.4595
-0.4595
-0.4595
-0.4595
-0.4595
-0.4595
-0.4595
-0.4595
-0.4595
-0.4595
-0.4595
-0.4595
-0.4595
-0.4595
-0.4595
-0.4595
-0.4595
-0.4595
-0.4595
-0.4595
-0.4595
-0.4595
-0.4595
-0.4595
-0.4595
-0.4595
-0.4595
-0.4595
-0.4595
-0.4595
-0.4595
-0.4595
-0.4595
-0.4595
-0.4595
-0.4595
-0.4595
-0.4595
-0.4595
-0.4595
-0.4595
-0.4595
-0.4595
-0.4595
-0.4595
-0.4595
-0.4595
-0.4595
-0.4595
-0.4595
-0.4595
-0.4595
-0.4595
-0.4595
-0.4595
-0.4595
-0.4595
-0.4595
-0.4595
-0.4595
-0.4595
-0.4595
-0.4595
-0.4595
-0.4595
-0.4595
-0.4595
-0.4595
-0.4595
-0.4595
-0.4595
-0.4595
-0.4595
-0.4595
-0.4595
-0.4595
-0.4595
-0.4595
-0.4595
-0.4595
-0.4595
-0.4595
-0.4595
-0.4595
-0.4595
-0.4595
-0.4595
-0.4595
-0.4595
-0.4595
-0.4595
-0.4595
-0.4595
-0.4595
-0.4595
-0.4595
-0.4595
-0.4595
-0.4595
-0.4595
-0.4595
-0.4595
-0.4595
-0.4595
-0.4595
-0.4595
-0.4595
-0.4595
-0.4595
-0.4595
-0.4595
-0.4595
-0.4595
-0.4595
-0.4595
-0.4595
-0.4595
-0.4595
-0.4595
-0.4595
-0.4595
-0.4595
-0.4595
-0.4595
-0.4595
-0.4595
-0.4595
-0.4595
-0.4595
-0.4595
-0.4595
-0.4595
-0.4595
-0.4595
-0.4595
-0.4595
-0.4595
-0.4595
-0.4595
-0.4595
-0.4595
-0.4595
-0.4595
-0.4595
-0.4595
-0.4595
-0.4595
-0.4595
-0.4595
-0.4595
-0.4595
-0.4595
-0.4595
-0.4595
-0.4595
-0.4595
-0.4595
-0.4595
-0.4595
-0.4595
-0.4595
-0.4595
-0.4595
-0.4595
-0.4595
-0.4595
-0.4595
-0.4595
-0.4595
-0.4595
-0.4595
-0.4595
-0.4595
-0.4595
-0.4595
-0.4595
-0.4595
-0.4595
-0.4595
-0.4595
-0.4595
-0.4595
-0.4595
-0.4595
-0.4595
-0.4595
-0.4595
-0.4595
-0.4595
-0.4595
-0.4595
-0.4595
-0.4595
-0.4595
-0.4595
-0.4595
-0.4595
-0.4595
-0.4595
-0.4595
-0.4595
-0.4595
-0.4595
-0.4595
-0.4595
-0.4595
-0.4595
-0.4595
-0.4595
-0.4595
-0.4595
-0.4595
-0.4595
-0.4595
-0.4595
-0.4595
-0.4595
-0.4595
-0.4595
-0.4595
-0.4595
-0.4595
-0.4595
-0.4595
-0.4595
-0.4595
-0.4595
-0.4595
-0.4595
-0.4595
-0.4595
-0.4595
-0.4595
-0.4595
-0.4595
-0.4595
-0.4595
-0.4595
-0.4595
-0.4595
-0.4595
-0.4595
-0.4595
-0.4595
-0.4595
-0.4595
-0.4595
-0.4595
-0.4595
-0.4595
-0.4595
-0.4595
-0.4595
-0.4595
-0.4595
-0.4595
-0.4595
-0.4595
-0.4595
-0.4595
-0.4595
-0.4595
-0.4595
-0.4595
-0.4595
-0.4595
-0.4595
-0.4595
-0.4595
-0.4595
-0.4595
-0.4595
-0.4595
-0.4595
-0.4595
-0.4595
-0.4595
-0.4595
-0.4595
-0.4595
-0.4595
-0.4595
-0.4595
-0.4595
-0.4595
-0.4595
-0.4595
-0.4595
-0.4595
-0.4595
-0.4595
-0.4595
-0.4595
-0.4595
-0.4595
-0.4595
-0.4595
-0.4595
-0.4595
-0.4595
-0.4595
-0.4595
-0.4595
-0.4595
-0.4595
-0.4595
-0.4595
-0.4595
-0.4595
-0.4595
-0.4595
-0.4595
-0.4595
-0.4595
-0.4595
-0.4595
-0.4595
-0.4595
-0.4595
-0.4595
-0.4595
-0.4595
-0.4595
-0.4595
-0.4595
-0.4595
-0.4595
-0.4595
-0.4595
-0.4595
-0.4595
-0.4595
-0.4595
-0.4595
-0.4595
-0.4595
-0.4595
-0.4595
-0.4595
-0.4595
-0.4595
-0.4595
-0.4595
-0.4595
-0.4595
-0.4595
-0.4595
-0.4595
-0.4595
-0.4595
-0.4595
-0.4595
-0.4595
-0.4595
-0.4595
-0.4595
-0.4595
-0.4595
-0.4595
-0.4595
-0.4595
-0.4595
-0.4595
-0.4595
-0.4595
-0.4595
-0.4595
-0.4595
-0.4595
-0.4595
-0.4595
-0.4595
-0.4595
-0.4595
-0.4595
-0.4595
-0.4595
-0.4595
-0.4595
-0.4595
-0.4595
-0.4595
-0.4595
-0.4595
-0.4595
-0.4595
-0.4595
-0.4595
-0.4595
-0.4595
-0.4595
-0.4595
-0.4595
-0.4595
-0.4595
-0.4595
-0.4595
-0.4595
-0.4595
-0.4595
-0.4595
-0.4595
-0.4595
-0.4595
-0.4595
-0.4595
-0.4595
-0.4595
-0.4595
-0.4595
-0.4595
-0.4595
-0.4595
-0.4595
-0.4595
-0.4595
-0.4595
-0.4595
-0.4595
-0.4595
-0.4595
-0.4595
-0.4595
-0.4595
-0.4595
-0.4595
-0.4595
-0.4595
-0.4595
-0.4595
-0.4595
-0.4595
-0.4595
-0.4595
-0.4595
-0.4595
-0.4595
-0.4595
-0.4595
-0.4595
-0.4595
-0.4595
-0.4595
-0.4595
-0.4595
-0.4595
-0.4595
-0.4595
-0.4595
-0.4595
-0.4595
-0.4595
-0.4595
-0.4595
-0.4595
-0.4595
-0.4595
-0.4595
-0.4595
-0.4595
-0.4595
-0.4595
-0.4595
-0.4595
-0.4595
-0.4595
-0.4595
-0.4595
-0.4595
-0.4595
-0.4595
-0.4595
-0.4595
-0.4595
-0.4595
-0.4595
-0.4595
-0.4595
-0.4595
-0.4595
-0.4595
-0.4595
-0.4595
-0.4595
-0.4595
-0.4595
-0.4595
-0.4595
-0.4595
-0.4595
-0.4595
-0.4595
-0.4595
-0.4595
-0.4595
-0.4595
-0.4595
-0.4595
-0.4595
-0.4595
-0.4595
-0.4595
-0.4595
-0.4595
-0.4595
-0.4595
-0.4595
-0.4595
-0.4595
-0.4595
-0.4595
-0.4595
-0.4595
-0.4595
-0.4595
-0.4595
-0.4595
-0.4595
-0.4595
-0.4595
-0.4595
-0.4595
-0.4595
-0.4595
-0.4595
-0.4595
-0.4595
-0.4595
-0.4595
-0.4595
-0.4595
-0.4595
-0.4595
-0.4595
-0.4595
-0.4595
-0.4595
-0.4595
-0.4595
-0.4595
-0.4595
-0.4595
-0.4595
-0.4595
-0.4595
-0.4595
-0.4595
-0.4595
-0.4595
-0.4595
-0.4595
-0.4595
-0.4595
-0.4595
-0.4595
-0.4595
-0.4595
-0.4595
-0.4595
-0.4595
-0.4595
-0.4595
-0.4595
-0.4595
-0.4595
-0.4595
-0.4595
-0.4595
-0.4595
-0.4595
-0.4595
-0.4595
-0.4595
-0.4595
-0.4595
-0.4595
-0.4595
-0.4595
-0.4595
-0.4595
-0.4595
-0.4595
-0.4595
-0.4595
-0.4595
-0.4595
-0.4595
-0.4595
-0.4595
-0.4595
-0.4595
-0.4595
-0.4595
-0.4595
-0.4595
-0.4595
-0.4595
-0.4595
-0.4595
-0.4595
-0.4595
-0.4595
-0.4595
-0.4595
-0.4595
-0.4595
-0.4595
-0.4595
-0.4595
-0.4595
-0.4595
-0.4595
-0.4595
-0.4595
-0.4595
-0.4595
-0.4595
-0.4595
-0.4595
-0.4595
-0.4595
-0.4595
-0.4595
-0.4595
-0.4595
-0.4595
-0.4595
-0.4595
-0.4595
-0.4595
-0.4595
-0.4595
-0.4595
-0.4595
-0.4595
-0.4595
-0.4595
-0.4595
-0.4595
-0.4595
-0.4595
-0.4595
-0.4595
-0.4595
-0.4595
-0.4595
-0.4595
-0.4595
-0.4595
-0.4595
-0.4595
-0.4595
-0.4595
-0.4595
-0.4595
-0.4595
-0.4595
-0.4595
-0.4595
-0.4595
-0.4595
-0.4595
-0.4595
-0.4595
-0.4595
-0.4595
-0.4595
-0.4595
-0.4595
-0.4595
-0.4595
-0.4595
-0.4595
-0.4595
-0.4595
-0.4595
-0.4595
-0.4595
-0.4595
-0.4595
-0.4595
-0.4595
-0.4595
-0.4595
-0.4595
-0.4595
-0.4595
-0.4595
-0.4595
-0.4595
-0.4595
-0.4595
-0.4595
-0.4595
-0.4595
-0.4595
-0.4595
-0.4595
-0.4595
-0.4595
-0.4595
-0.4595
-0.4595
-0.4595
-0.4595
-0.4595
-0.4595
-0.4595
-0.4595
-0.4595
-0.4595
-0.4595
-0.4595
-0.4595
-0.4595
-0.4595
-0.4595
-0.4595
-0.4595
-0.4595
-0.4595
-0.4595
-0.4595
-0.4595
-0.4595
-0.4595
-0.4595
-0.4595
-0.4595
-0.4595
-0.4595
-0.4595
-0.4595
-0.4595
-0.4595
-0.4595
-0.4595
-0.4595
-0.4595
-0.4595
-0.4595
-0.4595
-0.4595
-0.4595
-0.4595
-0.4595
-0.4595
-0.4595
-0.4595
-0.4595
-0.4595
-0.4595
-0.4595
-0.4595
-0.4595
-0.4595
-0.4595
-0.4595
-0.4595
-0.4595
-0.4595
-0.4595
-0.4595
-0.4595
-0.4595
-0.4595
-0.4595
-0.4595
-0.4595
-0.4595
-0.4595
-0.4595
-0.4595
-0.4595
-0.4595
-0.4595
-0.4595
-0.4595
-0.4595
-0.4595
-0.4595
-0.4595
-0.4595
-0.4595
-0.4595
-0.4595
-0.4595
-0.4595
-0.4595
-0.4595
-0.4595
-0.4595
-0.4595
-0.4595
-0.4595
-0.4595
-0.4595
-0.4595
-0.4595
-0.4595
-0.4595
-0.4595
-0.4595
-0.4595
-0.4595
-0.4595
-0.4595
-0.4595
-0.4595
-0.4595
-0.4595
-0.4595
-0.4595
-0.4595
-0.4595
-0.4595
-0.4595
-0.4595
-0.4595
-0.4595
-0.4595
-0.4595
-0.4594
-0.4594
-0.4594
-0.4594
-0.4594
-0.4594
-0.4594
-0.4594
-0.4594
-0.4594
-0.4594
-0.4594
-0.4594
-0.4594
-0.4594
-0.4594
-0.4594
-0.4594
-0.4594
-0.4594
-0.4594
-0.4594
-0.4594
-0.4594
-0.4594
-0.4594
-0.4594
-0.4594
-0.4594
-0.4594
-0.4594
-0.4594
-0.4594
-0.4594
-0.4594
-0.4594
-0.4594
-0.4594
-0.4594
-0.4594
-0.4594
-0.4594
-0.4594
-0.4594
-0.4594
-0.4594
-0.4594
-0.4594
-0.4594
-0.4594
-0.4594
-0.4594
-0.4594
-0.4594
-0.4594
-0.4594
-0.4594
-0.4594
-0.4594
-0.4594
-0.4594
-0.4594
-0.4594
-0.4594
-0.4594
-0.4594
-0.4594
-0.4594
-0.4594
-0.4594
-0.4594
-0.4594
-0.4594
-0.4594
-0.4594
-0.4594
-0.4594
-0.4594
-0.4594
-0.4594
-0.4594
-0.4594
-0.4594
-0.4594
-0.4594
-0.4594
-0.4594
-0.4594
-0.4594
-0.4594
-0.4594
-0.4594
-0.4594
-0.4594
-0.4594
-0.4594
-0.4594
-0.4594
-0.4594
-0.4594
-0.4594
-0.4594
-0.4594
-0.4594
-0.4594
-0.4594
-0.4594
-0.4594
-0.4594
-0.4594
-0.4594
-0.4594
-0.4594
-0.4594
-0.4594
-0.4594
-0.4594
-0.4594
-0.4594
-0.4594
-0.4594
-0.4594
-0.4594
-0.4594
-0.4594
-0.4594
-0.4594
-0.4594
-0.4594
-0.4594
-0.4594
-0.4594
-0.4594
-0.4594
-0.4594
-0.4594
-0.4594
-0.4594
-0.4594
-0.4594
-0.4594
-0.4594
-0.4594
-0.4594
-0.4594
-0.4594
-0.4594
-0.4594
-0.4594
-0.4594
-0.4594
-0.4594
-0.4594
-0.4594
-0.4594
-0.4594
-0.4594
-0.4594
-0.4594
-0.4594
-0.4594
-0.4594
-0.4594
-0.4594
-0.4594
-0.4594
-0.4594
-0.4594
-0.4594
-0.4594
-0.4594
-0.4594
-0.4594
-0.4594
-0.4594
-0.4594
-0.4594
-0.4594
-0.4594
-0.4594
-0.4594
-0.4594
-0.4594
-0.4594
-0.4594
-0.4594
-0.4594
-0.4594
-0.4594
-0.4594
-0.4594
-0.4594
-0.4594
-0.4594
-0.4594
-0.4594
-0.4594
-0.4594
-0.4594
-0.4594
-0.4594
-0.4594
-0.4594
-0.4594
-0.4594
-0.4594
-0.4594
-0.4594
-0.4594
-0.4594
-0.4594
-0.4594
-0.4594
-0.4594
-0.4594
-0.4594
-0.4594
-0.4594
-0.4594
-0.4594
-0.4594
-0.4594
-0.4594
-0.4594
-0.4594
-0.4594
-0.4594
-0.4594
-0.4594
-0.4594
-0.4594
-0.4594
-0.4594
-0.4594
-0.4594
-0.4594
-0.4594
-0.4594
-0.4594
-0.4594
-0.4594
-0.4594
-0.4594
-0.4594
-0.4594
-0.4594
-0.4594
-0.4594
-0.4594
-0.4594
-0.4593
-0.4593
-0.4593
-0.4593
-0.4593
-0.4593
-0.4593
-0.4593
-0.4593
-0.4593
-0.4593
-0.4593
-0.4593
-0.4593
-0.4593
-0.4593
-0.4593
-0.4593
-0.4593
-0.4593
-0.4593
-0.4593
-0.4593
-0.4593
-0.4593
-0.4593
-0.4593
-0.4593
-0.4593
-0.4593
-0.4593
-0.4593
-0.4593
-0.4593
-0.4593
-0.4593
-0.4593
-0.4593
-0.4593
-0.4593
-0.4593
-0.4593
-0.4593
-0.4593
-0.4593
-0.4593
-0.4593
-0.4593
-0.4593
-0.4593
-0.4593
-0.4593
-0.4593
-0.4593
-0.4593
-0.4593
-0.4593
-0.4593
-0.4593
-0.4593
-0.4593
-0.4593
-0.4593
-0.4593
-0.4593
-0.4593
-0.4593
-0.4593
-0.4593
-0.4593
-0.4593
-0.4593
-0.4593
-0.4593
-0.4593
-0.4593
-0.4593
-0.4593
-0.4593
-0.4593
-0.4593
-0.4593
-0.4593
-0.4593
-0.4593
-0.4593
-0.4593
-0.4593
-0.4593
-0.4593
-0.4593
-0.4593
-0.4593
-0.4593
-0.4593
-0.4593
-0.4593
-0.4593
-0.4593
-0.4593
-0.4593
-0.4593
-0.4593
-0.4593
-0.4593
-0.4593
-0.4593
-0.4593
-0.4593
-0.4593
-0.4593
-0.4593
-0.4593
-0.4593
-0.4593
-0.4593
-0.4593
-0.4593
-0.4593
-0.4593
-0.4593
-0.4593
-0.4593
-0.4593
-0.4593
-0.4593
-0.4593
-0.4593
-0.4593
-0.4593
-0.4593
-0.4593
-0.4593
-0.4593
-0.4593
-0.4593
-0.4593
-0.4593
-0.4593
-0.4593
-0.4593
-0.4593
-0.4593
-0.4593
-0.4593
-0.4593
-0.4593
-0.4593
-0.4593
-0.4593
-0.4593
-0.4593
-0.4593
-0.4593
-0.4593
-0.4593
-0.4593
-0.4593
-0.4593
-0.4593
-0.4593
-0.4593
-0.4593
-0.4593
-0.4593
-0.4593
-0.4593
-0.4593
-0.4593
-0.4593
-0.4593
-0.4593
-0.4593
-0.4593
-0.4593
-0.4593
-0.4593
-0.4593
-0.4593
-0.4593
-0.4593
-0.4593
-0.4593
-0.4593
-0.4593
-0.4593
-0.4593
-0.4593
-0.4593
-0.4593
-0.4593
-0.4593
-0.4593
-0.4593
-0.4593
-0.4593
-0.4593
-0.4593
-0.4593
-0.4593
-0.4593
-0.4593
-0.4593
-0.4593
-0.4593
-0.4593
-0.4593
-0.4593
-0.4593
-0.4593
-0.4593
-0.4593
-0.4593
-0.4593
-0.4593
-0.4593
-0.4593
-0.4593
-0.4593
-0.4593
-0.4593
-0.4593
-0.4593
-0.4593
-0.4593
-0.4593
-0.4593
-0.4593
-0.4593
-0.4593
-0.4593
-0.4593
-0.4593
-0.4593
-0.4593
-0.4593
-0.4593
-0.4593
-0.4593
-0.4592
-0.4592
-0.4592
-0.4592
-0.4592
-0.4592
-0.4592
-0.4592
-0.4592
-0.4592
-0.4592
-0.4592
-0.4592
-0.4592
-0.4592
-0.4592
-0.4592
-0.4592
-0.4592
-0.4592
-0.4592
-0.4592
-0.4592
-0.4592
-0.4592
-0.4592
-0.4592
-0.4592
-0.4592
-0.4592
-0.4592
-0.4592
-0.4592
-0.4592
-0.4592
-0.4592
-0.4592
-0.4592
-0.4592
-0.4592
-0.4592
-0.4592
-0.4592
-0.4592
-0.4592
-0.4592
-0.4592
-0.4592
-0.4592
-0.4592
-0.4592
-0.4592
-0.4592
-0.4592
-0.4592
-0.4592
-0.4592
-0.4592
-0.4592
-0.4592
-0.4592
-0.4592
-0.4592
-0.4592
-0.4592
-0.4592
-0.4592
-0.4592
-0.4592
-0.4592
-0.4592
-0.4592
-0.4592
-0.4592
-0.4592
-0.4592
-0.4592
-0.4592
-0.4592
-0.4592
-0.4592
-0.4592
-0.4592
-0.4592
-0.4592
-0.4592
-0.4592
-0.4592
-0.4592
-0.4592
-0.4592
-0.4592
-0.4592
-0.4592
-0.4592
-0.4592
-0.4592
-0.4592
-0.4592
-0.4592
-0.4592
-0.4592
-0.4592
-0.4592
-0.4592
-0.4592
-0.4592
-0.4592
-0.4592
-0.4592
-0.4592
-0.4592
-0.4592
-0.4592
-0.4592
-0.4592
-0.4592
-0.4592
-0.4592
-0.4592
-0.4592
-0.4592
-0.4592
-0.4592
-0.4592
-0.4592
-0.4592
-0.4592
-0.4592
-0.4592
-0.4592
-0.4592
-0.4592
-0.4592
-0.4592
-0.4592
-0.4592
-0.4592
-0.4592
-0.4592
-0.4592
-0.4592
-0.4592
-0.4592
-0.4592
-0.4592
-0.4592
-0.4592
-0.4592
-0.4592
-0.4592
-0.4592
-0.4592
-0.4592
-0.4592
-0.4592
-0.4592
-0.4592
-0.4592
-0.4592
-0.4592
-0.4592
-0.4592
-0.4592
-0.4592
-0.4592
-0.4592
-0.4592
-0.4592
-0.4592
-0.4592
-0.4592
-0.4592
-0.4592
-0.4592
-0.4592
-0.4592
-0.4592
-0.4592
-0.4592
-0.4592
-0.4592
-0.4592
-0.4592
-0.4592
-0.4592
-0.4592
-0.4592
-0.4592
-0.4592
-0.4592
-0.4592
-0.4592
-0.4592
-0.4592
-0.4592
-0.4592
-0.4592
-0.4592
-0.4592
-0.4592
-0.4592
-0.4592
-0.4592
-0.4592
-0.4592
-0.4592
-0.4592
-0.4592
-0.4592
-0.4592
-0.4592
-0.4592
-0.4592
-0.4592
-0.4592
-0.4592
-0.4592
-0.4592
-0.4592
-0.4592
-0.4592
-0.4592
-0.4592
-0.4592
-0.4592
-0.4592
-0.4592
-0.4592
-0.4592
-0.4592
-0.4592
-0.4592
-0.4592
-0.4592
-0.4592
-0.4592
-0.4592
-0.4592
-0.4592
-0.4592
-0.4592
-0.4592
-0.4592
-0.4592
-0.4592
-0.4592
-0.4592
-0.4592
-0.4592
-0.4592
-0.4592
-0.4592
-0.4592
-0.4592
-0.4592
-0.4592
-0.4592
-0.4592
-0.4592
-0.4592
-0.4592
-0.4592
-0.4592
-0.4592
-0.4592
-0.4592
-0.4592
-0.4592
-0.4592
-0.4592
-0.4592
-0.4592
-0.4592
-0.4592
-0.4592
-0.4592
-0.4592
-0.4592
-0.4592
-0.4592
-0.4592
-0.4592
-0.4592
-0.4592
-0.4592
-0.4592
-0.4592
-0.4592
-0.4592
-0.4592
-0.4592
-0.4592
-0.4592
-0.4592
-0.4592
-0.4592
-0.4592
-0.4592
-0.4592
-0.4592
-0.4592
-0.4592
-0.4592
-0.4592
-0.4592
-0.4592
-0.4592
-0.4592
-0.4592
-0.4592
-0.4592
-0.4592
-0.4592
-0.4592
-0.4592
-0.4592
-0.4592
-0.4592
-0.4592
-0.4592
-0.4592
-0.4592
-0.4592
-0.4592
-0.4592
-0.4592
-0.4592
-0.4592
-0.4592
-0.4592
-0.4592
-0.4592
-0.4592
-0.4592
-0.4592
-0.4592
-0.4592
-0.4592
-0.4592
-0.4592
-0.4592
-0.4592
-0.4592
-0.4592
-0.4592
-0.4592
-0.4592
-0.4592
-0.4592
-0.4592
-0.4592
-0.4592
-0.4592
-0.4592
-0.4592
-0.4592
-0.4592
-0.4592
-0.4592
-0.4592
-0.4592
-0.4592
-0.4592
-0.4592
-0.4592
-0.4592
-0.4592
-0.4592
-0.4592
-0.4592
-0.4592
-0.4592
-0.4592
-0.4592
-0.4592
-0.4592
-0.4593
-0.4593
-0.4593
-0.4593
-0.4593
-0.4593
-0.4593
-0.4593
-0.4593
-0.4593
-0.4593
-0.4593
-0.4593
-0.4593
-0.4593
-0.4593
-0.4593
-0.4593
-0.4593
-0.4593
-0.4593
-0.4593
-0.4593
-0.4593
-0.4593
-0.4593
-0.4593
-0.4593
-0.4593
-0.4593
-0.4593
-0.4593
-0.4593
-0.4593
-0.4593
-0.4593
-0.4593
-0.4593
-0.4593
-0.4593
-0.4593
-0.4593
-0.4593
-0.4593
-0.4593
-0.4593
-0.4593
-0.4593
-0.4593
-0.4593
-0.4593
-0.4593
-0.4593
-0.4593
-0.4593
-0.4593
-0.4593
-0.4593
-0.4593
-0.4593
-0.4593
-0.4593
-0.4593
-0.4593
-0.4593
-0.4593
-0.4593
-0.4593
-0.4593
-0.4593
-0.4593
-0.4593
-0.4593
-0.4593
-0.4593
-0.4593
-0.4593
-0.4593
-0.4593
-0.4593
-0.4593
-0.4593
-0.4593
-0.4593
-0.4593
-0.4593
-0.4593
-0.4593
-0.4593
-0.4593
-0.4593
-0.4593
-0.4593
-0.4593
-0.4593
-0.4593
-0.4593
-0.4593
-0.4593
-0.4593
-0.4593
-0.4593
-0.4593
-0.4593
-0.4593
-0.4593
-0.4593
-0.4593
-0.4593
-0.4593
-0.4593
-0.4593
-0.4593
-0.4593
-0.4593
-0.4593
-0.4593
-0.4593
-0.4593
-0.4593
-0.4593
-0.4593
-0.4593
-0.4593
-0.4593
-0.4593
-0.4593
-0.4593
-0.4593
-0.4593
-0.4593
-0.4593
-0.4593
-0.4593
-0.4593
-0.4593
-0.4593
-0.4593
-0.4593
-0.4593
-0.4593
-0.4593
-0.4593
-0.4593
-0.4593
-0.4593
-0.4593
-0.4593
-0.4593
-0.4593
-0.4593
-0.4593
-0.4593
-0.4593
-0.4593
-0.4593
-0.4593
-0.4593
-0.4593
-0.4593
-0.4593
-0.4593
-0.4593
-0.4593
-0.4593
-0.4593
-0.4593
-0.4593
-0.4593
-0.4593
-0.4593
-0.4593
-0.4593
-0.4593
-0.4593
-0.4593
-0.4593
-0.4593
-0.4593
-0.4593
-0.4593
-0.4593
-0.4593
-0.4593
-0.4593
-0.4593
-0.4593
-0.4593
-0.4593
-0.4593
-0.4593
-0.4593
-0.4593
-0.4593
-0.4593
-0.4593
-0.4593
-0.4593
-0.4593
-0.4593
-0.4593
-0.4593
-0.4593
-0.4593
-0.4593
-0.4593
-0.4593
-0.4593
-0.4593
-0.4593
-0.4593
-0.4593
-0.4593
-0.4593
-0.4593
-0.4593
-0.4593
-0.4593
-0.4593
-0.4593
-0.4593
-0.4593
-0.4593
-0.4593
-0.4593
-0.4593
-0.4593
-0.4593
-0.4593
-0.4593
-0.4593
-0.4593
-0.4593
-0.4593
-0.4593
-0.4593
-0.4593
-0.4593
-0.4593
-0.4593
-0.4593
-0.4593
-0.4593
-0.4593
-0.4593
-0.4593
-0.4593
-0.4593
-0.4593
-0.4593
-0.4593
-0.4593
-0.4593
-0.4593
-0.4593
-0.4593
-0.4593
-0.4593
-0.4593
-0.4593
-0.4593
-0.4593
-0.4593
-0.4593
-0.4593
-0.4593
-0.4593
-0.4593
-0.4593
-0.4593
-0.4593
-0.4593
-0.4593
-0.4593
-0.4593
-0.4593
-0.4593
-0.4593
-0.4593
-0.4593
-0.4593
-0.4593
-0.4592
-0.4592
-0.4592
-0.4592
-0.4592
-0.4592
-0.4592
-0.4592
-0.4592
-0.4592
-0.4592
-0.4592
-0.4592
-0.4592
-0.4592
-0.4592
-0.4592
-0.4592
-0.4592
-0.4593
-0.4593
-0.4593
-0.4592
-0.4592
-0.4592
-0.4592
-0.4592
-0.4592
-0.4592
-0.4592
-0.4592
-0.4592
-0.4593
-0.4593
-0.4593
-0.4592
-0.4592
-0.4592
-0.4592
-0.4592
-0.4592
-0.4592
-0.4592
-0.4592
-0.4592
-0.4592
-0.4592
-0.4592
-0.4592
-0.4592
-0.4592
-0.4592
-0.4592
-0.4592
-0.4592
-0.4592
-0.4592
-0.4592
-0.4593
-0.4592
-0.4592
-0.4592
-0.4593
-0.4593
-0.4592
-0.4592
-0.4592
-0.4592
-0.4593
-0.4592
-0.4592
-0.4592
-0.4592
-0.4592
-0.4592
-0.4592
-0.4592
-0.4593
-0.4593
-0.4593
-0.4593
-0.4593
-0.4593
-0.4593
-0.4593
-0.4593
-0.4593
-0.4593
-0.4593
-0.4593
-0.4593
-0.4593
-0.4592
-0.4592
-0.4592
-0.4592
-0.4592
-0.4592
-0.4592
-0.4592
-0.4592
-0.4592
-0.4592
-0.4592
-0.4592
-0.4592
-0.4592
-0.4592
-0.4592
-0.4592
-0.4592
-0.4593
-0.4592
-0.4592
-0.4592
-0.4592
-0.4592
-0.4592
-0.4592
-0.4592
-0.4592
-0.4592
-0.4592
-0.4592
-0.4592
-0.4592
-0.4592
-0.4592
-0.4592
-0.4592
-0.4592
-0.4592
-0.4592
-0.4592
-0.4592
-0.4592
-0.4592
-0.4592
-0.4592
-0.4592
-0.4592
-0.4592
-0.4592
-0.4592
-0.4592
-0.4592
-0.4592
-0.4592
-0.4592
-0.4592
-0.4592
-0.4592
-0.4592
-0.4592
-0.4592
-0.4592
-0.4592
-0.4592
-0.4592
-0.4592
-0.4592
-0.4592
-0.4592
-0.4592
-0.4592
-0.4592
-0.4592
-0.4592
-0.4592
-0.4592
-0.4592
-0.4592
-0.4592
-0.4592
-0.4592
-0.4592
-0.4592
-0.4592
-0.4592
-0.4592
-0.4592
-0.4592
-0.4592
-0.4592
-0.4593
-0.4592
-0.4592
-0.4593
-0.4592
-0.4592
-0.4592
-0.4592
-0.4592
-0.4592
-0.4592
-0.4592
-0.4592
-0.4592
-0.4592
-0.4592
-0.4592
-0.4592
-0.4592
-0.4592
-0.4592
-0.4592
-0.4592
-0.4592
-0.4592
-0.4592
-0.4592
-0.4592
-0.4592
-0.4592
-0.4592
-0.4592
-0.4592
-0.4592
-0.4592
-0.4593
-0.4592
-0.4592
-0.4592
-0.4592
-0.4592
-0.4592
-0.4592
-0.4592
-0.4592
-0.4592
-0.4592
-0.4592
-0.4592
-0.4592
-0.4592
-0.4592
-0.4592
-0.4592
-0.4592
-0.4592
-0.4592
-0.4592
-0.4592
-0.4592
-0.4592
-0.4592
-0.4592
-0.4592
-0.4592
-0.4592
-0.4592
-0.4592
-0.4592
-0.4592
-0.4592
-0.4592
-0.4592
-0.4592
-0.4592
-0.4592
-0.4592
-0.4592
-0.4592
-0.4592
-0.4592
-0.4592
-0.4592
-0.4592
-0.4592
-0.4592
-0.4592
-0.4592
-0.4592
-0.4592
-0.4592
-0.4592
-0.4592
-0.4592
-0.4592
-0.4592
-0.4592
-0.4592
-0.4592
-0.4592
-0.4592
-0.4592
-0.4592
-0.4592
-0.4592
-0.4592
-0.4592
-0.4592
-0.4592
-0.4592
-0.4592
-0.4592
-0.4592
-0.4592
-0.4592
-0.4592
-0.4592
-0.4592
-0.4592
-0.4592
-0.4592
-0.4592
-0.4592
-0.4592
-0.4592
-0.4592
-0.4592
-0.4592
-0.4592
-0.4592
-0.4592
-0.4592
-0.4592
-0.4592
-0.4592
-0.4592
-0.4592
-0.4592
-0.4592
-0.4592
-0.4592
-0.4592
-0.4592
-0.4592
-0.4592
-0.4592
-0.4592
-0.4592
-0.4592
-0.4592
-0.4592
-0.4592
-0.4592
-0.4592
-0.4592
-0.4592
-0.4592
-0.4592
-0.4592
-0.4592
-0.4592
-0.4592
-0.4592
-0.4592
-0.4592
-0.4592
-0.4592
-0.4592
-0.4592
-0.4592
-0.4592
-0.4592
-0.4592
-0.4592
-0.4592
-0.4592
-0.4592
-0.4592
-0.4592
-0.4592
-0.4592
-0.4592
-0.4592
-0.4592
-0.4592
-0.4592
-0.4592
-0.4592
-0.4592
-0.4592
-0.4592
-0.4592
-0.4592
-0.4592
-0.4592
-0.4592
-0.4592
-0.4592
-0.4592
-0.4592
-0.4592
-0.4592
-0.4592
-0.4592
-0.4592
-0.4592
-0.4592
-0.4592
-0.4592
-0.4592
-0.4592
-0.4592
-0.4592
-0.4592
-0.4592
-0.4592
-0.4592
-0.4592
-0.4592
-0.4592
-0.4592
-0.4592
-0.4592
-0.4592
-0.4592
-0.4592
-0.4592
-0.4592
-0.4592
-0.4592
-0.4592
-0.4592
-0.4592
-0.4592
-0.4592
-0.4592
-0.4592
-0.4592
-0.4592
-0.4592
-0.4592
-0.4592
-0.4592
-0.4592
-0.4592
-0.4592
-0.4592
-0.4592
-0.4592
-0.4592
-0.4592
-0.4592
-0.4592
-0.4592
-0.4592
-0.4592
-0.4592
-0.4592
-0.4592
-0.4592
-0.4592
-0.4592
-0.4592
-0.4592
-0.4592
-0.4592
-0.4592
-0.4592
-0.4592
-0.4592
-0.4592
-0.4592
-0.4592
-0.4592
-0.4592
-0.4592
-0.4592
-0.4592
-0.4592
-0.4592
-0.4592
-0.4592
-0.4592
-0.4592
-0.4592
-0.4592
-0.4592
-0.4592
-0.4592
-0.4592
-0.4592
-0.4592
-0.4592
-0.4592
-0.4592
-0.4592
-0.4592
-0.4592
-0.4592
-0.4592
-0.4592
-0.4592
-0.4592
-0.4592
-0.4592
-0.4592
-0.4592
-0.4592
-0.4592
-0.4592
-0.4592
-0.4592
-0.4592
-0.4592
-0.4592
-0.4592
-0.4592
-0.4592
-0.4592
-0.4592
-0.4592
-0.4592
-0.4592
-0.4592
-0.4592
-0.4592
-0.4592
-0.4592
-0.4592
-0.4592
-0.4592
-0.4592
-0.4592
-0.4592
-0.4592
-0.4592
-0.4592
-0.4592
-0.4592
-0.4592
-0.4592
-0.4592
-0.4592
-0.4592
-0.4592
-0.4592
-0.4592
-0.4592
-0.4592
-0.4592
-0.4592
-0.4592
-0.4592
-0.4592
-0.4592
-0.4592
-0.4592
-0.4592
-0.4592
-0.4592
-0.4592
-0.4592
-0.4592
-0.4592
-0.4592
-0.4592
-0.4592
-0.4593
-0.4593
-0.4593
-0.4593
-0.4593
-0.4593
-0.4593
-0.4593
-0.4593
-0.4593
-0.4593
-0.4593
-0.4593
-0.4593
-0.4593
-0.4593
-0.4593
-0.4593
-0.4593
-0.4593
-0.4593
-0.4593
-0.4593
-0.4593
-0.4593
-0.4593
-0.4593
-0.4593
-0.4593
-0.4593
-0.4593
-0.4593
-0.4593
-0.4593
-0.4593
-0.4593
-0.4593
-0.4593
-0.4593
-0.4593
-0.4593
-0.4593
-0.4593
-0.4593
-0.4593
-0.4593
-0.4593
-0.4593
-0.4593
-0.4593
-0.4593
-0.4593
-0.4593
-0.4593
-0.4593
-0.4593
-0.4593
-0.4593
-0.4593
-0.4593
-0.4593
-0.4593
-0.4593
-0.4593
-0.4593
-0.4593
-0.4593
-0.4593
-0.4593
-0.4593
-0.4593
-0.4593
-0.4593
-0.4593
-0.4593
-0.4593
-0.4593
-0.4593
-0.4593
-0.4593
-0.4593
-0.4593
-0.4593
-0.4593
-0.4593
-0.4593
-0.4593
-0.4593
-0.4593
-0.4593
-0.4593
-0.4593
-0.4593
-0.4593
-0.4593
-0.4593
-0.4593
-0.4593
-0.4593
-0.4593
-0.4593
-0.4593
-0.4592
-0.4593
-0.4592
-0.4592
-0.4593
-0.4592
-0.4592
-0.4592
-0.4593
-0.4592
-0.4592
-0.4592
-0.4592
-0.4592
-0.4592
-0.4592
-0.4592
-0.4592
-0.4592
-0.4592
-0.4592
-0.4592
-0.4592
-0.4592
-0.4592
-0.4592
-0.4592
-0.4592
-0.4592
-0.4592
-0.4592
-0.4592
-0.4592
-0.4592
-0.4592
-0.4592
-0.4592
-0.4592
-0.4592
-0.4592
-0.4592
-0.4592
-0.4592
-0.4592
-0.4592
-0.4592
-0.4592
-0.4592
-0.4592
-0.4592
-0.4592
-0.4593
-0.4593
-0.4593
-0.4593
-0.4593
-0.4593
-0.4593
-0.4593
-0.4593
-0.4593
-0.4593
-0.4593
-0.4593
-0.4593
-0.4592
-0.4592
-0.4592
-0.4592
-0.4593
-0.4592
-0.4592
-0.4592
-0.4592
-0.4592
-0.4592
-0.4592
-0.4592
-0.4592
-0.4592
-0.4592
-0.4592
-0.4592
-0.4592
-0.4592
-0.4592
-0.4592
-0.4592
-0.4592
-0.4592
-0.4592
-0.4592
-0.4592
-0.4592
-0.4592
-0.4592
-0.4592
-0.4592
-0.4592
-0.4592
-0.4592
-0.4592
-0.4592
-0.4592
-0.4592
-0.4592
-0.4592
-0.4592
-0.4592
-0.4592
-0.4592
-0.4592
-0.4592
-0.4592
-0.4592
-0.4592
-0.4592
-0.4592
-0.4592
-0.4592
-0.4592
-0.4592
-0.4592
-0.4592
-0.4592
-0.4592
-0.4592
-0.4592
-0.4593
-0.4593
-0.4592
-0.4592
-0.4592
-0.4592
-0.4592
-0.4592
-0.4592
-0.4592
-0.4592
-0.4592
-0.4592
-0.4592
-0.4592
-0.4592
-0.4593
-0.4593
-0.4592
-0.4593
-0.4593
-0.4593
-0.4593
-0.4593
-0.4593
-0.4593
-0.4593
-0.4593
-0.4593
-0.4593
-0.4593
-0.4593
-0.4593
-0.4593
-0.4593
-0.4593
-0.4593
-0.4593
-0.4593
-0.4593
-0.4593
-0.4593
-0.4593
-0.4593
-0.4593
-0.4593
-0.4593
-0.4593
-0.4593
-0.4593
-0.4593
-0.4593
-0.4593
-0.4593
-0.4593
-0.4593
-0.4593
-0.4593
-0.4593
-0.4593
-0.4593
-0.4593
-0.4593
-0.4593
-0.4593
-0.4593
-0.4593
-0.4593
-0.4593
-0.4593
-0.4593
-0.4593
-0.4593
-0.4593
-0.4593
-0.4593
-0.4593
-0.4593
-0.4593
-0.4593
-0.4593
-0.4593
-0.4593
-0.4593
-0.4593
-0.4593
-0.4593
-0.4593
-0.4593
-0.4593
-0.4593
-0.4593
-0.4593
-0.4593
-0.4593
-0.4593
-0.4593
-0.4593
-0.4593
-0.4593
-0.4593
-0.4593
-0.4593
-0.4593
-0.4593
-0.4593
-0.4593
-0.4592
-0.4592
-0.4592
-0.4592
-0.4592
-0.4592
-0.4592
-0.4592
-0.4592
-0.4592
-0.4592
-0.4592
-0.4592
-0.4592
-0.4592
-0.4592
-0.4592
-0.4592
-0.4592
-0.4592
-0.4592
-0.4592
-0.4592
-0.4592
-0.4592
-0.4592
-0.4592
-0.4592
-0.4592
-0.4592
-0.4592
-0.4592
-0.4592
-0.4592
-0.4592
-0.4592
-0.4592
-0.4592
-0.4592
-0.4592
-0.4592
-0.4592
-0.4592
-0.4592
-0.4592
-0.4592
-0.4592
-0.4592
-0.4592
-0.4592
-0.4592
-0.4592
-0.4592
-0.4592
-0.4592
-0.4592
-0.4592
-0.4592
-0.4592
-0.4592
-0.4592
-0.4592
-0.4592
-0.4592
-0.4592
-0.4592
-0.4592
-0.4592
-0.4592
-0.4592
-0.4592
-0.4592
-0.4592
-0.4592
-0.4592
-0.4592
-0.4592
-0.4592
-0.4592
-0.4592
-0.4592
-0.4592
-0.4592
-0.4592
-0.4592
-0.4592
-0.4592
-0.4592
-0.4592
-0.4592
-0.4592
-0.4592
-0.4592
-0.4592
-0.4592
-0.4592
-0.4592
-0.4592
-0.4592
-0.4592
-0.4592
-0.4592
-0.4592
-0.4592
-0.4592
-0.4592
-0.4592
-0.4592
-0.4592
-0.4592
-0.4592
-0.4592
-0.4592
-0.4592
-0.4592
-0.4592
-0.4592
-0.4592
-0.4592
-0.4592
-0.4592
-0.4592
-0.4592
-0.4592
-0.4592
-0.4592
-0.4592
-0.4592
-0.4592
-0.4592
-0.4592
-0.4592
-0.4592
-0.4592
-0.4592
-0.4592
-0.4592
-0.4592
-0.4592
-0.4592
-0.4592
-0.4592
-0.4592
-0.4592
-0.4592
-0.4592
-0.4592
-0.4592
-0.4592
-0.4592
-0.4592
-0.4592
-0.4592
-0.4592
-0.4592
-0.4592
-0.4592
-0.4592
-0.4592
-0.4592
-0.4592
-0.4592
-0.4592
-0.4592
-0.4592
-0.4592
-0.4592
-0.4592
-0.4592
-0.4592
-0.4592
-0.4592
-0.4592
-0.4592
-0.4592
-0.4592
-0.4592
-0.4592
-0.4592
-0.4592
-0.4592
-0.4592
-0.4592
-0.4592
-0.4592
-0.4592
-0.4592
-0.4592
-0.4592
-0.4592
-0.4592
-0.4592
-0.4592
-0.4592
-0.4592
-0.4592
-0.4592
-0.4592
-0.4592
-0.4592
-0.4592
-0.4592
-0.4592
-0.4592
-0.4592
-0.4592
-0.4592
-0.4592
-0.4592
-0.4592
-0.4592
-0.4592
-0.4592
-0.4592
-0.4592
-0.4592
-0.4592
-0.4592
-0.4592
-0.4592
-0.4592
-0.4592
-0.4592
-0.4592
-0.4592
-0.4592
-0.4592
-0.4592
-0.4592
-0.4592
-0.4592
-0.4592
-0.4592
-0.4592
-0.4592
-0.4592
-0.4592
-0.4592
-0.4592
-0.4592
-0.4592
-0.4592
-0.4592
-0.4592
-0.4592
-0.4592
-0.4592
-0.4592
-0.4592
-0.4592
-0.4592
-0.4592
-0.4592
-0.4592
-0.4592
-0.4592
-0.4592
-0.4592
-0.4592
-0.4592
-0.4592
-0.4592
-0.4592
-0.4592
-0.4592
-0.4592
-0.4592
-0.4592
-0.4592
-0.4592
-0.4592
-0.4592
-0.4592
-0.4592
-0.4592
-0.4592
-0.4592
-0.4592
-0.4592
-0.4592
-0.4592
-0.4592
-0.4592
-0.4592
-0.4592
-0.4592
-0.4592
-0.4592
-0.4592
-0.4592
-0.4592
-0.4592
-0.4592
-0.4592
-0.4592
-0.4592
-0.4592
-0.4592
-0.4592
-0.4592
-0.4592
-0.4592
-0.4592
-0.4592
-0.4592
-0.4592
-0.4592
-0.4592
-0.4592
-0.4592
-0.4592
-0.4592
-0.4592
-0.4592
-0.4592
-0.4592
-0.4592
-0.4592
-0.4592
-0.4592
-0.4592
-0.4592
-0.4592
-0.4592
-0.4592
-0.4592
-0.4592
-0.4592
-0.4592
-0.4592
-0.4592
-0.4592
-0.4592
-0.4592
-0.4592
-0.4592
-0.4592
-0.4592
-0.4592
-0.4592
-0.4592
-0.4592
-0.4592
-0.4592
-0.4592
-0.4592
-0.4592
-0.4592
-0.4592
-0.4592
-0.4592
-0.4592
-0.4592
-0.4592
-0.4592
-0.4592
-0.4592
-0.4592
-0.4592
-0.4592
-0.4592
-0.4592
-0.4592
-0.4592
-0.4592
-0.4592
-0.4592
-0.4592
-0.4592
-0.4592
-0.4592
-0.4592
-0.4592
-0.4592
-0.4592
-0.4592
-0.4592
-0.4592
-0.4592
-0.4592
-0.4592
-0.4592
-0.4592
-0.4592
-0.4592
-0.4592
-0.4592
-0.4592
-0.4592
-0.4592
-0.4592
-0.4592
-0.4592
-0.4592
-0.4592
-0.4592
-0.4592
-0.4592
-0.4592
-0.4592
-0.4592
-0.4592
-0.4592
-0.4592
-0.4592
-0.4592
-0.4592
-0.4592
-0.4592
-0.4592
-0.4592
-0.4592
-0.4592
-0.4592
-0.4592
-0.4592
-0.4592
-0.4592
-0.4592
-0.4592
-0.4592
-0.4592
-0.4592
-0.4592
-0.4592
-0.4592
-0.4592
-0.4592
-0.4592
-0.4592
-0.4592
-0.4592
-0.4592
-0.4592
-0.4592
-0.4592
-0.4592
-0.4592
-0.4592
-0.4592
-0.4592
-0.4592
-0.4592
-0.4592
-0.4592
-0.4592
-0.4592
-0.4592
-0.4592
-0.4592
-0.4592
-0.4592
-0.4592
-0.4592
-0.4592
-0.4592
-0.4592
-0.4592
-0.4592
-0.4592
-0.4592
-0.4592
-0.4592
-0.4592
-0.4592
-0.4592
-0.4592
-0.4592
-0.4592
-0.4592
-0.4592
-0.4592
-0.4592
-0.4592
-0.4592
-0.4592
-0.4592
-0.4592
-0.4592
-0.4592
-0.4592
-0.4592
-0.4592
-0.4592
-0.4592
-0.4592
-0.4592
-0.4592
-0.4592
-0.4592
-0.4592
-0.4592
-0.4592
-0.4592
-0.4592
-0.4592
-0.4592
-0.4592
-0.4592
-0.4592
-0.4592
-0.4592
-0.4592
-0.4592
-0.4592
-0.4592
-0.4592
-0.4592
-0.4592
-0.4592
-0.4592
-0.4592
-0.4592
-0.4592
-0.4592
-0.4592
-0.4592
-0.4592
-0.4592
-0.4592
-0.4592
-0.4592
-0.4592
-0.4592
-0.4592
-0.4592
-0.4592
-0.4592
-0.4592
-0.4592
-0.4592
-0.4592
-0.4592
-0.4592
-0.4592
-0.4592
-0.4592
-0.4592
-0.4592
-0.4592
-0.4592
-0.4592
-0.4592
-0.4592
-0.4592
-0.4592
-0.4592
-0.4592
-0.4592
-0.4592
-0.4592
-0.4592
-0.4592
-0.4592
-0.4592
-0.4592
-0.4592
-0.4592
-0.4592
-0.4592
-0.4592
-0.4592
-0.4592
-0.4592
-0.4592
-0.4592
-0.4592
-0.4592
-0.4592
-0.4592
-0.4592
-0.4592
-0.4592
-0.4592
-0.4592
-0.4592
-0.4592
-0.4592
-0.4592
-0.4592
-0.4592
-0.4592
-0.4592
-0.4592
-0.4592
-0.4592
-0.4592
-0.4592
-0.4592
-0.4592
-0.4592
-0.4592
-0.4592
-0.4592
-0.4592
-0.4592
-0.4592
-0.4592
-0.4592
-0.4592
-0.4592
-0.4592
-0.4592
-0.4592
-0.4592
-0.4592
-0.4592
-0.4592
-0.4592
-0.4592
-0.4592
-0.4592
-0.4592
-0.4592
-0.4592
-0.4592
-0.4592
-0.4592
-0.4592
-0.4592
-0.4592
-0.4592
-0.4592
-0.4592
-0.4592
-0.4592
-0.4592
-0.4592
-0.4592
-0.4592
-0.4592
-0.4592
-0.4592
-0.4592
-0.4592
-0.4592
-0.4592
-0.4592
-0.4592
-0.4592
-0.4592
-0.4592
-0.4592
-0.4592
-0.4592
-0.4592
-0.4592
-0.4592
-0.4592
-0.4592
-0.4592
-0.4592
-0.4592
-0.4592
-0.4592
-0.4592
-0.4592
-0.4592
-0.4592
-0.4592
-0.4592
-0.4592
-0.4592
-0.4592
-0.4592
-0.4592
-0.4592
-0.4592
-0.4592
-0.4592
-0.4592
-0.4592
-0.4592
-0.4592
-0.4592
-0.4592
-0.4592
-0.4592
-0.4592
-0.4592
-0.4592
-0.4592
-0.4592
-0.4592
-0.4592
-0.4592
-0.4592
-0.4592
-0.4592
-0.4592
-0.4592
-0.4592
-0.4592
-0.4592
-0.4592
-0.4592
-0.4592
-0.4592
-0.4592
-0.4592
-0.4592
-0.4592
-0.4592
-0.4592
-0.4592
-0.4592
-0.4592
-0.4592
-0.4592
-0.4592
-0.4592
-0.4592
-0.4592
-0.4592
-0.4592
-0.4592
-0.4592
-0.4592
-0.4592
-0.4592
-0.4592
-0.4592
-0.4592
-0.4592
-0.4592
-0.4592
-0.4592
-0.4592
-0.4592
-0.4592
-0.4592
-0.4592
-0.4592
-0.4592
-0.4592
-0.4592
-0.4592
-0.4592
-0.4592
-0.4592
-0.4592
-0.4592
-0.4592
-0.4592
-0.4592
-0.4592
-0.4592
-0.4592
-0.4592
-0.4592
-0.4592
-0.4592
-0.4592
-0.4592
-0.4592
-0.4592
-0.4592
-0.4592
-0.4592
-0.4592
-0.4592
-0.4592
-0.4592
-0.4592
-0.4592
-0.4592
-0.4592
-0.4592
-0.4592
-0.4592
-0.4592
-0.4592
-0.4592
-0.4592
-0.4592
-0.4592
-0.4592
-0.4592
-0.4592
-0.4592
-0.4592
-0.4592
-0.4592
-0.4592
-0.4592
-0.4592
-0.4592
-0.4592
-0.4592
-0.4592
-0.4592
-0.4592
-0.4592
-0.4592
-0.4592
-0.4592
-0.4592
-0.4592
-0.4592
-0.4592
-0.4592
-0.4592
-0.4592
-0.4592
-0.4592
-0.4592
-0.4592
-0.4592
-0.4592
-0.4592
-0.4592
-0.4592
-0.4592
-0.4592
-0.4592
-0.4592
-0.4592
-0.4592
-0.4592
-0.4592
-0.4592
-0.4592
-0.4592
-0.4592
-0.4592
-0.4592
-0.4592
-0.4592
-0.4592
-0.4592
-0.4592
-0.4592
-0.4592
-0.4592
-0.4592
-0.4592
-0.4592
-0.4592
-0.4592
-0.4592
-0.4592
-0.4592
-0.4592
-0.4592
-0.4592
-0.4592
-0.4592
-0.4592
-0.4592
-0.4592
-0.4592
-0.4592
-0.4592
-0.4592
-0.4592
-0.4592
-0.4592
-0.4592
-0.4592
-0.4592
-0.4592
-0.4592
-0.4592
-0.4592
-0.4592
-0.4592
-0.4592
-0.4592
-0.4592
-0.4592
-0.4592
-0.4592
-0.4592
-0.4592
-0.4592
-0.4592
-0.4592
-0.4592
-0.4592
-0.4592
-0.4592
-0.4592
-0.4592
-0.4592
-0.4592
-0.4592
-0.4592
-0.4592
-0.4592
-0.4592
-0.4592
-0.4592
-0.4592
-0.4592
-0.4592
-0.4592
-0.4592
-0.4592
-0.4592
-0.4592
-0.4592
-0.4592
-0.4592
-0.4592
-0.4592
-0.4592
-0.4592
-0.4592
-0.4592
-0.4592
-0.4592
-0.4592
-0.4592
-0.4592
-0.4592
-0.4592
-0.4592
-0.4592
-0.4592
-0.4592
-0.4592
-0.4592
-0.4592
-0.4592
-0.4592
-0.4592
-0.4592
-0.4592
-0.4592
-0.4592
-0.4592
-0.4592
-0.4592
-0.4592
-0.4592
-0.4592
-0.4592
-0.4592
-0.4592
-0.4592
-0.4592
-0.4592
-0.4592
-0.4592
-0.4592
-0.4592
-0.4592
-0.4592
-0.4592
-0.4592
-0.4592
-0.4592
-0.4592
-0.4592
-0.4592
-0.4592
-0.4592
-0.4592
-0.4592
-0.4592
-0.4592
-0.4592
-0.4592
-0.4592
-0.4592
-0.4592
-0.4592
-0.4592
-0.4592
-0.4592
-0.4592
-0.4592
-0.4592
-0.4592
-0.4592
-0.4592
-0.4592
-0.4592
-0.4592
-0.4592
-0.4592
-0.4592
-0.4592
-0.4592
-0.4592
-0.4592
-0.4592
-0.4592
-0.4592
-0.4592
-0.4592
-0.4592
-0.4592
-0.4592
-0.4592
-0.4592
-0.4592
-0.4592
-0.4592
-0.4592
-0.4592
-0.4592
-0.4592
-0.4592
-0.4592
-0.4592
-0.4592
-0.4592
-0.4592
-0.4592
-0.4592
-0.4592
-0.4592
-0.4592
-0.4592
-0.4592
-0.4592
-0.4592
-0.4592
-0.4592
-0.4592
-0.4592
-0.4592
-0.4592
-0.4592
-0.4592
-0.4592
-0.4592
-0.4592
-0.4592
-0.4592
-0.4592
-0.4592
-0.4592
-0.4592
-0.4592
-0.4592
-0.4592
-0.4592
-0.4592
-0.4592
-0.4592
-0.4592
-0.4592
-0.4592
-0.4592
-0.4592
-0.4592
-0.4592
-0.4592
-0.4592
-0.4592
-0.4592
-0.4592
-0.4592
-0.4592
-0.4592
-0.4592
-0.4592
-0.4592
-0.4592
-0.4592
-0.4592
-0.4592
-0.4592
-0.4592
-0.4592
-0.4592
-0.4592
-0.4592
-0.4592
-0.4592
-0.4592
-0.4592
-0.4592
-0.4592
-0.4592
-0.4592
-0.4592
-0.4592
-0.4592
-0.4592
-0.4592
-0.4592
-0.4592
-0.4592
-0.4592
-0.4592
-0.4592
-0.4592
-0.4592
-0.4592
-0.4592
-0.4592
-0.4592
-0.4592
-0.4592
-0.4592
-0.4592
-0.4592
-0.4592
-0.4592
-0.4592
-0.4592
-0.4592
-0.4592
-0.4592
-0.4592
-0.4592
-0.4592
-0.4592
-0.4592
-0.4592
-0.4592
-0.4592
-0.4592
-0.4592
-0.4592
-0.4592
-0.4592
-0.4592
-0.4592
-0.4592
-0.4592
-0.4592
-0.4592
-0.4592
-0.4592
-0.4592
-0.4592
-0.4592
-0.4592
-0.4592
-0.4592
-0.4592
-0.4592
-0.4592
-0.4592
-0.4592
-0.4592
-0.4592
-0.4592
-0.4592
-0.4592
-0.4592
-0.4592
-0.4592
-0.4592
-0.4592
-0.4592
-0.4592
-0.4592
-0.4592
-0.4592
-0.4592
-0.4592
-0.4592
-0.4592
-0.4592
-0.4592
-0.4592
-0.4592
-0.4592
-0.4592
-0.4592
-0.4592
-0.4592
-0.4592
-0.4592
-0.4592
-0.4592
-0.4592
-0.4592
-0.4592
-0.4592
-0.4592
-0.4592
-0.4592
-0.4592
-0.4592
-0.4592
-0.4592
-0.4592
-0.4592
-0.4592
-0.4592
-0.4592
-0.4592
-0.4592
-0.4592
-0.4592
-0.4592
-0.4592
-0.4592
-0.4592
-0.4592
-0.4592
-0.4592
-0.4592
-0.4592
-0.4592
-0.4592
-0.4592
-0.4592
-0.4592
-0.4592
-0.4592
-0.4592
-0.4592
-0.4592
-0.4592
-0.4592
-0.4592
-0.4592
-0.4592
-0.4592
-0.4592
-0.4592
-0.4592
-0.4592
-0.4592
-0.4592
-0.4592
-0.4592
-0.4592
-0.4592
-0.4592
-0.4592
-0.4592
-0.4592
-0.4592
-0.4592
-0.4592
-0.4592
-0.4592
-0.4592
-0.4592
-0.4592
-0.4592
-0.4592
-0.4592
-0.4592
-0.4592
-0.4592
-0.4592
-0.4592
-0.4592
-0.4592
-0.4592
-0.4592
-0.4592
-0.4592
-0.4592
-0.4592
-0.4592
-0.4592
-0.4592
-0.4592
-0.4592
-0.4592
-0.4592
-0.4592
-0.4592
-0.4592
-0.4592
-0.4592
-0.4592
-0.4592
-0.4592
-0.4592
-0.4592
-0.4592
-0.4592
-0.4592
-0.4592
-0.4592
-0.4592
-0.4592
-0.4592
-0.4592
-0.4592
-0.4592
-0.4592
-0.4592
-0.4592
-0.4592
-0.4592
-0.4592
-0.4592
-0.4592
-0.4592
-0.4592
-0.4592
-0.4592
-0.4592
-0.4592
-0.4592
-0.4592
-0.4592
-0.4592
-0.4592
-0.4592
-0.4592
-0.4592
-0.4592
-0.4592
-0.4592
-0.4592
-0.4592
-0.4592
-0.4592
-0.4592
-0.4592
-0.4592
-0.4592
-0.4592
-0.4592
-0.4592
-0.4592
-0.4592
-0.4592
-0.4592
-0.4592
-0.4592
-0.4592
-0.4592
-0.4592
-0.4592
-0.4592
-0.4592
-0.4592
-0.4592
-0.4592
-0.4592
-0.4592
-0.4592
-0.4592
-0.4592
-0.4592
-0.4592
-0.4592
-0.4592
-0.4592
-0.4592
-0.4592
-0.4592
-0.4592
-0.4592
-0.4592
-0.4592
-0.4592
-0.4592
-0.4592
-0.4592
-0.4592
-0.4592
-0.4592
-0.4592
-0.4592
-0.4592
-0.4592
-0.4592
-0.4592
-0.4592
-0.4592
-0.4592
-0.4592
-0.4592
-0.4592
-0.4592
-0.4592
-0.4592
-0.4592
-0.4592
-0.4592
-0.4592
-0.4592
-0.4592
-0.4592
-0.4592
-0.4592
-0.4592
-0.4592
-0.4592
-0.4592
-0.4592
-0.4592
-0.4592
-0.4592
-0.4592
-0.4592
-0.4592
-0.4592
-0.4592
-0.4592
-0.4592
-0.4592
-0.4592
-0.4592
-0.4592
-0.4592
-0.4592
-0.4592
-0.4592
-0.4592
-0.4592
-0.4592
-0.4592
-0.4592
-0.4592
-0.4592
-0.4592
-0.4592
-0.4592
-0.4592
-0.4592
-0.4592
-0.4592
-0.4592
-0.4592
-0.4592
-0.4592
-0.4592
-0.4592
-0.4592
-0.4592
-0.4592
-0.4592
-0.4592
-0.4592
-0.4592
-0.4592
-0.4592
-0.4592
-0.4592
-0.4592
-0.4592
-0.4592
-0.4592
-0.4592
-0.4592
-0.4592
-0.459199
-0.459199
-0.459199
-0.459199
-0.459199
-0.459199
-0.459199
-0.459199
-0.459199
-0.459199
-0.459199
-0.459199
-0.459199
-0.459199
-0.459199
-0.459199
-0.459199
-0.459199
-0.459199
-0.459199
-0.459199
-0.459199
-0.459199
-0.459199
-0.459199
-0.459199
-0.459199
-0.459199
-0.459199
-0.459199
-0.459199
-0.459199
-0.459199
-0.459199
-0.459199
-0.459199
-0.459199
-0.459199
-0.459199
-0.459199
-0.459199
-0.459199
-0.459198
-0.459198
-0.459198
-0.459198
-0.459198
-0.459198
-0.459198
-0.459198
-0.459198
-0.459198
-0.459198
-0.459198
-0.459198
-0.459198
-0.459198
-0.459198
-0.459198
-0.459198
-0.459198
-0.459197
-0.459197
-0.459197
-0.459197
-0.459197
-0.459197
-0.459197
-0.459197
-0.459197
-0.459197
-0.459197
-0.459197
-0.459196
-0.459196
-0.459196
-0.459196
-0.459196
-0.459196
-0.459196
-0.459196
-0.459196
-0.459196
-0.459195
-0.459195
-0.459195
-0.459195
-0.459195
-0.459195
-0.459195
-0.459194
-0.459194
-0.459194
-0.459194
-0.459194
-0.459194
-0.459194
-0.459193
-0.459193
-0.459193
-0.459193
-0.459193
-0.459192
-0.459192
-0.459192
-0.459192
-0.459192
-0.459191
-0.459191
-0.459191
-0.459191
-0.45919
-0.45919
-0.45919
-0.45919
-0.459189
-0.459189
-0.459189
-0.459188
-0.459188
-0.459188
-0.459187
-0.459187
-0.459187
-0.459186
-0.459186
-0.459186
-0.459185
-0.459185
-0.459184
-0.459184
-0.459183
-0.459183
-0.459183
-0.459182
-0.459182
-0.459181
-0.459181
-0.45918
-0.45918
-0.459179
-0.459178
-0.459178
-0.459177
-0.459177
-0.459176
-0.459175
-0.459175
-0.459174
-0.459173
-0.459173
-0.459172
-0.459171
-0.45917
-0.45917
-0.459169
-0.459168
-0.459167
-0.459166
-0.459165
-0.459164
-0.459163
-0.459162
-0.459161
-0.45916
-0.459159
-0.459158
-0.459157
-0.459156
-0.459155
-0.459153
-0.459152
-0.459151
-0.459149
-0.459148
-0.459147
-0.459145
-0.459144
-0.459142
-0.459141
-0.459139
-0.459137
-0.459136
-0.459134
-0.459132
-0.45913
-0.459128
-0.459127
-0.459125
-0.459122
-0.45912
-0.459118
-0.459116
-0.459114
-0.459111
-0.459109
-0.459107
-0.459104
-0.459101
-0.459099
-0.459096
-0.459093
-0.45909
-0.459087
-0.459084
-0.459081
-0.459078
-0.459075
-0.459071
-0.459068
-0.459064
-0.459061
-0.459057
-0.459053
-0.459049
-0.459045
-0.459041
-0.459036
-0.459032
-0.459028
-0.459023
-0.459018
-0.459013
-0.459008
-0.459003
-0.458998
-0.458992
-0.458987
-0.458981
-0.458975
-0.458969
-0.458963
-0.458956
-0.45895
-0.458943
-0.458936
-0.458929
-0.458921
-0.458914
-0.458906
-0.458898
-0.45889
-0.458882
-0.458873
-0.458864
-0.458855
-0.458846
-0.458836
-0.458826
-0.458816
-0.458806
-0.458795
-0.458784
-0.458773
-0.458762
-0.45875
-0.458738
-0.458725
-0.458712
-0.458699
-0.458686
-0.458672
-0.458658
-0.458643
-0.458628
-0.458612
-0.458597
-0.45858
-0.458564
-0.458546
-0.458529
-0.458511
-0.458492
-0.458473
-0.458453
-0.458433
-0.458413
-0.458391
-0.458369
-0.458347
-0.458324
-0.4583
-0.458276
-0.458251
-0.458226
-0.458199
-0.458172
-0.458145
-0.458116
-0.458087
-0.458057
-0.458026
-0.457995
-0.457962
-0.457929
-0.457894
-0.457859
-0.457823
-0.457786
-0.457748
-0.457709
-0.457669
-0.457627
-0.457585
-0.457542
-0.457497
-0.457451
-0.457404
-0.457356
-0.457306
-0.457255
-0.457203
-0.457149
-0.457094
-0.457037
-0.456979
-0.456919
-0.456858
-0.456795
-0.45673
-0.456664
-0.456596
-0.456526
-0.456454
-0.45638
-0.456304
-0.456227
-0.456147
-0.456065
-0.455981
-0.455894
-0.455806
-0.455715
-0.455621
-0.455525
-0.455427
-0.455326
-0.455222
-0.455115
-0.455006
-0.454894
-0.454779
-0.45466
-0.454539
-0.454414
-0.454286
-0.454155
-0.45402
-0.453882
-0.45374
-0.453594
-0.453444
-0.453291
-0.453133
-0.452971
-0.452805
-0.452635
-0.45246
-0.452281
-0.452097
-0.451908
-0.451714
-0.451515
-0.451311
-0.451101
-0.450886
-0.450666
-0.45044
-0.450208
-0.44997
-0.449725
-0.449475
-0.449217
-0.448954
-0.448683
-0.448406
-0.448121
-0.447829
-0.447529
-0.447222
-0.446907
-0.446584
-0.446253
-0.445913
-0.445565
-0.445207
-0.444841
-0.444465
-0.44408
-0.443685
-0.443281
-0.442866
-0.44244
-0.442004
-0.441558
-0.4411
-0.44063
-0.440149
-0.439656
-0.439151
-0.438633
-0.438103
-0.43756
-0.437003
-0.436433
-0.435849
-0.435251
-0.434638
-0.434011
-0.433369
-0.432711
-0.432037
-0.431348
-0.430642
-0.429919
-0.42918
-0.428423
-0.427648
-0.426855
-0.426044
-0.425215
-0.424366
-0.423498
-0.42261
-0.421702
-0.420773
-0.419824
-0.418853
-0.417861
-0.416846
-0.41581
-0.414751
-0.413669
-0.412563
-0.411434
-0.410281
-0.409103
-0.4079
-0.406672
-0.405419
-0.40414
-0.402834
-0.401503
-0.400144
-0.398758
-0.397344
-0.395903
-0.394434
-0.392936
-0.39141
-0.389854
-0.38827
-0.386655
-0.385012
-0.383338
-0.381634
-0.3799
-0.378135
-0.37634
-0.374513
-0.372656
-0.370767
-0.368848
-0.366897
-0.364914
-0.362901
-0.360855
-0.358779
-0.356671
-0.354532
-0.352361
-0.350159
-0.347926
-0.345663
-0.343368
-0.341043
-0.338688
-0.336303
-0.333888
-0.331444
-0.32897
-0.326468
-0.323938
-0.321379
-0.318793
-0.316181
-0.313541
-0.310876
-0.308186
-0.305471
-0.302732
-0.29997
-0.297185
-0.294378
-0.29155
-0.288701
-0.285833
-0.282946
-0.280041
-0.27712
-0.274181
-0.271228
-0.26826
-0.265279
-0.262286
-0.259281
-0.256266
-0.253241
-0.250208
-0.247168
-0.244122
-0.24107
-0.238015
-0.234956
-0.231896
-0.228835
-0.225774
-0.222714
-0.219657
-0.216603
-0.213554
-0.210511
-0.207474
-0.204445
-0.201425
-0.198415
-0.195416
-0.192429
-0.189454
-0.186493
-0.183548
-0.180617
-0.177704
-0.174808
-0.17193
-0.169072
-0.166233
-0.163416
-0.16062
-0.157846
-0.155095
-0.152368
-0.149666
-0.146988
-0.144336
-0.14171
-0.13911
-0.136538
-0.133994
-0.131477
-0.128989
-0.12653
-0.124101
-0.121701
-0.11933
-0.11699
-0.114681
-0.112401
-0.110153
-0.107936
-0.10575
-0.103595
-0.101471
-0.0993789
-0.0973181
-0.0952886
-0.0932906
-0.0913239
-0.0893886
-0.0874845
-0.0856116
-0.0837698
-0.0819589
-0.0801788
-0.0784293
-0.0767102
-0.0750215
-0.0733627
-0.0717338
-0.0701345
-0.0685645
-0.0670236
-0.0655116
-0.064028
-0.0625728
-0.0611455
-0.0597458
-0.0583735
-0.0570282
-0.0557096
-0.0544174
-0.0531512
-0.0519106
-0.0506955
-0.0495053
-0.0483397
-0.0471984
-0.0460811
-0.0449873
-0.0439167
-0.0428689
-0.0418437
-0.0408405
-0.0398591
-0.0388991
-0.0379601
-0.0370418
-0.0361438
-0.0352657
-0.0344073
-0.0335681
-0.0327477
-0.031946
-0.0311624
-0.0303966
-0.0296484
-0.0289174
-0.0282032
-0.0275055
-0.026824
-0.0261583
-0.0255082
-0.0248733
-0.0242534
-0.0236481
-0.023057
-0.02248
-0.0219167
-0.0213668
-0.02083
-0.0203062
-0.0197949
-0.0192959
-0.0188089
-0.0183337
-0.01787
-0.0174176
-0.0169763
-0.0165456
-0.0161255
-0.0157157
-0.015316
-0.0149261
-0.0145457
-0.0141748
-0.013813
-0.0134602
-0.0131161
-0.0127806
-0.0124534
-0.0121343
-0.0118232
-0.0115199
-0.0112242
-0.0109359
-0.0106548
-0.0103808
-0.0101136
-0.00985319
-0.00959933
-0.00935187
-0.00911067
-0.00887556
-0.00864641
-0.00842306
-0.00820537
-0.00799321
-0.00778644
-0.00758493
-0.00738855
-0.00719717
-0.00701068
-0.00682894
-0.00665184
-0.00647928
-0.00631112
-0.00614727
-0.00598762
-0.00583206
-0.00568049
-0.00553282
-0.00538893
-0.00524875
-0.00511217
-0.00497911
-0.00484947
-0.00472317
-0.00460013
-0.00448026
-0.00436349
-0.00424973
-0.00413891
-0.00403095
-0.00392579
-0.00382334
-0.00372355
-0.00362634
-0.00353165
-0.00343941
-0.00334957
-0.00326205
-0.00317681
-0.00309378
-0.0030129
-0.00293412
-0.0028574
-0.00278266
-0.00270987
-0.00263897
-0.00256992
-0.00250266
-0.00243715
-0.00237335
-0.00231121
-0.0022507
-0.00219175
-0.00213435
-0.00207844
-0.00202399
-0.00197095
-0.00191931
-0.00186901
-0.00182002
-0.00177231
-0.00172585
-0.0016806
-0.00163654
-0.00159362
-0.00155183
-0.00151113
-0.00147149
-0.00143289
-0.0013953
-0.00135869
-0.00132304
-0.00128833
-0.00125452
-0.00122159
-0.00118953
-0.00115831
-0.0011279
-0.00109829
-0.00106946
-0.00104138
-0.00101404
-0.000987413
-0.000961484
-0.000936235
-0.000911648
-0.000887705
-0.00086439
-0.000841686
-0.000819577
-0.000798048
-0.000777083
-0.000756669
-0.000736789
-0.000717432
-0.000698582
-0.000680226
-0.000662352
-0.000644948
-0.000627999
-0.000611496
-0.000595426
-0.000579778
-0.00056454
-0.000549702
-0.000535254
-0.000521185
-0.000507486
-0.000494146
-0.000481157
-0.000468508
-0.000456192
-0.000444199
-0.000432522
-0.00042115
-0.000410078
-0.000399297
-0.000388798
-0.000378576
-0.000368622
-0.000358929
-0.000349492
-0.000340302
-0.000331354
-0.00032264
-0.000314156
-0.000305895
-0.000297851
-0.000290018
-0.000282391
-0.000274965
-0.000267733
-0.000260692
-0.000253836
-0.00024716
-0.00024066
-0.00023433
-0.000228167
-0.000222166
-0.000216322
-0.000210633
-0.000205092
-0.000199698
-0.000194445
-0.000189331
-0.000184351
-0.000179501
-0.00017478
-0.000170182
-0.000165706
-0.000161347
-0.000157103
-0.00015297
-0.000148946
-0.000145028
-0.000141213
-0.000137498
-0.000133881
-0.000130359
-0.000126929
-0.00012359
-0.000120339
-0.000117173
-0.000114091
-0.000111089
-0.000108167
-0.000105321
-0.00010255
-9.98521e-05
-9.72251e-05
-9.46673e-05
-9.21767e-05
-8.97516e-05
-8.73903e-05
-8.50911e-05
-8.28524e-05
-8.06726e-05
-7.85501e-05
-7.64835e-05
-7.44712e-05
-7.25118e-05
-7.0604e-05
-6.87464e-05
-6.69377e-05
-6.51765e-05
-6.34617e-05
-6.1792e-05
-6.01662e-05
-5.85831e-05
-5.70418e-05
-5.55409e-05
-5.40796e-05
-5.26567e-05
-5.12712e-05
-4.99222e-05
-4.86087e-05
-4.73297e-05
-4.60844e-05
-4.48718e-05
-4.36912e-05
-4.25416e-05
-4.14222e-05
-4.03323e-05
-3.92711e-05
-3.82378e-05
-3.72317e-05
-3.6252e-05
-3.52982e-05
-3.43694e-05
-3.3465e-05
-3.25845e-05
-3.17271e-05
-3.08923e-05
-3.00795e-05
-2.9288e-05
-2.85173e-05
-2.7767e-05
-2.70363e-05
-2.63249e-05
-2.56323e-05
-2.49578e-05
-2.43011e-05
-2.36617e-05
-2.30391e-05
-2.24328e-05
-2.18426e-05
-2.12678e-05
-2.07082e-05
-2.01633e-05
-1.96327e-05
-1.91161e-05
-1.86131e-05
-1.81234e-05
-1.76465e-05
-1.71821e-05
-1.673e-05
-1.62898e-05
-1.58612e-05
-1.54438e-05
-1.50374e-05
-1.46417e-05
-1.42565e-05
-1.38813e-05
-1.35161e-05
-1.31604e-05
-1.28141e-05
-1.24769e-05
-1.21486e-05
-1.18289e-05
-1.15177e-05
-1.12146e-05
-1.09195e-05
-1.06322e-05
-1.03524e-05
-1.008e-05
-9.81475e-06
-9.55649e-06
-9.30502e-06
-9.06017e-06
-8.82176e-06
-8.58963e-06
-8.36361e-06
-8.14353e-06
-7.92924e-06
-7.72059e-06
-7.51743e-06
-7.31962e-06
-7.12701e-06
-6.93947e-06
-6.75687e-06
-6.57907e-06
-6.40595e-06
-6.23738e-06
-6.07325e-06
-5.91344e-06
-5.75784e-06
-5.60633e-06
-5.4588e-06
-5.31516e-06
-5.1753e-06
-5.03911e-06
-4.90651e-06
-4.7774e-06
-4.65169e-06
-4.52929e-06
-4.4101e-06
-4.29406e-06
-4.18106e-06
-4.07104e-06
-3.96392e-06
-3.85961e-06
-3.75805e-06
-3.65916e-06
-3.56287e-06
-3.46912e-06
-3.37783e-06
-3.28895e-06
-3.2024e-06
-3.11813e-06
-3.03608e-06
-2.95619e-06
-2.8784e-06
-2.80266e-06
-2.72891e-06
-2.6571e-06
-2.58718e-06
-2.5191e-06
-2.45281e-06
-2.38827e-06
-2.32542e-06
-2.26423e-06
-2.20465e-06
-2.14664e-06
-2.09015e-06
-2.03515e-06
-1.9816e-06
-1.92945e-06
-1.87868e-06
-1.82925e-06
-1.78111e-06
-1.73424e-06
-1.68861e-06
-1.64417e-06
-1.60091e-06
-1.55878e-06
-1.51776e-06
-1.47782e-06
-1.43894e-06
-1.40107e-06
-1.3642e-06
-1.32831e-06
-1.29335e-06
-1.25932e-06
-1.22618e-06
-1.19392e-06
-1.1625e-06
-1.13191e-06
-1.10212e-06
-1.07312e-06
-1.04488e-06
-1.01739e-06
-9.90617e-07
-9.64549e-07
-9.39168e-07
-9.14455e-07
-8.90391e-07
-8.66961e-07
-8.44148e-07
-8.21935e-07
-8.00306e-07
-7.79247e-07
-7.58742e-07
-7.38776e-07
-7.19336e-07
-7.00407e-07
-6.81976e-07
-6.64031e-07
-6.46557e-07
-6.29544e-07
-6.12978e-07
-5.96848e-07
-5.81142e-07
-5.6585e-07
-5.5096e-07
-5.36462e-07
-5.22345e-07
-5.086e-07
-4.95217e-07
-4.82185e-07
-4.69497e-07
-4.57143e-07
-4.45113e-07
-4.334e-07
-4.21996e-07
-4.10891e-07
-4.00079e-07
-3.89551e-07
-3.79301e-07
-3.6932e-07
-3.59601e-07
-3.50139e-07
-3.40925e-07
-3.31954e-07
-3.23219e-07
-3.14713e-07
-3.06432e-07
-2.98368e-07
-2.90517e-07
-2.82872e-07
-2.75429e-07
-2.68181e-07
-2.61124e-07
-2.54253e-07
-2.47562e-07
-2.41048e-07
-2.34705e-07
-2.28529e-07
-2.22515e-07
-2.1666e-07
-2.10959e-07
-2.05408e-07
-2.00002e-07
-1.94739e-07
-1.89615e-07
-1.84625e-07
-1.79767e-07
-1.75037e-07
-1.70431e-07
-1.65946e-07
-1.61579e-07
-1.57327e-07
-1.53188e-07
-1.49156e-07
-1.45232e-07
-1.4141e-07
-1.37689e-07
-1.34066e-07
-1.30538e-07
-1.27103e-07
-1.23758e-07
-1.20502e-07
-1.17331e-07
-1.14243e-07
-1.11237e-07
-1.0831e-07
-1.0546e-07
-1.02685e-07
-9.99826e-08
-9.73516e-08
-9.47899e-08
-9.22956e-08
-8.98669e-08
-8.75021e-08
-8.51996e-08
-8.29576e-08
-8.07746e-08
-7.86491e-08
-7.65795e-08
-7.45644e-08
-7.26023e-08
-7.06918e-08
-6.88316e-08
-6.70203e-08
-6.52568e-08
-6.35396e-08
-6.18676e-08
-6.02396e-08
-5.86544e-08
-5.7111e-08
-5.56081e-08
-5.41449e-08
-5.27201e-08
-5.13328e-08
-4.9982e-08
-4.86668e-08
-4.73861e-08
-4.61392e-08
-4.49251e-08
-4.37429e-08
-4.25919e-08
-4.14711e-08
-4.03798e-08
-3.93172e-08
-3.82826e-08
-3.72753e-08
-3.62944e-08
-3.53393e-08
-3.44094e-08
-3.35039e-08
-3.26223e-08
-3.17639e-08
-3.0928e-08
-3.01142e-08
-2.93218e-08
-2.85502e-08
-2.77989e-08
-2.70674e-08
-2.63551e-08
-2.56616e-08
-2.49864e-08
-2.43289e-08
-2.36887e-08
-2.30653e-08
-2.24584e-08
-2.18674e-08
-2.1292e-08
-2.07317e-08
-2.01861e-08
-1.9655e-08
-1.91378e-08
-1.86342e-08
-1.81438e-08
-1.76664e-08
-1.72015e-08
-1.67489e-08
-1.63081e-08
-1.5879e-08
-1.54611e-08
-1.50543e-08
-1.46581e-08
-1.42724e-08
-1.38969e-08
-1.35312e-08
-1.31751e-08
-1.28284e-08
-1.24908e-08
-1.21622e-08
-1.18421e-08
-1.15305e-08
-1.12271e-08
-1.09317e-08
-1.0644e-08
-1.03639e-08
-1.00912e-08
-9.82565e-09
-9.5671e-09
-9.31535e-09
-9.07022e-09
-8.83154e-09
-8.59915e-09
-8.37287e-09
-8.15254e-09
-7.93801e-09
-7.72913e-09
-7.52574e-09
-7.32771e-09
-7.13489e-09
-6.94714e-09
-6.76433e-09
-6.58633e-09
-6.41302e-09
-6.24426e-09
-6.07995e-09
-5.91996e-09
-5.76418e-09
-5.6125e-09
-5.46481e-09
-5.32101e-09
-5.18099e-09
-5.04466e-09
-4.91191e-09
-4.78266e-09
-4.65681e-09
-4.53427e-09
-4.41495e-09
-4.29877e-09
-4.18565e-09
-4.07551e-09
-3.96827e-09
-3.86385e-09
-3.76217e-09
-3.66317e-09
-3.56678e-09
-3.47292e-09
-3.38154e-09
-3.29255e-09
-3.20591e-09
-3.12155e-09
-3.03941e-09
-2.95943e-09
-2.88155e-09
-2.80573e-09
-2.7319e-09
-2.66001e-09
-2.59001e-09
-2.52186e-09
-2.4555e-09
-2.39088e-09
-2.32797e-09
-2.26671e-09
-2.20706e-09
-2.14899e-09
-2.09244e-09
-2.03738e-09
-1.98376e-09
-1.93156e-09
-1.88074e-09
-1.83125e-09
-1.78306e-09
-1.73614e-09
-1.69045e-09
-1.64597e-09
-1.60266e-09
-1.56048e-09
-1.51942e-09
-1.47944e-09
-1.44051e-09
-1.4026e-09
-1.36569e-09
-1.32976e-09
-1.29477e-09
-1.26069e-09
-1.22752e-09
-1.19522e-09
-1.16377e-09
-1.13314e-09
-1.10333e-09
-1.07429e-09
-1.04602e-09
-1.0185e-09
-9.91698e-10
-9.65602e-10
-9.40193e-10
-9.15452e-10
-8.91363e-10
-8.67907e-10
-8.45069e-10
-8.22832e-10
-8.0118e-10
-7.80097e-10
-7.5957e-10
-7.39582e-10
-7.2012e-10
-7.01171e-10
-6.8272e-10
-6.64755e-10
-6.47262e-10
-6.3023e-10
-6.13646e-10
-5.97498e-10
-5.81776e-10
-5.66467e-10
-5.51561e-10
-5.37047e-10
-5.22915e-10
-5.09155e-10
-4.95757e-10
-4.82711e-10
-4.70009e-10
-4.57641e-10
-4.45598e-10
-4.33873e-10
-4.22456e-10
-4.11339e-10
-4.00515e-10
-3.89976e-10
-3.79714e-10
-3.69722e-10
-3.59993e-10
-3.5052e-10
-3.41297e-10
-3.32316e-10
-3.23571e-10
-3.15056e-10
-3.06766e-10
-2.98694e-10
-2.90834e-10
-2.83181e-10
-2.75729e-10
-2.68473e-10
-2.61409e-10
-2.5453e-10
-2.47832e-10
-2.41311e-10
-2.34961e-10
-2.28778e-10
-2.22758e-10
-2.16896e-10
-2.11189e-10
-2.05631e-10
-2.0022e-10
-1.94952e-10
-1.89822e-10
-1.84827e-10
-1.79963e-10
-1.75227e-10
-1.70617e-10
-1.66127e-10
-1.61755e-10
-1.57499e-10
-1.53354e-10
-1.49319e-10
-1.4539e-10
-1.41564e-10
-1.37839e-10
-1.34212e-10
-1.3068e-10
-1.27241e-10
-1.23893e-10
-1.20633e-10
-1.17458e-10
-1.14368e-10
-1.11358e-10
-1.08428e-10
-1.05575e-10
-1.02796e-10
-1.00091e-10
-9.74576e-11
-9.48932e-11
-9.23961e-11
-8.99647e-11
-8.75975e-11
-8.52924e-11
-8.3048e-11
-8.08626e-11
-7.87348e-11
-7.66629e-11
-7.46456e-11
-7.26814e-11
-7.07687e-11
-6.89067e-11
-6.70932e-11
-6.53277e-11
-6.36089e-11
-6.19349e-11
-6.03053e-11
-5.87184e-11
-5.71732e-11
-5.56686e-11
-5.4204e-11
-5.27776e-11
-5.13887e-11
-5.00364e-11
-4.87197e-11
-4.74378e-11
-4.61895e-11
-4.4974e-11
-4.37905e-11
-4.26383e-11
-4.15161e-11
-4.04239e-11
-3.93601e-11
-3.83245e-11
-3.73159e-11
-3.6334e-11
-3.53779e-11
-3.44469e-11
-3.35403e-11
-3.26579e-11
-3.17983e-11
-3.09617e-11
-3.0147e-11
-2.93536e-11
-2.85814e-11
-2.78291e-11
-2.70968e-11
-2.63838e-11
-2.56895e-11
-2.50135e-11
-2.43554e-11
-2.37144e-11
-2.30904e-11
-2.24829e-11
-2.18912e-11
-2.13152e-11
-2.07543e-11
-2.02081e-11
-1.96765e-11
-1.91587e-11
-1.86544e-11
-1.81635e-11
-1.76856e-11
-1.72202e-11
-1.6767e-11
-1.63258e-11
-1.58964e-11
-1.54781e-11
-1.50708e-11
-1.4674e-11
-1.42879e-11
-1.3912e-11
-1.35458e-11
-1.31894e-11
-1.28424e-11
-1.25044e-11
-1.21754e-11
-1.1855e-11
-1.15432e-11
-1.12395e-11
-1.09435e-11
-1.06557e-11
-1.03753e-11
-1.01021e-11
-9.83635e-12
-9.57745e-12
-9.32543e-12
-9.08007e-12
-8.84115e-12
-8.60845e-12
-8.38196e-12
-8.16147e-12
-7.94675e-12
-7.73759e-12
-7.53397e-12
-7.33569e-12
-7.14273e-12
-6.95466e-12
-6.77169e-12
-6.59361e-12
-6.41998e-12
-6.251e-12
-6.08646e-12
-5.92637e-12
-5.7705e-12
-5.61862e-12
-5.47073e-12
-5.32685e-12
-5.18674e-12
-5.05018e-12
-4.91718e-12
-4.78795e-12
-4.66183e-12
-4.53926e-12
-4.4198e-12
-4.30345e-12
-4.1902e-12
-4.07985e-12
-3.9726e-12
-3.86802e-12
-3.76632e-12
-3.66729e-12
-3.5707e-12
-3.47677e-12
-3.38507e-12
-3.29625e-12
-3.20943e-12
-3.12506e-12
-3.04268e-12
-2.96274e-12
-2.8848e-12
-2.80886e-12
-2.73492e-12
-2.66276e-12
-2.59281e-12
-2.52465e-12
-2.45826e-12
-2.39342e-12
-2.33036e-12
-2.26907e-12
-2.20934e-12
-2.15139e-12
-2.09477e-12
-2.03948e-12
-1.98597e-12
-1.93356e-12
-1.88272e-12
-1.8332e-12
-1.78502e-12
-1.73817e-12
-1.6922e-12
-1.64779e-12
-1.60449e-12
-1.56208e-12
-1.52101e-12
-1.48104e-12
-1.44196e-12
-1.40421e-12
-1.36713e-12
-1.33116e-12
-1.29607e-12
-1.2621e-12
-1.22879e-12
-1.1966e-12
-1.16507e-12
-1.13443e-12
-1.10467e-12
-1.07558e-12
-1.04716e-12
-1.01963e-12
-9.92761e-13
-9.6656e-13
-9.41247e-13
-9.16378e-13
-8.92397e-13
-8.68861e-13
-8.4599e-13
-8.23785e-13
-8.02025e-13
-7.80931e-13
-7.60503e-13
-7.40297e-13
-7.20979e-13
-7.01883e-13
-6.83453e-13
-6.65468e-13
-6.47926e-13
-6.31051e-13
-6.14397e-13
-5.98188e-13
-5.82423e-13
-5.67102e-13
-5.52225e-13
-5.3757e-13
-5.23581e-13
-5.09814e-13
-4.9627e-13
-4.83169e-13
-4.70513e-13
-4.58078e-13
-4.46088e-13
-4.34319e-13
-4.22995e-13
-4.11893e-13
-4.01013e-13
-3.90354e-13
-3.8014e-13
-3.70148e-13
-3.60378e-13
-3.5083e-13
-3.41727e-13
-3.32623e-13
-3.23963e-13
-3.15303e-13
-3.07088e-13
-2.99094e-13
-2.911e-13
-2.83551e-13
-2.76001e-13
-2.68674e-13
-2.61791e-13
-2.54907e-13
-2.48024e-13
-2.41585e-13
-2.35145e-13
-2.28928e-13
-2.22933e-13
-2.1716e-13
-2.11386e-13
-2.05835e-13
-2.00506e-13
-1.95177e-13
-1.9007e-13
-1.84963e-13
-1.80078e-13
-1.75415e-13
-1.70752e-13
-1.66311e-13
-1.61871e-13
-1.57652e-13
-1.53655e-13
-1.49436e-13
-1.45439e-13
-1.41664e-13
-1.3789e-13
-1.34337e-13
-1.30784e-13
-1.27454e-13
-1.23901e-13
-1.20792e-13
-1.17462e-13
-1.14575e-13
-1.11466e-13
-1.0858e-13
-1.05693e-13
-1.02807e-13
-1.00142e-13
-9.74776e-14
-9.50351e-14
-9.23706e-14
-8.99281e-14
-8.77076e-14
-8.52651e-14
-8.30447e-14
-8.10463e-14
-7.88258e-14
-7.68274e-14
-7.4829e-14
-7.28306e-14
-7.08322e-14
-6.90559e-14
-6.72795e-14
-6.52811e-14
-6.37268e-14
-6.19504e-14
-6.03961e-14
-5.88418e-14
-5.72875e-14
-5.57332e-14
-5.41789e-14
-5.28466e-14
-5.15143e-14
-4.996e-14
-4.86278e-14
-4.75175e-14
-4.61853e-14
-4.50751e-14
-4.37428e-14
-4.26326e-14
-4.15223e-14
-4.04121e-14
-3.93019e-14
-3.84137e-14
-3.73035e-14
-3.64153e-14
-3.53051e-14
-3.44169e-14
-3.35287e-14
-3.26406e-14
-3.17524e-14
-3.10862e-14
-3.01981e-14
-2.93099e-14
-2.86438e-14
-2.77556e-14
-2.70894e-14
-2.64233e-14
-2.57572e-14
-2.5091e-14
-2.44249e-14
-2.37588e-14
-2.30926e-14
-2.24265e-14
-2.19824e-14
-2.13163e-14
-2.08722e-14
-2.02061e-14
-1.9762e-14
-1.90958e-14
-1.86517e-14
-1.82077e-14
-1.77636e-14
-1.73195e-14
-1.68754e-14
-1.62093e-14
-1.59872e-14
-1.55431e-14
-1.5099e-14
-1.46549e-14
-1.42109e-14
-1.39888e-14
-1.35447e-14
-1.31006e-14
-1.28786e-14
-1.24345e-14
-1.22125e-14
-1.17684e-14
-1.15463e-14
-1.13243e-14
-1.08802e-14
-1.06581e-14
-1.04361e-14
-9.99201e-15
-9.99201e-15
-9.54792e-15
-9.32587e-15
-9.10383e-15
-8.88178e-15
-8.65974e-15
-8.43769e-15
-8.21565e-15
-7.99361e-15
-7.77156e-15
-7.54952e-15
-7.32747e-15
-7.10543e-15
-6.88338e-15
-6.66134e-15
-6.66134e-15
-6.43929e-15
-6.21725e-15
-6.21725e-15
-5.9952e-15
-5.77316e-15
-5.55112e-15
-5.55112e-15
-5.32907e-15
-5.10703e-15
-5.10703e-15
-4.88498e-15
-4.88498e-15
-4.66294e-15
-4.66294e-15
-4.44089e-15
-4.21885e-15
-4.21885e-15
-3.9968e-15
-3.9968e-15
-3.77476e-15
-3.77476e-15
-3.77476e-15
-3.55271e-15
-3.55271e-15
-3.33067e-15
-3.33067e-15
-3.33067e-15
-3.10862e-15
-3.10862e-15
-2.88658e-15
-2.88658e-15
-2.88658e-15
-2.66454e-15
-2.66454e-15
-2.44249e-15
-2.44249e-15
-2.44249e-15
-2.44249e-15
-2.44249e-15
-2.22045e-15
-2.22045e-15
-2.22045e-15
-2.22045e-15
-1.9984e-15
-1.9984e-15
-1.9984e-15
-1.77636e-15
-1.77636e-15
-1.77636e-15
-1.77636e-15
-1.77636e-15
-1.55431e-15
-1.55431e-15
-1.55431e-15
-1.55431e-15
-1.55431e-15
-1.33227e-15
-1.33227e-15
-1.33227e-15
-1.33227e-15
-1.33227e-15
-1.33227e-15
-1.33227e-15
-1.33227e-15
-1.11022e-15
-1.11022e-15
-1.11022e-15
-1.11022e-15
-1.11022e-15
-1.11022e-15
-1.11022e-15
-8.88178e-16
-8.88178e-16
-8.88178e-16
-8.88178e-16
-8.88178e-16
-8.88178e-16
-8.88178e-16
-8.88178e-16
-8.88178e-16
-6.66134e-16
-6.66134e-16
-6.66134e-16
-6.66134e-16
-6.66134e-16
-6.66134e-16
-6.66134e-16
-6.66134e-16
-6.66134e-16
-6.66134e-16
-6.66134e-16
-6.66134e-16
-4.44089e-16
-4.44089e-16
-4.44089e-16
-4.44089e-16
-4.44089e-16
-4.44089e-16
-4.44089e-16
-4.44089e-16
-4.44089e-16
-4.44089e-16
-4.44089e-16
-4.44089e-16
-4.44089e-16
-4.44089e-16
-4.44089e-16
-4.44089e-16
-4.44089e-16
-2.22045e-16
-2.22045e-16
-2.22045e-16
-2.22045e-16
-2.22045e-16
-2.22045e-16
-2.22045e-16
-2.22045e-16
-2.22045e-16
-2.22045e-16
-2.22045e-16
-2.22045e-16
-2.22045e-16
-2.22045e-16
-2.22045e-16
-2.22045e-16
-2.22045e-16
-2.22045e-16
-2.22045e-16
-2.22045e-16
-2.22045e-16
-2.22045e-16
-2.22045e-16
-2.22045e-16
-2.22045e-16
-2.22045e-16
-2.22045e-16
-2.22045e-16
-2.22045e-16
-2.22045e-16
-2.22045e-16
-2.22045e-16
0
0
0
0
0
0
0
0
0
0
0
0
0
0
0
0
0
0
0
0
0
0
0
0
0
0
0
0
0
0
0
0
0
0
0
0
0
0
0
0
0
0
0
0
0
0
0
0
0
0
0
0
0
0
0
0
0
0
0
0
0
0
0
0
0
0
0
0
0
0
0
0
0
0
0
0
0
0
0
0
0
0
0
0
0
0
0
0
0
0
0
0
0
0
0
0
0
0
0
0
0
0
0
0
0
0
0
0
0
0
0
0
0
0
0
0
0
0
0
0
0
0
0
0
0
0
0
0
0
0
0
0
0
0
0
0
0
0
0
0
0
0
0
0
0
0
0
0
0
0
0
0
0
0
0
0
0
0
0
0
0
0
0
0
0
0
0
0
0
0
0
0
0
0
0
0
0
0
0
0
0
0
0
0
0
0
0
0
0
0
0
0
0
0
0
0
0
0
0
0
0
0
0
0
0
0
0
0
0
0
0
0
0
0
0
0
0
0
0
0
0
0
0
0
0
0
0
0
0
0
0
0
0
0
0
0
0
0
0
0
0
0
0
0
0
0
0
0
0
0
0
0
0
0
0
0
0
0
0
0
0
0
0
0
0
0
0
0
0
0
0
0
0
0
0
0
0
0
0
0
0
0
0
0
0
0
0
0
0
0
0
0
0
0
0
0
0
0
0
0
0
0
0
0
0
0
0
0
0
0
0
0
0
0
0
0
0
0
0
0
0
0
0
0
0
0
0
0
0
0
0
0
0
0
0
0
0
0
0
0
0
0
0
0
0
0
0
0
0
0
0
0
0
0
0
0
0
0
0
0
0
0
0
0
0
0
0
0
0
0
0
0
0
0
0
0
0
0
0
0
0
0
0
0
0
0
0
0
0
0
0
0
0
0
0
0
0
0
0
0
0
0
0
0
0
0
0
0
0
0
0
0
0
0
0
0
0
0
0
0
0
0
0
0
0
0
0
0
0
0
0
0
0
0
0
0
0
0
0
0
0
0
0
0
0
0
0
0
0
0
0
0
0
0
0
0
0
0
0
0
0
0
0
0
0
0
0
0
0
0
0
0
0
0
0
0
0
0
0
0
0
0
0
0
0
0
0
0
0
0
0
0
0
0
0
0
0
0
0
0
0
0
0
0
0
0
0
0
0
0
0
0
0
0
0
0
0
0
0
0
0
0
0
0
0
0
0
0
0
0
0
0
0
0
0
0
0
0
0
0
0
0
0
0
0
0
0
0
0
0
0
0
0
0
0
0
0
0
0
0
0
0
0
0
0
0
0
0
0
0
0
0
0
0
0
0
0
0
0
0
0
0
0
0
0
0
0
0
0
0
0
0
0
0
0
0
0
0
0
0
0
0
0
0
0
0
0
0
0
0
0
0
0
0
0
0
0
0
0
0
0
0
0
0
0
0
0
0
0
0
0
0
0
0
0
0
0
0
0
0
0
0
0
0
0
0
0
0
0
0
0
0
0
0
0
0
0
0
0
0
0
0
0
0
0
0
0
0
0
0
0
0
0
0
0
0
0
0
0
0
0
0
0
0
0
0
0
0
0
0
0
0
0
0
0
0
0
0
0
0
0
0
0
0
0
0
0
0
0
0
0
0
0
0
0
0
0
0
0
0
0
0
0
0
0
0
0
0
0
0
0
0
0
0
0
0
0
0
0
0
0
0
0
0
0
0
0
0
0
0
0
0
0
0
0
0
0
0
0
0
0
0
0
0
0
0
0
0
0
0
0
0
0
0
0
0
0
0
0
0
0
0
0
0
0
0
0
0
0
0
0
0
0
0
0
0
0
0
0
0
0
0
0
0
0
0
0
0
0
0
0
0
0
0
0
0
0
0
0
0
0
0
0
0
0
0
0
0
0
0
0
0
0
0
0
0
0
0
0
0
0
0
0
0
0
0
0
0
0
0
0
0
0
0
0
0
0
0
0
0
0
0
0
0
0
0
0
0
0
0
0
0
0
0
0
0
0
0
0
0
0
0
0
0
0
0
0
0
0
0
0
0
0
0
0
0
0
0
0
0
0
0
0
0
0
0
0
0
0
0
0
0
0
0
0
0
0
0
0
0
0
0
0
0
0
0
0
0
0
0
0
0
0
0
0
0
0
0
0
0
0
0
0
0
0
0
0
0
0
0
0
0
0
0
0
0
0
0
0
0
0
0
0
0
0
0
0
0
0
0
0
0
0
0
0
0
0
0
0
0
0
0
0
0
0
0
0
0
0
0
0
0
0
0
0
0
0
0
0
0
0
0
0
0
0
0
0
0
0
0
0
0
0
0
0
0
0
0
0
0
0
0
0
0
0
0
0
0
0
0
0
0
0
0
0
0
0
0
0
0
0
0
0
0
0
0
0
0
0
0
0
0
0
0
0
0
0
0
0
0
0
0
0
0
0
0
0
0
0
0
0
0
0
0
0
0
0
0
0
0
0
0
0
0
0
0
0
0
0
0
0
0
0
0
0
0
0
0
0
0
0
0
0
0
0
0
0
0
0
0
0
0
0
0
0
0
0
0
0
0
0
0
0
0
0
0
0
0
0
0
0
0
0
0
0
0
0
0
0
0
0
0
0
0
0
0
0
0
0
0
0
0
0
0
0
0
0
0
0
0
0
0
0
0
0
0
0
0
0
0
0
0
0
0
0
0
0
0
0
0
0
0
0
0
0
0
0
0
0
0
0
0
0
0
0
0
0
0
0
0
0
0
0
0
0
0
0
0
0
0
0
0
0
0
0
0
0
0
0
0
0
0
0
0
0
0
0
0
0
0
0
0
0
0
0
0
0
0
0
0
0
0
0
0
0
0
0
0
0
0
0
0
0
0
0
0
0
0
0
0
0
0
0
0
0
0
0
0
0
0
0
0
0
0
0
0
0
0
0
0
0
0
0
0
0
0
0
0
0
0
0
0
0
0
0
0
0
0
0
0
0
0
0
0
0
0
0
0
0
0
0
0
0
0
0
0
0
0
0
0
0
0
0
0
0
0
0
0
0
0
0
0
0
0
0
0
0
0
0
0
0
0
0
0
0
0
0
0
0
0
0
0
0
0
0
0
0
0
0
0
0
0
0
0
0
0
0
0
0
0
0
0
0
0
0
0
0
0
0
0
0
0
0
0
0
0
0
0
0
0
0
0
0
0
0
0
0
0
0
0
0
0
0
0
0
0
0
0
0
0
0
0
0
0
0
0
0
0
0
0
0
0
0
0
0
0
0
0
0
0
0
0
0
0
0
0
0
0
0
0
0
0
0
0
0
0
0
0
0
0
0
0
0
0
0
0
0
0
0
0
0
0
0
0
0
0
0
0
0
0
0
0
0
0
0
0
0
0
0
0
0
0
0
0
0
0
0
0
0
0
0
0
0
0
0
0
0
0
0
0
0
0
0
0
0
0
0
0
0
0
0
0
0
0
0
0
0
0
0
0
0
0
0
0
0
0
0
0
0
0
0
0
0
0
0
0
0
0
0
0
0
0
0
0
0
0
0
0
0
0
0
0
0
0
0
0
0
0
0
0
0
0
0
0
0
0
0
0
0
0
0
0
0
0
0
0
0
0
0
0
0
0
0
0
0
0
0
0
0
0
0
0
0
0
0
0
0
0
0
0
0
0
0
0
0
0
0
0
0
0
0
0
0
0
0
0
0
0
