-1.3639
-1.3639
-1.3639
-1.3639
-1.3639
-1.3639
-1.3639
-1.3639
-1.3639
-1.3639
-1.3639
-1.3639
-1.3639
-1.3639
-1.3639
-1.3639
-1.3639
-1.3639
-1.3639
-1.3639
-1.3639
-1.3639
-1.3639
-1.3639
-1.3639
-1.3639
-1.3639
-1.3639
-1.3639
-1.3639
-1.3639
-1.3639
-1.3639
-1.3639
-1.3639
-1.3639
-1.3639
-1.3639
-1.3639
-1.3639
-1.3639
-1.3639
-1.3639
-1.3639
-1.3639
-1.3639
-1.3639
-1.3639
-1.3639
-1.3639
-1.3639
-1.3639
-1.3639
-1.3639
-1.3639
-1.3639
-1.3639
-1.3639
-1.3639
-1.3639
-1.3639
-1.3639
-1.3639
-1.3639
-1.3639
-1.3639
-1.3639
-1.3639
-1.3639
-1.3639
-1.3639
-1.3639
-1.3639
-1.3639
-1.3639
-1.3639
-1.3639
-1.3639
-1.3639
-1.3639
-1.3639
-1.3639
-1.3639
-1.3639
-1.3639
-1.3639
-1.3639
-1.3639
-1.3639
-1.3639
-1.3639
-1.3639
-1.3639
-1.3639
-1.3639
-1.3639
-1.3639
-1.3639
-1.3639
-1.3639
-1.3639
-1.3639
-1.3639
-1.3639
-1.3639
-1.3639
-1.3639
-1.3639
-1.3639
-1.3639
-1.3639
-1.3639
-1.3639
-1.3639
-1.3639
-1.3639
-1.3639
-1.3639
-1.3639
-1.3639
-1.3639
-1.3639
-1.3639
-1.3639
-1.3639
-1.3639
-1.3639
-1.3639
-1.3639
-1.3639
-1.3639
-1.3639
-1.3639
-1.3639
-1.3639
-1.3639
-1.3639
-1.3639
-1.3639
-1.3639
-1.3639
-1.3639
-1.3639
-1.3639
-1.3639
-1.3639
-1.3639
-1.3639
-1.3639
-1.3639
-1.3639
-1.3639
-1.3639
-1.3639
-1.3639
-1.3639
-1.3639
-1.3639
-1.3639
-1.3639
-1.3639
-1.3639
-1.3639
-1.3639
-1.3639
-1.3639
-1.3639
-1.3639
-1.3639
-1.3639
-1.3639
-1.3639
-1.3639
-1.3639
-1.3639
-1.3639
-1.3639
-1.3639
-1.3639
-1.3639
-1.3639
-1.3639
-1.3639
-1.3639
-1.3639
-1.3639
-1.3639
-1.3639
-1.3639
-1.3639
-1.3639
-1.3639
-1.3639
-1.3639
-1.3639
-1.3639
-1.3639
-1.3639
-1.3639
-1.3639
-1.3639
-1.3639
-1.3639
-1.3639
-1.3639
-1.3639
-1.3639
-1.3639
-1.3639
-1.3639
-1.3639
-1.3639
-1.3639
-1.3639
-1.3639
-1.3639
-1.3639
-1.3639
-1.3639
-1.3639
-1.3639
-1.3639
-1.3639
-1.3639
-1.3639
-1.3639
-1.3639
-1.3639
-1.3639
-1.3639
-1.3639
-1.3639
-1.3639
-1.3639
-1.3639
-1.3639
-1.3639
-1.3639
-1.3639
-1.3639
-1.3639
-1.3639
-1.3639
-1.3639
-1.3639
-1.3639
-1.3639
-1.3639
-1.3639
-1.3639
-1.3639
-1.3639
-1.3639
-1.3639
-1.3639
-1.3639
-1.3639
-1.3639
-1.3639
-1.3639
-1.3639
-1.3639
-1.3639
-1.3639
-1.3639
-1.3639
-1.3639
-1.3639
-1.3639
-1.3639
-1.3639
-1.3639
-1.3639
-1.3639
-1.3639
-1.3639
-1.3639
-1.3639
-1.3639
-1.3639
-1.3639
-1.3639
-1.3639
-1.3639
-1.3639
-1.3639
-1.3639
-1.3639
-1.3639
-1.3639
-1.3639
-1.3639
-1.3639
-1.3639
-1.3639
-1.3639
-1.3639
-1.3639
-1.3639
-1.3639
-1.3639
-1.3639
-1.3639
-1.3639
-1.3639
-1.3639
-1.3639
-1.3639
-1.3639
-1.3639
-1.3639
-1.3639
-1.3639
-1.3639
-1.3639
-1.3639
-1.3639
-1.3639
-1.3639
-1.3639
-1.3639
-1.3639
-1.3639
-1.3639
-1.3639
-1.3639
-1.3639
-1.3639
-1.3639
-1.3639
-1.3639
-1.3639
-1.3639
-1.3639
-1.3639
-1.3639
-1.3639
-1.3639
-1.3639
-1.3639
-1.3639
-1.3639
-1.3639
-1.3639
-1.3639
-1.3639
-1.3639
-1.3639
-1.3639
-1.3639
-1.3639
-1.3639
-1.3639
-1.3639
-1.3639
-1.3639
-1.3639
-1.3639
-1.3639
-1.3639
-1.3639
-1.3639
-1.3639
-1.3639
-1.3639
-1.3639
-1.3639
-1.3639
-1.3639
-1.3639
-1.3639
-1.3639
-1.3639
-1.3639
-1.3639
-1.3639
-1.3639
-1.3639
-1.3639
-1.3639
-1.3639
-1.3639
-1.3639
-1.3639
-1.3639
-1.3639
-1.3639
-1.3639
-1.3639
-1.3639
-1.3639
-1.3639
-1.3639
-1.3639
-1.3639
-1.3639
-1.3639
-1.3639
-1.3639
-1.3639
-1.3639
-1.3639
-1.3639
-1.3639
-1.3639
-1.3639
-1.3639
-1.3639
-1.3639
-1.3639
-1.3639
-1.3639
-1.3639
-1.3639
-1.3639
-1.3639
-1.3639
-1.3639
-1.3639
-1.3639
-1.3639
-1.3639
-1.3639
-1.3639
-1.3639
-1.3639
-1.3639
-1.3639
-1.3639
-1.3639
-1.3639
-1.3639
-1.3639
-1.3639
-1.3639
-1.3639
-1.3639
-1.3639
-1.3639
-1.3639
-1.3639
-1.3639
-1.3639
-1.3639
-1.3639
-1.3639
-1.3639
-1.3639
-1.3639
-1.3639
-1.3639
-1.3639
-1.3639
-1.3639
-1.3639
-1.3639
-1.3639
-1.3639
-1.3639
-1.3639
-1.3639
-1.3639
-1.3639
-1.3639
-1.3639
-1.3639
-1.3639
-1.3639
-1.3639
-1.3639
-1.3639
-1.3639
-1.3639
-1.3639
-1.3639
-1.3639
-1.3639
-1.3639
-1.3639
-1.3639
-1.3639
-1.3639
-1.3639
-1.3639
-1.3639
-1.3639
-1.3639
-1.3639
-1.3639
-1.3639
-1.3639
-1.3639
-1.3639
-1.3639
-1.3639
-1.3639
-1.3639
-1.3639
-1.3639
-1.3639
-1.3639
-1.3639
-1.3639
-1.3639
-1.3639
-1.3639
-1.3639
-1.3639
-1.3639
-1.3639
-1.3639
-1.3639
-1.3639
-1.3639
-1.3639
-1.3639
-1.3639
-1.3639
-1.3639
-1.3639
-1.3639
-1.3639
-1.3639
-1.3639
-1.3639
-1.3639
-1.3639
-1.3639
-1.3639
-1.3639
-1.3639
-1.3639
-1.3639
-1.3639
-1.3639
-1.3639
-1.3639
-1.3639
-1.3639
-1.3639
-1.3639
-1.3639
-1.3639
-1.3639
-1.3639
-1.3639
-1.3639
-1.3639
-1.3639
-1.3639
-1.3639
-1.3639
-1.3639
-1.3639
-1.3639
-1.3639
-1.3639
-1.3639
-1.3639
-1.3639
-1.3639
-1.3639
-1.3639
-1.3639
-1.3639
-1.3639
-1.3639
-1.3639
-1.3639
-1.3639
-1.3639
-1.3639
-1.3639
-1.3639
-1.3639
-1.3639
-1.3639
-1.3639
-1.3639
-1.3639
-1.3639
-1.3639
-1.3639
-1.3639
-1.3639
-1.3639
-1.3639
-1.3639
-1.3639
-1.3639
-1.3639
-1.3639
-1.3639
-1.3639
-1.3639
-1.3639
-1.3639
-1.3639
-1.3639
-1.3639
-1.3639
-1.3639
-1.3639
-1.3639
-1.3639
-1.3639
-1.3639
-1.3639
-1.3639
-1.3639
-1.3639
-1.3639
-1.3639
-1.3639
-1.3639
-1.3639
-1.3639
-1.3639
-1.3639
-1.3639
-1.3639
-1.3639
-1.3639
-1.3639
-1.3639
-1.3639
-1.3639
-1.3639
-1.3639
-1.3639
-1.3639
-1.3639
-1.3639
-1.3639
-1.3639
-1.3639
-1.3639
-1.3639
-1.3639
-1.3639
-1.3639
-1.3639
-1.3639
-1.3639
-1.3639
-1.3639
-1.3639
-1.3639
-1.3639
-1.3639
-1.3639
-1.3639
-1.3639
-1.3639
-1.3639
-1.3639
-1.3639
-1.3639
-1.3639
-1.3639
-1.3639
-1.3639
-1.3639
-1.3639
-1.3639
-1.3639
-1.3639
-1.3639
-1.3639
-1.3639
-1.3639
-1.3639
-1.3639
-1.3639
-1.3639
-1.3639
-1.3639
-1.3639
-1.3639
-1.3639
-1.3639
-1.3639
-1.3639
-1.3639
-1.3639
-1.3639
-1.3639
-1.3639
-1.3639
-1.3639
-1.3639
-1.3639
-1.3639
-1.3639
-1.3639
-1.3639
-1.3639
-1.3639
-1.3639
-1.3639
-1.3639
-1.3639
-1.3639
-1.3639
-1.3639
-1.3639
-1.3639
-1.3639
-1.3639
-1.3639
-1.3639
-1.3639
-1.3639
-1.3639
-1.3639
-1.3639
-1.3639
-1.3639
-1.3639
-1.3639
-1.3639
-1.3639
-1.3639
-1.3639
-1.3639
-1.3639
-1.3639
-1.3639
-1.3639
-1.3639
-1.3639
-1.3639
-1.3639
-1.3639
-1.3639
-1.3639
-1.3639
-1.3639
-1.3639
-1.3639
-1.3639
-1.3639
-1.3639
-1.3639
-1.3639
-1.3639
-1.3639
-1.3639
-1.3639
-1.3639
-1.3639
-1.3639
-1.3639
-1.3639
-1.3639
-1.3639
-1.3639
-1.3639
-1.3639
-1.3639
-1.3639
-1.3639
-1.3639
-1.3639
-1.3639
-1.3639
-1.3639
-1.3639
-1.3639
-1.3639
-1.3639
-1.3639
-1.3639
-1.3639
-1.3639
-1.3639
-1.3639
-1.3639
-1.3639
-1.3639
-1.3639
-1.3639
-1.3639
-1.3639
-1.3639
-1.3639
-1.3639
-1.3639
-1.3639
-1.3639
-1.3639
-1.3639
-1.3639
-1.3639
-1.3639
-1.3639
-1.3639
-1.3639
-1.3639
-1.3639
-1.3639
-1.3639
-1.3639
-1.3639
-1.3639
-1.3639
-1.3639
-1.3639
-1.3639
-1.3639
-1.3639
-1.3639
-1.3639
-1.3639
-1.3639
-1.3639
-1.3639
-1.3639
-1.3639
-1.3639
-1.3639
-1.3639
-1.3639
-1.3639
-1.3639
-1.3639
-1.3639
-1.3639
-1.3639
-1.3639
-1.3639
-1.3639
-1.3639
-1.3639
-1.3639
-1.3639
-1.3639
-1.3639
-1.3639
-1.3639
-1.3639
-1.3639
-1.3639
-1.3639
-1.3639
-1.3639
-1.3639
-1.3639
-1.3639
-1.3639
-1.3639
-1.3639
-1.3639
-1.3639
-1.3639
-1.3639
-1.3639
-1.3639
-1.3639
-1.3639
-1.3639
-1.3639
-1.3639
-1.3639
-1.3639
-1.3639
-1.3639
-1.3639
-1.3639
-1.3639
-1.3639
-1.3639
-1.3639
-1.3639
-1.3639
-1.3639
-1.36391
-1.36391
-1.36391
-1.36391
-1.36391
-1.36391
-1.36391
-1.36391
-1.36391
-1.36391
-1.36391
-1.36392
-1.36392
-1.36392
-1.36392
-1.36393
-1.36393
-1.36393
-1.36393
-1.36394
-1.36394
-1.36395
-1.36395
-1.36396
-1.36397
-1.36397
-1.36398
-1.36399
-1.364
-1.36401
-1.36402
-1.36404
-1.36405
-1.36407
-1.36409
-1.36411
-1.36413
-1.36416
-1.36419
-1.36422
-1.36426
-1.3643
-1.36434
-1.36439
-1.36445
-1.36451
-1.36458
-1.36465
-1.36473
-1.36482
-1.36493
-1.36504
-1.36516
-1.3653
-1.36545
-1.36562
-1.36581
-1.36601
-1.36624
-1.36649
-1.36676
-1.36707
-1.3674
-1.36776
-1.36816
-1.3686
-1.36908
-1.3696
-1.37017
-1.37079
-1.37146
-1.37219
-1.37299
-1.37385
-1.37478
-1.37578
-1.37687
-1.37803
-1.37928
-1.38063
-1.38207
-1.38361
-1.38525
-1.38701
-1.38887
-1.39086
-1.39296
-1.39519
-1.39755
-1.40004
-1.40266
-1.40542
-1.40833
-1.41137
-1.41456
-1.41789
-1.42137
-1.425
-1.42878
-1.4327
-1.43677
-1.44098
-1.44534
-1.44983
-1.45447
-1.45924
-1.46414
-1.46916
-1.47431
-1.47957
-1.48494
-1.49041
-1.49599
-1.50165
-1.50739
-1.51321
-1.51909
-1.52503
-1.53102
-1.53705
-1.54312
-1.5492
-1.55529
-1.56139
-1.56748
-1.57356
-1.57961
-1.58563
-1.5916
-1.59752
-1.60338
-1.60917
-1.61489
-1.62051
-1.62605
-1.63149
-1.63682
-1.64204
-1.64714
-1.65212
-1.65697
-1.66169
-1.66627
-1.67071
-1.67502
-1.67917
-1.68319
-1.68706
-1.69078
-1.69435
-1.69777
-1.70105
-1.70419
-1.70718
-1.71003
-1.71274
-1.71531
-1.71775
-1.72006
-1.72224
-1.7243
-1.72624
-1.72806
-1.72978
-1.73138
-1.73288
-1.73429
-1.7356
-1.73682
-1.73795
-1.739
-1.73998
-1.74088
-1.74172
-1.74249
-1.7432
-1.74385
-1.74445
-1.745
-1.74551
-1.74597
-1.74639
-1.74678
-1.74713
-1.74745
-1.74774
-1.74801
-1.74825
-1.74847
-1.74866
-1.74884
-1.749
-1.74915
-1.74928
-1.7494
-1.74951
-1.74961
-1.7497
-1.74978
-1.74985
-1.74992
-1.74997
-1.75003
-1.75007
-1.75012
-1.75016
-1.75019
-1.75022
-1.75025
-1.75027
-1.7503
-1.75032
-1.75034
-1.75035
-1.75037
-1.75038
-1.75039
-1.7504
-1.75041
-1.75042
-1.75043
-1.75044
-1.75044
-1.75045
-1.75045
-1.75046
-1.75046
-1.75047
-1.75047
-1.75047
-1.75048
-1.75048
-1.75048
-1.75048
-1.75048
-1.75049
-1.75049
-1.75049
-1.75049
-1.75049
-1.75049
-1.75049
-1.75049
-1.75049
-1.75049
-1.7505
-1.7505
-1.7505
-1.7505
-1.7505
-1.7505
-1.7505
-1.7505
-1.7505
-1.7505
-1.7505
-1.7505
-1.7505
-1.7505
-1.7505
-1.7505
-1.7505
-1.7505
-1.7505
-1.7505
-1.7505
-1.7505
-1.7505
-1.7505
-1.7505
-1.7505
-1.7505
-1.7505
-1.7505
-1.7505
-1.7505
-1.7505
-1.7505
-1.7505
-1.7505
-1.7505
-1.7505
-1.7505
-1.7505
-1.7505
-1.7505
-1.7505
-1.7505
-1.7505
-1.7505
-1.7505
-1.7505
-1.7505
-1.7505
-1.7505
-1.7505
-1.7505
-1.7505
-1.7505
-1.7505
-1.7505
-1.7505
-1.7505
-1.7505
-1.7505
-1.7505
-1.7505
-1.7505
-1.7505
-1.7505
-1.7505
-1.7505
-1.7505
-1.7505
-1.7505
-1.7505
-1.7505
-1.7505
-1.7505
-1.7505
-1.7505
-1.7505
-1.7505
-1.7505
-1.7505
-1.7505
-1.7505
-1.7505
-1.7505
-1.7505
-1.7505
-1.7505
-1.7505
-1.7505
-1.7505
-1.7505
-1.7505
-1.7505
-1.7505
-1.7505
-1.7505
-1.7505
-1.7505
-1.7505
-1.7505
-1.7505
-1.7505
-1.7505
-1.7505
-1.7505
-1.7505
-1.7505
-1.7505
-1.7505
-1.7505
-1.7505
-1.7505
-1.7505
-1.7505
-1.7505
-1.7505
-1.7505
-1.7505
-1.7505
-1.7505
-1.7505
-1.7505
-1.7505
-1.7505
-1.7505
-1.7505
-1.7505
-1.7505
-1.7505
-1.7505
-1.7505
-1.7505
-1.7505
-1.7505
-1.7505
-1.7505
-1.7505
-1.7505
-1.7505
-1.7505
-1.7505
-1.7505
-1.7505
-1.7505
-1.7505
-1.7505
-1.7505
-1.7505
-1.7505
-1.7505
-1.7505
-1.7505
-1.7505
-1.7505
-1.7505
-1.7505
-1.7505
-1.7505
-1.7505
-1.7505
-1.7505
-1.7505
-1.7505
-1.7505
-1.7505
-1.7505
-1.7505
-1.7505
-1.7505
-1.7505
-1.7505
-1.7505
-1.7505
-1.7505
-1.7505
-1.7505
-1.7505
-1.7505
-1.7505
-1.7505
-1.7505
-1.7505
-1.7505
-1.7505
-1.7505
-1.7505
-1.7505
-1.7505
-1.7505
-1.7505
-1.7505
-1.7505
-1.7505
-1.7505
-1.7505
-1.7505
-1.7505
-1.7505
-1.7505
-1.7505
-1.7505
-1.7505
-1.7505
-1.7505
-1.7505
-1.7505
-1.7505
-1.7505
-1.7505
-1.7505
-1.7505
-1.7505
-1.7505
-1.7505
-1.7505
-1.7505
-1.7505
-1.7505
-1.7505
-1.7505
-1.7505
-1.7505
-1.7505
-1.7505
-1.7505
-1.7505
-1.7505
-1.7505
-1.7505
-1.7505
-1.7505
-1.7505
-1.7505
-1.7505
-1.7505
-1.7505
-1.7505
-1.7505
-1.7505
-1.7505
-1.7505
-1.7505
-1.7505
-1.7505
-1.7505
-1.7505
-1.7505
-1.7505
-1.7505
-1.7505
-1.7505
-1.7505
-1.7505
-1.7505
-1.7505
-1.7505
-1.7505
-1.7505
-1.7505
-1.7505
-1.7505
-1.7505
-1.7505
-1.7505
-1.7505
-1.7505
-1.7505
-1.7505
-1.7505
-1.7505
-1.7505
-1.7505
-1.7505
-1.7505
-1.7505
-1.7505
-1.7505
-1.7505
-1.7505
-1.7505
-1.7505
-1.7505
-1.7505
-1.7505
-1.7505
-1.7505
-1.7505
-1.7505
-1.7505
-1.7505
-1.7505
-1.7505
-1.7505
-1.7505
-1.7505
-1.7505
-1.7505
-1.7505
-1.7505
-1.7505
-1.7505
-1.7505
-1.7505
-1.7505
-1.7505
-1.7505
-1.7505
-1.7505
-1.7505
-1.7505
-1.7505
-1.7505
-1.7505
-1.7505
-1.7505
-1.7505
-1.7505
-1.7505
-1.7505
-1.7505
-1.7505
-1.7505
-1.7505
-1.7505
-1.7505
-1.7505
-1.7505
-1.7505
-1.7505
-1.7505
-1.7505
-1.7505
-1.7505
-1.7505
-1.7505
-1.7505
-1.7505
-1.7505
-1.7505
-1.7505
-1.7505
-1.7505
-1.7505
-1.7505
-1.7505
-1.7505
-1.7505
-1.7505
-1.7505
-1.7505
-1.7505
-1.7505
-1.7505
-1.7505
-1.7505
-1.7505
-1.7505
-1.7505
-1.7505
-1.7505
-1.7505
-1.7505
-1.7505
-1.7505
-1.7505
-1.7505
-1.7505
-1.7505
-1.7505
-1.7505
-1.7505
-1.7505
-1.7505
-1.7505
-1.7505
-1.7505
-1.7505
-1.7505
-1.7505
-1.7505
-1.7505
-1.7505
-1.7505
-1.7505
-1.7505
-1.7505
-1.7505
-1.7505
-1.7505
-1.7505
-1.7505
-1.7505
-1.7505
-1.7505
-1.7505
-1.7505
-1.7505
-1.7505
-1.7505
-1.7505
-1.7505
-1.7505
-1.7505
-1.7505
-1.7505
-1.7505
-1.7505
-1.7505
-1.7505
-1.7505
-1.7505
-1.7505
-1.7505
-1.7505
-1.7505
-1.7505
-1.7505
-1.7505
-1.7505
-1.7505
-1.7505
-1.7505
-1.7505
-1.7505
-1.7505
-1.7505
-1.7505
-1.7505
-1.7505
-1.7505
-1.7505
-1.7505
-1.7505
-1.7505
-1.7505
-1.7505
-1.7505
-1.7505
-1.7505
-1.7505
-1.7505
-1.7505
-1.7505
-1.7505
-1.7505
-1.7505
-1.7505
-1.7505
-1.7505
-1.7505
-1.7505
-1.7505
-1.7505
-1.7505
-1.7505
-1.7505
-1.7505
-1.7505
-1.7505
-1.7505
-1.7505
-1.7505
-1.7505
-1.7505
-1.7505
-1.7505
-1.7505
-1.7505
-1.7505
-1.7505
-1.7505
-1.7505
-1.7505
-1.7505
-1.7505
-1.7505
-1.7505
-1.7505
-1.7505
-1.7505
-1.7505
-1.7505
-1.7505
-1.7505
-1.7505
-1.7505
-1.7505
-1.7505
-1.7505
-1.7505
-1.7505
-1.7505
-1.7505
-1.7505
-1.7505
-1.7505
-1.7505
-1.7505
-1.7505
-1.7505
-1.7505
-1.7505
-1.7505
-1.7505
-1.7505
-1.7505
-1.7505
-1.7505
-1.7505
-1.7505
-1.7505
-1.7505
-1.7505
-1.7505
-1.7505
-1.7505
-1.7505
-1.7505
-1.7505
-1.7505
-1.7505
-1.7505
-1.7505
-1.7505
-1.7505
-1.7505
-1.7505
-1.7505
-1.7505
-1.7505
-1.7505
-1.7505
-1.7505
-1.7505
-1.7505
-1.7505
-1.7505
-1.7505
-1.7505
-1.7505
-1.7505
-1.7505
-1.7505
-1.7505
-1.7505
-1.7505
-1.7505
-1.7505
-1.7505
-1.7505
-1.7505
-1.7505
-1.7505
-1.7505
-1.7505
-1.7505
-1.7505
-1.7505
-1.7505
-1.7505
-1.7505
-1.7505
-1.7505
-1.7505
-1.7505
-1.7505
-1.7505
-1.7505
-1.7505
-1.7505
-1.7505
-1.7505
-1.7505
-1.7505
-1.7505
-1.7505
-1.7505
-1.7505
-1.7505
-1.7505
-1.7505
-1.7505
-1.7505
-1.7505
-1.7505
-1.7505
-1.7505
-1.7505
-1.7505
-1.7505
-1.7505
-1.7505
-1.7505
-1.7505
-1.7505
-1.7505
-1.7505
-1.7505
-1.7505
-1.7505
-1.7505
-1.7505
-1.7505
-1.7505
-1.7505
-1.7505
-1.7505
-1.7505
-1.7505
-1.7505
-1.7505
-1.7505
-1.7505
-1.7505
-1.7505
-1.7505
-1.7505
-1.7505
-1.7505
-1.7505
-1.7505
-1.7505
-1.7505
-1.7505
-1.7505
-1.7505
-1.7505
-1.7505
-1.7505
-1.7505
-1.7505
-1.7505
-1.7505
-1.7505
-1.7505
-1.7505
-1.7505
-1.7505
-1.7505
-1.7505
-1.7505
-1.7505
-1.7505
-1.7505
-1.7505
-1.7505
-1.7505
-1.7505
-1.7505
-1.7505
-1.7505
-1.7505
-1.7505
-1.7505
-1.7505
-1.7505
-1.7505
-1.7505
-1.7505
-1.7505
-1.7505
-1.7505
-1.7505
-1.7505
-1.7505
-1.7505
-1.7505
-1.7505
-1.7505
-1.7505
-1.7505
-1.7505
-1.7505
-1.7505
-1.7505
-1.7505
-1.7505
-1.7505
-1.7505
-1.7505
-1.7505
-1.7505
-1.7505
-1.7505
-1.7505
-1.7505
-1.7505
-1.7505
-1.7505
-1.7505
-1.7505
-1.7505
-1.7505
-1.7505
-1.7505
-1.7505
-1.7505
-1.7505
-1.7505
-1.7505
-1.7505
-1.7505
-1.7505
-1.7505
-1.7505
-1.7505
-1.7505
-1.7505
-1.7505
-1.7505
-1.7505
-1.7505
-1.7505
-1.7505
-1.7505
-1.7505
-1.7505
-1.7505
-1.7505
-1.7505
-1.7505
-1.7505
-1.7505
-1.7505
-1.7505
-1.7505
-1.7505
-1.7505
-1.7505
-1.7505
-1.7505
-1.7505
-1.7505
-1.7505
-1.7505
-1.7505
-1.7505
-1.7505
-1.7505
-1.7505
-1.7505
-1.7505
-1.7505
-1.7505
-1.7505
-1.7505
-1.7505
-1.7505
-1.7505
-1.7505
-1.7505
-1.7505
-1.7505
-1.7505
-1.7505
-1.7505
-1.7505
-1.7505
-1.7505
-1.7505
-1.7505
-1.7505
-1.7505
-1.7505
-1.7505
-1.7505
-1.7505
-1.7505
-1.7505
-1.7505
-1.7505
-1.7505
-1.7505
-1.7505
-1.7505
-1.7505
-1.7505
-1.7505
-1.7505
-1.7505
-1.7505
-1.7505
-1.7505
-1.7505
-1.7505
-1.7505
-1.7505
-1.7505
-1.7505
-1.7505
-1.7505
-1.7505
-1.7505
-1.7505
-1.7505
-1.7505
-1.7505
-1.7505
-1.7505
-1.7505
-1.7505
-1.7505
-1.7505
-1.7505
-1.7505
-1.7505
-1.7505
-1.7505
-1.7505
-1.7505
-1.7505
-1.7505
-1.7505
-1.7505
-1.7505
-1.7505
-1.7505
-1.7505
-1.7505
-1.7505
-1.7505
-1.7505
-1.7505
-1.7505
-1.7505
-1.7505
-1.7505
-1.7505
-1.7505
-1.7505
-1.7505
-1.7505
-1.7505
-1.7505
-1.7505
-1.7505
-1.7505
-1.7505
-1.7505
-1.7505
-1.7505
-1.7505
-1.7505
-1.7505
-1.7505
-1.7505
-1.7505
-1.7505
-1.7505
-1.7505
-1.7505
-1.7505
-1.7505
-1.7505
-1.7505
-1.7505
-1.7505
-1.7505
-1.7505
-1.7505
-1.7505
-1.7505
-1.7505
-1.7505
-1.7505
-1.7505
-1.7505
-1.7505
-1.7505
-1.7505
-1.7505
-1.7505
-1.7505
-1.7505
-1.7505
-1.7505
-1.7505
-1.7505
-1.7505
-1.7505
-1.7505
-1.7505
-1.7505
-1.7505
-1.7505
-1.7505
-1.7505
-1.7505
-1.7505
-1.7505
-1.7505
-1.7505
-1.7505
-1.7505
-1.7505
-1.7505
-1.7505
-1.7505
-1.7505
-1.7505
-1.7505
-1.7505
-1.7505
-1.7505
-1.7505
-1.7505
-1.7505
-1.7505
-1.7505
-1.7505
-1.7505
-1.7505
-1.7505
-1.7505
-1.7505
-1.7505
-1.7505
-1.7505
-1.7505
-1.7505
-1.7505
-1.7505
-1.7505
-1.7505
-1.7505
-1.7505
-1.7505
-1.7505
-1.7505
-1.7505
-1.7505
-1.7505
-1.7505
-1.7505
-1.7505
-1.7505
-1.7505
-1.7505
-1.7505
-1.7505
-1.7505
-1.7505
-1.7505
-1.7505
-1.7505
-1.7505
-1.7505
-1.7505
-1.7505
-1.7505
-1.7505
-1.7505
-1.7505
-1.7505
-1.7505
-1.7505
-1.7505
-1.7505
-1.7505
-1.7505
-1.7505
-1.7505
-1.7505
-1.7505
-1.7505
-1.7505
-1.7505
-1.7505
-1.7505
-1.7505
-1.7505
-1.7505
-1.7505
-1.7505
-1.7505
-1.7505
-1.7505
-1.7505
-1.7505
-1.7505
-1.7505
-1.7505
-1.7505
-1.7505
-1.7505
-1.7505
-1.7505
-1.7505
-1.7505
-1.7505
-1.7505
-1.7505
-1.7505
-1.7505
-1.7505
-1.7505
-1.7505
-1.7505
-1.7505
-1.7505
-1.7505
-1.7505
-1.7505
-1.7505
-1.7505
-1.7505
-1.7505
-1.7505
-1.7505
-1.7505
-1.7505
-1.7505
-1.7505
-1.7505
-1.7505
-1.7505
-1.7505
-1.7505
-1.7505
-1.7505
-1.7505
-1.7505
-1.7505
-1.7505
-1.7505
-1.7505
-1.7505
-1.7505
-1.7505
-1.7505
-1.7505
-1.7505
-1.7505
-1.7505
-1.7505
-1.7505
-1.7505
-1.7505
-1.7505
-1.7505
-1.7505
-1.7505
-1.7505
-1.7505
-1.7505
-1.7505
-1.7505
-1.7505
-1.7505
-1.7505
-1.7505
-1.7505
-1.7505
-1.7505
-1.7505
-1.7505
-1.7505
-1.7505
-1.7505
-1.7505
-1.7505
-1.7505
-1.7505
-1.7505
-1.7505
-1.7505
-1.7505
-1.7505
-1.7505
-1.7505
-1.7505
-1.7505
-1.7505
-1.7505
-1.7505
-1.7505
-1.7505
-1.7505
-1.7505
-1.7505
-1.7505
-1.7505
-1.7505
-1.7505
-1.7505
-1.7505
-1.7505
-1.7505
-1.7505
-1.7505
-1.7505
-1.7505
-1.7505
-1.7505
-1.7505
-1.7505
-1.7505
-1.7505
-1.7505
-1.7505
-1.7505
-1.7505
-1.7505
-1.7505
-1.7505
-1.7505
-1.7505
-1.7505
-1.7505
-1.7505
-1.7505
-1.7505
-1.7505
-1.7505
-1.7505
-1.7505
-1.7505
-1.7505
-1.7505
-1.7505
-1.7505
-1.7505
-1.7505
-1.7505
-1.7505
-1.7505
-1.7505
-1.7505
-1.7505
-1.7505
-1.7505
-1.7505
-1.7505
-1.7505
-1.7505
-1.7505
-1.7505
-1.7505
-1.7505
-1.7505
-1.7505
-1.7505
-1.7505
-1.7505
-1.7505
-1.7505
-1.7505
-1.7505
-1.7505
-1.7505
-1.7505
-1.7505
-1.7505
-1.7505
-1.7505
-1.7505
-1.7505
-1.7505
-1.7505
-1.7505
-1.7505
-1.7505
-1.7505
-1.7505
-1.7505
-1.7505
-1.7505
-1.7505
-1.7505
-1.7505
-1.7505
-1.7505
-1.7505
-1.7505
-1.7505
-1.7505
-1.7505
-1.7505
-1.7505
-1.7505
-1.7505
-1.7505
-1.7505
-1.7505
-1.7505
-1.7505
-1.7505
-1.7505
-1.7505
-1.7505
-1.7505
-1.7505
-1.7505
-1.7505
-1.7505
-1.7505
-1.7505
-1.7505
-1.7505
-1.7505
-1.7505
-1.7505
-1.7505
-1.7505
-1.7505
-1.7505
-1.7505
-1.7505
-1.7505
-1.7505
-1.7505
-1.7505
-1.7505
-1.7505
-1.7505
-1.7505
-1.7505
-1.7505
-1.7505
-1.7505
-1.7505
-1.7505
-1.7505
-1.7505
-1.7505
-1.7505
-1.7505
-1.7505
-1.7505
-1.7505
-1.7505
-1.7505
-1.7505
-1.7505
-1.7505
-1.7505
-1.7505
-1.7505
-1.7505
-1.7505
-1.7505
-1.7505
-1.7505
-1.7505
-1.7505
-1.7505
-1.7505
-1.7505
-1.7505
-1.7505
-1.7505
-1.7505
-1.7505
-1.7505
-1.7505
-1.7505
-1.7505
-1.7505
-1.7505
-1.7505
-1.7505
-1.7505
-1.7505
-1.7505
-1.7505
-1.7505
-1.7505
-1.7505
-1.7505
-1.7505
-1.7505
-1.7505
-1.7505
-1.7505
-1.7505
-1.7505
-1.7505
-1.7505
-1.7505
-1.7505
-1.7505
-1.7505
-1.7505
-1.7505
-1.7505
-1.7505
-1.7505
-1.7505
-1.7505
-1.7505
-1.7505
-1.7505
-1.7505
-1.7505
-1.7505
-1.7505
-1.7505
-1.7505
-1.7505
-1.7505
-1.7505
-1.7505
-1.7505
-1.7505
-1.7505
-1.7505
-1.7505
-1.7505
-1.7505
-1.7505
-1.7505
-1.7505
-1.7505
-1.7505
-1.7505
-1.7505
-1.7505
-1.7505
-1.7505
-1.7505
-1.7505
-1.7505
-1.7505
-1.7505
-1.7505
-1.7505
-1.7505
-1.7505
-1.7505
-1.7505
-1.7505
-1.7505
-1.7505
-1.7505
-1.7505
-1.7505
-1.7505
-1.7505
-1.7505
-1.7505
-1.7505
-1.7505
-1.7505
-1.7505
-1.7505
-1.7505
-1.7505
-1.7505
-1.7505
-1.7505
-1.7505
-1.7505
-1.7505
-1.7505
-1.7505
-1.7505
-1.7505
-1.7505
-1.7505
-1.7505
-1.7505
-1.7505
-1.7505
-1.7505
-1.7505
-1.7505
-1.7505
-1.7505
-1.7505
-1.7505
-1.7505
-1.7505
-1.7505
-1.7505
-1.7505
-1.7505
-1.7505
-1.7505
-1.7505
-1.7505
-1.7505
-1.7505
-1.7505
-1.7505
-1.7505
-1.7505
-1.7505
-1.7505
-1.7505
-1.7505
-1.7505
-1.7505
-1.7505
-1.7505
-1.7505
-1.7505
-1.7505
-1.7505
-1.7505
-1.7505
-1.7505
-1.7505
-1.7505
-1.7505
-1.7505
-1.7505
-1.7505
-1.7505
-1.7505
-1.7505
-1.7505
-1.7505
-1.7505
-1.7505
-1.7505
-1.7505
-1.7505
-1.7505
-1.7505
-1.7505
-1.7505
-1.7505
-1.7505
-1.7505
-1.7505
-1.7505
-1.7505
-1.7505
-1.7505
-1.7505
-1.7505
-1.7505
-1.7505
-1.7505
-1.7505
-1.7505
-1.7505
-1.7505
-1.7505
-1.7505
-1.7505
-1.7505
-1.7505
-1.7505
-1.7505
-1.7505
-1.7505
-1.7505
-1.7505
-1.7505
-1.7505
-1.7505
-1.7505
-1.7505
-1.7505
-1.7505
-1.7505
-1.7505
-1.7505
-1.7505
-1.7505
-1.7505
-1.7505
-1.7505
-1.7505
-1.7505
-1.7505
-1.7505
-1.7505
-1.7505
-1.7505
-1.7505
-1.7505
-1.7505
-1.7505
-1.7505
-1.7505
-1.7505
-1.7505
-1.7505
-1.7505
-1.7505
-1.7505
-1.7505
-1.7505
-1.7505
-1.7505
-1.7505
-1.7505
-1.7505
-1.7505
-1.7505
-1.7505
-1.7505
-1.7505
-1.7505
-1.7505
-1.7505
-1.7505
-1.7505
-1.7505
-1.7505
-1.7505
-1.7505
-1.7505
-1.7505
-1.7505
-1.7505
-1.7505
-1.7505
-1.7505
-1.7505
-1.7505
-1.7505
-1.7505
-1.7505
-1.7505
-1.7505
-1.7505
-1.7505
-1.7505
-1.7505
-1.7505
-1.7505
-1.7505
-1.7505
-1.7505
-1.7505
-1.7505
-1.7505
-1.7505
-1.7505
-1.7505
-1.7505
-1.7505
-1.7505
-1.7505
-1.7505
-1.7505
-1.7505
-1.7505
-1.7505
-1.7505
-1.7505
-1.7505
-1.7505
-1.7505
-1.7505
-1.7505
-1.7505
-1.7505
-1.7505
-1.7505
-1.7505
-1.7505
-1.7505
-1.7505
-1.7505
-1.7505
-1.7505
-1.7505
-1.7505
-1.7505
-1.7505
-1.7505
-1.7505
-1.7505
-1.7505
-1.7505
-1.7505
-1.7505
-1.7505
-1.7505
-1.7505
-1.7505
-1.7505
-1.7505
-1.7505
-1.7505
-1.7505
-1.7505
-1.7505
-1.7505
-1.7505
-1.7505
-1.7505
-1.7505
-1.7505
-1.7505
-1.7505
-1.7505
-1.7505
-1.7505
-1.7505
-1.7505
-1.7505
-1.7505
-1.7505
-1.7505
-1.7505
-1.7505
-1.7505
-1.7505
-1.7505
-1.7505
-1.7505
-1.7505
-1.7505
-1.7505
-1.7505
-1.7505
-1.7505
-1.7505
-1.7505
-1.7505
-1.7505
-1.7505
-1.7505
-1.7505
-1.7505
-1.7505
-1.7505
-1.7505
-1.7505
-1.7505
-1.7505
-1.7505
-1.7505
-1.7505
-1.7505
-1.7505
-1.7505
-1.7505
-1.7505
-1.7505
-1.7505
-1.7505
-1.7505
-1.7505
-1.7505
-1.7505
-1.7505
-1.7505
-1.7505
-1.7505
-1.7505
-1.7505
-1.7505
-1.7505
-1.7505
-1.7505
-1.7505
-1.7505
-1.7505
-1.7505
-1.7505
-1.7505
-1.7505
-1.7505
-1.7505
-1.7505
-1.7505
-1.7505
-1.7505
-1.7505
-1.7505
-1.7505
-1.7505
-1.7505
-1.7505
-1.7505
-1.7505
-1.7505
-1.7505
-1.7505
-1.7505
-1.7505
-1.7505
-1.7505
-1.7505
-1.7505
-1.7505
-1.7505
-1.7505
-1.7505
-1.7505
-1.7505
-1.7505
-1.7505
-1.7505
-1.7505
-1.7505
-1.7505
-1.7505
-1.7505
-1.7505
-1.7505
-1.7505
-1.7505
-1.7505
-1.7505
-1.7505
-1.7505
-1.7505
-1.7505
-1.7505
-1.7505
-1.7505
-1.7505
-1.7505
-1.7505
-1.7505
-1.7505
-1.7505
-1.7505
-1.7505
-1.7505
-1.7505
-1.7505
-1.7505
-1.7505
-1.7505
-1.7505
-1.7505
-1.7505
-1.7505
-1.7505
-1.7505
-1.7505
-1.7505
-1.7505
-1.7505
-1.7505
-1.7505
-1.7505
-1.7505
-1.7505
-1.7505
-1.7505
-1.7505
-1.7505
-1.7505
-1.7505
-1.7505
-1.7505
-1.7505
-1.7505
-1.7505
-1.7505
-1.7505
-1.7505
-1.7505
-1.7505
-1.7505
-1.7505
-1.7505
-1.7505
-1.7505
-1.7505
-1.7505
-1.7505
-1.7505
-1.7505
-1.7505
-1.7505
-1.7505
-1.7505
-1.7505
-1.7505
-1.7505
-1.7505
-1.7505
-1.7505
-1.7505
-1.7505
-1.7505
-1.7505
-1.7505
-1.7505
-1.7505
-1.7505
-1.7505
-1.7505
-1.7505
-1.7505
-1.7505
-1.7505
-1.7505
-1.7505
-1.7505
-1.7505
-1.7505
-1.7505
-1.7505
-1.7505
-1.7505
-1.7505
-1.7505
-1.7505
-1.7505
-1.7505
-1.7505
-1.7505
-1.7505
-1.7505
-1.7505
-1.7505
-1.7505
-1.7505
-1.7505
-1.7505
-1.7505
-1.7505
-1.7505
-1.7505
-1.7505
-1.7505
-1.7505
-1.7505
-1.7505
-1.7505
-1.7505
-1.7505
-1.7505
-1.7505
-1.7505
-1.7505
-1.7505
-1.7505
-1.7505
-1.7505
-1.7505
-1.7505
-1.7505
-1.7505
-1.7505
-1.7505
-1.7505
-1.7505
-1.7505
-1.7505
-1.7505
-1.7505
-1.7505
-1.7505
-1.7505
-1.7505
-1.7505
-1.7505
-1.7505
-1.7505
-1.7505
-1.7505
-1.7505
-1.7505
-1.7505
-1.7505
-1.7505
-1.7505
-1.7505
-1.7505
-1.7505
-1.7505
-1.7505
-1.7505
-1.7505
-1.7505
-1.7505
-1.7505
-1.7505
-1.7505
-1.7505
-1.7505
-1.7505
-1.7505
-1.7505
-1.7505
-1.7505
-1.7505
-1.7505
-1.7505
-1.7505
-1.7505
-1.7505
-1.7505
-1.7505
-1.7505
-1.7505
-1.7505
-1.7505
-1.7505
-1.7505
-1.7505
-1.7505
-1.7505
-1.7505
-1.7505
-1.7505
-1.7505
-1.7505
-1.7505
-1.7505
-1.7505
-1.7505
-1.7505
-1.7505
-1.7505
-1.7505
-1.7505
-1.7505
-1.7505
-1.7505
-1.7505
-1.7505
-1.7505
-1.7505
-1.7505
-1.7505
-1.7505
-1.7505
-1.7505
-1.7505
-1.7505
-1.7505
-1.7505
-1.7505
-1.7505
-1.7505
-1.7505
-1.7505
-1.7505
-1.7505
-1.7505
-1.7505
-1.7505
-1.7505
-1.7505
-1.7505
-1.7505
-1.7505
-1.7505
-1.7505
-1.7505
-1.7505
-1.7505
-1.7505
-1.7505
-1.7505
-1.7505
-1.7505
-1.7505
-1.7505
-1.7505
-1.7505
-1.7505
-1.7505
-1.7505
-1.7505
-1.7505
-1.7505
-1.7505
-1.7505
-1.7505
-1.7505
-1.7505
-1.7505
-1.7505
-1.7505
-1.7505
-1.7505
-1.7505
-1.7505
-1.7505
-1.7505
-1.7505
-1.7505
-1.7505
-1.7505
-1.7505
-1.7505
-1.7505
-1.7505
-1.7505
-1.7505
-1.7505
-1.7505
-1.7505
-1.7505
-1.7505
-1.7505
-1.7505
-1.7505
-1.7505
-1.7505
-1.7505
-1.7505
-1.7505
-1.7505
-1.7505
-1.7505
-1.7505
-1.7505
-1.7505
-1.7505
-1.7505
-1.7505
-1.7505
-1.7505
-1.7505
-1.7505
-1.7505
-1.7505
-1.7505
-1.7505
-1.7505
-1.7505
-1.7505
-1.7505
-1.7505
-1.7505
-1.7505
-1.7505
-1.7505
-1.7505
-1.7505
-1.7505
-1.7505
-1.7505
-1.7505
-1.7505
-1.7505
-1.7505
-1.7505
-1.7505
-1.7505
-1.7505
-1.7505
-1.7505
-1.7505
-1.7505
-1.7505
-1.7505
-1.7505
-1.7505
-1.7505
-1.7505
-1.7505
-1.7505
-1.7505
-1.7505
-1.7505
-1.7505
-1.7505
-1.7505
-1.7505
-1.7505
-1.7505
-1.7505
-1.7505
-1.7505
-1.7505
-1.7505
-1.7505
-1.7505
-1.7505
-1.7505
-1.7505
-1.7505
-1.7505
-1.7505
-1.7505
-1.7505
-1.7505
-1.7505
-1.7505
-1.7505
-1.7505
-1.7505
-1.7505
-1.7505
-1.7505
-1.7505
-1.7505
-1.7505
-1.7505
-1.7505
-1.7505
-1.7505
-1.7505
-1.7505
-1.7505
-1.7505
-1.7505
-1.7505
-1.7505
-1.7505
-1.7505
-1.7505
-1.7505
-1.7505
-1.7505
-1.7505
-1.7505
-1.7505
-1.7505
-1.7505
-1.7505
-1.7505
-1.7505
-1.7505
-1.7505
-1.7505
-1.7505
-1.7505
-1.7505
-1.7505
-1.7505
-1.7505
-1.7505
-1.7505
-1.7505
-1.7505
-1.7505
-1.7505
-1.7505
-1.7505
-1.7505
-1.7505
-1.7505
-1.7505
-1.7505
-1.7505
-1.7505
-1.7505
-1.7505
-1.7505
-1.7505
-1.7505
-1.7505
-1.7505
-1.7505
-1.7505
-1.7505
-1.7505
-1.7505
-1.7505
-1.7505
-1.7505
-1.7505
-1.7505
-1.7505
-1.7505
-1.7505
-1.7505
-1.7505
-1.7505
-1.7505
-1.7505
-1.7505
-1.7505
-1.7505
-1.7505
-1.7505
-1.7505
-1.7505
-1.7505
-1.7505
-1.7505
-1.7505
-1.7505
-1.7505
-1.7505
-1.7505
-1.7505
-1.7505
-1.7505
-1.7505
-1.7505
-1.7505
-1.7505
-1.7505
-1.7505
-1.7505
-1.7505
-1.7505
-1.7505
-1.7505
-1.7505
-1.7505
-1.7505
-1.7505
-1.7505
-1.7505
-1.7505
-1.7505
-1.7505
-1.7505
-1.7505
-1.7505
-1.7505
-1.7505
-1.7505
-1.7505
-1.7505
-1.7505
-1.7505
-1.7505
-1.7505
-1.7505
-1.7505
-1.7505
-1.7505
-1.7505
-1.7505
-1.7505
-1.7505
-1.7505
-1.7505
-1.7505
-1.7505
-1.7505
-1.7505
-1.7505
-1.7505
-1.7505
-1.7505
-1.7505
-1.7505
-1.7505
-1.7505
-1.7505
-1.7505
-1.7505
-1.7505
-1.7505
-1.7505
-1.7505
-1.7505
-1.7505
-1.7505
-1.7505
-1.7505
-1.7505
-1.7505
-1.7505
-1.7505
-1.7505
-1.7505
-1.7505
-1.7505
-1.7505
-1.7505
-1.7505
-1.7505
-1.7505
-1.7505
-1.7505
-1.7505
-1.7505
-1.7505
-1.7505
-1.7505
-1.7505
-1.7505
-1.7505
-1.7505
-1.7505
-1.7505
-1.7505
-1.7505
-1.7505
-1.7505
-1.7505
-1.7505
-1.7505
-1.7505
-1.7505
-1.7505
-1.7505
-1.7505
-1.7505
-1.7505
-1.7505
-1.7505
-1.7505
-1.7505
-1.7505
-1.7505
-1.7505
-1.7505
-1.7505
-1.7505
-1.7505
-1.7505
-1.7505
-1.7505
-1.7505
-1.7505
-1.7505
-1.7505
-1.7505
-1.7505
-1.7505
-1.7505
-1.7505
-1.7505
-1.7505
-1.7505
-1.7505
-1.7505
-1.7505
-1.7505
-1.7505
-1.7505
-1.7505
-1.7505
-1.7505
-1.7505
-1.7505
-1.7505
-1.7505
-1.7505
-1.7505
-1.7505
-1.7505
-1.7505
-1.7505
-1.7505
-1.7505
-1.7505
-1.7505
-1.7505
-1.7505
-1.7505
-1.7505
-1.7505
-1.7505
-1.7505
-1.7505
-1.7505
-1.7505
-1.7505
-1.7505
-1.7505
-1.7505
-1.7505
-1.7505
-1.7505
-1.7505
-1.7505
-1.7505
-1.7505
-1.7505
-1.7505
-1.7505
-1.7505
-1.7505
-1.7505
-1.7505
-1.7505
-1.7505
-1.7505
-1.7505
-1.7505
-1.7505
-1.7505
-1.7505
-1.7505
-1.7505
-1.7505
-1.7505
-1.7505
-1.7505
-1.7505
-1.7505
-1.7505
-1.7505
-1.7505
-1.7505
-1.7505
-1.7505
-1.7505
-1.7505
-1.7505
-1.7505
-1.7505
-1.7505
-1.7505
-1.7505
-1.7505
-1.7505
-1.7505
-1.7505
-1.7505
-1.7505
-1.7505
-1.7505
-1.7505
-1.7505
-1.7505
-1.7505
-1.7505
-1.7505
-1.7505
-1.7505
-1.7505
-1.7505
-1.7505
-1.7505
-1.7505
-1.7505
-1.7505
-1.7505
-1.7505
-1.7505
-1.7505
-1.7505
-1.7505
-1.7505
-1.7505
-1.7505
-1.7505
-1.7505
-1.7505
-1.7505
-1.7505
-1.7505
-1.7505
-1.7505
-1.7505
-1.7505
-1.7505
-1.7505
-1.7505
-1.7505
-1.7505
-1.7505
-1.7505
-1.7505
-1.7505
-1.7505
-1.7505
-1.7505
-1.7505
-1.7505
-1.7505
-1.7505
-1.7505
-1.7505
-1.7505
-1.7505
-1.7505
-1.7505
-1.7505
-1.7505
-1.7505
-1.7505
-1.7505
-1.7505
-1.7505
-1.7505
-1.7505
-1.7505
-1.7505
-1.7505
-1.7505
-1.7505
-1.7505
-1.7505
-1.7505
-1.7505
-1.7505
-1.7505
-1.7505
-1.7505
-1.7505
-1.7505
-1.7505
-1.7505
-1.7505
-1.7505
-1.7505
-1.7505
-1.7505
-1.7505
-1.7505
-1.7505
-1.7505
-1.7505
-1.7505
-1.7505
-1.7505
-1.7505
-1.7505
-1.7505
-1.7505
-1.7505
-1.7505
-1.7505
-1.7505
-1.7505
-1.7505
-1.7505
-1.7505
-1.7505
-1.7505
-1.7505
-1.7505
-1.7505
-1.7505
-1.7505
-1.7505
-1.7505
-1.7505
-1.7505
-1.7505
-1.7505
-1.7505
-1.7505
-1.7505
-1.7505
-1.7505
-1.7505
-1.7505
-1.7505
-1.7505
-1.7505
-1.7505
-1.7505
-1.7505
-1.7505
-1.7505
-1.7505
-1.7505
-1.7505
-1.7505
-1.7505
-1.7505
-1.7505
-1.7505
-1.7505
-1.7505
-1.7505
-1.7505
-1.7505
-1.7505
-1.7505
-1.7505
-1.7505
-1.7505
-1.7505
-1.7505
-1.7505
-1.7505
-1.7505
-1.7505
-1.7505
-1.7505
-1.7505
-1.7505
-1.7505
-1.7505
-1.7505
-1.7505
-1.7505
-1.7505
-1.7505
-1.7505
-1.7505
-1.7505
-1.7505
-1.7505
-1.7505
-1.7505
-1.7505
-1.7505
-1.7505
-1.7505
-1.7505
-1.7505
-1.7505
-1.7505
-1.7505
-1.7505
-1.7505
-1.7505
-1.7505
-1.7505
-1.7505
-1.7505
-1.7505
-1.7505
-1.7505
-1.7505
-1.7505
-1.7505
-1.7505
-1.7505
-1.7505
-1.7505
-1.7505
-1.7505
-1.7505
-1.7505
-1.7505
-1.7505
-1.7505
-1.7505
-1.7505
-1.7505
-1.7505
-1.7505
-1.7505
-1.7505
-1.7505
-1.7505
-1.7505
-1.7505
-1.7505
-1.7505
-1.7505
-1.7505
-1.7505
-1.7505
-1.7505
-1.7505
-1.7505
-1.7505
-1.7505
-1.7505
-1.7505
-1.7505
-1.7505
-1.7505
-1.7505
-1.7505
-1.7505
-1.7505
-1.7505
-1.7505
-1.7505
-1.7505
-1.7505
-1.7505
-1.7505
-1.7505
-1.7505
-1.7505
-1.7505
-1.7505
-1.7505
-1.7505
-1.7505
-1.7505
-1.7505
-1.7505
-1.7505
-1.7505
-1.7505
-1.7505
-1.7505
-1.7505
-1.7505
-1.7505
-1.7505
-1.7505
-1.7505
-1.7505
-1.7505
-1.7505
-1.7505
-1.7505
-1.7505
-1.7505
-1.7505
-1.7505
-1.7505
-1.7505
-1.7505
-1.7505
-1.7505
-1.7505
-1.7505
-1.7505
-1.7505
-1.7505
-1.7505
-1.7505
-1.7505
-1.7505
-1.7505
-1.7505
-1.7505
-1.7505
-1.7505
-1.7505
-1.7505
-1.7505
-1.7505
-1.7505
-1.7505
-1.7505
-1.7505
-1.7505
-1.7505
-1.7505
-1.7505
-1.7505
-1.7505
-1.7505
-1.7505
-1.7505
-1.7505
-1.7505
-1.7505
-1.7505
-1.7505
-1.7505
-1.7505
-1.7505
-1.7505
-1.7505
-1.7505
-1.7505
-1.7505
-1.7505
-1.7505
-1.7505
-1.7505
-1.7505
-1.7505
-1.7505
-1.7505
-1.7505
-1.7505
-1.7505
-1.7505
-1.7505
-1.7505
-1.7505
-1.7505
-1.7505
-1.7505
-1.7505
-1.7505
-1.7505
-1.7505
-1.7505
-1.7505
-1.7505
-1.7505
-1.7505
-1.7505
-1.7505
-1.7505
-1.7505
-1.7505
-1.7505
-1.7505
-1.7505
-1.7505
-1.7505
-1.7505
-1.7505
-1.7505
-1.7505
-1.7505
-1.7505
-1.7505
-1.7505
-1.7505
-1.7505
-1.7505
-1.7505
-1.7505
-1.7505
-1.7505
-1.7505
-1.7505
-1.7505
-1.7505
-1.7505
-1.7505
-1.7505
-1.7505
-1.7505
-1.7505
-1.7505
-1.7505
-1.7505
-1.7505
-1.7505
-1.7505
-1.7505
-1.7505
-1.7505
-1.7505
-1.7505
-1.7505
-1.7505
-1.7505
-1.7505
-1.7505
-1.7505
-1.7505
-1.7505
-1.7505
-1.7505
-1.7505
-1.7505
-1.7505
-1.7505
-1.7505
-1.7505
-1.7505
-1.7505
-1.7505
-1.7505
-1.7505
-1.7505
-1.7505
-1.7505
-1.7505
-1.7505
-1.7505
-1.7505
-1.7505
-1.7505
-1.7505
-1.7505
-1.7505
-1.7505
-1.7505
-1.7505
-1.7505
-1.7505
-1.7505
-1.7505
-1.7505
-1.7505
-1.7505
-1.7505
-1.7505
-1.7505
-1.7505
-1.7505
-1.7505
-1.7505
-1.7505
-1.7505
-1.7505
-1.7505
-1.7505
-1.7505
-1.7505
-1.7505
-1.7505
-1.7505
-1.7505
-1.7505
-1.7505
-1.7505
-1.7505
-1.7505
-1.7505
-1.7505
-1.7505
-1.7505
-1.7505
-1.7505
-1.7505
-1.7505
-1.7505
-1.7505
-1.7505
-1.7505
-1.7505
-1.7505
-1.7505
-1.7505
-1.7505
-1.7505
0.066
0.066
0.066
0.066
0.066
0.066
0.066
0.066
0.066
0.066
0.066
0.066
0.066
0.066
0.066
0.066
0.066
0.066
0.066
0.066
0.066
0.066
0.066
0.066
0.066
0.066
0.066
0.066
0.066
0.066
0.066
0.066
0.066
0.066
0.066
0.066
0.066
0.066
0.066
0.066
0.066
0.066
0.066
0.066
0.066
0.066
0.066
0.066
0.066
0.066
0.066
0.066
0.066
0.066
0.066
0.066
0.066
0.066
0.066
0.066
0.066
0.066
0.066
0.066
0.066
0.066
0.066
0.066
0.066
0.066
0.066
0.066
0.066
0.066
0.066
0.066
0.066
0.066
0.066
0.066
0.066
0.066
0.066
0.066
0.066
0.066
0.066
0.066
0.066
0.066
0.066
0.066
0.066
0.066
0.066
0.066
0.066
0.066
0.066
0.066
0.066
0.066
0.066
0.066
0.066
0.066
0.066
0.066
0.066
0.066
0.066
0.066
0.066
0.066
0.066
0.066
0.066
0.066
0.066
0.066
0.066
0.066
0.066
0.066
0.066
0.066
0.066
0.066
0.066
0.066
0.0661
0.0661
0.0661
0.0661
0.0661
0.0661
0.0661
0.0661
0.0661
0.0661
0.0661
0.0661
0.0661
0.0661
0.0661
0.0661
0.0661
0.0661
0.0661
0.0661
0.0661
0.0661
0.0661
0.0661
0.0661
0.0661
0.0661
0.0661
0.0661
0.0661
0.0661
0.0661
0.0661
0.0661
0.0661
0.0661
0.0661
0.0661
0.0661
0.0661
0.0661
0.0661
0.0661
0.0661
0.0661
0.0661
0.0661
0.0661
0.0661
0.0661
0.0661
0.0661
0.0661
0.0661
0.0661
0.0661
0.0661
0.0661
0.0661
0.0661
0.0661
0.0661
0.0661
0.0661
0.0661
0.0661
0.0661
0.0661
0.0661
0.0661
0.0662
0.0662
0.0662
0.0662
0.0662
0.0662
0.0662
0.0662
0.0662
0.0662
0.0662
0.0662
0.0662
0.0662
0.0662
0.0662
0.0662
0.0662
0.0662
0.0662
0.0662
0.0662
0.0662
0.0662
0.0663
0.0663
0.0663
0.0663
0.0663
0.0663
0.0663
0.0663
0.0663
0.0663
0.0663
0.0663
0.0663
0.0663
0.0664
0.0664
0.0664
0.0664
0.0664
0.0664
0.0664
0.0664
0.0665
0.0665
0.0665
0.0665
0.0665
0.0665
0.0665
0.0665
0.0665
0.0666
0.0666
0.0666
0.0666
0.0666
0.0666
0.0666
0.0667
0.0667
0.0667
0.0667
0.0667
0.0667
0.0668
0.0668
0.0668
0.0668
0.0668
0.0668
0.0669
0.0669
0.0669
0.0669
0.0669
0.0669
0.067
0.067
0.067
0.067
0.067
0.0671
0.0671
0.0671
0.0671
0.0672
0.0672
0.0672
0.0672
0.0672
0.0673
0.0673
0.0673
0.0673
0.0674
0.0674
0.0674
0.0675
0.0675
0.0675
0.0675
0.0676
0.0676
0.0676
0.0676
0.0677
0.0677
0.0677
0.0678
0.0678
0.0678
0.0679
0.0679
0.0679
0.068
0.068
0.0681
0.0681
0.0681
0.0682
0.0682
0.0682
0.0683
0.0683
0.0684
0.0684
0.0684
0.0685
0.0685
0.0686
0.0686
0.0687
0.0687
0.0687
0.0688
0.0688
0.0688
0.0689
0.0689
0.069
0.069
0.069
0.0691
0.0691
0.0691
0.0692
0.0692
0.0692
0.0693
0.0693
0.0693
0.0694
0.0694
0.0694
0.0695
0.0695
0.0695
0.0696
0.0696
0.0696
0.0697
0.0697
0.0697
0.0698
0.0698
0.0698
0.0699
0.0699
0.0699
0.07
0.07
0.07
0.0701
0.0701
0.0701
0.0702
0.0702
0.0702
0.0703
0.0703
0.0703
0.0704
0.0704
0.0704
0.0705
0.0705
0.0705
0.0706
0.0706
0.0706
0.0706
0.0707
0.0707
0.0707
0.0707
0.0708
0.0708
0.0708
0.0708
0.0709
0.0709
0.0709
0.0709
0.071
0.071
0.071
0.071
0.0711
0.0711
0.0711
0.0711
0.0711
0.0712
0.0712
0.0712
0.0712
0.0713
0.0713
0.0713
0.0713
0.0713
0.0713
0.0713
0.0714
0.0714
0.0714
0.0714
0.0714
0.0714
0.0714
0.0714
0.0715
0.0715
0.0715
0.0715
0.0715
0.0715
0.0715
0.0715
0.0715
0.0715
0.0715
0.0716
0.0716
0.0716
0.0716
0.0716
0.0716
0.0716
0.0716
0.0716
0.0716
0.0716
0.0716
0.0716
0.0716
0.0716
0.0716
0.0716
0.0716
0.0716
0.0716
0.0717
0.0717
0.0717
0.0717
0.0717
0.0717
0.0717
0.0717
0.0717
0.0717
0.0717
0.0717
0.0717
0.0717
0.0717
0.0717
0.0717
0.0717
0.0717
0.0717
0.0717
0.0717
0.0717
0.0717
0.0717
0.0717
0.0717
0.0717
0.0717
0.0717
0.0717
0.0717
0.0717
0.0717
0.0717
0.0717
0.0717
0.0717
0.0717
0.0717
0.0717
0.0717
0.0717
0.0717
0.0717
0.0717
0.0717
0.0717
0.0717
0.0717
0.0717
0.0717
0.0717
0.0717
0.0717
0.0717
0.0717
0.0717
0.0717
0.0717
0.0717
0.0717
0.0717
0.0717
0.0717
0.0717
0.0717
0.0717
0.0717
0.0717
0.0717
0.0717
0.0717
0.0717
0.0717
0.0717
0.0717
0.0717
0.0717
0.0717
0.0717
0.0717
0.0717
0.0717
0.0717
0.0717
0.0717
0.0717
0.0717
0.0717
0.0717
0.0717
0.0717
0.0717
0.0717
0.0717
0.0717
0.0717
0.0717
0.0717
0.0717
0.0716
0.0717
0.0717
0.0716
0.0716
0.0717
0.0716
0.0716
0.0716
0.0716
0.0716
0.0716
0.0716
0.0716
0.0716
0.0716
0.0716
0.0716
0.0716
0.0716
0.0716
0.0716
0.0716
0.0716
0.0716
0.0716
0.0716
0.0716
0.0716
0.0716
0.0716
0.0716
0.0716
0.0716
0.0716
0.0716
0.0716
0.0716
0.0716
0.0716
0.0716
0.0716
0.0716
0.0716
0.0716
0.0716
0.0716
0.0716
0.0716
0.0716
0.0716
0.0716
0.0716
0.0716
0.0716
0.0716
0.0716
0.0716
0.0716
0.0716
0.0716
0.0716
0.0716
0.0716
0.0716
0.0716
0.0716
0.0716
0.0716
0.0716
0.0716
0.0716
0.0716
0.0716
0.0716
0.0716
0.0716
0.0716
0.0716
0.0716
0.0716
0.0716
0.0716
0.0716
0.0716
0.0716
0.0716
0.0716
0.0716
0.0716
0.0716
0.0716
0.0716
0.0716
0.0716
0.0716
0.0716
0.0716
0.0716
0.0716
0.0716
0.0716
0.0716
0.0716
0.0716
0.0716
0.0716
0.0716
0.0716
0.0716
0.0716
0.0716
0.0716
0.0716
0.0716
0.0716
0.0716
0.0716
0.0716
0.0716
0.0716
0.0716
0.0716
0.0716
0.0716
0.0716
0.0716
0.0716
0.0716
0.0716
0.0716
0.0716
0.0716
0.0716
0.0716
0.0716
0.0716
0.0716
0.0716
0.0716
0.0716
0.0716
0.0716
0.0716
0.0716
0.0716
0.0716
0.0716
0.0716
0.0716
0.0716
0.0716
0.0716
0.0716
0.0716
0.0716
0.0716
0.0716
0.0716
0.0716
0.0716
0.0716
0.0716
0.0716
0.0716
0.0716
0.0716
0.0716
0.0716
0.0716
0.0716
0.0716
0.0716
0.0716
0.0716
0.0716
0.0716
0.0716
0.0716
0.0716
0.0716
0.0716
0.0716
0.0716
0.0716
0.0716
0.0716
0.0716
0.0716
0.0716
0.0716
0.0716
0.0716
0.0716
0.0716
0.0716
0.0716
0.0716
0.0716
0.0716
0.0716
0.0716
0.0716
0.0716
0.0716
0.0716
0.0716
0.0716
0.0716
0.0716
0.0716
0.0716
0.0716
0.0716
0.0716
0.0716
0.0716
0.0716
0.0716
0.0716
0.0716
0.0716
0.0716
0.0716
0.0716
0.0716
0.0716
0.0716
0.0716
0.0716
0.0716
0.0716
0.0716
0.0716
0.0716
0.0716
0.0716
0.0716
0.0716
0.0716
0.0716
0.0716
0.0716
0.0716
0.0716
0.0716
0.0716
0.0716
0.0716
0.0716
0.0716
0.0716
0.0716
0.0716
0.0716
0.0716
0.0716
0.0716
0.0716
0.0716
0.0716
0.0716
0.0716
0.0716
0.0716
0.0716
0.0716
0.0716
0.0716
0.0716
0.0716
0.0716
0.0716
0.0716
0.0716
0.0716
0.0716
0.0716
0.0716
0.0716
0.0716
0.0716
0.0716
0.0716
0.0716
0.0716
0.0716
0.0716
0.0716
0.0716
0.0716
0.0716
0.0716
0.0716
0.0716
0.0716
0.0716
0.0716
0.0716
0.0716
0.0716
0.0716
0.0716
0.0716
0.0716
0.0716
0.0716
0.0716
0.0716
0.0716
0.0716
0.0716
0.0716
0.0716
0.0716
0.0716
0.0716
0.0716
0.0716
0.0716
0.0716
0.0716
0.0716
0.0716
0.0716
0.0716
0.0716
0.0716
0.0716
0.0716
0.0716
0.0716
0.0716
0.0716
0.0716
0.0716
0.0716
0.0716
0.0716
0.0716
0.0716
0.0716
0.0716
0.0716
0.0716
0.0716
0.0716
0.0716
0.0716
0.0716
0.0716
0.0716
0.0716
0.0716
0.0716
0.0716
0.0716
0.0716
0.0716
0.0716
0.0716
0.0716
0.0716
0.0716
0.0716
0.0716
0.0716
0.0716
0.0716
0.0716
0.0716
0.0716
0.0716
0.0716
0.0716
0.0716
0.0716
0.0716
0.0716
0.0716
0.0716
0.0716
0.0716
0.0716
0.0716
0.0716
0.0716
0.0716
0.0716
0.0716
0.0716
0.0716
0.0716
0.0716
0.0716
0.0716
0.0716
0.0716
0.0716
0.0716
0.0716
0.0716
0.0716
0.0716
0.0716
0.0716
0.0716
0.0716
0.0716
0.0716
0.0716
0.0716
0.0716
0.0716
0.0716
0.0716
0.0716
0.0716
0.0716
0.0716
0.0716
0.0716
0.0716
0.0716
0.0716
0.0716
0.0716
0.0716
0.0716
0.0716
0.0716
0.0716
0.0716
0.0716
0.0716
0.0716
0.0716
0.0716
0.0716
0.0716
0.0716
0.0716
0.0716
0.0716
0.0716
0.0716
0.0716
0.0716
0.0716
0.0716
0.0716
0.0716
0.0716
0.0716
0.0716
0.0716
0.0716
0.0716
0.0716
0.0716
0.0716
0.0716
0.0716
0.0716
0.0716
0.0716
0.0716
0.0716
0.0716
0.0716
0.0716
0.0716
0.0716
0.0716
0.0716
0.0716
0.0716
0.0716
0.0716
0.0716
0.0716
0.0716
0.0716
0.0716
0.0716
0.0716
0.0716
0.0716
0.0716
0.0716
0.0716
0.0716
0.0716
0.0716
0.0716
0.0716
0.0716
0.0716
0.0716
0.0716
0.0716
0.0716
0.0716
0.0716
0.0716
0.0716
0.0716
0.0716
0.0716
0.0716
0.0716
0.0716
0.0716
0.0716
0.0716
0.0716
0.0716
0.0716
0.0716
0.0716
0.0716
0.0716
0.0716
0.0716
0.0716
0.0716
0.0716
0.0716
0.0716
0.0716
0.0716
0.0716
0.0716
0.0716
0.0716
0.0716
0.0716
0.0716
0.0716
0.0716
0.0716
0.0716
0.0716
0.0716
0.0716
0.0716
0.0716
0.0716
0.0716
0.0716
0.0716
0.0716
0.0716
0.0716
0.0716
0.0716
0.0716
0.0716
0.0716
0.0716
0.0716
0.0716
0.0716
0.0716
0.0716
0.0716
0.0716
0.0716
0.0716
0.0716
0.0716
0.0716
0.0716
0.0716
0.0716
0.0716
0.0716
0.0716
0.0716
0.0716
0.0716
0.0716
0.0716
0.0716
0.0716
0.0716
0.0716
0.0716
0.0716
0.0716
0.0716
0.0716
0.0716
0.0716
0.0716
0.0716
0.0716
0.0716
0.0716
0.0715
0.0715
0.0715
0.0715
0.0715
0.0715
0.0715
0.0715
0.0715
0.0715
0.0715
0.0715
0.0715
0.0715
0.0715
0.0715
0.0715
0.0715
0.0715
0.0715
0.0715
0.0715
0.0715
0.0715
0.0715
0.0715
0.0715
0.0715
0.0715
0.0715
0.0715
0.0715
0.0715
0.0715
0.0715
0.0715
0.0715
0.0715
0.0715
0.0715
0.0715
0.0715
0.0715
0.0715
0.0715
0.0715
0.0715
0.0715
0.0715
0.0715
0.0715
0.0715
0.0715
0.0715
0.0715
0.0715
0.0715
0.0715
0.0715
0.0715
0.0715
0.0715
0.0715
0.0715
0.0715
0.0715
0.0715
0.0715
0.0715
0.0715
0.0715
0.0715
0.0715
0.0715
0.0715
0.0715
0.0715
0.0715
0.0715
0.0715
0.0715
0.0715
0.0715
0.0715
0.0715
0.0715
0.0715
0.0715
0.0715
0.0715
0.0715
0.0715
0.0715
0.0715
0.0715
0.0715
0.0715
0.0715
0.0715
0.0715
0.0715
0.0715
0.0715
0.0715
0.0715
0.0715
0.0715
0.0715
0.0715
0.0715
0.0715
0.0715
0.0715
0.0715
0.0715
0.0715
0.0715
0.0715
0.0715
0.0715
0.0715
0.0715
0.0715
0.0715
0.0715
0.0715
0.0715
0.0715
0.0715
0.0715
0.0715
0.0715
0.0715
0.0715
0.0715
0.0715
0.0715
0.0715
0.0715
0.0715
0.0715
0.0715
0.0715
0.0715
0.0715
0.0715
0.0715
0.0715
0.0715
0.0715
0.0715
0.0715
0.0715
0.0715
0.0715
0.0715
0.0715
0.0715
0.0715
0.0715
0.0715
0.0715
0.0715
0.0715
0.0715
0.0715
0.0715
0.0715
0.0715
0.0715
0.0715
0.0715
0.0715
0.0715
0.0715
0.0715
0.0715
0.0715
0.0715
0.0715
0.0715
0.0715
0.0715
0.0715
0.0715
0.0715
0.0715
0.0715
0.0715
0.0715
0.0715
0.0715
0.0715
0.0715
0.0715
0.0715
0.0715
0.0715
0.0715
0.0715
0.0715
0.0715
0.0715
0.0715
0.0715
0.0715
0.0715
0.0715
0.0715
0.0715
0.0715
0.0715
0.0715
0.0715
0.0715
0.0715
0.0715
0.0715
0.0715
0.0715
0.0715
0.0715
0.0715
0.0715
0.0715
0.0715
0.0715
0.0715
0.0715
0.0715
0.0715
0.0715
0.0715
0.0715
0.0715
0.0715
0.0715
0.0715
0.0715
0.0715
0.0715
0.0715
0.0715
0.0715
0.0715
0.0715
0.0715
0.0715
0.0715
0.0715
0.0715
0.0715
0.0715
0.0715
0.0715
0.0715
0.0715
0.0715
0.0715
0.0715
0.0715
0.0715
0.0715
0.0715
0.0715
0.0715
0.0715
0.0715
0.0715
0.0715
0.0715
0.0715
0.0715
0.0715
0.0715
0.0715
0.0715
0.0715
0.0715
0.0715
0.0715
0.0715
0.0715
0.0715
0.0715
0.0715
0.0715
0.0715
0.0715
0.0715
0.0715
0.0715
0.0715
0.0715
0.0715
0.0715
0.0715
0.0715
0.0715
0.0715
0.0715
0.0715
0.0715
0.0715
0.0715
0.0715
0.0715
0.0715
0.0715
0.0715
0.0715
0.0715
0.0715
0.0715
0.0715
0.0715
0.0715
0.0715
0.0715
0.0715
0.0715
0.0715
0.0715
0.0715
0.0715
0.0715
0.0715
0.0715
0.0715
0.0715
0.0715
0.0715
0.0715
0.0715
0.0715
0.0715
0.0715
0.0715
0.0715
0.0715
0.0715
0.0715
0.0715
0.0715
0.0715
0.0715
0.0715
0.0715
0.0715
0.0715
0.0715
0.0715
0.0715
0.0715
0.0715
0.0715
0.0715
0.0715
0.0715
0.0715
0.0715
0.0715
0.0715
0.0715
0.0715
0.0715
0.0715
0.0715
0.0715
0.0715
0.0715
0.0715
0.0715
0.0715
0.0715
0.0715
0.0715
0.0715
0.0715
0.0715
0.0715
0.0715
0.0715
0.0715
0.0715
0.0715
0.0715
0.0715
0.0715
0.0715
0.0715
0.0715
0.0715
0.0715
0.0715
0.0715
0.0715
0.0715
0.0715
0.0715
0.0715
0.0715
0.0715
0.0715
0.0715
0.0715
0.0715
0.0715
0.0715
0.0715
0.0715
0.0715
0.0716
0.0716
0.0716
0.0716
0.0716
0.0716
0.0716
0.0716
0.0716
0.0716
0.0716
0.0717
0.0717
0.0717
0.0717
0.0717
0.0717
0.0717
0.0717
0.0718
0.0718
0.0718
0.0718
0.0718
0.0719
0.0719
0.0719
0.0719
0.072
0.072
0.072
0.072
0.0721
0.0721
0.0721
0.0722
0.0722
0.0722
0.0722
0.0723
0.0723
0.0724
0.0724
0.0724
0.0725
0.0725
0.0725
0.0726
0.0726
0.0727
0.0727
0.0727
0.0728
0.0728
0.0729
0.0729
0.0729
0.073
0.073
0.0731
0.0731
0.0732
0.0732
0.0733
0.0733
0.0734
0.0734
0.0735
0.0735
0.0736
0.0737
0.0737
0.0738
0.0738
0.0739
0.074
0.074
0.0741
0.0742
0.0743
0.0743
0.0744
0.0745
0.0746
0.0746
0.0747
0.0748
0.0749
0.0749
0.075
0.0751
0.0752
0.0753
0.0754
0.0754
0.0755
0.0756
0.0757
0.0758
0.0759
0.076
0.0761
0.0762
0.0763
0.0764
0.0765
0.0766
0.0767
0.0768
0.0769
0.077
0.0771
0.0772
0.0773
0.0774
0.0776
0.0777
0.0778
0.0779
0.078
0.0781
0.0783
0.0784
0.0785
0.0786
0.0787
0.0788
0.079
0.0791
0.0792
0.0793
0.0795
0.0796
0.0797
0.0799
0.08
0.0801
0.0802
0.0804
0.0805
0.0806
0.0808
0.0809
0.081
0.0812
0.0813
0.0814
0.0816
0.0817
0.0818
0.082
0.0821
0.0822
0.0824
0.0825
0.0826
0.0827
0.0829
0.083
0.0831
0.0833
0.0834
0.0835
0.0837
0.0838
0.084
0.0841
0.0842
0.0844
0.0845
0.0846
0.0848
0.0849
0.085
0.0852
0.0853
0.0854
0.0856
0.0857
0.0858
0.086
0.0861
0.0862
0.0863
0.0865
0.0866
0.0867
0.0868
0.087
0.0871
0.0872
0.0874
0.0875
0.0876
0.0878
0.0879
0.088
0.0882
0.0883
0.0884
0.0886
0.0887
0.0888
0.0889
0.0891
0.0892
0.0893
0.0894
0.0896
0.0897
0.0898
0.0899
0.0901
0.0902
0.0903
0.0904
0.0906
0.0907
0.0908
0.0909
0.091
0.0912
0.0913
0.0914
0.0915
0.0917
0.0918
0.0919
0.092
0.0922
0.0923
0.0924
0.0926
0.0927
0.0928
0.0929
0.0931
0.0932
0.0933
0.0934
0.0935
0.0937
0.0938
0.0939
0.0941
0.0942
0.0943
0.0944
0.0945
0.0946
0.0948
0.0949
0.095
0.0951
0.0952
0.0954
0.0955
0.0956
0.0957
0.0959
0.096
0.0961
0.0962
0.0963
0.0965
0.0966
0.0967
0.0968
0.0969
0.0971
0.0972
0.0973
0.0974
0.0975
0.0977
0.0978
0.0979
0.098
0.0981
0.0983
0.0984
0.0985
0.0986
0.0987
0.0989
0.099
0.0991
0.0992
0.0993
0.0995
0.0996
0.0997
0.0999
0.1
0.1001
0.1002
0.1004
0.1005
0.1006
0.1008
0.1009
0.101
0.1012
0.1013
0.1014
0.1016
0.1017
0.1018
0.102
0.1021
0.1022
0.1023
0.1025
0.1026
0.1027
0.1029
0.103
0.1031
0.1033
0.1034
0.1036
0.1037
0.1038
0.104
0.1041
0.1042
0.1044
0.1045
0.1046
0.1048
0.1049
0.105
0.1052
0.1053
0.1054
0.1056
0.1057
0.1058
0.106
0.1061
0.1062
0.1063
0.1065
0.1066
0.1067
0.1068
0.107
0.1071
0.1072
0.1074
0.1075
0.1077
0.1078
0.1079
0.1081
0.1082
0.1083
0.1085
0.1086
0.1087
0.1089
0.109
0.1092
0.1093
0.1095
0.1096
0.1098
0.1099
0.11
0.1102
0.1103
0.1105
0.1106
0.1107
0.1109
0.111
0.1112
0.1113
0.1115
0.1116
0.1118
0.1119
0.112
0.1122
0.1123
0.1125
0.1126
0.1127
0.1129
0.113
0.1132
0.1133
0.1135
0.1136
0.1138
0.1139
0.1141
0.1142
0.1143
0.1145
0.1146
0.1148
0.115
0.1151
0.1153
0.1154
0.1156
0.1158
0.1159
0.1161
0.1162
0.1164
0.1166
0.1167
0.1169
0.1171
0.1172
0.1174
0.1176
0.1177
0.1179
0.118
0.1182
0.1184
0.1185
0.1187
0.1189
0.119
0.1192
0.1194
0.1196
0.1198
0.1199
0.1201
0.1203
0.1204
0.1206
0.1208
0.121
0.1211
0.1213
0.1215
0.1217
0.1219
0.1221
0.1222
0.1224
0.1226
0.1228
0.123
0.1231
0.1233
0.1235
0.1237
0.1239
0.1241
0.1242
0.1244
0.1246
0.1248
0.1249
0.1251
0.1253
0.1255
0.1257
0.1258
0.126
0.1262
0.1264
0.1265
0.1267
0.1269
0.1271
0.1273
0.1275
0.1276
0.1278
0.128
0.1282
0.1283
0.1285
0.1287
0.1289
0.1291
0.1292
0.1294
0.1296
0.1298
0.1299
0.1301
0.1303
0.1304
0.1306
0.1308
0.1309
0.1311
0.1313
0.1314
0.1316
0.1318
0.1319
0.1321
0.1322
0.1324
0.1325
0.1327
0.1329
0.133
0.1332
0.1333
0.1335
0.1336
0.1337
0.1339
0.134
0.1342
0.1343
0.1345
0.1346
0.1348
0.1349
0.135
0.1352
0.1353
0.1355
0.1356
0.1357
0.1359
0.136
0.1361
0.1362
0.1364
0.1365
0.1366
0.1367
0.1369
0.137
0.1371
0.1372
0.1373
0.1375
0.1376
0.1377
0.1378
0.1379
0.138
0.1382
0.1383
0.1384
0.1385
0.1386
0.1387
0.1388
0.1389
0.1391
0.1392
0.1393
0.1394
0.1395
0.1396
0.1397
0.1398
0.1399
0.14
0.1401
0.1402
0.1403
0.1404
0.1405
0.1406
0.1407
0.1408
0.1409
0.141
0.1411
0.1412
0.1413
0.1414
0.1415
0.1415
0.1416
0.1417
0.1418
0.1419
0.142
0.1421
0.1421
0.1422
0.1423
0.1424
0.1425
0.1425
0.1426
0.1427
0.1428
0.1429
0.143
0.1431
0.1431
0.1432
0.1433
0.1434
0.1434
0.1435
0.1436
0.1437
0.1438
0.1438
0.1439
0.144
0.144
0.1441
0.1442
0.1442
0.1443
0.1444
0.1444
0.1445
0.1446
0.1446
0.1447
0.1448
0.1448
0.1449
0.145
0.145
0.1451
0.1451
0.1452
0.1453
0.1453
0.1454
0.1454
0.1455
0.1456
0.1456
0.1457
0.1457
0.1458
0.1459
0.1459
0.146
0.146
0.1461
0.1461
0.1462
0.1462
0.1463
0.1463
0.1464
0.1464
0.1465
0.1465
0.1466
0.1466
0.1467
0.1467
0.1468
0.1468
0.1469
0.1469
0.147
0.147
0.1471
0.1471
0.1472
0.1472
0.1472
0.1473
0.1473
0.1474
0.1474
0.1474
0.1475
0.1475
0.1475
0.1476
0.1476
0.1476
0.1477
0.1477
0.1477
0.1478
0.1478
0.1478
0.1478
0.1479
0.1479
0.1479
0.1479
0.148
0.148
0.148
0.148
0.1481
0.1481
0.1481
0.1481
0.1481
0.1481
0.1482
0.1482
0.1482
0.1482
0.1482
0.1482
0.1483
0.1483
0.1483
0.1483
0.1483
0.1483
0.1483
0.1483
0.1483
0.1484
0.1484
0.1484
0.1484
0.1484
0.1484
0.1484
0.1484
0.1484
0.1484
0.1484
0.1484
0.1484
0.1484
0.1484
0.1485
0.1485
0.1485
0.1485
0.1485
0.1485
0.1485
0.1485
0.1485
0.1485
0.1485
0.1485
0.1485
0.1485
0.1485
0.1485
0.1485
0.1485
0.1485
0.1485
0.1485
0.1485
0.1485
0.1485
0.1486
0.1486
0.1486
0.1486
0.1486
0.1486
0.1486
0.1486
0.1486
0.1486
0.1486
0.1486
0.1487
0.1487
0.1487
0.1487
0.1487
0.1487
0.1487
0.1487
0.1487
0.1488
0.1488
0.1488
0.1488
0.1488
0.1488
0.1489
0.1489
0.1489
0.1489
0.1489
0.149
0.149
0.149
0.149
0.149
0.1491
0.1491
0.1491
0.1491
0.1491
0.1492
0.1492
0.1492
0.1493
0.1493
0.1493
0.1493
0.1494
0.1494
0.1494
0.1495
0.1495
0.1495
0.1496
0.1496
0.1496
0.1497
0.1497
0.1497
0.1498
0.1498
0.1499
0.1499
0.1499
0.15
0.15
0.1501
0.1501
0.1502
0.1502
0.1503
0.1503
0.1503
0.1504
0.1504
0.1505
0.1505
0.1506
0.1507
0.1507
0.1508
0.1508
0.1509
0.1509
0.151
0.151
0.1511
0.1511
0.1512
0.1512
0.1513
0.1514
0.1514
0.1515
0.1515
0.1516
0.1516
0.1517
0.1517
0.1518
0.1518
0.1519
0.1519
0.152
0.1521
0.1521
0.1522
0.1522
0.1523
0.1523
0.1524
0.1525
0.1525
0.1526
0.1526
0.1527
0.1528
0.1528
0.1529
0.153
0.153
0.1531
0.1531
0.1532
0.1533
0.1533
0.1534
0.1534
0.1535
0.1536
0.1536
0.1537
0.1538
0.1538
0.1539
0.1539
0.154
0.1541
0.1541
0.1542
0.1543
0.1543
0.1544
0.1545
0.1546
0.1546
0.1547
0.1548
0.1549
0.1549
0.155
0.1551
0.1552
0.1553
0.1553
0.1554
0.1555
0.1556
0.1556
0.1557
0.1558
0.1559
0.156
0.156
0.1561
0.1562
0.1563
0.1563
0.1564
0.1565
0.1566
0.1567
0.1568
0.1568
0.1569
0.157
0.1571
0.1572
0.1573
0.1573
0.1574
0.1575
0.1576
0.1577
0.1578
0.1579
0.158
0.1581
0.1581
0.1582
0.1583
0.1584
0.1585
0.1586
0.1587
0.1588
0.159
0.1591
0.1592
0.1593
0.1594
0.1595
0.1596
0.1597
0.1598
0.1599
0.16
0.1601
0.1602
0.1604
0.1605
0.1606
0.1607
0.1608
0.1609
0.1611
0.1612
0.1613
0.1614
0.1616
0.1617
0.1618
0.1619
0.1621
0.1622
0.1623
0.1624
0.1626
0.1627
0.1629
0.163
0.1631
0.1633
0.1634
0.1635
0.1637
0.1638
0.164
0.1641
0.1642
0.1644
0.1645
0.1647
0.1648
0.165
0.1651
0.1652
0.1654
0.1655
0.1657
0.1658
0.166
0.1661
0.1663
0.1665
0.1666
0.1668
0.1669
0.1671
0.1672
0.1674
0.1675
0.1677
0.1678
0.168
0.1681
0.1683
0.1685
0.1686
0.1688
0.1689
0.1691
0.1692
0.1694
0.1695
0.1697
0.1699
0.17
0.1702
0.1703
0.1705
0.1707
0.1708
0.171
0.1711
0.1713
0.1714
0.1716
0.1717
0.1719
0.172
0.1722
0.1723
0.1725
0.1726
0.1728
0.1729
0.1731
0.1732
0.1734
0.1735
0.1737
0.1739
0.174
0.1742
0.1743
0.1745
0.1746
0.1748
0.1749
0.1751
0.1752
0.1754
0.1755
0.1756
0.1758
0.1759
0.1761
0.1762
0.1764
0.1765
0.1766
0.1768
0.1769
0.177
0.1772
0.1773
0.1774
0.1776
0.1777
0.1778
0.178
0.1781
0.1782
0.1784
0.1785
0.1786
0.1788
0.1789
0.179
0.1791
0.1793
0.1794
0.1795
0.1796
0.1798
0.1799
0.18
0.1801
0.1803
0.1804
0.1805
0.1806
0.1807
0.1808
0.1809
0.181
0.1812
0.1813
0.1814
0.1815
0.1816
0.1817
0.1818
0.1819
0.182
0.1821
0.1822
0.1823
0.1824
0.1825
0.1826
0.1827
0.1828
0.1829
0.183
0.1831
0.1832
0.1833
0.1833
0.1834
0.1835
0.1836
0.1837
0.1837
0.1838
0.1839
0.184
0.1841
0.1842
0.1842
0.1843
0.1844
0.1845
0.1845
0.1846
0.1847
0.1848
0.1848
0.1849
0.185
0.1851
0.1851
0.1852
0.1853
0.1853
0.1854
0.1855
0.1855
0.1856
0.1857
0.1857
0.1858
0.1859
0.1859
0.186
0.1861
0.1861
0.1862
0.1863
0.1864
0.1864
0.1865
0.1866
0.1866
0.1867
0.1867
0.1868
0.1869
0.1869
0.187
0.1871
0.1871
0.1872
0.1873
0.1873
0.1874
0.1874
0.1875
0.1876
0.1876
0.1877
0.1877
0.1878
0.1879
0.1879
0.188
0.1881
0.1882
0.1882
0.1883
0.1884
0.1884
0.1885
0.1886
0.1886
0.1887
0.1888
0.1888
0.1889
0.189
0.189
0.1891
0.1892
0.1892
0.1893
0.1894
0.1894
0.1895
0.1896
0.1896
0.1897
0.1898
0.1898
0.1899
0.19
0.1901
0.1901
0.1902
0.1903
0.1904
0.1905
0.1905
0.1906
0.1907
0.1908
0.1908
0.1909
0.191
0.1911
0.1912
0.1912
0.1913
0.1914
0.1915
0.1916
0.1917
0.1918
0.1919
0.192
0.1921
0.1921
0.1922
0.1923
0.1924
0.1925
0.1926
0.1927
0.1928
0.1929
0.193
0.1931
0.1932
0.1933
0.1934
0.1935
0.1936
0.1937
0.1939
0.194
0.1941
0.1942
0.1943
0.1945
0.1946
0.1947
0.1948
0.1949
0.1951
0.1952
0.1953
0.1955
0.1956
0.1957
0.1959
0.196
0.1961
0.1963
0.1964
0.1966
0.1967
0.1968
0.197
0.1971
0.1973
0.1975
0.1976
0.1978
0.1979
0.1981
0.1983
0.1984
0.1986
0.1988
0.1989
0.1991
0.1993
0.1994
0.1996
0.1998
0.2
0.2002
0.2004
0.2005
0.2007
0.2009
0.2011
0.2013
0.2015
0.2017
0.2019
0.2021
0.2023
0.2025
0.2027
0.2029
0.2031
0.2033
0.2035
0.2037
0.2039
0.2041
0.2043
0.2045
0.2047
0.2049
0.2052
0.2054
0.2056
0.2058
0.2061
0.2063
0.2065
0.2067
0.2069
0.2071
0.2074
0.2076
0.2078
0.2081
0.2083
0.2085
0.2087
0.209
0.2092
0.2094
0.2097
0.2099
0.2101
0.2104
0.2106
0.2108
0.211
0.2113
0.2115
0.2118
0.212
0.2122
0.2125
0.2127
0.2129
0.2132
0.2134
0.2137
0.2139
0.2142
0.2144
0.2146
0.2148
0.2151
0.2153
0.2156
0.2158
0.2161
0.2163
0.2165
0.2168
0.217
0.2173
0.2175
0.2178
0.218
0.2183
0.2185
0.2188
0.219
0.2193
0.2196
0.2198
0.2201
0.2203
0.2206
0.2208
0.2211
0.2213
0.2216
0.2219
0.2221
0.2224
0.2226
0.2229
0.2231
0.2234
0.2237
0.224
0.2242
0.2245
0.2247
0.225
0.2253
0.2255
0.2258
0.2261
0.2263
0.2266
0.2268
0.2271
0.2274
0.2276
0.2279
0.2282
0.2284
0.2287
0.229
0.2292
0.2295
0.2298
0.23
0.2303
0.2305
0.2308
0.2311
0.2313
0.2316
0.2319
0.2321
0.2324
0.2326
0.2329
0.2332
0.2335
0.2337
0.234
0.2342
0.2345
0.2348
0.235
0.2353
0.2356
0.2359
0.2361
0.2364
0.2366
0.2369
0.2372
0.2375
0.2377
0.238
0.2383
0.2385
0.2388
0.2391
0.2394
0.2396
0.2399
0.2402
0.2404
0.2407
0.241
0.2412
0.2415
0.2418
0.242
0.2423
0.2425
0.2428
0.2431
0.2433
0.2436
0.2439
0.2442
0.2444
0.2447
0.2449
0.2452
0.2455
0.2457
0.246
0.2462
0.2465
0.2467
0.247
0.2473
0.2475
0.2478
0.248
0.2483
0.2485
0.2488
0.249
0.2493
0.2495
0.2497
0.25
0.2502
0.2504
0.2507
0.2509
0.2511
0.2514
0.2516
0.2518
0.2521
0.2523
0.2525
0.2527
0.253
0.2532
0.2534
0.2537
0.2539
0.2541
0.2543
0.2545
0.2547
0.255
0.2552
0.2554
0.2556
0.2558
0.256
0.2562
0.2564
0.2566
0.2569
0.2571
0.2573
0.2575
0.2576
0.2578
0.258
0.2582
0.2584
0.2586
0.2588
0.259
0.2592
0.2594
0.2595
0.2597
0.2599
0.2601
0.2602
0.2604
0.2606
0.2608
0.2609
0.2611
0.2613
0.2614
0.2616
0.2618
0.2619
0.2621
0.2622
0.2624
0.2626
0.2627
0.2629
0.263
0.2632
0.2633
0.2635
0.2636
0.2637
0.2639
0.264
0.2642
0.2643
0.2645
0.2646
0.2648
0.2649
0.265
0.2652
0.2653
0.2654
0.2656
0.2657
0.2658
0.266
0.2661
0.2662
0.2664
0.2665
0.2666
0.2667
0.2669
0.267
0.2671
0.2672
0.2674
0.2675
0.2676
0.2677
0.2678
0.268
0.2681
0.2682
0.2683
0.2685
0.2686
0.2687
0.2688
0.269
0.2691
0.2692
0.2693
0.2694
0.2695
0.2697
0.2698
0.2699
0.27
0.2701
0.2702
0.2704
0.2705
0.2706
0.2707
0.2708
0.2709
0.271
0.2711
0.2713
0.2714
0.2715
0.2716
0.2717
0.2718
0.2719
0.272
0.2721
0.2723
0.2724
0.2725
0.2726
0.2727
0.2728
0.273
0.2731
0.2732
0.2733
0.2734
0.2735
0.2736
0.2737
0.2739
0.274
0.2741
0.2742
0.2743
0.2744
0.2745
0.2747
0.2748
0.2749
0.275
0.2751
0.2752
0.2753
0.2755
0.2756
0.2757
0.2758
0.2759
0.2761
0.2762
0.2763
0.2764
0.2766
0.2767
0.2768
0.2769
0.2771
0.2772
0.2773
0.2774
0.2776
0.2777
0.2778
0.278
0.2781
0.2782
0.2783
0.2785
0.2786
0.2787
0.2789
0.279
0.2791
0.2793
0.2794
0.2795
0.2797
0.2798
0.2799
0.2801
0.2802
0.2803
0.2805
0.2806
0.2808
0.2809
0.281
0.2812
0.2813
0.2815
0.2816
0.2818
0.2819
0.282
0.2822
0.2823
0.2825
0.2826
0.2828
0.2829
0.2831
0.2832
0.2834
0.2835
0.2837
0.2839
0.284
0.2842
0.2844
0.2845
0.2847
0.2849
0.285
0.2852
0.2854
0.2855
0.2857
0.2859
0.2861
0.2862
0.2864
0.2866
0.2868
0.287
0.2871
0.2873
0.2875
0.2877
0.2879
0.2881
0.2883
0.2885
0.2886
0.2888
0.289
0.2892
0.2894
0.2896
0.2898
0.29
0.2902
0.2904
0.2906
0.2908
0.291
0.2912
0.2914
0.2916
0.2918
0.292
0.2923
0.2925
0.2927
0.2929
0.2931
0.2934
0.2936
0.2938
0.2941
0.2943
0.2945
0.2947
0.295
0.2952
0.2954
0.2957
0.2959
0.2962
0.2964
0.2967
0.2969
0.2972
0.2974
0.2977
0.2979
0.2982
0.2985
0.2987
0.299
0.2992
0.2995
0.2997
0.3
0.3003
0.3006
0.3008
0.3011
0.3013
0.3016
0.3018
0.3021
0.3024
0.3027
0.3029
0.3032
0.3035
0.3038
0.304
0.3043
0.3046
0.3049
0.3051
0.3054
0.3057
0.3059
0.3062
0.3065
0.3068
0.3071
0.3073
0.3076
0.3079
0.3082
0.3084
0.3087
0.309
0.3092
0.3095
0.3098
0.3101
0.3104
0.3106
0.3109
0.3112
0.3115
0.3117
0.312
0.3123
0.3126
0.3129
0.3131
0.3134
0.3137
0.314
0.3143
0.3146
0.3148
0.3151
0.3154
0.3157
0.316
0.3163
0.3166
0.3169
0.3172
0.3175
0.3178
0.3181
0.3184
0.3187
0.3189
0.3192
0.3195
0.3198
0.3201
0.3204
0.3207
0.321
0.3213
0.3216
0.3219
0.3222
0.3225
0.3227
0.323
0.3233
0.3236
0.3239
0.3242
0.3245
0.3248
0.3251
0.3253
0.3256
0.3259
0.3262
0.3265
0.3268
0.3271
0.3274
0.3277
0.328
0.3283
0.3286
0.3288
0.3291
0.3294
0.3297
0.33
0.3303
0.3306
0.3309
0.3312
0.3315
0.3318
0.3321
0.3324
0.3327
0.333
0.3333
0.3336
0.3339
0.3342
0.3345
0.3348
0.3351
0.3354
0.3357
0.336
0.3363
0.3366
0.3369
0.3372
0.3376
0.3379
0.3382
0.3385
0.3388
0.3391
0.3394
0.3397
0.34
0.3403
0.3406
0.3409
0.3412
0.3415
0.3418
0.3421
0.3424
0.3427
0.343
0.3433
0.3436
0.3439
0.3442
0.3444
0.3447
0.345
0.3453
0.3456
0.3459
0.3462
0.3464
0.3467
0.347
0.3473
0.3475
0.3478
0.3481
0.3483
0.3486
0.3489
0.3491
0.3494
0.3497
0.3499
0.3502
0.3504
0.3507
0.351
0.3512
0.3515
0.3517
0.352
0.3522
0.3525
0.3527
0.353
0.3533
0.3535
0.3538
0.354
0.3542
0.3545
0.3547
0.355
0.3552
0.3555
0.3557
0.356
0.3562
0.3564
0.3567
0.3569
0.3572
0.3574
0.3576
0.3579
0.3581
0.3583
0.3585
0.3588
0.359
0.3592
0.3594
0.3597
0.3599
0.3601
0.3603
0.3605
0.3608
0.361
0.3612
0.3614
0.3616
0.3618
0.3621
0.3623
0.3625
0.3627
0.3629
0.3631
0.3633
0.3636
0.3637
0.3639
0.3641
0.3644
0.3646
0.3648
0.365
0.3652
0.3654
0.3656
0.3658
0.3659
0.3661
0.3663
0.3665
0.3667
0.3669
0.3671
0.3673
0.3675
0.3676
0.3678
0.368
0.3682
0.3684
0.3685
0.3687
0.3689
0.3691
0.3692
0.3694
0.3696
0.3697
0.3699
0.37
0.3702
0.3704
0.3705
0.3707
0.3708
0.371
0.3712
0.3713
0.3714
0.3716
0.3717
0.3719
0.372
0.3722
0.3723
0.3725
0.3726
0.3728
0.3729
0.373
0.3732
0.3733
0.3734
0.3735
0.3737
0.3738
0.3739
0.3741
0.3742
0.3743
0.3744
0.3746
0.3747
0.3748
0.375
0.3751
0.3752
0.3753
0.3754
0.3756
0.3757
0.3758
0.3759
0.376
0.3761
0.3763
0.3764
0.3765
0.3766
0.3767
0.3768
0.3769
0.377
0.3771
0.3773
0.3774
0.3775
0.3776
0.3777
0.3778
0.3779
0.378
0.3781
0.3782
0.3783
0.3784
0.3785
0.3786
0.3787
0.3788
0.3789
0.379
0.3791
0.3791
0.3792
0.3793
0.3794
0.3795
0.3796
0.3797
0.3798
0.3798
0.3799
0.38
0.3801
0.3802
0.3803
0.3803
0.3804
0.3805
0.3806
0.3807
0.3807
0.3808
0.3809
0.3809
0.381
0.3811
0.3811
0.3812
0.3813
0.3813
0.3814
0.3815
0.3815
0.3816
0.3816
0.3817
0.3817
0.3818
0.3818
0.3819
0.3819
0.382
0.382
0.3821
0.3821
0.3822
0.3822
0.3823
0.3823
0.3824
0.3824
0.3825
0.3825
0.3826
0.3826
0.3826
0.3827
0.3827
0.3828
0.3828
0.3828
0.3829
0.3829
0.3829
0.383
0.383
0.383
0.3831
0.3831
0.3831
0.3832
0.3832
0.3832
0.3833
0.3833
0.3833
0.3834
0.3834
0.3834
0.3834
0.3835
0.3835
0.3835
0.3836
0.3836
0.3836
0.3836
0.3837
0.3837
0.3837
0.3837
0.3838
0.3838
0.3838
0.3838
0.3839
0.3839
0.3839
0.3839
0.384
0.384
0.384
0.384
0.3841
0.3841
0.3841
0.3841
0.3842
0.3842
0.3842
0.3843
0.3843
0.3843
0.3843
0.3844
0.3844
0.3844
0.3845
0.3845
0.3845
0.3845
0.3846
0.3846
0.3846
0.3847
0.3847
0.3847
0.3847
0.3848
0.3848
0.3848
0.3848
0.3849
0.3849
0.3849
0.3849
0.385
0.385
0.385
0.385
0.385
0.3851
0.3851
0.3851
0.3851
0.3852
0.3852
0.3852
0.3852
0.3853
0.3853
0.3853
0.3853
0.3854
0.3854
0.3854
0.3854
0.3854
0.3855
0.3855
0.3855
0.3855
0.3856
0.3856
0.3856
0.3856
0.3857
0.3857
0.3857
0.3857
0.3857
0.3857
0.3858
0.3858
0.3858
0.3858
0.3858
0.3858
0.3859
0.3859
0.3859
0.3859
0.3859
0.3859
0.3859
0.3859
0.386
0.386
0.386
0.386
0.386
0.386
0.386
0.3861
0.3861
0.3861
0.3861
0.3861
0.3861
0.3862
0.3862
0.3862
0.3862
0.3862
0.3862
0.3862
0.3863
0.3863
0.3863
0.3863
0.3863
0.3863
0.3863
0.3863
0.3864
0.3864
0.3864
0.3864
0.3864
0.3864
0.3864
0.3864
0.3865
0.3865
0.3865
0.3865
0.3865
0.3865
0.3865
0.3865
0.3865
0.3865
0.3866
0.3866
0.3866
0.3866
0.3866
0.3866
0.3866
0.3866
0.3866
0.3866
0.3866
0.3866
0.3866
0.3866
0.3866
0.3866
0.3866
0.3866
0.3866
0.3866
0.3866
0.3866
0.3866
0.3866
0.3866
0.3866
0.3866
0.3866
0.3866
0.3866
0.3866
0.3866
0.3866
0.3866
0.3866
0.3866
0.3866
0.3866
0.3866
0.3866
0.3866
0.3866
0.3866
0.3866
0.3866
0.3866
0.3866
0.3866
0.3866
0.3866
0.3866
0.3866
0.3866
0.3866
0.3866
0.3866
0.3866
0.3866
0.3866
0.3866
0.3866
0.3866
0.3866
0.3866
0.3866
0.3866
0.3866
0.3866
0.3866
0.3866
0.3866
0.3866
0.3866
0.3866
0.3866
0.3866
0.3866
0.3866
0.3866
0.3866
0.3866
0.3866
0.3866
0.3866
0.3866
0.3866
0.3866
0.3866
0.3866
0.3866
0.3866
0.3866
0.3866
0.3866
0.3866
0.3866
0.3866
0.3866
0.3866
0.3866
0.3866
0.3866
0.3866
0.3866
0.3866
0.3866
0.3866
0.3866
0.3866
0.3866
0.3866
0.3866
0.3866
0.3866
0.3866
0.3866
0.3866
0.3866
0.3866
0.3866
0.3866
0.3866
0.3866
0.3866
0.3866
0.3866
0.3866
0.3866
0.3866
0.3866
0.3866
0.3866
0.3866
0.3866
0.3866
0.3866
0.3866
0.3866
0.3866
0.3866
0.3866
0.3866
0.3866
0.3866
0.3866
0.3866
0.3866
0.3866
0.3866
0.3866
0.3866
0.3866
0.3866
0.3866
0.3866
0.3866
0.3866
0.3866
0.3866
0.3866
0.3866
0.3866
0.3866
0.3866
0.3866
0.3866
0.3866
0.3866
0.3866
0.3866
0.3866
0.3866
0.3866
0.3866
0.3866
0.3866
0.3866
0.3866
0.3866
0.3866
0.3866
0.3866
0.3866
0.3866
0.3866
0.3866
0.3866
0.3866
0.3866
0.3866
0.3866
0.3866
0.3866
0.3866
0.3866
0.3866
0.3866
0.3866
0.3866
0.3866
0.3866
0.3866
0.3866
0.3866
0.3866
0.3866
0.3866
0.3866
0.3866
0.3866
0.3866
0.3866
0.3866
0.3866
0.3866
0.3866
0.3866
0.3866
0.3866
0.3866
0.3866
0.3866
0.3866
0.3866
0.3866
0.3866
0.3866
0.3866
0.3866
0.3866
0.3866
0.3866
0.3866
0.3866
0.3866
0.3866
0.3866
0.3866
0.3866
0.3866
0.3866
0.3866
0.3866
0.3866
0.3866
0.3866
0.3866
0.3866
0.3866
0.3866
0.3866
0.3866
0.3866
0.3866
0.3866
0.3866
0.3866
0.3866
0.3866
0.3866
0.3866
0.3866
0.3866
0.3866
0.3866
0.3866
0.3866
0.3866
0.3866
0.3866
0.3866
0.3866
0.3866
0.3866
0.3866
0.3866
0.3866
0.3866
0.3866
0.3866
0.3866
0.3866
0.3866
0.3866
0.3866
0.3866
0.3866
0.3866
0.3866
0.3866
0.3866
0.3866
0.3866
0.3866
0.3866
0.3866
0.3866
0.3866
0.3866
0.3866
0.3866
0.3866
0.3866
0.3866
0.3866
0.3866
0.3866
0.3866
0.3866
0.3866
0.3866
0.3866
0.3866
0.3866
0.3866
0.3866
0.3866
0.3866
0.3866
0.3866
0.3866
0.3866
0.3866
0.3866
0.3866
0.3866
0.3866
0.3866
0.3866
0.3866
0.3866
0.3866
0.3866
0.3866
0.3866
0.3866
0.3866
0.3866
0.3866
0.3866
0.3866
0.3866
0.3866
0.3866
0.3866
0.3866
0.3866
0.3866
0.3866
0.3866
0.3866
0.3866
0.3866
0.3866
0.3866
0.3866
0.3866
0.3866
0.3866
0.3866
0.3866
0.3866
0.3866
0.3866
0.3866
0.3866
0.3866
0.3866
0.3866
0.3866
0.3866
0.3866
0.3866
0.3866
0.3866
0.3866
0.3866
0.3866
0.3866
0.3866
0.3866
0.3866
0.3866
0.3866
0.3866
0.3866
0.3866
0.3866
0.3866
0.3866
0.3866
0.3866
0.3866
0.3866
0.3866
0.3866
0.3866
0.3866
0.3866
0.3866
0.3866
0.3866
0.3866
0.3866
0.3866
0.3866
0.3866
0.3866
0.3866
0.3866
0.3866
0.3866
0.3866
0.3866
0.3866
0.3866
0.3866
0.3866
0.3866
0.3866
0.3866
0.3866
0.3866
0.3866
0.3866
0.3866
0.3866
0.3866
0.3866
0.3866
0.3866
0.3866
0.3866
0.3866
0.3866
0.3866
0.3866
0.3866
0.3866
0.3866
0.3866
0.3866
0.3866
0.3866
0.3866
0.3866
0.3866
0.3866
0.3866
0.3866
0.3866
0.3866
0.3866
0.3866
0.3866
0.3866
0.3866
0.3866
0.3866
0.3866
0.3866
0.3866
0.3866
0.3866
0.3866
0.3866
0.3866
0.3866
0.3866
0.3866
0.3866
0.3866
0.3866
0.3866
0.3866
0.3866
0.3866
0.3866
0.3866
0.3866
0.3866
0.3866
0.3866
0.3866
0.3866
0.3866
0.3866
0.3866
0.3866
0.3866
0.3866
0.3866
0.3866
0.3866
0.3866
0.3866
0.3866
0.3866
0.3866
0.3866
0.3866
0.3866
0.3866
0.3866
0.3866
0.3866
0.3866
0.3866
0.3866
0.3866
0.3866
0.3866
0.3866
0.3866
0.3866
0.3866
0.3866
0.3866
0.3866
0.3866
0.3866
0.3866
0.3866
0.3866
0.3866
0.3866
0.3866
0.3866
0.3866
0.3866
0.3866
0.3866
0.3866
0.3866
0.3866
0.3866
0.3866
0.3866
0.3866
0.3866
0.3866
0.3866
0.3866
0.3866
0.3866
0.3866
0.3866
0.3866
0.3866
0.3866
0.3866
0.3866
0.3866
0.3866
0.3866
0.3866
0.3866
0.3866
0.3866
0.3866
0.3866
0.3866
0.3866
0.3866
0.3866
0.3866
0.3866
0.3866
0.3866
0.3866
0.3866
0.3866
0.3866
0.3866
0.3866
0.3866
0.3866
0.3866
0.3866
0.3866
0.3866
0.3866
0.3866
0.3866
0.3866
0.3866
0.3866
0.3866
0.3866
0.3866
0.3866
0.3866
0.3866
0.3866
0.3866
0.3866
0.3866
0.3866
0.3866
0.3866
0.3866
0.3866
0.3866
0.3866
0.3866
0.3866
0.3866
0.3866
0.3866
0.3866
0.3866
0.3866
0.3866
0.3866
0.3866
0.3866
0.3866
0.3866
0.3866
0.3866
0.3866
0.3866
0.3866
0.3866
0.3866
0.3866
0.3866
0.3866
0.3866
0.3866
0.3866
0.3866
0.3866
0.3866
0.3866
0.3866
0.3866
0.3866
0.3866
0.3866
0.3866
0.3866
0.3866
0.3866
0.3866
0.3866
0.3866
0.3866
0.3866
0.3866
0.3866
0.3866
0.3866
0.3866
0.3866
0.3866
0.3866
0.3866
0.3866
0.3866
0.3866
0.3866
0.3866
0.3866
0.3866
0.3866
0.3866
0.3866
0.3866
0.3866
0.3866
0.3866
0.3866
0.3866
0.3866
0.3866
0.3866
0.3866
0.3866
0.3866
0.3866
0.3866
0.3866
0.3866
0.3866
0.3866
0.3866
0.3866
0.3866
0.3866
0.3866
0.3866
0.3866
0.3866
0.3866
0.3866
0.3866
0.3866
0.3866
0.3866
0.3866
0.3866
0.3866
0.3866
0.3866
0.3866
0.3866
0.3866
0.3866
0.3866
0.3866
0.3866
0.3866
0.3866
0.3866
0.3866
0.3866
0.3866
0.3866
0.3866
0.3866
0.3866
0.3866
0.3866
0.3866
0.3866
0.3866
0.3866
0.3866
0.3866
0.3866
0.3866
0.3866
0.3866
0.3866
0.3866
0.3866
0.3866
0.3866
0.3866
0.3866
0.3866
0.3866
0.3866
0.3866
0.3866
0.3866
0.3866
0.3866
0.3866
0.3866
0.3866
0.3866
0.3866
0.3866
0.3866
0.3866
0.3866
0.3866
0.3866
0.3866
0.3866
0.3866
0.3866
0.3866
0.3866
0.3866
0.3866
0.3866
0.3866
0.3866
0.3866
0.3866
0.3866
0.3866
0.3866
0.3866
0.3866
0.3866
0.3866
0.3866
0.3866
0.3866
0.3866
0.3866
0.3866
0.3866
0.3866
0.3866
0.3866
0.3866
0.3866
0.3866
0.3866
0.3866
0.3866
0.3866
0.3866
0.3866
0.3866
0.3866
0.3866
0.3866
0.3866
0.3866
0.3866
0.3866
0.3866
0.3866
0.3866
0.3866
0.3866
0.3866
0.3866
0.3866
0.3866
0.3866
0.3866
0.3866
0.3866
0.3866
0.3866
0.3866
0.3866
0.3866
0.3866
0.3866
0.3866
0.3866
0.3866
0.3866
0.3866
0.3866
0.3866
0.3866
0.3866
0.3866
0.3866
0.3866
0.3866
0.3866
0.3866
0.3866
0.3866
0.3866
0.3866
0.3866
0.3866
0.3866
0.3866
0.3866
0.3866
0.3866
0.3866
0.3866
0.3866
0.3866
0.3866
0.3866
0.3866
0.3866
0.3866
0.3866
0.3866
0.3866
0.3866
0.3866
0.3866
0.3866
0.3866
0.3866
0.3866
0.3866
0.3866
0.3866
0.3866
0.3866
0.3866
0.3866
0.3866
0.3866
0.3866
0.3866
0.3866
0.3866
0.3866
0.3866
0.3866
0.3866
0.3866
0.3866
0.3866
0.3866
0.3866
0.3866
0.3866
0.3866
0.3866
0.3866
0.3866
0.3866
0.3866
0.3866
0.3866
0.3866
0.386599
0.386599
0.386599
0.386599
0.386599
0.386599
0.386599
0.386599
0.386599
0.386599
0.386598
0.386598
0.386598
0.386598
0.386598
0.386597
0.386597
0.386597
0.386596
0.386596
0.386595
0.386595
0.386594
0.386594
0.386593
0.386592
0.386591
0.38659
0.386589
0.386588
0.386587
0.386585
0.386583
0.386582
0.38658
0.386577
0.386575
0.386572
0.386569
0.386565
0.386561
0.386557
0.386552
0.386547
0.386541
0.386534
0.386526
0.386518
0.386509
0.386499
0.386487
0.386475
0.386461
0.386445
0.386427
0.386408
0.386386
0.386362
0.386336
0.386306
0.386273
0.386236
0.386195
0.386149
0.386099
0.386042
0.38598
0.38591
0.385833
0.385746
0.385651
0.385544
0.385425
0.385294
0.385147
0.384984
0.384803
0.384602
0.384378
0.38413
0.383854
0.383547
0.383207
0.382828
0.382408
0.381942
0.381425
0.380851
0.380215
0.379509
0.378727
0.377861
0.376902
0.375841
0.374667
0.37337
0.371937
0.370356
0.368612
0.366692
0.364579
0.362256
0.359706
0.356911
0.353852
0.35051
0.346865
0.342898
0.33859
0.333922
0.328877
0.323441
0.317601
0.311346
0.30467
0.297571
0.290052
0.282121
0.273792
0.265085
0.256027
0.246649
0.236992
0.227099
0.217021
0.206809
0.196521
0.186215
0.17595
0.165781
0.155766
0.145956
0.136399
0.127137
0.118207
0.109639
0.101457
0.0936794
0.0863174
0.0793773
0.0728597
0.066761
0.0610734
0.0557858
0.0508845
0.0463535
0.0421752
0.0383311
0.034802
0.0315684
0.0286108
0.0259101
0.0234476
0.0212053
0.0191662
0.0173139
0.015633
0.014109
0.0127285
0.0114789
0.0103486
0.00932681
0.00840367
0.00757006
0.00681765
0.00613882
0.00552659
0.00497462
0.00447714
0.00402887
0.00362507
0.00326139
0.00293392
0.0026391
0.00237372
0.00213488
0.00191996
0.00172657
0.00155258
0.00139606
0.00125527
0.00112864
0.00101475
0.00091232
0.000820211
0.000737383
0.000662904
0.000595937
0.000535726
0.00048159
0.000432919
0.000389162
0.000349823
0.000314458
0.000282666
0.000254085
0.000228393
0.000205297
0.000184536
0.000165873
0.000149097
0.000134017
0.000120462
0.000108277
9.7325e-05
8.74802e-05
7.8631e-05
7.06768e-05
6.35271e-05
5.71006e-05
5.13241e-05
4.61319e-05
4.1465e-05
3.72701e-05
3.34995e-05
3.01104e-05
2.70642e-05
2.43261e-05
2.1865e-05
1.96529e-05
1.76645e-05
1.58774e-05
1.4271e-05
1.28272e-05
1.15294e-05
1.03629e-05
9.31446e-06
8.37207e-06
7.52503e-06
6.76368e-06
6.07937e-06
5.46428e-06
4.91143e-06
4.41452e-06
3.96787e-06
3.56642e-06
3.20558e-06
2.88126e-06
2.58974e-06
2.32772e-06
2.09221e-06
1.88053e-06
1.69026e-06
1.51925e-06
1.36554e-06
1.22738e-06
1.1032e-06
9.91578e-07
8.91254e-07
8.0108e-07
7.20029e-07
6.47179e-07
5.817e-07
5.22845e-07
4.69946e-07
4.22398e-07
3.79661e-07
3.41248e-07
3.06722e-07
2.75689e-07
2.47796e-07
2.22724e-07
2.0019e-07
1.79935e-07
1.6173e-07
1.45367e-07
1.30659e-07
1.17439e-07
1.05557e-07
9.48773e-08
8.52779e-08
7.66498e-08
6.88946e-08
6.19241e-08
5.56588e-08
5.00274e-08
4.49658e-08
4.04163e-08
3.63271e-08
3.26517e-08
2.93481e-08
2.63787e-08
2.37098e-08
2.13109e-08
1.91548e-08
1.72167e-08
1.54748e-08
1.39091e-08
1.25018e-08
1.12369e-08
1.01e-08
9.07814e-09
8.15964e-09
7.33408e-09
6.59204e-09
5.92508e-09
5.3256e-09
4.78677e-09
4.30246e-09
3.86715e-09
3.47589e-09
3.12421e-09
2.80811e-09
2.52399e-09
2.26862e-09
2.03909e-09
1.83278e-09
1.64735e-09
1.48068e-09
1.33087e-09
1.19621e-09
1.07518e-09
9.664e-10
8.68623e-10
7.80739e-10
7.01746e-10
6.30745e-10
5.66929e-10
5.09569e-10
4.58012e-10
4.11672e-10
3.7002e-10
3.32583e-10
2.98933e-10
2.68688e-10
2.41503e-10
2.17069e-10
1.95106e-10
1.75366e-10
1.57623e-10
1.41675e-10
1.27341e-10
1.14457e-10
1.02877e-10
9.2468e-11
8.31124e-11
7.47034e-11
6.71452e-11
6.03515e-11
5.42453e-11
4.8757e-11
4.38238e-11
3.939e-11
3.54046e-11
3.18225e-11
2.86029e-11
2.57088e-11
2.31077e-11
2.07698e-11
1.86684e-11
1.67795e-11
1.50819e-11
1.35558e-11
1.21845e-11
1.09517e-11
9.84346e-12
8.84759e-12
7.95253e-12
7.14784e-12
6.42464e-12
5.77471e-12
5.19029e-12
4.66516e-12
4.19331e-12
3.76899e-12
3.38751e-12
3.0449e-12
2.73692e-12
2.45981e-12
2.21112e-12
1.9873e-12
1.78613e-12
1.6056e-12
1.44307e-12
1.29718e-12
1.16573e-12
1.04783e-12
9.41913e-13
8.46656e-13
7.60947e-13
6.83897e-13
6.14619e-13
5.52669e-13
4.96492e-13
4.4631e-13
4.01235e-13
3.606e-13
3.24185e-13
2.91323e-13
2.62013e-13
2.35367e-13
2.11609e-13
1.9007e-13
1.70974e-13
1.53655e-13
1.38112e-13
1.24123e-13
1.11466e-13
1.00364e-13
9.01501e-14
8.10463e-14
7.28306e-14
6.55032e-14
5.88418e-14
5.28466e-14
4.75175e-14
4.28546e-14
3.84137e-14
3.44169e-14
3.10862e-14
2.79776e-14
2.5091e-14
2.24265e-14
2.02061e-14
1.82077e-14
1.64313e-14
1.46549e-14
1.33227e-14
1.17684e-14
1.06581e-14
9.54792e-15
8.65974e-15
7.77156e-15
6.88338e-15
6.21725e-15
5.77316e-15
5.10703e-15
4.44089e-15
4.21885e-15
3.77476e-15
3.33067e-15
3.10862e-15
2.66454e-15
2.44249e-15
2.22045e-15
1.9984e-15
1.77636e-15
1.55431e-15
1.33227e-15
1.33227e-15
1.11022e-15
1.11022e-15
8.88178e-16
8.88178e-16
6.66134e-16
6.66134e-16
6.66134e-16
4.44089e-16
4.44089e-16
4.44089e-16
4.44089e-16
4.44089e-16
4.44089e-16
2.22045e-16
2.22045e-16
2.22045e-16
2.22045e-16
2.22045e-16
2.22045e-16
2.22045e-16
2.22045e-16
0
0
0
0
0
0
0
0
0
0
0
0
0
0
0
0
0
0
0
0
0
0
0
0
0
0
0
0
0
0
0
0
0
0
0
0
0
0
0
0
0
0
0
0
0
0
0
0
0
0
0
0
0
0
0
0
0
0
0
0
0
0
0
0
0
0
0
0
0
0
0
0
0
0
0
0
0
0
0
0
0
0
0
0
0
0
0
0
0
0
0
0
0
0
0
0
0
0
0
0
0
0
0
0
0
0
0
0
0
0
0
0
0
0
0
0
0
0
0
0
0
0
0
0
0
0
0
0
0
0
0
0
0
0
0
0
0
0
0
0
0
0
0
0
0
0
0
0
0
0
0
0
0
0
0
0
0
0
0
0
0
0
0
0
0
0
0
0
0
0
0
0
0
0
0
0
0
0
0
0
0
0
0
0
0
0
0
0
0
0
0
0
0
0
0
0
0
0
0
0
0
0
0
0
0
0
0
0
0
0
0
0
0
0
0
0
0
0
0
0
0
0
0
0
0
0
0
0
0
0
0
0
0
0
0
0
0
0
0
0
0
0
0
0
0
0
0
0
0
0
0
0
0
0
0
0
0
0
0
0
0
0
0
0
0
0
0
0
0
0
0
0
0
0
0
0
0
0
0
0
0
0
0
0
0
0
0
0
0
0
0
0
0
0
0
0
0
0
0
0
0
0
0
0
0
0
0
0
0
0
0
0
0
0
0
0
0
0
0
0
0
0
0
0
0
0
0
0
0
0
0
0
0
0
0
0
0
0
0
0
0
0
0
0
0
0
0
0
0
0
0
0
0
0
0
0
0
0
0
0
0
0
0
0
0
0
0
0
0
0
0
0
0
0
0
0
0
0
0
0
0
0
0
0
0
0
0
0
0
0
0
0
0
0
0
0
0
0
0
0
0
0
0
0
0
0
0
0
0
0
0
0
0
0
0
0
0
0
0
0
0
0
0
0
0
0
0
0
0
0
0
0
0
0
0
0
0
0
0
0
0
0
0
0
0
0
0
0
0
0
0
0
0
0
0
0
0
0
0
0
0
0
0
0
0
0
0
0
0
0
0
0
0
0
0
0
0
0
0
0
0
0
0
0
0
0
0
0
0
0
0
0
0
0
0
0
0
0
0
0
0
0
0
0
0
0
0
0
0
0
0
0
0
0
0
0
0
0
0
0
0
0
0
0
0
0
0
0
0
0
0
0
0
0
0
0
0
0
0
0
0
0
0
0
0
0
0
0
0
0
0
0
0
0
0
0
0
0
0
0
0
0
0
0
0
0
0
0
0
0
0
0
0
0
0
0
0
0
0
0
0
0
0
0
0
0
0
0
0
0
0
0
0
0
0
0
0
0
0
0
0
0
0
0
0
0
0
0
0
0
0
0
0
0
0
0
0
0
0
0
0
0
0
0
0
0
0
0
0
0
0
0
0
0
0
0
0
0
0
0
0
0
0
0
0
0
0
0
0
0
0
0
0
0
0
0
0
0
0
0
0
0
0
0
0
0
0
0
0
0
0
0
0
0
0
0
0
0
0
0
0
0
0
0
0
0
0
0
0
0
0
0
0
0
0
0
0
0
0
0
0
0
0
0
0
0
0
0
0
0
0
0
0
0
0
0
0
0
0
0
0
0
0
0
0
0
0
0
0
0
0
0
0
0
0
0
0
0
0
0
0
0
0
0
0
0
0
0
0
0
0
0
0
0
0
0
0
0
0
0
0
0
0
0
0
0
0
0
0
0
0
0
0
0
0
0
0
0
0
0
0
0
0
0
0
0
0
0
0
0
0
0
0
0
0
0
0
0
0
0
0
0
0
0
0
0
0
0
0
0
0
0
0
0
0
0
0
0
0
0
0
0
0
0
0
0
0
0
0
0
0
0
0
0
0
0
0
0
0
0
0
0
0
0
0
0
0
0
0
0
0
0
0
0
0
0
0
0
0
0
0
0
0
0
0
0
0
0
0
0
0
0
0
0
0
0
0
0
0
0
0
0
0
0
0
0
0
0
0
0
0
0
0
0
0
0
0
0
0
0
0
0
0
0
0
0
0
0
0
0
0
0
0
0
0
0
0
0
0
0
0
0
0
0
0
0
0
0
0
0
0
0
0
0
0
0
0
0
0
0
0
0
0
0
0
0
0
0
0
0
0
0
0
0
0
0
0
0
0
0
0
0
0
0
0
0
0
0
0
0
0
0
0
0
0
0
0
0
0
0
0
0
0
0
0
0
0
0
0
0
0
0
0
0
0
0
0
0
0
0
0
0
0
0
0
0
0
0
0
0
0
0
0
0
0
0
0
0
0
0
0
0
0
0
0
0
0
0
0
0
0
0
0
0
0
0
0
0
0
0
0
0
0
0
0
0
0
0
0
0
0
0
0
0
0
0
0
0
0
0
0
0
0
0
0
0
0
0
0
0
0
0
0
0
0
0
0
0
0
0
0
0
0
0
0
0
0
0
0
0
0
0
0
0
0
0
0
0
0
0
0
0
0
0
0
0
0
0
0
0
0
0
0
0
0
0
0
0
0
0
0
0
0
0
0
0
0
0
0
0
0
0
0
0
0
0
0
0
0
0
0
0
0
0
0
0
0
0
0
0
0
0
0
0
0
0
0
0
0
0
0
0
0
0
0
0
0
0
0
0
0
0
0
0
0
0
0
0
0
0
0
0
0
0
0
0
0
0
0
0
0
0
0
0
0
0
0
0
0
0
0
0
0
0
0
0
0
0
0
0
0
0
0
0
0
0
0
0
0
0
0
0
0
0
0
0
0
0
0
0
0
0
0
0
0
0
0
0
0
0
0
0
0
0
0
0
0
0
0
0
0
0
0
0
0
0
0
0
0
0
0
0
0
0
0
0
0
0
0
0
0
0
0
0
0
0
0
0
0
0
0
0
0
0
0
0
0
0
0
0
0
0
0
0
0
0
0
0
0
0
0
0
0
0
0
0
0
0
0
0
0
0
0
0
0
0
0
0
0
0
0
0
0
0
0
0
0
0
0
0
0
0
0
0
0
0
0
0
0
0
0
0
0
0
0
0
0
0
0
0
0
0
0
0
0
0
0
0
0
0
0
0
0
0
0
0
0
0
0
0
0
0
0
0
0
0
0
0
0
0
0
0
0
0
0
0
0
0
0
0
0
0
0
0
0
0
0
0
0
0
0
0
0
0
0
0
0
0
0
0
0
0
0
0
0
0
0
0
0
0
0
0
0
0
0
0
0
0
0
0
0
0
0
0
0
0
0
0
0
0
0
0
0
0
0
0
0
0
0
0
0
0
0
0
0
0
0
0
0
0
0
0
0
0
0
0
0
0
0
0
0
0
0
0
0
0
0
0
0
0
0
0
0
0
0
0
0
0
0
0
0
0
0
0
0
0
0
0
0
0
0
0
0
0
0
0
0
0
0
0
0
0
0
0
0
0
0
0
0
0
0
0
0
0
0
0
0
0
0
0
0
0
0
0
0
0
0
0
0
0
0
0
0
0
0
0
0
0
0
0
0
0
0
0
0
0
0
0
0
0
0
0
0
0
0
0
0
0
0
0
0
0
0
0
0
0
0
0
0
0
0
0
0
0
0
0
0
0
0
0
0
0
0
0
0
0
0
0
0
0
0
0
0
0
0
0
0
0
0
0
0
0
0
0
0
0
0
0
0
0
0
0
0
0
0
0
0
0
0
0
0
0
0
0
0
0
0
0
0
0
0
0
0
0
0
0
0
0
0
0
0
0
0
0
0
0
0
0
0
0
0
0
0
0
0
0
0
0
0
0
0
0
0
0
0
0
0
0
0
0
0
0
0
0
0
0
0
0
0
0
0
0
0
0
0
0
0
0
0
0
0
0
0
0
0
0
0
0
0
0
0
0
0
0
0
0
0
0
0
0
0
0
0
0
0
0
0
0
0
0
0
0
0
0
0
0
0
0
0
0
0
0
0
0
0
0
0
0
0
0
0
0
0
0
0
0
0
0
0
0
0
0
0
0
0
0
0
0
0
0
0
0
0
0
0
0
0
0
0
0
0
0
0
0
0
0
0
0
0
0
0
0
0
0
0
0
0
0
0
0
0
0
0
0
0
0
0
0
0
0
0
0
0
0
0
0
0
0
0
0
0
0
0
0
0
0
0
0
0
0
0
0
0
0
0
0
0
0
0
0
0
0
0
0
0
0
0
0
0
0
0
0
0
0
0
0
0
0
0
0
0
0
0
0
0
0
0
0
0
0
0
0
0
0
0
0
0
0
0
0
0
0
0
0
0
0
0
0
0
0
0
0
0
0
0
0
0
0
0
0
0
0
0
0
0
0
0
0
0
0
0
0
0
0
0
0
0
0
0
0
0
0
0
0
0
0
0
0
0
0
0
0
0
0
0
0
0
0
0
0
0
0
0
0
0
0
0
0
0
0
0
0
0
0
0
0
0
0
0
0
0
0
0
0
0
0
0
0
0
0
0
0
0
0
0
0
0
0
0
0
0
0
0
0
0
0
0
0
0
0
0
0
0
0
0
0
0
0
0
0
0
0
0
0
0
0
0
0
0
0
0
0
0
0
0
0
0
0
0
0
0
0
0
0
0
0
0
0
0
0
0
0
0
0
0
0
0
0
0
0
0
0
0
0
0
0
0
0
0
0
0
0
0
0
0
0
0
0
0
0
0
0
0
0
0
0
0
0
0
0
0
0
0
0
0
0
0
0
0
0
0
0
0
0
0
0
0
0
0
0
0
0
0
0
0
0
0
0
0
0
0
0
0
0
0
0
0
0
0
0
0
0
0
0
0
0
0
0
0
0
0
0
0
0
0
0
0
0
0
0
0
0
0
0
0
0
0
0
0
0
0
0
0
0
0
0
0
0
0
0
0
0
0
0
0
0
0
0
0
0
0
0
0
0
0
0
0
0
0
0
0
0
0
0
0
0
0
0
0
0
0
0
0
0
0
0
0
0
0
0
0
0
0
0
0
0
0
0
0
0
0
0
0
0
0
0
0
0
0
0
0
0
0
0
0
0
0
0
0
0
0
0
0
0
0
0
0
0
0
0
0
0
0
0
0
0
0
0
0
0
0
0
0
0
0
0
0
0
0
0
0
0
0
0
0
0
0
0
0
0
0
0
0
0
0
0
0
0
0
0
0
0
0
0
0
0
0
0
0
0
0
0
0
0
0
0
0
0
0
0
0
0
0
0
0
0
0
0
0
0
0
0
0
0
0
0
0
0
0
0
0
0
0
0
0
0
0
0
0
0
0
0
0
0
0
0
0
0
0
0
0
0
0
0
0
0
0
0
0
0
0
0
0
0
0
0
0
0
0
0
0
0
0
0
0
0
0
0
0
0
0
0
0
0
0
0
0
0
0
0
0
0
0
0
0
0
0
0
0
0
0
0
0
0
0
0
0
0
0
0
0
0
0
0
0
0
0
0
0
0
0
0
0
0
0
0
0
0
0
0
0
0
0
0
0
0
0
0
0
0
0
0
0
0
0
0
0
0
0
0
0
0
0
0
0
0
0
0
0
0
0
0
0
0
0
0
0
0
0
0
0
0
0
0
0
0
0
0
0
0
0
0
0
0
0
0
0
0
0
0
0
0
0
0
0
0
0
0
0
0
0
0
0
0
0
0
0
0
0
0
0
0
0
0
0
0
0
0
0
0
0
0
0
0
0
0
0
0
0
0
0
0
0
0
0
0
0
0
0
0
0
0
0
0
0
0
0
0
0
0
0
0
0
0
0
0
0
0
0
0
0
0
0
0
0
0
0
0
0
0
0
0
0
0
0
0
0
0
0
0
0
0
0
0
0
0
0
0
0
0
0
0
0
0
0
0
0
0
0
0
0
0
0
0
0
0
0
0
0
0
0
0
0
0
0
0
0
0
0
0
0
0
0
0
0
0
0
0
0
0
0
0
0
0
0
0
0
0
0
0
0
0
0
0
0
0
0
0
0
0
0
0
0
0
0
0
0
0
0
0
0
0
0
0
0
0
0
0
0
0
0
0
0
0
0
0
0
0
0
0
0
0
0
0
0
0
0
0
0
0
