-0.5306
-0.5306
-0.5306
-0.5306
-0.5306
-0.5306
-0.5306
-0.5306
-0.5306
-0.5306
-0.5306
-0.5306
-0.5306
-0.5306
-0.5306
-0.5306
-0.5306
-0.5306
-0.5306
-0.5306
-0.5306
-0.5306
-0.5306
-0.5306
-0.5306
-0.5306
-0.5306
-0.5306
-0.5306
-0.5306
-0.5306
-0.5306
-0.5306
-0.5306
-0.5306
-0.5306
-0.5306
-0.5306
-0.5306
-0.5306
-0.5306
-0.5306
-0.5306
-0.5306
-0.5306
-0.5306
-0.5306
-0.5306
-0.5306
-0.5306
-0.5306
-0.5306
-0.5306
-0.5306
-0.5306
-0.5306
-0.5306
-0.5306
-0.5306
-0.5306
-0.5306
-0.5306
-0.5306
-0.5306
-0.5306
-0.5306
-0.5306
-0.5306
-0.5306
-0.5306
-0.5306
-0.5306
-0.5306
-0.5306
-0.5306
-0.5306
-0.5306
-0.5306
-0.5306
-0.5306
-0.5306
-0.5306
-0.5306
-0.5306
-0.5306
-0.5306
-0.5306
-0.5306
-0.5306
-0.5306
-0.5306
-0.5306
-0.5306
-0.5306
-0.5306
-0.5306
-0.5306
-0.5306
-0.5306
-0.5306
-0.5306
-0.5306
-0.5306
-0.5306
-0.5306
-0.5306
-0.5306
-0.5306
-0.5306
-0.5306
-0.5306
-0.5306
-0.5306
-0.5306
-0.5306
-0.5306
-0.5306
-0.5306
-0.5306
-0.5306
-0.5306
-0.5306
-0.5306
-0.5306
-0.5306
-0.5306
-0.5306
-0.5306
-0.5306
-0.5306
-0.5306
-0.5306
-0.5306
-0.5306
-0.5306
-0.5306
-0.5306
-0.5306
-0.5306
-0.5306
-0.5306
-0.5306
-0.5306
-0.5306
-0.5306
-0.5306
-0.5306
-0.5306
-0.5306
-0.5306
-0.5306
-0.5306
-0.5306
-0.5306
-0.5306
-0.5306
-0.5306
-0.5306
-0.5306
-0.5306
-0.5306
-0.5306
-0.5306
-0.5306
-0.5306
-0.5306
-0.5306
-0.5306
-0.5306
-0.5306
-0.5306
-0.5306
-0.5306
-0.5306
-0.5306
-0.5306
-0.5306
-0.5306
-0.5306
-0.5306
-0.5306
-0.5306
-0.5306
-0.5306
-0.5306
-0.5306
-0.5306
-0.5306
-0.5306
-0.5306
-0.5306
-0.5306
-0.5306
-0.5306
-0.5306
-0.5306
-0.5306
-0.5306
-0.5306
-0.5306
-0.5306
-0.5306
-0.5306
-0.5306
-0.5306
-0.5306
-0.5306
-0.5306
-0.5306
-0.5306
-0.5306
-0.5306
-0.5306
-0.5306
-0.5306
-0.5306
-0.5306
-0.5306
-0.5306
-0.5306
-0.5306
-0.5306
-0.5306
-0.5306
-0.5306
-0.5306
-0.5306
-0.5306
-0.5306
-0.5306
-0.5306
-0.5306
-0.5306
-0.5306
-0.5306
-0.5306
-0.5306
-0.5306
-0.5306
-0.5306
-0.5306
-0.5306
-0.5306
-0.5306
-0.5306
-0.5306
-0.5306
-0.5306
-0.5306
-0.5306
-0.5306
-0.5306
-0.5306
-0.5306
-0.5306
-0.5306
-0.5306
-0.5306
-0.5306
-0.5306
-0.5306
-0.5306
-0.5306
-0.5306
-0.5306
-0.5306
-0.5306
-0.5306
-0.5306
-0.5306
-0.5306
-0.5306
-0.5306
-0.5306
-0.5306
-0.5306
-0.5306
-0.5306
-0.5306
-0.5306
-0.5306
-0.5306
-0.5306
-0.5306
-0.5306
-0.5306
-0.5306
-0.5306
-0.5306
-0.5306
-0.5306
-0.5306
-0.5306
-0.5306
-0.5306
-0.5306
-0.5306
-0.5306
-0.5306
-0.5306
-0.5306
-0.5306
-0.5306
-0.5306
-0.5306
-0.5306
-0.5306
-0.5306
-0.5306
-0.5306
-0.5306
-0.5306
-0.5306
-0.5306
-0.5306
-0.5306
-0.5306
-0.5306
-0.5306
-0.5306
-0.5306
-0.5306
-0.5306
-0.5306
-0.5306
-0.5306
-0.5306
-0.5306
-0.5306
-0.5306
-0.5306
-0.5306
-0.5306
-0.5306
-0.5306
-0.5306
-0.5306
-0.5306
-0.5306
-0.5306
-0.5306
-0.5306
-0.5306
-0.5306
-0.5306
-0.5306
-0.5306
-0.5306
-0.5306
-0.5306
-0.5306
-0.5306
-0.5306
-0.5306
-0.5306
-0.5306
-0.5306
-0.5306
-0.5306
-0.5306
-0.5306
-0.5306
-0.5306
-0.5306
-0.5306
-0.5306
-0.5306
-0.5306
-0.5306
-0.5306
-0.5306
-0.5306
-0.5306
-0.5306
-0.5306
-0.5306
-0.5306
-0.5306
-0.5306
-0.5306
-0.5306
-0.5306
-0.5306
-0.5306
-0.5306
-0.5306
-0.5306
-0.5306
-0.5306
-0.5306
-0.5306
-0.5306
-0.5306
-0.5306
-0.5306
-0.5306
-0.5306
-0.5306
-0.5306
-0.5306
-0.5306
-0.5306
-0.5306
-0.5306
-0.5306
-0.5306
-0.5306
-0.5306
-0.5306
-0.5306
-0.5306
-0.5306
-0.5306
-0.5306
-0.5306
-0.5306
-0.5306
-0.5306
-0.5306
-0.5306
-0.5306
-0.5306
-0.5306
-0.5306
-0.5306
-0.5306
-0.5306
-0.5306
-0.5306
-0.5306
-0.5306
-0.5306
-0.5306
-0.5306
-0.5306
-0.5306
-0.5306
-0.5306
-0.5306
-0.5306
-0.5306
-0.5306
-0.5306
-0.5306
-0.5306
-0.5306
-0.5306
-0.5306
-0.5306
-0.5306
-0.5306
-0.530601
-0.530601
-0.530601
-0.530601
-0.530601
-0.530601
-0.530601
-0.530601
-0.530601
-0.530601
-0.530601
-0.530601
-0.530601
-0.530601
-0.530601
-0.530601
-0.530601
-0.530601
-0.530601
-0.530601
-0.530601
-0.530601
-0.530601
-0.530601
-0.530601
-0.530601
-0.530601
-0.530601
-0.530601
-0.530601
-0.530601
-0.530601
-0.530601
-0.530601
-0.530601
-0.530601
-0.530601
-0.530601
-0.530601
-0.530601
-0.530601
-0.530602
-0.530602
-0.530602
-0.530602
-0.530602
-0.530602
-0.530602
-0.530602
-0.530602
-0.530602
-0.530602
-0.530602
-0.530602
-0.530602
-0.530602
-0.530602
-0.530602
-0.530602
-0.530602
-0.530603
-0.530603
-0.530603
-0.530603
-0.530603
-0.530603
-0.530603
-0.530603
-0.530603
-0.530603
-0.530603
-0.530603
-0.530603
-0.530604
-0.530604
-0.530604
-0.530604
-0.530604
-0.530604
-0.530604
-0.530604
-0.530604
-0.530605
-0.530605
-0.530605
-0.530605
-0.530605
-0.530605
-0.530605
-0.530605
-0.530606
-0.530606
-0.530606
-0.530606
-0.530606
-0.530606
-0.530607
-0.530607
-0.530607
-0.530607
-0.530607
-0.530607
-0.530608
-0.530608
-0.530608
-0.530608
-0.530609
-0.530609
-0.530609
-0.530609
-0.53061
-0.53061
-0.53061
-0.53061
-0.530611
-0.530611
-0.530611
-0.530611
-0.530612
-0.530612
-0.530612
-0.530613
-0.530613
-0.530613
-0.530614
-0.530614
-0.530615
-0.530615
-0.530615
-0.530616
-0.530616
-0.530617
-0.530617
-0.530618
-0.530618
-0.530619
-0.530619
-0.53062
-0.53062
-0.530621
-0.530621
-0.530622
-0.530622
-0.530623
-0.530624
-0.530624
-0.530625
-0.530626
-0.530626
-0.530627
-0.530628
-0.530628
-0.530629
-0.53063
-0.530631
-0.530632
-0.530633
-0.530633
-0.530634
-0.530635
-0.530636
-0.530637
-0.530638
-0.530639
-0.53064
-0.530641
-0.530642
-0.530644
-0.530645
-0.530646
-0.530647
-0.530648
-0.53065
-0.530651
-0.530653
-0.530654
-0.530655
-0.530657
-0.530658
-0.53066
-0.530662
-0.530663
-0.530665
-0.530667
-0.530669
-0.53067
-0.530672
-0.530674
-0.530676
-0.530678
-0.53068
-0.530683
-0.530685
-0.530687
-0.53069
-0.530692
-0.530694
-0.530697
-0.5307
-0.530702
-0.530705
-0.530708
-0.530711
-0.530714
-0.530717
-0.53072
-0.530723
-0.530727
-0.53073
-0.530734
-0.530737
-0.530741
-0.530745
-0.530749
-0.530753
-0.530757
-0.530761
-0.530765
-0.53077
-0.530774
-0.530779
-0.530784
-0.530789
-0.530794
-0.530799
-0.530805
-0.53081
-0.530816
-0.530822
-0.530828
-0.530834
-0.53084
-0.530847
-0.530853
-0.53086
-0.530867
-0.530874
-0.530882
-0.530889
-0.530897
-0.530905
-0.530913
-0.530922
-0.530931
-0.530939
-0.530949
-0.530958
-0.530968
-0.530978
-0.530988
-0.530998
-0.531009
-0.53102
-0.531031
-0.531043
-0.531055
-0.531067
-0.53108
-0.531093
-0.531106
-0.53112
-0.531134
-0.531148
-0.531163
-0.531178
-0.531194
-0.53121
-0.531226
-0.531243
-0.531261
-0.531279
-0.531297
-0.531316
-0.531335
-0.531355
-0.531375
-0.531396
-0.531418
-0.53144
-0.531462
-0.531486
-0.531509
-0.531534
-0.531559
-0.531585
-0.531612
-0.531639
-0.531667
-0.531696
-0.531725
-0.531756
-0.531787
-0.531819
-0.531851
-0.531885
-0.53192
-0.531955
-0.531992
-0.532029
-0.532068
-0.532108
-0.532148
-0.53219
-0.532233
-0.532277
-0.532322
-0.532368
-0.532416
-0.532465
-0.532515
-0.532566
-0.532619
-0.532674
-0.532729
-0.532787
-0.532846
-0.532906
-0.532968
-0.533032
-0.533097
-0.533164
-0.533233
-0.533304
-0.533377
-0.533451
-0.533528
-0.533606
-0.533687
-0.53377
-0.533855
-0.533942
-0.534032
-0.534124
-0.534219
-0.534316
-0.534415
-0.534518
-0.534623
-0.534731
-0.534841
-0.534955
-0.535071
-0.535191
-0.535314
-0.53544
-0.53557
-0.535703
-0.535839
-0.535979
-0.536123
-0.53627
-0.536422
-0.536577
-0.536737
-0.5369
-0.537068
-0.537241
-0.537418
-0.537599
-0.537786
-0.537977
-0.538173
-0.538375
-0.538582
-0.538794
-0.539011
-0.539235
-0.539464
-0.539699
-0.53994
-0.540188
-0.540441
-0.540702
-0.540969
-0.541243
-0.541525
-0.541813
-0.542109
-0.542413
-0.542724
-0.543044
-0.543371
-0.543707
-0.544052
-0.544405
-0.544767
-0.545139
-0.54552
-0.545911
-0.546312
-0.546722
-0.547143
-0.547575
-0.548018
-0.548472
-0.548937
-0.549413
-0.549902
-0.550403
-0.550916
-0.551442
-0.551981
-0.552534
-0.5531
-0.55368
-0.554274
-0.554882
-0.555506
-0.556145
-0.556799
-0.557469
-0.558155
-0.558857
-0.559577
-0.560314
-0.561068
-0.56184
-0.56263
-0.563439
-0.564268
-0.565115
-0.565982
-0.56687
-0.567778
-0.568707
-0.569657
-0.570629
-0.571623
-0.57264
-0.573679
-0.574742
-0.575829
-0.57694
-0.578076
-0.579236
-0.580422
-0.581634
-0.582872
-0.584137
-0.585429
-0.586749
-0.588096
-0.589472
-0.590877
-0.592311
-0.593774
-0.595268
-0.596792
-0.598346
-0.599932
-0.60155
-0.6032
-0.604882
-0.606596
-0.608344
-0.610126
-0.611941
-0.61379
-0.615674
-0.617592
-0.619546
-0.621535
-0.62356
-0.62562
-0.627717
-0.629851
-0.632021
-0.634228
-0.636472
-0.638754
-0.641072
-0.643429
-0.645823
-0.648255
-0.650725
-0.653233
-0.655779
-0.658363
-0.660985
-0.663645
-0.666343
-0.669079
-0.671853
-0.674665
-0.677514
-0.6804
-0.683324
-0.686285
-0.689282
-0.692316
-0.695386
-0.698492
-0.701633
-0.704809
-0.70802
-0.711265
-0.714544
-0.717856
-0.7212
-0.724577
-0.727985
-0.731424
-0.734894
-0.738393
-0.741921
-0.745477
-0.74906
-0.75267
-0.756306
-0.759967
-0.763652
-0.76736
-0.771091
-0.774843
-0.778615
-0.782407
-0.786218
-0.790046
-0.79389
-0.79775
-0.801625
-0.805513
-0.809413
-0.813324
-0.817245
-0.821175
-0.825113
-0.829058
-0.833008
-0.836962
-0.84092
-0.84488
-0.84884
-0.8528
-0.856759
-0.860715
-0.864668
-0.868615
-0.872557
-0.876491
-0.880417
-0.884333
-0.888239
-0.892133
-0.896014
-0.899881
-0.903734
-0.90757
-0.91139
-0.915191
-0.918974
-0.922736
-0.926477
-0.930197
-0.933894
-0.937567
-0.941215
-0.944838
-0.948435
-0.952005
-0.955547
-0.95906
-0.962545
-0.965999
-0.969423
-0.972815
-0.976176
-0.979505
-0.9828
-0.986062
-0.98929
-0.992483
-0.995642
-0.998766
-1.00185
-1.00491
-1.00792
-1.0109
-1.01384
-1.01675
-1.01962
-1.02245
-1.02524
-1.02799
-1.03071
-1.03339
-1.03603
-1.03863
-1.0412
-1.04373
-1.04621
-1.04867
-1.05108
-1.05345
-1.05579
-1.05809
-1.06035
-1.06258
-1.06477
-1.06692
-1.06904
-1.07111
-1.07316
-1.07516
-1.07714
-1.07907
-1.08097
-1.08284
-1.08467
-1.08647
-1.08823
-1.08997
-1.09166
-1.09333
-1.09496
-1.09656
-1.09813
-1.09967
-1.10118
-1.10266
-1.10411
-1.10553
-1.10692
-1.10828
-1.10961
-1.11092
-1.1122
-1.11345
-1.11467
-1.11587
-1.11705
-1.1182
-1.11932
-1.12042
-1.12149
-1.12254
-1.12357
-1.12458
-1.12556
-1.12652
-1.12746
-1.12838
-1.12928
-1.13015
-1.13101
-1.13185
-1.13267
-1.13347
-1.13425
-1.13501
-1.13576
-1.13648
-1.1372
-1.13789
-1.13857
-1.13923
-1.13988
-1.14051
-1.14112
-1.14173
-1.14231
-1.14288
-1.14344
-1.14399
-1.14452
-1.14504
-1.14555
-1.14604
-1.14653
-1.147
-1.14746
-1.1479
-1.14834
-1.14877
-1.14918
-1.14959
-1.14999
-1.15037
-1.15075
-1.15111
-1.15147
-1.15182
-1.15216
-1.15249
-1.15282
-1.15313
-1.15344
-1.15374
-1.15403
-1.15432
-1.15459
-1.15487
-1.15513
-1.15539
-1.15564
-1.15588
-1.15612
-1.15635
-1.15658
-1.1568
-1.15701
-1.15722
-1.15743
-1.15763
-1.15782
-1.15801
-1.15819
-1.15837
-1.15855
-1.15872
-1.15888
-1.15904
-1.1592
-1.15935
-1.1595
-1.15965
-1.15979
-1.15993
-1.16006
-1.1602
-1.16032
-1.16045
-1.16057
-1.16069
-1.1608
-1.16091
-1.16102
-1.16113
-1.16123
-1.16133
-1.16143
-1.16153
-1.16162
-1.16171
-1.1618
-1.16189
-1.16197
-1.16205
-1.16213
-1.16221
-1.16229
-1.16236
-1.16243
-1.1625
-1.16257
-1.16264
-1.1627
-1.16276
-1.16282
-1.16288
-1.16294
-1.163
-1.16305
-1.16311
-1.16316
-1.16321
-1.16326
-1.16331
-1.16336
-1.1634
-1.16345
-1.16349
-1.16353
-1.16357
-1.16361
-1.16365
-1.16369
-1.16373
-1.16376
-1.1638
-1.16383
-1.16387
-1.1639
-1.16393
-1.16396
-1.16399
-1.16402
-1.16405
-1.16407
-1.1641
-1.16413
-1.16415
-1.16418
-1.1642
-1.16423
-1.16425
-1.16427
-1.16429
-1.16431
-1.16434
-1.16436
-1.16437
-1.16439
-1.16441
-1.16443
-1.16445
-1.16447
-1.16448
-1.1645
-1.16451
-1.16453
-1.16454
-1.16456
-1.16457
-1.16459
-1.1646
-1.16461
-1.16463
-1.16464
-1.16465
-1.16466
-1.16467
-1.16469
-1.1647
-1.16471
-1.16472
-1.16473
-1.16474
-1.16475
-1.16476
-1.16477
-1.16477
-1.16478
-1.16479
-1.1648
-1.16481
-1.16481
-1.16482
-1.16483
-1.16484
-1.16484
-1.16485
-1.16486
-1.16486
-1.16487
-1.16488
-1.16488
-1.16489
-1.16489
-1.1649
-1.1649
-1.16491
-1.16491
-1.16492
-1.16492
-1.16493
-1.16493
-1.16494
-1.16494
-1.16495
-1.16495
-1.16495
-1.16496
-1.16496
-1.16496
-1.16497
-1.16497
-1.16498
-1.16498
-1.16498
-1.16498
-1.16499
-1.16499
-1.16499
-1.165
-1.165
-1.165
-1.165
-1.16501
-1.16501
-1.16501
-1.16501
-1.16502
-1.16502
-1.16502
-1.16502
-1.16502
-1.16503
-1.16503
-1.16503
-1.16503
-1.16503
-1.16504
-1.16504
-1.16504
-1.16504
-1.16504
-1.16504
-1.16505
-1.16505
-1.16505
-1.16505
-1.16505
-1.16505
-1.16505
-1.16505
-1.16506
-1.16506
-1.16506
-1.16506
-1.16506
-1.16506
-1.16506
-1.16506
-1.16506
-1.16507
-1.16507
-1.16507
-1.16507
-1.16507
-1.16507
-1.16507
-1.16507
-1.16507
-1.16507
-1.16507
-1.16507
-1.16507
-1.16508
-1.16508
-1.16508
-1.16508
-1.16508
-1.16508
-1.16508
-1.16508
-1.16508
-1.16508
-1.16508
-1.16508
-1.16508
-1.16508
-1.16508
-1.16508
-1.16508
-1.16508
-1.16508
-1.16509
-1.16509
-1.16509
-1.16509
-1.16509
-1.16509
-1.16509
-1.16509
-1.16509
-1.16509
-1.16509
-1.16509
-1.16509
-1.16509
-1.16509
-1.16509
-1.16509
-1.16509
-1.16509
-1.16509
-1.16509
-1.16509
-1.16509
-1.16509
-1.16509
-1.16509
-1.16509
-1.16509
-1.16509
-1.16509
-1.16509
-1.16509
-1.16509
-1.16509
-1.16509
-1.16509
-1.16509
-1.16509
-1.16509
-1.16509
-1.16509
-1.1651
-1.1651
-1.1651
-1.1651
-1.1651
-1.1651
-1.1651
-1.1651
-1.1651
-1.1651
-1.1651
-1.1651
-1.1651
-1.1651
-1.1651
-1.1651
-1.1651
-1.1651
-1.1651
-1.1651
-1.1651
-1.1651
-1.1651
-1.1651
-1.1651
-1.1651
-1.1651
-1.1651
-1.1651
-1.1651
-1.1651
-1.1651
-1.1651
-1.1651
-1.1651
-1.1651
-1.1651
-1.1651
-1.1651
-1.1651
-1.1651
-1.1651
-1.1651
-1.1651
-1.1651
-1.1651
-1.1651
-1.1651
-1.1651
-1.1651
-1.1651
-1.1651
-1.1651
-1.1651
-1.1651
-1.1651
-1.1651
-1.1651
-1.1651
-1.1651
-1.1651
-1.1651
-1.1651
-1.1651
-1.1651
-1.1651
-1.1651
-1.1651
-1.1651
-1.1651
-1.1651
-1.1651
-1.1651
-1.1651
-1.1651
-1.1651
-1.1651
-1.1651
-1.1651
-1.1651
-1.1651
-1.1651
-1.1651
-1.1651
-1.1651
-1.1651
-1.1651
-1.1651
-1.1651
-1.1651
-1.1651
-1.1651
-1.1651
-1.1651
-1.1651
-1.1651
-1.1651
-1.1651
-1.1651
-1.1651
-1.1651
-1.1651
-1.1651
-1.1651
-1.1651
-1.1651
-1.1651
-1.1651
-1.1651
-1.1651
-1.1651
-1.1651
-1.1651
-1.1651
-1.1651
-1.1651
-1.1651
-1.1651
-1.1651
-1.1651
-1.1651
-1.1651
-1.1651
-1.1651
-1.1651
-1.1651
-1.1651
-1.1651
-1.1651
-1.1651
-1.1651
-1.1651
-1.1651
-1.1651
-1.1651
-1.1651
-1.1651
-1.1651
-1.1651
-1.1651
-1.1651
-1.1651
-1.1651
-1.1651
-1.1651
-1.1651
-1.1651
-1.1651
-1.1651
-1.1651
-1.1651
-1.1651
-1.1651
-1.1651
-1.1651
-1.1651
-1.1651
-1.1651
-1.1651
-1.1651
-1.1651
-1.1651
-1.1651
-1.1651
-1.1651
-1.1651
-1.1651
-1.1651
-1.1651
-1.1651
-1.1651
-1.1651
-1.1651
-1.1651
-1.1651
-1.1651
-1.1651
-1.1651
-1.1651
-1.1651
-1.1651
-1.1651
-1.1651
-1.1651
-1.1651
-1.1651
-1.1651
-1.1651
-1.1651
-1.1651
-1.1651
-1.1651
-1.1651
-1.1651
-1.1651
-1.1651
-1.1651
-1.1651
-1.1651
-1.1651
-1.1651
-1.1651
-1.1651
-1.1651
-1.1651
-1.1651
-1.1651
-1.1651
-1.1651
-1.1651
-1.1651
-1.1651
-1.1651
-1.1651
-1.1651
-1.1651
-1.1651
-1.1651
-1.1651
-1.1651
-1.1651
-1.1651
-1.1651
-1.1651
-1.1651
-1.1651
-1.1651
-1.1651
-1.1651
-1.1651
-1.1651
-1.1651
-1.1651
-1.1651
-1.1651
-1.1651
-1.1651
-1.1651
-1.1651
-1.1651
-1.1651
-1.1651
-1.1651
-1.1651
-1.1651
-1.1651
-1.1651
-1.1651
-1.1651
-1.1651
-1.1651
-1.1651
-1.1651
-1.1651
-1.1651
-1.1651
-1.1651
-1.1651
-1.1651
-1.1651
-1.1651
-1.1651
-1.1651
-1.1651
-1.1651
-1.1651
-1.1651
-1.1651
-1.1651
-1.1651
-1.1651
-1.1651
-1.1651
-1.1651
-1.1651
-1.1651
-1.1651
-1.1651
-1.1651
-1.1651
-1.1651
-1.1651
-1.1651
-1.1651
-1.1651
-1.1651
-1.1651
-1.1651
-1.1651
-1.1651
-1.1651
-1.1651
-1.1651
-1.1651
-1.1651
-1.1651
-1.1651
-1.1651
-1.1651
-1.1651
-1.1651
-1.1651
-1.1651
-1.1651
-1.1651
-1.1651
-1.1651
-1.1651
-1.1651
-1.1651
-1.1651
-1.1651
-1.1651
-1.1651
-1.1651
-1.1651
-1.1651
-1.1651
-1.1651
-1.1651
-1.1651
-1.1651
-1.1651
-1.1651
-1.1651
-1.1651
-1.1651
-1.1651
-1.1651
-1.1651
-1.1651
-1.1651
-1.1651
-1.1651
-1.1651
-1.1651
-1.1651
-1.1651
-1.1651
-1.1651
-1.1651
-1.1651
-1.1651
-1.1651
-1.1651
-1.1651
-1.1651
-1.1651
-1.1651
-1.1651
-1.1651
-1.1651
-1.1651
-1.1651
-1.1651
-1.1651
-1.1651
-1.1651
-1.1651
-1.1651
-1.1651
-1.1651
-1.1651
-1.1651
-1.1651
-1.1651
-1.1651
-1.1651
-1.1651
-1.1651
-1.1651
-1.1651
-1.1651
-1.1651
-1.1651
-1.1651
-1.1651
-1.1651
-1.1651
-1.1651
-1.1651
-1.1651
-1.1651
-1.1651
-1.1651
-1.1651
-1.1651
-1.1651
-1.1651
-1.1651
-1.1651
-1.1651
-1.1651
-1.1651
-1.1651
-1.1651
-1.1651
-1.1651
-1.1651
-1.1651
-1.1651
-1.1651
-1.1651
-1.1651
-1.1651
-1.1651
-1.1651
-1.1651
-1.1651
-1.1651
-1.1651
-1.1651
-1.1651
-1.1651
-1.1651
-1.1651
-1.1651
-1.1651
-1.1651
-1.1651
-1.1651
-1.1651
-1.1651
-1.1651
-1.1651
-1.1651
-1.1651
-1.1651
-1.1651
-1.1651
-1.1651
-1.1651
-1.1651
-1.1651
-1.1651
-1.1651
-1.1651
-1.1651
-1.1651
-1.1651
-1.1651
-1.1651
-1.1651
-1.1651
-1.1651
-1.1651
-1.1651
-1.1651
-1.1651
-1.1651
-1.1651
-1.1651
-1.1651
-1.1651
-1.1651
-1.1651
-1.1651
-1.1651
-1.1651
-1.1651
-1.1651
-1.1651
-1.1651
-1.1651
-1.1651
-1.1651
-1.1651
-1.1651
-1.1651
-1.1651
-1.1651
-1.1651
-1.1651
-1.1651
-1.1651
-1.1651
-1.1651
-1.1651
-1.1651
-1.1651
-1.1651
-1.1651
-1.1651
-1.1651
-1.1651
-1.1651
-1.1651
-1.1651
-1.1651
-1.1651
-1.1651
-1.1651
-1.1651
-1.1651
-1.1651
-1.1651
-1.1651
-1.1651
-1.1651
-1.1651
-1.1651
-1.1651
-1.1651
-1.1651
-1.1651
-1.1651
-1.1651
-1.1651
-1.1651
-1.1651
-1.1651
-1.1651
-1.1651
-1.1651
-1.1651
-1.1651
-1.1651
-1.1651
-1.1651
-1.1651
-1.1651
-1.1651
-1.1651
-1.1651
-1.1651
-1.1651
-1.1651
-1.1651
-1.1651
-1.1651
-1.1651
-1.1651
-1.1651
-1.1651
-1.1651
-1.1651
-1.1651
-1.1651
-1.1651
-1.1651
-1.1651
-1.1651
-1.1651
-1.1651
-1.1651
-1.1651
-1.1651
-1.1651
-1.1651
-1.1651
-1.1651
-1.1651
-1.1651
-1.1651
-1.1651
-1.1651
-1.1651
-1.1651
-1.1651
-1.1651
-1.1651
-1.1651
-1.1651
-1.1651
-1.1651
-1.1651
-1.1651
-1.1651
-1.1651
-1.1651
-1.1651
-1.1651
-1.1651
-1.1651
-1.1651
-1.1651
-1.1651
-1.1651
-1.1651
-1.1651
-1.1651
-1.1651
-1.1651
-1.1651
-1.1651
-1.1651
-1.1651
-1.1651
-1.1651
-1.1651
-1.1651
-1.1651
-1.1651
-1.1651
-1.1651
-1.1651
-1.1651
-1.1651
-1.1651
-1.1651
-1.1651
-1.1651
-1.1651
-1.1651
-1.1651
-1.1651
-1.1651
-1.1651
-1.1651
-1.1651
-1.1651
-1.1651
-1.1651
-1.1651
-1.1651
-1.1651
-1.1651
-1.1651
-1.1651
-1.1651
-1.1651
-1.1651
-1.1651
-1.1651
-1.1651
-1.1651
-1.1651
-1.1651
-1.1651
-1.1651
-1.1651
-1.1651
-1.1651
-1.1651
-1.1651
-1.1651
-1.1651
-1.1651
-1.1651
-1.1651
-1.1651
-1.1651
-1.1651
-1.1651
-1.1651
-1.1651
-1.1651
-1.1651
-1.1651
-1.1651
-1.1651
-1.1651
-1.1651
-1.1651
-1.1651
-1.1651
-1.1651
-1.1651
-1.1651
-1.1651
-1.1651
-1.1651
-1.1651
-1.1651
-1.1651
-1.1651
-1.1651
-1.1651
-1.1651
-1.1651
-1.1651
-1.1651
-1.1651
-1.1651
-1.1651
-1.1651
-1.1651
-1.1651
-1.1651
-1.1651
-1.1651
-1.1651
-1.1651
-1.1651
-1.1651
-1.1651
-1.1651
-1.1651
-1.1651
-1.1651
-1.1651
-1.1651
-1.1651
-1.1651
-1.1651
-1.1651
-1.1651
-1.1651
-1.1651
-1.1651
-1.1651
-1.1651
-1.1651
-1.1651
-1.1651
-1.1651
-1.1651
-1.1651
-1.1651
-1.1651
-1.1651
-1.1651
-1.1651
-1.1651
-1.1651
-1.1651
-1.1651
-1.1651
-1.1651
-1.1651
-1.1651
-1.1651
-1.1651
-1.1651
-1.1651
-1.1651
-1.1651
-1.1651
-1.1651
-1.1651
-1.1651
-1.1651
-1.1651
-1.1651
-1.1651
-1.1651
-1.1651
-1.1651
-1.1651
-1.1651
-1.1651
-1.1651
-1.1651
-1.1651
-1.1651
-1.1651
-1.1651
-1.1651
-1.1651
-1.1651
-1.1651
-1.1651
-1.1651
-1.1651
-1.1651
-1.1651
-1.1651
-1.1651
-1.1651
-1.1651
-1.1651
-1.1651
-1.1651
-1.1651
-1.1651
-1.1651
-1.1651
-1.1651
-1.1651
-1.1651
-1.1651
-1.1651
-1.1651
-1.1651
-1.1651
-1.1651
-1.1651
-1.1651
-1.1651
-1.1651
-1.1651
-1.1651
-1.1651
-1.1651
-1.1651
-1.1651
-1.1651
-1.1651
-1.1651
-1.1651
-1.1651
-1.1651
-1.1651
-1.1651
-1.1651
-1.1651
-1.1651
-1.1651
-1.1651
-1.1651
-1.1651
-1.1651
-1.1651
-1.1651
-1.1651
-1.1651
-1.1651
-1.1651
-1.1651
-1.1651
-1.1651
-1.1651
-1.1651
-1.1651
-1.1651
-1.1651
-1.1651
-1.1651
-1.1651
-1.1651
-1.1651
-1.1651
-1.1651
-1.1651
-1.1651
-1.1651
-1.1651
-1.1651
-1.1651
-1.1651
-1.1651
-1.1651
-1.1651
-1.1651
-1.1651
-1.1651
-1.1651
-1.1651
-1.1651
-1.1651
-1.1651
-1.1651
-1.1651
-1.1651
-1.1651
-1.1651
-1.1651
-1.1651
-1.1651
-1.1651
-1.1651
-1.1651
-1.1651
-1.1651
-1.1651
-1.1651
-1.1651
-1.1651
-1.1651
-1.1651
-1.1651
-1.1651
-1.1651
-1.1651
-1.1651
-1.1651
-1.1651
-1.1651
-1.1651
-1.1651
-1.1651
-1.1651
-1.1651
-1.1651
-1.1651
-1.1651
-1.1651
-1.1651
-1.1651
-1.1651
-1.1651
-1.1651
-1.1651
-1.1651
-1.1651
-1.1651
-1.1651
-1.1651
-1.1651
-1.1651
-1.1651
-1.1651
-1.1651
-1.1651
-1.1651
-1.1651
-1.1651
-1.1651
-1.1651
-1.1651
-1.1651
-1.1651
-1.1651
-1.1651
-1.1651
-1.1651
-1.1651
-1.1651
-1.1651
-1.1651
-1.1651
-1.1651
-1.1651
-1.1651
-1.1651
-1.1651
-1.1651
-1.1651
-1.1651
-1.1651
-1.1651
-1.1651
-1.1651
-1.1651
-1.1651
-1.1651
-1.1651
-1.1651
-1.1651
-1.1651
-1.1651
-1.1651
-1.1651
-1.1651
-1.1651
-1.1651
-1.1651
-1.1651
-1.1651
-1.1651
-1.1651
-1.1651
-1.1651
-1.1651
-1.1651
-1.1651
-1.1651
-1.1651
-1.1651
-1.1651
-1.1651
-1.1651
-1.1651
-1.1651
-1.1651
-1.1651
-1.1651
-1.1651
-1.1651
-1.1651
-1.1651
-1.1651
-1.1651
-1.1651
-1.1651
-1.1651
-1.1651
-1.1651
-1.1651
-1.1651
-1.1651
-1.1651
-1.1651
-1.1651
-1.1651
-1.1651
-1.1651
-1.1651
-1.1651
-1.1651
-1.1651
-1.1651
-1.1651
-1.1651
-1.1651
-1.1651
-1.1651
-1.1651
-1.1651
-1.1651
-1.1651
-1.1651
-1.1651
-1.1651
-1.1651
-1.1651
-1.1651
-1.1651
-1.1651
-1.1651
-1.1651
-1.1651
-1.1651
-1.1651
-1.1651
-1.1651
-1.1651
-1.1651
-1.1651
-1.1651
-1.1651
-1.1651
-1.1651
-1.1651
-1.1651
-1.1651
-1.1651
-1.1651
-1.1651
-1.1651
-1.1651
-1.1651
-1.1651
-1.1651
-1.1651
-1.1651
-1.1651
-1.1651
-1.1651
-1.1651
-1.1651
-1.1651
-1.1651
-1.1651
-1.1651
-1.1651
-1.1651
-1.1651
-1.1651
-1.1651
-1.1651
-1.1651
-1.1651
-1.1651
-1.1651
-1.1651
-1.1651
-1.1651
-1.1651
-1.1651
-1.1651
-1.1651
-1.1651
-1.1651
-1.1651
-1.1651
-1.1651
-1.1651
-1.1651
-1.1651
-1.1651
-1.1651
-1.1651
-1.1651
-1.1651
-1.1651
-1.1651
-1.1651
-1.1651
-1.1651
-1.1651
-1.1651
-1.1651
-1.1651
-1.1651
-1.1651
-1.1651
-1.1651
-1.1651
-1.1651
-1.1651
-1.1651
-1.1651
-1.1651
-1.1651
-1.1651
-1.1651
-1.1651
-1.1651
-1.1651
-1.1651
-1.1651
-1.1651
-1.1651
-1.1651
-1.1651
-1.1651
-1.1651
-1.1651
-1.1651
-1.1651
-1.1651
-1.1651
-1.1651
-1.1651
-1.1651
-1.1651
-1.1651
-1.1651
-1.1651
-1.1651
-1.1651
-1.1651
-1.1651
-1.1651
-1.1651
-1.1651
-1.1651
-1.1651
-1.1651
-1.1651
-1.1651
-1.1651
-1.1651
-1.1651
-1.1651
-1.1651
-1.1651
-1.1651
-1.1651
-1.1651
-1.1651
-1.1651
-1.1651
-1.1651
-1.1651
-1.1651
-1.1651
-1.1651
-1.1651
-1.1651
-1.1651
-1.1651
-1.1651
-1.1651
-1.1651
-1.1651
-1.1651
-1.1651
-1.1651
-1.1651
-1.1651
-1.1651
-1.1651
-1.1651
-1.1651
-1.1651
-1.1651
-1.1651
-1.1651
-1.1651
-1.1651
-1.1651
-1.1651
-1.1651
-1.1651
-1.1651
-1.1651
-1.1651
-1.1651
-1.1651
-1.1651
-1.1651
-1.1651
-1.1651
-1.1651
-1.1651
-1.1651
-1.1651
-1.1651
-1.1651
-1.1651
-1.1651
-1.1651
-1.1651
-1.1651
-1.1651
-1.1651
-1.1651
-1.1651
-1.1651
-1.1651
-1.1651
-1.1651
-1.1651
-1.1651
-1.1651
-1.1651
-1.1651
-1.1651
-1.1651
-1.1651
-1.1651
-1.1651
-1.1651
-1.1651
-1.1651
-1.1651
-1.1651
-1.1651
-1.1651
-1.1651
-1.1651
-1.1651
-1.1651
-1.1651
-1.1651
-1.1651
-1.1651
-1.1651
-1.1651
-1.1651
-1.1651
-1.1651
-1.1651
-1.1651
-1.1651
-1.1651
-1.1651
-1.1651
-1.1651
-1.1651
-1.1651
-1.1651
-1.1651
-1.1651
-1.1651
-1.1651
-1.1651
-1.1651
-1.1651
-1.1651
-1.1651
-1.1651
-1.1651
-1.1651
-1.1651
-1.1651
-1.1651
-1.1651
-1.1651
-1.1651
-1.1651
-1.1651
-1.1651
-1.1651
-1.1651
-1.1651
-1.1651
-1.1651
-1.1651
-1.1651
-1.1651
-1.1651
-1.1651
-1.1651
-1.1651
-1.1651
-1.1651
-1.1651
-1.1651
-1.1651
-1.1651
-1.1651
-1.1651
-1.1651
-1.1651
-1.1651
-1.1651
-1.1651
-1.1651
-1.1651
-1.1651
-1.1651
-1.1651
-1.1651
-1.1651
-1.1651
-1.1651
-1.1651
-1.1651
-1.1651
-1.1651
-1.1651
-1.1651
-1.1651
-1.1651
-1.1651
-1.1651
-1.1651
-1.1651
-1.1651
-1.1651
-1.1651
-1.1651
-1.1651
-1.1651
-1.1651
-1.1651
-1.1651
-1.1651
-1.1651
-1.1651
-1.1651
-1.1651
-1.1651
-1.1651
-1.1651
-1.1651
-1.1651
-1.1651
-1.1651
-1.1651
-1.1651
-1.1651
-1.1651
-1.1651
-1.1651
-1.1651
-1.1651
-1.1651
-1.1651
-1.1651
-1.1651
-1.1651
-1.1651
-1.1651
-1.1651
-1.1651
-1.1651
-1.1651
-1.1651
-1.1651
-1.1651
-1.1651
-1.1651
-1.1651
-1.1651
-1.1651
-1.1651
-1.1651
-1.1651
-1.1651
-1.1651
-1.1651
-1.1651
-1.1651
-1.1651
-1.1651
-1.1651
-1.1651
-1.1651
-1.1651
-1.1651
-1.1651
-1.1651
-1.1651
-1.1651
-1.1651
-1.1651
-1.1651
-1.1651
-1.1651
-1.1651
-1.1651
-1.1651
-1.1651
-1.1651
-1.1651
-1.1651
-1.1651
-1.1651
-1.1651
-1.1651
-1.1651
-1.1651
-1.1651
-1.1651
-1.1651
-1.1651
-1.1651
-1.1651
-1.1651
-1.1651
-1.1651
-1.1651
-1.1651
-1.1651
-1.1651
-1.1651
-1.1651
-1.1651
-1.1651
-1.1651
-1.1651
-1.1651
-1.1651
-1.1651
-1.1651
-1.1651
-1.1651
-1.1651
-1.1651
-1.1651
-1.1651
-1.1651
-1.1651
-1.1651
-1.1651
-1.1651
-1.1651
-1.1651
-1.1651
-1.1651
-1.1651
-1.1651
-1.1651
-1.1651
-1.1651
-1.1651
-1.1651
-1.1651
-1.1651
-1.1651
-1.1651
-1.1651
-1.1651
-1.1651
-1.1651
-1.1651
-1.1651
-1.1651
-1.1651
-1.1651
-1.1651
-1.1651
-1.1651
-1.1651
-1.1651
-1.1651
-1.1651
-1.1651
-1.1651
-1.1651
-1.1651
-1.1651
-1.1651
-1.1651
-1.1651
-1.1651
-1.1651
-1.1651
-1.1651
-1.1651
-1.1651
-1.1651
-1.1651
-1.1651
-1.1651
-1.1651
-1.1651
-1.1651
-1.1651
-1.1651
-1.1651
-1.1651
-1.1651
-1.1651
-1.1651
-1.1651
-1.1651
-1.1651
-1.1651
-1.1651
-1.1651
-1.1651
-1.1651
-1.1651
-1.1651
-1.1651
-1.1651
-1.1651
-1.1651
-1.1651
-1.1651
-1.1651
-1.1651
-1.1651
-1.1651
-1.1651
-1.1651
-1.1651
-1.1651
-1.1651
-1.1651
-1.1651
-1.1651
-1.1651
-1.1651
-1.1651
-1.1651
-1.1651
-1.1651
-1.1651
-1.1651
-1.1651
-1.1651
-1.1651
-1.1651
-1.1651
-1.1651
-1.1651
-1.1651
-1.1651
-1.1651
-1.1651
-1.1651
-1.1651
-1.1651
-1.1651
-1.1651
-1.1651
-1.1651
-1.1651
-1.1651
-1.1651
-1.1651
-1.1651
-1.1651
-1.1651
-1.1651
-1.1651
-1.1651
-1.1651
-1.1651
-1.1651
-1.1651
-1.1651
-1.1651
-1.1651
-1.1651
-1.1651
-1.1651
-1.1651
-1.1651
-1.1651
-1.1651
-1.1651
-1.1651
-1.1651
-1.1651
-1.1651
-1.1651
-1.1651
-1.1651
-1.1651
-1.1651
-1.1651
-1.1651
-1.1651
-1.1651
-1.1651
-1.1651
-1.1651
-1.1651
-1.1651
-1.1651
-1.1651
-1.1651
-1.1651
-1.1651
-1.1651
-1.1651
-1.1651
-1.1651
-1.1651
-1.1651
-1.1651
-1.1651
-1.1651
-1.1651
-1.1651
-1.1651
-1.1651
-1.1651
-1.1651
-1.1651
-1.1651
-1.1651
-1.1651
-1.1651
-1.1651
-1.1651
-1.1651
-1.1651
-1.1651
-1.1651
-1.1651
-1.1651
-1.1651
-1.1651
-1.1651
-1.1651
-1.1651
-1.1651
-1.1651
-1.1651
-1.1651
-1.1651
-1.1651
-1.1651
-1.1651
-1.1651
-1.1651
-1.1651
-1.1651
-1.1651
-1.1651
-1.1651
-1.1651
-1.1651
-1.1651
-1.1651
-1.1651
-1.1651
-1.1651
-1.1651
-1.1651
-1.1651
-1.1651
-1.1651
-1.1651
-1.1651
-1.1651
-1.1651
-1.1651
-1.1651
-1.1651
-1.1651
-1.1651
-1.1651
-1.1651
-1.1651
-1.1651
-1.1651
-1.1651
-1.1651
-1.1651
-1.1651
-1.1651
-1.1651
-1.1651
-1.1651
-1.1651
-1.1651
-1.1651
-1.1651
-1.1651
-1.1651
-1.1651
-1.1651
-1.1651
-1.1651
-1.1651
-1.1651
-1.1651
-1.1651
-1.1651
-1.1651
-1.1651
-1.1651
-1.1651
-1.1651
-1.1651
-1.1651
-1.1651
-1.1651
-1.1651
-1.1651
-1.1651
-1.1651
-1.1651
-1.1651
-1.1651
-1.1651
-1.1651
-1.1651
-1.1651
-1.1651
-1.1651
-1.1651
-1.1651
-1.1651
-1.1651
-1.1651
-1.1651
-1.1651
-1.1651
-1.1651
-1.1651
-1.1651
-1.1651
-1.1651
-1.1651
-1.1651
-1.1651
-1.1651
-1.1651
-1.1651
-1.1651
-1.1651
-1.1651
-1.1651
-1.1651
-1.1651
-1.1651
-1.1651
-1.1651
-1.1651
-1.1651
-1.1651
-1.1651
-1.1651
-1.1651
-1.1651
-1.1651
-1.1651
-1.1651
-1.1651
-1.1651
-1.1651
-1.1651
-1.1651
-1.1651
-1.1651
-1.1651
-1.1651
-1.1651
-1.1651
-1.1651
-1.1651
-1.1651
-1.1651
-1.1651
-1.1651
-1.1651
-1.1651
-1.1651
-1.1651
-1.1651
-1.1651
-1.1651
-1.1651
-1.1651
-1.1651
-1.1651
-1.1651
-1.1651
-1.1651
-1.1651
-1.1651
-1.1651
-1.1651
-1.1651
-1.1651
-1.1651
-1.1651
-1.1651
-1.1651
-1.1651
-1.1651
-1.1651
-1.1651
-1.1651
-1.1651
-1.1651
-1.1651
-1.1651
-1.1651
-1.1651
-1.1651
-1.1651
-1.1651
-1.1651
-1.1651
-1.1651
-1.1651
-1.1651
-1.1651
-1.1651
-1.1651
-1.1651
-1.1651
-1.1651
-1.1651
-1.1651
-1.1651
-1.1651
-1.1651
-1.1651
-1.1651
-1.1651
-1.1651
-1.1651
-1.1651
-1.1651
-1.1651
-1.1651
-1.1651
-1.1651
-1.1651
-1.1651
-1.1651
-1.1651
-1.1651
-1.1651
-1.1651
-1.1651
-1.1651
-1.1651
-1.1651
-1.1651
-1.1651
-1.1651
-1.1651
-1.1651
-1.1651
-1.1651
-1.1651
-1.1651
-1.1651
-1.1651
-1.1651
-1.1651
-1.1651
-1.1651
-1.1651
-1.1651
-1.1651
-1.1651
-1.1651
-1.1651
-1.1651
-1.1651
-1.1651
-1.1651
-1.1651
-1.1651
-1.1651
-1.1651
-1.1651
-1.1651
-1.1651
-1.1651
-1.1651
-1.1651
-1.1651
-1.1651
-1.1651
-1.1651
-1.1651
-1.1651
-1.1651
-1.1651
-1.1651
-1.1651
-1.1651
-1.1651
-1.1651
-1.1651
-1.1651
-1.1651
-1.1651
-1.1651
-1.1651
-1.1651
-1.1651
-1.1651
-1.1651
-1.1651
-1.1651
-1.1651
-1.1651
-1.1651
-1.1651
-1.1651
-1.1651
-1.1651
-1.1651
-1.1651
-1.1651
-1.1651
-1.1651
-1.1651
-1.1651
-1.1651
-1.1651
-1.1651
-1.1651
-1.1651
-1.1651
-1.1651
-1.1651
-1.1651
-1.1651
-1.1651
-1.1651
-1.1651
-1.1651
-1.1651
-1.1651
-1.1651
-1.1651
-1.1651
-1.1651
-1.1651
-1.1651
-1.1651
-1.1651
-1.1651
-1.1651
-1.1651
-1.1651
-1.1651
-1.1651
-1.1651
-1.1651
-1.1651
-1.1651
-1.1651
-1.1651
-1.1651
-1.1651
-1.1651
-1.1651
-1.1651
-1.1651
-1.1651
-1.1651
-1.1651
-1.1651
-1.1651
-1.1651
-1.1651
-1.1651
-1.1651
-1.1651
-1.1651
-1.1651
-1.1651
-1.1651
-1.1651
-1.1651
-1.1651
-1.1651
-1.1651
-1.1651
-1.1651
-1.1651
-1.1651
-1.1651
-1.1651
-1.1651
-1.1651
-1.1651
-1.1651
-1.1651
-1.1651
-1.1651
-1.1651
-1.1651
-1.1651
-1.1651
-1.1651
-1.1651
-1.1651
-1.1651
-1.1651
-1.1651
-1.1651
-1.1651
-1.1651
-1.1651
-1.1651
-1.1651
-1.1651
-1.1651
-1.1651
-1.1651
-1.1651
-1.1651
-1.1651
-1.1651
-1.1651
-1.1651
-1.1651
-1.1651
-1.1651
-1.1651
-1.1651
-1.1651
-1.1651
-1.1651
-1.1651
-1.1651
-1.1651
-1.1651
-1.1651
-1.1651
-1.1651
-1.1651
-1.1651
-1.1651
-1.1651
-1.1651
-1.1651
-1.1651
-1.1651
-1.1651
-1.1651
-1.1651
-1.1651
-1.1651
-1.1651
-1.1651
-1.1651
-1.1651
-1.1651
-1.1651
-1.1651
-1.1651
-1.1651
-1.1651
-1.1651
-1.1651
-1.1651
-1.1651
-1.1651
-1.1651
-1.1651
-1.1651
-1.1651
-1.1651
-1.1651
-1.1651
-1.1651
-1.1651
-1.1651
-1.1651
-1.1651
-1.1651
-1.1651
-1.1651
-1.1651
-1.1651
-1.1651
-1.1651
-1.1651
-1.1651
-1.1651
-1.1651
-1.1651
-1.1651
-1.1651
-1.1651
-1.1651
-1.1651
-1.1651
-1.1651
-1.1651
-1.1651
-1.1651
-1.1651
-1.1651
-1.1651
-1.1651
-1.1651
-1.1651
-1.1651
-1.1651
-1.1651
-1.1651
-1.1651
-1.1651
-1.1651
-1.1651
-1.1651
-1.1651
-1.1651
-1.1651
-1.1651
-1.1651
-1.1651
-1.1651
-1.1651
-1.1651
-1.1651
-1.1651
-1.1651
-1.1651
-1.1651
-1.1651
-1.1651
-1.1651
-1.1651
-1.1651
-1.1651
-1.1651
-1.1651
-1.1651
-1.1651
-1.1651
-1.1651
-1.1651
-1.1651
-1.1651
-1.1651
-1.1651
-1.1651
-1.1651
-1.1651
-1.1651
-1.1651
-1.1651
-1.1651
-1.1651
-1.1651
-1.1651
-1.1651
-1.1651
-1.1651
-1.1651
-1.1651
-1.1651
-1.1651
-1.1651
-1.1651
-1.1651
-1.1651
-1.1651
-1.1651
-1.1651
-1.1651
-1.1651
-1.1651
-1.1651
-1.1651
-1.1651
-1.1651
-1.1651
-1.1651
-1.1651
-1.1651
-1.1651
-1.1651
-1.1651
-1.1651
-1.1651
-1.1651
-1.1651
-1.1651
-1.1651
-1.1651
-1.1651
-1.1651
-1.1651
-1.1651
-1.1651
-1.1651
-1.1651
-1.1651
-1.1651
-1.1651
-1.1651
-1.1651
-1.1651
-1.1651
-1.1651
-1.1651
-1.1651
-1.1651
-1.1651
-1.1651
-1.1651
-1.1651
-1.1651
-1.1651
-1.1651
-1.1651
-1.1651
-1.1651
-1.1651
-1.1651
-1.1651
-1.1651
-1.1651
-1.1651
-1.1651
-1.1651
-1.1651
-1.1651
-1.1651
-1.1651
-1.1651
-1.1651
-1.1651
-1.1651
-1.1651
-1.1651
-1.1651
-1.1651
-1.1651
-1.1651
-1.1651
-1.1651
-1.1651
-1.1651
-1.1651
-1.1651
-1.1651
-1.1651
-1.1651
-1.1651
-1.1651
-1.1651
-1.1651
-1.1651
-1.1651
-1.1651
-1.1651
-1.1651
-1.1651
-1.1651
-1.1651
-1.1651
-1.1651
-1.1651
-1.1651
-1.1651
-1.1651
-1.1651
-1.1651
-1.1651
-1.1651
-1.1651
-1.1651
-1.1651
-1.1651
-1.1651
-1.1651
-1.1651
-1.1651
-1.1651
-1.1651
-1.1651
-1.1651
-1.1651
-1.1651
-1.1651
-1.1651
-1.1651
-1.1651
-1.1651
-1.1651
-1.1651
-1.1651
-1.1651
-1.1651
-1.1651
-1.1651
-1.1651
-1.1651
-1.1651
-1.1651
-1.1651
-1.1651
-1.1651
-1.1651
-1.1651
-1.1651
-1.1651
-1.1651
-1.1651
-1.1651
-1.1651
-1.1651
-1.1651
-1.1651
-1.1651
-1.1651
-1.1651
-1.1651
-1.1651
-1.1651
-1.1651
-1.1651
-1.1651
-1.1651
-1.1651
-1.1651
-1.1651
-1.1651
-1.1651
-1.1651
-1.1651
-1.1651
-1.1651
-1.1651
-1.1651
-1.1651
-1.1651
-1.1651
-1.1651
-1.1651
-1.1651
-1.1651
-1.1651
-1.1651
-1.1651
-1.1651
-1.1651
-1.1651
-1.1651
-1.1651
-1.1651
-1.1651
-1.1651
-1.1651
-1.1651
-1.1651
-1.1651
-1.1651
-1.1651
-1.1651
-1.1651
-1.1651
-1.1651
-1.1651
-1.1651
-1.1651
-1.1651
-1.1651
-1.1651
-1.1651
-1.1651
-1.1651
-1.1651
-1.1651
-1.1651
-1.1651
-1.1651
-1.1651
-1.1651
-1.1651
-1.1651
-1.1651
-1.1651
-1.1651
-1.1651
-1.1651
-1.1651
-1.1651
-1.1651
-1.1651
-1.1651
-1.1651
-1.1651
-1.1651
-1.1651
-1.1651
-1.1651
-1.1651
-1.1651
-1.1651
-1.1651
-1.1651
-1.1651
-1.1651
-1.1651
-1.1651
-1.1651
-1.1651
-1.1651
-1.1651
-1.1651
-1.1651
-1.1651
-1.1651
-1.1651
-1.1651
-1.1651
-1.1651
-1.1651
-1.1651
-1.1651
-1.1651
-1.1651
-1.1651
-1.1651
-1.1651
-1.1651
-1.1651
-1.1651
-1.1651
-1.1651
-1.1651
-1.1651
-1.1651
-1.1651
-1.1651
-1.1651
-1.1651
-1.1651
-1.1651
-1.1651
-1.1651
-1.1651
-1.1651
-1.1651
-1.1651
-1.1651
-1.1651
-1.1651
-1.1651
-1.1651
-1.1651
-1.1651
-1.1651
-1.1651
-1.1651
-1.1651
-1.1651
-1.1651
-1.1651
-1.1651
-1.1651
-1.1651
-1.1651
-1.1651
-1.1651
-1.1651
-1.1651
-1.1651
-1.1651
-1.1651
-1.1651
-1.1651
-1.1651
-1.1651
-1.1651
-1.1651
-1.1651
-1.1651
-1.1651
-1.1651
-1.1651
-1.1651
-1.1651
-1.1651
-1.1651
-1.1651
-1.1651
-1.1651
-1.1651
-1.1651
-1.1651
-1.1651
-1.1651
-1.1651
-1.1651
-1.1651
-1.1651
-1.1651
-1.1651
-1.1651
-1.1651
-1.1651
-1.1651
-1.1651
-1.1651
-1.1651
-1.1651
-1.1651
-1.1651
-1.1651
-1.1651
-1.1651
-1.1651
-1.1651
-1.1651
-1.1651
-1.1651
-1.1651
-1.1651
-1.1651
-1.1651
-1.1651
-1.1651
-1.1651
0.2117
0.2127
0.2137
0.2147
0.2156
0.2166
0.2176
0.2186
0.2196
0.2206
0.2216
0.2226
0.2236
0.2246
0.2256
0.2266
0.2276
0.2285
0.2295
0.2305
0.2315
0.2325
0.2335
0.2345
0.2355
0.2365
0.2375
0.2385
0.2395
0.2405
0.2415
0.2426
0.2436
0.2446
0.2456
0.2466
0.2476
0.2486
0.2496
0.2506
0.2516
0.2526
0.2536
0.2546
0.2556
0.2566
0.2576
0.2586
0.2596
0.2606
0.2617
0.2627
0.2637
0.2647
0.2657
0.2667
0.2676
0.2686
0.2696
0.2706
0.2716
0.2726
0.2735
0.2745
0.2755
0.2765
0.2775
0.2785
0.2795
0.2805
0.2815
0.2825
0.2834
0.2844
0.2854
0.2864
0.2874
0.2884
0.2893
0.2903
0.2913
0.2923
0.2933
0.2942
0.2952
0.2962
0.2972
0.2982
0.2991
0.3001
0.3011
0.3021
0.3031
0.304
0.305
0.306
0.3069
0.3079
0.3089
0.3098
0.3108
0.3118
0.3127
0.3137
0.3146
0.3156
0.3165
0.3175
0.3185
0.3194
0.3204
0.3213
0.3223
0.3232
0.3242
0.3251
0.3261
0.327
0.3279
0.3289
0.3298
0.3307
0.3317
0.3326
0.3335
0.3345
0.3354
0.3363
0.3373
0.3382
0.3391
0.34
0.341
0.3419
0.3428
0.3437
0.3446
0.3455
0.3464
0.3474
0.3483
0.3492
0.3501
0.3509
0.3518
0.3527
0.3536
0.3545
0.3554
0.3563
0.3572
0.3581
0.359
0.3599
0.3607
0.3616
0.3625
0.3634
0.3642
0.3651
0.366
0.3669
0.3677
0.3686
0.3694
0.3703
0.3711
0.372
0.3728
0.3736
0.3745
0.3753
0.3762
0.377
0.3778
0.3787
0.3795
0.3803
0.3811
0.382
0.3828
0.3836
0.3844
0.3852
0.386
0.3868
0.3876
0.3884
0.3892
0.39
0.3908
0.3915
0.3923
0.3931
0.3939
0.3946
0.3954
0.3962
0.3969
0.3977
0.3985
0.3992
0.4
0.4007
0.4014
0.4022
0.4029
0.4037
0.4044
0.4051
0.4058
0.4066
0.4073
0.408
0.4087
0.4094
0.4101
0.4108
0.4115
0.4122
0.4129
0.4136
0.4143
0.415
0.4157
0.4164
0.417
0.4177
0.4184
0.4191
0.4198
0.4205
0.4211
0.4218
0.4225
0.4231
0.4238
0.4245
0.4251
0.4258
0.4264
0.4271
0.4277
0.4284
0.429
0.4296
0.4303
0.4309
0.4316
0.4322
0.4329
0.4335
0.4341
0.4348
0.4354
0.436
0.4367
0.4373
0.4379
0.4385
0.4391
0.4398
0.4404
0.441
0.4416
0.4422
0.4428
0.4434
0.444
0.4446
0.4452
0.4458
0.4464
0.447
0.4476
0.4482
0.4488
0.4494
0.45
0.4506
0.4512
0.4517
0.4523
0.4529
0.4535
0.4541
0.4547
0.4553
0.4558
0.4564
0.457
0.4576
0.4582
0.4588
0.4594
0.46
0.4605
0.4611
0.4617
0.4623
0.4628
0.4634
0.464
0.4645
0.4651
0.4657
0.4663
0.4668
0.4673
0.4679
0.4684
0.469
0.4695
0.4701
0.4706
0.4712
0.4717
0.4723
0.4728
0.4734
0.474
0.4745
0.475
0.4756
0.4761
0.4767
0.4772
0.4778
0.4783
0.4789
0.4794
0.48
0.4805
0.481
0.4816
0.4821
0.4826
0.4832
0.4837
0.4842
0.4848
0.4853
0.4858
0.4863
0.4868
0.4873
0.4879
0.4884
0.4889
0.4894
0.4899
0.4904
0.491
0.4915
0.492
0.4925
0.493
0.4935
0.494
0.4945
0.4951
0.4956
0.4961
0.4966
0.4971
0.4976
0.4981
0.4986
0.4991
0.4996
0.5001
0.5006
0.5011
0.5016
0.5021
0.5026
0.5031
0.5036
0.5041
0.5046
0.5051
0.5056
0.5061
0.5066
0.507
0.5075
0.508
0.5085
0.509
0.5094
0.5099
0.5104
0.5109
0.5113
0.5118
0.5123
0.5128
0.5132
0.5137
0.5142
0.5146
0.5151
0.5155
0.516
0.5165
0.5169
0.5174
0.5178
0.5183
0.5187
0.5192
0.5196
0.5201
0.5205
0.521
0.5214
0.5218
0.5223
0.5227
0.5232
0.5236
0.524
0.5245
0.5249
0.5253
0.5257
0.5261
0.5265
0.527
0.5274
0.5278
0.5282
0.5286
0.529
0.5294
0.5297
0.5301
0.5305
0.5309
0.5313
0.5317
0.5321
0.5325
0.5329
0.5332
0.5336
0.5339
0.5343
0.5347
0.5351
0.5354
0.5358
0.5362
0.5365
0.5369
0.5372
0.5375
0.5379
0.5382
0.5386
0.5389
0.5393
0.5396
0.54
0.5403
0.5406
0.541
0.5413
0.5416
0.5419
0.5422
0.5425
0.5429
0.5432
0.5435
0.5438
0.5441
0.5444
0.5446
0.5449
0.5452
0.5455
0.5457
0.546
0.5463
0.5466
0.5469
0.5472
0.5474
0.5477
0.548
0.5482
0.5485
0.5488
0.549
0.5493
0.5496
0.5498
0.5501
0.5504
0.5506
0.5509
0.5511
0.5514
0.5516
0.5519
0.5521
0.5524
0.5526
0.5529
0.5531
0.5534
0.5536
0.5538
0.5541
0.5543
0.5546
0.5548
0.555
0.5553
0.5555
0.5557
0.556
0.5562
0.5564
0.5567
0.5569
0.5571
0.5573
0.5575
0.5578
0.558
0.5582
0.5585
0.5587
0.5589
0.5591
0.5594
0.5596
0.5598
0.5601
0.5603
0.5605
0.5607
0.5609
0.5611
0.5613
0.5616
0.5618
0.562
0.5622
0.5624
0.5626
0.5629
0.5631
0.5633
0.5635
0.5637
0.564
0.5642
0.5644
0.5646
0.5648
0.565
0.5652
0.5654
0.5656
0.5659
0.5661
0.5663
0.5665
0.5667
0.5669
0.5671
0.5673
0.5676
0.5678
0.568
0.5682
0.5684
0.5686
0.5689
0.5691
0.5693
0.5695
0.5697
0.57
0.5702
0.5704
0.5706
0.5708
0.571
0.5713
0.5715
0.5717
0.5719
0.5721
0.5724
0.5726
0.5728
0.573
0.5733
0.5735
0.5737
0.574
0.5742
0.5744
0.5747
0.5749
0.5751
0.5754
0.5756
0.5758
0.5761
0.5763
0.5765
0.5768
0.577
0.5772
0.5775
0.5777
0.578
0.5782
0.5785
0.5787
0.579
0.5792
0.5795
0.5797
0.58
0.5802
0.5805
0.5807
0.581
0.5812
0.5815
0.5818
0.582
0.5823
0.5825
0.5828
0.583
0.5833
0.5836
0.5838
0.5841
0.5843
0.5845
0.5848
0.5851
0.5853
0.5856
0.5858
0.5861
0.5863
0.5866
0.5868
0.5871
0.5874
0.5876
0.5879
0.5882
0.5884
0.5887
0.589
0.5892
0.5895
0.5898
0.5901
0.5903
0.5906
0.5909
0.5912
0.5914
0.5917
0.5919
0.5922
0.5924
0.5927
0.593
0.5932
0.5935
0.5937
0.594
0.5942
0.5945
0.5947
0.595
0.5952
0.5955
0.5957
0.596
0.5962
0.5964
0.5967
0.5969
0.5972
0.5974
0.5977
0.5979
0.5981
0.5984
0.5986
0.5988
0.5991
0.5993
0.5995
0.5998
0.6
0.6002
0.6004
0.6007
0.6009
0.6011
0.6013
0.6016
0.6018
0.602
0.6022
0.6024
0.6026
0.6028
0.603
0.6032
0.6034
0.6035
0.6037
0.6039
0.6041
0.6042
0.6044
0.6046
0.6048
0.605
0.6051
0.6053
0.6054
0.6056
0.6058
0.6059
0.6061
0.6062
0.6064
0.6065
0.6067
0.6069
0.607
0.6072
0.6073
0.6074
0.6076
0.6077
0.6079
0.608
0.6081
0.6083
0.6084
0.6085
0.6087
0.6088
0.6089
0.6091
0.6092
0.6093
0.6094
0.6095
0.6097
0.6098
0.6099
0.61
0.6101
0.6103
0.6104
0.6105
0.6106
0.6107
0.6108
0.611
0.6111
0.6112
0.6113
0.6114
0.6115
0.6116
0.6117
0.6118
0.6119
0.612
0.6121
0.6123
0.6124
0.6125
0.6126
0.6127
0.6128
0.6129
0.613
0.6131
0.6132
0.6133
0.6134
0.6135
0.6136
0.6137
0.6138
0.6139
0.614
0.6141
0.6142
0.6143
0.6144
0.6146
0.6147
0.6148
0.6149
0.615
0.6151
0.6152
0.6153
0.6154
0.6155
0.6156
0.6156
0.6157
0.6158
0.6159
0.616
0.6161
0.6162
0.6163
0.6163
0.6164
0.6165
0.6166
0.6167
0.6167
0.6168
0.6169
0.617
0.6171
0.6172
0.6173
0.6173
0.6174
0.6175
0.6176
0.6177
0.6177
0.6178
0.6179
0.6179
0.618
0.6181
0.6182
0.6182
0.6183
0.6184
0.6185
0.6186
0.6186
0.6187
0.6188
0.6189
0.6189
0.619
0.6191
0.6191
0.6192
0.6192
0.6193
0.6193
0.6194
0.6195
0.6195
0.6196
0.6196
0.6197
0.6198
0.6198
0.6199
0.6199
0.62
0.6201
0.6201
0.6202
0.6203
0.6204
0.6204
0.6205
0.6206
0.6206
0.6207
0.6208
0.6208
0.6209
0.6209
0.621
0.6211
0.6211
0.6212
0.6212
0.6213
0.6214
0.6214
0.6215
0.6215
0.6216
0.6216
0.6217
0.6218
0.6218
0.6219
0.6219
0.622
0.6221
0.6221
0.6222
0.6222
0.6223
0.6223
0.6224
0.6225
0.6225
0.6226
0.6226
0.6227
0.6227
0.6228
0.6228
0.6229
0.623
0.623
0.6231
0.6231
0.6232
0.6232
0.6232
0.6233
0.6233
0.6233
0.6234
0.6234
0.6235
0.6235
0.6235
0.6236
0.6236
0.6236
0.6236
0.6237
0.6237
0.6237
0.6237
0.6238
0.6238
0.6238
0.6238
0.6239
0.6239
0.6239
0.624
0.624
0.624
0.6241
0.6241
0.6241
0.6242
0.6242
0.6242
0.6243
0.6243
0.6244
0.6244
0.6245
0.6245
0.6245
0.6246
0.6246
0.6246
0.6247
0.6247
0.6247
0.6248
0.6248
0.6249
0.6249
0.6249
0.6249
0.625
0.625
0.625
0.625
0.6251
0.6251
0.6251
0.6251
0.6251
0.6252
0.6252
0.6252
0.6252
0.6252
0.6252
0.6253
0.6253
0.6253
0.6253
0.6253
0.6253
0.6253
0.6253
0.6254
0.6254
0.6254
0.6254
0.6254
0.6254
0.6255
0.6255
0.6255
0.6255
0.6255
0.6256
0.6256
0.6256
0.6256
0.6257
0.6257
0.6257
0.6257
0.6257
0.6258
0.6258
0.6258
0.6259
0.6259
0.6259
0.6259
0.626
0.626
0.626
0.626
0.6261
0.6261
0.6261
0.6262
0.6262
0.6263
0.6263
0.6263
0.6264
0.6264
0.6265
0.6265
0.6266
0.6266
0.6267
0.6267
0.6267
0.6267
0.6268
0.6268
0.6269
0.6269
0.6269
0.627
0.627
0.627
0.6271
0.6271
0.6271
0.6271
0.6272
0.6272
0.6272
0.6273
0.6273
0.6273
0.6274
0.6274
0.6274
0.6275
0.6275
0.6275
0.6276
0.6276
0.6277
0.6277
0.6277
0.6278
0.6278
0.6278
0.6279
0.6279
0.628
0.628
0.6281
0.6281
0.6281
0.6282
0.6282
0.6282
0.6283
0.6283
0.6283
0.6284
0.6284
0.6285
0.6285
0.6286
0.6286
0.6287
0.6287
0.6287
0.6288
0.6288
0.6288
0.6289
0.6289
0.6289
0.629
0.629
0.629
0.629
0.6291
0.6291
0.6291
0.6291
0.6291
0.6291
0.6292
0.6292
0.6292
0.6292
0.6292
0.6293
0.6293
0.6293
0.6293
0.6293
0.6294
0.6294
0.6294
0.6294
0.6295
0.6295
0.6295
0.6295
0.6295
0.6295
0.6295
0.6295
0.6295
0.6296
0.6296
0.6296
0.6296
0.6296
0.6296
0.6297
0.6297
0.6297
0.6297
0.6297
0.6297
0.6297
0.6297
0.6297
0.6297
0.6297
0.6297
0.6297
0.6297
0.6297
0.6297
0.6297
0.6297
0.6297
0.6297
0.6297
0.6298
0.6298
0.6298
0.6298
0.6298
0.6298
0.6298
0.6298
0.6298
0.6298
0.6298
0.6298
0.6299
0.6299
0.6299
0.6299
0.6299
0.6299
0.63
0.63
0.63
0.63
0.63
0.63
0.63
0.63
0.63
0.63
0.63
0.63
0.63
0.63
0.63
0.63
0.63
0.63
0.63
0.63
0.6301
0.6301
0.6301
0.6301
0.6301
0.6301
0.6301
0.6301
0.6301
0.6301
0.6301
0.6302
0.6302
0.6302
0.6302
0.6302
0.6302
0.6302
0.6302
0.6302
0.6302
0.6302
0.6303
0.6303
0.6303
0.6303
0.6303
0.6303
0.6303
0.6303
0.6303
0.6303
0.6303
0.6303
0.6303
0.6303
0.6304
0.6304
0.6304
0.6304
0.6304
0.6304
0.6304
0.6304
0.6304
0.6304
0.6304
0.6305
0.6305
0.6305
0.6305
0.6305
0.6305
0.6305
0.6305
0.6305
0.6306
0.6306
0.6306
0.6306
0.6306
0.6306
0.6306
0.6306
0.6306
0.6306
0.6306
0.6306
0.6306
0.6306
0.6306
0.6306
0.6307
0.6307
0.6307
0.6307
0.6307
0.6307
0.6307
0.6307
0.6307
0.6307
0.6307
0.6307
0.6308
0.6308
0.6308
0.6308
0.6308
0.6308
0.6308
0.6308
0.6308
0.6308
0.6308
0.6308
0.6308
0.6308
0.6308
0.6308
0.6309
0.6309
0.6309
0.6309
0.6309
0.6309
0.6309
0.6309
0.6309
0.6309
0.631
0.631
0.631
0.631
0.6311
0.6311
0.6311
0.6311
0.6311
0.6311
0.6311
0.6311
0.6311
0.6311
0.6311
0.6312
0.6312
0.6312
0.6313
0.6313
0.6313
0.6313
0.6314
0.6314
0.6314
0.6314
0.6314
0.6315
0.6315
0.6315
0.6316
0.6316
0.6317
0.6317
0.6317
0.6317
0.6317
0.6317
0.6318
0.6318
0.6318
0.6318
0.6319
0.6319
0.632
0.632
0.632
0.6321
0.6321
0.6321
0.6322
0.6322
0.6322
0.6323
0.6323
0.6323
0.6324
0.6324
0.6325
0.6325
0.6325
0.6325
0.6325
0.6326
0.6326
0.6326
0.6327
0.6327
0.6327
0.6328
0.6328
0.6329
0.6329
0.6329
0.6329
0.6329
0.633
0.633
0.633
0.633
0.6331
0.6331
0.6331
0.6331
0.6331
0.6331
0.6331
0.6331
0.6331
0.6332
0.6332
0.6332
0.6332
0.6333
0.6333
0.6333
0.6333
0.6333
0.6333
0.6333
0.6333
0.6333
0.6333
0.6334
0.6334
0.6334
0.6333
0.6333
0.6333
0.6333
0.6333
0.6333
0.6334
0.6334
0.6334
0.6334
0.6334
0.6334
0.6334
0.6334
0.6334
0.6334
0.6334
0.6334
0.6334
0.6334
0.6334
0.6334
0.6334
0.6334
0.6334
0.6334
0.6334
0.6334
0.6334
0.6334
0.6334
0.6334
0.6335
0.6335
0.6335
0.6335
0.6335
0.6335
0.6335
0.6335
0.6335
0.6335
0.6335
0.6335
0.6335
0.6335
0.6335
0.6335
0.6335
0.6335
0.6335
0.6335
0.6335
0.6335
0.6336
0.6336
0.6336
0.6336
0.6336
0.6336
0.6336
0.6336
0.6336
0.6336
0.6336
0.6336
0.6336
0.6336
0.6336
0.6336
0.6336
0.6336
0.6336
0.6336
0.6336
0.6337
0.6337
0.6337
0.6337
0.6337
0.6337
0.6337
0.6337
0.6337
0.6337
0.6337
0.6337
0.6337
0.6337
0.6337
0.6337
0.6337
0.6337
0.6338
0.6338
0.6338
0.6338
0.6338
0.6338
0.6338
0.6338
0.6338
0.6338
0.6338
0.6338
0.6338
0.6338
0.6338
0.6338
0.6338
0.6338
0.6338
0.6338
0.6339
0.6339
0.6339
0.6339
0.6339
0.6339
0.6339
0.6339
0.6339
0.6339
0.6339
0.6339
0.6339
0.6339
0.6339
0.6339
0.6339
0.6339
0.6339
0.6339
0.6339
0.634
0.634
0.634
0.634
0.634
0.634
0.634
0.634
0.634
0.634
0.634
0.634
0.634
0.634
0.634
0.634
0.634
0.634
0.634
0.634
0.6341
0.6341
0.6341
0.6341
0.6341
0.6341
0.6341
0.6341
0.6341
0.6341
0.6341
0.6341
0.6341
0.6341
0.6341
0.6341
0.6341
0.6341
0.6341
0.6341
0.6341
0.6341
0.6342
0.6342
0.6342
0.6342
0.6342
0.6342
0.6342
0.6342
0.6342
0.6342
0.6342
0.6342
0.6342
0.6342
0.6342
0.6342
0.6342
0.6342
0.6342
0.6342
0.6342
0.6343
0.6343
0.6343
0.6343
0.6343
0.6343
0.6343
0.6343
0.6343
0.6343
0.6343
0.6343
0.6343
0.6343
0.6343
0.6343
0.6343
0.6343
0.6343
0.6343
0.6343
0.6343
0.6343
0.6343
0.6343
0.6343
0.6343
0.6343
0.6343
0.6343
0.6343
0.6343
0.6343
0.6343
0.6343
0.6343
0.6343
0.6344
0.6344
0.6344
0.6344
0.6344
0.6344
0.6344
0.6344
0.6344
0.6344
0.6344
0.6344
0.6344
0.6344
0.6344
0.6344
0.6344
0.6344
0.6344
0.6344
0.6344
0.6344
0.6344
0.6344
0.6344
0.6344
0.6344
0.6344
0.6344
0.6344
0.6344
0.6344
0.6344
0.6344
0.6344
0.6344
0.6344
0.6344
0.6344
0.6344
0.6344
0.6344
0.6344
0.6344
0.6344
0.6344
0.6344
0.6344
0.6344
0.6344
0.6344
0.6344
0.6344
0.6344
0.6344
0.6344
0.6344
0.6344
0.6344
0.6344
0.6344
0.6344
0.6344
0.6344
0.6344
0.6344
0.6344
0.6344
0.6344
0.6344
0.6344
0.6344
0.6344
0.6344
0.6344
0.6344
0.6344
0.6344
0.6344
0.6344
0.6344
0.6344
0.6344
0.6344
0.6344
0.6344
0.6344
0.6344
0.6344
0.6344
0.6344
0.6344
0.6344
0.6344
0.6344
0.6344
0.6344
0.6344
0.6344
0.6344
0.6344
0.6344
0.6344
0.6344
0.6344
0.6344
0.6344
0.6344
0.6344
0.6344
0.6344
0.6344
0.6344
0.6344
0.6344
0.6344
0.6344
0.6344
0.6344
0.6344
0.6344
0.6344
0.6344
0.6344
0.6344
0.6344
0.6344
0.6344
0.6344
0.6344
0.6344
0.6344
0.6344
0.6344
0.6344
0.6344
0.6344
0.6344
0.6344
0.6344
0.6344
0.6344
0.6344
0.6344
0.6344
0.6344
0.6344
0.6344
0.6344
0.6344
0.6344
0.6344
0.6344
0.6344
0.6344
0.6344
0.6344
0.6344
0.6344
0.6344
0.6344
0.6344
0.6344
0.6344
0.6344
0.6344
0.6344
0.6344
0.6344
0.6344
0.6344
0.6344
0.6344
0.6344
0.6344
0.6344
0.6344
0.6344
0.6344
0.6344
0.6344
0.6344
0.6344
0.6344
0.6344
0.6344
0.6344
0.6344
0.6344
0.6344
0.6344
0.6344
0.6344
0.6344
0.6344
0.6344
0.6344
0.6344
0.6344
0.6344
0.6344
0.6344
0.6344
0.6344
0.6344
0.6344
0.6344
0.6344
0.6344
0.6344
0.6344
0.6344
0.6344
0.6344
0.6344
0.6344
0.6344
0.6344
0.6344
0.6344
0.6344
0.6344
0.6344
0.6344
0.6344
0.6344
0.6344
0.6344
0.6344
0.6344
0.6344
0.6344
0.6344
0.6344
0.6344
0.6344
0.6344
0.6344
0.6344
0.6344
0.6344
0.6344
0.6344
0.6344
0.6344
0.6344
0.6344
0.6344
0.6344
0.6344
0.6344
0.6344
0.6344
0.6344
0.6344
0.6344
0.6344
0.6344
0.6344
0.6344
0.6344
0.6344
0.6344
0.6344
0.6344
0.6344
0.6344
0.6344
0.6344
0.6344
0.6344
0.6344
0.6344
0.6344
0.6344
0.6344
0.6344
0.6344
0.6344
0.6344
0.6344
0.6344
0.6344
0.6344
0.6344
0.6344
0.6344
0.6344
0.6344
0.6344
0.6344
0.6344
0.6344
0.6344
0.6344
0.6344
0.6344
0.6344
0.6344
0.6344
0.6344
0.6344
0.6344
0.6344
0.6344
0.6344
0.6344
0.6344
0.6344
0.6344
0.6344
0.6344
0.6344
0.6344
0.6344
0.6344
0.6344
0.6344
0.6344
0.6344
0.6344
0.6344
0.6344
0.6344
0.6344
0.6344
0.6344
0.6344
0.6344
0.6344
0.6344
0.6344
0.6344
0.6344
0.6344
0.6344
0.6344
0.6344
0.6344
0.6344
0.6344
0.6344
0.6344
0.6344
0.6344
0.6344
0.6344
0.6344
0.6344
0.6344
0.6344
0.6344
0.6344
0.6344
0.6344
0.6344
0.6344
0.6344
0.6344
0.6344
0.6344
0.6344
0.6344
0.6344
0.6344
0.6344
0.6344
0.6344
0.6344
0.6344
0.6344
0.6344
0.6344
0.6344
0.6344
0.6344
0.6344
0.6344
0.6344
0.6344
0.6344
0.6344
0.6344
0.6344
0.6344
0.6344
0.6344
0.6344
0.6344
0.6344
0.6344
0.6344
0.6344
0.6344
0.6344
0.6344
0.6344
0.6344
0.6344
0.6344
0.6344
0.6344
0.6344
0.6344
0.6344
0.6344
0.6344
0.6344
0.6344
0.6344
0.6344
0.6344
0.6344
0.6344
0.6344
0.6344
0.6344
0.6344
0.6344
0.6344
0.6344
0.6344
0.6344
0.6344
0.6344
0.6344
0.6344
0.6344
0.6344
0.6344
0.6344
0.6344
0.6344
0.6344
0.6344
0.6344
0.6344
0.6344
0.6344
0.6344
0.6344
0.6344
0.6344
0.6344
0.6344
0.6344
0.6344
0.6344
0.6344
0.6344
0.6344
0.6344
0.6344
0.6344
0.6344
0.6344
0.6344
0.6344
0.6344
0.6344
0.6344
0.6344
0.6344
0.6344
0.6344
0.6344
0.6344
0.6344
0.6344
0.6344
0.6344
0.6344
0.6344
0.6344
0.6344
0.6344
0.6344
0.6344
0.6344
0.6344
0.6344
0.6344
0.6344
0.6344
0.6344
0.6344
0.6344
0.6344
0.6344
0.6344
0.6344
0.6344
0.6344
0.6344
0.6344
0.6344
0.6344
0.6344
0.6344
0.6344
0.6344
0.6344
0.6344
0.6344
0.6344
0.6344
0.6344
0.6344
0.6345
0.6345
0.6345
0.6345
0.6345
0.6345
0.6345
0.6345
0.6345
0.6345
0.6345
0.6345
0.6345
0.6345
0.6345
0.6345
0.6345
0.6345
0.6345
0.6345
0.6345
0.6345
0.6345
0.6345
0.6345
0.6345
0.6345
0.6345
0.6345
0.6345
0.6345
0.6345
0.6345
0.6345
0.6345
0.6345
0.6345
0.6345
0.6345
0.6345
0.6346
0.6346
0.6346
0.6346
0.6346
0.6346
0.6346
0.6346
0.6346
0.6346
0.6346
0.6346
0.6346
0.6346
0.6346
0.6346
0.6346
0.6346
0.6346
0.6346
0.6346
0.6346
0.6346
0.6346
0.6346
0.6346
0.6346
0.6346
0.6346
0.6346
0.6346
0.6346
0.6346
0.6346
0.6346
0.6346
0.6346
0.6346
0.6346
0.6346
0.6346
0.6346
0.6346
0.6346
0.6346
0.6346
0.6346
0.6346
0.6346
0.6346
0.6346
0.6346
0.6346
0.6346
0.6346
0.6346
0.6346
0.6346
0.6345
0.6345
0.6345
0.6345
0.6345
0.6345
0.6345
0.6345
0.6345
0.6345
0.6345
0.6345
0.6345
0.6345
0.6345
0.6345
0.6345
0.6345
0.6345
0.6345
0.6345
0.6345
0.6345
0.6345
0.6345
0.6345
0.6345
0.6345
0.6345
0.6345
0.6345
0.6345
0.6345
0.6345
0.6345
0.6345
0.6345
0.6345
0.6345
0.6345
0.6345
0.6345
0.6345
0.6345
0.6345
0.6345
0.6345
0.6345
0.6345
0.6345
0.6345
0.6345
0.6345
0.6345
0.6345
0.6345
0.6345
0.6345
0.6345
0.6345
0.6345
0.6345
0.6345
0.6345
0.6345
0.6345
0.6345
0.6345
0.6345
0.6345
0.6345
0.6345
0.6345
0.6345
0.6345
0.6345
0.6345
0.6345
0.6345
0.6345
0.6345
0.6345
0.6345
0.6345
0.6345
0.6345
0.6345
0.6345
0.6345
0.6345
0.6345
0.6345
0.6345
0.6345
0.6345
0.6345
0.6345
0.6345
0.6345
0.6345
0.6345
0.6345
0.6345
0.6345
0.6345
0.6345
0.6345
0.6345
0.6345
0.6345
0.6345
0.6345
0.6345
0.6345
0.6345
0.6345
0.6345
0.6345
0.6345
0.6345
0.6345
0.6345
0.6345
0.6345
0.6345
0.6345
0.6345
0.6345
0.6345
0.6345
0.6345
0.6345
0.6345
0.6345
0.6345
0.6345
0.6345
0.6345
0.6345
0.6345
0.6345
0.6345
0.6345
0.6345
0.6345
0.6345
0.6345
0.6345
0.6345
0.6345
0.6345
0.6345
0.6345
0.6345
0.6345
0.6345
0.6345
0.6345
0.6345
0.6345
0.6345
0.6345
0.6345
0.6345
0.6345
0.6345
0.6345
0.6346
0.6346
0.6346
0.6346
0.6346
0.6346
0.6346
0.6346
0.6346
0.6346
0.6345
0.6345
0.6345
0.6345
0.6345
0.6345
0.6345
0.6345
0.6345
0.6345
0.6345
0.6345
0.6345
0.6345
0.6345
0.6345
0.6345
0.6345
0.6345
0.6345
0.6345
0.6345
0.6345
0.6345
0.6345
0.6345
0.6345
0.6345
0.6345
0.6345
0.6345
0.6345
0.6345
0.6345
0.6345
0.6345
0.6345
0.6345
0.6345
0.6345
0.6345
0.6345
0.6345
0.6345
0.6345
0.6345
0.6345
0.6345
0.6345
0.6345
0.6345
0.6345
0.6345
0.6345
0.6345
0.6345
0.6345
0.6345
0.6345
0.6345
0.6345
0.6345
0.6345
0.6345
0.6345
0.6345
0.6345
0.6345
0.6345
0.6345
0.6345
0.6345
0.6345
0.6345
0.6345
0.6345
0.6345
0.6345
0.6345
0.6345
0.6345
0.6345
0.6345
0.6345
0.6345
0.6345
0.6345
0.6345
0.6345
0.6345
0.6345
0.6345
0.6345
0.6345
0.6345
0.6345
0.6345
0.6345
0.6345
0.6345
0.6345
0.6345
0.6345
0.6345
0.6345
0.6345
0.6345
0.6345
0.6345
0.6345
0.6345
0.6345
0.6345
0.6345
0.6345
0.6345
0.6345
0.6345
0.6345
0.6345
0.6345
0.6345
0.6345
0.6345
0.6345
0.6345
0.6345
0.6345
0.6345
0.6345
0.6345
0.6345
0.6345
0.6345
0.6345
0.6345
0.6345
0.6345
0.6345
0.6345
0.6345
0.6345
0.6345
0.6345
0.6345
0.6345
0.6345
0.6345
0.6345
0.6345
0.6345
0.6345
0.6345
0.6345
0.6345
0.6345
0.6345
0.6345
0.6345
0.6345
0.6345
0.6345
0.6345
0.6345
0.6345
0.6345
0.6345
0.6345
0.6345
0.6345
0.6345
0.6345
0.6345
0.6345
0.6345
0.6345
0.6345
0.6345
0.6345
0.6345
0.6345
0.6345
0.6345
0.6345
0.6345
0.6345
0.6345
0.6345
0.6345
0.6345
0.6345
0.6345
0.6345
0.6345
0.6345
0.6345
0.6345
0.6345
0.6345
0.6345
0.6345
0.6345
0.6345
0.6345
0.6345
0.6345
0.6345
0.6345
0.6345
0.6345
0.6345
0.6345
0.6345
0.6345
0.6345
0.6345
0.6345
0.6345
0.6345
0.6345
0.6345
0.6345
0.6345
0.6345
0.6345
0.6345
0.6345
0.6345
0.6345
0.6345
0.6345
0.6345
0.6345
0.6345
0.6345
0.6345
0.6345
0.6345
0.6345
0.6345
0.6345
0.6345
0.6345
0.6345
0.6345
0.6345
0.6345
0.6345
0.6345
0.6345
0.6345
0.6345
0.6345
0.6345
0.6345
0.6345
0.6345
0.6345
0.6345
0.6345
0.6345
0.6345
0.6345
0.6345
0.6345
0.6345
0.6345
0.6345
0.6345
0.6345
0.6345
0.6345
0.6345
0.6345
0.6345
0.6345
0.6345
0.6345
0.6345
0.6345
0.6345
0.6345
0.6345
0.6345
0.6345
0.6345
0.6345
0.6345
0.6345
0.6345
0.6345
0.6345
0.6345
0.6345
0.6345
0.6345
0.6345
0.6345
0.6345
0.6345
0.6345
0.6345
0.6345
0.6345
0.6345
0.6345
0.6345
0.6345
0.6345
0.6345
0.6345
0.6345
0.6345
0.6345
0.6345
0.6345
0.6345
0.6345
0.6345
0.6345
0.6345
0.6345
0.6345
0.6345
0.6345
0.6345
0.6345
0.6345
0.6345
0.6345
0.6345
0.6345
0.6345
0.6345
0.6345
0.6345
0.6345
0.6345
0.6345
0.6345
0.6345
0.6345
0.6345
0.6345
0.6345
0.6345
0.6345
0.6345
0.6345
0.6345
0.6345
0.6345
0.6345
0.6345
0.6345
0.6345
0.6345
0.6345
0.6345
0.6345
0.6345
0.6345
0.6345
0.6345
0.6345
0.6345
0.6345
0.6345
0.6345
0.6345
0.6345
0.6345
0.6345
0.6345
0.6345
0.6345
0.6345
0.6345
0.6345
0.6345
0.6345
0.6345
0.6345
0.6345
0.6345
0.6345
0.6345
0.6345
0.6345
0.6345
0.6345
0.6345
0.6345
0.6345
0.6345
0.6345
0.6345
0.6345
0.6345
0.6345
0.6345
0.6345
0.6345
0.6345
0.6345
0.6345
0.6345
0.6345
0.6345
0.6345
0.6345
0.6345
0.6345
0.6345
0.6345
0.6345
0.6345
0.6345
0.6345
0.6345
0.6345
0.6345
0.6345
0.6345
0.6345
0.6345
0.6345
0.6345
0.6345
0.6345
0.6345
0.6345
0.6345
0.6345
0.6345
0.6345
0.6345
0.6345
0.6345
0.6345
0.6345
0.6345
0.6345
0.6345
0.6345
0.6345
0.6345
0.6345
0.6345
0.6345
0.6345
0.6345
0.6345
0.6345
0.6345
0.6345
0.6345
0.6345
0.6345
0.6345
0.6345
0.6345
0.6345
0.6345
0.6345
0.6345
0.6345
0.6345
0.6345
0.6345
0.6345
0.6345
0.6345
0.6345
0.6345
0.6345
0.6345
0.6345
0.6345
0.6345
0.6345
0.6345
0.6345
0.6345
0.6345
0.6345
0.6345
0.6345
0.6345
0.6345
0.6345
0.6345
0.6345
0.6345
0.6345
0.6345
0.6345
0.6345
0.6345
0.6345
0.6345
0.6345
0.6345
0.6345
0.6345
0.6345
0.6345
0.6345
0.6345
0.6345
0.6345
0.6345
0.6345
0.6345
0.6345
0.6345
0.6345
0.6345
0.6345
0.6345
0.6345
0.6345
0.6345
0.6345
0.6345
0.6345
0.6345
0.6345
0.6345
0.6345
0.6345
0.6345
0.6345
0.6345
0.6345
0.6345
0.6345
0.6345
0.6345
0.6345
0.6345
0.6345
0.6345
0.6345
0.6345
0.6345
0.6345
0.6345
0.6345
0.6345
0.6345
0.6345
0.6345
0.6345
0.6345
0.6345
0.6345
0.6345
0.6345
0.6345
0.6345
0.6345
0.6345
0.6345
0.6345
0.6345
0.6345
0.6345
0.6345
0.6345
0.6345
0.6345
0.6345
0.6345
0.6345
0.6345
0.6345
0.6345
0.6345
0.6345
0.6345
0.6345
0.6345
0.6345
0.6345
0.6345
0.6345
0.6345
0.6345
0.6345
0.6345
0.6345
0.6345
0.6345
0.6345
0.6345
0.6345
0.6345
0.6345
0.6345
0.6345
0.6345
0.6345
0.6345
0.6345
0.6345
0.6345
0.6345
0.6345
0.6345
0.6345
0.6345
0.6345
0.6345
0.6345
0.6345
0.6345
0.6345
0.6345
0.6345
0.6345
0.6345
0.6345
0.6345
0.6345
0.6345
0.6345
0.6345
0.6345
0.6345
0.6345
0.6345
0.6345
0.6345
0.6345
0.6345
0.6345
0.6345
0.6345
0.6345
0.6345
0.6345
0.6345
0.6345
0.6345
0.6345
0.6345
0.6345
0.6345
0.6345
0.6345
0.6345
0.6345
0.6345
0.6345
0.6345
0.6345
0.6345
0.6345
0.6345
0.6345
0.6345
0.6345
0.6345
0.6345
0.6345
0.6345
0.6345
0.6345
0.6345
0.6345
0.6345
0.6345
0.6345
0.6345
0.6345
0.6345
0.6345
0.6345
0.6345
0.6345
0.6345
0.6345
0.6345
0.6345
0.6345
0.6345
0.6345
0.6345
0.6345
0.6345
0.6345
0.6345
0.6345
0.6345
0.6345
0.6345
0.6345
0.6345
0.6345
0.6345
0.6345
0.6345
0.6345
0.6345
0.6345
0.6345
0.6345
0.6345
0.6345
0.6345
0.6345
0.6345
0.6345
0.6345
0.6345
0.6345
0.6345
0.6345
0.6345
0.6345
0.6345
0.6345
0.6345
0.6345
0.6345
0.6345
0.6345
0.6345
0.6345
0.6345
0.6345
0.6345
0.6345
0.6345
0.6345
0.6345
0.6345
0.6345
0.6345
0.6345
0.6345
0.6345
0.6345
0.6345
0.6345
0.6345
0.6345
0.6345
0.6345
0.6345
0.6345
0.6345
0.6345
0.6345
0.6345
0.6345
0.6345
0.6345
0.6345
0.6345
0.6345
0.6345
0.6345
0.6345
0.6345
0.6345
0.6345
0.6345
0.6345
0.6345
0.6345
0.6345
0.6345
0.6345
0.6345
0.6345
0.6345
0.6345
0.6345
0.6345
0.6345
0.6345
0.6345
0.6345
0.6345
0.6345
0.6345
0.6345
0.6345
0.6345
0.6345
0.6345
0.6345
0.6345
0.6345
0.6345
0.6345
0.6345
0.6345
0.6345
0.6345
0.6345
0.6345
0.6345
0.6345
0.6345
0.6345
0.6345
0.6345
0.6345
0.6345
0.6345
0.6345
0.6345
0.6345
0.6345
0.6345
0.6345
0.6345
0.6345
0.6345
0.6345
0.6345
0.6345
0.6345
0.6345
0.6345
0.6345
0.6345
0.6345
0.6345
0.6345
0.6345
0.6345
0.6345
0.6345
0.6345
0.6345
0.6345
0.6345
0.6345
0.6345
0.6345
0.6345
0.6345
0.6345
0.6345
0.6345
0.6345
0.6345
0.6345
0.6345
0.6345
0.6345
0.6345
0.6345
0.6345
0.6345
0.6345
0.6345
0.6345
0.6345
0.6345
0.6345
0.6345
0.6345
0.6345
0.6345
0.6345
0.6345
0.6345
0.6345
0.6345
0.6345
0.6345
0.6345
0.6345
0.6345
0.6345
0.6345
0.6345
0.6345
0.6345
0.6345
0.6345
0.6345
0.6345
0.6345
0.6345
0.6345
0.6345
0.6345
0.6345
0.6345
0.6345
0.6345
0.6345
0.6345
0.6345
0.6345
0.6345
0.6345
0.6345
0.6345
0.6345
0.6345
0.6345
0.6345
0.6345
0.6345
0.6345
0.6345
0.6345
0.6345
0.6345
0.6345
0.6345
0.6345
0.6345
0.6345
0.6345
0.6345
0.6345
0.6345
0.6345
0.6345
0.6345
0.6345
0.6345
0.6345
0.6345
0.6345
0.6345
0.6345
0.6345
0.6345
0.6345
0.6345
0.6345
0.6345
0.6345
0.6345
0.6345
0.6345
0.6345
0.6345
0.6345
0.6345
0.6345
0.6345
0.6345
0.6345
0.6345
0.6345
0.6345
0.6345
0.6345
0.6345
0.6345
0.6345
0.6345
0.6345
0.6345
0.6345
0.6345
0.6345
0.6345
0.6345
0.6345
0.6345
0.6345
0.6345
0.6345
0.6345
0.6345
0.6345
0.6345
0.6345
0.6345
0.6345
0.6345
0.6345
0.6345
0.6345
0.6345
0.6345
0.6345
0.6345
0.6345
0.6345
0.6345
0.6345
0.6345
0.6345
0.6345
0.6345
0.6345
0.6345
0.6345
0.6345
0.6345
0.6345
0.6345
0.6345
0.6345
0.6345
0.6345
0.6345
0.6345
0.6345
0.6345
0.6345
0.6345
0.6345
0.6345
0.6345
0.6345
0.6345
0.6345
0.6345
0.6345
0.6345
0.6345
0.6345
0.6345
0.6345
0.6345
0.6345
0.6345
0.6345
0.6345
0.6345
0.6345
0.6345
0.6345
0.6345
0.6345
0.6345
0.6345
0.6345
0.6345
0.6345
0.6345
0.6345
0.6345
0.6345
0.6345
0.6345
0.6345
0.6345
0.6345
0.6345
0.6345
0.6345
0.6345
0.6345
0.6345
0.6345
0.6345
0.6345
0.6345
0.6345
0.6345
0.6345
0.6345
0.6345
0.6345
0.6345
0.6345
0.6345
0.6345
0.6345
0.6345
0.6345
0.6345
0.6345
0.6345
0.6345
0.6345
0.6345
0.6345
0.6345
0.6345
0.6345
0.6345
0.6345
0.6345
0.6345
0.6345
0.6345
0.6345
0.6345
0.6345
0.6345
0.6345
0.6345
0.6345
0.6345
0.6345
0.6345
0.6345
0.6345
0.6345
0.6345
0.6345
0.6345
0.6345
0.6345
0.6345
0.6345
0.6345
0.6345
0.6345
0.6345
0.6345
0.6345
0.6345
0.6345
0.6345
0.6345
0.6345
0.6345
0.6345
0.6345
0.6345
0.6345
0.6345
0.6345
0.6345
0.6345
0.6345
0.6345
0.6345
0.6345
0.6345
0.6345
0.6345
0.6345
0.6345
0.6345
0.6345
0.6345
0.6345
0.6345
0.6345
0.6345
0.6345
0.6345
0.6345
0.6345
0.6345
0.6345
0.6345
0.6345
0.6345
0.6345
0.6345
0.6345
0.6345
0.6345
0.6345
0.6345
0.6345
0.6345
0.6345
0.6345
0.6345
0.6345
0.6345
0.6345
0.6345
0.6345
0.6345
0.6345
0.6345
0.6345
0.6345
0.6345
0.6345
0.6345
0.6345
0.6345
0.6345
0.6345
0.6345
0.6345
0.6345
0.6345
0.6345
0.6345
0.6345
0.6345
0.6345
0.6345
0.6345
0.6345
0.6345
0.6345
0.6345
0.6345
0.6345
0.6345
0.6345
0.6345
0.6345
0.6345
0.6345
0.6345
0.6345
0.6345
0.6345
0.6345
0.6345
0.6345
0.6345
0.6345
0.6345
0.6345
0.6345
0.6345
0.6345
0.6345
0.6345
0.6345
0.6345
0.6345
0.6345
0.6345
0.6345
0.6345
0.6345
0.6345
0.6345
0.6345
0.6345
0.6345
0.6345
0.6345
0.6345
0.6345
0.6345
0.6345
0.6345
0.6345
0.6345
0.6345
0.6345
0.6345
0.6345
0.6345
0.6345
0.6345
0.6345
0.6345
0.6345
0.6345
0.6345
0.6345
0.6345
0.6345
0.6345
0.6345
0.6345
0.6345
0.6345
0.6345
0.6345
0.6345
0.6345
0.6345
0.6345
0.6345
0.6345
0.6345
0.6345
0.6345
0.6345
0.6345
0.6345
0.6345
0.6345
0.6345
0.6345
0.6345
0.6345
0.6345
0.6345
0.6345
0.6345
0.6345
0.6345
0.6345
0.6345
0.6345
0.6345
0.6345
0.6345
0.6345
0.6345
0.6345
0.6345
0.6345
0.6345
0.6345
0.6345
0.6345
0.6345
0.6345
0.6345
0.6345
0.6345
0.6345
0.6345
0.6345
0.6345
0.6345
0.6345
0.6345
0.6345
0.6345
0.6345
0.6345
0.6345
0.6345
0.6345
0.6345
0.6345
0.6345
0.6345
0.6345
0.6345
0.6345
0.6345
0.6345
0.6345
0.6345
0.6345
0.6345
0.6345
0.6345
0.6345
0.6345
0.6345
0.6345
0.6345
0.6345
0.6345
0.6345
0.6345
0.6345
0.6345
0.6345
0.6345
0.6345
0.6345
0.6345
0.6345
0.6345
0.6345
0.6345
0.6345
0.6345
0.6345
0.6345
0.6345
0.6345
0.6345
0.6345
0.6345
0.6345
0.6345
0.6345
0.6345
0.6345
0.6345
0.6345
0.6345
0.6345
0.6345
0.6345
0.6345
0.6345
0.6345
0.6345
0.6345
0.6345
0.6345
0.6345
0.6345
0.6345
0.6345
0.6345
0.6345
0.6345
0.6345
0.6345
0.6345
0.6345
0.6345
0.6345
0.6345
0.6345
0.6345
0.6345
0.6345
0.6345
0.6345
0.6345
0.6345
0.6345
0.6345
0.6345
0.6345
0.6345
0.6345
0.6345
0.6345
0.6345
0.6345
0.6345
0.6345
0.6345
0.6345
0.6345
0.6345
0.6345
0.6345
0.6345
0.6345
0.6345
0.6345
0.6345
0.6345
0.6345
0.6345
0.6345
0.6345
0.6345
0.6345
0.6345
0.6345
0.6345
0.6345
0.6345
0.6345
0.6345
0.6345
0.6345
0.6345
0.6345
0.6345
0.6345
0.6345
0.6345
0.6345
0.6345
0.6345
0.6345
0.6345
0.6345
0.6345
0.6345
0.6345
0.6345
0.6345
0.6345
0.6345
0.6345
0.6345
0.6345
0.6345
0.6345
0.6345
0.6345
0.6345
0.6345
0.6345
0.6345
0.6345
0.6345
0.6345
0.6345
0.6345
0.6345
0.6345
0.6345
0.6345
0.6345
0.6345
0.6345
0.6345
0.6345
0.6345
0.6345
0.6345
0.6345
0.6345
0.6345
0.6345
0.6345
0.6345
0.6345
0.6345
0.6345
0.6345
0.6345
0.6345
0.6345
0.6345
0.6345
0.6345
0.6345
0.6345
0.6345
0.6345
0.6345
0.6345
0.6345
0.6345
0.6345
0.6345
0.6345
0.6345
0.6345
0.6345
0.6345
0.6345
0.6345
0.6345
0.6345
0.6345
0.6345
0.6345
0.6345
0.6345
0.6345
0.6345
0.6345
0.6345
0.6345
0.6345
0.6345
0.6345
0.6345
0.6345
0.6345
0.6345
0.6345
0.6345
0.6345
0.6345
0.6345
0.6345
0.6345
0.6345
0.6345
0.6345
0.6345
0.6345
0.6345
0.6345
0.6345
0.6345
0.6345
0.6345
0.6345
0.6345
0.6345
0.6345
0.6345
0.6345
0.6345
0.6345
0.6345
0.6345
0.6345
0.6345
0.6345
0.6345
0.6345
0.6345
0.6345
0.6345
0.6345
0.6345
0.6345
0.6345
0.6345
0.6345
0.6345
0.6345
0.6345
0.6345
0.6345
0.6345
0.6345
0.6345
0.6345
0.6345
0.6345
0.6345
0.6345
0.6345
0.6345
0.6345
0.6345
0.6345
0.6345
0.6345
0.6345
0.6345
0.6345
0.6345
0.6345
0.6345
0.6345
0.6345
0.6345
0.6345
0.6345
0.6345
0.6345
0.6345
0.6345
0.6345
0.6345
0.6345
0.6345
0.6345
0.6345
0.6345
0.6345
0.6345
0.6345
0.6345
0.6345
0.6345
0.6345
0.6345
0.6345
0.6345
0.6345
0.6345
0.6345
0.6345
0.6345
0.6345
0.6345
0.6345
0.6345
0.6345
0.6345
0.6345
0.6345
0.6345
0.6345
0.6345
0.6345
0.6345
0.6345
0.6345
0.6345
0.6345
0.6345
0.6345
0.6345
0.6345
0.6345
0.6345
0.6345
0.6345
0.6345
0.6345
0.6345
0.6345
0.6345
0.6345
0.6345
0.6345
0.6345
0.6345
0.6345
0.6345
0.6345
0.6345
0.6345
0.6345
0.6345
0.6345
0.6345
0.6345
0.6345
0.6345
0.6345
0.6345
0.6345
0.6345
0.6345
0.6345
0.6345
0.6345
0.6345
0.6345
0.6345
0.6345
0.6345
0.6345
0.6345
0.6345
0.6345
0.6345
0.6345
0.6345
0.6345
0.6345
0.6345
0.6345
0.6345
0.6345
0.6345
0.6345
0.6345
0.6345
0.6345
0.6345
0.6345
0.6345
0.6345
0.6345
0.6345
0.6345
0.6345
0.6345
0.6345
0.6345
0.6345
0.6345
0.6345
0.6345
0.6345
0.6345
0.6345
0.6345
0.6345
0.6345
0.6345
0.6345
0.6345
0.6345
0.6345
0.6345
0.6345
0.6345
0.6345
0.6345
0.6345
0.6345
0.6345
0.6345
0.6345
0.6345
0.6345
0.6345
0.6345
0.6345
0.6345
0.6345
0.6345
0.6345
0.6345
0.6345
0.6345
0.6345
0.6345
0.6345
0.6345
0.6345
0.6345
0.6345
0.6345
0.6345
0.6345
0.6345
0.6345
0.6345
0.6345
0.6345
0.6345
0.6345
0.6345
0.6345
0.6345
0.6345
0.6345
0.6345
0.6345
0.6345
0.6345
0.6345
0.6345
0.6345
0.6345
0.6345
0.6345
0.6345
0.6345
0.6345
0.6345
0.6345
0.6345
0.6345
0.6345
0.6345
0.6345
0.6345
0.6345
0.6345
0.6345
0.6345
0.6345
0.6345
0.6345
0.6345
0.6345
0.6345
0.6345
0.6345
0.6345
0.6345
0.6345
0.6345
0.6345
0.6345
0.6345
0.6345
0.6345
0.6345
0.6345
0.6345
0.6345
0.6345
0.6345
0.6345
0.6345
0.6345
0.6345
0.6345
0.6345
0.6345
0.6345
0.6345
0.6345
0.6345
0.6345
0.6345
0.6345
0.6345
0.6345
0.6345
0.6345
0.6345
0.6345
0.6345
0.6345
0.6345
0.6345
0.6345
0.6345
0.6345
0.6345
0.6345
0.6345
0.6345
0.6345
0.6345
0.6345
0.6345
0.6345
0.6345
0.6345
0.6345
0.6345
0.6345
0.6345
0.6345
0.6345
0.6345
0.6345
0.6345
0.6345
0.6345
0.6345
0.6345
0.6345
0.6345
0.6345
0.6345
0.6345
0.6345
0.6345
0.6345
0.6345
0.6345
0.6345
0.6345
0.6345
0.6345
0.6345
0.6345
0.6345
0.6345
0.6345
0.6345
0.6345
0.6345
0.6345
0.6345
0.6345
0.6345
0.6345
0.6345
0.6345
0.6345
0.6345
0.6345
0.6345
0.6345
0.6345
0.6345
0.6345
0.6345
0.6345
0.6345
0.6345
0.6345
0.6345
0.6345
0.6345
0.6345
0.6345
0.6345
0.6345
0.6345
0.6345
0.6345
0.6345
0.634499
0.634499
0.634499
0.634499
0.634499
0.634499
0.634499
0.634499
0.634499
0.634499
0.634499
0.634499
0.634499
0.634499
0.634499
0.634499
0.634499
0.634499
0.634499
0.634499
0.634499
0.634499
0.634499
0.634499
0.634499
0.634499
0.634499
0.634499
0.634499
0.634499
0.634499
0.634499
0.634499
0.634499
0.634499
0.634499
0.634499
0.634499
0.634499
0.634499
0.634499
0.634498
0.634498
0.634498
0.634498
0.634498
0.634498
0.634498
0.634498
0.634498
0.634498
0.634498
0.634498
0.634498
0.634498
0.634498
0.634498
0.634498
0.634498
0.634498
0.634498
0.634497
0.634497
0.634497
0.634497
0.634497
0.634497
0.634497
0.634497
0.634497
0.634497
0.634497
0.634497
0.634496
0.634496
0.634496
0.634496
0.634496
0.634496
0.634496
0.634496
0.634496
0.634496
0.634495
0.634495
0.634495
0.634495
0.634495
0.634495
0.634495
0.634494
0.634494
0.634494
0.634494
0.634494
0.634494
0.634493
0.634493
0.634493
0.634493
0.634493
0.634493
0.634492
0.634492
0.634492
0.634492
0.634491
0.634491
0.634491
0.634491
0.634491
0.63449
0.63449
0.63449
0.634489
0.634489
0.634489
0.634489
0.634488
0.634488
0.634488
0.634487
0.634487
0.634487
0.634486
0.634486
0.634486
0.634485
0.634485
0.634484
0.634484
0.634483
0.634483
0.634483
0.634482
0.634482
0.634481
0.634481
0.63448
0.634479
0.634479
0.634478
0.634478
0.634477
0.634477
0.634476
0.634475
0.634475
0.634474
0.634473
0.634473
0.634472
0.634471
0.63447
0.634469
0.634469
0.634468
0.634467
0.634466
0.634465
0.634464
0.634463
0.634462
0.634461
0.63446
0.634459
0.634458
0.634457
0.634456
0.634454
0.634453
0.634452
0.634451
0.634449
0.634448
0.634446
0.634445
0.634444
0.634442
0.63444
0.634439
0.634437
0.634435
0.634434
0.634432
0.63443
0.634428
0.634426
0.634424
0.634422
0.63442
0.634418
0.634416
0.634413
0.634411
0.634409
0.634406
0.634404
0.634401
0.634398
0.634396
0.634393
0.63439
0.634387
0.634384
0.634381
0.634378
0.634374
0.634371
0.634367
0.634364
0.63436
0.634356
0.634353
0.634349
0.634344
0.63434
0.634336
0.634331
0.634327
0.634322
0.634317
0.634313
0.634307
0.634302
0.634297
0.634291
0.634286
0.63428
0.634274
0.634268
0.634262
0.634255
0.634249
0.634242
0.634235
0.634228
0.63422
0.634213
0.634205
0.634197
0.634189
0.634181
0.634172
0.634163
0.634154
0.634145
0.634135
0.634125
0.634115
0.634105
0.634094
0.634083
0.634072
0.63406
0.634048
0.634036
0.634023
0.634011
0.633997
0.633984
0.63397
0.633956
0.633941
0.633926
0.63391
0.633894
0.633878
0.633861
0.633844
0.633826
0.633808
0.633789
0.63377
0.63375
0.63373
0.633709
0.633688
0.633666
0.633644
0.633621
0.633597
0.633573
0.633547
0.633522
0.633495
0.633468
0.63344
0.633412
0.633383
0.633352
0.633321
0.63329
0.633257
0.633223
0.633189
0.633154
0.633117
0.63308
0.633042
0.633002
0.632962
0.632921
0.632878
0.632834
0.632789
0.632743
0.632696
0.632647
0.632598
0.632546
0.632494
0.63244
0.632384
0.632327
0.632269
0.632208
0.632147
0.632083
0.632018
0.631952
0.631883
0.631813
0.63174
0.631666
0.63159
0.631511
0.631431
0.631349
0.631264
0.631177
0.631088
0.630996
0.630902
0.630805
0.630706
0.630604
0.630499
0.630392
0.630281
0.630168
0.630052
0.629933
0.62981
0.629684
0.629555
0.629423
0.629286
0.629147
0.629003
0.628856
0.628705
0.62855
0.628391
0.628227
0.628059
0.627887
0.62771
0.627529
0.627343
0.627151
0.626955
0.626754
0.626547
0.626335
0.626117
0.625894
0.625664
0.625429
0.625187
0.624939
0.624685
0.624424
0.624156
0.623881
0.623599
0.62331
0.623013
0.622708
0.622396
0.622075
0.621746
0.621408
0.621062
0.620707
0.620342
0.619968
0.619585
0.619191
0.618788
0.618374
0.61795
0.617514
0.617068
0.61661
0.616141
0.615659
0.615165
0.614659
0.61414
0.613608
0.613063
0.612503
0.61193
0.611342
0.61074
0.610123
0.60949
0.608841
0.608176
0.607495
0.606797
0.606082
0.605349
0.604599
0.60383
0.603042
0.602235
0.601409
0.600562
0.599695
0.598808
0.597899
0.596968
0.596015
0.59504
0.594041
0.593019
0.591973
0.590903
0.589808
0.588687
0.587541
0.586368
0.585168
0.583941
0.582687
0.581403
0.580092
0.57875
0.577379
0.575978
0.574546
0.573082
0.571587
0.57006
0.568499
0.566906
0.565278
0.563616
0.56192
0.560188
0.55842
0.556617
0.554776
0.552899
0.550984
0.549031
0.547039
0.545009
0.54294
0.540831
0.538681
0.536492
0.534262
0.53199
0.529678
0.527323
0.524927
0.522488
0.520007
0.517484
0.514917
0.512308
0.509656
0.50696
0.504221
0.501438
0.498612
0.495743
0.49283
0.489874
0.486875
0.483833
0.480748
0.47762
0.47445
0.471237
0.467983
0.464687
0.46135
0.457973
0.454555
0.451097
0.447601
0.444066
0.440493
0.436883
0.433236
0.429554
0.425837
0.422085
0.418301
0.414484
0.410636
0.406757
0.40285
0.398914
0.39495
0.390961
0.386948
0.38291
0.37885
0.37477
0.370669
0.36655
0.362414
0.358262
0.354095
0.349916
0.345726
0.341525
0.337316
0.333099
0.328877
0.324651
0.320422
0.316193
0.311963
0.307735
0.303511
0.299292
0.295079
0.290874
0.286678
0.282493
0.27832
0.27416
0.270016
0.265888
0.261778
0.257688
0.253617
0.249568
0.245543
0.241541
0.237565
0.233615
0.229693
0.2258
0.221936
0.218104
0.214303
0.210535
0.2068
0.203101
0.199436
0.195808
0.192216
0.188662
0.185146
0.181669
0.178231
0.174834
0.171476
0.16816
0.164885
0.161651
0.15846
0.155311
0.152204
0.149141
0.14612
0.143142
0.140208
0.137317
0.134469
0.131665
0.128904
0.126187
0.123513
0.120882
0.118294
0.115749
0.113247
0.110787
0.10837
0.105994
0.103661
0.101369
0.0991182
0.0969084
0.0947391
0.0926099
0.0905206
0.0884708
0.08646
0.0844878
0.0825538
0.0806576
0.0787988
0.0769768
0.0751913
0.0734417
0.0717276
0.0700485
0.0684039
0.0667934
0.0652165
0.0636726
0.0621612
0.0606819
0.0592342
0.0578175
0.0564314
0.0550754
0.0537489
0.0524514
0.0511825
0.0499417
0.0487285
0.0475423
0.0463827
0.0452492
0.0441413
0.0430586
0.0420006
0.0409667
0.0399566
0.0389697
0.0380057
0.037064
0.0361443
0.035246
0.0343688
0.0335121
0.0326757
0.0318591
0.0310617
0.0302834
0.0295236
0.0287819
0.0280581
0.0273516
0.0266621
0.0259892
0.0253326
0.024692
0.0240669
0.023457
0.022862
0.0222815
0.0217152
0.0211629
0.0206241
0.0200986
0.019586
0.0190861
0.0185986
0.0181232
0.0176596
0.0172075
0.0167666
0.0163368
0.0159177
0.0155091
0.0151107
0.0147223
0.0143436
0.0139745
0.0136147
0.0132639
0.012922
0.0125887
0.0122638
0.0119472
0.0116386
0.0113378
0.0110446
0.0107589
0.0104805
0.0102091
0.0099447
0.00968701
0.00943589
0.00919119
0.00895275
0.0087204
0.008494
0.0082734
0.00805846
0.00784903
0.00764498
0.00744616
0.00725246
0.00706375
0.00687988
0.00670076
0.00652624
0.00635623
0.0061906
0.00602925
0.00587206
0.00571894
0.00556977
0.00542446
0.00528291
0.00514502
0.0050107
0.00487986
0.00475241
0.00462827
0.00450734
0.00438956
0.00427483
0.00416308
0.00405423
0.00394821
0.00384494
0.00374436
0.0036464
0.00355099
0.00345805
0.00336754
0.00327938
0.00319352
0.0031099
0.00302846
0.00294913
0.00287188
0.00279664
0.00272337
0.002652
0.0025825
0.00251482
0.0024489
0.0023847
0.00232217
0.00226129
0.00220199
0.00214424
0.002088
0.00203323
0.0019799
0.00192796
0.00187737
0.00182811
0.00178014
0.00173343
0.00168794
0.00164363
0.00160049
0.00155848
0.00151757
0.00147773
0.00143893
0.00140115
0.00136436
0.00132853
0.00129364
0.00125967
0.00122659
0.00119437
0.001163
0.00113245
0.0011027
0.00107374
0.00104553
0.00101806
0.000991312
0.000965266
0.000939903
0.000915206
0.000891157
0.000867739
0.000844935
0.00082273
0.000801108
0.000780053
0.000759551
0.000739588
0.000720148
0.000701219
0.000682787
0.000664839
0.000647362
0.000630344
0.000613773
0.000597637
0.000581925
0.000566626
0.000551728
0.000537222
0.000523097
0.000509344
0.000495951
0.00048291
0.000470212
0.000457848
0.000445809
0.000434086
0.00042267
0.000411555
0.000400733
0.000390194
0.000379932
0.000369941
0.000360212
0.000350738
0.000341514
0.000332532
0.000323786
0.00031527
0.000306978
0.000298904
0.000291042
0.000283387
0.000275933
0.000268675
0.000261608
0.000254727
0.000248026
0.000241502
0.00023515
0.000228964
0.000222941
0.000217077
0.000211366
0.000205806
0.000200392
0.000195121
0.000189988
0.00018499
0.000180123
0.000175385
0.000170771
0.000166278
0.000161904
0.000157645
0.000153497
0.000149459
0.000145527
0.000141699
0.000137971
0.000134341
0.000130807
0.000127365
0.000124014
0.000120752
0.000117575
0.000114481
0.000111469
0.000108537
0.000105681
0.000102901
0.000100193
9.75572e-05
9.49904e-05
9.24912e-05
9.00577e-05
8.76882e-05
8.53811e-05
8.31346e-05
8.09473e-05
7.88175e-05
7.67437e-05
7.47245e-05
7.27584e-05
7.0844e-05
6.898e-05
6.71651e-05
6.53979e-05
6.36771e-05
6.20017e-05
6.03703e-05
5.87819e-05
5.72352e-05
5.57292e-05
5.42629e-05
5.28351e-05
5.14449e-05
5.00913e-05
4.87733e-05
4.74899e-05
4.62404e-05
4.50237e-05
4.3839e-05
4.26855e-05
4.15623e-05
4.04687e-05
3.94039e-05
3.8367e-05
3.73575e-05
3.63745e-05
3.54174e-05
3.44855e-05
3.35781e-05
3.26945e-05
3.18342e-05
3.09966e-05
3.0181e-05
2.93868e-05
2.86136e-05
2.78607e-05
2.71275e-05
2.64137e-05
2.57187e-05
2.5042e-05
2.4383e-05
2.37414e-05
2.31167e-05
2.25084e-05
2.19162e-05
2.13395e-05
2.0778e-05
2.02312e-05
1.96989e-05
1.91805e-05
1.86758e-05
1.81844e-05
1.77059e-05
1.724e-05
1.67864e-05
1.63446e-05
1.59146e-05
1.54958e-05
1.5088e-05
1.4691e-05
1.43044e-05
1.3928e-05
1.35615e-05
1.32047e-05
1.28572e-05
1.25189e-05
1.21895e-05
1.18687e-05
1.15564e-05
1.12523e-05
1.09562e-05
1.06679e-05
1.03872e-05
1.01139e-05
9.84776e-06
9.58862e-06
9.33631e-06
9.09064e-06
8.85143e-06
8.61851e-06
8.39172e-06
8.17091e-06
7.9559e-06
7.74655e-06
7.5427e-06
7.34423e-06
7.15097e-06
6.9628e-06
6.77958e-06
6.60118e-06
6.42748e-06
6.25835e-06
6.09366e-06
5.93332e-06
5.77719e-06
5.62517e-06
5.47714e-06
5.33302e-06
5.19269e-06
5.05605e-06
4.923e-06
4.79346e-06
4.66732e-06
4.5445e-06
4.42492e-06
4.30848e-06
4.19511e-06
4.08472e-06
3.97723e-06
3.87258e-06
3.77067e-06
3.67145e-06
3.57484e-06
3.48077e-06
3.38918e-06
3.29999e-06
3.21316e-06
3.12861e-06
3.04628e-06
2.96612e-06
2.88807e-06
2.81207e-06
2.73807e-06
2.66602e-06
2.59587e-06
2.52756e-06
2.46105e-06
2.39629e-06
2.33323e-06
2.27184e-06
2.21206e-06
2.15385e-06
2.09717e-06
2.04199e-06
1.98825e-06
1.93593e-06
1.88499e-06
1.83539e-06
1.78709e-06
1.74007e-06
1.69428e-06
1.64969e-06
1.60628e-06
1.56402e-06
1.52286e-06
1.48279e-06
1.44377e-06
1.40578e-06
1.36879e-06
1.33277e-06
1.2977e-06
1.26355e-06
1.2303e-06
1.19792e-06
1.1664e-06
1.13571e-06
1.10582e-06
1.07673e-06
1.04839e-06
1.0208e-06
9.93943e-07
9.67788e-07
9.42321e-07
9.17525e-07
8.93381e-07
8.69872e-07
8.46982e-07
8.24695e-07
8.02993e-07
7.81863e-07
7.61289e-07
7.41256e-07
7.21751e-07
7.02759e-07
6.84266e-07
6.6626e-07
6.48728e-07
6.31657e-07
6.15036e-07
5.98851e-07
5.83093e-07
5.67749e-07
5.5281e-07
5.38263e-07
5.24099e-07
5.10308e-07
4.96879e-07
4.83804e-07
4.71073e-07
4.58677e-07
4.46608e-07
4.34856e-07
4.23413e-07
4.12271e-07
4.01422e-07
3.90859e-07
3.80574e-07
3.70559e-07
3.60808e-07
3.51314e-07
3.4207e-07
3.33068e-07
3.24304e-07
3.1577e-07
3.07461e-07
2.9937e-07
2.91492e-07
2.83822e-07
2.76353e-07
2.69081e-07
2.62001e-07
2.55106e-07
2.48393e-07
2.41857e-07
2.35493e-07
2.29296e-07
2.23262e-07
2.17387e-07
2.11667e-07
2.06097e-07
2.00674e-07
1.95393e-07
1.90252e-07
1.85245e-07
1.80371e-07
1.75624e-07
1.71003e-07
1.66503e-07
1.62122e-07
1.57856e-07
1.53702e-07
1.49657e-07
1.45719e-07
1.41885e-07
1.38151e-07
1.34516e-07
1.30976e-07
1.27529e-07
1.24174e-07
1.20906e-07
1.17725e-07
1.14627e-07
1.1161e-07
1.08673e-07
1.05814e-07
1.03029e-07
1.00318e-07
9.76785e-08
9.51081e-08
9.26054e-08
9.01686e-08
8.77959e-08
8.54856e-08
8.32361e-08
8.10458e-08
7.89131e-08
7.68366e-08
7.48147e-08
7.2846e-08
7.09291e-08
6.90627e-08
6.72453e-08
6.54758e-08
6.37529e-08
6.20753e-08
6.04418e-08
5.88513e-08
5.73027e-08
5.57948e-08
5.43266e-08
5.28971e-08
5.15051e-08
5.01498e-08
4.88301e-08
4.75452e-08
4.62941e-08
4.50759e-08
4.38898e-08
4.27348e-08
4.16103e-08
4.05154e-08
3.94492e-08
3.84112e-08
3.74004e-08
3.64162e-08
3.5458e-08
3.45249e-08
3.36164e-08
3.27318e-08
3.18705e-08
3.10319e-08
3.02153e-08
2.94202e-08
2.8646e-08
2.78922e-08
2.71583e-08
2.64436e-08
2.57478e-08
2.50702e-08
2.44105e-08
2.37682e-08
2.31427e-08
2.25338e-08
2.19408e-08
2.13634e-08
2.08013e-08
2.02539e-08
1.97209e-08
1.9202e-08
1.86967e-08
1.82047e-08
1.77257e-08
1.72592e-08
1.68051e-08
1.63629e-08
1.59323e-08
1.5513e-08
1.51048e-08
1.47074e-08
1.43203e-08
1.39435e-08
1.35766e-08
1.32193e-08
1.28715e-08
1.25328e-08
1.2203e-08
1.18819e-08
1.15692e-08
1.12648e-08
1.09684e-08
1.06797e-08
1.03987e-08
1.01251e-08
9.85864e-09
9.59921e-09
9.34662e-09
9.10067e-09
8.86119e-09
8.62802e-09
8.40098e-09
8.17991e-09
7.96466e-09
7.75508e-09
7.55101e-09
7.35231e-09
7.15884e-09
6.97046e-09
6.78704e-09
6.60844e-09
6.43455e-09
6.26523e-09
6.10036e-09
5.93983e-09
5.78353e-09
5.63134e-09
5.48316e-09
5.33887e-09
5.19838e-09
5.06159e-09
4.9284e-09
4.79871e-09
4.67244e-09
4.54949e-09
4.42977e-09
4.3132e-09
4.19971e-09
4.08919e-09
3.98159e-09
3.87682e-09
3.7748e-09
3.67547e-09
3.57875e-09
3.48458e-09
3.39289e-09
3.30361e-09
3.21667e-09
3.13203e-09
3.04961e-09
2.96936e-09
2.89123e-09
2.81515e-09
2.74107e-09
2.66894e-09
2.59871e-09
2.53033e-09
2.46374e-09
2.39891e-09
2.33578e-09
2.27432e-09
2.21447e-09
2.1562e-09
2.09946e-09
2.04422e-09
1.99042e-09
1.93805e-09
1.88705e-09
1.83739e-09
1.78904e-09
1.74197e-09
1.69613e-09
1.6515e-09
1.60804e-09
1.56572e-09
1.52452e-09
1.48441e-09
1.44534e-09
1.40731e-09
1.37028e-09
1.33422e-09
1.29911e-09
1.26493e-09
1.23164e-09
1.19923e-09
1.16767e-09
1.13695e-09
1.10703e-09
1.0779e-09
1.04954e-09
1.02192e-09
9.95027e-10
9.68843e-10
9.43349e-10
9.18526e-10
8.94355e-10
8.70821e-10
8.47906e-10
8.25594e-10
8.03869e-10
7.82716e-10
7.62119e-10
7.42065e-10
7.22538e-10
7.03525e-10
6.85012e-10
6.66986e-10
6.49435e-10
6.32346e-10
6.15706e-10
5.99504e-10
5.83729e-10
5.68368e-10
5.53412e-10
5.3885e-10
5.2467e-10
5.10864e-10
4.97421e-10
4.84332e-10
4.71587e-10
4.59177e-10
4.47094e-10
4.3533e-10
4.23874e-10
4.1272e-10
4.0186e-10
3.91285e-10
3.80989e-10
3.70963e-10
3.61202e-10
3.51697e-10
3.42442e-10
3.33431e-10
3.24657e-10
3.16114e-10
3.07796e-10
2.99696e-10
2.9181e-10
2.84131e-10
2.76655e-10
2.69375e-10
2.62286e-10
2.55384e-10
2.48664e-10
2.42121e-10
2.3575e-10
2.29546e-10
2.23506e-10
2.17624e-10
2.11898e-10
2.06322e-10
2.00892e-10
1.95606e-10
1.90459e-10
1.85447e-10
1.80567e-10
1.75816e-10
1.71189e-10
1.66685e-10
1.62298e-10
1.58028e-10
1.53869e-10
1.4982e-10
1.45878e-10
1.42039e-10
1.38302e-10
1.34662e-10
1.31119e-10
1.27668e-10
1.24309e-10
1.21038e-10
1.17853e-10
1.14752e-10
1.11732e-10
1.08792e-10
1.05929e-10
1.03142e-10
1.00428e-10
9.77849e-11
9.52118e-11
9.27063e-11
9.02667e-11
8.78915e-11
8.55787e-11
8.33269e-11
8.1134e-11
7.8999e-11
7.69202e-11
7.48963e-11
7.29254e-11
7.10063e-11
6.91378e-11
6.73186e-11
6.55471e-11
6.38223e-11
6.2143e-11
6.05078e-11
5.89153e-11
5.7365e-11
5.58555e-11
5.43858e-11
5.29548e-11
5.15612e-11
5.02045e-11
4.88833e-11
4.7597e-11
4.63445e-11
4.5125e-11
4.39375e-11
4.27813e-11
4.16556e-11
4.05596e-11
3.94922e-11
3.8453e-11
3.74412e-11
3.64559e-11
3.54965e-11
3.45626e-11
3.36531e-11
3.27673e-11
3.19051e-11
3.10656e-11
3.02482e-11
2.94522e-11
2.86773e-11
2.79226e-11
2.71878e-11
2.64724e-11
2.57758e-11
2.50975e-11
2.44371e-11
2.37941e-11
2.31679e-11
2.25584e-11
2.19647e-11
2.13867e-11
2.0824e-11
2.0276e-11
1.97424e-11
1.92228e-11
1.8717e-11
1.82245e-11
1.77451e-11
1.7278e-11
1.68234e-11
1.63807e-11
1.59497e-11
1.553e-11
1.51212e-11
1.47233e-11
1.43361e-11
1.39586e-11
1.35914e-11
1.32336e-11
1.28855e-11
1.25464e-11
1.22162e-11
1.18949e-11
1.15818e-11
1.1277e-11
1.09803e-11
1.06914e-11
1.04101e-11
1.01361e-11
9.86944e-12
9.60965e-12
9.35674e-12
9.11071e-12
8.8709e-12
8.63731e-12
8.41016e-12
8.18878e-12
7.9734e-12
7.76357e-12
7.55906e-12
7.36033e-12
7.16671e-12
6.97797e-12
6.79434e-12
6.6156e-12
6.44151e-12
6.27209e-12
6.10711e-12
5.94635e-12
5.78981e-12
5.63749e-12
5.48916e-12
5.34461e-12
5.20406e-12
5.06706e-12
4.93383e-12
4.80394e-12
4.67737e-12
4.55436e-12
4.43467e-12
4.31788e-12
4.20419e-12
4.09361e-12
3.98592e-12
3.88112e-12
3.77898e-12
3.6795e-12
3.58269e-12
3.48832e-12
3.39662e-12
3.30713e-12
3.22009e-12
3.13549e-12
3.05289e-12
2.97251e-12
2.89435e-12
2.81819e-12
2.74403e-12
2.67186e-12
2.60147e-12
2.53308e-12
2.46647e-12
2.40163e-12
2.33835e-12
2.27685e-12
2.21689e-12
2.1585e-12
2.10165e-12
2.04636e-12
1.99263e-12
1.94023e-12
1.88916e-12
1.83942e-12
1.79101e-12
1.74394e-12
1.69798e-12
1.65334e-12
1.60982e-12
1.56741e-12
1.52633e-12
1.48614e-12
1.44684e-12
1.40887e-12
1.37179e-12
1.3356e-12
1.30052e-12
1.26632e-12
1.23301e-12
1.2006e-12
1.16884e-12
1.1382e-12
1.10822e-12
1.07914e-12
1.05072e-12
1.02296e-12
9.96092e-13
9.69891e-13
9.44356e-13
9.19487e-13
8.95284e-13
8.71747e-13
8.48877e-13
8.2645e-13
8.0469e-13
7.83595e-13
7.62945e-13
7.42961e-13
7.23421e-13
7.04325e-13
6.85674e-13
6.67688e-13
6.50147e-13
6.33049e-13
6.16396e-13
6.00187e-13
5.84421e-13
5.691e-13
5.54001e-13
5.39568e-13
5.25135e-13
5.11369e-13
4.97824e-13
4.84723e-13
4.72067e-13
4.59632e-13
4.47642e-13
4.35874e-13
4.24327e-13
4.13225e-13
4.02123e-13
3.91687e-13
3.81473e-13
3.71481e-13
3.61711e-13
3.52163e-13
3.42837e-13
3.33733e-13
3.25073e-13
3.16414e-13
3.08198e-13
2.99982e-13
2.91989e-13
2.84439e-13
2.7689e-13
2.69562e-13
2.62679e-13
2.55795e-13
2.48912e-13
2.42251e-13
2.36033e-13
2.29816e-13
2.23821e-13
2.17826e-13
2.12275e-13
2.06501e-13
2.0095e-13
1.95843e-13
1.90514e-13
1.85629e-13
1.80744e-13
1.75859e-13
1.71418e-13
1.66755e-13
1.62537e-13
1.58318e-13
1.54099e-13
1.50102e-13
1.46105e-13
1.42109e-13
1.38556e-13
1.34781e-13
1.31228e-13
1.27676e-13
1.24345e-13
1.21236e-13
1.17906e-13
1.14797e-13
1.1191e-13
1.08802e-13
1.06137e-13
1.03251e-13
1.00586e-13
9.79217e-14
9.54792e-14
9.28146e-14
9.03722e-14
8.81517e-14
8.57092e-14
8.34888e-14
8.12683e-14
7.90479e-14
7.70495e-14
7.50511e-14
7.30527e-14
7.10543e-14
6.92779e-14
6.72795e-14
6.57252e-14
6.37268e-14
6.21725e-14
6.06182e-14
5.90639e-14
5.75096e-14
5.59552e-14
5.44009e-14
5.30687e-14
5.15143e-14
5.04041e-14
4.88498e-14
4.75175e-14
4.64073e-14
4.52971e-14
4.39648e-14
4.28546e-14
4.17444e-14
4.06342e-14
3.95239e-14
3.84137e-14
3.75255e-14
3.64153e-14
3.55271e-14
3.4639e-14
3.37508e-14
3.28626e-14
3.19744e-14
3.10862e-14
3.01981e-14
2.95319e-14
2.86438e-14
2.79776e-14
2.70894e-14
2.64233e-14
2.57572e-14
2.5091e-14
2.44249e-14
2.37588e-14
2.33147e-14
2.26485e-14
2.19824e-14
2.13163e-14
2.08722e-14
2.02061e-14
1.9762e-14
1.93179e-14
1.86517e-14
1.82077e-14
1.77636e-14
1.73195e-14
1.68754e-14
1.64313e-14
1.59872e-14
1.55431e-14
1.5099e-14
1.4877e-14
1.44329e-14
1.39888e-14
1.37668e-14
1.33227e-14
1.28786e-14
1.24345e-14
1.22125e-14
1.19904e-14
1.15463e-14
1.13243e-14
1.08802e-14
1.06581e-14
1.04361e-14
1.02141e-14
9.76996e-15
9.54792e-15
9.32587e-15
9.10383e-15
8.88178e-15
8.65974e-15
8.43769e-15
8.21565e-15
7.99361e-15
7.77156e-15
7.54952e-15
7.32747e-15
7.10543e-15
7.10543e-15
6.66134e-15
6.66134e-15
6.43929e-15
6.43929e-15
5.9952e-15
5.9952e-15
5.77316e-15
5.55112e-15
5.55112e-15
5.32907e-15
5.10703e-15
5.10703e-15
4.88498e-15
4.88498e-15
4.66294e-15
4.44089e-15
4.44089e-15
4.44089e-15
4.21885e-15
3.9968e-15
3.9968e-15
3.9968e-15
3.77476e-15
3.55271e-15
3.55271e-15
3.55271e-15
3.33067e-15
3.33067e-15
3.33067e-15
3.10862e-15
3.10862e-15
2.88658e-15
2.88658e-15
2.88658e-15
2.66454e-15
2.66454e-15
2.44249e-15
2.44249e-15
2.44249e-15
2.44249e-15
2.44249e-15
2.22045e-15
2.22045e-15
2.22045e-15
2.22045e-15
2.22045e-15
1.9984e-15
1.9984e-15
1.77636e-15
1.77636e-15
1.77636e-15
1.77636e-15
1.77636e-15
1.77636e-15
1.55431e-15
1.55431e-15
1.55431e-15
1.55431e-15
1.33227e-15
1.33227e-15
1.33227e-15
1.33227e-15
1.33227e-15
1.33227e-15
1.33227e-15
1.33227e-15
1.11022e-15
1.11022e-15
1.11022e-15
1.11022e-15
8.88178e-16
8.88178e-16
8.88178e-16
8.88178e-16
8.88178e-16
8.88178e-16
8.88178e-16
8.88178e-16
8.88178e-16
8.88178e-16
8.88178e-16
8.88178e-16
6.66134e-16
6.66134e-16
6.66134e-16
6.66134e-16
6.66134e-16
6.66134e-16
6.66134e-16
6.66134e-16
6.66134e-16
6.66134e-16
6.66134e-16
6.66134e-16
6.66134e-16
6.66134e-16
6.66134e-16
6.66134e-16
6.66134e-16
4.44089e-16
4.44089e-16
4.44089e-16
4.44089e-16
4.44089e-16
4.44089e-16
4.44089e-16
4.44089e-16
4.44089e-16
4.44089e-16
4.44089e-16
4.44089e-16
4.44089e-16
2.22045e-16
2.22045e-16
2.22045e-16
2.22045e-16
2.22045e-16
2.22045e-16
2.22045e-16
2.22045e-16
2.22045e-16
2.22045e-16
2.22045e-16
2.22045e-16
2.22045e-16
2.22045e-16
2.22045e-16
2.22045e-16
2.22045e-16
2.22045e-16
2.22045e-16
2.22045e-16
2.22045e-16
2.22045e-16
2.22045e-16
2.22045e-16
2.22045e-16
2.22045e-16
2.22045e-16
2.22045e-16
2.22045e-16
2.22045e-16
2.22045e-16
2.22045e-16
2.22045e-16
2.22045e-16
2.22045e-16
2.22045e-16
2.22045e-16
2.22045e-16
2.22045e-16
2.22045e-16
2.22045e-16
2.22045e-16
2.22045e-16
2.22045e-16
2.22045e-16
2.22045e-16
2.22045e-16
2.22045e-16
2.22045e-16
2.22045e-16
2.22045e-16
2.22045e-16
2.22045e-16
2.22045e-16
2.22045e-16
2.22045e-16
2.22045e-16
2.22045e-16
2.22045e-16
2.22045e-16
0
0
0
0
0
0
0
0
0
0
0
0
0
0
0
0
0
0
0
0
0
0
0
0
0
0
0
0
0
0
0
0
0
0
0
0
0
0
0
0
0
0
0
0
0
0
0
0
0
0
0
0
0
0
0
0
0
0
0
0
0
0
0
0
0
0
0
0
0
0
0
0
0
0
0
0
0
0
0
0
0
0
0
0
0
0
0
0
0
0
0
0
0
0
0
0
0
0
0
0
0
0
0
0
0
0
0
0
0
0
0
0
0
0
0
0
0
0
0
0
0
0
0
0
0
0
0
0
0
0
0
0
0
0
0
0
0
0
0
0
0
0
0
0
0
0
0
0
0
0
0
0
0
0
0
0
0
0
0
0
0
0
0
0
0
0
0
0
0
0
0
0
0
0
0
0
0
0
0
0
0
0
0
0
0
0
0
0
0
0
0
0
0
0
0
0
0
0
0
0
0
0
0
0
0
0
0
0
0
0
0
0
0
0
0
0
0
0
0
0
0
0
0
0
0
0
0
0
0
0
0
0
0
0
0
0
0
0
0
0
0
0
0
0
0
0
0
0
0
0
0
0
0
0
0
0
0
0
0
0
0
0
0
0
0
0
0
0
0
0
0
0
0
0
0
0
0
0
0
0
0
0
0
0
0
0
0
0
0
0
0
0
0
0
0
0
0
0
0
0
0
0
0
0
0
0
0
0
0
0
0
0
0
0
0
0
0
0
0
0
0
0
0
0
0
0
0
0
0
0
0
0
0
0
0
0
0
0
0
0
0
0
0
0
0
0
0
0
0
0
0
0
0
0
0
0
0
0
0
0
0
0
0
0
0
0
0
0
0
0
0
0
0
0
0
0
0
0
0
0
0
0
0
0
0
0
0
0
0
0
0
0
0
0
0
0
0
0
0
0
0
0
0
0
0
0
0
0
0
0
0
0
0
0
0
0
0
0
0
0
0
0
0
0
0
0
0
0
0
0
0
0
0
0
0
0
0
0
0
0
0
0
0
0
0
0
0
0
0
0
0
0
0
0
0
0
0
0
0
0
0
0
0
0
0
0
0
0
0
0
0
0
0
0
0
0
0
0
0
0
0
0
0
0
0
0
0
0
0
0
0
0
0
0
0
0
0
0
0
0
0
0
0
0
0
0
0
0
0
0
0
0
0
0
0
0
0
0
0
0
0
0
0
0
0
0
0
0
0
0
0
0
0
0
0
0
0
0
0
0
0
0
0
0
0
0
0
0
0
0
0
0
0
0
0
0
0
0
0
0
0
0
0
0
0
0
0
0
0
0
0
0
0
0
0
0
0
0
0
0
0
0
0
0
0
0
0
0
0
0
0
0
0
0
0
0
0
0
0
0
0
0
0
0
0
0
0
0
0
0
0
0
0
0
0
0
0
0
0
0
0
0
0
0
0
0
0
0
0
0
0
0
0
0
0
0
0
0
0
0
0
0
0
0
0
0
0
0
0
0
0
0
0
0
0
0
0
0
0
0
0
0
0
0
0
0
0
0
0
0
0
0
0
0
0
0
0
0
0
0
0
0
0
0
0
0
0
0
0
0
0
0
0
0
0
0
0
0
0
0
0
0
0
0
0
0
0
0
0
0
0
0
0
0
0
0
0
0
0
0
0
0
0
0
0
0
0
0
0
0
0
0
0
0
0
0
0
0
0
0
0
0
0
0
0
0
0
0
0
0
0
0
0
0
0
0
0
0
0
0
0
0
0
0
0
0
0
0
0
0
0
0
0
0
0
0
0
0
0
0
0
0
0
0
0
0
0
0
0
0
0
0
0
0
0
0
0
0
0
0
0
0
0
0
0
0
0
0
0
0
0
0
0
0
0
0
0
0
0
0
0
0
0
0
0
0
0
0
0
0
0
0
0
0
0
0
0
0
0
0
0
0
0
0
0
0
0
0
0
0
0
0
0
0
0
0
0
0
0
0
0
0
0
0
0
0
0
0
0
0
0
0
0
0
0
0
0
0
0
0
0
0
0
0
0
0
0
0
0
0
0
0
0
0
0
0
0
0
0
0
0
0
0
0
0
0
0
0
0
0
0
0
0
0
0
0
0
0
0
0
0
0
0
0
0
0
0
0
0
0
0
0
0
0
0
0
0
0
0
0
0
0
0
0
0
0
0
0
0
0
0
0
0
0
0
0
0
0
0
0
0
0
0
0
0
0
0
0
0
0
0
0
0
0
0
0
0
0
0
0
0
0
0
0
0
0
0
0
0
0
0
0
0
0
0
0
0
0
0
0
0
0
0
0
0
0
0
0
0
0
0
0
0
0
0
0
0
0
0
0
0
0
0
0
0
0
0
0
0
0
0
0
0
0
0
0
0
0
0
0
0
0
0
0
0
0
0
0
0
0
0
0
0
0
0
0
0
0
0
0
0
0
0
0
0
0
0
0
0
0
0
0
0
0
0
0
0
0
0
0
0
0
0
0
0
0
0
0
0
0
0
0
0
0
0
0
0
0
0
0
0
0
0
0
0
0
0
0
0
0
0
0
0
0
0
0
0
0
0
0
0
0
0
0
0
0
0
0
0
0
0
0
0
0
0
0
0
0
0
0
0
0
0
0
0
0
0
0
0
0
0
0
0
0
0
0
0
0
0
0
0
0
0
0
0
0
0
0
0
0
0
0
0
0
0
0
0
0
0
0
0
0
0
0
0
0
0
0
0
0
0
0
0
0
0
0
0
0
0
0
0
0
0
0
0
0
0
0
0
0
0
0
0
0
0
0
0
0
0
0
0
0
0
0
0
0
0
0
0
0
0
0
0
0
0
0
0
0
0
0
0
0
0
0
0
0
0
0
0
0
0
0
0
0
0
0
0
0
0
0
0
0
0
0
0
0
0
0
0
0
0
0
0
0
0
0
0
0
0
0
0
0
0
0
0
0
0
0
0
0
0
0
0
0
0
0
0
0
0
0
0
0
0
0
0
0
0
0
0
0
0
0
0
0
0
0
0
0
0
0
0
0
0
0
0
0
0
0
0
0
0
0
0
0
0
0
0
0
0
0
0
0
0
0
0
0
0
0
0
0
0
0
0
0
0
0
0
0
0
0
0
0
0
0
0
0
0
0
0
0
0
0
0
0
0
0
0
0
0
0
0
0
0
0
0
0
0
0
0
0
0
0
0
0
0
0
0
0
0
0
0
0
0
0
0
0
0
0
0
0
0
0
0
0
0
0
0
0
0
0
0
0
0
0
0
0
0
0
0
0
0
0
0
0
0
0
0
0
0
0
0
0
0
0
0
0
0
0
0
0
0
0
0
0
0
0
0
0
0
0
0
0
0
0
0
0
0
0
0
0
0
0
0
0
0
0
0
0
0
0
0
0
0
0
0
0
0
0
0
0
0
0
0
0
0
0
0
0
0
0
0
0
0
0
0
0
0
0
0
0
0
0
0
0
0
0
0
0
0
0
0
0
0
0
0
0
0
0
0
0
0
0
0
0
0
0
0
0
0
0
0
0
0
0
0
0
0
0
0
0
0
0
0
0
0
0
0
0
0
0
0
0
0
0
0
0
0
0
0
0
0
0
0
0
0
0
0
