0.00065439
0.00064783
39.608
-0.0647382
-0.0679302
-0.0711127
-0.0742853
-0.077448
-0.0806004
-0.0837423
-0.0868736
-0.0899939
-0.0931032
-0.0962012
-0.0992877
-0.102362
-0.105425
-0.108476
-0.111514
-0.11454
-0.117553
-0.120553
-0.12354
-0.126514
-0.129474
-0.132421
-0.135353
-0.138271
-0.141175
-0.144065
-0.146939
-0.149799
-0.152644
-0.155473
-0.158287
-0.161085
-0.163867
-0.166634
-0.169384
-0.172118
-0.174835
-0.177535
-0.180218
-0.182885
-0.185534
-0.188165
-0.190779
-0.193375
-0.195953
-0.198513
-0.201054
-0.203578
-0.206082
-0.208568
-0.211034
-0.213482
-0.21591
-0.218318
-0.220708
-0.223077
-0.225426
-0.227756
-0.230065
-0.232353
-0.234621
-0.236869
-0.239096
-0.241301
-0.243486
-0.245649
-0.247791
-0.249911
-0.25201
-0.254087
-0.256142
-0.258175
-0.260186
-0.262174
-0.26414
-0.266084
-0.268005
-0.269903
-0.271778
-0.27363
-0.275458
-0.277264
-0.279046
-0.280805
-0.28254
-0.284251
-0.285938
-0.287602
-0.289241
-0.290856
-0.292447
-0.294014
-0.295556
-0.297074
-0.298567
-0.300036
-0.301479
-0.302898
-0.304292
-0.30566
-0.307004
-0.308322
-0.309615
-0.310882
-0.312124
-0.313341
-0.314532
-0.315697
-0.316837
-0.31795
-0.319038
-0.3201
-0.321136
-0.322146
-0.32313
-0.324087
-0.325018
-0.325924
-0.326802
-0.327655
-0.32848
-0.32928
-0.330053
-0.330799
-0.331519
-0.332212
-0.332879
-0.333519
-0.334132
-0.334718
-0.335277
-0.33581
-0.336316
-0.336795
-0.337247
-0.337673
-0.338071
-0.338442
-0.338787
-0.339104
-0.339395
-0.339659
-0.339895
-0.340105
-0.340288
-0.340443
-0.340572
-0.340674
-0.340749
-0.340796
-0.340817
-0.340811
-0.340778
-0.340719
-0.340632
-0.340518
-0.340378
-0.34021
-0.340016
-0.339795
-0.339548
-0.339273
-0.338972
-0.338645
-0.33829
-0.33791
-0.337502
-0.337068
-0.336608
-0.336121
-0.335608
-0.335069
-0.334503
-0.333911
-0.333293
-0.332649
-0.331979
-0.331282
-0.33056
-0.329812
-0.329039
-0.328239
-0.327414
-0.326563
-0.325687
-0.324785
-0.323858
-0.322906
-0.321928
-0.320926
-0.319898
-0.318845
-0.317768
-0.316666
-0.315539
-0.314387
-0.313211
-0.31201
-0.310785
-0.309536
-0.308263
-0.306966
-0.305644
-0.3043
-0.302931
-0.301539
-0.300123
-0.298684
-0.297221
-0.295736
-0.294227
-0.292695
-0.291141
-0.289564
-0.287965
-0.286343
-0.284698
-0.283032
-0.281343
-0.279633
-0.277901
-0.276147
-0.274372
-0.272575
-0.270757
-0.268918
-0.267058
-0.265177
-0.263275
-0.261353
-0.259411
-0.257448
-0.255465
-0.253463
-0.25144
-0.249398
-0.247337
-0.245256
-0.243156
-0.241037
-0.238899
-0.236742
-0.234567
-0.232374
-0.230162
-0.227933
-0.225685
-0.22342
-0.221137
-0.218837
-0.21652
-0.214186
-0.211835
-0.209468
-0.207084
-0.204684
-0.202267
-0.199835
-0.197387
-0.194923
-0.192445
-0.18995
-0.187441
-0.184918
-0.182379
-0.179826
-0.177259
-0.174678
-0.172083
-0.169474
-0.166852
-0.164217
-0.161569
-0.158907
-0.156234
-0.153547
-0.150849
-0.148138
-0.145415
-0.142681
-0.139936
-0.137179
-0.134411
-0.131632
-0.128843
-0.126043
-0.123233
-0.120413
-0.117583
-0.114744
-0.111895
-0.109038
-0.106171
-0.103296
-0.100412
-0.0975194
-0.0946191
-0.0917109
-0.0887951
-0.0858719
-0.0829415
-0.0800041
-0.07706
-0.0741093
-0.0711523
-0.0681892
-0.0652202
-0.0622456
-0.0592655
-0.0562802
-0.0532899
-0.0502949
-0.0472953
-0.0442914
-0.0412835
-0.0382716
-0.0352561
-0.0322372
-0.0292152
-0.0261901
-0.0231623
-0.0201321
-0.0170995
-0.0140649
-0.0110284
-0.00799041
-0.004951
-0.00191046
0.001131
0.00417315
0.00721575
0.0102586
0.0133014
0.016344
0.0193861
0.0224276
0.0254681
0.0285075
0.0315455
0.0345819
0.0376165
0.040649
0.0436793
0.046707
0.049732
0.052754
0.0557727
0.0587881
0.0617998
0.0648076
0.0678113
0.0708107
0.0738055
0.0767955
0.0797804
0.0827601
0.0857344
0.0887029
0.0916656
0.094622
0.0975721
0.100516
0.103452
0.106382
0.109304
0.112219
0.115126
0.118025
0.120916
0.123799
0.126673
0.129538
0.132395
0.135241
0.138079
0.140907
0.143724
0.146532
0.14933
0.152116
0.154892
0.157657
0.160411
0.163154
0.165884
0.168603
0.17131
0.174005
0.176687
0.179356
0.182013
0.184656
0.187286
0.189903
0.192506
0.195095
0.19767
0.20023
0.202776
0.205308
0.207824
0.210325
0.212811
0.215282
0.217737
0.220175
0.222598
0.225005
0.227394
0.229768
0.232124
0.234464
0.236786
0.23909
0.241378
0.243647
0.245898
0.248131
0.250346
0.252543
0.25472
0.256879
0.259019
0.261139
0.26324
0.265322
0.267383
0.269425
0.271447
0.273449
0.27543
0.27739
0.27933
0.281249
0.283147
0.285023
0.286878
0.288712
0.290524
0.292314
0.294082
0.295828
0.297552
0.299253
0.300932
0.302587
0.30422
0.30583
0.307417
0.308981
0.31052
0.312037
0.31353
0.314998
0.316443
0.317864
0.31926
0.320632
0.32198
0.323303
0.324601
0.325874
0.327122
0.328345
0.329543
0.330716
0.331863
0.332985
0.33408
0.33515
0.336194
0.337213
0.338205
0.33917
0.34011
0.341023
0.34191
0.342769
0.343603
0.344409
0.345189
0.345941
0.346667
0.347365
0.348036
0.34868
0.349297
0.349886
0.350447
0.350981
0.351487
0.351965
0.352416
0.352838
0.353233
0.353599
0.353938
0.354248
0.35453
0.354784
0.355009
0.355206
0.355375
0.355515
0.355627
0.35571
0.355764
0.35579
0.355787
0.355755
0.355694
0.355605
0.355486
0.355339
0.355163
0.354958
0.354724
0.354461
0.354168
0.353847
0.353497
0.353118
0.352709
0.352271
0.351805
0.351309
0.350784
0.350229
0.349646
0.349033
0.348392
0.347721
0.347021
0.346291
0.345533
0.344745
0.343928
0.343083
0.342208
0.341303
0.34037
0.339408
0.338416
0.337396
0.336347
0.335268
0.334161
0.333025
0.331859
0.330665
0.329442
0.328191
0.32691
0.325601
0.324263
0.322897
0.321502
0.320078
0.318626
0.317145
0.315637
0.314099
0.312534
0.31094
0.309318
0.307668
0.30599
0.304284
0.30255
0.300788
0.298998
0.297181
0.295336
0.293463
0.291563
0.289636
0.287681
0.285699
0.283689
0.281653
0.27959
0.2775
0.275382
0.273239
0.271068
0.268871
0.266648
0.264398
0.262122
0.25982
0.257491
0.255137
0.252757
0.250351
0.24792
0.245463
0.24298
0.240472
0.237939
0.235381
0.232798
0.23019
0.227558
0.224901
0.222219
0.219513
0.216783
0.214028
0.21125
0.208448
0.205622
0.202772
0.199899
0.197003
0.194083
0.191141
0.188175
0.185187
0.182176
0.179142
0.176087
0.173009
0.169909
0.166787
0.163643
0.160478
0.157291
0.154083
0.150853
0.147603
0.144332
0.14104
0.137728
0.134395
0.131042
0.127669
0.124276
0.120864
0.117431
0.11398
0.110509
0.107019
0.10351
0.0999827
0.0964366
0.0928721
0.0892894
0.0856887
0.08207
0.0784337
0.0747799
0.0711087
0.0674204
0.063715
0.0599929
0.0562541
0.0524989
0.0487275
0.0449399
0.0411364
0.0373173
0.0334826
0.0296325
0.0257673
0.0218871
0.0179922
0.0140826
0.0101586
0.00622046
0.00226826
-0.00169778
-0.00567747
-0.00967061
-0.013677
-0.0176965
-0.0217288
-0.0257738
-0.0298313
-0.0339011
-0.0379829
-0.0420767
-0.0461822
-0.0502991
-0.0544274
-0.0585668
-0.062717
-0.066878
-0.0710495
-0.0752313
-0.0794232
-0.083625
-0.0878365
-0.0920575
-0.0962878
-0.100527
-0.104776
-0.109033
-0.113298
-0.117572
-0.121854
-0.126143
-0.130441
-0.134746
-0.139058
-0.143377
-0.147703
-0.152036
-0.156375
-0.160721
-0.165072
-0.16943
-0.173793
-0.178161
-0.182535
-0.186914
-0.191297
-0.195686
-0.200078
-0.204475
-0.208876
-0.21328
-0.217689
-0.2221
-0.226515
-0.230933
-0.235353
-0.239776
-0.244202
-0.24863
-0.253059
-0.257491
-0.261924
-0.266358
-0.270794
-0.27523
-0.279668
-0.284105
-0.288544
-0.292982
-0.29742
-0.301859
-0.306296
-0.310733
-0.315169
-0.319605
-0.324039
-0.328471
-0.332902
-0.337331
-0.341758
-0.346183
-0.350606
-0.355026
-0.359443
-0.363857
-0.368268
-0.372676
-0.37708
-0.38148
-0.385877
-0.390269
-0.394657
-0.399041
-0.40342
-0.407794
-0.412163
-0.416526
-0.420885
-0.425238
-0.429585
-0.433926
-0.43826
-0.442589
-0.446911
-0.451227
-0.455535
-0.459837
-0.464131
-0.468418
-0.472697
-0.476969
-0.481233
-0.485488
-0.489736
-0.493975
-0.498206
-0.502427
-0.50664
-0.510844
-0.515038
-0.519224
-0.523399
-0.527565
-0.531721
-0.535867
-0.540003
-0.544128
-0.548243
-0.552347
-0.556441
-0.560523
-0.564594
-0.568655
-0.572703
-0.57674
-0.580766
-0.584779
-0.588781
-0.59277
-0.596747
-0.600712
-0.604664
-0.608603
-0.612529
-0.616443
-0.620343
-0.624231
-0.628104
-0.631965
-0.635811
-0.639644
-0.643463
-0.647268
-0.651059
-0.654835
-0.658597
-0.662345
-0.666078
-0.669796
-0.6735
-0.677188
-0.680862
-0.68452
-0.688163
-0.69179
-0.695402
-0.698998
-0.702579
-0.706143
-0.709692
-0.713225
-0.716741
-0.720242
-0.723726
-0.727193
-0.730644
-0.734079
-0.737496
-0.740897
-0.744281
-0.747648
-0.750998
-0.754331
-0.757647
-0.760945
-0.764226
-0.767489
-0.770735
-0.773964
-0.777174
-0.780367
-0.783542
-0.7867
-0.789839
-0.79296
-0.796063
-0.799148
-0.802215
-0.805264
-0.808294
-0.811306
-0.814299
-0.817274
-0.82023
-0.823168
-0.826087
-0.828988
-0.831869
-0.834732
-0.837577
-0.840402
-0.843208
-0.845996
-0.848765
-0.851514
-0.854245
-0.856956
-0.859648
-0.862322
-0.864976
-0.867611
-0.870227
-0.872823
-0.8754
-0.877959
-0.880497
-0.883017
-0.885517
-0.887998
-0.89046
-0.892902
-0.895325
-0.897728
-0.900113
-0.902477
-0.904823
-0.907149
-0.909456
-0.911743
-0.914012
-0.91626
-0.91849
-0.9207
-0.922891
-0.925062
-0.927214
-0.929347
-0.931461
-0.933556
-0.935631
-0.937687
-0.939724
-0.941741
-0.94374
-0.945719
-0.94768
-0.949621
-0.951544
-0.953447
-0.955331
-0.957197
-0.959044
-0.960871
-0.96268
-0.964471
-0.966242
-0.967995
-0.969729
-0.971445
-0.973142
-0.974821
-0.976481
-0.978123
-0.979747
-0.981352
-0.982939
-0.984508
-0.986059
-0.987592
-0.989106
-0.990603
-0.992082
-0.993544
-0.994987
-0.996413
-0.997821
-0.999212
-1.00059
-1.00194
-1.00328
-1.0046
-1.00591
-1.00719
-1.00846
-1.00972
-1.01095
-1.01217
-1.01338
-1.01456
-1.01573
-1.01689
-1.01802
-1.01915
-1.02025
-1.02134
-1.02241
-1.02347
-1.02451
-1.02554
-1.02655
-1.02754
-1.02852
-1.02948
-1.03043
-1.03137
-1.03228
-1.03319
-1.03408
-1.03495
-1.03581
-1.03666
-1.03749
-1.03831
-1.03911
-1.0399
-1.04067
-1.04143
-1.04218
-1.04291
-1.04363
-1.04434
-1.04503
-1.04571
-1.04638
-1.04704
-1.04768
-1.04831
-1.04892
-1.04953
-1.05012
-1.0507
-1.05127
-1.05182
-1.05237
-1.0529
-1.05342
-1.05393
-1.05443
-1.05492
-1.05539
-1.05586
-1.05631
-1.05676
-1.05719
-1.05761
-1.05802
-1.05843
-1.05882
-1.0592
-1.05957
-1.05994
-1.06029
-1.06064
-1.06097
-1.0613
-1.06162
-1.06192
-1.06222
-1.06252
-1.0628
-1.06307
-1.06334
-1.0636
-1.06385
-1.06409
-1.06433
-1.06456
-1.06478
-1.06499
-1.0652
-1.0654
-1.06559
-1.06578
-1.06596
-1.06613
-1.0663
-1.06646
-1.06662
-1.06677
-1.06691
-1.06705
-1.06718
-1.06731
-1.06744
-1.06755
-1.06767
-1.06778
-1.06788
-1.06798
-1.06808
-1.06817
-1.06826
-1.06834
-1.06842
-1.0685
-1.06857
-1.06864
-1.06871
-1.06877
-1.06883
-1.06889
-1.06894
-1.069
-1.06905
-1.0691
-1.06914
-1.06919
-1.06923
-1.06927
-1.06931
-1.06935
-1.06938
-1.06942
-1.06945
-1.06949
-1.06952
-1.06955
-1.06958
-1.06962
-1.06965
-1.06968
-1.06971
-1.06974
-1.06977
-1.0698
-1.06984
-1.06987
-1.0699
-1.06994
-1.06997
-1.07001
-1.07005
-1.07009
-1.07013
-1.07017
-1.07021
-1.07026
-1.07031
-1.07036
-1.07041
-1.07046
-1.07052
-1.07058
-1.07064
-1.07071
-1.07078
-1.07085
-1.07092
-1.071
-1.07108
-1.07116
-1.07125
-1.07134
-1.07143
-1.07153
-1.07163
-1.07174
-1.07185
-1.07196
-1.07208
-1.0722
-1.07233
-1.07246
-1.0726
-1.07274
-1.07289
-1.07304
-1.07319
-1.07335
-1.07352
-1.07369
-1.07387
-1.07405
-1.07424
-1.07443
-1.07463
-1.07484
-1.07505
-1.07526
-1.07549
-1.07571
-1.07595
-1.07619
-1.07644
-1.07669
-1.07695
-1.07722
-1.07749
-1.07777
-1.07806
-1.07835
-1.07865
-1.07895
-1.07927
-1.07959
-1.07992
-1.08025
-1.08059
-1.08094
-1.0813
-1.08166
-1.08203
-1.08241
-1.08279
-1.08319
-1.08359
-1.08399
-1.08441
-1.08483
-1.08526
-1.0857
-1.08614
-1.0866
-1.08706
-1.08753
-1.088
-1.08849
-1.08898
-1.08948
-1.08999
-1.09051
-1.09103
-1.09156
-1.0921
-1.09265
-1.09321
-1.09377
-1.09434
-1.09492
-1.09551
-1.0961
-1.09671
-1.09732
-1.09794
-1.09857
-1.09921
-1.09985
-1.1005
-1.10116
-1.10183
-1.10251
-1.10319
-1.10388
-1.10458
-1.10529
-1.10601
-1.10673
-1.10746
-1.1082
-1.10895
-1.10971
-1.11047
-1.11124
-1.11202
-1.11281
-1.1136
-1.1144
-1.11521
-1.11603
-1.11686
-1.11769
-1.11853
-1.11937
-1.12023
-1.12109
-1.12196
-1.12284
-1.12372
-1.12461
-1.12551
-1.12641
-1.12733
-1.12824
-1.12917
-1.1301
-1.13104
-1.13199
-1.13294
-1.1339
-1.13486
-1.13584
-1.13682
-1.1378
-1.13879
-1.13979
-1.14079
-1.1418
-1.14282
-1.14384
-1.14486
-1.1459
-1.14693
-1.14798
-1.14903
-1.15008
-1.15114
-1.1522
-1.15327
-1.15435
-1.15543
-1.15651
-1.1576
-1.15869
-1.15979
-1.16089
-1.162
-1.16311
-1.16423
-1.16534
-1.16647
-1.16759
-1.16872
-1.16986
-1.17099
-1.17214
-1.17328
-1.17443
-1.17557
-1.17673
-1.17788
-1.17904
-1.1802
-1.18136
-1.18253
-1.18369
-1.18486
-1.18603
-1.18721
-1.18838
-1.18956
-1.19073
-1.19191
-1.19309
-1.19427
-1.19545
-1.19663
-1.19782
-1.199
-1.20018
-1.20136
-1.20255
-1.20373
-1.20491
-1.20609
-1.20728
-1.20846
-1.20964
-1.21081
-1.21199
-1.21317
-1.21434
-1.21552
-1.21669
-1.21786
-1.21902
-1.22019
-1.22135
-1.22251
-1.22367
-1.22482
-1.22597
-1.22712
-1.22827
-1.22941
-1.23054
-1.23168
-1.23281
-1.23393
-1.23505
-1.23617
-1.23728
-1.23839
-1.23949
-1.24059
-1.24168
-1.24276
-1.24384
-1.24492
-1.24599
-1.24705
-1.24811
-1.24915
-1.2502
-1.25123
-1.25226
-1.25328
-1.2543
-1.2553
-1.2563
-1.25729
-1.25827
-1.25925
-1.26021
-1.26117
-1.26212
-1.26306
-1.26399
-1.26491
-1.26582
-1.26672
-1.26762
-1.2685
-1.26937
-1.27023
-1.27108
-1.27192
-1.27275
-1.27357
-1.27437
-1.27517
-1.27595
-1.27672
-1.27748
-1.27823
-1.27896
-1.27969
-1.2804
-1.28109
-1.28178
-1.28245
-1.2831
-1.28375
-1.28438
-1.28499
-1.28559
-1.28618
-1.28675
-1.28731
-1.28785
-1.28838
-1.28889
-1.28939
-1.28987
-1.29033
-1.29078
-1.29122
-1.29163
-1.29203
-1.29242
-1.29278
-1.29313
-1.29347
-1.29378
-1.29408
-1.29436
-1.29462
-1.29487
-1.29509
-1.2953
-1.29549
-1.29566
-1.29581
-1.29594
-1.29606
-1.29615
-1.29622
-1.29628
-1.29631
-1.29633
-1.29632
-1.29629
-1.29625
-1.29618
-1.29609
-1.29598
-1.29585
-1.29569
-1.29552
-1.29532
-1.29511
-1.29487
-1.2946
-1.29432
-1.29401
-1.29368
-1.29333
-1.29296
-1.29256
-1.29214
-1.29169
-1.29122
-1.29073
-1.29021
-1.28967
-1.28911
-1.28852
-1.2879
-1.28727
-1.2866
-1.28592
-1.2852
-1.28447
-1.2837
-1.28291
-1.2821
-1.28126
-1.28039
-1.2795
-1.27858
-1.27764
-1.27667
-1.27567
-1.27465
-1.2736
-1.27252
-1.27142
-1.27029
-1.26913
-1.26794
-1.26673
-1.26549
-1.26422
-1.26292
-1.2616
-1.26025
-1.25886
-1.25746
-1.25602
-1.25455
-1.25306
-1.25154
-1.24998
-1.2484
-1.24679
-1.24515
-1.24349
-1.24179
-1.24006
-1.23831
-1.23652
-1.23471
-1.23286
-1.23099
-1.22908
-1.22715
-1.22518
-1.22319
-1.22116
-1.21911
-1.21702
-1.2149
-1.21276
-1.21058
-1.20837
-1.20613
-1.20386
-1.20156
-1.19923
-1.19687
-1.19447
-1.19205
-1.18959
-1.1871
-1.18459
-1.18204
-1.17945
-1.17684
-1.1742
-1.17152
-1.16881
-1.16607
-1.1633
-1.1605
-1.15767
-1.1548
-1.1519
-1.14897
-1.14601
-1.14302
-1.13999
-1.13694
-1.13385
-1.13072
-1.12757
-1.12439
-1.12117
-1.11792
-1.11464
-1.11132
-1.10798
-1.1046
-1.10119
-1.09775
-1.09427
-1.09076
-1.08723
-1.08365
-1.08005
-1.07642
-1.07275
-1.06905
-1.06532
-1.06155
-1.05776
-1.05393
-1.05007
-1.04618
-1.04225
-1.0383
-1.03431
-1.03029
-1.02624
-1.02215
-1.01804
-1.01389
-1.00971
-1.0055
-1.00126
-0.996981
-0.992675
-0.988337
-0.983968
-0.979567
-0.975135
-0.970672
-0.966177
-0.96165
-0.957093
-0.952504
-0.947885
-0.943234
-0.938552
-0.933839
-0.929096
-0.924321
-0.919516
-0.91468
-0.909814
-0.904917
-0.89999
-0.895032
-0.890044
-0.885026
-0.879978
-0.8749
-0.869792
-0.864654
-0.859486
-0.854289
-0.849062
-0.843806
-0.83852
-0.833205
-0.827861
-0.822487
-0.817085
-0.811654
-0.806194
-0.800705
-0.795188
-0.789643
-0.784069
-0.778467
-0.772837
-0.767179
-0.761493
-0.75578
-0.750038
-0.74427
-0.738474
-0.73265
-0.7268
-0.720923
-0.715019
-0.709088
-0.70313
-0.697146
-0.691136
-0.6851
-0.679038
-0.67295
-0.666836
-0.660696
-0.654532
-0.648341
-0.642126
-0.635886
-0.629621
-0.623331
-0.617017
-0.610678
-0.604315
-0.597928
-0.591518
-0.585083
-0.578625
-0.572144
-0.565639
-0.559111
-0.552561
-0.545987
-0.539391
-0.532773
-0.526133
-0.51947
-0.512786
-0.50608
-0.499352
-0.492603
-0.485833
-0.479042
-0.47223
-0.465398
-0.458545
-0.451672
-0.444779
-0.437867
-0.430934
-0.423982
-0.417011
-0.410021
-0.403011
-0.395984
-0.388937
-0.381873
-0.37479
-0.367689
-0.360571
-0.353435
-0.346282
-0.339112
-0.331925
-0.324721
-0.317501
-0.310264
-0.303012
-0.295743
-0.288459
-0.28116
-0.273845
-0.266515
-0.259171
-0.251812
-0.244438
-0.23705
-0.229649
-0.222233
-0.214805
-0.207363
-0.199907
-0.192439
-0.184959
-0.177465
-0.16996
-0.162443
-0.154914
-0.147373
-0.139822
-0.132259
-0.124685
-0.1171
-0.109506
-0.101901
-0.0942856
-0.0866609
-0.0790267
-0.0713833
-0.0637308
-0.0560695
-0.0483995
-0.0407213
-0.0330349
-0.0253406
-0.0176387
-0.00992928
-0.00221268
0.00551088
0.0132412
0.020978
0.0287211
0.0364702
0.0442252
0.0519857
0.0597516
0.0675226
0.0752984
0.0830789
0.0908639
0.0986529
0.106446
0.114243
0.122043
0.129846
0.137653
0.145462
0.153274
0.161088
0.168904
0.176722
0.184542
0.192363
0.200185
0.208008
0.215831
0.223655
0.231479
0.239304
0.247128
0.254951
0.262774
0.270595
0.278416
0.286235
0.294052
0.301868
0.309681
0.317492
0.3253
0.333106
0.340908
0.348707
0.356503
0.364295
0.372083
0.379866
0.387645
0.39542
0.403189
0.410954
0.418713
0.426467
0.434214
0.441956
0.449691
0.45742
0.465143
0.472858
0.480566
0.488267
0.49596
0.503645
0.511322
0.518991
0.526652
0.534303
0.541946
0.54958
0.557204
0.564819
0.572424
0.580019
0.587604
0.595178
0.602742
0.610294
0.617836
0.625367
0.632886
0.640393
0.647888
0.655371
0.662842
0.6703
0.677746
0.685179
0.692598
0.700004
0.707397
0.714776
0.722141
0.729491
0.736828
0.74415
0.751457
0.758749
0.766026
0.773288
0.780534
0.787765
0.794979
0.802178
0.80936
0.816526
0.823675
0.830808
0.837923
0.845021
0.852102
0.859165
0.866211
0.873238
0.880248
0.887239
0.894212
0.901166
0.908102
0.915018
0.921916
0.928794
0.935652
0.942491
0.949311
0.95611
0.962889
0.969648
0.976387
0.983104
0.989802
0.996478
1.00313
1.00977
1.01638
1.02297
1.02954
1.03609
1.04261
1.04912
1.0556
1.06206
1.06849
1.07491
1.0813
1.08767
1.09401
1.10033
1.10663
1.11291
1.11916
1.12538
1.13159
1.13777
1.14392
1.15005
1.15616
1.16224
1.1683
1.17433
1.18034
1.18632
1.19228
1.19822
1.20412
1.21001
1.21586
1.22169
1.2275
1.23328
1.23903
1.24476
1.25046
1.25614
1.26178
1.26741
1.273
1.27857
1.28411
1.28963
1.29512
1.30058
1.30602
1.31142
1.3168
1.32216
1.32748
1.33278
1.33805
1.3433
1.34851
1.3537
1.35886
1.36399
1.3691
1.37417
1.37922
1.38424
1.38923
1.3942
1.39913
1.40404
1.40892
1.41377
1.41859
1.42338
1.42815
1.43288
1.43759
1.44227
1.44692
1.45154
1.45613
1.46069
1.46523
1.46973
1.47421
1.47865
1.48307
1.48746
1.49182
1.49615
1.50045
1.50472
1.50897
1.51318
1.51736
1.52152
1.52564
1.52974
1.53381
1.53784
1.54185
1.54583
1.54978
1.5537
1.55759
1.56145
1.56528
1.56909
1.57286
1.5766
1.58032
1.584
1.58766
1.59128
1.59488
1.59845
1.60198
1.60549
1.60897
1.61242
1.61584
1.61923
1.62259
1.62593
1.62923
1.6325
1.63575
1.63896
1.64215
1.64531
1.64844
1.65154
1.65461
1.65765
1.66066
1.66364
1.6666
1.66952
1.67242
1.67529
1.67813
1.68094
1.68372
1.68647
1.6892
1.69189
1.69456
1.6972
1.69981
1.7024
1.70495
1.70748
1.70997
1.71244
1.71489
1.7173
1.71969
1.72204
1.72437
1.72668
1.72895
1.7312
1.73342
1.73561
1.73777
1.73991
1.74202
1.7441
1.74616
1.74819
1.75019
1.75216
1.75411
1.75603
1.75793
1.75979
1.76163
1.76345
1.76523
1.767
1.76873
1.77044
1.77212
1.77378
1.77541
1.77701
1.77859
1.78014
1.78167
1.78317
1.78465
1.7861
1.78753
1.78893
1.7903
1.79165
1.79298
1.79428
1.79556
1.79681
1.79803
1.79924
1.80041
1.80157
1.8027
1.8038
1.80488
1.80594
1.80697
1.80798
1.80897
1.80993
1.81087
1.81178
1.81268
1.81355
1.81439
1.81522
1.81602
1.81679
1.81755
1.81828
1.81899
1.81968
1.82034
1.82099
1.82161
1.82221
1.82279
1.82334
1.82388
1.82439
1.82488
1.82535
1.8258
1.82623
1.82663
1.82702
1.82738
1.82773
1.82805
1.82835
1.82864
1.8289
1.82914
1.82936
1.82957
1.82975
1.82991
1.83005
1.83018
1.83028
1.83037
1.83043
1.83048
1.83051
1.83052
1.83051
1.83048
1.83043
1.83036
1.83028
1.83018
1.83006
1.82992
1.82976
1.82959
1.82939
1.82918
1.82896
1.82871
1.82845
1.82817
1.82787
1.82756
1.82723
1.82688
1.82652
1.82614
1.82574
1.82532
1.82489
1.82445
1.82399
1.82351
1.82301
1.8225
1.82198
1.82144
1.82088
1.82031
1.81972
1.81912
1.8185
1.81787
1.81722
1.81655
1.81588
1.81518
1.81448
1.81376
1.81302
1.81227
1.81151
1.81073
1.80993
1.80913
1.80831
1.80747
1.80663
1.80577
1.80489
1.804
1.8031
1.80219
1.80126
1.80032
1.79936
1.7984
1.79742
1.79643
1.79542
1.7944
1.79337
1.79233
1.79128
1.79021
1.78913
1.78804
1.78694
1.78582
1.7847
1.78356
1.78241
1.78125
1.78007
1.77889
1.77769
1.77648
1.77526
1.77403
1.77279
1.77154
1.77028
1.769
1.76772
1.76642
1.76511
1.7638
1.76247
1.76113
1.75978
1.75842
1.75705
1.75567
1.75428
1.75288
1.75147
1.75004
1.74861
1.74717
1.74572
1.74426
1.74279
1.74131
1.73982
1.73832
1.73681
1.73529
1.73376
1.73222
1.73067
1.72912
1.72755
1.72597
1.72439
1.72279
1.72119
1.71958
1.71796
1.71632
1.71468
1.71304
1.71138
1.70971
1.70803
1.70635
1.70466
1.70295
1.70124
1.69952
1.69779
1.69606
1.69431
1.69256
1.69079
1.68902
1.68724
1.68545
1.68365
1.68185
1.68003
1.67821
1.67638
1.67454
1.67269
1.67084
1.66897
1.6671
1.66522
1.66333
1.66143
1.65952
1.65761
1.65568
1.65375
1.65181
1.64987
1.64791
1.64594
1.64397
1.64199
1.64
1.63801
1.636
1.63399
1.63197
1.62994
1.6279
1.62585
1.6238
1.62173
1.61966
1.61758
1.6155
1.6134
1.6113
1.60918
1.60706
1.60494
1.6028
1.60065
1.5985
1.59634
1.59417
1.59199
1.5898
1.58761
1.58541
1.5832
1.58098
1.57875
1.57651
1.57427
1.57201
1.56975
1.56748
1.5652
1.56291
1.56062
1.55831
1.556
1.55368
1.55135
1.54901
1.54666
1.54431
1.54194
1.53957
1.53719
1.5348
1.5324
1.52999
1.52757
1.52514
1.52271
1.52026
1.51781
1.51535
1.51288
1.5104
1.50791
1.50541
1.5029
1.50039
1.49786
1.49533
1.49278
1.49023
1.48767
1.4851
1.48251
1.47992
1.47732
1.47471
1.47209
1.46947
1.46683
1.46418
1.46152
1.45885
1.45618
1.45349
1.45079
1.44809
1.44537
1.44265
1.43991
1.43716
1.43441
1.43164
1.42887
1.42608
1.42328
1.42048
1.41766
1.41483
1.412
1.40915
1.40629
1.40342
1.40055
1.39766
1.39476
1.39185
1.38893
1.38599
1.38305
1.3801
1.37714
1.37416
1.37118
1.36818
1.36517
1.36216
1.35913
1.35609
1.35304
1.34998
1.3469
1.34382
1.34072
1.33762
1.3345
1.33137
1.32823
1.32508
1.32192
1.31874
1.31556
1.31236
1.30915
1.30593
1.3027
1.29946
1.2962
1.29294
1.28966
1.28637
1.28307
1.27975
1.27643
1.27309
1.26974
1.26638
1.26301
1.25962
1.25623
1.25282
1.2494
1.24597
1.24252
1.23906
1.23559
1.23211
1.22862
1.22511
1.2216
1.21807
1.21452
1.21097
1.2074
1.20382
1.20023
1.19663
1.19301
1.18938
1.18574
1.18209
1.17842
1.17474
1.17105
1.16735
1.16363
1.15991
1.15616
1.15241
1.14864
1.14487
1.14108
1.13727
1.13346
1.12963
1.12579
1.12193
1.11806
1.11419
1.11029
1.10639
1.10247
1.09854
1.0946
1.09065
1.08668
1.0827
1.07871
1.0747
1.07068
1.06665
1.06261
1.05856
1.05449
1.05041
1.04631
1.04221
1.03809
1.03396
1.02982
1.02566
1.02149
1.01731
1.01312
1.00892
1.0047
1.00047
0.996227
0.991973
0.987706
0.983427
0.979136
0.974833
0.970517
0.96619
0.96185
0.957498
0.953134
0.948758
0.94437
0.939971
0.935559
0.931135
0.9267
0.922253
0.917794
0.913323
0.90884
0.904346
0.899841
0.895323
0.890795
0.886255
0.881703
0.87714
0.872566
0.86798
0.863384
0.858776
0.854157
0.849527
0.844886
0.840234
0.835572
0.830898
0.826214
0.821519
0.816813
0.812097
0.80737
0.802633
0.797886
0.793128
0.78836
0.783582
0.778794
0.773996
0.769187
0.764369
0.759542
0.754704
0.749857
0.745
0.740134
0.735259
0.730374
0.72548
0.720577
0.715664
0.710743
0.705813
0.700874
0.695927
0.690971
0.686006
0.681033
0.676051
0.671062
0.666064
0.661058
0.656044
0.651023
0.645994
0.640957
0.635912
0.63086
0.625801
0.620734
0.615661
0.61058
0.605493
0.600398
0.595297
0.59019
0.585076
0.579955
0.574829
0.569696
0.564558
0.559413
0.554263
0.549107
0.543946
0.538779
0.533607
0.528429
0.523247
0.51806
0.512868
0.507672
0.502471
0.497265
0.492056
0.486842
0.481624
0.476402
0.471177
0.465948
0.460716
0.45548
0.450241
0.444999
0.439755
0.434507
0.429257
0.424004
0.418749
0.413492
0.408233
0.402972
0.397709
0.392445
0.387179
0.381911
0.376643
0.371374
0.366103
0.360833
0.355561
0.350289
0.345017
0.339745
0.334473
0.329201
0.323929
0.318658
0.313387
0.308118
0.302849
0.297582
0.292316
0.287051
0.281788
0.276527
0.271268
0.266011
0.260757
0.255504
0.250255
0.245008
0.239764
0.234523
0.229286
0.224052
0.218821
0.213595
0.208372
0.203154
0.19794
0.19273
0.187525
0.182325
0.17713
0.171939
0.166755
0.161575
0.156402
0.151234
0.146073
0.140917
0.135768
0.130626
0.12549
0.120361
0.115239
0.110124
0.105017
0.0999177
0.0948259
0.0897421
0.0846665
0.0795991
0.0745403
0.0694901
0.0644487
0.0594164
0.0543933
0.0493795
0.0443753
0.0393809
0.0343963
0.0294219
0.0244577
0.019504
0.0145609
0.00962858
0.00470727
-0.000202876
-0.00510168
-0.00998897
-0.0148646
-0.0197283
-0.0245799
-0.0294193
-0.0342464
-0.0390608
-0.0438624
-0.0486511
-0.0534267
-0.058189
-0.0629378
-0.067673
-0.0723943
-0.0771016
-0.0817948
-0.0864736
-0.0911378
-0.0957874
-0.100422
-0.105042
-0.109646
-0.114235
-0.118808
-0.123366
-0.127908
-0.132433
-0.136942
-0.141435
-0.145911
-0.150371
-0.154813
-0.159239
-0.163647
-0.168037
-0.17241
-0.176765
-0.181103
-0.185422
-0.189722
-0.194004
-0.198268
-0.202513
-0.206739
-0.210945
-0.215133
-0.2193
-0.223449
-0.227577
-0.231686
-0.235774
-0.239842
-0.24389
-0.247917
-0.251924
-0.255909
-0.259874
-0.263817
-0.267739
-0.271639
-0.275518
-0.279375
-0.28321
-0.287023
-0.290813
-0.294581
-0.298327
-0.30205
-0.30575
-0.309427
-0.313081
-0.316711
-0.320319
-0.323902
-0.327462
-0.330998
-0.33451
-0.337998
-0.341462
-0.344901
-0.348316
-0.351706
-0.355072
-0.358412
-0.361727
-0.365018
-0.368283
-0.371522
-0.374736
-0.377924
-0.381087
-0.384223
-0.387334
-0.390418
-0.393476
-0.396508
-0.399513
-0.402491
-0.405443
-0.408368
-0.411266
-0.414137
-0.416981
-0.419797
-0.422586
-0.425348
-0.428082
-0.430788
-0.433466
-0.436117
-0.43874
-0.441334
-0.443901
-0.446439
-0.448948
-0.45143
-0.453882
-0.456306
-0.458702
-0.461068
-0.463406
-0.465715
-0.467994
-0.470245
-0.472466
-0.474658
-0.476821
-0.478954
-0.481058
-0.483132
-0.485177
-0.487191
-0.489177
-0.491132
-0.493057
-0.494953
-0.496818
-0.498653
-0.500458
-0.502233
-0.503978
-0.505693
-0.507377
-0.509031
-0.510654
-0.512247
-0.513809
-0.515341
-0.516842
-0.518313
-0.519753
-0.521162
-0.52254
-0.523888
-0.525205
-0.526491
-0.527746
-0.528971
-0.530164
-0.531326
-0.532458
-0.533558
-0.534628
-0.535667
-0.536674
-0.537651
-0.538596
-0.539511
-0.540394
-0.541247
-0.542068
-0.542858
-0.543617
-0.544345
-0.545043
-0.545709
-0.546344
-0.546948
-0.547521
-0.548062
-0.548573
-0.549053
-0.549502
-0.549921
-0.550308
-0.550664
-0.550989
-0.551284
-0.551548
-0.551781
-0.551983
-0.552154
-0.552295
-0.552405
-0.552485
-0.552534
-0.552552
-0.55254
-0.552497
-0.552424
-0.552321
-0.552187
-0.552024
-0.55183
-0.551605
-0.551351
-0.551067
-0.550753
-0.550408
-0.550034
-0.549631
-0.549197
-0.548734
-0.548241
-0.547719
-0.547168
-0.546587
-0.545977
-0.545337
-0.544669
-0.543971
-0.543245
-0.542489
-0.541705
-0.540892
-0.540051
-0.539181
-0.538283
-0.537356
-0.536401
-0.535419
-0.534408
-0.533369
-0.532302
-0.531208
-0.530086
-0.528936
-0.527759
-0.526555
-0.525324
-0.524065
-0.52278
-0.521468
-0.520129
-0.518764
-0.517372
-0.515954
-0.514509
-0.513039
-0.511542
-0.51002
-0.508472
-0.506898
-0.505299
-0.503675
-0.502026
-0.500351
-0.498652
-0.496928
-0.495179
-0.493406
-0.491608
-0.489787
-0.487941
-0.486071
-0.484178
-0.482261
-0.480321
-0.478357
-0.476371
-0.474361
-0.472328
-0.470273
-0.468196
-0.466096
-0.463973
-0.461829
-0.459663
-0.457476
-0.455267
-0.453036
-0.450784
-0.448512
-0.446218
-0.443904
-0.441569
-0.439214
-0.436839
-0.434444
-0.432029
-0.429595
-0.427141
-0.424668
-0.422176
-0.419665
-0.417135
-0.414587
-0.41202
-0.409436
-0.406833
-0.404213
-0.401575
-0.398919
-0.396247
-0.393557
-0.390851
-0.388128
-0.385389
-0.382633
-0.379861
-0.377074
-0.374271
-0.371452
-0.368619
-0.36577
-0.362906
-0.360028
-0.357135
-0.354228
-0.351307
-0.348372
-0.345424
-0.342462
-0.339487
-0.336499
-0.333498
-0.330484
-0.327458
-0.32442
-0.32137
-0.318308
-0.315235
-0.31215
-0.309054
-0.305948
-0.30283
-0.299702
-0.296564
-0.293415
-0.290257
-0.287089
-0.283912
-0.280725
-0.27753
-0.274325
-0.271112
-0.267891
-0.264661
-0.261424
-0.258178
-0.254925
-0.251665
-0.248398
-0.245124
-0.241843
-0.238556
-0.235263
-0.231963
-0.228658
-0.225347
-0.222031
-0.218709
-0.215383
-0.212052
-0.208716
-0.205377
-0.202033
-0.198685
-0.195333
-0.191978
-0.18862
-0.185259
-0.181895
-0.178528
-0.17516
-0.171788
-0.168415
-0.165041
-0.161664
-0.158287
-0.154908
-0.151528
-0.148148
-0.144767
-0.141386
-0.138005
-0.134624
-0.131244
-0.127864
-0.124484
-0.121106
-0.117729
-0.114353
-0.110979
-0.107607
-0.104237
-0.100869
-0.0975035
-0.0941405
-0.0907804
-0.0874233
-0.0840695
-0.080719
-0.0773722
-0.0740292
-0.0706903
-0.0673555
-0.0640252
-0.0606995
-0.0573786
-0.0540626
-0.0507519
-0.0474466
-0.0441468
-0.0408528
-0.0375647
-0.0342828
-0.0310073
-0.0277382
-0.0244758
-0.0212204
-0.0179719
-0.0147308
-0.0114971
-0.00827098
-0.00505268
-0.00184235
0.00135983
0.00455367
0.00773902
0.0109157
0.0140835
0.0172423
0.0203919
0.0235321
0.0266628
0.0297838
0.0328949
0.035996
0.0390869
0.0421675
0.0452375
0.0482968
0.0513453
0.0543828
0.0574092
0.0604242
0.0634278
0.0664197
0.0693999
0.0723682
0.0753244
0.0782684
0.0812001
0.0841192
0.0870257
0.0899194
0.0928002
0.095668
0.0985225
0.101364
0.104191
0.107006
0.109806
0.112592
0.115365
0.118123
0.120868
0.123597
0.126313
0.129013
0.131699
0.13437
0.137027
0.139668
0.142294
0.144904
0.147499
0.150079
0.152643
0.155192
0.157724
0.160241
0.162741
0.165226
0.167694
0.170146
0.172581
0.175
0.177403
0.179788
0.182157
0.184509
0.186845
0.189163
0.191464
0.193748
0.196015
0.198264
0.200496
0.20271
0.204908
0.207087
0.209249
0.211393
0.213519
0.215628
0.217718
0.219791
0.221845
0.223882
0.225901
0.227901
0.229883
0.231847
0.233793
0.23572
0.237629
0.239519
0.241392
0.243245
0.24508
0.246897
0.248695
0.250475
0.252235
0.253978
0.255701
0.257406
0.259093
0.26076
0.262409
0.264039
0.265651
0.267243
0.268817
0.270373
0.271909
0.273427
0.274926
0.276406
0.277868
0.279311
0.280735
0.28214
0.283527
0.284895
0.286244
0.287575
0.288887
0.290181
0.291456
0.292713
0.293951
0.29517
0.296371
0.297554
0.298718
0.299864
0.300992
0.302101
0.303192
0.304265
0.30532
0.306357
0.307376
0.308377
0.30936
0.310325
0.311272
0.312202
0.313114
0.314008
0.314885
0.315744
0.316586
0.317411
0.318218
0.319008
0.319781
0.320537
0.321276
0.321998
0.322703
0.323391
0.324063
0.324719
0.325357
0.32598
0.326586
0.327176
0.32775
0.328308
0.32885
0.329377
0.329887
0.330382
0.330862
0.331326
0.331775
0.332209
0.332628
0.333032
0.333421
0.333795
0.334155
0.3345
0.334831
0.335148
0.335451
0.335739
0.336014
0.336275
0.336523
0.336757
0.336978
0.337185
0.33738
0.337562
0.33773
0.337887
0.33803
0.338162
0.338281
0.338388
0.338483
0.338566
0.338638
0.338698
0.338747
0.338785
0.338812
0.338827
0.338833
0.338827
0.338811
0.338785
0.338749
0.338703
0.338647
0.338581
0.338506
0.338422
0.338329
0.338226
0.338115
0.337996
0.337868
0.337731
0.337587
0.337434
0.337274
0.337106
0.336931
0.336749
0.336559
0.336363
0.33616
0.335951
0.335735
0.335513
0.335285
0.335051
0.334812
0.334567
0.334317
0.334062
0.333802
0.333537
0.333268
0.332994
0.332717
0.332435
0.33215
0.331861
0.331569
0.331274
0.330975
0.330674
0.33037
0.330064
0.329756
0.329445
0.329133
0.328819
0.328503
0.328187
0.327869
0.32755
0.327231
0.326911
0.326591
0.326271
0.325951
0.325632
0.325312
0.324994
0.324676
0.32436
0.324044
0.323731
0.323419
0.323108
0.3228
0.322494
0.322191
0.32189
0.321592
0.321297
0.321006
0.320717
0.320433
0.320152
0.319875
0.319603
0.319335
0.319071
0.318812
0.318559
0.31831
0.318067
0.317829
0.317598
0.317372
0.317152
0.316939
0.316732
0.316532
0.316339
0.316153
0.315974
0.315802
0.315639
0.315483
0.315335
0.315195
0.315064
0.314942
0.314828
0.314723
0.314627
0.314541
0.314464
0.314397
0.31434
0.314292
0.314255
0.314229
0.314213
0.314207
0.314213
0.314229
0.314257
0.314297
0.314348
0.314411
0.314485
0.314572
0.314671
0.314783
0.314907
0.315044
0.315194
0.315357
0.315533
0.315723
0.315926
0.316144
0.316374
0.316619
0.316879
0.317152
0.31744
0.317743
0.318061
0.318393
0.318741
0.319103
0.319482
0.319875
0.320285
0.32071
0.321151
0.321608
0.322082
0.322572
0.323078
0.323601
0.32414
0.324697
0.32527
0.325861
0.326469
0.327094
0.327737
0.328397
0.329075
0.329771
0.330485
0.331217
0.331967
0.332735
0.333522
0.334327
0.33515
0.335993
0.336854
0.337734
0.338633
0.339551
0.340489
0.341445
0.342421
0.343417
0.344432
0.345466
0.34652
0.347594
0.348688
0.349802
0.350935
0.352089
0.353263
0.354457
0.355672
0.356907
0.358162
0.359437
0.360734
0.36205
0.363388
0.364746
0.366125
0.367524
0.368945
0.370386
0.371848
0.373331
0.374836
0.376361
0.377907
0.379474
0.381063
0.382673
0.384304
0.385956
0.387629
0.389324
0.391039
0.392777
0.394535
0.396315
0.398116
0.399938
0.401782
0.403647
0.405534
0.407441
0.40937
0.411321
0.413293
0.415286
0.4173
0.419336
0.421393
0.423471
0.42557
0.427691
0.429832
0.431995
0.434179
0.436384
0.438611
0.440858
0.443126
0.445415
0.447725
0.450056
0.452407
0.45478
0.457173
0.459586
0.46202
0.464475
0.46695
0.469446
0.471962
0.474498
0.477055
0.479631
0.482228
0.484844
0.487481
0.490137
0.492813
0.495509
0.498224
0.500959
0.503713
0.506486
0.509279
0.51209
0.514921
0.51777
0.520638
0.523525
0.526431
0.529355
0.532297
0.535257
0.538236
0.541232
0.544247
0.547279
0.550328
0.553396
0.55648
0.559582
0.5627
0.565836
0.568989
0.572158
0.575343
0.578545
0.581764
0.584998
0.588248
0.591514
0.594796
0.598093
0.601405
0.604732
0.608075
0.611432
0.614804
0.61819
0.62159
0.625005
0.628434
0.631876
0.635332
0.638801
0.642283
0.645779
0.649287
0.652808
0.656342
0.659887
0.663445
0.667015
0.670596
0.674189
0.677793
0.681408
0.685034
0.68867
0.692317
0.695974
0.699642
0.703319
0.707005
0.710701
0.714406
0.71812
0.721843
0.725574
0.729314
0.733062
0.736817
0.74058
0.74435
0.748127
0.751911
0.755702
0.759499
0.763303
0.767112
0.770927
0.774747
0.778573
0.782403
0.786238
0.790078
0.793921
0.797769
0.80162
0.805475
0.809333
0.813194
0.817057
0.820923
0.824791
0.828661
0.832532
0.836405
0.840279
0.844153
0.848028
0.851904
0.855779
0.859654
0.863529
0.867402
0.871275
0.875146
0.879016
0.882883
0.886749
0.890612
0.894472
0.898329
0.902183
0.906033
0.909879
0.913721
0.917559
0.921392
0.925219
0.929042
0.932859
0.93667
0.940475
0.944273
0.948064
0.951849
0.955626
0.959395
0.963157
0.96691
0.970655
0.974391
0.978118
0.981835
0.985543
0.989241
0.992928
0.996605
1.00027
1.00393
1.00757
1.0112
1.01482
1.01843
1.02202
1.0256
1.02917
1.03273
1.03627
1.03979
1.04331
1.0468
1.05029
1.05375
1.0572
1.06064
1.06406
1.06746
1.07085
1.07422
1.07757
1.0809
1.08421
1.08751
1.09079
1.09405
1.09729
1.10051
1.10371
1.10689
1.11005
1.11319
1.11631
1.11941
1.12248
1.12554
1.12857
1.13158
1.13457
1.13753
1.14047
1.14339
1.14628
1.14915
1.15199
1.15481
1.15761
1.16037
1.16312
1.16584
1.16853
1.17119
1.17383
1.17644
1.17902
1.18158
1.18411
1.18661
1.18908
1.19152
1.19394
1.19632
1.19868
1.201
1.2033
1.20556
1.2078
1.21
1.21218
1.21432
1.21643
1.21851
1.22055
1.22256
1.22455
1.22649
1.22841
1.23029
1.23214
1.23395
1.23573
1.23748
1.23919
1.24086
1.2425
1.24411
1.24568
1.24721
1.24871
1.25017
1.25159
1.25298
1.25433
1.25565
1.25692
1.25816
1.25936
1.26053
1.26165
1.26274
1.26378
1.26479
1.26576
1.26669
1.26758
1.26843
1.26924
1.27001
1.27074
1.27143
1.27208
1.27269
1.27325
1.27378
1.27426
1.2747
1.2751
1.27546
1.27577
1.27605
1.27628
1.27646
1.27661
1.27671
1.27677
1.27678
1.27675
1.27668
1.27656
1.2764
1.2762
1.27595
1.27566
1.27532
1.27493
1.27451
1.27403
1.27351
1.27295
1.27234
1.27169
1.27099
1.27024
1.26945
1.26861
1.26772
1.26679
1.26581
1.26479
1.26372
1.2626
1.26144
1.26023
1.25897
1.25766
1.25631
1.25491
1.25347
1.25197
1.25043
1.24884
1.2472
1.24552
1.24379
1.242
1.24018
1.2383
1.23638
1.2344
1.23238
1.23031
1.2282
1.22603
1.22382
1.22156
1.21925
1.21689
1.21448
1.21202
1.20952
1.20697
1.20437
1.20172
1.19902
1.19627
1.19347
1.19063
1.18774
1.1848
1.18181
1.17877
1.17568
1.17255
1.16936
1.16613
1.16285
1.15952
1.15614
1.15272
1.14924
1.14572
1.14215
1.13853
1.13486
1.13115
1.12738
1.12357
1.11971
1.1158
1.11185
1.10785
1.1038
1.0997
1.09555
1.09136
1.08712
1.08283
1.07849
1.07411
1.06968
1.06521
1.06068
1.05611
1.0515
1.04683
1.04212
1.03737
1.03256
1.02772
1.02282
1.01788
1.0129
1.00786
1.00279
0.997666
0.992499
0.987286
0.982029
0.976727
0.97138
0.965989
0.960554
0.955074
0.949551
0.943983
0.938372
0.932718
0.92702
0.921279
0.915495
0.909669
0.903799
0.897888
0.891934
0.885938
0.8799
0.87382
0.867699
0.861537
0.855334
0.84909
0.842805
0.83648
0.830114
0.823709
0.817264
0.810779
0.804255
0.797692
0.791089
0.784449
0.777769
0.771052
0.764296
0.757503
0.750673
0.743805
0.7369
0.729959
0.722981
0.715966
0.708916
0.70183
0.694709
0.687552
0.680361
0.673135
0.665874
0.65858
0.651251
0.64389
0.636494
0.629066
0.621605
0.614112
0.606586
0.599029
0.59144
0.58382
0.576169
0.568487
0.560775
0.553033
0.545261
0.53746
0.529629
0.52177
0.513882
0.505966
0.498022
0.49005
0.482052
0.474026
0.465974
0.457895
0.44979
0.44166
0.433505
0.425324
0.417119
0.40889
0.400636
0.39236
0.384059
0.375736
0.36739
0.359022
0.350632
0.342221
0.333788
0.325334
0.31686
0.308366
0.299852
0.291319
0.282766
0.274195
0.265605
0.256997
0.248372
0.239729
0.23107
0.222394
0.213702
0.204994
0.19627
0.187532
0.178778
0.170011
0.161229
0.152434
0.143626
0.134805
0.125971
0.117125
0.108268
0.0993993
0.0905197
0.0816295
0.0727293
0.0638192
0.0548997
0.0459713
0.0370342
0.0280889
0.0191357
0.0101751
0.00120741
-0.00776696
-0.0167476
-0.0257342
-0.0347262
-0.0437234
-0.0527253
-0.0617316
-0.0707418
-0.0797555
-0.0887724
-0.097792
-0.106814
-0.115838
-0.124864
-0.13389
-0.142918
-0.151946
-0.160974
-0.170001
-0.179028
-0.188053
-0.197077
-0.206099
-0.215119
-0.224136
-0.233149
-0.242159
-0.251165
-0.260167
-0.269164
-0.278156
-0.287142
-0.296123
-0.305097
-0.314064
-0.323024
-0.331977
-0.340921
-0.349858
-0.358785
-0.367704
-0.376613
-0.385512
-0.394401
-0.403279
-0.412147
-0.421002
-0.429846
-0.438678
-0.447497
-0.456303
-0.465096
-0.473875
-0.48264
-0.49139
-0.500125
-0.508845
-0.517549
-0.526238
-0.534909
-0.543564
-0.552202
-0.560822
-0.569424
-0.578008
-0.586573
-0.595119
-0.603646
-0.612152
-0.620639
-0.629105
-0.637549
-0.645973
-0.654375
-0.662755
-0.671112
-0.679447
-0.687758
-0.696046
-0.70431
-0.71255
-0.720765
-0.728956
-0.737121
-0.74526
-0.753374
-0.761461
-0.769521
-0.777554
-0.78556
-0.793539
-0.801489
-0.809411
-0.817304
-0.825167
-0.833002
-0.840807
-0.848581
-0.856326
-0.864039
-0.871721
-0.879372
-0.886992
-0.894579
-0.902134
-0.909656
-0.917145
-0.924601
-0.932023
-0.939412
-0.946766
-0.954085
-0.96137
-0.968619
-0.975833
-0.983012
-0.990154
-0.99726
-1.00433
-1.01136
-1.01836
-1.02531
-1.03223
-1.03911
-1.04596
-1.05276
-1.05953
-1.06626
-1.07294
-1.07959
-1.0862
-1.09276
-1.09929
-1.10578
-1.11222
-1.11863
-1.12499
-1.13131
-1.13759
-1.14382
-1.15001
-1.15617
-1.16227
-1.16834
-1.17436
-1.18034
-1.18627
-1.19216
-1.198
-1.2038
-1.20956
-1.21527
-1.22093
-1.22655
-1.23213
-1.23766
-1.24314
-1.24857
-1.25396
-1.2593
-1.2646
-1.26985
-1.27505
-1.28021
-1.28531
-1.29037
-1.29538
-1.30034
-1.30526
-1.31012
-1.31494
-1.31971
-1.32443
-1.3291
-1.33372
-1.33829
-1.34282
-1.34729
-1.35171
-1.35608
-1.36041
-1.36468
-1.3689
-1.37307
-1.37719
-1.38127
-1.38528
-1.38925
-1.39317
-1.39704
-1.40085
-1.40462
-1.40833
-1.41199
-1.4156
-1.41915
-1.42266
-1.42611
-1.42951
-1.43286
-1.43616
-1.4394
-1.44259
-1.44573
-1.44882
-1.45185
-1.45484
-1.45777
-1.46064
-1.46347
-1.46624
-1.46895
-1.47162
-1.47423
-1.47679
-1.4793
-1.48175
-1.48415
-1.4865
-1.48879
-1.49103
-1.49322
-1.49535
-1.49743
-1.49946
-1.50143
-1.50335
-1.50522
-1.50704
-1.5088
-1.51051
-1.51216
-1.51377
-1.51531
-1.51681
-1.51825
-1.51964
-1.52098
-1.52226
-1.52349
-1.52467
-1.5258
-1.52687
-1.52789
-1.52885
-1.52977
-1.53063
-1.53144
-1.5322
-1.5329
-1.53355
-1.53415
-1.5347
-1.53519
-1.53563
-1.53603
-1.53636
-1.53665
-1.53689
-1.53707
-1.5372
-1.53728
-1.53731
-1.53729
-1.53722
-1.5371
-1.53692
-1.5367
-1.53642
-1.53609
-1.53572
-1.53529
-1.53481
-1.53429
-1.53371
-1.53308
-1.53241
-1.53168
-1.5309
-1.53008
-1.52921
-1.52828
-1.52731
-1.52629
-1.52523
-1.52411
-1.52294
-1.52173
-1.52047
-1.51917
-1.51781
-1.51641
-1.51496
-1.51346
-1.51192
-1.51033
-1.5087
-1.50702
-1.50529
-1.50351
-1.5017
-1.49983
-1.49792
-1.49597
-1.49397
-1.49193
-1.48984
-1.48771
-1.48554
-1.48332
-1.48105
-1.47875
-1.4764
-1.47401
-1.47158
-1.4691
-1.46658
-1.46402
-1.46142
-1.45878
-1.4561
-1.45337
-1.45061
-1.4478
-1.44496
-1.44207
-1.43915
-1.43618
-1.43318
-1.43014
-1.42706
-1.42394
-1.42078
-1.41758
-1.41435
-1.41108
-1.40778
-1.40443
-1.40105
-1.39764
-1.39418
-1.3907
-1.38717
-1.38362
-1.38002
-1.3764
-1.37274
-1.36904
-1.36531
-1.36155
-1.35775
-1.35393
-1.35007
-1.34617
-1.34225
-1.33829
-1.3343
-1.33029
-1.32624
-1.32216
-1.31805
-1.31391
-1.30974
-1.30554
-1.30132
-1.29706
-1.29278
-1.28847
-1.28413
-1.27976
-1.27537
-1.27095
-1.2665
-1.26203
-1.25753
-1.25301
-1.24846
-1.24388
-1.23929
-1.23466
-1.23002
-1.22535
-1.22066
-1.21594
-1.2112
-1.20644
-1.20166
-1.19686
-1.19203
-1.18719
-1.18232
-1.17744
-1.17253
-1.16761
-1.16266
-1.1577
-1.15271
-1.14771
-1.1427
-1.13766
-1.13261
-1.12754
-1.12245
-1.11735
-1.11223
-1.10709
-1.10194
-1.09678
-1.0916
-1.08641
-1.0812
-1.07598
-1.07074
-1.0655
-1.06024
-1.05497
-1.04968
-1.04439
-1.03908
-1.03376
-1.02844
-1.0231
-1.01775
-1.01239
-1.00702
-1.00165
-0.996264
-0.990872
-0.985471
-0.980063
-0.974648
-0.969226
-0.963797
-0.958362
-0.952921
-0.947475
-0.942023
-0.936566
-0.931105
-0.925639
-0.92017
-0.914696
-0.90922
-0.903741
-0.898258
-0.892774
-0.887288
-0.881799
-0.87631
-0.870819
-0.865328
-0.859837
-0.854345
-0.848853
-0.843362
-0.837872
-0.832383
-0.826896
-0.82141
-0.815927
-0.810446
-0.804968
-0.799492
-0.79402
-0.788552
-0.783088
-0.777628
-0.772173
-0.766722
-0.761277
-0.755837
-0.750403
-0.744975
-0.739553
-0.734139
-0.728731
-0.72333
-0.717937
-0.712552
-0.707175
-0.701806
-0.696446
-0.691095
-0.685754
-0.680422
-0.675099
-0.669787
-0.664486
-0.659195
-0.653915
-0.648646
-0.643389
-0.638143
-0.63291
-0.627689
-0.62248
-0.617285
-0.612102
-0.606933
-0.601778
-0.596636
-0.591509
-0.586396
-0.581297
-0.576214
-0.571146
-0.566093
-0.561056
-0.556035
-0.55103
-0.546041
-0.541069
-0.536114
-0.531176
-0.526256
-0.521353
-0.516467
-0.5116
-0.506751
-0.501921
-0.49711
-0.492317
-0.487543
-0.482789
-0.478055
-0.47334
-0.468646
-0.463971
-0.459317
-0.454684
-0.450072
-0.44548
-0.44091
-0.436362
-0.431835
-0.42733
-0.422847
-0.418386
-0.413948
-0.409532
-0.405139
-0.400769
-0.396423
-0.392099
-0.3878
-0.383524
-0.379271
-0.375043
-0.370839
-0.36666
-0.362505
-0.358374
-0.354269
-0.350188
-0.346133
-0.342103
-0.338099
-0.33412
-0.330167
-0.32624
-0.322339
-0.318464
-0.314616
-0.310794
-0.306998
-0.30323
-0.299488
-0.295773
-0.292086
-0.288425
-0.284792
-0.281187
-0.277609
-0.274059
-0.270536
-0.267042
-0.263576
-0.260137
-0.256727
-0.253346
-0.249993
-0.246668
-0.243372
-0.240105
-0.236866
-0.233657
-0.230476
-0.227325
-0.224203
-0.22111
-0.218046
-0.215012
-0.212007
-0.209031
-0.206086
-0.20317
-0.200283
-0.197427
-0.1946
-0.191803
-0.189036
-0.186299
-0.183592
-0.180915
-0.178269
-0.175652
-0.173066
-0.17051
-0.167984
-0.165488
-0.163023
-0.160589
-0.158184
-0.155811
-0.153467
-0.151154
-0.148872
-0.14662
-0.144398
-0.142207
-0.140047
-0.137917
-0.135818
-0.133749
-0.131711
-0.129704
-0.127727
-0.12578
-0.123864
-0.121979
-0.120124
-0.1183
-0.116506
-0.114742
-0.113009
-0.111307
-0.109635
-0.107993
-0.106381
-0.1048
-0.103249
-0.101729
-0.100238
-0.0987779
-0.0973478
-0.0959478
-0.0945777
-0.0932377
-0.0919276
-0.0906474
-0.0893971
-0.0881765
-0.0869857
-0.0858245
-0.0846929
-0.0835909
-0.0825183
-0.0814752
-0.0804614
-0.0794769
-0.0785216
-0.0775954
-0.0766982
-0.0758301
-0.0749908
-0.0741804
-0.0733987
-0.0726456
-0.0719211
-0.0712251
-0.0705574
-0.0699181
-0.0693069
-0.0687239
-0.0681689
-0.0676417
-0.0671424
-0.0666708
-0.0662268
-0.0658103
-0.0654211
-0.0650593
-0.0647246
-0.064417
-0.0641363
-0.0638825
-0.0636554
-0.0634549
-0.0632809
-0.0631332
-0.0630118
-0.0629164
-0.0628471
-0.0628036
-0.0627859
-0.0627937
-0.0628271
-0.0628858
-0.0629696
-0.0630786
-0.0632125
-0.0633711
-0.0635545
-0.0637623
-0.0639946
-0.064251
-0.0645316
-0.0648361
-0.0651643
-0.0655163
-0.0658917
-0.0662905
-0.0667124
-0.0671574
-0.0676253
-0.068116
-0.0686292
-0.0691648
-0.0697227
-0.0703026
-0.0709046
-0.0715282
-0.0721736
-0.0728403
-0.0735284
-0.0742375
-0.0749676
-0.0757185
-0.07649
-0.077282
-0.0780942
-0.0789266
-0.0797789
-0.0806509
-0.0815425
-0.0824535
-0.0833838
-0.0843331
-0.0853013
-0.0862882
-0.0872936
-0.0883174
-0.0893593
-0.0904192
-0.091497
-0.0925923
-0.0937051
-0.0948351
-0.0959822
-0.0971461
-0.0983268
-0.099524
-0.100737
-0.101967
-0.103213
-0.104474
-0.105751
-0.107043
-0.108351
-0.109673
-0.11101
-0.112362
-0.113729
-0.115109
-0.116504
-0.117912
-0.119335
-0.12077
-0.122219
-0.123681
-0.125156
-0.126643
-0.128144
-0.129656
-0.13118
-0.132717
-0.134265
-0.135824
-0.137395
-0.138977
-0.14057
-0.142174
-0.143788
-0.145413
-0.147048
-0.148692
-0.150347
-0.152011
-0.153684
-0.155367
-0.157058
-0.158758
-0.160467
-0.162185
-0.16391
-0.165643
-0.167385
-0.169133
-0.17089
-0.172653
-0.174423
-0.176201
-0.177985
-0.179775
-0.181571
-0.183374
-0.185182
-0.186997
-0.188816
-0.190641
-0.192471
-0.194305
-0.196145
-0.197989
-0.199837
-0.20169
-0.203546
-0.205406
-0.207269
-0.209136
-0.211007
-0.21288
-0.214756
-0.216634
-0.218515
-0.220398
-0.222283
-0.224171
-0.226059
-0.22795
-0.229841
-0.231734
-0.233628
-0.235522
-0.237417
-0.239313
-0.241208
-0.243104
-0.245
-0.246895
-0.24879
-0.250684
-0.252578
-0.25447
-0.256361
-0.258251
-0.26014
-0.262026
-0.263911
-0.265794
-0.267674
-0.269553
-0.271428
-0.273301
-0.275171
-0.277039
-0.278903
-0.280763
-0.28262
-0.284474
-0.286323
-0.288169
-0.29001
-0.291847
-0.29368
-0.295508
-0.297332
-0.29915
-0.300963
-0.302771
-0.304574
-0.306371
-0.308163
-0.309949
-0.311729
-0.313502
-0.31527
-0.317031
-0.318785
-0.320533
-0.322274
-0.324009
-0.325736
-0.327455
-0.329168
-0.330873
-0.33257
-0.33426
-0.335942
-0.337616
-0.339281
-0.340939
-0.342588
-0.344228
-0.34586
-0.347484
-0.349098
-0.350703
-0.3523
-0.353887
-0.355464
-0.357033
-0.358591
-0.36014
-0.36168
-0.363209
-0.364728
-0.366238
-0.367737
-0.369225
-0.370704
-0.372172
-0.373629
-0.375076
-0.376511
-0.377936
-0.37935
-0.380753
-0.382144
-0.383525
-0.384894
-0.386251
-0.387597
-0.388932
-0.390254
-0.391565
-0.392864
-0.394151
-0.395426
-0.396689
-0.39794
-0.399179
-0.400405
-0.401619
-0.40282
-0.404009
-0.405185
-0.406349
-0.4075
-0.408638
-0.409763
-0.410875
-0.411975
-0.413061
-0.414134
-0.415194
-0.416241
-0.417275
-0.418295
-0.419302
-0.420296
-0.421276
-0.422243
-0.423196
-0.424135
-0.425061
-0.425973
-0.426872
-0.427757
-0.428628
-0.429485
-0.430328
-0.431158
-0.431973
-0.432775
-0.433563
-0.434336
-0.435096
-0.435842
-0.436573
-0.437291
-0.437994
-0.438684
-0.439359
-0.44002
-0.440666
-0.441299
-0.441917
-0.442522
-0.443112
-0.443687
-0.444249
-0.444796
-0.445329
-0.445848
-0.446352
-0.446843
-0.447319
-0.44778
-0.448228
-0.448661
-0.44908
-0.449485
-0.449875
-0.450252
-0.450614
-0.450962
-0.451296
-0.451615
-0.451921
-0.452212
-0.452489
-0.452752
-0.453001
-0.453236
-0.453457
-0.453663
-0.453856
-0.454035
-0.4542
-0.454351
-0.454488
-0.454611
-0.454721
-0.454816
-0.454898
-0.454966
-0.455021
-0.455061
-0.455088
-0.455102
-0.455102
-0.455088
-0.455061
-0.455021
-0.454967
-0.4549
-0.45482
-0.454726
-0.454619
-0.454499
-0.454366
-0.45422
-0.454061
-0.453889
-0.453704
-0.453506
-0.453295
-0.453072
-0.452836
-0.452587
-0.452326
-0.452052
-0.451766
-0.451468
-0.451157
-0.450834
-0.450498
-0.450151
-0.449791
-0.44942
-0.449036
-0.448641
-0.448234
-0.447815
-0.447385
-0.446943
-0.446489
-0.446024
-0.445548
-0.44506
-0.444561
-0.444051
-0.44353
-0.442998
-0.442454
-0.4419
-0.441336
-0.44076
-0.440174
-0.439578
-0.43897
-0.438353
-0.437725
-0.437087
-0.436439
-0.435781
-0.435113
-0.434435
-0.433747
-0.433049
-0.432342
-0.431625
-0.430899
-0.430163
-0.429419
-0.428664
-0.427901
-0.427129
-0.426348
-0.425558
-0.424759
-0.423951
-0.423135
-0.422311
-0.421478
-0.420636
-0.419787
-0.418929
-0.418063
-0.41719
-0.416308
-0.415419
-0.414522
-0.413617
-0.412705
-0.411786
-0.410859
-0.409925
-0.408984
-0.408036
-0.407081
-0.406119
-0.40515
-0.404175
-0.403193
-0.402205
-0.40121
-0.400209
-0.399202
-0.398189
-0.39717
-0.396145
-0.395114
-0.394078
-0.393035
-0.391988
-0.390935
-0.389876
-0.388813
-0.387744
-0.38667
-0.385592
-0.384508
-0.38342
-0.382327
-0.381229
-0.380127
-0.379021
-0.37791
-0.376795
-0.375677
-0.374554
-0.373427
-0.372296
-0.371162
-0.370024
-0.368882
-0.367737
-0.366589
-0.365438
-0.364283
-0.363125
-0.361965
-0.360801
-0.359634
-0.358465
-0.357294
-0.356119
-0.354943
-0.353764
-0.352582
-0.351399
-0.350213
-0.349026
-0.347836
-0.346645
-0.345452
-0.344257
-0.343061
-0.341863
-0.340664
-0.339464
-0.338262
-0.337059
-0.335856
-0.334651
-0.333445
-0.332239
-0.331032
-0.329824
-0.328615
-0.327407
-0.326197
-0.324988
-0.323778
-0.322568
-0.321358
-0.320148
-0.318938
-0.317728
-0.316518
-0.315309
-0.3141
-0.312891
-0.311683
-0.310476
-0.309269
-0.308063
-0.306857
-0.305653
-0.304449
-0.303247
-0.302046
-0.300845
-0.299646
-0.298449
-0.297252
-0.296057
-0.294864
-0.293672
-0.292481
-0.291293
-0.290105
-0.28892
-0.287737
-0.286555
-0.285376
-0.284198
-0.283023
-0.28185
-0.280679
-0.27951
-0.278343
-0.277179
-0.276017
-0.274858
-0.273701
-0.272547
-0.271395
-0.270246
-0.2691
-0.267957
-0.266816
-0.265678
-0.264543
-0.263411
-0.262282
-0.261156
-0.260033
-0.258914
-0.257797
-0.256684
-0.255573
-0.254466
-0.253363
-0.252263
-0.251166
-0.250072
-0.248982
-0.247896
-0.246813
-0.245733
-0.244658
-0.243585
-0.242517
-0.241452
-0.240391
-0.239333
-0.23828
-0.23723
-0.236183
-0.235141
-0.234103
-0.233068
-0.232038
-0.231011
-0.229988
-0.228969
-0.227954
-0.226944
-0.225937
-0.224934
-0.223935
-0.22294
-0.22195
-0.220963
-0.219981
-0.219003
-0.218028
-0.217058
-0.216092
-0.21513
-0.214173
-0.213219
-0.21227
-0.211325
-0.210384
-0.209447
-0.208514
-0.207586
-0.206662
-0.205742
-0.204826
-0.203914
-0.203006
-0.202103
-0.201204
-0.200309
-0.199418
-0.198531
-0.197649
-0.19677
-0.195896
-0.195026
-0.19416
-0.193298
-0.19244
-0.191586
-0.190736
-0.18989
-0.189049
-0.188211
-0.187377
-0.186548
-0.185722
-0.1849
-0.184083
-0.183269
-0.182459
-0.181653
-0.18085
-0.180052
-0.179257
-0.178467
-0.17768
-0.176896
-0.176117
-0.175341
-0.174568
-0.1738
-0.173035
-0.172273
-0.171515
-0.170761
-0.17001
-0.169263
-0.168518
-0.167778
-0.167041
-0.166307
-0.165576
-0.164848
-0.164124
-0.163403
-0.162685
-0.16197
-0.161259
-0.16055
-0.159844
-0.159142
-0.158442
-0.157745
-0.157051
-0.15636
-0.155671
-0.154985
-0.154302
-0.153621
-0.152943
-0.152268
-0.151595
-0.150925
-0.150257
-0.149591
-0.148927
-0.148266
-0.147607
-0.14695
-0.146296
-0.145643
-0.144993
-0.144344
-0.143697
-0.143053
-0.14241
-0.141768
-0.141129
-0.140491
-0.139855
-0.13922
-0.138587
-0.137955
-0.137325
-0.136696
-0.136069
-0.135442
-0.134817
-0.134193
-0.13357
-0.132948
-0.132327
-0.131707
-0.131088
-0.13047
-0.129852
-0.129236
-0.128619
-0.128004
-0.127389
-0.126774
-0.12616
-0.125546
-0.124932
-0.124319
-0.123706
-0.123093
-0.12248
-0.121867
-0.121254
-0.120641
-0.120027
-0.119414
-0.1188
-0.118186
-0.117571
-0.116956
-0.116341
-0.115725
-0.115108
-0.114491
-0.113873
-0.113254
-0.112634
-0.112013
-0.111391
-0.110768
-0.110145
-0.10952
-0.108893
-0.108266
-0.107637
-0.107007
-0.106375
-0.105742
-0.105107
-0.10447
-0.103832
-0.103192
-0.102551
-0.101907
-0.101262
-0.100614
-0.099965
-0.0993136
-0.0986599
-0.0980041
-0.097346
-0.0966856
-0.0960229
-0.0953577
-0.0946901
-0.0940199
-0.0933472
-0.0926718
-0.0919937
-0.0913129
-0.0906293
-0.0899428
-0.0892534
-0.0885611
-0.0878658
-0.0871674
-0.0864658
-0.0857612
-0.0850533
-0.0843421
-0.0836276
-0.0829098
-0.0821885
-0.0814638
-0.0807356
-0.0800038
-0.0792683
-0.0785293
-0.0777865
-0.07704
-0.0762896
-0.0755354
-0.0747774
-0.0740154
-0.0732494
-0.0724794
-0.0717053
-0.0709271
-0.0701447
-0.0693581
-0.0685673
-0.0677723
-0.0669729
-0.0661691
-0.0653609
-0.0645483
-0.0637312
-0.0629096
-0.0620834
-0.0612526
-0.0604172
-0.0595771
-0.0587324
-0.0578828
-0.0570285
-0.0561694
-0.0553055
-0.0544366
-0.0535629
-0.0526842
-0.0518005
-0.0509119
-0.0500182
-0.0491195
-0.0482156
-0.0473067
-0.0463926
-0.0454733
-0.0445488
-0.0436191
-0.0426841
-0.0417439
-0.0407984
-0.0398475
-0.0388913
-0.0379298
-0.0369628
-0.0359905
-0.0350127
-0.0340295
-0.0330408
-0.0320466
-0.0310469
-0.0300417
-0.029031
-0.0280147
-0.0269929
-0.0259655
-0.0249325
-0.0238939
-0.0228497
-0.0217999
-0.0207444
-0.0196833
-0.0186166
-0.0175442
-0.0164661
-0.0153823
-0.0142929
-0.0131978
-0.012097
-0.0109905
-0.00987835
-0.00876047
-0.00763691
-0.00650764
-0.00537268
-0.00423202
-0.00308566
-0.00193362
-0.000775887
0.00038753
0.00155663
0.0027314
0.00391184
0.00509794
0.00628969
0.00748709
0.00869013
0.00989879
0.0111131
0.0123329
0.0135584
0.0147895
0.0160261
0.0172682
0.0185159
0.0197691
0.0210278
0.022292
0.0235617
0.0248368
0.0261173
0.0274033
0.0286946
0.0299913
0.0312933
0.0326006
0.0339132
0.0352311
0.0365542
0.0378826
0.0392161
0.0405548
0.0418986
0.0432475
0.0446014
0.0459604
0.0473244
0.0486934
0.0500673
0.0514461
0.0528298
0.0542183
0.0556116
0.0570096
0.0584124
0.0598199
0.061232
0.0626486
0.0640699
0.0654957
0.0669259
0.0683606
0.0697997
0.0712431
0.0726908
0.0741428
0.0755989
0.0770593
0.0785237
0.0799922
0.0814647
0.0829412
0.0844216
0.0859058
0.0873939
0.0888857
0.0903812
0.0918804
0.0933832
0.0948895
0.0963992
0.0979124
0.099429
0.100949
0.102472
0.103998
0.105528
0.10706
0.108596
0.110134
0.111676
0.11322
0.114767
0.116316
0.117869
0.119424
0.120981
0.122541
0.124103
0.125667
0.127234
0.128803
0.130374
0.131947
0.133522
0.135098
0.136677
0.138257
0.139839
0.141423
0.143008
0.144594
0.146182
0.147772
0.149362
0.150954
0.152546
0.15414
0.155734
0.15733
0.158926
0.160523
0.16212
0.163718
0.165316
0.166915
0.168514
0.170113
0.171713
0.173312
0.174912
0.176511
0.17811
0.179709
0.181307
0.182905
0.184502
0.186099
0.187695
0.18929
0.190884
0.192478
0.19407
0.195661
0.197251
0.19884
0.200427
0.202012
0.203597
0.205179
0.20676
0.208339
0.209916
0.21149
0.213063
0.214634
0.216202
0.217768
0.219332
0.220893
0.222451
0.224007
0.225559
0.227109
0.228656
0.2302
0.23174
0.233278
0.234811
0.236342
0.237869
0.239392
0.240912
0.242427
0.243939
0.245447
0.246951
0.24845
0.249945
0.251436
0.252923
0.254405
0.255882
0.257354
0.258822
0.260285
0.261743
0.263195
0.264643
0.266085
0.267522
0.268953
0.270379
0.271799
0.273214
0.274622
0.276025
0.277422
0.278813
0.280197
0.281575
0.282947
0.284313
0.285672
0.287024
0.288369
0.289708
0.29104
0.292365
0.293683
0.294994
0.296297
0.297593
0.298882
0.300164
0.301437
0.302703
0.303962
0.305212
0.306455
0.307689
0.308916
0.310134
0.311344
0.312546
0.31374
0.314925
0.316101
0.317268
0.318427
0.319578
0.320719
0.321851
0.322974
0.324088
0.325193
0.326289
0.327375
0.328452
0.329519
0.330577
0.331625
0.332663
0.333691
0.33471
0.335718
0.336717
0.337705
0.338684
0.339652
0.340609
0.341557
0.342493
0.34342
0.344336
0.345241
0.346135
0.347019
0.347891
0.348753
0.349604
0.350443
0.351272
0.35209
0.352896
0.353691
0.354474
0.355246
0.356007
0.356756
0.357493
0.358219
0.358933
0.359636
0.360326
0.361005
0.361672
0.362326
0.362969
0.3636
0.364218
0.364824
0.365418
0.366
0.366569
0.367127
0.367671
0.368203
0.368723
0.36923
0.369724
0.370206
0.370675
0.371132
0.371575
0.372006
0.372424
0.372829
0.373221
0.373601
0.373967
0.37432
0.37466
0.374987
0.375301
0.375602
0.375889
0.376164
0.376425
0.376673
0.376907
0.377129
0.377337
0.377531
0.377712
0.37788
0.378034
0.378175
0.378302
0.378416
0.378517
0.378603
0.378677
0.378736
0.378782
0.378815
0.378834
0.378839
0.378831
0.378809
0.378774
0.378724
0.378661
0.378585
0.378495
0.378391
0.378273
0.378142
0.377997
0.377839
0.377666
0.37748
0.377281
0.377067
0.37684
0.3766
0.376346
0.376078
0.375796
0.375501
0.375192
0.37487
0.374534
0.374184
0.373821
0.373444
0.373054
0.37265
0.372232
0.371802
0.371357
0.370899
0.370428
0.369944
0.369446
0.368934
0.368409
0.367871
0.36732
0.366755
0.366178
0.365587
0.364982
0.364365
0.363735
0.363091
0.362434
0.361765
0.361082
0.360387
0.359678
0.358957
0.358223
0.357476
0.356716
0.355944
0.355159
0.354361
0.353551
0.352728
0.351893
0.351045
0.350185
0.349313
0.348428
0.347531
0.346622
0.345701
0.344767
0.343822
0.342865
0.341895
0.340914
0.339921
0.338917
0.3379
0.336872
0.335833
0.334781
0.333719
0.332645
0.33156
0.330463
0.329356
0.328237
0.327107
0.325966
0.324814
0.323652
0.322478
0.321294
0.320099
0.318894
0.317678
0.316452
0.315215
0.313968
0.312711
0.311444
0.310166
0.308879
0.307582
0.306275
0.304958
0.303632
0.302296
0.300951
0.299596
0.298232
0.296858
0.295476
0.294084
0.292684
0.291274
0.289856
0.288429
0.286993
0.285549
0.284096
0.282635
0.281166
0.279688
0.278202
0.276709
0.275207
0.273698
0.272181
0.270656
0.269124
0.267584
0.266037
0.264483
0.262921
0.261353
0.259777
0.258195
0.256605
0.25501
0.253407
0.251798
0.250183
0.248562
0.246934
0.2453
0.243661
0.242015
0.240364
0.238707
0.237044
0.235377
0.233703
0.232025
0.230341
0.228652
0.226959
0.22526
0.223557
0.221849
0.220137
0.21842
0.216699
0.214974
0.213245
0.211512
0.209775
0.208034
0.20629
0.204542
0.20279
0.201036
0.199278
0.197517
0.195753
0.193986
0.192216
0.190444
0.188669
0.186892
0.185112
0.183331
0.181547
0.179761
0.177973
0.176184
0.174392
0.1726
0.170805
0.16901
0.167213
0.165415
0.163616
0.161817
0.160016
0.158215
0.156413
0.154611
0.152809
0.151006
0.149203
0.1474
0.145598
0.143795
0.141993
0.140192
0.13839
0.13659
0.13479
0.132992
0.131194
0.129397
0.127602
0.125807
0.124015
0.122224
0.120434
0.118646
0.116861
0.115077
0.113295
0.111515
0.109738
0.107963
0.106191
0.104421
0.102654
0.10089
0.0991285
0.0973703
0.0956153
0.0938635
0.0921151
0.0903701
0.0886288
0.0868911
0.0851571
0.0834271
0.081701
0.0799791
0.0782613
0.0765478
0.0748387
0.0731341
0.0714341
0.0697387
0.0680482
0.0663625
0.0646819
0.0630063
0.0613359
0.0596708
0.0580111
0.0563568
0.0547082
0.0530651
0.0514279
0.0497965
0.048171
0.0465516
0.0449383
0.0433312
0.0417305
0.0401362
0.0385483
0.0369671
0.0353925
0.0338247
0.0322638
0.0307097
0.0291628
0.0276229
0.0260902
0.0245648
0.0230468
0.0215363
0.0200332
0.0185378
0.0170501
0.0155702
0.0140982
0.012634
0.011178
0.00972996
0.00829015
0.00685859
0.00543536
0.00402054
0.0026142
0.00121642
-0.000172727
-0.00155317
-0.00292484
-0.00428767
-0.00564157
-0.00698649
-0.00832235
-0.00964909
-0.0109666
-0.0122749
-0.0135739
-0.0148634
-0.0161435
-0.0174141
-0.0186751
-0.0199265
-0.0211682
-0.0224
-0.0236221
-0.0248343
-0.0260365
-0.0272287
-0.0284109
-0.029583
-0.0307448
-0.0318965
-0.0330379
-0.034169
-0.0352896
-0.0363999
-0.0374997
-0.0385889
-0.0396676
-0.0407356
-0.0417929
-0.0428396
-0.0438755
-0.0449006
-0.0459148
-0.0469181
-0.0479105
-0.048892
-0.0498624
-0.0508218
-0.0517701
-0.0527072
-0.0536332
-0.054548
-0.0554516
-0.0563439
-0.0572249
-0.0580946
-0.0589529
-0.0597999
-0.0606354
-0.0614595
-0.0622721
-0.0630733
-0.0638629
-0.0646409
-0.0654074
-0.0661623
-0.0669056
-0.0676373
-0.0683573
-0.0690656
-0.0697623
-0.0704472
-0.0711205
-0.071782
-0.0724317
-0.0730697
-0.0736959
-0.0743104
-0.074913
-0.0755038
-0.0760828
-0.07665
-0.0772054
-0.077749
-0.0782807
-0.0788005
-0.0793085
-0.0798047
-0.0802891
-0.0807615
-0.0812222
-0.081671
-0.0821079
-0.0825331
-0.0829464
-0.0833478
-0.0837375
-0.0841153
-0.0844813
-0.0848355
-0.085178
-0.0855086
-0.0858275
-0.0861347
-0.0864301
-0.0867138
-0.0869858
-0.0872461
-0.0874947
-0.0877317
-0.087957
-0.0881708
-0.0883729
-0.0885634
-0.0887424
-0.0889099
-0.0890659
-0.0892104
-0.0893434
-0.089465
-0.0895753
-0.0896741
-0.0897616
-0.0898378
-0.0899028
-0.0899564
-0.0899989
-0.0900302
-0.0900503
-0.0900594
-0.0900573
-0.0900443
-0.0900202
-0.0899852
-0.0899392
-0.0898824
-0.0898147
-0.0897363
-0.089647
-0.0895471
-0.0894365
-0.0893153
-0.0891835
-0.0890412
-0.0888884
-0.0887252
-0.0885516
-0.0883676
-0.0881734
-0.0879689
-0.0877543
-0.0875295
-0.0872946
-0.0870498
-0.0867949
-0.0865302
-0.0862556
-0.0859712
-0.085677
-0.0853732
-0.0850598
-0.0847367
-0.0844042
-0.0840623
-0.0837109
-0.0833503
-0.0829804
-0.0826013
-0.0822131
-0.0818158
-0.0814095
-0.0809943
-0.0805702
-0.0801374
-0.0796958
-0.0792455
-0.0787867
-0.0783193
-0.0778435
-0.0773593
-0.0768668
-0.0763661
-0.0758572
-0.0753402
-0.0748152
-0.0742822
-0.0737414
-0.0731928
-0.0726365
-0.0720725
-0.071501
-0.070922
-0.0703356
-0.0697418
-0.0691408
-0.0685327
-0.0679174
-0.0672951
-0.0666659
-0.0660299
-0.0653871
-0.0647375
-0.0640814
-0.0634188
-0.0627497
-0.0620743
-0.0613926
-0.0607047
-0.0600107
-0.0593107
-0.0586047
-0.0578929
-0.0571754
-0.0564521
-0.0557233
-0.054989
-0.0542493
-0.0535042
-0.0527539
-0.0519984
-0.0512379
-0.0504724
-0.049702
-0.0489269
-0.048147
-0.0473625
-0.0465734
-0.04578
-0.0449822
-0.0441801
-0.0433739
-0.0425635
-0.0417492
-0.0409311
-0.0401091
-0.0392834
-0.038454
-0.0376212
-0.0367849
-0.0359453
-0.0351024
-0.0342564
-0.0334073
-0.0325552
-0.0317003
-0.0308425
-0.0299821
-0.0291191
-0.0282535
-0.0273856
-0.0265153
-0.0256428
-0.0247681
-0.0238914
-0.0230128
-0.0221323
-0.02125
-0.0203661
-0.0194806
-0.0185936
-0.0177052
-0.0168155
-0.0159246
-0.0150326
-0.0141396
-0.0132456
-0.0123508
-0.0114553
-0.0105591
-0.00966232
-0.0087651
-0.0078675
-0.00696962
-0.00607155
-0.00517338
-0.0042752
-0.0033771
-0.00247918
-0.00158152
-0.00068422
0.000212638
0.00110896
0.00200466
0.00289964
0.00379381
0.00468709
0.00557938
0.0064706
0.00736066
0.00824947
0.00913695
0.010023
0.0109075
0.0117905
0.0126717
0.0135512
0.0144288
0.0153044
0.0161781
0.0170496
0.0179189
0.0187859
0.0196505
0.0205127
0.0213724
0.0222294
0.0230837
0.0239352
0.0247839
0.0256296
0.0264723
0.0273119
0.0281482
0.0289813
0.029811
0.0306374
0.0314601
0.0322793
0.0330949
0.0339067
0.0347146
0.0355187
0.0363188
0.0371148
0.0379068
0.0386945
0.0394779
0.040257
0.0410317
0.0418019
0.0425675
0.0433285
0.0440848
0.0448363
0.045583
0.0463248
0.0470615
0.0477933
0.0485199
0.0492413
0.0499575
0.0506683
0.0513738
0.0520738
0.0527684
0.0534573
0.0541406
0.0548183
0.0554901
0.0561562
0.0568163
0.0574706
0.0581188
0.058761
0.0593971
0.060027
0.0606506
0.061268
0.0618791
0.0624838
0.063082
0.0636737
0.0642589
0.0648375
0.0654095
0.0659747
0.0665332
0.0670849
0.0676297
0.0681677
0.0686987
0.0692227
0.0697398
0.0702497
0.0707525
0.0712482
0.0717366
0.0722178
0.0726917
0.0731583
0.0736176
0.0740694
0.0745138
0.0749507
0.0753801
0.075802
0.0762163
0.0766229
0.0770219
0.0774133
0.0777969
0.0781728
0.0785409
0.0789012
0.0792536
0.0795982
0.0799349
0.0802637
0.0805846
0.0808975
0.0812024
0.0814993
0.0817882
0.082069
0.0823418
0.0826064
0.0828629
0.0831114
0.0833516
0.0835837
0.0838076
0.0840233
0.0842308
0.0844301
0.0846211
0.0848039
0.0849784
0.0851447
0.0853027
0.0854523
0.0855937
0.0857268
0.0858516
0.085968
0.0860761
0.0861759
0.0862674
0.0863506
0.0864254
0.0864918
0.08655
0.0865998
0.0866412
0.0866744
0.0866992
0.0867157
0.0867238
0.0867237
0.0867152
0.0866985
0.0866734
0.0866401
0.0865985
0.0865486
0.0864905
0.0864241
0.0863495
0.0862667
0.0861757
0.0860764
0.0859691
0.0858535
0.0857298
0.085598
0.0854581
0.0853101
0.085154
0.0849899
0.0848178
0.0846377
0.0844496
0.0842535
0.0840495
0.0838376
0.0836178
0.0833902
0.0831547
0.0829114
0.0826604
0.0824016
0.0821351
0.081861
0.0815791
0.0812897
0.0809927
0.0806881
0.080376
0.0800565
0.0797295
0.079395
0.0790532
0.0787041
0.0783477
0.077984
0.0776131
0.077235
0.0768498
0.0764575
0.0760581
0.0756517
0.0752383
0.074818
0.0743909
0.0739569
0.0735161
0.0730685
0.0726143
0.0721534
0.0716859
0.0712119
0.0707313
0.0702443
0.0697509
0.0692511
0.0687451
0.0682328
0.0677143
0.0671896
0.0666589
0.0661221
0.0655793
0.0650306
0.064476
0.0639157
0.0633495
0.0627777
0.0622002
0.0616171
0.0610286
0.0604345
0.059835
0.0592302
0.0586201
0.0580048
0.0573843
0.0567587
0.056128
0.0554924
0.0548519
0.0542065
0.0535563
0.0529014
0.0522418
0.0515776
0.050909
0.0502358
0.0495583
0.0488764
0.0481902
0.0474999
0.0468054
0.0461069
0.0454043
0.0446979
0.0439876
0.0432735
0.0425557
0.0418342
0.0411092
0.0403806
0.0396486
0.0389133
0.0381746
0.0374328
0.0366878
0.0359397
0.0351886
0.0344345
0.0336776
0.0329179
0.0321555
0.0313904
0.0306228
0.0298527
0.0290801
0.0283052
0.0275281
0.0267487
0.0259672
0.0251836
0.0243981
0.0236107
0.0228214
0.0220304
0.0212377
0.0204434
0.0196476
0.0188503
0.0180516
0.0172517
0.0164505
0.0156482
0.0148448
0.0140404
0.013235
0.0124289
0.0116219
0.0108143
0.010006
0.00919722
0.00838795
0.0075783
0.00676832
0.00595811
0.00514773
0.00433727
0.00352679
0.00271638
0.0019061
0.00109604
0.000286276
-0.000523128
-0.00133209
-0.00214054
-0.00294839
-0.00375558
-0.00456202
-0.00536765
-0.00617239
-0.00697617
-0.0077789
-0.00858052
-0.00938095
-0.0101801
-0.010978
-0.0117744
-0.0125693
-0.0133627
-0.0141545
-0.0149445
-0.0157328
-0.0165192
-0.0173037
-0.0180863
-0.0188667
-0.019645
-0.0204212
-0.021195
-0.0219665
-0.0227356
-0.0235022
-0.0242662
-0.0250276
-0.0257863
-0.0265423
-0.0272954
-0.0280456
-0.0287928
-0.029537
-0.0302781
-0.031016
-0.0317506
-0.032482
-0.03321
-0.0339346
-0.0346556
-0.0353731
-0.0360869
-0.0367971
-0.0375034
-0.038206
-0.0389047
-0.0395994
-0.0402901
-0.0409767
-0.0416592
-0.0423375
-0.0430115
-0.0436812
-0.0443466
-0.0450075
-0.0456639
-0.0463157
-0.0469629
-0.0476055
-0.0482433
-0.0488764
-0.0495046
-0.0501279
-0.0507462
-0.0513596
-0.0519679
-0.0525711
-0.0531691
-0.0537619
-0.0543494
-0.0549316
-0.0555084
-0.0560798
-0.0566457
-0.0572061
-0.057761
-0.0583102
-0.0588537
-0.0593915
-0.0599236
-0.0604498
-0.0609702
-0.0614847
-0.0619933
-0.0624958
-0.0629924
-0.0634828
-0.0639672
-0.0644454
-0.0649174
-0.0653831
-0.0658426
-0.0662957
-0.0667425
-0.0671829
-0.0676169
-0.0680444
-0.0684654
-0.0688799
-0.0692878
-0.0696891
-0.0700837
-0.0704717
-0.0708529
-0.0712275
-0.0715952
-0.0719562
-0.0723103
-0.0726576
-0.072998
-0.0733314
-0.073658
-0.0739775
-0.0742901
-0.0745956
-0.0748941
-0.0751856
-0.0754699
-0.0757472
-0.0760173
-0.0762802
-0.076536
-0.0767846
-0.0770259
-0.0772601
-0.0774869
-0.0777065
-0.0779189
-0.0781239
-0.0783216
-0.078512
-0.078695
-0.0788707
-0.0790391
-0.0792
-0.0793535
-0.0794997
-0.0796384
-0.0797698
-0.0798937
-0.0800101
-0.0801191
-0.0802207
-0.0803148
-0.0804015
-0.0804807
-0.0805524
-0.0806167
-0.0806735
-0.0807228
-0.0807647
-0.0807991
-0.080826
-0.0808454
-0.0808574
-0.080862
-0.080859
-0.0808486
-0.0808308
-0.0808055
-0.0807728
-0.0807326
-0.080685
-0.08063
-0.0805676
-0.0804978
-0.0804206
-0.0803361
-0.0802441
-0.0801449
-0.0800382
-0.0799243
-0.0798031
-0.0796745
-0.0795387
-0.0793956
-0.0792453
-0.0790877
-0.0789229
-0.078751
-0.0785718
-0.0783856
-0.0781921
-0.0779916
-0.077784
-0.0775693
-0.0773476
-0.0771189
-0.0768832
-0.0766405
-0.0763909
-0.0761343
-0.0758709
-0.0756006
-0.0753235
-0.0750396
-0.074749
-0.0744515
-0.0741474
-0.0738366
-0.0735192
-0.0731951
-0.0728645
-0.0725273
-0.0721836
-0.0718334
-0.0714768
-0.0711138
-0.0707444
-0.0703687
-0.0699867
-0.0695985
-0.069204
-0.0688033
-0.0683966
-0.0679837
-0.0675648
-0.0671398
-0.0667089
-0.0662721
-0.0658294
-0.0653808
-0.0649265
-0.0644664
-0.0640006
-0.0635291
-0.0630521
-0.0625694
-0.0620813
-0.0615877
-0.0610886
-0.0605842
-0.0600745
-0.0595594
-0.0590392
-0.0585138
-0.0579832
-0.0574476
-0.056907
-0.0563614
-0.0558109
-0.0552555
-0.0546954
-0.0541304
-0.0535608
-0.0529865
-0.0524077
-0.0518243
-0.0512364
-0.0506441
-0.0500474
-0.0494465
-0.0488413
-0.0482319
-0.0476183
-0.0470007
-0.0463791
-0.0457535
-0.045124
-0.0444907
-0.0438536
-0.0432128
-0.0425683
-0.0419202
-0.0412686
-0.0406136
-0.0399551
-0.0392933
-0.0386281
-0.0379598
-0.0372883
-0.0366137
-0.0359361
-0.0352555
-0.034572
-0.0338857
-0.0331966
-0.0325048
-0.0318103
-0.0311133
-0.0304137
-0.0297117
-0.0290073
-0.0283006
-0.0275916
-0.0268805
-0.0261672
-0.0254519
-0.0247346
-0.0240154
-0.0232943
-0.0225714
-0.0218469
-0.0211206
-0.0203928
-0.0196635
-0.0189327
-0.0182006
-0.0174671
-0.0167324
-0.0159966
-0.0152596
-0.0145216
-0.0137826
-0.0130427
-0.012302
-0.0115605
-0.0108183
-0.0100755
-0.00933212
-0.00858826
-0.00784398
-0.00709934
-0.00635442
-0.00560928
-0.004864
-0.00411863
-0.00337326
-0.00262794
-0.00188275
-0.00113775
-0.000393019
0.000351384
0.00109539
0.00183892
0.00258193
0.00332432
0.00406605
0.00480704
0.00554722
0.00628653
0.0070249
0.00776225
0.00849853
0.00923367
0.0099676
0.0107003
0.0114316
0.0121615
0.0128899
0.0136168
0.014342
0.0150656
0.0157875
0.0165076
0.0172257
0.017942
0.0186562
0.0193684
0.0200785
0.0207863
0.021492
0.0221952
0.0228961
0.0235946
0.0242906
0.0249839
0.0256747
0.0263627
0.027048
0.0277305
0.0284101
0.0290867
0.0297603
0.0304309
0.0310984
0.0317626
0.0324237
0.0330814
0.0337358
0.0343867
0.0350342
0.0356781
0.0363185
0.0369552
0.0375882
0.0382174
0.0388428
0.0394644
0.040082
0.0406956
0.0413052
0.0419108
0.0425121
0.0431093
0.0437022
0.0442908
0.0448751
0.0454549
0.0460303
0.0466012
0.0471676
0.0477293
0.0482864
0.0488387
0.0493864
0.0499292
0.0504671
0.0510002
0.0515283
0.0520515
0.0525696
0.0530826
0.0535905
0.0540932
0.0545908
0.055083
0.05557
0.0560517
0.0565279
0.0569987
0.0574641
0.057924
0.0583783
0.0588271
0.0592702
0.0597077
0.0601394
0.0605655
0.0609858
0.0614003
0.0618089
0.0622117
0.0626085
0.0629994
0.0633844
0.0637633
0.0641362
0.0645031
0.0648638
0.0652184
0.0655669
0.0659091
0.0662452
0.066575
0.0668985
0.0672157
0.0675266
0.0678312
0.0681294
0.0684211
0.0687065
0.0689854
0.0692579
0.0695238
0.0697833
0.0700362
0.0702825
0.0705223
0.0707555
0.0709821
0.0712021
0.0714154
0.071622
0.071822
0.0720153
0.0722019
0.0723818
0.0725549
0.0727213
0.072881
0.0730338
0.0731799
0.0733192
0.0734517
0.0735774
0.0736963
0.0738084
0.0739136
0.074012
0.0741035
0.0741882
0.074266
0.074337
0.0744012
0.0744584
0.0745088
0.0745524
0.074589
0.0746188
0.0746418
0.0746578
0.0746671
0.0746694
0.0746649
0.0746535
0.0746353
0.0746103
0.0745784
0.0745396
0.0744941
0.0744417
0.0743825
0.0743165
0.0742437
0.0741641
0.0740778
0.0739847
0.0738848
0.0737783
0.0736649
0.0735449
0.0734182
0.0732848
0.0731447
0.072998
0.0728446
0.0726846
0.072518
0.0723449
0.0721651
0.0719789
0.0717861
0.0715868
0.071381
0.0711687
0.0709501
0.070725
0.0704935
0.0702556
0.0700114
0.0697609
0.0695041
0.0692411
0.0689718
0.0686963
0.0684146
0.0681267
0.0678328
0.0675327
0.0672266
0.0669144
0.0665962
0.0662721
0.065942
0.0656061
0.0652642
0.0649165
0.064563
0.0642038
0.0638388
0.0634681
0.0630918
0.0627098
0.0623223
0.0619292
0.0615305
0.0611265
0.060717
0.0603021
0.0598818
0.0594563
0.0590254
0.0585894
0.0581482
0.0577018
0.0572503
0.0567938
0.0563322
0.0558657
0.0553943
0.054918
0.0544369
0.053951
0.0534603
0.052965
0.052465
0.0519604
0.0514513
0.0509377
0.0504196
0.0498972
0.0493704
0.0488392
0.0483039
0.0477643
0.0472206
0.0466728
0.046121
0.0455651
0.0450053
0.0444417
0.0438742
0.0433029
0.0427279
0.0421492
0.041567
0.0409811
0.0403918
0.039799
0.0392028
0.0386032
0.0380004
0.0373944
0.0367852
0.0361729
0.0355575
0.0349391
0.0343178
0.0336936
0.0330666
0.0324368
0.0318043
0.0311692
0.0305315
0.0298912
0.0292485
0.0286034
0.0279559
0.0273062
0.0266542
0.026
0.0253438
0.0246855
0.0240252
0.023363
0.0226989
0.022033
0.0213654
0.0206961
0.0200252
0.0193528
0.0186788
0.0180035
0.0173267
0.0166487
0.0159694
0.0152889
0.0146073
0.0139247
0.0132411
0.0125565
0.0118711
0.0111849
0.010498
0.00981033
0.00912209
0.00843329
0.00774402
0.00705432
0.00636426
0.0056739
0.00498331
0.00429255
0.00360168
0.00291077
0.00221988
0.00152907
0.000838403
0.000147946
-0.00054224
-0.00123209
-0.00192155
-0.00261054
-0.00329901
-0.0039869
-0.00467414
-0.00536067
-0.00604643
-0.00673135
-0.00741538
-0.00809844
-0.00878049
-0.00946145
-0.0101413
-0.0108199
-0.0114972
-0.0121732
-0.0128479
-0.0135211
-0.0141927
-0.0148628
-0.0155313
-0.016198
-0.0168631
-0.0175263
-0.0181876
-0.018847
-0.0195044
-0.0201598
-0.020813
-0.0214641
-0.0221129
-0.0227595
-0.0234037
-0.0240456
-0.0246849
-0.0253218
-0.0259561
-0.0265877
-0.0272167
-0.0278429
-0.0284663
-0.0290869
-0.0297046
-0.0303193
-0.0309309
-0.0315395
-0.032145
-0.0327473
-0.0333464
-0.0339422
-0.0345346
-0.0351236
-0.0357092
-0.0362913
-0.0368699
-0.0374448
-0.0380161
-0.0385837
-0.0391476
-0.0397076
-0.0402638
-0.0408161
-0.0413645
-0.0419088
-0.0424491
-0.0429853
-0.0435174
-0.0440453
-0.0445689
-0.0450883
-0.0456034
-0.046114
-0.0466203
-0.0471221
-0.0476194
-0.0481122
-0.0486003
-0.0490839
-0.0495628
-0.0500369
-0.0505063
-0.0509709
-0.0514307
-0.0518856
-0.0523355
-0.0527806
-0.0532206
-0.0536556
-0.0540855
-0.0545103
-0.05493
-0.0553445
-0.0557538
-0.0561579
-0.0565566
-0.05695
-0.0573381
-0.0577208
-0.0580981
-0.05847
-0.0588363
-0.0591972
-0.0595525
-0.0599022
-0.0602464
-0.0605849
-0.0609177
-0.0612449
-0.0615663
-0.061882
-0.062192
-0.0624961
-0.0627945
-0.063087
-0.0633736
-0.0636543
-0.0639291
-0.064198
-0.064461
-0.0647179
-0.0649689
-0.0652138
-0.0654527
-0.0656855
-0.0659123
-0.0661329
-0.0663475
-0.0665559
-0.0667582
-0.0669543
-0.0671442
-0.067328
-0.0675055
-0.0676768
-0.0678419
-0.0680008
-0.0681534
-0.0682997
-0.0684397
-0.0685735
-0.0687009
-0.0688221
-0.0689369
-0.0690454
-0.0691476
-0.0692435
-0.069333
-0.0694161
-0.0694929
-0.0695634
-0.0696275
-0.0696852
-0.0697366
-0.0697816
-0.0698202
-0.0698524
-0.0698783
-0.0698978
-0.069911
-0.0699178
-0.0699182
-0.0699122
-0.0698999
-0.0698813
-0.0698563
-0.0698249
-0.0697872
-0.0697432
-0.0696928
-0.0696361
-0.0695732
-0.0695039
-0.0694283
-0.0693464
-0.0692583
-0.0691639
-0.0690632
-0.0689563
-0.0688432
-0.0687238
-0.0685983
-0.0684665
-0.0683286
-0.0681846
-0.0680344
-0.067878
-0.0677156
-0.0675471
-0.0673725
-0.0671918
-0.0670051
-0.0668124
-0.0666137
-0.066409
-0.0661984
-0.0659818
-0.0657593
-0.065531
-0.0652967
-0.0650567
-0.0648108
-0.0645591
-0.0643017
-0.0640385
-0.0637696
-0.063495
-0.0632148
-0.0629289
-0.0626375
-0.0623404
-0.0620378
-0.0617297
-0.0614162
-0.0610971
-0.0607727
-0.0604428
-0.0601076
-0.0597671
-0.0594213
-0.0590702
-0.0587139
-0.0583524
-0.0579858
-0.0576141
-0.0572372
-0.0568554
-0.0564685
-0.0560766
-0.0556798
-0.0552782
-0.0548716
-0.0544603
-0.0540441
-0.0536233
-0.0531977
-0.0527675
-0.0523327
-0.0518933
-0.0514493
-0.0510009
-0.050548
-0.0500908
-0.0496291
-0.0491632
-0.048693
-0.0482185
-0.0477399
-0.0472571
-0.0467703
-0.0462794
-0.0457845
-0.0452856
-0.0447829
-0.0442763
-0.0437659
-0.0432517
-0.0427338
-0.0422122
-0.0416871
-0.0411583
-0.0406261
-0.0400904
-0.0395512
-0.0390088
-0.0384629
-0.0379139
-0.0373616
-0.0368062
-0.0362476
-0.035686
-0.0351214
-0.0345538
-0.0339834
-0.0334101
-0.032834
-0.0322552
-0.0316737
-0.0310895
-0.0305028
-0.0299136
-0.0293219
-0.0287278
-0.0281313
-0.0275325
-0.0269315
-0.0263283
-0.025723
-0.0251155
-0.0245061
-0.0238947
-0.0232814
-0.0226662
-0.0220493
-0.0214306
-0.0208102
-0.0201882
-0.0195646
-0.0189395
-0.018313
-0.0176851
-0.0170558
-0.0164253
-0.0157935
-0.0151606
-0.0145266
-0.0138915
-0.0132554
-0.0126184
-0.0119806
-0.0113419
-0.0107024
-0.0100623
-0.00942154
-0.00878019
-0.00813833
-0.007496
-0.00685326
-0.00621019
-0.00556682
-0.00492323
-0.00427947
-0.0036356
-0.00299168
-0.00234777
-0.00170392
-0.00106019
-0.000416652
0.000226648
0.000869648
0.00151229
0.00215452
