0.0219823
0.0217619
15.5461
-1.49057
-1.50908
-1.52504
-1.53845
-1.54927
-1.55751
-1.56316
-1.56621
-1.56667
-1.56455
-1.55985
-1.5526
-1.54281
-1.5305
-1.5157
-1.49845
-1.47878
-1.45672
-1.43233
-1.40564
-1.37671
-1.3456
-1.31235
-1.27704
-1.23971
-1.20045
-1.15932
-1.1164
-1.07175
-1.02546
-0.977604
-0.928272
-0.877546
-0.825513
-0.772262
-0.717884
-0.662471
-0.606117
-0.548918
-0.490969
-0.432368
-0.373212
-0.3136
-0.253632
-0.193407
-0.133024
-0.0725829
-0.0121829
0.048077
0.108098
0.167783
0.227035
0.285757
0.343855
0.401235
0.457805
0.513474
0.568155
0.621759
0.674202
0.725401
0.775276
0.823749
0.870743
0.916187
0.96001
1.00214
1.04253
1.08109
1.11779
1.15256
1.18535
1.21612
1.24481
1.27139
1.29582
1.31807
1.33811
1.3559
1.37144
1.38469
1.39564
1.40429
1.41062
1.41464
1.41633
1.41571
1.41279
1.40757
1.40007
1.39031
1.37831
1.36411
1.34772
1.32919
1.30855
1.28583
1.2611
1.23438
1.20574
1.17522
1.14288
1.10878
1.07298
1.03555
0.996545
0.956046
0.91412
0.87084
0.826284
0.780527
0.733649
0.685731
0.636856
0.587108
0.536571
0.485331
0.433475
0.381092
0.328268
0.275094
0.221658
0.168049
0.114357
0.0606707
0.0070791
-0.0463295
-0.0994671
-0.152247
-0.204582
-0.256388
-0.30758
-0.358075
-0.407792
-0.456652
-0.504576
-0.551487
-0.597311
-0.641976
-0.685411
-0.727548
-0.768323
-0.807671
-0.845532
-0.881849
-0.916566
-0.94963
-0.980993
-1.01061
-1.03843
-1.06443
-1.08855
-1.11078
-1.13107
-1.1494
-1.16575
-1.1801
-1.19243
-1.20273
-1.21098
-1.21718
-1.22134
-1.22344
-1.22349
-1.2215
-1.21749
-1.21145
-1.20342
-1.19342
-1.18146
-1.16758
-1.1518
-1.13416
-1.1147
-1.09345
-1.07046
-1.04577
-1.01944
-0.991508
-0.962032
-0.931067
-0.89867
-0.864904
-0.82983
-0.793512
-0.756017
-0.717413
-0.67777
-0.637158
-0.595652
-0.553325
-0.510251
-0.466508
-0.422172
-0.377322
-0.332034
-0.28639
-0.240467
-0.194346
-0.148105
-0.101825
-0.0555847
-0.00946282
0.036462
0.082112
0.12741
0.17228
0.216646
0.260434
0.303572
0.345988
0.387612
0.428376
0.468212
0.507057
0.544847
0.581522
0.617022
0.651292
0.684277
0.715926
0.74619
0.775021
0.802377
0.828216
0.852499
0.875191
0.89626
0.915675
0.933411
0.949444
0.963753
0.97632
0.987132
0.996177
1.00345
1.00894
1.01265
1.01458
1.01473
1.01312
1.00976
1.00465
0.997811
0.98927
0.979048
0.967169
0.953663
0.938561
0.921898
0.90371
0.884038
0.862923
0.84041
0.816546
0.79138
0.764964
0.737352
0.708598
0.67876
0.647897
0.616071
0.583343
0.549777
0.515438
0.480393
0.444709
0.408454
0.371698
0.334509
0.296959
0.259118
0.221058
0.182849
0.144564
0.106272
0.0680456
0.0299549
-0.00792991
-0.0455392
-0.0828042
-0.119657
-0.15603
-0.191859
-0.227078
-0.261624
-0.295435
-0.328451
-0.360614
-0.391866
-0.422154
-0.451423
-0.479624
-0.506708
-0.532629
-0.557342
-0.580807
-0.602984
-0.623837
-0.643332
-0.66144
-0.67813
-0.69338
-0.707165
-0.719466
-0.730268
-0.739556
-0.74732
-0.753553
-0.75825
-0.761411
-0.763038
-0.763134
-0.761708
-0.758772
-0.75434
-0.748428
-0.741057
-0.732251
-0.722034
-0.710437
-0.697491
-0.683231
-0.667694
-0.65092
-0.632952
-0.613834
-0.593615
-0.572345
-0.550074
-0.526859
-0.502754
-0.47782
-0.452115
-0.425702
-0.398645
-0.371008
-0.34286
-0.314266
-0.285297
-0.256024
-0.226516
-0.196846
-0.167086
-0.13731
-0.107591
-0.0780036
-0.0486208
-0.0195167
0.00923465
0.0375599
0.0653859
0.0926401
0.119251
0.145147
0.170258
0.194515
0.217851
0.240199
0.261495
0.281674
0.300675
0.31844
0.334909
0.350027
0.363741
0.375999
0.386753
0.395957
0.403566
0.409541
0.413842
0.416435
0.417286
0.416368
0.413654
0.40912
0.402747
0.394518
0.384421
0.372444
0.358583
0.342833
0.325195
0.305673
0.284275
0.261012
0.235897
0.208949
0.180189
0.149642
0.117337
0.0833048
0.0475809
0.0102038
-0.0287848
-0.0693397
-0.111413
-0.154953
-0.199905
-0.246212
-0.293814
-0.342647
-0.392645
-0.443741
-0.495863
-0.548937
-0.602888
-0.657637
-0.713105
-0.76921
-0.825867
-0.882992
-0.940496
-0.998291
-1.05629
-1.11439
-1.17252
-1.23057
-1.28845
-1.34607
-1.40333
-1.46014
-1.5164
-1.57202
-1.6269
-1.68095
-1.73407
-1.78618
-1.83718
-1.88697
-1.93548
-1.9826
-2.02826
-2.07236
-2.11482
-2.15557
-2.19452
-2.23159
-2.26671
-2.29981
-2.33081
-2.35965
-2.38627
-2.4106
-2.43258
-2.45217
-2.4693
-2.48394
-2.49603
-2.50553
-2.51241
-2.51664
-2.51819
-2.51702
-2.51312
-2.50648
-2.49708
-2.4849
-2.46996
-2.45224
-2.43175
-2.4085
-2.3825
-2.35377
-2.32234
-2.28822
-2.25146
-2.21207
-2.17011
-2.12562
-2.07864
-2.02923
-1.97744
-1.92333
-1.86697
-1.80843
-1.74778
-1.68509
-1.62044
-1.55392
-1.48562
-1.41562
-1.34402
-1.27092
-1.19641
-1.1206
-1.04359
-0.965487
-0.886409
-0.806465
-0.725771
-0.644442
-0.562598
-0.48036
-0.39785
-0.31519
-0.232505
-0.149921
-0.0675646
0.0144381
0.0959597
0.176872
0.257049
0.336361
0.414683
0.491887
0.567847
0.642439
0.715538
0.787023
0.856771
0.924663
0.990582
1.05441
1.11604
1.17535
1.23224
1.28661
1.33834
1.38734
1.43351
1.47677
1.51701
1.55416
1.58813
1.61884
1.64622
1.6702
1.69071
1.7077
1.7211
1.73087
1.73696
1.73932
1.73792
1.73272
1.72371
1.71085
1.69414
1.67355
1.64909
1.62076
1.58855
1.55248
1.51257
1.46883
1.4213
1.37
1.31497
1.25626
1.19392
1.12799
1.05853
0.98562
0.909315
0.829693
0.746834
0.660822
0.571744
0.479696
0.384775
0.287083
0.186728
0.0838213
-0.0215225
-0.129184
-0.23904
-0.350963
-0.464824
-0.58049
-0.697822
-0.816683
-0.936928
-1.05841
-1.18099
-1.30451
-1.42882
-1.55377
-1.6792
-1.80496
-1.93088
-2.05681
-2.18259
-2.30806
-2.43305
-2.5574
-2.68096
-2.80356
-2.92505
-3.04526
-3.16403
-3.28121
-3.39663
-3.51016
-3.62162
-3.73087
-3.83776
-3.94215
-4.04389
-4.14283
-4.23885
-4.33179
-4.42154
-4.50797
-4.59094
-4.67034
-4.74605
-4.81795
-4.88595
-4.94993
-5.00979
-5.06544
-5.11679
-5.16376
-5.20627
-5.24423
-5.27759
-5.30627
-5.33023
-5.3494
-5.36374
-5.37322
-5.37779
-5.37742
-5.3721
-5.3618
-5.34651
-5.32623
-5.30096
-5.27071
-5.23548
-5.1953
-5.15019
-5.10018
-5.04531
-4.98562
-4.92116
-4.85198
-4.77814
-4.69971
-4.61676
-4.52937
-4.43761
-4.34158
-4.24136
-4.13705
-4.02875
-3.91658
-3.80064
-3.68105
-3.55792
-3.43139
-3.30157
-3.16861
-3.03264
-2.89379
-2.75221
-2.60804
-2.46144
-2.31255
-2.16152
-2.00853
-1.85371
-1.69723
-1.53925
-1.37994
-1.21946
-1.05798
-0.895659
-0.732666
-0.56917
-0.405337
-0.241336
-0.077333
0.086504
0.250009
0.413017
0.575363
0.736885
0.897421
1.05681
1.2149
1.37152
1.52654
1.67979
1.83112
1.9804
2.12748
2.27222
2.41448
2.55413
2.69105
2.82511
2.95618
3.08416
3.20893
3.33037
3.44839
3.5629
3.67378
3.78097
3.88436
3.98389
4.07947
4.17105
4.25855
4.34192
4.4211
4.49606
4.56674
4.63311
4.69513
4.7528
4.80607
4.85495
4.89941
4.93947
4.97511
5.00635
5.0332
5.05569
5.07382
5.08764
5.09717
5.10246
5.10355
5.10048
5.09332
5.08213
5.06696
5.04788
5.02497
4.9983
4.96795
4.93401
4.89657
4.85572
4.81155
4.76417
4.71367
4.66017
4.60376
4.54457
4.48271
4.41828
4.35142
4.28224
4.21086
4.13741
4.06201
3.98479
3.90587
3.82539
3.74348
3.66027
3.57588
3.49044
3.40409
3.31696
3.22918
3.14087
3.05217
2.9632
2.87409
2.78496
2.69594
2.60715
2.51871
2.43073
2.34335
2.25666
2.17078
2.08581
2.00188
1.91907
1.83749
1.75723
1.67839
1.60107
1.52534
1.45129
1.37901
1.30856
1.24002
1.17345
1.10894
1.04652
0.986263
0.928218
0.872432
0.818951
0.767812
0.719051
0.6727
0.628783
0.587325
0.548342
0.511848
0.477853
0.44636
0.417372
0.390883
0.366887
0.345371
0.326319
0.309712
0.295524
0.283729
0.274294
0.267184
0.262359
0.259776
0.25939
0.261151
0.265005
0.270897
0.278768
0.288555
0.300194
0.313617
0.328755
0.345534
0.363881
0.383718
0.404967
0.427546
0.451375
0.476368
0.502442
0.529508
0.557481
0.586271
0.615789
0.645946
0.676651
0.707814
0.739344
0.77115
0.803143
0.835231
0.867325
0.899336
0.931176
0.962757
0.993994
1.0248
1.05509
1.08479
1.11381
1.14207
1.16951
1.19603
1.22158
1.24607
1.26945
1.29164
1.31258
1.33221
1.35048
1.36733
1.3827
1.39655
1.40883
1.4195
1.42852
1.43585
1.44146
1.44532
1.44741
1.4477
1.44617
1.4428
1.43759
1.43053
1.4216
1.41081
1.39816
1.38366
1.36731
1.34913
1.32912
1.30732
1.28374
1.25841
1.23136
1.20262
1.17222
1.14021
1.10662
1.07151
1.0349
0.99687
0.957455
0.916715
0.874707
0.831491
0.787131
0.741689
0.695234
0.647833
0.599557
0.550477
0.500669
0.450205
0.399164
0.347622
0.295658
0.243351
0.190783
0.138033
0.0851837
0.0323167
-0.020486
-0.073142
-0.125569
-0.177686
-0.22941
-0.28066
-0.331357
-0.381418
-0.430767
-0.479324
-0.527013
-0.573757
-0.619483
-0.664118
-0.70759
-0.74983
-0.79077
-0.830344
-0.868489
-0.905144
-0.940248
-0.973746
-1.00558
-1.03571
-1.06407
-1.09062
-1.11532
-1.13813
-1.15901
-1.17792
-1.19483
-1.20972
-1.22256
-1.23332
-1.242
-1.24856
-1.25301
-1.25532
-1.2555
-1.25354
-1.24945
-1.24323
-1.23488
-1.22442
-1.21186
-1.19722
-1.18052
-1.16179
-1.14105
-1.11834
-1.09369
-1.06713
-1.03871
-1.00846
-0.976447
-0.942706
-0.907291
-0.870259
-0.831665
-0.791569
-0.750035
-0.707126
-0.662909
-0.617454
-0.570832
-0.523115
-0.47438
-0.424702
-0.37416
-0.322834
-0.270805
-0.218155
-0.164969
-0.111331
-0.0573262
-0.00304159
0.051436
0.106019
0.160619
0.215149
0.26952
0.323644
0.377432
0.430797
0.483651
0.535908
0.58748
0.638283
0.688232
0.737244
0.785235
0.832125
0.877834
0.922284
0.965398
1.0071
1.04732
1.08599
1.12303
1.15838
1.19198
1.22376
1.25366
1.28163
1.3076
1.33154
1.35339
1.3731
1.39063
1.40594
1.41899
1.42975
1.43818
1.44427
1.44797
1.44928
1.44816
1.44462
1.43863
1.43018
1.41928
1.40592
1.39009
1.37181
1.35109
1.32792
1.30234
1.27435
1.24398
1.21125
1.17619
1.13882
1.09919
1.05733
1.01328
0.967079
0.918774
0.868412
0.816045
0.761726
0.705511
0.647458
0.587628
0.526084
0.46289
0.398115
0.331827
0.264099
0.195002
0.124611
0.0530033
-0.0197438
-0.0935509
-0.168338
-0.244022
-0.320522
-0.397754
-0.475633
-0.554074
-0.632991
-0.712298
-0.791909
-0.871737
-0.951695
-1.0317
-1.11165
-1.19148
-1.27109
-1.35039
-1.42931
-1.50776
-1.58565
-1.66291
-1.73944
-1.81517
-1.89002
-1.96391
-2.03677
-2.10851
-2.17908
-2.24838
-2.31636
-2.38294
-2.44806
-2.51165
-2.57366
-2.63402
-2.69267
-2.74956
-2.80463
-2.85784
-2.90913
-2.95846
-3.00578
-3.05107
-3.09426
-3.13534
-3.17426
-3.21101
-3.24554
-3.27784
-3.30788
-3.33564
-3.36111
-3.38428
-3.40512
-3.42365
-3.43984
-3.4537
-3.46522
-3.47441
-3.48128
-3.48582
-3.48806
-3.48801
-3.48567
-3.48108
-3.47424
-3.46519
-3.45394
-3.44052
-3.42497
-3.40732
-3.38759
-3.36583
-3.34206
-3.31635
-3.28871
-3.2592
-3.22785
-3.19473
-3.15987
-3.12332
-3.08513
-3.04536
-3.00405
-2.96126
-2.91705
-2.87147
-2.82457
-2.77642
-2.72707
-2.67657
-2.62499
-2.57239
-2.51882
-2.46434
-2.40902
-2.35291
-2.29606
-2.23855
-2.18042
-2.12174
-2.06256
-2.00295
-1.94295
-1.88262
-1.82202
-1.7612
-1.70022
-1.63913
-1.57798
-1.51682
-1.4557
-1.39467
-1.33378
-1.27306
-1.21257
-1.15236
-1.09245
-1.03289
-0.973722
-0.91498
-0.856701
-0.798918
-0.741663
-0.684968
-0.628862
-0.573372
-0.518523
-0.464341
-0.410847
-0.358063
-0.306007
-0.254697
-0.204149
-0.154376
-0.105392
-0.0572064
-0.00982906
0.0367325
0.0824723
0.127386
0.17147
0.214724
0.257147
0.298741
0.339508
0.379453
0.41858
0.456898
0.494413
0.531134
0.567073
0.602239
0.636645
0.670304
0.70323
0.735438
0.766944
0.797764
0.827916
0.857415
0.886282
0.914534
0.942191
0.969272
0.995797
1.02179
1.04726
1.07223
1.09674
1.12078
1.14439
1.16759
1.19039
1.21282
1.23489
1.25663
1.27805
1.29917
1.32001
1.34058
1.36091
1.38101
1.40089
1.42057
1.44007
1.45939
1.47854
1.49755
1.51642
1.53516
1.55378
1.57229
1.59069
1.60899
1.6272
1.64531
1.66333
1.68127
1.69912
1.71688
1.73455
1.75213
1.76962
1.78701
1.80429
1.82145
1.8385
1.85542
1.8722
1.88883
1.90529
1.92159
1.93769
1.95359
1.96928
1.98473
1.99993
2.01486
2.0295
2.04384
2.05786
2.07153
2.08483
2.09775
2.11026
2.12233
2.13396
2.14511
2.15576
2.1659
2.17548
2.18451
2.19294
2.20076
2.20794
2.21447
2.22031
2.22546
2.22987
2.23354
2.23644
2.23856
2.23986
2.24034
2.23997
2.23873
2.23661
2.23359
2.22966
2.22479
2.21898
2.21221
2.20448
2.19576
2.18605
2.17534
2.16363
2.1509
2.13715
2.12239
2.10659
2.08977
2.07193
2.05305
2.03316
2.01225
1.99032
1.96739
1.94347
1.91855
1.89266
1.8658
1.83799
1.80925
1.77959
1.74903
1.71759
1.68529
1.65216
1.61821
1.58347
1.54797
1.51174
1.4748
1.43719
1.39893
1.36006
1.3206
1.28061
1.2401
1.19912
1.15771
1.11589
1.07372
1.03123
0.988459
0.94545
0.902245
0.858886
0.815415
0.771875
0.728311
0.684765
0.641281
0.597905
0.554679
0.511648
0.468857
0.426349
0.384169
0.34236
0.300967
0.260031
0.219596
0.179704
0.140396
0.101715
0.0636995
0.02639
-0.0101746
-0.0459565
-0.0809185
-0.115024
-0.148239
-0.180529
-0.21186
-0.242202
-0.271524
-0.299796
-0.326992
-0.353084
-0.378047
-0.401859
-0.424496
-0.445939
-0.466169
-0.485169
-0.502922
-0.519416
-0.534637
-0.548575
-0.561222
-0.57257
-0.582615
-0.591352
-0.59878
-0.604899
-0.609711
-0.61322
-0.615431
-0.616351
-0.61599
-0.614359
-0.611469
-0.607336
-0.601975
-0.595404
-0.587642
-0.578712
-0.568635
-0.557435
-0.545139
-0.531774
-0.517368
-0.501952
-0.485558
-0.468219
-0.449969
-0.430843
-0.410878
-0.390112
-0.368585
-0.346335
-0.323404
-0.299834
-0.275668
-0.250948
-0.22572
-0.200027
-0.173916
-0.147431
-0.12062
-0.0935289
-0.0662049
-0.0386951
-0.0110468
0.0166925
0.0444754
0.0722546
0.0999828
0.127613
0.155099
0.182393
0.20945
0.236225
0.262672
0.288748
0.314409
0.339611
0.364313
0.388475
0.412055
0.435014
0.457316
0.478922
0.499797
0.519907
0.539218
0.557699
0.575319
0.59205
0.607864
0.622734
0.636637
0.64955
0.661451
0.672322
0.682144
0.690902
0.698581
0.705168
0.710653
0.715028
0.718284
0.720416
0.721422
0.721299
0.720048
0.717671
0.714171
0.709554
0.703828
0.697002
0.689087
0.680096
0.670043
0.658945
0.64682
0.633687
0.619567
0.604483
0.58846
0.571523
0.5537
0.535019
0.515511
0.495206
0.474139
0.452341
0.429849
0.406699
0.382928
0.358574
0.333676
0.308274
0.28241
0.256123
0.229458
0.202455
0.175159
0.147613
0.119862
0.0919495
0.0639203
0.0358194
0.00769157
-0.0204182
-0.0484652
-0.0764044
-0.104191
-0.131782
-0.159132
-0.186198
-0.212938
-0.239307
-0.265265
-0.290771
-0.315783
-0.340263
-0.364171
-0.38747
-0.410122
-0.432093
-0.453347
-0.47385
-0.493572
-0.51248
-0.530544
-0.547738
-0.564033
-0.579404
-0.593828
-0.607282
-0.619745
-0.631197
-0.641623
-0.651004
-0.659328
-0.666582
-0.672754
-0.677837
-0.681822
-0.684704
-0.686479
-0.687145
-0.686703
-0.685154
-0.6825
-0.678748
-0.673904
-0.667977
-0.660977
-0.652917
-0.64381
-0.633672
-0.622519
-0.610371
-0.597249
-0.583173
-0.568167
-0.552257
-0.535468
-0.517829
-0.499369
-0.480117
-0.460106
-0.439368
-0.417938
-0.39585
-0.373141
-0.349848
-0.326009
-0.301663
-0.276849
-0.251608
-0.225981
-0.200009
-0.173735
-0.147202
-0.120453
-0.0935298
-0.0664775
-0.0393395
-0.0121597
0.015018
0.0421496
0.0691913
0.0960996
0.122831
0.149343
0.175591
0.201535
0.227133
0.252342
0.277124
0.301437
0.325244
0.348506
0.371185
0.393246
0.414653
0.435372
0.45537
0.474616
0.493078
0.510727
0.527536
0.543477
0.558526
0.572659
0.585853
0.598088
0.609345
0.619606
0.628855
0.637079
0.644263
0.650399
0.655475
0.659485
0.662423
0.664285
0.665069
0.664774
0.663401
0.660953
0.657436
0.652854
0.647217
0.640534
0.632817
0.624079
0.614335
0.6036
0.591894
0.579236
0.565647
0.551149
0.535766
0.519525
0.502451
0.484574
0.465921
0.446526
0.426418
0.405631
0.384199
0.362158
0.339543
0.316391
0.29274
0.268629
0.244097
0.219184
0.193931
0.168378
0.142568
0.116542
0.0903423
0.0640117
0.0375928
0.0111285
-0.0153384
-0.041765
-0.0681085
-0.0943264
-0.120376
-0.146216
-0.171804
-0.197099
-0.22206
-0.246647
-0.27082
-0.294541
-0.317772
-0.340474
-0.362612
-0.38415
-0.405053
-0.425289
-0.444825
-0.463629
-0.481671
-0.498924
-0.515359
-0.53095
-0.545673
-0.559504
-0.572422
-0.584406
-0.595436
-0.605497
-0.614572
-0.622647
-0.62971
-0.63575
-0.640757
-0.644725
-0.647647
-0.64952
-0.65034
-0.650108
-0.648823
-0.64649
-0.643113
-0.638697
-0.63325
-0.626782
-0.619303
-0.610828
-0.601369
-0.590943
-0.579567
-0.567261
-0.554044
-0.539939
-0.524969
-0.509159
-0.492535
-0.475124
-0.456955
-0.438059
-0.418465
-0.398206
-0.377316
-0.355828
-0.333778
-0.311201
-0.288136
-0.264618
-0.240687
-0.216382
-0.191742
-0.166807
-0.141618
-0.116216
-0.0906417
-0.0649372
-0.039144
-0.0133038
0.0125413
0.0383496
0.0640793
0.0896887
0.115137
0.140382
0.165383
0.190101
0.214495
0.238526
0.262155
0.285345
0.308058
0.330257
0.351907
0.372973
0.393421
0.41322
0.432336
0.450739
0.468401
0.485292
0.501386
0.516658
0.531083
0.544638
0.557303
0.569056
0.579879
0.589756
0.598672
0.606611
0.613562
0.619515
0.624459
0.628389
0.631298
0.633181
0.634038
0.633866
0.632667
0.630443
0.627198
0.622939
0.617673
0.611409
0.604157
0.595931
0.586744
0.576611
0.56555
0.553578
0.540717
0.526987
0.512411
0.497013
0.480819
0.463855
0.446149
0.427731
0.40863
0.388879
0.368509
0.347553
0.326047
0.304025
0.281523
0.258579
0.235228
0.211511
0.187464
0.163128
0.138541
0.113745
0.0887785
0.063683
0.038499
0.0132673
-0.0119712
-0.0371754
-0.0623048
-0.0873184
-0.112176
-0.136837
-0.161263
-0.185412
-0.209247
-0.23273
-0.255821
-0.278484
-0.300684
-0.322382
-0.343546
-0.364141
-0.384134
-0.403494
-0.422188
-0.440187
-0.457462
-0.473986
-0.489733
-0.504677
-0.518795
-0.532064
-0.544464
-0.555974
-0.566577
-0.576255
-0.584995
-0.592781
-0.599603
-0.60545
-0.610312
-0.614183
-0.617057
-0.618929
-0.619798
-0.619662
-0.618522
-0.616381
-0.613243
-0.609113
-0.603999
-0.59791
-0.590856
-0.582848
-0.573901
-0.56403
-0.553251
-0.541582
-0.529043
-0.515654
-0.501438
-0.486418
-0.470619
-0.454066
-0.436788
-0.418813
-0.40017
-0.380889
-0.361003
-0.340544
-0.319546
-0.298042
-0.276068
-0.25366
-0.230854
-0.207688
-0.184199
-0.160426
-0.136407
-0.112181
-0.0877875
-0.0632665
-0.0386576
-0.0140007
0.0106643
0.0352974
0.0598586
0.0843083
0.108607
0.132715
0.156594
0.180205
0.20351
0.226471
0.249052
0.271216
0.292928
0.314151
0.334854
0.355001
0.374562
0.393504
0.411797
0.429412
0.446321
0.462496
0.477913
0.492546
0.506373
0.51937
0.531519
0.542799
0.553193
0.562685
0.571259
0.578902
0.585603
0.591351
0.596138
0.599955
0.602799
0.604664
0.605548
0.60545
0.604371
0.602314
0.599281
0.59528
0.590316
0.584399
0.577538
0.569745
0.561034
0.551418
0.540915
0.529542
0.517317
0.504261
0.490395
0.475743
0.460329
0.444178
0.427316
0.409772
0.391574
0.372752
0.353338
0.333362
0.312857
0.291858
0.270398
0.248512
0.226236
0.203607
0.180661
0.157436
0.133969
0.110299
0.0864636
0.0625022
0.0384534
0.0143563
-0.00974996
-0.0338264
-0.0578341
-0.081734
-0.105488
-0.129056
-0.152402
-0.175488
-0.198276
-0.220729
-0.242811
-0.264488
-0.285723
-0.306482
-0.326733
-0.346443
-0.36558
-0.384114
-0.402014
-0.419253
-0.435802
-0.451636
-0.466728
-0.481055
-0.494595
-0.507325
-0.519226
-0.530279
-0.540466
-0.549772
-0.558181
-0.565681
-0.572259
-0.577907
-0.582615
-0.586377
-0.589186
-0.591038
-0.591932
-0.591866
-0.590842
-0.58886
-0.585926
-0.582043
-0.57722
-0.571464
-0.564786
-0.557196
-0.548708
-0.539336
-0.529095
-0.518002
-0.506077
-0.493339
-0.479808
-0.465508
-0.450462
-0.434694
-0.418232
-0.401101
-0.38333
-0.364948
-0.345985
-0.326473
-0.306443
-0.285928
-0.264961
-0.243577
-0.221811
-0.199697
-0.177273
-0.154575
-0.131639
-0.108503
-0.0852042
-0.0617809
-0.038271
-0.0147125
0.00885625
0.0323972
0.0558721
0.079243
0.102472
0.125522
0.148355
0.170935
0.193225
0.215189
0.236791
0.257998
0.278775
0.299088
0.318904
0.338193
0.356923
0.375063
0.392586
0.409462
0.425665
0.44117
0.45595
0.469984
0.483248
0.495721
0.507384
0.518219
0.528207
0.537334
0.545585
0.552948
0.55941
0.564962
0.569596
0.573304
0.576081
0.577924
0.578828
0.578795
0.577824
0.575917
0.573078
0.569312
0.564626
0.559028
0.552527
0.545135
0.536864
0.527727
0.517741
0.506922
0.495287
0.482857
0.469652
0.455693
0.441004
0.425608
0.409532
0.392802
0.375445
0.357489
0.338965
0.319901
0.300331
0.280285
0.259796
0.238898
0.217625
0.196012
0.174093
0.151905
0.129483
0.106865
0.0840859
0.0611839
0.0381958
0.015159
-0.00788925
-0.0309115
-0.0538705
-0.0767291
-0.0994504
-0.121997
-0.144334
-0.166424
-0.188232
-0.209722
-0.23086
-0.251612
-0.271944
-0.291825
-0.311221
-0.330101
-0.348436
-0.366196
-0.383353
-0.399878
-0.415746
-0.430932
-0.44541
-0.459159
-0.472156
-0.48438
-0.495812
-0.506435
-0.516231
-0.525184
-0.533282
-0.540511
-0.54686
-0.552319
-0.55688
-0.560536
-0.563282
-0.565114
-0.566028
-0.566025
-0.565105
-0.56327
-0.560523
-0.556869
-0.552315
-0.546868
-0.540538
-0.533336
-0.525274
-0.516365
-0.506625
-0.496069
-0.484715
-0.472582
-0.45969
-0.446061
-0.431716
-0.41668
-0.400977
-0.384633
-0.367675
-0.350131
-0.332029
-0.313399
-0.294272
-0.274679
-0.254652
-0.234223
-0.213427
-0.192296
-0.170865
-0.149169
-0.127244
-0.105125
-0.0828481
-0.0604492
-0.0379649
-0.0154317
0.00711399
0.0296355
0.0520965
0.0744605
0.0966914
0.118753
0.14061
0.162227
0.18357
0.204602
0.225292
0.245605
0.265509
0.284971
0.303961
0.322448
0.340402
0.357794
0.374598
0.390784
0.406329
0.421207
0.435394
0.448867
0.461606
0.47359
0.4848
0.495218
0.504828
0.513614
0.521564
0.528664
0.534904
0.540273
0.544764
0.54837
0.551086
0.552907
0.553832
0.553858
0.552987
0.551221
0.548563
0.545017
0.54059
0.53529
0.529126
0.522108
0.514247
0.505558
0.496055
0.485753
0.47467
0.462825
0.450235
0.436924
0.422912
0.408222
0.39288
0.376909
0.360337
0.34319
0.325496
0.307285
0.288586
0.26943
0.249849
0.229873
0.209536
0.188871
0.167911
0.146691
0.125245
0.103608
0.0818156
0.0599025
0.0379045
0.0158573
-0.00620325
-0.0282415
-0.0502218
-0.0721084
-0.093866
-0.115459
-0.136854
-0.158015
-0.178908
-0.199499
-0.219756
-0.239645
-0.259135
-0.278195
-0.296793
-0.314899
-0.332486
-0.349524
-0.365986
-0.381846
-0.397079
-0.41166
-0.425565
-0.438773
-0.451263
-0.463015
-0.474011
-0.484232
-0.493662
-0.502288
-0.510095
-0.517071
-0.523205
-0.528488
-0.532912
-0.53647
-0.539157
-0.540968
-0.541902
-0.541958
-0.541135
-0.539435
-0.536863
-0.533422
-0.529119
-0.52396
-0.517955
-0.511115
-0.50345
-0.494973
-0.485699
-0.475643
-0.464821
-0.453253
-0.440956
-0.427952
-0.414261
-0.399906
-0.384912
-0.369301
-0.353101
-0.336338
-0.319038
-0.301231
-0.282946
-0.264213
-0.245061
-0.225523
-0.20563
-0.185414
-0.164909
-0.144148
-0.123165
-0.101994
-0.0806686
-0.0592244
-0.0376959
-0.016118
0.0054743
0.027046
0.0485621
0.0699879
0.0912887
0.11243
0.133378
0.154098
0.174557
0.194722
0.214561
0.234042
0.253132
0.271803
0.290022
0.307762
0.324994
0.341689
0.357822
0.373367
0.388298
0.402592
0.416226
0.429178
0.441428
0.452956
0.463744
0.473774
0.483032
0.491502
0.499171
0.506027
0.512059
0.517259
0.521618
0.525129
0.527787
0.529589
0.530532
0.530615
0.529838
0.528203
0.525713
0.522373
0.518188
0.513166
0.507315
0.500645
0.493168
0.484896
0.475843
0.466023
0.455454
0.444153
0.432138
0.419429
0.406048
0.392016
0.377357
0.362094
0.346252
0.329859
0.312939
0.295522
0.277635
0.259309
0.240571
0.221455
0.20199
0.182208
0.162141
0.141823
0.121286
0.100563
0.0796886
0.0586964
0.0376204
0.0164948
-0.00464607
-0.025768
-0.0468368
-0.0678184
-0.0886788
-0.109384
-0.129901
-0.150197
-0.170238
-0.189993
-0.209429
-0.228515
-0.247221
-0.265516
-0.283371
-0.300757
-0.317647
-0.334013
-0.349829
-0.365069
-0.37971
-0.393728
-0.4071
-0.419805
-0.431823
-0.443136
-0.453724
-0.463571
-0.472662
-0.480982
-0.488518
-0.495258
-0.501193
-0.506312
-0.510608
-0.514075
-0.516706
-0.518499
-0.519451
-0.51956
-0.518828
-0.517255
-0.514845
-0.511602
-0.507532
-0.502642
-0.49694
-0.490435
-0.483139
-0.475065
-0.466225
-0.456634
-0.446308
-0.435264
-0.423522
-0.411099
-0.398016
-0.384296
-0.36996
-0.355032
-0.339537
-0.3235
-0.306948
-0.289906
-0.272404
-0.25447
-0.236133
-0.217423
-0.198371
-0.179008
-0.159364
-0.139473
-0.119366
-0.0990764
-0.078637
-0.058081
-0.0374417
-0.0167527
0.00395263
0.0246406
0.0452777
0.0658306
0.086266
0.106551
0.126652
0.146538
0.166176
0.185534
0.204581
0.223287
0.241622
0.259555
0.277058
0.294103
0.310662
0.32671
0.342219
0.357166
0.371527
0.385278
0.398397
0.410864
0.422659
0.433763
0.444158
0.453828
0.462757
0.470933
0.47834
0.484969
0.490809
0.49585
0.500086
0.503509
0.506114
0.507898
0.508858
0.508993
0.508303
0.50679
0.504457
0.501307
0.497347
0.492583
0.487024
0.480679
0.473558
0.465673
0.457038
0.447667
0.437576
0.426781
0.4153
0.403152
0.390358
0.376937
0.362913
0.348308
0.333147
0.317454
0.301254
0.284575
0.267444
0.249888
0.231937
0.213619
0.194964
0.176004
0.156768
0.137288
0.117596
0.0977238
0.0777035
0.0575678
0.0373494
0.0170809
-0.00320456
-0.0234743
-0.0436954
-0.0638352
-0.083861
-0.10374
-0.123442
-0.142932
-0.162181
-0.181157
-0.19983
-0.21817
-0.236146
-0.25373
-0.270894
-0.28761
-0.303851
-0.319592
-0.334806
-0.349471
-0.363561
-0.377055
-0.389931
-0.402168
-0.413747
-0.42465
-0.43486
-0.444359
-0.453133
-0.461169
-0.468453
-0.474974
-0.480723
-0.485689
-0.489866
-0.493247
-0.495827
-0.497602
-0.49857
-0.49873
-0.498082
-0.496626
-0.494367
-0.491308
-0.487454
-0.482813
-0.477392
-0.471199
-0.464247
-0.456546
-0.448109
-0.43895
-0.429085
-0.41853
-0.407302
-0.395419
-0.382902
-0.369771
-0.356048
-0.341755
-0.326915
-0.311554
-0.295695
-0.279365
-0.262592
-0.245401
-0.227821
-0.209882
-0.191611
-0.173039
-0.154197
-0.135114
-0.115822
-0.0963522
-0.0767364
-0.0570062
-0.0371937
-0.0173312
0.00254933
0.0224155
0.0422353
0.0619764
0.0816071
0.101095
0.12041
0.13952
0.158394
0.177001
0.195312
0.213298
0.230929
0.248176
0.265013
0.281411
0.297346
0.31279
0.32772
0.342111
0.35594
0.369186
0.381827
0.393842
0.405214
0.415923
0.425952
0.435287
0.443911
0.451812
0.458976
0.465394
0.471054
0.475948
0.480068
0.483408
0.485963
0.48773
0.488706
0.488889
0.48828
0.48688
0.484692
0.481719
0.477968
0.473444
0.468156
0.462111
0.455321
0.447796
0.43955
0.430596
0.420948
0.410624
0.399639
0.388013
0.375763
0.362911
0.349478
0.335485
0.320955
0.305913
0.290383
0.27439
0.257961
0.241122
0.2239
0.206325
0.188424
0.170228
0.151764
0.133064
0.114158
0.095076
0.0758499
0.0565106
0.0370896
0.0176182
-0.00187186
-0.0213491
-0.0407818
-0.0601387
-0.0793884
-0.0984998
-0.117442
-0.136184
-0.154696
-0.172948
-0.190911
-0.208556
-0.225853
-0.242776
-0.259297
-0.27539
-0.291028
-0.306187
-0.320842
-0.334969
-0.348547
-0.361554
-0.373968
-0.385769
-0.39694
-0.407462
-0.417319
-0.426494
-0.434974
-0.442745
-0.449794
-0.456111
-0.461686
-0.46651
-0.470575
-0.473876
-0.476408
-0.478166
-0.479149
-0.479355
-0.478784
-0.477437
-0.475318
-0.472429
-0.468776
-0.464366
-0.459205
-0.453303
-0.446669
-0.439315
-0.431253
-0.422496
-0.413059
-0.402957
-0.392207
-0.380827
-0.368836
-0.356253
-0.343099
-0.329395
-0.315165
-0.300431
-0.285217
-0.26955
-0.253453
-0.236953
-0.220078
-0.202854
-0.18531
-0.167475
-0.149377
-0.131046
-0.112512
-0.0938048
-0.0749548
-0.0559927
-0.0369493
-0.0178555
0.00125787
0.0203597
0.0394191
0.0584051
0.0772872
0.0960346
0.114617
0.133005
0.151168
0.169077
0.186703
0.204019
0.220995
0.237604
0.25382
0.269617
0.28497
0.299853
0.314243
0.328116
0.341452
0.354227
0.366422
0.378017
0.388994
0.399336
0.409025
0.418046
0.426386
0.434031
0.440969
0.447189
0.452681
0.457437
0.46145
0.464713
0.467221
0.468971
0.469961
0.470188
0.469654
0.468358
0.466305
0.463497
0.459939
0.455638
0.4506
0.444835
0.438352
0.431162
0.423277
0.41471
0.405475
0.395588
0.385064
0.373922
0.36218
0.349856
0.336971
0.323547
0.309605
0.295168
0.280261
0.264906
0.249129
0.232957
0.216415
0.199531
0.182331
0.164844
0.147099
0.129124
0.110949
0.0926031
0.0741158
0.0555176
0.0368384
0.0181087
-0.000641231
-0.019381
-0.0380801
-0.0567085
-0.0752359
-0.0936323
-0.111868
-0.129914
-0.14774
-0.165318
-0.18262
-0.199618
-0.216283
-0.23259
-0.248513
-0.264025
-0.279101
-0.293718
-0.307852
-0.321481
-0.334581
-0.347134
-0.359117
-0.370513
-0.381303
-0.39147
-0.400998
-0.409872
-0.418076
-0.4256
-0.43243
-0.438556
-0.443969
-0.44866
-0.452621
-0.455847
-0.458333
-0.460075
-0.461071
-0.461319
-0.46082
-0.459574
-0.457584
-0.454853
-0.451387
-0.447191
-0.442273
-0.43664
-0.430302
-0.42327
-0.415556
-0.407172
-0.398133
-0.388453
-0.378148
-0.367235
-0.355732
-0.343659
-0.331034
-0.317879
-0.304216
-0.290066
-0.275453
-0.2604
-0.244933
-0.229077
-0.212856
-0.196299
-0.179432
-0.162282
-0.144877
-0.127246
-0.109417
-0.0914197
-0.0732827
-0.0550356
-0.036708
-0.0183298
6.92686e-05
0.0184594
0.0368109
0.0550939
0.0732789
0.0913364
0.109237
0.126953
0.144454
0.161712
0.178701
0.195392
0.211758
0.227773
0.243411
0.258648
0.273458
0.287818
0.301705
0.315096
0.327971
0.340308
0.352087
0.363291
0.3739
0.383898
0.39327
0.402
0.410075
0.417481
0.424207
0.430242
0.435578
0.440205
0.444117
0.447307
0.449771
0.451505
0.452507
0.452775
0.452309
0.451111
0.449182
0.446526
0.443148
0.439053
0.434249
0.428744
0.422547
0.415668
0.408118
0.399911
0.39106
0.381579
0.371485
0.360793
0.349522
0.33769
0.325316
0.312422
0.299027
0.285153
0.270825
0.256064
0.240895
0.225343
0.209434
0.193192
0.176646
0.159821
0.142744
0.125445
0.107951
0.0902894
0.0724904
0.0545823
0.0365942
0.0185553
0.000494798
-0.0175579
-0.0355737
-0.0535233
-0.0713777
-0.0891081
-0.106686
-0.124082
-0.141269
-0.158219
-0.174905
-0.1913
-0.207377
-0.22311
-0.238474
-0.253445
-0.267998
-0.28211
-0.295758
-0.308921
-0.321576
-0.333705
-0.345287
-0.356305
-0.366739
-0.376575
-0.385796
-0.394387
-0.402336
-0.409629
-0.416254
-0.422202
-0.427463
-0.432029
-0.435893
-0.439048
-0.441491
-0.443217
-0.444225
-0.444512
-0.444078
-0.442925
-0.441055
-0.438472
-0.435178
-0.431182
-0.426488
-0.421106
-0.415044
-0.408312
-0.400922
-0.392885
-0.384216
-0.374928
-0.365037
-0.354559
-0.343511
-0.331912
-0.319781
-0.307137
-0.294001
-0.280395
-0.266341
-0.251862
-0.236982
-0.221724
-0.206114
-0.190178
-0.173941
-0.157429
-0.140671
-0.123692
-0.10652
-0.0891839
-0.0717113
-0.0541306
-0.0364703
-0.0187592
-0.00102586
0.0167009
0.0343924
0.0520199
0.069555
0.0869693
0.104235
0.121323
0.138207
0.154859
0.171252
0.187361
0.203158
0.218619
0.233718
0.248432
0.262736
0.276608
0.290026
0.302967
0.315411
0.327339
0.338731
0.349568
0.359834
0.369513
0.378588
0.387045
0.394871
0.402054
0.408582
0.414446
0.419634
0.424141
0.427958
0.43108
0.433502
0.43522
0.436233
0.436538
0.436136
0.435027
0.433214
0.430699
0.427488
0.423586
0.418999
0.413735
0.407804
0.401214
0.393977
0.386105
0.377611
0.368509
0.358815
0.348543
0.337711
0.326337
0.314439
0.302038
0.289152
0.275804
0.262015
0.247808
0.233206
0.218233
0.202913
0.187271
0.171333
0.155125
0.138672
0.122003
0.105143
0.088121
0.0709638
0.0536994
0.0363558
0.0189613
0.00154404
-0.0158678
-0.033246
-0.0505623
-0.0677889
-0.0848977
-0.101861
-0.118652
-0.135243
-0.151607
-0.167718
-0.183549
-0.199076
-0.214274
-0.229117
-0.243583
-0.257647
-0.271287
-0.284482
-0.297209
-0.309449
-0.321182
-0.332389
-0.343053
-0.353156
-0.362682
-0.371616
-0.379944
-0.387652
-0.394729
-0.401163
-0.406944
-0.412063
-0.416512
-0.420284
-0.423373
-0.425775
-0.427486
-0.428503
-0.428826
-0.428453
-0.427387
-0.425628
-0.423181
-0.420049
-0.416238
-0.411754
-0.406604
-0.400799
-0.394346
-0.387258
-0.379545
-0.37122
-0.362298
-0.352793
-0.34272
-0.332097
-0.32094
-0.309269
-0.297101
-0.284458
-0.271359
-0.257826
-0.243882
-0.229549
-0.214851
-0.19981
-0.184453
-0.168804
-0.152889
-0.136733
-0.120362
-0.103804
-0.0870852
-0.0702327
-0.0532741
-0.0362367
-0.0191483
-0.00203649
0.0150709
0.0321462
0.0491617
0.06609
0.0829035
0.0995752
0.116078
0.132385
0.148471
0.164309
0.179873
0.195139
0.210082
0.224678
0.238903
0.252734
0.26615
0.279129
0.29165
0.303692
0.315237
0.326266
0.336762
0.346707
0.356085
0.364883
0.373085
0.380679
0.387653
0.393996
0.399698
0.404749
0.409142
0.41287
0.415928
0.41831
0.420013
0.421035
0.421374
0.421031
0.420005
0.418299
0.415916
0.412861
0.409137
0.404753
0.399714
0.39403
0.38771
0.380765
0.373205
0.365045
0.356296
0.346974
0.337094
0.326672
0.315725
0.304272
0.292331
0.279921
0.267063
0.253778
0.240088
0.226015
0.211582
0.196812
0.18173
0.166361
0.150728
0.134859
0.118777
0.102511
0.0860852
0.0695275
0.0528644
0.036123
0.0193306
0.0025142
-0.0142988
-0.0310812
-0.0478058
-0.0644456
-0.0809736
-0.097363
-0.113588
-0.129621
-0.145437
-0.16101
-0.176316
-0.191329
-0.206026
-0.220382
-0.234375
-0.247982
-0.261181
-0.273951
-0.286272
-0.298123
-0.309486
-0.320342
-0.330675
-0.340467
-0.349703
-0.358369
-0.36645
-0.373933
-0.380808
-0.387062
-0.392686
-0.397672
-0.402011
-0.405697
-0.408723
-0.411086
-0.412782
-0.413809
-0.414164
-0.413848
-0.412862
-0.411207
-0.408886
-0.405904
-0.402265
-0.397977
-0.393045
-0.387478
-0.381287
-0.374479
-0.367069
-0.359066
-0.350485
-0.341341
-0.331646
-0.321419
-0.310676
-0.299433
-0.287711
-0.275527
-0.262902
-0.249857
-0.236413
-0.222591
-0.208415
-0.193907
-0.179091
-0.163992
-0.148633
-0.13304
-0.117239
-0.101254
-0.0851123
-0.0688397
-0.0524626
-0.0360076
-0.0195015
-0.00297089
0.0135573
0.0300563
0.0464995
0.0628602
0.0791118
0.0952283
0.111183
0.126951
0.142507
0.157825
0.17288
0.187649
0.202107
0.216231
0.229999
0.243389
0.256378
0.268946
0.281073
0.292739
0.303925
0.314615
0.32479
0.334434
0.343532
0.35207
0.360033
0.367409
0.374187
0.380356
0.385906
0.390828
0.395114
0.398759
0.401755
0.4041
0.405788
0.406819
0.40719
0.4069
0.405952
0.404346
0.402085
0.399174
0.395618
0.391422
0.386593
0.38114
0.375072
0.368399
0.361132
0.353282
0.344864
0.33589
0.326376
0.316337
0.30579
0.294752
0.283241
0.271276
0.258877
0.246063
0.232856
0.219278
0.20535
0.191095
0.176537
0.161699
0.146605
0.13128
0.11575
0.100038
0.0841706
0.0681739
0.0520735
0.0358957
0.0196666
0.00341262
-0.0128399
-0.0290647
-0.0452354
-0.061326
-0.0773102
-0.0931624
-0.108857
-0.124368
-0.139671
-0.154741
-0.169554
-0.184086
-0.198314
-0.212214
-0.225764
-0.238943
-0.251729
-0.264101
-0.27604
-0.287527
-0.298543
-0.309071
-0.319093
-0.328594
-0.337558
-0.345972
-0.353821
-0.361094
-0.367778
-0.373864
-0.379341
-0.384201
-0.388437
-0.392041
-0.395009
-0.397335
-0.399017
-0.400051
-0.400436
-0.400173
-0.399261
-0.397702
-0.3955
-0.392658
-0.38918
-0.385074
-0.380345
-0.375002
-0.369054
-0.36251
-0.355381
-0.34768
-0.339419
-0.330611
-0.321271
-0.311414
-0.301057
-0.290216
-0.27891
-0.267157
-0.254975
-0.242386
-0.229409
-0.216066
-0.202379
-0.188369
-0.17406
-0.159475
-0.144638
-0.129573
-0.114304
-0.0988564
-0.0832551
-0.0675254
-0.051693
-0.0357835
-0.0198227
-0.00383653
0.0121491
0.0281083
0.0440153
0.0598442
0.0755695
0.0911657
0.106608
0.12187
0.136929
0.151759
0.166338
0.180641
0.194645
0.208327
0.221667
0.234641
0.24723
0.259413
0.27117
0.282483
0.293334
0.303705
0.313579
0.322941
0.331776
0.340069
0.347808
0.35498
0.361574
0.367579
0.372986
0.377787
0.381973
0.385538
0.388477
0.390786
0.39246
0.393498
0.393897
0.393659
0.392782
0.391269
0.389123
0.386347
0.382947
0.378927
0.374295
0.369058
0.363225
0.356807
0.349812
0.342254
0.334145
0.325497
0.316326
0.306645
0.296472
0.285823
0.274715
0.263167
0.251197
0.238824
0.22607
0.212955
0.199501
0.185728
0.171661
0.157321
0.142732
0.127918
0.112903
0.0977111
0.0823673
0.0668963
0.0513234
0.0356738
0.0199728
0.00424605
-0.0114811
-0.027183
-0.0428345
-0.05841
-0.0738844
-0.0892326
-0.10443
-0.119452
-0.134274
-0.148872
-0.163223
-0.177303
-0.191091
-0.204563
-0.217698
-0.230474
-0.242872
-0.254872
-0.266453
-0.277598
-0.288288
-0.298507
-0.308238
-0.317465
-0.326174
-0.334351
-0.341983
-0.349057
-0.355563
-0.36149
-0.366829
-0.371571
-0.37571
-0.379237
-0.382149
-0.38444
-0.386107
-0.387148
-0.387562
-0.387346
-0.386504
-0.385035
-0.382943
-0.380232
-0.376905
-0.372969
-0.368431
-0.363297
-0.357576
-0.351279
-0.344415
-0.336995
-0.329033
-0.320541
-0.311532
-0.302023
-0.292028
-0.281564
-0.270648
-0.259298
-0.247532
-0.235371
-0.222832
-0.209938
-0.196709
-0.183167
-0.169333
-0.155231
-0.140882
-0.126312
-0.111543
-0.0965985
-0.0815041
-0.0662838
-0.0509624
-0.0355646
-0.0201155
-0.00464007
0.0108365
0.0262892
0.041693
0.0570229
0.0722541
0.0873621
0.102322
0.117111
0.131703
0.146076
0.160207
0.174072
0.187649
0.200917
0.213854
0.226439
0.238652
0.250473
0.261884
0.272865
0.2834
0.293471
0.303063
0.31216
0.320747
0.328811
0.336339
0.343319
0.349739
0.35559
0.360863
0.365549
0.36964
0.373131
0.376016
0.37829
0.379951
0.380995
0.381421
0.381229
0.380419
0.378993
0.376954
0.374305
0.37105
0.367195
0.362747
0.357713
0.352101
0.345921
0.339183
0.331897
0.324078
0.315736
0.306885
0.297542
0.287719
0.277435
0.266705
0.255547
0.24398
0.232022
0.219693
0.207012
0.194002
0.180682
0.167075
0.153203
0.139088
0.124753
0.110222
0.0955186
0.080666
0.0656887
0.050611
0.0354573
0.0202523
0.00502064
-0.010213
-0.025424
-0.0405877
-0.0556795
-0.070675
-0.0855499
-0.10028
-0.114842
-0.129212
-0.143367
-0.157284
-0.17094
-0.184314
-0.197384
-0.210128
-0.222527
-0.234561
-0.246209
-0.257454
-0.268277
-0.278661
-0.28859
-0.298047
-0.307017
-0.315485
-0.32344
-0.330867
-0.337755
-0.344092
-0.34987
-0.355078
-0.359709
-0.363755
-0.36721
-0.370069
-0.372327
-0.373981
-0.375028
-0.375466
-0.375297
-0.374519
-0.373134
-0.371146
-0.368556
-0.365371
-0.361595
-0.357234
-0.352297
-0.34679
-0.340723
-0.334107
-0.326952
-0.319271
-0.311074
-0.302378
-0.293194
-0.283539
-0.273429
-0.262879
-0.251908
-0.240532
-0.228772
-0.216646
-0.204173
-0.191374
-0.178271
-0.164883
-0.151234
-0.137345
-0.12324
-0.10894
-0.094469
-0.0798509
-0.0651093
-0.0502679
-0.0353511
-0.0203828
-0.00538748
0.00961063
0.0245872
0.039518
0.0543788
0.0691457
0.0837946
0.0983019
0.112644
0.126798
0.140741
0.154451
0.167904
0.181081
0.193958
0.206516
0.218735
0.230594
0.242075
0.253159
0.263829
0.274067
0.283856
0.293182
0.302029
0.310383
0.318231
0.32556
0.332359
0.338616
0.344322
0.349468
0.354046
0.358048
0.361468
0.364301
0.366543
0.36819
0.369239
0.36969
0.369542
0.368795
0.36745
0.365511
0.36298
0.359862
0.356162
0.351886
0.347042
0.341637
0.335681
0.329183
0.322155
0.314607
0.306552
0.298003
0.288976
0.279483
0.269541
0.259166
0.248376
0.237187
0.225618
0.213688
0.201417
0.188824
0.17593
0.162756
0.149323
0.135654
0.12177
0.107694
0.0934492
0.0790587
0.0645456
0.0499336
0.0352464
0.0205079
0.0057419
-0.00902763
-0.0237768
-0.0384816
-0.0531183
-0.0676632
-0.0820928
-0.0963838
-0.110513
-0.124457
-0.138195
-0.151703
-0.16496
-0.177945
-0.190636
-0.203013
-0.215056
-0.226747
-0.238065
-0.248993
-0.259513
-0.269609
-0.279264
-0.288463
-0.29719
-0.305433
-0.313177
-0.320411
-0.327123
-0.333302
-0.338939
-0.344024
-0.34855
-0.352509
-0.355895
-0.358704
-0.36093
-0.36257
-0.363622
-0.364085
-0.363957
-0.36324
-0.361934
-0.360042
-0.357568
-0.354515
-0.350889
-0.346695
-0.341942
-0.336636
-0.330786
-0.324403
-0.317497
-0.310079
-0.302161
-0.293757
-0.28488
-0.275545
-0.265767
-0.255562
-0.244946
-0.233938
-0.222555
-0.210816
-0.19874
-0.186347
-0.173656
-0.160689
-0.147466
-0.13401
-0.120341
-0.106483
-0.0924576
-0.0782878
-0.0639966
-0.0496072
-0.035143
-0.0206274
-0.00608402
0.00846364
0.022992
0.0374775
0.0518966
0.0662261
0.0804428
0.0945237
0.108446
0.122187
0.135725
0.149038
0.162104
0.174902
0.187412
0.199614
0.211487
0.223013
0.234173
0.24495
0.255325
0.265283
0.274807
0.283882
0.292494
0.300628
0.308272
0.315413
0.322041
0.328144
0.333713
0.338739
0.343215
0.347132
0.350486
0.35327
0.355481
0.357114
0.358169
0.358643
0.358535
0.357846
0.356578
0.354732
0.352313
0.349323
0.345768
0.341655
0.336989
0.331779
0.326034
0.319762
0.312974
0.305682
0.297898
0.289633
0.280903
0.27172
0.262101
0.25206
0.241615
0.230783
0.219581
0.208027
0.19614
0.18394
0.171447
0.15868
0.145662
0.132412
0.118953
0.105306
0.0914932
0.0775378
0.063462
0.0492888
0.0350411
0.020742
0.00641475
-0.00791746
-0.0222314
-0.0365039
-0.0507117
-0.0648321
-0.078842
-0.0927188
-0.10644
-0.119984
-0.133328
-0.146451
-0.159331
-0.171949
-0.184283
-0.196314
-0.208022
-0.219389
-0.230395
-0.241025
-0.251259
-0.261083
-0.27048
-0.279435
-0.287933
-0.295962
-0.303509
-0.31056
-0.317106
-0.323135
-0.328639
-0.333608
-0.338034
-0.341911
-0.345232
-0.347993
-0.350188
-0.351816
-0.352873
-0.353357
-0.353269
-0.352608
-0.351376
-0.349575
-0.347208
-0.34428
-0.340795
-0.336759
-0.332178
-0.327061
-0.321416
-0.315253
-0.308581
-0.301411
-0.293755
-0.285627
-0.277038
-0.268004
-0.258539
-0.248658
-0.238379
-0.227717
-0.21669
-0.205315
-0.193613
-0.181601
-0.169299
-0.156728
-0.143907
-0.130858
-0.117602
-0.10416
-0.0905548
-0.0768076
-0.0629411
-0.0489778
-0.0349404
-0.0208517
-0.00673437
0.00738853
0.0214942
0.0355597
0.0495623
0.0634794
0.0772884
0.090967
0.104493
0.117845
0.131
0.143939
0.156639
0.169081
0.181244
0.193109
0.204657
0.215868
0.226726
0.237212
0.24731
0.257003
0.266277
0.275115
0.283504
0.29143
0.298882
0.305846
0.312312
0.31827
0.323709
0.328622
0.333001
0.336838
0.340128
0.342866
0.345047
0.346668
0.347727
0.348221
0.348152
0.347518
0.346321
0.344564
0.342249
0.33938
0.335962
0.332001
0.327503
0.322477
0.31693
0.310871
0.30431
0.297259
0.289729
0.281733
0.273282
0.264392
0.255077
0.245352
0.235233
0.224736
0.213879
0.20268
0.191156
0.179327
0.167211
0.154829
0.142201
0.129347
0.116288
0.103046
0.0896415
0.0760966
0.0624335
0.0486742
0.0348412
0.0209568
0.00704356
-0.00687594
-0.0207792
-0.0346436
-0.0484467
-0.0621663
-0.07578
-0.0892659
-0.102602
-0.115767
-0.12874
-0.141499
-0.154024
-0.166295
-0.178292
-0.189996
-0.201387
-0.212448
-0.223161
-0.233508
-0.243473
-0.253039
-0.262192
-0.270917
-0.2792
-0.287027
-0.294386
-0.301265
-0.307653
-0.313541
-0.318918
-0.323777
-0.328109
-0.331908
-0.335167
-0.337883
-0.340049
-0.341664
-0.342725
-0.34323
-0.343178
-0.34257
-0.341408
-0.339693
-0.337427
-0.334616
-0.331264
-0.327376
-0.322959
-0.31802
-0.312567
-0.30661
-0.300159
-0.293223
-0.285815
-0.277946
-0.26963
-0.26088
-0.25171
-0.242136
-0.232173
-0.221837
-0.211146
-0.200116
-0.188766
-0.177115
-0.16518
-0.152983
-0.140541
-0.127877
-0.11501
-0.101961
-0.0887521
-0.075404
-0.0619385
-0.0483776
-0.0347432
-0.0210575
-0.00734263
0.00637911
0.0200855
0.0337544
0.0473636
0.060891
0.0743149
0.0876135
0.100765
0.113749
0.126544
0.139128
0.151483
0.163588
0.175424
0.18697
0.19821
0.209124
0.219696
0.229907
0.239743
0.249186
0.258222
0.266836
0.275015
0.282745
0.290014
0.296811
0.303124
0.308944
0.314261
0.319066
0.323353
0.327114
0.330344
0.333038
0.33519
0.336799
0.337861
0.338376
0.338342
0.337759
0.33663
0.334955
0.332739
0.329984
0.326695
0.322878
0.318539
0.313685
0.308325
0.302467
0.296121
0.289298
0.282008
0.274264
0.266078
0.257464
0.248435
0.239008
0.229197
0.219017
0.208487
0.197622
0.186441
0.174962
0.163204
0.151185
0.138926
0.126446
0.113765
0.100905
0.0878858
0.074729
0.0614557
0.0480877
0.0346465
0.021154
0.00763212
-0.00589729
-0.0194123
-0.032891
-0.0463115
-0.0596522
-0.0728914
-0.0860077
-0.0989799
-0.111787
-0.124409
-0.136824
-0.149013
-0.160956
-0.172634
-0.184029
-0.19512
-0.205892
-0.216326
-0.226406
-0.236116
-0.245439
-0.254361
-0.262868
-0.270946
-0.278582
-0.285763
-0.292479
-0.298719
-0.304472
-0.30973
-0.314484
-0.318727
-0.322452
-0.325653
-0.328325
-0.330464
-0.332066
-0.33313
-0.333654
-0.333637
-0.333079
-0.331982
-0.330347
-0.328177
-0.325477
-0.322249
-0.318501
-0.314238
-0.309467
-0.304197
-0.298435
-0.292192
-0.285478
-0.278303
-0.27068
-0.262621
-0.254139
-0.245249
-0.235964
-0.2263
-0.216273
-0.205898
-0.195194
-0.184178
-0.172867
-0.161279
-0.149435
-0.137353
-0.125052
-0.112553
-0.0998759
-0.0870416
-0.0740708
-0.0609846
-0.0478042
-0.034551
-0.0212465
-0.00791233
0.00542994
0.0187587
0.0320523
0.0452893
0.0584481
0.0715076
0.0844466
0.0972442
0.10988
0.122333
0.134583
0.146611
0.158397
0.169922
0.181167
0.192115
0.202748
0.213049
0.223001
0.232587
0.241794
0.250605
0.259008
0.266987
0.274531
0.281627
0.288265
0.294433
0.300122
0.305322
0.310026
0.314226
0.317915
0.321087
0.323739
0.325864
0.327461
0.328526
0.329059
0.329058
0.328524
0.327458
0.325862
0.323738
0.32109
0.317923
0.314242
0.310053
0.305362
0.300179
0.294511
0.288368
0.281759
0.274697
0.267191
0.259256
0.250903
0.242146
0.233
0.223479
0.2136
0.203378
0.19283
0.181974
0.170826
0.159405
0.14773
0.13582
0.123694
0.111371
0.0988729
0.0862185
0.0734288
0.0605246
0.0475268
0.0344566
0.0213351
0.00818365
-0.00497647
-0.0181239
-0.0312374
-0.0442957
-0.0572776
-0.0701621
-0.0829285
-0.095556
-0.108024
-0.120313
-0.132403
-0.144273
-0.155906
-0.167282
-0.178383
-0.189191
-0.199689
-0.20986
-0.219686
-0.229154
-0.238246
-0.24695
-0.25525
-0.263134
-0.270588
-0.277602
-0.284163
-0.290261
-0.295887
-0.301032
-0.305686
-0.309844
-0.313498
-0.316643
-0.319274
-0.321386
-0.322977
-0.324044
-0.324586
-0.324601
-0.32409
-0.323054
-0.321495
-0.319416
-0.316819
-0.31371
-0.310094
-0.305977
-0.301365
-0.296266
-0.290689
-0.284643
-0.278138
-0.271184
-0.263794
-0.255978
-0.24775
-0.239124
-0.230113
-0.220732
-0.210997
-0.200923
-0.190527
-0.179826
-0.168838
-0.157579
-0.146069
-0.134326
-0.12237
-0.11022
-0.0978947
-0.0854154
-0.0728021
-0.0600751
-0.0472552
-0.0343631
-0.0214198
-0.00844628
0.00453646
0.0175074
0.0304454
0.0433296
0.0561392
0.0688534
0.0814516
0.0939134
0.106219
0.118348
0.130281
0.141999
0.153482
0.164713
0.175673
0.186345
0.196711
0.206755
0.21646
0.225811
0.234793
0.243391
0.251592
0.259382
0.266749
0.273682
0.280169
0.286199
0.291763
0.296853
0.30146
0.305577
0.309197
0.312315
0.314926
0.317025
0.31861
0.319679
0.320228
0.320259
0.31977
0.318764
0.317241
0.315205
0.312659
0.309607
0.306054
0.302006
0.297471
0.292455
0.286966
0.281015
0.27461
0.267762
0.260483
0.252784
0.244678
0.236179
0.227299
0.218054
0.20846
0.19853
0.188282
0.177733
0.166899
0.155798
0.144449
0.13287
0.121079
0.109096
0.0969401
0.0846314
0.0721898
0.0596355
0.0469888
0.0342703
0.0215006
0.00870038
-0.00410954
-0.0169084
-0.0296756
-0.0423902
-0.0550319
-0.06758
-0.0800144
-0.0923148
-0.104461
-0.116435
-0.128215
-0.139784
-0.151122
-0.162211
-0.173034
-0.183573
-0.193811
-0.203731
-0.213317
-0.222555
-0.231428
-0.239924
-0.248028
-0.255727
-0.26301
-0.269863
-0.276277
-0.282241
-0.287746
-0.292782
-0.297342
-0.301419
-0.305006
-0.308098
-0.310689
-0.312776
-0.314355
-0.315424
-0.315982
-0.316027
-0.315561
-0.314583
-0.313096
-0.311101
-0.308604
-0.305607
-0.302115
-0.298136
-0.293674
-0.288738
-0.283336
-0.277477
-0.27117
-0.264426
-0.257255
-0.24967
-0.241683
-0.233307
-0.224555
-0.215443
-0.205985
-0.196196
-0.186092
-0.17569
-0.165008
-0.154061
-0.142868
-0.131448
-0.119818
-0.107998
-0.0960074
-0.083865
-0.0715908
-0.0592047
-0.0467269
-0.0341775
-0.021577
-0.00894577
0.00369569
0.0163269
0.0289274
0.0414767
0.0539547
0.0663409
0.0786155
0.0907586
0.10275
0.114572
0.126203
0.137627
0.148823
0.159774
0.170463
0.180872
0.190985
0.200784
0.210255
0.219382
0.22815
0.236545
0.244555
0.252165
0.259365
0.266141
0.272484
0.278383
0.283829
0.288813
0.293328
0.297366
0.30092
0.303986
0.306558
0.308632
0.310205
0.311276
0.311841
0.311901
0.311455
0.310505
0.309052
0.307098
0.304648
0.301705
0.298273
0.29436
0.289971
0.285113
0.279795
0.274025
0.267813
0.261169
0.254104
0.24663
0.238759
0.230503
0.221877
0.212893
0.203568
0.193916
0.183953
0.173695
0.16316
0.152363
0.141323
0.130057
0.118585
0.106924
0.0950942
0.0831139
0.071003
0.058781
0.0464678
0.0340835
0.021648
0.00918163
-0.00329548
-0.0157631
-0.028201
-0.040589
-0.0529072
-0.0651355
-0.0772542
-0.0892436
-0.101084
-0.112757
-0.124244
-0.135525
-0.146583
-0.1574
-0.167958
-0.17824
-0.18823
-0.197911
-0.207269
-0.216288
-0.224953
-0.233251
-0.241168
-0.248691
-0.255809
-0.26251
-0.268783
-0.274619
-0.280008
-0.284941
-0.289411
-0.29341
-0.296932
-0.299972
-0.302525
-0.304587
-0.306155
-0.307225
-0.307798
-0.307872
-0.307446
-0.306523
-0.305103
-0.303189
-0.300784
-0.297893
-0.29452
-0.290671
-0.286352
-0.28157
-0.276334
-0.270651
-0.264532
-0.257986
-0.251024
-0.243658
-0.235899
-0.227761
-0.219256
-0.210399
-0.201203
-0.191685
-0.181859
-0.171741
-0.161349
-0.150699
-0.139807
-0.128693
-0.117374
-0.105869
-0.0941956
-0.0823736
-0.070422
-0.0583602
-0.0462079
-0.0339846
-0.0217103
-0.00940493
0.00291164
0.0152194
0.0274985
0.0397289
0.0518909
0.0639648
0.0759311
0.0877703
0.0994634
0.110991
0.122336
0.133478
0.144401
0.155085
0.165515
0.175673
0.185543
0.19511
0.204356
0.213269
0.221833
0.230035
0.237861
0.245299
0.252337
0.258964
0.265169
0.270942
0.276274
0.281157
0.285583
0.289544
0.293034
0.296049
0.298582
0.300631
0.302193
0.303263
0.303842
0.303929
0.303523
0.302625
0.301236
0.299361
0.297
0.294159
0.290842
0.287055
0.282804
0.278096
0.272939
0.267341
0.261312
0.254861
0.248
0.240738
0.233089
0.225065
0.216678
0.207944
0.198874
0.189486
0.179794
0.169813
0.159561
0.149053
0.138307
0.12734
0.116171
0.104817
0.0932971
0.0816296
0.0698337
0.0579284
0.0459332
0.0338675
0.0217508
0.00960287
-0.00255663
-0.014708
-0.0268315
-0.0389076
-0.0509167
-0.0628392
-0.074656
-0.086348
-0.0978961
-0.109282
-0.120487
-0.131492
-0.142282
-0.152837
-0.16314
-0.173176
-0.182928
-0.192381
-0.201518
-0.210326
-0.21879
-0.226896
-0.234632
-0.241985
-0.248944
-0.255497
-0.261633
-0.267344
-0.272619
-0.277451
-0.281831
-0.285753
-0.289211
-0.292198
-0.294711
-0.296746
-0.298299
-0.299367
-0.29995
-0.300047
-0.299657
-0.298782
-0.297423
-0.295582
-0.293262
-0.290468
-0.287203
-0.283475
-0.279288
-0.274649
-0.269567
-0.264049
-0.258105
-0.251745
-0.244979
-0.237817
-0.230273
-0.222357
-0.214084
-0.205466
-0.196518
-0.187254
-0.177689
-0.16784
-0.157721
-0.14735
-0.136744
-0.125919
-0.114894
-0.103685
-0.0923126
-0.0807937
-0.0691475
-0.0573928
-0.0455489
-0.0336348
-0.0216699
-0.00967373
0.0023344
0.014335
0.0263085
0.0382357
0.0500972
0.0618737
0.0735462
0.0850959
0.096504
0.107752
0.118822
0.129696
0.140356
0.150786
0.160967
0.170885
0.180522
0.189864
0.198896
0.207602
0.215968
0.223982
0.231631
0.238902
0.245783
0.252264
0.258333
0.263982
0.269202
0.273983
0.278319
0.282202
0.285627
0.288588
0.29108
0.293099
0.294643
0.295708
0.296294
0.2964
0.296025
0.29517
0.293837
0.292028
0.289746
0.286996
0.283781
0.280107
0.27598
0.271407
0.266395
0.260953
0.25509
0.248815
0.242139
0.235072
0.227627
0.219814
0.211648
0.203141
0.194308
0.185162
0.175719
0.165993
0.156002
0.145761
0.135287
0.124596
0.113707
0.102637
0.0914034
0.0800253
0.068521
0.056909
0.0452083
0.0334378
0.0216166
0.00976389
-0.00210111
-0.0139592
-0.0257911
-0.0375777
-0.0492998
-0.0609386
-0.0724752
-0.0838909
-0.0951673
-0.106286
-0.117229
-0.127979
-0.138519
-0.148831
-0.158898
-0.168705
-0.178236
-0.187475
-0.196408
-0.20502
-0.213296
-0.221225
-0.228793
-0.235988
-0.242799
-0.249214
-0.255223
-0.260817
-0.265987
-0.270724
-0.275021
-0.278872
-0.282269
-0.285208
-0.287684
-0.289693
-0.291232
-0.292299
-0.292891
-0.293009
-0.292653
-0.291822
-0.290519
-0.288745
-0.286504
-0.2838
-0.280637
-0.27702
-0.272955
-0.268449
-0.26351
-0.258145
-0.252364
-0.246175
-0.23959
-0.232618
-0.225272
-0.217562
-0.209503
-0.201107
-0.192387
-0.183359
-0.174036
-0.164434
-0.154568
-0.144455
-0.134112
-0.123554
-0.112799
-0.101864
-0.0907681
-0.0795283
-0.0681631
-0.056691
-0.0451305
-0.0335004
-0.0218196
-0.010107
0.00161832
0.0133375
0.0250314
0.0366812
0.0482681
0.0597732
0.0711779
0.0824638
0.0936126
0.104606
0.115427
0.126058
0.136481
0.14668
0.156638
0.166339
0.175768
0.184909
0.193747
0.202269
0.210461
0.218309
0.225801
0.232925
0.23967
0.246024
0.251978
0.257521
0.262646
0.267343
0.271606
0.275427
0.278802
0.281723
0.284187
0.28619
0.287729
0.288801
0.289404
0.289539
0.289205
0.288402
0.287132
0.285397
0.283201
0.280546
0.277438
0.273881
0.269882
0.265446
0.260582
0.255298
0.249601
0.243501
0.237009
0.230135
0.222891
0.215287
0.207337
0.199054
0.190451
0.181542
0.172341
0.162864
0.153126
0.143144
0.132932
0.122508
0.111889
0.101092
0.0901347
0.0790347
0.0678101
0.0564791
0.0450602
0.0335719
0.0220327
0.0104615
-0.00112308
-0.0127022
-0.0242571
-0.0357691
-0.0472195
-0.0585898
-0.0698617
-0.0810168
-0.0920371
-0.102905
-0.113602
-0.124113
-0.134418
-0.144503
-0.154351
-0.163945
-0.173271
-0.182313
-0.191056
-0.199488
-0.207593
-0.21536
-0.222775
-0.229827
-0.236504
-0.242796
-0.248692
-0.254184
-0.259262
-0.263919
-0.268146
-0.271938
-0.275287
-0.27819
-0.28064
-0.282636
-0.284172
-0.285248
-0.285861
-0.286011
-0.285697
-0.28492
-0.283682
-0.281985
-0.279831
-0.277224
-0.274169
-0.270671
-0.266735
-0.262368
-0.257577
-0.25237
-0.246756
-0.240744
-0.234343
-0.227565
-0.22042
-0.21292
-0.205077
-0.196905
-0.188416
-0.179624
-0.170544
-0.16119
-0.151578
-0.141723
-0.131642
-0.12135
-0.110865
-0.100204
-0.089383
-0.0784209
-0.0673351
-0.0561436
-0.0448645
-0.0335162
-0.0221171
-0.0106856
0.000759608
0.0122001
0.0236173
0.0349928
0.046308
0.0575447
0.0686847
0.07971
0.0906027
0.101345
0.11192
0.122311
0.1325
0.142471
0.152208
0.161696
0.170918
0.179861
0.18851
0.19685
0.204869
0.212554
0.219892
0.226871
0.23348
0.239709
0.245547
0.250986
0.256017
0.260631
0.264821
0.268581
0.271904
0.274786
0.277222
0.279207
0.28074
0.281817
0.282437
0.282599
0.282304
0.28155
0.280341
0.278678
0.276564
0.274002
0.270997
0.267553
0.263677
0.259375
0.254654
0.249522
0.243987
0.238058
0.231746
0.225059
0.21801
0.21061
0.202871
0.194805
0.186426
0.177748
0.168784
0.159549
0.150059
0.140328
0.130373
0.120209
0.109854
0.0993238
0.0886359
0.0778077
0.0668566
0.0558006
0.0446574
0.0334453
0.0221823
0.0108868
-0.000422889
-0.0117285
-0.0230117
-0.0342541
-0.0454377
-0.0565442
-0.0675557
-0.0784544
-0.0892227
-0.0998432
-0.110299
-0.120572
-0.130647
-0.140507
-0.150137
-0.15952
-0.168642
-0.177488
-0.186044
-0.194296
-0.20223
-0.209834
-0.217096
-0.224003
-0.230546
-0.236713
-0.242495
-0.247881
-0.252865
-0.257437
-0.261591
-0.265319
-0.268617
-0.271478
-0.273898
-0.275874
-0.277402
-0.27848
-0.279106
-0.27928
-0.279001
-0.278271
-0.277089
-0.275459
-0.273383
-0.270864
-0.267907
-0.264517
-0.2607
-0.25646
-0.251807
-0.246747
-0.241289
-0.235441
-0.229213
-0.222616
-0.21566
-0.208357
-0.200718
-0.192756
-0.184484
-0.175916
-0.167065
-0.157946
-0.148574
-0.138964
-0.129132
-0.119093
-0.108864
-0.0984619
-0.0879033
-0.0772055
-0.0663857
-0.0554616
-0.0444508
-0.0333713
-0.0222411
-0.0110781
9.94583e-05
0.0112735
0.022426
0.0335388
0.0445939
0.0555735
0.0664597
0.077235
0.0878819
0.0983831
0.108722
0.118881
0.128845
0.138597
0.148121
0.157403
0.166427
0.175178
0.183643
0.191808
0.199659
0.207185
0.214372
0.22121
0.227687
0.233794
0.23952
0.244856
0.249793
0.254325
0.258442
0.26214
0.265412
0.268253
0.270658
0.272624
0.274147
0.275226
0.275858
0.276043
0.275781
0.275072
0.273917
0.272319
0.270279
0.267803
0.264893
0.261555
0.257794
0.253616
0.249028
0.244039
0.238655
0.232886
0.226741
0.220231
0.213366
0.206157
0.198616
0.190755
0.182588
0.174127
0.165387
0.156381
0.147124
0.137631
0.127919
0.118001
0.107896
0.0976188
0.0871863
0.0766157
0.065924
0.0551286
0.044247
0.033297
0.0222963
0.0112626
0.000214013
-0.0108317
-0.0218566
-0.0328428
-0.0437726
-0.0546282
-0.0653921
-0.0760468
-0.0865751
-0.0969601
-0.107185
-0.117233
-0.127088
-0.136734
-0.146156
-0.155338
-0.164266
-0.172925
-0.181301
-0.18938
-0.197151
-0.2046
-0.211715
-0.218484
-0.224898
-0.230945
-0.236617
-0.241903
-0.246796
-0.251287
-0.255369
-0.259037
-0.262284
-0.265104
-0.267495
-0.269451
-0.270969
-0.272049
-0.272687
-0.272883
-0.272636
-0.271948
-0.27082
-0.269252
-0.267249
-0.264814
-0.26195
-0.258662
-0.254956
-0.250838
-0.246315
-0.241393
-0.236082
-0.23039
-0.224327
-0.217901
-0.211125
-0.204008
-0.196562
-0.188801
-0.180735
-0.172379
-0.163746
-0.15485
-0.145706
-0.136329
-0.126733
-0.116935
-0.10695
-0.0967942
-0.0864849
-0.0760384
-0.0654718
-0.0548022
-0.0440468
-0.0332232
-0.022349
-0.0114417
-0.000518982
0.0104013
0.0213016
0.0321642
0.0429715
0.053706
0.0643504
0.0748873
0.0852998
0.0955711
0.105684
0.115624
0.125372
0.134915
0.144237
0.153322
0.162156
0.170724
0.179013
0.18701
0.194702
0.202075
0.209119
0.215822
0.222174
0.228163
0.233781
0.239019
0.243867
0.248319
0.252368
0.256006
0.259228
0.262029
0.264405
0.266351
0.267865
0.268945
0.269588
0.269795
0.269564
0.268897
0.267793
0.266256
0.264289
0.261893
0.259073
0.255835
0.252183
0.248123
0.243663
0.238808
0.233568
0.227952
0.221967
0.215624
0.208934
0.201907
0.194555
0.18689
0.178924
0.17067
0.162143
0.153354
0.14432
0.135055
0.125573
0.115891
0.106024
0.0959875
0.0857985
0.0754735
0.0650291
0.0544823
0.0438502
0.0331502
0.0223996
0.0116157
0.000816121
-0.00998166
-0.0207602
-0.0315019
-0.0421895
-0.0528057
-0.0633332
-0.073755
-0.0840543
-0.0942144
-0.104219
-0.114052
-0.123697
-0.133139
-0.142362
-0.151352
-0.160094
-0.168574
-0.176779
-0.184694
-0.192308
-0.199609
-0.206583
-0.213221
-0.219512
-0.225444
-0.23101
-0.2362
-0.241006
-0.245419
-0.249434
-0.253043
-0.256241
-0.259023
-0.261384
-0.263321
-0.264831
-0.265911
-0.26656
-0.266777
-0.266561
-0.265913
-0.264835
-0.263328
-0.261394
-0.259038
-0.256262
-0.253072
-0.249472
-0.245469
-0.24107
-0.236281
-0.231111
-0.225567
-0.21966
-0.213398
-0.206792
-0.199853
-0.192592
-0.185021
-0.177153
-0.168999
-0.160574
-0.151891
-0.142965
-0.133809
-0.124439
-0.11487
-0.105118
-0.0951982
-0.0851269
-0.0749205
-0.0645955
-0.0541689
-0.0436574
-0.0330782
-0.0224483
-0.0117852
-0.00110593
0.00957205
0.0202315
0.0308551
0.0414256
0.0519261
0.0623393
0.0726486
0.0828372
0.0928887
0.102787
0.112515
0.122059
0.131402
0.140529
0.149427
0.158079
0.166473
0.174594
0.182431
0.189969
0.197197
0.204104
0.210678
0.216909
0.222786
0.228301
0.233444
0.238208
0.242584
0.246565
0.250146
0.253321
0.256084
0.258431
0.260359
0.261864
0.262945
0.263599
0.263826
0.263625
0.262997
0.261942
0.260464
0.258564
0.256245
0.253512
0.250369
0.246821
0.242874
0.238534
0.233809
0.228707
0.223235
0.217403
0.211221
0.204697
0.197844
0.190673
0.183194
0.17542
0.167365
0.15904
0.15046
0.141639
0.13259
0.12333
0.113872
0.104232
0.0944258
0.0844695
0.0743791
0.064171
0.0538618
0.0434682
0.0330071
0.0224954
0.0119503
0.00138876
-0.00917205
-0.019715
-0.0302231
-0.0406791
-0.0510664
-0.0613679
-0.0715671
-0.0816474
-0.0915926
-0.101387
-0.111013
-0.120458
-0.129704
-0.138738
-0.147544
-0.156108
-0.164418
-0.172458
-0.180217
-0.187681
-0.194839
-0.20168
-0.208191
-0.214364
-0.220187
-0.225652
-0.230749
-0.235471
-0.239811
-0.24376
-0.247313
-0.250465
-0.253209
-0.255543
-0.257462
-0.258962
-0.260043
-0.260702
-0.260939
-0.260752
-0.260143
-0.259113
-0.257663
-0.255795
-0.253514
-0.250822
-0.247725
-0.244227
-0.240335
-0.236054
-0.231391
-0.226355
-0.220953
-0.215195
-0.20909
-0.202648
-0.195879
-0.188794
-0.181406
-0.173725
-0.165765
-0.157539
-0.14906
-0.140341
-0.131398
-0.122244
-0.112894
-0.103364
-0.0936696
-0.0838258
-0.0738489
-0.0637551
-0.0535608
-0.0432825
-0.032937
-0.0225409
-0.0121113
-0.0016649
0.00878127
0.0192103
0.0296053
0.0399494
0.0502259
0.0604181
0.0705096
0.080484
0.0903251
0.100017
0.109544
0.118892
0.128043
0.136985
0.145702
0.154181
0.162408
0.170368
0.178051
0.185443
0.192533
0.199308
0.205758
0.211874
0.217644
0.22306
0.228113
0.232794
0.237098
0.241015
0.244541
0.24767
0.250397
0.252717
0.254627
0.256123
0.257204
0.257868
0.258114
0.257942
0.257351
0.256344
0.254921
0.253086
0.250841
0.24819
0.245138
0.241689
0.23785
0.233626
0.229025
0.224054
0.218721
0.213035
0.207005
0.200642
0.193955
0.186956
0.179655
0.172066
0.1642
0.15607
0.147689
0.139071
0.13023
0.121181
0.111937
0.102515
0.0929292
0.0831955
0.0733296
0.0633476
0.0532658
0.0431004
0.0328679
0.022585
0.0122683
0.00193462
-0.00839936
-0.0187169
-0.0290012
-0.0392357
-0.0494039
-0.0594891
-0.0694751
-0.0793458
-0.0890852
-0.0986776
-0.108107
-0.117359
-0.126419
-0.13527
-0.143901
-0.152295
-0.160441
-0.168324
-0.175932
-0.183253
-0.190275
-0.196987
-0.203378
-0.209437
-0.215155
-0.220523
-0.225532
-0.230175
-0.234443
-0.238329
-0.241829
-0.244936
-0.247644
-0.249951
-0.251852
-0.253345
-0.254426
-0.255095
-0.25535
-0.255191
-0.254619
-0.253634
-0.252239
-0.250435
-0.248225
-0.245614
-0.242606
-0.239205
-0.235418
-0.23125
-0.226709
-0.221801
-0.216535
-0.21092
-0.204964
-0.198678
-0.192072
-0.185156
-0.177942
-0.170442
-0.162667
-0.154631
-0.146347
-0.137827
-0.129087
-0.120139
-0.111
-0.101683
-0.092204
-0.082578
-0.0728209
-0.0629484
-0.0529765
-0.0429216
-0.0327998
-0.0226276
-0.0124216
-0.00219816
0.00802602
0.0182344
0.0284104
0.0385377
0.0485997
0.0585802
0.068463
0.0782322
0.087872
0.0973667
0.106701
0.11586
0.124829
0.133592
0.142137
0.15045
0.158516
0.166323
0.173858
0.18111
0.188066
0.194716
0.201048
0.207052
0.21272
0.218041
0.223007
0.22761
0.231844
0.2357
0.239174
0.242259
0.24495
0.247244
0.249136
0.250625
0.251706
0.25238
0.252644
0.252498
0.251944
0.250981
0.249612
0.247839
0.245664
0.243092
0.240127
0.236773
0.233037
0.228924
0.224441
0.219595
0.214395
0.208849
0.202966
0.196756
0.190228
0.183394
0.176264
0.168851
0.161166
0.153222
0.145032
0.136609
0.127967
0.11912
0.110082
0.100868
0.0914936
0.0819731
0.0723224
0.062557
0.0526929
0.0427461
0.0327327
0.0226689
0.0125712
0.00245574
-0.00766093
-0.0177625
-0.0278325
-0.0378546
-0.0478128
-0.0576907
-0.0674725
-0.0771423
-0.0866845
-0.0960837
-0.105325
-0.114392
-0.123272
-0.13195
-0.140411
-0.148643
-0.156631
-0.164364
-0.171828
-0.179012
-0.185903
-0.192492
-0.198766
-0.204717
-0.210335
-0.21561
-0.220534
-0.2251
-0.229299
-0.233126
-0.236574
-0.239638
-0.242312
-0.244593
-0.246477
-0.247961
-0.249043
-0.249721
-0.249994
-0.249862
-0.249325
-0.248383
-0.24704
-0.245297
-0.243156
-0.240623
-0.237699
-0.234392
-0.230705
-0.226646
-0.22222
-0.217435
-0.2123
-0.206821
-0.201009
-0.194873
-0.188422
-0.181668
-0.174621
-0.167293
-0.159696
-0.151842
-0.143745
-0.135416
-0.12687
-0.118121
-0.109183
-0.10007
-0.0907975
-0.0813803
-0.0718338
-0.0621734
-0.0524148
-0.0425738
-0.0326665
-0.022709
-0.0127172
-0.00270756
0.00730383
0.0173007
0.0272669
0.0371862
0.0470426
0.0568201
0.0665029
0.0760754
0.085522
0.0948275
0.103977
0.112955
0.121748
0.130341
0.138721
0.146874
0.154786
0.162446
0.16984
0.176957
0.183785
0.190314
0.196533
0.202431
0.208
0.21323
0.218113
0.222641
0.226808
0.230605
0.234028
0.237071
0.239729
0.241997
0.243873
0.245353
0.246435
0.247117
0.247399
0.247279
0.246759
0.245839
0.244521
0.242807
0.2407
0.238203
0.235322
0.232059
0.228421
0.224414
0.220045
0.21532
0.210247
0.204835
0.199092
0.193028
0.186653
0.179977
0.173011
0.165767
0.158256
0.150491
0.142483
0.134247
0.125796
0.117142
0.108302
0.0992878
0.0901154
0.0807993
0.0713548
0.0617972
0.0521419
0.0424047
0.0326014
0.0227478
0.0128599
0.00295381
-0.00695444
-0.0168488
-0.0267132
-0.0365318
-0.0462885
-0.0559677
-0.0655535
-0.0750306
-0.0843837
-0.0935974
-0.102657
-0.111548
-0.120256
-0.128766
-0.137066
-0.145141
-0.152979
-0.160567
-0.167893
-0.174945
-0.181711
-0.188181
-0.194345
-0.200191
-0.205712
-0.210898
-0.215741
-0.220233
-0.224367
-0.228136
-0.231534
-0.234556
-0.237198
-0.239454
-0.241322
-0.242797
-0.24388
-0.244566
-0.244856
-0.244749
-0.244246
-0.243347
-0.242053
-0.240368
-0.238294
-0.235834
-0.232992
-0.229774
-0.226184
-0.222228
-0.217913
-0.213247
-0.208235
-0.202888
-0.197214
-0.191221
-0.18492
-0.17832
-0.171434
-0.164272
-0.156845
-0.149166
-0.141247
-0.133101
-0.124742
-0.116183
-0.107438
-0.098521
-0.0894467
-0.0802297
-0.0708852
-0.0614283
-0.0518742
-0.0422386
-0.0325371
-0.0227854
-0.0129993
-0.00319469
0.00661252
0.0164064
0.0261712
0.035891
0.0455501
0.0551329
0.0646237
0.0740074
0.0832687
0.0923926
0.101364
0.11017
0.118794
0.127223
0.135445
0.143444
0.151209
0.158727
0.165986
0.172973
0.179679
0.186092
0.192201
0.197997
0.203471
0.208614
0.213417
0.217873
0.221975
0.225716
0.229091
0.232093
0.234718
0.236962
0.238822
0.240294
0.241376
0.242067
0.242365
0.24227
0.241783
0.240904
0.239635
0.237978
0.235935
0.233511
0.230709
0.227534
0.223991
0.220086
0.215825
0.211215
0.206264
0.200981
0.195373
0.18945
0.183221
0.176697
0.169888
0.162806
0.155462
0.147867
0.140035
0.131979
0.12371
0.115243
0.106591
0.0977693
0.088791
0.0796712
0.0704247
0.0610664
0.0516115
0.0420755
0.0324738
0.0228219
0.0131355
0.00343036
-0.00627783
-0.0159733
-0.0256404
-0.0352635
-0.0448269
-0.0543151
-0.0637129
-0.073005
-0.0821764
-0.0912123
-0.100098
-0.108819
-0.117362
-0.125712
-0.133856
-0.141781
-0.149474
-0.156924
-0.164116
-0.171042
-0.177688
-0.184044
-0.1901
-0.195847
-0.201275
-0.206375
-0.21114
-0.215561
-0.219632
-0.223345
-0.226696
-0.229679
-0.232288
-0.23452
-0.236372
-0.23784
-0.238922
-0.239617
-0.239924
-0.239841
-0.23937
-0.23851
-0.237265
-0.235635
-0.233624
-0.231235
-0.228472
-0.225339
-0.221842
-0.217986
-0.213777
-0.209224
-0.204332
-0.199111
-0.193568
-0.187713
-0.181556
-0.175105
-0.168373
-0.161369
-0.154106
-0.146595
-0.138848
-0.130878
-0.122698
-0.114321
-0.105761
-0.0970322
-0.0881481
-0.0791235
-0.0699729
-0.0607113
-0.0513537
-0.0419153
-0.0324113
-0.0228573
-0.0132687
-0.003661
0.00595014
0.0155492
0.0251205
0.0346487
0.0441183
0.053514
0.0628205
0.0720229
0.0811061
0.0900556
0.0988569
0.107496
0.115958
0.12423
0.132299
0.140151
0.147775
0.155156
0.162285
0.169148
0.175736
0.182037
0.188042
0.19374
0.199123
0.204181
0.208908
0.213295
0.217335
0.221021
0.224349
0.227312
0.229906
0.232127
0.233971
0.235435
0.236517
0.237216
0.23753
0.237459
0.237004
0.236164
0.234942
0.233339
0.231359
0.229004
0.226278
0.223187
0.219735
0.215927
0.211771
0.207272
0.202438
0.197278
0.191799
0.186011
0.179923
0.173545
0.166887
0.15996
0.152776
0.145346
0.137683
0.129798
0.121705
0.113417
0.104947
0.0963092
0.0875175
0.0785862
0.0695297
0.0603629
0.0511006
0.0417578
0.0323498
0.0228917
0.0133989
0.00388676
-0.00562923
-0.0151337
-0.0246112
-0.0340464
-0.043424
-0.0527289
-0.061946
-0.0710603
-0.0800572
-0.088922
-0.0976405
-0.106198
-0.114582
-0.122778
-0.130773
-0.138554
-0.146108
-0.153424
-0.160489
-0.167292
-0.173823
-0.18007
-0.186023
-0.191674
-0.197013
-0.202031
-0.20672
-0.211073
-0.215083
-0.218743
-0.222048
-0.224992
-0.227571
-0.22978
-0.231616
-0.233077
-0.234159
-0.234862
-0.235184
-0.235124
-0.234684
-0.233863
-0.232664
-0.231088
-0.229137
-0.226816
-0.224128
-0.221077
-0.217669
-0.213909
-0.209803
-0.205358
-0.200581
-0.195481
-0.190065
-0.184342
-0.178322
-0.172015
-0.16543
-0.158579
-0.151473
-0.144122
-0.136541
-0.12874
-0.120732
-0.11253
-0.104149
-0.0956001
-0.0868989
-0.078059
-0.0690948
-0.060021
-0.0508521
-0.0416031
-0.0322891
-0.022925
-0.0135262
-0.00410779
0.0053149
0.0147266
0.0241121
0.0334561
0.0427436
0.0519594
0.0610888
0.0701168
0.0790289
0.0878107
0.096448
0.104927
0.113233
0.121355
0.129277
0.136988
0.144475
0.151725
0.158729
0.165473
0.171947
0.178141
0.184045
0.189649
0.194944
0.199922
0.204574
0.208894
0.212875
0.216509
0.219792
0.222717
0.225281
0.227479
0.229308
0.230765
0.231847
0.232553
0.232883
0.232835
0.232409
0.231607
0.23043
0.22888
0.226959
0.22467
0.222019
0.219008
0.215643
0.211929
0.207873
0.20348
0.19876
0.193718
0.188363
0.182705
0.176752
0.170514
0.164001
0.157224
0.150194
0.142922
0.13542
0.127701
0.119777
0.11166
0.103365
0.0949043
0.0862919
0.0775417
0.068668
0.0596853
0.0506081
0.0414511
0.0322293
0.0229574
0.0136507
0.00432424
-0.00500694
-0.0143277
-0.0236229
-0.0328775
-0.0420765
-0.0512051
-0.0602483
-0.0691917
-0.0780208
-0.0867211
-0.0952788
-0.10368
-0.111911
-0.119959
-0.12781
-0.135452
-0.142872
-0.15006
-0.157002
-0.163688
-0.170107
-0.176249
-0.182104
-0.187662
-0.192915
-0.197853
-0.20247
-0.206758
-0.210709
-0.214318
-0.217579
-0.220486
-0.223035
-0.225222
-0.227044
-0.228497
-0.229579
-0.230289
-0.230626
-0.230589
-0.230178
-0.229394
-0.228239
-0.226714
-0.224822
-0.222566
-0.21995
-0.216978
-0.213655
-0.209987
-0.205979
-0.201639
-0.196973
-0.191988
-0.186694
-0.181099
-0.175211
-0.169041
-0.162599
-0.155894
-0.148939
-0.141744
-0.134321
-0.126682
-0.11884
-0.110807
-0.102596
-0.0942216
-0.0856962
-0.077034
-0.0682491
-0.0593558
-0.0503684
-0.0413017
-0.0321702
-0.0229889
-0.0137726
-0.00453626
0.00470517
0.0139367
0.0231434
0.0323102
0.0414225
0.0504654
0.0594242
0.0682846
0.0770321
0.0856526
0.0941321
0.102457
0.110614
0.118589
0.126371
0.133945
0.141301
0.148426
0.155309
0.161938
0.168303
0.174394
0.1802
0.185714
0.190924
0.195825
0.200406
0.204662
0.208585
0.212169
0.215408
0.218297
0.220832
0.223008
0.224822
0.226272
0.227354
0.228068
0.228412
0.228386
0.227989
0.227223
0.226089
0.224589
0.222725
0.220501
0.21792
0.214987
0.211705
0.208082
0.204122
0.199832
0.19522
0.190292
0.185057
0.179523
0.1737
0.167596
0.161223
0.15459
0.147708
0.140588
0.133242
0.125682
0.11792
0.109969
0.101842
0.0935514
0.0851114
0.0765356
0.0678378
0.0590321
0.050133
0.0411548
0.0321121
0.0230195
0.0138919
0.00474397
-0.0044094
-0.0135534
-0.0226732
-0.031754
-0.0407811
-0.0497399
-0.058616
-0.0673949
-0.0760624
-0.0846045
-0.0930074
-0.101258
-0.109342
-0.117246
-0.124959
-0.132468
-0.13976
-0.146823
-0.153647
-0.160221
-0.166533
-0.172573
-0.178333
-0.183802
-0.188972
-0.193834
-0.198381
-0.202605
-0.2065
-0.21006
-0.213278
-0.21615
-0.21867
-0.220836
-0.222643
-0.224089
-0.225171
-0.225889
-0.226239
-0.226224
-0.225841
-0.225093
-0.22398
-0.222504
-0.220668
-0.218475
-0.215929
-0.213033
-0.209792
-0.206212
-0.202299
-0.198059
-0.193499
-0.188627
-0.18345
-0.177977
-0.172217
-0.166179
-0.159873
-0.15331
-0.1465
-0.139454
-0.132183
-0.124701
-0.117018
-0.109147
-0.101101
-0.0928936
-0.0845374
-0.0760462
-0.0674339
-0.0587143
-0.0499017
-0.0410103
-0.0320547
-0.0230492
-0.0140086
-0.0049475
0.00411945
0.0131775
0.0222121
0.0312084
0.040152
0.0490284
0.0578231
0.066522
0.075111
0.0835762
0.0919039
0.100081
0.108093
0.115929
0.123574
0.131018
0.138247
0.145251
0.152017
0.158536
0.164796
0.170787
0.1765
0.181926
0.187056
0.191881
0.196394
0.200588
0.204455
0.207991
0.211188
0.214042
0.216549
0.218704
0.220504
0.221947
0.223029
0.22375
0.224108
0.224102
0.223733
0.223002
0.22191
0.220458
0.218649
0.216487
0.213974
0.211115
0.207914
0.204377
0.20051
0.196319
0.191811
0.186992
0.181872
0.176459
0.170761
0.164787
0.158548
0.152053
0.145313
0.13834
0.131144
0.123737
0.116132
0.10834
0.100374
0.0922477
0.0839738
0.0755657
0.0670372
0.0584021
0.0496744
0.0408683
0.0319981
0.0230781
0.0141229
0.00514698
-0.00383516
-0.0128089
-0.0217598
-0.0306732
-0.0395348
-0.0483302
-0.0570452
-0.0656656
-0.0741776
-0.0825673
-0.0908211
-0.0989258
-0.106868
-0.114636
-0.122215
-0.129595
-0.136763
-0.143708
-0.150418
-0.156882
-0.163091
-0.169034
-0.174702
-0.180085
-0.185175
-0.189964
-0.194444
-0.198607
-0.202448
-0.20596
-0.209137
-0.211974
-0.214467
-0.216612
-0.218405
-0.219844
-0.220926
-0.22165
-0.222015
-0.22202
-0.221665
-0.22095
-0.219878
-0.21845
-0.216668
-0.214535
-0.212055
-0.209232
-0.206071
-0.202576
-0.198754
-0.194611
-0.190153
-0.185388
-0.180324
-0.174969
-0.169331
-0.163421
-0.157247
-0.150819
-0.144149
-0.137247
-0.130124
-0.122791
-0.115262
-0.107547
-0.0996602
-0.0916135
-0.0834203
-0.0750938
-0.0666476
-0.0580954
-0.049451
-0.0407286
-0.0319423
-0.0231062
-0.0142349
-0.00534253
0.00355635
0.0124474
0.0213161
0.0301481
0.0389293
0.0476452
0.0562818
0.0648252
0.0732615
0.0815771
0.0897584
0.0977924
0.105666
0.113366
0.120881
0.128198
0.135306
0.142193
0.148848
0.155259
0.161418
0.167314
0.172937
0.178278
0.183329
0.188082
0.192529
0.196663
0.200477
0.203966
0.207123
0.209943
0.212423
0.214558
0.216344
0.21778
0.218862
0.219589
0.219961
0.219975
0.219633
0.218936
0.217883
0.216478
0.214722
0.212619
0.210171
0.207384
0.204261
0.200808
0.19703
0.192934
0.188526
0.183813
0.178804
0.173506
0.167928
0.162079
0.155969
0.149608
0.143006
0.136173
0.129122
0.121862
0.114407
0.106769
0.098959
0.0909906
0.0828766
0.0746302
0.0662648
0.057794
0.0492315
0.0405912
0.0318872
0.0231336
0.0143445
0.00553426
-0.00328289
-0.0120926
-0.0208807
-0.0296329
-0.0383349
-0.0469728
-0.0555326
-0.0640003
-0.0723623
-0.0806051
-0.0887153
-0.0966798
-0.104486
-0.112121
-0.119572
-0.126828
-0.133876
-0.140706
-0.147306
-0.153666
-0.159775
-0.165624
-0.171204
-0.176504
-0.181517
-0.186235
-0.19065
-0.194755
-0.198543
-0.202008
-0.205146
-0.20795
-0.210416
-0.212541
-0.214321
-0.215753
-0.216835
-0.217566
-0.217944
-0.217968
-0.217639
-0.216958
-0.215925
-0.214542
-0.212812
-0.210737
-0.208322
-0.205569
-0.202484
-0.199071
-0.195337
-0.191287
-0.186927
-0.182266
-0.177311
-0.172069
-0.16655
-0.160762
-0.154715
-0.148418
-0.141883
-0.135119
-0.128137
-0.12095
-0.113568
-0.106004
-0.0982702
-0.0903787
-0.0823425
-0.0741747
-0.0658887
-0.0574978
-0.0490156
-0.0404561
-0.0318329
-0.0231602
-0.0144519
-0.00572227
0.0030146
0.0117445
0.0204534
0.0291271
0.0377516
0.0463129
0.0547971
0.0631905
0.0714796
0.0796509
0.0876912
0.0955875
0.103327
0.110897
0.118286
0.125481
0.132472
0.139246
0.145793
0.152101
0.158162
0.163966
0.169502
0.174762
0.179738
0.184421
0.188804
0.19288
0.196643
0.200086
0.203204
0.205992
0.208446
0.210561
0.212334
0.213763
0.214845
0.215579
0.215963
0.215997
0.21568
0.215015
0.214001
0.21264
0.210936
0.208889
0.206505
0.203787
0.200738
0.197366
0.193674
0.189669
0.185358
0.180747
0.175844
0.170658
0.165196
0.159468
0.153482
0.14725
0.14078
0.134083
0.127171
0.120054
0.112744
0.105253
0.0975935
0.0897775
0.0818177
0.0737272
0.065519
0.0572066
0.0488034
0.0403231
0.0317793
0.023186
0.0145572
0.00590669
-0.00275135
-0.0114029
-0.020034
-0.0286307
-0.0371789
-0.0456649
-0.054075
-0.0623954
-0.0706128
-0.0787139
-0.0866855
-0.0945149
-0.102189
-0.109696
-0.117024
-0.12416
-0.131093
-0.137812
-0.144306
-0.150565
-0.156578
-0.162337
-0.16783
-0.173051
-0.17799
-0.182639
-0.186991
-0.19104
-0.194777
-0.198198
-0.201297
-0.204069
-0.20651
-0.208616
-0.210383
-0.211808
-0.21289
-0.213627
-0.214017
-0.21406
-0.213757
-0.213107
-0.212112
-0.210773
-0.209093
-0.207074
-0.204721
-0.202036
-0.199024
-0.19569
-0.19204
-0.18808
-0.183816
-0.179255
-0.174404
-0.169272
-0.163866
-0.158197
-0.152272
-0.146102
-0.139696
-0.133066
-0.126221
-0.119173
-0.111934
-0.104515
-0.0969287
-0.0891867
-0.081302
-0.0732873
-0.0651557
-0.0569204
-0.0485947
-0.0401922
-0.0317264
-0.0232112
-0.0146603
-0.0060876
0.002493
0.0110676
0.0196223
0.0281432
0.0366166
0.0450287
0.0533658
0.0616146
0.0697616
0.0777937
0.0856979
0.0934614
0.101072
0.108516
0.115783
0.122861
0.129738
0.136404
0.142846
0.149056
0.155023
0.160737
0.166189
0.17137
0.176273
0.180889
0.185211
0.189231
0.192944
0.196344
0.199424
0.202181
0.204609
0.206705
0.208465
0.209888
0.21097
0.211709
0.212106
0.212158
0.211867
0.211232
0.210255
0.208938
0.207282
0.205291
0.202968
0.200316
0.19734
0.194044
0.190436
0.186519
0.182301
0.177788
0.172989
0.16791
0.16256
0.156948
0.151082
0.144974
0.138631
0.132066
0.125288
0.118308
0.111138
0.10379
0.0962753
0.0886061
0.0807952
0.072855
0.0647986
0.056639
0.0483895
0.0400634
0.0316742
0.0232357
0.0147614
0.0062651
-0.00223941
-0.0107384
-0.019218
-0.0276645
-0.0360643
-0.0444038
-0.0526694
-0.0608477
-0.0689256
-0.0768899
-0.0847278
-0.0924266
-0.0999739
-0.107357
-0.114565
-0.121586
-0.128408
-0.13502
-0.141412
-0.147573
-0.153494
-0.159165
-0.164576
-0.169719
-0.174587
-0.17917
-0.183462
-0.187455
-0.191144
-0.194522
-0.197584
-0.200325
-0.202741
-0.204828
-0.206582
-0.208001
-0.209083
-0.209825
-0.210228
-0.210289
-0.21001
-0.20939
-0.208432
-0.207135
-0.205503
-0.203539
-0.201245
-0.198625
-0.195685
-0.192427
-0.188859
-0.184985
-0.180812
-0.176348
-0.171598
-0.166571
-0.161276
-0.15572
-0.149914
-0.143865
-0.137585
-0.131083
-0.12437
-0.117458
-0.110356
-0.103077
-0.095633
-0.0880355
-0.0802969
-0.07243
-0.0644475
-0.0563623
-0.0481876
-0.0399366
-0.0316228
-0.0232595
-0.0148605
-0.0064393
0.00199046
0.0104151
0.018821
0.0271944
0.0355219
0.04379
0.0519852
0.0600943
0.0681043
0.076002
0.0837748
0.09141
0.0988954
0.106219
0.113369
0.120333
0.127101
0.133661
0.140003
0.146117
0.151992
0.15762
0.162991
0.168097
0.17293
0.17748
0.181743
0.185709
0.189374
0.192731
0.195776
0.198502
0.200905
0.202983
0.204731
0.206147
0.207229
0.207974
0.208382
0.208453
0.208185
0.20758
0.206639
0.205364
0.203755
0.201817
0.199552
0.196964
0.194058
0.190838
0.187309
0.183477
0.179349
0.174932
0.170231
0.165256
0.160014
0.154514
0.148765
0.142776
0.136557
0.130117
0.123469
0.116622
0.109587
0.102377
0.0950017
0.0874744
0.0798071
0.0720121
0.0641022
0.0560901
0.0479889
0.0398118
0.0315719
0.0232828
0.0149577
0.00661027
-0.00174601
-0.0100976
-0.018431
-0.0267326
-0.0349891
-0.043187
-0.0513131
-0.0593542
-0.0672973
-0.0751296
-0.0828383
-0.0904111
-0.0978357
-0.1051
-0.112193
-0.119102
-0.125816
-0.132325
-0.138618
-0.144685
-0.150516
-0.156102
-0.161434
-0.166503
-0.171301
-0.17582
-0.180053
-0.183994
-0.187635
-0.190972
-0.193998
-0.19671
-0.199101
-0.20117
-0.202912
-0.204325
-0.205406
-0.206155
-0.206569
-0.206648
-0.206392
-0.205801
-0.204878
-0.203622
-0.202037
-0.200125
-0.197888
-0.195332
-0.192459
-0.189276
-0.185786
-0.181996
-0.177911
-0.17354
-0.168888
-0.163963
-0.158774
-0.153328
-0.147635
-0.141705
-0.135546
-0.129168
-0.122583
-0.1158
-0.108831
-0.101688
-0.094381
-0.0869228
-0.0793255
-0.0716012
-0.0637626
-0.0558224
-0.0477935
-0.0396889
-0.0315218
-0.0233054
-0.015053
