-0.0226767
-0.0224494
10.9706
0.109139
0.106715
0.10429
0.101863
0.099434
0.0970038
0.0945726
0.0921404
0.0897075
0.0872742
0.0848407
0.0824072
0.0799739
0.0775411
0.075109
0.0726777
0.0702476
0.0678188
0.0653916
0.0629661
0.0605426
0.0581214
0.0557026
0.0532864
0.0508731
0.0484628
0.0460558
0.0436524
0.0412526
0.0388567
0.036465
0.0340775
0.0316947
0.0293165
0.0269433
0.0245752
0.0222125
0.0198553
0.0175038
0.0151583
0.0128189
0.0104859
0.0081594
0.0058396
0.00352673
0.00122095
-0.00107752
-0.00336852
-0.00565185
-0.00792731
-0.0101947
-0.0124539
-0.0147047
-0.0169469
-0.0191804
-0.0214049
-0.0236202
-0.0258263
-0.0280228
-0.0302098
-0.0323869
-0.034554
-0.0367109
-0.0388575
-0.0409936
-0.043119
-0.0452336
-0.0473373
-0.0494297
-0.0515108
-0.0535805
-0.0556385
-0.0576848
-0.0597191
-0.0617412
-0.0637512
-0.0657487
-0.0677337
-0.069706
-0.0716654
-0.0736119
-0.0755452
-0.0774653
-0.0793719
-0.0812649
-0.0831443
-0.0850099
-0.0868615
-0.0886989
-0.0905222
-0.0923311
-0.0941255
-0.0959053
-0.0976703
-0.0994205
-0.101156
-0.102876
-0.104581
-0.10627
-0.107944
-0.109603
-0.111245
-0.112872
-0.114483
-0.116078
-0.117657
-0.11922
-0.120766
-0.122296
-0.123809
-0.125306
-0.126786
-0.128249
-0.129695
-0.131124
-0.132536
-0.133931
-0.135308
-0.136669
-0.138011
-0.139336
-0.140644
-0.141933
-0.143205
-0.144459
-0.145695
-0.146913
-0.148113
-0.149295
-0.150459
-0.151604
-0.152731
-0.153839
-0.154929
-0.156001
-0.157054
-0.158088
-0.159103
-0.1601
-0.161077
-0.162036
-0.162976
-0.163897
-0.164799
-0.165682
-0.166546
-0.16739
-0.168216
-0.169022
-0.169808
-0.170576
-0.171324
-0.172053
-0.172762
-0.173452
-0.174123
-0.174774
-0.175405
-0.176017
-0.176609
-0.177182
-0.177736
-0.178269
-0.178783
-0.179277
-0.179752
-0.180207
-0.180643
-0.181058
-0.181454
-0.181831
-0.182187
-0.182524
-0.182842
-0.183139
-0.183417
-0.183676
-0.183915
-0.184134
-0.184333
-0.184513
-0.184673
-0.184814
-0.184935
-0.185036
-0.185118
-0.185181
-0.185224
-0.185247
-0.185251
-0.185236
-0.185201
-0.185147
-0.185074
-0.184981
-0.184869
-0.184738
-0.184588
-0.184419
-0.18423
-0.184023
-0.183796
-0.183551
-0.183287
-0.183004
-0.182702
-0.182381
-0.182041
-0.181683
-0.181307
-0.180912
-0.180498
-0.180066
-0.179616
-0.179147
-0.17866
-0.178155
-0.177632
-0.177091
-0.176532
-0.175955
-0.17536
-0.174747
-0.174117
-0.17347
-0.172804
-0.172122
-0.171422
-0.170704
-0.16997
-0.169219
-0.16845
-0.167665
-0.166862
-0.166043
-0.165208
-0.164355
-0.163487
-0.162602
-0.1617
-0.160783
-0.159849
-0.1589
-0.157934
-0.156953
-0.155956
-0.154944
-0.153916
-0.152872
-0.151814
-0.15074
-0.149651
-0.148548
-0.147429
-0.146296
-0.145148
-0.143986
-0.142809
-0.141618
-0.140413
-0.139194
-0.137961
-0.136714
-0.135454
-0.13418
-0.132893
-0.131592
-0.130278
-0.128951
-0.127612
-0.126259
-0.124894
-0.123517
-0.122127
-0.120724
-0.11931
-0.117884
-0.116445
-0.114995
-0.113534
-0.112061
-0.110577
-0.109081
-0.107575
-0.106057
-0.104529
-0.10299
-0.101441
-0.0998816
-0.0983119
-0.0967321
-0.0951424
-0.093543
-0.0919339
-0.0903154
-0.0886876
-0.0870506
-0.0854046
-0.0837497
-0.0820861
-0.080414
-0.0787334
-0.0770446
-0.0753476
-0.0736427
-0.07193
-0.0702096
-0.0684817
-0.0667464
-0.065004
-0.0632545
-0.0614982
-0.0597351
-0.0579654
-0.0561893
-0.054407
-0.0526186
-0.0508242
-0.0490241
-0.0472183
-0.045407
-0.0435905
-0.0417688
-0.0399421
-0.0381106
-0.0362744
-0.0344337
-0.0325887
-0.0307395
-0.0288863
-0.0270292
-0.0251684
-0.0233041
-0.0214364
-0.0195655
-0.0176916
-0.0158147
-0.0139352
-0.0120531
-0.0101686
-0.00828184
-0.00639304
-0.00450234
-0.00260989
-0.000715866
0.00117957
0.00307626
0.00497404
0.00687274
0.00877219
0.0106722
0.0125727
0.0144735
0.0163743
0.0182751
0.0201757
0.0220759
0.0239756
0.0258745
0.0277726
0.0296696
0.0315654
0.0334599
0.0353528
0.0372441
0.0391335
0.0410209
0.0429061
0.044789
0.0466694
0.0485472
0.0504221
0.0522941
0.0541629
0.0560285
0.0578906
0.0597491
0.0616038
0.0634546
0.0653013
0.0671438
0.0689818
0.0708153
0.0726441
0.0744681
0.076287
0.0781007
0.0799091
0.0817121
0.0835093
0.0853008
0.0870864
0.0888659
0.0906391
0.0924059
0.0941662
0.0959197
0.0976665
0.0994062
0.101139
0.102864
0.104582
0.106292
0.107995
0.10969
0.111376
0.113055
0.114725
0.116387
0.11804
0.119684
0.12132
0.122947
0.124564
0.126172
0.127771
0.12936
0.13094
0.132509
0.134069
0.135619
0.137158
0.138687
0.140206
0.141714
0.143211
0.144697
0.146173
0.147637
0.14909
0.150531
0.151962
0.15338
0.154787
0.156182
0.157565
0.158935
0.160294
0.16164
0.162974
0.164295
0.165604
0.1669
0.168183
0.169453
0.170709
0.171953
0.173183
0.1744
0.175603
0.176793
0.177968
0.17913
0.180278
0.181412
0.182532
0.183638
0.184729
0.185805
0.186868
0.187915
0.188948
0.189966
0.190969
0.191957
0.19293
0.193888
0.194831
0.195758
0.19667
0.197566
0.198447
0.199312
0.200161
0.200995
0.201813
0.202614
0.2034
0.20417
0.204923
0.20566
0.206381
0.207086
0.207774
0.208445
0.2091
0.209739
0.21036
0.210965
0.211553
0.212125
0.212679
0.213217
0.213737
0.21424
0.214727
0.215196
0.215648
0.216082
0.2165
0.2169
0.217282
0.217647
0.217995
0.218325
0.218638
0.218933
0.219211
0.219471
0.219713
0.219938
0.220145
0.220334
0.220506
0.220659
0.220795
0.220913
0.221013
0.221096
0.22116
0.221207
0.221236
0.221247
0.22124
0.221215
0.221172
0.221111
0.221032
0.220935
0.220821
0.220688
0.220538
0.220369
0.220183
0.219978
0.219756
0.219516
0.219258
0.218982
0.218688
0.218376
0.218047
0.2177
0.217335
0.216952
0.216551
0.216133
0.215696
0.215243
0.214771
0.214282
0.213775
0.213251
0.212709
0.21215
0.211573
0.210979
0.210367
0.209738
0.209092
0.208429
0.207748
0.20705
0.206335
0.205603
0.204854
0.204088
0.203305
0.202505
0.201688
0.200855
0.200005
0.199138
0.198255
0.197355
0.196439
0.195506
0.194557
0.193592
0.192611
0.191613
0.1906
0.18957
0.188525
0.187464
0.186387
0.185294
0.184186
0.183063
0.181924
0.180769
0.1796
0.178415
0.177215
0.176001
0.174771
0.173527
0.172268
0.170994
0.169706
0.168403
0.167086
0.165755
0.16441
0.163051
0.161677
0.16029
0.15889
0.157475
0.156048
0.154607
0.153152
0.151685
0.150204
0.148711
0.147204
0.145685
0.144154
0.142609
0.141053
0.139484
0.137904
0.136311
0.134706
0.13309
0.131462
0.129822
0.128172
0.12651
0.124837
0.123152
0.121458
0.119752
0.118036
0.116309
0.114572
0.112825
0.111068
0.109301
0.107524
0.105738
0.103942
0.102137
0.100323
0.0984993
0.096667
0.094826
0.0929764
0.0911184
0.089252
0.0873775
0.085495
0.0836046
0.0817065
0.0798009
0.0778879
0.0759676
0.0740402
0.0721059
0.0701648
0.0682171
0.0662629
0.0643024
0.0623358
0.0603632
0.0583847
0.0564006
0.0544109
0.052416
0.0504158
0.0484106
0.0464006
0.0443858
0.0423666
0.0403429
0.0383151
0.0362833
0.0342475
0.0322081
0.0301652
0.0281189
0.0260694
0.0240169
0.0219616
0.0199035
0.017843
0.0157801
0.0137151
0.011648
0.00957915
0.00750864
0.00543666
0.00336338
0.00128897
-0.000786399
-0.00286254
-0.00493929
-0.00701646
-0.0090939
-0.0111714
-0.0132488
-0.015326
-0.0174026
-0.0194787
-0.021554
-0.0236282
-0.0257014
-0.0277731
-0.0298434
-0.031912
-0.0339787
-0.0360434
-0.0381059
-0.0401659
-0.0422234
-0.0442781
-0.0463299
-0.0483786
-0.050424
-0.0524659
-0.0545042
-0.0565386
-0.0585691
-0.0605954
-0.0626173
-0.0646347
-0.0666474
-0.0686552
-0.0706579
-0.0726554
-0.0746474
-0.0766339
-0.0786146
-0.0805893
-0.082558
-0.0845203
-0.0864761
-0.0884253
-0.0903677
-0.092303
-0.0942312
-0.096152
-0.0980653
-0.0999709
-0.101869
-0.103758
-0.10564
-0.107513
-0.109377
-0.111233
-0.11308
-0.114918
-0.116746
-0.118565
-0.120375
-0.122175
-0.123965
-0.125744
-0.127514
-0.129273
-0.131022
-0.132759
-0.134486
-0.136202
-0.137906
-0.139599
-0.141281
-0.142951
-0.144609
-0.146254
-0.147888
-0.149509
-0.151118
-0.152714
-0.154297
-0.155867
-0.157424
-0.158968
-0.160498
-0.162015
-0.163518
-0.165006
-0.166481
-0.167942
-0.169388
-0.17082
-0.172237
-0.173639
-0.175026
-0.176398
-0.177755
-0.179097
-0.180423
-0.181733
-0.183028
-0.184306
-0.185569
-0.186815
-0.188045
-0.189258
-0.190455
-0.191635
-0.192798
-0.193944
-0.195073
-0.196185
-0.197279
-0.198356
-0.199415
-0.200456
-0.20148
-0.202485
-0.203473
-0.204442
-0.205392
-0.206325
-0.207238
-0.208133
-0.209009
-0.209866
-0.210705
-0.211524
-0.212323
-0.213104
-0.213865
-0.214606
-0.215328
-0.216029
-0.216711
-0.217373
-0.218015
-0.218637
-0.219239
-0.21982
-0.220381
-0.220921
-0.221441
-0.22194
-0.222418
-0.222876
-0.223312
-0.223728
-0.224122
-0.224495
-0.224847
-0.225178
-0.225487
-0.225775
-0.226041
-0.226286
-0.226509
-0.22671
-0.226889
-0.227047
-0.227183
-0.227296
-0.227388
-0.227458
-0.227505
-0.227531
-0.227534
-0.227515
-0.227473
-0.22741
-0.227323
-0.227215
-0.227084
-0.22693
-0.226754
-0.226555
-0.226333
-0.226089
-0.225823
-0.225533
-0.225221
-0.224886
-0.224528
-0.224148
-0.223744
-0.223318
-0.222869
-0.222397
-0.221902
-0.221385
-0.220844
-0.220281
-0.219695
-0.219086
-0.218453
-0.217799
-0.217121
-0.21642
-0.215696
-0.21495
-0.214181
-0.213389
-0.212574
-0.211736
-0.210875
-0.209992
-0.209086
-0.208157
-0.207206
-0.206232
-0.205235
-0.204216
-0.203174
-0.20211
-0.201023
-0.199914
-0.198782
-0.197628
-0.196452
-0.195253
-0.194032
-0.192789
-0.191524
-0.190237
-0.188928
-0.187597
-0.186244
-0.184869
-0.183473
-0.182055
-0.180615
-0.179153
-0.177671
-0.176167
-0.174641
-0.173095
-0.171527
-0.169938
-0.168328
-0.166697
-0.165046
-0.163374
-0.161681
-0.159967
-0.158234
-0.156479
-0.154705
-0.152911
-0.151096
-0.149262
-0.147408
-0.145534
-0.14364
-0.141727
-0.139795
-0.137843
-0.135873
-0.133883
-0.131875
-0.129847
-0.127802
-0.125737
-0.123655
-0.121554
-0.119435
-0.117298
-0.115143
-0.112971
-0.110781
-0.108574
-0.106349
-0.104108
-0.101849
-0.0995739
-0.097282
-0.0949737
-0.092649
-0.0903082
-0.0879514
-0.0855788
-0.0831905
-0.0807867
-0.0783677
-0.0759334
-0.0734842
-0.0710202
-0.0685415
-0.0660484
-0.0635411
-0.0610196
-0.0584842
-0.0559352
-0.0533725
-0.0507966
-0.0482075
-0.0456054
-0.0429906
-0.0403631
-0.0377233
-0.0350714
-0.0324074
-0.0297317
-0.0270444
-0.0243458
-0.021636
-0.0189152
-0.0161837
-0.0134417
-0.0106893
-0.0079269
-0.00515459
-0.00237261
0.000418801
0.00321943
0.00602906
0.00884746
0.0116744
0.0145097
0.017353
0.0202042
0.023063
0.0259292
0.0288026
0.0316829
0.0345699
0.0374633
0.0403628
0.0432684
0.0461797
0.0490964
0.0520183
0.0549452
0.0578768
0.0608129
0.0637532
0.0666975
0.0696455
0.0725969
0.0755515
0.0785091
0.0814693
0.0844319
0.0873967
0.0903634
0.0933316
0.0963013
0.099272
0.102244
0.105216
0.108188
0.11116
0.114132
0.117104
0.120075
0.123044
0.126012
0.128979
0.131944
0.134906
0.137866
0.140823
0.143777
0.146728
0.149675
0.152618
0.155557
0.158491
0.161421
0.164345
0.167265
0.170178
0.173086
0.175987
0.178882
0.18177
0.18465
0.187524
0.190389
0.193247
0.196096
0.198937
0.201768
0.204591
0.207403
0.210206
0.212999
0.215782
0.218553
0.221314
0.224063
0.226801
0.229526
0.23224
0.23494
0.237628
0.240303
0.242964
0.245611
0.248244
0.250863
0.253467
0.256056
0.258629
0.261187
0.263729
0.266255
0.268763
0.271255
0.27373
0.276187
0.278626
0.281047
0.28345
0.285834
0.288198
0.290544
0.292869
0.295174
0.297459
0.299724
0.301967
0.304189
0.306389
0.308567
0.310723
0.312857
0.314967
0.317055
0.319119
0.321159
0.323175
0.325166
0.327133
0.329074
0.330991
0.332881
0.334746
0.336584
0.338395
0.34018
0.341937
0.343667
0.345369
0.347043
0.348688
0.350304
0.351892
0.35345
0.354978
0.356476
0.357944
0.359381
0.360788
0.362163
0.363506
0.364818
0.366098
0.367345
0.368559
0.369741
0.370889
0.372003
0.373084
0.37413
0.375142
0.376119
0.377061
0.377967
0.378838
0.379673
0.380471
0.381233
0.381959
0.382647
0.383298
0.383911
0.384486
0.385023
0.385521
0.38598
0.386401
0.386782
0.387123
0.387425
0.387686
0.387907
0.388087
0.388226
0.388324
0.388381
0.388395
0.388368
0.388298
0.388186
0.388031
0.387832
0.387591
0.387306
0.386977
0.386604
0.386186
0.385724
0.385217
0.384665
0.384068
0.383425
0.382736
0.382001
0.38122
0.380392
0.379518
0.378596
0.377628
0.376612
0.375548
0.374436
0.373277
0.372068
0.370812
0.369506
0.368152
0.366748
0.365295
0.363792
0.36224
0.360637
0.358985
0.357281
0.355527
0.353723
0.351867
0.34996
0.348002
0.345992
0.34393
0.341816
0.33965
0.337432
0.335161
0.332838
0.330462
0.328033
0.32555
0.323014
0.320425
0.317782
0.315085
0.312334
0.309529
0.30667
0.303757
0.300788
0.297765
0.294687
0.291554
0.288366
0.285123
0.281824
0.27847
0.27506
0.271594
0.268073
0.264495
0.260861
0.257171
0.253425
0.249622
0.245762
0.241846
0.237873
0.233843
0.229756
0.225612
0.221411
0.217153
0.212837
0.208464
0.204034
0.199546
0.195
0.190397
0.185735
0.181017
0.17624
0.171405
0.166512
0.161561
0.156552
0.151485
0.14636
0.141177
0.135935
0.130635
0.125277
0.11986
0.114385
0.108851
0.103259
0.0976091
0.0919004
0.0861332
0.0803075
0.0744234
0.0684808
0.0624798
0.0564203
0.0503023
0.044126
0.0378912
0.031598
0.0252464
0.0188365
0.0123683
0.00584181
-0.000742963
-0.00738595
-0.0140871
-0.0208464
-0.0276638
-0.0345392
-0.0414726
-0.0484639
-0.0555131
-0.0626201
-0.0697848
-0.0770072
-0.0842871
-0.0916246
-0.0990195
-0.106472
-0.113981
-0.121548
-0.129172
-0.136853
-0.14459
-0.152385
-0.160236
-0.168143
-0.176108
-0.184128
-0.192205
-0.200337
-0.208526
-0.216771
-0.225071
-0.233427
-0.241838
-0.250305
-0.258826
-0.267403
-0.276035
-0.284721
-0.293462
-0.302257
-0.311106
-0.320009
-0.328966
-0.337977
-0.347042
-0.356159
-0.36533
-0.374554
-0.38383
-0.393159
-0.40254
-0.411974
-0.421459
-0.430996
-0.440585
-0.450225
-0.459916
-0.469658
-0.47945
-0.489293
-0.499186
-0.509129
-0.519122
-0.529164
-0.539255
-0.549395
-0.559584
-0.569821
-0.580107
-0.59044
-0.600821
-0.61125
-0.621725
-0.632248
-0.642816
-0.653432
-0.664093
-0.674799
-0.685552
-0.696349
-0.707191
-0.718077
-0.729008
-0.739983
-0.751001
-0.762062
-0.773167
-0.784314
-0.795503
-0.806734
-0.818007
-0.829321
-0.840676
-0.852072
-0.863508
-0.874984
-0.886499
-0.898054
-0.909647
-0.921279
-0.932949
-0.944657
-0.956402
-0.968185
-0.980004
-0.991859
-1.00375
-1.01568
-1.02764
-1.03963
-1.05167
-1.06373
-1.07583
-1.08796
-1.10012
-1.11232
-1.12455
-1.13681
-1.1491
-1.16142
-1.17377
-1.18615
-1.19857
-1.21101
-1.22347
-1.23597
-1.2485
-1.26105
-1.27363
-1.28623
-1.29886
-1.31152
-1.3242
-1.3369
-1.34963
-1.36238
-1.37516
-1.38796
-1.40078
-1.41362
-1.42649
-1.43937
-1.45227
-1.4652
-1.47814
-1.49111
-1.50409
-1.51709
-1.5301
-1.54313
-1.55618
-1.56925
-1.58233
-1.59542
-1.60853
-1.62165
-1.63479
-1.64794
-1.6611
-1.67427
-1.68746
-1.70065
-1.71386
-1.72707
-1.7403
-1.75353
-1.76677
-1.78001
-1.79327
-1.80653
-1.8198
-1.83307
-1.84634
-1.85962
-1.87291
-1.8862
-1.89949
-1.91278
-1.92607
-1.93936
-1.95266
-1.96595
-1.97925
-1.99254
-2.00583
-2.01911
-2.0324
-2.04568
-2.05895
-2.07222
-2.08549
-2.09875
-2.112
-2.12525
-2.13848
-2.15171
-2.16493
-2.17814
-2.19134
-2.20453
-2.21771
-2.23088
-2.24403
-2.25717
-2.2703
-2.28341
-2.29651
-2.30959
-2.32266
-2.33571
-2.34874
-2.36175
-2.37475
-2.38773
-2.40068
-2.41362
-2.42653
-2.43943
-2.4523
-2.46515
-2.47797
-2.49077
-2.50355
-2.5163
-2.52902
-2.54172
-2.55439
-2.56704
-2.57965
-2.59224
-2.60479
-2.61732
-2.62981
-2.64228
-2.65471
-2.66711
-2.67947
-2.6918
-2.7041
-2.71636
-2.72859
-2.74078
-2.75293
-2.76504
-2.77712
-2.78916
-2.80115
-2.81311
-2.82503
-2.8369
-2.84873
-2.86052
-2.87227
-2.88397
-2.89563
-2.90724
-2.91881
-2.93033
-2.9418
-2.95323
-2.96461
-2.97593
-2.98721
-2.99844
-3.00962
-3.02074
-3.03182
-3.04284
-3.05381
-3.06472
-3.07558
-3.08639
-3.09714
-3.10783
-3.11846
-3.12904
-3.13956
-3.15002
-3.16042
-3.17076
-3.18105
-3.19126
-3.20142
-3.21152
-3.22155
-3.23152
-3.24142
-3.25126
-3.26104
-3.27074
-3.28038
-3.28996
-3.29946
-3.3089
-3.31827
-3.32757
-3.3368
-3.34596
-3.35504
-3.36406
-3.373
-3.38187
-3.39066
-3.39939
-3.40803
-3.4166
-3.4251
-3.43352
-3.44186
-3.45012
-3.45831
-3.46641
-3.47444
-3.48239
-3.49025
-3.49804
-3.50574
-3.51337
-3.5209
-3.52836
-3.53573
-3.54302
-3.55022
-3.55734
-3.56437
-3.57132
-3.57818
-3.58495
-3.59163
-3.59823
-3.60473
-3.61115
-3.61748
-3.62371
-3.62986
-3.63591
-3.64187
-3.64774
-3.65351
-3.65919
-3.66478
-3.67027
-3.67567
-3.68097
-3.68618
-3.69129
-3.6963
-3.70122
-3.70603
-3.71075
-3.71537
-3.71989
-3.72431
-3.72863
-3.73285
-3.73697
-3.74099
-3.74491
-3.74872
-3.75243
-3.75604
-3.75954
-3.76294
-3.76623
-3.76942
-3.77251
-3.77549
-3.77836
-3.78113
-3.78378
-3.78634
-3.78878
-3.79112
-3.79334
-3.79546
-3.79747
-3.79937
-3.80116
-3.80284
-3.80441
-3.80586
-3.80721
-3.80844
-3.80956
-3.81057
-3.81147
-3.81225
-3.81292
-3.81348
-3.81392
-3.81425
-3.81446
-3.81456
-3.81454
-3.81441
-3.81416
-3.81379
-3.81331
-3.81271
-3.81199
-3.81116
-3.81021
-3.80914
-3.80795
-3.80665
-3.80522
-3.80368
-3.80202
-3.80023
-3.79833
-3.79631
-3.79417
-3.79191
-3.78953
-3.78702
-3.7844
-3.78166
-3.77879
-3.7758
-3.77269
-3.76946
-3.76611
-3.76263
-3.75903
-3.75531
-3.75147
-3.7475
-3.74342
-3.7392
-3.73487
-3.73041
-3.72583
-3.72112
-3.71629
-3.71134
-3.70626
-3.70106
-3.69573
-3.69028
-3.6847
-3.679
-3.67318
-3.66723
-3.66116
-3.65496
-3.64864
-3.64219
-3.63562
-3.62892
-3.62209
-3.61515
-3.60807
-3.60088
-3.59355
-3.5861
-3.57853
-3.57083
-3.56301
-3.55506
-3.54699
-3.53879
-3.53046
-3.52201
-3.51344
-3.50474
-3.49592
-3.48697
-3.47789
-3.4687
-3.45937
-3.44993
-3.44035
-3.43066
-3.42084
-3.41089
-3.40082
-3.39063
-3.38031
-3.36987
-3.35931
-3.34862
-3.33781
-3.32688
-3.31582
-3.30464
-3.29334
-3.28191
-3.27036
-3.25869
-3.2469
-3.23498
-3.22295
-3.21079
-3.19851
-3.18611
-3.17359
-3.16095
-3.14818
-3.1353
-3.1223
-3.10918
-3.09593
-3.08257
-3.06909
-3.05549
-3.04178
-3.02794
-3.01399
-2.99991
-2.98573
-2.97142
-2.957
-2.94246
-2.9278
-2.91303
-2.89815
-2.88314
-2.86803
-2.8528
-2.83745
-2.82199
-2.80642
-2.79073
-2.77493
-2.75902
-2.743
-2.72686
-2.71062
-2.69426
-2.6778
-2.66122
-2.64453
-2.62774
-2.61083
-2.59382
-2.5767
-2.55947
-2.54213
-2.52469
-2.50714
-2.48949
-2.47173
-2.45387
-2.4359
-2.41782
-2.39965
-2.38137
-2.36299
-2.34451
-2.32592
-2.30724
-2.28846
-2.26957
-2.25059
-2.2315
-2.21232
-2.19305
-2.17367
-2.1542
-2.13463
-2.11497
-2.09521
-2.07536
-2.05541
-2.03537
-2.01524
-1.99501
-1.9747
-1.95429
-1.9338
-1.91321
-1.89254
-1.87178
-1.85093
-1.82999
-1.80896
-1.78785
-1.76666
-1.74538
-1.72402
-1.70257
-1.68104
-1.65943
-1.63774
-1.61597
-1.59412
-1.57219
-1.55018
-1.5281
-1.50593
-1.48369
-1.46138
-1.43899
-1.41652
-1.39399
-1.37138
-1.3487
-1.32594
-1.30312
-1.28023
-1.25726
-1.23423
-1.21114
-1.18797
-1.16474
-1.14145
-1.11809
-1.09467
-1.07118
-1.04763
-1.02402
-1.00035
-0.976625
-0.952838
-0.928993
-0.90509
-0.881131
-0.857117
-0.833048
-0.808925
-0.78475
-0.760522
-0.736242
-0.711913
-0.687533
-0.663105
-0.638629
-0.614106
-0.589537
-0.564922
-0.540263
-0.51556
-0.490815
-0.466028
-0.4412
-0.416331
-0.391424
-0.366478
-0.341495
-0.316476
-0.29142
-0.266331
-0.241207
-0.216051
-0.190862
-0.165643
-0.140393
-0.115115
-0.0898076
-0.0644734
-0.0391127
-0.0137267
0.0116839
0.0371181
0.0625749
0.0880534
0.113553
0.139072
0.164609
0.190165
0.215738
0.241326
0.26693
0.292547
0.318178
0.343821
0.369474
0.395138
0.420811
0.446493
0.472181
0.497876
0.523575
0.549279
0.574987
0.600696
0.626407
0.652118
0.677829
0.703537
0.729243
0.754945
0.780643
0.806334
0.832019
0.857696
0.883365
0.909023
0.934671
0.960307
0.98593
1.01154
1.03713
1.06271
1.08827
1.11382
1.13934
1.16485
1.19033
1.21579
1.24123
1.26664
1.29203
1.3174
1.34273
1.36804
1.39332
1.41857
1.44378
1.46897
1.49412
1.51924
1.54432
1.56936
1.59437
1.61934
1.64427
1.66916
1.69401
1.71881
1.74357
1.76829
1.79296
1.81758
1.84215
1.86668
1.89116
1.91558
1.93996
1.96428
1.98854
2.01275
2.03691
2.06101
2.08505
2.10903
2.13295
2.1568
2.1806
2.20433
2.228
2.2516
2.27514
2.29861
2.32201
2.34534
2.3686
2.39179
2.4149
2.43795
2.46091
2.48381
2.50662
2.52936
2.55202
2.5746
2.5971
2.61951
2.64185
2.6641
2.68626
2.70834
2.73033
2.75224
2.77406
2.79578
2.81742
2.83896
2.86041
2.88177
2.90303
2.9242
2.94527
2.96624
2.98712
3.00789
3.02856
3.04914
3.06961
3.08997
3.11023
3.13039
3.15044
3.17038
3.19022
3.20994
3.22956
3.24906
3.26846
3.28773
3.3069
3.32595
3.34488
3.3637
3.3824
3.40098
3.41945
3.43779
3.45601
3.47411
3.49208
3.50993
3.52766
3.54526
3.56274
3.58008
3.5973
3.61439
3.63135
3.64818
3.66487
3.68144
3.69787
3.71416
3.73032
3.74634
3.76223
3.77798
3.79359
3.80906
3.82439
3.83958
3.85463
3.86953
3.88429
3.89891
3.91338
3.92771
3.94189
3.95592
3.9698
3.98353
3.99712
4.01055
4.02383
4.03696
4.04994
4.06276
4.07543
4.08795
4.1003
4.11251
4.12455
4.13644
4.14816
4.15973
4.17114
4.18239
4.19347
4.20439
4.21516
4.22575
4.23618
4.24645
4.25655
4.26649
4.27626
4.28586
4.29529
4.30456
4.31365
4.32258
4.33133
4.33992
4.34833
4.35657
4.36463
4.37253
4.38025
4.38779
4.39516
4.40235
4.40937
4.41621
4.42287
4.42935
4.43566
4.44178
4.44773
4.45349
4.45908
4.46448
4.46971
4.47475
4.47961
4.48428
4.48877
4.49308
4.4972
4.50114
4.5049
4.50846
4.51184
4.51504
4.51805
4.52087
4.5235
4.52594
4.5282
4.53027
4.53214
4.53383
4.53533
4.53664
4.53775
4.53868
4.53941
4.53996
4.54031
4.54047
4.54043
4.5402
4.53978
4.53917
4.53836
4.53736
4.53616
4.53477
4.53319
4.53141
4.52943
4.52726
4.52489
4.52233
4.51957
4.51661
4.51346
4.51011
4.50657
4.50282
4.49888
4.49475
4.49041
4.48588
4.48115
4.47622
4.4711
4.46577
4.46025
4.45453
4.44861
4.4425
4.43618
4.42967
4.42296
4.41605
4.40894
4.40163
4.39412
4.38642
4.37851
4.37041
4.36211
4.35361
4.34491
4.33601
4.32692
4.31762
4.30813
4.29844
4.28855
4.27846
4.26817
4.25769
4.24701
4.23613
4.22505
4.21378
4.2023
4.19063
4.17877
4.1667
4.15444
4.14199
4.12933
4.11648
4.10344
4.09019
4.07676
4.06312
4.04929
4.03527
4.02105
4.00664
3.99203
3.97723
3.96224
3.94705
3.93167
3.9161
3.90033
3.88438
3.86823
3.85188
3.83535
3.81863
3.80172
3.78461
3.76732
3.74984
3.73216
3.7143
3.69625
3.67802
3.6596
3.64099
3.62219
3.60321
3.58404
3.56468
3.54515
3.52542
3.50552
3.48543
3.46516
3.4447
3.42407
3.40325
3.38225
3.36107
3.33971
3.31818
3.29646
3.27457
3.2525
3.23025
3.20783
3.18523
3.16246
3.13951
3.11639
3.09309
3.06962
3.04598
3.02217
2.99819
2.97404
2.94972
2.92523
2.90057
2.87575
2.85076
2.8256
2.80028
2.77479
2.74914
2.72333
2.69736
2.67122
2.64492
2.61847
2.59185
2.56508
2.53814
2.51106
2.48381
2.45641
2.42886
2.40115
2.37329
2.34528
2.31711
2.2888
2.26033
2.23172
2.20296
2.17406
2.145
2.11581
2.08646
2.05698
2.02735
1.99758
1.96767
1.93763
1.90744
1.87711
1.84665
1.81605
1.78532
1.75445
1.72345
1.69232
1.66106
1.62967
1.59815
1.5665
1.53472
1.50282
1.47079
1.43864
1.40636
1.37396
1.34145
1.30881
1.27605
1.24318
1.21019
1.17708
1.14386
1.11053
1.07708
1.04352
1.00985
0.976075
0.942189
0.908197
0.874099
0.839896
0.80559
0.771181
0.736671
0.702061
0.667353
0.632546
0.597642
0.562643
0.52755
0.492364
0.457086
0.421716
0.386258
0.350711
0.315076
0.279356
0.243551
0.207662
0.171691
0.135638
0.0995061
0.0632951
0.0270066
-0.00935815
-0.0457979
-0.0823115
-0.118898
-0.155555
-0.192282
-0.229078
-0.265942
-0.302872
-0.339867
-0.376925
-0.414046
-0.451228
-0.48847
-0.52577
-0.563128
-0.600541
-0.638009
-0.675531
-0.713104
-0.750728
-0.788402
-0.826124
-0.863892
-0.901706
-0.939565
-0.977465
-1.01541
-1.05339
-1.09141
-1.12947
-1.16756
-1.20569
-1.24386
-1.28205
-1.32028
-1.35853
-1.39682
-1.43513
-1.47346
-1.51182
-1.5502
-1.5886
-1.62702
-1.66547
-1.70392
-1.7424
-1.78088
-1.81938
-1.8579
-1.89642
-1.93495
-1.97349
-2.01203
-2.05058
-2.08913
-2.12768
-2.16624
-2.20479
-2.24334
-2.28188
-2.32043
-2.35896
-2.39749
-2.436
-2.47451
-2.513
-2.55148
-2.58995
-2.62839
-2.66682
-2.70523
-2.74362
-2.78199
-2.82034
-2.85866
-2.89695
-2.93521
-2.97345
-3.01165
-3.04983
-3.08796
-3.12607
-3.16414
-3.20217
-3.24016
-3.27811
-3.31602
-3.35388
-3.3917
-3.42947
-3.4672
-3.50488
-3.5425
-3.58008
-3.6176
-3.65506
-3.69248
-3.72983
-3.76712
-3.80435
-3.84153
-3.87863
-3.91568
-3.95265
-3.98956
-4.02641
-4.06318
-4.09988
-4.1365
-4.17305
-4.20953
-4.24593
-4.28225
-4.31849
-4.35465
-4.39072
-4.42671
-4.46262
-4.49844
-4.53417
-4.56981
-4.60536
-4.64082
-4.67618
-4.71145
-4.74663
-4.7817
-4.81667
-4.85155
-4.88632
-4.92099
-4.95555
-4.99001
-5.02436
-5.05861
-5.09274
-5.12676
-5.16067
-5.19446
-5.22814
-5.2617
-5.29515
-5.32847
-5.36167
-5.39476
-5.42771
-5.46055
-5.49326
-5.52584
-5.55829
-5.59061
-5.6228
-5.65486
-5.68679
-5.71858
-5.75023
-5.78175
-5.81313
-5.84437
-5.87546
-5.90642
-5.93723
-5.9679
-5.99842
-6.02879
-6.05901
-6.08909
-6.11901
-6.14878
-6.1784
-6.20786
-6.23716
-6.26631
-6.2953
-6.32414
-6.35281
-6.38131
-6.40966
-6.43784
-6.46586
-6.49371
-6.52139
-6.5489
-6.57625
-6.60342
-6.63042
-6.65724
-6.6839
-6.71037
-6.73667
-6.7628
-6.78874
-6.8145
-6.84008
-6.86548
-6.8907
-6.91573
-6.94058
-6.96524
-6.98972
-7.014
-7.0381
-7.062
-7.08571
-7.10924
-7.13256
-7.15569
-7.17863
-7.20137
-7.22392
-7.24626
-7.2684
-7.29035
-7.31209
-7.33363
-7.35497
-7.3761
-7.39703
-7.41775
-7.43827
-7.45857
-7.47867
-7.49856
-7.51823
-7.5377
-7.55695
-7.57599
-7.59482
-7.61343
-7.63182
-7.65
-7.66796
-7.68571
-7.70323
-7.72053
-7.73761
-7.75447
-7.77111
-7.78753
-7.80372
-7.81969
-7.83543
-7.85094
-7.86623
-7.88129
-7.89612
-7.91073
-7.9251
-7.93924
-7.95315
-7.96683
-7.98028
-7.99349
-8.00647
-8.01922
-8.03173
-8.044
-8.05604
-8.06784
-8.0794
-8.09073
-8.10181
-8.11266
-8.12326
-8.13363
-8.14375
-8.15363
-8.16327
-8.17267
-8.18182
-8.19073
-8.1994
-8.20782
-8.21599
-8.22392
-8.23161
-8.23904
-8.24623
-8.25317
-8.25986
-8.26631
-8.2725
-8.27845
-8.28414
-8.28959
-8.29478
-8.29972
-8.30442
-8.30886
-8.31304
-8.31698
-8.32066
-8.32409
-8.32727
-8.33019
-8.33286
-8.33527
-8.33743
-8.33933
-8.34098
-8.34237
-8.34351
-8.34439
-8.34502
-8.34539
-8.3455
-8.34535
-8.34495
-8.34429
-8.34338
-8.3422
-8.34077
-8.33908
-8.33714
-8.33493
-8.33247
-8.32975
-8.32677
-8.32353
-8.32003
-8.31627
-8.31226
-8.30799
-8.30345
-8.29866
-8.29361
-8.2883
-8.28274
-8.27691
-8.27082
-8.26448
-8.25788
-8.25101
-8.24389
-8.23651
-8.22888
-8.22098
-8.21282
-8.20441
-8.19574
-8.18681
-8.17762
-8.16818
-8.15847
-8.14851
-8.13829
-8.12782
-8.11708
-8.1061
-8.09485
-8.08335
-8.07159
-8.05957
-8.0473
-8.03478
-8.02199
-8.00896
-7.99567
-7.98212
-7.96832
-7.95427
-7.93996
-7.9254
-7.91059
-7.89552
-7.8802
-7.86463
-7.84881
-7.83274
-7.81642
-7.79984
-7.78302
-7.76595
-7.74862
-7.73105
-7.71323
-7.69517
-7.67685
-7.65829
-7.63948
-7.62043
-7.60113
-7.58159
-7.5618
-7.54177
-7.52149
-7.50098
-7.48022
-7.45921
-7.43797
-7.41649
-7.39476
-7.3728
-7.3506
-7.32816
-7.30548
-7.28257
-7.25942
-7.23603
-7.21241
-7.18855
-7.16446
-7.14014
-7.11559
-7.0908
-7.06578
-7.04054
-7.01506
-6.98935
-6.96342
-6.93726
-6.91087
-6.88426
-6.85742
-6.83036
-6.80307
-6.77557
-6.74784
-6.71989
-6.69171
-6.66332
-6.63471
-6.60589
-6.57684
-6.54759
-6.51811
-6.48842
-6.45852
-6.42841
-6.39808
-6.36754
-6.3368
-6.30584
-6.27468
-6.24331
-6.21173
-6.17995
-6.14797
-6.11578
-6.08339
-6.0508
-6.01801
-5.98502
-5.95183
-5.91844
-5.88486
-5.85108
-5.81711
-5.78295
-5.74859
-5.71405
-5.67931
-5.64439
-5.60927
-5.57397
-5.53849
-5.50282
-5.46697
-5.43093
-5.39472
-5.35832
-5.32175
-5.28499
-5.24806
-5.21096
-5.17368
-5.13623
-5.09861
-5.06081
-5.02285
-4.98472
-4.94642
-4.90795
-4.86932
-4.83053
-4.79158
-4.75246
-4.71318
-4.67375
-4.63415
-4.59441
-4.5545
-4.51445
-4.47424
-4.43388
-4.39337
-4.35271
-4.3119
-4.27095
-4.22985
-4.18861
-4.14723
-4.10571
-4.06405
-4.02225
-3.98031
-3.93824
-3.89603
-3.85369
-3.81123
-3.76863
-3.7259
-3.68304
-3.64006
-3.59695
-3.55372
-3.51037
-3.4669
-3.42331
-3.3796
-3.33578
-3.29184
-3.24779
-3.20362
-3.15935
-3.11496
-3.07047
-3.02587
-2.98117
-2.93636
-2.89145
-2.84644
-2.80134
-2.75613
-2.71083
-2.66543
-2.61994
-2.57436
-2.52869
-2.48293
-2.43708
-2.39115
-2.34513
-2.29903
-2.25284
-2.20658
-2.16024
-2.11382
-2.06733
-2.02076
-1.97412
-1.92741
-1.88063
-1.83378
-1.78686
-1.73988
-1.69284
-1.64573
-1.59857
-1.55134
-1.50406
-1.45672
-1.40933
-1.36189
-1.31439
-1.26685
-1.21925
-1.17161
-1.12393
-1.0762
-1.02843
-0.980615
-0.932765
-0.884878
-0.836955
-0.788997
-0.741007
-0.692986
-0.644935
-0.596857
-0.548751
-0.500621
-0.452468
-0.404293
-0.356097
-0.307883
-0.259652
-0.211405
-0.163144
-0.114871
-0.0665872
-0.0182938
0.0300074
0.0783147
0.126627
0.174942
0.223258
0.271575
0.31989
0.368201
0.416508
0.464809
0.513102
0.561385
0.609657
0.657917
0.706163
0.754393
0.802606
0.8508
0.898974
0.947126
0.995255
1.04336
1.09144
1.13948
1.1875
1.23549
1.28345
1.33137
1.37926
1.4271
1.47491
1.52268
1.57041
1.61809
1.66573
1.71332
1.76087
1.80836
1.85581
1.9032
1.95053
1.99781
2.04504
2.0922
2.13931
2.18635
2.23333
2.28025
2.32709
2.37388
2.42059
2.46723
2.5138
2.56029
2.60671
2.65306
2.69932
2.74551
2.79162
2.83764
2.88358
2.92943
2.9752
3.02087
3.06646
3.11196
3.15736
3.20267
3.24789
3.293
3.33802
3.38294
3.42776
3.47247
3.51709
3.56159
3.60599
3.65028
3.69446
3.73853
3.78249
3.82633
3.87006
3.91367
3.95716
4.00054
4.04379
4.08692
4.12993
4.17281
4.21557
4.2582
4.3007
4.34307
4.38531
4.42741
4.46939
4.51122
4.55292
4.59449
4.63591
4.67719
4.71833
4.75933
4.80019
4.84089
4.88146
4.92187
4.96213
5.00225
5.04221
5.08202
5.12167
5.16117
5.20051
5.2397
5.27872
5.31759
5.35629
5.39483
5.43321
5.47142
5.50947
5.54735
5.58506
5.6226
5.65997
5.69717
5.73419
5.77104
5.80772
5.84422
5.88054
5.91669
5.95265
5.98844
6.02404
6.05946
6.0947
6.12975
6.16462
6.1993
6.23379
6.26809
6.3022
6.33613
6.36985
6.40339
6.43674
6.46988
6.50284
6.53559
6.56815
6.60051
6.63267
6.66463
6.69639
6.72794
6.7593
6.79045
6.82139
6.85213
6.88266
6.91298
6.9431
6.973
7.0027
7.03218
7.06145
7.09052
7.11936
7.14799
7.17641
7.20461
7.2326
7.26037
7.28792
7.31525
7.34236
7.36925
7.39592
7.42237
7.44859
7.4746
7.50037
7.52593
7.55126
7.57636
7.60124
7.62589
7.65031
7.6745
7.69846
7.7222
7.7457
7.76898
7.79202
7.81483
7.8374
7.85975
7.88186
7.90373
7.92537
7.94678
7.96795
7.98888
8.00958
8.03003
8.05025
8.07024
8.08998
8.10948
8.12875
8.14777
8.16656
8.1851
8.2034
8.22146
8.23928
8.25685
8.27419
8.29127
8.30812
8.32472
8.34108
8.35719
8.37305
8.38867
8.40405
8.41918
8.43406
8.4487
8.46309
8.47723
8.49113
8.50478
8.51818
8.53133
8.54423
8.55689
8.5693
8.58146
8.59337
8.60503
8.61644
8.6276
8.63851
8.64917
8.65959
8.66975
8.67966
8.68933
8.69874
8.7079
8.71681
8.72547
8.73389
8.74205
8.74996
8.75762
8.76503
8.77219
8.77909
8.78575
8.79216
8.79832
8.80422
8.80988
8.81529
8.82044
8.82535
8.83
8.83441
8.83857
8.84247
8.84613
8.84954
8.8527
8.85561
8.85827
8.86068
8.86284
8.86475
8.86642
8.86784
8.86901
8.86993
8.87061
8.87104
8.87122
8.87115
8.87084
8.87029
8.86948
8.86843
8.86714
8.8656
8.86382
8.86179
8.85952
8.85701
8.85425
8.85125
8.84801
8.84452
8.8408
8.83683
8.83262
8.82818
8.82349
8.81856
8.81339
8.80799
8.80234
8.79646
8.79034
8.78399
8.7774
8.77057
8.76351
8.75621
8.74868
8.74092
8.73292
8.72469
8.71623
8.70753
8.69861
8.68945
8.68007
8.67046
8.66061
8.65054
8.64025
8.62972
8.61898
8.608
8.5968
8.58538
8.57373
8.56186
8.54977
8.53746
8.52493
8.51217
8.4992
8.48601
8.4726
8.45898
8.44514
8.43108
8.41681
8.40232
8.38763
8.37272
8.35759
8.34226
8.32672
8.31097
8.29501
8.27884
8.26246
8.24588
8.2291
8.21211
8.19492
8.17752
8.15993
8.14213
8.12413
8.10593
8.08754
8.06895
8.05016
8.03118
8.012
7.99263
7.97307
7.95332
7.93337
7.91324
7.89291
7.8724
7.85171
7.83082
7.80975
7.7885
7.76707
7.74545
7.72366
7.70168
7.67952
7.65719
7.63468
7.61199
7.58913
7.5661
7.5429
7.51952
7.49597
7.47225
7.44837
7.42432
7.4001
7.37571
7.35117
7.32646
7.30159
7.27655
7.25136
7.22601
7.20051
7.17484
7.14903
7.12305
7.09693
7.07065
7.04423
7.01765
6.99093
6.96406
6.93704
6.90988
6.88258
6.85513
6.82755
6.79982
6.77196
6.74396
6.71582
6.68754
6.65914
6.6306
6.60193
6.57313
6.5442
6.51514
6.48595
6.45665
6.42721
6.39766
6.36798
6.33818
6.30827
6.27823
6.24808
6.21782
6.18744
6.15695
6.12634
6.09563
6.06481
6.03388
6.00284
5.9717
5.94046
5.90911
5.87766
5.84611
5.81447
5.78273
5.75089
5.71895
5.68692
5.6548
5.62259
5.59029
5.55791
5.52543
5.49287
5.46023
5.4275
5.39469
5.36181
5.32884
5.29579
5.26267
5.22948
5.19621
5.16287
5.12945
5.09597
5.06242
5.0288
4.99512
4.96137
4.92756
4.89369
4.85976
4.82577
4.79172
4.75762
4.72346
4.68925
4.65498
4.62067
4.5863
4.55189
4.51743
4.48292
4.44838
4.41378
4.37915
4.34448
4.30976
4.27501
4.24023
4.20541
4.17055
4.13567
4.10075
4.06581
4.03083
3.99583
3.96081
3.92576
3.89068
3.85559
3.82048
3.78534
3.75019
3.71503
3.67985
3.64465
3.60945
3.57423
3.53901
3.50377
3.46853
3.43329
3.39804
3.36278
3.32753
3.29228
3.25702
3.22177
3.18653
3.15129
3.11605
3.08083
3.04561
3.0104
2.9752
2.94002
2.90485
2.8697
2.83456
2.79944
2.76435
2.72927
2.69421
2.65918
2.62417
2.58919
2.55423
2.51931
2.48441
2.44954
2.41471
2.37991
2.34514
2.31041
2.27571
2.24106
2.20644
2.17187
2.13733
2.10285
2.0684
2.034
1.99965
1.96534
1.93109
1.89688
1.86273
1.82863
1.79459
1.7606
1.72666
1.69279
1.65897
1.62521
1.59152
1.55788
1.52431
1.49081
1.45737
1.424
1.3907
1.35746
1.3243
1.29121
1.25819
1.22524
1.19237
1.15958
1.12686
1.09422
1.06166
1.02918
0.996785
0.96447
0.93224
0.900094
0.868034
0.836061
0.804177
0.772381
0.740676
0.709062
0.67754
0.646111
0.614777
0.583538
0.552396
0.521351
0.490404
0.459557
0.42881
0.398165
0.367622
0.337183
0.306848
0.276618
0.246494
0.216478
0.18657
0.156772
0.127083
0.0975053
0.0680396
0.0386869
0.00944796
-0.0196762
-0.0486847
-0.0775767
-0.106351
-0.135007
-0.163544
-0.191961
-0.220257
-0.248431
-0.276483
-0.304411
-0.332214
-0.359893
-0.387445
-0.41487
-0.442168
-0.469337
-0.496377
-0.523287
-0.550066
-0.576713
-0.603227
-0.629609
-0.655856
-0.681969
-0.707946
-0.733787
-0.75949
-0.785057
-0.810484
-0.835772
-0.860921
-0.885929
-0.910795
-0.93552
-0.960101
-0.98454
-1.00883
-1.03298
-1.05699
-1.08085
-1.10456
-1.12812
-1.15154
-1.17481
-1.19792
-1.22089
-1.24371
-1.26638
-1.2889
-1.31126
-1.33347
-1.35553
-1.37743
-1.39918
-1.42078
-1.44221
-1.4635
-1.48462
-1.50559
-1.52641
-1.54706
-1.56755
-1.58789
-1.60807
-1.62808
-1.64794
-1.66764
-1.68717
-1.70654
-1.72575
-1.7448
-1.76369
-1.78241
-1.80096
-1.81936
-1.83758
-1.85565
-1.87355
-1.89128
-1.90884
-1.92624
-1.94348
-1.96054
-1.97744
-1.99417
-2.01073
-2.02712
-2.04335
-2.0594
-2.07529
-2.09101
-2.10656
-2.12193
-2.13714
-2.15217
-2.16704
-2.18173
-2.19626
-2.21061
-2.22479
-2.2388
-2.25263
-2.26629
-2.27979
-2.2931
-2.30625
-2.31922
-2.33202
-2.34465
-2.3571
-2.36938
-2.38148
-2.39342
-2.40517
-2.41676
-2.42817
-2.43941
-2.45047
-2.46135
-2.47207
-2.48261
-2.49297
-2.50316
-2.51318
-2.52302
-2.53269
-2.54218
-2.5515
-2.56064
-2.56961
-2.57841
-2.58703
-2.59548
-2.60375
-2.61185
-2.61977
-2.62752
-2.6351
-2.6425
-2.64973
-2.65678
-2.66366
-2.67037
-2.6769
-2.68327
-2.68945
-2.69547
-2.70131
-2.70698
-2.71248
-2.7178
-2.72295
-2.72794
-2.73274
-2.73738
-2.74185
-2.74614
-2.75027
-2.75422
-2.758
-2.76162
-2.76506
-2.76833
-2.77144
-2.77437
-2.77714
-2.77974
-2.78216
-2.78443
-2.78652
-2.78845
-2.7902
-2.7918
-2.79322
-2.79448
-2.79558
-2.79651
-2.79727
-2.79787
-2.79831
-2.79858
-2.79868
-2.79863
-2.79841
-2.79803
-2.79749
-2.79679
-2.79592
-2.7949
-2.79371
-2.79237
-2.79086
-2.7892
-2.78738
-2.7854
-2.78326
-2.78097
-2.77852
-2.77591
-2.77315
-2.77023
-2.76716
-2.76394
-2.76056
-2.75703
-2.75335
-2.74951
-2.74552
-2.74139
-2.7371
-2.73266
-2.72808
-2.72334
-2.71846
-2.71343
-2.70826
-2.70293
-2.69747
-2.69186
-2.6861
-2.6802
-2.67416
-2.66797
-2.66164
-2.65518
-2.64857
-2.64182
-2.63493
-2.6279
-2.62074
-2.61344
-2.606
-2.59843
-2.59072
-2.58288
-2.5749
-2.56679
-2.55855
-2.55018
-2.54167
-2.53304
-2.52427
-2.51538
-2.50636
-2.49721
-2.48794
-2.47854
-2.46901
-2.45936
-2.44959
-2.43969
-2.42968
-2.41954
-2.40928
-2.3989
-2.3884
-2.37779
-2.36705
-2.35621
-2.34524
-2.33416
-2.32297
-2.31166
-2.30024
-2.28871
-2.27707
-2.26531
-2.25345
-2.24148
-2.22941
-2.21722
-2.20493
-2.19254
-2.18004
-2.16744
-2.15474
-2.14193
-2.12902
-2.11602
-2.10291
-2.08971
-2.07641
-2.06302
-2.04952
-2.03594
-2.02226
-2.00849
-1.99462
-1.98067
-1.96662
-1.95249
-1.93827
-1.92396
-1.90956
-1.89508
-1.88051
-1.86586
-1.85113
-1.83632
-1.82142
-1.80644
-1.79139
-1.77626
-1.76105
-1.74576
-1.7304
-1.71496
-1.69946
-1.68387
-1.66822
-1.6525
-1.6367
-1.62084
-1.60491
-1.58891
-1.57285
-1.55672
-1.54053
-1.52428
-1.50796
-1.49158
-1.47515
-1.45865
-1.44209
-1.42548
-1.40881
-1.39209
-1.37531
-1.35848
-1.3416
-1.32466
-1.30767
-1.29064
-1.27355
-1.25642
-1.23925
-1.22202
-1.20475
-1.18744
-1.17009
-1.15269
-1.13525
-1.11778
-1.10026
-1.08271
-1.06512
-1.04749
-1.02983
-1.01214
-0.994411
-0.976651
-0.958861
-0.941041
-0.923191
-0.905314
-0.88741
-0.869479
-0.851524
-0.833544
-0.815542
-0.797517
-0.779471
-0.761405
-0.743319
-0.725215
-0.707094
-0.688957
-0.670804
-0.652637
-0.634457
-0.616264
-0.598059
-0.579844
-0.56162
-0.543387
-0.525146
-0.506899
-0.488646
-0.470388
-0.452126
-0.433862
-0.415595
-0.397328
-0.379061
-0.360794
-0.34253
-0.324269
-0.306011
-0.287758
-0.269511
-0.25127
-0.233037
-0.214812
-0.196597
-0.178392
-0.160199
-0.142018
-0.12385
-0.105696
-0.0875567
-0.0694337
-0.0513275
-0.033239
-0.0151692
0.00288097
0.0209107
0.038919
0.056905
0.0748678
0.0928066
0.11072
0.128608
0.146469
0.164303
0.182107
0.199883
0.217628
0.235342
0.253024
0.270673
0.288288
0.305868
0.323413
0.340922
0.358393
0.375826
0.39322
0.410575
0.427888
0.445161
0.462391
0.479577
0.49672
0.513818
0.530871
0.547877
0.564835
0.581746
0.598608
0.61542
0.632181
0.648891
0.665549
0.682155
0.698706
0.715203
0.731645
0.748031
0.76436
0.780632
0.796845
0.812999
0.829093
0.845127
0.861099
0.87701
0.892857
0.908641
0.924361
0.940015
0.955604
0.971127
0.986582
1.00197
1.01729
1.03254
1.04772
1.06283
1.07786
1.09283
1.10772
1.12254
1.13729
1.15196
1.16655
1.18107
1.19551
1.20988
1.22417
1.23837
1.2525
1.26655
1.28052
1.29441
1.30821
1.32194
1.33558
1.34913
1.36261
1.376
1.3893
1.40251
1.41565
1.42869
1.44164
1.45451
1.46729
1.47998
1.49258
1.50509
1.51751
1.52983
1.54207
1.55421
1.56626
1.57822
1.59008
1.60185
1.61352
1.6251
1.63658
1.64797
1.65925
1.67044
1.68154
1.69253
1.70343
1.71423
1.72492
1.73552
1.74602
1.75641
1.76671
1.7769
1.78699
1.79698
1.80687
1.81665
1.82633
1.83591
1.84538
1.85474
1.864
1.87316
1.88221
1.89115
1.89999
1.90872
1.91734
1.92586
1.93427
1.94257
1.95076
1.95884
1.96682
1.97468
1.98244
1.99008
1.99762
2.00504
2.01236
2.01956
2.02665
2.03364
2.04051
2.04727
2.05391
2.06045
2.06687
2.07318
2.07937
2.08546
2.09143
2.09729
2.10303
2.10866
2.11418
2.11958
2.12487
2.13004
2.1351
2.14005
2.14488
2.14959
2.15419
2.15868
2.16305
2.16731
2.17145
2.17547
2.17938
2.18317
2.18685
2.19041
2.19386
2.19719
2.20041
2.20351
2.20649
2.20936
2.21211
2.21475
2.21727
2.21967
2.22196
2.22413
2.22619
2.22813
2.22996
2.23167
2.23326
2.23474
2.2361
2.23734
2.23848
2.23949
2.24039
2.24118
2.24184
2.2424
2.24284
2.24316
2.24337
2.24346
2.24344
2.24331
2.24306
2.2427
2.24222
2.24163
2.24092
2.2401
2.23917
2.23813
2.23697
2.2357
2.23431
2.23281
2.2312
2.22948
2.22765
2.2257
2.22365
2.22148
2.2192
2.21681
2.21431
2.2117
2.20898
2.20614
2.2032
2.20015
2.19699
2.19373
2.19035
2.18686
2.18327
2.17957
2.17576
2.17185
2.16783
2.1637
2.15946
2.15512
2.15068
2.14613
2.14147
2.13671
2.13185
2.12688
2.12181
2.11664
2.11136
2.10599
2.10051
2.09492
2.08924
2.08346
2.07757
2.07159
2.06551
2.05933
2.05305
2.04667
2.04019
2.03362
2.02695
2.02018
2.01332
2.00636
1.9993
1.99216
1.98491
1.97758
1.97015
1.96263
1.95501
1.94731
1.93951
1.93162
1.92364
1.91557
1.90742
1.89917
1.89084
1.88241
1.8739
1.86531
1.85662
1.84786
1.839
1.83007
1.82104
1.81194
1.80275
1.79348
1.78413
1.77469
1.76518
1.75558
1.74591
1.73616
1.72633
1.71642
1.70643
1.69637
1.68623
1.67602
1.66573
1.65537
1.64493
1.63442
1.62384
1.61318
1.60246
1.59166
1.5808
1.56987
1.55886
1.54779
1.53665
1.52545
1.51418
1.50284
1.49144
1.47998
1.46845
1.45686
1.4452
1.43349
1.42172
1.40988
1.39799
1.38603
1.37402
1.36195
1.34983
1.33765
1.32541
1.31312
1.30077
1.28837
1.27592
1.26342
1.25087
1.23826
1.22561
1.2129
1.20015
1.18735
1.17451
1.16162
1.14868
1.1357
1.12267
1.1096
1.09649
1.08334
1.07014
1.05691
1.04363
1.03032
1.01697
1.00358
0.990151
0.976689
0.963192
0.94966
0.936095
0.922497
0.908866
0.895204
0.881512
0.867789
0.854037
0.840257
0.826449
0.812614
0.798752
0.784866
0.770954
0.757019
0.74306
0.729079
0.715077
0.701053
0.68701
0.672946
0.658865
0.644765
0.630648
0.616515
0.602367
0.588204
0.574026
0.559835
0.545632
0.531417
0.517191
0.502955
0.48871
0.474456
0.460194
0.445924
0.431649
0.417367
0.403081
0.388791
0.374498
0.360202
0.345904
0.331606
0.317307
0.303008
0.288711
0.274416
0.260124
0.245836
0.231551
0.217272
0.202999
0.188733
0.174474
0.160223
0.145981
0.131748
0.117527
0.103316
0.0891174
0.0749315
0.0607591
0.046601
0.0324579
0.0183305
0.00421963
-0.00987396
-0.0239495
-0.0380063
-0.0520436
-0.0660607
-0.0800567
-0.094031
-0.107983
-0.121911
-0.135816
-0.149696
-0.16355
-0.177378
-0.19118
-0.204953
-0.218699
-0.232415
-0.246101
-0.259756
-0.273381
-0.286973
-0.300533
-0.314059
-0.327551
-0.341008
-0.354429
-0.367814
-0.381162
-0.394472
-0.407744
-0.420976
-0.434169
-0.447321
-0.460432
-0.4735
-0.486526
-0.499509
-0.512448
-0.525342
-0.53819
-0.550992
-0.563748
-0.576456
-0.589116
-0.601727
-0.614288
-0.6268
-0.63926
-0.651669
-0.664026
-0.67633
-0.68858
-0.700777
-0.712918
-0.725004
-0.737034
-0.749008
-0.760923
-0.772781
-0.78458
-0.79632
-0.808
-0.81962
-0.831178
-0.842674
-0.854108
-0.865479
-0.876787
-0.88803
-0.899208
-0.910321
-0.921368
-0.932348
-0.943261
-0.954106
-0.964882
-0.97559
-0.986228
-0.996796
-1.00729
-1.01772
-1.02807
-1.03835
-1.04856
-1.0587
-1.06876
-1.07874
-1.08866
-1.09849
-1.10825
-1.11793
-1.12754
-1.13706
-1.14651
-1.15588
-1.16517
-1.17438
-1.18351
-1.19256
-1.20153
-1.21041
-1.21922
-1.22794
-1.23657
-1.24512
-1.25359
-1.26198
-1.27027
-1.27849
-1.28661
-1.29465
-1.3026
-1.31047
-1.31824
-1.32593
-1.33353
-1.34104
-1.34845
-1.35578
-1.36302
-1.37017
-1.37722
-1.38419
-1.39106
-1.39784
-1.40452
-1.41111
-1.41761
-1.42401
-1.43032
-1.43653
-1.44265
-1.44867
-1.4546
-1.46043
-1.46616
-1.4718
-1.47733
-1.48277
-1.48811
-1.49336
-1.4985
-1.50355
-1.50849
-1.51333
-1.51808
-1.52272
-1.52727
-1.53171
-1.53605
-1.54029
-1.54442
-1.54846
-1.55239
-1.55622
-1.55994
-1.56357
-1.56709
-1.5705
-1.57381
-1.57702
-1.58012
-1.58312
-1.58601
-1.58879
-1.59148
-1.59405
-1.59652
-1.59888
-1.60114
-1.60329
-1.60533
-1.60727
-1.6091
-1.61082
-1.61244
-1.61394
-1.61534
-1.61663
-1.61782
-1.61889
-1.61986
-1.62071
-1.62146
-1.6221
-1.62263
-1.62306
-1.62337
-1.62357
-1.62367
-1.62365
-1.62353
-1.62329
-1.62295
-1.62249
-1.62193
-1.62125
-1.62047
-1.61957
-1.61857
-1.61745
-1.61623
-1.61489
-1.61345
-1.61189
-1.61022
-1.60844
-1.60655
-1.60455
-1.60244
-1.60022
-1.59789
-1.59545
-1.5929
-1.59024
-1.58746
-1.58458
-1.58158
-1.57848
-1.57526
-1.57194
-1.5685
-1.56495
-1.5613
-1.55753
-1.55365
-1.54966
-1.54557
-1.54136
-1.53704
-1.53261
-1.52808
-1.52343
-1.51867
-1.51381
-1.50883
-1.50375
-1.49855
-1.49325
-1.48784
-1.48232
-1.47669
-1.47095
-1.46511
-1.45916
-1.45309
-1.44693
-1.44065
-1.43426
-1.42777
-1.42117
-1.41447
-1.40765
-1.40073
-1.39371
-1.38658
-1.37934
-1.37199
-1.36454
-1.35699
-1.34933
-1.34156
-1.33369
-1.32572
-1.31764
-1.30946
-1.30117
-1.29278
-1.28429
-1.27569
-1.26699
-1.25819
-1.24929
-1.24028
-1.23117
-1.22197
-1.21266
-1.20324
-1.19373
-1.18412
-1.17441
-1.1646
-1.15469
-1.14468
-1.13457
-1.12436
-1.11406
-1.10366
-1.09316
-1.08256
-1.07187
-1.06108
-1.05019
-1.03921
-1.02813
-1.01696
-1.00569
-0.994332
-0.982877
-0.971329
-0.959688
-0.947955
-0.936129
-0.924211
-0.912201
-0.9001
-0.887909
-0.875627
-0.863256
-0.850794
-0.838244
-0.825605
-0.812878
-0.800063
-0.78716
-0.774171
-0.761095
-0.747933
-0.734685
-0.721352
-0.707934
-0.694432
-0.680846
-0.667177
-0.653425
-0.63959
-0.625673
-0.611675
-0.597596
-0.583436
-0.569196
-0.554876
-0.540477
-0.526
-0.511444
-0.496811
-0.4821
-0.467313
-0.45245
-0.437511
-0.422497
-0.407408
-0.392245
-0.377009
-0.3617
-0.346318
-0.330863
-0.315338
-0.299741
-0.284074
-0.268338
-0.252531
-0.236656
-0.220713
-0.204702
-0.188624
-0.172479
-0.156268
-0.139992
-0.123651
-0.107245
-0.0907752
-0.0742424
-0.0576469
-0.0409892
-0.0242701
-0.0074899
0.00935065
0.026251
0.0432106
0.0602289
0.0773052
0.094439
0.11163
0.128877
0.146179
0.163537
0.18095
0.198416
0.215935
0.233508
0.251132
0.268808
0.286534
0.304311
0.322138
0.340014
0.357938
0.37591
0.393929
0.411995
0.430107
0.448264
0.466465
0.484711
0.503
0.521333
0.539707
0.558123
0.576579
0.595077
0.613613
0.632189
0.650803
0.669455
0.688144
0.706869
0.725631
0.744427
0.763258
0.782123
0.801021
0.819951
0.838914
0.857908
0.876932
0.895987
0.91507
0.934183
0.953323
0.972491
0.991686
1.01091
1.03015
1.04942
1.06872
1.08804
1.10738
1.12674
1.14612
1.16553
1.18495
1.2044
1.22386
1.24334
1.26284
1.28236
1.30189
1.32144
1.341
1.36058
1.38017
1.39977
1.41939
1.43901
1.45865
1.4783
1.49795
1.51762
1.53729
1.55697
1.57666
1.59635
1.61605
1.63576
1.65547
1.67518
1.69489
1.71461
1.73433
1.75405
1.77376
1.79348
1.8132
1.83292
1.85263
1.87234
1.89204
1.91175
1.93144
1.95113
1.97082
1.99049
2.01016
2.02982
2.04947
2.06912
2.08875
2.10837
2.12797
2.14757
2.16715
2.18672
2.20628
2.22582
2.24534
2.26485
2.28434
2.30381
2.32327
2.3427
2.36212
2.38152
2.40089
2.42024
2.43958
2.45889
2.47817
2.49743
2.51667
2.53588
2.55507
2.57423
2.59336
2.61246
2.63154
2.65058
2.6696
2.68859
2.70754
2.72647
2.74536
2.76422
2.78304
2.80183
2.82059
2.83931
2.858
2.87665
2.89526
2.91383
2.93237
2.95087
2.96933
2.98774
3.00612
3.02446
3.04275
3.061
3.07921
3.09737
3.11549
3.13357
3.1516
3.16959
3.18752
3.20541
3.22326
3.24105
3.2588
3.27649
3.29414
3.31174
3.32928
3.34678
3.36422
3.38161
3.39894
3.41622
3.43345
3.45062
3.46774
3.4848
3.5018
3.51875
3.53564
3.55247
3.56924
3.58596
3.60261
3.6192
3.63574
3.65221
3.66862
3.68496
3.70125
3.71747
3.73363
3.74972
3.76575
3.78171
3.79761
3.81344
3.8292
3.8449
3.86053
3.87609
3.89158
3.907
3.92235
3.93764
3.95285
3.96799
3.98306
3.99806
4.01298
4.02783
4.04261
4.05732
4.07195
4.0865
4.10099
4.11539
4.12972
4.14397
4.15815
4.17225
4.18627
4.20021
4.21408
4.22786
4.24157
4.2552
4.26874
4.28221
4.2956
4.3089
4.32212
4.33526
4.34832
4.36129
4.37419
4.38699
4.39972
4.41236
4.42491
4.43738
4.44976
4.46206
4.47427
4.4864
4.49844
4.51039
4.52225
4.53403
4.54572
4.55732
4.56883
4.58025
4.59158
4.60282
4.61398
4.62504
4.63601
4.64689
4.65767
4.66837
4.67897
4.68949
4.69991
4.71023
4.72047
4.73061
4.74065
4.75061
4.76046
4.77023
4.7799
4.78947
4.79895
4.80833
4.81762
4.82681
4.83591
4.84491
4.85381
4.86261
4.87132
4.87993
4.88844
4.89686
4.90517
4.91339
4.92151
4.92953
4.93746
4.94528
4.953
4.96063
4.96815
4.97558
4.9829
4.99013
4.99725
5.00428
5.0112
5.01802
5.02474
5.03136
5.03788
5.0443
5.05061
5.05683
5.06294
5.06895
5.07485
5.08066
5.08636
5.09196
5.09746
5.10285
5.10814
5.11333
5.11841
5.1234
5.12827
5.13305
5.13772
5.14229
5.14675
5.15111
5.15537
5.15952
5.16357
5.16751
5.17135
5.17508
5.17871
5.18224
5.18566
5.18898
5.19219
5.1953
5.1983
5.2012
5.20399
5.20668
5.20927
5.21175
5.21412
5.21639
5.21856
5.22062
5.22257
5.22442
5.22617
5.22781
5.22934
5.23078
5.2321
5.23332
5.23444
5.23545
5.23636
5.23716
5.23785
5.23845
5.23893
5.23932
5.2396
5.23977
5.23984
5.2398
5.23966
5.23942
5.23907
5.23862
5.23806
5.2374
5.23664
5.23577
5.2348
5.23372
5.23254
5.23126
5.22987
5.22838
5.22679
5.22509
5.22329
5.22138
5.21938
5.21727
5.21506
5.21274
5.21033
5.20781
5.20519
5.20246
5.19964
5.19671
5.19368
5.19055
5.18732
5.18399
5.18055
5.17702
5.17338
5.16964
5.16581
5.16187
5.15783
5.15369
5.14946
5.14512
5.14068
5.13615
5.13151
5.12678
5.12194
5.11701
5.11198
5.10685
5.10163
5.0963
5.09088
5.08536
5.07975
5.07403
5.06822
5.06232
5.05631
5.05021
5.04402
5.03773
5.03134
5.02486
5.01828
5.01161
5.00485
4.99799
4.99103
4.98398
4.97684
4.96961
4.96228
4.95486
4.94734
4.93974
4.93204
4.92425
4.91637
4.90839
4.90033
4.89217
4.88393
4.87559
4.86717
4.85865
4.85005
4.84135
4.83257
4.8237
4.81474
4.80569
4.79655
4.78733
4.77802
4.76862
4.75914
4.74957
4.73991
4.73017
4.72034
4.71043
4.70044
4.69035
4.68019
4.66994
4.65961
4.64919
4.63869
4.62811
4.61745
4.6067
4.59587
4.58497
4.57398
4.56291
4.55176
4.54053
4.52922
4.51783
4.50636
4.49481
4.48319
4.47148
4.4597
4.44785
4.43591
4.4239
4.41181
4.39965
4.38741
4.3751
4.36271
4.35025
4.33771
4.3251
4.31241
4.29966
4.28683
4.27392
4.26095
4.24791
4.23479
4.2216
4.20834
4.19501
4.18162
4.16815
4.15461
4.14101
4.12734
4.1136
4.09979
4.08591
4.07197
4.05796
4.04389
4.02975
4.01554
4.00127
3.98694
3.97254
3.95808
3.94355
3.92896
3.91431
3.8996
3.88483
3.86999
3.85509
3.84014
3.82512
3.81004
3.79491
3.77971
3.76446
3.74914
3.73377
3.71835
3.70286
3.68732
3.67172
3.65607
3.64036
3.6246
3.60878
3.59291
3.57699
3.56101
3.54497
3.52889
3.51275
3.49656
3.48032
3.46403
3.44769
3.4313
3.41486
3.39837
3.38183
3.36524
3.34861
3.33192
3.31519
3.29841
3.28159
3.26472
3.2478
3.23084
3.21384
3.19678
3.17969
3.16255
3.14537
3.12815
3.11088
3.09357
3.07622
3.05883
3.0414
3.02393
3.00641
2.98886
2.97127
2.95364
2.93597
2.91827
2.90052
2.88274
2.86493
2.84707
2.82919
2.81126
2.7933
2.77531
2.75728
2.73922
2.72112
2.70299
2.68483
2.66664
2.64841
2.63016
2.61187
2.59355
2.57521
2.55683
2.53842
2.51999
2.50152
2.48303
2.46451
2.44596
2.42739
2.40879
2.39016
2.37151
2.35283
2.33413
2.3154
2.29665
2.27787
2.25908
2.24026
2.22141
2.20255
2.18366
2.16475
2.14582
2.12687
2.1079
2.08891
2.0699
2.05087
2.03182
2.01276
1.99368
1.97458
1.95546
1.93633
1.91718
1.89801
1.87883
1.85963
1.84042
1.8212
1.80196
1.7827
1.76344
1.74416
1.72487
1.70557
1.68625
1.66692
1.64759
1.62824
1.60888
1.58952
1.57014
1.55075
1.53136
1.51196
1.49255
1.47313
1.4537
1.43427
1.41483
1.39539
1.37594
1.35648
1.33702
1.31756
1.29809
1.27862
1.25914
1.23966
1.22018
1.20069
1.18121
1.16172
1.14223
1.12274
1.10325
1.08375
1.06426
1.04477
1.02528
1.00579
0.986301
0.966814
0.94733
0.927848
0.908368
0.888892
0.869419
0.84995
0.830485
0.811024
0.791569
0.772118
0.752673
0.733233
0.7138
0.694373
0.674953
0.65554
0.636135
0.616737
0.597347
0.577966
0.558594
0.53923
0.519876
0.500531
0.481197
0.461872
0.442559
0.423256
0.403964
0.384684
0.365416
0.34616
0.326917
0.307686
0.288468
0.269264
0.250073
0.230896
0.211734
0.192586
0.173453
0.154335
0.135233
0.116146
0.0970752
0.0780209
0.0589832
0.0399624
0.0209587
0.00197255
-0.0169959
-0.0359463
-0.0548783
-0.0737918
-0.0926864
-0.111562
-0.130418
-0.149254
-0.168071
-0.186867
-0.205642
-0.224397
-0.243131
-0.261843
-0.280534
-0.299203
-0.31785
-0.336475
-0.355077
-0.373655
-0.392211
-0.410744
-0.429252
-0.447737
-0.466198
-0.484634
-0.503046
-0.521432
-0.539794
-0.55813
-0.57644
-0.594725
-0.612983
-0.631215
-0.649421
-0.667599
-0.68575
-0.703874
-0.721971
-0.740039
-0.75808
-0.776092
-0.794076
-0.812031
-0.829957
-0.847854
-0.865722
-0.88356
-0.901368
-0.919146
-0.936893
-0.954611
-0.972297
-0.989953
-1.00758
-1.02517
-1.04273
-1.06026
-1.07776
-1.09522
-1.11266
-1.13006
-1.14742
-1.16476
-1.18206
-1.19933
-1.21656
-1.23376
-1.25093
-1.26806
-1.28516
-1.30222
-1.31925
-1.33624
-1.3532
-1.37012
-1.38701
-1.40386
-1.42068
-1.43746
-1.4542
-1.47091
-1.48758
-1.50421
-1.52081
-1.53737
-1.55389
-1.57037
-1.58682
-1.60323
-1.6196
-1.63593
-1.65222
-1.66848
-1.6847
-1.70087
-1.71701
-1.73311
-1.74917
-1.76519
-1.78117
-1.79712
-1.81302
-1.82888
-1.8447
-1.86048
-1.87622
-1.89192
-1.90758
-1.92319
-1.93877
-1.9543
-1.9698
-1.98525
-2.00066
-2.01603
-2.03135
-2.04663
-2.06188
-2.07707
-2.09223
-2.10734
-2.12241
-2.13744
-2.15243
-2.16737
-2.18227
-2.19712
-2.21193
-2.2267
-2.24142
-2.2561
-2.27073
-2.28532
-2.29987
-2.31437
-2.32883
-2.34324
-2.35761
-2.37193
-2.38621
-2.40044
-2.41463
-2.42877
-2.44286
-2.45691
-2.47092
-2.48488
-2.49879
-2.51265
-2.52647
-2.54025
-2.55398
-2.56766
-2.58129
-2.59488
-2.60842
-2.62191
-2.63536
-2.64876
-2.66211
-2.67542
-2.68868
-2.70189
-2.71505
-2.72817
-2.74123
-2.75425
-2.76722
-2.78015
-2.79302
-2.80585
-2.81863
-2.83136
-2.84404
-2.85668
-2.86926
-2.8818
-2.89429
-2.90673
-2.91912
-2.93146
-2.94375
-2.95599
-2.96819
-2.98033
-2.99243
-3.00447
-3.01647
-3.02841
-3.04031
-3.05216
-3.06395
-3.0757
-3.0874
-3.09905
-3.11064
-3.12219
-3.13369
-3.14514
-3.15653
-3.16788
-3.17917
-3.19042
-3.20161
-3.21276
-3.22385
-3.23489
-3.24588
-3.25682
-3.26771
-3.27855
-3.28934
-3.30008
-3.31076
-3.3214
-3.33198
-3.34251
-3.35299
-3.36342
-3.3738
-3.38412
-3.3944
-3.40462
-3.41479
-3.42491
-3.43498
-3.445
-3.45496
-3.46487
-3.47473
-3.48454
-3.4943
-3.504
-3.51365
-3.52326
-3.5328
-3.5423
-3.55174
-3.56113
-3.57047
-3.57976
-3.58899
-3.59818
-3.60731
-3.61638
-3.62541
-3.63438
-3.6433
-3.65217
-3.66098
-3.66974
-3.67845
-3.68711
-3.69571
-3.70426
-3.71276
-3.7212
-3.72959
-3.73793
-3.74622
-3.75445
-3.76263
-3.77076
-3.77883
-3.78685
-3.79482
-3.80273
-3.81059
-3.8184
-3.82616
-3.83386
-3.84151
-3.8491
-3.85664
-3.86413
-3.87157
-3.87895
-3.88628
-3.89355
-3.90078
-3.90794
-3.91506
-3.92212
-3.92913
-3.93608
-3.94298
-3.94983
-3.95663
-3.96337
-3.97005
-3.97669
-3.98327
-3.98979
-3.99627
-4.00269
-4.00905
-4.01536
-4.02162
-4.02783
-4.03398
-4.04007
-4.04612
-4.05211
-4.05804
-4.06393
-4.06975
-4.07553
-4.08125
-4.08692
-4.09253
-4.09809
-4.1036
-4.10905
-4.11445
-4.11979
-4.12509
-4.13032
-4.13551
-4.14064
-4.14571
-4.15074
-4.1557
-4.16062
-4.16548
-4.17029
-4.17504
-4.17974
-4.18439
-4.18898
-4.19352
-4.198
-4.20243
-4.20681
-4.21113
-4.2154
-4.21962
-4.22378
-4.22789
-4.23194
-4.23595
-4.23989
-4.24379
-4.24763
-4.25141
-4.25514
-4.25882
-4.26245
-4.26602
-4.26954
-4.273
-4.27641
-4.27977
-4.28307
-4.28632
-4.28951
-4.29266
-4.29574
-4.29878
-4.30176
-4.30469
-4.30756
-4.31038
-4.31315
-4.31586
-4.31852
-4.32113
-4.32368
-4.32618
-4.32863
-4.33102
-4.33336
-4.33564
-4.33788
-4.34005
-4.34218
-4.34425
-4.34627
-4.34824
-4.35015
-4.35201
-4.35381
-4.35557
-4.35727
-4.35891
-4.3605
-4.36204
-4.36353
-4.36496
-4.36634
-4.36767
-4.36895
-4.37017
-4.37134
-4.37245
-4.37351
-4.37452
-4.37548
-4.37638
-4.37723
-4.37803
-4.37878
-4.37947
-4.38011
-4.3807
-4.38123
-4.38171
-4.38214
-4.38252
-4.38284
-4.38311
-4.38333
-4.3835
-4.38361
-4.38367
-4.38368
-4.38364
-4.38354
-4.3834
-4.3832
-4.38294
-4.38264
-4.38228
-4.38187
-4.38141
-4.3809
-4.38033
-4.37972
-4.37905
-4.37833
-4.37755
-4.37673
-4.37585
-4.37492
-4.37394
-4.37291
-4.37183
-4.37069
-4.36951
-4.36827
-4.36698
-4.36564
-4.36425
-4.3628
-4.36131
-4.35976
-4.35817
-4.35652
-4.35482
-4.35307
-4.35126
-4.34941
-4.34751
-4.34555
-4.34355
-4.34149
-4.33939
-4.33723
-4.33502
-4.33276
-4.33045
-4.32809
-4.32568
-4.32322
-4.32071
-4.31815
-4.31554
-4.31288
-4.31017
-4.3074
-4.30459
-4.30173
-4.29882
-4.29586
-4.29285
-4.28979
-4.28668
-4.28352
-4.28031
-4.27705
-4.27374
-4.27038
-4.26697
-4.26352
-4.26001
-4.25646
-4.25286
-4.2492
-4.2455
-4.24175
-4.23795
-4.23411
-4.23021
-4.22627
-4.22227
-4.21823
-4.21414
-4.21
-4.20582
-4.20158
-4.1973
-4.19297
-4.18859
-4.18417
-4.17969
-4.17517
-4.17061
-4.16599
-4.16133
-4.15661
-4.15186
-4.14705
-4.1422
-4.1373
-4.13235
-4.12736
-4.12232
-4.11723
-4.1121
-4.10692
-4.10169
-4.09642
-4.0911
-4.08574
-4.08032
-4.07487
-4.06936
-4.06382
-4.05822
-4.05258
-4.04689
-4.04116
-4.03539
-4.02957
-4.0237
-4.01779
-4.01183
-4.00583
-3.99978
-3.99369
-3.98756
-3.98138
-3.97515
-3.96888
-3.96257
-3.95621
-3.94981
-3.94337
-3.93688
-3.93035
-3.92377
-3.91715
-3.91049
-3.90379
-3.89704
-3.89025
-3.88341
-3.87653
-3.86961
-3.86265
-3.85565
-3.8486
-3.84151
-3.83438
-3.82721
-3.81999
-3.81274
-3.80544
-3.7981
-3.79072
-3.7833
-3.77583
-3.76833
-3.76078
-3.7532
-3.74557
-3.7379
-3.7302
-3.72245
-3.71466
-3.70684
-3.69897
-3.69106
-3.68312
-3.67513
-3.6671
-3.65904
-3.65094
-3.64279
-3.63461
-3.62639
-3.61814
-3.60984
-3.60151
-3.59313
-3.58472
-3.57627
-3.56779
-3.55927
-3.55071
-3.54211
-3.53347
-3.5248
-3.51609
-3.50735
-3.49857
-3.48975
-3.48089
-3.472
-3.46308
-3.45412
-3.44512
-3.43609
-3.42702
-3.41792
-3.40878
-3.39961
-3.3904
-3.38116
-3.37189
-3.36258
-3.35323
-3.34386
-3.33444
-3.325
-3.31552
-3.30601
-3.29647
-3.28689
-3.27728
-3.26764
-3.25797
-3.24826
-3.23852
-3.22875
-3.21895
-3.20912
-3.19926
-3.18936
-3.17944
-3.16948
-3.15949
-3.14948
-3.13943
-3.12935
-3.11925
-3.10911
-3.09894
-3.08875
-3.07852
-3.06827
-3.05799
-3.04768
-3.03734
-3.02697
-3.01658
-3.00615
-2.9957
-2.98523
-2.97472
-2.96419
-2.95363
-2.94305
-2.93244
-2.9218
-2.91113
-2.90044
-2.88973
-2.87899
-2.86822
-2.85743
-2.84662
-2.83578
-2.82491
-2.81403
-2.80311
-2.79218
-2.78122
-2.77023
-2.75923
-2.7482
-2.73715
-2.72607
-2.71497
-2.70386
-2.69271
-2.68155
-2.67037
-2.65916
-2.64794
-2.63669
-2.62542
-2.61413
-2.60283
-2.5915
-2.58015
-2.56878
-2.55739
-2.54599
-2.53456
-2.52312
-2.51166
-2.50018
-2.48868
-2.47716
-2.46563
-2.45408
-2.44251
-2.43093
-2.41933
-2.40771
-2.39608
-2.38443
-2.37276
-2.36108
-2.34938
-2.33767
-2.32595
-2.31421
-2.30245
-2.29068
-2.2789
-2.2671
-2.25529
-2.24347
-2.23164
-2.21979
-2.20793
-2.19605
-2.18417
-2.17227
-2.16037
-2.14845
-2.13652
-2.12458
-2.11262
-2.10066
-2.08869
-2.07671
-2.06472
-2.05272
-2.04071
-2.02869
-2.01666
-2.00463
-1.99259
-1.98053
-1.96848
-1.95641
-1.94434
-1.93226
-1.92017
-1.90808
-1.89598
-1.88388
-1.87177
-1.85965
-1.84753
-1.8354
-1.82328
-1.81114
-1.799
-1.78686
-1.77472
-1.76257
-1.75041
-1.73826
-1.7261
-1.71394
-1.70178
-1.68962
-1.67745
-1.66529
-1.65312
-1.64095
-1.62878
-1.61661
-1.60445
-1.59228
-1.58011
-1.56794
-1.55578
-1.54361
-1.53145
-1.51929
-1.50713
-1.49497
-1.48282
-1.47067
-1.45852
-1.44637
-1.43423
-1.42209
-1.40996
-1.39783
-1.38571
-1.37359
-1.36147
-1.34936
-1.33726
-1.32516
-1.31307
-1.30099
-1.28891
-1.27684
-1.26478
-1.25272
-1.24067
-1.22863
-1.2166
-1.20458
-1.19256
-1.18056
-1.16856
-1.15658
-1.1446
-1.13263
-1.12068
-1.10873
-1.0968
-1.08488
-1.07296
-1.06106
-1.04918
-1.0373
-1.02544
-1.01359
-1.00175
-0.989923
-0.978112
-0.966314
-0.954531
-0.942762
-0.931007
-0.919267
-0.907543
-0.895833
-0.884139
-0.872461
-0.860799
-0.849153
-0.837524
-0.825912
-0.814316
-0.802738
-0.791178
-0.779635
-0.768111
-0.756605
-0.745117
-0.733649
-0.722199
-0.710769
-0.699358
-0.687968
-0.676597
-0.665247
-0.653917
-0.642608
-0.63132
-0.620054
-0.608809
-0.597586
-0.586385
-0.575207
-0.564051
-0.552918
-0.541808
-0.530721
-0.519658
-0.508618
-0.497603
-0.486612
-0.475645
-0.464704
-0.453787
-0.442896
-0.43203
-0.421189
-0.410375
-0.399587
-0.388825
-0.37809
-0.367382
-0.356701
-0.346048
-0.335422
-0.324824
-0.314254
-0.303712
-0.293199
-0.282714
-0.272259
-0.261833
-0.251436
-0.241069
-0.230732
-0.220425
-0.210148
-0.199902
-0.189687
-0.179503
-0.16935
-0.159228
-0.149138
-0.13908
-0.129055
-0.119061
-0.1091
-0.0991721
-0.089277
-0.079415
-0.0695865
-0.0597916
-0.0500305
-0.0403034
-0.0306107
-0.0209523
-0.0113287
-0.0017399
0.0078138
0.0173322
0.0268151
0.0362624
0.0456737
0.055049
0.0643879
0.0736904
0.0829562
0.0921851
0.101377
0.110531
0.119649
0.128728
0.13777
0.146773
0.155738
0.164665
0.173554
0.182403
0.191214
0.199985
0.208717
0.21741
0.226062
0.234675
0.243248
0.251781
0.260273
0.268725
0.277136
0.285506
0.293835
0.302123
0.310369
0.318574
0.326737
0.334858
0.342936
0.350973
0.358967
0.366919
0.374828
0.382694
0.390517
0.398297
0.406034
0.413727
0.421376
0.428982
0.436543
0.444061
0.451534
0.458963
0.466348
0.473687
0.480982
0.488232
0.495437
0.502597
0.509712
0.516781
0.523804
0.530782
0.537714
0.5446
0.551439
0.558233
0.56498
0.571681
0.578335
0.584942
0.591503
0.598016
0.604483
0.610902
0.617275
0.623599
0.629877
0.636106
0.642288
0.648423
0.654509
0.660547
0.666537
0.672479
0.678373
0.684218
0.690015
0.695763
0.701463
0.707113
0.712715
0.718269
0.723773
0.729228
0.734633
0.73999
0.745297
0.750555
0.755764
0.760922
0.766032
0.771091
0.776101
0.781061
0.785971
0.790832
0.795642
0.800402
0.805112
0.809772
0.814382
0.818942
0.823451
0.827909
0.832318
0.836676
0.840983
0.84524
0.849446
0.853602
0.857707
0.861761
0.865765
0.869718
0.87362
0.877471
0.881271
0.885021
0.888719
0.892367
0.895964
0.899509
0.903004
0.906448
0.909841
0.913182
0.916473
0.919713
0.922901
0.926039
0.929125
0.932161
0.935145
0.938079
0.940961
0.943792
0.946572
0.949302
0.95198
0.954607
0.957183
0.959708
0.962182
0.964606
0.966978
0.9693
0.97157
0.97379
0.975959
0.978077
0.980144
0.982161
0.984127
0.986042
0.987907
0.989721
0.991484
0.993197
0.99486
0.996472
0.998033
0.999545
1.00101
1.00242
1.00378
1.00509
1.00635
1.00756
1.00872
1.00983
1.01089
1.0119
1.01287
1.01378
1.01464
1.01545
1.01622
1.01693
1.0176
1.01821
1.01878
1.0193
1.01977
1.02019
1.02056
1.02088
1.02116
1.02138
1.02156
1.02169
1.02177
1.0218
1.02179
1.02173
1.02162
1.02146
1.02125
1.021
1.0207
1.02035
1.01996
1.01951
1.01903
1.01849
1.01791
1.01728
1.01661
1.01588
1.01512
1.0143
1.01345
1.01254
1.01159
1.0106
1.00955
1.00847
1.00734
1.00616
1.00494
1.00367
1.00236
1.00101
0.99961
0.998168
0.996681
0.995151
0.993577
0.991959
0.990299
0.988595
0.986848
0.985059
0.983226
0.981352
0.979435
0.977476
0.975475
0.973432
0.971347
0.969221
0.967054
0.964846
0.962597
0.960307
0.957976
0.955605
0.953194
0.950743
0.948251
0.945721
0.94315
0.940541
0.937892
0.935205
0.932479
0.929714
0.926911
0.92407
0.921191
0.918274
0.915319
0.912328
0.909299
0.906233
0.90313
0.899991
0.896816
0.893605
0.890357
0.887074
0.883756
0.880402
0.877013
0.87359
0.870131
0.866639
0.863112
0.859551
0.855957
0.852329
0.848668
0.844973
0.841246
0.837486
0.833694
0.82987
0.826013
0.822125
0.818206
0.814255
0.810273
0.806261
0.802218
0.798145
0.794041
0.789908
0.785745
0.781553
0.777332
0.773081
0.768803
0.764495
0.76016
0.755797
0.751406
0.746988
0.742542
0.73807
0.733571
0.729046
0.724494
0.719917
0.715314
0.710685
0.706031
0.701353
0.69665
0.691922
0.68717
0.682395
0.677595
0.672773
0.667927
0.663059
0.658168
0.653254
0.648319
0.643361
0.638383
0.633383
0.628362
0.62332
0.618257
0.613175
0.608073
0.60295
0.597809
0.592648
0.587469
0.58227
0.577054
0.571819
0.566567
0.561297
0.55601
0.550706
0.545385
0.540048
0.534694
0.529325
0.52394
0.518539
0.513124
0.507693
0.502249
0.49679
0.491316
0.48583
0.480329
0.474816
0.46929
0.463751
0.4582
0.452636
0.447061
0.441475
0.435877
0.430268
0.424649
0.419019
0.413379
0.407729
0.40207
0.396401
0.390724
0.385037
0.379342
0.373639
0.367929
0.36221
0.356484
0.350751
0.345011
0.339265
0.333513
0.327754
0.32199
0.31622
0.310446
0.304666
0.298882
0.293094
0.287301
0.281505
0.275705
0.269902
0.264097
0.258288
0.252478
0.246665
0.24085
0.235034
0.229216
0.223398
0.217579
0.211759
0.205939
0.20012
0.1943
0.188482
0.182664
0.176847
0.171032
0.165219
0.159408
0.153599
0.147792
0.141988
0.136188
0.13039
0.124597
0.118807
0.113021
0.10724
0.101464
0.0956922
0.0899259
0.084165
0.0784099
0.0726608
0.066918
0.0611817
0.0554522
0.0497297
0.0440146
0.0383071
0.0326073
0.0269157
0.0212324
0.0155578
0.00989194
0.00423524
-0.00141208
-0.00704977
-0.0126776
-0.0182953
-0.0239026
-0.0294992
-0.035085
-0.0406596
-0.0462229
-0.0517745
-0.0573142
-0.0628418
-0.0683571
-0.0738597
-0.0793494
-0.0848261
-0.0902894
-0.0957391
-0.101175
-0.106597
-0.112004
-0.117397
-0.122776
-0.128139
-0.133487
-0.138819
-0.144136
-0.149437
-0.154721
-0.159989
-0.165241
-0.170476
-0.175693
-0.180894
-0.186076
-0.191241
-0.196388
-0.201517
-0.206627
-0.211719
-0.216792
-0.221846
-0.22688
-0.231895
-0.23689
-0.241865
-0.24682
-0.251755
-0.256669
-0.261563
-0.266435
-0.271286
-0.276116
-0.280924
-0.285711
-0.290475
-0.295217
-0.299937
-0.304634
-0.309309
-0.31396
-0.318588
-0.323193
-0.327774
-0.332332
-0.336866
-0.341375
-0.34586
-0.350321
-0.354757
-0.359168
-0.363554
-0.367915
-0.372251
-0.37656
-0.380845
-0.385103
-0.389335
-0.393541
-0.397721
-0.401873
-0.406
-0.410099
-0.414171
-0.418216
-0.422233
-0.426223
-0.430185
-0.43412
-0.438026
-0.441904
-0.445754
-0.449575
-0.453368
-0.457132
-0.460867
-0.464572
-0.468249
-0.471896
-0.475514
-0.479102
-0.482661
-0.486189
-0.489688
-0.493156
-0.496594
-0.500002
-0.503379
-0.506725
-0.51004
-0.513325
-0.516579
-0.519801
-0.522992
-0.526152
-0.52928
-0.532377
-0.535442
-0.538475
-0.541476
-0.544445
-0.547382
-0.550287
-0.553159
-0.555999
-0.558806
-0.561581
-0.564323
-0.567032
-0.569708
-0.572351
-0.574961
-0.577538
-0.580082
-0.582592
-0.585069
-0.587512
-0.589922
-0.592298
-0.59464
-0.596948
-0.599223
-0.601463
-0.60367
-0.605842
-0.607981
-0.610085
-0.612154
-0.61419
-0.616191
-0.618158
-0.62009
-0.621987
-0.62385
-0.625678
-0.627472
-0.629231
-0.630955
-0.632644
-0.634299
-0.635918
-0.637502
-0.639052
-0.640566
-0.642046
-0.64349
-0.644899
-0.646274
-0.647613
-0.648916
-0.650185
-0.651418
-0.652616
-0.653779
-0.654907
-0.655999
-0.657056
-0.658078
-0.659064
-0.660015
-0.660931
-0.661812
-0.662657
-0.663467
-0.664241
-0.66498
-0.665684
-0.666353
-0.666986
-0.667584
-0.668147
-0.668674
-0.669167
-0.669624
-0.670046
-0.670432
-0.670784
-0.6711
-0.671381
-0.671628
-0.671839
-0.672015
-0.672156
-0.672263
-0.672334
-0.67237
-0.672372
-0.672339
-0.672271
-0.672168
-0.672031
-0.671859
-0.671653
-0.671412
-0.671137
-0.670827
-0.670483
-0.670105
-0.669692
-0.669245
-0.668764
-0.66825
-0.667701
-0.667118
-0.666501
-0.665851
-0.665167
-0.664449
-0.663698
-0.662914
-0.662096
-0.661244
-0.66036
-0.659442
-0.658491
-0.657508
-0.656491
-0.655442
-0.65436
-0.653245
-0.652098
-0.650918
-0.649706
-0.648462
-0.647186
-0.645878
-0.644538
-0.643165
-0.641762
-0.640326
-0.63886
-0.637361
-0.635832
-0.634271
-0.63268
-0.631057
-0.629404
-0.62772
-0.626005
-0.62426
-0.622484
-0.620679
-0.618843
-0.616977
-0.615082
-0.613157
-0.611202
-0.609218
-0.607205
-0.605162
-0.60309
-0.60099
-0.59886
-0.596703
-0.594516
-0.592302
-0.590059
-0.587788
-0.585489
-0.583163
-0.580809
-0.578427
-0.576018
-0.573582
-0.571119
-0.56863
-0.566113
-0.56357
-0.561001
-0.558406
-0.555784
-0.553137
-0.550464
-0.547765
-0.545041
-0.542292
-0.539517
-0.536718
-0.533894
-0.531046
-0.528173
-0.525276
-0.522355
-0.519411
-0.516442
-0.51345
-0.510435
-0.507397
-0.504335
-0.501251
-0.498145
-0.495015
-0.491864
-0.488691
-0.485496
-0.482279
-0.47904
-0.475781
-0.4725
-0.469199
-0.465876
-0.462533
-0.45917
-0.455787
-0.452384
-0.448961
-0.445518
-0.442056
-0.438575
-0.435075
-0.431556
-0.428019
-0.424463
-0.420889
-0.417297
-0.413688
-0.410061
-0.406416
-0.402755
-0.399076
-0.395381
-0.391669
-0.387941
-0.384197
-0.380437
-0.376661
-0.37287
-0.369063
-0.365242
-0.361405
-0.357554
-0.353689
-0.349809
-0.345915
-0.342008
-0.338087
-0.334153
-0.330205
-0.326245
-0.322272
-0.318286
-0.314289
-0.310279
-0.306257
-0.302224
-0.298179
-0.294124
-0.290057
-0.285979
-0.281891
-0.277793
-0.273685
-0.269567
-0.265439
-0.261302
-0.257156
-0.253
-0.248836
-0.244664
-0.240483
-0.236294
-0.232098
-0.227893
-0.223682
-0.219463
-0.215237
-0.211005
-0.206766
-0.202521
-0.19827
-0.194013
-0.18975
-0.185482
-0.181209
-0.176931
-0.172649
-0.168362
-0.16407
-0.159775
-0.155476
-0.151173
-0.146868
-0.142559
-0.138247
-0.133932
-0.129615
-0.125296
-0.120975
-0.116652
-0.112328
-0.108002
-0.103675
-0.0993478
-0.0950196
-0.0906911
-0.0863623
-0.0820337
-0.0777053
-0.0733774
-0.0690502
-0.064724
-0.060399
-0.0560754
-0.0517534
-0.0474332
-0.0431151
-0.0387993
-0.034486
-0.0301754
-0.0258678
-0.0215634
-0.0172623
-0.0129649
-0.0086713
-0.00438174
-9.64523e-05
0.00418435
0.00846045
0.0127316
0.0169977
0.0212583
0.0255134
0.0297628
0.0340061
0.0382432
0.0424738
0.0466979
0.050915
0.0551251
0.0593279
0.0635232
0.0677108
0.0718905
0.0760621
0.0802253
0.08438
0.088526
0.092663
0.0967908
0.100909
0.105018
0.109117
0.113206
0.117285
0.121354
0.125412
0.129459
0.133495
0.13752
0.141533
0.145535
0.149526
0.153504
0.15747
0.161423
0.165365
0.169293
0.173208
0.17711
0.180999
0.184874
0.188736
0.192584
0.196417
0.200237
0.204041
0.207832
0.211607
0.215367
0.219112
0.222842
0.226556
0.230255
0.233937
0.237603
0.241254
0.244887
0.248504
0.252104
0.255688
0.259254
0.262803
0.266334
0.269847
0.273343
0.276821
0.280281
0.283722
0.287145
0.290549
0.293935
0.297301
0.300648
0.303976
0.307285
0.310574
0.313843
0.317093
0.320322
0.323531
0.32672
0.329888
0.333036
0.336162
0.339268
0.342353
0.345417
0.348459
0.351479
0.354478
0.357456
0.360411
0.363344
0.366255
0.369144
0.37201
0.374854
0.377675
0.380473
0.383248
0.386
0.388729
0.391435
0.394117
0.396775
0.39941
0.402021
0.404608
0.407171
0.40971
0.412225
0.414715
0.41718
0.419622
0.422038
0.42443
0.426796
0.429138
0.431454
0.433746
0.436012
0.438252
0.440467
0.442657
0.444821
0.446959
0.449071
0.451157
0.453217
0.455251
0.457259
0.45924
0.461195
0.463124
0.465026
0.466901
0.46875
0.470572
0.472367
0.474135
0.475876
0.477591
0.479278
0.480938
0.48257
0.484176
0.485753
0.487304
0.488827
0.490322
0.49179
0.493231
0.494643
0.496028
0.497385
0.498714
0.500015
0.501288
0.502534
0.503751
0.50494
0.506101
0.507234
0.508339
0.509415
0.510464
0.511484
0.512475
0.513439
0.514374
0.51528
0.516158
0.517008
0.517829
0.518622
0.519386
0.520122
0.52083
0.521508
0.522159
0.52278
0.523373
0.523938
0.524474
0.524981
0.52546
0.52591
0.526331
0.526724
0.527089
0.527424
0.527732
0.52801
0.52826
0.528482
0.528675
0.528839
0.528975
0.529083
0.529162
0.529212
0.529235
0.529228
0.529194
0.529131
0.529039
0.52892
0.528772
0.528595
0.528391
0.528158
0.527898
0.527609
0.527292
0.526947
0.526574
0.526173
0.525745
0.525288
0.524804
0.524291
0.523752
0.523184
0.522589
0.521966
0.521316
0.520638
0.519933
0.519201
0.518441
0.517655
0.516841
0.516
0.515132
0.514237
0.513315
0.512367
0.511391
0.510389
0.509361
0.508306
0.507224
0.506117
0.504983
0.503822
0.502636
0.501424
0.500185
0.498921
0.497632
0.496316
0.494975
0.493608
0.492216
0.490799
0.489357
0.487889
0.486397
0.484879
0.483337
0.48177
0.480178
0.478562
0.476922
0.475257
0.473568
0.471855
0.470118
0.468357
0.466573
0.464764
0.462933
0.461078
0.459199
0.457298
0.455373
0.453426
0.451456
0.449463
0.447447
0.445409
0.443349
0.441267
0.439163
0.437036
0.434888
0.432718
0.430527
0.428315
0.426081
0.423826
0.42155
0.419253
0.416935
0.414597
0.412239
0.40986
0.407461
0.405042
0.402603
0.400145
0.397667
0.395169
0.392653
0.390117
0.387562
0.384988
0.382396
0.379785
0.377156
0.374509
0.371844
0.36916
0.366459
0.363741
0.361005
0.358251
0.355481
0.352694
0.34989
0.347069
0.344232
0.341378
0.338509
0.335623
0.332722
0.329805
0.326873
0.323925
0.320962
0.317984
0.314992
0.311985
0.308963
0.305927
0.302877
0.299813
0.296736
0.293645
0.29054
0.287422
0.284291
0.281148
0.277991
0.274822
0.271641
0.268448
0.265242
0.262025
0.258796
0.255556
0.252305
0.249042
0.245769
0.242485
0.23919
0.235885
0.23257
0.229245
0.22591
0.222565
0.219211
0.215848
0.212476
0.209095
0.205706
0.202307
0.198901
0.195487
0.192064
0.188634
0.185196
0.181751
0.178299
0.17484
0.171374
0.167902
0.164423
0.160938
0.157447
0.15395
0.150447
0.146939
0.143426
0.139908
0.136384
0.132857
0.129324
0.125788
0.122247
0.118703
0.115154
0.111603
0.108047
0.104489
0.100928
0.0973642
0.0937978
0.090229
0.086658
0.0830851
0.0795103
0.075934
0.0723563
0.0687774
0.0651975
0.0616168
0.0580355
0.0544537
0.0508717
0.0472896
0.0437077
0.0401261
0.0365451
0.0329648
0.0293854
0.025807
0.02223
0.0186545
0.0150807
0.0115087
0.00793873
0.00437105
0.0008058
-0.00275682
-0.00631663
-0.00987344
-0.0134271
-0.0169773
-0.0205239
-0.0240669
-0.0276058
-0.0311407
-0.0346712
-0.0381972
-0.0417185
-0.045235
