0.00221464
0.00219243
53.4613
-0.175428
-0.17931
-0.183164
-0.186989
-0.190786
-0.194554
-0.198293
-0.202002
-0.205682
-0.209332
-0.212952
-0.216542
-0.220102
-0.223631
-0.227129
-0.230597
-0.234033
-0.237438
-0.240812
-0.244154
-0.247464
-0.250742
-0.253988
-0.257202
-0.260383
-0.263531
-0.266646
-0.269729
-0.272778
-0.275794
-0.278777
-0.281726
-0.284641
-0.287523
-0.29037
-0.293183
-0.295962
-0.298707
-0.301417
-0.304092
-0.306732
-0.309338
-0.311909
-0.314444
-0.316945
-0.31941
-0.321839
-0.324233
-0.326591
-0.328914
-0.331201
-0.333452
-0.335667
-0.337846
-0.339989
-0.342095
-0.344166
-0.3462
-0.348197
-0.350158
-0.352083
-0.353971
-0.355822
-0.357636
-0.359414
-0.361155
-0.36286
-0.364527
-0.366157
-0.367751
-0.369307
-0.370827
-0.372309
-0.373755
-0.375163
-0.376534
-0.377868
-0.379165
-0.380425
-0.381648
-0.382834
-0.383983
-0.385094
-0.386168
-0.387206
-0.388206
-0.389169
-0.390095
-0.390984
-0.391836
-0.392652
-0.39343
-0.394171
-0.394875
-0.395543
-0.396174
-0.396768
-0.397325
-0.397846
-0.39833
-0.398778
-0.399189
-0.399563
-0.399902
-0.400204
-0.400469
-0.400699
-0.400893
-0.40105
-0.401172
-0.401257
-0.401308
-0.401322
-0.401301
-0.401244
-0.401152
-0.401025
-0.400862
-0.400665
-0.400432
-0.400164
-0.399862
-0.399525
-0.399154
-0.398748
-0.398308
-0.397834
-0.397326
-0.396783
-0.396207
-0.395598
-0.394954
-0.394278
-0.393568
-0.392825
-0.392049
-0.391241
-0.3904
-0.389526
-0.38862
-0.387681
-0.386711
-0.385709
-0.384675
-0.383609
-0.382513
-0.381384
-0.380225
-0.379035
-0.377815
-0.376564
-0.375282
-0.37397
-0.372629
-0.371257
-0.369856
-0.368426
-0.366966
-0.365478
-0.36396
-0.362414
-0.36084
-0.359237
-0.357606
-0.355948
-0.354262
-0.352548
-0.350807
-0.34904
-0.347245
-0.345424
-0.343577
-0.341703
-0.339804
-0.337879
-0.335928
-0.333952
-0.331952
-0.329926
-0.327876
-0.325802
-0.323704
-0.321581
-0.319435
-0.317266
-0.315074
-0.312859
-0.310621
-0.308361
-0.306078
-0.303774
-0.301448
-0.299101
-0.296732
-0.294343
-0.291933
-0.289502
-0.287051
-0.284581
-0.28209
-0.279581
-0.277052
-0.274504
-0.271938
-0.269354
-0.266751
-0.26413
-0.261492
-0.258837
-0.256165
-0.253476
-0.25077
-0.248048
-0.24531
-0.242557
-0.239788
-0.237004
-0.234205
-0.231392
-0.228564
-0.225722
-0.222866
-0.219997
-0.217115
-0.21422
-0.211312
-0.208391
-0.205459
-0.202515
-0.199559
-0.196592
-0.193614
-0.190625
-0.187626
-0.184617
-0.181597
-0.178569
-0.17553
-0.172483
-0.169427
-0.166363
-0.163291
-0.16021
-0.157122
-0.154027
-0.150925
-0.147816
-0.1447
-0.141578
-0.138451
-0.135317
-0.132179
-0.129035
-0.125887
-0.122734
-0.119577
-0.116416
-0.113251
-0.110083
-0.106912
-0.103738
-0.100561
-0.0973826
-0.0942019
-0.0910196
-0.0878359
-0.084651
-0.0814654
-0.0782791
-0.0750926
-0.0719061
-0.0687199
-0.0655342
-0.0623494
-0.0591656
-0.0559833
-0.0528025
-0.0496238
-0.0464472
-0.0432731
-0.0401017
-0.0369333
-0.0337683
-0.0306068
-0.0274491
-0.0242955
-0.0211463
-0.0180017
-0.014862
-0.0117274
-0.00859826
-0.00547481
-0.00235729
0.000754014
0.00385886
0.00695698
0.0100481
0.013132
0.0162084
0.0192771
0.0223378
0.0253902
0.0284341
0.0314692
0.0344954
0.0375123
0.0405196
0.0435173
0.046505
0.0494824
0.0524494
0.0554056
0.0583509
0.0612851
0.0642078
0.0671188
0.0700179
0.072905
0.0757796
0.0786417
0.081491
0.0843273
0.0871503
0.0899598
0.0927556
0.0955374
0.0983052
0.101059
0.103797
0.106521
0.10923
0.111924
0.114603
0.117265
0.119912
0.122543
0.125158
0.127756
0.130338
0.132902
0.13545
0.137981
0.140494
0.142989
0.145467
0.147927
0.150368
0.152791
0.155196
0.157582
0.159949
0.162297
0.164626
0.166936
0.169226
0.171496
0.173746
0.175977
0.178187
0.180376
0.182546
0.184694
0.186822
0.188928
0.191014
0.193078
0.195121
0.197142
0.199142
0.20112
0.203075
0.205009
0.20692
0.208809
0.210676
0.21252
0.214341
0.216139
0.217915
0.219667
0.221396
0.223102
0.224784
0.226443
0.228078
0.229689
0.231277
0.23284
0.23438
0.235895
0.237386
0.238853
0.240296
0.241714
0.243107
0.244476
0.24582
0.247139
0.248433
0.249703
0.250947
0.252166
0.253361
0.25453
0.255673
0.256792
0.257885
0.258953
0.259995
0.261012
0.262003
0.262968
0.263908
0.264822
0.265711
0.266574
0.267411
0.268222
0.269007
0.269767
0.2705
0.271208
0.27189
0.272546
0.273176
0.27378
0.274358
0.274911
0.275437
0.275937
0.276412
0.27686
0.277283
0.277679
0.27805
0.278395
0.278714
0.279007
0.279274
0.279515
0.279731
0.279921
0.280085
0.280224
0.280337
0.280424
0.280485
0.280522
0.280532
0.280518
0.280477
0.280412
0.280321
0.280205
0.280064
0.279898
0.279707
0.27949
0.279249
0.278983
0.278693
0.278377
0.278037
0.277673
0.277284
0.276871
0.276433
0.275971
0.275486
0.274976
0.274442
0.273884
0.273303
0.272698
0.27207
0.271418
0.270743
0.270045
0.269324
0.268579
0.267812
0.267022
0.26621
0.265375
0.264518
0.263638
0.262737
0.261813
0.260868
0.259901
0.258912
0.257902
0.256871
0.255818
0.254745
0.25365
0.252535
0.251399
0.250243
0.249067
0.247871
0.246654
0.245418
0.244162
0.242887
0.241593
0.240279
0.238946
0.237595
0.236225
0.234836
0.23343
0.232005
0.230562
0.229101
0.227623
0.226128
0.224615
0.223085
0.221539
0.219976
0.218396
0.2168
0.215188
0.213561
0.211917
0.210258
0.208584
0.206895
0.20519
0.203472
0.201738
0.199991
0.198229
0.196454
0.194665
0.192862
0.191046
0.189218
0.187376
0.185522
0.183656
0.181777
0.179886
0.177984
0.176071
0.174146
0.17221
0.170263
0.168306
0.166338
0.16436
0.162373
0.160375
0.158369
0.156353
0.154328
0.152294
0.150252
0.148202
0.146143
0.144077
0.142003
0.139922
0.137834
0.135739
0.133637
0.131529
0.129415
0.127295
0.125169
0.123038
0.120902
0.118761
0.116616
0.114465
0.112311
0.110153
0.107991
0.105826
0.103657
0.101486
0.099312
0.0971355
0.0949568
0.0927762
0.090594
0.0884103
0.0862254
0.0840396
0.0818531
0.0796662
0.0774791
0.0752921
0.0731054
0.0709193
0.068734
0.0665498
0.0643669
0.0621856
0.0600062
0.0578288
0.0556538
0.0534814
0.0513118
0.0491453
0.0469821
0.0448226
0.0426669
0.0405153
0.038368
0.0362253
0.0340875
0.0319548
0.0298274
0.0277056
0.0255897
0.0234798
0.0213763
0.0192794
0.0171893
0.0151063
0.0130306
0.0109625
0.00890223
0.00685001
0.00480608
0.00277071
0.000744133
-0.00127341
-0.00328168
-0.00528043
-0.00726942
-0.00924842
-0.0112172
-0.0131755
-0.015123
-0.0170597
-0.0189851
-0.0208991
-0.0228015
-0.024692
-0.0265704
-0.0284364
-0.0302898
-0.0321305
-0.0339581
-0.0357724
-0.0375732
-0.0393603
-0.0411335
-0.0428925
-0.0446371
-0.0463671
-0.0480823
-0.0497824
-0.0514672
-0.0531366
-0.0547903
-0.056428
-0.0580496
-0.0596549
-0.0612436
-0.0628156
-0.0643706
-0.0659084
-0.0674288
-0.0689317
-0.0704168
-0.0718838
-0.0733327
-0.0747632
-0.0761751
-0.0775682
-0.0789423
-0.0802973
-0.0816329
-0.082949
-0.0842453
-0.0855217
-0.086778
-0.088014
-0.0892295
-0.0904244
-0.0915984
-0.0927514
-0.0938832
-0.0949937
-0.0960826
-0.0971498
-0.0981952
-0.0992185
-0.10022
-0.101198
-0.102155
-0.103088
-0.103999
-0.104886
-0.105751
-0.106592
-0.10741
-0.108204
-0.108974
-0.109721
-0.110443
-0.111142
-0.111816
-0.112465
-0.11309
-0.11369
-0.114265
-0.114816
-0.115341
-0.115841
-0.116316
-0.116765
-0.117188
-0.117586
-0.117958
-0.118304
-0.118624
-0.118918
-0.119185
-0.119427
-0.119641
-0.119829
-0.119991
-0.120126
-0.120233
-0.120314
-0.120368
-0.120395
-0.120394
-0.120367
-0.120311
-0.120229
-0.120119
-0.119981
-0.119816
-0.119622
-0.119402
-0.119153
-0.118876
-0.118571
-0.118239
-0.117878
-0.117489
-0.117072
-0.116626
-0.116153
-0.115651
-0.11512
-0.114562
-0.113974
-0.113359
-0.112715
-0.112042
-0.111341
-0.110611
-0.109852
-0.109065
-0.108249
-0.107405
-0.106532
-0.10563
-0.1047
-0.103741
-0.102753
-0.101737
-0.100692
-0.0996181
-0.0985157
-0.0973846
-0.0962249
-0.0950367
-0.0938198
-0.0925743
-0.0913002
-0.0899977
-0.0886666
-0.0873071
-0.0859191
-0.0845027
-0.083058
-0.0815849
-0.0800836
-0.078554
-0.0769962
-0.0754104
-0.0737964
-0.0721544
-0.0704844
-0.0687865
-0.0670608
-0.0653072
-0.063526
-0.0617171
-0.0598807
-0.0580168
-0.0561254
-0.0542067
-0.0522608
-0.0502877
-0.0482874
-0.0462602
-0.0442062
-0.0421252
-0.0400176
-0.0378834
-0.0357227
-0.0335355
-0.0313221
-0.0290824
-0.0268167
-0.0245251
-0.0222075
-0.0198643
-0.0174954
-0.0151011
-0.0126814
-0.0102364
-0.00776635
-0.00527133
-0.00275147
-0.000206906
0.00236222
0.00495576
0.00757357
0.0102155
0.0128814
0.0155712
0.0182846
0.0210216
0.0237819
0.0265654
0.029372
0.0322014
0.0350536
0.0379283
0.0408254
0.0437447
0.046686
0.0496492
0.052634
0.0556403
0.0586679
0.0617167
0.0647864
0.0678768
0.0709878
0.0741191
0.0772706
0.0804421
0.0836334
0.0868442
0.0900743
0.0933237
0.0965919
0.0998789
0.103184
0.106508
0.10985
0.11321
0.116588
0.119983
0.123395
0.126824
0.13027
0.133732
0.137211
0.140706
0.144217
0.147743
0.151285
0.154841
0.158413
0.162
0.1656
0.169215
0.172844
0.176487
0.180143
0.183812
0.187494
0.191188
0.194896
0.198615
0.202346
0.206089
0.209843
0.213608
0.217384
0.221171
0.224968
0.228775
0.232591
0.236418
0.240253
0.244097
0.24795
0.251812
0.255681
0.259559
0.263444
0.267336
0.271235
0.275141
0.279053
0.282972
0.286896
0.290826
0.294761
0.298701
0.302646
0.306595
0.310548
0.314505
0.318466
0.32243
0.326396
0.330366
0.334337
0.338311
0.342286
0.346263
0.350241
0.35422
0.358199
0.362179
0.366158
0.370137
0.374115
0.378093
0.382069
0.386043
0.390015
0.393985
0.397953
0.401918
0.405879
0.409837
0.413792
0.417742
0.421688
0.425629
0.429565
0.433496
0.437421
0.44134
0.445252
0.449159
0.453058
0.45695
0.460834
0.464711
0.468579
0.472439
0.476291
0.480133
0.483965
0.487788
0.491601
0.495404
0.499196
0.502976
0.506746
0.510504
0.51425
0.517984
0.521705
0.525413
0.529108
0.53279
0.536458
0.540112
0.543751
0.547375
0.550985
0.554579
0.558158
0.56172
0.565267
0.568796
0.572309
0.575805
0.579283
0.582743
0.586186
0.589609
0.593014
0.596401
0.599767
0.603114
0.606442
0.609749
0.613035
0.616301
0.619545
0.622769
0.62597
0.62915
0.632307
0.635441
0.638553
0.641642
0.644707
0.647748
0.650766
0.653759
0.656727
0.659671
0.662589
0.665483
0.66835
0.671191
0.674006
0.676795
0.679557
0.682291
0.684999
0.687678
0.69033
0.692954
0.695549
0.698116
0.700653
0.703161
0.70564
0.70809
0.710509
0.712898
0.715256
0.717584
0.71988
0.722146
0.72438
0.726582
0.728752
0.73089
0.732996
0.735069
0.737109
0.739115
0.741089
0.743028
0.744934
0.746806
0.748643
0.750446
0.752215
0.753948
0.755646
0.757309
0.758936
0.760527
0.762082
0.763601
0.765083
0.766529
0.767938
0.76931
0.770645
0.771942
0.773202
0.774423
0.775607
0.776753
0.77786
0.778929
0.779959
0.78095
0.781902
0.782815
0.783688
0.784522
0.785316
0.78607
0.786784
0.787458
0.788091
0.788684
0.789237
0.789748
0.790219
0.790648
0.791036
0.791383
0.791688
0.791952
0.792174
0.792353
0.792491
0.792587
0.792641
0.792652
0.79262
0.792546
0.79243
0.79227
0.792068
0.791822
0.791534
0.791202
0.790827
0.790409
0.789947
0.789441
0.788892
0.788299
0.787663
0.786982
0.786258
0.78549
0.784677
0.783821
0.78292
0.781975
0.780986
0.779952
0.778874
0.777752
0.776585
0.775374
0.774118
0.772818
0.771473
0.770083
0.768649
0.76717
0.765646
0.764078
0.762465
0.760807
0.759105
0.757358
0.755566
0.753729
0.751848
0.749922
0.747952
0.745936
0.743876
0.741772
0.739623
0.737429
0.735191
0.732908
0.73058
0.728209
0.725793
0.723332
0.720827
0.718278
0.715685
0.713048
0.710366
0.707641
0.704872
0.702059
0.699202
0.696301
0.693356
0.690368
0.687337
0.684262
0.681144
0.677983
0.674778
0.671531
0.668241
0.664907
0.661532
0.658113
0.654652
0.651149
0.647604
0.644016
0.640387
0.636715
0.633002
0.629247
0.625451
0.621614
0.617735
0.613816
0.609855
0.605854
0.601813
0.59773
0.593608
0.589446
0.585244
0.581002
0.57672
0.572399
0.568039
0.56364
0.559202
0.554725
0.55021
0.545657
0.541066
0.536436
0.531769
0.527065
0.522324
0.517545
0.512729
0.507877
0.502989
0.498064
0.493103
0.488107
0.483075
0.478008
0.472906
0.467769
0.462597
0.457392
0.452152
0.446878
0.441571
0.43623
0.430856
0.42545
0.420011
0.414539
0.409036
0.403501
0.397934
0.392336
0.386707
0.381048
0.375358
0.369638
0.363888
0.358109
0.352301
0.346463
0.340597
0.334702
0.32878
0.322829
0.316851
0.310847
0.304815
0.298756
0.292672
0.286561
0.280425
0.274264
0.268077
0.261866
0.255631
0.249371
0.243088
0.236782
0.230453
0.224101
0.217726
0.21133
0.204912
0.198473
0.192012
0.185531
0.17903
0.172509
0.165968
0.159408
0.15283
0.146232
0.139617
0.132984
0.126333
0.119665
0.112981
0.10628
0.0995629
0.0928305
0.0860828
0.0793203
0.0725433
0.0657522
0.0589474
0.0521292
0.045298
0.0384542
0.0315982
0.0247304
0.0178511
0.0109608
0.00405982
-0.00285147
-0.00977265
-0.0167033
-0.0236431
-0.0305916
-0.0375484
-0.0445132
-0.0514855
-0.0584649
-0.065451
-0.0724435
-0.0794419
-0.0864459
-0.0934549
-0.100469
-0.107487
-0.114509
-0.121534
-0.128563
-0.135594
-0.142628
-0.149663
-0.1567
-0.163738
-0.170777
-0.177816
-0.184854
-0.191892
-0.198929
-0.205965
-0.212999
-0.22003
-0.227059
-0.234085
-0.241107
-0.248125
-0.255139
-0.262149
-0.269153
-0.276151
-0.283143
-0.290129
-0.297109
-0.30408
-0.311045
-0.318001
-0.324948
-0.331887
-0.338816
-0.345735
-0.352644
-0.359543
-0.366431
-0.373307
-0.380171
-0.387023
-0.393862
-0.400688
-0.4075
-0.414298
-0.421083
-0.427852
-0.434606
-0.441344
-0.448066
-0.454772
-0.461461
-0.468132
-0.474786
-0.481422
-0.488039
-0.494637
-0.501216
-0.507774
-0.514313
-0.520831
-0.527328
-0.533804
-0.540258
-0.546689
-0.553098
-0.559483
-0.565846
-0.572184
-0.578498
-0.584787
-0.591052
-0.597291
-0.603503
-0.60969
-0.61585
-0.621983
-0.628088
-0.634165
-0.640215
-0.646235
-0.652226
-0.658188
-0.664121
-0.670023
-0.675894
-0.681734
-0.687543
-0.69332
-0.699065
-0.704778
-0.710458
-0.716104
-0.721717
-0.727296
-0.73284
-0.738349
-0.743824
-0.749263
-0.754666
-0.760033
-0.765363
-0.770656
-0.775913
-0.781131
-0.786311
-0.791453
-0.796557
-0.801621
-0.806646
-0.811631
-0.816576
-0.82148
-0.826344
-0.831167
-0.835948
-0.840687
-0.845385
-0.850039
-0.854652
-0.859221
-0.863746
-0.868228
-0.872666
-0.877059
-0.881408
-0.885711
-0.88997
-0.894183
-0.898349
-0.90247
-0.906544
-0.910572
-0.914552
-0.918484
-0.92237
-0.926207
-0.929995
-0.933736
-0.937427
-0.94107
-0.944662
-0.948206
-0.951699
-0.955142
-0.958535
-0.961877
-0.965168
-0.968408
-0.971596
-0.974732
-0.977817
-0.980849
-0.983829
-0.986756
-0.98963
-0.992451
-0.995219
-0.997933
-1.00059
-1.0032
-1.00575
-1.00825
-1.01069
-1.01308
-1.01541
-1.01769
-1.01991
-1.02207
-1.02418
-1.02624
-1.02823
-1.03017
-1.03206
-1.03388
-1.03565
-1.03737
-1.03902
-1.04062
-1.04216
-1.04364
-1.04506
-1.04643
-1.04773
-1.04898
-1.05017
-1.0513
-1.05238
-1.05339
-1.05434
-1.05524
-1.05607
-1.05685
-1.05756
-1.05822
-1.05881
-1.05935
-1.05982
-1.06024
-1.06059
-1.06089
-1.06112
-1.06129
-1.06141
-1.06146
-1.06145
-1.06138
-1.06125
-1.06105
-1.0608
-1.06048
-1.06011
-1.05967
-1.05917
-1.05861
-1.05799
-1.0573
-1.05656
-1.05575
-1.05488
-1.05395
-1.05296
-1.05191
-1.05079
-1.04961
-1.04838
-1.04707
-1.04571
-1.04429
-1.0428
-1.04125
-1.03964
-1.03797
-1.03624
-1.03444
-1.03259
-1.03067
-1.02869
-1.02665
-1.02455
-1.02238
-1.02016
-1.01787
-1.01552
-1.01311
-1.01064
-1.00811
-1.00552
-1.00286
-1.00015
-0.997372
-0.994535
-0.991638
-0.98868
-0.985662
-0.982583
-0.979444
-0.976245
-0.972986
-0.969666
-0.966287
-0.962848
-0.95935
-0.955792
-0.952174
-0.948498
-0.944762
-0.940967
-0.937114
-0.933201
-0.929231
-0.925201
-0.921114
-0.916969
-0.912765
-0.908504
-0.904185
-0.899809
-0.895376
-0.890886
-0.886339
-0.881735
-0.877074
-0.872358
-0.867585
-0.862756
-0.857872
-0.852932
-0.847937
-0.842887
-0.837782
-0.832622
-0.827408
-0.82214
-0.816818
-0.811442
-0.806013
-0.80053
-0.794994
-0.789406
-0.783765
-0.778072
-0.772326
-0.766529
-0.760681
-0.754781
-0.74883
-0.742829
-0.736777
-0.730675
-0.724523
-0.718322
-0.712071
-0.705771
-0.699423
-0.693026
-0.686581
-0.680088
-0.673547
-0.66696
-0.660325
-0.653644
-0.646916
-0.640143
-0.633323
-0.626459
-0.619549
-0.612595
-0.605596
-0.598553
-0.591467
-0.584337
-0.577164
-0.569949
-0.562691
-0.555391
-0.548049
-0.540666
-0.533243
-0.525778
-0.518274
-0.510729
-0.503146
-0.495523
-0.487861
-0.480161
-0.472422
-0.464647
-0.456834
-0.448984
-0.441097
-0.433175
-0.425217
-0.417223
-0.409195
-0.401132
-0.393035
-0.384904
-0.37674
-0.368542
-0.360313
-0.352051
-0.343758
-0.335433
-0.327077
-0.318691
-0.310275
-0.301829
-0.293354
-0.28485
-0.276318
-0.267758
-0.25917
-0.250556
-0.241914
-0.233247
-0.224553
-0.215835
-0.207091
-0.198323
-0.189531
-0.180715
-0.171876
-0.163015
-0.154131
-0.145225
-0.136298
-0.12735
-0.118382
-0.109394
-0.100386
-0.0913591
-0.0823136
-0.0732499
-0.0641685
-0.0550699
-0.0459545
-0.0368227
-0.0276752
-0.0185122
-0.00933433
-0.000141996
0.00906431
0.0182841
0.027517
0.0367624
0.0460199
0.0552891
0.0645694
0.0738603
0.0831615
0.0924724
0.101793
0.111121
0.120459
0.129804
0.139156
0.148515
0.157881
0.167252
0.176629
0.18601
0.195397
0.204787
0.21418
0.223577
0.232976
0.242377
0.251779
0.261183
0.270587
0.279992
0.289395
0.298798
0.3082
0.3176
0.326997
0.336391
0.345782
0.35517
0.364553
0.373931
0.383304
0.392671
0.402032
0.411386
0.420733
0.430073
0.439404
0.448726
0.458039
0.467343
0.476636
0.485919
0.495191
0.504451
0.513699
0.522935
0.532158
0.541367
0.550562
0.559742
0.568908
0.578058
0.587193
0.596311
0.605412
0.614496
0.623562
0.63261
0.641639
0.650649
0.659639
0.668609
0.677559
0.686487
0.695394
0.704279
0.713141
0.721981
0.730797
0.739589
0.748357
0.7571
0.765818
0.77451
0.783176
0.791816
0.800428
0.809013
0.81757
0.826099
0.834599
0.843069
0.85151
0.859921
0.868301
0.87665
0.884967
0.893253
0.901506
0.909727
0.917914
0.926068
0.934187
0.942272
0.950323
0.958338
0.966317
0.97426
0.982166
0.990036
0.997868
1.00566
1.01342
1.02114
1.02881
1.03645
1.04405
1.05161
1.05913
1.06661
1.07404
1.08144
1.08879
1.0961
1.10336
1.11059
1.11777
1.1249
1.13199
1.13904
1.14604
1.153
1.1599
1.16677
1.17358
1.18035
1.18708
1.19375
1.20038
1.20696
1.21348
1.21997
1.2264
1.23278
1.23911
1.24539
1.25162
1.2578
1.26393
1.27
1.27603
1.282
1.28792
1.29378
1.2996
1.30536
1.31106
1.31671
1.32231
1.32785
1.33334
1.33877
1.34415
1.34947
1.35473
1.35994
1.36509
1.37019
1.37522
1.3802
1.38513
1.38999
1.3948
1.39954
1.40423
1.40886
1.41343
1.41795
1.4224
1.42679
1.43112
1.43539
1.4396
1.44375
1.44784
1.45187
1.45584
1.45974
1.46359
1.46737
1.47109
1.47474
1.47834
1.48187
1.48534
1.48874
1.49208
1.49536
1.49858
1.50173
1.50482
1.50784
1.5108
1.5137
1.51653
1.51929
1.52199
1.52463
1.5272
1.5297
1.53215
1.53452
1.53683
1.53907
1.54125
1.54336
1.54541
1.54739
1.5493
1.55115
1.55293
1.55465
1.5563
1.55788
1.55939
1.56084
1.56222
1.56354
1.56478
1.56596
1.56708
1.56812
1.5691
1.57002
1.57086
1.57164
1.57235
1.57299
1.57357
1.57407
1.57452
1.57489
1.57519
1.57543
1.5756
1.57571
1.57574
1.57571
1.57561
1.57545
1.57521
1.57491
1.57454
1.57411
1.57361
1.57304
1.5724
1.57169
1.57092
1.57008
1.56918
1.56821
1.56717
1.56606
1.56489
1.56365
1.56234
1.56097
1.55953
1.55802
1.55645
1.55481
1.55311
1.55133
1.5495
1.5476
1.54563
1.54359
1.54149
1.53933
1.5371
1.5348
1.53244
1.53002
1.52753
1.52498
1.52236
1.51967
1.51693
1.51412
1.51124
1.5083
1.5053
1.50223
1.49911
1.49591
1.49266
1.48934
1.48596
1.48252
1.47902
1.47545
1.47182
1.46813
1.46438
1.46057
1.4567
1.45276
1.44877
1.44471
1.4406
1.43642
1.43219
1.4279
1.42354
1.41913
1.41466
1.41013
1.40555
1.4009
1.3962
1.39144
1.38662
1.38174
1.37681
1.37182
1.36678
1.36168
1.35652
1.35131
1.34605
1.34073
1.33535
1.32992
1.32444
1.3189
1.31331
1.30766
1.30196
1.29622
1.29041
1.28456
1.27865
1.2727
1.26669
1.26063
1.25452
1.24836
1.24215
1.23589
1.22959
1.22323
1.21683
1.21037
1.20387
1.19733
1.19073
1.18409
1.1774
1.17067
1.16389
1.15706
1.15019
1.14327
1.13632
1.12931
1.12227
1.11517
1.10804
1.10087
1.09365
1.08639
1.07909
1.07175
1.06436
1.05694
1.04948
1.04197
1.03443
1.02685
1.01923
1.01158
1.00388
0.996152
0.988384
0.980579
0.972739
0.964862
0.956951
0.949004
0.941023
0.933008
0.92496
0.916878
0.908764
0.900617
0.892438
0.884227
0.875985
0.867713
0.85941
0.851077
0.842714
0.834323
0.825903
0.817454
0.808978
0.800474
0.791943
0.783386
0.774802
0.766193
0.757558
0.748899
0.740215
0.731507
0.722775
0.714021
0.705243
0.696443
0.687621
0.678778
0.669914
0.661029
0.652125
0.6432
0.634256
0.625293
0.616312
0.607313
0.598297
0.589263
0.580213
0.571146
0.562064
0.552966
0.543854
0.534727
0.525586
0.516431
0.507263
0.498083
0.48889
0.479686
0.47047
0.461244
0.452006
0.442759
0.433502
0.424236
0.414962
0.405679
0.396388
0.38709
0.377785
0.368473
0.359155
0.349832
0.340503
0.33117
0.321833
0.312491
0.303146
0.293798
0.284448
0.275095
0.265741
0.256386
0.247029
0.237673
0.228316
0.21896
0.209605
0.200251
0.190899
0.181549
0.172202
0.162858
0.153518
0.144181
0.134849
0.125521
0.116199
0.106883
0.0975724
0.0882685
0.0789715
0.0696819
0.0604
0.0511264
0.0418613
0.0326053
0.0233587
0.014122
0.00489555
-0.0043202
-0.0135248
-0.022718
-0.0318992
-0.0410681
-0.0502242
-0.0593672
-0.0684967
-0.0776121
-0.0867133
-0.0957996
-0.104871
-0.113927
-0.122966
-0.13199
-0.140996
-0.149986
-0.158958
-0.167912
-0.176847
-0.185764
-0.194662
-0.203541
-0.2124
-0.221238
-0.230056
-0.238853
-0.247628
-0.256382
-0.265114
-0.273823
-0.282509
-0.291173
-0.299812
-0.308428
-0.317019
-0.325586
-0.334128
-0.342644
-0.351135
-0.3596
-0.368038
-0.37645
-0.384834
-0.393191
-0.40152
-0.409821
-0.418094
-0.426337
-0.434552
-0.442737
-0.450892
-0.459018
-0.467112
-0.475176
-0.483209
-0.491211
-0.499181
-0.507118
-0.515024
-0.522897
-0.530736
-0.538543
-0.546316
-0.554055
-0.56176
-0.56943
-0.577066
-0.584667
-0.592232
-0.599762
-0.607255
-0.614713
-0.622134
-0.629518
-0.636866
-0.644176
-0.651448
-0.658683
-0.66588
-0.673038
-0.680158
-0.687239
-0.69428
-0.701283
-0.708245
-0.715168
-0.722051
-0.728893
-0.735695
-0.742456
-0.749176
-0.755855
-0.762492
-0.769087
-0.775641
-0.782152
-0.788621
-0.795047
-0.80143
-0.807771
-0.814068
-0.820322
-0.826532
-0.832698
-0.83882
-0.844898
-0.850932
-0.856921
-0.862865
-0.868764
-0.874618
-0.880427
-0.88619
-0.891908
-0.897579
-0.903205
-0.908785
-0.914318
-0.919805
-0.925245
-0.930638
-0.935984
-0.941284
-0.946536
-0.95174
-0.956898
-0.962007
-0.967069
-0.972083
-0.977049
-0.981967
-0.986836
-0.991658
-0.99643
-1.00115
-1.00583
-1.01046
-1.01503
-1.01956
-1.02404
-1.02847
-1.03285
-1.03719
-1.04147
-1.0457
-1.04988
-1.05402
-1.0581
-1.06213
-1.06612
-1.07005
-1.07393
-1.07777
-1.08155
-1.08528
-1.08897
-1.0926
-1.09618
-1.09971
-1.1032
-1.10663
-1.11001
-1.11334
-1.11662
-1.11985
-1.12302
-1.12615
-1.12923
-1.13225
-1.13523
-1.13815
-1.14103
-1.14385
-1.14662
-1.14935
-1.15202
-1.15464
-1.15721
-1.15973
-1.1622
-1.16461
-1.16698
-1.1693
-1.17157
-1.17378
-1.17595
-1.17806
-1.18013
-1.18214
-1.1841
-1.18602
-1.18788
-1.18969
-1.19146
-1.19317
-1.19483
-1.19645
-1.19801
-1.19952
-1.20099
-1.2024
-1.20377
-1.20508
-1.20635
-1.20756
-1.20873
-1.20985
-1.21091
-1.21193
-1.2129
-1.21383
-1.2147
-1.21552
-1.2163
-1.21703
-1.21771
-1.21834
-1.21892
-1.21946
-1.21994
-1.22038
-1.22078
-1.22112
-1.22142
-1.22167
-1.22187
-1.22203
-1.22214
-1.2222
-1.22222
-1.22219
-1.22211
-1.22199
-1.22182
-1.22161
-1.22135
-1.22105
-1.2207
-1.2203
-1.21986
-1.21938
-1.21885
-1.21827
-1.21766
-1.21699
-1.21629
-1.21554
-1.21474
-1.21391
-1.21303
-1.21211
-1.21114
-1.21013
-1.20908
-1.20799
-1.20685
-1.20568
-1.20446
-1.2032
-1.2019
-1.20056
-1.19918
-1.19775
-1.19629
-1.19478
-1.19324
-1.19166
-1.19004
-1.18837
-1.18667
-1.18493
-1.18315
-1.18134
-1.17948
-1.17759
-1.17566
-1.17369
-1.17168
-1.16964
-1.16756
-1.16544
-1.16329
-1.1611
-1.15888
-1.15662
-1.15432
-1.15199
-1.14963
-1.14723
-1.14479
-1.14232
-1.13982
-1.13729
-1.13472
-1.13212
-1.12948
-1.12681
-1.12411
-1.12138
-1.11862
-1.11582
-1.113
-1.11014
-1.10725
-1.10433
-1.10138
-1.0984
-1.0954
-1.09236
-1.08929
-1.0862
-1.08307
-1.07992
-1.07674
-1.07353
-1.07029
-1.06703
-1.06374
-1.06043
-1.05708
-1.05371
-1.05032
-1.0469
-1.04345
-1.03998
-1.03649
-1.03297
-1.02942
-1.02586
-1.02227
-1.01865
-1.01502
-1.01136
-1.00767
-1.00397
-1.00024
-0.996496
-0.992727
-0.988938
-0.985127
-0.981297
-0.977446
-0.973575
-0.969685
-0.965776
-0.961848
-0.957902
-0.953937
-0.949954
-0.945953
-0.941935
-0.937899
-0.933847
-0.929778
-0.925693
-0.921592
-0.917475
-0.913343
-0.909196
-0.905034
-0.900857
-0.896666
-0.892462
-0.888243
-0.884012
-0.879767
-0.875509
-0.871239
-0.866957
-0.862663
-0.858357
-0.85404
-0.849711
-0.845372
-0.841023
-0.836664
-0.832294
-0.827915
-0.823527
-0.81913
-0.814724
-0.810309
-0.805886
-0.801456
-0.797018
-0.792572
-0.78812
-0.783661
-0.779195
-0.774723
-0.770246
-0.765762
-0.761274
-0.75678
-0.752282
-0.747779
-0.743272
-0.738761
-0.734246
-0.729728
-0.725206
-0.720682
-0.716156
-0.711627
-0.707096
-0.702563
-0.698029
-0.693494
-0.688957
-0.68442
-0.679883
-0.675345
-0.670808
-0.666271
-0.661734
-0.657199
-0.652664
-0.648131
-0.6436
-0.639071
-0.634544
-0.630019
-0.625497
-0.620978
-0.616462
-0.61195
-0.607441
-0.602936
-0.598436
-0.59394
-0.589448
-0.584962
-0.580481
-0.576005
-0.571535
-0.567071
-0.562613
-0.558161
-0.553716
-0.549277
-0.544846
-0.540422
-0.536006
-0.531597
-0.527197
-0.522804
-0.51842
-0.514045
-0.509678
-0.505321
-0.500973
-0.496634
-0.492306
-0.487987
-0.483678
-0.47938
-0.475092
-0.470816
-0.46655
-0.462295
-0.458052
-0.45382
-0.449601
-0.445393
-0.441197
-0.437014
-0.432844
-0.428686
-0.424542
-0.42041
-0.416292
-0.412187
-0.408096
-0.40402
-0.399957
-0.395908
-0.391874
-0.387855
-0.38385
-0.37986
-0.375886
-0.371927
-0.367983
-0.364055
-0.360143
-0.356246
-0.352366
-0.348502
-0.344655
-0.340824
-0.33701
-0.333213
-0.329433
-0.325671
-0.321925
-0.318197
-0.314487
-0.310795
-0.30712
-0.303464
-0.299826
-0.296206
-0.292605
-0.289022
-0.285458
-0.281913
-0.278386
-0.274879
-0.271391
-0.267923
-0.264474
-0.261045
-0.257635
-0.254245
-0.250875
-0.247525
-0.244195
-0.240886
-0.237596
-0.234328
-0.231079
-0.227852
-0.224645
-0.221459
-0.218294
-0.21515
-0.212027
-0.208925
-0.205845
-0.202785
-0.199748
-0.196732
-0.193737
-0.190764
-0.187813
-0.184884
-0.181976
-0.179091
-0.176227
-0.173386
-0.170567
-0.16777
-0.164995
-0.162242
-0.159512
-0.156805
-0.15412
-0.151457
-0.148817
-0.1462
-0.143605
-0.141033
-0.138484
-0.135957
-0.133454
-0.130973
-0.128515
-0.12608
-0.123668
-0.121279
-0.118913
-0.11657
-0.11425
-0.111954
-0.10968
-0.107429
-0.105202
-0.102998
-0.100816
-0.0986585
-0.0965236
-0.094412
-0.0923236
-0.0902583
-0.0882163
-0.0861974
-0.0842017
-0.0822292
-0.0802799
-0.0783537
-0.0764507
-0.0745709
-0.0727142
-0.0708806
-0.0690702
-0.0672828
-0.0655185
-0.0637772
-0.062059
-0.0603638
-0.0586915
-0.0570422
-0.0554159
-0.0538124
-0.0522318
-0.050674
-0.049139
-0.0476268
-0.0461372
-0.0446704
-0.0432262
-0.0418046
-0.0404055
-0.0390289
-0.0376748
-0.0363431
-0.0350338
-0.0337467
-0.0324819
-0.0312393
-0.0300188
-0.0288204
-0.0276441
-0.0264896
-0.0253571
-0.0242464
-0.0231575
-0.0220903
-0.0210447
-0.0200207
-0.0190182
-0.0180371
-0.0170773
-0.0161388
-0.0152215
-0.0143253
-0.0134502
-0.012596
-0.0117627
-0.0109502
-0.0101584
-0.00938728
-0.00863666
-0.0079065
-0.00719669
-0.00650717
-0.00583782
-0.00518856
-0.0045593
-0.00394994
-0.00336039
-0.00279055
-0.00224031
-0.00170959
-0.00119828
-0.000706272
-0.000233472
0.000220225
0.000654925
0.00107074
0.00146776
0.00184611
0.00220589
0.00254722
0.0028702
0.00317495
0.00346158
0.0037302
0.00398093
0.00421388
0.00442918
0.00462693
0.00480727
0.0049703
0.00511614
0.00524493
0.00535678
0.00545181
0.00553015
0.00559193
0.00563726
0.00566628
0.00567911
0.00567588
0.00565672
0.00562175
0.00557111
0.00550493
0.00542334
0.00532647
0.00521446
0.00508744
0.00494553
0.00478889
0.00461764
0.00443191
0.00423185
0.0040176
0.00378928
0.00354705
0.00329103
0.00302137
0.0027382
0.00244168
0.00213193
0.0018091
0.00147334
0.00112478
0.000763564
0.000389842
3.75654e-06
-0.000394553
-0.000804935
-0.00122725
-0.00166135
-0.0021071
-0.00256433
-0.00303292
-0.0035127
-0.00400355
-0.00450529
-0.0050178
-0.00554092
-0.0060745
-0.0066184
-0.00717247
-0.00773655
-0.0083105
-0.00889417
-0.00948742
-0.0100901
-0.010702
-0.0113231
-0.0119531
-0.012592
-0.0132395
-0.0138955
-0.0145599
-0.0152326
-0.0159133
-0.0166019
-0.0172983
-0.0180023
-0.0187138
-0.0194325
-0.0201585
-0.0208915
-0.0216313
-0.0223779
-0.023131
-0.0238905
-0.0246563
-0.0254282
-0.0262061
-0.0269898
-0.0277792
-0.028574
-0.0293743
-0.0301797
-0.0309903
-0.0318057
-0.0326259
-0.0334507
-0.0342801
-0.0351137
-0.0359515
-0.0367933
-0.0376391
-0.0384885
-0.0393416
-0.0401981
-0.0410579
-0.0419209
-0.0427868
-0.0436556
-0.0445272
-0.0454013
-0.0462779
-0.0471567
-0.0480377
-0.0489207
-0.0498055
-0.0506921
-0.0515802
-0.0524698
-0.0533607
-0.0542527
-0.0551458
-0.0560397
-0.0569344
-0.0578297
-0.0587254
-0.0596215
-0.0605178
-0.0614141
-0.0623104
-0.0632064
-0.0641021
-0.0649973
-0.065892
-0.0667858
-0.0676788
-0.0685708
-0.0694617
-0.0703513
-0.0712395
-0.0721262
-0.0730113
-0.0738946
-0.0747759
-0.0756553
-0.0765325
-0.0774075
-0.07828
-0.07915
-0.0800174
-0.080882
-0.0817438
-0.0826026
-0.0834582
-0.0843106
-0.0851597
-0.0860052
-0.0868473
-0.0876856
-0.0885201
-0.0893506
-0.0901772
-0.0909996
-0.0918177
-0.0926315
-0.0934408
-0.0942455
-0.0950456
-0.0958408
-0.0966312
-0.0974165
-0.0981968
-0.0989718
-0.0997415
-0.100506
-0.101265
-0.102018
-0.102765
-0.103507
-0.104243
-0.104973
-0.105696
-0.106414
-0.107125
-0.10783
-0.108529
-0.109221
-0.109906
-0.110585
-0.111256
-0.111921
-0.112579
-0.11323
-0.113874
-0.11451
-0.11514
-0.115762
-0.116376
-0.116983
-0.117582
-0.118174
-0.118758
-0.119334
-0.119902
-0.120462
-0.121015
-0.121559
-0.122095
-0.122622
-0.123142
-0.123653
-0.124156
-0.12465
-0.125135
-0.125612
-0.126081
-0.12654
-0.126991
-0.127433
-0.127866
-0.128291
-0.128706
-0.129112
-0.129509
-0.129897
-0.130276
-0.130645
-0.131005
-0.131356
-0.131698
-0.13203
-0.132353
-0.132666
-0.13297
-0.133264
-0.133548
-0.133823
-0.134089
-0.134344
-0.13459
-0.134826
-0.135052
-0.135269
-0.135475
-0.135672
-0.135859
-0.136036
-0.136202
-0.136359
-0.136506
-0.136643
-0.13677
-0.136887
-0.136994
-0.137091
-0.137177
-0.137254
-0.13732
-0.137377
-0.137423
-0.137459
-0.137485
-0.137501
-0.137506
-0.137501
-0.137487
-0.137462
-0.137427
-0.137381
-0.137326
-0.13726
-0.137184
-0.137098
-0.137002
-0.136896
-0.136779
-0.136653
-0.136516
-0.136369
-0.136212
-0.136045
-0.135868
-0.135681
-0.135483
-0.135276
-0.135059
-0.134831
-0.134594
-0.134347
-0.134089
-0.133822
-0.133545
-0.133258
-0.132962
-0.132655
-0.132339
-0.132013
-0.131677
-0.131331
-0.130976
-0.130611
-0.130237
-0.129853
-0.129459
-0.129056
-0.128644
-0.128222
-0.12779
-0.12735
-0.1269
-0.12644
-0.125972
-0.125494
-0.125007
-0.124511
-0.124006
-0.123492
-0.122969
-0.122438
-0.121897
-0.121347
-0.120789
-0.120222
-0.119646
-0.119062
-0.118469
-0.117868
-0.117258
-0.11664
-0.116014
-0.115379
-0.114736
-0.114085
-0.113426
-0.112758
-0.112083
-0.1114
-0.110709
-0.11001
-0.109304
-0.10859
-0.107868
-0.107139
-0.106402
-0.105658
-0.104906
-0.104148
-0.103382
-0.102609
-0.101829
-0.101042
-0.100248
-0.0994469
-0.0986393
-0.097825
-0.0970041
-0.0961767
-0.0953428
-0.0945025
-0.0936559
-0.0928031
-0.0919441
-0.091079
-0.0902079
-0.0893309
-0.088448
-0.0875593
-0.086665
-0.085765
-0.0848595
-0.0839485
-0.0830322
-0.0821106
-0.0811838
-0.0802518
-0.0793148
-0.0783729
-0.0774261
-0.0764745
-0.0755182
-0.0745573
-0.0735918
-0.0726219
-0.0716476
-0.0706691
-0.0696863
-0.0686995
-0.0677087
-0.0667139
-0.0657152
-0.0647129
-0.0637068
-0.0626972
-0.0616841
-0.0606676
-0.0596478
-0.0586248
-0.0575986
-0.0565694
-0.0555372
-0.0545022
-0.0534644
-0.052424
-0.0513809
-0.0503354
-0.0492874
-0.0482371
-0.0471846
-0.04613
-0.0450733
-0.0440146
-0.0429541
-0.0418919
-0.0408279
-0.0397624
-0.0386954
-0.037627
-0.0365572
-0.0354863
-0.0344142
-0.0333411
-0.032267
-0.0311921
-0.0301164
-0.0290401
-0.0279632
-0.0268858
-0.025808
-0.0247299
-0.0236516
-0.0225732
-0.0214947
-0.0204163
-0.0193381
-0.0182601
-0.0171825
-0.0161052
-0.0150285
-0.0139524
-0.012877
-0.0118024
-0.0107287
-0.00965594
-0.00858424
-0.00751369
-0.00644437
-0.00537638
-0.0043098
-0.00324472
-0.00218124
-0.00111943
-5.93907e-05
0.000998795
0.00205504
0.00310925
0.00416135
0.00521124
0.00625885
0.00730409
0.00834686
0.00938709
0.0104247
0.0114596
0.0124917
0.0135209
0.0145471
0.0155703
0.0165904
0.0176072
0.0186208
0.0196309
0.0206376
0.0216408
0.0226404
0.0236362
0.0246283
0.0256165
0.0266008
0.0275811
0.0285572
0.0295292
0.030497
0.0314604
0.0324194
0.033374
0.034324
0.0352693
0.03621
0.0371459
0.038077
0.0390031
0.0399242
0.0408403
0.0417513
0.042657
0.0435575
0.0444526
0.0453423
0.0462266
0.0471053
0.0479784
0.0488458
0.0497074
0.0505633
0.0514132
0.0522573
0.0530953
0.0539273
0.0547531
0.0555727
0.0563861
0.0571932
0.0579939
0.0587882
0.059576
0.0603572
0.0611319
0.0618999
0.0626611
0.0634156
0.0641633
0.0649041
0.0656379
0.0663648
0.0670847
0.0677974
0.068503
0.0692014
0.0698926
0.0705765
0.0712531
0.0719223
0.0725841
0.0732383
0.0738851
0.0745243
0.0751559
0.0757799
0.0763962
0.0770047
0.0776055
0.0781985
0.0787836
0.0793608
0.0799301
0.0804915
0.0810448
0.0815901
0.0821274
0.0826565
0.0831775
0.0836904
0.084195
0.0846915
0.0851796
0.0856595
0.0861311
0.0865943
0.0870491
0.0874956
0.0879336
0.0883632
0.0887843
0.089197
0.0896011
0.0899966
0.0903837
0.0907621
0.091132
0.0914932
0.0918458
0.0921897
0.092525
0.0928516
0.0931695
0.0934787
0.0937792
0.094071
0.094354
0.0946282
0.0948937
0.0951504
0.0953984
0.0956375
0.0958679
0.0960894
0.0963022
0.0965061
0.0967012
0.0968875
0.097065
0.0972337
0.0973935
0.0975445
0.0976867
0.0978201
0.0979447
0.0980605
0.0981675
0.0982656
0.098355
0.0984356
0.0985074
0.0985704
0.0986247
0.0986702
0.0987069
0.098735
0.0987543
0.0987649
0.0987668
0.09876
0.0987446
0.0987205
0.0986878
0.0986465
0.0985965
0.098538
0.0984709
0.0983953
0.0983112
0.0982186
0.0981174
0.0980079
0.0978899
0.0977635
0.0976287
0.0974856
0.0973341
0.0971743
0.0970063
0.09683
0.0966455
0.0964528
0.096252
0.096043
0.0958259
0.0956008
0.0953677
0.0951265
0.0948774
0.0946204
0.0943555
0.0940827
0.0938022
0.0935138
0.0932177
0.0929139
0.0926025
0.0922834
0.0919568
0.0916226
0.0912809
0.0909318
0.0905752
0.0902113
0.0898401
0.0894616
0.0890759
0.088683
0.0882829
0.0878758
0.0874616
0.0870404
0.0866123
0.0861773
0.0857354
0.0852868
0.0848314
0.0843693
0.0839005
0.0834252
0.0829434
0.082455
0.0819603
0.0814591
0.0809517
0.080438
0.0799181
0.079392
0.0788598
0.0783216
0.0777775
0.0772274
0.0766715
0.0761097
0.0755422
0.0749691
0.0743903
0.0738059
0.0732161
0.0726208
0.0720201
0.0714142
0.070803
0.0701866
0.069565
0.0689384
0.0683069
0.0676704
0.067029
0.0663828
0.0657319
0.0650763
0.0644162
0.0637514
0.0630823
0.0624087
0.0617308
0.0610486
0.0603622
0.0596717
0.0589771
0.0582785
0.057576
0.0568697
0.0561596
0.0554457
0.0547282
0.0540072
0.0532826
0.0525546
0.0518232
0.0510885
0.0503507
0.0496096
0.0488655
0.0481184
0.0473683
0.0466154
0.0458597
0.0451013
0.0443402
0.0435766
0.0428104
0.0420418
0.0412709
0.0404977
0.0397223
0.0389447
0.0381651
0.0373835
0.0366
0.0358146
0.0350274
0.0342386
0.0334482
0.0326562
0.0318627
0.0310678
0.0302716
0.0294741
0.0286755
0.0278757
0.0270749
0.0262732
0.0254706
0.0246671
0.023863
0.0230581
0.0222527
0.0214467
0.0206403
0.0198336
0.0190265
0.0182192
0.0174118
0.0166042
0.0157967
0.0149892
0.0141819
0.0133748
0.012568
0.0117615
0.0109554
0.0101499
0.00934491
0.00854057
0.00773694
0.0069341
0.00613212
0.00533106
0.004531
0.00373201
0.00293416
0.00213751
0.00134214
0.000548123
-0.000244479
-0.0010356
-0.00182516
-0.0026131
-0.00339934
-0.00418383
-0.00496649
-0.00574725
-0.00652605
-0.00730282
-0.00807749
-0.00885
-0.00962028
-0.0103883
-0.0111539
-0.0119171
-0.0126778
-0.0134359
-0.0141915
-0.0149443
-0.0156944
-0.0164417
-0.0171861
-0.0179276
-0.0186661
-0.0194015
-0.0201338
-0.0208629
-0.0215888
-0.0223114
-0.0230306
-0.0237464
-0.0244587
-0.0251674
-0.0258726
-0.0265741
-0.0272719
-0.0279659
-0.0286561
-0.0293424
-0.0300248
-0.0307031
-0.0313774
-0.0320477
-0.0327137
-0.0333756
-0.0340332
-0.0346864
-0.0353353
-0.0359798
-0.0366198
-0.0372553
-0.0378862
-0.0385125
-0.0391341
-0.039751
-0.0403631
-0.0409704
-0.0415728
-0.0421704
-0.0427629
-0.0433505
-0.0439331
-0.0445105
-0.0450828
-0.0456499
-0.0462118
-0.0467685
-0.0473198
-0.0478658
-0.0484064
-0.0489416
-0.0494713
-0.0499955
-0.0505142
-0.0510272
-0.0515347
-0.0520365
-0.0525326
-0.053023
-0.0535076
-0.0539864
-0.0544594
-0.0549265
-0.0553878
-0.055843
-0.0562924
-0.0567357
-0.057173
-0.0576043
-0.0580295
-0.0584486
-0.0588615
-0.0592683
-0.0596689
-0.0600632
-0.0604513
-0.0608332
-0.0612087
-0.061578
-0.0619409
-0.0622974
-0.0626476
-0.0629913
-0.0633287
-0.0636595
-0.063984
-0.0643019
-0.0646133
-0.0649182
-0.0652166
-0.0655084
-0.0657937
-0.0660724
-0.0663445
-0.0666099
-0.0668688
-0.067121
-0.0673665
-0.0676054
-0.0678377
-0.0680632
-0.0682821
-0.0684943
-0.0686997
-0.0688985
-0.0690905
-0.0692758
-0.0694544
-0.0696263
-0.0697914
-0.0699497
-0.0701013
-0.0702462
-0.0703843
-0.0705157
-0.0706403
-0.0707582
-0.0708693
-0.0709736
-0.0710712
-0.0711621
-0.0712462
-0.0713236
-0.0713943
-0.0714582
-0.0715154
-0.0715659
-0.0716097
-0.0716468
-0.0716772
-0.0717009
-0.0717179
-0.0717283
-0.071732
-0.071729
-0.0717195
-0.0717033
-0.0716805
-0.0716511
-0.0716152
-0.0715726
-0.0715236
-0.071468
-0.0714059
-0.0713373
-0.0712622
-0.0711806
-0.0710926
-0.0709982
-0.0708974
-0.0707902
-0.0706766
-0.0705567
-0.0704305
-0.070298
-0.0701592
-0.0700141
-0.0698629
-0.0697054
-0.0695418
-0.069372
-0.0691961
-0.0690141
-0.0688261
-0.068632
-0.0684319
-0.0682258
-0.0680138
-0.0677958
-0.067572
-0.0673423
-0.0671068
-0.0668655
-0.0666185
-0.0663657
-0.0661072
-0.065843
-0.0655733
-0.0652979
-0.065017
-0.0647306
-0.0644387
-0.0641414
-0.0638386
-0.0635305
-0.0632171
-0.0628983
-0.0625744
-0.0622452
-0.0619108
-0.0615713
-0.0612267
-0.0608771
-0.0605225
-0.0601629
-0.0597984
-0.059429
-0.0590548
-0.0586757
-0.058292
-0.0579035
-0.0575104
-0.0571127
-0.0567104
-0.0563036
-0.0558923
-0.0554766
-0.0550565
-0.0546321
-0.0542034
-0.0537704
-0.0533333
-0.052892
-0.0524467
-0.0519973
-0.0515439
-0.0510866
-0.0506254
-0.0501604
-0.0496916
-0.049219
-0.0487428
-0.0482629
-0.0477794
-0.0472925
-0.046802
-0.0463081
-0.0458109
-0.0453103
-0.0448065
-0.0442995
-0.0437893
-0.043276
-0.0427597
-0.0422404
-0.0417181
-0.041193
-0.0406651
-0.0401343
-0.0396009
-0.0390648
-0.0385261
-0.0379849
-0.0374411
-0.036895
-0.0363464
-0.0357956
-0.0352425
-0.0346871
-0.0341297
-0.0335701
-0.0330085
-0.0324449
-0.0318795
-0.0313121
-0.030743
-0.0301721
-0.0295995
-0.0290253
-0.0284495
-0.0278722
-0.0272935
-0.0267133
-0.0261319
-0.0255491
-0.0249652
-0.02438
-0.0237938
-0.0232065
-0.0226183
-0.0220291
-0.021439
-0.0208482
-0.0202566
-0.0196643
-0.0190713
-0.0184778
-0.0178838
-0.0172893
-0.0166944
-0.0160992
-0.0155037
-0.014908
-0.0143121
-0.0137161
-0.0131201
-0.012524
-0.011928
-0.0113322
-0.0107365
-0.0101411
-0.00954599
-0.00895122
-0.00835686
-0.00776298
-0.00716962
-0.00657685
-0.00598471
-0.00539328
-0.0048026
-0.00421273
-0.00362373
-0.00303565
-0.00244855
-0.00186249
-0.00127751
-0.000693684
-0.000111055
0.000470314
0.00105037
0.00162907
0.00220634
0.00278214
0.00335641
0.0039291
0.00450016
0.00506952
0.00563714
0.00620297
0.00676695
0.00732904
0.00788917
0.00844729
0.00900336
0.00955733
0.0101091
0.0106587
0.0112061
0.0117511
0.0122938
0.0128341
0.0133719
0.0139072
0.0144399
0.0149701
0.0154976
0.0160224
0.0165444
0.0170637
0.0175801
0.0180936
0.0186042
0.0191118
0.0196164
0.020118
0.0206164
0.0211117
0.0216037
0.0220925
0.0225781
0.0230603
0.0235391
0.0240145
0.0244865
0.024955
0.0254199
0.0258813
0.026339
0.0267931
0.0272435
0.0276901
0.028133
0.028572
0.0290073
0.0294386
0.029866
0.0302895
0.0307089
0.0311244
0.0315357
0.031943
0.0323461
0.0327451
0.0331399
0.0335304
0.0339167
0.0342987
0.0346764
0.0350497
0.0354186
0.0357831
0.0361432
0.0364988
0.0368499
0.0371964
0.0375384
0.0378758
0.0382086
0.0385368
0.0388603
0.0391792
0.0394933
0.0398027
0.0401073
0.0404071
0.0407022
0.0409924
0.0412777
0.0415582
0.0418339
0.0421046
0.0423704
0.0426312
0.0428871
0.043138
0.0433839
0.0436248
0.0438606
0.0440914
0.0443172
0.0445379
0.0447535
0.0449639
0.0451693
0.0453695
0.0455646
0.0457546
0.0459394
0.046119
0.0462934
0.0464627
0.0466267
0.0467855
0.0469392
0.0470876
0.0472307
0.0473687
0.0475014
0.0476288
0.047751
0.0478679
0.0479796
0.0480861
0.0481872
0.0482831
0.0483738
0.0484591
0.0485392
0.0486141
0.0486837
0.048748
0.048807
0.0488608
0.0489094
0.0489527
0.0489907
0.0490235
0.0490511
0.0490734
0.0490905
0.0491024
0.0491091
0.0491106
0.0491069
0.049098
0.0490839
0.0490647
0.0490403
0.0490107
0.0489761
0.0489363
0.0488914
0.0488414
0.0487863
0.0487262
0.048661
0.0485908
0.0485155
0.0484352
0.04835
0.0482598
0.0481646
0.0480645
0.0479595
0.0478495
0.0477347
0.0476151
0.0474906
0.0473613
0.0472272
0.0470883
0.0469446
0.0467963
0.0466432
0.0464854
0.046323
0.046156
0.0459843
0.0458081
0.0456273
0.045442
0.0452522
0.0450579
0.0448591
0.044656
0.0444484
0.0442365
0.0440203
0.0437998
0.043575
0.0433459
0.0431127
0.0428752
0.0426337
0.042388
0.0421382
0.0418844
0.0416266
0.0413648
0.0410991
0.0408294
0.0405559
0.0402785
0.0399974
0.0397124
0.0394238
0.0391314
0.0388354
0.0385358
0.0382326
0.0379259
0.0376157
0.037302
0.0369849
0.0366644
0.0363405
0.0360134
0.035683
0.0353494
0.0350126
0.0346727
0.0343296
0.0339835
0.0336345
0.0332824
0.0329274
0.0325696
0.0322089
0.0318454
0.0314791
0.0311102
0.0307386
0.0303644
0.0299876
0.0296083
0.0292265
0.0288423
0.0284557
0.0280667
0.0276755
0.027282
0.0268864
0.0264885
0.0260886
0.0256866
0.0252826
0.0248766
0.0244688
0.024059
0.0236475
0.0232341
0.0228191
0.0224024
0.0219841
0.0215642
0.0211428
0.0207199
0.0202955
0.0198699
0.0194428
0.0190146
0.0185851
0.0181544
0.0177226
0.0172897
0.0168558
0.0164209
0.0159852
0.0155485
0.015111
0.0146728
0.0142338
0.0137942
0.013354
0.0129132
0.0124719
0.0120301
0.0115879
0.0111454
0.0107025
0.0102594
0.00981609
0.00937262
0.00892905
0.00848543
0.0080418
0.00759823
0.00715476
0.00671144
0.00626832
0.00582546
0.00538291
0.00494071
0.00449892
0.00405758
0.00361676
0.0031765
0.00273684
0.00229785
0.00185956
0.00142204
0.000985332
0.000549482
0.000114546
-0.000319431
-0.000752396
-0.0011843
-0.00161509
-0.00204473
-0.00247315
-0.00290032
-0.00332618
-0.00375068
-0.00417379
-0.00459543
-0.00501558
-0.00543418
-0.00585118
-0.00626653
-0.00668019
-0.00709212
-0.00750225
-0.00791056
-0.00831698
-0.00872147
-0.00912399
-0.00952449
-0.00992293
-0.0103193
-0.0107134
-0.0111054
-0.0114951
-0.0118825
-0.0122676
-0.0126503
-0.0130306
-0.0134084
-0.0137838
-0.0141565
-0.0145267
-0.0148942
-0.015259
-0.0156211
-0.0159805
-0.016337
-0.0166907
-0.0170415
-0.0173894
-0.0177343
-0.0180762
-0.0184151
-0.0187509
-0.0190835
-0.019413
-0.0197393
-0.0200623
-0.0203821
-0.0206985
-0.0210116
-0.0213213
-0.0216276
-0.0219304
-0.0222298
-0.0225256
-0.0228178
-0.0231065
-0.0233915
-0.0236729
-0.0239505
-0.0242244
-0.0244946
-0.024761
-0.0250236
-0.0252823
-0.0255371
-0.025788
-0.0260349
-0.0262779
-0.0265169
-0.0267519
-0.0269828
-0.0272096
-0.0274323
-0.0276509
-0.0278653
-0.0280755
-0.0282815
-0.0284832
-0.0286807
-0.0288739
-0.0290628
-0.0292474
-0.0294276
-0.0296034
-0.0297749
-0.0299419
-0.0301045
-0.0302626
-0.0304162
-0.0305654
-0.03071
-0.0308501
-0.0309856
-0.0311166
-0.031243
-0.0313648
-0.0314819
-0.0315945
-0.0317024
-0.0318056
-0.0319042
-0.031998
-0.0320872
-0.0321717
-0.0322514
-0.0323264
-0.0323967
-0.0324622
-0.032523
-0.032579
-0.0326302
-0.0326766
-0.0327183
-0.0327551
-0.0327871
-0.0328144
-0.0328368
-0.0328543
-0.0328671
-0.032875
-0.0328781
-0.0328764
-0.0328698
-0.0328584
-0.0328422
-0.0328211
-0.0327952
-0.0327644
-0.0327289
-0.0326884
-0.0326432
-0.0325931
-0.0325382
-0.0324785
-0.032414
-0.0323447
-0.0322705
-0.0321916
-0.0321079
-0.0320194
-0.0319261
-0.031828
-0.0317252
-0.0316177
-0.0315054
-0.0313884
-0.0312666
-0.0311402
-0.0310091
-0.0308733
-0.0307328
-0.0305877
-0.0304379
-0.0302836
-0.0301246
-0.029961
-0.0297929
-0.0296202
-0.0294429
-0.0292612
-0.0290749
-0.0288842
-0.028689
-0.0284893
-0.0282852
-0.0280768
-0.0278639
-0.0276467
-0.0274252
-0.0271993
-0.0269692
-0.0267348
-0.0264962
-0.0262533
-0.0260063
-0.0257551
-0.0254998
-0.0252404
-0.0249769
-0.0247093
-0.0244378
-0.0241622
-0.0238827
-0.0235992
-0.0233119
-0.0230207
-0.0227256
-0.0224268
-0.0221242
-0.0218178
-0.0215078
-0.021194
-0.0208767
-0.0205557
-0.0202312
-0.0199031
-0.0195716
-0.0192366
-0.0188982
-0.0185564
-0.0182113
-0.0178628
-0.0175111
-0.0171562
-0.0167981
-0.0164369
-0.0160725
-0.0157051
-0.0153347
-0.0149613
-0.014585
-0.0142058
-0.0138237
-0.0134389
-0.0130512
-0.0126609
-0.0122679
-0.0118722
-0.011474
-0.0110733
-0.01067
-0.0102644
-0.0098563
-0.00944589
-0.00903318
-0.00861823
-0.00820107
-0.00778177
-0.00736036
-0.0069369
-0.00651144
-0.00608402
-0.00565471
-0.00522354
-0.00479058
-0.00435586
-0.00391946
-0.00348141
-0.00304176
-0.00260058
-0.00215792
-0.00171382
-0.00126834
-0.000821544
-0.000373474
7.58142e-05
0.00052626
0.000977815
0.00143042
0.00188402
0.00233856
0.00279399
0.00325024
0.00370726
0.004165
0.0046234
0.0050824
0.00554194
0.00600197
0.00646242
0.00692325
0.00738439
0.00784579
0.00830738
0.00876911
0.00923092
0.00969275
0.0101545
0.0106162
0.0110778
0.0115391
0.0120001
0.0124608
0.0129211
0.013381
0.0138403
0.0142991
0.0147572
0.0152146
0.0156713
0.0161271
0.0165821
0.0170361
0.0174892
0.0179411
0.018392
0.0188416
0.01929
0.0197371
0.0201829
0.0206272
0.02107
0.0215113
0.0219509
0.0223889
0.0228251
0.0232596
0.0236922
0.0241229
0.0245515
0.0249782
0.0254027
0.0258251
0.0262453
0.0266631
0.0270787
0.0274918
0.0279024
0.0283105
0.028716
0.0291189
0.029519
0.0299164
0.030311
0.0307026
0.0310913
0.031477
0.0318596
0.032239
0.0326153
0.0329883
0.033358
0.0337243
0.0340872
0.0344466
0.0348024
0.0351546
0.0355032
0.035848
0.036189
0.0365262
0.0368595
0.0371888
0.0375141
0.0378353
0.0381524
0.0384653
0.038774
0.0390783
0.0393783
0.0396739
0.039965
0.0402515
0.0405335
0.0408108
0.0410835
0.0413514
0.0416145
0.0418727
0.042126
0.0423744
0.0426177
0.042856
0.0430892
0.0433171
0.0435399
0.0437573
0.0439695
0.0441762
0.0443775
0.0445734
0.0447636
0.0449484
0.0451274
0.0453008
0.0454685
0.0456304
0.0457865
0.0459367
0.0460809
0.0462192
0.0463515
0.0464777
0.0465978
0.0467118
0.0468196
0.0469211
0.0470163
0.0471052
0.0471878
0.0472639
0.0473336
0.0473967
0.0474534
0.0475034
0.0475468
0.0475836
0.0476136
0.0476369
0.0476535
0.0476632
0.047666
0.047662
0.047651
0.0476331
0.0476081
0.0475761
0.0475371
0.0474909
0.0474376
0.0473771
0.0473094
0.0472345
0.0471522
0.0470627
0.0469659
0.0468616
0.04675
0.0466309
0.0465044
0.0463704
0.0462289
0.0460799
0.0459233
0.0457591
0.0455872
0.0454078
0.0452206
0.0450258
0.0448232
0.044613
0.0443949
0.0441691
0.0439354
0.043694
0.0434447
0.0431875
0.0429225
0.0426495
0.0423686
0.0420798
0.041783
0.0414783
0.0411656
0.0408448
0.0405161
0.0401793
0.0398345
0.0394817
0.0391207
0.0387517
0.0383746
0.0379894
0.0375961
0.0371947
0.0367852
0.0363675
0.0359417
0.0355077
0.0350656
0.0346153
0.0341569
0.0336903
0.0332155
0.0327325
0.0322414
0.0317421
0.0312346
0.030719
0.0301952
0.0296631
0.029123
0.0285746
0.0280181
0.0274534
0.0268805
0.0262995
0.0257103
0.025113
0.0245076
0.023894
0.0232722
0.0226424
0.0220045
0.0213584
0.0207043
0.0200421
0.0193718
0.0186935
0.0180071
0.0173127
0.0166103
0.0158999
0.0151814
0.0144551
0.0137208
0.0129785
0.0122283
0.0114702
0.0107043
0.00993046
0.0091488
0.00835932
0.00756204
0.00675699
0.00594417
0.00512363
0.00429538
0.00345945
0.00261585
0.00176463
0.000905797
3.93844e-05
-0.000834579
-0.00171607
-0.00260505
-0.00350151
-0.0044054
-0.00531669
-0.00623536
-0.00716138
-0.00809471
-0.00903532
-0.00998318
-0.0109382
-0.0119005
-0.0128699
-0.0138464
-0.01483
-0.0158206
-0.0168182
-0.0178227
-0.0188342
-0.0198526
-0.0208778
-0.0219098
-0.0229486
-0.0239941
-0.0250463
-0.0261051
-0.0271706
-0.0282426
-0.029321
-0.030406
-0.0314974
-0.0325951
-0.0336992
-0.0348096
-0.0359262
-0.037049
-0.0381779
-0.0393129
-0.040454
-0.041601
-0.0427541
-0.043913
-0.0450777
-0.0462483
-0.0474246
-0.0486065
-0.0497942
-0.0509874
-0.0521861
-0.0533903
-0.0545999
-0.0558149
-0.0570353
-0.0582608
-0.0594916
-0.0607275
-0.0619685
-0.0632146
-0.0644656
-0.0657215
-0.0669823
-0.0682478
-0.0695182
-0.0707932
-0.0720728
-0.0733569
-0.0746456
-0.0759387
-0.0772362
-0.0785379
-0.079844
-0.0811542
-0.0824685
-0.0837869
-0.0851093
-0.0864356
-0.0877658
-0.0890998
-0.0904376
-0.091779
-0.093124
-0.0944725
-0.0958245
-0.09718
-0.0985388
-0.0999008
-0.101266
-0.102634
-0.104006
-0.10538
-0.106758
-0.108138
-0.109521
-0.110907
-0.112295
-0.113686
-0.11508
-0.116476
-0.117874
-0.119275
-0.120678
-0.122083
-0.12349
-0.124899
-0.12631
-0.127723
-0.129138
-0.130555
-0.131973
-0.133393
-0.134814
-0.136237
-0.137661
-0.139086
-0.140513
-0.141941
-0.14337
-0.1448
-0.146231
-0.147662
-0.149095
-0.150528
-0.151962
-0.153396
-0.154831
-0.156266
-0.157702
-0.159138
-0.160574
-0.16201
-0.163447
-0.164883
-0.166319
-0.167755
-0.169191
-0.170626
-0.172061
-0.173496
-0.17493
-0.176363
-0.177796
-0.179227
-0.180658
-0.182089
-0.183518
-0.184946
-0.186373
-0.187798
-0.189223
-0.190646
-0.192067
-0.193487
-0.194906
-0.196323
-0.197738
-0.199151
-0.200563
-0.201972
-0.20338
-0.204785
-0.206188
-0.207589
-0.208988
-0.210384
-0.211778
-0.213169
-0.214558
-0.215944
-0.217327
-0.218708
-0.220085
-0.22146
-0.222831
-0.2242
-0.225565
-0.226927
-0.228286
-0.229642
-0.230994
-0.232342
-0.233687
-0.235028
-0.236366
-0.2377
-0.23903
-0.240356
-0.241678
-0.242996
-0.24431
-0.245619
-0.246925
-0.248226
-0.249523
-0.250815
-0.252103
-0.253386
-0.254665
-0.255939
-0.257208
-0.258472
-0.259732
-0.260987
-0.262236
-0.263481
-0.26472
-0.265954
-0.267183
-0.268407
-0.269625
-0.270838
-0.272045
-0.273247
-0.274443
-0.275634
-0.276819
-0.277998
-0.279171
-0.280338
-0.2815
-0.282655
-0.283805
-0.284948
-0.286085
-0.287216
-0.288341
-0.289459
-0.290572
-0.291677
-0.292777
-0.293869
-0.294956
-0.296035
-0.297108
-0.298174
-0.299234
-0.300287
-0.301333
-0.302372
-0.303404
-0.304429
-0.305447
-0.306458
-0.307462
-0.308459
-0.309448
-0.310431
-0.311406
-0.312374
-0.313334
-0.314287
-0.315233
-0.316171
-0.317102
-0.318025
-0.318941
-0.319849
-0.320749
-0.321642
-0.322527
-0.323405
-0.324274
-0.325136
-0.32599
-0.326836
-0.327674
-0.328504
-0.329326
-0.33014
-0.330947
-0.331745
-0.332535
-0.333317
-0.334091
-0.334857
-0.335614
-0.336364
-0.337105
-0.337838
-0.338563
-0.339279
-0.339988
-0.340687
-0.341379
-0.342062
-0.342737
-0.343403
-0.344061
-0.344711
-0.345352
-0.345985
-0.346609
-0.347225
-0.347832
-0.348431
-0.349022
-0.349603
-0.350177
-0.350741
-0.351298
-0.351845
-0.352384
-0.352915
-0.353437
-0.35395
-0.354455
-0.354951
-0.355439
-0.355918
-0.356388
-0.35685
-0.357303
-0.357748
-0.358184
-0.358611
-0.35903
-0.35944
-0.359842
-0.360235
-0.36062
-0.360996
-0.361363
-0.361722
-0.362072
-0.362414
-0.362747
-0.363072
-0.363388
-0.363695
-0.363994
-0.364285
-0.364567
-0.364841
-0.365106
-0.365363
-0.365611
-0.365851
-0.366083
-0.366306
-0.366521
-0.366728
-0.366926
-0.367116
-0.367297
-0.367471
-0.367636
-0.367793
-0.367942
-0.368082
-0.368215
-0.368339
-0.368456
-0.368564
-0.368664
-0.368756
-0.36884
-0.368916
-0.368985
-0.369045
-0.369098
-0.369142
-0.369179
-0.369208
-0.369229
-0.369243
-0.369249
-0.369247
-0.369238
-0.369221
-0.369196
-0.369164
-0.369125
-0.369078
-0.369024
-0.368962
-0.368893
-0.368817
-0.368733
-0.368642
-0.368545
-0.36844
-0.368328
-0.368208
-0.368082
-0.367949
-0.367809
-0.367662
-0.367509
-0.367348
-0.367181
-0.367007
-0.366827
-0.36664
-0.366446
-0.366246
-0.366039
-0.365826
-0.365607
-0.365382
-0.36515
-0.364912
-0.364668
-0.364417
-0.364161
-0.363899
-0.36363
-0.363356
-0.363076
-0.362791
-0.362499
-0.362202
-0.361899
-0.361591
-0.361277
-0.360958
-0.360633
-0.360303
-0.359968
-0.359628
-0.359282
-0.358931
-0.358576
-0.358215
-0.357849
-0.357479
-0.357103
-0.356723
-0.356339
-0.355949
-0.355555
-0.355157
-0.354754
-0.354347
-0.353935
-0.353519
-0.353099
-0.352675
-0.352247
-0.351815
-0.351379
-0.350939
-0.350495
-0.350047
-0.349596
-0.349141
-0.348683
-0.348221
-0.347756
-0.347287
-0.346815
-0.34634
-0.345862
-0.34538
-0.344896
-0.344409
-0.343918
-0.343425
-0.342929
-0.342431
-0.34193
-0.341426
-0.34092
-0.340411
-0.3399
-0.339387
-0.338871
-0.338353
-0.337834
-0.337312
-0.336788
-0.336263
-0.335735
-0.335206
-0.334675
-0.334143
-0.333609
-0.333073
-0.332536
-0.331998
-0.331459
-0.330918
-0.330376
-0.329833
-0.329289
-0.328744
-0.328199
-0.327652
-0.327105
-0.326557
-0.326008
-0.325459
-0.32491
-0.32436
-0.32381
-0.323259
-0.322709
-0.322158
-0.321607
-0.321056
-0.320505
-0.319955
-0.319404
-0.318854
-0.318304
-0.317755
-0.317206
-0.316658
-0.31611
-0.315563
-0.315016
-0.314471
-0.313926
-0.313382
-0.312839
-0.312298
-0.311757
-0.311217
-0.310679
-0.310142
-0.309606
-0.309072
-0.30854
-0.308008
-0.307479
-0.306951
-0.306425
-0.3059
-0.305378
-0.304857
-0.304339
-0.303822
-0.303308
-0.302795
-0.302285
-0.301777
-0.301272
-0.300769
-0.300268
-0.29977
-0.299274
-0.298781
-0.298291
-0.297803
-0.297318
-0.296836
-0.296357
-0.29588
-0.295407
-0.294937
-0.29447
-0.294006
-0.293545
-0.293087
-0.292633
-0.292182
-0.291734
-0.29129
-0.29085
-0.290412
-0.289979
-0.289549
-0.289123
-0.2887
-0.288282
-0.287867
-0.287456
-0.287049
-0.286646
-0.286247
-0.285852
-0.285461
-0.285074
-0.284691
-0.284313
-0.283938
-0.283568
-0.283203
-0.282842
-0.282485
-0.282132
-0.281784
-0.281441
-0.281102
-0.280768
-0.280438
-0.280113
-0.279793
-0.279477
-0.279167
-0.278861
-0.278559
-0.278263
-0.277972
-0.277685
-0.277404
-0.277127
-0.276855
-0.276589
-0.276327
-0.276071
-0.275819
-0.275573
-0.275332
-0.275096
-0.274865
-0.27464
-0.27442
-0.274205
-0.273995
-0.273791
-0.273592
-0.273398
-0.27321
-0.273027
-0.272849
-0.272677
-0.272511
-0.272349
-0.272194
-0.272043
-0.271898
-0.271759
-0.271625
-0.271497
-0.271374
-0.271257
-0.271145
-0.271039
-0.270939
-0.270844
-0.270754
-0.270671
-0.270592
-0.27052
-0.270453
-0.270391
-0.270336
-0.270285
-0.270241
-0.270202
-0.270169
-0.270141
-0.270119
-0.270102
-0.270091
-0.270086
-0.270086
-0.270092
-0.270103
-0.27012
-0.270143
-0.270171
-0.270205
-0.270244
-0.270289
-0.270339
-0.270395
-0.270456
-0.270523
-0.270595
-0.270673
-0.270756
-0.270845
-0.270939
-0.271039
-0.271144
-0.271254
-0.271369
-0.27149
-0.271617
-0.271748
-0.271885
-0.272027
-0.272174
-0.272327
-0.272485
-0.272647
-0.272815
-0.272989
-0.273167
-0.27335
-0.273538
-0.273732
-0.27393
-0.274133
-0.274341
-0.274554
-0.274772
-0.274995
-0.275223
-0.275455
-0.275692
-0.275934
-0.27618
-0.276431
-0.276687
-0.276947
-0.277211
-0.27748
-0.277754
-0.278032
-0.278314
-0.278601
-0.278892
-0.279187
-0.279487
-0.27979
-0.280098
-0.28041
-0.280726
-0.281045
-0.281369
-0.281697
-0.282028
-0.282364
-0.282703
-0.283046
-0.283392
-0.283742
-0.284096
-0.284453
-0.284814
-0.285178
-0.285545
-0.285916
-0.28629
-0.286667
-0.287048
-0.287431
-0.287818
-0.288207
-0.2886
-0.288995
-0.289394
-0.289795
-0.290199
-0.290605
-0.291014
-0.291426
-0.29184
-0.292257
-0.292675
-0.293097
-0.29352
-0.293946
-0.294374
-0.294804
-0.295236
-0.29567
-0.296106
-0.296544
-0.296983
-0.297424
-0.297867
-0.298312
-0.298758
-0.299205
-0.299654
-0.300104
-0.300556
-0.301008
-0.301462
-0.301917
-0.302373
-0.302829
-0.303287
-0.303746
-0.304205
-0.304665
-0.305125
-0.305586
-0.306048
-0.30651
-0.306972
-0.307434
-0.307897
-0.30836
-0.308823
-0.309286
-0.309748
-0.310211
-0.310673
-0.311135
-0.311597
-0.312059
-0.312519
-0.31298
-0.313439
-0.313898
-0.314356
-0.314813
-0.31527
-0.315725
-0.316179
-0.316633
-0.317084
-0.317535
-0.317984
-0.318432
-0.318879
-0.319323
-0.319766
-0.320208
-0.320647
-0.321085
-0.321521
-0.321955
-0.322387
-0.322816
-0.323244
-0.323669
-0.324092
-0.324512
-0.32493
-0.325345
-0.325758
-0.326168
-0.326575
-0.326979
-0.327381
-0.327779
-0.328174
-0.328566
-0.328955
-0.329341
-0.329723
-0.330102
-0.330478
-0.330849
-0.331218
-0.331582
-0.331943
-0.3323
-0.332653
-0.333002
-0.333347
-0.333687
-0.334024
-0.334356
-0.334684
-0.335008
-0.335327
-0.335642
-0.335952
-0.336258
-0.336558
-0.336854
-0.337146
-0.337432
-0.337713
-0.337989
-0.33826
-0.338526
-0.338787
-0.339042
-0.339292
-0.339537
-0.339776
-0.340009
-0.340237
-0.340459
-0.340676
-0.340886
-0.341091
-0.34129
-0.341483
-0.34167
-0.341851
-0.342025
-0.342194
-0.342356
-0.342512
-0.342661
-0.342804
-0.342941
-0.343071
-0.343194
-0.343311
-0.343421
-0.343524
-0.34362
-0.34371
-0.343793
-0.343868
-0.343937
-0.343998
-0.344053
-0.3441
-0.34414
-0.344173
-0.344198
-0.344216
-0.344227
-0.34423
-0.344226
-0.344214
-0.344195
-0.344168
-0.344133
-0.344091
-0.34404
-0.343982
-0.343916
-0.343843
-0.343761
-0.343671
-0.343574
-0.343468
-0.343354
-0.343233
-0.343103
-0.342964
-0.342818
-0.342663
-0.3425
-0.342329
-0.34215
-0.341962
-0.341765
-0.34156
-0.341347
-0.341125
-0.340895
-0.340656
-0.340409
-0.340153
-0.339888
-0.339615
-0.339333
-0.339042
-0.338743
-0.338435
-0.338118
-0.337792
-0.337458
-0.337114
-0.336762
-0.336401
-0.336032
-0.335653
-0.335265
-0.334869
-0.334463
-0.334049
-0.333626
-0.333193
-0.332752
-0.332302
-0.331842
-0.331374
-0.330897
-0.330411
-0.329915
-0.329411
-0.328898
-0.328376
-0.327844
-0.327304
-0.326754
-0.326196
-0.325628
-0.325052
-0.324466
-0.323872
-0.323268
-0.322656
-0.322034
-0.321403
-0.320764
-0.320115
-0.319458
-0.318791
-0.318116
-0.317431
-0.316738
-0.316035
-0.315324
-0.314604
-0.313875
-0.313137
-0.312391
-0.311635
-0.310871
-0.310098
-0.309316
-0.308525
-0.307726
-0.306917
-0.306101
-0.305275
-0.304441
-0.303599
-0.302747
-0.301887
-0.301019
-0.300142
-0.299257
-0.298363
-0.297461
-0.29655
-0.295632
-0.294704
-0.293769
-0.292825
-0.291873
-0.290913
-0.289945
-0.288969
-0.287984
-0.286992
-0.285992
-0.284983
-0.283967
-0.282943
-0.281911
-0.280872
-0.279825
-0.27877
-0.277707
-0.276637
-0.275559
-0.274474
-0.273382
-0.272282
-0.271174
-0.27006
-0.268938
-0.267809
-0.266673
-0.26553
-0.26438
-0.263223
-0.262059
-0.260888
-0.259711
-0.258527
-0.257336
-0.256138
-0.254934
-0.253724
-0.252507
-0.251284
-0.250054
-0.248819
-0.247577
-0.246329
-0.245075
-0.243815
-0.242549
-0.241278
-0.240001
-0.238718
-0.237429
-0.236135
-0.234835
-0.23353
-0.23222
-0.230905
-0.229584
-0.228258
-0.226927
-0.225592
-0.224251
-0.222906
-0.221555
-0.220201
-0.218841
-0.217478
-0.21611
-0.214737
-0.21336
-0.21198
-0.210595
-0.209206
-0.207813
-0.206416
-0.205016
-0.203612
-0.202205
-0.200794
-0.199379
-0.197961
-0.19654
-0.195116
-0.193689
-0.192259
-0.190826
-0.189391
-0.187952
-0.186511
-0.185068
-0.183622
-0.182173
-0.180723
-0.17927
-0.177816
-0.176359
-0.1749
-0.17344
-0.171978
-0.170515
-0.16905
-0.167583
-0.166116
-0.164647
-0.163177
-0.161706
-0.160234
-0.158761
-0.157287
-0.155813
-0.154339
-0.152863
-0.151388
-0.149912
-0.148437
-0.146961
-0.145485
-0.14401
-0.142534
-0.141059
-0.139585
-0.138111
-0.136638
-0.135165
-0.133693
-0.132223
-0.130753
-0.129285
-0.127817
-0.126351
-0.124887
-0.123424
-0.121963
-0.120504
-0.119046
-0.117591
-0.116137
-0.114686
-0.113237
-0.11179
-0.110346
-0.108904
-0.107465
-0.106029
-0.104596
-0.103166
-0.101738
-0.100314
-0.0988936
-0.0974763
-0.0960624
-0.0946522
-0.0932456
-0.0918428
-0.090444
-0.0890491
-0.0876583
-0.0862717
-0.0848894
-0.0835116
-0.0821382
-0.0807694
-0.0794053
-0.078046
-0.0766916
-0.0753422
-0.0739979
-0.0726587
-0.0713249
-0.0699965
-0.0686735
-0.0673562
-0.0660445
-0.0647386
-0.0634386
-0.0621446
-0.0608566
-0.0595748
-0.0582993
-0.0570301
-0.0557674
-0.0545112
-0.0532617
-0.052019
-0.050783
-0.049554
-0.048332
-0.0471172
-0.0459095
-0.0447091
-0.0435161
-0.0423307
-0.0411527
-0.0399825
-0.03882
-0.0376653
-0.0365186
-0.0353799
-0.0342493
-0.0331269
-0.0320128
-0.0309071
-0.0298098
-0.0287211
-0.027641
-0.0265696
-0.025507
-0.0244533
-0.0234086
-0.0223729
-0.0213463
-0.020329
-0.019321
-0.0183223
-0.0173331
-0.0163534
-0.0153833
-0.0144229
-0.0134723
-0.0125316
-0.0116007
-0.0106799
-0.00976909
-0.00886846
-0.00797805
-0.00709794
-0.00622819
-0.00536887
-0.00452007
-0.00368184
-0.00285426
-0.00203739
-0.00123131
-0.000436083
0.000348227
0.00112155
0.00188383
0.00263499
0.00337497
0.00410371
0.00482115
0.00552722
0.00622186
0.00690503
0.00757664
0.00823666
0.00888501
0.00952165
0.0101465
0.0107595
0.0113607
0.0119499
0.0125271
0.0130923
0.0136454
0.0141864
0.0147152
0.0152317
0.0157359
0.0162278
0.0167074
0.0171745
0.0176291
0.0180712
0.0185008
0.0189178
0.0193221
0.0197138
0.0200928
0.020459
0.0208124
0.021153
0.0214807
0.0217956
0.0220975
0.0223865
0.0226625
0.0229254
0.0231754
0.0234122
0.0236359
0.0238466
0.024044
0.0242283
0.0243994
0.0245572
0.0247018
0.0248332
0.0249512
0.025056
0.0251474
0.0252255
0.0252903
0.0253416
0.0253796
0.0254042
0.0254154
0.0254132
0.0253976
0.0253685
0.025326
0.0252701
0.0252006
0.0251178
0.0250215
0.0249117
0.0247884
0.0246517
0.0245015
0.0243379
0.0241608
0.0239703
0.0237663
0.0235489
0.023318
0.0230738
0.0228161
0.022545
0.0222605
0.0219626
0.0216513
0.0213267
0.0209888
0.0206375
0.020273
0.0198951
0.019504
0.0190997
0.0186821
0.0182513
0.0178074
0.0173503
0.01688
0.0163967
0.0159003
0.0153909
0.0148685
0.014333
0.0137847
0.0132234
0.0126493
0.0120623
0.0114625
0.0108499
0.0102246
0.00958667
0.00893605
0.00827282
0.00759703
0.00690872
0.00620793
0.00549472
0.00476912
0.0040312
0.00328098
0.00251854
0.00174391
0.000957152
0.000158313
-0.000652547
-0.00147538
-0.00231012
-0.00315672
-0.00401511
-0.00488525
-0.00576706
-0.00666049
-0.00756547
-0.00848195
-0.00940985
-0.0103491
-0.0112997
-0.0122615
-0.0132344
-0.0142185
-0.0152136
-0.0162196
-0.0172365
-0.0182642
-0.0193027
-0.0203518
-0.0214115
-0.0224817
-0.0235623
-0.0246533
-0.0257546
-0.026866
-0.0279876
-0.0291192
-0.0302607
-0.0314122
-0.0325733
-0.0337442
-0.0349247
-0.0361148
-0.0373142
-0.038523
-0.0397411
-0.0409683
-0.0422046
-0.0434499
-0.044704
-0.045967
-0.0472386
-0.0485189
-0.0498077
-0.0511048
-0.0524103
-0.0537241
-0.0550459
-0.0563757
-0.0577135
-0.0590591
-0.0604123
-0.0617732
-0.0631416
-0.0645174
-0.0659005
-0.0672908
-0.0686881
-0.0700925
-0.0715037
-0.0729216
-0.0743462
-0.0757774
-0.0772149
-0.0786588
-0.0801089
-0.0815651
-0.0830272
-0.0844953
-0.085969
-0.0874484
-0.0889334
-0.0904237
-0.0919193
-0.0934201
-0.0949259
-0.0964367
-0.0979522
-0.0994725
-0.100997
-0.102527
-0.10406
-0.105598
-0.10714
-0.108686
-0.110236
-0.111789
-0.113346
-0.114907
-0.11647
-0.118038
-0.119608
-0.121181
-0.122757
-0.124335
-0.125917
-0.1275
-0.129086
-0.130675
-0.132265
-0.133857
-0.135451
-0.137047
-0.138645
-0.140243
-0.141843
-0.143444
-0.145047
-0.14665
-0.148254
-0.149858
-0.151463
-0.153069
-0.154674
-0.15628
-0.157886
-0.159491
-0.161097
-0.162702
-0.164306
-0.165909
-0.167512
-0.169114
-0.170715
-0.172314
-0.173912
-0.175509
-0.177104
-0.178697
-0.180288
-0.181878
-0.183465
-0.18505
-0.186632
-0.188212
-0.189789
-0.191363
-0.192934
-0.194502
-0.196067
-0.197629
-0.199187
-0.200741
-0.202291
-0.203838
-0.205381
-0.206919
-0.208453
-0.209983
-0.211508
-0.213028
-0.214543
-0.216054
-0.217559
-0.219059
-0.220554
-0.222043
-0.223527
-0.225004
-0.226476
-0.227942
-0.229402
-0.230855
-0.232302
-0.233742
-0.235176
-0.236603
-0.238023
-0.239436
-0.240841
-0.24224
-0.243631
-0.245014
-0.24639
-0.247757
-0.249117
-0.250469
-0.251812
-0.253148
-0.254474
-0.255793
-0.257102
-0.258403
-0.259694
-0.260977
-0.26225
-0.263515
-0.264769
-0.266015
-0.26725
-0.268476
-0.269692
-0.270898
-0.272093
-0.273279
-0.274454
-0.275619
-0.276773
-0.277916
-0.279049
-0.280171
-0.281281
-0.282381
-0.283469
-0.284546
-0.285612
-0.286666
-0.287708
-0.288739
-0.289757
-0.290764
-0.291759
-0.292741
-0.293711
-0.294669
-0.295614
-0.296547
-0.297467
-0.298374
-0.299268
-0.30015
-0.301018
-0.301873
-0.302715
-0.303544
-0.304359
-0.30516
-0.305948
-0.306723
-0.307483
-0.30823
-0.308963
-0.309681
-0.310386
-0.311076
-0.311752
-0.312414
-0.313061
-0.313694
-0.314312
-0.314916
-0.315504
-0.316078
-0.316637
-0.317181
-0.31771
-0.318224
-0.318723
-0.319206
-0.319675
-0.320127
-0.320565
-0.320987
-0.321393
-0.321784
-0.322159
-0.322518
-0.322861
-0.323189
-0.323501
-0.323796
-0.324076
-0.32434
-0.324587
-0.324819
-0.325034
-0.325233
-0.325415
-0.325582
-0.325731
-0.325865
-0.325982
-0.326082
-0.326166
-0.326233
-0.326284
-0.326318
-0.326335
-0.326336
-0.32632
-0.326287
-0.326237
-0.32617
-0.326087
-0.325987
-0.325869
-0.325735
-0.325584
-0.325416
-0.325231
-0.325029
-0.32481
-0.324574
-0.32432
-0.32405
-0.323763
-0.323458
-0.323137
-0.322798
-0.322442
-0.32207
-0.32168
-0.321273
-0.320849
-0.320408
-0.319949
-0.319474
-0.318981
-0.318472
-0.317945
-0.317402
-0.316841
-0.316263
-0.315668
-0.315057
-0.314428
-0.313782
-0.31312
-0.31244
-0.311743
-0.31103
-0.3103
-0.309553
-0.308789
-0.308008
-0.307211
-0.306397
-0.305566
-0.304719
-0.303854
-0.302974
-0.302077
-0.301163
-0.300233
-0.299286
-0.298324
-0.297344
-0.296349
-0.295337
-0.294309
-0.293265
-0.292205
-0.291129
-0.290037
-0.288929
-0.287805
-0.286666
-0.28551
-0.284339
-0.283153
-0.28195
-0.280733
-0.2795
-0.278251
-0.276987
-0.275708
-0.274414
-0.273105
-0.271781
-0.270442
-0.269088
-0.267719
-0.266336
-0.264938
-0.263525
-0.262098
-0.260657
-0.259202
-0.257732
-0.256248
-0.25475
-0.253238
-0.251713
-0.250174
-0.248621
-0.247054
-0.245474
-0.243881
-0.242274
-0.240655
-0.239022
-0.237376
-0.235718
-0.234047
-0.232363
-0.230666
-0.228957
-0.227236
-0.225503
-0.223757
-0.222
-0.220231
-0.21845
-0.216657
-0.214853
-0.213037
-0.211211
-0.209373
-0.207524
-0.205664
-0.203793
-0.201912
-0.20002
-0.198117
-0.196205
-0.194282
-0.192349
-0.190407
-0.188454
-0.186492
-0.18452
-0.182539
-0.180549
-0.17855
-0.176542
-0.174525
-0.172499
-0.170464
-0.168422
-0.166371
-0.164312
-0.162245
-0.16017
-0.158087
-0.155997
-0.153899
-0.151795
-0.149683
-0.147564
-0.145438
-0.143306
-0.141167
-0.139022
-0.136871
-0.134713
-0.13255
-0.130381
-0.128206
-0.126026
-0.123841
-0.121651
-0.119455
-0.117255
-0.11505
-0.112841
-0.110627
-0.10841
-0.106188
-0.103962
-0.101733
-0.0995003
-0.0972642
-0.0950249
-0.0927826
-0.0905375
-0.0882897
-0.0860394
-0.0837867
-0.0815319
-0.079275
-0.0770163
-0.0747559
-0.072494
-0.0702307
-0.0679663
-0.0657009
-0.0634347
-0.0611678
-0.0589004
-0.0566327
-0.0543648
-0.052097
-0.0498294
-0.0475621
-0.0452954
-0.0430294
-0.0407643
-0.0385002
-0.0362374
-0.033976
-0.0317162
-0.0294581
-0.027202
-0.024948
-0.0226963
-0.020447
-0.0182003
-0.0159565
-0.0137156
-0.0114779
-0.00924351
-0.00701263
-0.00478543
-0.00256209
-0.00034277
0.00187234
0.00408307
0.00628926
0.0084907
0.0106873
0.0128787
0.0150649
0.0172457
0.0194209
0.0215903
0.0237538
0.0259111
0.0280622
0.0302067
0.0323447
0.0344758
0.0365999
0.0387168
0.0408265
0.0429286
0.045023
0.0471096
0.0491882
0.0512585
0.0533206
0.055374
0.0574188
0.0594547
0.0614816
0.0634992
0.0655075
0.0675063
0.0694953
0.0714744
0.0734435
0.0754024
0.0773509
0.0792889
0.0812162
0.0831326
0.0850379
0.0869321
0.0888149
0.0906862
0.0925459
0.0943936
0.0962294
0.098053
0.0998644
0.101663
0.103449
0.105223
0.106983
0.108731
0.110465
0.112186
0.113893
0.115586
0.117266
0.118931
0.120583
0.12222
0.123843
0.125451
0.127044
0.128622
0.130186
0.131734
0.133267
0.134784
0.136286
0.137772
0.139242
0.140696
0.142134
0.143556
0.144961
0.14635
0.147722
0.149077
0.150415
0.151737
0.153041
0.154327
0.155596
0.156848
0.158082
0.159297
0.160495
0.161675
0.162837
0.16398
0.165105
0.166212
0.167299
0.168368
0.169418
0.170449
0.171461
0.172454
0.173427
0.174381
0.175315
0.17623
0.177125
0.178
0.178855
0.17969
0.180505
0.1813
0.182074
0.182828
0.183562
0.184275
0.184967
0.185638
0.186289
0.186918
0.187526
0.188114
0.18868
0.189225
0.189748
0.19025
0.190731
0.19119
0.191627
0.192043
0.192437
0.192809
0.193159
0.193487
0.193793
0.194077
0.194338
0.194578
0.194795
0.19499
0.195162
0.195312
0.19544
0.195545
0.195628
0.195687
0.195725
0.195739
0.195731
0.1957
0.195646
0.195569
0.195469
0.195347
0.195201
0.195033
0.194841
0.194626
0.194389
0.194128
0.193844
0.193537
0.193207
0.192854
0.192478
0.192078
0.191655
0.19121
0.19074
0.190248
0.189733
0.189194
0.188632
0.188047
0.187438
0.186807
0.186152
0.185474
0.184773
0.184049
0.183302
0.182531
0.181738
0.180921
0.180081
0.179219
0.178333
0.177424
0.176492
0.175538
0.17456
0.17356
0.172537
0.171491
0.170422
0.169331
0.168217
0.16708
0.165921
0.164739
0.163535
0.162308
0.161059
0.159787
0.158494
0.157178
0.15584
0.15448
0.153098
0.151694
0.150268
0.14882
0.147351
0.14586
0.144347
0.142813
0.141258
0.139681
0.138082
0.136463
0.134823
0.133161
0.131479
0.129775
0.128051
0.126307
0.124541
0.122756
0.12095
0.119123
0.117277
0.11541
0.113524
0.111617
0.109691
0.107746
0.10578
0.103796
0.101792
0.0997689
0.0977268
0.0956658
0.093586
0.0914875
0.0893705
0.087235
0.0850812
0.0829093
0.0807193
0.0785114
0.0762858
0.0740425
0.0717817
0.0695036
0.0672083
0.0648959
0.0625666
0.0602205
0.0578577
0.0554785
0.0530829
0.0506712
0.0482434
0.0457998
0.0433404
0.0408655
0.0383752
0.0358697
0.033349
0.0308135
0.0282632
0.0256983
0.023119
0.0205255
0.0179179
0.0152964
0.0126612
0.0100124
0.00735022
0.00467485
0.00198646
-0.000714768
-0.00342866
-0.00615503
-0.00889369
-0.0116445
-0.0144072
-0.0171816
-0.0199676
-0.0227649
-0.0255734
-0.0283929
-0.0312231
-0.0340639
-0.0369151
-0.0397765
-0.0426479
-0.0455291
-0.0484199
-0.05132
-0.0542294
-0.0571477
-0.0600748
-0.0630105
-0.0659545
-0.0689067
-0.0718669
-0.0748348
-0.0778101
-0.0807929
-0.0837827
-0.0867793
-0.0897827
-0.0927925
-0.0958086
-0.0988306
-0.101858
-0.104892
-0.107931
-0.110975
-0.114023
-0.117077
-0.120135
-0.123197
-0.126264
-0.129334
-0.132407
-0.135484
-0.138564
-0.141647
-0.144733
-0.147821
-0.150911
-0.154003
-0.157097
-0.160192
-0.163289
-0.166386
-0.169485
-0.172584
-0.175683
-0.178782
-0.181881
-0.18498
-0.188078
-0.191175
-0.194271
-0.197366
-0.200459
-0.203551
-0.20664
-0.209727
-0.212811
-0.215893
-0.218971
-0.222046
-0.225118
-0.228186
-0.23125
-0.234309
-0.237365
-0.240415
-0.24346
-0.2465
-0.249535
-0.252564
-0.255587
-0.258604
-0.261614
-0.264617
-0.267614
-0.270603
-0.273585
-0.276559
-0.279526
-0.282484
-0.285433
-0.288374
-0.291306
-0.294229
-0.297143
-0.300046
-0.30294
-0.305824
-0.308697
-0.31156
-0.314412
-0.317252
-0.320082
-0.322899
-0.325705
-0.328499
-0.33128
-0.334049
-0.336805
-0.339548
-0.342277
-0.344993
-0.347695
-0.350383
-0.353057
-0.355717
-0.358361
-0.360991
-0.363605
-0.366204
-0.368787
-0.371354
-0.373905
-0.376439
-0.378957
-0.381458
-0.383942
-0.386408
-0.388857
-0.391288
-0.393701
-0.396096
-0.398472
-0.400829
-0.403167
-0.405487
-0.407786
-0.410066
-0.412327
-0.414567
-0.416786
-0.418985
-0.421164
-0.423321
-0.425457
-0.427572
-0.429665
-0.431736
-0.433785
-0.435812
-0.437816
-0.439798
-0.441756
-0.443691
-0.445603
-0.447492
-0.449356
-0.451197
-0.453013
-0.454805
-0.456573
-0.458315
-0.460033
-0.461725
-0.463392
-0.465033
-0.466648
-0.468238
-0.469801
-0.471338
-0.472848
-0.474331
-0.475787
-0.477217
-0.478619
-0.479993
-0.48134
-0.482658
-0.483949
-0.485212
-0.486446
-0.487651
-0.488828
-0.489975
-0.491094
-0.492183
-0.493243
-0.494273
-0.495273
-0.496243
-0.497183
-0.498093
-0.498973
-0.499821
-0.500639
-0.501426
-0.502183
-0.502907
-0.503601
-0.504263
-0.504893
-0.505491
-0.506058
-0.506592
-0.507094
-0.507563
-0.508001
-0.508405
-0.508777
-0.509116
-0.509421
-0.509694
-0.509933
-0.510139
-0.510311
-0.51045
-0.510555
-0.510625
-0.510662
-0.510665
-0.510634
-0.510568
-0.510467
-0.510332
-0.510163
-0.509959
-0.509719
-0.509445
-0.509136
-0.508792
-0.508412
-0.507997
-0.507547
-0.507061
-0.506539
-0.505982
-0.505389
-0.504761
-0.504096
-0.503395
-0.502659
-0.501886
-0.501077
-0.500232
-0.49935
-0.498432
-0.497478
-0.496487
-0.49546
-0.494396
-0.493295
-0.492158
-0.490984
-0.489773
-0.488525
-0.487241
-0.485919
-0.484561
-0.483166
-0.481733
-0.480264
-0.478758
-0.477214
-0.475633
-0.474016
-0.472361
-0.470669
-0.46894
-0.467173
-0.46537
-0.463529
-0.461651
-0.459736
-0.457783
-0.455793
-0.453767
-0.451703
-0.449601
-0.447463
-0.445288
-0.443075
-0.440825
-0.438538
-0.436214
-0.433853
-0.431455
-0.42902
-0.426548
-0.424039
-0.421493
-0.41891
-0.416291
-0.413634
-0.410941
-0.408211
-0.405445
-0.402642
-0.399802
-0.396926
-0.394014
-0.391065
-0.38808
-0.385058
-0.382001
-0.378907
-0.375777
-0.372611
-0.36941
-0.366173
-0.362899
-0.359591
-0.356246
-0.352867
-0.349452
-0.346001
-0.342516
-0.338995
-0.335439
-0.331849
-0.328223
-0.324563
-0.320868
-0.317139
-0.313376
-0.309578
-0.305746
-0.30188
-0.29798
-0.294047
-0.290079
-0.286079
-0.282044
-0.277977
-0.273876
-0.269743
-0.265576
-0.261377
-0.257145
-0.252881
-0.248584
-0.244256
-0.239895
-0.235502
-0.231078
-0.226622
-0.222135
-0.217617
-0.213067
-0.208487
-0.203876
-0.199234
-0.194562
-0.18986
-0.185127
-0.180365
-0.175573
-0.170752
-0.165901
-0.161021
-0.156112
-0.151174
-0.146208
-0.141213
-0.13619
-0.131139
-0.126061
-0.120954
-0.11582
-0.110659
-0.105471
-0.100256
-0.0950146
-0.0897466
-0.0844525
-0.0791324
-0.0737865
-0.0684151
-0.0630183
-0.0575965
-0.0521497
-0.0466783
-0.0411825
-0.0356624
-0.0301183
-0.0245505
-0.0189591
-0.0133445
-0.00770678
-0.00204624
0.00363689
0.00934236
0.0150699
0.0208194
0.0265905
0.0323829
0.0381965
0.044031
0.0498861
0.0557616
0.0616572
0.0675727
0.0735078
0.0794623
0.0854359
0.0914284
0.0974394
0.103469
0.109516
0.115581
0.121664
0.127764
0.133881
0.140015
0.146165
0.152331
0.158514
0.164712
0.170925
0.177153
0.183397
0.189654
0.195926
0.202212
0.208512
0.214825
0.221151
0.22749
0.233841
0.240205
0.24658
0.252968
0.259367
0.265776
0.272197
0.278628
0.285069
0.291521
0.297982
0.304452
0.310931
0.317419
0.323915
0.33042
0.336932
0.343452
0.349979
0.356513
0.363054
0.369601
0.376154
0.382713
0.389277
0.395846
0.40242
0.408999
0.415581
0.422168
0.428758
0.435351
0.441947
0.448546
0.455147
0.461751
0.468356
0.474962
0.481569
0.488177
0.494786
0.501394
0.508003
0.514611
0.521218
0.527824
0.534429
0.541031
0.547632
0.554231
0.560826
0.567419
0.574008
0.580594
0.587176
0.593753
0.600326
0.606894
0.613457
0.620014
0.626565
0.63311
0.639649
0.646181
0.652706
0.659223
0.665732
0.672234
0.678727
0.685212
0.691687
0.698153
0.70461
0.711056
0.717493
0.723918
0.730333
0.736737
0.743129
0.74951
0.755878
0.762234
0.768577
0.774907
0.781224
0.787527
0.793816
0.800091
0.806351
0.812596
0.818826
0.825041
0.83124
0.837423
0.843589
0.849739
0.855871
0.861986
0.868084
0.874164
0.880226
0.886269
0.892293
0.898298
0.904284
0.91025
0.916196
0.922122
0.928028
0.933912
0.939775
0.945617
0.951438
0.957236
0.963012
0.968765
0.974496
0.980203
0.985887
0.991548
0.997184
1.0028
1.00838
1.01395
1.01948
1.025
1.03048
1.03594
1.04138
1.04679
1.05217
1.05752
1.06285
1.06815
1.07342
1.07867
1.08388
1.08907
1.09423
1.09936
1.10446
1.10953
1.11457
1.11958
1.12457
1.12952
1.13444
1.13932
1.14418
1.14901
1.1538
1.15856
1.1633
1.16799
1.17266
1.17729
1.18189
1.18646
1.19099
1.19549
1.19995
1.20438
1.20878
1.21314
1.21747
1.22176
1.22601
1.23023
1.23442
1.23857
1.24268
1.24676
1.2508
1.2548
1.25877
1.2627
1.26659
1.27045
1.27426
1.27804
1.28179
1.28549
1.28915
1.29278
1.29637
1.29992
1.30343
1.3069
1.31033
1.31372
1.31707
1.32039
1.32366
1.32689
1.33008
1.33323
1.33634
1.33941
1.34244
1.34543
1.34838
1.35128
1.35414
1.35697
1.35975
1.36248
1.36518
1.36784
1.37045
1.37302
1.37554
1.37803
1.38047
1.38287
1.38522
1.38754
1.38981
1.39203
1.39421
1.39635
1.39845
1.4005
1.40251
1.40447
1.40639
1.40827
1.4101
1.41189
1.41364
1.41533
1.41699
1.4186
1.42017
1.42169
1.42316
1.4246
1.42598
1.42733
1.42862
1.42988
1.43108
1.43224
1.43336
1.43443
1.43546
1.43644
1.43738
1.43827
1.43912
1.43992
1.44067
1.44138
1.44204
1.44266
1.44324
1.44376
1.44425
1.44468
1.44507
1.44542
1.44572
1.44597
1.44618
1.44635
1.44646
1.44654
1.44656
1.44654
1.44648
1.44637
1.44622
1.44602
1.44577
1.44548
1.44514
1.44476
1.44434
1.44387
1.44335
1.44279
1.44218
1.44153
1.44083
1.44009
1.4393
1.43847
1.43759
1.43667
1.43571
1.4347
1.43364
1.43254
1.4314
1.43021
1.42898
1.42771
1.42639
1.42502
1.42361
1.42216
1.42067
1.41913
1.41755
1.41592
1.41425
1.41254
1.41079
1.40899
1.40715
1.40527
1.40334
1.40137
1.39936
1.39731
1.39521
1.39307
1.3909
1.38867
1.38641
1.38411
1.38176
1.37938
1.37695
1.37448
1.37197
1.36942
1.36683
1.3642
1.36153
1.35882
1.35607
1.35328
1.35045
1.34758
1.34467
1.34172
1.33873
1.33571
1.33264
1.32954
1.3264
1.32322
1.32
1.31675
1.31346
1.31013
1.30676
1.30336
1.29992
1.29644
1.29293
1.28938
1.28579
1.28217
1.27852
1.27483
1.2711
1.26734
1.26354
1.25971
1.25584
1.25194
1.24801
1.24404
1.24004
1.23601
1.23194
1.22784
1.22371
1.21955
1.21535
1.21112
1.20686
1.20257
1.19825
1.19389
1.18951
1.18509
1.18065
1.17617
1.17167
1.16713
1.16257
1.15798
1.15335
1.1487
1.14402
1.13932
1.13458
1.12982
1.12503
1.12022
1.11537
1.1105
1.10561
1.10069
1.09574
1.09077
1.08577
1.08074
1.0757
1.07062
1.06553
1.06041
1.05526
1.0501
1.04491
1.03969
1.03446
1.0292
1.02392
1.01862
1.0133
1.00795
1.00259
0.997201
0.991795
0.986369
0.980923
0.975458
0.969974
0.964471
0.95895
0.95341
0.947852
0.942276
0.936683
0.931072
0.925445
0.919801
0.914141
0.908465
0.902773
0.897066
0.891343
0.885606
0.879854
0.874088
0.868308
0.862514
0.856707
0.850887
0.845054
0.839209
0.833351
0.827481
0.8216
0.815708
0.809804
0.80389
0.797965
0.792031
0.786086
0.780132
0.774169
0.768196
0.762216
0.756226
0.750229
0.744224
0.738211
0.732192
0.726165
0.720132
0.714093
0.708048
0.701997
0.695941
0.689879
0.683813
0.677743
0.671668
0.66559
0.659507
0.653422
0.647333
0.641242
0.635149
0.629053
0.622956
0.616857
0.610757
0.604656
0.598554
0.592452
0.58635
0.580248
0.574147
0.568046
0.561947
0.555849
0.549753
0.543659
0.537567
0.531477
0.525391
0.519307
0.513228
0.507151
0.501079
0.495011
0.488948
0.482889
0.476836
0.470788
0.464746
0.45871
0.45268
0.446656
0.44064
0.43463
0.428628
0.422633
0.416647
0.410668
0.404698
0.398737
0.392785
0.386842
0.380909
0.374985
0.369072
0.363168
0.357276
0.351394
0.345524
0.339665
0.333817
0.327982
0.322158
0.316347
0.310549
0.304764
0.298992
0.293233
0.287488
0.281757
0.276041
0.270338
0.264651
0.258978
0.253321
0.247679
0.242053
0.236442
0.230848
0.22527
0.219709
0.214164
0.208637
0.203127
0.197635
0.19216
0.186704
0.181266
0.175846
0.170445
0.165062
0.159699
0.154356
0.149032
0.143727
0.138443
0.133179
0.127935
0.122712
0.11751
0.112329
0.107169
0.102031
0.096914
0.0918192
0.0867465
0.081696
0.076668
0.0716626
0.0666801
0.0617206
0.0567844
0.0518716
0.0469824
0.042117
0.0372755
0.0324582
0.0276653
0.0228968
0.018153
0.0134341
0.00874026
0.00407159
-0.000571721
-0.00518949
-0.00978157
-0.0143478
-0.018888
-0.023402
-0.0278896
-0.0323508
-0.0367853
-0.041193
-0.0455737
-0.0499274
-0.0542538
-0.0585528
-0.0628243
-0.0670681
-0.0712841
-0.0754721
-0.079632
-0.0837637
-0.0878671
-0.091942
-0.0959882
-0.100006
-0.103994
-0.107954
-0.111885
-0.115786
-0.119658
-0.123501
-0.127314
-0.131097
-0.134851
-0.138574
-0.142268
-0.145932
-0.149565
-0.153168
-0.156741
-0.160283
-0.163795
-0.167276
-0.170726
-0.174145
-0.177534
-0.180891
-0.184218
-0.187513
-0.190777
-0.19401
-0.197211
-0.200381
-0.203519
-0.206626
-0.209701
