-0.0154351
-0.0152803
11.8624
0.404417
0.39441
0.38413
0.373585
0.362783
0.351734
0.340446
0.328927
0.317188
0.305237
0.293083
0.280737
0.268207
0.255503
0.242635
0.229613
0.216447
0.203147
0.189723
0.176184
0.162543
0.148807
0.134989
0.121098
0.107145
0.0931398
0.079093
0.0650151
0.0509164
0.0368074
0.0226985
0.00859985
-0.00547809
-0.0195251
-0.0335309
-0.0474854
-0.0613785
-0.0752
-0.0889402
-0.102589
-0.116137
-0.129574
-0.142891
-0.156077
-0.169125
-0.182024
-0.194766
-0.207342
-0.219742
-0.231958
-0.243982
-0.255804
-0.267418
-0.278815
-0.289987
-0.300927
-0.311626
-0.322079
-0.332277
-0.342213
-0.351882
-0.361277
-0.37039
-0.379218
-0.387752
-0.395989
-0.403922
-0.411547
-0.418858
-0.425852
-0.432523
-0.438867
-0.44488
-0.45056
-0.455902
-0.460903
-0.46556
-0.469871
-0.473834
-0.477445
-0.480704
-0.483608
-0.486157
-0.488348
-0.490183
-0.491658
-0.492776
-0.493535
-0.493935
-0.493978
-0.493663
-0.492992
-0.491967
-0.490588
-0.488857
-0.486776
-0.484348
-0.481575
-0.47846
-0.475006
-0.471216
-0.467093
-0.462641
-0.457865
-0.452768
-0.447354
-0.441629
-0.435597
-0.429262
-0.422631
-0.415709
-0.408501
-0.401014
-0.393253
-0.385224
-0.376934
-0.368389
-0.359596
-0.350563
-0.341295
-0.331801
-0.322088
-0.312163
-0.302033
-0.291707
-0.281193
-0.270498
-0.259631
-0.2486
-0.237413
-0.226079
-0.214606
-0.203003
-0.191279
-0.179442
-0.167501
-0.155465
-0.143343
-0.131143
-0.118876
-0.10655
-0.094174
-0.0817571
-0.0693084
-0.056837
-0.0443522
-0.0318628
-0.0193781
-0.00690708
0.00554125
0.0179579
0.0303339
0.0426603
0.0549284
0.0671293
0.0792543
0.0912947
0.103242
0.115088
0.126823
0.138441
0.149932
0.161288
0.172502
0.183565
0.19447
0.20521
0.215776
0.226162
0.23636
0.246363
0.256165
0.265758
0.275137
0.284294
0.293224
0.30192
0.310377
0.318589
0.32655
0.334256
0.341701
0.34888
0.355789
0.362423
0.368778
0.374849
0.380634
0.386128
0.391327
0.39623
0.400832
0.405131
0.409125
0.412811
0.416186
0.419251
0.422001
0.424437
0.426558
0.428361
0.429847
0.431015
0.431865
0.432397
0.432611
0.432507
0.432087
0.431351
0.4303
0.428936
0.427261
0.425276
0.422983
0.420384
0.417483
0.414281
0.410782
0.406989
0.402905
0.398533
0.393878
0.388944
0.383734
0.378252
0.372505
0.366495
0.360228
0.353709
0.346944
0.339937
0.332694
0.325222
0.317525
0.309611
0.301484
0.293152
0.284621
0.275898
0.266989
0.257901
0.248641
0.239217
0.229635
0.219902
0.210027
0.200017
0.189879
0.17962
0.169249
0.158774
0.148202
0.137541
0.126799
0.115984
0.105105
0.0941683
0.0831834
0.0721579
0.0611001
0.0500181
0.0389201
0.0278142
0.0167085
0.00561127
-0.00546948
-0.0165256
-0.0275491
-0.038532
-0.0494661
-0.0603437
-0.0711569
-0.0818978
-0.0925587
-0.103132
-0.11361
-0.123985
-0.13425
-0.144397
-0.15442
-0.164311
-0.174062
-0.183668
-0.193121
-0.202415
-0.211543
-0.220499
-0.229276
-0.237868
-0.24627
-0.254475
-0.262478
-0.270273
-0.277855
-0.285219
-0.292359
-0.299271
-0.30595
-0.312392
-0.318592
-0.324545
-0.330249
-0.335699
-0.340892
-0.345824
-0.350492
-0.354893
-0.359025
-0.362884
-0.366468
-0.369776
-0.372805
-0.375552
-0.378018
-0.3802
-0.382098
-0.383709
-0.385034
-0.386072
-0.386823
-0.387286
-0.387462
-0.387352
-0.386954
-0.386271
-0.385303
-0.384052
-0.382518
-0.380703
-0.378609
-0.376239
-0.373593
-0.370676
-0.367488
-0.364033
-0.360313
-0.356333
-0.352095
-0.347602
-0.342859
-0.337869
-0.332636
-0.327165
-0.32146
-0.315525
-0.309365
-0.302985
-0.296391
-0.289586
-0.282577
-0.275368
-0.267966
-0.260377
-0.252605
-0.244658
-0.236541
-0.22826
-0.219822
-0.211233
-0.2025
-0.193629
-0.184628
-0.175502
-0.166259
-0.156906
-0.14745
-0.137897
-0.128256
-0.118533
-0.108736
-0.0988721
-0.0889484
-0.0789725
-0.0689518
-0.0588938
-0.048806
-0.0386958
-0.0285709
-0.0184386
-0.00830645
0.001818
0.0119273
0.022014
0.0320706
0.0420898
0.0520642
0.0619864
0.0718492
0.0816454
0.0913677
0.101009
0.110562
0.120021
0.129377
0.138625
0.147757
0.156768
0.16565
0.174396
0.183001
0.191459
0.199763
0.207907
0.215886
0.223693
0.231323
0.238771
0.246031
0.253098
0.259967
0.266633
0.273091
0.279337
0.285367
0.291175
0.296758
0.302112
0.307233
0.312117
0.316762
0.321163
0.325318
0.329224
0.332879
0.336279
0.339422
0.342306
0.34493
0.347291
0.349388
0.35122
0.352785
0.354082
0.355111
0.355871
0.356361
0.356582
0.356533
0.356215
0.355627
0.354772
0.353648
0.352258
0.350602
0.348682
0.346499
0.344056
0.341353
0.338394
0.335179
0.331713
0.327997
0.324035
0.319829
0.315382
0.310698
0.305781
0.300634
0.295261
0.289666
0.283853
0.277827
0.271591
0.265152
0.258512
0.251678
0.244655
0.237447
0.23006
0.222499
0.21477
0.206879
0.198831
0.190632
0.182289
0.173807
0.165193
0.156453
0.147593
0.13862
0.12954
0.120361
0.111088
0.101728
0.0922891
0.0827769
0.0731988
0.0635617
0.0538726
0.0441385
0.0343665
0.0245636
0.014737
0.00489382
-0.00495889
-0.014814
-0.0246643
-0.0345028
-0.0443223
-0.0541157
-0.063876
-0.0735962
-0.0832693
-0.0928882
-0.102446
-0.111936
-0.121351
-0.130685
-0.139931
-0.149081
-0.15813
-0.167072
-0.175899
-0.184605
-0.193185
-0.201632
-0.209939
-0.218102
-0.226114
-0.233969
-0.241662
-0.249188
-0.25654
-0.263715
-0.270706
-0.277508
-0.284118
-0.29053
-0.296739
-0.302742
-0.308533
-0.31411
-0.319467
-0.324602
-0.32951
-0.334188
-0.338633
-0.342841
-0.34681
-0.350537
-0.354019
-0.357254
-0.360239
-0.362973
-0.365454
-0.367679
-0.369648
-0.371358
-0.37281
-0.374001
-0.374931
-0.3756
-0.376006
-0.376151
-0.376032
-0.375652
-0.37501
-0.374107
-0.372942
-0.371518
-0.369836
-0.367895
-0.365699
-0.363248
-0.360545
-0.357591
-0.354388
-0.350939
-0.347246
-0.343313
-0.33914
-0.334733
-0.330094
-0.325225
-0.320132
-0.314817
-0.309284
-0.303537
-0.29758
-0.291418
-0.285055
-0.278495
-0.271743
-0.264805
-0.257684
-0.250385
-0.242915
-0.235279
-0.227481
-0.219527
-0.211423
-0.203175
-0.194789
-0.18627
-0.177624
-0.168858
-0.159978
-0.15099
-0.1419
-0.132715
-0.123442
-0.114086
-0.104654
-0.095154
-0.0855913
-0.075973
-0.066306
-0.0565969
-0.0468526
-0.03708
-0.0272858
-0.017477
-0.00766038
0.00215714
0.0119687
0.0217675
0.0315466
0.0412992
0.0510186
0.0606978
0.0703303
0.0799093
0.0894281
0.0988801
0.108259
0.117557
0.12677
0.13589
0.14491
0.153826
0.162629
0.171316
0.179879
0.188312
0.19661
0.204768
0.212778
0.220637
0.228338
0.235877
0.243247
0.250445
0.257465
0.264302
0.270952
0.277411
0.283673
0.289734
0.295592
0.301241
0.306677
0.311898
0.3169
0.321679
0.326232
0.330556
0.334648
0.338507
0.342128
0.34551
0.348651
0.351548
0.354201
0.356606
0.358763
0.360671
0.362328
0.363733
0.364886
0.365785
0.366432
0.366824
0.366963
0.366849
0.366481
0.365861
0.364988
0.363864
0.362491
0.360868
0.358997
0.356881
0.35452
0.351917
0.349073
0.345992
0.342674
0.339124
0.335343
0.331335
0.327102
0.322649
0.317977
0.313091
0.307995
0.302692
0.297186
0.291481
0.285582
0.279493
0.273218
0.266762
0.26013
0.253327
0.246358
0.239228
0.231942
0.224505
0.216923
0.209202
0.201347
0.193364
0.185259
0.177037
0.168705
0.160269
0.151735
0.143108
0.134396
0.125605
0.116741
0.10781
0.0988196
0.0897754
0.0806843
0.0715528
0.0623875
0.0531951
0.0439823
0.0347556
0.0255218
0.0162874
0.0070593
-0.002156
-0.0113518
-0.0205215
-0.0296585
-0.0387561
-0.0478079
-0.0568073
-0.0657478
-0.0746231
-0.0834266
-0.0921521
-0.100793
-0.109344
-0.117798
-0.126149
-0.134392
-0.14252
-0.150527
-0.158409
-0.166158
-0.17377
-0.181239
-0.188559
-0.195727
-0.202735
-0.20958
-0.216256
-0.222759
-0.229083
-0.235225
-0.24118
-0.246944
-0.252513
-0.257882
-0.263047
-0.268006
-0.272755
-0.277289
-0.281607
-0.285704
-0.289578
-0.293226
-0.296646
-0.299835
-0.30279
-0.30551
-0.307993
-0.310237
-0.31224
-0.314001
-0.315519
-0.316792
-0.31782
-0.318602
-0.319137
-0.319426
-0.319467
-0.319261
-0.318808
-0.318109
-0.317163
-0.315972
-0.314537
-0.312857
-0.310936
-0.308774
-0.306373
-0.303734
-0.300859
-0.297751
-0.294412
-0.290844
-0.28705
-0.283033
-0.278795
-0.27434
-0.26967
-0.26479
-0.259703
-0.254412
-0.248922
-0.243237
-0.23736
-0.231296
-0.225049
-0.218624
-0.212026
-0.20526
-0.19833
-0.191242
-0.184001
-0.176612
-0.169081
-0.161412
-0.153613
-0.145689
-0.137644
-0.129487
-0.121222
-0.112856
-0.104394
-0.0958443
-0.0872118
-0.0785035
-0.0697257
-0.0608851
-0.0519884
-0.0430422
-0.0340533
-0.0250284
-0.0159744
-0.00689816
0.00219346
0.0112935
0.0203951
0.0294912
0.0385748
0.0476391
0.056677
0.0656814
0.0746456
0.0835624
0.0924249
0.101226
0.109959
0.118618
0.127194
0.135682
0.144074
0.152364
0.160546
0.168612
0.176556
0.184371
0.192052
0.199591
0.206983
0.214221
0.2213
0.228212
0.234953
0.241516
0.247896
0.254087
0.260084
0.26588
0.271472
0.276853
0.282019
0.286964
0.291685
0.296175
0.300432
0.304449
0.308224
0.311751
0.315028
0.318049
0.320813
0.323314
0.325549
0.327517
0.329212
0.330633
0.331777
0.33264
0.333222
0.333519
0.33353
0.333253
0.332685
0.331826
0.330674
0.329228
0.327487
0.32545
0.323116
0.320485
0.317557
0.314331
0.310808
0.306988
0.302871
0.298458
0.293749
0.288746
0.283449
0.277861
0.271981
0.265813
0.259358
0.252618
0.245594
0.23829
0.230708
0.22285
0.21472
0.20632
0.197653
0.188723
0.179533
0.170087
0.160389
0.150442
0.140251
0.12982
0.119152
0.108253
0.0971276
0.0857799
0.0742151
0.0624381
0.0504541
0.0382683
0.0258862
0.0133131
0.000554767
-0.0123832
-0.025495
-0.0387746
-0.0522162
-0.0658135
-0.0795605
-0.0934507
-0.107478
-0.121636
-0.135918
-0.150317
-0.164827
-0.179442
-0.194154
-0.208956
-0.223842
-0.238805
-0.253838
-0.268934
-0.284085
-0.299286
-0.314528
-0.329805
-0.34511
-0.360435
-0.375774
-0.391119
-0.406463
-0.421799
-0.437121
-0.45242
-0.46769
-0.482923
-0.498114
-0.513254
-0.528337
-0.543356
-0.558304
-0.573174
-0.58796
-0.602655
-0.617251
-0.631743
-0.646124
-0.660388
-0.674527
-0.688536
-0.702409
-0.71614
-0.729722
-0.743149
-0.756415
-0.769516
-0.782444
-0.795195
-0.807763
-0.820143
-0.832329
-0.844316
-0.856099
-0.867674
-0.879036
-0.890179
-0.9011
-0.911794
-0.922257
-0.932484
-0.942472
-0.952216
-0.961714
-0.970961
-0.979955
-0.988691
-0.997166
-1.00538
-1.01332
-1.021
-1.02841
-1.03554
-1.04239
-1.04897
-1.05527
-1.06128
-1.06701
-1.07246
-1.07762
-1.08249
-1.08708
-1.09137
-1.09537
-1.09908
-1.10251
-1.10564
-1.10847
-1.11102
-1.11328
-1.11524
-1.11691
-1.1183
-1.11939
-1.1202
-1.12072
-1.12095
-1.1209
-1.12056
-1.11995
-1.11905
-1.11788
-1.11643
-1.1147
-1.11271
-1.11045
-1.10792
-1.10512
-1.10207
-1.09876
-1.09519
-1.09137
-1.08731
-1.08299
-1.07844
-1.07364
-1.06862
-1.06336
-1.05787
-1.05216
-1.04624
-1.04009
-1.03374
-1.02718
-1.02041
-1.01345
-1.0063
-0.998955
-0.991427
-0.983719
-0.975836
-0.967783
-0.959564
-0.951184
-0.942649
-0.933963
-0.92513
-0.916157
-0.907047
-0.897807
-0.88844
-0.878953
-0.869349
-0.859635
-0.849816
-0.839895
-0.82988
-0.819773
-0.809582
-0.79931
-0.788963
-0.778546
-0.768064
-0.757521
-0.746924
-0.736276
-0.725583
-0.714849
-0.70408
-0.69328
-0.682453
-0.671606
-0.660742
-0.649865
-0.638981
-0.628094
-0.617208
-0.606327
-0.595457
-0.584601
-0.573763
-0.562947
-0.552158
-0.5414
-0.530675
-0.519988
-0.509344
-0.498744
-0.488193
-0.477694
-0.467251
-0.456866
-0.446544
-0.436286
-0.426096
-0.415977
-0.405932
-0.395963
-0.386073
-0.376263
-0.366538
-0.356898
-0.347346
-0.337885
-0.328515
-0.31924
-0.310059
-0.300976
-0.291992
-0.283108
-0.274325
-0.265645
-0.257069
-0.248597
-0.240232
-0.231972
-0.22382
-0.215775
-0.207838
-0.20001
-0.19229
-0.18468
-0.177178
-0.169785
-0.162501
-0.155325
-0.148258
-0.141298
-0.134446
-0.1277
-0.12106
-0.114525
-0.108094
-0.101766
-0.0955406
-0.0894161
-0.0833914
-0.0774652
-0.071636
-0.0659024
-0.060263
-0.054716
-0.0492598
-0.0438926
-0.0386128
-0.0334183
-0.0283072
-0.0232776
-0.0183274
-0.0134546
-0.00865684
-0.00393207
0.000721991
0.00530765
0.00982723
0.0142831
0.0186777
0.0230134
0.0272928
0.0315183
0.0356925
0.0398179
0.0438971
0.0479327
0.0519274
0.0558836
0.0598041
0.0636916
0.0675486
0.0713778
0.0751819
0.0789635
0.0827252
0.0864697
0.0901997
0.0939177
0.0976264
0.101328
0.105026
0.108722
0.112419
0.116119
0.119825
0.123539
0.127263
0.131001
0.134754
0.138524
0.142315
0.146127
0.149963
0.153825
0.157716
0.161637
0.16559
0.169577
0.1736
0.17766
0.18176
0.185901
0.190084
0.194311
0.198583
0.202903
0.20727
0.211686
0.216154
0.220672
0.225243
0.229867
0.234546
0.23928
0.244069
0.248915
0.253818
0.258778
0.263795
0.268871
0.274004
0.279196
0.284447
0.289755
0.295122
0.300547
0.306029
0.311569
0.317165
0.322818
0.328526
0.334289
0.340106
0.345977
0.3519
0.357874
0.363899
0.369973
0.376094
0.382262
0.388474
0.394731
0.401029
0.407368
0.413745
0.420159
0.426608
0.43309
0.439604
0.446146
0.452716
0.45931
0.465927
0.472564
0.479219
0.48589
0.492574
0.499268
0.505971
0.512679
0.51939
0.526101
0.53281
0.539513
0.546208
0.552892
0.559563
0.566216
0.57285
0.579462
0.586048
0.592605
0.599131
0.605622
0.612075
0.618488
0.624856
0.631178
0.63745
0.643669
0.649832
0.655935
0.661976
0.667952
0.673859
0.679694
0.685455
0.691138
0.696741
0.70226
0.707692
0.713035
0.718285
0.72344
0.728496
0.733452
0.738303
0.743048
0.747684
0.752208
0.756617
0.760908
0.765081
0.76913
0.773056
0.776854
0.780523
0.78406
0.787464
0.790731
0.793861
0.796851
0.799698
0.802402
0.804961
0.807372
0.809634
0.811745
0.813704
0.81551
0.817161
0.818655
0.819992
0.821171
0.82219
0.823049
0.823746
0.824281
0.824653
0.824862
0.824907
0.824787
0.824503
0.824053
0.823439
0.822658
0.821713
0.820602
0.819326
0.817886
0.816281
0.814511
0.812579
0.810483
0.808225
0.805806
0.803227
0.800488
0.79759
0.794535
0.791324
0.787958
0.784439
0.780768
0.776946
0.772976
0.768859
0.764597
0.760191
0.755644
0.750958
0.746134
0.741176
0.736084
0.730862
0.725513
0.720037
0.714439
0.70872
0.702883
0.696931
0.690867
0.684693
0.678412
0.672028
0.665544
0.658961
0.652284
0.645516
0.638659
0.631717
0.624694
0.617592
0.610415
0.603166
0.595849
0.588467
0.581023
0.573522
0.565965
0.558358
0.550704
0.543006
0.535267
0.527492
0.519684
0.511846
0.503982
0.496096
0.488191
0.480271
0.47234
0.4644
0.456457
0.448512
0.440571
0.432635
0.42471
0.416798
0.408902
0.401027
0.393176
0.385352
0.377558
0.369798
0.362075
0.354393
0.346754
0.339161
0.331619
0.324129
0.316696
0.309321
0.302009
0.294761
0.28758
0.28047
0.273434
0.266472
0.25959
0.252788
0.246069
0.239436
0.232892
0.226437
0.220075
0.213808
0.207637
0.201565
0.195594
0.189725
0.18396
0.178301
0.17275
0.167307
0.161975
0.156755
0.151647
0.146654
0.141776
0.137015
0.13237
0.127844
0.123437
0.11915
0.114983
0.110937
0.107011
0.103208
0.0995264
0.0959669
0.0925296
0.0892144
0.0860215
0.0829505
0.0800014
0.0771737
0.0744672
0.0718813
0.0694155
0.0670691
0.0648415
0.0627319
0.0607395
0.0588632
0.057102
0.055455
0.0539209
0.0524985
0.0511865
0.0499836
0.0488882
0.047899
0.0470142
0.0462324
0.0455517
0.0449705
0.0444868
0.0440989
0.0438048
0.0436025
0.0434899
0.043465
0.0435257
0.0436697
0.0438947
0.0441986
0.044579
0.0450334
0.0455596
0.046155
0.0468172
0.0475437
0.0483319
0.0491793
0.0500832
0.0510411
0.0520502
0.053108
0.0542117
0.0553586
0.056546
0.0577711
0.0590313
0.0603238
0.0616458
0.0629946
0.0643673
0.0657613
0.0671737
0.0686019
0.070043
0.0714943
0.0729531
0.0744167
0.0758823
0.0773473
0.078809
0.0802647
0.0817118
0.0831477
0.0845699
0.0859758
0.0873628
0.0887284
0.0900703
0.091386
0.0926731
0.0939292
0.0951522
0.0963396
0.0974893
0.0985992
0.099667
0.100691
0.101668
0.102598
0.103478
0.104305
0.105079
0.105798
0.10646
0.107062
0.107605
0.108085
0.108503
0.108855
0.109142
0.109361
0.109512
0.109594
0.109604
0.109543
0.10941
0.109203
0.108922
0.108566
0.108135
0.107627
0.107043
0.106382
0.105644
0.104828
0.103934
0.102963
0.101913
0.100785
0.0995797
0.0982965
0.0969358
0.0954979
0.0939832
0.0923922
0.0907253
0.0889832
0.0871666
0.0852761
0.0833125
0.0812768
0.0791699
0.0769927
0.0747463
0.0724319
0.0700507
0.0676039
0.0650928
0.0625189
0.0598836
0.0571883
0.0544347
0.0516243
0.0487588
0.04584
0.0428697
0.0398495
0.0367816
0.0336676
0.0305098
0.0273099
0.0240702
0.0207928
0.0174796
0.0141331
0.0107553
0.0073486
0.0039152
0.000457444
-0.0030223
-0.00652166
-0.0100382
-0.0135695
-0.0171132
-0.0206666
-0.0242274
-0.027793
-0.0313609
-0.0349286
-0.0384934
-0.0420528
-0.0456043
-0.0491452
-0.052673
-0.0561851
-0.0596789
-0.0631518
-0.0666012
-0.0700246
-0.0734194
-0.076783
-0.0801128
-0.0834064
-0.0866612
-0.0898747
-0.0930445
-0.096168
-0.0992428
-0.102267
-0.105237
-0.108151
-0.111007
-0.113803
-0.116536
-0.119204
-0.121805
-0.124336
-0.126796
-0.129183
-0.131494
-0.133727
-0.135881
-0.137953
-0.139943
-0.141847
-0.143664
-0.145393
-0.147032
-0.148579
-0.150032
-0.151392
-0.152655
-0.15382
-0.154887
-0.155854
-0.156719
-0.157483
-0.158143
-0.158699
-0.15915
-0.159495
-0.159734
-0.159864
-0.159887
-0.159802
-0.159607
-0.159303
-0.158889
-0.158365
-0.15773
-0.156985
-0.15613
-0.155165
-0.154089
-0.152903
-0.151606
-0.150201
-0.148686
-0.147062
-0.145331
-0.143491
-0.141545
-0.139492
-0.137335
-0.135072
-0.132706
-0.130238
-0.127669
-0.124999
-0.12223
-0.119364
-0.116401
-0.113344
-0.110193
-0.106951
-0.103618
-0.100198
-0.0966902
-0.093098
-0.0894231
-0.0856671
-0.0818323
-0.0779206
-0.0739342
-0.0698752
-0.0657459
-0.0615485
-0.0572854
-0.0529589
-0.0485715
-0.0441257
-0.0396239
-0.0350687
-0.0304628
-0.0258088
-0.0211093
-0.0163671
-0.011585
-0.00676568
-0.00191204
0.00297307
0.00788678
0.0128262
0.0177883
0.0227702
0.0277688
0.0327812
0.0378044
0.0428352
0.0478707
0.0529077
0.0579431
0.0629739
0.0679969
0.073009
0.0780071
0.0829881
0.0879488
0.092886
0.0977967
0.102678
0.107526
0.112338
0.117112
0.121843
0.126529
0.131166
0.135752
0.140284
0.144758
0.149172
0.153523
0.157807
0.162021
0.166164
0.170231
0.17422
0.178129
0.181953
0.185692
0.189341
0.192898
0.196361
0.199726
0.202992
0.206156
0.209214
0.212166
0.215008
0.217738
0.220354
0.222853
0.225233
0.227492
0.229628
0.231639
0.233522
0.235277
0.2369
0.23839
0.239746
0.240965
0.242046
0.242986
0.243786
0.244442
0.244954
0.245321
0.24554
0.24561
0.245531
0.245301
0.244919
0.244384
0.243695
0.242851
0.241852
0.240696
0.239382
0.237911
0.236281
0.234492
0.232543
0.230435
0.228166
0.225736
0.223145
0.220393
0.21748
0.214406
0.21117
0.207773
0.204215
0.200496
0.196616
0.192575
0.188375
0.184014
0.179494
0.174816
0.169979
0.164985
0.159833
0.154525
0.149062
0.143444
0.137672
0.131747
0.12567
0.119442
0.113064
0.106537
0.0998627
0.0930415
0.0860748
0.0789641
0.0717104
0.0643153
0.0567799
0.0491059
0.0412944
0.0333471
0.0252655
0.017051
0.00870519
0.000229724
-0.00837381
-0.0171038
-0.0259585
-0.0349363
-0.0440354
-0.0532541
-0.0625907
-0.0720433
-0.0816102
-0.0912896
-0.10108
-0.110978
-0.120984
-0.131094
-0.141308
-0.151623
-0.162037
-0.172549
-0.183156
-0.193857
-0.204649
-0.215531
-0.226501
-0.237556
-0.248695
-0.259916
-0.271217
-0.282595
-0.29405
-0.305578
-0.317179
-0.32885
-0.340589
-0.352394
-0.364263
-0.376195
-0.388187
-0.400238
-0.412346
-0.424508
-0.436723
-0.448989
-0.461304
-0.473667
-0.486075
-0.498527
-0.511021
-0.523555
-0.536127
-0.548735
-0.561379
-0.574055
-0.586763
-0.599501
-0.612267
-0.625059
-0.637875
-0.650715
-0.663576
-0.676457
-0.689356
-0.702272
-0.715203
-0.728148
-0.741105
-0.754072
-0.767048
-0.780033
-0.793023
-0.806018
-0.819016
-0.832017
-0.845018
-0.858018
-0.871016
-0.884011
-0.897001
-0.909985
-0.922961
-0.935929
-0.948886
-0.961833
-0.974767
-0.987687
-1.00059
-1.01348
-1.02635
-1.03921
-1.05204
-1.06485
-1.07765
-1.09041
-1.10316
-1.11587
-1.12857
-1.14123
-1.15386
-1.16647
-1.17904
-1.19158
-1.20409
-1.21656
-1.229
-1.2414
-1.25376
-1.26609
-1.27837
-1.29061
-1.30281
-1.31497
-1.32708
-1.33915
-1.35116
-1.36313
-1.37505
-1.38692
-1.39874
-1.41051
-1.42222
-1.43387
-1.44547
-1.45701
-1.4685
-1.47992
-1.49128
-1.50257
-1.5138
-1.52497
-1.53607
-1.5471
-1.55806
-1.56895
-1.57976
-1.5905
-1.60117
-1.61176
-1.62227
-1.6327
-1.64305
-1.65331
-1.66349
-1.67358
-1.68359
-1.6935
-1.70333
-1.71306
-1.72269
-1.73223
-1.74167
-1.75101
-1.76025
-1.76938
-1.77841
-1.78733
-1.79614
-1.80484
-1.81343
-1.8219
-1.83025
-1.83849
-1.8466
-1.85459
-1.86245
-1.87019
-1.8778
-1.88527
-1.89262
-1.89982
-1.90689
-1.91382
-1.9206
-1.92724
-1.93374
-1.94008
-1.94628
-1.95232
-1.9582
-1.96393
-1.9695
-1.9749
-1.98014
-1.98521
-1.99011
-1.99484
-1.9994
-2.00378
-2.00798
-2.012
-2.01584
-2.01949
-2.02296
-2.02623
-2.02932
-2.0322
-2.03489
-2.03739
-2.03968
-2.04176
-2.04365
-2.04532
-2.04678
-2.04803
-2.04907
-2.04989
-2.05049
-2.05087
-2.05103
-2.05097
-2.05067
-2.05015
-2.0494
-2.04842
-2.0472
-2.04574
-2.04405
-2.04212
-2.03995
-2.03753
-2.03487
-2.03197
-2.02881
-2.02541
-2.02176
-2.01785
-2.0137
-2.00928
-2.00462
-1.99969
-1.99451
-1.98907
-1.98337
-1.9774
-1.97118
-1.96469
-1.95794
-1.95093
-1.94365
-1.93611
-1.9283
-1.92023
-1.91189
-1.90328
-1.89441
-1.88527
-1.87586
-1.86618
-1.85624
-1.84604
-1.83556
-1.82483
-1.81382
-1.80255
-1.79102
-1.77922
-1.76716
-1.75484
-1.74226
-1.72942
-1.71631
-1.70296
-1.68934
-1.67547
-1.66134
-1.64697
-1.63234
-1.61746
-1.60234
-1.58697
-1.57136
-1.55551
-1.53942
-1.52309
-1.50653
-1.48973
-1.47271
-1.45545
-1.43798
-1.42028
-1.40236
-1.38423
-1.36588
-1.34732
-1.32856
-1.30959
-1.29042
-1.27106
-1.2515
-1.23175
-1.21182
-1.1917
-1.1714
-1.15093
-1.13028
-1.10947
-1.0885
-1.06736
-1.04607
-1.02463
-1.00305
-0.981318
-0.959451
-0.937451
-0.915322
-0.89307
-0.870697
-0.84821
-0.825613
-0.80291
-0.780107
-0.757209
-0.73422
-0.711145
-0.68799
-0.66476
-0.641459
-0.618093
-0.594667
-0.571187
-0.547656
-0.524082
-0.500468
-0.476821
-0.453145
-0.429446
-0.40573
-0.382001
-0.358265
-0.334528
-0.310795
-0.287071
-0.263362
-0.239673
-0.216009
-0.192377
-0.168781
-0.145226
-0.121719
-0.0982646
-0.0748679
-0.0515345
-0.0282697
-0.00507873
0.0180331
0.0410605
0.0639983
0.0868413
0.109584
0.132222
0.15475
0.177163
0.199455
0.221622
0.243659
0.265561
0.287324
0.308942
0.33041
0.351725
0.372881
0.393875
0.414701
0.435355
0.455833
0.47613
0.496243
0.516168
0.535899
0.555434
0.574768
0.593897
0.612818
0.631528
0.650022
0.668297
0.68635
0.704177
0.721776
0.739142
0.756274
0.773168
0.789821
0.80623
0.822393
0.838308
0.853972
0.869381
0.884536
0.899432
0.914068
0.928443
0.942554
0.956399
0.969977
0.983287
0.996327
1.00909
1.02159
1.03381
1.04576
1.05743
1.06883
1.07995
1.09079
1.10135
1.11164
1.12164
1.13137
1.14082
1.14999
1.15889
1.1675
1.17584
1.1839
1.19168
1.19919
1.20643
1.21339
1.22007
1.22649
1.23263
1.23851
1.24412
1.24946
1.25454
1.25935
1.26391
1.26821
1.27224
1.27603
1.27956
1.28284
1.28588
1.28866
1.29121
1.29351
1.29558
1.29742
1.29902
1.30039
1.30154
1.30246
1.30316
1.30365
1.30393
1.30399
1.30385
1.30351
1.30297
1.30223
1.3013
1.30018
1.29888
1.29739
1.29573
1.2939
1.2919
1.28973
1.2874
1.28492
1.28228
1.27949
1.27656
1.27349
1.27028
1.26695
1.26348
1.25989
1.25618
1.25236
1.24842
1.24438
1.24024
1.236
1.23166
1.22724
1.22273
1.21815
1.21348
1.20875
1.20395
1.19908
1.19416
1.18918
1.18415
1.17907
1.17395
1.1688
1.1636
1.15838
1.15314
1.14787
1.14258
1.13728
1.13197
1.12666
1.12134
1.11602
1.11071
1.10541
1.10011
1.09484
1.08958
1.08435
1.07914
1.07396
1.06882
1.06371
1.05864
1.05361
1.04862
1.04369
1.0388
1.03397
1.02919
1.02447
1.01982
1.01523
1.0107
1.00624
1.00186
0.997542
0.993303
0.989142
0.985059
0.981057
0.977137
0.973302
0.969553
0.965891
0.962317
0.958834
0.955442
0.952142
0.948936
0.945824
0.942808
0.939889
0.937066
0.934341
0.931714
0.929186
0.926757
0.924427
0.922197
0.920067
0.918036
0.916106
0.914275
0.912543
0.910911
0.909377
0.907942
0.906605
0.905366
0.904222
0.903175
0.902223
0.901365
0.9006
0.899927
0.899345
0.898853
0.89845
0.898133
0.897903
0.897757
0.897693
0.897711
0.897808
0.897983
0.898234
0.898559
0.898956
0.899424
0.89996
0.900562
0.901228
0.901956
0.902744
0.903589
0.90449
0.905443
0.906446
0.907498
0.908595
0.909735
0.910916
0.912134
0.913388
0.914674
0.915991
0.917334
0.918703
0.920093
0.921502
0.922928
0.924367
0.925817
0.927275
0.928738
0.930204
0.931669
0.93313
0.934585
0.936031
0.937465
0.938885
0.940287
0.941668
0.943026
0.944357
0.94566
0.946931
0.948167
0.949366
0.950525
0.951641
0.952711
0.953734
0.954705
0.955622
0.956484
0.957286
0.958027
0.958704
0.959315
0.959857
0.960328
0.960725
0.961045
0.961288
0.961449
0.961528
0.961522
0.961428
0.961246
0.960971
0.960604
0.960141
0.959581
0.958921
0.958161
0.957298
0.956331
0.955258
0.954077
0.952787
0.951387
0.949875
0.948249
0.946509
0.944653
0.942679
0.940588
0.938378
0.936047
0.933595
0.931022
0.928325
0.925506
0.922562
0.919493
0.916299
0.912979
0.909533
0.90596
0.902261
0.898435
0.894481
0.8904
0.886192
0.881857
0.877394
0.872805
0.868089
0.863246
0.858277
0.853183
0.847963
0.842619
0.83715
0.831559
0.825844
0.820008
0.814051
0.807974
0.801778
0.795463
0.789032
0.782485
0.775823
0.769048
0.762161
0.755162
0.748055
0.74084
0.733518
0.726092
0.718562
0.710931
0.7032
0.695371
0.687446
0.679427
0.671315
0.663112
0.65482
0.646442
0.63798
0.629435
0.620809
0.612105
0.603325
0.594472
0.585547
0.576552
0.56749
0.558364
0.549176
0.539927
0.530621
0.52126
0.511847
0.502383
0.492872
0.483315
0.473716
0.464077
0.454401
0.44469
0.434946
0.425172
0.415372
0.405547
0.3957
0.385834
0.375951
0.366054
0.356146
0.346229
0.336306
0.32638
0.316453
0.306527
0.296606
0.286692
0.276788
0.266895
0.257018
0.247158
0.237318
0.2275
0.217708
0.207942
0.198207
0.188505
0.178837
0.169207
0.159617
0.150069
0.140566
0.13111
0.121703
0.112348
0.103047
0.0938017
0.0846152
0.0754894
0.0664264
0.0574284
0.0484976
0.0396359
0.0308456
0.0221285
0.0134867
0.00492213
-0.00356326
-0.0119676
-0.020289
-0.0285257
-0.0366758
-0.0447377
-0.0527096
-0.0605899
-0.0683768
-0.0760689
-0.0836645
-0.0911621
-0.0985603
-0.105858
-0.113053
-0.120144
-0.12713
-0.13401
-0.140783
-0.147447
-0.154
-0.160443
-0.166774
-0.172992
-0.179095
-0.185084
-0.190956
-0.196712
-0.20235
-0.207869
-0.213269
-0.218549
-0.223709
-0.228747
-0.233664
-0.238458
-0.243129
-0.247676
-0.2521
-0.2564
-0.260575
-0.264625
-0.26855
-0.272349
-0.276023
-0.279572
-0.282994
-0.286291
-0.289461
-0.292505
-0.295424
-0.298216
-0.300883
-0.303424
-0.305839
-0.308129
-0.310294
-0.312334
-0.31425
-0.316041
-0.317708
-0.319252
-0.320673
-0.321971
-0.323147
-0.324202
-0.325135
-0.325948
-0.326642
-0.327215
-0.327671
-0.328008
-0.328228
-0.328332
-0.328319
-0.328192
-0.327951
-0.327596
-0.327129
-0.32655
-0.325861
-0.325062
-0.324153
-0.323137
-0.322014
-0.320785
-0.319451
-0.318013
-0.316472
-0.314829
-0.313086
-0.311243
-0.309301
-0.307262
-0.305126
-0.302896
-0.300571
-0.298154
-0.295645
-0.293046
-0.290357
-0.287581
-0.284717
-0.281769
-0.278736
-0.27562
-0.272422
-0.269144
-0.265787
-0.262352
-0.258841
-0.255254
-0.251594
-0.247861
-0.244056
-0.240182
-0.236239
-0.232229
-0.228154
-0.224013
-0.21981
-0.215545
-0.211219
-0.206834
-0.202392
-0.197893
-0.19334
-0.188733
-0.184073
-0.179363
-0.174604
-0.169796
-0.164942
-0.160042
-0.155099
-0.150113
-0.145086
-0.140019
-0.134913
-0.129771
-0.124593
-0.119381
-0.114136
-0.108859
-0.103553
-0.0982172
-0.0928543
-0.0874653
-0.0820517
-0.0766147
-0.0711557
-0.065676
-0.0601771
-0.0546603
-0.0491268
-0.0435781
-0.0380155
-0.0324402
-0.0268537
-0.0212572
-0.0156521
-0.0100397
-0.00442131
0.00120181
0.00682833
0.012457
0.0180864
0.0237153
0.0293426
0.0349667
0.0405866
0.0462009
0.0518083
0.0574077
0.0629977
0.0685772
0.0741448
0.0796994
0.0852397
0.0907644
0.0962725
0.101763
0.107234
0.112684
0.118113
0.12352
0.128902
0.13426
0.139591
0.144895
0.150171
0.155417
0.160632
0.165815
0.170965
0.176081
0.181162
0.186206
0.191213
0.196182
0.201111
0.205999
0.210846
0.21565
0.22041
0.225126
0.229796
0.234419
0.238994
0.243521
0.247998
0.252424
0.256799
0.261121
0.26539
0.269605
0.273764
0.277867
0.281913
0.285901
0.289831
0.293701
0.29751
0.301259
0.304945
0.308569
0.312129
0.315625
0.319055
0.32242
0.325719
0.32895
0.332114
0.335209
0.338235
0.341191
0.344077
0.346892
0.349635
0.352306
0.354905
0.35743
0.359881
0.362259
0.364562
0.366789
0.368942
0.371018
0.373018
0.374941
0.376787
0.378556
0.380247
0.38186
0.383395
0.384851
0.386229
0.387528
0.388747
0.389888
0.390949
0.39193
0.392832
0.393654
0.394396
0.395058
0.395641
0.396144
0.396567
0.396911
0.397175
0.39736
0.397465
0.397491
0.397438
0.397307
0.397097
0.396809
0.396443
0.395999
0.395478
0.39488
0.394205
0.393454
0.392628
0.391726
0.390749
0.389699
0.388574
0.387376
0.386106
0.384763
0.383349
0.381864
0.38031
0.378685
0.376993
0.375232
0.373404
0.37151
0.36955
0.367525
0.365437
0.363285
0.361071
0.358797
0.356462
0.354067
0.351615
0.349105
0.346538
0.343917
0.341241
0.338513
0.335732
0.3329
0.330019
0.327089
0.324112
0.321088
0.31802
0.314908
0.311753
0.308556
0.30532
0.302045
0.298732
0.295384
0.292
0.288583
0.285133
0.281653
0.278143
0.274605
0.27104
0.26745
0.263836
0.260199
0.256541
0.252863
0.249167
0.245454
0.241726
0.237983
0.234228
0.230461
0.226685
0.2229
0.219108
0.215311
0.21151
0.207706
0.203901
0.200097
0.196294
0.192494
0.188698
0.184908
0.181126
0.177352
0.173589
0.169837
0.166097
0.162372
0.158663
0.15497
0.151296
0.147641
0.144006
0.140394
0.136805
0.133241
0.129703
0.126192
0.122709
0.119255
0.115832
0.112441
0.109083
0.105759
0.10247
0.0992167
0.0960011
0.0928237
0.0896856
0.0865877
0.083531
0.0805165
0.0775449
0.0746174
0.0717345
0.0688973
0.0661065
0.0633629
0.0606672
0.0580202
0.0554225
0.0528748
0.0503778
0.047932
0.0455381
0.0431965
0.0409078
0.0386725
0.036491
0.0343637
0.0322911
0.0302735
0.0283112
0.0264045
0.0245538
0.0227591
0.0210208
0.019339
0.0177137
0.0161453
0.0146336
0.0131787
0.0117807
0.0104395
0.00915505
0.00792725
0.00675599
0.00564109
0.00458237
0.00357961
0.00263255
0.00174091
0.000904353
0.00012254
-0.000604915
-0.00127843
-0.00189844
-0.00246543
-0.0029799
-0.00344239
-0.00385348
-0.00421375
-0.00452382
-0.00478437
-0.00499606
-0.00515962
-0.00527577
-0.0053453
-0.00536898
-0.00534764
-0.00528213
-0.00517332
-0.00502211
-0.00482941
-0.00459617
-0.00432336
-0.00401197
-0.00366302
-0.00327753
-0.00285657
-0.00240122
-0.00191256
-0.00139172
-0.00083983
-0.00025804
0.000352475
0.000990535
0.00165493
0.00234445
0.00305786
0.00379391
0.00455135
0.00532891
0.0061253
0.00693922
0.00776938
0.00861446
0.00947315
0.0103441
0.011226
0.0121175
0.0130172
0.0139238
0.014836
0.0157523
0.0166714
0.017592
0.0185127
0.0194321
0.0203489
0.0212616
0.022169
0.0230697
0.0239623
0.0248455
0.025718
0.0265783
0.0274252
0.0282574
0.0290736
0.0298724
0.0306525
0.0314127
0.0321518
0.0328683
0.0335612
0.0342292
0.0348711
0.0354856
0.0360716
0.0366279
0.0371535
0.037647
0.0381075
0.0385338
0.038925
0.0392798
0.0395973
0.0398765
0.0401164
0.0403161
0.0404746
0.0405909
0.0406643
0.0406937
0.0406785
0.0406178
0.0405108
0.0403567
0.0401548
0.0399045
0.039605
0.0392556
0.0388559
0.0384052
0.0379029
0.0373485
0.0367416
0.0360816
0.0353681
0.0346008
0.0337792
0.032903
0.031972
0.0309858
0.0299442
0.028847
0.027694
0.0264851
0.0252202
0.0238991
0.0225219
0.0210886
0.0195991
0.0180535
0.0164519
0.0147945
0.0130813
0.0113126
0.00948864
0.00760958
0.00567575
0.00368747
0.00164509
-0.000451019
-0.00260043
-0.0048027
-0.00705735
-0.00936388
-0.0117218
-0.0141304
-0.0165892
-0.0190975
-0.0216548
-0.0242602
-0.0269131
-0.0296127
-0.0323583
-0.0351491
-0.0379842
-0.0408627
-0.0437839
-0.0467467
-0.0497504
-0.0527938
-0.055876
-0.0589961
-0.0621529
-0.0653455
-0.0685728
-0.0718336
-0.075127
-0.0784516
-0.0818064
-0.0851902
-0.0886018
-0.0920401
-0.0955037
-0.0989914
-0.102502
-0.106034
-0.109587
-0.113158
-0.116747
-0.120353
-0.123974
-0.127608
-0.131254
-0.134912
-0.138579
-0.142254
-0.145936
-0.149623
-0.153315
-0.157009
-0.160704
-0.164398
-0.168091
-0.171781
-0.175466
-0.179145
-0.182817
-0.18648
-0.190132
-0.193773
-0.1974
-0.201013
-0.20461
-0.208189
-0.21175
-0.21529
-0.218809
-0.222304
-0.225775
-0.22922
-0.232638
-0.236028
-0.239387
-0.242715
-0.246011
-0.249273
-0.252499
-0.255689
-0.258842
-0.261955
-0.265028
-0.268059
-0.271048
-0.273993
-0.276893
-0.279746
-0.282552
-0.28531
-0.288018
-0.290675
-0.29328
-0.295832
-0.298331
-0.300774
-0.303162
-0.305493
-0.307766
-0.30998
-0.312135
-0.314229
-0.316262
-0.318232
-0.32014
-0.321983
-0.323763
-0.325476
-0.327124
-0.328706
-0.330219
-0.331665
-0.333043
-0.334351
-0.335589
-0.336757
-0.337855
-0.338881
-0.339835
-0.340717
-0.341527
-0.342264
-0.342927
-0.343517
-0.344033
-0.344475
-0.344842
-0.345135
-0.345353
-0.345496
-0.345563
-0.345556
-0.345473
-0.345314
-0.34508
-0.344771
-0.344386
-0.343925
-0.343389
-0.342778
-0.342091
-0.34133
-0.340493
-0.339582
-0.338596
-0.337535
-0.336401
-0.335192
-0.33391
-0.332555
-0.331126
-0.329626
-0.328052
-0.326407
-0.324691
-0.322903
-0.321045
-0.319117
-0.317119
-0.315052
-0.312916
-0.310713
-0.308442
-0.306104
-0.303699
-0.301229
-0.298694
-0.296094
-0.293431
-0.290704
-0.287915
-0.285065
-0.282153
-0.279181
-0.276149
-0.273058
-0.269909
-0.266703
-0.263441
-0.260123
-0.256749
-0.253322
-0.249841
-0.246308
-0.242723
-0.239087
-0.235402
-0.231667
-0.227884
-0.224054
-0.220177
-0.216255
-0.212288
-0.208278
-0.204224
-0.200129
-0.195992
-0.191816
-0.1876
-0.183346
-0.179054
-0.174727
-0.170363
-0.165965
-0.161534
-0.15707
-0.152574
-0.148047
-0.143491
-0.138905
-0.134292
-0.129652
-0.124985
-0.120294
-0.115578
-0.110839
-0.106077
-0.101295
-0.0964913
-0.0916686
-0.0868273
-0.0819683
-0.0770926
-0.0722011
-0.0672947
-0.0623743
-0.0574409
-0.0524953
-0.0475386
-0.0425714
-0.0375949
-0.0326098
-0.0276171
-0.0226177
-0.0176124
-0.0126021
-0.00758776
-0.00257018
0.00244974
0.00747115
0.0124932
0.017515
0.0225357
0.0275544
0.0325704
0.0375827
0.0425906
0.0475932
0.0525897
0.0575793
0.062561
0.0675343
0.0724981
0.0774518
0.0823945
0.0873254
0.0922438
0.0971488
0.10204
0.106916
0.111776
0.11662
0.121446
0.126255
0.131045
0.135816
0.140566
0.145295
0.150003
0.154688
0.15935
0.163988
0.168602
0.17319
0.177752
0.182287
0.186795
0.191275
0.195726
0.200147
0.204538
0.208898
0.213227
0.217523
0.221786
0.226016
0.230211
0.234371
0.238496
0.242584
0.246635
0.250649
0.254624
0.258561
0.262458
0.266314
0.27013
0.273904
0.277636
0.281326
0.284972
0.288574
0.292131
0.295644
0.29911
0.30253
0.305903
0.309229
0.312506
0.315735
0.318914
0.322043
0.325121
0.328149
0.331125
0.334049
0.33692
0.339737
0.342501
0.34521
0.347865
0.350464
0.353007
0.355493
0.357923
0.360295
0.362609
0.364864
0.367061
0.369198
0.371275
0.373292
0.375248
0.377143
0.378976
0.380746
0.382455
0.3841
0.385682
0.3872
0.388654
0.390044
0.391368
0.392628
0.393822
0.394949
0.396011
0.397006
0.397935
0.398796
0.399589
0.400316
0.400974
0.401564
0.402086
0.402539
0.402923
0.403238
0.403485
0.403662
0.403769
0.403807
0.403776
0.403674
0.403503
0.403262
0.402951
0.40257
0.40212
0.401599
0.401008
0.400348
0.399617
0.398817
0.397947
0.397008
0.395999
0.394921
0.393774
0.392558
0.391273
0.38992
0.388499
0.387009
0.385452
0.383828
0.382137
0.380379
0.378554
0.376664
0.374708
0.372687
0.370602
0.368452
0.366239
0.363963
0.361624
0.359223
0.35676
0.354237
0.351653
0.34901
0.346308
0.343547
0.340729
0.337854
0.334924
0.331937
0.328897
0.325802
0.322655
0.319456
0.316206
0.312905
0.309555
0.306157
0.302711
0.299219
0.295681
0.292099
0.288473
0.284805
0.281096
0.277346
0.273557
0.269731
0.265867
0.261968
0.258034
0.254067
0.250067
0.246037
0.241977
0.237888
0.233772
0.22963
0.225464
0.221274
0.217062
0.21283
0.208578
0.204308
0.200021
0.195719
0.191404
0.187075
0.182736
0.178386
0.174028
0.169664
0.165294
0.160919
0.156542
0.152164
0.147786
0.14341
0.139036
0.134668
0.130305
0.125949
0.121603
0.117267
0.112942
0.108631
0.104334
0.100054
0.0957907
0.0915466
0.0873227
0.0831206
0.0789417
0.0747873
0.0706588
0.0665577
0.0624852
0.0584428
0.0544318
0.0504536
0.0465094
0.0426005
0.0387284
0.0348942
0.0310992
0.0273447
0.0236319
0.0199621
0.0163364
0.012756
0.00922214
0.00573588
0.00229838
-0.00108926
-0.00442595
-0.00771064
-0.0109423
-0.0141199
-0.0172424
-0.0203089
-0.0233185
-0.0262701
-0.0291631
-0.0319963
-0.0347691
-0.0374807
-0.0401301
-0.0427167
-0.0452398
-0.0476987
-0.0500926
-0.052421
-0.0546833
-0.0568788
-0.059007
-0.0610675
-0.0630597
-0.0649832
-0.0668375
-0.0686223
-0.0703373
-0.0719821
-0.0735563
-0.0750599
-0.0764926
-0.0778541
-0.0791443
-0.0803632
-0.0815105
-0.0825864
-0.0835907
-0.0845236
-0.085385
-0.086175
-0.0868938
-0.0875416
-0.0881185
-0.0886247
-0.0890606
-0.0894264
-0.0897224
-0.0899491
-0.0901068
-0.090196
-0.0902171
-0.0901707
-0.0900572
-0.0898773
-0.0896315
-0.0893205
-0.0889449
-0.0885055
-0.0880029
-0.087438
-0.0868115
-0.0861242
-0.085377
-0.0845707
-0.0837064
-0.0827848
-0.081807
-0.080774
-0.0796868
-0.0785464
-0.0773539
-0.0761103
-0.0748169
-0.0734747
-0.072085
-0.0706489
-0.0691675
-0.0676423
-0.0660743
-0.0644649
-0.0628153
-0.061127
-0.0594011
-0.0576391
-0.0558423
-0.0540121
-0.0521499
-0.050257
-0.048335
-0.0463852
-0.044409
-0.042408
-0.0403836
-0.0383372
-0.0362703
-0.0341845
-0.0320812
-0.0299619
-0.0278281
-0.0256813
-0.0235231
-0.0213549
-0.0191783
-0.0169947
-0.0148057
-0.0126128
-0.0104175
-0.00822129
-0.00602569
-0.0038322
-0.00164229
0.000542539
0.00272082
0.00489109
0.00705188
0.00920175
0.0113393
0.013463
0.0155715
0.0176635
0.0197375
0.0217921
0.023826
0.0258379
0.0278265
0.0297904
0.0317284
0.0336392
0.0355215
0.0373743
0.0391961
0.040986
0.0427427
0.0444652
0.0461522
0.0478028
0.0494158
0.0509904
0.0525254
0.0540199
0.055473
0.0568838
0.0582514
0.0595749
0.0608535
0.0620864
0.063273
0.0644124
0.0655039
0.066547
0.067541
0.0684852
0.0693793
0.0702225
0.0710145
0.0717547
0.0724428
0.0730784
0.0736611
0.0741907
0.0746668
0.0750892
0.0754577
0.0757722
0.0760325
0.0762385
0.0763902
0.0764875
0.0765305
0.0765192
0.0764537
0.0763341
0.0761606
0.0759334
0.0756527
0.0753188
0.074932
0.0744927
0.0740011
0.0734577
0.072863
0.0722174
0.0715215
0.0707757
0.0699807
0.0691371
0.0682455
0.0673066
0.0663211
0.0652897
0.0642132
0.0630923
0.061928
0.0607211
0.0594724
0.0581829
0.0568535
0.0554851
0.0540787
0.0526354
0.0511562
0.0496422
0.0480944
0.0465139
0.0449018
0.0432594
0.0415878
0.0398881
0.0381616
0.0364094
0.0346329
0.0328333
0.0310118
0.0291697
0.0273083
0.025429
0.023533
0.0216217
0.0196964
0.0177584
0.0158092
0.01385
0.0118823
0.00990741
0.00792671
0.00594158
0.00395341
0.00196358
-2.65255e-05
-0.00201551
-0.00400201
-0.00598463
-0.007962
-0.00993274
-0.0118955
-0.0138489
-0.0157916
-0.0177222
-0.0196394
-0.0215419
-0.0234284
-0.0252975
-0.0271479
-0.0289785
-0.0307878
-0.0325747
-0.0343379
-0.0360763
-0.0377885
-0.0394734
-0.0411299
-0.0427568
-0.0443529
-0.0459172
-0.0474486
-0.0489461
-0.0504085
-0.0518349
-0.0532244
-0.0545758
-0.0558884
-0.0571612
-0.0583933
-0.0595838
-0.060732
-0.061837
-0.0628981
-0.0639146
-0.0648857
-0.0658108
-0.0666892
-0.0675203
-0.0683036
-0.0690385
-0.0697245
-0.0703611
-0.0709478
-0.0714844
-0.0719703
-0.0724053
-0.072789
-0.0731212
-0.0734017
-0.0736302
-0.0738066
-0.0739308
-0.0740026
-0.0740221
-0.0739892
-0.0739038
-0.0737662
-0.0735763
-0.0733344
-0.0730404
-0.0726947
-0.0722976
-0.0718491
-0.0713497
-0.0707997
-0.0701995
-0.0695495
-0.0688501
-0.0681018
-0.0673051
-0.0664605
-0.0655687
-0.0646303
-0.0636458
-0.062616
-0.0615415
-0.0604232
-0.0592617
-0.0580579
-0.0568126
-0.0555267
-0.054201
-0.0528364
-0.0514339
-0.0499945
-0.0485191
-0.0470088
-0.0454645
-0.0438875
-0.0422786
-0.0406392
-0.0389702
-0.0372728
-0.0355483
-0.0337978
-0.0320225
-0.0302236
-0.0284024
-0.0265601
-0.0246981
-0.0228175
-0.0209198
-0.0190062
-0.017078
-0.0151367
-0.0131834
-0.0112196
-0.00924674
-0.00726605
-0.00527896
-0.00328685
-0.00129111
0.000706885
0.00270573
0.00470403
0.0067004
0.00869344
0.0106818
0.012664
0.0146387
0.0166045
0.0185601
0.0205041
0.0224351
0.0243518
0.0262527
0.0281367
0.0300022
0.0318482
0.0336731
0.0354758
0.037255
0.0390094
0.0407378
0.0424389
0.0441116
0.0457546
0.0473668
0.048947
0.0504941
0.0520071
0.0534847
0.054926
0.0563299
0.0576954
0.0590215
0.0603073
0.0615518
0.0627542
0.0639134
0.0650288
0.0660994
0.0671245
0.0681033
0.0690351
0.0699193
0.070755
0.0715417
0.0722789
0.0729658
0.0736021
0.0741871
0.0747205
0.0752018
0.0756306
0.0760065
0.0763293
0.0765986
0.0768142
0.0769759
0.0770834
0.0771367
0.0771357
0.0770802
0.0769703
0.0768059
0.0765872
0.0763141
0.0759868
0.0756054
0.0751702
0.0746813
0.0741391
0.0735438
0.0728958
0.0721954
0.071443
0.0706392
0.0697843
0.068879
0.0679236
0.0669189
0.0658654
0.0647639
0.0636149
0.0624192
0.0611775
0.0598907
0.0585596
0.0571849
0.0557677
0.0543087
0.0528089
0.0512693
0.0496909
0.0480746
0.0464216
0.0447329
0.0430097
0.0412529
0.0394638
0.0376436
0.0357935
0.0339145
0.0320081
0.0300754
0.0281178
0.0261364
0.0241327
0.022108
0.0200635
0.0180007
0.015921
0.0138256
0.0117161
0.00959384
0.00746021
0.00531666
0.00316464
0.00100559
-0.00115903
-0.00332776
-0.00549914
-0.00767169
-0.00984395
-0.0120144
-0.0141817
-0.0163442
-0.0185005
-0.0206491
-0.0227886
-0.0249175
-0.0270343
-0.0291375
-0.0312258
-0.0332976
-0.0353516
-0.0373863
-0.0394003
-0.0413922
-0.0433605
-0.045304
-0.0472213
-0.0491109
-0.0509717
-0.0528021
-0.0546011
-0.0563672
-0.0580992
-0.0597958
-0.061456
-0.0630783
-0.0646617
-0.0662051
-0.0677072
-0.069167
-0.0705834
-0.0719553
-0.0732818
-0.0745617
-0.0757942
-0.0769783
-0.0781131
-0.0791977
-0.0802313
-0.081213
-0.082142
-0.0830176
-0.0838391
-0.0846058
-0.085317
-0.0859721
-0.0865705
-0.0871116
-0.0875951
-0.0880202
-0.0883867
-0.0886941
-0.0889421
-0.0891303
-0.0892583
-0.0893261
-0.0893332
-0.0892797
-0.0891652
-0.0889897
-0.0887532
-0.0884556
-0.0880969
-0.0876772
-0.0871965
-0.086655
-0.0860528
-0.0853902
-0.0846673
-0.0838845
-0.0830421
-0.0821404
-0.0811799
-0.0801609
-0.0790839
-0.0779495
-0.0767581
-0.0755104
-0.074207
-0.0728484
-0.0714355
-0.0699689
-0.0684494
-0.0668777
-0.0652547
-0.0635813
-0.0618583
-0.0600867
-0.0582674
-0.0564014
-0.0544898
-0.0525335
-0.0505337
-0.0484914
-0.0464078
-0.0442841
-0.0421214
-0.039921
-0.0376841
-0.0354119
-0.0331059
-0.0307672
-0.0283972
-0.0259973
-0.0235688
-0.0211133
-0.018632
-0.0161264
-0.013598
-0.0110483
-0.00847871
-0.0058908
-0.00328608
-0.000666087
0.00196763
0.00461351
0.00726998
0.00993545
0.0126083
0.015287
0.0179699
0.0206553
0.0233418
0.0260275
0.0287109
0.0313904
0.0340643
0.0367309
0.0393887
0.042036
0.0446711
0.0472924
0.0498983
0.0524872
0.0550574
0.0576073
0.0601352
0.0626396
0.0651189
0.0675715
0.0699958
0.0723902
0.0747532
0.0770831
0.0793786
0.0816381
0.08386
0.0860429
0.0881853
0.0902857
0.0923427
0.0943549
0.0963208
0.0982392
0.100109
0.101928
0.103695
0.105409
0.10707
0.108674
0.110223
0.111713
0.113144
0.114515
0.115824
0.117071
0.118255
0.119374
0.120427
0.121413
0.122333
0.123183
0.123965
0.124675
0.125315
0.125883
0.126379
0.1268
0.127148
0.127421
0.127618
0.127739
0.127783
0.12775
0.127639
0.12745
0.127182
0.126835
0.126408
0.125902
0.125314
0.124647
0.123898
0.123068
0.122157
0.121165
0.12009
0.118934
0.117696
0.116377
0.114975
0.113492
0.111926
0.110279
0.108551
0.10674
0.104849
0.102876
0.100823
0.0986887
0.0964742
0.0941797
0.0918055
0.089352
0.0868196
0.0842087
0.0815198
0.0787533
0.0759097
0.0729896
0.0699936
0.0669221
0.0637759
0.0605554
0.0572615
0.0538946
0.0504556
0.0469451
0.0433639
0.0397127
0.0359923
0.0322034
0.0283469
0.0244235
0.0204342
0.0163798
0.0122611
0.00807912
0.00383462
-0.000471428
-0.0048381
-0.00926446
-0.0137496
-0.0182924
-0.0228921
-0.0275476
-0.0322579
-0.037022
-0.041839
-0.0467077
-0.0516272
-0.0565964
-0.0616144
-0.06668
-0.0717922
-0.07695
-0.0821523
-0.087398
-0.0926862
-0.0980156
-0.103385
-0.108794
-0.114241
-0.119725
-0.125245
-0.130801
-0.136389
-0.142011
-0.147665
-0.153349
-0.159063
-0.164805
-0.170575
-0.176372
-0.182194
-0.188041
-0.193911
-0.199803
-0.205717
-0.211651
-0.217605
-0.223577
-0.229567
-0.235573
-0.241595
-0.247632
-0.253682
-0.259745
-0.265819
-0.271905
-0.278
-0.284105
-0.290218
-0.296338
-0.302465
-0.308597
-0.314734
-0.320875
-0.327019
-0.333166
-0.339314
-0.345462
-0.351611
-0.357759
-0.363906
-0.37005
-0.376191
-0.382328
-0.388461
-0.394589
-0.400711
-0.406826
-0.412934
-0.419034
-0.425126
-0.431209
-0.437282
-0.443344
-0.449396
-0.455436
-0.461463
-0.467478
-0.47348
-0.479467
-0.48544
-0.491398
-0.497341
-0.503267
-0.509177
-0.515069
-0.520944
-0.526801
-0.532638
-0.538457
-0.544256
-0.550034
-0.555792
-0.561529
-0.567243
-0.572936
-0.578606
-0.584253
-0.589876
-0.595475
-0.60105
-0.606599
-0.612123
-0.617621
-0.623093
-0.628538
-0.633955
-0.639344
-0.644705
-0.650037
-0.65534
-0.660612
-0.665855
-0.671067
-0.676247
-0.681395
-0.686512
-0.691595
-0.696645
-0.701661
-0.706642
-0.711589
-0.7165
-0.721375
-0.726213
-0.731014
-0.735778
-0.740503
-0.745189
-0.749835
-0.754441
-0.759007
-0.763531
-0.768012
-0.772452
-0.776847
-0.781199
-0.785506
-0.789767
-0.793983
-0.798151
-0.802272
-0.806345
-0.810369
-0.814342
-0.818266
-0.822138
-0.825957
-0.829724
-0.833438
-0.837096
-0.840699
-0.844246
-0.847736
-0.851169
-0.854542
-0.857855
-0.861108
-0.8643
-0.867429
-0.870495
-0.873497
-0.876434
-0.879304
-0.882107
-0.884843
-0.887509
-0.890106
-0.892632
-0.895086
-0.897466
-0.899773
-0.902006
-0.904162
-0.906241
-0.908243
-0.910165
-0.912007
-0.913769
-0.915449
-0.917045
-0.918558
-0.919985
-0.921326
-0.92258
-0.923746
-0.924823
-0.92581
-0.926705
-0.927508
-0.928218
-0.928834
-0.929354
-0.929779
-0.930106
-0.930335
-0.930465
-0.930495
-0.930424
-0.930251
-0.929975
-0.929595
-0.929111
-0.928521
-0.927825
-0.927021
-0.92611
-0.92509
-0.92396
-0.922719
-0.921368
-0.919904
-0.918328
-0.916638
-0.914835
-0.912917
-0.910883
-0.908734
-0.906468
-0.904086
-0.901585
-0.898967
-0.89623
-0.893375
-0.8904
-0.887305
-0.884091
-0.880756
-0.8773
-0.873724
-0.870026
-0.866208
-0.862268
-0.858206
-0.854023
-0.849718
-0.845292
-0.840744
-0.836075
-0.831285
-0.826373
-0.82134
-0.816187
-0.810913
-0.805519
-0.800006
-0.794373
-0.788621
-0.782751
-0.776763
-0.770658
-0.764436
-0.758098
-0.751645
-0.745078
-0.738397
-0.731603
-0.724697
-0.71768
-0.710554
-0.703318
-0.695974
-0.688524
-0.680968
-0.673308
-0.665545
-0.65768
-0.649715
-0.64165
-0.633488
-0.62523
-0.616878
-0.608432
-0.599896
-0.591269
-0.582555
-0.573754
-0.564869
-0.555902
-0.546854
-0.537727
-0.528524
-0.519245
-0.509894
-0.500473
-0.490983
-0.481427
-0.471807
-0.462125
-0.452383
-0.442584
-0.432731
-0.422825
-0.412869
-0.402865
-0.392816
-0.382725
-0.372594
-0.362425
-0.352222
-0.341987
-0.331722
-0.32143
-0.311114
-0.300777
-0.290422
-0.28005
-0.269666
-0.259272
-0.24887
-0.238464
-0.228057
-0.217651
-0.20725
-0.196855
-0.186471
-0.1761
-0.165746
-0.15541
-0.145096
-0.134808
-0.124547
-0.114318
-0.104123
-0.0939645
-0.0838462
-0.073771
-0.0637419
-0.0537617
-0.0438335
-0.0339603
-0.024145
-0.0143906
-0.00470002
0.00492382
0.014478
0.0239596
0.0333658
0.0426937
0.0519404
0.0611031
0.070179
0.0791654
0.0880594
0.0968584
0.10556
0.11416
0.122658
0.13105
0.139334
0.147507
0.155567
0.16351
0.171336
0.179041
0.186623
0.19408
0.201409
0.208608
0.215675
0.222608
0.229405
0.236064
0.242582
0.248958
0.25519
0.261276
0.267214
0.273003
0.278641
0.284126
0.289456
0.29463
0.299648
0.304506
0.309204
0.313741
0.318116
0.322326
0.326372
0.330252
0.333966
0.337512
0.340889
0.344097
0.347135
0.350002
0.352698
0.355223
0.357576
0.359756
0.361763
0.363598
0.365259
0.366748
0.368063
0.369205
0.370174
0.37097
0.371594
0.372046
0.372325
0.372434
0.372372
0.372139
0.371738
0.371167
0.370429
0.369524
0.368452
0.367216
0.365816
0.364253
0.362529
0.360644
0.358601
0.3564
0.354044
0.351533
0.34887
0.346055
0.343091
0.33998
0.336723
0.333322
0.32978
0.326098
0.322279
0.318324
0.314236
0.310017
0.30567
0.301197
0.296599
0.291881
0.287044
0.28209
0.277023
0.271846
0.26656
0.261168
0.255674
0.250081
0.24439
0.238606
0.23273
0.226767
0.220718
0.214588
0.208379
0.202094
0.195736
0.189309
0.182816
0.17626
0.169645
0.162973
0.156248
0.149472
0.142651
0.135786
0.128882
0.121941
0.114967
0.107964
0.100934
0.0938813
0.0868093
0.0797213
0.0726207
0.0655109
0.0583954
0.0512775
0.0441607
0.0370484
0.0299439
0.0228507
0.0157721
0.00871152
0.00167226
-0.00534231
-0.0123289
-0.0192842
-0.0262049
-0.0330877
-0.0399295
-0.046727
-0.0534769
-0.0601763
-0.0668218
-0.0734105
-0.0799391
-0.0864048
-0.0928044
-0.099135
-0.105394
-0.111578
-0.117684
-0.123709
-0.129651
-0.135508
-0.141275
-0.146951
-0.152533
-0.158018
-0.163404
-0.168689
-0.17387
-0.178944
-0.183909
-0.188764
-0.193505
-0.198131
-0.20264
-0.207029
-0.211296
-0.21544
-0.219459
-0.223351
-0.227114
-0.230746
-0.234246
-0.237612
-0.240843
-0.243937
-0.246893
-0.24971
-0.252385
-0.254919
-0.25731
-0.259556
-0.261657
-0.263612
-0.26542
-0.267081
-0.268592
-0.269955
-0.271167
-0.272229
-0.27314
-0.2739
-0.274508
-0.274964
-0.275268
-0.275419
-0.275418
-0.275264
-0.274958
-0.274499
-0.273888
-0.273125
-0.27221
-0.271144
-0.269927
-0.268559
-0.267041
-0.265374
-0.263558
-0.261594
-0.259483
-0.257225
-0.254822
-0.252274
-0.249582
-0.246748
-0.243773
-0.240657
-0.237402
-0.234009
-0.23048
-0.226816
-0.223018
-0.219088
-0.215027
-0.210837
-0.206519
-0.202075
-0.197508
-0.192818
-0.188007
-0.183077
-0.178031
-0.172869
-0.167594
-0.162208
-0.156713
-0.151111
-0.145404
-0.139594
-0.133683
-0.127674
-0.121568
-0.115368
-0.109076
-0.102694
-0.0962253
-0.0896714
-0.0830348
-0.0763179
-0.0695231
-0.0626527
-0.0557092
-0.048695
-0.0416125
-0.0344643
-0.0272527
-0.0199802
-0.0126494
-0.00526274
0.00217733
0.00966828
0.0172076
0.0247928
0.0324213
0.0400907
0.0477984
0.0555419
0.0633187
0.0711264
0.0789623
0.0868241
0.0947093
0.102615
0.11054
0.11848
0.126434
0.134399
0.142373
0.150353
0.158337
0.166323
0.174307
0.182289
0.190265
0.198234
0.206192
0.214138
0.22207
0.229986
0.237882
0.245758
0.253611
0.261438
0.269238
0.27701
0.284749
0.292456
0.300128
0.307763
0.315358
0.322914
0.330426
0.337894
0.345317
0.352691
0.360016
0.36729
0.374512
0.381679
0.388791
0.395845
0.402841
0.409776
0.41665
0.423462
0.430209
0.436891
0.443507
0.450055
0.456534
0.462943
0.469281
0.475547
0.48174
0.487859
0.493903
0.499872
0.505764
0.511579
0.517315
0.522973
0.528552
0.53405
0.539468
0.544804
0.550059
0.555232
0.560322
0.565329
0.570253
0.575092
0.579848
0.58452
0.589107
0.59361
0.598027
0.60236
0.606608
0.61077
0.614848
0.61884
0.622748
0.62657
0.630308
0.633961
0.637529
0.641014
0.644414
0.64773
0.650962
0.654112
0.657178
0.660162
0.663064
0.665884
0.668622
0.67128
0.673857
0.676355
0.678772
0.681112
0.683372
0.685555
0.687661
0.689691
0.691644
0.693522
0.695326
0.697055
0.698712
0.700296
0.701808
0.703249
0.704619
0.70592
0.707152
0.708316
0.709412
0.710442
0.711406
0.712305
0.71314
0.713911
0.71462
0.715267
0.715853
0.716378
0.716845
0.717252
0.717602
0.717895
0.718132
0.718313
0.71844
0.718513
0.718534
0.718502
0.718418
0.718285
0.718101
0.717868
0.717587
0.717259
0.716884
0.716463
0.715997
0.715486
0.714931
0.714334
0.713694
0.713012
0.712289
0.711526
0.710723
0.709882
0.709001
0.708084
0.707128
0.706137
0.705109
0.704046
0.702949
0.701816
0.700651
0.699452
0.69822
0.696956
0.69566
0.694333
0.692975
0.691587
0.690169
0.688721
0.687244
0.685738
0.684204
0.682641
0.681051
0.679434
0.67779
0.676118
0.67442
0.672696
0.670946
0.66917
0.667369
0.665542
0.663691
0.661814
0.659912
0.657986
0.656036
0.654061
0.652063
0.65004
0.647993
0.645922
0.643828
0.64171
0.639569
0.637404
0.635215
0.633003
0.630768
0.628509
0.626227
0.623922
0.621593
0.619241
0.616865
0.614466
0.612044
0.609598
0.607129
0.604636
0.60212
0.59958
0.597017
0.59443
0.591819
0.589184
0.586526
0.583843
0.581137
0.578406
0.575652
0.572873
0.57007
0.567243
0.564392
0.561516
0.558616
0.555692
0.552743
0.549769
0.546771
0.543748
0.540701
0.537629
0.534532
0.531411
0.528265
0.525095
0.521899
0.51868
0.515435
0.512166
0.508873
0.505555
0.502213
0.498846
0.495455
0.49204
0.488601
0.485138
0.481651
0.47814
0.474606
0.471049
0.467468
0.463864
0.460237
0.456588
0.452916
0.449222
0.445506
0.441768
0.438009
0.434229
0.430427
0.426605
0.422763
0.4189
0.415018
0.411117
0.407197
0.403258
0.399301
0.395326
0.391334
0.387325
0.3833
0.379258
0.375201
0.371129
0.367043
0.362942
0.358828
0.354701
0.350561
0.346409
0.342246
0.338073
0.333889
0.329695
0.325493
0.321282
0.317063
0.312838
0.308606
0.304368
0.300125
0.295878
0.291627
0.287373
0.283117
0.278859
0.2746
0.270342
0.266083
0.261827
0.257572
0.25332
0.249072
0.244828
0.24059
0.236357
0.232132
0.227913
0.223703
0.219502
0.215312
0.211131
0.206963
0.202806
0.198663
0.194534
0.190419
0.18632
0.182237
0.178172
0.174124
0.170095
0.166086
0.162097
0.158129
0.154183
0.15026
0.14636
0.142484
0.138633
0.134808
0.13101
0.127239
0.123496
0.119781
0.116096
0.112442
0.108818
0.105225
0.101665
0.0981381
0.0946446
0.0911854
0.0877611
0.0843724
0.0810198
0.0777041
0.0744257
0.0711854
0.0679836
0.064821
0.061698
0.0586152
0.0555731
0.0525723
0.0496132
0.0466962
0.043822
0.0409908
0.0382031
0.0354593
0.0327599
0.0301052
0.0274955
0.0249313
0.0224127
0.0199403
0.0175141
0.0151345
0.0128018
0.0105162
0.00827795
0.00608718
0.00394412
0.00184891
-0.00019829
-0.00219735
-0.00414817
-0.00605065
-0.00790474
-0.00971036
-0.0114675
-0.0131761
-0.0148363
-0.0164479
-0.0180111
-0.019526
-0.0209926
-0.0224109
-0.0237812
-0.0251036
-0.0263781
-0.0276051
-0.0287846
-0.0299169
-0.0310022
-0.0320407
-0.0330328
-0.0339787
-0.0348786
-0.035733
-0.036542
-0.0373062
-0.0380258
-0.0387012
-0.0393328
-0.039921
-0.0404663
-0.0409691
-0.0414298
-0.0418489
-0.042227
-0.0425644
-0.0428617
-0.0431195
-0.0433383
-0.0435186
-0.0436609
-0.043766
-0.0438343
-0.0438665
-0.0438631
-0.0438248
-0.0437522
-0.0436461
-0.0435069
-0.0433354
-0.0431322
-0.0428981
-0.0426336
-0.0423396
-0.0420167
-0.0416656
-0.041287
-0.0408816
-0.0404502
-0.0399935
-0.0395123
-0.0390072
-0.038479
-0.0379285
-0.0373564
-0.0367635
-0.0361505
-0.0355181
-0.0348672
-0.0341985
-0.0335128
-0.0328107
-0.0320932
-0.0313609
-0.0306145
-0.0298549
-0.0290828
-0.028299
-0.0275042
-0.0266991
-0.0258845
-0.0250612
-0.0242298
-0.0233911
-0.0225459
-0.0216947
-0.0208385
-0.0199778
-0.0191134
-0.0182459
-0.0173761
-0.0165046
-0.0156322
-0.0147593
-0.0138869
-0.0130154
-0.0121455
-0.0112778
-0.010413
-0.00955167
-0.0086944
-0.00784179
-0.00699442
-0.00615284
-0.00531763
-0.00448931
-0.00366844
-0.00285551
-0.00205105
-0.00125556
-0.000469508
0.000306624
0.00107238
0.00182731
0.00257099
0.00330299
0.00402292
0.00473037
0.00542496
0.00610634
0.00677415
0.00742805
0.00806773
0.00869286
0.00930316
0.00989834
0.0104781
0.0110423
0.0115906
0.0121228
0.0126387
0.0131381
0.0136208
0.0140866
0.0145355
0.0149672
0.0153816
0.0157787
0.0161582
0.0165203
0.0168647
0.0171914
0.0175004
0.0177917
0.0180652
0.0183209
0.0185589
0.0187791
0.0189817
0.0191666
0.019334
0.0194838
0.0196163
0.0197314
0.0198293
0.0199102
0.0199741
0.0200212
0.0200517
0.0200657
0.0200634
0.020045
0.0200106
0.0199606
0.0198951
0.0198144
0.0197186
0.019608
0.019483
0.0193436
0.0191903
0.0190232
0.0188428
0.0186491
0.0184427
0.0182237
0.0179925
0.0177494
0.0174947
0.0172287
0.0169518
0.0166643
0.0163666
0.016059
0.0157419
0.0154156
0.0150804
0.0147368
0.0143851
0.0140256
0.0136588
0.013285
0.0129045
0.0125178
0.0121252
0.0117271
0.0113239
0.0109159
0.0105035
0.0100871
0.0096671
0.00924382
0.00881765
0.00838896
0.00795812
0.00752549
0.00709143
0.00665631
0.00622048
0.0057843
0.00534812
0.00491228
0.00447714
0.00404303
0.00361028
0.00317923
0.0027502
0.00232351
0.00189949
0.00147843
0.00106065
0.000646449
0.000236114
-0.000170061
-0.0005718
-0.000968823
-0.00136087
-0.00174766
-0.00212896
-0.00250451
-0.00287408
-0.00323742
-0.00359431
-0.00394453
-0.00428788
-0.00462414
-0.00495313
-0.00527464
-0.00558851
-0.00589456
-0.00619262
-0.00648254
-0.00676417
-0.00703737
-0.00730201
-0.00755797
-0.00780512
-0.00804337
-0.0082726
-0.00849274
-0.00870371
-0.00890541
-0.0090978
-0.00928081
-0.00945439
-0.0096185
-0.00977311
-0.0099182
-0.0100537
-0.0101797
-0.0102962
-0.010403
-0.0105004
-0.0105882
-0.0106666
-0.0107355
-0.010795
-0.0108452
-0.0108861
-0.0109177
-0.0109402
-0.0109537
-0.0109581
-0.0109537
-0.0109405
-0.0109185
-0.010888
-0.0108491
-0.0108018
-0.0107463
-0.0106828
-0.0106113
-0.010532
-0.0104451
-0.0103507
-0.010249
-0.0101402
-0.0100244
-0.00990174
-0.00977247
-0.00963675
-0.00949476
-0.00934669
-0.00919273
-0.00903309
-0.00886794
-0.0086975
-0.00852196
-0.00834154
-0.00815643
-0.00796685
-0.00777301
-0.00757512
-0.00737339
-0.00716803
-0.00695927
-0.00674732
-0.00653239
-0.0063147
-0.00609448
-0.00587193
-0.00564728
-0.00542074
-0.00519252
-0.00496285
-0.00473194
-0.00450001
-0.00426725
-0.0040339
-0.00380015
-0.00356621
-0.00333229
-0.0030986
-0.00286533
-0.00263269
-0.00240086
-0.00217006
-0.00194045
-0.00171225
-0.00148562
-0.00126076
-0.00103783
-0.000817028
-0.000598508
-0.000382445
-0.000169001
4.16627e-05
0.00024939
0.000454031
0.000655434
0.00085346
0.00104797
0.00123882
0.00142589
0.00160906
0.0017882
0.00196319
0.00213393
0.00230031
0.00246222
0.00261958
0.00277229
0.00292027
0.00306344
0.00320171
0.00333502
0.00346331
0.00358651
0.00370457
0.00381745
0.00392508
0.00402745
0.00412451
0.00421623
0.0043026
0.00438358
0.00445918
0.00452938
0.00459418
0.00465358
0.00470759
0.00475622
0.00479948
0.00483741
0.00487002
0.00489734
0.00491942
0.00493629
0.004948
0.00495459
0.00495613
0.00495266
0.00494426
0.00493098
0.0049129
0.00489009
0.00486263
0.0048306
0.00479408
0.00475318
0.00470797
0.00465854
0.00460502
0.00454748
0.00448604
0.0044208
0.00435187
0.00427938
0.00420342
0.00412412
0.00404159
0.00395597
0.00386736
0.00377591
0.00368172
0.00358494
0.00348569
0.0033841
0.00328031
0.00317444
0.00306664
0.00295703
0.00284575
0.00273294
0.00261873
0.00250326
0.00238666
0.00226908
0.00215064
0.00203149
0.00191175
0.00179157
0.00167107
0.0015504
0.00142967
0.00130904
0.00118861
0.00106853
0.000948915
0.000829897
0.000711599
0.000594143
0.00047765
0.000362237
0.000248022
0.00013512
2.36413e-05
-8.63031e-05
-0.000194606
-0.000301163
-0.000405872
-0.000508633
-0.00060935
-0.000707927
-0.000804276
-0.000898308
-0.000989936
-0.00107908
-0.00116566
-0.00124961
-0.00133084
-0.0014093
-0.00148491
-0.00155762
-0.00162736
-0.00169409
-0.00175774
-0.00181828
-0.00187565
-0.00192982
-0.00198076
-0.00202842
-0.00207278
-0.00211382
-0.0021515
-0.00218582
-0.00221675
-0.0022443
-0.00226844
-0.00228918
-0.00230652
-0.00232045
-0.002331
-0.00233816
-0.00234196
-0.00234241
-0.00233953
-0.00233335
-0.0023239
-0.0023112
-0.0022953
-0.00227623
-0.00225404
-0.00222876
-0.00220045
-0.00216916
-0.00213495
-0.00209786
-0.00205795
-0.0020153
-0.00196997
-0.00192202
-0.00187153
-0.00181856
-0.0017632
-0.00170551
-0.00164559
-0.00158351
-0.00151935
-0.00145321
-0.00138516
-0.00131531
-0.00124373
-0.00117053
-0.00109579
-0.00101962
-0.000942107
-0.00086335
-0.000783449
-0.000702504
-0.000620615
-0.000537885
-0.000454415
-0.000370307
-0.000285666
-0.000200593
-0.000115194
-2.95712e-05
5.61714e-05
0.000141929
0.000227601
0.000313081
0.000398269
0.000483061
0.000567356
0.000651054
0.000734054
0.000816256
0.000897564
0.00097788
0.00105711
0.00113515
0.00121192
0.00128733
0.00136127
0.00143368
0.00150445
0.0015735
0.00164075
0.00170612
0.00176954
0.00183092
0.00189018
0.00194727
0.0020021
0.00205462
0.00210475
0.00215243
0.00219761
0.00224022
0.00228022
0.00231755
0.00235216
0.00238401
0.00241306
0.00243926
0.00246257
0.00248297
0.00250042
0.0025149
0.00252638
0.00253484
0.00254026
0.00254263
0.00254193
0.00253816
0.0025313
0.00252137
0.00250836
0.00249227
0.00247311
0.00245089
0.00242563
0.00239734
0.00236605
0.00233177
0.00229453
0.00225437
0.00221131
0.0021654
0.00211666
0.00206515
0.0020109
0.00195396
0.00189439
0.00183224
0.00176756
0.00170041
0.00163085
0.00155895
0.00148477
0.00140839
0.00132987
0.00124928
0.00116671
0.00108223
0.000995912
0.000907851
0.000818126
0.000726823
0.00063403
0.000539836
0.000444332
0.000347611
0.000249766
0.000150895
5.10902e-05
-4.95456e-05
-0.000150918
-0.000252922
-0.000355462
-0.000458434
-0.000561733
-0.000665262
-0.000768912
-0.000872581
-0.000976166
-0.00107956
-0.00118266
-0.00128536
-0.00138756
-0.00148915
-0.00159003
-0.0016901
-0.00178924
-0.00188736
-0.00198436
-0.00208013
-0.00217458
-0.00226761
-0.00235911
-0.00244899
-0.00253715
-0.0026235
-0.00270795
-0.0027904
-0.00287076
-0.00294895
-0.00302487
-0.00309845
-0.0031696
-0.00323824
-0.00330428
-0.00336767
-0.00342831
-0.00348613
-0.00354108
-0.00359307
-0.00364205
-0.00368796
-0.00373072
-0.0037703
-0.00380662
-0.00383965
-0.00386933
-0.00389563
-0.00391848
-0.00393787
-0.00395374
-0.00396607
-0.00397483
-0.00397999
-0.00398153
-0.00397942
-0.00397365
-0.00396421
-0.00395109
-0.00393427
-0.00391376
-0.00388955
-0.00386165
-0.00383007
-0.0037948
-0.00375588
-0.0037133
-0.0036671
-0.0036173
-0.00356391
-0.00350698
-0.00344654
-0.00338262
-0.00331526
-0.0032445
-0.0031704
-0.00309299
-0.00301234
-0.00292849
-0.00284152
-0.00275147
-0.00265841
-0.00256241
-0.00246355
-0.00236189
-0.0022575
-0.00215048
-0.0020409
-0.00192884
-0.00181439
-0.00169764
-0.00157867
-0.0014576
-0.00133449
-0.00120947
-0.00108262
-0.000954047
-0.000823857
-0.000692152
-0.000559042
-0.000424633
-0.000289036
-0.000152365
-1.47277e-05
0.000123755
0.000262973
0.000402808
0.000543142
0.000683858
0.000824837
0.000965956
0.0011071
0.00124814
0.00138897
0.00152946
0.00166948
0.00180892
0.00194766
0.00208557
0.00222253
0.00235843
0.00249314
0.00262654
0.00275852
0.00288896
0.00301773
0.00314473
0.00326983
0.00339294
0.00351392
0.00363268
0.0037491
0.00386307
0.00397449
0.00408326
0.00418926
0.00429241
0.0043926
0.00448973
0.00458372
0.00467447
0.00476189
0.00484589
0.0049264
0.00500332
0.00507658
0.00514611
0.00521182
0.00527366
0.00533155
0.00538543
0.00543524
0.00548092
0.00552241
0.00555967
0.00559265
0.0056213
0.00564558
0.00566545
0.00568089
0.00569186
0.00569833
0.00570028
0.00569769
0.00569055
0.00567884
0.00566256
0.0056417
0.00561625
0.00558624
0.00555165
0.0055125
0.00546881
0.0054206
0.00536788
0.00531068
0.00524903
0.00518297
0.00511253
0.00503776
0.00495869
0.00487538
0.00478788
0.00469624
0.00460052
0.00450079
0.0043971
0.00428954
0.00417817
0.00406307
0.00394432
0.003822
0.0036962
0.00356701
0.00343451
0.00329881
0.00315999
0.00301817
0.00287345
0.00272592
0.00257571
0.00242292
0.00226766
0.00211005
0.00195021
0.00178826
0.00162433
0.00145853
0.00129099
0.00112184
0.000951212
0.000779236
0.000606044
0.000431771
0.000256551
8.05228e-05
-9.6178e-05
-0.000273413
-0.00045104
-0.000628923
-0.000806919
-0.000984886
-0.00116269
-0.00134017
-0.00151721
-0.00169364
-0.00186935
-0.00204417
-0.00221797
-0.00239061
-0.00256195
-0.00273185
-0.00290017
-0.00306677
-0.00323151
-0.00339427
-0.00355489
-0.00371326
-0.00386923
-0.00402268
-0.00417348
-0.0043215
-0.00446662
-0.00460871
-0.00474765
-0.00488333
-0.00501562
-0.00514442
-0.0052696
-0.00539107
-0.00550871
-0.00562242
-0.0057321
-0.00583766
-0.00593899
-0.00603601
-0.00612862
-0.00621674
-0.0063003
-0.0063792
-0.00645338
-0.00652276
-0.00658728
-0.00664687
-0.00670148
-0.00675103
-0.00679549
-0.0068348
-0.00686891
-0.00689779
-0.0069214
-0.00693971
-0.00695268
-0.0069603
-0.00696253
-0.00695937
-0.00695081
-0.00693683
-0.00691743
-0.00689261
-0.00686238
-0.00682674
-0.00678572
-0.00673932
-0.00668756
-0.00663049
-0.00656812
-0.00650048
-0.00642763
-0.0063496
-0.00626644
-0.0061782
-0.00608493
-0.0059867
-0.00588357
-0.0057756
-0.00566287
-0.00554546
-0.00542344
-0.00529689
-0.00516591
-0.00503058
-0.00489099
-0.00474725
-0.00459946
-0.00444772
-0.00429213
-0.00413281
-0.00396988
-0.00380345
-0.00363364
-0.00346057
-0.00328437
-0.00310517
-0.0029231
-0.0027383
-0.00255089
-0.00236103
-0.00216884
-0.00197448
-0.00177808
-0.0015798
-0.00137979
-0.00117819
-0.000975149
-0.000770831
-0.000565389
-0.000358975
-0.000151748
5.61325e-05
0.000264511
0.000473226
0.000682117
0.000891025
0.00109979
0.00130824
0.00151623
0.00172359
0.00193016
0.00213578
0.00234029
0.00254353
0.00274534
0.00294556
0.00314403
0.0033406
0.00353511
0.00372741
0.00391734
0.00410476
0.00428952
0.00447145
0.00465043
0.00482631
0.00499894
0.00516819
0.00533391
0.00549598
0.00565426
0.00580862
0.00595893
0.00610508
0.00624694
0.00638438
0.00651731
0.0066456
0.00676915
0.00688785
0.00700161
0.00711032
0.00721389
0.00731223
0.00740526
0.00749288
0.00757504
0.00765164
0.00772263
0.00778793
0.00784748
0.00790123
0.00794912
0.00799111
0.00802715
0.0080572
0.00808123
0.0080992
0.00811109
0.00811688
0.00811656
0.0081101
0.00809751
0.00807878
0.00805392
0.00802292
0.00798581
0.00794259
0.0078933
0.00783795
0.00777658
0.00770922
0.00763591
0.00755669
0.00747162
0.00738075
0.00728414
0.00718185
0.00707394
0.00696049
0.00684158
0.00671728
0.00658768
0.00645287
0.00631294
0.00616799
0.00601812
0.00586344
0.00570404
0.00554006
0.00537159
0.00519877
0.00502171
0.00484055
0.00465541
0.00446642
0.00427373
0.00407747
0.00387779
0.00367483
0.00346874
0.00325967
0.00304778
0.00283322
0.00261614
0.00239672
0.0021751
0.00195146
0.00172597
0.00149878
0.00127008
0.00104002
0.00080879
0.000576554
0.000343488
0.000109769
-0.000124428
-0.000358926
-0.000593548
-0.000828116
-0.00106245
-0.00129638
-0.00152972
-0.00176229
-0.00199392
-0.00222443
-0.00245365
-0.00268139
-0.00290748
-0.00313175
-0.00335403
-0.00357415
-0.00379192
-0.0040072
-0.0042198
-0.00442956
-0.00463633
-0.00483993
-0.00504022
-0.00523703
-0.0054302
-0.00561959
-0.00580505
-0.00598643
-0.00616359
-0.00633638
-0.00650468
-0.00666834
-0.00682723
-0.00698123
-0.00713021
-0.00727405
-0.00741264
-0.00754587
-0.00767361
-0.00779578
-0.00791226
-0.00802297
-0.0081278
-0.00822668
-0.00831951
-0.00840623
-0.00848674
-0.00856099
-0.00862891
-0.00869044
-0.00874551
-0.00879409
-0.00883613
-0.00887157
-0.0089004
-0.00892256
-0.00893805
-0.00894684
-0.0089489
-0.00894424
-0.00893284
-0.0089147
-0.00888983
-0.00885824
-0.00881993
-0.00877494
-0.00872327
-0.00866498
-0.00860008
-0.00852861
-0.00845063
-0.00836619
-0.00827532
-0.00817811
-0.0080746
-0.00796488
-0.00784901
-0.00772707
-0.00759915
-0.00746533
-0.00732571
-0.00718039
-0.00702946
-0.00687303
-0.00671122
-0.00654414
-0.0063719
-0.00619463
-0.00601245
-0.0058255
-0.00563392
-0.00543783
-0.00523738
-0.00503272
-0.00482399
-0.00461135
-0.00439495
-0.00417495
-0.00395151
-0.00372479
-0.00349496
-0.0032622
-0.00302666
-0.00278852
-0.00254797
-0.00230517
-0.00206031
-0.00181357
-0.00156513
-0.00131518
-0.0010639
-0.000811485
-0.000558116
-0.000303987
-4.92832e-05
0.000205797
0.000461071
0.00071634
0.000971415
0.0012261
0.00148021
0.00173356
0.00198593
0.00223716
0.00248704
0.0027354
0.00298203
0.00322675
0.00346938
0.00370973
0.00394761
0.00418285
0.00441527
0.00464468
0.00487092
0.0050938
0.00531316
0.00552883
0.00574063
0.00594842
0.00615202
0.00635128
0.00654604
0.00673615
0.00692147
0.00710185
0.00727714
0.00744722
0.00761194
0.00777118
0.0079248
0.0080727
0.00821475
0.00835083
0.00848084
0.00860468
0.00872224
0.00883343
0.00893816
0.00903634
0.00912789
0.00921273
0.0092908
0.00936202
0.00942634
0.0094837
0.00953405
0.00957734
0.00961354
0.0096426
0.0096645
0.00967921
0.00968672
0.00968702
0.00968008
0.00966591
0.00964452
0.00961591
0.00958009
0.00953708
0.00948692
0.00942962
0.00936522
0.00929377
0.00921531
0.00912989
0.00903756
0.0089384
0.00883246
0.00871982
0.00860055
0.00847474
0.00834248
0.00820386
0.00805896
0.00790791
0.0077508
0.00758774
0.00741886
0.00724426
0.00706408
0.00687844
0.00668749
0.00649134
0.00629016
0.00608408
0.00587324
0.00565782
0.00543795
0.00521381
0.00498555
0.00475335
0.00451736
0.00427777
0.00403475
0.00378847
0.00353913
0.0032869
0.00303196
0.00277452
0.00251475
0.00225285
0.00198901
0.00172343
0.00145631
0.00118784
0.000918222
0.000647658
0.00037635
0.000104499
-0.000167692
-0.000440019
-0.000712279
-0.00098427
-0.00125578
-0.00152662
-0.00179658
-0.00206545
-0.00233304
-0.00259914
-0.00286355
-0.00312608
-0.00338652
-0.00364468
-0.00390036
-0.00415338
-0.00440353
-0.00465063
-0.00489449
-0.00513493
-0.00537176
-0.0056048
-0.00583388
-0.00605882
-0.00627945
-0.00649559
-0.00670709
-0.00691378
-0.00711551
-0.00731211
-0.00750343
-0.00768934
-0.00786968
-0.00804431
-0.00821311
-0.00837593
-0.00853265
-0.00868315
-0.00882731
-0.00896502
-0.00909617
-0.00922065
-0.00933837
-0.00944923
-0.00955314
-0.00965003
-0.0097398
-0.00982239
-0.00989773
-0.00996576
-0.0100264
-0.0100797
-0.0101254
-0.0101637
-0.0101944
-0.0102176
-0.0102331
-0.0102411
-0.0102414
-0.010234
-0.0102191
-0.0101965
-0.0101663
-0.0101285
-0.0100831
-0.0100302
-0.0099697
-0.00990175
-0.00982637
-0.00974361
-0.00965351
-0.00955614
-0.00945157
-0.00933987
-0.00922112
-0.00909539
-0.00896279
-0.00882339
-0.00867731
-0.00852463
-0.00836548
-0.00819997
-0.0080282
-0.00785032
-0.00766644
-0.0074767
-0.00728123
-0.00708017
-0.00687368
-0.0066619
-0.00644498
-0.00622309
-0.00599638
-0.00576502
-0.00552917
-0.00528902
-0.00504474
-0.0047965
-0.00454448
-0.00428888
-0.00402988
-0.00376768
-0.00350245
-0.00323441
-0.00296374
-0.00269065
-0.00241535
-0.00213802
-0.00185888
-0.00157814
-0.001296
-0.00101267
-0.000728364
-0.000443295
-0.000157669
0.000128295
0.00041439
0.000700398
0.000986108
0.00127131
0.00155578
0.00183932
0.00212171
0.00240273
0.00268219
0.00295986
0.00323555
0.00350904
0.00378013
0.00404861
0.00431429
0.00457695
0.00483642
0.00509248
0.00534494
0.00559363
0.00583833
0.00607888
0.00631509
0.00654678
0.00677377
0.00699589
0.00721298
0.00742486
0.00763138
0.00783238
0.0080277
0.0082172
0.00840072
0.00857814
0.0087493
0.00891409
0.00907237
0.00922401
0.00936892
0.00950696
0.00963803
0.00976204
0.00987887
0.00998845
0.0100907
0.0101855
0.0102728
0.0103525
0.0104246
0.010489
0.0105457
0.0105945
0.0106355
0.0106687
0.0106939
0.0107112
0.0107206
0.010722
0.0107154
0.0107009
0.0106784
0.0106479
0.0106096
0.0105633
0.0105091
0.0104471
0.0103773
0.0102998
0.0102145
0.0101216
0.0100211
0.00991314
0.00979771
0.00967493
0.00954488
0.00940766
0.00926336
0.00911208
0.00895394
0.00878905
0.00861752
0.00843948
0.00825506
0.0080644
0.00786762
0.00766487
0.0074563
0.00724206
0.0070223
0.0067972
0.0065669
0.00633158
0.00609142
0.00584658
0.00559724
0.0053436
0.00508583
0.00482412
0.00455867
0.00428967
0.00401732
0.00374183
0.00346338
0.0031822
0.00289848
0.00261243
0.00232428
0.00203422
0.00174248
0.00144927
0.00115481
0.000859318
0.000563012
0.000266111
-3.11635e-05
-0.000328589
-0.000625947
-0.000923015
-0.00121957
-0.00151539
-0.00181027
-0.00210396
-0.00239627
-0.00268697
-0.00297584
-0.00326266
-0.00354723
-0.00382933
-0.00410875
-0.00438527
-0.0046587
-0.00492882
-0.00519543
-0.00545834
-0.00571735
-0.00597225
-0.00622286
-0.006469
-0.00671047
-0.00694709
-0.00717868
-0.00740507
-0.00762609
-0.00784157
-0.00805134
-0.00825525
-0.00845315
-0.00864488
-0.00883029
-0.00900924
-0.00918161
-0.00934725
-0.00950604
-0.00965786
-0.00980259
-0.00994011
-0.0100703
-0.0101931
-0.0103085
-0.0104162
-0.0105162
-0.0106085
-0.010693
-0.0107695
-0.0108381
-0.0108987
-0.0109513
-0.0109957
-0.011032
-0.0110601
-0.01108
-0.0110917
-0.0110952
-0.0110904
-0.0110774
-0.0110562
-0.0110267
-0.0109891
-0.0109432
-0.0108892
-0.0108271
-0.010757
-0.0106788
-0.0105926
-0.0104985
-0.0103966
-0.0102869
-0.0101695
-0.0100445
-0.00991199
-0.00977204
-0.00962477
-0.00947027
-0.00930867
-0.00914007
-0.0089646
-0.00878238
-0.00859355
-0.00839825
-0.00819661
-0.00798878
-0.00777492
-0.00755518
-0.00732972
-0.00709871
-0.00686231
-0.0066207
-0.00637405
-0.00612255
-0.00586637
-0.00560572
-0.00534077
-0.00507173
-0.00479879
-0.00452216
-0.00424203
-0.00395861
-0.00367212
-0.00338276
-0.00309075
-0.0027963
-0.00249963
-0.00220097
-0.00190052
-0.00159852
-0.00129518
-0.000990737
-0.000685411
-0.000379428
-7.30181e-05
0.000233596
0.000540182
0.000846514
0.00115237
0.00145751
0.00176171
0.00206476
0.00236641
0.00266645
0.00296466
0.0032608
0.00355467
0.00384604
0.00413469
0.0044204
0.00470298
0.00498219
0.00525784
0.00552971
0.00579761
0.00606133
0.00632068
0.00657546
0.00682548
0.00707054
0.00731048
0.0075451
0.00777423
0.0079977
0.00821534
0.00842699
0.00863247
0.00883165
0.00902437
0.00921048
0.00938984
0.00956232
0.00972778
0.0098861
0.0100372
0.0101808
0.010317
0.0104456
0.0105666
0.0106797
0.0107849
0.0108822
0.0109715
0.0110527
0.0111257
0.0111905
0.0112471
0.0112953
0.0113351
0.0113666
0.0113897
0.0114043
0.0114104
0.0114082
0.0113974
0.0113782
0.0113505
0.0113145
0.01127
0.0112171
0.0111559
0.0110864
0.0110087
0.0109227
0.0108287
0.0107265
0.0106164
0.0104983
0.0103724
0.0102388
0.0100975
0.00994873
0.00979247
0.00962889
0.00945811
0.00928024
0.00909542
0.00890379
0.00870547
0.00850063
0.0082894
0.00807193
0.0078484
0.00761896
0.00738379
0.00714304
0.0068969
0.00664556
0.00638919
0.00612798
0.00586213
0.00559182
0.00531727
0.00503867
0.00475623
0.00447015
0.00418065
0.00388793
0.00359222
0.00329374
0.0029927
0.00268933
0.00238385
0.00207648
0.00176746
0.00145701
0.00114537
0.000832759
0.000519414
0.000205567
-0.00010855
-0.000422702
-0.000736659
-0.00105018
-0.00136305
-0.00167502
-0.00198586
-0.00229535
-0.00260324
-0.00290932
-0.00321336
-0.00351512
-0.00381439
-0.00411094
-0.00440454
-0.00469499
-0.00498207
-0.00526555
-0.00554524
-0.00582091
-0.00609236
-0.0063594
-0.00662182
-0.00687942
-0.00713202
-0.00737941
-0.00762143
-0.00785788
-0.00808859
-0.00831338
-0.00853209
-0.00874455
-0.00895061
-0.0091501
-0.00934287
-0.00952879
-0.00970771
-0.0098795
-0.010044
-0.0102012
-0.0103508
-0.0104928
-0.0106271
-0.0107535
-0.010872
-0.0109825
-0.0110849
-0.0111791
-0.0112651
-0.0113427
-0.011412
-0.0114728
-0.0115251
-0.0115689
-0.0116042
-0.0116309
-0.0116489
-0.0116583
-0.0116591
-0.0116512
-0.0116347
-0.0116096
-0.0115759
-0.0115335
-0.0114826
-0.0114232
-0.0113553
-0.011279
-0.0111942
-0.0111012
-0.0109998
-0.0108903
-0.0107727
-0.0106471
-0.0105135
-0.0103721
-0.010223
-0.0100662
-0.00990194
-0.00973028
-0.00955135
-0.00936528
-0.00917221
-0.00897228
-0.00876564
-0.00855244
-0.00833283
-0.00810697
-0.00787504
-0.00763719
-0.00739361
-0.00714447
-0.00688997
-0.00663027
-0.00636558
-0.00609609
-0.005822
-0.0055435
-0.00526082
-0.00497414
-0.00468369
-0.00438968
-0.00409233
-0.00379185
-0.00348847
-0.00318241
-0.0028739
-0.00256317
-0.00225044
-0.00193594
-0.00161992
-0.0013026
-0.000984223
-0.000665016
-0.000345223
-2.50744e-05
0.000295187
0.000615326
0.000935107
0.00125429
0.00157264
0.00188991
0.00220588
0.00252032
0.00283297
0.00314362
0.00345203
0.00375798
0.00406123
0.00436156
0.00465875
0.00495257
0.00524281
0.00552925
0.00581167
0.00608987
0.00636364
0.00663277
0.00689707
0.00715633
0.00741036
0.00765898
0.007902
0.00813923
0.00837049
0.00859562
0.00881445
0.00902681
0.00923254
0.00943149
0.0096235
0.00980845
0.00998617
0.0101566
0.0103195
0.0104748
0.0106223
0.0107621
0.0108939
0.0110177
0.0111334
0.0112408
0.01134
0.0114307
0.0115131
0.0115869
0.0116522
0.0117088
0.0117568
0.0117961
0.0118267
0.0118485
0.0118615
0.0118658
0.0118613
0.011848
0.0118259
0.011795
0.0117554
0.0117071
0.0116501
0.0115844
0.0115102
0.0114274
0.0113361
0.0112364
0.0111283
0.011012
0.0108875
0.0107549
0.0106143
0.0104658
0.0103095
0.0101456
0.00997403
0.00979508
0.00960883
0.00941541
0.00921497
0.00900765
0.00879361
0.008573
0.00834599
0.00811274
0.00787342
0.00762821
0.00737729
0.00712085
0.00685907
0.00659214
0.00632026
0.00604364
0.00576247
0.00547697
0.00518734
0.0048938
0.00459656
0.00429585
0.00399188
0.00368488
0.00337508
0.00306271
0.00274799
0.00243116
0.00211246
0.00179211
0.00147036
0.00114745
0.000823613
0.000499087
0.000174117
-0.000151061
-0.000476201
-0.000801065
-0.00112541
-0.001449
-0.00177159
-0.00209294
-0.00241282
-0.00273099
-0.0030472
-0.00336123
-0.00367285
-0.00398181
-0.0042879
-0.00459088
-0.00489053
-0.00518662
-0.00547894
-0.00576727
-0.0060514
-0.0063311
-0.00660618
-0.00687643
-0.00714165
-0.00740164
-0.0076562
-0.00790515
-0.0081483
-0.00838547
-0.00861648
-0.00884117
-0.00905935
-0.00927087
-0.00947558
-0.00967331
-0.00986392
-0.0100473
-0.0102232
-0.0103916
-0.0105524
-0.0107054
-0.0108504
-0.0109875
-0.0111165
-0.0112372
-0.0113497
-0.0114538
-0.0115494
-0.0116365
-0.011715
-0.0117848
-0.011846
-0.0118983
-0.0119419
-0.0119766
-0.0120025
-0.0120195
-0.0120276
-0.0120267
-0.012017
-0.0119984
-0.0119709
-0.0119345
-0.0118893
-0.0118352
-0.0117724
-0.0117008
-0.0116206
-0.0115318
-0.0114344
-0.0113285
-0.0112142
-0.0110915
-0.0109606
-0.0108216
-0.0106746
-0.0105196
-0.0103568
-0.0101863
-0.0100082
-0.00982264
-0.00962979
-0.00942978
-0.00922274
-0.00900884
-0.00878821
-0.00856104
-0.00832749
-0.00808772
-0.00784192
-0.00759026
-0.00733293
-0.00707012
-0.00680203
-0.00652885
-0.00625078
-0.00596803
-0.0056808
-0.00538931
-0.00509378
-0.00479442
-0.00449145
-0.0041851
-0.00387559
-0.00356315
-0.00324802
-0.00293042
-0.00261059
-0.00228877
-0.00196519
-0.00164009
-0.00131373
-0.000986323
-0.000658129
-0.000329386
-3.39908e-07
0.000328769
0.000657695
0.000986194
0.00131402
0.00164094
0.0019667
0.00229107
0.0026138
0.00293465
0.00325339
0.00356977
0.00388358
0.00419456
0.00450249
0.00480715
0.0051083
0.00540572
0.00569919
0.0059885
0.00627342
0.00655375
0.00682928
0.0070998
0.00736511
0.00762502
0.00787932
0.00812784
0.00837039
0.00860677
0.00883683
0.00906039
0.00927727
0.00948733
0.0096904
0.00988633
0.010075
0.0102562
0.0104298
0.0105958
0.010754
0.0109042
0.0110463
0.0111804
0.0113061
0.0114235
0.0115325
0.0116329
0.0117248
0.011808
0.0118825
0.0119481
0.012005
0.012053
0.012092
0.0121221
0.0121433
0.0121554
0.0121586
0.0121528
0.0121379
0.0121141
0.0120813
0.0120395
0.0119889
0.0119293
0.0118609
0.0117838
0.0116979
0.0116033
0.0115001
0.0113884
0.0112682
0.0111397
0.0110029
0.0108579
0.0107049
0.0105439
0.0103751
0.0101986
0.0100145
0.009823
0.00962417
0.00941819
0.00920521
0.00898538
0.00875887
0.00852584
0.00828646
0.00804091
0.00778937
0.00753203
0.00726908
0.0070007
0.0067271
0.00644848
0.00616505
0.00587701
0.00558458
0.00528798
0.00498741
0.00468311
0.0043753
0.0040642
0.00375005
0.00343308
0.00311352
0.00279161
0.00246759
0.00214169
0.00181416
0.00148524
0.00115518
0.000824211
0.000492588
0.000160552
-0.00017165
-0.000503771
-0.000835567
-0.00116679
-0.0014972
-0.00182654
-0.00215458
-0.00248107
-0.00280577
-0.00312844
-0.00344883
-0.00376672
-0.00408187
-0.00439403
-0.00470299
-0.00500851
-0.00531036
-0.00560832
-0.00590217
-0.00619169
-0.00647667
-0.0067569
-0.00703216
-0.00730225
-0.00756697
-0.00782613
-0.00807953
-0.00832699
-0.00856831
-0.00880332
-0.00903185
-0.00925372
-0.00946878
-0.00967685
-0.00987779
-0.0100714
-0.0102577
-0.0104363
-0.0106073
-0.0107704
-0.0109256
-0.0110727
-0.0112116
-0.0113423
-0.0114645
-0.0115783
-0.0116836
-0.0117802
-0.0118681
-0.0119473
-0.0120176
-0.012079
-0.0121315
-0.012175
-0.0122095
-0.0122349
-0.0122514
-0.0122587
-0.012257
-0.0122462
-0.0122264
-0.0121975
-0.0121595
-0.0121126
-0.0120567
-0.0119918
-0.0119181
-0.0118355
-0.0117442
-0.0116442
-0.0115355
-0.0114183
-0.0112927
-0.0111586
-0.0110163
-0.0108658
-0.0107073
-0.0105408
-0.0103665
-0.0101844
-0.00999488
-0.00979789
-0.00959364
-0.00938225
-0.0091639
-0.00893874
-0.00870694
-0.00846867
-0.00822411
-0.00797343
-0.00771682
-0.00745447
-0.00718657
-0.00691332
-0.00663493
-0.0063516
-0.00606353
-0.00577094
-0.00547405
-0.00517307
-0.00486823
-0.00455976
-0.00424788
-0.00393282
-0.00361481
-0.00329409
-0.0029709
-0.00264548
-0.00231806
-0.00198889
-0.00165821
-0.00132627
-0.000993317
-0.000659588
-0.000325337
9.1928e-06
0.00034375
0.000678089
0.00101196
0.00134512
0.00167732
0.00200832
0.00233786
0.0026657
0.00299161
0.00331534
0.00363665
0.0039553
0.00427106
0.00458368
0.00489295
0.00519863
0.0055005
0.00579832
0.00609189
0.00638097
0.00666536
0.00694485
0.00721923
0.0074883
0.00775184
0.00800968
0.00826162
0.00850747
0.00874705
0.00898018
0.00920668
0.0094264
0.00963916
0.00984481
0.0100432
0.0102342
0.0104176
0.0105933
0.0107612
0.0109212
0.0110731
0.0112168
0.0113522
0.0114792
0.0115978
0.0117078
0.0118091
0.0119017
0.0119855
0.0120604
0.0121265
0.0121835
0.0122316
0.0122706
0.0123005
0.0123213
0.012333
0.0123356
0.0123291
0.0123134
0.0122886
0.0122547
0.0122118
0.0121598
0.0120988
0.0120288
0.01195
0.0118623
0.0117658
0.0116606
0.0115467
0.0114243
0.0112935
0.0111543
0.0110068
0.0108511
0.0106874
0.0105158
0.0103364
0.0101493
0.00995469
0.0097527
0.00954348
0.00932718
0.00910396
0.00887398
0.00863742
0.00839445
0.00814524
0.00788999
0.00762888
0.0073621
0.00708985
0.00681234
0.00652976
0.00624232
0.00595024
0.00565374
0.00535303
0.00504833
0.00473988
0.00442789
0.0041126
0.00379424
0.00347305
0.00314927
0.00282312
0.00249487
0.00216474
0.00183299
0.00149985
0.00116557
0.000830411
0.000494608
0.000158414
-0.000177924
-0.000514156
-0.000850032
-0.00118531
-0.00151973
-0.00185305
-0.00218503
-0.00251541
-0.00284396
-0.00317043
-0.00349458
-0.00381617
-0.00413495
-0.0044507
-0.00476318
-0.00507216
-0.00537741
-0.0056787
-0.00597582
-0.00626853
-0.00655663
-0.00683989
-0.00711812
-0.00739109
-0.00765862
-0.0079205
-0.00817654
-0.00842655
-0.00867034
-0.00890773
-0.00913855
-0.00936262
-0.00957978
-0.00978987
-0.00999273
-0.0101882
-0.0103762
-0.0105565
-0.0107289
-0.0108935
-0.01105
-0.0111984
-0.0113385
-0.0114702
-0.0115934
-0.011708
-0.011814
-0.0119113
-0.0119997
-0.0120793
-0.01215
-0.0122116
-0.0122642
-0.0123078
-0.0123423
-0.0123676
-0.0123838
-0.0123908
-0.0123886
-0.0123773
-0.0123569
-0.0123272
-0.0122885
-0.0122407
-0.0121838
-0.0121179
-0.012043
-0.0119592
-0.0118665
-0.0117651
-0.011655
-0.0115362
-0.0114089
-0.0112731
-0.011129
-0.0109766
-0.0108161
-0.0106476
-0.0104712
-0.0102871
-0.0100953
-0.00989608
-0.0096895
-0.00947573
-0.00925495
-0.0090273
-0.00879297
-0.00855211
-0.00830491
-0.00805155
-0.00779223
-0.00752712
-0.00725643
-0.00698035
-0.00669909
-0.00641287
-0.00612188
-0.00582634
-0.00552648
-0.00522252
-0.00491467
-0.00460317
-0.00428825
-0.00397013
-0.00364907
-0.00332528
-0.00299902
-0.00267052
-0.00234003
-0.00200779
-0.00167405
-0.00133905
-0.00100304
-0.000666278
