-0.269815
-0.26711
99.4956
1.39928
1.37985
1.36016
1.34023
1.32006
1.29964
1.279
1.25812
1.23702
1.2157
1.19417
1.17242
1.15047
1.12832
1.10597
1.08344
1.06071
1.03781
1.01473
0.991477
0.968059
0.94448
0.920744
0.896856
0.872822
0.848647
0.824335
0.799891
0.775321
0.750629
0.725821
0.700901
0.675875
0.650747
0.625523
0.600208
0.574806
0.549323
0.523764
0.498134
0.472437
0.44668
0.420866
0.395001
0.369091
0.343139
0.317152
0.291133
0.265088
0.239023
0.212941
0.186848
0.160749
0.134649
0.108553
0.0824654
0.0563912
0.0303354
0.00430283
-0.0217016
-0.0476732
-0.073607
-0.0994983
-0.125342
-0.151134
-0.17687
-0.202544
-0.228151
-0.253688
-0.27915
-0.304532
-0.329829
-0.355037
-0.380152
-0.405168
-0.430082
-0.454889
-0.479585
-0.504165
-0.528625
-0.552961
-0.577168
-0.601242
-0.625179
-0.648975
-0.672626
-0.696127
-0.719475
-0.742666
-0.765695
-0.788558
-0.811253
-0.833774
-0.856118
-0.878282
-0.900261
-0.922052
-0.943651
-0.965055
-0.98626
-1.00726
-1.02806
-1.04865
-1.06902
-1.08918
-1.10912
-1.12884
-1.14833
-1.16759
-1.18662
-1.20542
-1.22397
-1.24229
-1.26036
-1.27819
-1.29576
-1.31309
-1.33016
-1.34697
-1.36352
-1.37981
-1.39583
-1.41159
-1.42708
-1.44229
-1.45723
-1.47189
-1.48628
-1.50038
-1.5142
-1.52774
-1.54098
-1.55394
-1.56661
-1.57899
-1.59107
-1.60286
-1.61435
-1.62554
-1.63643
-1.64702
-1.65731
-1.66729
-1.67696
-1.68633
-1.69539
-1.70415
-1.71259
-1.72072
-1.72854
-1.73605
-1.74324
-1.75012
-1.75668
-1.76293
-1.76886
-1.77448
-1.77978
-1.78476
-1.78942
-1.79377
-1.79779
-1.8015
-1.80489
-1.80797
-1.81072
-1.81315
-1.81527
-1.81707
-1.81855
-1.81972
-1.82056
-1.82109
-1.82131
-1.8212
-1.82079
-1.82006
-1.81901
-1.81765
-1.81598
-1.814
-1.81171
-1.80911
-1.8062
-1.80298
-1.79946
-1.79563
-1.7915
-1.78706
-1.78232
-1.77729
-1.77195
-1.76632
-1.7604
-1.75418
-1.74766
-1.74086
-1.73377
-1.72639
-1.71873
-1.71078
-1.70255
-1.69404
-1.68526
-1.6762
-1.66686
-1.65726
-1.64738
-1.63724
-1.62684
-1.61617
-1.60525
-1.59406
-1.58263
-1.57094
-1.55899
-1.54681
-1.53438
-1.5217
-1.50879
-1.49564
-1.48226
-1.46864
-1.4548
-1.44073
-1.42644
-1.41193
-1.3972
-1.38226
-1.36711
-1.35176
-1.3362
-1.32043
-1.30447
-1.28831
-1.27197
-1.25543
-1.23871
-1.22181
-1.20472
-1.18747
-1.17004
-1.15244
-1.13468
-1.11676
-1.09867
-1.08044
-1.06205
-1.04351
-1.02483
-1.00601
-0.987058
-0.967967
-0.948747
-0.929401
-0.909932
-0.890345
-0.870642
-0.850828
-0.830906
-0.81088
-0.790754
-0.770531
-0.750215
-0.72981
-0.70932
-0.688748
-0.668098
-0.647374
-0.62658
-0.60572
-0.584796
-0.563814
-0.542777
-0.521688
-0.500553
-0.479373
-0.458153
-0.436898
-0.41561
-0.394294
-0.372953
-0.351591
-0.330212
-0.30882
-0.287419
-0.266012
-0.244602
-0.223195
-0.201793
-0.180401
-0.159022
-0.137659
-0.116317
-0.0949995
-0.0737097
-0.0524516
-0.0312287
-0.0100449
0.0110964
0.0321914
0.0532366
0.0742283
0.095163
0.116037
0.136847
0.157589
0.17826
0.198857
0.219375
0.239812
0.260163
0.280426
0.300598
0.320674
0.340652
0.360527
0.380298
0.39996
0.419511
0.438947
0.458265
0.477461
0.496534
0.515479
0.534293
0.552974
0.571518
0.589923
0.608185
0.626302
0.644271
0.662089
0.679752
0.697259
0.714606
0.731791
0.748811
0.765663
0.782346
0.798855
0.815189
0.831345
0.847321
0.863114
0.878722
0.894142
0.909372
0.924411
0.939254
0.953901
0.96835
0.982597
0.996642
1.01048
1.02411
1.03754
1.05075
1.06375
1.07653
1.0891
1.10145
1.11358
1.12549
1.13717
1.14863
1.15987
1.17087
1.18165
1.19219
1.20251
1.21259
1.22243
1.23204
1.24141
1.25054
1.25944
1.26809
1.2765
1.28467
1.2926
1.30028
1.30772
1.31491
1.32185
1.32855
1.33499
1.34119
1.34714
1.35284
1.3583
1.3635
1.36844
1.37314
1.37759
1.38178
1.38572
1.38941
1.39285
1.39604
1.39897
1.40165
1.40408
1.40626
1.40818
1.40986
1.41128
1.41245
1.41337
1.41404
1.41446
1.41463
1.41455
1.41422
1.41364
1.41282
1.41175
1.41044
1.40888
1.40707
1.40503
1.40274
1.40021
1.39744
1.39443
1.39118
1.38769
1.38397
1.38002
1.37583
1.3714
1.36675
1.36187
1.35676
1.35142
1.34586
1.34007
1.33406
1.32783
1.32138
1.31472
1.30784
1.30074
1.29343
1.28591
1.27819
1.27025
1.26211
1.25377
1.24523
1.23649
1.22755
1.21842
1.20909
1.19957
1.18987
1.17998
1.1699
1.15964
1.14921
1.13859
1.1278
1.11684
1.10571
1.09441
1.08294
1.07131
1.05952
1.04757
1.03547
1.02321
1.01081
0.998253
0.985553
0.972711
0.959729
0.946609
0.933355
0.919969
0.906454
0.892813
0.879047
0.865162
0.851158
0.837038
0.822807
0.808465
0.794018
0.779466
0.764813
0.750062
0.735216
0.720278
0.705251
0.690137
0.67494
0.659662
0.644307
0.628877
0.613376
0.597806
0.582171
0.566473
0.550715
0.534901
0.519034
0.503116
0.48715
0.47114
0.455089
0.438999
0.422874
0.406716
0.390529
0.374316
0.358079
0.341822
0.325548
0.30926
0.29296
0.276653
0.26034
0.244024
0.22771
0.211399
0.195095
0.178801
0.16252
0.146254
0.130006
0.11378
0.0975787
0.0814045
0.0652606
0.0491497
0.0330749
0.0170389
0.00104468
-0.014905
-0.0308074
-0.0466595
-0.0624587
-0.0782021
-0.093887
-0.109511
-0.12507
-0.140563
-0.155987
-0.171338
-0.186615
-0.201815
-0.216934
-0.231971
-0.246923
-0.261787
-0.276561
-0.291242
-0.305828
-0.320317
-0.334705
-0.348991
-0.363172
-0.377245
-0.391209
-0.405062
-0.4188
-0.432421
-0.445924
-0.459306
-0.472565
-0.485698
-0.498705
-0.511582
-0.524327
-0.536939
-0.549415
-0.561754
-0.573953
-0.586011
-0.597925
-0.609695
-0.621317
-0.632791
-0.644114
-0.655285
-0.666302
-0.677164
-0.687868
-0.698414
-0.708799
-0.719022
-0.729082
-0.738977
-0.748706
-0.758267
-0.767659
-0.77688
-0.78593
-0.794808
-0.803511
-0.812039
-0.82039
-0.828564
-0.836559
-0.844375
-0.85201
-0.859464
-0.866735
-0.873823
-0.880727
-0.887445
-0.893978
-0.900324
-0.906483
-0.912454
-0.918237
-0.92383
-0.929234
-0.934448
-0.939471
-0.944304
-0.948944
-0.953393
-0.95765
-0.961714
-0.965586
-0.969265
-0.972751
-0.976044
-0.979143
-0.98205
-0.984763
-0.987283
-0.989609
-0.991743
-0.993683
-0.995431
-0.996986
-0.998349
-0.99952
-1.0005
-1.00129
-1.00188
-1.00229
-1.00251
-1.00253
-1.00237
-1.00202
-1.00148
-1.00076
-0.999844
-0.998746
-0.997463
-0.995997
-0.994347
-0.992514
-0.9905
-0.988305
-0.985931
-0.983378
-0.980647
-0.97774
-0.974658
-0.971401
-0.967971
-0.96437
-0.960597
-0.956656
-0.952546
-0.948269
-0.943827
-0.939222
-0.934453
-0.929524
-0.924435
-0.919187
-0.913784
-0.908225
-0.902513
-0.896649
-0.890635
-0.884473
-0.878164
-0.871711
-0.865114
-0.858376
-0.851498
-0.844483
-0.837332
-0.830047
-0.82263
-0.815083
-0.807408
-0.799607
-0.791682
-0.783635
-0.775468
-0.767184
-0.758784
-0.75027
-0.741645
-0.73291
-0.724069
-0.715122
-0.706073
-0.696924
-0.687676
-0.678333
-0.668897
-0.659369
-0.649752
-0.640049
-0.630261
-0.620392
-0.610444
-0.600418
-0.590318
-0.580146
-0.569905
-0.559596
-0.549222
-0.538786
-0.528291
-0.517738
-0.507131
-0.496471
-0.485762
-0.475006
-0.464205
-0.453362
-0.44248
-0.431561
-0.420608
-0.409623
-0.398609
-0.387568
-0.376504
-0.365418
-0.354314
-0.343193
-0.332059
-0.320914
-0.309761
-0.298602
-0.287441
-0.276279
-0.265119
-0.253963
-0.242816
-0.231678
-0.220553
-0.209444
-0.198352
-0.18728
-0.176232
-0.165209
-0.154215
-0.143251
-0.132321
-0.121426
-0.11057
-0.0997554
-0.088984
-0.0782588
-0.0675821
-0.0569566
-0.0463848
-0.035869
-0.0254119
-0.0150159
-0.00468338
0.00558314
0.0157812
0.0259085
0.0359625
0.0459409
0.0558412
0.0656612
0.0753984
0.0850506
0.0946154
0.10409
0.113474
0.122762
0.131955
0.141049
0.150041
0.158931
0.167715
0.176392
0.184959
0.193415
0.201757
0.209983
0.218091
0.226079
0.233945
0.241687
0.249303
0.256791
0.26415
0.271377
0.27847
0.285428
0.292249
0.298931
0.305472
0.31187
0.318124
0.324233
0.330194
0.336005
0.341666
0.347174
0.352529
0.357728
0.36277
0.367653
0.372377
0.376939
0.381339
0.385574
0.389644
0.393548
0.397283
0.400849
0.404245
0.40747
0.410521
0.413399
0.416102
0.418629
0.420979
0.423151
0.425144
0.426957
0.42859
0.430041
0.43131
0.432395
0.433296
0.434013
0.434545
0.43489
0.435048
0.43502
0.434803
0.434398
0.433804
0.433021
0.432048
0.430885
0.429532
0.427987
0.426252
0.424325
0.422206
0.419896
0.417393
0.414699
0.411812
0.408733
0.405461
0.401997
0.398341
0.394493
0.390453
0.386221
0.381797
0.377181
0.372375
0.367377
0.362188
0.356809
0.35124
0.345482
0.339534
0.333397
0.327073
0.320561
0.313861
0.306976
0.299904
0.292647
0.285206
0.277581
0.269773
0.261783
0.253611
0.245259
0.236728
0.228017
0.219129
0.210065
0.200824
0.191409
0.18182
0.172058
0.162125
0.152022
0.14175
0.13131
0.120703
0.109931
0.0989953
0.0878965
0.0766363
0.0652162
0.0536375
0.0419016
0.0300101
0.0179644
0.00576599
-0.00658354
-0.0190826
-0.0317297
-0.0445232
-0.0574614
-0.0705427
-0.0837653
-0.0971276
-0.110628
-0.124264
-0.138035
-0.151939
-0.165973
-0.180136
-0.194426
-0.208842
-0.223381
-0.238041
-0.25282
-0.267718
-0.28273
-0.297856
-0.313093
-0.32844
-0.343895
-0.359454
-0.375117
-0.390881
-0.406743
-0.422703
-0.438757
-0.454904
-0.471141
-0.487467
-0.503878
-0.520373
-0.536949
-0.553605
-0.570337
-0.587145
-0.604024
-0.620974
-0.637992
-0.655075
-0.672221
-0.689428
-0.706694
-0.724016
-0.741391
-0.758818
-0.776294
-0.793817
-0.811384
-0.828993
-0.846642
-0.864327
-0.882047
-0.8998
-0.917582
-0.935392
-0.953227
-0.971084
-0.988962
-1.00686
-1.02477
-1.04269
-1.06063
-1.07857
-1.09652
-1.11447
-1.13242
-1.15037
-1.16831
-1.18625
-1.20418
-1.2221
-1.24001
-1.2579
-1.27577
-1.29362
-1.31145
-1.32925
-1.34702
-1.36476
-1.38247
-1.40015
-1.41778
-1.43538
-1.45293
-1.47044
-1.48791
-1.50532
-1.52268
-1.53999
-1.55725
-1.57444
-1.59158
-1.60865
-1.62565
-1.64259
-1.65946
-1.67626
-1.69299
-1.70964
-1.72621
-1.7427
-1.75911
-1.77543
-1.79167
-1.80782
-1.82388
-1.83985
-1.85572
-1.87149
-1.88717
-1.90275
-1.91822
-1.93359
-1.94885
-1.96401
-1.97905
-1.99399
-2.00881
-2.02351
-2.0381
-2.05257
-2.06692
-2.08114
-2.09524
-2.10922
-2.12307
-2.13679
-2.15038
-2.16383
-2.17715
-2.19034
-2.20339
-2.21631
-2.22908
-2.24171
-2.2542
-2.26655
-2.27875
-2.2908
-2.3027
-2.31446
-2.32607
-2.33752
-2.34882
-2.35997
-2.37096
-2.3818
-2.39248
-2.403
-2.41336
-2.42356
-2.4336
-2.44348
-2.45319
-2.46274
-2.47213
-2.48135
-2.4904
-2.49929
-2.508
-2.51655
-2.52493
-2.53314
-2.54117
-2.54904
-2.55673
-2.56425
-2.5716
-2.57878
-2.58578
-2.5926
-2.59925
-2.60573
-2.61203
-2.61815
-2.6241
-2.62987
-2.63546
-2.64088
-2.64612
-2.65118
-2.65607
-2.66078
-2.66531
-2.66966
-2.67384
-2.67783
-2.68165
-2.6853
-2.68876
-2.69205
-2.69517
-2.6981
-2.70086
-2.70345
-2.70586
-2.70809
-2.71015
-2.71203
-2.71374
-2.71527
-2.71663
-2.71782
-2.71884
-2.71968
-2.72035
-2.72086
-2.72119
-2.72135
-2.72134
-2.72117
-2.72083
-2.72032
-2.71965
-2.71881
-2.71781
-2.71664
-2.71531
-2.71382
-2.71217
-2.71037
-2.7084
-2.70627
-2.70399
-2.70155
-2.69896
-2.69622
-2.69332
-2.69027
-2.68708
-2.68373
-2.68024
-2.6766
-2.67281
-2.66888
-2.66481
-2.6606
-2.65625
-2.65176
-2.64714
-2.64237
-2.63748
-2.63245
-2.62729
-2.622
-2.61658
-2.61104
-2.60537
-2.59957
-2.59366
-2.58762
-2.58147
-2.5752
-2.56881
-2.56231
-2.55569
-2.54897
-2.54213
-2.53519
-2.52814
-2.52099
-2.51374
-2.50638
-2.49893
-2.49138
-2.48373
-2.476
-2.46817
-2.46025
-2.45224
-2.44414
-2.43596
-2.4277
-2.41936
-2.41094
-2.40244
-2.39387
-2.38523
-2.37651
-2.36772
-2.35887
-2.34995
-2.34097
-2.33192
-2.32282
-2.31365
-2.30444
-2.29516
-2.28584
-2.27646
-2.26704
-2.25757
-2.24806
-2.2385
-2.22891
-2.21927
-2.2096
-2.19989
-2.19016
-2.18039
-2.17059
-2.16076
-2.15091
-2.14104
-2.13115
-2.12123
-2.1113
-2.10136
-2.0914
-2.08143
-2.07144
-2.06146
-2.05146
-2.04146
-2.03146
-2.02146
-2.01147
-2.00147
-1.99148
-1.9815
-1.97153
-1.96156
-1.95161
-1.94168
-1.93176
-1.92186
-1.91198
-1.90212
-1.89228
-1.88247
-1.87268
-1.86293
-1.8532
-1.84351
-1.83385
-1.82422
-1.81463
-1.80508
-1.79557
-1.78611
-1.77668
-1.7673
-1.75797
-1.74868
-1.73944
-1.73026
-1.72113
-1.71205
-1.70302
-1.69406
-1.68515
-1.6763
-1.66751
-1.65878
-1.65012
-1.64153
-1.633
-1.62453
-1.61614
-1.60782
-1.59956
-1.59138
-1.58328
-1.57525
-1.56729
-1.55941
-1.55161
-1.54389
-1.53626
-1.5287
-1.52122
-1.51383
-1.50652
-1.4993
-1.49217
-1.48512
-1.47816
-1.47129
-1.4645
-1.45781
-1.45122
-1.44471
-1.43829
-1.43197
-1.42575
-1.41962
-1.41358
-1.40764
-1.4018
-1.39606
-1.39041
-1.38486
-1.37941
-1.37406
-1.36881
-1.36366
-1.35862
-1.35367
-1.34882
-1.34408
-1.33944
-1.3349
-1.33046
-1.32612
-1.32189
-1.31776
-1.31374
-1.30982
-1.306
-1.30229
-1.29868
-1.29517
-1.29176
-1.28846
-1.28527
-1.28218
-1.27919
-1.2763
-1.27352
-1.27084
-1.26826
-1.26578
-1.26341
-1.26114
-1.25897
-1.2569
-1.25493
-1.25307
-1.2513
-1.24963
-1.24806
-1.24659
-1.24522
-1.24395
-1.24277
-1.24169
-1.24071
-1.23982
-1.23903
-1.23833
-1.23772
-1.23721
-1.23678
-1.23645
-1.23621
-1.23606
-1.236
-1.23603
-1.23614
-1.23634
-1.23662
-1.23699
-1.23744
-1.23798
-1.23859
-1.23929
-1.24006
-1.24092
-1.24185
-1.24285
-1.24393
-1.24509
-1.24632
-1.24762
-1.24899
-1.25043
-1.25194
-1.25351
-1.25515
-1.25685
-1.25862
-1.26045
-1.26234
-1.26429
-1.26629
-1.26835
-1.27047
-1.27264
-1.27486
-1.27713
-1.27945
-1.28182
-1.28424
-1.2867
-1.2892
-1.29175
-1.29434
-1.29696
-1.29962
-1.30232
-1.30505
-1.30782
-1.31061
-1.31344
-1.31629
-1.31917
-1.32207
-1.325
-1.32794
-1.33091
-1.3339
-1.3369
-1.33991
-1.34294
-1.34598
-1.34903
-1.35209
-1.35515
-1.35822
-1.36129
-1.36436
-1.36744
-1.3705
-1.37357
-1.37663
-1.37968
-1.38272
-1.38576
-1.38878
-1.39178
-1.39477
-1.39774
-1.40069
-1.40362
-1.40653
-1.40941
-1.41226
-1.41509
-1.41789
-1.42065
-1.42338
-1.42608
-1.42874
-1.43136
-1.43394
-1.43647
-1.43897
-1.44142
-1.44382
-1.44617
-1.44847
-1.45072
-1.45292
-1.45506
-1.45714
-1.45916
-1.46113
-1.46303
-1.46486
-1.46664
-1.46834
-1.46998
-1.47154
-1.47304
-1.47446
-1.4758
-1.47707
-1.47826
-1.47937
-1.4804
-1.48135
-1.48221
-1.48299
-1.48368
-1.48428
-1.4848
-1.48522
-1.48554
-1.48578
-1.48592
-1.48596
-1.4859
-1.48574
-1.48549
-1.48513
-1.48466
-1.48409
-1.48342
-1.48264
-1.48175
-1.48075
-1.47963
-1.47841
-1.47707
-1.47562
-1.47406
-1.47237
-1.47057
-1.46865
-1.46661
-1.46445
-1.46217
-1.45976
-1.45724
-1.45458
-1.4518
-1.4489
-1.44586
-1.4427
-1.43941
-1.43599
-1.43244
-1.42876
-1.42494
-1.42099
-1.41691
-1.41269
-1.40834
-1.40385
-1.39923
-1.39447
-1.38957
-1.38454
-1.37936
-1.37405
-1.3686
-1.363
-1.35727
-1.3514
-1.34538
-1.33922
-1.33292
-1.32648
-1.3199
-1.31317
-1.3063
-1.29929
-1.29214
-1.28484
-1.27739
-1.26981
-1.26208
-1.2542
-1.24618
-1.23802
-1.22971
-1.22126
-1.21267
-1.20393
-1.19505
-1.18602
-1.17685
-1.16754
-1.15809
-1.14849
-1.13875
-1.12886
-1.11884
-1.10867
-1.09836
-1.08791
-1.07733
-1.0666
-1.05573
-1.04472
-1.03357
-1.02229
-1.01086
-0.999303
-0.987607
-0.975775
-0.963808
-0.951706
-0.93947
-0.927102
-0.914601
-0.901968
-0.889204
-0.876311
-0.863288
-0.850137
-0.836859
-0.823454
-0.809923
-0.796267
-0.782488
-0.768586
-0.754563
-0.740418
-0.726154
-0.711771
-0.697271
-0.682654
-0.667922
-0.653076
-0.638116
-0.623045
-0.607864
-0.592573
-0.577174
-0.561668
-0.546057
-0.530341
-0.514523
-0.498603
-0.482583
-0.466464
-0.450247
-0.433935
-0.417528
-0.401028
-0.384436
-0.367754
-0.350983
-0.334126
-0.317182
-0.300155
-0.283045
-0.265854
-0.248583
-0.231235
-0.213811
-0.196312
-0.178741
-0.161098
-0.143385
-0.125605
-0.107759
-0.0898483
-0.0718748
-0.0538404
-0.0357468
-0.0175957
0.000611082
0.0188718
0.0371847
0.0555479
0.0739596
0.0924181
0.110921
0.129468
0.148055
0.166682
0.185347
0.204047
0.222781
0.241547
0.260343
0.279167
0.298017
0.316891
0.335788
0.354705
0.373641
0.392594
0.411561
0.430541
0.449532
0.468532
0.487539
0.50655
0.525565
0.544581
0.563597
0.582609
0.601617
0.620618
0.639611
0.658593
0.677562
0.696518
0.715456
0.734377
0.753277
0.772155
0.791009
0.809837
0.828636
0.847406
0.866144
0.884848
0.903516
0.922147
0.940739
0.959288
0.977795
0.996256
1.01467
1.03304
1.05135
1.06961
1.08782
1.10597
1.12406
1.1421
1.16007
1.17797
1.19581
1.21359
1.23129
1.24893
1.26649
1.28398
1.30139
1.31872
1.33597
1.35315
1.37024
1.38724
1.40416
1.42099
1.43773
1.45438
1.47094
1.4874
1.50376
1.52003
1.5362
1.55227
1.56824
1.5841
1.59986
1.61551
1.63105
1.64648
1.66181
1.67701
1.69211
1.70709
1.72195
1.7367
1.75133
1.76583
1.78021
1.79447
1.80861
1.82262
1.8365
1.85026
1.86389
1.87738
1.89075
1.90398
1.91708
1.93004
1.94287
1.95556
1.96811
1.98052
1.9928
2.00493
2.01692
2.02877
2.04047
2.05204
2.06345
2.07472
2.08584
2.09682
2.10764
2.11832
2.12885
2.13923
2.14945
2.15953
2.16945
2.17922
2.18883
2.19829
2.2076
2.21675
2.22575
2.23459
2.24327
2.2518
2.26016
2.26838
2.27643
2.28432
2.29206
2.29964
2.30706
2.31432
2.32142
2.32836
2.33514
2.34176
2.34822
2.35452
2.36066
2.36665
2.37247
2.37813
2.38363
2.38897
2.39415
2.39917
2.40403
2.40873
2.41328
2.41766
2.42189
2.42595
2.42986
2.43361
2.4372
2.44064
2.44392
2.44704
2.45001
2.45282
2.45547
2.45797
2.46032
2.46251
2.46455
2.46644
2.46817
2.46976
2.47119
2.47247
2.47361
2.47459
2.47543
2.47612
2.47666
2.47706
2.47732
2.47743
2.47739
2.47722
2.4769
2.47644
2.47585
2.47511
2.47424
2.47323
2.47208
2.4708
2.46939
2.46784
2.46616
2.46436
2.46242
2.46035
2.45816
2.45584
2.4534
2.45083
2.44814
2.44533
2.44241
2.43936
2.43619
2.43291
2.42951
2.42601
2.42238
2.41865
2.41481
2.41086
2.4068
2.40264
2.39838
2.39401
2.38954
2.38497
2.38031
2.37554
2.37069
2.36573
2.36069
2.35556
2.35033
2.34502
2.33962
2.33414
2.32858
2.32293
2.3172
2.3114
2.30552
2.29956
2.29353
2.28743
2.28126
2.27502
2.26871
2.26234
2.2559
2.2494
2.24284
2.23623
2.22955
2.22282
2.21603
2.2092
2.20231
2.19537
2.18839
2.18136
2.17429
2.16717
2.16002
2.15282
2.14559
2.13833
2.13103
2.12369
2.11633
2.10894
2.10152
2.09408
2.08661
2.07912
2.07161
2.06408
2.05654
2.04898
2.0414
2.03382
2.02622
2.01861
2.011
2.00338
1.99576
1.98814
1.98052
1.97289
1.96527
1.95766
1.95005
1.94244
1.93485
1.92727
1.9197
1.91214
1.9046
1.89707
1.88957
1.88208
1.87462
1.86718
1.85976
1.85237
1.845
1.83767
1.83037
1.82309
1.81585
1.80865
1.80148
1.79435
1.78726
1.7802
1.77319
1.76623
1.7593
1.75243
1.7456
1.73881
1.73208
1.7254
1.71877
1.71219
1.70567
1.6992
1.69279
1.68644
1.68015
1.67391
1.66774
1.66163
1.65559
1.64961
1.6437
1.63785
1.63207
1.62636
1.62072
1.61515
1.60965
1.60423
1.59888
1.5936
1.5884
1.58328
1.57823
1.57326
1.56837
1.56356
1.55883
1.55418
1.54962
1.54513
1.54073
1.53642
1.53219
1.52804
1.52398
1.52001
1.51612
1.51233
1.50862
1.505
1.50147
1.49803
1.49468
1.49142
1.48825
1.48518
1.48219
1.4793
1.4765
1.4738
1.47119
1.46867
1.46625
1.46392
1.46168
1.45955
1.4575
1.45555
1.4537
1.45194
1.45028
1.44871
1.44724
1.44586
1.44458
1.4434
1.44231
1.44132
1.44042
1.43962
1.43892
1.43831
1.43779
1.43738
1.43705
1.43682
1.43669
1.43665
1.4367
1.43685
1.43709
1.43743
1.43786
1.43838
1.43899
1.4397
1.4405
1.44138
1.44236
1.44343
1.44459
1.44584
1.44718
1.4486
1.45012
1.45172
1.45341
1.45518
1.45704
1.45898
1.46101
1.46312
1.46532
1.4676
1.46996
1.47239
1.47491
1.47751
1.48019
1.48294
1.48578
1.48868
1.49167
1.49473
1.49786
1.50106
1.50434
1.50769
1.5111
1.51459
1.51814
1.52177
1.52545
1.52921
1.53302
1.53691
1.54085
1.54485
1.54892
1.55304
1.55723
1.56146
1.56576
1.57011
1.57452
1.57897
1.58348
1.58804
1.59265
1.59731
1.60201
1.60676
1.61155
1.61639
1.62127
1.62619
1.63115
1.63615
1.64119
1.64627
1.65137
1.65652
1.66169
1.6669
1.67214
1.6774
1.6827
1.68802
1.69336
1.69873
1.70412
1.70953
1.71497
1.72042
1.72588
1.73137
1.73687
1.74238
1.74791
1.75344
1.75899
1.76454
1.7701
1.77567
1.78124
1.78681
1.79239
1.79796
1.80354
1.80911
1.81468
1.82024
1.8258
1.83135
1.83689
1.84243
1.84795
1.85346
1.85895
1.86443
1.86989
1.87534
1.88076
1.88617
1.89156
1.89692
1.90226
1.90757
1.91286
1.91811
1.92334
1.92854
1.93371
1.93885
1.94395
1.94902
1.95405
1.95904
1.964
1.96891
1.97379
1.97862
1.98341
1.98815
1.99285
1.99751
2.00211
2.00667
2.01118
2.01563
2.02004
2.02439
2.02869
2.03293
2.03712
2.04125
2.04532
2.04933
2.05328
2.05717
2.061
2.06477
2.06847
2.0721
2.07568
2.07918
2.08262
2.08599
2.08929
2.09252
2.09568
2.09876
2.10178
2.10472
2.10759
2.11038
2.1131
2.11574
2.1183
2.12079
2.12319
2.12552
2.12777
2.12994
2.13203
2.13403
2.13596
2.1378
2.13955
2.14123
2.14282
2.14432
2.14574
2.14707
2.14832
2.14948
2.15055
2.15153
2.15243
2.15323
2.15395
2.15458
2.15512
2.15557
2.15593
2.1562
2.15637
2.15646
2.15645
2.15636
2.15617
2.15589
2.15551
2.15505
2.15449
2.15384
2.1531
2.15226
2.15133
2.15031
2.14919
2.14798
2.14668
2.14528
2.1438
2.14221
2.14054
2.13877
2.13691
2.13496
2.13291
2.13077
2.12854
2.12622
2.1238
2.12129
2.11869
2.116
2.11322
2.11034
2.10738
2.10432
2.10118
2.09794
2.09462
2.09121
2.0877
2.08411
2.08043
2.07667
2.07281
2.06887
2.06484
2.06073
2.05653
2.05225
2.04788
2.04342
2.03889
2.03427
2.02957
2.02479
2.01992
2.01498
2.00995
2.00485
1.99966
1.9944
1.98906
1.98365
1.97816
1.97259
1.96695
1.96123
1.95544
1.94958
1.94365
1.93764
1.93157
1.92542
1.91921
1.91293
1.90658
1.90016
1.89368
1.88714
1.88053
1.87386
1.86712
1.86033
1.85347
1.84656
1.83958
1.83255
1.82547
1.81832
1.81112
1.80387
1.79656
1.7892
1.7818
1.77434
1.76683
1.75927
1.75166
1.74401
1.73632
1.72858
1.72079
1.71296
1.7051
1.69719
1.68924
1.68125
1.67323
1.66517
1.65707
1.64894
1.64078
1.63258
1.62436
1.6161
1.60781
1.5995
1.59116
1.58279
1.5744
1.56598
1.55754
1.54908
1.54059
1.53209
1.52357
1.51503
1.50648
1.4979
1.48932
1.48072
1.4721
1.46348
1.45484
1.4462
1.43755
1.42888
1.42022
1.41154
1.40287
1.39419
1.3855
1.37682
1.36813
1.35945
1.35076
1.34208
1.3334
1.32473
1.31606
1.3074
1.29874
1.2901
1.28146
1.27283
1.26422
1.25561
1.24702
1.23844
1.22988
1.22133
1.2128
1.20428
1.19578
1.18731
1.17885
1.17041
1.16199
1.1536
1.14523
1.13688
1.12856
1.12026
1.11199
1.10375
1.09553
1.08735
1.07919
1.07106
1.06296
1.0549
1.04686
1.03886
1.03089
1.02296
1.01506
1.0072
0.999372
0.991581
0.983828
0.976112
0.968435
0.960797
0.953199
0.94564
0.938123
0.930646
0.923211
0.915818
0.908468
0.901161
0.893898
0.886678
0.879504
0.872374
0.865289
0.85825
0.851257
0.844311
0.837411
0.830559
0.823754
0.816996
0.810287
0.803626
0.797014
0.790451
0.783937
0.777473
0.771058
0.764693
0.758378
0.752113
0.745898
0.739735
0.733621
0.727559
0.721547
0.715587
0.709678
0.703819
0.698012
0.692257
0.686552
0.680899
0.675298
0.669747
0.664248
0.658801
0.653404
0.648059
0.642765
0.637521
0.632329
0.627187
0.622096
0.617056
0.612066
0.607126
0.602236
0.597396
0.592606
0.587865
0.583173
0.57853
0.573936
0.56939
0.564892
0.560442
0.55604
0.551685
0.547377
0.543115
0.538899
0.53473
0.530605
0.526526
0.522492
0.518501
0.514555
0.510652
0.506792
0.502975
0.499199
0.495466
0.491773
0.488121
0.484509
0.480937
0.477403
0.473909
0.470452
0.467033
0.463651
0.460305
0.456995
0.45372
0.45048
0.447273
0.4441
0.44096
0.437852
0.434776
0.43173
0.428714
0.425729
0.422772
0.419843
0.416942
0.414068
0.41122
0.408397
0.405599
0.402826
0.400076
0.397348
0.394643
0.391958
0.389295
0.386651
0.384026
0.381419
0.37883
0.376258
0.373701
0.37116
0.368634
0.366121
0.363622
0.361134
0.358658
0.356193
0.353738
0.351291
0.348854
0.346423
0.344
0.341583
0.339171
0.336763
0.334359
0.331958
0.329559
0.327161
0.324764
0.322367
0.319969
0.317569
0.315166
0.31276
0.31035
0.307936
0.305515
0.303088
0.300654
0.298212
0.295762
0.293301
0.290831
0.28835
0.285857
0.283352
0.280834
0.278301
0.275754
0.273192
0.270614
0.268019
0.265407
0.262776
0.260127
0.257458
0.254769
0.252059
0.249327
0.246573
0.243797
0.240997
0.238173
0.235324
0.232449
0.229549
0.226622
0.223668
0.220686
0.217676
0.214636
0.211567
0.208469
0.205339
0.202179
0.198986
0.195762
0.192505
0.189214
0.18589
0.182532
0.17914
0.175712
0.172249
0.168749
0.165214
0.161642
0.158032
0.154385
0.150701
0.146977
0.143216
0.139415
0.135575
0.131696
0.127777
0.123817
0.119817
0.115777
0.111695
0.107572
0.103408
0.0992026
0.0949551
0.0906657
0.0863342
0.0819603
0.0775441
0.0730853
0.0685838
0.0640396
0.0594525
0.0548226
0.0501497
0.0454338
0.0406749
0.035873
0.031028
0.0261401
0.0212092
0.0162353
0.0112186
0.00615917
0.00105703
-0.00408768
-0.00927485
-0.0145043
-0.0197759
-0.0250896
-0.030445
-0.035842
-0.0412804
-0.04676
-0.0522804
-0.0578416
-0.0634431
-0.0690847
-0.0747661
-0.0804869
-0.0862469
-0.0920456
-0.0978828
-0.103758
-0.109671
-0.115621
-0.121608
-0.127631
-0.13369
-0.139785
-0.145914
-0.152078
-0.158276
-0.164507
-0.170771
-0.177068
-0.183396
-0.189755
-0.196145
-0.202564
-0.209013
-0.215491
-0.221996
-0.228529
-0.235088
-0.241674
-0.248284
-0.254919
-0.261578
-0.268259
-0.274963
-0.281688
-0.288434
-0.2952
-0.301984
-0.308787
-0.315607
-0.322443
-0.329295
-0.336162
-0.343042
-0.349935
-0.356841
-0.363757
-0.370683
-0.377618
-0.384562
-0.391512
-0.398469
-0.405431
-0.412397
-0.419366
-0.426337
-0.433309
-0.440281
-0.447252
-0.454221
-0.461187
-0.468148
-0.475104
-0.482054
-0.488995
-0.495928
-0.502851
-0.509763
-0.516663
-0.523549
-0.530421
-0.537277
-0.544116
-0.550937
-0.557739
-0.56452
-0.571279
-0.578016
-0.584728
-0.591415
-0.598076
-0.604708
-0.611312
-0.617885
-0.624426
-0.630935
-0.637409
-0.643849
-0.650251
-0.656616
-0.662941
-0.669226
-0.675469
-0.681669
-0.687825
-0.693935
-0.699998
-0.706013
-0.711979
-0.717893
-0.723756
-0.729565
-0.73532
-0.741018
-0.74666
-0.752242
-0.757765
-0.763227
-0.768626
-0.773962
-0.779232
-0.784436
-0.789573
-0.794641
-0.799638
-0.804564
-0.809417
-0.814197
-0.818901
-0.823528
-0.828078
-0.832549
-0.836939
-0.841248
-0.845474
-0.849616
-0.853673
-0.857643
-0.861526
-0.86532
-0.869023
-0.872636
-0.876155
-0.879582
-0.882913
-0.886148
-0.889286
-0.892326
-0.895267
-0.898106
-0.900844
-0.90348
-0.906011
-0.908437
-0.910757
-0.91297
-0.915075
-0.91707
-0.918955
-0.920729
-0.92239
-0.923938
-0.925371
-0.926689
-0.927891
-0.928975
-0.929941
-0.930788
-0.931515
-0.932121
-0.932605
-0.932966
-0.933203
-0.933316
-0.933304
-0.933165
-0.9329
-0.932506
-0.931985
-0.931333
-0.930552
-0.92964
-0.928597
-0.927421
-0.926113
-0.924671
-0.923095
-0.921384
-0.919538
-0.917556
-0.915437
-0.913181
-0.910788
-0.908256
-0.905586
-0.902776
-0.899827
-0.896737
-0.893508
-0.890137
-0.886625
-0.882971
-0.879175
-0.875236
-0.871155
-0.866931
-0.862564
-0.858053
-0.853398
-0.848599
-0.843657
-0.838569
-0.833337
-0.827961
-0.82244
-0.816773
-0.810962
-0.805006
-0.798905
-0.792659
-0.786267
-0.779731
-0.77305
-0.766223
-0.759252
-0.752137
-0.744877
-0.737472
-0.729923
-0.72223
-0.714394
-0.706413
-0.69829
-0.690023
-0.681614
-0.673063
-0.664369
-0.655534
-0.646558
-0.637441
-0.628183
-0.618785
-0.609249
-0.599573
-0.589758
-0.579806
-0.569717
-0.55949
-0.549128
-0.53863
-0.527998
-0.517231
-0.506331
-0.495298
-0.484133
-0.472837
-0.461411
-0.449854
-0.438169
-0.426356
-0.414416
-0.40235
-0.390158
-0.377842
-0.365402
-0.35284
-0.340157
-0.327353
-0.314429
-0.301387
-0.288228
-0.274952
-0.261562
-0.248057
-0.234439
-0.22071
-0.20687
-0.192921
-0.178863
-0.164699
-0.150429
-0.136055
-0.121577
-0.106998
-0.0923184
-0.0775397
-0.0626633
-0.0476906
-0.032623
-0.0174618
-0.00220856
0.0131353
0.0285684
0.0440892
0.0596962
0.0753878
0.0911627
0.107019
0.122956
0.138971
0.155062
0.17123
0.187471
0.203783
0.220167
0.236619
0.253138
0.269722
0.286371
0.303081
0.319851
0.33668
0.353566
0.370507
0.387501
0.404546
0.421642
0.438785
0.455974
0.473207
0.490483
0.507799
0.525154
0.542546
0.559973
0.577433
0.594924
0.612445
0.629993
0.647567
0.665164
0.682783
0.700421
0.718078
0.73575
0.753436
0.771134
0.788843
0.806559
0.824281
0.842008
0.859737
0.877465
0.895193
0.912916
0.930633
0.948343
0.966043
0.983731
1.00141
1.01906
1.03671
1.05433
1.07193
1.0895
1.10705
1.12457
1.14207
1.15953
1.17696
1.19435
1.2117
1.22902
1.24629
1.26352
1.2807
1.29784
1.31492
1.33196
1.34894
1.36587
1.38273
1.39954
1.41629
1.43298
1.4496
1.46615
1.48263
1.49905
1.51539
1.53165
1.54784
1.56395
1.57998
1.59593
1.6118
1.62758
1.64327
1.65887
1.67438
1.6898
1.70513
1.72035
1.73548
1.75051
1.76544
1.78026
1.79498
1.80959
1.8241
1.83849
1.85277
1.86694
1.881
1.89493
1.90875
1.92245
1.93603
1.94948
1.96281
1.97602
1.98909
2.00204
2.01486
2.02754
2.0401
2.05251
2.0648
2.07694
2.08895
2.10081
2.11254
2.12412
2.13556
2.14685
2.158
2.16899
2.17984
2.19054
2.20109
2.21149
2.22173
2.23182
2.24175
2.25153
2.26115
2.27061
2.27991
2.28905
2.29803
2.30685
2.3155
2.32399
2.33231
2.34047
2.34846
2.35628
2.36394
2.37143
2.37874
2.38589
2.39287
2.39967
2.4063
2.41276
2.41905
2.42516
2.4311
2.43686
2.44245
2.44786
2.4531
2.45816
2.46304
2.46774
2.47227
2.47662
2.48079
2.48479
2.4886
2.49224
2.4957
2.49897
2.50207
2.50499
2.50773
2.51029
2.51268
2.51488
2.5169
2.51875
2.52041
2.5219
2.52321
2.52433
2.52528
2.52606
2.52665
2.52707
2.52731
2.52737
2.52725
2.52696
2.5265
2.52585
2.52503
2.52404
2.52288
2.52154
2.52002
2.51834
2.51648
2.51445
2.51225
2.50988
2.50734
2.50464
2.50176
2.49872
2.49551
2.49214
2.4886
2.4849
2.48103
2.477
2.47281
2.46847
2.46396
2.45929
2.45447
2.44949
2.44436
2.43907
2.43363
2.42803
2.42229
2.4164
2.41036
2.40417
2.39783
2.39136
2.38473
2.37797
2.37106
2.36402
2.35684
2.34952
2.34206
2.33447
2.32675
2.3189
2.31091
2.3028
2.29456
2.2862
2.27771
2.2691
2.26037
2.25152
2.24255
2.23347
2.22427
2.21496
2.20554
2.19601
2.18636
2.17662
2.16677
2.15681
2.14676
2.1366
2.12635
2.116
2.10556
2.09502
2.0844
2.07368
2.06288
2.05199
2.04102
2.02997
2.01883
2.00762
1.99633
1.98497
1.97354
1.96203
1.95046
1.93882
1.92711
1.91534
1.90351
1.89162
1.87967
1.86767
1.85561
1.8435
1.83134
1.81914
1.80688
1.79459
1.78225
1.76987
1.75745
1.745
1.73251
1.71999
1.70744
1.69486
1.68225
1.66962
1.65697
1.64429
1.6316
1.61889
1.60616
1.59342
1.58067
1.56791
1.55514
1.54237
1.52959
1.51681
1.50404
1.49126
1.47849
1.46572
1.45296
1.44021
1.42747
1.41474
1.40203
1.38934
1.37666
1.36401
1.35137
1.33876
1.32618
1.31362
1.30109
1.2886
1.27613
1.2637
1.25131
1.23895
1.22664
1.21436
1.20213
1.18994
1.1778
1.1657
1.15366
1.14166
1.12972
1.11783
1.106
1.09422
1.08251
1.07085
1.05925
1.04772
1.03625
1.02485
1.01351
1.00225
0.991048
0.979922
0.968868
0.957888
0.946984
0.936155
0.925405
0.914733
0.904142
0.893632
0.883204
0.872861
0.862602
0.852428
0.842342
0.832344
0.822435
0.812616
0.802889
0.793253
0.78371
0.774262
0.764908
0.755651
0.746489
0.737426
0.728461
0.719594
0.710828
0.702162
0.693598
0.685136
0.676777
0.668521
0.660369
0.652321
0.644379
0.636543
0.628813
0.621189
0.613673
0.606265
0.598965
0.591773
0.58469
0.577717
0.570853
0.564099
0.557455
0.550922
0.5445
0.538188
0.531987
0.525897
0.519919
0.514052
0.508297
0.502653
0.497121
0.4917
0.48639
0.481192
0.476105
0.47113
0.466265
0.461512
0.456869
0.452337
0.447915
0.443602
0.4394
0.435307
0.431323
0.427448
0.423681
0.420021
0.41647
0.413025
0.409686
0.406454
0.403326
0.400304
0.397386
0.394571
0.391859
0.38925
0.386742
0.384334
0.382027
0.37982
0.37771
0.375699
0.373785
0.371966
0.370243
0.368613
0.367078
0.365634
0.364282
0.36302
0.361848
0.360764
0.359767
0.358857
0.358031
0.35729
0.356631
0.356054
0.355557
0.35514
0.354801
0.354538
0.354351
0.354238
0.354198
0.35423
0.354331
0.354502
0.35474
0.355044
0.355413
0.355845
0.356339
0.356894
0.357507
0.358177
0.358904
0.359684
0.360518
0.361402
0.362336
0.363319
0.364347
0.365421
0.366537
0.367695
0.368893
0.370129
0.371402
0.37271
0.37405
0.375422
0.376824
0.378253
0.379709
0.381189
0.382692
0.384216
0.385759
0.387319
0.388894
0.390483
0.392084
0.393695
0.395315
0.39694
0.39857
0.400203
0.401836
0.403468
0.405098
0.406722
0.40834
0.409949
0.411548
0.413134
0.414707
0.416263
0.417801
0.419319
0.420815
0.422287
0.423734
0.425153
0.426543
0.427902
0.429227
0.430517
0.43177
0.432985
0.434158
0.435289
0.436376
0.437416
0.438407
0.439349
0.440238
0.441074
0.441854
0.442576
0.443239
0.44384
0.444379
0.444852
0.445259
0.445597
0.445866
0.446061
0.446184
0.44623
0.446199
0.446089
0.445898
0.445624
0.445267
0.444823
0.444291
0.44367
0.442958
0.442153
0.441254
0.440259
0.439167
0.437975
0.436683
0.435288
0.433789
0.432185
0.430475
0.428655
0.426726
0.424686
0.422533
0.420265
0.417882
0.415382
0.412763
0.410025
0.407166
0.404184
0.401079
0.397848
0.394492
0.391008
0.387395
0.383652
0.379779
0.375773
0.371634
0.36736
0.362951
0.358406
0.353722
0.348901
0.343939
0.338837
0.333594
0.328208
0.322679
0.317006
0.311187
0.305223
0.299113
0.292855
0.286448
0.279894
0.273189
0.266335
0.259329
0.252172
0.244864
0.237402
0.229788
0.22202
0.214099
0.206022
0.197791
0.189405
0.180863
0.172165
0.163311
0.154301
0.145134
0.13581
0.126329
0.11669
0.106894
0.0969411
0.0868303
0.0765619
0.066136
0.0555525
0.0448115
0.0339132
0.0228575
0.0116448
0.00027501
-0.0112515
-0.0229345
-0.0347738
-0.046769
-0.0589199
-0.071226
-0.083687
-0.0963025
-0.109072
-0.121995
-0.135071
-0.1483
-0.16168
-0.175212
-0.188895
-0.202727
-0.216709
-0.23084
-0.245118
-0.259543
-0.274115
-0.288832
-0.303694
-0.3187
-0.333848
-0.349138
-0.364569
-0.380139
-0.395848
-0.411695
-0.427679
-0.443798
-0.460051
-0.476437
-0.492955
-0.509604
-0.526382
-0.543288
-0.560321
-0.577479
-0.59476
-0.612165
-0.62969
-0.647335
-0.665099
-0.682978
-0.700973
-0.719081
-0.737302
-0.755632
-0.774071
-0.792617
-0.811267
-0.830022
-0.848878
-0.867834
-0.886888
-0.906038
-0.925283
-0.944621
-0.964049
-0.983566
-1.00317
-1.02286
-1.04263
-1.06248
-1.08241
-1.10242
-1.1225
-1.14266
-1.16288
-1.18318
-1.20353
-1.22396
-1.24444
-1.26499
-1.28559
-1.30625
-1.32696
-1.34772
-1.36853
-1.38938
-1.41028
-1.43122
-1.4522
-1.47322
-1.49427
-1.51535
-1.53646
-1.55759
-1.57875
-1.59994
-1.62114
-1.64236
-1.66359
-1.68484
-1.70609
-1.72735
-1.74862
-1.76989
-1.79115
-1.81242
-1.83368
-1.85492
-1.87616
-1.89738
-1.91859
-1.93978
-1.96094
-1.98209
-2.0032
-2.02429
-2.04534
-2.06635
-2.08733
-2.10827
-2.12917
-2.15002
-2.17082
-2.19157
-2.21227
-2.23291
-2.25349
-2.27401
-2.29447
-2.31486
-2.33518
-2.35542
-2.3756
-2.39569
-2.4157
-2.43563
-2.45548
-2.47523
-2.4949
-2.51447
-2.53394
-2.55332
-2.57259
-2.59176
-2.61082
-2.62978
-2.64862
-2.66734
-2.68595
-2.70444
-2.72281
-2.74105
-2.75916
-2.77715
-2.795
-2.81272
-2.8303
-2.84774
-2.86503
-2.88219
-2.89919
-2.91605
-2.93275
-2.9493
-2.96569
-2.98192
-2.99799
-3.0139
-3.02964
-3.04521
-3.06061
-3.07584
-3.09089
-3.10577
-3.12047
-3.13498
-3.14931
-3.16345
-3.17741
-3.19118
-3.20475
-3.21813
-3.23131
-3.24429
-3.25708
-3.26966
-3.28204
-3.29421
-3.30617
-3.31792
-3.32947
-3.34079
-3.35191
-3.3628
-3.37348
-3.38394
-3.39417
-3.40418
-3.41397
-3.42353
-3.43286
-3.44196
-3.45083
-3.45947
-3.46787
-3.47604
-3.48397
-3.49166
-3.49912
-3.50633
-3.5133
-3.52002
-3.52651
-3.53274
-3.53873
-3.54447
-3.54997
-3.55521
-3.5602
-3.56494
-3.56943
-3.57367
-3.57765
-3.58137
-3.58484
-3.58806
-3.59101
-3.59371
-3.59615
-3.59833
-3.60025
-3.60191
-3.60331
-3.60445
-3.60533
-3.60594
-3.6063
-3.60639
-3.60621
-3.60578
-3.60508
-3.60412
-3.60289
-3.6014
-3.59965
-3.59763
-3.59536
-3.59281
-3.59001
-3.58694
-3.5836
-3.58001
-3.57615
-3.57203
-3.56765
-3.56301
-3.5581
-3.55294
-3.54752
-3.54183
-3.53589
-3.52969
-3.52323
-3.51651
-3.50954
-3.50231
-3.49483
-3.48709
-3.4791
-3.47086
-3.46237
-3.45363
-3.44464
-3.4354
-3.42591
-3.41618
-3.4062
-3.39598
-3.38551
-3.37481
-3.36387
-3.35268
-3.34127
-3.32961
-3.31772
-3.3056
-3.29325
-3.28067
-3.26786
-3.25482
-3.24156
-3.22808
-3.21438
-3.20045
-3.18631
-3.17196
-3.15739
-3.1426
-3.12761
-3.11241
-3.097
-3.08139
-3.06558
-3.04957
-3.03336
-3.01696
-3.00036
-2.98357
-2.96659
-2.94942
-2.93207
-2.91454
-2.89683
-2.87894
-2.86088
-2.84264
-2.82424
-2.80567
-2.78693
-2.76803
-2.74897
-2.72975
-2.71038
-2.69086
-2.67119
-2.65137
-2.63141
-2.6113
-2.59106
-2.57069
-2.55018
-2.52954
-2.50877
-2.48788
-2.46687
-2.44574
-2.4245
-2.40314
-2.38168
-2.36011
-2.33843
-2.31666
-2.29478
-2.27282
-2.25076
-2.22862
-2.20639
-2.18408
-2.16169
-2.13922
-2.11668
-2.09408
-2.07141
-2.04867
-2.02588
-2.00303
-1.98013
-1.95717
-1.93418
-1.91113
-1.88805
-1.86494
-1.84179
-1.81861
-1.7954
-1.77217
-1.74892
-1.72565
-1.70237
-1.67908
-1.65579
-1.63249
-1.60919
-1.5859
-1.56261
-1.53933
-1.51607
-1.49282
-1.46959
-1.44639
-1.42322
-1.40007
-1.37696
-1.35389
-1.33085
-1.30786
-1.28492
-1.26203
-1.23919
-1.21641
-1.19369
-1.17104
-1.14845
-1.12593
-1.10349
-1.08112
-1.05883
-1.03663
-1.01451
-0.992487
-0.970554
-0.948718
-0.926982
-0.905349
-0.883822
-0.862404
-0.8411
-0.81991
-0.79884
-0.777891
-0.757068
-0.736373
-0.715809
-0.695379
-0.675086
-0.654934
-0.634925
-0.615063
-0.595349
-0.575788
-0.556382
-0.537134
-0.518047
-0.499123
-0.480366
-0.461779
-0.443363
-0.425122
-0.40706
-0.389177
-0.371478
-0.353964
-0.336638
-0.319504
-0.302563
-0.285818
-0.269272
-0.252927
-0.236786
-0.220851
-0.205124
-0.189608
-0.174305
-0.159219
-0.144349
-0.129701
-0.115274
-0.101072
-0.0870973
-0.0733513
-0.0598363
-0.0465545
-0.0335078
-0.0206984
-0.00812826
0.00420077
0.0162867
0.0281277
0.0397219
0.0510675
0.0621627
0.0730058
0.083595
0.0939287
0.104005
0.113823
0.123381
0.132676
0.141709
0.150476
0.158978
0.167212
0.175177
0.182872
0.190295
0.197446
0.204323
0.210925
0.217251
0.223299
0.22907
0.234562
0.239773
0.244703
0.249352
0.253718
0.2578
0.261598
0.265112
0.268339
0.271281
0.273936
0.276303
0.278383
0.280175
0.281678
0.282892
0.283816
0.284451
0.284796
0.284851
0.284616
0.28409
0.283274
0.282168
0.280771
0.279083
0.277105
0.274837
0.272279
0.269432
0.266294
0.262868
0.259152
0.255148
0.250856
0.246276
0.241409
0.236255
0.230816
0.225091
0.219081
0.212787
0.20621
0.199351
0.19221
0.184788
0.177087
0.169106
0.160848
0.152313
0.143502
0.134416
0.125058
0.115426
0.105524
0.0953518
0.0849113
0.0742036
0.0632302
0.0519925
0.040492
0.0287301
0.0167085
0.0044287
-0.00810772
-0.0208991
-0.0339437
-0.0472398
-0.0607856
-0.0745794
-0.0886194
-0.102904
-0.11743
-0.132197
-0.147202
-0.162444
-0.177921
-0.193629
-0.209568
-0.225735
-0.242127
-0.258744
-0.275581
-0.292638
-0.309912
-0.327401
-0.345101
-0.363011
-0.381129
-0.399452
-0.417977
-0.436702
-0.455624
-0.474741
-0.49405
-0.513549
-0.533235
-0.553105
-0.573157
-0.593387
-0.613794
-0.634374
-0.655124
-0.676042
-0.697125
-0.71837
-0.739774
-0.761334
-0.783048
-0.804911
-0.826922
-0.849077
-0.871373
-0.893808
-0.916377
-0.939079
-0.961909
-0.984866
-1.00795
-1.03114
-1.05446
-1.07789
-1.10143
-1.12507
-1.14882
-1.17267
-1.19661
-1.22065
-1.24478
-1.269
-1.2933
-1.31769
-1.34215
-1.36668
-1.39128
-1.41595
-1.44069
-1.46549
-1.49034
-1.51524
-1.5402
-1.56521
-1.59025
-1.61534
-1.64047
-1.66562
-1.69081
-1.71603
-1.74126
-1.76652
-1.79179
-1.81708
-1.84237
-1.86767
-1.89298
-1.91828
-1.94358
-1.96887
-1.99415
-2.01941
-2.04466
-2.06989
-2.09509
-2.12026
-2.1454
-2.1705
-2.19557
-2.22059
-2.24557
-2.2705
-2.29538
-2.32021
-2.34497
-2.36968
-2.39432
-2.41888
-2.44338
-2.46781
-2.49215
-2.51641
-2.54059
-2.56468
-2.58868
-2.61258
-2.63639
-2.6601
-2.6837
-2.70719
-2.73058
-2.75385
-2.777
-2.80004
-2.82295
-2.84574
-2.86839
-2.89092
-2.91331
-2.93557
-2.95768
-2.97965
-3.00148
-3.02315
-3.04468
-3.06605
-3.08726
-3.10831
-3.1292
-3.14992
-3.17048
-3.19086
-3.21107
-3.23111
-3.25096
-3.27064
-3.29013
-3.30943
-3.32855
-3.34747
-3.3662
-3.38474
-3.40307
-3.42121
-3.43914
-3.45687
-3.47439
-3.4917
-3.50879
-3.52568
-3.54235
-3.55879
-3.57502
-3.59103
-3.60681
-3.62237
-3.6377
-3.6528
-3.66766
-3.6823
-3.6967
-3.71086
-3.72478
-3.73846
-3.7519
-3.7651
-3.77805
-3.79075
-3.80321
-3.81541
-3.82737
-3.83907
-3.85052
-3.86171
-3.87265
-3.88333
-3.89375
-3.90391
-3.91381
-3.92345
-3.93283
-3.94194
-3.95079
-3.95937
-3.96768
-3.97572
-3.9835
-3.99101
-3.99824
-4.00521
-4.01191
-4.01833
-4.02448
-4.03036
-4.03596
-4.04129
-4.04635
-4.05113
-4.05563
-4.05986
-4.06382
-4.06749
-4.0709
-4.07402
-4.07687
-4.07944
-4.08174
-4.08376
-4.0855
-4.08697
-4.08816
-4.08907
-4.08971
-4.09007
-4.09016
-4.08997
-4.08951
-4.08877
-4.08776
-4.08647
-4.08492
-4.08309
-4.08098
-4.07861
-4.07597
-4.07305
-4.06987
-4.06642
-4.0627
-4.05871
-4.05446
-4.04995
-4.04517
-4.04012
-4.03482
-4.02925
-4.02342
-4.01734
-4.01099
-4.00439
-3.99754
-3.99043
-3.98307
-3.97545
-3.96759
-3.95948
-3.95112
-3.94251
-3.93366
-3.92457
-3.91523
-3.90566
-3.89585
-3.8858
-3.87551
-3.865
-3.85425
-3.84327
-3.83206
-3.82063
-3.80897
-3.79709
-3.78499
-3.77267
-3.76014
-3.74739
-3.73442
-3.72125
-3.70786
-3.69427
-3.68048
-3.66648
-3.65228
-3.63789
-3.62329
-3.60851
-3.59353
-3.57836
-3.56301
-3.54747
-3.53174
-3.51584
-3.49976
-3.4835
-3.46707
-3.45047
-3.43371
-3.41677
-3.39967
-3.38241
-3.365
-3.34742
-3.32969
-3.31182
-3.29379
-3.27562
-3.2573
-3.23884
-3.22025
-3.20152
-3.18265
-3.16366
-3.14454
-3.12529
-3.10592
-3.08643
-3.06683
-3.04711
-3.02728
-3.00734
-2.98729
-2.96714
-2.94689
-2.92654
-2.9061
-2.88556
-2.86493
-2.84422
-2.82342
-2.80254
-2.78158
-2.76055
-2.73944
-2.71826
-2.69701
-2.6757
-2.65433
-2.6329
-2.61141
-2.58986
-2.56827
-2.54663
-2.52494
-2.5032
-2.48143
-2.45962
-2.43778
-2.4159
-2.394
-2.37206
-2.35011
-2.32813
-2.30613
-2.28412
-2.2621
-2.24006
-2.21802
-2.19597
-2.17392
-2.15187
-2.12982
-2.10778
-2.08575
-2.06372
-2.04171
-2.01972
-1.99774
-1.97579
-1.95386
-1.93195
-1.91007
-1.88823
-1.86641
-1.84463
-1.82289
-1.8012
-1.77954
-1.75793
-1.73637
-1.71485
-1.69339
-1.67199
-1.65064
-1.62935
-1.60812
-1.58696
-1.56586
-1.54483
-1.52387
-1.50298
-1.48217
-1.46143
-1.44077
-1.4202
-1.3997
-1.37929
-1.35897
-1.33874
-1.31859
-1.29854
-1.27859
-1.25873
-1.23897
-1.21931
-1.19975
-1.18029
-1.16094
-1.1417
-1.12256
-1.10354
-1.08463
-1.06583
-1.04714
-1.02858
-1.01013
-0.9918
-0.973592
-0.955507
-0.937545
-0.919709
-0.902
-0.884418
-0.866966
-0.849645
-0.832455
-0.815398
-0.798476
-0.781688
-0.765037
-0.748524
-0.732148
-0.715913
-0.699818
-0.683864
-0.668053
-0.652385
-0.636861
-0.621482
-0.606249
-0.591162
-0.576222
-0.561431
-0.546788
-0.532294
-0.51795
-0.503757
-0.489714
-0.475823
-0.462085
-0.448498
-0.435064
-0.421784
-0.408657
-0.395684
-0.382865
-0.370201
-0.357691
-0.345336
-0.333137
-0.321092
-0.309203
-0.297469
-0.285891
-0.274468
-0.2632
-0.252088
-0.241131
-0.230329
-0.219682
-0.20919
-0.198853
-0.18867
-0.178641
-0.168766
-0.159045
-0.149476
-0.140061
-0.130797
-0.121686
-0.112726
-0.103917
-0.0952581
-0.0867492
-0.0783896
-0.0701786
-0.0621155
-0.0541997
-0.0464305
-0.0388072
-0.031329
-0.0239951
-0.0168047
-0.00975699
-0.00285106
0.00391396
0.010539
0.017025
0.0233729
0.0295837
0.0356585
0.0415982
0.047404
0.053077
0.0586182
0.0640288
0.06931
0.0744629
0.0794889
0.084389
0.0891646
0.093817
0.0983474
0.102757
0.107048
0.11122
0.115276
0.119217
0.123044
0.126759
0.130364
0.133858
0.137245
0.140526
0.143702
0.146775
0.149746
0.152617
0.15539
0.158066
0.160647
0.163135
0.16553
0.167835
0.170052
0.172183
0.174228
0.17619
0.178071
0.179871
0.181594
0.183241
0.184813
0.186313
0.187742
0.189102
0.190396
0.191624
0.192788
0.193892
0.194935
0.195921
0.196852
0.197728
0.198553
0.199327
0.200053
0.200733
0.201369
0.201963
0.202516
0.203031
0.20351
0.203953
0.204365
0.204746
0.205098
0.205423
0.205724
0.206002
0.20626
0.206498
0.20672
0.206927
0.207121
0.207304
0.207478
0.207645
0.207808
0.207967
0.208125
0.208283
0.208445
0.208611
0.208784
0.208966
0.209157
0.209362
0.20958
0.209815
0.210068
0.210341
0.210636
0.210955
0.211299
0.21167
0.212071
0.212503
0.212969
0.213468
0.214005
0.21458
0.215194
0.215851
0.216552
0.217298
0.218091
0.218933
0.219825
0.22077
0.221769
0.222823
0.223934
0.225104
0.226335
0.227628
0.228984
0.230406
0.231894
0.233451
0.235077
0.236775
0.238545
0.24039
0.24231
0.244307
0.246383
0.248538
0.250775
0.253094
0.255498
0.257986
0.260561
0.263223
0.265974
0.268816
0.271748
0.274774
0.277892
0.281106
0.284416
0.287822
0.291327
0.29493
0.298634
0.302438
0.306345
0.310354
0.314467
0.318685
0.323009
0.327439
0.331976
0.336621
0.341375
0.346239
0.351213
0.356297
0.361494
0.366802
0.372223
0.377758
0.383407
0.38917
0.395048
0.401042
0.407151
0.413377
0.419719
0.426179
0.432756
0.439451
0.446263
0.453194
0.460244
0.467412
0.474699
0.482105
0.489631
0.497275
0.505039
0.512922
0.520925
0.529046
0.537288
0.545648
0.554128
0.562726
0.571443
0.580279
0.589234
0.598306
0.607497
0.616805
0.626231
0.635773
0.645432
0.655208
0.665099
0.675105
0.685226
0.695462
0.705811
0.716274
0.726849
0.737536
0.748335
0.759244
0.770263
0.781392
0.792629
0.803974
0.815426
0.826983
0.838647
0.850414
0.862286
0.87426
0.886335
0.898511
0.910787
0.923162
0.935634
0.948203
0.960867
0.973626
0.986477
0.999421
1.01246
1.02558
1.03879
1.05209
1.06548
1.07895
1.0925
1.10614
1.11986
1.13365
1.14753
1.16148
1.1755
1.1896
1.20377
1.21801
1.23232
1.2467
1.26115
1.27565
1.29023
1.30486
1.31955
1.3343
1.34911
1.36397
1.37888
1.39385
1.40887
1.42393
1.43904
1.45419
1.46939
1.48463
1.4999
1.51522
1.53057
1.54595
1.56137
1.57681
1.59228
1.60778
1.6233
1.63885
1.65442
1.67
1.6856
1.70122
1.71685
1.73249
1.74814
1.76379
1.77945
1.79512
1.81078
1.82645
1.84211
1.85776
1.87341
1.88905
1.90468
1.9203
1.9359
1.95149
1.96705
1.9826
1.99812
2.01361
2.02908
2.04452
2.05993
2.07531
2.09065
2.10596
2.12122
2.13645
2.15163
2.16676
2.18185
2.19689
2.21188
2.22681
2.24169
2.25651
2.27128
2.28598
2.30062
2.31519
2.3297
2.34414
2.35851
2.3728
2.38702
2.40117
2.41523
2.42922
2.44312
2.45694
2.47067
2.48432
2.49787
2.51134
2.52471
2.53798
2.55116
2.56424
2.57722
2.5901
2.60287
2.61554
2.6281
2.64055
2.65289
2.66512
2.67724
2.68924
2.70112
2.71288
2.72453
2.73605
2.74744
2.75872
2.76986
2.78088
2.79177
2.80253
2.81315
2.82365
2.834
2.84422
2.85431
2.86425
2.87406
2.88372
2.89324
2.90261
2.91184
2.92092
2.92986
2.93865
2.94728
2.95577
2.9641
2.97228
2.98031
2.98818
2.99589
3.00345
3.01085
3.01809
3.02517
3.03209
3.03885
3.04545
3.05188
3.05815
3.06425
3.07019
3.07597
3.08157
3.08701
3.09229
3.09739
3.10233
3.10709
3.11169
3.11611
3.12037
3.12445
3.12837
3.13211
3.13568
3.13907
3.1423
3.14535
3.14823
3.15093
3.15346
3.15582
3.15801
3.16002
3.16185
3.16352
3.16501
3.16632
3.16747
3.16844
3.16923
3.16986
3.17031
3.17059
3.17069
3.17063
3.17039
3.16998
3.1694
3.16865
3.16773
3.16663
3.16537
3.16395
3.16235
3.16058
3.15865
3.15655
3.15429
3.15186
3.14927
3.14651
3.14359
3.14051
3.13727
3.13386
3.1303
3.12658
3.1227
3.11866
3.11447
3.11012
3.10562
3.10097
3.09616
3.0912
3.0861
3.08084
3.07544
3.0699
3.0642
3.05837
3.05239
3.04627
3.04002
3.03362
3.02709
3.02042
3.01361
3.00668
2.99961
2.99242
2.98509
2.97764
2.97006
2.96236
2.95454
2.9466
2.93854
2.93036
2.92206
2.91365
2.90513
2.8965
2.88776
2.87892
2.86996
2.86091
2.85175
2.84249
2.83314
2.82369
2.81414
2.8045
2.79477
2.78496
2.77505
2.76506
2.75499
2.74484
2.7346
2.7243
2.71391
2.70345
2.69293
2.68233
2.67167
2.66094
2.65015
2.63929
2.62838
2.61742
2.60639
2.59532
2.5842
2.57302
2.56181
2.55054
2.53924
2.5279
2.51651
2.5051
2.49365
2.48217
2.47066
2.45912
2.44756
2.43598
2.42437
2.41275
2.40111
2.38946
2.3778
2.36613
2.35445
2.34277
2.33108
2.31939
2.30771
2.29603
2.28435
2.27268
2.26102
2.24938
2.23775
2.22613
2.21454
2.20296
2.19141
2.17988
2.16838
2.15691
2.14548
2.13407
2.1227
2.11137
2.10008
2.08883
2.07762
2.06646
2.05535
2.04429
2.03327
2.02232
2.01142
2.00057
1.98979
1.97907
1.96841
1.95782
1.94729
1.93684
1.92645
1.91614
1.90591
1.89575
1.88567
1.87566
1.86575
1.85591
1.84616
1.8365
1.82692
1.81744
1.80805
1.79875
1.78955
1.78045
1.77144
1.76254
1.75373
1.74503
1.73644
1.72795
1.71957
1.71129
1.70313
1.69508
1.68714
1.67932
1.67161
1.66402
1.65655
1.6492
1.64197
1.63486
1.62787
1.62101
1.61428
1.60767
1.60118
1.59483
1.58861
1.58251
1.57655
1.57072
1.56502
1.55946
1.55403
1.54874
1.54359
1.53857
1.53369
1.52895
1.52435
1.51988
1.51556
1.51138
1.50734
1.50345
1.49969
1.49608
1.49262
1.48929
1.48611
1.48308
1.48019
1.47745
1.47485
1.4724
1.47009
1.46793
1.46592
1.46405
1.46233
1.46075
1.45932
1.45804
1.4569
1.45591
1.45507
1.45437
1.45382
1.45341
1.45315
1.45303
1.45306
1.45323
1.45355
1.454
1.45461
1.45535
1.45624
1.45727
1.45844
1.45975
1.4612
1.46278
1.46451
1.46638
1.46838
1.47052
1.47279
1.4752
1.47774
1.48042
1.48322
1.48616
1.48923
1.49243
1.49575
1.4992
1.50278
1.50648
1.51031
1.51426
1.51833
1.52251
1.52682
1.53125
1.53579
1.54045
1.54522
1.5501
1.55509
1.56019
1.5654
1.57071
1.57613
1.58166
1.58728
1.59301
1.59883
1.60475
1.61076
1.61687
1.62307
1.62936
1.63573
1.6422
1.64875
1.65538
1.66209
1.66888
1.67575
1.68269
1.68971
1.69679
1.70395
1.71118
1.71847
1.72582
1.73323
1.74071
1.74824
1.75583
1.76346
1.77116
1.77889
1.78668
1.79451
1.80238
1.8103
1.81825
1.82623
1.83425
1.8423
1.85038
1.85849
1.86662
1.87477
1.88295
1.89114
1.89934
1.90756
1.91579
1.92403
1.93227
1.94052
1.94876
1.95701
1.96525
1.97349
1.98172
1.98993
1.99814
2.00632
2.01449
2.02264
2.03077
2.03887
2.04694
2.05498
2.06299
2.07097
2.07891
2.0868
2.09466
2.10247
2.11023
2.11794
2.1256
2.13321
2.14076
2.14825
2.15568
2.16304
2.17034
2.17757
2.18473
2.19181
2.19882
2.20575
2.2126
2.21936
2.22604
2.23263
2.23913
2.24554
2.25186
2.25808
2.26419
2.27021
2.27612
2.28193
2.28763
2.29322
2.29869
2.30405
2.3093
2.31442
2.31942
2.3243
2.32905
2.33368
2.33818
2.34254
2.34677
2.35086
2.35482
2.35864
2.36231
2.36584
2.36922
2.37246
2.37555
2.37849
2.38127
2.3839
2.38637
2.38868
2.39083
2.39282
2.39465
2.39631
2.3978
2.39912
2.40028
2.40126
2.40207
2.4027
2.40316
2.40344
2.40354
2.40345
2.40319
2.40274
2.40211
2.40129
2.40028
2.39909
2.3977
2.39613
2.39436
2.3924
2.39024
2.38789
2.38534
2.38259
2.37965
2.3765
2.37316
2.36961
2.36586
2.36191
2.35775
2.35339
2.34883
2.34406
2.33908
2.33389
2.3285
2.3229
2.31709
2.31107
2.30484
2.2984
2.29175
2.28489
2.27782
2.27054
2.26304
2.25534
2.24742
2.23929
2.23095
2.22239
2.21362
2.20465
2.19545
2.18605
2.17644
2.16661
2.15657
2.14632
2.13586
2.12519
2.11431
2.10322
2.09191
2.0804
2.06868
2.05676
2.04462
2.03228
2.01973
2.00698
1.99402
1.98086
1.96749
1.95393
1.94016
1.92619
1.91202
1.89765
1.88308
1.86831
1.85335
1.8382
1.82285
1.80731
1.79158
1.77566
1.75955
1.74325
1.72677
1.7101
1.69325
1.67622
1.659
1.64161
1.62404
1.6063
1.58838
1.57029
1.55202
1.53359
1.515
1.49623
1.47731
1.45822
1.43897
1.41956
1.4
1.38028
1.36041
1.34039
1.32023
1.29991
1.27946
1.25886
1.23812
1.21724
1.19623
1.17509
1.15381
1.13241
1.11088
1.08923
1.06746
1.04556
1.02355
1.00143
0.979195
0.956851
0.934401
0.911846
0.88919
0.866435
0.843584
0.820639
0.797603
0.774479
0.751269
0.727977
0.704604
0.681154
0.65763
0.634033
0.610368
0.586636
0.562841
0.538985
0.515072
0.491104
0.467084
0.443015
0.418901
0.394743
0.370545
0.34631
0.322041
0.297741
0.273412
0.249059
0.224683
0.200289
0.175878
0.151454
0.127021
0.102581
0.0781366
0.053692
0.0292498
0.00481319
-0.0196148
-0.044031
-0.0684323
-0.0928156
-0.117178
-0.141516
-0.165826
-0.190106
-0.214353
-0.238562
-0.262732
-0.286859
-0.310939
-0.33497
-0.358949
-0.382872
-0.406736
-0.430539
-0.454277
-0.477946
-0.501545
-0.525069
-0.548516
-0.571882
-0.595165
-0.618361
-0.641467
-0.664481
-0.687399
-0.710218
-0.732934
-0.755547
-0.778051
-0.800444
-0.822723
-0.844885
-0.866927
-0.888847
-0.91064
-0.932305
-0.953838
-0.975237
-0.996498
-1.01762
-1.0386
-1.05943
-1.08011
-1.10064
-1.12102
-1.14124
-1.1613
-1.1812
-1.20093
-1.22049
-1.23988
-1.2591
-1.27815
-1.29701
-1.3157
-1.3342
-1.35251
-1.37064
-1.38857
-1.40631
-1.42386
-1.44121
-1.45835
-1.4753
-1.49203
-1.50856
-1.52488
-1.54099
-1.55688
-1.57256
-1.58802
-1.60325
-1.61827
-1.63306
-1.64762
-1.66195
-1.67605
-1.68992
-1.70355
-1.71695
-1.73011
-1.74303
-1.75571
-1.76814
-1.78032
-1.79226
-1.80396
-1.8154
-1.82659
-1.83752
-1.8482
-1.85863
-1.86879
-1.8787
-1.88835
-1.89773
-1.90685
-1.91571
-1.9243
-1.93263
-1.94069
-1.94848
-1.956
-1.96324
-1.97022
-1.97693
-1.98336
-1.98951
-1.9954
-2.001
-2.00633
-2.01138
-2.01616
-2.02065
-2.02487
-2.02881
-2.03246
-2.03584
-2.03894
-2.04175
-2.04429
-2.04654
-2.04851
-2.0502
-2.0516
-2.05273
-2.05357
-2.05413
-2.05441
-2.0544
-2.05412
-2.05355
-2.0527
-2.05157
-2.05015
-2.04846
-2.04649
-2.04424
-2.0417
-2.03889
-2.0358
-2.03244
-2.02879
-2.02487
-2.02068
-2.0162
-2.01146
-2.00644
-2.00115
-1.99559
-1.98976
-1.98365
-1.97728
-1.97065
-1.96374
-1.95657
-1.94914
-1.94145
-1.93349
-1.92528
-1.9168
-1.90807
-1.89909
-1.88985
-1.88035
-1.87061
-1.86062
-1.85038
-1.83989
-1.82916
-1.81819
-1.80697
-1.79552
-1.78383
-1.77191
-1.75975
-1.74736
-1.73475
-1.7219
-1.70884
-1.69555
-1.68204
-1.66831
-1.65436
-1.6402
-1.62583
-1.61125
-1.59647
-1.58148
-1.56629
-1.5509
-1.53531
-1.51953
-1.50356
-1.48739
-1.47105
-1.45451
-1.4378
-1.42091
-1.40384
-1.3866
-1.36919
-1.35162
-1.33388
-1.31597
-1.29791
-1.2797
-1.26133
-1.24281
-1.22414
-1.20533
-1.18639
-1.1673
-1.14808
-1.12873
-1.10925
-1.08964
-1.06992
-1.05007
-1.03011
-1.01004
-0.989861
-0.969576
-0.949188
-0.928702
-0.90812
-0.887446
-0.866684
-0.845836
-0.824907
-0.803899
-0.782815
-0.761661
-0.740438
-0.71915
-0.697802
-0.676395
-0.654935
-0.633423
-0.611865
-0.590262
-0.56862
-0.546941
-0.525229
-0.503487
-0.48172
-0.45993
-0.438122
-0.416298
-0.394462
-0.372619
-0.350771
-0.328922
-0.307075
-0.285235
-0.263405
-0.241589
-0.219789
-0.19801
-0.176255
-0.154529
-0.132833
-0.111172
-0.0895503
-0.0679703
-0.046436
-0.0249509
-0.00351856
0.0178575
0.0391737
0.0604265
0.0816125
0.102728
0.12377
0.144734
0.165617
0.186417
0.207128
0.227748
0.248273
0.268701
0.289027
0.309248
0.329361
0.349362
0.369248
0.389016
0.408663
0.428184
0.447578
0.46684
0.485968
0.504957
0.523806
0.542511
0.561068
0.579475
0.597728
0.615825
0.633762
0.651536
0.669145
0.686584
0.703853
0.720946
0.737862
0.754598
0.77115
0.787516
0.803693
0.819679
0.83547
0.851065
0.866459
0.881651
0.896638
0.911417
0.925987
0.940343
0.954484
0.968408
0.982111
0.995592
1.00885
1.02188
1.03468
1.04724
1.05958
1.07168
1.08354
1.09515
1.10653
1.11766
1.12855
1.13919
1.14957
1.15971
1.16959
1.17921
1.18858
1.19769
1.20653
1.21512
1.22344
1.23149
1.23928
1.24679
1.25404
1.26102
1.26772
1.27415
1.2803
1.28617
1.29177
1.29709
1.30213
1.30688
1.31136
1.31555
1.31945
1.32308
1.32641
1.32946
1.33222
1.33469
1.33688
1.33877
1.34038
1.34169
1.34271
1.34344
1.34388
1.34403
1.34389
1.34345
1.34272
1.3417
1.34038
1.33877
1.33687
1.33467
1.33218
1.3294
1.32632
1.32295
1.31929
1.31534
1.3111
1.30656
1.30174
1.29662
1.29121
1.28552
1.27953
1.27326
1.2667
1.25986
1.25273
1.24531
1.23761
1.22963
1.22136
1.21282
1.20399
1.19489
1.1855
1.17585
1.16591
1.1557
1.14523
1.13447
1.12345
1.11217
1.10061
1.08879
1.07671
1.06436
1.05176
1.03889
1.02577
1.0124
0.998768
0.984888
0.970759
0.956383
0.941761
0.926897
0.911791
0.896446
0.880864
0.865048
0.848999
0.832721
0.816214
0.799482
0.782527
0.765351
0.747957
0.730347
0.712524
0.694491
0.676249
0.657802
0.639152
0.620302
0.601255
0.582013
0.562579
0.542957
0.523148
0.503156
0.482983
0.462633
0.442109
0.421413
0.400549
0.379519
0.358327
0.336976
0.315469
0.293808
0.271998
0.250042
0.227942
0.205702
0.183326
0.160816
0.138175
0.115408
0.0925177
0.0695071
0.0463798
0.0231393
-0.00021107
-0.0236678
-0.0472273
-0.0708863
-0.0946411
-0.118488
-0.142424
-0.166445
-0.190548
-0.214729
-0.238984
-0.26331
-0.287704
-0.312161
-0.336678
-0.361251
-0.385877
-0.410552
-0.435272
-0.460033
-0.484832
-0.509666
-0.53453
-0.55942
-0.584334
-0.609267
-0.634215
-0.659175
-0.684143
-0.709115
-0.734087
-0.759057
-0.784019
-0.80897
-0.833907
-0.858826
-0.883723
-0.908593
-0.933435
-0.958243
-0.983014
-1.00774
-1.03243
-1.05707
-1.08165
-1.10618
-1.13065
-1.15506
-1.1794
-1.20367
-1.22787
-1.25199
-1.27602
-1.29998
-1.32384
-1.34761
-1.37129
-1.39486
-1.41833
-1.4417
-1.46496
-1.4881
-1.51112
-1.53403
-1.55681
-1.57946
-1.60198
-1.62437
-1.64662
-1.66873
-1.69069
-1.71251
-1.73417
-1.75568
-1.77703
-1.79822
-1.81925
-1.84011
-1.8608
-1.88131
-1.90165
-1.9218
-1.94178
-1.96157
-1.98116
-2.00057
-2.01978
-2.03879
-2.05761
-2.07621
-2.09462
-2.11281
-2.13079
-2.14855
-2.1661
-2.18342
-2.20053
-2.2174
-2.23405
-2.25047
-2.26665
-2.2826
-2.29831
-2.31378
-2.32901
-2.34399
-2.35872
-2.3732
-2.38743
-2.40141
-2.41513
-2.42859
-2.44178
-2.45472
-2.46739
-2.4798
-2.49193
-2.5038
-2.51539
-2.52671
-2.53775
-2.54852
-2.559
-2.56921
-2.57913
-2.58877
-2.59812
-2.60718
-2.61596
-2.62444
-2.63264
-2.64054
-2.64815
-2.65546
-2.66248
-2.6692
-2.67562
-2.68175
-2.68757
-2.69309
-2.69831
-2.70322
-2.70784
-2.71214
-2.71615
-2.71984
-2.72323
-2.72632
-2.72909
-2.73156
-2.73372
-2.73557
-2.73711
-2.73834
-2.73926
-2.73988
-2.74018
-2.74017
-2.73985
-2.73922
-2.73829
-2.73704
-2.73548
-2.73361
-2.73143
-2.72894
-2.72615
-2.72304
-2.71963
-2.71591
-2.71188
-2.70755
-2.70291
-2.69796
-2.69271
-2.68716
-2.6813
-2.67514
-2.66868
-2.66191
-2.65485
-2.64749
-2.63983
-2.63188
-2.62362
-2.61508
-2.60624
-2.59711
-2.58769
-2.57798
-2.56799
-2.5577
-2.54714
-2.53628
-2.52515
-2.51374
-2.50205
-2.49008
-2.47784
-2.46532
-2.45253
-2.43947
-2.42615
-2.41256
-2.3987
-2.38459
-2.37021
-2.35557
-2.34068
-2.32554
-2.31015
-2.2945
-2.27861
-2.26248
-2.2461
-2.22949
-2.21263
-2.19555
-2.17823
-2.16068
-2.1429
-2.1249
-2.10667
-2.08823
-2.06957
-2.0507
-2.03161
-2.01232
-1.99282
-1.97311
-1.95321
-1.93311
-1.91282
-1.89233
-1.87166
-1.8508
-1.82976
-1.80854
-1.78714
-1.76557
-1.74383
-1.72193
-1.69986
-1.67763
-1.65524
-1.6327
-1.61
-1.58717
-1.56418
-1.54106
-1.5178
-1.4944
-1.47087
-1.44722
-1.42344
-1.39954
-1.37553
-1.3514
-1.32716
-1.30282
-1.27837
-1.25382
-1.22918
-1.20444
-1.17962
-1.1547
-1.12971
-1.10464
-1.0795
-1.05428
-1.029
-1.00365
-0.978243
-0.95278
-0.927263
-0.901698
-0.876086
-0.850433
-0.824742
-0.799017
-0.77326
-0.747476
-0.721669
-0.695842
-0.669999
-0.644143
-0.618278
-0.592409
-0.566538
-0.540669
-0.514805
-0.488952
-0.463111
-0.437287
-0.411484
-0.385705
-0.359954
-0.334234
-0.308549
-0.282902
-0.257298
-0.231739
-0.20623
-0.180774
-0.155375
-0.130035
-0.104759
-0.0795501
-0.0544119
-0.0293478
-0.00436133
0.020544
0.0453648
0.0700976
0.094739
0.119286
0.143734
0.168081
0.192322
0.216456
0.240478
0.264385
0.288173
0.311841
0.335384
0.358798
0.382082
0.405232
0.428244
0.451115
0.473843
0.496425
0.518856
0.541135
0.563259
0.585223
0.607026
0.628664
0.650135
0.671435
0.692563
0.713514
0.734287
0.754878
0.775285
0.795505
0.815536
0.835375
0.855019
0.874465
0.893712
0.912757
0.931597
0.95023
0.968653
0.986865
1.00486
1.02264
1.0402
1.05755
1.07466
1.09156
1.10822
1.12466
1.14086
1.15683
1.17257
1.18807
1.20333
1.21834
1.23312
1.24765
1.26194
1.27597
1.28976
1.30329
1.31658
1.32961
1.34238
1.35489
1.36715
1.37915
1.39088
1.40236
1.41357
1.42451
1.43519
1.4456
1.45574
1.46562
1.47522
1.48455
1.49361
1.5024
1.51091
1.51915
1.52712
1.5348
1.54221
1.54935
1.55621
1.56278
1.56908
1.5751
1.58085
1.58631
1.59149
1.59639
1.60101
1.60535
1.60941
1.61319
1.61669
1.61991
1.62284
1.6255
1.62787
1.62997
1.63179
1.63332
1.63458
1.63556
1.63626
1.63668
1.63682
1.63669
1.63628
1.63559
1.63463
1.6334
1.63189
1.6301
1.62805
1.62572
1.62313
1.62026
1.61713
1.61373
1.61007
1.60613
1.60194
1.59748
1.59276
1.58778
1.58254
1.57705
1.5713
1.56529
1.55903
1.55252
1.54576
1.53875
1.53149
1.52399
1.51625
1.50826
1.50003
1.49157
1.48287
1.47393
1.46476
1.45537
1.44574
1.43589
1.42581
1.41551
1.40499
1.39425
1.38329
1.37212
1.36074
1.34915
1.33735
1.32535
1.31315
1.30075
1.28815
1.27535
1.26236
1.24918
1.23581
1.22226
1.20853
1.19462
1.18053
1.16626
1.15182
1.13722
1.12244
1.10751
1.09241
1.07715
1.06174
1.04618
1.03047
1.01461
0.998603
0.982458
0.966176
0.949758
0.933208
0.916529
0.899724
0.882796
0.865748
0.848583
0.831303
0.813913
0.796415
0.778813
0.761108
0.743306
0.725408
0.707417
0.689338
0.671173
0.652925
0.634598
0.616194
0.597718
0.579171
0.560558
0.541881
0.523145
0.504351
0.485503
0.466605
0.44766
0.42867
0.40964
0.390573
0.371471
0.352338
0.333177
0.313992
0.294786
0.275561
0.256322
0.237072
0.217813
0.198549
0.179284
0.16002
0.140761
0.121509
0.102269
0.0830433
0.0638351
0.0446477
0.0254843
0.006348
-0.012758
-0.0318304
-0.0508663
-0.0698623
-0.0888154
-0.107723
-0.12658
-0.145386
-0.164137
-0.182829
-0.201459
-0.220025
-0.238524
-0.256952
-0.275306
-0.293584
-0.311783
-0.329899
-0.34793
-0.365872
-0.383724
-0.401481
-0.419142
-0.436702
-0.454161
-0.471514
-0.488759
-0.505893
-0.522914
-0.539819
-0.556604
-0.573268
-0.589808
-0.606221
-0.622505
-0.638657
-0.654674
-0.670554
-0.686295
-0.701894
-0.717349
-0.732657
-0.747816
-0.762823
-0.777676
-0.792374
-0.806913
-0.821292
-0.835508
-0.849559
-0.863443
-0.877158
-0.890701
-0.904072
-0.917267
-0.930285
-0.943123
-0.955781
-0.968255
-0.980545
-0.992648
-1.00456
-1.01629
-1.02782
-1.03916
-1.0503
-1.06125
-1.072
-1.08254
-1.09289
-1.10303
-1.11297
-1.12271
-1.13223
-1.14155
-1.15066
-1.15956
-1.16824
-1.17671
-1.18497
-1.19301
-1.20084
-1.20844
-1.21583
-1.223
-1.22995
-1.23667
-1.24318
-1.24946
-1.25551
-1.26135
-1.26695
-1.27234
-1.27749
-1.28242
-1.28712
-1.29159
-1.29583
-1.29985
-1.30363
-1.30719
-1.31051
-1.31361
-1.31647
-1.3191
-1.32151
-1.32368
-1.32562
-1.32733
-1.32881
-1.33006
-1.33108
-1.33186
-1.33242
-1.33275
-1.33284
-1.33271
-1.33235
-1.33175
-1.33093
-1.32989
-1.32861
-1.32711
-1.32538
-1.32342
-1.32124
-1.31883
-1.3162
-1.31335
-1.31027
-1.30697
-1.30345
-1.29972
-1.29576
-1.29158
-1.28719
-1.28258
-1.27776
-1.27272
-1.26747
-1.262
-1.25633
-1.25045
-1.24436
-1.23806
-1.23156
-1.22486
-1.21795
-1.21084
-1.20353
-1.19603
-1.18832
-1.18043
-1.17233
-1.16405
-1.15558
-1.14692
-1.13807
-1.12904
-1.11982
-1.11042
-1.10085
-1.09109
-1.08116
-1.07106
-1.06078
-1.05034
-1.03972
-1.02894
-1.018
-1.0069
-0.99563
-0.984208
-0.972631
-0.9609
-0.949018
-0.936988
-0.924811
-0.91249
-0.900026
-0.887423
-0.874683
-0.861808
-0.8488
-0.835662
-0.822396
-0.809004
-0.79549
-0.781855
-0.768102
-0.754234
-0.740253
-0.726161
-0.711962
-0.697657
-0.683249
-0.668741
-0.654136
-0.639435
-0.624643
-0.609761
-0.594791
-0.579738
-0.564603
-0.549388
-0.534098
-0.518734
-0.503299
-0.487797
-0.472229
-0.456598
-0.440907
-0.42516
-0.409358
-0.393505
-0.377603
-0.361655
-0.345664
-0.329632
-0.313563
-0.297459
-0.281324
-0.265159
-0.248968
-0.232753
-0.216518
-0.200264
-0.183996
-0.167715
-0.151425
-0.135129
-0.118828
-0.102527
-0.086227
-0.0699319
-0.0536442
-0.0373666
-0.0211019
-0.00485305
0.0113773
0.0275864
0.0437715
0.0599297
0.0760584
0.0921549
0.108216
0.12424
0.140223
0.156163
0.172057
0.187903
0.203697
0.219438
0.235122
0.250747
0.26631
0.281809
0.297241
0.312603
0.327893
0.343109
0.358247
0.373306
0.388282
0.403173
0.417978
0.432693
0.447315
0.461844
0.476275
0.490607
0.504838
0.518964
0.532984
0.546896
0.560697
0.574385
0.587957
0.601412
0.614747
0.62796
0.641049
0.654012
0.666847
0.679551
0.692123
0.704561
0.716862
0.729025
0.741048
0.752928
0.764664
0.776254
0.787697
0.798989
0.810131
0.821119
0.831952
0.842628
0.853147
0.863505
0.873702
0.883735
0.893604
0.903307
0.912842
0.922208
0.931403
0.940426
0.949276
0.957951
0.96645
0.974772
0.982915
0.990879
0.998661
1.00626
1.01368
1.02091
1.02796
1.03482
1.04149
1.04798
1.05427
1.06038
1.0663
1.07202
1.07755
1.08289
1.08803
1.09298
1.09773
1.10229
1.10665
1.11081
1.11477
1.11854
1.12211
1.12548
1.12865
1.13162
1.13439
1.13696
1.13933
1.1415
1.14347
1.14523
1.1468
1.14816
1.14933
1.15029
1.15105
1.15161
1.15197
1.15213
1.15208
1.15184
1.1514
1.15076
1.14991
1.14887
1.14763
1.14619
1.14455
1.14272
1.14068
1.13846
1.13603
1.13341
1.1306
1.12759
1.12439
1.12099
1.11741
1.11363
1.10966
1.10551
1.10116
1.09663
1.09192
1.08701
1.08193
1.07665
1.0712
1.06557
1.05976
1.05376
1.04759
1.04125
1.03473
1.02803
1.02117
1.01413
1.00692
0.999546
0.992004
0.984297
0.976426
0.968393
0.9602
0.951847
0.943337
0.934671
0.92585
0.916878
0.907754
0.898482
0.889062
0.879496
0.869787
0.859936
0.849945
0.839815
0.82955
0.81915
0.808617
0.797954
0.787162
0.776244
0.765201
0.754036
0.74275
0.731346
0.719826
0.708191
0.696445
0.684588
0.672624
0.660554
0.648381
0.636107
0.623734
0.611264
0.598699
0.586043
0.573296
0.560462
0.547543
0.534541
0.521458
0.508296
0.495059
0.481749
0.468367
0.454916
0.441399
0.427818
0.414176
0.400474
0.386715
0.372903
0.359038
0.345124
0.331163
0.317158
0.303111
0.289024
0.274901
0.260742
0.246552
0.232332
0.218086
0.203814
0.189521
0.175208
0.160878
0.146533
0.132176
0.11781
0.103437
0.0890595
0.0746797
0.0603005
0.0459242
0.0315533
0.0171905
0.002838
-0.0115015
-0.0258257
-0.040132
-0.0544179
-0.068681
-0.0829189
-0.0971291
-0.111309
-0.125457
-0.139569
-0.153644
-0.167679
-0.181672
-0.19562
-0.209522
-0.223374
-0.237174
-0.25092
-0.26461
-0.27824
-0.29181
-0.305317
-0.318757
-0.33213
-0.345433
-0.358663
-0.371818
-0.384897
-0.397896
-0.410815
-0.423649
-0.436398
-0.44906
-0.461631
-0.47411
-0.486496
-0.498785
-0.510976
-0.523067
-0.535055
-0.54694
-0.558718
-0.570388
-0.581948
-0.593396
-0.60473
-0.615948
-0.627048
-0.63803
-0.64889
-0.659627
-0.670239
-0.680725
-0.691082
-0.70131
-0.711406
-0.721369
-0.731197
-0.740888
-0.750442
-0.759856
-0.769129
-0.77826
-0.787246
-0.796087
-0.804782
-0.813328
-0.821724
-0.82997
-0.838064
-0.846004
-0.853789
-0.861418
-0.86889
-0.876204
-0.883359
-0.890353
-0.897185
-0.903855
-0.910361
-0.916702
-0.922878
-0.928887
-0.934729
-0.940402
-0.945906
-0.95124
-0.956404
-0.961396
-0.966215
-0.970862
-0.975335
-0.979634
-0.983758
-0.987707
-0.99148
-0.995076
-0.998496
-1.00174
-1.0048
-1.00769
-1.0104
-1.01293
-1.01528
-1.01745
-1.01944
-1.02125
-1.02288
-1.02433
-1.0256
-1.02669
-1.0276
-1.02833
-1.02888
-1.02925
-1.02944
-1.02945
-1.02928
-1.02893
-1.0284
-1.0277
-1.02681
-1.02574
-1.0245
-1.02308
-1.02148
-1.0197
-1.01775
-1.01562
-1.01331
-1.01083
-1.00818
-1.00535
-1.00235
-0.999175
-0.995829
-0.992312
-0.988624
-0.984767
-0.980741
-0.976547
-0.972186
-0.967659
-0.962966
-0.95811
-0.95309
-0.947907
-0.942563
-0.93706
-0.931397
-0.925576
-0.919598
-0.913464
-0.907176
-0.900735
-0.894142
-0.887398
-0.880504
-0.873463
-0.866275
-0.858941
-0.851463
-0.843843
-0.836082
-0.828181
-0.820141
-0.811966
-0.803655
-0.79521
-0.786634
-0.777927
-0.769091
-0.760129
-0.751041
-0.741829
-0.732495
-0.723041
-0.713468
-0.703778
-0.693974
-0.684056
-0.674027
-0.663888
-0.653642
-0.64329
-0.632833
-0.622275
-0.611617
-0.60086
-0.590008
-0.579061
-0.568022
-0.556892
-0.545675
-0.534371
-0.522983
-0.511513
-0.499963
-0.488334
-0.47663
-0.464853
-0.453003
-0.441084
-0.429098
-0.417046
-0.404931
-0.392756
-0.380521
-0.36823
-0.355884
-0.343487
-0.331039
-0.318544
-0.306003
-0.293418
-0.280793
-0.268128
-0.255427
-0.242692
-0.229924
-0.217127
-0.204302
-0.191452
-0.178578
-0.165684
-0.152771
-0.139841
-0.126898
-0.113943
-0.100978
-0.0880063
-0.0750294
-0.0620499
-0.0490699
-0.0360918
-0.0231178
-0.0101501
0.00280897
0.0157572
0.0286922
0.0416119
0.054514
0.0673962
0.0802564
0.0930922
0.105902
0.118682
0.131432
0.144148
0.156829
0.169473
0.182077
0.194639
0.207156
0.219628
0.232052
0.244425
0.256745
0.26901
0.281219
0.293369
0.305458
0.317484
0.329445
0.341339
0.353164
0.364917
0.376597
0.388203
0.399731
0.41118
0.422548
0.433833
0.445034
0.456147
0.467172
0.478107
0.488949
0.499698
0.51035
0.520905
0.53136
0.541714
0.551965
0.562111
0.572152
0.582084
0.591906
0.601617
0.611215
0.620699
0.630067
0.639317
0.648448
0.657458
0.666346
0.67511
0.68375
0.692263
0.700648
0.708904
0.71703
0.725024
0.732884
0.74061
0.748201
0.755654
0.76297
0.770146
0.777181
0.784076
0.790827
0.797435
0.803898
0.810215
0.816386
0.822409
0.828283
0.834008
0.839582
0.845004
0.850275
0.855393
0.860357
0.865166
0.86982
0.874318
0.87866
0.882844
0.886871
0.890739
0.894448
0.897998
0.901387
0.904616
0.907685
0.910591
0.913337
0.91592
0.91834
0.920598
0.922693
0.924624
0.926393
0.927997
0.929438
0.930715
0.931827
0.932776
0.93356
0.934181
0.934637
0.934929
0.935057
0.935021
0.934822
0.934458
0.933932
0.933242
0.932389
0.931373
0.930195
0.928854
0.927352
0.925689
0.923865
0.92188
0.919735
0.91743
0.914967
0.912345
0.909565
0.906628
0.903534
0.900284
0.896879
0.893319
0.889605
0.885738
0.881719
0.877548
0.873227
0.868756
0.864136
0.859368
0.854453
0.849391
0.844185
0.838835
0.833341
0.827706
0.82193
0.816014
0.809959
0.803767
0.797439
0.790976
0.784379
0.777649
0.770788
0.763797
0.756677
0.74943
0.742057
0.73456
0.726939
0.719197
0.711334
0.703352
0.695253
0.687038
0.678709
0.670267
0.661713
0.653051
0.64428
0.635402
0.62642
0.617335
0.608148
0.598861
0.589476
0.579995
0.570419
0.56075
0.550991
0.541141
0.531205
0.521182
0.511075
0.500887
0.490618
0.48027
0.469846
0.459348
0.448776
0.438134
0.427423
0.416645
0.405801
0.394895
0.383927
0.3729
0.361816
0.350677
0.339484
0.328241
0.316948
0.305607
0.294222
0.282793
0.271323
0.259814
0.248268
0.236687
0.225073
0.213428
0.201755
0.190054
0.178329
0.166582
0.154813
0.143027
0.131224
0.119407
0.107577
0.0957374
0.0838898
0.0720362
0.0601787
0.0483195
0.0364606
0.0246041
0.012752
0.000906503
-0.0109304
-0.0227566
-0.03457
-0.0463687
-0.0581504
-0.0699132
-0.081655
-0.0933737
-0.105067
-0.116734
-0.128371
-0.139978
-0.151551
-0.163088
-0.174589
-0.186051
-0.197471
-0.208848
-0.22018
-0.231465
-0.242701
-0.253886
-0.265018
-0.276095
-0.287115
-0.298077
-0.308978
-0.319817
-0.330592
-0.341301
-0.351941
-0.362512
-0.373012
-0.383438
-0.393789
-0.404063
-0.414258
-0.424373
-0.434406
-0.444355
-0.454218
-0.463994
-0.473682
-0.483279
-0.492784
-0.502195
-0.511511
-0.520729
-0.52985
-0.53887
-0.547789
-0.556605
-0.565317
-0.573923
-0.582421
-0.59081
-0.59909
-0.607257
-0.615312
-0.623252
-0.631077
-0.638785
-0.646375
-0.653845
-0.661195
-0.668423
-0.675527
-0.682508
-0.689363
-0.696092
-0.702693
-0.709165
-0.715508
-0.72172
-0.7278
-0.733747
-0.739561
-0.74524
-0.750784
-0.756191
-0.761461
-0.766593
-0.771585
-0.776439
-0.781151
-0.785723
-0.790152
-0.794439
-0.798582
-0.802582
-0.806437
-0.810147
-0.813712
-0.81713
-0.820401
-0.823526
-0.826503
-0.829331
-0.832011
-0.834543
-0.836925
-0.839158
-0.841241
-0.843174
-0.844956
-0.846588
-0.848069
-0.8494
-0.850579
-0.851608
-0.852485
-0.85321
-0.853785
-0.854208
-0.85448
-0.854601
-0.85457
-0.854389
-0.854057
-0.853574
-0.85294
-0.852156
-0.851222
-0.850137
-0.848904
-0.847521
-0.845989
-0.844309
-0.84248
-0.840503
-0.83838
-0.836109
-0.833692
-0.831129
-0.828421
-0.825568
-0.822571
-0.819431
-0.816148
-0.812722
-0.809155
-0.805447
-0.801599
-0.797612
-0.793486
-0.789223
-0.784822
-0.780286
-0.775615
-0.770809
-0.76587
-0.760799
-0.755596
-0.750264
-0.744801
-0.739211
-0.733493
-0.727649
-0.721681
-0.715588
-0.709372
-0.703035
-0.696578
-0.690001
-0.683307
-0.676496
-0.669569
-0.662528
-0.655374
-0.648109
-0.640734
-0.63325
-0.625659
-0.617961
-0.61016
-0.602254
-0.594248
-0.586141
-0.577935
-0.569632
-0.561234
-0.552741
-0.544156
-0.53548
-0.526714
-0.517861
-0.508921
-0.499896
-0.490789
-0.481601
-0.472332
-0.462986
-0.453564
-0.444067
-0.434497
-0.424856
-0.415145
-0.405367
-0.395524
-0.385616
-0.375646
-0.365615
-0.355525
-0.345379
-0.335178
-0.324923
-0.314617
-0.304262
-0.293859
-0.28341
-0.272917
-0.262381
-0.251806
-0.241193
-0.230542
-0.219858
-0.209141
-0.198393
-0.187616
-0.176812
-0.165984
-0.155132
-0.144259
-0.133367
-0.122458
-0.111533
-0.100595
-0.0896459
-0.0786869
-0.0677203
-0.0567481
-0.0457721
-0.0347944
-0.0238168
-0.0128412
-0.00186974
0.00909581
0.0200535
