0
-0.00039746
-0.000790936
0.0569962
0.0569767
0.0569593
0.0569441
0.0569309
0.0569198
0.0569108
0.0569038
0.0568987
0.0568955
0.0568942
0.0568948
0.0568972
0.0569014
0.0569073
0.056915
0.0569244
0.0569354
0.056948
0.0569622
0.056978
0.0569953
0.0570142
0.0570344
0.0570561
0.0570792
0.0571037
0.0571295
0.0571567
0.0571851
0.0572147
0.0572456
0.0572777
0.0573109
0.0573452
0.0573807
0.0574172
0.0574548
0.0574934
0.0575329
0.0575735
0.0576149
0.0576573
0.0577005
0.0577446
0.0577895
0.0578352
0.0578816
0.0579288
0.0579767
0.0580253
0.0580746
0.0581244
0.0581749
0.058226
0.0582776
0.0583298
0.0583825
0.0584356
0.0584892
0.0585433
0.0585977
0.0586525
0.0587077
0.0587633
0.0588191
0.0588752
0.0589316
0.0589882
0.0590451
0.0591021
0.0591593
0.0592167
0.0592742
0.0593318
0.0593894
0.0594472
0.059505
0.0595628
0.0596205
0.0596783
0.059736
0.0597937
0.0598513
0.0599087
0.059966
0.0600232
0.0600802
0.0601371
0.0601937
0.06025
0.0603062
0.0603621
0.0604176
0.0604729
0.0605279
0.0605825
0.0606367
0.0606906
0.060744
0.0607971
0.0608497
0.0609018
0.0609535
0.0610047
0.0610554
0.0611056
0.0611552
0.0612042
0.0612527
0.0613006
0.0613479
0.0613946
0.0614406
0.061486
0.0615307
0.0615747
0.061618
0.0616606
0.0617024
0.0617435
0.0617838
0.0618234
0.0618621
0.0619001
0.0619372
0.0619734
0.0620089
0.0620434
0.0620771
0.0621098
0.0621417
0.0621726
0.0622026
0.0622317
0.0622598
0.0622869
0.062313
0.0623381
0.0623622
0.0623852
0.0624072
0.0624282
0.0624481
0.0624669
0.0624846
0.0625013
0.0625168
0.0625312
0.0625444
0.0625565
0.0625674
0.0625772
0.0625858
0.0625932
0.0625993
0.0626043
0.0626081
0.0626106
0.0626118
0.0626118
0.0626106
0.062608
0.0626042
0.0625991
0.0625926
0.0625849
0.0625758
0.0625654
0.0625537
0.0625406
0.0625261
0.0625103
0.0624931
0.0624745
0.0624545
0.0624331
0.0624103
0.0623861
0.0623604
0.0623334
0.0623048
0.0622748
0.0622434
0.0622105
0.0621761
0.0621403
0.0621029
0.0620641
0.0620237
0.0619819
0.0619385
0.0618937
0.0618472
0.0617993
0.0617498
0.0616988
0.0616462
0.0615921
0.0615364
0.0614791
0.0614202
0.0613598
0.0612978
0.0612342
0.061169
0.0611022
0.0610338
0.0609637
0.0608921
0.0608188
0.060744
0.0606674
0.0605893
0.0605095
0.0604281
0.060345
0.0602603
0.0601739
0.0600859
0.0599962
0.0599048
0.0598118
0.0597171
0.0596207
0.0595227
0.059423
0.0593215
0.0592184
0.0591136
0.0590072
0.058899
0.0587891
0.0586775
0.0585643
0.0584493
0.0583326
0.0582142
0.0580941
0.0579723
0.0578488
0.0577235
0.0575966
0.0574679
0.0573375
0.0572054
0.0570715
0.056936
0.0567987
0.0566597
0.0565189
0.0563765
0.0562323
0.0560864
0.0559387
0.0557894
0.0556383
0.0554855
0.0553309
0.0551746
0.0550166
0.0548569
0.0546954
0.0545322
0.0543673
0.0542006
0.0540323
0.0538622
0.0536904
0.0535168
0.0533415
0.0531646
0.0529858
0.0528054
0.0526233
0.0524394
0.0522538
0.0520665
0.0518775
0.0516868
0.0514944
0.0513003
0.0511044
0.0509069
0.0507077
0.0505067
0.0503041
0.0500998
0.0498938
0.0496861
0.0494767
0.0492656
0.0490528
0.0488384
0.0486223
0.0484045
0.0481851
0.0479639
0.0477412
0.0475167
0.0472906
0.0470629
0.0468335
0.0466024
0.0463697
0.0461354
0.0458995
0.0456619
0.0454226
0.0451818
0.0449393
0.0446953
0.0444496
0.0442023
0.0439534
0.0437029
0.0434508
0.0431972
0.0429419
0.0426851
0.0424267
0.0421667
0.0419051
0.041642
0.0413774
0.0411112
0.0408434
0.0405741
0.0403033
0.040031
0.0397571
0.0394817
0.0392048
0.0389264
0.0386465
0.0383651
0.0380822
0.0377978
0.037512
0.0372247
0.0369359
0.0366456
0.0363539
0.0360608
0.0357662
0.0354702
0.0351728
0.0348739
0.0345736
0.034272
0.0339689
0.0336644
0.0333586
0.0330513
0.0327427
0.0324327
0.0321214
0.0318087
0.0314947
0.0311793
0.0308626
0.0305446
0.0302253
0.0299047
0.0295827
0.0292595
0.028935
0.0286092
0.0282822
0.0279538
0.0276243
0.0272935
0.0269614
0.0266281
0.0262936
0.0259579
0.025621
0.0252829
0.0249436
0.0246031
0.0242614
0.0239186
0.0235747
0.0232295
0.0228833
0.0225359
0.0221874
0.0218378
0.0214871
0.0211353
0.0207824
0.0204284
0.0200734
0.0197173
0.0193602
0.019002
0.0186428
0.0182826
0.0179213
0.0175591
0.0171958
0.0168316
0.0164664
0.0161003
0.0157332
0.0153651
0.0149961
0.0146262
0.0142554
0.0138837
0.013511
0.0131375
0.0127631
0.0123878
0.0120117
0.0116348
0.011257
0.0108783
0.0104989
0.0101186
0.00973759
0.00935576
0.00897315
0.00858977
0.00820564
0.00782077
0.00743516
0.00704883
0.00666179
0.00627404
0.00588561
0.00549649
0.0051067
0.00471625
0.00432515
0.00393341
0.00354105
0.00314807
0.00275448
0.0023603
0.00196553
0.0015702
0.00117429
0.000777842
0.000380849
-1.66723e-05
-0.000414712
-0.000813258
-0.0012123
-0.00161183
-0.00201182
-0.00241229
-0.0028132
-0.00321455
-0.00361633
-0.00401852
-0.00442112
-0.00482412
-0.0052275
-0.00563124
-0.00603535
-0.0064398
-0.0068446
-0.00724971
-0.00765514
-0.00806087
-0.00846689
-0.00887319
-0.00927975
-0.00968657
-0.0100936
-0.0105009
-0.0109084
-0.0113162
-0.0117241
-0.0121322
-0.0125405
-0.0129489
-0.0133575
-0.0137662
-0.014175
-0.014584
-0.014993
-0.0154022
-0.0158114
-0.0162207
-0.01663
-0.0170394
-0.0174488
-0.0178582
-0.0182677
-0.0186771
-0.0190865
-0.0194959
-0.0199052
-0.0203144
-0.0207236
-0.0211328
-0.0215418
-0.0219507
-0.0223595
-0.0227682
-0.0231767
-0.0235851
-0.0239933
-0.0244013
-0.0248091
-0.0252168
-0.0256242
-0.0260314
-0.0264383
-0.026845
-0.0272514
-0.0276576
-0.0280635
-0.028469
-0.0288743
-0.0292792
-0.0296837
-0.030088
-0.0304918
-0.0308953
-0.0312984
-0.0317011
-0.0321034
-0.0325052
-0.0329066
-0.0333076
-0.0337081
-0.0341081
-0.0345076
-0.0349067
-0.0353052
-0.0357032
-0.0361006
-0.0364975
-0.0368938
-0.0372896
-0.0376848
-0.0380793
-0.0384733
-0.0388666
-0.0392593
-0.0396514
-0.0400427
-0.0404334
-0.0408234
-0.0412128
-0.0416014
-0.0419892
-0.0423764
-0.0427628
-0.0431484
-0.0435332
-0.0439173
-0.0443006
-0.044683
-0.0450647
-0.0454454
-0.0458254
-0.0462045
-0.0465827
-0.04696
-0.0473364
-0.0477119
-0.0480865
-0.0484602
-0.0488329
-0.0492046
-0.0495754
-0.0499452
-0.050314
-0.0506818
-0.0510486
-0.0514143
-0.051779
-0.0521426
-0.0525052
-0.0528667
-0.0532271
-0.0535864
-0.0539445
-0.0543016
-0.0546575
-0.0550122
-0.0553658
-0.0557182
-0.0560694
-0.0564194
-0.0567682
-0.0571158
-0.0574621
-0.0578072
-0.058151
-0.0584936
-0.0588348
-0.0591748
-0.0595135
-0.0598508
-0.0601868
-0.0605215
-0.0608548
-0.0611867
-0.0615173
-0.0618465
-0.0621743
-0.0625006
-0.0628256
-0.0631491
-0.0634711
-0.0637917
-0.0641108
-0.0644285
-0.0647446
-0.0650593
-0.0653724
-0.065684
-0.0659941
-0.0663026
-0.0666096
-0.0669149
-0.0672187
-0.067521
-0.0678216
-0.0681205
-0.0684179
-0.0687136
-0.0690077
-0.0693001
-0.0695908
-0.0698799
-0.0701673
-0.0704529
-0.0707369
-0.0710191
-0.0712996
-0.0715783
-0.0718553
-0.0721305
-0.0724039
-0.0726756
-0.0729454
-0.0732135
-0.0734797
-0.0737441
-0.0740066
-0.0742673
-0.0745261
-0.0747831
-0.0750382
-0.0752913
-0.0755426
-0.075792
-0.0760394
-0.076285
-0.0765285
-0.0767702
-0.0770098
-0.0772475
-0.0774832
-0.0777169
-0.0779486
-0.0781783
-0.078406
-0.0786316
-0.0788553
-0.0790768
-0.0792963
-0.0795137
-0.0797291
-0.0799424
-0.0801535
-0.0803626
-0.0805696
-0.0807744
-0.0809771
-0.0811776
-0.081376
-0.0815723
-0.0817663
-0.0819582
-0.0821479
-0.0823354
-0.0825208
-0.0827038
-0.0828847
-0.0830634
-0.0832398
-0.0834139
-0.0835858
-0.0837555
-0.0839228
-0.0840879
-0.0842507
-0.0844112
-0.0845694
-0.0847253
-0.0848788
-0.0850301
-0.085179
-0.0853255
-0.0854697
-0.0856115
-0.085751
-0.0858881
-0.0860228
-0.0861551
-0.086285
-0.0864125
-0.0865376
-0.0866603
-0.0867806
-0.0868984
-0.0870137
-0.0871267
-0.0872371
-0.0873451
-0.0874506
-0.0875537
-0.0876543
-0.0877523
-0.0878479
-0.087941
-0.0880316
-0.0881196
-0.0882051
-0.0882881
-0.0883686
-0.0884465
-0.0885218
-0.0885946
-0.0886649
-0.0887326
-0.0887977
-0.0888602
-0.0889201
-0.0889775
-0.0890322
-0.0890843
-0.0891339
-0.0891808
-0.0892251
-0.0892668
-0.0893058
-0.0893422
-0.089376
-0.0894071
-0.0894356
-0.0894614
-0.0894845
-0.089505
-0.0895228
-0.089538
-0.0895504
-0.0895602
-0.0895673
-0.0895717
-0.0895734
-0.0895723
-0.0895686
-0.0895622
-0.089553
-0.0895411
-0.0895265
-0.0895092
-0.0894891
-0.0894663
-0.0894408
-0.0894125
-0.0893815
-0.0893477
-0.0893111
-0.0892718
-0.0892298
-0.089185
-0.0891374
-0.089087
-0.0890338
-0.0889779
-0.0889192
-0.0888577
-0.0887934
-0.0887264
-0.0886565
-0.0885839
-0.0885084
-0.0884302
-0.0883491
-0.0882652
-0.0881786
-0.0880891
-0.0879968
-0.0879017
-0.0878038
-0.087703
-0.0875995
-0.0874931
-0.0873839
-0.0872718
-0.087157
-0.0870393
-0.0869188
-0.0867954
-0.0866692
-0.0865402
-0.0864083
-0.0862737
-0.0861361
-0.0859958
-0.0858526
-0.0857065
-0.0855576
-0.0854059
-0.0852513
-0.0850939
-0.0849337
-0.0847706
-0.0846046
-0.0844358
-0.0842642
-0.0840897
-0.0839124
-0.0837323
-0.0835493
-0.0833634
-0.0831747
-0.0829832
-0.0827888
-0.0825916
-0.0823915
-0.0821886
-0.0819829
-0.0817743
-0.0815629
-0.0813486
-0.0811316
-0.0809116
-0.0806889
-0.0804633
-0.0802349
-0.0800036
-0.0797695
-0.0795326
-0.0792929
-0.0790503
-0.078805
-0.0785568
-0.0783057
-0.0780519
-0.0777953
-0.0775358
-0.0772735
-0.0770085
-0.0767406
-0.0764699
-0.0761965
-0.0759202
-0.0756411
-0.0753593
-0.0750746
-0.0747872
-0.074497
-0.074204
-0.0739082
-0.0736097
-0.0733084
-0.0730043
-0.0726974
-0.0723878
-0.0720755
-0.0717604
-0.0714425
-0.0711219
-0.0707986
-0.0704725
-0.0701437
-0.0698122
-0.0694779
-0.069141
-0.0688013
-0.0684589
-0.0681138
-0.067766
-0.0674155
-0.0670623
-0.0667064
-0.0663478
-0.0659866
-0.0656227
-0.0652561
-0.0648869
-0.064515
-0.0641404
-0.0637632
-0.0633834
-0.063001
-0.0626159
-0.0622282
-0.0618378
-0.0614449
-0.0610493
-0.0606512
-0.0602505
-0.0598471
-0.0594412
-0.0590328
-0.0586217
-0.0582081
-0.057792
-0.0573733
-0.056952
-0.0565282
-0.0561019
-0.0556731
-0.0552418
-0.0548079
-0.0543716
-0.0539328
-0.0534915
-0.0530477
-0.0526014
-0.0521527
-0.0517015
-0.0512479
-0.0507918
-0.0503334
-0.0498724
-0.0494091
-0.0489434
-0.0484753
-0.0480048
-0.0475319
-0.0470566
-0.046579
-0.046099
-0.0456166
-0.045132
-0.0446449
-0.0441556
-0.043664
-0.04317
-0.0426738
-0.0421753
-0.0416745
-0.0411714
-0.0406661
-0.0401585
-0.0396487
-0.0391367
-0.0386225
-0.038106
-0.0375873
-0.0370665
-0.0365435
-0.0360183
-0.0354909
-0.0349614
-0.0344297
-0.033896
-0.0333601
-0.0328221
-0.032282
-0.0317398
-0.0311955
-0.0306492
-0.0301008
-0.0295504
-0.0289979
-0.0284434
-0.0278869
-0.0273284
-0.0267679
-0.0262055
-0.025641
-0.0250746
-0.0245063
-0.023936
-0.0233639
-0.0227898
-0.0222138
-0.0216359
-0.0210561
-0.0204745
-0.0198911
-0.0193058
-0.0187186
-0.0181297
-0.0175389
-0.0169464
-0.0163521
-0.015756
-0.0151582
-0.0145586
-0.0139573
-0.0133543
-0.0127496
-0.0121432
-0.0115351
-0.0109254
-0.010314
-0.00970099
-0.00908634
-0.00847008
-0.00785222
-0.00723278
-0.00661177
-0.0059892
-0.00536509
-0.00473945
-0.00411229
-0.00348363
-0.00285348
-0.00222185
-0.00158876
-0.000954223
-0.000318252
0.000319138
0.000957935
0.00159812
0.00223969
0.00288262
0.00352689
0.00417251
0.00481944
0.00546768
0.0061172
0.00676801
0.00742008
0.00807339
0.00872794
0.0093837
0.0100407
0.0106988
0.0113582
0.0120186
0.0126803
0.013343
0.0140069
0.0146719
0.0153379
0.016005
0.0166732
0.0173424
0.0180126
0.0186838
0.019356
0.0200292
0.0207034
0.0213785
0.0220545
0.0227314
0.0234092
0.0240879
0.0247675
0.0254479
0.0261291
0.0268112
0.027494
0.0281777
0.0288621
0.0295472
0.0302331
0.0309197
0.031607
0.032295
0.0329836
0.0336729
0.0343628
0.0350534
0.0357445
0.0364362
0.0371285
0.0378214
0.0385148
0.0392087
0.0399031
0.0405979
0.0412933
0.0419891
0.0426853
0.0433819
0.044079
0.0447764
0.0454741
0.0461722
0.0468707
0.0475694
0.0482685
0.0489678
0.0496674
0.0503672
0.0510672
0.0517675
0.0524679
0.0531685
0.0538692
0.0545701
0.0552711
0.0559722
0.0566734
0.0573746
0.0580759
0.0587772
0.0594785
0.0601798
0.0608811
0.0615823
0.0622835
0.0629846
0.0636856
0.0643864
0.0650871
0.0657877
0.0664881
0.0671883
0.0678883
0.0685881
0.0692876
0.0699868
0.0706858
0.0713845
0.0720828
0.0727808
0.0734785
0.0741757
0.0748726
0.0755691
0.0762651
0.0769607
0.0776558
0.0783504
0.0790445
0.0797381
0.0804311
0.0811236
0.0818155
0.0825068
0.0831975
0.0838875
0.0845769
0.0852656
0.0859535
0.0866408
0.0873274
0.0880132
0.0886982
0.0893824
0.0900658
0.0907484
0.0914302
0.0921111
0.092791
0.0934701
0.0941483
0.0948255
0.0955018
0.096177
0.0968513
0.0975245
0.0981967
0.0988679
0.099538
0.100207
0.100875
0.101542
0.102207
0.102871
0.103535
0.104197
0.104857
0.105517
0.106175
0.106832
0.107488
0.108142
0.108795
0.109447
0.110097
0.110746
0.111393
0.112039
0.112683
0.113326
0.113968
0.114608
0.115246
0.115883
0.116518
0.117152
0.117784
0.118414
0.119043
0.11967
0.120296
0.120919
0.121541
0.122161
0.12278
0.123396
0.124011
0.124624
0.125235
0.125845
0.126452
0.127057
0.127661
0.128262
0.128862
0.12946
0.130055
0.130649
0.131241
0.13183
0.132417
0.133003
0.133586
0.134167
0.134746
0.135323
0.135897
0.13647
0.13704
0.137607
0.138173
0.138736
0.139297
0.139856
0.140412
0.140966
0.141518
0.142067
0.142614
0.143158
0.1437
0.144239
0.144776
0.14531
0.145842
0.146371
0.146898
0.147422
0.147943
0.148462
0.148978
0.149492
0.150003
0.150511
0.151016
0.151519
0.152019
0.152516
0.15301
0.153502
0.15399
0.154476
0.154959
0.155439
0.155916
0.156391
0.156862
0.15733
0.157796
0.158258
0.158717
0.159174
0.159627
0.160077
0.160524
0.160968
0.161409
0.161847
0.162282
0.162713
0.163141
0.163566
0.163988
0.164407
0.164822
0.165234
0.165643
0.166048
0.16645
0.166849
0.167244
0.167636
0.168025
0.16841
0.168792
0.16917
0.169545
0.169916
0.170284
0.170648
0.171009
0.171366
0.17172
0.17207
0.172416
0.172759
0.173098
0.173434
0.173766
0.174094
0.174418
0.174739
0.175056
0.175369
0.175679
0.175984
0.176286
0.176584
0.176879
0.177169
0.177455
0.177738
0.178017
0.178292
0.178563
0.17883
0.179093
0.179352
0.179607
0.179858
0.180105
0.180348
0.180587
0.180822
0.181052
0.181279
0.181502
0.18172
0.181934
0.182145
0.182351
0.182552
0.18275
0.182943
0.183132
0.183317
0.183498
0.183674
0.183847
0.184014
0.184178
0.184337
0.184492
0.184642
0.184788
0.18493
0.185067
0.1852
0.185329
0.185453
0.185572
0.185687
0.185798
0.185904
0.186006
0.186103
0.186195
0.186284
0.186367
0.186446
0.18652
0.18659
0.186655
0.186716
0.186771
0.186823
0.186869
0.186911
0.186948
0.186981
0.187009
0.187032
0.18705
0.187064
0.187072
0.187077
0.187076
0.18707
0.18706
0.187045
0.187025
0.187
0.186971
0.186936
0.186897
0.186853
0.186804
0.18675
0.186691
0.186627
0.186558
0.186484
0.186406
0.186322
0.186233
0.18614
0.186041
0.185938
0.185829
0.185715
0.185597
0.185473
0.185344
0.18521
0.185071
0.184928
0.184778
0.184624
0.184465
0.184301
0.184131
0.183956
0.183777
0.183592
0.183402
0.183206
0.183006
0.1828
0.182589
0.182373
0.182152
0.181925
0.181694
0.181457
0.181215
0.180967
0.180714
0.180456
0.180193
0.179925
0.179651
0.179372
0.179087
0.178798
0.178503
0.178202
0.177897
0.177586
0.177269
0.176948
0.176621
0.176288
0.17595
0.175607
0.175259
0.174905
0.174546
0.174181
0.173811
0.173435
0.173054
0.172668
0.172276
0.171879
0.171477
0.171068
0.170655
0.170236
0.169812
0.169382
0.168947
0.168506
0.16806
0.167608
0.167151
0.166688
0.16622
0.165746
0.165267
0.164783
0.164293
0.163797
0.163296
0.162789
0.162277
0.16176
0.161236
0.160708
0.160174
0.159634
0.159089
0.158538
0.157982
0.15742
0.156852
0.156279
0.155701
0.155117
0.154527
0.153932
0.153332
0.152726
0.152114
0.151497
0.150874
0.150245
0.149612
0.148972
0.148327
0.147676
0.14702
0.146359
0.145691
0.145019
0.14434
0.143656
0.142967
0.142272
0.141571
0.140865
0.140153
0.139436
0.138713
0.137985
0.137251
0.136512
0.135767
0.135016
0.13426
0.133498
0.132731
0.131959
0.13118
0.130397
0.129607
0.128812
0.128012
0.127206
0.126395
0.125578
0.124755
0.123927
0.123094
0.122255
0.12141
0.12056
0.119704
0.118843
0.117977
0.117105
0.116227
0.115344
0.114456
0.113562
0.112662
0.111757
0.110847
0.109931
0.10901
0.108083
0.10715
0.106213
0.10527
0.104321
0.103367
0.102408
0.101443
0.100473
0.099497
0.0985159
0.0975294
0.0965376
0.0955404
0.0945377
0.0935297
0.0925164
0.0914977
0.0904736
0.0894442
0.0884094
0.0873693
0.0863238
0.0852731
0.084217
0.0831556
0.0820889
0.081017
0.0799397
0.0788572
0.0777693
0.0766763
0.0755779
0.0744743
0.0733655
0.0722514
0.0711322
0.0700076
0.0688779
0.067743
0.0666029
0.0654576
0.0643072
0.0631516
0.0619908
0.0608248
0.0596538
0.0584776
0.0572963
0.0561098
0.0549183
0.0537217
0.05252
0.0513132
0.0501014
0.0488845
0.0476626
0.0464356
0.0452037
0.0439667
0.0427247
0.0414777
0.0402257
0.0389688
0.0377069
0.0364401
0.0351683
0.0338917
0.0326101
0.0313235
0.0300322
0.0287359
0.0274347
0.0261287
0.0248179
0.0235022
0.0221818
0.0208565
0.0195264
0.0181915
0.0168518
0.0155074
0.0141583
0.0128044
0.0114458
0.0100825
0.00871449
0.00734181
0.00596445
0.00458245
0.0031958
0.00180452
0.000408624
-0.00099187
-0.00239695
-0.00380661
-0.00522082
-0.00663958
-0.00806288
-0.00949069
-0.010923
-0.0123598
-0.0138011
-0.0152468
-0.016697
-0.0181516
-0.0196107
-0.0210741
-0.0225419
-0.0240141
-0.0254907
-0.0269716
-0.0284568
-0.0299463
-0.0314401
-0.0329382
-0.0344406
-0.0359472
-0.0374581
-0.0389731
-0.0404924
-0.0420159
-0.0435435
-0.0450752
-0.0466112
-0.0481512
-0.0496953
-0.0512435
-0.0527958
-0.0543522
-0.0559126
-0.057477
-0.0590454
-0.0606178
-0.0621941
-0.0637744
-0.0653587
-0.0669469
-0.0685389
-0.0701349
-0.0717347
-0.0733383
-0.0749458
-0.0765571
-0.0781722
-0.0797911
-0.0814137
-0.0830401
-0.0846702
-0.086304
-0.0879414
-0.0895826
-0.0912274
-0.0928758
-0.0945278
-0.0961834
-0.0978426
-0.0995054
-0.101172
-0.102841
-0.104515
-0.106192
-0.107872
-0.109555
-0.111243
-0.112933
-0.114627
-0.116324
-0.118025
-0.119729
-0.121436
-0.123146
-0.12486
-0.126577
-0.128297
-0.130021
-0.131747
-0.133477
-0.13521
-0.136946
-0.138685
-0.140427
-0.142172
-0.143921
-0.145672
-0.147426
-0.149184
-0.150944
-0.152707
-0.154473
-0.156242
-0.158014
-0.159789
-0.161566
-0.163347
-0.16513
-0.166916
-0.168704
-0.170496
-0.17229
-0.174086
-0.175886
-0.177688
-0.179492
-0.1813
-0.183109
-0.184922
-0.186737
-0.188554
-0.190374
-0.192196
-0.194021
-0.195848
-0.197677
-0.199509
-0.201344
-0.20318
-0.205019
-0.20686
-0.208704
-0.210549
-0.212397
-0.214247
-0.216099
-0.217954
-0.21981
-0.221669
-0.223529
-0.225392
-0.227256
-0.229123
-0.230992
-0.232862
-0.234735
-0.236609
-0.238486
-0.240364
-0.242244
-0.244126
-0.246009
-0.247895
-0.249782
-0.251671
-0.253561
-0.255454
-0.257348
-0.259243
-0.26114
-0.263039
-0.264939
-0.266841
-0.268744
-0.270649
-0.272555
-0.274462
-0.276371
-0.278282
-0.280194
-0.282107
-0.284021
-0.285937
-0.287854
-0.289772
-0.291691
-0.293612
-0.295533
-0.297456
-0.29938
-0.301305
-0.303231
-0.305159
-0.307087
-0.309016
-0.310946
-0.312877
-0.314809
-0.316742
-0.318675
-0.32061
-0.322545
-0.324481
-0.326418
-0.328356
-0.330294
-0.332233
-0.334173
-0.336113
-0.338054
-0.339996
-0.341938
-0.343881
-0.345824
-0.347767
-0.349711
-0.351656
-0.353601
-0.355546
-0.357492
-0.359438
-0.361384
-0.363331
-0.365278
-0.367225
-0.369172
-0.371119
-0.373067
-0.375015
-0.376963
-0.378911
-0.380859
-0.382807
-0.384755
-0.386703
-0.388651
-0.390598
-0.392546
-0.394494
-0.396441
-0.398389
-0.400336
-0.402282
-0.404229
-0.406175
-0.408121
-0.410067
-0.412012
-0.413957
-0.415902
-0.417846
-0.41979
-0.421733
-0.423676
-0.425618
-0.427559
-0.4295
-0.431441
-0.43338
-0.435319
-0.437258
-0.439195
-0.441132
-0.443068
-0.445004
-0.446938
-0.448872
-0.450805
-0.452737
-0.454668
-0.456598
-0.458527
-0.460455
-0.462382
-0.464308
-0.466233
-0.468156
-0.470079
-0.472001
-0.473921
-0.47584
-0.477758
-0.479675
-0.48159
-0.483504
-0.485417
-0.487329
-0.489239
-0.491147
-0.493054
-0.49496
-0.496864
-0.498767
-0.500668
-0.502568
-0.504466
-0.506362
-0.508257
-0.51015
-0.512042
-0.513932
-0.51582
-0.517706
-0.519591
-0.521473
-0.523354
-0.525233
-0.52711
-0.528985
-0.530859
-0.53273
-0.534599
-0.536467
-0.538332
-0.540195
-0.542056
-0.543915
-0.545772
-0.547627
-0.54948
-0.55133
-0.553178
-0.555024
-0.556867
-0.558709
-0.560548
-0.562384
-0.564219
-0.56605
-0.56788
-0.569707
-0.571531
-0.573353
-0.575173
-0.576989
-0.578804
-0.580615
-0.582425
-0.584231
-0.586035
-0.587836
-0.589634
-0.59143
-0.593223
-0.595013
-0.5968
-0.598585
-0.600366
-0.602145
-0.603921
-0.605694
-0.607464
-0.609231
-0.610995
-0.612756
-0.614513
-0.616268
-0.61802
-0.619769
-0.621514
-0.623256
-0.624995
-0.626731
-0.628464
-0.630194
-0.63192
-0.633643
-0.635362
-0.637078
-0.638791
-0.640501
-0.642207
-0.643909
-0.645608
-0.647304
-0.648996
-0.650685
-0.65237
-0.654052
-0.65573
-0.657404
-0.659075
-0.660742
-0.662405
-0.664065
-0.665721
-0.667373
-0.669022
-0.670666
-0.672307
-0.673944
-0.675577
-0.677207
-0.678832
-0.680454
-0.682071
-0.683685
-0.685295
-0.6869
-0.688502
-0.6901
-0.691693
-0.693283
-0.694868
-0.696449
-0.698026
-0.699599
-0.701168
-0.702733
-0.704293
-0.705849
-0.707401
-0.708949
-0.710492
-0.712031
-0.713566
-0.715096
-0.716622
-0.718143
-0.719661
-0.721173
-0.722681
-0.724185
-0.725684
-0.727179
-0.728669
-0.730155
-0.731636
-0.733112
-0.734584
-0.736051
-0.737514
-0.738972
-0.740425
-0.741874
-0.743317
-0.744756
-0.746191
-0.74762
-0.749045
-0.750465
-0.75188
-0.75329
-0.754696
-0.756096
-0.757492
-0.758883
-0.760269
-0.761649
-0.763025
-0.764396
-0.765762
-0.767123
-0.768479
-0.769829
-0.771175
-0.772516
-0.773851
-0.775182
-0.776507
-0.777827
-0.779142
-0.780452
-0.781756
-0.783056
-0.78435
-0.785639
-0.786922
-0.788201
-0.789474
-0.790742
-0.792004
-0.793261
-0.794513
-0.795759
-0.797
-0.798236
-0.799466
-0.800691
-0.80191
-0.803124
-0.804332
-0.805535
-0.806733
-0.807924
-0.809111
-0.810292
-0.811467
-0.812636
-0.813801
-0.814959
-0.816112
-0.817259
-0.818401
-0.819537
-0.820667
-0.821792
-0.822911
-0.824024
-0.825131
-0.826233
-0.827329
-0.82842
-0.829504
-0.830583
-0.831656
-0.832723
-0.833784
-0.83484
-0.83589
-0.836933
-0.837971
-0.839003
-0.84003
-0.84105
-0.842064
-0.843073
-0.844075
-0.845072
-0.846063
-0.847048
-0.848026
-0.848999
-0.849966
-0.850927
-0.851881
-0.85283
-0.853773
-0.854709
-0.85564
-0.856564
-0.857483
-0.858395
-0.859301
-0.860202
-0.861096
-0.861984
-0.862865
-0.863741
-0.864611
-0.865474
-0.866331
-0.867182
-0.868027
-0.868866
-0.869698
-0.870524
-0.871344
-0.872158
-0.872966
-0.873767
-0.874562
-0.875351
-0.876133
-0.87691
-0.87768
-0.878443
-0.879201
-0.879952
-0.880697
-0.881435
-0.882168
-0.882893
-0.883613
-0.884326
-0.885033
-0.885734
-0.886428
-0.887116
-0.887797
-0.888472
-0.889141
-0.889803
-0.890459
-0.891108
-0.891751
-0.892388
-0.893018
-0.893642
-0.89426
-0.894871
-0.895475
-0.896074
-0.896665
-0.897251
-0.897829
-0.898402
-0.898968
-0.899527
-0.90008
-0.900627
-0.901167
-0.9017
-0.902227
-0.902748
-0.903262
-0.90377
-0.904271
-0.904766
-0.905254
-0.905735
-0.906211
-0.906679
-0.907141
-0.907597
-0.908046
-0.908489
-0.908925
-0.909355
-0.909778
-0.910194
-0.910604
-0.911008
-0.911405
-0.911795
-0.912179
-0.912557
-0.912927
-0.913292
-0.91365
-0.914001
-0.914346
-0.914684
-0.915016
-0.915341
-0.91566
-0.915972
-0.916277
-0.916576
-0.916869
-0.917155
-0.917434
-0.917707
-0.917974
-0.918234
-0.918487
-0.918734
-0.918974
-0.919208
-0.919435
-0.919656
-0.91987
-0.920078
-0.920279
-0.920474
-0.920662
-0.920843
-0.921019
-0.921187
-0.921349
-0.921505
-0.921654
-0.921797
-0.921933
-0.922063
-0.922186
-0.922303
-0.922413
-0.922517
-0.922614
-0.922705
-0.922789
-0.922867
-0.922938
-0.923003
-0.923062
-0.923114
-0.92316
-0.923199
-0.923232
-0.923258
-0.923278
-0.923291
-0.923298
-0.923299
-0.923293
-0.923281
-0.923263
-0.923238
-0.923206
-0.923169
-0.923125
-0.923074
-0.923017
-0.922954
-0.922885
-0.922809
-0.922727
-0.922638
-0.922543
-0.922442
-0.922335
-0.922221
-0.922101
-0.921974
-0.921842
-0.921703
-0.921558
-0.921406
-0.921248
-0.921085
-0.920914
-0.920738
-0.920555
-0.920366
-0.920171
-0.91997
-0.919762
-0.919549
-0.919329
-0.919103
-0.91887
-0.918632
-0.918388
-0.918137
-0.91788
-0.917617
-0.917348
-0.917073
-0.916792
-0.916505
-0.916211
-0.915912
-0.915606
-0.915295
-0.914977
-0.914654
-0.914324
-0.913988
-0.913647
-0.913299
-0.912945
-0.912586
-0.91222
-0.911849
-0.911471
-0.911088
-0.910699
-0.910304
-0.909903
-0.909496
-0.909083
-0.908664
-0.90824
-0.907809
-0.907373
-0.906931
-0.906484
-0.90603
-0.905571
-0.905105
-0.904635
-0.904158
-0.903676
-0.903187
-0.902694
-0.902194
-0.901689
-0.901178
-0.900662
-0.900139
-0.899612
-0.899078
-0.898539
-0.897994
-0.897444
-0.896888
-0.896327
-0.89576
-0.895188
-0.89461
-0.894026
-0.893437
-0.892843
-0.892243
-0.891638
-0.891027
-0.890411
-0.889789
-0.889162
-0.88853
-0.887892
-0.887249
-0.8866
-0.885946
-0.885287
-0.884623
-0.883953
-0.883278
-0.882598
-0.881912
-0.881222
-0.880526
-0.879825
-0.879119
-0.878407
-0.87769
-0.876969
-0.876242
-0.87551
-0.874773
-0.874031
-0.873284
-0.872531
-0.871774
-0.871012
-0.870245
-0.869472
-0.868695
-0.867913
-0.867126
-0.866334
-0.865537
-0.864735
-0.863929
-0.863117
-0.862301
-0.86148
-0.860654
-0.859823
-0.858988
-0.858147
-0.857302
-0.856453
-0.855598
-0.854739
-0.853875
-0.853007
-0.852134
-0.851256
-0.850374
-0.849487
-0.848595
-0.847699
-0.846799
-0.845894
-0.844984
-0.84407
-0.843152
-0.842229
-0.841301
-0.84037
-0.839433
-0.838493
-0.837548
-0.836599
-0.835645
-0.834687
-0.833725
-0.832759
-0.831788
-0.830813
-0.829834
-0.828851
-0.827863
-0.826872
-0.825876
-0.824876
-0.823872
-0.822864
-0.821852
-0.820836
-0.819815
-0.818791
-0.817763
-0.816731
-0.815694
-0.814654
-0.81361
-0.812562
-0.811511
-0.810455
-0.809395
-0.808332
-0.807265
-0.806194
-0.805119
-0.804041
-0.802959
-0.801873
-0.800783
-0.79969
-0.798593
-0.797493
-0.796389
-0.795281
-0.79417
-0.793055
-0.791937
-0.790815
-0.789689
-0.788561
-0.787428
-0.786293
-0.785153
-0.784011
-0.782865
-0.781716
-0.780563
-0.779407
-0.778248
-0.777086
-0.77592
-0.774751
-0.773579
-0.772403
-0.771225
-0.770043
-0.768858
-0.76767
-0.766479
-0.765285
-0.764088
-0.762887
-0.761684
-0.760478
-0.759269
-0.758056
-0.756841
-0.755623
-0.754402
-0.753178
-0.751952
-0.750722
-0.74949
-0.748255
-0.747017
-0.745776
-0.744533
-0.743287
-0.742038
-0.740787
-0.739533
-0.738276
-0.737016
-0.735755
-0.73449
-0.733223
-0.731953
-0.730681
-0.729407
-0.72813
-0.72685
-0.725568
-0.724284
-0.722997
-0.721708
-0.720417
-0.719123
-0.717827
-0.716529
-0.715228
-0.713925
-0.71262
-0.711313
-0.710004
-0.708692
-0.707379
-0.706063
-0.704745
-0.703425
-0.702103
-0.700779
-0.699453
-0.698124
-0.696794
-0.695462
-0.694128
-0.692793
-0.691455
-0.690115
-0.688774
-0.687431
-0.686085
-0.684739
-0.68339
-0.68204
-0.680687
-0.679334
-0.677978
-0.676621
-0.675262
-0.673902
-0.67254
-0.671176
-0.669811
-0.668444
-0.667076
-0.665706
-0.664335
-0.662962
-0.661588
-0.660212
-0.658835
-0.657457
-0.656077
-0.654696
-0.653314
-0.65193
-0.650546
-0.649159
-0.647772
-0.646383
-0.644994
-0.643603
-0.64221
-0.640817
-0.639423
-0.638027
-0.636631
-0.635233
-0.633835
-0.632435
-0.631034
-0.629633
-0.62823
-0.626826
-0.625422
-0.624017
-0.622611
-0.621204
-0.619796
-0.618387
-0.616977
-0.615567
-0.614156
-0.612744
-0.611332
-0.609919
-0.608505
-0.60709
-0.605675
-0.60426
-0.602843
-0.601426
-0.600009
-0.598591
-0.597172
-0.595753
-0.594334
-0.592914
-0.591493
-0.590072
-0.588651
-0.587229
-0.585807
-0.584385
-0.582962
-0.581539
-0.580116
-0.578693
-0.577269
-0.575845
-0.574421
-0.572996
-0.571572
-0.570147
-0.568722
-0.567297
-0.565872
-0.564447
-0.563021
-0.561596
-0.560171
-0.558745
-0.55732
-0.555895
-0.554469
-0.553044
-0.551619
-0.550194
-0.548769
-0.547344
-0.54592
-0.544495
-0.543071
-0.541647
-0.540224
-0.5388
-0.537377
-0.535954
-0.534531
-0.533109
-0.531687
-0.530265
-0.528844
-0.527423
-0.526002
-0.524582
-0.523163
-0.521744
-0.520325
-0.518907
-0.517489
-0.516072
-0.514655
-0.513239
-0.511824
-0.510409
-0.508995
-0.507581
-0.506168
-0.504756
-0.503344
-0.501933
-0.500523
-0.499114
-0.497705
-0.496297
-0.49489
-0.493484
-0.492078
-0.490673
-0.489269
-0.487866
-0.486464
-0.485063
-0.483663
-0.482263
-0.480865
-0.479467
-0.478071
-0.476675
-0.475281
-0.473887
-0.472495
-0.471103
-0.469713
-0.468324
-0.466936
-0.465549
-0.464163
-0.462778
-0.461394
-0.460012
-0.458631
-0.457251
-0.455872
-0.454494
-0.453118
-0.451743
-0.450369
-0.448997
-0.447626
-0.446256
-0.444887
-0.44352
-0.442154
-0.44079
-0.439427
-0.438065
-0.436705
-0.435347
-0.433989
-0.432633
-0.431279
-0.429926
-0.428575
-0.427225
-0.425877
-0.42453
-0.423185
-0.421841
-0.420499
-0.419159
-0.41782
-0.416483
-0.415148
-0.413814
-0.412482
-0.411151
-0.409822
-0.408495
-0.40717
-0.405846
-0.404524
-0.403204
-0.401886
-0.400569
-0.399254
-0.397941
-0.39663
-0.395321
-0.394013
-0.392708
-0.391404
-0.390102
-0.388802
-0.387504
-0.386208
-0.384913
-0.383621
-0.38233
-0.381042
-0.379756
-0.378471
-0.377189
-0.375908
-0.37463
-0.373353
-0.372079
-0.370806
-0.369536
-0.368268
-0.367002
-0.365738
-0.364476
-0.363216
-0.361958
-0.360702
-0.359449
-0.358198
-0.356948
-0.355701
-0.354457
-0.353214
-0.351974
-0.350735
-0.349499
-0.348266
-0.347034
-0.345805
-0.344578
-0.343353
-0.342131
-0.340911
-0.339693
-0.338477
-0.337264
-0.336053
-0.334844
-0.333638
-0.332434
-0.331233
-0.330034
-0.328837
-0.327642
-0.32645
-0.325261
-0.324073
-0.322889
-0.321706
-0.320526
-0.319349
-0.318174
-0.317001
-0.315831
-0.314663
-0.313498
-0.312335
-0.311175
-0.310017
-0.308862
-0.307709
-0.306559
-0.305411
-0.304266
-0.303124
-0.301984
-0.300846
-0.299711
-0.298579
-0.297449
-0.296322
-0.295197
-0.294075
-0.292956
-0.291839
-0.290725
-0.289613
-0.288504
-0.287398
-0.286294
-0.285193
-0.284095
-0.282999
-0.281906
-0.280815
-0.279728
-0.278643
-0.27756
-0.27648
-0.275403
-0.274329
-0.273257
-0.272188
-0.271122
-0.270059
-0.268998
-0.26794
-0.266884
-0.265832
-0.264782
-0.263735
-0.26269
-0.261649
-0.26061
-0.259574
-0.25854
-0.25751
-0.256482
-0.255457
-0.254435
-0.253415
-0.252398
-0.251384
-0.250373
-0.249365
-0.248359
-0.247356
-0.246356
-0.245359
-0.244365
-0.243373
-0.242385
-0.241399
-0.240416
-0.239435
-0.238458
-0.237483
-0.236511
-0.235542
-0.234576
-0.233613
-0.232652
-0.231695
-0.23074
-0.229788
-0.228839
-0.227893
-0.226949
-0.226009
-0.225071
-0.224136
-0.223204
-0.222275
-0.221349
-0.220425
-0.219505
-0.218587
-0.217672
-0.21676
-0.215851
-0.214945
-0.214042
-0.213141
-0.212243
-0.211349
-0.210457
-0.209568
-0.208681
-0.207798
-0.206918
-0.20604
-0.205165
-0.204294
-0.203425
-0.202558
-0.201695
-0.200835
-0.199977
-0.199123
-0.198271
-0.197422
-0.196576
-0.195733
-0.194892
-0.194055
-0.19322
-0.192389
-0.19156
-0.190734
-0.189911
-0.18909
-0.188273
-0.187458
-0.186647
-0.185838
-0.185032
-0.184229
-0.183428
-0.182631
-0.181836
-0.181044
-0.180256
-0.179469
-0.178686
-0.177906
-0.177128
-0.176353
-0.175581
-0.174812
-0.174046
-0.173283
-0.172522
-0.171764
-0.171009
-0.170257
-0.169507
-0.168761
-0.168017
-0.167276
-0.166538
-0.165802
-0.16507
-0.16434
-0.163613
-0.162889
-0.162167
-0.161449
-0.160733
-0.16002
-0.159309
-0.158602
-0.157897
-0.157195
-0.156495
-0.155799
-0.155105
-0.154414
-0.153725
-0.15304
-0.152357
-0.151677
-0.150999
-0.150324
-0.149652
-0.148983
-0.148317
-0.147653
-0.146991
-0.146333
-0.145677
-0.145024
-0.144373
-0.143726
-0.14308
-0.142438
-0.141798
-0.141161
-0.140526
-0.139895
-0.139265
-0.138639
-0.138015
-0.137393
-0.136775
-0.136159
-0.135545
-0.134934
-0.134326
-0.13372
-0.133117
-0.132517
-0.131919
-0.131323
-0.13073
-0.13014
-0.129552
-0.128967
-0.128385
-0.127805
-0.127227
-0.126652
-0.126079
-0.125509
-0.124942
-0.124377
-0.123814
-0.123254
-0.122697
-0.122142
-0.121589
-0.121039
-0.120492
-0.119946
-0.119404
-0.118863
-0.118325
-0.11779
-0.117257
-0.116726
-0.116198
-0.115672
-0.115149
-0.114628
-0.114109
-0.113593
-0.113079
-0.112567
-0.112058
-0.111551
-0.111047
-0.110544
-0.110044
-0.109547
-0.109052
-0.108559
-0.108068
-0.10758
-0.107093
-0.10661
-0.106128
-0.105649
-0.105172
-0.104697
-0.104224
-0.103754
-0.103286
-0.10282
-0.102356
-0.101895
-0.101435
-0.100978
-0.100523
-0.10007
-0.0996196
-0.0991711
-0.0987247
-0.0982805
-0.0978384
-0.0973984
-0.0969606
-0.0965248
-0.0960911
-0.0956596
-0.0952301
-0.0948026
-0.0943773
-0.093954
-0.0935327
-0.0931135
-0.0926963
-0.0922811
-0.091868
-0.0914569
-0.0910477
-0.0906406
-0.0902354
-0.0898322
-0.089431
-0.0890317
-0.0886344
-0.088239
-0.0878455
-0.087454
-0.0870644
-0.0866767
-0.0862908
-0.0859069
-0.0855249
-0.0851447
-0.0847664
-0.08439
-0.0840154
-0.0836426
-0.0832717
-0.0829026
-0.0825352
-0.0821698
-0.081806
-0.0814441
-0.081084
-0.0807256
-0.080369
-0.0800142
-0.079661
-0.0793097
-0.07896
-0.0786121
-0.0782658
-0.0779213
-0.0775784
-0.0772373
-0.0768978
-0.0765599
-0.0762238
-0.0758892
-0.0755563
-0.0752251
-0.0748954
-0.0745674
-0.0742409
-0.0739161
-0.0735928
-0.0732711
-0.072951
-0.0726324
-0.0723154
-0.0719999
-0.071686
-0.0713735
-0.0710626
-0.0707532
-0.0704453
-0.0701388
-0.0698338
-0.0695303
-0.0692283
-0.0689277
-0.0686285
-0.0683308
-0.0680345
-0.0677396
-0.0674461
-0.067154
-0.0668633
-0.0665739
-0.0662859
-0.0659993
-0.065714
-0.0654301
-0.0651475
-0.0648662
-0.0645862
-0.0643076
-0.0640302
-0.0637541
-0.0634793
-0.0632057
-0.0629334
-0.0626624
-0.0623926
-0.062124
-0.0618566
-0.0615905
-0.0613256
-0.0610618
-0.0607993
-0.0605379
-0.0602777
-0.0600186
-0.0597607
-0.0595039
-0.0592483
-0.0589938
-0.0587404
-0.0584881
-0.0582369
-0.0579867
-0.0577377
-0.0574897
-0.0572428
-0.056997
-0.0567521
-0.0565083
-0.0562656
-0.0560238
-0.0557831
-0.0555433
-0.0553046
-0.0550668
-0.05483
-0.0545941
-0.0543592
-0.0541253
-0.0538922
-0.0536602
-0.053429
-0.0531987
-0.0529693
-0.0527409
-0.0525133
-0.0522865
-0.0520607
-0.0518357
-0.0516115
-0.0513882
-0.0511657
-0.0509441
-0.0507232
-0.0505032
-0.0502839
-0.0500655
-0.0498478
-0.0496309
-0.0494147
-0.0491993
-0.0489847
-0.0487707
-0.0485575
-0.0483451
-0.0481333
-0.0479222
-0.0477119
-0.0475022
-0.0472932
-0.0470848
-0.0468772
-0.0466701
-0.0464638
-0.046258
-0.0460529
-0.0458484
-0.0456445
-0.0454412
-0.0452385
-0.0450364
-0.0448349
-0.0446339
-0.0444335
-0.0442337
-0.0440344
-0.0438356
-0.0436374
-0.0434397
-0.0432425
-0.0430458
-0.0428496
-0.0426539
-0.0424587
-0.0422639
-0.0420697
-0.0418758
-0.0416825
-0.0414896
-0.0412971
-0.041105
-0.0409134
-0.0407221
-0.0405313
-0.0403409
-0.0401508
-0.0399612
-0.0397719
-0.039583
-0.0393944
-0.0392062
-0.0390184
-0.0388308
-0.0386437
-0.0384568
-0.0382702
-0.038084
-0.037898
-0.0377124
-0.037527
-0.0373419
-0.0371571
-0.0369726
-0.0367883
-0.0366042
-0.0364204
-0.0362369
-0.0360536
-0.0358704
-0.0356876
-0.0355049
-0.0353224
-0.0351401
-0.034958
-0.0347761
-0.0345943
-0.0344128
-0.0342314
-0.0340501
-0.033869
-0.033688
-0.0335072
-0.0333265
-0.0331459
-0.0329655
-0.0327851
-0.0326049
-0.0324247
-0.0322446
-0.0320647
-0.0318848
-0.0317049
-0.0315252
-0.0313455
-0.0311658
-0.0309862
-0.0308066
-0.0306271
-0.0304476
-0.0302681
-0.0300886
-0.0299092
-0.0297297
-0.0295503
-0.0293708
-0.0291914
-0.0290119
-0.0288324
-0.0286528
-0.0284733
-0.0282937
-0.028114
-0.0279343
-0.0277545
-0.0275747
-0.0273948
-0.0272148
-0.0270347
-0.0268546
-0.0266744
-0.0264941
-0.0263136
-0.0261331
-0.0259525
-0.0257717
-0.0255908
-0.0254098
-0.0252287
-0.0250474
-0.024866
-0.0246845
-0.0245028
-0.0243209
-0.0241389
-0.0239567
-0.0237744
-0.0235919
-0.0234092
-0.0232263
-0.0230432
-0.0228599
-0.0226765
-0.0224928
-0.0223089
-0.0221249
-0.0219406
-0.0217561
-0.0215713
-0.0213864
-0.0212012
-0.0210157
-0.0208301
-0.0206442
-0.020458
-0.0202716
-0.0200849
-0.019898
-0.0197108
-0.0195234
-0.0193356
-0.0191476
-0.0189593
-0.0187708
-0.0185819
-0.0183928
-0.0182034
-0.0180136
-0.0178236
-0.0176333
-0.0174426
-0.0172517
-0.0170604
-0.0168688
-0.0166769
-0.0164847
-0.0162921
-0.0160992
-0.015906
-0.0157125
-0.0155186
-0.0153243
-0.0151297
-0.0149348
-0.0147395
-0.0145439
-0.0143479
-0.0141515
-0.0139548
-0.0137577
-0.0135603
-0.0133624
-0.0131642
-0.0129657
-0.0127667
-0.0125674
-0.0123677
-0.0121676
-0.0119671
-0.0117662
-0.0115649
-0.0113633
-0.0111612
-0.0109587
-0.0107559
-0.0105526
-0.0103489
-0.0101448
-0.00994031
-0.00973541
-0.00953008
-0.00932434
-0.00911819
-0.00891161
-0.00870461
-0.00849719
-0.00828935
-0.00808107
-0.00787237
-0.00766324
-0.00745368
-0.00724369
-0.00703326
-0.0068224
-0.0066111
-0.00639936
-0.00618718
-0.00597456
-0.00576149
-0.00554799
-0.00533404
-0.00511964
-0.00490479
-0.0046895
-0.00447376
-0.00425757
-0.00404092
-0.00382383
-0.00360628
-0.00338828
-0.00316982
-0.0029509
-0.00273153
-0.00251171
-0.00229142
-0.00207068
-0.00184948
-0.00162782
-0.0014057
-0.00118311
-0.000960069
-0.000736563
-0.000512596
-0.000288166
-6.32734e-05
0.000162082
0.000387901
0.000614184
0.000840931
0.00106814
0.00129582
0.00152395
0.00175256
0.00198162
0.00221116
0.00244115
0.00267161
0.00290254
0.00313393
0.00336578
0.00359809
0.00383087
0.00406412
0.00429782
0.00453199
0.00476662
0.00500171
0.00523726
0.00547328
0.00570975
0.00594669
0.00618408
0.00642193
0.00666024
0.00689901
0.00713824
0.00737792
0.00761805
0.00785865
0.00809969
0.00834119
0.00858314
0.00882554
0.00906839
0.00931169
0.00955544
0.00979964
0.0100443
0.0102894
0.0105349
0.0107809
0.0110273
0.0112742
0.0115215
0.0117692
0.0120174
0.012266
0.012515
0.0127645
0.0130144
0.0132647
0.0135155
0.0137667
0.0140183
0.0142704
0.0145228
0.0147757
0.015029
0.0152828
0.0155369
0.0157915
0.0160464
0.0163018
0.0165576
0.0168138
0.0170704
0.0173274
0.0175848
0.0178426
0.0181008
0.0183595
0.0186185
0.0188778
0.0191376
0.0193978
0.0196584
0.0199193
0.0201806
0.0204423
0.0207044
0.0209669
0.0212297
0.0214929
0.0217565
0.0220204
0.0222848
0.0225494
0.0228144
0.0230798
0.0233456
0.0236117
0.0238781
0.0241449
0.0244121
0.0246795
0.0249474
0.0252155
0.025484
0.0257529
0.026022
0.0262915
0.0265613
0.0268315
0.0271019
0.0273727
0.0276438
0.0279152
0.0281869
0.028459
0.0287313
0.0290039
0.0292768
0.0295501
0.0298236
0.0300974
0.0303715
0.0306459
0.0309205
0.0311955
0.0314707
0.0317462
0.0320219
0.0322979
0.0325742
0.0328508
0.0331276
0.0334046
0.033682
0.0339595
0.0342373
0.0345154
0.0347937
0.0350722
0.035351
0.03563
0.0359092
0.0361886
0.0364683
0.0367482
0.0370283
0.0373086
0.0375891
0.0378699
0.0381508
0.0384319
0.0387132
0.0389948
0.0392765
0.0395584
0.0398404
0.0401227
0.0404051
0.0406877
0.0409705
0.0412534
0.0415365
0.0418198
0.0421032
0.0423868
0.0426705
0.0429544
0.0432384
0.0435225
0.0438068
0.0440912
0.0443758
0.0446605
0.0449453
0.0452302
0.0455152
0.0458004
0.0460856
0.046371
0.0466564
0.046942
0.0472277
0.0475134
0.0477992
0.0480852
0.0483712
0.0486572
0.0489434
0.0492296
0.0495159
0.0498023
0.0500887
0.0503752
0.0506617
0.0509483
0.0512349
0.0515216
0.0518083
0.0520951
0.0523819
0.0526687
0.0529555
0.0532424
0.0535293
0.0538162
0.0541031
0.05439
0.0546769
0.0549639
0.0552508
0.0555377
0.0558246
0.0561115
0.0563984
0.0566853
0.0569721
0.057259
0.0575458
0.0578325
0.0581193
0.058406
0.0586926
0.0589792
0.0592658
0.0595523
0.0598387
0.0601251
0.0604114
0.0606977
0.0609839
0.06127
0.0615561
0.061842
0.0621279
0.0624137
0.0626994
0.062985
0.0632706
0.063556
0.0638413
0.0641265
0.0644116
0.0646966
0.0649815
0.0652663
0.0655509
0.0658354
0.0661198
0.0664041
0.0666882
0.0669722
0.0672561
0.0675398
0.0678233
0.0681068
0.06839
0.0686731
0.0689561
0.0692388
0.0695215
0.0698039
0.0700862
0.0703683
0.0706502
0.070932
0.0712135
0.0714949
0.0717761
0.0720571
0.0723379
0.0726185
0.0728989
0.0731792
0.0734592
0.0737389
0.0740185
0.0742979
0.074577
0.074856
0.0751347
0.0754132
0.0756914
0.0759694
0.0762472
0.0765248
0.0768021
0.0770792
0.077356
0.0776326
0.077909
0.078185
0.0784609
0.0787365
0.0790118
0.0792868
0.0795616
0.0798361
0.0801104
0.0803844
0.0806581
0.0809316
0.0812047
0.0814776
0.0817502
0.0820225
0.0822945
0.0825663
0.0828377
0.0831089
0.0833798
0.0836503
0.0839206
0.0841905
0.0844602
0.0847296
0.0849986
0.0852673
0.0855358
0.0858039
0.0860717
0.0863391
0.0866063
0.0868731
0.0871397
0.0874058
0.0876717
0.0879373
0.0882025
0.0884673
0.0887319
0.0889961
0.08926
0.0895235
0.0897867
0.0900495
0.090312
0.0905742
0.090836
0.0910975
0.0913586
0.0916194
0.0918798
0.0921399
0.0923996
0.092659
0.092918
0.0931767
0.093435
0.0936929
0.0939505
0.0942077
0.0944645
0.094721
0.0949771
0.0952329
0.0954883
0.0957433
0.095998
0.0962523
0.0965062
0.0967597
0.0970129
0.0972657
0.0975181
0.0977702
0.0980219
0.0982732
0.0985241
0.0987747
0.0990249
0.0992747
0.0995241
0.0997731
0.100022
0.10027
0.100518
0.100766
0.101013
0.101259
0.101506
0.101752
0.101998
0.102243
0.102488
0.102732
0.102976
0.10322
0.103463
0.103706
0.103949
0.104191
0.104433
0.104674
0.104916
0.105156
0.105397
0.105637
0.105876
0.106115
0.106354
0.106593
0.106831
0.107068
0.107306
0.107543
0.107779
0.108015
0.108251
0.108487
0.108722
0.108956
0.109191
0.109425
0.109658
0.109892
0.110125
0.110357
0.110589
0.110821
0.111052
0.111284
0.111514
0.111745
0.111975
0.112204
0.112434
0.112663
0.112891
0.113119
0.113347
0.113575
0.113802
0.114029
0.114256
0.114482
0.114708
0.114933
0.115158
0.115383
0.115608
0.115832
0.116056
0.116279
0.116503
0.116726
0.116948
0.117171
0.117393
0.117614
0.117836
0.118057
0.118277
0.118498
0.118718
0.118938
0.119157
0.119377
0.119596
0.119814
0.120033
0.120251
0.120469
0.120686
0.120904
0.121121
0.121337
0.121554
0.12177
0.121986
0.122202
0.122417
0.122633
0.122848
0.123062
0.123277
0.123491
0.123705
0.123919
0.124133
0.124346
0.124559
0.124772
0.124985
0.125197
0.125409
0.125621
0.125833
0.126045
0.126256
0.126468
0.126679
0.12689
0.1271
0.127311
0.127521
0.127732
0.127942
0.128152
0.128361
0.128571
0.128781
0.12899
0.129199
0.129408
0.129617
0.129826
0.130035
0.130243
0.130452
0.13066
0.130868
0.131076
0.131284
0.131492
0.1317
0.131908
0.132116
0.132323
0.132531
0.132738
0.132946
0.133153
0.133361
0.133568
0.133775
0.133983
0.13419
0.134397
0.134604
0.134811
0.135018
0.135226
0.135433
0.13564
0.135847
0.136054
0.136262
0.136469
0.136676
0.136883
0.137091
0.137298
0.137506
0.137713
0.137921
0.138129
0.138336
0.138544
0.138752
0.13896
0.139168
0.139376
0.139585
0.139793
0.140002
0.140211
0.140419
0.140628
0.140838
0.141047
0.141256
0.141466
0.141676
0.141886
0.142096
0.142306
0.142517
0.142728
0.142939
0.14315
0.143361
0.143573
0.143785
0.143997
0.144209
0.144422
0.144635
0.144848
0.145061
0.145275
0.145489
0.145703
0.145918
0.146133
0.146348
0.146564
0.146779
0.146996
0.147212
0.147429
0.147646
0.147864
0.148082
0.1483
0.148519
0.148738
0.148957
0.149177
0.149398
0.149618
0.14984
0.150061
0.150283
0.150506
0.150729
0.150952
0.151176
0.1514
0.151625
0.15185
0.152076
0.152303
0.152529
0.152757
0.152985
0.153213
0.153442
0.153671
0.153901
0.154132
0.154363
0.154595
0.154827
0.15506
0.155294
0.155528
0.155763
0.155998
0.156234
0.156471
0.156708
0.156946
0.157185
0.157424
0.157664
0.157905
0.158146
0.158388
0.158631
0.158875
0.159119
0.159364
0.159609
0.159856
0.160103
0.160351
0.1606
0.160849
0.1611
0.161351
0.161603
0.161855
0.162109
0.162363
0.162619
0.162875
0.163132
0.163389
0.163648
0.163908
0.164168
0.164429
0.164692
0.164955
0.165219
0.165484
0.16575
0.166016
0.166284
0.166553
0.166823
0.167093
0.167365
0.167638
0.167912
0.168186
0.168462
0.168739
0.169016
0.169295
0.169575
0.169856
0.170138
0.170421
0.170705
0.170991
0.171277
0.171564
0.171853
0.172143
0.172434
0.172726
0.173019
0.173313
0.173608
0.173905
0.174203
0.174502
0.174802
0.175104
0.175406
0.17571
0.176015
0.176322
0.176629
0.176938
0.177248
0.17756
0.177872
0.178186
0.178502
0.178818
0.179136
0.179455
0.179776
0.180098
0.180421
0.180746
0.181072
0.181399
0.181728
0.182058
0.18239
0.182723
0.183057
0.183393
0.18373
0.184069
0.184409
0.184751
0.185094
0.185438
0.185784
0.186132
0.186481
0.186832
0.187184
0.187537
0.187892
0.188249
0.188607
0.188967
0.189328
0.189691
0.190056
0.190422
0.19079
0.191159
0.19153
0.191902
0.192277
0.192652
0.19303
0.193409
0.19379
0.194172
0.194556
0.194942
0.19533
0.195719
0.19611
0.196503
0.196897
0.197293
0.197691
0.198091
0.198492
0.198895
0.1993
0.199707
0.200115
0.200526
0.200938
0.201352
0.201768
0.202185
0.202605
0.203026
0.203449
0.203874
0.204301
0.204729
0.20516
0.205592
0.206027
0.206463
0.206901
0.207341
0.207783
0.208227
0.208673
0.209121
0.209571
0.210023
0.210477
0.210932
0.21139
0.21185
0.212312
0.212775
0.213241
0.213709
0.214179
0.21465
0.215124
0.2156
0.216078
0.216558
0.21704
0.217524
0.218011
0.218499
0.21899
0.219482
0.219977
0.220474
0.220972
0.221474
0.221977
0.222482
0.222989
0.223499
0.224011
0.224525
0.225041
0.225559
0.22608
0.226603
0.227127
0.227655
0.228184
0.228715
0.229249
0.229785
0.230323
0.230864
0.231407
0.231952
0.232499
0.233048
0.2336
0.234154
0.234711
0.235269
0.23583
0.236393
0.236959
0.237527
0.238097
0.23867
0.239244
0.239822
0.240401
0.240983
0.241567
0.242154
0.242743
0.243334
0.243928
0.244524
0.245122
0.245723
0.246326
0.246932
0.24754
0.24815
0.248763
0.249378
0.249996
0.250616
0.251238
0.251863
0.252491
0.25312
0.253753
0.254387
0.255025
0.255664
0.256306
0.256951
0.257598
0.258247
0.258899
0.259554
0.260211
0.26087
0.261532
0.262197
0.262864
0.263533
0.264205
0.26488
0.265557
0.266236
0.266918
0.267603
0.26829
0.26898
0.269672
0.270367
0.271064
0.271764
0.272466
0.273171
0.273879
0.274589
0.275302
0.276017
0.276735
0.277455
0.278178
0.278903
0.279631
0.280362
0.281095
0.281831
0.28257
0.283311
0.284054
0.2848
0.285549
0.286301
0.287055
0.287811
0.28857
0.289332
0.290097
0.290864
0.291633
0.292406
0.293181
0.293958
0.294738
0.295521
0.296306
0.297094
0.297885
0.298678
0.299474
0.300273
0.301074
0.301877
0.302684
0.303493
0.304304
0.305119
0.305936
0.306755
0.307577
0.308402
0.30923
0.31006
0.310892
0.311728
0.312566
0.313406
0.31425
0.315095
0.315944
0.316795
0.317649
0.318505
0.319364
0.320226
0.321091
0.321957
0.322827
0.323699
0.324574
0.325452
0.326332
0.327215
0.3281
0.328988
0.329879
0.330772
0.331668
0.332566
0.333467
0.334371
0.335277
0.336186
0.337098
0.338012
0.338929
0.339848
0.34077
0.341695
0.342622
0.343552
0.344485
0.34542
0.346357
0.347297
0.34824
0.349186
0.350134
0.351084
0.352037
0.352993
0.353951
0.354912
0.355876
0.356842
0.35781
0.358781
0.359755
0.360731
0.36171
0.362691
0.363675
0.364662
0.36565
0.366642
0.367636
0.368632
0.369631
0.370633
0.371637
0.372644
0.373653
0.374664
0.375678
0.376695
0.377714
0.378736
0.37976
0.380786
0.381815
0.382846
0.38388
0.384917
0.385955
0.386997
0.38804
0.389086
0.390135
0.391186
0.392239
0.393295
0.394353
0.395414
0.396477
0.397542
0.39861
0.39968
0.400753
0.401828
0.402905
0.403985
0.405067
0.406151
0.407237
0.408326
0.409418
0.410511
0.411607
0.412706
0.413806
0.414909
0.416014
0.417121
0.418231
0.419343
0.420457
0.421574
0.422692
0.423813
0.424936
0.426062
0.427189
0.428319
0.429451
0.430585
0.431721
0.43286
0.434
0.435143
0.436288
0.437435
0.438585
0.439736
0.44089
0.442045
0.443203
0.444363
0.445525
0.446689
0.447855
0.449023
0.450193
0.451365
0.452539
0.453715
0.454894
0.456074
0.457256
0.45844
0.459626
0.460815
0.462005
0.463197
0.464391
0.465587
0.466785
0.467984
0.469186
0.47039
0.471595
0.472802
0.474011
0.475222
0.476435
0.47765
0.478866
0.480085
0.481305
0.482527
0.48375
0.484976
0.486203
0.487432
0.488662
0.489895
0.491129
0.492365
0.493602
0.494841
0.496082
0.497324
0.498569
0.499814
0.501062
0.502311
0.503561
0.504813
0.506067
0.507322
0.508579
0.509837
0.511097
0.512359
0.513621
0.514886
0.516152
0.517419
0.518688
0.519958
0.52123
0.522503
0.523777
0.525053
0.52633
0.527609
0.528889
0.53017
0.531453
0.532736
0.534022
0.535308
0.536596
0.537885
0.539175
0.540467
0.541759
0.543053
0.544348
0.545645
0.546942
0.548241
0.54954
0.550841
0.552143
0.553446
0.554751
0.556056
0.557362
0.558669
0.559978
0.561287
0.562597
0.563909
0.565221
0.566534
0.567848
0.569164
0.57048
0.571796
0.573114
0.574433
0.575752
0.577073
0.578394
0.579716
0.581039
0.582362
0.583687
0.585012
0.586337
0.587664
0.588991
0.590319
0.591648
0.592977
0.594307
0.595637
0.596968
0.5983
0.599632
0.600965
0.602298
0.603632
0.604966
0.606301
0.607637
0.608972
0.610309
0.611645
0.612983
0.61432
0.615658
0.616996
0.618335
0.619674
0.621013
0.622353
0.623693
0.625033
0.626373
0.627714
0.629055
0.630396
0.631737
0.633078
0.63442
0.635761
0.637103
0.638445
0.639787
0.641129
0.642471
0.643813
0.645156
0.646498
0.64784
0.649182
0.650524
0.651866
0.653208
0.65455
0.655891
0.657233
0.658574
0.659915
0.661256
0.662597
0.663938
0.665278
0.666618
0.667958
0.669297
0.670636
0.671975
0.673314
0.674652
0.67599
0.677327
0.678664
0.68
0.681336
0.682672
0.684007
0.685341
0.686675
0.688009
0.689342
0.690674
0.692005
0.693337
0.694667
0.695997
0.697326
0.698654
0.699982
0.701309
0.702635
0.70396
0.705285
0.706609
0.707932
0.709254
0.710575
0.711895
0.713215
0.714534
0.715851
0.717168
0.718484
0.719798
0.721112
0.722425
0.723736
0.725047
0.726356
0.727665
0.728972
0.730278
0.731583
0.732887
0.734189
0.735491
0.736791
0.73809
0.739387
0.740683
0.741978
0.743272
0.744564
0.745855
0.747145
0.748433
0.74972
0.751005
0.752289
0.753571
0.754852
0.756131
0.757409
0.758685
0.75996
0.761233
0.762504
0.763774
0.765042
0.766308
0.767573
0.768836
0.770097
0.771357
0.772614
0.77387
0.775124
0.776377
0.777627
0.778876
0.780123
0.781367
0.78261
0.783851
0.78509
0.786327
0.787562
0.788795
0.790026
0.791255
0.792482
0.793706
0.794929
0.79615
0.797368
0.798584
0.799798
0.80101
0.802219
0.803426
0.804631
0.805834
0.807034
0.808232
0.809428
0.810621
0.811812
0.813001
0.814187
0.815371
0.816552
0.817731
0.818907
0.820081
0.821252
0.822421
0.823587
0.82475
0.825911
0.827069
0.828225
0.829378
0.830528
0.831675
0.83282
0.833962
0.835102
0.836238
0.837372
0.838503
0.839631
0.840756
0.841878
0.842998
0.844114
0.845228
0.846338
0.847446
0.848551
0.849652
0.850751
0.851847
0.852939
0.854029
0.855115
0.856198
0.857278
0.858355
0.859429
0.8605
0.861567
0.862631
0.863692
0.86475
0.865804
0.866855
0.867903
0.868947
0.869989
0.871026
0.872061
0.873091
0.874119
0.875143
0.876163
0.877181
0.878194
0.879204
0.880211
0.881214
0.882213
0.883209
0.884201
0.88519
0.886175
0.887156
0.888134
0.889108
0.890078
0.891044
0.892007
0.892966
0.893921
0.894873
0.89582
0.896764
0.897704
0.89864
0.899572
0.9005
0.901425
0.902345
0.903262
0.904174
0.905083
0.905987
0.906888
0.907784
0.908677
0.909565
0.910449
0.91133
0.912206
0.913078
0.913945
0.914809
0.915669
0.916524
0.917375
0.918222
0.919064
0.919903
0.920737
0.921566
0.922392
0.923213
0.92403
0.924842
0.92565
0.926454
0.927253
0.928048
0.928838
0.929624
0.930405
0.931182
0.931955
0.932723
0.933486
0.934245
0.935
0.935749
0.936494
0.937235
0.937971
0.938702
0.939429
0.940151
0.940869
0.941581
0.942289
0.942992
0.943691
0.944385
0.945074
0.945758
0.946437
0.947112
0.947782
0.948447
0.949107
0.949762
0.950413
0.951058
0.951699
0.952335
0.952965
0.953591
0.954212
0.954828
0.955439
0.956045
0.956646
0.957242
0.957833
0.958419
0.959
0.959575
0.960146
0.960712
0.961272
0.961827
0.962378
0.962923
0.963462
0.963997
0.964527
0.965051
0.96557
0.966084
0.966593
0.967096
0.967594
0.968087
0.968575
0.969057
0.969534
0.970006
0.970473
0.970934
0.97139
0.97184
0.972285
0.972725
0.973159
0.973588
0.974011
0.974429
0.974842
0.975249
0.975651
0.976047
0.976438
0.976823
0.977203
0.977577
0.977946
0.978309
0.978667
0.979019
0.979366
0.979707
0.980042
0.980372
0.980697
0.981015
0.981329
0.981636
0.981938
0.982234
0.982525
0.98281
0.983089
0.983363
0.983631
0.983893
0.98415
0.984401
0.984646
0.984885
0.985119
0.985347
0.985569
0.985786
0.985997
0.986202
0.986401
0.986594
0.986782
0.986964
0.98714
0.98731
0.987474
0.987633
0.987786
0.987933
0.988074
0.988209
0.988339
0.988462
0.98858
0.988692
0.988797
0.988897
0.988992
0.98908
0.989162
0.989239
0.989309
0.989374
0.989432
0.989485
0.989532
0.989573
0.989608
0.989637
0.98966
0.989677
0.989688
0.989693
0.989692
0.989685
0.989673
0.989654
0.989629
0.989598
0.989561
0.989519
0.98947
0.989415
0.989354
0.989287
0.989215
0.989136
0.989051
0.98896
0.988863
0.98876
0.988651
0.988536
0.988415
0.988287
0.988154
0.988015
0.98787
0.987718
0.987561
0.987397
0.987228
0.987052
0.98687
0.986683
0.986489
0.986289
0.986083
0.985871
0.985653
0.985429
0.985198
0.984962
0.98472
0.984471
0.984217
0.983956
0.983689
0.983416
0.983137
0.982852
0.982561
0.982264
0.981961
0.981652
0.981336
0.981015
0.980687
0.980354
0.980014
0.979668
0.979317
0.978959
0.978595
0.978225
0.977849
0.977466
0.977078
0.976684
0.976283
0.975877
0.975464
0.975046
0.974621
0.974191
0.973754
0.973311
0.972862
0.972408
0.971947
0.97148
0.971007
0.970528
0.970043
0.969552
0.969055
0.968551
0.968042
0.967527
0.967006
0.966479
0.965946
0.965407
0.964861
0.96431
0.963753
0.96319
0.962621
0.962046
0.961465
0.960878
0.960285
0.959686
0.959081
0.958471
0.957854
0.957231
0.956603
0.955968
0.955328
0.954681
0.954029
0.953371
0.952707
0.952037
0.951361
0.95068
0.949992
0.949299
0.9486
0.947894
0.947184
0.946467
0.945744
0.945016
0.944281
0.943541
0.942796
0.942044
0.941286
0.940523
0.939754
0.93898
0.938199
0.937413
0.936621
0.935823
0.93502
0.934211
0.933396
0.932575
0.931749
0.930917
0.930079
0.929236
0.928387
0.927533
0.926672
0.925807
0.924935
0.924058
0.923175
0.922287
0.921393
0.920494
0.919589
0.918678
0.917762
0.916841
0.915914
0.914981
0.914043
0.913099
0.91215
0.911196
0.910236
0.90927
0.908299
0.907323
0.906341
0.905354
0.904362
0.903364
0.90236
0.901352
0.900338
0.899318
0.898294
0.897264
0.896229
0.895188
0.894142
0.893091
0.892035
0.890973
0.889906
0.888834
0.887757
0.886675
0.885587
0.884494
0.883397
0.882293
0.881185
0.880072
0.878954
0.87783
0.876702
0.875568
0.874429
0.873286
0.872137
0.870983
0.869825
0.868661
0.867493
0.866319
0.86514
0.863957
0.862769
0.861576
0.860377
0.859175
0.857967
0.856754
0.855537
0.854314
0.853087
0.851856
0.850619
0.849378
0.848132
0.846881
0.845626
0.844365
0.843101
0.841831
0.840557
0.839279
0.837995
0.836707
0.835415
0.834118
0.832816
0.83151
0.8302
0.828885
0.827565
0.826241
0.824913
0.82358
0.822243
0.820901
0.819555
0.818205
0.81685
0.815491
0.814128
0.81276
0.811388
0.810012
0.808632
0.807247
0.805858
0.804465
0.803068
0.801667
0.800262
0.798852
0.797439
0.796021
0.794599
0.793173
0.791743
0.79031
0.788872
0.78743
0.785984
0.784535
0.783081
0.781624
0.780162
0.778697
0.777228
0.775755
0.774279
0.772798
0.771314
0.769826
0.768335
0.766839
0.76534
0.763838
0.762331
0.760821
0.759308
0.757791
0.75627
0.754746
0.753218
0.751687
0.750152
0.748614
0.747072
0.745527
0.743978
0.742426
0.740871
0.739312
0.73775
0.736185
0.734616
0.733045
0.731469
0.729891
0.72831
0.726725
0.725137
0.723546
0.721952
0.720355
0.718754
0.717151
0.715544
0.713935
0.712322
0.710707
0.709089
0.707467
0.705843
0.704216
0.702586
0.700953
0.699317
0.697679
0.696038
0.694394
0.692747
0.691097
0.689445
0.68779
0.686132
0.684472
0.682809
0.681144
0.679476
0.677806
0.676132
0.674457
0.672779
0.671098
0.669415
0.66773
0.666042
0.664352
0.66266
0.660965
0.659268
0.657568
0.655866
0.654162
0.652456
0.650748
0.649037
0.647325
0.64561
0.643893
0.642174
0.640453
0.63873
0.637005
0.635278
0.633548
0.631817
0.630084
0.62835
0.626613
0.624874
0.623134
0.621391
0.619647
0.617901
0.616154
0.614405
0.612654
0.610901
0.609147
0.607391
0.605633
0.603874
0.602113
0.600351
0.598587
0.596822
0.595055
0.593287
0.591517
0.589746
0.587973
0.5862
0.584425
0.582648
0.58087
0.579091
0.577311
0.57553
0.573747
0.571963
0.570178
0.568392
0.566605
0.564817
0.563027
0.561237
0.559446
0.557653
0.55586
0.554066
0.552271
0.550474
0.548677
0.54688
0.545081
0.543282
0.541481
0.53968
0.537879
0.536076
0.534273
0.53247
0.530665
0.52886
0.527055
0.525248
0.523442
0.521634
0.519827
0.518018
0.51621
0.514401
0.512591
0.510781
0.508971
0.50716
0.50535
0.503538
0.501727
0.499915
0.498103
0.496291
0.494479
0.492666
0.490854
0.489041
0.487228
0.485415
0.483603
0.48179
0.479977
0.478164
0.476351
0.474538
0.472726
0.470913
0.469101
0.467289
0.465477
0.463665
0.461854
0.460042
0.458231
0.456421
0.45461
0.4528
0.450991
0.449182
0.447373
0.445564
0.443757
0.441949
0.440142
0.438336
0.43653
0.434725
0.43292
0.431116
0.429313
0.42751
0.425708
0.423907
0.422107
0.420307
0.418508
0.41671
0.414912
0.413116
0.41132
0.409525
0.407732
0.405939
0.404147
0.402356
0.400566
0.398777
0.396989
0.395202
0.393417
0.391632
0.389849
0.388066
0.386285
0.384505
0.382726
0.380949
0.379173
0.377398
0.375624
0.373852
0.372081
0.370312
0.368543
0.366777
0.365011
0.363247
0.361485
0.359724
0.357965
0.356207
0.354451
0.352696
0.350943
0.349192
0.347442
0.345694
0.343948
0.342203
0.34046
0.338719
0.336979
0.335242
0.333506
0.331772
0.33004
0.328309
0.326581
0.324855
0.32313
0.321408
0.319687
0.317968
0.316252
0.314537
0.312825
0.311114
0.309406
0.3077
0.305996
0.304294
0.302594
0.300897
0.299202
0.297508
0.295818
0.294129
0.292443
0.290759
0.289077
0.287398
0.285721
0.284047
0.282375
0.280705
0.279038
0.277373
0.275711
0.274051
0.272394
0.270739
0.269087
0.267438
0.265791
0.264146
0.262505
0.260866
0.259229
0.257595
0.255964
0.254336
0.252711
0.251088
0.249468
0.247851
0.246236
0.244625
0.243016
0.24141
0.239807
0.238207
0.23661
0.235016
0.233424
0.231836
0.230251
0.228668
0.227089
0.225513
0.22394
0.22237
0.220803
0.219239
0.217678
0.21612
0.214566
0.213014
0.211466
0.209921
0.208379
0.206841
0.205305
0.203773
0.202245
0.200719
0.199197
0.197678
0.196163
0.194651
0.193142
0.191637
0.190135
0.188636
0.187141
0.185649
0.184161
0.182677
0.181195
0.179718
0.178243
0.176773
0.175306
0.173842
0.172382
0.170926
0.169473
0.168024
0.166579
0.165137
0.163699
0.162264
0.160833
0.159406
0.157983
0.156563
0.155148
0.153735
0.152327
0.150923
0.149522
0.148125
0.146732
0.145342
0.143957
0.142575
0.141198
0.139824
0.138454
0.137088
0.135726
0.134368
0.133014
0.131663
0.130317
0.128975
0.127637
0.126302
0.124972
0.123646
0.122324
0.121006
0.119692
0.118382
0.117076
0.115774
0.114476
0.113183
0.111893
0.110608
0.109327
0.10805
0.106777
0.105509
0.104244
0.102984
0.101728
0.100476
0.0992286
0.0979853
0.0967463
0.0955115
0.094281
0.0930548
0.0918328
0.0906152
0.0894019
0.0881929
0.0869882
0.0857879
0.0845919
0.0834002
0.0822129
0.08103
0.0798515
0.0786773
0.0775076
0.0763422
0.0751813
0.0740248
0.0728727
0.0717251
0.0705819
0.0694431
0.0683088
0.067179
0.0660537
0.0649328
0.0638164
0.0627045
0.0615971
0.0604943
0.0593959
0.0583021
0.0572128
0.056128
0.0550478
0.0539721
0.052901
0.0518345
0.0507725
0.0497151
0.0486622
0.047614
0.0465703
0.0455313
0.0444968
0.043467
0.0424417
0.0414211
0.0404051
0.0393938
0.0383871
0.037385
0.0363876
0.0353948
0.0344066
0.0334232
0.0324443
0.0314702
0.0305007
0.0295359
0.0285758
0.0276204
0.0266696
0.0257236
0.0247822
0.0238456
0.0229136
0.0219864
0.0210638
0.020146
0.0192329
0.0183245
0.0174209
0.0165219
0.0156277
0.0147382
0.0138535
0.0129735
0.0120982
0.0112277
0.0103619
0.00950087
0.00864458
0.00779304
0.00694626
0.00610422
0.00526695
0.00443443
0.00360667
0.00278367
0.00196543
0.00115195
0.000343243
-0.000460702
-0.00125988
-0.00205429
-0.00284393
-0.0036288
-0.00440891
-0.00518424
-0.0059548
-0.00672059
-0.00748161
-0.00823785
-0.00898933
-0.00973603
-0.010478
-0.0112151
-0.0119475
-0.0126751
-0.013398
-0.014116
-0.0148293
-0.0155379
-0.0162416
-0.0169406
-0.0176349
-0.0183243
-0.019009
-0.019689
-0.0203641
-0.0210345
-0.0217002
-0.0223611
-0.0230172
-0.0236686
-0.0243152
-0.0249571
-0.0255942
-0.0262266
-0.0268543
-0.0274772
-0.0280953
-0.0287087
-0.0293174
-0.0299214
-0.0305206
-0.0311151
-0.0317048
-0.0322899
-0.0328702
-0.0334458
-0.0340167
-0.0345829
-0.0351444
-0.0357012
-0.0362533
-0.0368007
-0.0373434
-0.0378814
-0.0384147
-0.0389434
-0.0394673
-0.0399866
-0.0405013
-0.0410112
-0.0415165
-0.0420172
-0.0425132
-0.0430046
-0.0434913
-0.0439734
-0.0444508
-0.0449237
-0.0453919
-0.0458555
-0.0463145
-0.0467688
-0.0472186
-0.0476638
-0.0481044
-0.0485404
-0.0489718
-0.0493987
-0.049821
-0.0502387
-0.0506519
-0.0510605
-0.0514646
-0.0518642
-0.0522592
-0.0526497
-0.0530357
-0.0534172
-0.0537941
-0.0541666
-0.0545346
-0.0548981
-0.0552571
-0.0556117
-0.0559618
-0.0563074
-0.0566486
-0.0569854
-0.0573177
-0.0576456
-0.0579691
-0.0582881
-0.0586028
-0.058913
-0.0592189
-0.0595204
-0.0598176
-0.0601103
-0.0603987
-0.0606828
-0.0609625
-0.0612379
-0.061509
-0.0617757
-0.0620382
-0.0622964
-0.0625502
-0.0627998
-0.0630451
-0.0632862
-0.063523
-0.0637556
-0.0639839
-0.064208
-0.0644279
-0.0646436
-0.0648551
-0.0650624
-0.0652655
-0.0654645
-0.0656593
-0.0658499
-0.0660364
-0.0662188
-0.0663971
-0.0665712
-0.0667413
-0.0669072
-0.0670691
-0.0672269
-0.0673807
-0.0675304
-0.0676761
-0.0678177
-0.0679554
-0.068089
-0.0682186
-0.0683443
-0.0684659
-0.0685837
-0.0686974
-0.0688072
-0.0689131
-0.0690151
-0.0691132
-0.0692073
-0.0692976
-0.069384
-0.0694666
-0.0695453
-0.0696202
-0.0696912
-0.0697584
-0.0698218
-0.0698815
-0.0699373
-0.0699894
-0.0700377
-0.0700823
-0.0701232
-0.0701603
-0.0701937
-0.0702234
-0.0702495
-0.0702718
-0.0702906
-0.0703056
-0.0703171
-0.0703249
-0.0703291
-0.0703297
-0.0703267
-0.0703202
-0.0703101
-0.0702964
-0.0702793
-0.0702586
-0.0702344
-0.0702067
-0.0701755
-0.0701409
-0.0701028
-0.0700612
-0.0700163
-0.0699679
-0.0699161
-0.069861
-0.0698025
-0.0697406
-0.0696753
-0.0696068
-0.0695349
-0.0694597
-0.0693812
-0.0692995
-0.0692145
-0.0691262
-0.0690347
-0.06894
-0.068842
-0.0687409
-0.0686366
-0.0685291
-0.0684185
-0.0683048
-0.0681879
-0.0680679
-0.0679448
-0.0678187
-0.0676894
-0.0675572
-0.0674219
-0.0672835
-0.0671422
-0.0669979
-0.0668506
-0.0667003
-0.0665471
-0.0663909
-0.0662319
-0.0660699
-0.065905
-0.0657373
-0.0655667
-0.0653933
-0.065217
-0.0650379
-0.064856
-0.0646714
-0.0644839
-0.0642937
-0.0641008
-0.0639052
-0.0637068
-0.0635058
-0.063302
-0.0630957
-0.0628866
-0.062675
-0.0624607
-0.0622438
-0.0620243
-0.0618023
-0.0615777
-0.0613506
-0.0611209
-0.0608888
-0.0606541
-0.060417
-0.0601774
-0.0599354
-0.0596909
-0.059444
-0.0591948
-0.0589431
-0.0586891
-0.0584327
-0.058174
-0.057913
-0.0576497
-0.0573841
-0.0571162
-0.0568461
-0.0565737
-0.0562991
-0.0560223
-0.0557433
-0.0554621
-0.0551788
-0.0548933
-0.0546057
-0.054316
-0.0540242
-0.0537303
-0.0534344
-0.0531364
-0.0528364
-0.0525344
-0.0522303
-0.0519243
-0.0516164
-0.0513064
-0.0509946
-0.0506808
-0.0503651
-0.0500476
-0.0497282
-0.0494069
-0.0490838
-0.0487589
-0.0484321
-0.0481036
-0.0477733
-0.0474413
-0.0471075
-0.046772
-0.0464348
-0.046096
-0.0457554
-0.0454132
-0.0450693
-0.0447239
-0.0443768
-0.0440281
-0.0436779
-0.0433261
-0.0429727
-0.0426179
-0.0422615
-0.0419037
-0.0415443
-0.0411835
-0.0408213
-0.0404576
-0.0400926
-0.0397261
-0.0393583
-0.0389891
-0.0386185
-0.0382467
-0.0378735
-0.037499
-0.0371232
-0.0367462
-0.036368
-0.0359885
-0.0356078
-0.0352259
-0.0348428
-0.0344586
-0.0340732
-0.0336867
-0.0332991
-0.0329103
-0.0325205
-0.0321296
-0.0317377
-0.0313448
-0.0309508
-0.0305558
-0.0301599
-0.0297629
-0.029365
-0.0289662
-0.0285665
-0.0281659
-0.0277643
-0.027362
-0.0269587
-0.0265546
-0.0261497
-0.025744
-0.0253375
-0.0249302
-0.0245222
-0.0241134
-0.0237039
-0.0232937
-0.0228828
-0.0224712
-0.022059
-0.0216461
-0.0212326
-0.0208184
-0.0204037
-0.0199884
-0.0195725
-0.0191561
-0.0187391
-0.0183216
-0.0179036
-0.0174852
-0.0170662
-0.0166468
-0.016227
-0.0158067
-0.015386
-0.014965
-0.0145435
-0.0141217
-0.0136996
-0.0132771
-0.0128543
-0.0124312
-0.0120078
-0.0115841
-0.0111602
-0.0107361
-0.0103117
-0.00988713
-0.00946236
-0.00903742
-0.00861231
-0.00818706
-0.00776168
-0.00733617
-0.00691057
-0.00648488
-0.00605913
-0.00563331
-0.00520746
-0.00478157
-0.00435568
-0.00392979
-0.00350392
-0.00307809
-0.0026523
-0.00222657
-0.00180093
-0.00137537
-0.000949925
-0.0005246
-9.94121e-05
0.000325625
0.000750496
0.00117519
0.00159968
0.00202397
0.00244803
0.00287186
0.00329543
0.00371874
0.00414177
0.0045645
0.00498692
0.00540902
0.00583078
0.00625219
0.00667324
0.0070939
0.00751418
0.00793404
0.00835348
0.00877249
0.00919105
0.00960915
0.0100268
0.0104439
0.0108605
0.0112766
0.0116922
0.0121073
0.0125217
0.0129356
0.013349
0.0137617
0.0141738
0.0145853
0.0149962
0.0154064
0.0158159
0.0162248
0.0166329
0.0170404
0.0174472
0.0178532
0.0182585
0.018663
0.0190668
0.0194698
0.019872
0.0202734
0.0206739
0.0210737
0.0214726
0.0218706
0.0222678
0.0226641
0.0230595
0.023454
0.0238476
0.0242403
0.024632
0.0250228
0.0254126
0.0258014
0.0261893
0.0265761
0.026962
0.0273468
0.0277306
0.0281133
0.028495
0.0288756
0.0292551
0.0296335
0.0300109
0.0303871
0.0307622
0.0311361
0.031509
0.0318806
0.0322511
0.0326204
0.0329885
0.0333554
0.0337211
0.0340856
0.0344488
0.0348108
0.0351715
0.035531
0.0358892
0.0362461
0.0366017
0.036956
0.037309
0.0376606
0.0380109
0.0383599
0.0387075
0.0390538
0.0393986
0.0397421
0.0400842
0.0404248
0.0407641
0.0411019
0.0414383
0.0417733
0.0421068
0.0424388
0.0427693
0.0430984
0.043426
0.0437521
0.0440766
0.0443997
0.0447212
0.0450412
0.0453596
0.0456765
0.0459918
0.0463056
0.0466178
0.0469283
0.0472373
0.0475447
0.0478505
0.0481546
0.0484571
0.048758
0.0490572
0.0493548
0.0496507
0.049945
0.0502375
0.0505284
0.0508176
0.0511051
0.0513908
0.0516749
0.0519572
0.0522378
0.0525167
0.0527938
0.0530692
0.0533428
0.0536146
0.0538847
0.054153
0.0544195
0.0546842
0.0549471
0.0552082
0.0554675
0.0557249
0.0559806
0.0562344
0.0564863
0.0567364
0.0569847
0.0572311
0.0574756
0.0577183
0.0579591
0.058198
0.058435
0.0586701
0.0589034
0.0591347
0.0593641
0.0595916
0.0598171
0.0600408
0.0602625
0.0604823
0.0607001
0.060916
0.0611299
0.0613418
0.0615518
0.0617599
0.0619659
0.06217
0.0623721
0.0625722
0.0627704
0.0629665
0.0631606
0.0633527
0.0635428
0.0637309
0.063917
0.0641011
0.0642831
0.0644631
0.0646411
0.064817
0.0649909
0.0651628
0.0653326
0.0655003
0.065666
0.0658297
0.0659913
0.0661508
0.0663082
0.0664636
0.0666169
0.0667681
0.0669173
0.0670644
0.0672093
0.0673522
0.067493
0.0676317
0.0677683
0.0679029
0.0680353
0.0681656
0.0682938
0.0684199
0.0685439
0.0686657
0.0687855
0.0689031
0.0690187
0.0691321
0.0692434
0.0693525
0.0694596
0.0695645
0.0696673
0.0697679
0.0698665
0.0699629
0.0700571
0.0701493
0.0702392
0.0703271
0.0704128
0.0704964
0.0705779
0.0706572
0.0707343
0.0708094
0.0708822
0.070953
0.0710216
0.0710881
0.0711524
0.0712145
0.0712746
0.0713325
0.0713882
0.0714418
0.0714933
0.0715426
0.0715897
0.0716348
0.0716777
0.0717184
0.071757
0.0717935
0.0718278
0.07186
0.07189
0.0719179
0.0719437
0.0719673
0.0719888
0.0720082
0.0720254
0.0720405
0.0720535
0.0720643
0.072073
0.0720796
0.0720841
0.0720864
0.0720866
0.0720847
0.0720807
0.0720745
0.0720662
0.0720559
0.0720434
0.0720288
0.0720121
0.0719933
0.0719723
0.0719493
0.0719242
0.071897
0.0718677
0.0718363
0.0718028
0.0717673
0.0717296
0.0716899
0.0716481
0.0716042
0.0715582
0.0715102
0.0714601
0.0714079
0.0713537
0.0712974
0.0712391
0.0711787
0.0711163
0.0710518
0.0709853
0.0709168
0.0708462
0.0707736
0.0706989
0.0706223
0.0705436
0.0704629
0.0703802
0.0702955
0.0702088
0.0701201
0.0700294
0.0699367
0.069842
0.0697454
0.0696467
0.0695461
0.0694436
0.069339
0.0692325
0.0691241
0.0690137
0.0689013
0.068787
0.0686708
0.0685527
0.0684326
0.0683106
0.0681867
0.0680609
0.0679331
0.0678035
0.067672
0.0675386
0.0674033
0.0672661
0.067127
0.0669861
0.0668434
0.0666987
0.0665522
0.0664039
0.0662537
0.0661017
0.0659479
0.0657922
0.0656348
0.0654755
0.0653144
0.0651515
0.0649868
0.0648204
0.0646521
0.0644821
0.0643103
0.0641368
0.0639615
0.0637844
0.0636057
0.0634251
0.0632429
0.0630589
0.0628732
0.0626858
0.0624968
0.062306
0.0621135
0.0619193
0.0617235
0.061526
0.0613268
0.061126
0.0609236
0.0607195
0.0605137
0.0603064
0.0600974
0.0598868
0.0596746
0.0594609
0.0592455
0.0590286
0.05881
0.05859
0.0583683
0.0581451
0.0579204
0.0576941
0.0574663
0.057237
0.0570062
0.0567738
0.05654
0.0563047
0.0560679
0.0558296
0.0555899
0.0553487
0.0551061
0.054862
0.0546165
0.0543696
0.0541212
0.0538715
0.0536203
0.0533678
0.0531139
0.0528586
0.0526019
0.0523439
0.0520845
0.0518238
0.0515618
0.0512984
0.0510338
0.0507678
0.0505005
0.0502319
0.0499621
0.049691
0.0494186
0.049145
0.0488701
0.048594
0.0483167
0.0480381
0.0477584
0.0474774
0.0471952
0.0469119
0.0466274
0.0463417
0.0460549
0.045767
0.0454779
0.0451876
0.0448963
0.0446038
0.0443103
0.0440156
0.0437199
0.0434231
0.0431253
0.0428264
0.0425264
0.0422254
0.0419234
0.0416204
0.0413164
0.0410113
0.0407053
0.0403984
0.0400904
0.0397815
0.0394716
0.0391608
0.0388491
0.0385365
0.0382229
0.0379085
0.0375931
0.0372769
0.0369598
0.0366419
0.0363231
0.0360034
0.0356829
0.0353616
0.0350395
0.0347166
0.0343929
0.0340685
0.0337432
0.0334172
0.0330904
0.0327629
0.0324347
0.0321057
0.031776
0.0314456
0.0311146
0.0307828
0.0304504
0.0301173
0.0297836
0.0294492
0.0291142
0.0287785
0.0284423
0.0281054
0.027768
0.02743
0.0270914
0.0267522
0.0264125
0.0260723
0.0257315
0.0253902
0.0250484
0.0247061
0.0243633
0.02402
0.0236763
0.0233321
0.0229874
0.0226424
0.0222968
0.0219509
0.0216046
0.0212578
0.0209107
0.0205632
0.0202153
0.019867
0.0195185
0.0191696
0.0188203
0.0184707
0.0181209
0.0177707
0.0174203
0.0170695
0.0167186
0.0163673
0.0160158
0.0156641
0.0153122
0.01496
0.0146077
0.0142551
0.0139024
0.0135495
0.0131964
0.0128432
0.0124898
0.0121363
0.0117827
0.0114289
0.0110751
0.0107212
0.0103672
0.0100131
0.00965897
0.00930479
0.00895056
0.00859631
0.00824203
0.00788775
0.00753346
0.00717919
0.00682494
0.00647072
0.00611654
0.00576241
0.00540834
0.00505434
0.00470043
0.0043466
0.00399288
0.00363927
0.00328578
0.00293242
0.0025792
0.00222614
0.00187324
0.0015205
0.00116795
0.000815595
0.000463437
0.000111491
-0.000240235
-0.000591729
-0.000942982
-0.00129398
-0.00164473
-0.0019952
-0.00234539
-0.00269529
-0.00304489
-0.00339418
-0.00374316
-0.0040918
-0.0044401
-0.00478806
-0.00513566
-0.00548289
-0.00582974
-0.00617621
-0.00652227
-0.00686794
-0.00721318
-0.007558
-0.00790239
-0.00824633
-0.00858982
-0.00893284
-0.00927539
-0.00961746
-0.00995903
-0.0103001
-0.0106407
-0.0109807
-0.0113202
-0.0116592
-0.0119976
-0.0123355
-0.0126728
-0.0130095
-0.0133457
-0.0136812
-0.0140162
-0.0143505
-0.0146842
-0.0150173
-0.0153498
-0.0156816
-0.0160127
-0.0163432
-0.016673
-0.0170021
-0.0173305
-0.0176582
-0.0179852
-0.0183115
-0.018637
-0.0189619
-0.0192859
-0.0196093
-0.0199318
-0.0202536
-0.0205746
-0.0208948
-0.0212142
-0.0215328
-0.0218506
-0.0221676
-0.0224837
-0.022799
-0.0231135
-0.0234271
-0.0237398
-0.0240516
-0.0243626
-0.0246727
-0.0249819
-0.0252901
-0.0255975
-0.0259039
-0.0262094
-0.026514
-0.0268176
-0.0271203
-0.027422
-0.0277227
-0.0280225
-0.0283212
-0.028619
-0.0289158
-0.0292115
-0.0295063
-0.0298
-0.0300927
-0.0303843
-0.0306749
-0.0309644
-0.0312529
-0.0315403
-0.0318266
-0.0321119
-0.032396
-0.032679
-0.032961
-0.0332418
-0.0335215
-0.0338001
-0.0340775
-0.0343538
-0.0346289
-0.0349029
-0.0351757
-0.0354474
-0.0357178
-0.0359871
-0.0362552
-0.0365221
-0.0367878
-0.0370523
-0.0373155
-0.0375775
-0.0378383
-0.0380979
-0.0383562
-0.0386132
-0.038869
-0.0391236
-0.0393768
-0.0396288
-0.0398795
-0.0401289
-0.040377
-0.0406238
-0.0408693
-0.0411135
-0.0413564
-0.0415979
-0.0418381
-0.042077
-0.0423145
-0.0425507
-0.0427855
-0.043019
-0.043251
-0.0434818
-0.0437111
-0.043939
-0.0441656
-0.0443908
-0.0446145
-0.0448369
-0.0450578
-0.0452773
-0.0454954
-0.0457121
-0.0459273
-0.0461411
-0.0463535
-0.0465644
-0.0467739
-0.0469819
-0.0471884
-0.0473935
-0.0475971
-0.0477992
-0.0479998
-0.048199
-0.0483966
-0.0485928
-0.0487874
-0.0489806
-0.0491722
-0.0493623
-0.049551
-0.049738
-0.0499236
-0.0501076
-0.0502901
-0.0504711
-0.0506505
-0.0508283
-0.0510046
-0.0511794
-0.0513526
-0.0515242
-0.0516942
-0.0518627
-0.0520296
-0.052195
-0.0523587
-0.0525209
-0.0526814
-0.0528404
-0.0529978
-0.0531536
-0.0533077
-0.0534603
-0.0536113
-0.0537606
-0.0539083
-0.0540545
-0.0541989
-0.0543418
-0.054483
-0.0546226
-0.0547606
-0.0548969
-0.0550316
-0.0551647
-0.055296
-0.0554258
-0.0555539
-0.0556803
-0.0558051
-0.0559283
-0.0560497
-0.0561695
-0.0562877
-0.0564041
-0.0565189
-0.0566321
-0.0567435
-0.0568533
-0.0569614
-0.0570678
-0.0571726
-0.0572756
-0.057377
-0.0574767
-0.0575747
-0.057671
-0.0577656
-0.0578585
-0.0579497
-0.0580392
-0.058127
-0.0582131
-0.0582976
-0.0583803
-0.0584613
-0.0585406
-0.0586182
-0.0586941
-0.0587683
-0.0588407
-0.0589115
-0.0589806
-0.0590479
-0.0591135
-0.0591774
-0.0592396
-0.0593001
-0.0593589
-0.0594159
-0.0594712
-0.0595249
-0.0595768
-0.0596269
-0.0596754
-0.0597221
-0.0597672
-0.0598105
-0.059852
-0.0598919
-0.0599301
-0.0599665
-0.0600012
-0.0600342
-0.0600654
-0.060095
-0.0601228
-0.0601489
-0.0601733
-0.060196
-0.060217
-0.0602362
-0.0602537
-0.0602695
-0.0602836
-0.060296
-0.0603067
-0.0603156
-0.0603229
-0.0603284
-0.0603322
-0.0603343
-0.0603348
-0.0603335
-0.0603304
-0.0603257
-0.0603193
-0.0603112
-0.0603014
-0.0602899
-0.0602766
-0.0602617
-0.0602451
-0.0602268
-0.0602068
-0.0601851
-0.0601618
-0.0601367
-0.06011
-0.0600815
-0.0600514
-0.0600196
-0.0599862
-0.059951
-0.0599142
-0.0598757
-0.0598356
-0.0597937
-0.0597502
-0.0597051
-0.0596583
-0.0596098
-0.0595597
-0.0595079
-0.0594545
-0.0593994
-0.0593426
-0.0592843
-0.0592243
-0.0591626
-0.0590993
-0.0590344
-0.0589679
-0.0588997
-0.0588299
-0.0587585
-0.0586854
-0.0586108
-0.0585345
-0.0584567
-0.0583772
-0.0582961
-0.0582135
-0.0581292
-0.0580433
-0.0579559
-0.0578668
-0.0577762
-0.057684
-0.0575903
-0.0574949
-0.057398
-0.0572996
-0.0571995
-0.0570979
-0.0569948
-0.0568901
-0.0567839
-0.0566761
-0.0565668
-0.056456
-0.0563436
-0.0562297
-0.0561143
-0.0559974
-0.0558789
-0.055759
-0.0556376
-0.0555146
-0.0553902
-0.0552642
-0.0551368
-0.0550079
-0.0548775
-0.0547457
-0.0546124
-0.0544776
-0.0543414
-0.0542037
-0.0540646
-0.053924
-0.053782
-0.0536385
-0.0534936
-0.0533473
-0.0531996
-0.0530505
-0.0528999
-0.052748
-0.0525946
-0.0524399
-0.0522837
-0.0521262
-0.0519673
-0.0518071
-0.0516454
-0.0514824
-0.0513181
-0.0511524
-0.0509853
-0.0508169
-0.0506472
-0.0504762
-0.0503038
-0.0501301
-0.0499551
-0.0497788
-0.0496012
-0.0494223
-0.0492421
-0.0490606
-0.0488779
-0.0486938
-0.0485085
-0.048322
-0.0481342
-0.0479451
-0.0477549
-0.0475633
-0.0473706
-0.0471766
-0.0469814
-0.046785
-0.0465874
-0.0463886
-0.0461886
-0.0459874
-0.045785
-0.0455815
-0.0453768
-0.045171
-0.0449639
-0.0447558
-0.0445465
-0.044336
-0.0441245
-0.0439118
-0.043698
-0.0434831
-0.0432671
-0.04305
-0.0428318
-0.0426126
-0.0423923
-0.0421709
-0.0419484
-0.0417249
-0.0415003
-0.0412747
-0.0410481
-0.0408205
-0.0405918
-0.0403621
-0.0401314
-0.0398997
-0.0396671
-0.0394334
-0.0391988
-0.0389632
-0.0387266
-0.0384891
-0.0382507
-0.0380113
-0.0377709
-0.0375297
-0.0372875
-0.0370444
-0.0368005
-0.0365556
-0.0363098
-0.0360632
-0.0358157
-0.0355673
-0.035318
-0.0350679
-0.034817
-0.0345652
-0.0343127
-0.0340592
-0.033805
-0.03355
-0.0332941
-0.0330375
-0.0327801
-0.0325219
-0.032263
-0.0320033
-0.0317428
-0.0314816
-0.0312197
-0.030957
-0.0306937
-0.0304296
-0.0301648
-0.0298993
-0.0296331
-0.0293662
-0.0290987
-0.0288305
-0.0285616
-0.0282921
-0.028022
-0.0277512
-0.0274798
-0.0272078
-0.0269351
-0.0266619
-0.0263881
-0.0261137
-0.0258387
-0.0255631
-0.025287
-0.0250103
-0.0247331
-0.0244554
-0.0241771
-0.0238983
-0.023619
-0.0233391
-0.0230588
-0.022778
-0.0224967
-0.022215
-0.0219328
-0.0216501
-0.021367
-0.0210834
-0.0207994
-0.020515
-0.0202302
-0.0199449
-0.0196593
-0.0193733
-0.0190869
-0.0188001
-0.0185129
-0.0182255
-0.0179376
-0.0176494
-0.0173609
-0.0170721
-0.0167829
-0.0164934
-0.0162037
-0.0159136
-0.0156233
-0.0153327
-0.0150418
-0.0147507
-0.0144593
-0.0141677
-0.0138758
-0.0135838
-0.0132915
-0.012999
-0.0127063
-0.0124134
-0.0121203
-0.0118271
-0.0115337
-0.0112401
-0.0109464
-0.0106525
-0.0103585
-0.0100644
-0.00977019
-0.00947586
-0.00918142
-0.0088869
-0.00859229
-0.00829761
-0.00800286
-0.00770806
-0.0074132
-0.00711831
-0.00682338
-0.00652843
-0.00623346
-0.00593848
-0.0056435
-0.00534854
-0.00505359
-0.00475866
-0.00446377
-0.00416892
-0.00387412
-0.00357938
-0.0032847
-0.0029901
-0.00269558
-0.00240116
-0.00210683
-0.00181261
-0.0015185
-0.00122452
-0.00093067
-0.000636961
-0.0003434
-4.99947e-05
0.000243246
0.000536314
0.000829201
0.0011219
0.0014144
0.0017067
0.00199878
0.00229064
0.00258228
0.00287367
0.00316482
0.00345572
0.00374636
0.00403673
0.00432682
0.00461662
0.00490613
0.00519535
0.00548425
0.00577283
0.00606109
0.00634902
0.00663661
0.00692385
0.00721073
0.00749725
0.0077834
0.00806917
0.00835455
0.00863953
0.00892411
0.00920828
0.00949204
0.00977536
0.0100583
0.0103407
0.0106227
0.0109043
0.0111853
0.0114659
0.0117461
0.0120257
0.0123049
0.0125835
0.0128616
0.0131393
0.0134164
0.0136929
0.0139689
0.0142444
0.0145193
0.0147937
0.0150675
0.0153407
0.0156133
0.0158854
0.0161568
0.0164276
0.0166979
0.0169675
0.0172364
0.0175048
0.0177725
0.0180395
0.0183059
0.0185717
0.0188367
0.0191011
0.0193648
0.0196278
0.0198901
0.0201517
0.0204126
0.0206728
0.0209322
0.021191
0.0214489
0.0217062
0.0219627
0.0222184
0.0224733
0.0227275
0.0229809
0.0232335
0.0234853
0.0237364
0.0239866
0.024236
0.0244846
0.0247323
0.0249792
0.0252253
0.0254706
0.025715
0.0259585
0.0262012
0.026443
0.0266839
0.0269239
0.0271631
0.0274013
0.0276387
0.0278751
0.0281107
0.0283453
0.028579
0.0288117
0.0290435
0.0292744
0.0295043
0.0297333
0.0299613
0.0301883
0.0304144
0.0306395
0.0308636
0.0310867
0.0313088
0.0315299
0.03175
0.0319691
0.0321872
0.0324042
0.0326203
0.0328353
0.0330492
0.0332621
0.0334739
0.0336847
0.0338945
0.0341031
0.0343107
0.0345172
0.0347227
0.034927
0.0351303
0.0353324
0.0355335
0.0357334
0.0359322
0.0361299
0.0363265
0.036522
0.0367163
0.0369095
0.0371015
0.0372924
0.0374822
0.0376708
0.0378582
0.0380445
0.0382296
0.0384135
0.0385962
0.0387778
0.0389582
0.0391374
0.0393153
0.0394921
0.0396677
0.0398421
0.0400152
0.0401871
0.0403579
0.0405273
0.0406956
0.0408626
0.0410284
0.0411929
0.0413562
0.0415183
0.0416791
0.0418386
0.0419969
0.0421539
0.0423096
0.0424641
0.0426173
0.0427692
0.0429198
0.0430692
0.0432172
0.043364
0.0435095
0.0436536
0.0437965
0.043938
0.0440783
0.0442172
0.0443548
0.0444911
0.0446261
0.0447597
0.044892
0.045023
0.0451527
0.045281
0.045408
0.0455336
0.0456579
0.0457808
0.0459024
0.0460226
0.0461415
0.046259
0.0463752
0.04649
0.0466034
0.0467154
0.0468261
0.0469354
0.0470434
0.0471499
0.0472551
0.0473589
0.0474613
0.0475623
0.0476619
0.0477602
0.047857
0.0479525
0.0480465
0.0481392
0.0482304
0.0483203
0.0484087
0.0484958
0.0485814
0.0486656
0.0487485
0.0488299
0.0489099
0.0489884
0.0490656
0.0491413
0.0492157
0.0492886
0.04936
0.0494301
0.0494987
0.0495659
0.0496317
0.0496961
0.049759
0.0498205
0.0498806
0.0499392
0.0499964
0.0500522
0.0501065
0.0501594
0.0502109
0.0502609
0.0503095
0.0503567
0.0504024
0.0504467
0.0504895
0.0505309
0.0505709
0.0506094
0.0506465
0.0506821
0.0507163
0.0507491
0.0507804
0.0508103
0.0508387
0.0508658
0.0508913
0.0509154
0.0509381
0.0509594
0.0509791
0.0509975
0.0510144
0.0510299
0.0510439
0.0510566
0.0510677
0.0510774
0.0510857
0.0510926
0.051098
0.051102
0.0511045
0.0511056
0.0511053
0.0511036
0.0511004
0.0510958
0.0510897
0.0510822
0.0510733
0.051063
0.0510512
0.0510381
0.0510235
0.0510074
0.05099
0.0509711
0.0509508
0.0509291
0.050906
0.0508815
