0
6.5439e-07
1.30222e-06
0.0396093
0.0395446
0.0394767
0.0394056
0.0393313
0.0392538
0.0391732
0.0390895
0.0390026
0.0389126
0.0388195
0.0387233
0.038624
0.0385217
0.0384162
0.0383078
0.0381962
0.0380817
0.0379642
0.0378436
0.0377201
0.0375935
0.0374641
0.0373317
0.0371963
0.037058
0.0369169
0.0367728
0.0366258
0.036476
0.0363234
0.0361679
0.0360096
0.0358486
0.0356847
0.0355181
0.0353487
0.0351766
0.0350017
0.0348242
0.034644
0.0344611
0.0342756
0.0340874
0.0338966
0.0337032
0.0335073
0.0333088
0.0331077
0.0329041
0.0326981
0.0324895
0.0322785
0.032065
0.0318491
0.0316307
0.03141
0.031187
0.0309615
0.0307338
0.0305037
0.0302714
0.0300367
0.0297999
0.0295608
0.0293195
0.029076
0.0288303
0.0285825
0.0283326
0.0280806
0.0278265
0.0275704
0.0273122
0.027052
0.0267899
0.0265257
0.0262596
0.0259916
0.0257217
0.0254499
0.0251763
0.0249009
0.0246236
0.0243445
0.0240637
0.0237812
0.023497
0.023211
0.0229234
0.0226342
0.0223433
0.0220509
0.0217569
0.0214613
0.0211642
0.0208657
0.0205656
0.0202641
0.0199612
0.019657
0.0193513
0.0190443
0.018736
0.0184264
0.0181155
0.0178033
0.01749
0.0171755
0.0168598
0.0165429
0.016225
0.015906
0.0155859
0.0152647
0.0149426
0.0146194
0.0142954
0.0139703
0.0136444
0.0133176
0.01299
0.0126615
0.0123322
0.0120021
0.0116713
0.0113398
0.0110076
0.0106747
0.0103412
0.0100071
0.00967236
0.00933708
0.00900127
0.00866496
0.00832816
0.00799092
0.00765324
0.00731517
0.00697673
0.00663794
0.00629884
0.00595944
0.00561979
0.00527989
0.00493979
0.0045995
0.00425905
0.00391848
0.00357781
0.00323706
0.00289626
0.00255545
0.00221463
0.00187386
0.00153314
0.00119251
0.000851988
0.00051161
0.0001714
-0.000168617
-0.000508412
-0.00084796
-0.00118723
-0.00152621
-0.00186485
-0.00220314
-0.00254105
-0.00287855
-0.00321562
-0.00355223
-0.00388835
-0.00422396
-0.00455903
-0.00489353
-0.00522744
-0.00556073
-0.00589338
-0.00622536
-0.00655664
-0.0068872
-0.00721702
-0.00754606
-0.00787429
-0.00820171
-0.00852827
-0.00885396
-0.00917874
-0.0095026
-0.00982551
-0.0101474
-0.0104684
-0.0107883
-0.0111071
-0.0114249
-0.0117415
-0.0120571
-0.0123715
-0.0126847
-0.0129967
-0.0133075
-0.013617
-0.0139253
-0.0142322
-0.0145379
-0.0148422
-0.0151451
-0.0154466
-0.0157468
-0.0160455
-0.0163427
-0.0166384
-0.0169326
-0.0172253
-0.0175165
-0.017806
-0.018094
-0.0183803
-0.018665
-0.0189481
-0.0192294
-0.0195091
-0.019787
-0.0200631
-0.0203375
-0.02061
-0.0208808
-0.0211497
-0.0214168
-0.021682
-0.0219452
-0.0222066
-0.022466
-0.0227234
-0.0229789
-0.0232324
-0.0234838
-0.0237332
-0.0239805
-0.0242258
-0.024469
-0.02471
-0.0249489
-0.0251856
-0.0254202
-0.0256526
-0.0258827
-0.0261107
-0.0263364
-0.0265598
-0.0267809
-0.0269998
-0.0272163
-0.0274305
-0.0276423
-0.0278518
-0.0280588
-0.0282635
-0.0284658
-0.0286656
-0.028863
-0.0290579
-0.0292504
-0.0294403
-0.0296278
-0.0298127
-0.0299951
-0.0301749
-0.0303522
-0.0305268
-0.0306989
-0.0308684
-0.0310352
-0.0311995
-0.031361
-0.0315199
-0.0316762
-0.0318297
-0.0319806
-0.0321287
-0.0322741
-0.0324168
-0.0325567
-0.0326939
-0.0328283
-0.03296
-0.0330888
-0.0332148
-0.0333381
-0.0334585
-0.0335761
-0.0336908
-0.0338027
-0.0339118
-0.0340179
-0.0341212
-0.0342216
-0.0343192
-0.0344138
-0.0345055
-0.0345943
-0.0346801
-0.0347631
-0.0348431
-0.0349202
-0.0349943
-0.0350654
-0.0351336
-0.0351988
-0.0352611
-0.0353203
-0.0353766
-0.0354299
-0.0354802
-0.0355275
-0.0355718
-0.0356131
-0.0356513
-0.0356866
-0.0357188
-0.0357481
-0.0357742
-0.0357974
-0.0358175
-0.0358346
-0.0358487
-0.0358597
-0.0358677
-0.0358727
-0.0358746
-0.0358735
-0.0358693
-0.0358621
-0.0358518
-0.0358385
-0.0358222
-0.0358028
-0.0357803
-0.0357549
-0.0357264
-0.0356948
-0.0356602
-0.0356226
-0.035582
-0.0355383
-0.0354916
-0.0354419
-0.0353891
-0.0353333
-0.0352745
-0.0352127
-0.0351479
-0.0350801
-0.0350093
-0.0349355
-0.0348587
-0.0347789
-0.0346962
-0.0346104
-0.0345217
-0.0344301
-0.0343354
-0.0342379
-0.0341374
-0.0340339
-0.0339275
-0.0338182
-0.033706
-0.0335909
-0.0334728
-0.0333519
-0.0332281
-0.0331015
-0.0329719
-0.0328395
-0.0327043
-0.0325662
-0.0324253
-0.0322816
-0.032135
-0.0319857
-0.0318336
-0.0316787
-0.031521
-0.0313606
-0.0311975
-0.0310316
-0.030863
-0.0306917
-0.0305177
-0.030341
-0.0301616
-0.0299796
-0.029795
-0.0296077
-0.0294178
-0.0292253
-0.0290302
-0.0288325
-0.0286323
-0.0284295
-0.0282242
-0.0280164
-0.027806
-0.0275932
-0.027378
-0.0271602
-0.02694
-0.0267174
-0.0264924
-0.026265
-0.0260353
-0.0258032
-0.0255687
-0.0253319
-0.0250928
-0.0248514
-0.0246078
-0.0243619
-0.0241138
-0.0238634
-0.0236109
-0.0233561
-0.0230993
-0.0228403
-0.0225791
-0.0223159
-0.0220506
-0.0217832
-0.0215137
-0.0212423
-0.0209688
-0.0206934
-0.020416
-0.0201367
-0.0198554
-0.0195723
-0.0192873
-0.0190004
-0.0187117
-0.0184212
-0.0181289
-0.0178348
-0.0175389
-0.0172414
-0.0169421
-0.0166412
-0.0163386
-0.0160344
-0.0157286
-0.0154211
-0.0151122
-0.0148016
-0.0144896
-0.0141761
-0.0138611
-0.0135446
-0.0132268
-0.0129075
-0.0125869
-0.0122649
-0.0119416
-0.011617
-0.0112911
-0.010964
-0.0106357
-0.0103061
-0.0099754
-0.00964354
-0.00931055
-0.00897647
-0.00864132
-0.00830513
-0.00796791
-0.00762971
-0.00729054
-0.00695043
-0.00660941
-0.0062675
-0.00592473
-0.00558112
-0.00523672
-0.00489153
-0.00454559
-0.00419892
-0.00385155
-0.00350352
-0.00315484
-0.00280554
-0.00245565
-0.00210521
-0.00175423
-0.00140274
-0.00105078
-0.00069836
-0.000345521
7.71136e-06
0.000361311
0.000715248
0.0010695
0.00142403
0.00177881
0.00213382
0.00248903
0.0028444
0.00319992
0.00355554
0.00391125
0.00426702
0.00462281
0.00497859
0.00533435
0.00569004
0.00604565
0.00640113
0.00675647
0.00711163
0.00746659
0.00782132
0.00817578
0.00852994
0.00888379
0.00923729
0.00959041
0.00994312
0.0102954
0.0106472
0.0109985
0.0113493
0.0116995
0.0120492
0.0123982
0.0127466
0.0130943
0.0134413
0.0137876
0.0141331
0.0144779
0.0148218
0.0151649
0.0155071
0.0158484
0.0161888
0.0165282
0.0168666
0.017204
0.0175404
0.0178756
0.0182098
0.0185428
0.0188747
0.0192053
0.0195348
0.019863
0.0201899
0.0205155
0.0208397
0.0211626
0.0214841
0.0218042
0.0221228
0.02244
0.0227556
0.0230697
0.0233823
0.0236932
0.0240025
0.0243102
0.0246162
0.0249205
0.025223
0.0255238
0.0258228
0.02612
0.0264153
0.0267088
0.0270003
0.02729
0.0275777
0.0278633
0.028147
0.0284287
0.0287083
0.0289858
0.0292612
0.0295344
0.0298055
0.0300743
0.030341
0.0306054
0.0308675
0.0311273
0.0313848
0.03164
0.0318927
0.0321431
0.032391
0.0326364
0.0328794
0.0331199
0.0333578
0.0335932
0.033826
0.0340562
0.0342838
0.0345087
0.0347309
0.0349504
0.0351672
0.0353812
0.0355925
0.0358009
0.0360065
0.0362093
0.0364092
0.0366062
0.0368003
0.0369914
0.0371796
0.0373648
0.037547
0.0377261
0.0379022
0.0380752
0.0382451
0.0384119
0.0385755
0.038736
0.0388933
0.0390474
0.0391982
0.0393458
0.0394902
0.0396312
0.0397689
0.0399033
0.0400344
0.0401621
0.0402863
0.0404072
0.0405246
0.0406386
0.0407491
0.0408561
0.0409596
0.0410596
0.0411561
0.0412489
0.0413382
0.0414239
0.041506
0.0415844
0.0416592
0.0417303
0.0417977
0.0418614
0.0419214
0.0419777
0.0420302
0.0420789
0.0421239
0.042165
0.0422023
0.0422358
0.0422654
0.0422912
0.0423131
0.0423311
0.0423452
0.0423553
0.0423615
0.0423638
0.0423621
0.0423564
0.0423468
0.0423331
0.0423154
0.0422937
0.0422679
0.042238
0.0422041
0.0421662
0.0421241
0.0420779
0.0420276
0.0419732
0.0419146
0.0418519
0.041785
0.041714
0.0416387
0.0415593
0.0414757
0.0413878
0.0412958
0.0411995
0.041099
0.0409942
0.0408852
0.0407719
0.0406543
0.0405324
0.0404063
0.0402759
0.0401411
0.0400021
0.0398587
0.039711
0.0395589
0.0394026
0.0392418
0.0390768
0.0389073
0.0387335
0.0385554
0.0383729
0.0381859
0.0379946
0.037799
0.0375989
0.0373944
0.0371855
0.0369722
0.0367546
0.0365325
0.0363059
0.036075
0.0358397
0.0355999
0.0353557
0.035107
0.034854
0.0345965
0.0343346
0.0340682
0.0337974
0.0335222
0.0332425
0.0329584
0.0326699
0.0323769
0.0320795
0.0317776
0.0314713
0.0311606
0.0308454
0.0305258
0.0302018
0.0298733
0.0295404
0.0292031
0.0288613
0.0285151
0.0281645
0.0278095
0.0274501
0.0270862
0.0267179
0.0263452
0.0259682
0.0255867
0.0252008
0.0248105
0.0244159
0.0240168
0.0236134
0.0232056
0.0227935
0.0223769
0.0219561
0.0215308
0.0211012
0.0206673
0.020229
0.0197865
0.0193395
0.0188883
0.0184328
0.017973
0.0175088
0.0170404
0.0165677
0.0160907
0.0156095
0.015124
0.0146343
0.0141403
0.0136421
0.0131397
0.012633
0.0121222
0.0116071
0.0110879
0.0105645
0.010037
0.00950524
0.00896937
0.00842937
0.00788524
0.007337
0.00678465
0.00622821
0.00566769
0.00510309
0.00453444
0.00396173
0.00338499
0.00280423
0.00221945
0.00163067
0.0010379
0.000441152
-0.000159559
-0.000764223
-0.00137283
-0.00198536
-0.0026018
-0.00322214
-0.00384637
-0.00447448
-0.00510644
-0.00574225
-0.0063819
-0.00702536
-0.00767263
-0.00832369
-0.00897852
-0.00963712
-0.0102995
-0.0109655
-0.0116353
-0.0123088
-0.012986
-0.0136669
-0.0143514
-0.0150396
-0.0157314
-0.0164268
-0.0171258
-0.0178283
-0.0185345
-0.0192442
-0.0199574
-0.0206741
-0.0213944
-0.0221181
-0.0228453
-0.0235759
-0.02431
-0.0250475
-0.0257884
-0.0265327
-0.0272803
-0.0280313
-0.0287857
-0.0295433
-0.0303043
-0.0310685
-0.031836
-0.0326067
-0.0333807
-0.0341579
-0.0349382
-0.0357218
-0.0365085
-0.0372983
-0.0380913
-0.0388873
-0.0396865
-0.0404887
-0.041294
-0.0421022
-0.0429136
-0.0437279
-0.0445451
-0.0453654
-0.0461885
-0.0470146
-0.0478436
-0.0486755
-0.0495102
-0.0503478
-0.0511882
-0.0520314
-0.0528774
-0.0537262
-0.0545777
-0.0554319
-0.0562889
-0.0571485
-0.0580108
-0.0588758
-0.0597434
-0.0606136
-0.0614865
-0.0623619
-0.0632398
-0.0641203
-0.0650033
-0.0658889
-0.0667769
-0.0676673
-0.0685602
-0.0694555
-0.0703533
-0.0712534
-0.0721559
-0.0730607
-0.0739678
-0.0748773
-0.075789
-0.076703
-0.0776193
-0.0785378
-0.0794585
-0.0803814
-0.0813065
-0.0822337
-0.083163
-0.0840945
-0.085028
-0.0859637
-0.0869013
-0.0878411
-0.0887828
-0.0897266
-0.0906723
-0.09162
-0.0925696
-0.0935211
-0.0944746
-0.0954299
-0.0963871
-0.0973461
-0.098307
-0.0992697
-0.100234
-0.1012
-0.102168
-0.103138
-0.10411
-0.105083
-0.106058
-0.107034
-0.108012
-0.108992
-0.109973
-0.110956
-0.111941
-0.112927
-0.113914
-0.114903
-0.115894
-0.116886
-0.11788
-0.118875
-0.119871
-0.120869
-0.121868
-0.122869
-0.123871
-0.124874
-0.125879
-0.126884
-0.127892
-0.1289
-0.12991
-0.130921
-0.131933
-0.132946
-0.133961
-0.134977
-0.135993
-0.137011
-0.138031
-0.139051
-0.140072
-0.141095
-0.142118
-0.143143
-0.144168
-0.145195
-0.146222
-0.147251
-0.14828
-0.149311
-0.150342
-0.151374
-0.152408
-0.153442
-0.154477
-0.155512
-0.156549
-0.157587
-0.158625
-0.159664
-0.160704
-0.161744
-0.162786
-0.163828
-0.164871
-0.165915
-0.166959
-0.168004
-0.16905
-0.170096
-0.171143
-0.172191
-0.173239
-0.174288
-0.175338
-0.176388
-0.177438
-0.17849
-0.179541
-0.180594
-0.181647
-0.1827
-0.183754
-0.184809
-0.185863
-0.186919
-0.187975
-0.189031
-0.190088
-0.191145
-0.192203
-0.193261
-0.194319
-0.195378
-0.196437
-0.197497
-0.198557
-0.199617
-0.200677
-0.201738
-0.2028
-0.203861
-0.204923
-0.205986
-0.207048
-0.208111
-0.209174
-0.210237
-0.211301
-0.212365
-0.213429
-0.214493
-0.215558
-0.216622
-0.217687
-0.218753
-0.219818
-0.220884
-0.221949
-0.223015
-0.224082
-0.225148
-0.226214
-0.227281
-0.228348
-0.229415
-0.230482
-0.231549
-0.232616
-0.233684
-0.234751
-0.235819
-0.236887
-0.237954
-0.239022
-0.240091
-0.241159
-0.242227
-0.243295
-0.244364
-0.245432
-0.246501
-0.247569
-0.248638
-0.249707
-0.250776
-0.251845
-0.252914
-0.253983
-0.255052
-0.256121
-0.25719
-0.258259
-0.259328
-0.260397
-0.261467
-0.262536
-0.263606
-0.264675
-0.265744
-0.266814
-0.267883
-0.268953
-0.270023
-0.271092
-0.272162
-0.273231
-0.274301
-0.275371
-0.276441
-0.277511
-0.27858
-0.27965
-0.28072
-0.28179
-0.28286
-0.28393
-0.285
-0.28607
-0.28714
-0.28821
-0.289281
-0.290351
-0.291421
-0.292492
-0.293562
-0.294632
-0.295703
-0.296774
-0.297844
-0.298915
-0.299986
-0.301057
-0.302127
-0.303198
-0.30427
-0.305341
-0.306412
-0.307483
-0.308555
-0.309626
-0.310698
-0.31177
-0.312841
-0.313913
-0.314986
-0.316058
-0.31713
-0.318203
-0.319275
-0.320348
-0.321421
-0.322494
-0.323567
-0.32464
-0.325714
-0.326788
-0.327861
-0.328935
-0.33001
-0.331084
-0.332159
-0.333234
-0.334309
-0.335384
-0.336459
-0.337535
-0.338611
-0.339687
-0.340764
-0.34184
-0.342917
-0.343995
-0.345072
-0.34615
-0.347228
-0.348306
-0.349385
-0.350464
-0.351543
-0.352623
-0.353703
-0.354783
-0.355863
-0.356944
-0.358026
-0.359107
-0.360189
-0.361272
-0.362355
-0.363438
-0.364521
-0.365605
-0.36669
-0.367775
-0.36886
-0.369945
-0.371032
-0.372118
-0.373205
-0.374293
-0.375381
-0.376469
-0.377558
-0.378648
-0.379738
-0.380828
-0.381919
-0.383011
-0.384103
-0.385196
-0.386289
-0.387383
-0.388477
-0.389572
-0.390667
-0.391763
-0.39286
-0.393957
-0.395055
-0.396154
-0.397253
-0.398353
-0.399454
-0.400555
-0.401657
-0.402759
-0.403862
-0.404966
-0.406071
-0.407176
-0.408282
-0.409389
-0.410496
-0.411604
-0.412713
-0.413823
-0.414934
-0.416045
-0.417157
-0.41827
-0.419383
-0.420498
-0.421613
-0.422729
-0.423846
-0.424963
-0.426082
-0.427201
-0.428322
-0.429443
-0.430565
-0.431687
-0.432811
-0.433936
-0.435061
-0.436188
-0.437315
-0.438443
-0.439572
-0.440703
-0.441834
-0.442966
-0.444098
-0.445232
-0.446367
-0.447503
-0.44864
-0.449778
-0.450916
-0.452056
-0.453197
-0.454339
-0.455482
-0.456626
-0.45777
-0.458916
-0.460063
-0.461211
-0.46236
-0.46351
-0.464661
-0.465814
-0.466967
-0.468121
-0.469277
-0.470433
-0.471591
-0.472749
-0.473909
-0.47507
-0.476232
-0.477395
-0.47856
-0.479725
-0.480891
-0.482059
-0.483228
-0.484397
-0.485568
-0.486741
-0.487914
-0.489088
-0.490264
-0.491441
-0.492619
-0.493798
-0.494978
-0.496159
-0.497342
-0.498525
-0.49971
-0.500896
-0.502083
-0.503272
-0.504461
-0.505652
-0.506844
-0.508037
-0.509231
-0.510427
-0.511623
-0.512821
-0.51402
-0.51522
-0.516422
-0.517624
-0.518828
-0.520033
-0.521239
-0.522446
-0.523655
-0.524864
-0.526075
-0.527287
-0.5285
-0.529715
-0.53093
-0.532147
-0.533365
-0.534584
-0.535804
-0.537025
-0.538248
-0.539472
-0.540696
-0.541922
-0.54315
-0.544378
-0.545607
-0.546838
-0.548069
-0.549302
-0.550536
-0.551771
-0.553007
-0.554245
-0.555483
-0.556723
-0.557963
-0.559205
-0.560448
-0.561691
-0.562936
-0.564182
-0.565429
-0.566677
-0.567927
-0.569177
-0.570428
-0.57168
-0.572934
-0.574188
-0.575443
-0.5767
-0.577957
-0.579215
-0.580474
-0.581735
-0.582996
-0.584258
-0.585521
-0.586785
-0.58805
-0.589316
-0.590582
-0.59185
-0.593118
-0.594388
-0.595658
-0.596929
-0.598201
-0.599474
-0.600747
-0.602022
-0.603297
-0.604573
-0.60585
-0.607127
-0.608405
-0.609684
-0.610964
-0.612244
-0.613525
-0.614807
-0.61609
-0.617373
-0.618657
-0.619941
-0.621226
-0.622511
-0.623798
-0.625084
-0.626372
-0.62766
-0.628948
-0.630237
-0.631526
-0.632816
-0.634106
-0.635397
-0.636688
-0.63798
-0.639272
-0.640564
-0.641857
-0.64315
-0.644444
-0.645738
-0.647032
-0.648326
-0.649621
-0.650916
-0.652211
-0.653506
-0.654801
-0.656097
-0.657393
-0.658689
-0.659985
-0.661281
-0.662577
-0.663874
-0.66517
-0.666466
-0.667763
-0.669059
-0.670355
-0.671651
-0.672947
-0.674243
-0.675539
-0.676835
-0.67813
-0.679426
-0.680721
-0.682016
-0.68331
-0.684605
-0.685899
-0.687192
-0.688486
-0.689779
-0.691071
-0.692363
-0.693655
-0.694946
-0.696237
-0.697527
-0.698817
-0.700106
-0.701394
-0.702682
-0.70397
-0.705256
-0.706542
-0.707827
-0.709112
-0.710395
-0.711678
-0.712961
-0.714242
-0.715522
-0.716802
-0.71808
-0.719358
-0.720635
-0.72191
-0.723185
-0.724458
-0.725731
-0.727002
-0.728273
-0.729542
-0.73081
-0.732077
-0.733342
-0.734606
-0.735869
-0.737131
-0.738391
-0.73965
-0.740907
-0.742163
-0.743418
-0.744671
-0.745922
-0.747172
-0.748421
-0.749668
-0.750913
-0.752156
-0.753398
-0.754638
-0.755876
-0.757113
-0.758348
-0.759581
-0.760812
-0.762041
-0.763268
-0.764493
-0.765716
-0.766937
-0.768156
-0.769373
-0.770588
-0.771801
-0.773012
-0.77422
-0.775426
-0.77663
-0.777832
-0.779031
-0.780228
-0.781422
-0.782614
-0.783804
-0.784991
-0.786175
-0.787357
-0.788537
-0.789714
-0.790888
-0.792059
-0.793228
-0.794394
-0.795558
-0.796718
-0.797876
-0.799031
-0.800183
-0.801332
-0.802478
-0.803621
-0.804761
-0.805897
-0.807031
-0.808162
-0.80929
-0.810414
-0.811535
-0.812653
-0.813768
-0.814879
-0.815987
-0.817092
-0.818193
-0.819291
-0.820385
-0.821476
-0.822563
-0.823646
-0.824727
-0.825803
-0.826876
-0.827945
-0.82901
-0.830072
-0.831129
-0.832183
-0.833233
-0.83428
-0.835322
-0.83636
-0.837394
-0.838425
-0.839451
-0.840473
-0.841491
-0.842505
-0.843515
-0.84452
-0.845521
-0.846518
-0.847511
-0.848499
-0.849483
-0.850463
-0.851438
-0.852409
-0.853375
-0.854337
-0.855294
-0.856246
-0.857194
-0.858137
-0.859076
-0.86001
-0.860939
-0.861863
-0.862783
-0.863697
-0.864607
-0.865512
-0.866412
-0.867307
-0.868197
-0.869082
-0.869962
-0.870837
-0.871707
-0.872572
-0.873431
-0.874285
-0.875134
-0.875978
-0.876817
-0.87765
-0.878478
-0.8793
-0.880117
-0.880929
-0.881735
-0.882536
-0.883331
-0.884121
-0.884905
-0.885683
-0.886456
-0.887223
-0.887985
-0.888741
-0.889491
-0.890235
-0.890973
-0.891706
-0.892433
-0.893154
-0.893869
-0.894578
-0.895281
-0.895978
-0.896669
-0.897354
-0.898033
-0.898706
-0.899373
-0.900034
-0.900688
-0.901337
-0.901979
-0.902615
-0.903244
-0.903868
-0.904485
-0.905095
-0.9057
-0.906298
-0.906889
-0.907474
-0.908053
-0.908625
-0.909191
-0.90975
-0.910302
-0.910848
-0.911388
-0.91192
-0.912447
-0.912966
-0.913479
-0.913985
-0.914484
-0.914977
-0.915463
-0.915942
-0.916414
-0.916879
-0.917338
-0.91779
-0.918234
-0.918672
-0.919103
-0.919527
-0.919944
-0.920354
-0.920757
-0.921153
-0.921542
-0.921924
-0.922299
-0.922666
-0.923027
-0.92338
-0.923727
-0.924066
-0.924398
-0.924722
-0.92504
-0.92535
-0.925653
-0.925949
-0.926237
-0.926519
-0.926792
-0.927059
-0.927318
-0.92757
-0.927814
-0.928051
-0.928281
-0.928503
-0.928718
-0.928926
-0.929125
-0.929318
-0.929503
-0.92968
-0.92985
-0.930013
-0.930168
-0.930315
-0.930455
-0.930587
-0.930712
-0.930829
-0.930938
-0.93104
-0.931135
-0.931221
-0.9313
-0.931372
-0.931435
-0.931491
-0.93154
-0.931581
-0.931614
-0.931639
-0.931657
-0.931666
-0.931669
-0.931663
-0.93165
-0.931629
-0.9316
-0.931564
-0.93152
-0.931468
-0.931408
-0.93134
-0.931265
-0.931182
-0.931091
-0.930992
-0.930886
-0.930772
-0.93065
-0.93052
-0.930382
-0.930237
-0.930083
-0.929922
-0.929753
-0.929577
-0.929392
-0.9292
-0.929
-0.928792
-0.928576
-0.928352
-0.928121
-0.927881
-0.927634
-0.927379
-0.927116
-0.926846
-0.926567
-0.926281
-0.925987
-0.925685
-0.925376
-0.925058
-0.924733
-0.9244
-0.924059
-0.92371
-0.923354
-0.922989
-0.922617
-0.922237
-0.92185
-0.921454
-0.921051
-0.92064
-0.920221
-0.919795
-0.919361
-0.918919
-0.918469
-0.918012
-0.917547
-0.917074
-0.916593
-0.916105
-0.915609
-0.915105
-0.914594
-0.914075
-0.913548
-0.913014
-0.912472
-0.911922
-0.911365
-0.9108
-0.910228
-0.909648
-0.90906
-0.908465
-0.907862
-0.907252
-0.906634
-0.906009
-0.905376
-0.904736
-0.904088
-0.903432
-0.90277
-0.902099
-0.901422
-0.900736
-0.900044
-0.899344
-0.898636
-0.897922
-0.897199
-0.89647
-0.895733
-0.894989
-0.894238
-0.893479
-0.892713
-0.891939
-0.891159
-0.890371
-0.889576
-0.888774
-0.887965
-0.887148
-0.886324
-0.885494
-0.884656
-0.883811
-0.882959
-0.882099
-0.881233
-0.88036
-0.87948
-0.878593
-0.877698
-0.876797
-0.875889
-0.874974
-0.874052
-0.873123
-0.872188
-0.871245
-0.870296
-0.86934
-0.868377
-0.867407
-0.866431
-0.865448
-0.864458
-0.863461
-0.862458
-0.861449
-0.860432
-0.859409
-0.85838
-0.857344
-0.856301
-0.855252
-0.854196
-0.853134
-0.852066
-0.850991
-0.849909
-0.848822
-0.847728
-0.846627
-0.845521
-0.844408
-0.843289
-0.842163
-0.841032
-0.839894
-0.83875
-0.8376
-0.836444
-0.835282
-0.834113
-0.832939
-0.831759
-0.830572
-0.82938
-0.828182
-0.826978
-0.825768
-0.824552
-0.82333
-0.822103
-0.820869
-0.81963
-0.818386
-0.817135
-0.815879
-0.814617
-0.81335
-0.812077
-0.810798
-0.809514
-0.808224
-0.806929
-0.805629
-0.804323
-0.803011
-0.801695
-0.800372
-0.799045
-0.797712
-0.796374
-0.795031
-0.793682
-0.792329
-0.79097
-0.789606
-0.788237
-0.786862
-0.785483
-0.784099
-0.78271
-0.781316
-0.779916
-0.778512
-0.777103
-0.77569
-0.774271
-0.772848
-0.77142
-0.769987
-0.768549
-0.767107
-0.76566
-0.764208
-0.762752
-0.761292
-0.759826
-0.758357
-0.756882
-0.755404
-0.753921
-0.752433
-0.750941
-0.749445
-0.747945
-0.74644
-0.744931
-0.743418
-0.741901
-0.740379
-0.738853
-0.737324
-0.73579
-0.734252
-0.73271
-0.731164
-0.729615
-0.728061
-0.726503
-0.724942
-0.723376
-0.721807
-0.720235
-0.718658
-0.717078
-0.715494
-0.713906
-0.712315
-0.71072
-0.709121
-0.707519
-0.705914
-0.704305
-0.702693
-0.701077
-0.699457
-0.697835
-0.696209
-0.69458
-0.692947
-0.691311
-0.689672
-0.68803
-0.686385
-0.684737
-0.683085
-0.68143
-0.679773
-0.678112
-0.676448
-0.674782
-0.673112
-0.67144
-0.669765
-0.668087
-0.666406
-0.664722
-0.663035
-0.661346
-0.659654
-0.65796
-0.656263
-0.654563
-0.65286
-0.651155
-0.649448
-0.647738
-0.646025
-0.644311
-0.642593
-0.640874
-0.639152
-0.637427
-0.635701
-0.633972
-0.63224
-0.630507
-0.628771
-0.627034
-0.625294
-0.623552
-0.621808
-0.620061
-0.618313
-0.616563
-0.614811
-0.613057
-0.611301
-0.609543
-0.607783
-0.606021
-0.604258
-0.602493
-0.600726
-0.598957
-0.597187
-0.595414
-0.593641
-0.591865
-0.590088
-0.58831
-0.586529
-0.584748
-0.582965
-0.58118
-0.579394
-0.577606
-0.575817
-0.574027
-0.572235
-0.570442
-0.568648
-0.566853
-0.565056
-0.563258
-0.561459
-0.559658
-0.557857
-0.556054
-0.55425
-0.552445
-0.550639
-0.548832
-0.547024
-0.545215
-0.543405
-0.541595
-0.539783
-0.53797
-0.536157
-0.534342
-0.532527
-0.530711
-0.528894
-0.527077
-0.525258
-0.523439
-0.52162
-0.519799
-0.517978
-0.516157
-0.514334
-0.512512
-0.510688
-0.508864
-0.50704
-0.505215
-0.50339
-0.501564
-0.499738
-0.497911
-0.496084
-0.494257
-0.492429
-0.490601
-0.488773
-0.486944
-0.485115
-0.483286
-0.481457
-0.479627
-0.477797
-0.475967
-0.474137
-0.472307
-0.470477
-0.468646
-0.466816
-0.464986
-0.463155
-0.461325
-0.459494
-0.457664
-0.455833
-0.454003
-0.452172
-0.450342
-0.448512
-0.446682
-0.444853
-0.443023
-0.441194
-0.439364
-0.437535
-0.435707
-0.433878
-0.43205
-0.430222
-0.428395
-0.426567
-0.424741
-0.422914
-0.421088
-0.419262
-0.417437
-0.415612
-0.413788
-0.411964
-0.41014
-0.408317
-0.406495
-0.404673
-0.402851
-0.40103
-0.39921
-0.39739
-0.395571
-0.393753
-0.391935
-0.390118
-0.388301
-0.386485
-0.38467
-0.382855
-0.381042
-0.379229
-0.377416
-0.375605
-0.373794
-0.371984
-0.370175
-0.368367
-0.366559
-0.364753
-0.362947
-0.361142
-0.359338
-0.357535
-0.355733
-0.353931
-0.352131
-0.350332
-0.348533
-0.346736
-0.34494
-0.343144
-0.34135
-0.339556
-0.337764
-0.335973
-0.334183
-0.332393
-0.330605
-0.328818
-0.327033
-0.325248
-0.323464
-0.321682
-0.319901
-0.318121
-0.316342
-0.314564
-0.312788
-0.311012
-0.309238
-0.307465
-0.305694
-0.303924
-0.302155
-0.300387
-0.29862
-0.296855
-0.295092
-0.293329
-0.291568
-0.289808
-0.28805
-0.286293
-0.284537
-0.282783
-0.28103
-0.279278
-0.277528
-0.27578
-0.274033
-0.272287
-0.270543
-0.2688
-0.267059
-0.265319
-0.26358
-0.261844
-0.260108
-0.258375
-0.256642
-0.254912
-0.253183
-0.251455
-0.249729
-0.248005
-0.246282
-0.244561
-0.242841
-0.241123
-0.239407
-0.237692
-0.235979
-0.234268
-0.232558
-0.23085
-0.229144
-0.227439
-0.225736
-0.224035
-0.222335
-0.220637
-0.218941
-0.217247
-0.215555
-0.213864
-0.212175
-0.210487
-0.208802
-0.207118
-0.205437
-0.203756
-0.202078
-0.200402
-0.198727
-0.197055
-0.195384
-0.193715
-0.192048
-0.190383
-0.188719
-0.187058
-0.185398
-0.183741
-0.182085
-0.180431
-0.178779
-0.17713
-0.175482
-0.173836
-0.172192
-0.17055
-0.16891
-0.167272
-0.165636
-0.164002
-0.16237
-0.16074
-0.159112
-0.157486
-0.155862
-0.154241
-0.152621
-0.151003
-0.149388
-0.147774
-0.146163
-0.144554
-0.142947
-0.141342
-0.139739
-0.138138
-0.13654
-0.134944
-0.133349
-0.131757
-0.130168
-0.12858
-0.126995
-0.125411
-0.12383
-0.122252
-0.120675
-0.119101
-0.117529
-0.115959
-0.114392
-0.112827
-0.111264
-0.109703
-0.108145
-0.106589
-0.105035
-0.103484
-0.101935
-0.100388
-0.0988437
-0.0973017
-0.0957622
-0.094225
-0.0926902
-0.0911578
-0.0896278
-0.0881002
-0.0865751
-0.0850524
-0.0835321
-0.0820143
-0.0804989
-0.0789861
-0.0774757
-0.0759678
-0.0744623
-0.0729594
-0.071459
-0.0699612
-0.0684659
-0.0669731
-0.0654828
-0.0639952
-0.0625101
-0.0610276
-0.0595476
-0.0580703
-0.0565956
-0.0551235
-0.0536541
-0.0521872
-0.050723
-0.0492615
-0.0478027
-0.0463465
-0.044893
-0.0434422
-0.0419941
-0.0405487
-0.0391061
-0.0376662
-0.036229
-0.0347946
-0.033363
-0.0319341
-0.030508
-0.0290847
-0.0276643
-0.0262466
-0.0248318
-0.0234198
-0.0220106
-0.0206043
-0.0192009
-0.0178004
-0.0164027
-0.0150079
-0.0136161
-0.0122272
-0.0108412
-0.00945812
-0.00807802
-0.00670089
-0.00532672
-0.00395555
-0.00258736
-0.00122219
0.000139967
0.0014991
0.00285518
0.00420822
0.0055582
0.0069051
0.00824892
0.00958965
0.0109273
0.0122618
0.0135931
0.0149214
0.0162465
0.0175684
0.0188871
0.0202027
0.021515
0.0228242
0.0241301
0.0254328
0.0267323
0.0280285
0.0293214
0.0306111
0.0318975
0.0331805
0.0344603
0.0357367
0.0370098
0.0382795
0.0395459
0.0408089
0.0420686
0.0433248
0.0445776
0.045827
0.047073
0.0483155
0.0495545
0.0507901
0.0520223
0.0532509
0.054476
0.0556976
0.0569157
0.0581302
0.0593411
0.0605485
0.0617524
0.0629526
0.0641492
0.0653422
0.0665316
0.0677174
0.0688995
0.0700779
0.0712526
0.0724237
0.073591
0.0747547
0.0759146
0.0770707
0.0782231
0.0793718
0.0805166
0.0816577
0.082795
0.0839285
0.0850581
0.0861839
0.0873058
0.0884239
0.089538
0.0906483
0.0917547
0.0928572
0.0939557
0.0950503
0.096141
0.0972277
0.0983104
0.0993891
0.100464
0.101534
0.102601
0.103664
0.104722
0.105777
0.106827
0.107873
0.108916
0.109954
0.110988
0.112018
0.113043
0.114065
0.115082
0.116095
0.117104
0.118109
0.119109
0.120105
0.121097
0.122085
0.123069
0.124048
0.125023
0.125993
0.126959
0.127921
0.128879
0.129832
0.13078
0.131725
0.132665
0.1336
0.134532
0.135458
0.13638
0.137298
0.138212
0.13912
0.140025
0.140925
0.14182
0.142711
0.143597
0.144479
0.145356
0.146228
0.147096
0.14796
0.148819
0.149673
0.150522
0.151367
0.152207
0.153043
0.153874
0.1547
0.155522
0.156338
0.15715
0.157958
0.15876
0.159558
0.160351
0.16114
0.161923
0.162702
0.163476
0.164245
0.16501
0.165769
0.166524
0.167274
0.168019
0.168759
0.169494
0.170225
0.17095
0.171671
0.172386
0.173097
0.173803
0.174504
0.1752
0.175891
0.176577
0.177258
0.177934
0.178605
0.179271
0.179932
0.180588
0.181239
0.181885
0.182526
0.183162
0.183793
0.184419
0.185039
0.185655
0.186266
0.186871
0.187471
0.188067
0.188657
0.189242
0.189822
0.190397
0.190966
0.191531
0.19209
0.192645
0.193194
0.193738
0.194277
0.19481
0.195339
0.195862
0.19638
0.196893
0.1974
0.197903
0.1984
0.198892
0.199379
0.199861
0.200337
0.200808
0.201274
0.201735
0.20219
0.202641
0.203086
0.203525
0.20396
0.204389
0.204813
0.205232
0.205645
0.206054
0.206457
0.206854
0.207247
0.207634
0.208016
0.208392
0.208764
0.20913
0.209491
0.209846
0.210197
0.210542
0.210881
0.211216
0.211545
0.211869
0.212188
0.212501
0.212809
0.213112
0.21341
0.213702
0.213989
0.214271
0.214547
0.214819
0.215085
0.215345
0.215601
0.215851
0.216096
0.216336
0.21657
0.2168
0.217024
0.217243
0.217456
0.217664
0.217868
0.218066
0.218258
0.218446
0.218628
0.218805
0.218977
0.219144
0.219306
0.219462
0.219613
0.219759
0.2199
0.220036
0.220167
0.220292
0.220412
0.220528
0.220638
0.220743
0.220843
0.220938
0.221027
0.221112
0.221192
0.221266
0.221336
0.2214
0.221459
0.221514
0.221563
0.221608
0.221647
0.221681
0.221711
0.221735
0.221755
0.221769
0.221779
0.221784
0.221783
0.221778
0.221768
0.221754
0.221734
0.221709
0.22168
0.221646
0.221606
0.221563
0.221514
0.221461
0.221402
0.221339
0.221272
0.221199
0.221122
0.22104
0.220954
0.220863
0.220767
0.220667
0.220562
0.220452
0.220338
0.220219
0.220096
0.219968
0.219835
0.219698
0.219557
0.219411
0.219261
0.219106
0.218946
0.218783
0.218615
0.218442
0.218266
0.218085
0.217899
0.217709
0.217515
0.217317
0.217115
0.216908
0.216697
0.216482
0.216262
0.216039
0.215811
0.21558
0.215344
0.215104
0.21486
0.214612
0.21436
0.214105
0.213845
0.213581
0.213313
0.213041
0.212766
0.212487
0.212203
0.211916
0.211625
0.211331
0.211033
0.210731
0.210425
0.210115
0.209802
0.209486
0.209165
0.208841
0.208514
0.208183
0.207848
0.20751
0.207169
0.206824
0.206476
0.206124
0.205769
0.205411
0.205049
0.204684
0.204315
0.203944
0.203569
0.203191
0.20281
0.202426
0.202039
0.201648
0.201255
0.200858
0.200459
0.200056
0.199651
0.199242
0.198831
0.198417
0.198
0.19758
0.197158
0.196732
0.196304
0.195873
0.19544
0.195004
0.194565
0.194124
0.19368
0.193233
0.192785
0.192333
0.191879
0.191423
0.190964
0.190503
0.19004
0.189574
0.189106
0.188636
0.188163
0.187689
0.187212
0.186733
0.186252
0.185769
0.185283
0.184796
0.184307
0.183816
0.183323
0.182828
0.182331
0.181833
0.181332
0.18083
0.180326
0.17982
0.179313
0.178804
0.178293
0.177781
0.177267
0.176752
0.176235
0.175717
0.175197
0.174676
0.174153
0.173629
0.173104
0.172577
0.17205
0.171521
0.170991
0.170459
0.169927
0.169393
0.168859
0.168323
0.167786
0.167249
0.16671
0.166171
0.16563
0.165089
0.164547
0.164004
0.16346
0.162916
0.162371
0.161825
0.161279
0.160732
0.160184
0.159636
0.159088
0.158539
0.157989
0.157439
0.156889
0.156338
0.155787
0.155236
0.154685
0.154133
0.153581
0.153029
0.152476
0.151924
0.151371
0.150819
0.150266
0.149714
0.149161
0.148609
0.148057
0.147504
0.146952
0.146401
0.145849
0.145298
0.144747
0.144196
0.143645
0.143095
0.142546
0.141996
0.141448
0.1409
0.140352
0.139805
0.139258
0.138712
0.138167
0.137622
0.137078
0.136535
0.135992
0.135451
0.13491
0.13437
0.133831
0.133292
0.132755
0.132218
0.131683
0.131149
0.130615
0.130083
0.129552
0.129022
0.128493
0.127965
0.127438
0.126913
0.126389
0.125866
0.125345
0.124825
0.124306
0.123789
0.123273
0.122758
0.122245
0.121734
0.121223
0.120715
0.120208
0.119703
0.119199
0.118697
0.118197
0.117698
0.117201
0.116706
0.116213
0.115721
0.115231
0.114743
0.114257
0.113773
0.113291
0.11281
0.112332
0.111856
0.111381
0.110909
0.110439
0.109971
0.109504
0.10904
0.108579
0.108119
0.107662
0.107206
0.106753
0.106302
0.105854
0.105408
0.104964
0.104522
0.104083
0.103646
0.103212
0.10278
0.10235
0.101923
0.101498
0.101076
0.100656
0.100239
0.0998247
0.0994127
0.0990033
0.0985964
0.0981922
0.0977906
0.0973917
0.0969955
0.0966019
0.0962111
0.0958229
0.0954375
0.0950549
0.0946751
0.094298
0.0939237
0.0935523
0.0931836
0.0928179
0.092455
0.0920949
0.0917378
0.0913836
0.0910323
0.0906839
0.0903385
0.089996
0.0896565
0.08932
0.0889865
0.088656
0.0883286
0.0880042
0.0876828
0.0873645
0.0870492
0.0867371
0.086428
0.0861221
0.0858193
0.0855196
0.085223
0.0849296
0.0846393
0.0843522
0.0840683
0.0837876
0.0835101
0.0832357
0.0829646
0.0826967
0.0824321
0.0821707
0.0819125
0.0816576
0.0814059
0.0811575
0.0809124
0.0806705
0.080432
0.0801967
0.0799647
0.0797361
0.0795107
0.0792887
0.07907
0.0788546
0.0786426
0.0784338
0.0782285
0.0780264
0.0778278
0.0776324
0.0774404
0.0772518
0.0770666
0.0768847
0.0767061
0.076531
0.0763592
0.0761908
0.0760257
0.0758641
0.0757058
0.0755509
0.0753993
0.0752512
0.0751064
0.074965
0.074827
0.0746924
0.0745612
0.0744333
0.0743088
0.0741877
0.07407
0.0739556
0.0738447
0.073737
0.0736328
0.0735319
0.0734344
0.0733403
0.0732495
0.0731621
0.073078
0.0729973
0.0729199
0.0728459
0.0727752
0.0727079
0.0726438
0.0725831
0.0725258
0.0724717
0.0724209
0.0723735
0.0723293
0.0722885
0.0722509
0.0722166
0.0721856
0.0721579
0.0721334
0.0721122
0.0720942
0.0720795
0.072068
0.0720597
0.0720547
0.0720528
0.0720542
0.0720588
0.0720665
0.0720774
0.0720915
0.0721087
0.0721291
0.0721527
0.0721793
0.0722091
0.072242
0.072278
0.0723171
0.0723592
0.0724045
0.0724528
0.0725041
0.0725585
0.0726159
0.0726763
0.0727398
0.0728062
0.0728756
0.072948
0.0730233
0.0731016
0.0731828
0.0732669
0.0733539
0.0734438
0.0735366
0.0736323
0.0737308
0.0738322
0.0739364
0.0740434
0.0741532
0.0742658
0.0743811
0.0744993
0.0746201
0.0747437
0.07487
0.074999
0.0751307
0.0752651
0.0754021
0.0755418
0.0756841
0.075829
0.0759765
0.0761266
0.0762792
0.0764344
0.0765921
0.0767524
0.0769151
0.0770804
0.077248
0.0774182
0.0775908
0.0777658
0.0779432
0.078123
0.0783051
0.0784896
0.0786765
0.0788656
0.0790571
0.0792509
0.0794469
0.0796451
0.0798456
0.0800483
0.0802532
0.0804603
0.0806696
0.080881
0.0810945
0.0813101
0.0815278
0.0817476
0.0819695
0.0821934
0.0824193
0.0826472
0.082877
0.0831089
0.0833427
0.0835784
0.083816
0.0840555
0.0842969
0.0845402
0.0847853
0.0850322
0.0852809
0.0855313
0.0857836
0.0860375
0.0862932
0.0865507
0.0868097
0.0870705
0.0873329
0.087597
0.0878626
0.0881298
0.0883987
0.088669
0.0889409
0.0892144
0.0894893
0.0897657
0.0900436
0.0903229
0.0906036
0.0908858
0.0911693
0.0914542
0.0917404
0.092028
0.0923169
0.0926071
0.0928985
0.0931912
0.0934852
0.0937804
0.0940767
0.0943743
0.094673
0.0949729
0.0952739
0.095576
0.0958792
0.0961834
0.0964887
0.0967951
0.0971025
0.0974108
0.0977202
0.0980305
0.0983418
0.098654
0.0989671
0.0992811
0.099596
0.0999118
0.100228
0.100546
0.100864
0.101183
0.101503
0.101823
0.102145
0.102467
0.102789
0.103113
0.103437
0.103761
0.104087
0.104413
0.104739
0.105067
0.105394
0.105723
0.106051
0.106381
0.106711
0.107041
0.107372
0.107703
0.108035
0.108367
0.1087
0.109033
0.109366
0.1097
0.110034
0.110369
0.110704
0.111039
0.111374
0.11171
0.112046
0.112382
0.112719
0.113056
0.113393
0.11373
0.114067
0.114405
0.114742
0.11508
0.115418
0.115756
0.116095
0.116433
0.116772
0.11711
0.117449
0.117788
0.118126
0.118465
0.118804
0.119143
0.119482
0.11982
0.120159
0.120498
0.120837
0.121175
0.121514
0.121853
0.122191
0.12253
0.122868
0.123206
0.123544
0.123882
0.12422
0.124558
0.124895
0.125233
0.12557
0.125907
0.126244
0.126581
0.126917
0.127254
0.12759
0.127926
0.128262
0.128597
0.128932
0.129268
0.129602
0.129937
0.130271
0.130605
0.130939
0.131273
0.131606
0.131939
0.132272
0.132604
0.132936
0.133268
0.1336
0.133931
0.134262
0.134593
0.134923
0.135253
0.135583
0.135912
0.136241
0.13657
0.136899
0.137227
0.137555
0.137882
0.138209
0.138536
0.138863
0.139189
0.139515
0.139841
0.140166
0.140491
0.140816
0.14114
0.141464
0.141788
0.142111
0.142434
0.142757
0.14308
0.143402
0.143724
0.144045
0.144367
0.144688
0.145008
0.145329
0.145649
0.145969
0.146289
0.146608
0.146927
0.147246
0.147564
0.147883
0.148201
0.148518
0.148836
0.149153
0.149471
0.149788
0.150104
0.150421
0.150737
0.151053
0.151369
0.151685
0.152001
0.152316
0.152632
0.152947
0.153262
0.153577
0.153892
0.154206
0.154521
0.154835
0.15515
0.155464
0.155779
0.156093
0.156407
0.156721
0.157036
0.15735
0.157664
0.157978
0.158293
0.158607
0.158921
0.159236
0.15955
0.159865
0.160179
0.160494
0.160809
0.161124
0.161439
0.161755
0.16207
0.162386
0.162702
0.163018
0.163334
0.163651
0.163968
0.164285
0.164602
0.16492
0.165238
0.165557
0.165875
0.166194
0.166514
0.166834
0.167154
0.167475
0.167796
0.168118
0.16844
0.168762
0.169085
0.169409
0.169733
0.170058
0.170383
0.170709
0.171035
0.171362
0.17169
0.172019
0.172348
0.172677
0.173008
0.173339
0.173671
0.174004
0.174337
0.174672
0.175007
0.175343
0.17568
0.176017
0.176356
0.176696
0.177036
0.177378
0.17772
0.178063
0.178408
0.178753
0.1791
0.179447
0.179796
0.180146
0.180497
0.180849
0.181202
0.181557
0.181912
0.182269
0.182627
0.182987
0.183348
0.18371
0.184073
0.184438
0.184804
0.185171
0.18554
0.185911
0.186283
0.186656
0.187031
0.187407
0.187785
0.188164
0.188545
0.188928
0.189312
0.189698
0.190086
0.190475
0.190866
0.191259
0.191654
0.19205
0.192448
0.192848
0.19325
0.193654
0.194059
0.194466
0.194876
0.195287
0.1957
0.196116
0.196533
0.196952
0.197374
0.197797
0.198223
0.198651
0.19908
0.199512
0.199947
0.200383
0.200822
0.201262
0.201706
0.202151
0.202599
0.203049
0.203501
0.203956
0.204413
0.204873
0.205335
0.205799
0.206266
0.206736
0.207208
0.207682
0.208159
0.208639
0.209121
0.209606
0.210093
0.210583
0.211076
0.211572
0.21207
0.212571
0.213075
0.213581
0.21409
0.214602
0.215117
0.215635
0.216156
0.216679
0.217206
0.217735
0.218267
0.218803
0.219341
0.219882
0.220426
0.220974
0.221524
0.222077
0.222634
0.223193
0.223756
0.224322
0.224891
0.225463
0.226038
0.226617
0.227199
0.227784
0.228372
0.228964
0.229558
0.230156
0.230758
0.231363
0.231971
0.232582
0.233197
0.233815
0.234437
0.235062
0.23569
0.236322
0.236957
0.237596
0.238238
0.238884
0.239533
0.240186
0.240843
0.241502
0.242166
0.242833
0.243504
0.244178
0.244856
0.245537
0.246222
0.246911
0.247603
0.248299
0.248999
0.249702
0.250409
0.25112
0.251834
0.252552
0.253274
0.254
0.254729
0.255462
0.256199
0.256939
0.257684
0.258432
0.259184
0.259939
0.260699
0.261462
0.262229
0.263
0.263775
0.264554
0.265336
0.266122
0.266912
0.267706
0.268504
0.269306
0.270111
0.27092
0.271734
0.272551
0.273372
0.274196
0.275025
0.275858
0.276694
0.277534
0.278378
0.279226
0.280078
0.280934
0.281794
0.282657
0.283525
0.284396
0.285271
0.28615
0.287033
0.28792
0.28881
0.289705
0.290603
0.291505
0.292411
0.293321
0.294235
0.295153
0.296074
0.296999
0.297928
0.298861
0.299798
0.300738
0.301682
0.302631
0.303582
0.304538
0.305497
0.306461
0.307427
0.308398
0.309373
0.310351
0.311332
0.312318
0.313307
0.3143
0.315297
0.316297
0.317301
0.318309
0.31932
0.320335
0.321353
0.322375
0.323401
0.32443
0.325463
0.326499
0.327539
0.328582
0.329629
0.330679
0.331733
0.33279
0.333851
0.334915
0.335982
0.337053
0.338127
0.339205
0.340286
0.34137
0.342457
0.343548
0.344642
0.345739
0.34684
0.347944
0.349051
0.350161
0.351274
0.35239
0.35351
0.354632
0.355758
0.356886
0.358018
0.359152
0.36029
0.36143
0.362574
0.36372
0.364869
0.366021
0.367176
0.368334
0.369494
0.370657
0.371823
0.372991
0.374163
0.375336
0.376513
0.377692
0.378873
0.380058
0.381244
0.382433
0.383625
0.384819
0.386015
0.387214
0.388415
0.389618
0.390824
0.392031
0.393241
0.394454
0.395668
0.396884
0.398103
0.399323
0.400546
0.40177
0.402997
0.404225
0.405456
0.406688
0.407922
0.409157
0.410395
0.411634
0.412875
0.414117
0.415362
0.416607
0.417854
0.419103
0.420353
0.421605
0.422858
0.424112
0.425368
0.426625
0.427883
0.429142
0.430403
0.431665
0.432927
0.434191
0.435456
0.436722
0.437988
0.439256
0.440524
0.441794
0.443064
0.444334
0.445606
0.446878
0.448151
0.449424
0.450698
0.451972
0.453247
0.454522
0.455797
0.457073
0.458349
0.459625
0.460902
0.462178
0.463455
0.464732
0.466008
0.467285
0.468562
0.469838
0.471115
0.472391
0.473667
0.474943
0.476218
0.477493
0.478767
0.480041
0.481315
0.482588
0.48386
0.485132
0.486403
0.487673
0.488943
0.490211
0.491479
0.492746
0.494012
0.495276
0.49654
0.497803
0.499064
0.500324
0.501583
0.502841
0.504097
0.505352
0.506606
0.507858
0.509108
0.510357
0.511604
0.51285
0.514093
0.515335
0.516576
0.517814
0.51905
0.520285
0.521517
0.522747
0.523976
0.525202
0.526425
0.527647
0.528866
0.530083
0.531298
0.53251
0.533719
0.534926
0.53613
0.537332
0.538531
0.539727
0.540921
0.542112
0.543299
0.544484
0.545666
0.546845
0.54802
0.549193
0.550362
0.551528
0.552691
0.553851
0.555007
0.55616
0.557309
0.558455
0.559597
0.560735
0.56187
0.563001
0.564129
0.565252
0.566372
0.567488
0.5686
0.569707
0.570811
0.571911
0.573007
0.574098
0.575185
0.576268
0.577346
0.57842
0.57949
0.580555
0.581616
0.582672
0.583724
0.58477
0.585813
0.58685
0.587882
0.58891
0.589933
0.590951
0.591964
0.592972
0.593974
0.594972
0.595965
0.596952
0.597934
0.598911
0.599882
0.600848
0.601809
0.602764
0.603713
0.604657
0.605596
0.606528
0.607455
0.608377
0.609292
0.610202
0.611106
0.612003
0.612895
0.613781
0.614661
0.615535
0.616403
0.617264
0.61812
0.618969
0.619812
0.620648
0.621478
0.622302
0.623119
0.62393
0.624734
0.625532
0.626323
0.627107
0.627885
0.628656
0.62942
0.630178
0.630929
0.631672
0.632409
0.633139
0.633862
0.634578
0.635287
0.635989
0.636684
0.637371
0.638052
0.638725
0.639391
0.640049
0.6407
0.641344
0.641981
0.64261
0.643232
0.643846
0.644452
0.645051
0.645643
0.646226
0.646803
0.647371
0.647932
0.648485
0.64903
0.649568
0.650097
0.650619
0.651133
0.651639
0.652137
0.652627
0.653109
0.653583
0.654049
0.654507
0.654957
0.655398
0.655832
0.656257
0.656674
0.657083
0.657484
0.657876
0.65826
0.658636
0.659003
0.659362
0.659713
0.660055
0.660389
0.660714
0.661031
0.66134
0.661639
0.661931
0.662214
0.662488
0.662753
0.66301
0.663259
0.663498
0.66373
0.663952
0.664166
0.664371
0.664567
0.664754
0.664933
0.665103
0.665264
0.665417
0.665561
0.665695
0.665821
0.665938
0.666047
0.666146
0.666237
0.666318
0.666391
0.666455
0.66651
0.666556
0.666593
0.666621
0.66664
0.66665
0.666651
0.666644
0.666627
0.666601
0.666566
0.666523
0.66647
0.666408
0.666337
0.666258
0.666169
0.666071
0.665964
0.665848
0.665724
0.66559
0.665447
0.665295
0.665134
0.664964
0.664785
0.664597
0.6644
0.664194
0.663978
0.663754
0.663521
0.663279
0.663028
0.662768
0.662499
0.66222
0.661933
0.661637
0.661332
0.661018
0.660695
0.660363
0.660022
0.659672
0.659313
0.658946
0.658569
0.658184
0.657789
0.657386
0.656974
0.656553
0.656123
0.655684
0.655237
0.65478
0.654315
0.653841
0.653359
0.652867
0.652367
0.651858
0.651341
0.650815
0.65028
0.649736
0.649184
0.648623
0.648054
0.647476
0.646889
0.646294
0.64569
0.645078
0.644458
0.643828
0.643191
0.642545
0.641891
0.641228
0.640557
0.639877
0.639189
0.638493
0.637789
0.637077
0.636356
0.635627
0.63489
0.634144
0.633391
0.63263
0.63186
0.631083
0.630297
0.629503
0.628702
0.627893
0.627075
0.62625
0.625417
0.624576
0.623728
0.622871
0.622007
0.621136
0.620256
0.619369
0.618475
0.617573
0.616663
0.615746
0.614821
0.613889
0.61295
0.612003
0.611049
0.610087
0.609119
0.608143
0.60716
0.60617
0.605173
0.604168
0.603157
0.602139
0.601113
0.600081
0.599042
0.597996
0.596943
0.595884
0.594817
0.593744
0.592665
0.591579
0.590486
0.589387
0.588281
0.587169
0.58605
0.584925
0.583794
0.582656
0.581512
0.580362
0.579206
0.578044
0.576876
0.575701
0.574521
0.573335
0.572142
0.570944
0.569741
0.568531
0.567316
0.566095
0.564868
0.563636
0.562398
0.561155
0.559907
0.558653
0.557394
0.556129
0.554859
0.553584
0.552304
0.551018
0.549728
0.548433
0.547132
0.545827
0.544517
0.543202
0.541882
0.540558
0.539229
0.537895
0.536557
0.535214
0.533867
0.532515
0.531159
0.529798
0.528434
0.527065
0.525692
0.524315
0.522933
0.521548
0.520159
0.518766
0.517369
0.515968
0.514563
0.513155
0.511743
0.510327
0.508908
0.507485
0.506059
0.50463
0.503197
0.501761
0.500321
0.498879
0.497433
0.495984
0.494532
0.493078
0.49162
0.490159
0.488696
0.487229
0.485761
0.484289
0.482815
0.481338
0.479859
0.478377
0.476893
0.475406
0.473917
0.472426
0.470933
0.469438
0.46794
0.466441
0.464939
0.463436
0.461931
0.460424
0.458915
0.457405
0.455892
0.454379
0.452863
0.451346
0.449828
0.448309
0.446788
0.445265
0.443742
0.442217
0.440691
0.439165
0.437637
0.436108
0.434578
0.433047
0.431516
0.429984
0.428451
0.426917
0.425383
0.423848
0.422313
0.420778
0.419242
0.417705
0.416169
0.414632
0.413095
0.411557
0.41002
0.408483
0.406946
0.405408
0.403871
0.402334
0.400798
0.399261
0.397725
0.396189
0.394654
0.393119
0.391585
0.390051
0.388518
0.386986
0.385454
0.383923
0.382393
0.380864
0.379336
0.377808
0.376282
0.374757
0.373233
0.37171
0.370188
0.368668
0.367148
0.365631
0.364114
0.362599
0.361086
0.359574
0.358063
0.356555
0.355048
0.353542
0.352039
0.350537
0.349037
0.347539
0.346044
0.34455
0.343058
0.341568
0.34008
0.338595
0.337111
0.33563
0.334151
0.332675
0.331201
0.329729
0.32826
0.326794
0.32533
0.323868
0.32241
0.320953
0.3195
0.318049
0.316602
0.315157
0.313715
0.312275
0.310839
0.309406
0.307976
0.306549
0.305125
0.303704
0.302287
0.300872
0.299461
0.298053
0.296649
0.295248
0.29385
0.292456
0.291065
0.289678
0.288295
0.286915
0.285538
0.284165
0.282796
0.281431
0.28007
0.278712
0.277358
0.276008
0.274662
0.273319
0.271981
0.270647
0.269317
0.26799
0.266668
0.26535
0.264036
0.262726
0.261421
0.26012
0.258823
0.25753
0.256241
0.254957
0.253677
0.252402
0.251131
0.249865
0.248603
0.247345
0.246092
0.244844
0.2436
0.24236
0.241126
0.239896
0.23867
0.23745
0.236234
0.235023
0.233816
0.232614
0.231418
0.230226
0.229038
0.227856
0.226679
0.225506
0.224338
0.223176
0.222018
0.220865
0.219718
0.218575
0.217437
0.216305
0.215177
0.214055
0.212937
0.211825
0.210718
0.209616
0.208519
0.207428
0.206341
0.20526
0.204184
0.203113
0.202048
0.200988
0.199933
0.198883
0.197839
0.1968
0.195766
0.194737
0.193714
0.192696
0.191684
0.190677
0.189675
0.188679
0.187688
0.186703
0.185723
0.184748
0.183779
0.182815
0.181857
0.180904
0.179956
0.179014
0.178078
0.177147
0.176221
0.175301
0.174386
0.173477
0.172573
0.171675
0.170782
0.169895
0.169013
0.168137
0.167266
0.166401
0.165541
0.164686
0.163838
0.162994
0.162156
0.161324
0.160497
0.159676
0.15886
0.158049
0.157244
0.156445
0.155651
0.154862
0.154079
0.153302
0.152529
0.151763
0.151001
0.150246
0.149495
0.14875
0.148011
0.147276
0.146548
0.145824
0.145106
0.144394
0.143687
0.142985
0.142288
0.141597
0.140912
0.140231
0.139556
0.138886
0.138222
0.137563
0.136909
0.13626
0.135617
0.134979
0.134346
0.133718
0.133095
0.132478
0.131866
0.131259
0.130657
0.130061
0.129469
0.128883
0.128302
0.127725
0.127154
0.126588
0.126027
0.125471
0.12492
0.124374
0.123833
0.123297
0.122766
0.122239
0.121718
0.121201
0.12069
0.120183
0.119681
0.119184
0.118692
0.118204
0.117721
0.117243
0.11677
0.116301
0.115837
0.115378
0.114923
0.114473
0.114028
0.113587
0.113151
0.112719
0.112291
0.111869
0.11145
0.111036
0.110627
0.110222
0.109821
0.109424
0.109032
0.108644
0.108261
0.107882
0.107507
0.107136
0.106769
0.106407
0.106048
0.105694
0.105344
0.104998
0.104656
0.104317
0.103983
0.103653
0.103327
0.103005
0.102686
0.102372
0.102061
0.101754
0.101451
0.101151
0.100855
0.100563
0.100275
0.0999899
0.0997088
0.0994312
0.0991571
0.0988866
0.0986195
0.0983559
0.0980958
0.0978391
0.0975857
0.0973357
0.0970891
0.0968457
0.0966056
0.0963687
0.0961351
0.0959046
0.0956773
0.0954531
0.095232
0.0950139
0.0947989
0.0945869
0.0943779
0.0941718
0.0939686
0.0937683
0.0935709
0.0933763
0.0931845
0.0929955
0.0928092
0.0926256
0.0924446
0.0922664
0.0920907
0.0919177
0.0917472
0.0915792
0.0914137
0.0912507
0.0910901
0.0909319
0.0907761
0.0906226
0.0904715
0.0903226
0.090176
0.0900316
0.0898894
0.0897493
0.0896114
0.0894756
0.0893418
0.0892101
0.0890804
0.0889527
0.0888269
0.088703
0.0885811
0.0884609
0.0883426
0.0882261
0.0881114
0.0879984
0.0878871
0.0877774
0.0876694
0.0875631
0.0874583
0.087355
0.0872533
0.087153
0.0870543
0.0869569
0.086861
0.0867664
0.0866732
0.0865812
0.0864906
0.0864012
0.086313
0.086226
0.0861402
0.0860555
0.0859719
0.0858894
0.0858079
0.0857275
0.085648
0.0855695
0.0854919
0.0854152
0.0853393
0.0852643
0.0851902
0.0851168
0.0850441
0.0849722
0.084901
0.0848304
0.0847605
0.0846912
0.0846225
0.0845543
0.0844867
0.0844195
0.0843528
0.0842866
0.0842208
0.0841554
0.0840903
0.0840256
0.0839612
0.083897
0.0838332
0.0837695
0.0837061
0.0836428
0.0835796
0.0835166
0.0834537
0.0833909
0.0833281
0.0832653
0.0832025
0.0831397
0.0830768
0.0830138
0.0829507
0.0828875
0.0828241
0.0827606
0.0826968
0.0826328
0.0825686
0.082504
0.0824392
0.082374
0.0823085
0.0822426
0.0821763
0.0821096
0.0820425
0.0819749
0.0819067
0.0818381
0.0817689
0.0816992
0.0816289
0.081558
0.0814865
0.0814143
0.0813415
0.0812679
0.0811937
0.0811187
0.081043
0.0809665
0.0808892
0.0808112
0.0807322
0.0806524
0.0805718
0.0804903
0.0804078
0.0803244
0.0802401
0.0801548
0.0800685
0.0799812
0.0798929
0.0798035
0.0797131
0.0796216
0.079529
0.0794353
0.0793405
0.0792445
0.0791473
0.079049
0.0789495
0.0788488
0.0787468
0.0786436
0.0785391
0.0784334
0.0783263
0.078218
0.0781083
0.0779973
0.0778849
0.0777712
0.0776561
0.0775396
0.0774217
0.0773023
0.0771816
0.0770593
0.0769357
0.0768105
0.0766839
0.0765557
0.0764261
0.0762949
0.0761622
0.0760279
0.0758921
0.0757547
0.0756157
0.0754751
0.075333
0.0751892
0.0750437
0.0748967
0.074748
0.0745977
0.0744457
0.074292
0.0741366
0.0739795
0.0738208
0.0736603
0.0734981
0.0733342
0.0731686
0.0730012
0.0728321
0.0726612
0.0724885
0.0723141
0.0721379
0.0719599
0.0717801
0.0715986
0.0714152
0.07123
0.071043
0.0708542
0.0706636
0.0704711
0.0702768
0.0700806
0.0698826
0.0696828
0.0694811
0.0692776
0.0690722
0.0688649
0.0686558
0.0684448
0.0682319
0.0680171
0.0678005
0.067582
0.0673616
0.0671393
0.0669151
0.0666891
0.0664611
0.0662313
0.0659995
0.0657659
0.0655304
0.065293
0.0650537
0.0648124
0.0645693
0.0643243
0.0640774
0.0638287
0.063578
0.0633254
0.0630709
0.0628146
0.0625563
0.0622962
0.0620341
0.0617702
0.0615044
0.0612368
0.0609672
0.0606958
0.0604225
0.0601473
0.0598703
0.0595914
0.0593106
0.059028
0.0587435
0.0584572
0.058169
0.057879
0.0575872
0.0572935
0.056998
0.0567006
0.0564015
0.0561005
0.0557978
0.0554932
0.0551868
0.0548787
0.0545687
0.054257
0.0539435
0.0536282
0.0533112
0.0529924
0.0526719
0.0523496
0.0520256
0.0516998
0.0513724
0.0510432
0.0507123
0.0503798
0.0500455
0.0497096
0.0493719
0.0490327
0.0486917
0.0483491
0.0480049
0.0476591
0.0473116
0.0469625
0.0466118
0.0462595
0.0459056
0.0455501
0.0451931
0.0448345
0.0444744
0.0441127
0.0437495
0.0433847
0.0430185
0.0426508
0.0422815
0.0419108
0.0415387
0.041165
0.04079
0.0404134
0.0400355
0.0396562
0.0392754
0.0388933
0.0385097
0.0381248
0.0377386
0.037351
0.0369621
0.0365718
0.0361802
0.0357874
0.0353932
0.0349978
0.0346011
0.0342032
0.033804
0.0334036
0.033002
0.0325991
0.0321951
0.03179
0.0313836
0.0309761
0.0305675
0.0301577
0.0297468
0.0293349
0.0289218
0.0285077
0.0280925
0.0276762
0.0272589
0.0268407
0.0264213
0.0260011
0.0255798
0.0251575
0.0247343
0.0243102
0.0238851
0.0234592
0.0230323
0.0226045
0.0221759
0.0217464
0.0213161
0.0208849
0.020453
0.0200202
0.0195866
0.0191523
0.0187172
0.0182814
0.0178448
0.0174075
0.0169695
0.0165308
0.0160915
0.0156514
0.0152108
0.0147695
0.0143276
0.013885
0.0134419
0.0129982
0.012554
0.0121092
0.0116639
0.011218
0.0107717
0.0103248
0.0098775
0.00942972
0.00898149
0.00853283
0.00808375
0.00763426
0.00718439
0.00673414
0.00628352
0.00583256
0.00538127
0.00492965
0.00447773
0.00402552
0.00357303
0.00312028
0.00266728
0.00221404
0.00176058
0.00130692
0.000853064
0.000399029
-5.51707e-05
-0.000509522
-0.00096401
-0.00141862
-0.00187334
-0.00232816
-0.00278306
-0.00323802
-0.00369304
-0.0041481
-0.00460319
-0.00505829
-0.0055134
-0.00596848
-0.00642355
-0.00687857
-0.00733353
-0.00778843
-0.00824325
-0.00869798
-0.0091526
-0.0096071
-0.0100615
-0.0105157
-0.0109697
-0.0114236
-0.0118773
-0.0123308
-0.0127841
-0.0132372
-0.01369
-0.0141426
-0.014595
-0.015047
-0.0154988
-0.0159502
-0.0164014
-0.0168522
-0.0173027
-0.0177529
-0.0182027
-0.0186521
-0.0191011
-0.0195498
-0.019998
-0.0204458
-0.0208932
-0.0213401
-0.0217866
-0.0222327
-0.0226782
-0.0231233
-0.0235678
-0.0240119
-0.0244554
-0.0248984
-0.0253409
-0.0257828
-0.0262241
-0.0266649
-0.027105
-0.0275446
-0.0279836
-0.0284219
-0.0288597
-0.0292967
-0.0297332
-0.030169
-0.0306041
-0.0310385
-0.0314723
-0.0319053
-0.0323377
-0.0327693
-0.0332002
-0.0336303
-0.0340598
-0.0344884
-0.0349163
-0.0353435
-0.0357698
-0.0361954
-0.0366201
-0.0370441
-0.0374672
-0.0378895
-0.038311
-0.0387316
-0.0391514
-0.0395703
-0.0399884
-0.0404056
-0.0408219
-0.0412373
-0.0416518
-0.0420655
-0.0424782
-0.04289
-0.0433008
-0.0437107
-0.0441197
-0.0445278
-0.0449348
-0.045341
-0.0457461
-0.0461503
-0.0465535
-0.0469557
-0.0473569
-0.0477571
-0.0481563
-0.0485545
-0.0489517
-0.0493478
-0.0497429
-0.050137
-0.05053
-0.050922
-0.051313
-0.0517028
-0.0520916
-0.0524794
-0.0528661
-0.0532517
-0.0536362
-0.0540196
-0.0544019
-0.0547831
-0.0551633
-0.0555423
-0.0559202
-0.056297
-0.0566727
-0.0570472
-0.0574206
-0.0577929
-0.0581641
-0.0585341
-0.058903
-0.0592707
-0.0596373
-0.0600028
-0.0603671
-0.0607302
-0.0610921
-0.0614529
-0.0618126
-0.062171
-0.0625283
-0.0628845
-0.0632394
-0.0635932
-0.0639457
-0.0642971
-0.0646474
-0.0649964
-0.0653442
-0.0656909
-0.0660363
-0.0663806
-0.0667236
-0.0670655
-0.0674062
-0.0677456
-0.0680839
-0.068421
-0.0687568
-0.0690915
-0.0694249
-0.0697571
-0.0700882
-0.070418
-0.0707466
-0.071074
-0.0714002
-0.0717252
-0.072049
-0.0723715
-0.0726929
-0.0730131
-0.073332
-0.0736497
-0.0739662
-0.0742815
-0.0745956
-0.0749085
-0.0752202
-0.0755307
-0.07584
-0.076148
-0.0764549
-0.0767605
-0.077065
-0.0773682
-0.0776703
-0.0779711
-0.0782708
-0.0785692
-0.0788665
-0.0791625
-0.0794574
-0.0797511
-0.0800435
-0.0803348
-0.0806249
-0.0809139
-0.0812016
-0.0814882
-0.0817735
-0.0820577
-0.0823408
-0.0826226
-0.0829033
-0.0831828
-0.0834611
-0.0837383
-0.0840143
-0.0842892
-0.0845629
-0.0848354
-0.0851068
-0.0853771
-0.0856462
-0.0859141
-0.086181
-0.0864466
-0.0867112
-0.0869746
-0.0872369
-0.087498
-0.0877581
-0.088017
-0.0882748
-0.0885315
-0.088787
-0.0890415
-0.0892949
-0.0895471
-0.0897983
-0.0900484
-0.0902973
-0.0905452
-0.090792
-0.0910378
-0.0912824
-0.091526
-0.0917685
-0.09201
-0.0922504
-0.0924897
-0.092728
-0.0929652
-0.0932014
-0.0934365
-0.0936706
-0.0939037
-0.0941358
-0.0943668
-0.0945968
-0.0948257
-0.0950537
-0.0952806
-0.0955066
-0.0957315
-0.0959554
-0.0961784
-0.0964003
-0.0966213
-0.0968413
-0.0970603
-0.0972783
-0.0974954
-0.0977114
-0.0979266
-0.0981407
-0.098354
-0.0985662
-0.0987776
-0.0989879
-0.0991974
-0.0994059
-0.0996135
-0.0998202
-0.100026
-0.100231
-0.100435
-0.100638
-0.10084
-0.101041
-0.101241
-0.101441
-0.101639
-0.101837
-0.102034
-0.10223
-0.102425
-0.102619
-0.102812
-0.103004
-0.103196
-0.103387
-0.103577
-0.103766
-0.103954
-0.104141
-0.104328
-0.104514
-0.104698
-0.104883
-0.105066
-0.105248
-0.10543
-0.105611
-0.105791
-0.10597
-0.106149
-0.106326
-0.106503
-0.106679
-0.106855
-0.107029
-0.107203
-0.107376
-0.107548
-0.10772
-0.107891
-0.108061
-0.10823
-0.108398
-0.108566
-0.108733
-0.108899
-0.109065
-0.10923
-0.109394
-0.109557
-0.10972
-0.109882
-0.110043
-0.110204
-0.110364
-0.110523
-0.110681
-0.110839
-0.110996
-0.111152
-0.111308
-0.111463
-0.111617
-0.111771
-0.111924
-0.112076
-0.112228
-0.112379
-0.112529
-0.112679
-0.112828
-0.112976
-0.113123
-0.11327
-0.113417
-0.113562
-0.113707
-0.113852
-0.113995
-0.114138
-0.114281
-0.114423
-0.114564
-0.114704
-0.114844
-0.114983
-0.115122
-0.11526
-0.115397
-0.115534
-0.11567
-0.115805
-0.11594
-0.116074
-0.116208
-0.116341
-0.116473
-0.116605
-0.116736
-0.116866
-0.116996
-0.117126
-0.117254
-0.117382
-0.11751
-0.117636
-0.117762
-0.117888
-0.118013
-0.118137
-0.118261
-0.118384
-0.118507
-0.118628
-0.11875
-0.11887
-0.11899
-0.11911
-0.119229
-0.119347
-0.119464
-0.119581
-0.119698
-0.119813
-0.119928
-0.120043
-0.120157
-0.12027
-0.120383
-0.120495
-0.120606
-0.120717
-0.120827
-0.120937
-0.121045
-0.121154
-0.121261
-0.121368
-0.121475
-0.12158
-0.121686
-0.12179
-0.121894
-0.121997
-0.1221
-0.122202
-0.122303
-0.122403
-0.122503
-0.122603
-0.122701
-0.122799
-0.122897
-0.122993
-0.123089
-0.123185
-0.123279
-0.123373
-0.123467
-0.123559
-0.123651
-0.123743
-0.123833
-0.123923
-0.124013
-0.124101
-0.124189
-0.124276
-0.124363
-0.124448
-0.124533
-0.124618
-0.124701
-0.124784
-0.124867
-0.124948
-0.125029
-0.125109
-0.125188
-0.125267
-0.125344
-0.125421
-0.125498
-0.125573
-0.125648
-0.125722
-0.125795
-0.125868
-0.125939
-0.12601
-0.126081
-0.12615
-0.126218
-0.126286
-0.126353
-0.126419
-0.126485
-0.126549
-0.126613
-0.126676
-0.126738
-0.126799
-0.12686
-0.126919
-0.126978
-0.127036
-0.127093
-0.127149
-0.127204
-0.127259
-0.127312
-0.127365
-0.127417
-0.127468
-0.127518
-0.127567
-0.127615
-0.127662
-0.127709
-0.127754
-0.127799
-0.127842
-0.127885
-0.127927
-0.127968
-0.128008
-0.128046
-0.128084
-0.128121
-0.128157
-0.128192
-0.128226
-0.128259
-0.128291
-0.128322
-0.128353
-0.128382
-0.12841
-0.128437
-0.128463
-0.128487
-0.128511
-0.128534
-0.128556
-0.128577
-0.128596
-0.128615
-0.128633
-0.128649
-0.128664
-0.128679
-0.128692
-0.128704
-0.128715
-0.128725
-0.128734
-0.128741
-0.128748
-0.128753
-0.128757
-0.12876
-0.128762
-0.128763
-0.128763
-0.128761
-0.128759
-0.128755
-0.128749
-0.128743
-0.128736
-0.128727
-0.128717
-0.128706
-0.128694
-0.12868
-0.128665
-0.128649
-0.128632
-0.128614
-0.128594
-0.128573
-0.12855
-0.128527
-0.128502
-0.128476
-0.128449
-0.12842
-0.12839
-0.128359
-0.128326
-0.128292
-0.128257
-0.12822
-0.128182
-0.128143
-0.128103
-0.128061
-0.128017
-0.127973
-0.127927
-0.12788
-0.127831
-0.127781
-0.127729
-0.127677
-0.127622
-0.127567
-0.12751
-0.127451
-0.127391
-0.12733
-0.127268
-0.127203
-0.127138
-0.127071
-0.127003
-0.126933
-0.126862
-0.126789
-0.126715
-0.126639
-0.126562
-0.126484
-0.126404
-0.126322
-0.126239
-0.126155
-0.126069
-0.125982
-0.125893
-0.125802
-0.12571
-0.125617
-0.125522
-0.125426
-0.125328
-0.125228
-0.125127
-0.125025
-0.124921
-0.124815
-0.124708
-0.1246
-0.12449
-0.124378
-0.124265
-0.12415
-0.124034
-0.123916
-0.123796
-0.123675
-0.123553
-0.123429
-0.123303
-0.123176
-0.123047
-0.122917
-0.122785
-0.122651
-0.122516
-0.122379
-0.122241
-0.122101
-0.12196
-0.121817
-0.121672
-0.121526
-0.121378
-0.121229
-0.121078
-0.120925
-0.120771
-0.120616
-0.120458
-0.120299
-0.120139
-0.119977
-0.119813
-0.119648
-0.119481
-0.119312
-0.119142
-0.11897
-0.118797
-0.118622
-0.118446
-0.118268
-0.118088
-0.117907
-0.117724
-0.117539
-0.117353
-0.117165
-0.116976
-0.116785
-0.116593
-0.116399
-0.116203
-0.116006
-0.115807
-0.115606
-0.115404
-0.115201
-0.114996
-0.114789
-0.114581
-0.114371
-0.114159
-0.113946
-0.113731
-0.113515
-0.113297
-0.113078
-0.112857
-0.112635
-0.112411
-0.112185
-0.111958
-0.111729
-0.111499
-0.111268
-0.111034
-0.110799
-0.110563
-0.110325
-0.110086
-0.109845
-0.109603
-0.109359
-0.109113
-0.108866
-0.108618
-0.108368
-0.108116
-0.107863
-0.107609
-0.107353
-0.107096
-0.106837
-0.106577
-0.106315
-0.106052
-0.105787
-0.105521
-0.105253
-0.104985
-0.104714
-0.104442
-0.104169
-0.103895
-0.103619
-0.103341
-0.103062
-0.102782
-0.1025
-0.102218
-0.101933
-0.101648
-0.101361
-0.101072
-0.100782
-0.100491
-0.100199
-0.0999054
-0.0996104
-0.0993141
-0.0990165
-0.0987176
-0.0984174
-0.098116
-0.0978133
-0.0975093
-0.0972041
-0.0968977
-0.09659
-0.0962811
-0.0959709
-0.0956596
-0.095347
-0.0950333
-0.0947184
-0.0944023
-0.094085
-0.0937666
-0.093447
-0.0931263
-0.0928044
-0.0924815
-0.0921574
-0.0918322
-0.0915059
-0.0911785
-0.0908501
-0.0905205
-0.09019
-0.0898583
-0.0895257
-0.089192
-0.0888573
-0.0885216
-0.0881848
-0.0878471
-0.0875085
-0.0871688
-0.0868282
-0.0864866
-0.0861441
-0.0858007
-0.0854564
-0.0851112
-0.084765
-0.084418
-0.0840701
-0.0837214
-0.0833718
-0.0830213
-0.08267
-0.0823179
-0.0819651
-0.0816114
-0.0812569
-0.0809016
-0.0805456
-0.0801889
-0.0798314
-0.0794732
-0.0791142
-0.0787546
-0.0783943
-0.0780333
-0.0776716
-0.0773093
-0.0769463
-0.0765827
-0.0762185
-0.0758537
-0.0754882
-0.0751222
-0.0747557
-0.0743885
-0.0740209
-0.0736527
-0.0732839
-0.0729147
-0.072545
-0.0721748
-0.0718041
-0.071433
-0.0710614
-0.0706894
-0.070317
-0.0699441
-0.0695709
-0.0691973
-0.0688234
-0.068449
-0.0680744
-0.0676994
-0.0673241
-0.0669485
-0.0665726
-0.0661964
-0.06582
-0.0654433
-0.0650664
-0.0646893
-0.064312
-0.0639344
-0.0635567
-0.0631788
-0.0628008
-0.0624226
-0.0620443
-0.0616659
-0.0612874
-0.0609088
-0.0605301
-0.0601514
-0.0597726
-0.0593938
-0.0590149
-0.0586361
-0.0582573
-0.0578785
-0.0574997
-0.057121
-0.0567423
-0.0563637
-0.0559852
-0.0556068
-0.0552286
-0.0548504
-0.0544724
-0.0540946
-0.0537169
-0.0533394
-0.0529622
-0.0525851
-0.0522082
-0.0518316
-0.0514553
-0.0510792
-0.0507034
-0.0503279
-0.0499527
-0.0495779
-0.0492033
-0.0488292
-0.0484553
-0.0480819
-0.0477088
-0.0473362
-0.0469639
-0.0465921
-0.0462208
-0.0458499
-0.0454795
-0.0451095
-0.0447401
-0.0443711
-0.0440027
-0.0436349
-0.0432675
-0.0429008
-0.0425346
-0.042169
-0.041804
-0.0414397
-0.0410759
-0.0407128
-0.0403504
-0.0399886
-0.0396276
-0.0392672
-0.0389075
-0.0385485
-0.0381903
-0.0378328
-0.0374761
-0.0371202
-0.036765
-0.0364107
-0.0360571
-0.0357044
-0.0353525
-0.0350014
-0.0346513
-0.034302
-0.0339535
-0.033606
-0.0332594
-0.0329137
-0.0325689
-0.0322251
-0.0318822
-0.0315403
-0.0311994
-0.0308595
-0.0305206
-0.0301827
-0.0298458
-0.02951
-0.0291752
-0.0288415
-0.0285088
-0.0281773
-0.0278468
-0.0275174
-0.0271892
-0.0268621
-0.0265361
-0.0262113
-0.0258877
-0.0255652
-0.0252439
-0.0249238
-0.0246049
-0.0242872
-0.0239708
-0.0236556
-0.0233416
-0.0230289
-0.0227174
-0.0224073
-0.0220984
-0.0217908
-0.0214845
-0.0211796
-0.0208759
-0.0205736
-0.0202727
-0.0199731
-0.0196749
-0.019378
-0.0190825
-0.0187884
-0.0184958
-0.0182045
-0.0179146
-0.0176262
-0.0173392
-0.0170537
-0.0167696
-0.0164869
-0.0162058
-0.0159261
-0.0156479
-0.0153712
-0.015096
-0.0148223
-0.0145501
-0.0142794
-0.0140103
-0.0137427
-0.0134767
-0.0132122
-0.0129493
-0.0126879
-0.0124281
-0.01217
-0.0119133
-0.0116583
-0.0114049
-0.0111531
-0.0109029
-0.0106544
-0.0104075
-0.0101622
-0.00991849
-0.00967648
-0.00943611
-0.0091974
-0.00896036
-0.00872498
-0.00849128
-0.00825926
-0.00802891
-0.00780026
-0.0075733
-0.00734804
-0.00712449
-0.00690264
-0.0066825
-0.00646408
-0.00624738
-0.00603241
-0.00581916
-0.00560765
-0.00539787
-0.00518984
-0.00498355
-0.00477901
-0.00457622
-0.00437518
-0.0041759
-0.00397839
-0.00378264
-0.00358865
-0.00339643
-0.00320599
-0.00301732
-0.00283043
-0.00264531
-0.00246198
-0.00228044
-0.00210068
-0.0019227
-0.00174652
-0.00157213
-0.00139953
-0.00122872
-0.00105971
-0.000892499
-0.000727084
-0.000563467
-0.000401651
-0.000241634
-8.34194e-05
7.2994e-05
0.000227605
0.000380414
0.00053142
0.000680623
0.000828024
0.000973622
0.00111742
0.00125941
0.0013996
0.00153799
0.00167458
0.00180937
0.00194236
0.00207356
0.00220295
0.00233056
0.00245636
0.00258038
0.0027026
0.00282304
0.00294168
0.00305854
0.00317362
0.00328692
0.00339843
0.00350817
0.00361613
0.00372232
0.00382674
0.0039294
0.00403029
0.00412942
0.00422679
0.0043224
0.00441626
0.00450838
0.00459875
0.00468738
0.00477427
0.00485943
0.00494285
0.00502455
0.00510453
0.00518279
0.00525934
0.00533418
0.00540732
0.00547875
0.00554849
0.00561654
0.0056829
0.00574758
0.00581059
0.00587192
0.00593159
0.0059896
0.00604596
0.00610067
0.00615374
0.00620516
0.00625496
0.00630313
0.00634968
0.00639462
0.00643795
0.00647968
0.00651982
0.00655837
0.00659533
0.00663073
0.00666455
0.00669681
0.00672752
0.00675669
0.00678431
0.0068104
0.00683497
0.00685801
0.00687955
0.00689958
0.00691812
0.00693517
0.00695074
0.00696484
0.00697747
0.00698865
0.00699838
0.00700667
0.00701353
0.00701896
0.00702298
0.0070256
0.00702682
0.00702664
0.00702509
0.00702216
0.00701788
0.00701224
0.00700525
0.00699693
0.00698728
0.00697631
0.00696404
0.00695046
0.0069356
0.00691945
0.00690204
0.00688337
0.00686344
0.00684227
0.00681987
0.00679625
0.00677141
0.00674538
0.00671815
0.00668974
0.00666016
0.00662941
0.00659751
0.00656448
0.00653031
0.00649502
0.00645862
0.00642112
0.00638253
0.00634286
0.00630213
0.00626033
0.00621749
0.00617362
0.00612872
0.0060828
0.00603588
0.00598797
0.00593908
0.00588922
0.0058384
0.00578663
0.00573392
0.00568029
0.00562574
0.00557029
0.00551394
0.00545672
0.00539862
0.00533967
0.00527987
0.00521924
0.00515778
0.0050955
0.00503243
0.00496857
0.00490393
0.00483852
0.00477236
0.00470545
0.00463781
0.00456946
0.00450039
0.00443063
0.00436018
0.00428906
0.00421728
0.00414485
0.00407178
0.00399808
0.00392377
0.00384886
0.00377336
0.00369727
0.00362062
0.00354342
0.00346567
0.00338739
0.00330859
0.00322928
0.00314947
0.00306918
0.00298842
0.0029072
0.00282553
0.00274342
0.00266089
0.00257794
0.00249459
0.00241086
0.00232674
0.00224226
0.00215742
0.00207225
0.00198674
0.00190091
0.00181478
0.00172835
0.00164163
0.00155465
0.0014674
0.00137991
0.00129217
0.00120422
0.00111605
0.00102767
0.00093911
0.000850367
0.000761457
0.000672391
0.000583181
0.000493838
0.000404372
0.000314797
0.000225123
0.000135361
4.55237e-05
-4.43791e-05
-0.000134336
-0.000224334
-0.000314365
-0.000404415
-0.000494474
-0.000584532
-0.000674576
-0.000764596
-0.000854581
-0.000944521
-0.0010344
-0.00112422
-0.00121395
-0.0013036
-0.00139315
-0.00148258
-0.0015719
-0.00166108
-0.00175012
-0.00183901
-0.00192774
-0.00201629
-0.00210466
-0.00219283
-0.0022808
-0.00236855
-0.00245608
-0.00254338
-0.00263043
-0.00271722
-0.00280375
-0.00289001
-0.00297598
-0.00306166
-0.00314703
-0.00323209
-0.00331683
-0.00340123
-0.00348529
-0.003569
-0.00365235
-0.00373533
-0.00381794
-0.00390015
-0.00398196
-0.00406337
-0.00414437
-0.00422494
-0.00430508
-0.00438477
-0.00446402
-0.0045428
-0.00462112
-0.00469897
-0.00477633
-0.00485319
-0.00492956
-0.00500542
-0.00508076
-0.00515557
-0.00522985
-0.0053036
-0.00537679
-0.00544942
-0.0055215
-0.005593
-0.00566392
-0.00573426
-0.005804
-0.00587314
-0.00594167
-0.00600959
-0.00607688
-0.00614355
-0.00620958
-0.00627497
-0.0063397
-0.00640379
-0.0064672
-0.00652995
-0.00659203
-0.00665342
-0.00671413
-0.00677414
-0.00683345
-0.00689205
-0.00694994
-0.00700712
-0.00706357
-0.0071193
-0.00717428
-0.00722853
-0.00728204
-0.00733479
-0.00738679
-0.00743803
-0.0074885
-0.0075382
-0.00758713
-0.00763528
-0.00768264
-0.00772921
-0.00777499
-0.00781997
-0.00786415
-0.00790753
-0.00795009
-0.00799184
-0.00803277
-0.00807288
-0.00811216
-0.00815062
-0.00818824
-0.00822502
-0.00826097
-0.00829607
-0.00833033
-0.00836374
-0.00839629
-0.00842799
-0.00845883
-0.00848882
-0.00851794
-0.00854619
-0.00857357
-0.00860009
-0.00862573
-0.0086505
-0.00867439
-0.0086974
-0.00871954
-0.00874079
-0.00876115
-0.00878063
-0.00879923
-0.00881693
-0.00883375
-0.00884967
-0.00886471
-0.00887884
-0.00889209
-0.00890444
-0.0089159
-0.00892646
-0.00893612
-0.00894488
-0.00895275
-0.00895972
-0.00896579
-0.00897097
-0.00897524
-0.00897862
-0.0089811
-0.00898268
-0.00898336
-0.00898315
-0.00898204
-0.00898004
-0.00897714
-0.00897334
-0.00896866
-0.00896308
-0.00895661
-0.00894924
-0.008941
-0.00893186
-0.00892184
-0.00891093
-0.00889914
-0.00888647
-0.00887291
-0.00885849
-0.00884318
-0.008827
-0.00880995
-0.00879203
-0.00877325
-0.0087536
-0.00873309
-0.00871171
-0.00868948
-0.0086664
-0.00864247
-0.00861768
-0.00859205
-0.00856558
-0.00853827
-0.00851012
-0.00848114
-0.00845133
-0.00842069
-0.00838923
-0.00835695
-0.00832386
-0.00828995
-0.00825523
-0.00821972
-0.0081834
-0.00814628
-0.00810837
-0.00806968
-0.0080302
-0.00798995
-0.00794891
-0.00790711
-0.00786454
-0.00782122
-0.00777713
-0.00773229
-0.00768671
-0.00764039
-0.00759332
-0.00754553
-0.00749701
-0.00744777
-0.00739781
-0.00734714
-0.00729577
-0.0072437
-0.00719093
-0.00713747
-0.00708333
-0.00702851
-0.00697302
-0.00691687
-0.00686005
-0.00680258
-0.00674446
-0.0066857
-0.0066263
-0.00656628
-0.00650562
-0.00644436
-0.00638248
-0.00631999
-0.00625691
-0.00619324
-0.00612898
-0.00606414
-0.00599873
-0.00593276
-0.00586622
-0.00579914
-0.00573151
-0.00566334
-0.00559464
-0.00552542
-0.00545568
-0.00538543
-0.00531468
-0.00524343
-0.00517169
-0.00509948
-0.00502678
-0.00495363
-0.00488001
-0.00480594
-0.00473143
-0.00465647
-0.00458109
-0.00450529
-0.00442908
-0.00435245
-0.00427543
-0.00419802
-0.00412022
-0.00404205
-0.00396351
-0.00388461
-0.00380535
-0.00372575
-0.00364582
-0.00356556
-0.00348497
-0.00340407
-0.00332287
-0.00324137
-0.00315958
-0.00307751
-0.00299517
-0.00291257
-0.0028297
-0.00274659
-0.00266324
-0.00257966
-0.00249585
-0.00241183
-0.0023276
-0.00224316
-0.00215854
-0.00207374
-0.00198876
-0.00190362
-0.00181831
-0.00173286
-0.00164727
-0.00156154
-0.00147569
-0.00138972
-0.00130365
-0.00121747
-0.0011312
-0.00104485
-0.000958426
-0.000871934
-0.000785385
-0.000698785
-0.000612144
-0.000525469
-0.00043877
-0.000352054
-0.000265331
-0.000178607
-9.18916e-05
-5.19314e-06
8.14803e-05
0.00016812
0.000254719
0.000341267
0.000427758
0.000514182
0.000600532
0.000686798
0.000772974
0.00085905
0.000945019
0.00103087
0.0011166
0.0012022
0.00128766
0.00137297
0.00145812
0.00154311
0.00162793
0.00171257
0.00179702
0.00188127
0.00196532
0.00204916
0.00213278
0.00221617
0.00229932
0.00238223
0.00246489
0.00254729
0.00262943
0.00271129
0.00279287
0.00287416
0.00295515
0.00303584
0.00311622
0.00319627
0.003276
0.0033554
0.00343445
0.00351315
0.0035915
0.00366949
0.0037471
0.00382433
0.00390118
0.00397764
0.0040537
0.00412935
0.00420459
0.00427941
0.0043538
0.00442776
0.00450127
0.00457434
0.00464695
0.00471911
0.00479079
0.00486201
0.00493274
0.00500298
0.00507273
0.00514198
0.00521073
0.00527896
0.00534668
0.00541386
0.00548052
0.00554665
0.00561223
0.00567726
0.00574173
0.00580565
0.005869
0.00593177
0.00599397
0.00605559
0.00611662
0.00617706
0.00623689
0.00629612
0.00635474
0.00641275
0.00647013
0.00652689
0.00658302
0.00663851
0.00669336
0.00674757
0.00680112
0.00685402
0.00690627
0.00695784
0.00700875
0.00705899
0.00710855
0.00715742
0.00720561
0.00725311
0.00729992
0.00734603
0.00739143
0.00743613
0.00748012
0.00752339
0.00756594
0.00760778
0.00764889
0.00768927
0.00772892
0.00776783
0.00780601
0.00784344
0.00788013
0.00791607
0.00795125
0.00798569
0.00801937
0.00805228
0.00808444
0.00811583
0.00814645
0.00817631
0.00820539
0.00823369
0.00826122
0.00828797
0.00831393
0.00833912
0.00836352
0.00838713
0.00840995
0.00843198
0.00845322
0.00847366
0.00849331
0.00851216
0.00853021
0.00854746
0.00856391
0.00857956
0.0085944
0.00860845
0.00862168
0.00863411
0.00864573
0.00865655
0.00866655
0.00867575
0.00868414
0.00869171
0.00869848
0.00870444
0.00870959
0.00871393
0.00871745
0.00872017
0.00872208
0.00872317
0.00872346
0.00872293
0.0087216
0.00871946
0.00871651
0.00871276
0.0087082
0.00870283
0.00869666
0.00868968
0.0086819
0.00867332
0.00866394
0.00865376
0.00864278
0.00863101
0.00861844
0.00860507
0.00859092
0.00857598
0.00856024
0.00854372
0.00852642
0.00850833
0.00848947
0.00846982
0.0084494
0.00842821
0.00840624
0.0083835
0.00836
0.00833574
0.00831071
0.00828492
0.00825838
0.00823108
0.00820304
0.00817425
0.00814471
0.00811443
0.00808341
0.00805166
0.00801918
0.00798597
0.00795204
0.00791738
0.00788201
0.00784592
0.00780912
0.00777162
0.00773342
0.00769451
0.00765491
0.00761462
0.00757364
0.00753199
0.00748965
0.00744664
0.00740295
0.00735861
0.0073136
0.00726794
0.00722162
0.00717466
0.00712705
0.00707881
0.00702993
0.00698043
0.0069303
0.00687955
0.00682819
0.00677623
0.00672366
0.00667049
0.00661672
0.00656238
0.00650744
0.00645194
0.00639586
0.00633921
0.006282
0.00622424
0.00616593
0.00610708
0.00604769
0.00598776
0.00592731
0.00586634
0.00580486
0.00574287
0.00568037
0.00561738
0.00555389
0.00548993
0.00542548
0.00536057
0.00529518
0.00522934
0.00516304
0.0050963
0.00502912
0.0049615
0.00489346
0.00482499
0.00475611
0.00468682
0.00461713
0.00454705
0.00447658
0.00440573
0.0043345
0.0042629
0.00419095
0.00411864
0.00404598
0.00397298
0.00389965
0.00382599
0.00375201
0.00367772
0.00360313
0.00352823
0.00345305
0.00337758
0.00330183
0.00322581
0.00314953
0.003073
0.00299621
0.00291919
0.00284193
0.00276444
0.00268673
0.00260882
0.00253069
0.00245237
0.00237386
0.00229516
0.00221629
0.00213725
0.00205805
0.0019787
0.0018992
0.00181956
0.00173979
0.0016599
0.00157989
0.00149977
0.00141955
0.00133923
0.00125883
0.00117835
0.0010978
0.00101718
0.000936509
0.000855786
0.000775021
0.000694222
0.000613396
0.000532551
0.000451693
0.000370831
0.000289972
0.000209124
0.000128293
4.74874e-05
-3.32854e-05
-0.000114018
-0.000194703
-0.000275333
-0.000355901
-0.000436398
-0.000516819
-0.000597155
-0.000677399
-0.000757544
-0.000837582
-0.000917507
-0.00099731
-0.00107698
-0.00115652
-0.00123592
-0.00131516
-0.00139425
-0.00147317
-0.00155193
-0.0016305
-0.00170888
-0.00178707
-0.00186507
-0.00194285
-0.00202042
-0.00209777
-0.00217489
-0.00225177
-0.00232841
-0.0024048
-0.00248094
-0.00255681
-0.00263241
-0.00270773
-0.00278277
-0.00285752
-0.00293197
-0.00300612
-0.00307995
-0.00315347
-0.00322667
-0.00329953
-0.00337206
-0.00344424
-0.00351608
-0.00358755
-0.00365867
-0.00372941
-0.00379978
-0.00386977
-0.00393937
-0.00400857
-0.00407737
-0.00414577
-0.00421375
-0.00428132
-0.00434846
-0.00441517
-0.00448144
-0.00454727
-0.00461265
-0.00467758
-0.00474204
-0.00480604
-0.00486957
-0.00493262
-0.00499519
-0.00505728
-0.00511886
-0.00517995
-0.00524054
-0.00530061
-0.00536017
-0.00541921
-0.00547772
-0.00553571
-0.00559315
-0.00565006
-0.00570642
-0.00576223
-0.00581749
-0.00587218
-0.00592631
-0.00597988
-0.00603286
-0.00608527
-0.00613709
-0.00618833
-0.00623897
-0.00628902
-0.00633847
-0.00638731
-0.00643554
-0.00648316
-0.00653016
-0.00657654
-0.00662229
-0.00666742
-0.00671191
-0.00675576
-0.00679897
-0.00684154
-0.00688346
-0.00692473
-0.00696534
-0.0070053
-0.00704459
-0.00708322
-0.00712118
-0.00715847
-0.00719508
-0.00723102
-0.00726627
-0.00730085
-0.00733473
-0.00736793
-0.00740043
-0.00743224
-0.00746336
-0.00749377
-0.00752348
-0.00755249
-0.00758079
-0.00760838
-0.00763526
-0.00766143
-0.00768688
-0.00771162
-0.00773563
-0.00775893
-0.0077815
-0.00780334
-0.00782446
-0.00784486
-0.00786452
-0.00788345
-0.00790165
-0.00791912
-0.00793585
-0.00795185
-0.00796711
-0.00798163
-0.00799541
-0.00800846
-0.00802076
-0.00803232
-0.00804314
-0.00805321
-0.00806255
-0.00807113
-0.00807898
-0.00808608
-0.00809243
-0.00809804
-0.0081029
-0.00810702
-0.0081104
-0.00811302
-0.00811491
-0.00811604
-0.00811644
-0.00811609
-0.00811499
-0.00811315
-0.00811057
-0.00810725
-0.00810318
-0.00809837
-0.00809283
-0.00808654
-0.00807951
-0.00807175
-0.00806325
-0.00805402
-0.00804405
-0.00803335
-0.00802192
-0.00800976
-0.00799687
-0.00798325
-0.00796891
-0.00795384
-0.00793806
-0.00792155
-0.00790432
-0.00788638
-0.00786773
-0.00784836
-0.00782828
-0.00780749
-0.007786
-0.00776381
-0.00774091
-0.00771731
-0.00769302
-0.00766804
-0.00764237
-0.007616
-0.00758895
-0.00756122
-0.00753281
-0.00750373
-0.00747397
-0.00744354
-0.00741244
-0.00738067
-0.00734825
-0.00731517
-0.00728143
-0.00724705
-0.00721201
-0.00717634
-0.00714002
-0.00710306
-0.00706547
-0.00702726
-0.00698841
-0.00694895
-0.00690887
-0.00686817
-0.00682687
-0.00678495
-0.00674244
-0.00669933
-0.00665563
-0.00661134
-0.00656647
-0.00652101
-0.00647498
-0.00642838
-0.00638121
-0.00633348
-0.0062852
-0.00623636
-0.00618697
-0.00613704
-0.00608657
-0.00603557
-0.00598405
-0.00593199
-0.00587942
-0.00582634
-0.00577275
-0.00571866
-0.00566407
-0.00560898
-0.00555341
-0.00549736
-0.00544083
-0.00538384
-0.00532637
-0.00526845
-0.00521007
-0.00515124
-0.00509197
-0.00503226
-0.00497213
-0.00491156
-0.00485057
-0.00478917
-0.00472736
-0.00466515
-0.00460254
-0.00453955
-0.00447616
-0.0044124
-0.00434826
-0.00428376
-0.00421889
-0.00415368
-0.00408811
-0.0040222
-0.00395595
-0.00388938
-0.00382248
-0.00375527
-0.00368774
-0.00361991
-0.00355178
-0.00348336
-0.00341465
-0.00334567
-0.00327641
-0.00320688
-0.0031371
-0.00306706
-0.00299678
-0.00292626
-0.0028555
-0.00278452
-0.00271332
-0.0026419
-0.00257028
-0.00249846
-0.00242644
-0.00235424
-0.00228186
-0.00220931
-0.00213658
-0.0020637
-0.00199067
-0.00191749
-0.00184417
-0.00177072
-0.00169714
-0.00162345
-0.00154964
-0.00147572
-0.00140171
-0.00132761
-0.00125342
-0.00117915
-0.00110482
-0.00103042
-0.000955957
-0.000881449
-0.000806896
-0.000732307
-0.000657688
-0.000583047
-0.000508389
-0.000433722
-0.000359052
-0.000284387
-0.000209734
-0.000135098
-6.04882e-05
1.40901e-05
8.86298e-05
0.000163124
0.000237566
0.000311948
0.000386265
0.000460508
0.000534672
0.00060875
0.000682735
0.00075662
0.000830398
0.000904063
0.000977608
0.00105103
0.00112431
0.00119746
0.00127045
0.0013433
0.00141598
0.0014885
0.00156085
0.00163301
0.00170499
0.00177678
0.00184836
0.00191974
0.00199091
0.00206186
0.00213259
0.00220308
0.00227334
0.00234335
0.00241311
0.00248261
0.00255185
0.00262083
0.00268952
0.00275794
0.00282606
0.0028939
0.00296143
0.00302866
0.00309557
0.00316217
0.00322844
0.00329438
0.00335999
0.00342525
0.00349017
0.00355473
0.00361893
0.00368277
0.00374624
0.00380933
0.00387204
0.00393436
0.00399629
0.00405782
0.00411895
0.00417967
0.00423997
0.00429985
0.00435931
0.00441833
0.00447692
0.00453507
0.00459277
0.00465002
0.00470682
0.00476315
0.00481901
0.00487441
0.00492933
0.00498376
0.00503771
0.00509117
0.00514414
0.0051966
0.00524857
0.00530002
0.00535095
0.00540137
0.00545127
0.00550064
0.00554948
0.00559778
0.00564555
0.00569277
0.00573944
0.00578556
0.00583113
0.00587613
0.00592058
0.00596445
0.00600775
0.00605048
0.00609263
0.0061342
0.00617518
0.00621557
0.00625537
0.00629457
0.00633317
0.00637117
0.00640857
0.00644535
0.00648153
0.00651708
0.00655202
0.00658634
0.00662004
0.0066531
0.00668554
0.00671734
0.00674851
0.00677904
0.00680893
0.00683818
0.00686679
0.00689474
0.00692205
0.0069487
0.0069747
0.00700005
0.00702473
0.00704876
0.00707212
0.00709482
0.00711685
0.00713822
0.00715891
0.00717894
0.00719829
0.00721697
0.00723497
0.0072523
0.00726895
0.00728492
0.00730021
0.00731482
0.00732874
0.00734198
0.00735454
0.00736641
0.00737759
0.00738809
0.0073979
0.00740702
0.00741546
0.0074232
0.00743026
0.00743662
0.00744229
0.00744728
0.00745157
0.00745517
0.00745808
0.0074603
0.00746183
0.00746267
0.00746282
0.00746228
0.00746104
0.00745912
0.00745651
0.00745321
0.00744922
0.00744455
0.00743919
0.00743314
0.00742641
0.007419
0.0074109
0.00740212
0.00739266
0.00738252
0.0073717
0.0073602
0.00734802
0.00733518
0.00732166
0.00730746
0.0072926
0.00727707
0.00726087
0.00724401
0.00722648
0.00720829
0.00718945
0.00716994
0.00714978
0.00712897
0.00710751
0.00708539
0.00706263
0.00703923
0.00701518
0.0069905
0.00696518
0.00693922
0.00691263
0.00688542
0.00685757
0.00682911
0.00680002
0.00677032
0.00674
0.00670907
0.00667753
0.00664538
0.00661263
0.00657929
0.00654535
0.00651081
0.00647569
0.00643998
0.00640369
0.00636682
0.00632937
0.00629136
0.00625277
0.00621362
0.00617392
0.00613365
0.00609284
0.00605147
0.00600956
0.00596711
0.00592413
0.00588061
0.00583657
0.005792
0.00574691
0.00570131
0.00565519
0.00560857
0.00556145
0.00551383
0.00546572
0.00541712
0.00536803
0.00531847
0.00526843
0.00521793
0.00516696
0.00511553
0.00506364
0.00501131
0.00495852
0.0049053
0.00485165
0.00479756
0.00474305
0.00468812
0.00463278
0.00457702
0.00452087
0.00446431
0.00440736
0.00435002
0.0042923
0.0042342
0.00417573
0.0041169
0.0040577
0.00399815
0.00393824
0.003878
0.00381741
0.0037565
0.00369525
0.00363368
0.0035718
0.00350961
0.00344711
0.00338432
0.00332123
0.00325786
0.0031942
0.00313028
0.00306608
0.00300162
0.0029369
0.00287193
0.00280672
0.00274126
0.00267558
0.00260967
0.00254353
0.00247718
0.00241063
0.00234387
0.00227692
0.00220977
0.00214244
0.00207494
0.00200726
0.00193942
0.00187142
0.00180327
0.00173497
0.00166653
0.00159795
0.00152925
0.00146043
0.00139149
0.00132245
0.0012533
0.00118406
0.00111472
0.00104531
0.000975815
0.000906251
0.000836624
0.000766938
0.000697202
0.00062742
0.0005576
0.000487748
0.000417869
0.000347972
0.000278061
0.000208143
0.000138225
6.83124e-05
-1.58757e-06
-7.14688e-05
-0.000141325
-0.00021115
-0.000280937
-0.00035068
-0.000420373
-0.000490009
-0.000559583
-0.000629086
-0.000698515
-0.000767861
-0.000837119
-0.000906283
-0.000975346
-0.0010443
-0.00111315
-0.00118187
-0.00125047
-0.00131893
-0.00138726
-0.00145545
-0.00152348
-0.00159136
-0.00165908
-0.00172662
-0.001794
-0.00186119
-0.00192819
-0.001995
-0.00206162
-0.00212803
-0.00219423
-0.00226021
-0.00232597
-0.0023915
-0.00245679
-0.00252185
-0.00258666
-0.00265122
-0.00271552
-0.00277956
-0.00284333
-0.00290683
-0.00297004
-0.00303297
-0.00309561
-0.00315795
-0.00321999
-0.00328171
-0.00334313
-0.00340423
-0.003465
-0.00352544
-0.00358555
-0.00364532
-0.00370474
-0.00376381
-0.00382252
-0.00388088
-0.00393886
-0.00399648
-0.00405371
-0.00411057
-0.00416704
-0.00422311
-0.00427879
-0.00433407
-0.00438894
-0.0044434
-0.00449745
-0.00455107
-0.00460427
-0.00465704
-0.00470937
-0.00476126
-0.00481271
-0.00486371
-0.00491426
-0.00496435
-0.00501398
-0.00506314
-0.00511184
-0.00516006
-0.00520779
-0.00525505
-0.00530182
-0.0053481
-0.00539389
-0.00543917
-0.00548395
-0.00552823
-0.005572
-0.00561525
-0.00565798
-0.00570019
-0.00574188
-0.00578304
-0.00582367
-0.00586376
-0.00590331
-0.00594232
-0.00598078
-0.00601869
-0.00605605
-0.00609286
-0.00612911
-0.00616479
-0.00619992
-0.00623447
-0.00626845
-0.00630186
-0.0063347
-0.00636695
-0.00639863
-0.00642972
-0.00646022
-0.00649013
-0.00651945
-0.00654818
-0.00657631
-0.00660385
-0.00663078
-0.00665711
-0.00668283
-0.00670794
-0.00673245
-0.00675634
-0.00677963
-0.00680229
-0.00682434
-0.00684577
-0.00686658
-0.00688677
-0.00690633
-0.00692527
-0.00694359
-0.00696127
-0.00697833
-0.00699475
-0.00701055
-0.00702571
-0.00704023
-0.00705413
-0.00706738
-0.00708
-0.00709198
-0.00710332
-0.00711402
-0.00712409
-0.00713351
-0.00714229
-0.00715043
-0.00715792
-0.00716478
-0.00717099
-0.00717655
-0.00718148
-0.00718576
-0.00718939
-0.00719238
-0.00719473
-0.00719643
-0.00719749
-0.00719791
-0.00719768
-0.00719682
-0.0071953
