0
0.000118643
0.000236097
0.0212449
0.0207452
0.0202443
0.019742
0.0192386
0.0187341
0.0182285
0.017722
0.0172146
0.0167063
0.0161973
0.0156877
0.0151774
0.0146666
0.0141553
0.0136436
0.0131316
0.0126194
0.0121069
0.0115944
0.0110818
0.0105692
0.0100567
0.00954434
0.00903222
0.00852039
0.00800891
0.00749785
0.00698728
0.00647726
0.00596786
0.00545914
0.00495117
0.00444401
0.00393772
0.00343237
0.00292801
0.00242473
0.00192256
0.00142158
0.000921844
0.000423417
-7.36435e-05
-0.000569277
-0.00106342
-0.00155603
-0.00204702
-0.00253636
-0.00302398
-0.00350982
-0.00399383
-0.00447594
-0.00495612
-0.00543429
-0.00591041
-0.00638441
-0.00685626
-0.00732588
-0.00779324
-0.00825827
-0.00872093
-0.00918117
-0.00963893
-0.0100942
-0.0105468
-0.0109968
-0.0114442
-0.0118888
-0.0123307
-0.0127697
-0.0132059
-0.0136391
-0.0140694
-0.0144967
-0.0149209
-0.0153421
-0.0157601
-0.0161749
-0.0165865
-0.0169949
-0.0173999
-0.0178016
-0.0181999
-0.0185947
-0.0189861
-0.019374
-0.0197583
-0.0201391
-0.0205162
-0.0208897
-0.0212595
-0.0216255
-0.0219878
-0.0223463
-0.0227009
-0.0230517
-0.0233986
-0.0237415
-0.0240805
-0.0244155
-0.0247465
-0.0250734
-0.0253962
-0.0257149
-0.0260295
-0.0263398
-0.026646
-0.026948
-0.0272457
-0.0275392
-0.0278283
-0.0281131
-0.0283936
-0.0286697
-0.0289414
-0.0292086
-0.0294715
-0.0297299
-0.0299838
-0.0302332
-0.030478
-0.0307184
-0.0309542
-0.0311854
-0.031412
-0.031634
-0.0318514
-0.0320642
-0.0322723
-0.0324758
-0.0326745
-0.0328686
-0.033058
-0.0332427
-0.0334226
-0.0335978
-0.0337682
-0.0339339
-0.0340949
-0.034251
-0.0344024
-0.034549
-0.0346908
-0.0348278
-0.0349599
-0.0350873
-0.0352099
-0.0353276
-0.0354405
-0.0355486
-0.0356519
-0.0357503
-0.0358439
-0.0359327
-0.0360166
-0.0360957
-0.03617
-0.0362395
-0.0363041
-0.0363639
-0.0364189
-0.0364691
-0.0365144
-0.036555
-0.0365907
-0.0366217
-0.0366479
-0.0366693
-0.0366859
-0.0366978
-0.0367049
-0.0367072
-0.0367048
-0.0366977
-0.0366859
-0.0366693
-0.0366481
-0.0366222
-0.0365916
-0.0365563
-0.0365165
-0.0364719
-0.0364228
-0.0363691
-0.0363107
-0.0362479
-0.0361804
-0.0361084
-0.0360319
-0.0359509
-0.0358655
-0.0357755
-0.0356811
-0.0355823
-0.0354791
-0.0353715
-0.0352595
-0.0351432
-0.0350226
-0.0348977
-0.0347684
-0.034635
-0.0344973
-0.0343554
-0.0342093
-0.0340591
-0.0339047
-0.0337463
-0.0335837
-0.0334171
-0.0332465
-0.0330718
-0.0328932
-0.0327107
-0.0325242
-0.0323338
-0.0321396
-0.0319416
-0.0317397
-0.0315341
-0.0313247
-0.0311117
-0.0308949
-0.0306745
-0.0304505
-0.0302229
-0.0299917
-0.029757
-0.0295189
-0.0292773
-0.0290322
-0.0287838
-0.028532
-0.0282769
-0.0280186
-0.027757
-0.0274921
-0.0272241
-0.026953
-0.0266787
-0.0264014
-0.026121
-0.0258377
-0.0255513
-0.0252621
-0.02497
-0.024675
-0.0243772
-0.0240767
-0.0237734
-0.0234675
-0.0231588
-0.0228476
-0.0225338
-0.0222175
-0.0218986
-0.0215773
-0.0212536
-0.0209275
-0.0205991
-0.0202684
-0.0199354
-0.0196002
-0.0192629
-0.0189234
-0.0185818
-0.0182382
-0.0178926
-0.017545
-0.0171955
-0.0168441
-0.0164909
-0.0161358
-0.0157791
-0.0154206
-0.0150604
-0.0146986
-0.0143353
-0.0139704
-0.013604
-0.0132361
-0.0128668
-0.0124962
-0.0121242
-0.011751
-0.0113765
-0.0110009
-0.010624
-0.0102461
-0.00986711
-0.0094871
-0.00910611
-0.00872418
-0.00834137
-0.00795771
-0.00757325
-0.00718803
-0.0068021
-0.00641549
-0.00602826
-0.00564044
-0.00525208
-0.00486322
-0.00447391
-0.00408419
-0.0036941
-0.00330369
-0.002913
-0.00252208
-0.00213096
-0.00173968
-0.00134831
-0.000956864
-0.0005654
-0.000173958
0.000217419
0.00060869
0.00099981
0.00139074
0.00178143
0.00217185
0.00256195
0.00295168
0.00334101
0.0037299
0.0041183
0.00450617
0.00489347
0.00528016
0.0056662
0.00605154
0.00643615
0.00681999
0.007203
0.00758517
0.00796643
0.00834676
0.00872611
0.00910444
0.00948172
0.0098579
0.010233
0.0106068
0.0109795
0.0113509
0.011721
0.0120898
0.0124572
0.0128233
0.0131879
0.013551
0.0139125
0.0142726
0.014631
0.0149879
0.015343
0.0156965
0.0160482
0.0163982
0.0167463
0.0170927
0.0174371
0.0177796
0.0181202
0.0184588
0.0187955
0.01913
0.0194625
0.0197929
0.0201211
0.0204472
0.0207711
0.0210927
0.021412
0.0217291
0.0220438
0.0223562
0.0226661
0.0229737
0.0232788
0.0235814
0.0238815
0.0241791
0.0244741
0.0247665
0.0250563
0.0253434
0.0256279
0.0259097
0.0261887
0.026465
0.0267385
0.0270092
0.0272771
0.0275421
0.0278042
0.0280634
0.0283197
0.0285731
0.0288234
0.0290708
0.0293152
0.0295565
0.0297948
0.0300299
0.030262
0.030491
0.0307168
0.0309394
0.0311589
0.0313751
0.0315882
0.031798
0.0320045
0.0322078
0.0324077
0.0326044
0.0327978
0.0329878
0.0331744
0.0333577
0.0335376
0.0337141
0.0338872
0.0340569
0.0342231
0.0343858
0.0345451
0.034701
0.0348533
0.0350021
0.0351475
0.0352892
0.0354275
0.0355622
0.0356934
0.035821
0.0359451
0.0360655
0.0361824
0.0362957
0.0364054
0.0365115
0.036614
0.0367128
0.036808
0.0368996
0.0369876
0.0370719
0.0371526
0.0372297
0.0373031
0.0373728
0.0374389
0.0375014
0.0375601
0.0376153
0.0376667
0.0377146
0.0377587
0.0377992
0.037836
0.0378692
0.0378987
0.0379246
0.0379468
0.0379654
0.0379803
0.0379916
0.0379993
0.0380033
0.0380037
0.0380005
0.0379936
0.0379832
0.0379691
0.0379514
0.0379302
0.0379053
0.0378769
0.0378449
0.0378094
0.0377703
0.0377276
0.0376814
0.0376317
0.0375785
0.0375218
0.0374615
0.0373978
0.0373307
0.03726
0.0371859
0.0371084
0.0370275
0.0369432
0.0368554
0.0367643
0.0366698
0.036572
0.0364708
0.0363663
0.0362586
0.0361475
0.0360331
0.0359155
0.0357946
0.0356706
0.0355433
0.0354128
0.0352792
0.0351424
0.0350025
0.0348594
0.0347133
0.0345641
0.0344119
0.0342566
0.0340983
0.033937
0.0337727
0.0336055
0.0334354
0.0332623
0.0330864
0.0329076
0.032726
0.0325415
0.0323543
0.0321643
0.0319715
0.0317761
0.0315779
0.031377
0.0311736
0.0309674
0.0307587
0.0305475
0.0303336
0.0301173
0.0298985
0.0296771
0.0294534
0.0292272
0.0289987
0.0287678
0.0285346
0.028299
0.0280612
0.0278211
0.0275789
0.0273344
0.0270878
0.026839
0.0265881
0.0263352
0.0260802
0.0258232
0.0255642
0.0253032
0.0250404
0.0247756
0.0245089
0.0242405
0.0239702
0.0236982
0.0234244
0.0231489
0.0228717
0.0225929
0.0223124
0.0220304
0.0217468
0.0214617
0.0211751
0.020887
0.0205976
0.0203067
0.0200145
0.0197209
0.0194261
0.01913
0.0188326
0.0185341
0.0182344
0.0179336
0.0176316
0.0173286
0.0170246
0.0167196
0.0164136
0.0161067
0.0157989
0.0154902
0.0151807
0.0148704
0.0145594
0.0142476
0.0139351
0.0136219
0.0133082
0.0129938
0.0126789
0.0123634
0.0120475
0.0117311
0.0114143
0.0110971
0.0107795
0.0104616
0.0101434
0.00982497
0.00950631
0.00918746
0.00886846
0.00854934
0.00823014
0.00791088
0.0075916
0.00727233
0.00695312
0.00663398
0.00631496
0.00599609
0.0056774
0.00535892
0.00504069
0.00472275
0.00440511
0.00408782
0.00377092
0.00345442
0.00313837
0.0028228
0.00250773
0.00219321
0.00187927
0.00156593
0.00125323
0.000941199
0.000629873
0.000319281
9.45479e-06
-0.000299574
-0.000607773
-0.000915113
-0.00122156
-0.00152709
-0.00183166
-0.00213525
-0.00243783
-0.00273936
-0.00303981
-0.00333916
-0.00363738
-0.00393443
-0.00423029
-0.00452492
-0.0048183
-0.0051104
-0.00540119
-0.00569064
-0.00597872
-0.00626541
-0.00655067
-0.00683447
-0.0071168
-0.00739762
-0.0076769
-0.00795462
-0.00823075
-0.00850527
-0.00877814
-0.00904934
-0.00931885
-0.00958663
-0.00985267
-0.0101169
-0.0103794
-0.01064
-0.0108988
-0.0111558
-0.0114108
-0.0116639
-0.011915
-0.0121642
-0.0124114
-0.0126566
-0.0128997
-0.0131408
-0.0133798
-0.0136167
-0.0138515
-0.0140841
-0.0143145
-0.0145428
-0.0147688
-0.0149926
-0.0152141
-0.0154334
-0.0156504
-0.015865
-0.0160774
-0.0162873
-0.0164949
-0.0167002
-0.016903
-0.0171033
-0.0173013
-0.0174968
-0.0176897
-0.0178802
-0.0180682
-0.0182537
-0.0184366
-0.018617
-0.0187948
-0.0189699
-0.0191425
-0.0193125
-0.0194798
-0.0196445
-0.0198065
-0.0199659
-0.0201226
-0.0202765
-0.0204278
-0.0205763
-0.0207221
-0.0208651
-0.0210054
-0.0211429
-0.0212777
-0.0214096
-0.0215387
-0.0216651
-0.0217886
-0.0219093
-0.0220271
-0.0221421
-0.0222542
-0.0223635
-0.0224699
-0.0225735
-0.0226741
-0.0227719
-0.0228667
-0.0229587
-0.0230478
-0.0231339
-0.0232172
-0.0232975
-0.0233748
-0.0234493
-0.0235208
-0.0235894
-0.023655
-0.0237177
-0.0237775
-0.0238343
-0.0238881
-0.023939
-0.023987
-0.024032
-0.024074
-0.0241131
-0.0241493
-0.0241825
-0.0242127
-0.02424
-0.0242643
-0.0242857
-0.0243042
-0.0243197
-0.0243322
-0.0243419
-0.0243486
-0.0243523
-0.0243531
-0.0243511
-0.0243461
-0.0243381
-0.0243273
-0.0243136
-0.0242969
-0.0242774
-0.024255
-0.0242297
-0.0242016
-0.0241706
-0.0241367
-0.0241
-0.0240604
-0.024018
-0.0239728
-0.0239248
-0.023874
-0.0238203
-0.0237639
-0.0237047
-0.0236428
-0.0235781
-0.0235106
-0.0234404
-0.0233675
-0.0232919
-0.0232136
-0.0231326
-0.0230489
-0.0229626
-0.0228736
-0.022782
-0.0226878
-0.022591
-0.0224916
-0.0223896
-0.0222851
-0.022178
-0.0220684
-0.0219562
-0.0218416
-0.0217245
-0.0216049
-0.0214829
-0.0213584
-0.0212315
-0.0211022
-0.0209706
-0.0208366
-0.0207002
-0.0205615
-0.0204205
-0.0202772
-0.0201316
-0.0199838
-0.0198338
-0.0196815
-0.019527
-0.0193704
-0.0192116
-0.0190507
-0.0188877
-0.0187225
-0.0185554
-0.0183861
-0.0182148
-0.0180416
-0.0178663
-0.0176891
-0.0175099
-0.0173288
-0.0171459
-0.016961
-0.0167743
-0.0165858
-0.0163955
-0.0162034
-0.0160095
-0.0158139
-0.0156166
-0.0154176
-0.0152169
-0.0150146
-0.0148107
-0.0146053
-0.0143982
-0.0141896
-0.0139795
-0.0137679
-0.0135549
-0.0133404
-0.0131245
-0.0129072
-0.0126885
-0.0124686
-0.0122473
-0.0120247
-0.0118009
-0.0115758
-0.0113496
-0.0111222
-0.0108936
-0.0106639
-0.0104331
-0.0102012
-0.00996833
-0.00973441
-0.0094995
-0.00926364
-0.00902685
-0.00878915
-0.00855057
-0.00831114
-0.00807089
-0.00782985
-0.00758804
-0.00734549
-0.00710223
-0.00685829
-0.0066137
-0.00636847
-0.00612265
-0.00587626
-0.00562932
-0.00538187
-0.00513394
-0.00488554
-0.00463672
-0.00438749
-0.00413789
-0.00388795
-0.00363769
-0.00338713
-0.00313632
-0.00288528
-0.00263403
-0.00238261
-0.00213104
-0.00187935
-0.00162757
-0.00137572
-0.00112385
-0.000871962
-0.000620098
-0.000368284
-0.000116548
0.000135082
0.000386579
0.000637914
0.000889059
0.00113999
0.00139067
0.00164108
0.00189119
0.00214097
0.0023904
0.00263944
0.00288807
0.00313627
0.00338399
0.00363123
0.00387795
0.00412412
0.00436971
0.00461471
0.00485908
0.00510279
0.00534583
0.00558816
0.00582975
0.00607059
0.00631064
0.00654987
0.00678827
0.00702581
0.00726246
0.00749819
0.00773298
0.00796681
0.00819965
0.00843147
0.00866225
0.00889196
0.00912059
0.00934809
0.00957446
0.00979967
0.0100237
0.0102465
0.0104681
0.0106884
0.0109074
0.0111251
0.0113415
0.0115566
0.0117703
0.0119825
0.0121934
0.0124028
0.0126108
0.0128172
0.0130222
0.0132256
0.0134275
0.0136278
0.0138265
0.0140236
0.0142191
0.0144129
0.014605
0.0147955
0.0149842
0.0151712
0.0153564
0.0155399
0.0157216
0.0159014
0.0160795
0.0162556
0.01643
0.0166024
0.0167729
0.0169416
0.0171083
0.017273
0.0174357
0.0175965
0.0177553
0.0179121
0.0180668
0.0182194
0.01837
0.0185186
0.018665
0.0188093
0.0189515
0.0190916
0.0192295
0.0193652
0.0194988
0.0196301
0.0197593
0.0198862
0.0200109
0.0201334
0.0202536
0.0203716
0.0204872
0.0206006
0.0207117
0.0208204
0.0209269
0.021031
0.0211328
0.0212322
0.0213292
0.0214239
0.0215163
0.0216062
0.0216937
0.0217788
0.0218616
0.0219419
0.0220197
0.0220952
0.0221682
0.0222387
0.0223068
0.0223725
0.0224357
0.0224964
0.0225546
0.0226104
0.0226637
0.0227145
0.0227628
0.0228086
0.0228519
0.0228927
0.022931
0.0229669
0.0230002
0.0230309
0.0230592
0.023085
0.0231082
0.023129
0.0231472
0.0231629
0.0231761
0.0231867
0.0231949
0.0232005
0.0232037
0.0232043
0.0232024
0.023198
0.0231911
0.0231816
0.0231697
0.0231553
0.0231384
0.023119
0.0230971
0.0230727
0.0230458
0.0230165
0.0229847
0.0229504
0.0229137
0.0228745
0.0228329
0.0227888
0.0227423
0.0226933
0.022642
0.0225882
0.022532
0.0224734
0.0224124
0.022349
0.0222833
0.0222152
0.0221447
0.0220719
0.0219967
0.0219193
0.0218394
0.0217573
0.0216729
0.0215862
0.0214972
0.021406
0.0213125
0.0212167
0.0211188
0.0210186
0.0209162
0.0208116
0.0207048
0.0205959
0.0204848
0.0203715
0.0202562
0.0201387
0.0200191
0.0198975
0.0197737
0.0196479
0.0195201
0.0193903
0.0192584
0.0191245
0.0189887
0.0188509
0.0187112
0.0185695
0.0184259
0.0182804
0.0181331
0.0179839
0.0178328
0.0176799
0.0175252
0.0173688
0.0172105
0.0170505
0.0168888
0.0167253
0.0165602
0.0163933
0.0162248
0.0160547
0.015883
0.0157096
0.0155347
0.0153582
0.0151802
0.0150007
0.0148196
0.0146371
0.0144532
0.0142678
0.0140809
0.0138927
0.0137032
0.0135122
0.01332
0.0131264
0.0129316
0.0127355
0.0125381
0.0123395
0.0121398
0.0119389
0.0117368
0.0115336
0.0113293
0.0111239
0.0109174
0.0107099
0.0105015
0.010292
0.0100815
0.00987017
0.00965787
0.00944468
0.00923063
0.00901573
0.00880001
0.00858349
0.0083662
0.00814817
0.00792941
0.00770995
0.00748982
0.00726904
0.00704763
0.00682563
0.00660305
0.00637991
0.00615625
0.00593209
0.00570746
0.00548237
0.00525685
0.00503094
0.00480464
0.004578
0.00435103
0.00412375
0.00389621
0.00366841
0.00344038
0.00321216
0.00298375
0.0027552
0.00252653
0.00229775
0.0020689
0.00184
0.00161107
0.00138214
0.00115324
0.000924396
0.000695623
0.000466951
0.000238406
1.00117e-05
-0.000218206
-0.000446223
-0.000674014
-0.000901554
-0.00112882
-0.00135578
-0.00158242
-0.00180871
-0.00203462
-0.00226013
-0.00248522
-0.00270986
-0.00293403
-0.0031577
-0.00338085
-0.00360346
-0.00382549
-0.00404693
-0.00426775
-0.00448793
-0.00470744
-0.00492627
-0.00514438
-0.00536175
-0.00557836
-0.00579419
-0.00600922
-0.00622341
-0.00643675
-0.00664921
-0.00686077
-0.00707141
-0.00728111
-0.00748983
-0.00769757
-0.0079043
-0.00810999
-0.00831463
-0.00851818
-0.00872064
-0.00892197
-0.00912217
-0.00932119
-0.00951903
-0.00971567
-0.00991107
-0.0101052
-0.0102981
-0.0104897
-0.01068
-0.0108689
-0.0110566
-0.0112428
-0.0114276
-0.0116111
-0.0117931
-0.0119736
-0.0121527
-0.0123303
-0.0125064
-0.0126809
-0.012854
-0.0130254
-0.0131953
-0.0133636
-0.0135302
-0.0136953
-0.0138587
-0.0140204
-0.0141804
-0.0143387
-0.0144953
-0.0146502
-0.0148033
-0.0149547
-0.0151043
-0.0152521
-0.015398
-0.0155422
-0.0156845
-0.0158249
-0.0159635
-0.0161002
-0.0162349
-0.0163678
-0.0164987
-0.0166277
-0.0167548
-0.0168798
-0.0170029
-0.017124
-0.0172431
-0.0173602
-0.0174752
-0.0175882
-0.0176991
-0.017808
-0.0179148
-0.0180195
-0.0181222
-0.0182227
-0.0183211
-0.0184173
-0.0185114
-0.0186034
-0.0186933
-0.0187809
-0.0188664
-0.0189497
-0.0190308
-0.0191097
-0.0191864
-0.0192609
-0.0193332
-0.0194033
-0.0194711
-0.0195367
-0.0196
-0.0196611
-0.0197199
-0.0197764
-0.0198307
-0.0198827
-0.0199325
-0.0199799
-0.0200251
-0.020068
-0.0201085
-0.0201468
-0.0201828
-0.0202165
-0.0202478
-0.0202769
-0.0203036
-0.0203281
-0.0203502
-0.02037
-0.0203875
-0.0204026
-0.0204155
-0.020426
-0.0204342
-0.0204401
-0.0204436
-0.0204449
-0.0204438
-0.0204404
-0.0204347
-0.0204267
-0.0204164
-0.0204037
-0.0203888
-0.0203715
-0.0203519
-0.0203301
-0.0203059
-0.0202795
-0.0202507
-0.0202197
-0.0201864
-0.0201509
-0.020113
-0.0200729
-0.0200305
-0.0199859
-0.019939
-0.0198899
-0.0198386
-0.019785
-0.0197292
-0.0196712
-0.019611
-0.0195485
-0.0194839
-0.0194171
-0.0193481
-0.019277
-0.0192037
-0.0191282
-0.0190506
-0.0189709
-0.0188891
-0.0188051
-0.018719
-0.0186309
-0.0185407
-0.0184484
-0.018354
-0.0182576
-0.0181591
-0.0180587
-0.0179562
-0.0178517
-0.0177452
-0.0176368
-0.0175264
-0.017414
-0.0172997
-0.0171835
-0.0170654
-0.0169453
-0.0168234
-0.0166997
-0.016574
-0.0164466
-0.0163173
-0.0161862
-0.0160533
-0.0159186
-0.0157822
-0.015644
-0.0155041
-0.0153625
-0.0152192
-0.0150741
-0.0149275
-0.0147792
-0.0146292
-0.0144777
-0.0143245
-0.0141698
-0.0140135
-0.0138556
-0.0136963
-0.0135354
-0.013373
-0.0132092
-0.0130439
-0.0128772
-0.0127091
-0.0125395
-0.0123686
-0.0121964
-0.0120228
-0.0118479
-0.0116717
-0.0114942
-0.0113155
-0.0111355
-0.0109543
-0.0107719
-0.0105884
-0.0104037
-0.0102178
-0.0100309
-0.00984282
-0.00965371
-0.00946355
-0.00927236
-0.00908017
-0.00888699
-0.00869286
-0.00849778
-0.00830179
-0.0081049
-0.00790714
-0.00770853
-0.00750909
-0.00730885
-0.00710782
-0.00690603
-0.0067035
-0.00650026
-0.00629632
-0.00609172
-0.00588646
-0.00568059
-0.00547411
-0.00526706
-0.00505945
-0.00485132
-0.00464267
-0.00443354
-0.00422395
-0.00401393
-0.00380349
-0.00359266
-0.00338146
-0.00316992
-0.00295806
-0.00274591
-0.00253348
-0.00232081
-0.00210791
-0.00189481
-0.00168154
-0.00146811
-0.00125455
-0.00104089
-0.000827149
-0.000613349
-0.000399516
-0.000185673
2.81558e-05
0.000241947
0.000455675
0.000669319
0.000882852
0.00109625
0.0013095
0.00152256
0.00173542
0.00194804
0.00216042
0.00237252
0.00258433
0.00279581
0.00300694
0.0032177
0.00342807
0.00363803
0.00384754
0.00405659
0.00426515
0.00447321
0.00468073
0.00488769
0.00509408
0.00529986
0.00550502
0.00570953
0.00591338
0.00611653
0.00631896
0.00652066
0.00672159
0.00692175
0.00712109
0.00731962
0.00751729
0.00771409
0.00791
0.008105
0.00829906
0.00849216
0.00868428
0.0088754
0.00906551
0.00925456
0.00944256
0.00962947
0.00981528
0.00999996
0.0101835
0.0103659
0.0105471
0.010727
0.0109058
0.0110833
0.0112595
0.0114345
0.0116081
0.0117804
0.0119514
0.012121
0.0122893
0.0124561
0.0126215
0.0127855
0.0129481
0.0131091
0.0132687
0.0134268
0.0135833
0.0137383
0.0138917
0.0140436
0.0141939
0.0143425
0.0144895
0.0146349
0.0147787
0.0149207
0.0150611
0.0151997
0.0153367
0.0154719
0.0156053
0.015737
0.0158669
0.015995
0.0161213
0.0162458
0.0163685
0.0164892
0.0166082
0.0167252
0.0168404
0.0169537
0.017065
0.0171744
0.0172819
0.0173874
0.017491
0.0175926
0.0176922
0.0177898
0.0178854
0.017979
0.0180706
0.0181601
0.0182476
0.018333
0.0184164
0.0184976
0.0185768
0.0186539
0.0187289
0.0188018
0.0188726
0.0189412
0.0190077
0.0190721
0.0191343
0.0191944
0.0192523
0.019308
0.0193616
0.019413
0.0194621
0.0195091
0.019554
0.0195966
0.019637
0.0196751
0.0197111
0.0197449
0.0197764
0.0198057
0.0198328
0.0198576
0.0198803
0.0199006
0.0199188
0.0199347
0.0199483
0.0199597
0.0199689
0.0199758
0.0199805
0.0199829
0.019983
0.019981
0.0199766
0.0199701
0.0199612
0.0199502
0.0199369
0.0199213
0.0199035
0.0198835
0.0198612
0.0198367
0.0198099
0.019781
0.0197498
0.0197164
0.0196807
0.0196429
0.0196028
0.0195605
0.019516
0.0194694
0.0194205
0.0193695
0.0193162
0.0192608
0.0192033
0.0191435
0.0190816
0.0190176
0.0189514
0.0188831
0.0188126
0.0187401
0.0186654
0.0185886
0.0185097
0.0184288
0.0183458
0.0182606
0.0181735
0.0180843
0.017993
0.0178997
0.0178044
0.0177071
0.0176078
0.0175065
0.0174033
0.0172981
0.0171909
0.0170817
0.0169707
0.0168577
0.0167429
0.0166261
0.0165075
0.016387
0.0162646
0.0161404
0.0160144
0.0158866
0.0157569
0.0156255
0.0154923
0.0153574
0.0152207
0.0150824
0.0149423
0.0148005
0.014657
0.0145119
0.0143651
0.0142167
0.0140667
0.0139151
0.0137619
0.0136071
0.0134508
0.013293
0.0131337
0.0129728
0.0128105
0.0126468
0.0124816
0.012315
0.0121469
0.0119775
0.0118068
0.0116346
0.0114612
0.0112864
0.0111104
0.0109331
0.0107545
0.0105747
0.0103937
0.0102116
0.0100282
0.00984368
0.00965804
0.00947129
0.00928346
0.00909455
0.00890461
0.00871363
0.00852165
0.00832869
0.00813476
0.0079399
0.00774412
0.00754743
0.00734988
0.00715147
0.00695223
0.00675218
0.00655134
0.00634974
0.00614739
0.00594432
0.00574056
0.00553612
0.00533103
0.00512531
0.00491898
0.00471206
0.00450459
0.00429657
0.00408804
0.00387902
0.00366953
0.00345959
0.00324923
0.00303847
0.00282734
0.00261585
0.00240403
0.00219191
0.0019795
0.00176684
0.00155394
0.00134083
0.00112753
0.00091407
0.000700467
0.000486748
0.000272935
5.90534e-05
-0.000154874
-0.000368823
-0.000582771
-0.000796692
-0.00101056
-0.00122436
-0.00143807
-0.00165165
-0.00186508
-0.00207835
-0.00229143
-0.00250429
-0.00271691
-0.00292927
-0.00314134
-0.0033531
-0.00356453
-0.00377561
-0.0039863
-0.00419658
-0.00440644
-0.00461585
-0.00482478
-0.00503322
-0.00524114
-0.00544851
-0.00565531
-0.00586153
-0.00606713
-0.0062721
-0.00647641
-0.00668003
-0.00688295
-0.00708515
-0.00728659
-0.00748727
-0.00768715
-0.00788621
-0.00808443
-0.00828179
-0.00847827
-0.00867385
-0.0088685
-0.0090622
-0.00925492
-0.00944666
-0.00963738
-0.00982707
-0.0100157
-0.0102033
-0.0103897
-0.0105751
-0.0107593
-0.0109423
-0.0111242
-0.0113048
-0.0114842
-0.0116624
-0.0118394
-0.012015
-0.0121894
-0.0123624
-0.0125341
-0.0127044
-0.0128734
-0.0130409
-0.0132071
-0.0133718
-0.013535
-0.0136968
-0.0138571
-0.0140159
-0.0141731
-0.0143288
-0.014483
-0.0146355
-0.0147865
-0.0149359
-0.0150836
-0.0152297
-0.0153741
-0.0155169
-0.0156579
-0.0157972
-0.0159348
-0.0160707
-0.0162048
-0.0163371
-0.0164677
-0.0165964
-0.0167233
-0.0168484
-0.0169717
-0.0170931
-0.0172126
-0.0173302
-0.0174459
-0.0175597
-0.0176716
-0.0177815
-0.0178895
-0.0179955
-0.0180996
-0.0182016
-0.0183017
-0.0183997
-0.0184957
-0.0185897
-0.0186816
-0.0187715
-0.0188593
-0.018945
-0.0190287
-0.0191102
-0.0191897
-0.019267
-0.0193422
-0.0194153
-0.0194862
-0.019555
-0.0196216
-0.0196861
-0.0197484
-0.0198085
-0.0198664
-0.0199221
-0.0199756
-0.0200269
-0.0200761
-0.0201229
-0.0201676
-0.02021
-0.0202502
-0.0202882
-0.0203239
-0.0203573
-0.0203885
-0.0204175
-0.0204442
-0.0204686
-0.0204908
-0.0205106
-0.0205283
-0.0205436
-0.0205567
-0.0205674
-0.0205759
-0.0205822
-0.0205861
-0.0205878
-0.0205871
-0.0205842
-0.020579
-0.0205715
-0.0205617
-0.0205497
-0.0205353
-0.0205187
-0.0204998
-0.0204786
-0.0204552
-0.0204294
-0.0204014
-0.0203712
-0.0203386
-0.0203038
-0.0202667
-0.0202274
-0.0201858
-0.020142
-0.020096
-0.0200477
-0.0199971
-0.0199444
-0.0198894
-0.0198322
-0.0197727
-0.0197111
-0.0196473
-0.0195813
-0.0195131
-0.0194427
-0.0193702
-0.0192955
-0.0192186
-0.0191396
-0.0190584
-0.0189752
-0.0188898
-0.0188023
-0.0187127
-0.018621
-0.0185272
-0.0184313
-0.0183334
-0.0182334
-0.0181314
-0.0180274
-0.0179213
-0.0178133
-0.0177032
-0.0175912
-0.0174772
-0.0173612
-0.0172433
-0.0171235
-0.0170017
-0.016878
-0.0167525
-0.016625
-0.0164957
-0.0163646
-0.0162316
-0.0160968
-0.0159602
-0.0158217
-0.0156816
-0.0155396
-0.0153959
-0.0152505
-0.0151034
-0.0149545
-0.014804
-0.0146518
-0.014498
-0.0143426
-0.0141855
-0.0140268
-0.0138666
-0.0137048
-0.0135415
-0.0133766
-0.0132102
-0.0130424
-0.012873
-0.0127023
-0.01253
-0.0123564
-0.0121814
-0.012005
-0.0118273
-0.0116482
-0.0114679
-0.0112862
-0.0111032
-0.010919
-0.0107336
-0.010547
-0.0103591
-0.0101702
-0.00998001
-0.00978874
-0.00959637
-0.00940292
-0.0092084
-0.00901285
-0.00881628
-0.00861871
-0.00842018
-0.00822069
-0.00802027
-0.00781896
-0.00761676
-0.0074137
-0.0072098
-0.00700509
-0.00679959
-0.00659333
-0.00638632
-0.00617859
-0.00597017
-0.00576108
-0.00555133
-0.00534096
-0.00513
-0.00491845
-0.00470635
-0.00449373
-0.0042806
-0.00406699
-0.00385292
-0.00363843
-0.00342353
-0.00320824
-0.0029926
-0.00277663
-0.00256035
-0.00234379
-0.00212697
-0.00190992
-0.00169266
-0.00147521
-0.00125761
-0.00103988
-0.000822035
-0.000604112
-0.00038613
-0.000168117
4.99027e-05
0.000267904
0.000485862
0.000703751
0.000921546
0.00113922
0.00135675
0.00157411
0.00179128
0.00200822
0.00222492
0.00244135
0.00265748
0.00287329
0.00308875
0.00330384
0.00351854
0.00373281
0.00394663
0.00415998
0.00437283
0.00458516
0.00479694
0.00500815
0.00521876
0.00542875
0.00563809
0.00584676
0.00605473
0.00626198
0.00646848
0.00667421
0.00687915
0.00708327
0.00728654
0.00748895
0.00769046
0.00789106
0.00809071
0.0082894
0.00848711
0.0086838
0.00887945
0.00907405
0.00926756
0.00945997
0.00965124
0.00984137
0.0100303
0.0102181
0.0104046
0.0105899
0.0107739
0.0109566
0.011138
0.0113181
0.0114968
0.0116742
0.0118501
0.0120247
0.0121977
0.0123694
0.0125395
0.0127081
0.0128752
0.0130408
0.0132047
0.0133671
0.0135279
0.013687
0.0138445
0.0140004
0.0141545
0.0143069
0.0144576
0.0146065
0.0147537
0.0148991
0.0150427
0.0151844
0.0153244
0.0154624
0.0155986
0.0157329
0.0158652
0.0159957
0.0161241
0.0162507
0.0163752
0.0164977
0.0166183
0.0167367
0.0168532
0.0169676
0.0170799
0.0171901
0.0172982
0.0174041
0.017508
0.0176096
0.0177091
0.0178065
0.0179016
0.0179945
0.0180852
0.0181737
0.0182599
0.0183438
0.0184255
0.0185049
0.018582
0.0186567
0.0187292
0.0187993
0.0188671
0.0189325
0.0189956
0.0190562
0.0191145
0.0191704
0.0192239
0.019275
0.0193237
0.0193699
0.0194137
0.019455
0.0194939
0.0195303
0.0195642
0.0195957
0.0196246
0.0196511
0.0196751
0.0196965
0.0197155
0.0197319
0.0197458
0.0197572
0.0197661
0.0197724
0.0197761
0.0197774
0.019776
0.0197722
0.0197657
0.0197567
0.0197451
0.019731
0.0197143
0.0196951
0.0196732
0.0196488
0.0196218
0.0195923
0.0195601
0.0195254
0.0194881
0.0194483
0.0194058
0.0193608
0.0193132
0.0192631
0.0192103
0.0191551
0.0190972
0.0190368
0.0189738
0.0189083
0.0188402
0.0187695
0.0186963
0.0186206
0.0185423
0.0184615
0.0183782
0.0182923
0.0182039
0.0181131
0.0180197
0.0179238
0.0178254
0.0177245
0.0176212
0.0175153
0.0174071
0.0172963
0.0171831
0.0170675
0.0169494
0.016829
0.0167061
0.0165808
0.0164531
0.016323
0.0161905
0.0160557
0.0159186
0.0157791
0.0156372
0.0154931
0.0153466
0.0151979
0.0150469
0.0148936
0.014738
0.0145802
0.0144202
0.014258
0.0140935
0.0139269
0.0137581
0.0135871
0.013414
0.0132388
0.0130615
0.012882
0.0127005
0.0125169
0.0123313
0.0121436
0.0119539
0.0117622
0.0115685
0.0113729
0.0111753
0.0109758
0.0107744
0.0105711
0.0103659
0.0101588
0.00994994
0.00973923
0.00952673
0.00931245
0.0090964
0.00887862
0.00865912
0.00843791
0.00821503
0.00799049
0.00776431
0.00753652
0.00730713
0.00707617
0.00684366
0.00660961
0.00637406
0.00613702
0.00589852
0.00565858
0.00541722
0.00517446
0.00493033
0.00468486
0.00443805
0.00418995
0.00394056
0.00368992
0.00343805
0.00318497
0.00293071
0.00267529
0.00241874
0.00216108
0.00190233
0.00164252
0.00138168
0.00111983
0.000856999
0.000593207
0.000328482
6.28501e-05
-0.000203663
-0.000471032
-0.00073923
-0.00100823
-0.00127801
-0.00154854
-0.00181979
-0.00209175
-0.00236437
-0.00263764
-0.00291152
-0.003186
-0.00346104
-0.00373662
-0.00401271
-0.00428928
-0.0045663
-0.00484376
-0.00512161
-0.00539984
-0.00567841
-0.0059573
-0.00623649
-0.00651593
-0.00679561
-0.0070755
-0.00735557
-0.00763579
-0.00791614
-0.00819658
-0.00847709
-0.00875763
-0.0090382
-0.00931874
-0.00959925
-0.00987968
-0.01016
-0.0104402
-0.0107203
-0.0110001
-0.0112798
-0.0115592
-0.0118383
-0.0121172
-0.0123957
-0.0126739
-0.0129517
-0.0132291
-0.013506
-0.0137825
-0.0140585
-0.014334
-0.0146089
-0.0148832
-0.015157
-0.0154301
-0.0157026
-0.0159743
-0.0162454
-0.0165157
-0.0167853
-0.017054
-0.017322
-0.0175891
-0.0178553
-0.0181206
-0.0183849
-0.0186484
-0.0189108
-0.0191722
-0.0194326
-0.0196919
-0.0199501
-0.0202073
-0.0204632
-0.020718
-0.0209716
-0.021224
-0.0214751
-0.021725
-0.0219735
-0.0222208
-0.0224667
-0.0227112
-0.0229543
-0.023196
-0.0234362
-0.023675
-0.0239123
-0.024148
-0.0243822
-0.0246148
-0.0248459
-0.0250753
-0.0253031
-0.0255292
-0.0257536
-0.0259763
-0.0261972
-0.0264165
-0.0266339
-0.0268495
-0.0270633
-0.0272753
-0.0274854
-0.0276936
-0.0278999
-0.0281042
-0.0283066
-0.028507
-0.0287055
-0.0289019
-0.0290962
-0.0292886
-0.0294788
-0.0296669
-0.029853
-0.0300369
-0.0302186
-0.0303982
-0.0305755
-0.0307507
-0.0309236
-0.0310943
-0.0312628
-0.0314289
-0.0315928
-0.0317543
-0.0319135
-0.0320703
-0.0322248
-0.0323769
-0.0325267
-0.032674
-0.0328188
-0.0329613
-0.0331012
-0.0332387
-0.0333738
-0.0335063
-0.0336363
-0.0337638
-0.0338887
-0.0340111
-0.0341309
-0.0342481
-0.0343628
-0.0344749
-0.0345843
-0.0346911
-0.0347953
-0.0348968
-0.0349957
-0.0350919
-0.0351854
-0.0352763
-0.0353645
-0.0354499
-0.0355326
-0.0356127
-0.0356899
-0.0357645
-0.0358363
-0.0359054
-0.0359716
-0.0360352
-0.0360959
-0.0361539
-0.0362091
-0.0362615
-0.0363111
-0.0363579
-0.036402
-0.0364432
-0.0364815
-0.0365171
-0.0365499
-0.0365798
-0.0366069
-0.0366312
-0.0366527
-0.0366713
-0.0366871
-0.0367001
-0.0367102
-0.0367175
-0.0367219
-0.0367236
-0.0367224
-0.0367183
-0.0367114
-0.0367017
-0.0366892
-0.0366738
-0.0366557
-0.0366347
-0.0366108
-0.0365842
-0.0365547
-0.0365225
-0.0364874
-0.0364495
-0.0364089
-0.0363654
-0.0363192
-0.0362702
-0.0362184
-0.0361639
-0.0361066
-0.0360465
-0.0359837
-0.0359182
-0.0358499
-0.0357789
-0.0357052
-0.0356288
-0.0355497
-0.0354679
-0.0353835
-0.0352963
-0.0352066
-0.0351142
-0.0350191
-0.0349215
-0.0348212
-0.0347183
-0.0346129
-0.0345048
-0.0343942
-0.0342811
-0.0341655
-0.0340473
-0.0339266
-0.0338034
-0.0336778
-0.0335497
-0.0334191
-0.0332861
-0.0331508
-0.033013
-0.0328728
-0.0327303
-0.0325854
-0.0324382
-0.0322887
-0.0321369
-0.0319828
-0.0318264
-0.0316679
-0.0315071
-0.0313441
-0.0311789
-0.0310116
-0.0308421
-0.0306705
-0.0304968
-0.030321
-0.0301432
-0.0299633
-0.0297814
-0.0295976
-0.0294117
-0.0292239
-0.0290342
-0.0288426
-0.0286491
-0.0284538
-0.0282566
-0.0280576
-0.0278568
-0.0276543
-0.02745
-0.0272441
-0.0270364
-0.0268271
-0.0266161
-0.0264036
-0.0261894
-0.0259737
-0.0257565
-0.0255378
-0.0253176
-0.0250959
-0.0248729
-0.0246484
-0.0244226
-0.0241954
-0.0239669
-0.0237372
-0.0235061
-0.0232739
-0.0230405
-0.0228059
-0.0225701
-0.0223333
-0.0220954
-0.0218564
-0.0216164
-0.0213754
-0.0211335
-0.0208906
-0.0206468
-0.0204022
-0.0201567
-0.0199104
-0.0196634
-0.0194156
-0.0191671
-0.0189179
-0.0186681
-0.0184176
-0.0181666
-0.017915
-0.0176629
-0.0174103
-0.0171573
-0.0169038
-0.0166499
-0.0163957
-0.0161412
-0.0158863
-0.0156312
-0.0153759
-0.0151204
-0.0148647
-0.0146089
-0.0143531
-0.0140971
-0.0138412
-0.0135852
-0.0133293
-0.0130735
-0.0128177
-0.0125622
-0.0123068
-0.0120516
-0.0117967
-0.011542
-0.0112877
-0.0110337
-0.0107801
-0.0105269
-0.0102742
-0.0100219
-0.00977023
-0.00951908
-0.00926852
-0.00901858
-0.00876931
-0.00852073
-0.00827288
-0.0080258
-0.00777951
-0.00753406
-0.00728948
-0.00704581
-0.00680307
-0.0065613
-0.00632054
-0.00608082
-0.00584218
-0.00560464
-0.00536826
-0.00513305
-0.00489905
-0.0046663
-0.00443483
-0.00420468
-0.00397587
-0.00374845
-0.00352245
-0.0032979
-0.00307483
-0.00285329
-0.00263329
-0.00241489
-0.0021981
-0.00198297
-0.00176952
-0.00155779
-0.00134781
-0.00113962
-0.000933254
-0.000728735
-0.000526101
-0.000325384
-0.000126616
7.01699e-05
0.000264941
0.000457667
0.000648313
0.00083685
0.00102324
0.00120747
0.00138948
0.00156926
0.00174677
0.00192199
0.00209487
0.0022654
0.00243353
0.00259924
0.0027625
0.00292328
0.00308155
0.00323728
0.00339043
0.00354099
0.00368892
0.00383419
0.00397677
0.00411664
0.00425376
0.00438812
0.00451967
0.00464839
0.00477426
0.00489724
0.00501732
0.00513446
0.00524863
0.00535982
0.00546798
0.00557311
0.00567516
0.00577413
0.00586997
0.00596266
0.00605219
0.00613852
0.00622164
0.00630151
0.00637811
0.00645142
0.00652142
0.00658808
0.00665138
0.0067113
0.00676781
0.0068209
0.00687053
0.0069167
0.00695937
0.00699853
0.00703415
0.00706622
0.00709471
0.00711961
0.00714089
0.00715854
0.00717254
0.00718286
0.00718949
0.00719242
0.00719161
0.00718707
0.00717876
0.00716667
0.00715078
0.00713109
0.00710756
0.00708019
0.00704897
0.00701386
0.00697487
0.00693197
0.00688516
0.00683441
0.00677971
0.00672106
0.00665843
0.00659182
0.00652121
0.00644659
0.00636795
0.00628527
0.00619856
0.00610778
0.00601295
0.00591403
0.00581104
0.00570395
0.00559275
0.00547744
0.00535802
0.00523446
0.00510677
0.00497494
0.00483895
0.00469881
0.0045545
0.00440603
0.00425337
0.00409654
0.00393552
0.00377032
0.00360091
0.00342731
0.00324951
0.0030675
0.00288128
0.00269085
0.00249621
0.00229735
0.00209428
0.00188699
0.00167547
0.00145974
0.0012398
0.00101563
0.000787239
0.000554634
0.000317812
7.67752e-05
-0.000168475
-0.000417936
-0.000671605
-0.000929479
-0.00119155
-0.00145783
-0.0017283
-0.00200296
-0.0022818
-0.00256482
-0.00285202
-0.00314339
-0.00343892
-0.00373861
-0.00404245
-0.00435043
-0.00466255
-0.00497879
-0.00529915
-0.00562363
-0.0059522
-0.00628487
-0.00662163
-0.00696245
-0.00730735
-0.00765629
-0.00800928
-0.0083663
-0.00872734
-0.00909239
-0.00946143
-0.00983446
-0.0102115
-0.0105924
-0.0109773
-0.0113662
-0.0117589
-0.0121556
-0.0125561
-0.0129605
-0.0133688
-0.0137809
-0.0141968
-0.0146166
-0.0150401
-0.0154675
-0.0158986
-0.0163334
-0.0167719
-0.0172142
-0.0176601
-0.0181098
-0.018563
-0.0190199
-0.0194804
-0.0199445
-0.0204122
-0.0208835
-0.0213582
-0.0218365
-0.0223183
-0.0228035
-0.0232922
-0.0237843
-0.0242798
-0.0247787
-0.0252809
-0.0257865
-0.0262954
-0.0268076
-0.0273231
-0.0278417
-0.0283636
-0.0288887
-0.029417
-0.0299484
-0.0304829
-0.0310206
-0.0315612
-0.032105
-0.0326517
-0.0332014
-0.0337541
-0.0343097
-0.0348683
-0.0354297
-0.0359939
-0.036561
-0.0371309
-0.0377036
-0.038279
-0.0388571
-0.0394379
-0.0400214
-0.0406074
-0.0411961
-0.0417874
-0.0423812
-0.0429775
-0.0435763
-0.0441775
-0.0447812
-0.0453872
-0.0459956
-0.0466063
-0.0472194
-0.0478347
-0.0484522
-0.049072
-0.0496939
-0.050318
-0.0509441
-0.0515724
-0.0522027
-0.052835
-0.0534693
-0.0541056
-0.0547438
-0.0553838
-0.0560257
-0.0566695
-0.057315
-0.0579623
-0.0586113
-0.0592621
-0.0599144
-0.0605684
-0.061224
-0.0618812
-0.0625399
-0.0632
-0.0638617
-0.0645247
-0.0651892
-0.065855
-0.0665222
-0.0671906
-0.0678603
-0.0685313
-0.0692034
-0.0698767
-0.0705511
-0.0712266
-0.0719031
-0.0725807
-0.0732593
-0.0739388
-0.0746193
-0.0753006
-0.0759828
-0.0766659
-0.0773497
-0.0780343
-0.0787196
-0.0794055
-0.0800922
-0.0807794
-0.0814673
-0.0821557
-0.0828446
-0.0835341
-0.0842239
-0.0849142
-0.0856049
-0.086296
-0.0869873
-0.087679
-0.0883709
-0.089063
-0.0897554
-0.0904479
-0.0911405
-0.0918332
-0.092526
-0.0932188
-0.0939116
-0.0946044
-0.0952971
-0.0959897
-0.0966822
-0.0973745
-0.0980666
-0.0987585
-0.0994502
-0.100142
-0.100833
-0.101523
-0.102214
-0.102904
-0.103593
-0.104282
-0.104971
-0.105659
-0.106346
-0.107033
-0.107719
-0.108405
-0.10909
-0.109774
-0.110458
-0.111141
-0.111823
-0.112504
-0.113184
-0.113864
-0.114542
-0.11522
-0.115897
-0.116572
-0.117247
-0.117921
-0.118594
-0.119265
-0.119936
-0.120605
-0.121273
-0.12194
-0.122606
-0.123271
-0.123934
-0.124596
-0.125257
-0.125917
-0.126575
-0.127232
-0.127887
-0.128541
-0.129194
-0.129845
-0.130495
-0.131143
-0.13179
-0.132435
-0.133078
-0.13372
-0.134361
-0.135
-0.135637
-0.136273
-0.136907
-0.137539
-0.138169
-0.138798
-0.139425
-0.140051
-0.140674
-0.141296
-0.141916
-0.142535
-0.143151
-0.143766
-0.144378
-0.144989
-0.145598
-0.146205
-0.146811
-0.147414
-0.148015
-0.148615
-0.149212
-0.149808
-0.150401
-0.150993
-0.151583
-0.15217
-0.152756
-0.153339
-0.153921
-0.154501
-0.155078
-0.155654
-0.156227
-0.156798
-0.157368
-0.157935
-0.1585
-0.159063
-0.159624
-0.160183
-0.16074
-0.161294
-0.161847
-0.162397
-0.162946
-0.163492
-0.164036
-0.164578
-0.165118
-0.165656
-0.166192
-0.166726
-0.167257
-0.167787
-0.168314
-0.16884
-0.169363
-0.169884
-0.170403
-0.17092
-0.171435
-0.171947
-0.172458
-0.172967
-0.173473
-0.173978
-0.17448
-0.174981
-0.175479
-0.175975
-0.17647
-0.176962
-0.177453
-0.177941
-0.178427
-0.178912
-0.179394
-0.179875
-0.180353
-0.18083
-0.181305
-0.181778
-0.182249
-0.182718
-0.183185
-0.183651
-0.184114
-0.184576
-0.185036
-0.185494
-0.185951
-0.186406
-0.186859
-0.18731
-0.187759
-0.188207
-0.188654
-0.189098
-0.189541
-0.189983
-0.190423
-0.190861
-0.191298
-0.191733
-0.192167
-0.192599
-0.19303
-0.193459
-0.193887
-0.194314
-0.194739
-0.195163
-0.195586
-0.196007
-0.196427
-0.196846
-0.197264
-0.19768
-0.198096
-0.19851
-0.198923
-0.199335
-0.199746
-0.200156
-0.200565
-0.200973
-0.20138
-0.201787
-0.202192
-0.202597
-0.203
-0.203404
-0.203806
-0.204207
-0.204608
-0.205009
-0.205408
-0.205807
-0.206206
-0.206604
-0.207001
-0.207398
-0.207795
-0.208191
-0.208587
-0.208983
-0.209379
-0.209774
-0.210169
-0.210564
-0.210958
-0.211353
-0.211748
-0.212142
-0.212537
-0.212932
-0.213326
-0.213721
-0.214116
-0.214512
-0.214907
-0.215303
-0.2157
-0.216096
-0.216493
-0.216891
-0.217289
-0.217687
-0.218086
-0.218486
-0.218887
-0.219288
-0.21969
-0.220092
-0.220496
-0.2209
-0.221305
-0.221712
-0.222119
-0.222527
-0.222937
-0.223347
-0.223759
-0.224172
-0.224586
-0.225001
-0.225418
-0.225836
-0.226256
-0.226677
-0.2271
-0.227524
-0.22795
-0.228378
-0.228807
-0.229238
-0.229671
-0.230105
-0.230542
-0.23098
-0.23142
-0.231863
-0.232307
-0.232754
-0.233203
-0.233654
-0.234107
-0.234562
-0.23502
-0.23548
-0.235943
-0.236408
-0.236876
-0.237346
-0.237819
-0.238295
-0.238773
-0.239254
-0.239737
-0.240224
-0.240714
-0.241206
-0.241701
-0.2422
-0.242701
-0.243206
-0.243714
-0.244225
-0.244739
-0.245257
-0.245777
-0.246302
-0.246829
-0.247361
-0.247895
-0.248434
-0.248976
-0.249521
-0.250071
-0.250624
-0.25118
-0.251741
-0.252306
-0.252874
-0.253447
-0.254023
-0.254604
-0.255188
-0.255777
-0.25637
-0.256967
-0.257569
-0.258174
-0.258785
-0.259399
-0.260018
-0.260642
-0.26127
-0.261902
-0.262539
-0.263181
-0.263828
-0.264479
-0.265135
-0.265796
-0.266461
-0.267132
-0.267808
-0.268488
-0.269174
-0.269864
-0.27056
-0.271261
-0.271967
-0.272678
-0.273394
-0.274116
-0.274843
-0.275575
-0.276313
-0.277056
-0.277805
-0.278559
-0.279319
-0.280084
-0.280855
-0.281631
-0.282413
-0.283201
-0.283995
-0.284794
-0.285599
-0.28641
-0.287227
-0.28805
-0.288878
-0.289713
-0.290554
-0.2914
-0.292253
-0.293112
-0.293977
-0.294848
-0.295725
-0.296609
-0.297498
-0.298394
-0.299296
-0.300205
-0.301119
-0.302041
-0.302968
-0.303902
-0.304842
-0.305789
-0.306743
-0.307702
-0.308669
-0.309642
-0.310621
-0.311607
-0.3126
-0.313599
-0.314605
-0.315617
-0.316636
-0.317662
-0.318695
-0.319735
-0.320781
-0.321834
-0.322893
-0.32396
-0.325033
-0.326113
-0.3272
-0.328294
-0.329395
-0.330503
-0.331617
-0.332739
-0.333867
-0.335003
-0.336145
-0.337294
-0.33845
-0.339613
-0.340784
-0.341961
-0.343145
-0.344336
-0.345534
-0.346739
-0.347951
-0.349171
-0.350397
-0.35163
-0.35287
-0.354118
-0.355372
-0.356633
-0.357902
-0.359177
-0.36046
-0.361749
-0.363046
-0.36435
-0.36566
-0.366978
-0.368303
-0.369634
-0.370973
-0.372319
-0.373671
-0.375031
-0.376398
-0.377772
-0.379152
-0.38054
-0.381935
-0.383336
-0.384745
-0.38616
-0.387582
-0.389012
-0.390448
-0.391891
-0.393341
-0.394797
-0.396261
-0.397731
-0.399208
-0.400692
-0.402183
-0.40368
-0.405184
-0.406695
-0.408213
-0.409737
-0.411268
-0.412806
-0.41435
-0.4159
-0.417458
-0.419021
-0.420592
-0.422169
-0.423752
-0.425342
-0.426938
-0.42854
-0.430149
-0.431764
-0.433386
-0.435013
-0.436647
-0.438288
-0.439934
-0.441587
-0.443245
-0.44491
-0.446581
-0.448258
-0.44994
-0.451629
-0.453324
-0.455024
-0.45673
-0.458443
-0.460161
-0.461884
-0.463613
-0.465348
-0.467089
-0.468835
-0.470587
-0.472344
-0.474107
-0.475875
-0.477648
-0.479427
-0.481211
-0.483
-0.484794
-0.486594
-0.488398
-0.490208
-0.492022
-0.493842
-0.495666
-0.497496
-0.49933
-0.501169
-0.503012
-0.504861
-0.506713
-0.508571
-0.510433
-0.512299
-0.51417
-0.516045
-0.517924
-0.519808
-0.521695
-0.523587
-0.525483
-0.527383
-0.529287
-0.531195
-0.533106
-0.535022
-0.536941
-0.538864
-0.54079
-0.54272
-0.544653
-0.54659
-0.54853
-0.550474
-0.552421
-0.55437
-0.556323
-0.558279
-0.560238
-0.5622
-0.564165
-0.566133
-0.568103
-0.570076
-0.572052
-0.57403
-0.57601
-0.577993
-0.579979
-0.581966
-0.583956
-0.585948
-0.587942
-0.589938
-0.591936
-0.593935
-0.595937
-0.59794
-0.599945
-0.601951
-0.603959
-0.605968
-0.607979
-0.609991
-0.612004
-0.614018
-0.616034
-0.61805
-0.620067
-0.622085
-0.624104
-0.626124
-0.628144
-0.630164
-0.632186
-0.634207
-0.636229
-0.638251
-0.640273
-0.642296
-0.644318
-0.646341
-0.648363
-0.650385
-0.652406
-0.654428
-0.656449
-0.658469
-0.660489
-0.662508
-0.664526
-0.666544
-0.66856
-0.670576
-0.67259
-0.674604
-0.676616
-0.678626
-0.680636
-0.682644
-0.68465
-0.686655
-0.688658
-0.690659
-0.692659
-0.694656
-0.696652
-0.698645
-0.700636
-0.702625
-0.704611
-0.706596
-0.708577
-0.710556
-0.712533
-0.714506
-0.716477
-0.718445
-0.72041
-0.722371
-0.72433
-0.726285
-0.728238
-0.730186
-0.732132
-0.734073
-0.736011
-0.737946
-0.739876
-0.741803
-0.743726
-0.745644
-0.747559
-0.749469
-0.751375
-0.753277
-0.755174
-0.757067
-0.758955
-0.760839
-0.762718
-0.764592
-0.766461
-0.768325
-0.770184
-0.772038
-0.773886
-0.77573
-0.777568
-0.7794
-0.781227
-0.783049
-0.784864
-0.786674
-0.788478
-0.790276
-0.792068
-0.793854
-0.795634
-0.797408
-0.799175
-0.800936
-0.802691
-0.804439
-0.80618
-0.807915
-0.809643
-0.811364
-0.813078
-0.814785
-0.816486
-0.818179
-0.819865
-0.821543
-0.823214
-0.824878
-0.826535
-0.828183
-0.829824
-0.831458
-0.833084
-0.834701
-0.836311
-0.837913
-0.839507
-0.841093
-0.84267
-0.84424
-0.845801
-0.847353
-0.848898
-0.850433
-0.85196
-0.853479
-0.854988
-0.856489
-0.857981
-0.859464
-0.860938
-0.862403
-0.863859
-0.865306
-0.866743
-0.868171
-0.86959
-0.871
-0.8724
-0.87379
-0.875171
-0.876542
-0.877903
-0.879255
-0.880597
-0.881929
-0.88325
-0.884562
-0.885864
-0.887156
-0.888437
-0.889709
-0.89097
-0.89222
-0.893461
-0.89469
-0.89591
-0.897118
-0.898316
-0.899504
-0.900681
-0.901847
-0.903002
-0.904146
-0.905279
-0.906402
-0.907513
-0.908614
-0.909703
-0.910781
-0.911848
-0.912904
-0.913948
-0.914981
-0.916003
-0.917014
-0.918012
-0.919
-0.919976
-0.92094
-0.921893
-0.922834
-0.923763
-0.924681
-0.925587
-0.926481
-0.927363
-0.928233
-0.929092
-0.929938
-0.930773
-0.931595
-0.932406
-0.933204
-0.93399
-0.934764
-0.935526
-0.936276
-0.937013
-0.937738
-0.938451
-0.939152
-0.93984
-0.940516
-0.94118
-0.941831
-0.942469
-0.943095
-0.943709
-0.94431
-0.944899
-0.945475
-0.946038
-0.946589
-0.947127
-0.947653
-0.948166
-0.948666
-0.949154
-0.949628
-0.95009
-0.95054
-0.950976
-0.9514
-0.951811
-0.952209
-0.952595
-0.952967
-0.953327
-0.953674
-0.954008
-0.954329
-0.954638
-0.954933
-0.955215
-0.955485
-0.955742
-0.955986
-0.956217
-0.956435
-0.95664
-0.956832
-0.957011
-0.957177
-0.957331
-0.957471
-0.957598
-0.957713
-0.957815
-0.957903
-0.957979
-0.958042
-0.958092
-0.958129
-0.958153
-0.958164
-0.958163
-0.958148
-0.958121
-0.95808
-0.958027
-0.957961
-0.957882
-0.95779
-0.957686
-0.957568
-0.957438
-0.957295
-0.957139
-0.956971
-0.95679
-0.956596
-0.956389
-0.956169
-0.955937
-0.955692
-0.955435
-0.955165
-0.954882
-0.954587
-0.954279
-0.953959
-0.953626
-0.95328
-0.952922
-0.952552
-0.952169
-0.951774
-0.951366
-0.950946
-0.950514
-0.950069
-0.949612
-0.949143
-0.948662
-0.948168
-0.947662
-0.947144
-0.946614
-0.946072
-0.945518
-0.944952
-0.944374
-0.943783
-0.943181
-0.942567
-0.941941
-0.941304
-0.940654
-0.939993
-0.93932
-0.938636
-0.937939
-0.937231
-0.936512
-0.935781
-0.935039
-0.934285
-0.933519
-0.932743
-0.931955
-0.931155
-0.930345
-0.929523
-0.92869
-0.927846
-0.926991
-0.926125
-0.925248
-0.92436
-0.923461
-0.922551
-0.92163
-0.920699
-0.919757
-0.918804
-0.917841
-0.916867
-0.915882
-0.914887
-0.913882
-0.912866
-0.91184
-0.910804
-0.909757
-0.9087
-0.907634
-0.906557
-0.90547
-0.904373
-0.903266
-0.902149
-0.901022
-0.899886
-0.89874
-0.897584
-0.896419
-0.895244
-0.89406
-0.892866
-0.891663
-0.890451
-0.889229
-0.887998
-0.886758
-0.885509
-0.88425
-0.882983
-0.881707
-0.880422
-0.879128
-0.877826
-0.876515
-0.875195
-0.873866
-0.872529
-0.871184
-0.86983
-0.868468
-0.867098
-0.865719
-0.864332
-0.862938
-0.861535
-0.860124
-0.858705
-0.857279
-0.855844
-0.854402
-0.852952
-0.851495
-0.85003
-0.848558
-0.847078
-0.845591
-0.844097
-0.842595
-0.841086
-0.83957
-0.838047
-0.836518
-0.834981
-0.833437
-0.831887
-0.83033
-0.828766
-0.827196
-0.825619
-0.824035
-0.822446
-0.82085
-0.819247
-0.817639
-0.816024
-0.814403
-0.812777
-0.811144
-0.809506
-0.807861
-0.806211
-0.804555
-0.802894
-0.801227
-0.799555
-0.797877
-0.796193
-0.794505
-0.792811
-0.791112
-0.789408
-0.787699
-0.785985
-0.784266
-0.782543
-0.780814
-0.779081
-0.777343
-0.775601
-0.773854
-0.772102
-0.770346
-0.768586
-0.766822
-0.765053
-0.76328
-0.761504
-0.759723
-0.757938
-0.756149
-0.754357
-0.752561
-0.750761
-0.748957
-0.74715
-0.74534
-0.743526
-0.741708
-0.739887
-0.738064
-0.736236
-0.734406
-0.732573
-0.730736
-0.728897
-0.727055
-0.72521
-0.723362
-0.721512
-0.719659
-0.717803
-0.715945
-0.714085
-0.712222
-0.710356
-0.708489
-0.706619
-0.704747
-0.702873
-0.700997
-0.699119
-0.697239
-0.695357
-0.693473
-0.691588
-0.689701
-0.687812
-0.685922
-0.68403
-0.682137
-0.680242
-0.678347
-0.676449
-0.674551
-0.672651
-0.67075
-0.668848
-0.666946
-0.665042
-0.663137
-0.661231
-0.659325
-0.657418
-0.65551
-0.653602
-0.651693
-0.649783
-0.647873
-0.645962
-0.644052
-0.64214
-0.640229
-0.638317
-0.636405
-0.634493
-0.632581
-0.630669
-0.628757
-0.626845
-0.624933
-0.623021
-0.62111
-0.619199
-0.617288
-0.615377
-0.613467
-0.611557
-0.609648
-0.607739
-0.605831
-0.603924
-0.602017
-0.600111
-0.598206
-0.596301
-0.594398
-0.592495
-0.590593
-0.588692
-0.586792
-0.584894
-0.582996
-0.581099
-0.579204
-0.57731
-0.575417
-0.573526
-0.571636
-0.569747
-0.567859
-0.565973
-0.564089
-0.562206
-0.560325
-0.558445
-0.556567
-0.554691
-0.552816
-0.550943
-0.549072
-0.547203
-0.545335
-0.54347
-0.541606
-0.539744
-0.537885
-0.536027
-0.534171
-0.532318
-0.530466
-0.528617
-0.52677
-0.524925
-0.523082
-0.521242
-0.519404
-0.517568
-0.515735
-0.513904
-0.512075
-0.510249
-0.508425
-0.506604
-0.504785
-0.502969
-0.501155
-0.499344
-0.497536
-0.49573
-0.493927
-0.492127
-0.490329
-0.488534
-0.486742
-0.484952
-0.483166
-0.481382
-0.479601
-0.477823
-0.476048
-0.474276
-0.472506
-0.47074
-0.468977
-0.467216
-0.465459
-0.463704
-0.461953
-0.460205
-0.45846
-0.456717
-0.454978
-0.453243
-0.45151
-0.44978
-0.448054
-0.446331
-0.444611
-0.442894
-0.441181
-0.43947
-0.437763
-0.436059
-0.434359
-0.432662
-0.430968
-0.429278
-0.42759
-0.425907
-0.424226
-0.422549
-0.420875
-0.419205
-0.417538
-0.415874
-0.414214
-0.412558
-0.410904
-0.409255
-0.407608
-0.405965
-0.404326
-0.40269
-0.401057
-0.399428
-0.397803
-0.396181
-0.394562
-0.392947
-0.391336
-0.389728
-0.388124
-0.386523
-0.384925
-0.383332
-0.381741
-0.380155
-0.378571
-0.376992
-0.375416
-0.373843
-0.372274
-0.370709
-0.369147
-0.367589
-0.366034
-0.364483
-0.362936
-0.361392
-0.359851
-0.358314
-0.356781
-0.355251
-0.353725
-0.352203
-0.350684
-0.349168
-0.347657
-0.346148
-0.344644
-0.343142
-0.341645
-0.340151
-0.33866
-0.337173
-0.33569
-0.33421
-0.332734
-0.331261
-0.329792
-0.328326
-0.326864
-0.325406
-0.323951
-0.322499
-0.321051
-0.319607
-0.318165
-0.316728
-0.315294
-0.313863
-0.312436
-0.311013
-0.309593
-0.308176
-0.306763
-0.305354
-0.303947
-0.302545
-0.301145
-0.299749
-0.298357
-0.296968
-0.295582
-0.2942
-0.292821
-0.291446
-0.290074
-0.288706
-0.28734
-0.285978
-0.28462
-0.283265
-0.281913
-0.280565
-0.27922
-0.277878
-0.276539
-0.275204
-0.273873
-0.272544
-0.271219
-0.269897
-0.268578
-0.267263
-0.265951
-0.264642
-0.263336
-0.262034
-0.260735
-0.259439
-0.258146
-0.256856
-0.25557
-0.254287
-0.253007
-0.25173
-0.250457
-0.249186
-0.247919
-0.246655
-0.245393
-0.244136
-0.242881
-0.241629
-0.24038
-0.239135
-0.237892
-0.236653
-0.235417
-0.234184
-0.232953
-0.231726
-0.230502
-0.229281
-0.228063
-0.226848
-0.225636
-0.224427
-0.223221
-0.222018
-0.220818
-0.21962
-0.218426
-0.217235
-0.216047
-0.214861
-0.213679
-0.212499
-0.211323
-0.210149
-0.208978
-0.20781
-0.206645
-0.205483
-0.204324
-0.203168
-0.202014
-0.200863
-0.199716
-0.198571
-0.197428
-0.196289
-0.195153
-0.194019
-0.192888
-0.19176
-0.190635
-0.189512
-0.188392
-0.187276
-0.186161
-0.18505
-0.183941
-0.182836
-0.181732
-0.180632
-0.179535
-0.17844
-0.177348
-0.176258
-0.175172
-0.174088
-0.173006
-0.171928
-0.170852
-0.169779
-0.168709
-0.167641
-0.166576
-0.165514
-0.164454
-0.163397
-0.162343
-0.161292
-0.160243
-0.159197
-0.158153
-0.157113
-0.156074
-0.155039
-0.154006
-0.152976
-0.151949
-0.150924
-0.149902
-0.148882
-0.147866
-0.146852
-0.14584
-0.144831
-0.143825
-0.142822
-0.141821
-0.140823
-0.139827
-0.138834
-0.137844
-0.136857
-0.135872
-0.13489
-0.13391
-0.132933
-0.131959
-0.130987
-0.130019
-0.129052
-0.128089
-0.127128
-0.12617
-0.125214
-0.124262
-0.123311
-0.122364
-0.121419
-0.120477
-0.119538
-0.118601
-0.117667
-0.116736
-0.115807
-0.114882
-0.113958
-0.113038
-0.11212
-0.111205
-0.110293
-0.109384
-0.108477
-0.107573
-0.106672
-0.105773
-0.104878
-0.103985
-0.103094
-0.102207
-0.101322
-0.100441
-0.0995616
-0.0986853
-0.0978119
-0.0969413
-0.0960735
-0.0952086
-0.0943465
-0.0934872
-0.0926308
-0.0917772
-0.0909265
-0.0900787
-0.0892337
-0.0883917
-0.0875525
-0.0867162
-0.0858828
-0.0850524
-0.0842248
-0.0834002
-0.0825786
-0.0817599
-0.0809441
-0.0801313
-0.0793215
-0.0785147
-0.0777109
-0.07691
-0.0761122
-0.0753174
-0.0745256
-0.0737369
-0.0729512
-0.0721685
-0.071389
-0.0706125
-0.069839
-0.0690687
-0.0683015
-0.0675374
-0.0667764
-0.0660186
-0.0652639
-0.0645123
-0.0637639
-0.0630187
-0.0622767
-0.0615379
-0.0608022
-0.0600698
-0.0593407
-0.0586147
-0.057892
-0.0571726
-0.0564564
-0.0557435
-0.0550339
-0.0543276
-0.0536246
-0.052925
-0.0522286
-0.0515357
-0.050846
-0.0501598
-0.0494769
-0.0487974
-0.0481213
-0.0474486
-0.0467794
-0.0461135
-0.0454511
-0.0447922
-0.0441368
-0.0434848
-0.0428363
-0.0421913
-0.0415498
-0.0409118
-0.0402774
-0.0396465
-0.0390192
-0.0383954
-0.0377752
-0.0371586
-0.0365456
-0.0359362
-0.0353305
-0.0347283
-0.0341298
-0.033535
-0.0329438
-0.0323563
-0.0317725
-0.0311924
-0.030616
-0.0300433
-0.0294743
-0.0289091
-0.0283476
-0.0277899
-0.027236
-0.0266858
-0.0261394
-0.0255968
-0.0250581
-0.0245231
-0.023992
-0.0234647
-0.0229413
-0.0224218
-0.0219061
-0.0213942
-0.0208863
-0.0203823
-0.0198822
-0.0193859
-0.0188937
-0.0184053
-0.0179209
-0.0174404
-0.0169639
-0.0164914
-0.0160228
-0.0155582
-0.0150977
-0.0146411
-0.0141885
-0.01374
-0.0132954
-0.0128549
-0.0124185
-0.011986
-0.0115577
-0.0111334
-0.0107131
-0.010297
-0.00988487
-0.00947687
-0.00907296
-0.00867316
-0.00827745
-0.00788586
-0.00749838
-0.00711502
-0.00673579
-0.0063607
-0.00598973
-0.00562291
-0.00526024
-0.00490172
-0.00454735
-0.00419714
-0.00385109
-0.00350921
-0.0031715
-0.00283797
-0.00250861
-0.00218343
-0.00186243
-0.00154562
-0.001233
-0.000924566
-0.000620324
-0.000320275
-2.44224e-05
0.000267234
0.000554692
0.000837951
0.00111701
0.00139187
0.00166253
0.00192898
0.00219124
0.0024493
0.00270315
0.00295281
0.00319827
0.00343953
0.00367659
0.00390946
0.00413814
0.00436263
0.00458293
0.00479904
0.00501097
0.00521872
0.0054223
0.0056217
0.00581693
0.006008
0.00619491
0.00637766
0.00655625
0.00673071
0.00690101
0.00706719
0.00722923
0.00738714
0.00754094
0.00769063
0.00783621
0.00797769
0.00811508
0.00824839
0.00837762
0.00850278
0.00862389
0.00874094
0.00885395
0.00896293
0.00906788
0.00916882
0.00926575
0.00935869
0.00944764
0.00953262
0.00961364
0.00969071
0.00976383
0.00983303
0.00989831
0.00995969
0.0100172
0.0100708
0.0101205
0.0101664
0.0102085
0.0102467
0.0102811
0.0103117
0.0103386
0.0103616
0.0103809
0.0103965
0.0104084
0.0104165
0.010421
0.0104218
0.010419
0.0104125
0.0104024
0.0103887
0.0103714
0.0103505
0.0103261
0.0102982
0.0102667
0.0102318
0.0101934
0.0101515
0.0101062
0.0100575
0.0100055
0.00995001
0.00989122
0.0098291
0.00976368
0.00969497
0.00962301
0.00954782
0.00946941
0.00938781
0.00930304
0.00921514
0.00912411
0.00902999
0.0089328
0.00883256
0.00872931
0.00862306
0.00851384
0.00840168
0.0082866
0.00816862
0.00804779
0.00792411
0.00779763
0.00766836
0.00753634
0.00740159
0.00726414
0.00712401
0.00698125
0.00683587
0.0066879
0.00653738
0.00638433
0.00622879
0.00607078
0.00591033
0.00574748
0.00558225
0.00541468
0.00524479
0.00507263
0.00489821
0.00472157
0.00454275
0.00436177
0.00417868
0.00399349
0.00380625
0.00361698
0.00342573
0.00323252
0.00303739
0.00284037
0.0026415
0.0024408
0.00223833
0.0020341
0.00182816
0.00162053
0.00141126
0.00120039
0.000987938
0.000773951
0.000558462
0.000341508
0.000123126
-9.66489e-05
-0.000317779
-0.000540227
-0.000763956
-0.000988929
-0.00121511
-0.00144246
-0.00167094
-0.00190051
-0.00213114
-0.00236278
-0.0025954
-0.00282897
-0.00306343
-0.00329876
-0.00353491
-0.00377184
-0.00400952
-0.0042479
-0.00448696
-0.00472663
-0.0049669
-0.00520771
-0.00544903
-0.00569082
-0.00593304
-0.00617564
-0.00641859
-0.00666184
-0.00690536
-0.00714911
-0.00739304
-0.00763711
-0.00788129
-0.00812552
-0.00836978
-0.00861402
-0.00885819
-0.00910227
-0.00934619
-0.00958994
-0.00983345
-0.0100767
-0.0103196
-0.0105622
-0.0108044
-0.0110462
-0.0112874
-0.0115282
-0.0117684
-0.012008
-0.0122469
-0.0124852
-0.0127227
-0.0129595
-0.0131954
-0.0134305
-0.0136647
-0.013898
-0.0141303
-0.0143615
-0.0145917
-0.0148208
-0.0150487
-0.0152755
-0.015501
-0.0157253
-0.0159482
-0.0161697
-0.0163899
-0.0166086
-0.0168259
-0.0170416
-0.0172558
-0.0174683
-0.0176792
-0.0178884
-0.0180959
-0.0183016
-0.0185054
-0.0187075
-0.0189076
-0.0191058
-0.019302
-0.0194962
-0.0196883
-0.0198783
-0.0200662
-0.0202519
-0.0204354
-0.0206166
-0.0207955
-0.020972
-0.0211462
-0.021318
-0.0214873
-0.021654
-0.0218183
-0.0219799
-0.022139
-0.0222954
-0.022449
-0.0226
-0.0227481
-0.0228935
-0.023036
-0.0231756
-0.0233122
-0.0234459
-0.0235766
-0.0237043
-0.0238288
-0.0239503
-0.0240686
-0.0241837
-0.0242956
-0.0244042
-0.0245095
-0.0246115
-0.0247101
-0.0248053
-0.024897
-0.0249853
-0.02507
-0.0251512
-0.0252289
-0.0253029
-0.0253733
-0.0254399
-0.0255029
-0.0255621
-0.0256175
-0.0256691
-0.0257169
-0.0257607
-0.0258007
-0.0258367
-0.0258688
-0.0258968
-0.0259208
-0.0259407
-0.0259565
-0.0259682
-0.0259757
-0.025979
-0.0259781
-0.025973
-0.0259636
-0.0259498
-0.0259318
-0.0259094
-0.0258825
-0.0258513
-0.0258156
-0.0257755
-0.0257308
-0.0256817
-0.0256279
-0.0255696
-0.0255067
-0.0254392
-0.0253671
-0.0252902
-0.0252087
-0.0251224
-0.0250314
-0.0249356
-0.0248351
-0.0247297
-0.0246195
-0.0245044
-0.0243845
-0.0242597
-0.0241299
-0.0239952
-0.0238556
-0.023711
-0.0235614
-0.0234068
-0.0232471
-0.0230824
-0.0229127
-0.0227378
-0.0225579
-0.0223728
-0.0221826
-0.0219873
-0.0217868
-0.0215811
-0.0213702
-0.0211542
-0.0209329
-0.0207064
-0.0204746
-0.0202376
-0.0199953
-0.0197477
-0.0194949
-0.0192367
-0.0189732
-0.0187044
-0.0184303
-0.0181508
-0.017866
-0.0175758
-0.0172803
-0.0169794
-0.0166731
-0.0163614
-0.0160443
-0.0157218
-0.0153939
-0.0150606
-0.0147219
-0.0143778
-0.0140283
-0.0136733
-0.0133129
-0.0129471
-0.0125758
-0.0121991
-0.011817
-0.0114294
-0.0110364
-0.0106379
-0.0102341
-0.00982476
-0.00941002
-0.00898985
-0.00856424
-0.00813321
-0.00769676
-0.00725489
-0.00680761
-0.00635491
-0.00589681
-0.0054333
-0.00496441
-0.00449012
-0.00401045
-0.00352541
-0.003035
-0.00253923
-0.00203811
-0.00153165
-0.00101985
-0.000502735
1.96959e-05
0.000547429
0.00108045
0.00161876
0.00216233
0.00271116
0.00326523
0.00382453
0.00438904
0.00495876
0.00553367
0.00611374
0.00669898
0.00728936
0.00788486
0.00848547
0.00909117
0.00970195
0.0103178
0.0109387
0.0115645
0.0121954
0.0128313
0.0134721
0.0141179
0.0147686
0.0154242
0.0160847
0.01675
0.0174201
0.0180951
0.0187748
0.0194593
0.0201486
0.0208425
0.0215412
0.0222445
0.0229524
0.023665
0.0243821
0.0251038
0.0258301
0.0265608
0.027296
0.0280357
0.0287797
0.0295282
0.030281
0.0310381
0.0317996
0.0325653
0.0333352
0.0341093
0.0348876
0.0356701
0.0364566
0.0372473
0.0380419
0.0388406
0.0396433
0.0404498
0.0412603
0.0420747
0.0428929
0.0437148
0.0445406
0.04537
0.0462032
0.04704
0.0478804
0.0487244
0.0495719
0.0504229
0.0512774
0.0521353
0.0529965
0.0538611
0.054729
0.0556002
0.0564746
0.0573521
0.0582328
0.0591166
0.0600034
0.0608933
0.0617861
0.0626818
0.0635804
0.0644818
0.0653861
0.0662931
0.0672027
0.0681151
0.0690301
0.0699476
0.0708676
0.0717902
0.0727151
0.0736425
0.0745722
0.0755042
0.0764384
0.0773748
0.0783134
0.0792541
0.0801968
0.0811416
0.0820883
0.0830369
0.0839874
0.0849397
0.0858938
0.0868496
0.0878071
0.0887661
0.0897268
0.090689
0.0916526
0.0926176
0.093584
0.0945518
0.0955208
0.096491
0.0974623
0.0984348
0.0994084
0.100383
0.101358
0.102335
0.103312
0.10429
0.105269
0.106248
0.107229
0.108209
0.109191
0.110172
0.111155
0.112137
0.11312
0.114103
0.115087
0.11607
0.117054
0.118038
0.119021
0.120005
0.120989
0.121972
0.122955
0.123938
0.124921
0.125903
0.126885
0.127866
0.128847
0.129827
0.130807
0.131786
0.132764
0.133741
0.134717
0.135693
0.136668
0.137641
0.138614
0.139585
0.140555
0.141524
0.142491
0.143458
0.144423
0.145386
0.146348
0.147308
0.148267
0.149224
0.150179
0.151132
0.152084
0.153034
0.153982
0.154928
0.155871
0.156813
0.157752
0.15869
0.159625
0.160557
0.161488
0.162416
0.163341
0.164264
0.165184
0.166102
0.167017
0.167929
0.168839
0.169746
0.170649
0.17155
0.172448
0.173343
0.174234
0.175123
0.176008
0.17689
0.177769
0.178645
0.179517
0.180385
0.18125
0.182112
0.18297
0.183824
0.184675
0.185521
0.186365
0.187204
0.188039
0.18887
0.189698
0.190521
0.191341
0.192156
0.192967
0.193774
0.194576
0.195374
0.196168
0.196958
0.197743
0.198523
0.199299
0.200071
0.200838
0.2016
0.202357
0.20311
0.203858
0.204601
0.205339
0.206072
0.206801
0.207524
0.208242
0.208955
0.209664
0.210366
0.211064
0.211757
0.212444
0.213126
0.213802
0.214473
0.215139
0.215799
0.216454
0.217103
0.217746
0.218384
0.219017
0.219643
0.220264
0.220879
0.221489
0.222092
0.22269
0.223281
0.223867
0.224447
0.225021
0.225589
0.226151
0.226706
0.227256
0.2278
0.228337
0.228868
0.229393
0.229911
0.230424
0.23093
0.231429
0.231923
0.23241
0.23289
0.233364
0.233832
0.234293
0.234748
0.235196
0.235637
0.236072
0.2365
0.236922
0.237337
0.237745
0.238147
0.238541
0.23893
0.239311
0.239686
0.240053
0.240414
0.240769
0.241116
0.241456
0.24179
0.242117
0.242436
0.242749
0.243055
0.243354
0.243646
0.243931
0.244209
0.24448
0.244744
0.245
0.24525
0.245493
0.245729
0.245957
0.246179
0.246393
0.246601
0.246801
0.246994
0.24718
0.247359
0.247531
0.247695
0.247853
0.248003
0.248146
0.248282
0.248411
0.248532
0.248647
0.248754
0.248854
0.248947
0.249033
0.249111
0.249182
0.249247
0.249304
0.249353
0.249396
0.249432
0.24946
0.249481
0.249495
0.249502
0.249502
0.249494
0.249479
0.249458
0.249429
0.249393
0.24935
0.2493
0.249242
0.249178
0.249106
0.249028
0.248942
0.24885
0.24875
0.248643
0.248529
0.248409
0.248281
0.248146
0.248005
0.247856
0.2477
0.247538
0.247368
0.247192
0.247009
0.246819
0.246622
0.246418
0.246208
0.245991
0.245767
0.245536
0.245298
0.245054
0.244803
0.244546
0.244281
0.24401
0.243733
0.243449
0.243158
0.242861
0.242557
0.242247
0.241931
0.241608
0.241278
0.240942
0.2406
0.240251
0.239896
0.239535
0.239168
0.238794
0.238414
0.238028
0.237636
0.237237
0.236833
0.236422
0.236006
0.235583
0.235155
0.23472
0.23428
0.233834
0.233382
0.232924
0.23246
0.231991
0.231516
0.231035
0.230548
0.230056
0.229558
0.229055
0.228547
0.228032
0.227513
0.226988
0.226457
0.225922
0.22538
0.224834
0.224283
0.223726
0.223164
0.222597
0.222025
0.221448
0.220866
0.220279
0.219687
0.219091
0.218489
0.217883
0.217271
0.216656
0.216035
0.21541
0.21478
0.214146
0.213507
0.212864
0.212216
0.211564
0.210908
0.210247
0.209582
0.208913
0.20824
0.207562
0.206881
0.206195
0.205506
0.204812
0.204115
0.203414
0.202709
0.202
0.201288
0.200571
0.199852
0.199128
0.198401
0.197671
0.196937
0.1962
0.195459
0.194715
0.193968
0.193217
0.192464
0.191707
0.190947
0.190184
0.189418
0.18865
0.187878
0.187103
0.186326
0.185546
0.184763
0.183978
0.18319
0.182399
0.181606
0.180811
0.180013
0.179212
0.17841
0.177605
0.176797
0.175988
0.175177
0.174363
0.173547
0.17273
0.17191
0.171089
0.170266
0.169441
0.168614
0.167785
0.166955
0.166123
0.16529
0.164455
0.163619
0.162781
0.161942
0.161102
0.16026
0.159418
0.158574
0.157728
0.156882
0.156035
0.155187
0.154338
0.153488
0.152637
0.151785
0.150933
0.150079
0.149226
0.148371
0.147516
0.146661
0.145805
0.144949
0.144092
0.143235
0.142378
0.14152
0.140662
0.139804
0.138947
0.138088
0.13723
0.136372
0.135515
0.134657
0.133799
0.132942
0.132085
0.131228
0.130371
0.129515
0.12866
0.127805
0.12695
0.126096
0.125243
0.12439
0.123538
0.122686
0.121836
0.120986
0.120137
0.119289
0.118442
0.117597
0.116752
0.115908
0.115065
0.114223
0.113383
0.112544
0.111706
0.110869
0.110034
0.109201
0.108368
0.107537
0.106708
0.10588
0.105054
0.104229
0.103406
0.102585
0.101766
0.100948
0.100132
0.0993183
0.0985062
0.097696
0.0968878
0.0960816
0.0952774
0.0944752
0.0936752
0.0928773
0.0920816
0.0912881
0.0904968
0.0897078
0.0889211
0.0881367
0.0873547
0.0865751
0.085798
0.0850233
0.0842511
0.0834814
0.0827143
0.0819497
0.0811878
0.0804286
0.079672
0.0789181
0.078167
0.0774186
0.076673
0.0759302
0.0751903
0.0744533
0.0737191
0.0729879
0.0722597
0.0715344
0.0708121
0.0700929
0.0693767
0.0686636
0.0679536
0.0672468
0.0665431
0.0658426
0.0651452
0.0644512
0.0637603
0.0630727
0.0623885
0.0617075
0.0610299
0.0603556
0.0596847
0.0590172
0.0583531
0.0576924
0.0570352
0.0563815
0.0557313
0.0550845
0.0544414
0.0538017
0.0531656
0.0525331
0.0519042
0.0512789
0.0506573
0.0500392
0.0494249
0.0488142
0.0482072
0.0476039
0.0470043
0.0464085
0.0458164
0.045228
0.0446434
0.0440627
0.0434856
0.0429125
0.0423431
0.0417775
0.0412158
0.0406579
0.0401039
0.0395537
0.0390075
0.0384651
0.0379266
0.037392
0.0368613
0.0363345
0.0358117
0.0352927
0.0347778
0.0342667
0.0337596
0.0332565
0.0327573
0.0322621
0.0317708
0.0312835
0.0308002
0.0303209
0.0298455
0.0293742
0.0289068
0.0284434
0.027984
0.0275286
0.0270772
0.0266298
0.0261863
0.0257469
0.0253115
0.02488
0.0244526
0.0240292
0.0236097
0.0231942
0.0227828
0.0223753
0.0219718
0.0215722
0.0211767
0.0207851
0.0203975
0.0200138
0.0196342
0.0192584
0.0188867
0.0185188
0.0181549
0.017795
0.017439
0.0170869
0.0167387
0.0163944
0.016054
0.0157176
0.015385
0.0150563
0.0147314
0.0144104
0.0140933
0.01378
0.0134705
0.0131649
0.0128631
0.0125651
0.0122708
0.0119804
0.0116937
0.0114108
0.0111316
0.0108562
0.0105845
0.0103165
0.0100522
0.0097916
0.00953466
0.00928139
0.00903176
0.00878576
0.00854338
0.00830461
0.00806942
0.00783781
0.00760976
0.00738526
0.00716429
0.00694683
0.00673287
0.00652239
0.00631538
0.00611182
0.00591169
0.00571498
0.00552167
0.00533174
0.00514518
0.00496196
0.00478207
0.0046055
0.00443222
0.00426221
0.00409546
0.00393195
0.00377166
0.00361457
0.00346066
0.00330991
0.0031623
0.00301782
0.00287644
0.00273813
0.0026029
0.0024707
0.00234152
0.00221535
0.00209216
0.00197192
0.00185462
0.00174024
0.00162875
0.00152014
0.00141438
0.00131145
0.00121132
0.00111399
0.00101942
0.000927587
0.000838477
0.000752064
0.000668325
0.000587239
0.000508781
0.00043293
0.000359662
0.000288954
0.000220783
0.000155126
9.1959e-05
3.12587e-05
-2.69983e-05
-8.28357e-05
-0.000136277
-0.000187346
-0.000236067
-0.000282464
-0.00032656
-0.00036838
-0.000407948
-0.000445287
-0.000480423
-0.000513379
-0.000544181
-0.000572851
-0.000599415
-0.000623897
-0.000646322
-0.000666715
-0.000685099
-0.0007015
-0.000715941
-0.000728449
-0.000739048
-0.000747762
-0.000754616
-0.000759635
-0.000762843
-0.000764267
-0.00076393
-0.000761857
-0.000758073
-0.000752603
-0.000745473
-0.000736706
-0.000726327
-0.000714362
-0.000700835
-0.000685771
-0.000669195
-0.000651132
-0.000631607
-0.000610643
-0.000588267
-0.000564502
-0.000539374
-0.000512907
-0.000485125
-0.000456054
-0.000425717
-0.00039414
-0.000361347
-0.000327361
-0.000292209
-0.000255913
-0.000218499
-0.000179989
-0.00014041
-9.9784e-05
-5.81358e-05
-1.54894e-05
2.81313e-05
7.27026e-05
0.0001182
0.000164601
0.000211882
0.000260018
0.000308986
0.000358763
0.000409326
0.000460651
0.000512715
0.000565496
0.000618969
0.000673113
0.000727904
0.000783319
0.000839337
0.000895934
0.000953089
0.00101078
0.00106898
0.00112767
0.00118683
0.00124644
0.00130648
0.00136691
0.00142773
0.00148891
0.00155043
0.00161226
0.0016744
0.00173681
0.00179947
0.00186237
0.00192548
0.00198879
0.00205227
0.0021159
0.00217967
0.00224355
0.00230752
0.00237157
0.00243567
0.00249981
0.00256397
0.00262812
0.00269225
0.00275634
0.00282037
0.00288432
0.00294818
0.00301193
0.00307554
0.00313901
0.0032023
0.00326542
0.00332833
0.00339102
0.00345348
0.00351568
0.00357762
0.00363927
0.00370061
0.00376164
0.00382234
0.00388269
0.00394267
0.00400227
0.00406147
0.00412026
0.00417863
0.00423655
0.00429402
0.00435102
0.00440754
0.00446356
0.00451906
0.00457404
0.00462848
0.00468237
0.00473569
0.00478844
0.00484059
0.00489214
0.00494307
0.00499337
0.00504304
0.00509205
0.0051404
0.00518807
0.00523505
0.00528134
0.00532692
0.00537178
0.00541591
0.0054593
0.00550194
0.00554382
0.00558493
0.00562526
0.0056648
0.00570354
0.00574148
0.0057786
0.0058149
0.00585036
0.00588498
0.00591876
0.00595167
0.00598373
0.00601491
0.00604521
0.00607463
0.00610315
0.00613078
0.0061575
0.0061833
0.00620819
0.00623216
0.00625519
0.00627729
0.00629845
0.00631866
0.00633792
0.00635623
0.00637358
0.00638996
0.00640538
0.00641982
0.00643328
0.00644577
0.00645728
0.00646779
0.00647732
0.00648586
0.0064934
0.00649994
0.00650549
0.00651003
0.00651357
0.00651611
0.00651764
0.00651816
0.00651767
0.00651617
0.00651366
0.00651014
0.0065056
0.00650006
0.0064935
0.00648593
0.00647735
0.00646775
0.00645715
0.00644553
0.00643291
0.00641928
0.00640464
0.00638899
0.00637235
0.0063547
0.00633605
0.0063164
0.00629576
0.00627412
0.0062515
0.00622789
0.00620329
0.00617771
0.00615116
0.00612363
0.00609513
0.00606566
0.00603523
0.00600383
0.00597149
0.00593819
0.00590395
0.00586877
0.00583265
0.0057956
0.00575762
0.00571872
0.00567891
0.00563818
0.00559655
0.00555402
0.0055106
0.0054663
0.00542111
0.00537505
0.00532812
0.00528033
0.00523169
0.00518219
0.00513186
0.0050807
0.00502871
0.0049759
0.00492228
0.00486786
0.00481264
0.00475663
0.00469985
0.00464229
0.00458397
0.00452489
0.00446507
0.00440451
0.00434322
0.0042812
0.00421848
0.00415505
0.00409093
0.00402613
0.00396065
0.0038945
0.00382769
0.00376024
0.00369215
0.00362343
0.0035541
0.00348415
0.00341361
0.00334248
0.00327076
0.00319849
0.00312565
0.00305226
0.00297834
0.00290389
0.00282893
0.00275346
0.00267749
0.00260104
0.00252412
0.00244673
0.00236889
0.00229061
0.00221191
0.00213278
0.00205325
0.00197331
0.001893
0.00181231
0.00173126
0.00164986
0.00156812
0.00148605
0.00140366
0.00132097
0.00123798
0.00115472
0.00107118
0.000987386
0.000903344
0.000819067
0.000734568
0.000649856
0.000564945
0.000479846
0.000394571
0.000309132
0.000223541
0.00013781
5.19497e-05
-3.40268e-05
-0.000120108
-0.000206282
-0.000292536
-0.00037886
-0.00046524
-0.000551665
-0.000638123
-0.000724602
-0.00081109
-0.000897576
-0.000984047
-0.00107049
-0.0011569
-0.00124325
-0.00132954
-0.00141576
-0.0015019
-0.00158793
-0.00167386
-0.00175966
-0.00184533
-0.00193086
-0.00201623
-0.00210143
-0.00218645
-0.00227128
-0.00235591
-0.00244032
-0.00252451
-0.00260846
-0.00269216
-0.0027756
-0.00285877
-0.00294165
-0.00302424
-0.00310653
-0.0031885
-0.00327014
-0.00335145
-0.0034324
-0.00351299
-0.00359321
-0.00367305
-0.0037525
-0.00383154
-0.00391017
-0.00398837
-0.00406614
-0.00414346
-0.00422033
-0.00429672
-0.00437264
-0.00444808
-0.00452301
-0.00459744
-0.00467135
-0.00474474
-0.00481759
-0.00488989
-0.00496163
-0.00503281
-0.00510341
-0.00517342
-0.00524285
-0.00531167
-0.00537987
-0.00544746
-0.00551441
-0.00558072
-0.00564639
-0.00571139
-0.00577573
-0.0058394
-0.00590238
-0.00596468
-0.00602627
-0.00608715
-0.00614732
-0.00620677
-0.00626548
-0.00632346
-0.00638068
-0.00643716
-0.00649287
-0.00654781
-0.00660197
-0.00665535
-0.00670794
-0.00675973
-0.00681072
-0.0068609
-0.00691026
-0.00695879
-0.00700649
-0.00705336
-0.00709938
-0.00714455
-0.00718887
-0.00723233
-0.00727492
-0.00731664
-0.00735748
-0.00739744
-0.00743651
-0.00747468
-0.00751196
-0.00754833
-0.0075838
-0.00761835
-0.00765199
-0.00768471
-0.0077165
-0.00774735
-0.00777728
-0.00780627
-0.00783431
-0.00786141
-0.00788756
-0.00791276
-0.00793701
-0.00796029
-0.00798261
-0.00800397
-0.00802436
-0.00804378
-0.00806223
-0.0080797
-0.0080962
-0.00811172
-0.00812625
-0.0081398
-0.00815237
-0.00816395
-0.00817454
-0.00818414
-0.00819275
-0.00820037
-0.00820699
-0.00821262
-0.00821726
-0.0082209
-0.00822354
-0.00822519
-0.00822584
-0.00822549
-0.00822415
-0.00822181
-0.00821848
-0.00821415
-0.00820882
-0.0082025
-0.00819518
-0.00818688
-0.00817758
-0.00816728
-0.008156
-0.00814373
-0.00813048
-0.00811624
-0.00810101
-0.00808481
-0.00806762
-0.00804946
-0.00803032
-0.00801021
-0.00798912
-0.00796707
-0.00794406
-0.00792008
-0.00789515
-0.00786926
-0.00784241
-0.00781462
-0.00778588
-0.0077562
-0.00772558
-0.00769402
-0.00766153
-0.00762812
-0.00759378
-0.00755853
-0.00752236
-0.00748528
-0.00744729
-0.00740841
-0.00736863
-0.00732795
-0.0072864
-0.00724396
-0.00720064
-0.00715646
-0.00711141
-0.00706551
-0.00701875
-0.00697114
-0.00692269
-0.0068734
-0.00682329
-0.00677235
-0.0067206
-0.00666803
-0.00661466
-0.00656049
-0.00650553
-0.00644979
-0.00639327
-0.00633598
-0.00627792
-0.00621911
-0.00615955
-0.00609925
-0.00603822
-0.00597645
-0.00591397
-0.00585078
-0.00578688
-0.00572229
-0.00565701
-0.00559105
-0.00552441
-0.00545712
-0.00538916
-0.00532056
-0.00525132
-0.00518145
-0.00511096
-0.00503986
-0.00496815
-0.00489584
-0.00482295
-0.00474948
-0.00467544
-0.00460084
-0.00452568
-0.00444999
-0.00437376
-0.00429701
-0.00421975
-0.00414198
-0.00406371
-0.00398496
-0.00390574
-0.00382604
-0.00374589
-0.00366529
-0.00358426
-0.00350279
-0.00342091
-0.00333862
-0.00325594
-0.00317286
-0.00308941
-0.00300559
-0.00292141
-0.00283688
-0.00275202
-0.00266683
-0.00258132
-0.0024955
-0.00240939
-0.00232299
-0.00223632
-0.00214938
-0.00206219
-0.00197476
-0.00188709
-0.00179919
-0.00171109
-0.00162278
-0.00153428
-0.0014456
-0.00135675
-0.00126774
-0.00117859
-0.00108929
-0.000999867
-0.000910327
-0.000820681
-0.00073094
-0.000641114
-0.000551215
-0.000461252
-0.000371237
-0.00028118
-0.000191092
-0.000100984
-1.08672e-05
7.92487e-05
0.000169353
0.000259434
0.000349482
0.000439485
0.000529434
0.000619317
0.000709124
0.000798844
0.000888467
0.000977981
0.00106738
0.00115664
0.00124577
0.00133475
0.00142356
0.0015122
0.00160067
0.00168894
0.001777
0.00186486
0.00195249
0.00203988
0.00212703
0.00221393
0.00230056
0.00238692
0.00247299
0.00255877
0.00264424
0.0027294
0.00281423
0.00289873
0.00298288
0.00306668
0.00315011
0.00323317
0.00331584
0.00339812
0.00348
0.00356146
0.0036425
0.00372311
0.00380328
0.003883
0.00396225
0.00404104
0.00411935
0.00419717
0.00427449
0.00435131
0.00442762
0.0045034
0.00457865
0.00465336
0.00472752
0.00480112
0.00487415
0.00494661
0.00501849
0.00508977
0.00516046
0.00523053
0.0053
0.00536883
0.00543704
0.0055046
0.00557152
0.00563779
0.00570339
0.00576832
0.00583257
0.00589614
0.00595901
0.00602119
0.00608265
0.00614341
0.00620345
0.00626275
0.00632133
0.00637916
0.00643625
0.00649258
0.00654815
0.00660296
0.00665699
0.00671025
0.00676272
0.0068144
0.00686528
0.00691536
0.00696464
0.0070131
0.00706074
0.00710756
0.00715355
0.00719871
0.00724302
0.0072865
0.00732912
0.00737089
0.0074118
0.00745185
0.00749104
0.00752935
0.00756678
0.00760334
0.00763901
0.0076738
0.00770769
0.00774069
0.00777279
0.00780399
0.00783428
0.00786367
0.00789214
0.0079197
0.00794634
0.00797207
0.00799686
0.00802074
0.00804368
0.0080657
0.00808678
0.00810693
0.00812614
0.00814441
0.00816174
0.00817813
0.00819358
0.00820808
0.00822163
0.00823424
0.00824589
0.0082566
0.00826636
0.00827516
0.00828302
0.00828992
0.00829586
0.00830086
0.00830489
0.00830798
0.00831011
0.00831129
0.00831151
0.00831078
0.0083091
0.00830646
0.00830287
0.00829834
0.00829285
0.00828641
0.00827902
0.00827069
0.00826141
0.00825119
0.00824003
0.00822792
0.00821487
0.00820089
0.00818598
0.00817012
0.00815334
0.00813563
0.008117
0.00809743
0.00807695
0.00805555
0.00803324
0.00801001
0.00798587
0.00796082
0.00793488
0.00790803
0.00788028
0.00785165
0.00782212
0.00779171
0.00776041
0.00772824
0.0076952
0.00766128
0.0076265
0.00759086
0.00755437
0.00751702
0.00747882
0.00743979
0.00739991
0.0073592
0.00731767
0.00727531
0.00723213
0.00718815
0.00714335
0.00709776
0.00705137
0.00700419
0.00695623
0.00690749
0.00685797
0.00680769
0.00675665
0.00670486
0.00665232
0.00659904
0.00654502
0.00649028
0.00643481
0.00637863
0.00632174
0.00626415
0.00620587
0.0061469
0.00608725
0.00602692
0.00596593
0.00590428
0.00584198
0.00577904
0.00571546
0.00565125
0.00558642
0.00552098
0.00545493
0.00538829
0.00532106
0.00525324
0.00518485
0.0051159
0.00504639
0.00497633
0.00490573
0.00483459
0.00476294
0.00469076
0.00461808
0.00454491
0.00447124
0.00439709
0.00432247
0.00424739
0.00417185
0.00409587
0.00401945
0.0039426
0.00386534
0.00378766
0.00370958
0.00363112
0.00355226
0.00347304
0.00339346
0.00331351
0.00323323
0.00315261
0.00307166
0.00299039
0.00290882
0.00282695
0.00274479
0.00266236
0.00257965
0.00249669
0.00241347
0.00233002
0.00224633
0.00216242
0.00207831
0.00199399
0.00190948
0.00182479
0.00173992
0.0016549
0.00156972
0.0014844
0.00139895
0.00131337
0.00122768
0.00114189
0.00105601
0.000970041
0.000884
0.000797896
0.000711739
0.000625538
0.000539304
0.000453046
0.000366774
0.000280499
0.000194229
0.000107975
2.17474e-05
-6.44449e-05
-0.000150592
-0.000236683
-0.000322709
-0.00040866
-0.000494526
-0.000580298
-0.000665965
-0.000751518
-0.000836947
-0.000922242
-0.00100739
-0.00109239
-0.00117723
-0.00126189
-0.00134637
-0.00143066
-0.00151475
-0.00159863
-0.00168229
-0.00176572
-0.0018489
-0.00193184
-0.00201453
-0.00209694
-0.00217908
-0.00226093
-0.00234249
-0.00242374
-0.00250468
-0.0025853
-0.00266559
-0.00274553
-0.00282513
-0.00290436
-0.00298323
-0.00306172
-0.00313983
-0.00321755
-0.00329486
-0.00337176
-0.00344824
-0.00352429
-0.0035999
-0.00367507
-0.00374979
-0.00382404
-0.00389782
-0.00397113
-0.00404395
-0.00411627
-0.00418809
-0.0042594
-0.00433019
-0.00440046
-0.00447019
-0.00453938
-0.00460801
-0.0046761
-0.00474361
-0.00481056
-0.00487692
-0.0049427
-0.00500789
-0.00507247
-0.00513644
-0.0051998
-0.00526254
-0.00532465
-0.00538612
-0.00544695
-0.00550713
-0.00556665
-0.00562552
-0.00568371
-0.00574123
-0.00579807
-0.00585422
-0.00590967
-0.00596443
-0.00601848
-0.00607182
-0.00612445
-0.00617635
-0.00622752
-0.00627796
-0.00632766
-0.00637662
-0.00642482
-0.00647227
-0.00651897
-0.00656489
-0.00661005
-0.00665444
-0.00669804
-0.00674086
-0.0067829
-0.00682414
-0.00686458
-0.00690422
-0.00694306
-0.00698109
-0.00701831
-0.00705471
-0.00709028
-0.00712504
-0.00715896
-0.00719206
-0.00722432
-0.00725574
-0.00728632
-0.00731606
-0.00734495
-0.00737299
-0.00740018
-0.00742651
-0.00745199
-0.0074766
-0.00750035
-0.00752324
-0.00754526
-0.00756641
-0.00758669
-0.00760609
-0.00762462
-0.00764227
-0.00765905
-0.00767495
-0.00768996
-0.00770409
-0.00771734
-0.00772971
-0.00774119
-0.00775178
-0.00776149
-0.00777031
-0.00777824
-0.00778528
-0.00779143
-0.0077967
-0.00780107
-0.00780455
-0.00780715
-0.00780886
-0.00780967
-0.0078096
-0.00780864
-0.0078068
-0.00780406
-0.00780044
-0.00779594
-0.00779055
-0.00778427
-0.00777712
-0.00776908
-0.00776017
-0.00775038
-0.00773971
-0.00772816
-0.00771575
-0.00770246
-0.0076883
-0.00767328
-0.00765739
-0.00764064
-0.00762302
-0.00760455
-0.00758523
-0.00756505
-0.00754402
-0.00752215
-0.00749943
-0.00747587
-0.00745147
-0.00742624
-0.00740018
-0.00737328
-0.00734557
-0.00731703
-0.00728768
-0.00725751
-0.00722653
-0.00719475
-0.00716216
-0.00712878
-0.0070946
-0.00705964
-0.00702389
-0.00698736
-0.00695005
-0.00691197
-0.00687313
-0.00683353
-0.00679317
-0.00675205
-0.0067102
-0.0066676
-0.00662426
-0.00658019
-0.0065354
-0.00648989
-0.00644366
-0.00639673
-0.00634909
-0.00630076
-0.00625173
-0.00620202
-0.00615163
-0.00610056
-0.00604883
-0.00599644
-0.00594339
-0.0058897
-0.00583536
-0.00578039
-0.00572479
-0.00566857
-0.00561173
-0.00555428
-0.00549624
-0.00543759
-0.00537836
-0.00531855
-0.00525817
-0.00519722
-0.00513571
-0.00507365
-0.00501104
-0.0049479
-0.00488422
-0.00482003
-0.00475532
-0.0046901
-0.00462439
-0.00455818
-0.00449149
-0.00442432
-0.00435669
-0.00428859
-0.00422005
-0.00415105
-0.00408163
-0.00401177
-0.0039415
-0.00387081
-0.00379972
-0.00372824
-0.00365637
-0.00358412
-0.0035115
-0.00343852
-0.00336518
-0.00329151
-0.00321749
-0.00314315
-0.00306849
-0.00299352
-0.00291825
-0.00284269
-0.00276684
-0.00269072
-0.00261433
-0.00253769
-0.00246079
-0.00238366
-0.00230629
-0.00222871
-0.00215091
-0.0020729
-0.00199471
-0.00191632
-0.00183776
-0.00175903
-0.00168014
-0.0016011
-0.00152192
-0.00144261
-0.00136317
-0.00128362
-0.00120397
-0.00112422
-0.00104439
-0.000964475
-0.000884494
-0.000804455
-0.000724365
-0.000644234
-0.000564072
-0.000483888
-0.000403689
-0.000323487
-0.000243289
-0.000163105
-8.29437e-05
-2.81468e-06
7.72732e-05
0.000157311
0.00023729
0.0003172
0.000397033
0.000476779
0.000556431
0.000635977
0.000715411
0.000794722
0.000873903
0.000952943
0.00103183
0.00111057
0.00118913
0.00126752
0.00134573
0.00142374
0.00150156
0.00157916
0.00165654
0.00173369
0.00181061
0.00188728
0.0019637
0.00203985
0.00211574
0.00219134
0.00226666
0.00234168
0.0024164
0.00249081
0.00256489
0.00263865
0.00271206
0.00278513
0.00285785
0.00293021
0.00300219
0.0030738
0.00314503
0.00321585
0.00328628
0.0033563
0.0034259
0.00349508
0.00356383
0.00363213
0.00369999
0.00376739
0.00383434
0.00390081
0.0039668
0.00403232
0.00409734
0.00416186
0.00422588
0.00428938
0.00435237
0.00441483
0.00447676
0.00453814
0.00459898
0.00465927
0.004719
0.00477817
0.00483676
0.00489477
0.0049522
0.00500903
0.00506527
0.00512091
0.00517594
0.00523035
0.00528414
0.0053373
0.00538984
0.00544173
0.00549298
0.00554358
0.00559353
0.00564282
0.00569144
0.00573939
0.00578667
0.00583327
0.00587918
0.0059244
0.00596893
0.00601276
0.00605588
0.0060983
0.00614
0.00618099
0.00622125
0.00626079
0.0062996
0.00633768
0.00637502
0.00641161
0.00644747
0.00648257
0.00651692
0.00655051
0.00658335
0.00661542
0.00664673
0.00667726
0.00670703
0.00673602
0.00676423
0.00679167
0.00681831
0.00684418
0.00686925
0.00689354
0.00691703
0.00693972
0.00696162
0.00698272
0.00700302
0.00702251
0.0070412
0.00705908
0.00707615
0.00709242
0.00710787
0.00712251
0.00713633
0.00714934
0.00716154
0.00717292
0.00718348
0.00719322
0.00720214
0.00721024
0.00721752
0.00722399
0.00722963
0.00723445
0.00723844
0.00724162
0.00724398
0.00724551
0.00724623
0.00724612
0.0072452
0.00724345
0.00724089
0.00723751
0.00723331
0.00722829
0.00722246
0.00721582
0.00720836
0.00720009
0.00719101
0.00718113
0.00717043
0.00715893
0.00714663
0.00713352
0.00711962
0.00710491
0.00708941
0.00707312
0.00705604
0.00703816
0.0070195
0.00700006
0.00697983
0.00695883
0.00693704
0.00691449
0.00689117
0.00686708
0.00684222
0.0068166
0.00679023
0.0067631
0.00673523
0.0067066
0.00667723
0.00664713
0.00661628
0.00658471
0.00655241
0.00651938
0.00648563
0.00645117
0.006416
0.00638012
0.00634354
0.00630626
0.00626828
0.00622962
0.00619028
0.00615025
0.00610955
0.00606818
0.00602615
0.00598346
0.00594012
0.00589612
0.00585149
0.00580621
0.0057603
0.00571377
0.00566662
0.00561885
0.00557047
0.00552148
0.0054719
0.00542173
0.00537097
0.00531963
0.00526771
0.00521523
0.00516219
0.00510859
0.00505444
0.00499975
0.00494452
0.00488877
0.00483249
0.0047757
0.00471839
0.00466059
0.00460228
0.00454349
0.00448422
0.00442447
0.00436425
0.00430357
0.00424244
0.00418086
0.00411885
0.0040564
0.00399352
0.00393023
0.00386652
0.00380242
0.00373792
0.00367303
0.00360776
0.00354211
0.00347611
0.00340974
0.00334303
0.00327597
0.00320858
0.00314086
0.00307283
0.00300448
0.00293583
0.00286689
0.00279766
0.00272815
0.00265836
0.00258832
0.00251802
0.00244748
0.00237669
0.00230568
0.00223444
0.00216299
0.00209133
0.00201948
0.00194744
0.00187521
0.00180281
0.00173025
0.00165753
0.00158466
0.00151166
0.00143852
0.00136526
0.00129188
0.0012184
0.00114482
0.00107115
0.000997394
0.000923569
0.00084968
0.000775735
0.000701742
0.00062771
0.000553648
0.000479562
0.000405463
0.000331357
0.000257255
0.000183163
0.000109091
3.50466e-05
-3.89617e-05
-0.000112925
-0.000186836
-0.000260686
-0.000334467
-0.000408169
-0.000481786
-0.000555308
-0.000628728
-0.000702037
-0.000775227
-0.000848289
-0.000921216
-0.000993999
-0.00106663
-0.0011391
-0.00121141
-0.00128353
-0.00135548
-0.00142723
-0.00149878
-0.00157012
-0.00164125
-0.00171215
-0.00178282
-0.00185325
-0.00192344
-0.00199336
-0.00206303
-0.00213242
-0.00220153
-0.00227036
-0.0023389
-0.00240713
-0.00247505
-0.00254266
-0.00260994
-0.0026769
-0.00274351
-0.00280978
-0.00287569
-0.00294124
-0.00300642
-0.00307123
-0.00313566
-0.0031997
-0.00326334
-0.00332658
-0.0033894
-0.00345181
-0.0035138
-0.00357535
-0.00363647
-0.00369714
-0.00375737
-0.00381713
-0.00387643
-0.00393526
-0.00399362
-0.00405149
-0.00410887
-0.00416576
-0.00422214
-0.00427802
-0.00433338
-0.00438822
-0.00444254
-0.00449632
-0.00454957
-0.00460228
-0.00465443
-0.00470603
-0.00475707
-0.00480755
-0.00485746
-0.00490679
-0.00495553
-0.00500369
-0.00505126
-0.00509824
-0.00514461
-0.00519037
-0.00523552
-0.00528006
-0.00532397
-0.00536726
-0.00540992
-0.00545195
-0.00549333
-0.00553408
-0.00557417
-0.00561361
-0.0056524
-0.00569053
-0.00572799
-0.00576479
-0.00580091
-0.00583636
-0.00587113
-0.00590521
-0.00593861
-0.00597132
-0.00600334
-0.00603467
-0.00606529
-0.00609521
-0.00612443
-0.00615293
-0.00618073
-0.00620781
-0.00623418
-0.00625983
-0.00628475
-0.00630896
-0.00633243
-0.00635518
-0.00637719
-0.00639848
-0.00641903
-0.00643884
-0.00645791
-0.00647625
-0.00649384
-0.00651068
-0.00652679
-0.00654214
-0.00655675
-0.00657061
-0.00658372
-0.00659607
-0.00660768
-0.00661853
-0.00662863
-0.00663797
-0.00664656
-0.00665439
-0.00666146
-0.00666778
-0.00667334
-0.00667814
-0.00668219
-0.00668547
-0.006688
-0.00668978
-0.00669079
-0.00669105
-0.00669055
-0.0066893
-0.00668729
-0.00668452
-0.006681
-0.00667673
-0.00667171
-0.00666593
-0.0066594
-0.00665213
-0.0066441
-0.00663533
-0.00662581
-0.00661555
-0.00660455
-0.00659281
-0.00658032
-0.0065671
-0.00655315
-0.00653846
-0.00652304
-0.00650689
-0.00649001
-0.00647241
-0.00645409
-0.00643504
-0.00641528
-0.00639481
-0.00637362
-0.00635173
-0.00632912
-0.00630582
-0.00628181
-0.00625711
-0.00623171
-0.00620562
-0.00617884
-0.00615138
-0.00612324
-0.00609442
-0.00606493
-0.00603477
-0.00600394
-0.00597245
-0.0059403
-0.0059075
-0.00587405
-0.00583995
-0.00580521
-0.00576983
-0.00573381
-0.00569717
-0.00565991
-0.00562202
-0.00558352
-0.00554441
-0.00550469
-0.00546437
-0.00542345
-0.00538195
-0.00533985
-0.00529718
-0.00525393
-0.00521011
-0.00516572
-0.00512078
-0.00507527
-0.00502922
-0.00498263
-0.00493549
-0.00488783
-0.00483963
-0.00479092
-0.00474168
-0.00469194
-0.0046417
-0.00459096
-0.00453972
-0.004488
-0.0044358
-0.00438312
-0.00432998
-0.00427638
-0.00422232
-0.00416781
-0.00411287
-0.00405748
-0.00400167
-0.00394543
-0.00388878
-0.00383171
-0.00377425
-0.00371639
-0.00365814
-0.0035995
-0.00354049
-0.00348112
-0.00342138
-0.00336128
-0.00330084
-0.00324005
-0.00317893
-0.00311749
-0.00305572
-0.00299364
-0.00293126
-0.00286858
-0.0028056
-0.00274235
-0.00267881
-0.00261501
-0.00255095
-0.00248663
-0.00242206
-0.00235726
-0.00229222
-0.00222695
-0.00216147
-0.00209579
-0.00202989
-0.00196381
-0.00189753
-0.00183108
-0.00176445
-0.00169766
-0.00163072
-0.00156362
-0.00149639
-0.00142902
-0.00136152
-0.00129391
-0.00122618
-0.00115835
-0.00109043
-0.00102242
-0.000954329
-0.000886166
-0.000817939
-0.000749656
-0.000681324
-0.000612951
-0.000544545
-0.000476113
-0.000407663
-0.000339203
-0.000270741
-0.000202284
-0.00013384
-6.54173e-05
2.97704e-06
7.13351e-05
0.000139649
0.000207912
0.000276115
0.000344251
0.000412312
0.000480291
0.00054818
0.000615972
0.000683658
0.000751232
0.000818685
0.00088601
0.0009532
0.00102025
0.00108714
0.00115388
0.00122046
0.00128686
0.00135308
0.00141911
0.00148495
0.00155058
0.00161601
0.00168122
0.0017462
0.00181095
0.00187547
0.00193974
0.00200375
0.00206751
0.002131
0.00219422
0.00225715
0.0023198
0.00238215
0.0024442
0.00250594
0.00256736
0.00262847
0.00268924
0.00274968
0.00280978
0.00286953
0.00292892
0.00298795
0.00304661
0.0031049
0.0031628
0.00322032
0.00327744
0.00333417
0.00339049
0.00344639
0.00350188
0.00355694
0.00361157
0.00366577
0.00371952
0.00377282
0.00382567
0.00387806
0.00392999
0.00398144
0.00403242
0.00408291
0.00413292
0.00418243
0.00423145
0.00427996
0.00432796
0.00437545
0.00442242
0.00446887
0.00451478
0.00456017
0.00460501
0.00464931
0.00469306
0.00473626
0.0047789
0.00482098
0.00486249
0.00490344
0.0049438
0.00498359
0.00502279
0.00506141
0.00509943
0.00513686
0.00517368
0.00520991
0.00524552
0.00528053
0.00531492
0.00534869
0.00538184
0.00541437
0.00544626
0.00547753
0.00550815
0.00553815
0.0055675
0.0055962
0.00562426
0.00565167
0.00567842
0.00570452
0.00572997
0.00575475
0.00577887
0.00580232
0.0058251
0.00584722
0.00586866
0.00588943
0.00590952
0.00592894
0.00594767
0.00596573
0.0059831
0.00599978
0.00601578
0.00603109
0.00604571
0.00605964
0.00607288
0.00608543
0.00609728
0.00610844
0.0061189
0.00612866
0.00613773
0.0061461
0.00615377
0.00616074
0.00616701
0.00617258
0.00617745
0.00618162
0.00618509
0.00618786
0.00618993
0.0061913
0.00619197
0.00619193
0.0061912
0.00618977
