0
9.82486e-05
0.000195512
-0.0988547
-0.103424
-0.107865
-0.11217
-0.116336
-0.120358
-0.124231
-0.12795
-0.131511
-0.134911
-0.138146
-0.141211
-0.144104
-0.146822
-0.149361
-0.151718
-0.153893
-0.155881
-0.157681
-0.159292
-0.160711
-0.161938
-0.162971
-0.16381
-0.164454
-0.164902
-0.165155
-0.165213
-0.165075
-0.164744
-0.164218
-0.1635
-0.162592
-0.161493
-0.160207
-0.158735
-0.15708
-0.155243
-0.153228
-0.151038
-0.148675
-0.146143
-0.143445
-0.140585
-0.137568
-0.134396
-0.131075
-0.127608
-0.124001
-0.120257
-0.116383
-0.112383
-0.108262
-0.104026
-0.0996803
-0.0952302
-0.0906815
-0.0860403
-0.0813123
-0.0765037
-0.0716206
-0.0666691
-0.0616557
-0.0565866
-0.0514682
-0.0463071
-0.0411096
-0.0358824
-0.030632
-0.0253649
-0.0200877
-0.0148071
-0.00952966
-0.00426184
0.000989761
0.00621864
0.0114183
0.0165824
0.0217044
0.0267782
0.0317974
0.0367559
0.0416476
0.0464666
0.0512068
0.0558626
0.0604283
0.0648983
0.0692671
0.0735296
0.0776805
0.0817147
0.0856276
0.0894142
0.0930701
0.096591
0.0999725
0.103211
0.106302
0.109242
0.112027
0.114655
0.117122
0.119426
0.121563
0.123532
0.125329
0.126953
0.128402
0.129674
0.130768
0.131683
0.132418
0.132971
0.133343
0.133532
0.13354
0.133366
0.13301
0.132473
0.131755
0.130859
0.129784
0.128532
0.127105
0.125505
0.123733
0.121792
0.119685
0.117413
0.114981
0.11239
0.109644
0.106746
0.1037
0.10051
0.0971793
0.093712
0.0901124
0.0863848
0.0825337
0.0785638
0.0744798
0.0702866
0.0659891
0.0615926
0.0571022
0.0525233
0.0478613
0.0431217
0.0383101
0.0334321
0.0284936
0.0235002
0.0184579
0.0133724
0.00824982
0.00309601
-0.00208304
-0.00728134
-0.0124929
-0.0177117
-0.0229317
-0.028147
-0.0333516
-0.0385396
-0.0437051
-0.0488423
-0.0539453
-0.0590084
-0.0640259
-0.0689923
-0.0739019
-0.0787494
-0.0835294
-0.0882367
-0.092866
-0.0974124
-0.101871
-0.106237
-0.110505
-0.114672
-0.118732
-0.122682
-0.126517
-0.130233
-0.133827
-0.137295
-0.140634
-0.143839
-0.146909
-0.14984
-0.152629
-0.155274
-0.157772
-0.160121
-0.162319
-0.164365
-0.166256
-0.167992
-0.169571
-0.170991
-0.172253
-0.173356
-0.174298
-0.175081
-0.175703
-0.176166
-0.176469
-0.176613
-0.176599
-0.176428
-0.176101
-0.17562
-0.174985
-0.1742
-0.173265
-0.172183
-0.170956
-0.169587
-0.168079
-0.166434
-0.164655
-0.162746
-0.160709
-0.158549
-0.156269
-0.153873
-0.151365
-0.148749
-0.146029
-0.14321
-0.140295
-0.13729
-0.1342
-0.131028
-0.127781
-0.124462
-0.121078
-0.117632
-0.114132
-0.110581
-0.106985
-0.10335
-0.0996809
-0.0959833
-0.0922628
-0.0885249
-0.0847752
-0.0810193
-0.0772629
-0.0735114
-0.0697705
-0.0660458
-0.0623428
-0.058667
-0.055024
-0.0514191
-0.0478579
-0.0443455
-0.0408874
-0.0374886
-0.0341545
-0.0308899
-0.0277
-0.0245895
-0.0215633
-0.018626
-0.0157822
-0.0130364
-0.0103929
-0.00785585
-0.00542941
-0.00311749
-0.000923891
0.00114772
0.00309384
0.00491111
0.00659633
0.00814646
0.00955862
0.0108301
0.0119584
0.0129411
0.013776
0.0144612
0.0149948
0.0153751
0.0156007
0.0156703
0.0155828
0.0153373
0.0149332
0.0143698
0.0136469
0.0127643
0.0117221
0.0105205
0.00915987
0.00764093
0.00596447
0.00413146
0.00214308
7.09777e-07
-0.00229412
-0.00473967
-0.00733405
-0.0100752
-0.0129608
-0.0159885
-0.0191557
-0.0224596
-0.0258974
-0.0294659
-0.033162
-0.0369822
-0.0409231
-0.0449811
-0.0491523
-0.0534329
-0.0578187
-0.0623057
-0.0668895
-0.0715658
-0.0763302
-0.0811779
-0.0861044
-0.0911048
-0.0961744
-0.101308
-0.106501
-0.111748
-0.117044
-0.122384
-0.127763
-0.133175
-0.138615
-0.144078
-0.149559
-0.155051
-0.160551
-0.166052
-0.171549
-0.177037
-0.18251
-0.187964
-0.193392
-0.198791
-0.204153
-0.209476
-0.214752
-0.219978
-0.225149
-0.230259
-0.235304
-0.240279
-0.245179
-0.250001
-0.254739
-0.259389
-0.263948
-0.26841
-0.272772
-0.277031
-0.281182
-0.285222
-0.289148
-0.292956
-0.296643
-0.300206
-0.303642
-0.306949
-0.310124
-0.313164
-0.316068
-0.318834
-0.321459
-0.323941
-0.32628
-0.328474
-0.330522
-0.332423
-0.334175
-0.335779
-0.337233
-0.338538
-0.339693
-0.340699
-0.341555
-0.342262
-0.342821
-0.343232
-0.343497
-0.343616
-0.34359
-0.343422
-0.343112
-0.342662
-0.342075
-0.341353
-0.340497
-0.33951
-0.338395
-0.337154
-0.33579
-0.334306
-0.332705
-0.33099
-0.329166
-0.327234
-0.325199
-0.323065
-0.320835
-0.318513
-0.316103
-0.313609
-0.311036
-0.308388
-0.305669
-0.302883
-0.300035
-0.29713
-0.294172
-0.291166
-0.288116
-0.285027
-0.281904
-0.278752
-0.275575
-0.272379
-0.269167
-0.265946
-0.262719
-0.259492
-0.256269
-0.253055
-0.249855
-0.246673
-0.243515
-0.240384
-0.237286
-0.234224
-0.231204
-0.228229
-0.225305
-0.222434
-0.219622
-0.216872
-0.214188
-0.211574
-0.209035
-0.206572
-0.204191
-0.201895
-0.199686
-0.197568
-0.195544
-0.193617
-0.19179
-0.190065
-0.188446
-0.186933
-0.18553
-0.184238
-0.18306
-0.181997
-0.18105
-0.180223
-0.179514
-0.178926
-0.17846
-0.178117
-0.177896
-0.1778
-0.177827
-0.177978
-0.178253
-0.178652
-0.179175
-0.179821
-0.180589
-0.181479
-0.18249
-0.18362
-0.184868
-0.186233
-0.187713
-0.189307
-0.191012
-0.192826
-0.194748
-0.196775
-0.198904
-0.201133
-0.20346
-0.20588
-0.208392
-0.210993
-0.213678
-0.216445
-0.21929
-0.22221
-0.225202
-0.22826
-0.231382
-0.234564
-0.237802
-0.241091
-0.244428
-0.247808
-0.251227
-0.254681
-0.258166
-0.261677
-0.265209
-0.268759
-0.272321
-0.275891
-0.279465
-0.283039
-0.286607
-0.290165
-0.293709
-0.297233
-0.300735
-0.304208
-0.307649
-0.311054
-0.314417
-0.317735
-0.321003
-0.324217
-0.327374
-0.330468
-0.333495
-0.336453
-0.339337
-0.342143
-0.344867
-0.347506
-0.350057
-0.352516
-0.354879
-0.357145
-0.359308
-0.361367
-0.363319
-0.365161
-0.36689
-0.368504
-0.370001
-0.371378
-0.372634
-0.373767
-0.374774
-0.375654
-0.376406
-0.377028
-0.37752
-0.377879
-0.378107
-0.3782
-0.37816
-0.377985
-0.377676
-0.377232
-0.376654
-0.375941
-0.375094
-0.374113
-0.373
-0.371755
-0.370378
-0.368872
-0.367237
-0.365475
-0.363587
-0.361575
-0.359441
-0.357186
-0.354814
-0.352326
-0.349724
-0.347012
-0.344191
-0.341265
-0.338236
-0.335107
-0.331882
-0.328563
-0.325154
-0.321658
-0.318079
-0.31442
-0.310685
-0.306877
-0.303001
-0.299061
-0.295059
-0.291001
-0.28689
-0.282731
-0.278527
-0.274283
-0.270003
-0.265691
-0.261351
-0.256988
-0.252607
-0.248211
-0.243805
-0.239393
-0.234979
-0.230568
-0.226165
-0.221772
-0.217395
-0.213039
-0.208706
-0.204401
-0.200129
-0.195893
-0.191697
-0.187546
-0.183443
-0.179391
-0.175396
-0.171459
-0.167586
-0.163779
-0.160041
-0.156377
-0.152789
-0.14928
-0.145854
-0.142513
-0.13926
-0.136097
-0.133028
-0.130054
-0.127178
-0.124402
-0.121728
-0.119159
-0.116695
-0.114338
-0.112091
-0.109953
-0.107928
-0.106015
-0.104216
-0.102531
-0.100961
-0.0995067
-0.0981685
-0.0969467
-0.0958413
-0.0948522
-0.0939793
-0.0932222
-0.0925805
-0.0920537
-0.0916409
-0.0913413
-0.0911539
-0.0910775
-0.0911109
-0.0912527
-0.0915013
-0.0918551
-0.0923123
-0.0928711
-0.0935292
-0.0942848
-0.0951355
-0.0960789
-0.0971126
-0.0982341
-0.0994406
-0.100729
-0.102098
-0.103543
-0.105061
-0.10665
-0.108306
-0.110026
-0.111807
-0.113645
-0.115537
-0.11748
-0.119469
-0.121502
-0.123575
-0.125683
-0.127824
-0.129993
-0.132188
-0.134403
-0.136637
-0.138883
-0.14114
-0.143403
-0.145668
-0.147932
-0.15019
-0.15244
-0.154678
-0.1569
-0.159101
-0.16128
-0.163432
-0.165554
-0.167642
-0.169693
-0.171704
-0.173671
-0.175592
-0.177463
-0.179281
-0.181044
-0.182748
-0.184392
-0.185971
-0.187484
-0.188928
-0.190301
-0.191601
-0.192825
-0.193972
-0.195039
-0.196025
-0.196928
-0.197747
-0.198479
-0.199125
-0.199682
-0.20015
-0.200527
-0.200814
-0.201008
-0.20111
-0.20112
-0.201036
-0.20086
-0.20059
-0.200227
-0.199771
-0.199223
-0.198583
-0.197852
-0.19703
-0.196119
-0.195119
-0.194032
-0.192859
-0.191601
-0.190261
-0.188838
-0.187336
-0.185756
-0.1841
-0.18237
-0.180569
-0.178698
-0.176761
-0.174759
-0.172695
-0.170573
-0.168394
-0.166161
-0.163878
-0.161547
-0.159173
-0.156756
-0.154302
-0.151813
-0.149293
-0.146744
-0.144171
-0.141577
-0.138966
-0.13634
-0.133704
-0.131061
-0.128415
-0.12577
-0.123128
-0.120495
-0.117873
-0.115266
-0.112678
-0.110112
-0.107573
-0.105064
-0.102587
-0.100148
-0.0977496
-0.0953948
-0.0930875
-0.0908311
-0.0886288
-0.086484
-0.0844
-0.0823798
-0.0804268
-0.0785437
-0.0767337
-0.0749997
-0.0733443
-0.0717704
-0.0702806
-0.0688773
-0.0675631
-0.0663403
-0.0652111
-0.0641776
-0.0632419
-0.0624059
-0.0616714
-0.0610401
-0.0605135
-0.0600931
-0.0597803
-0.0595761
-0.0594818
-0.0594983
-0.0596264
-0.0598668
-0.0602201
-0.0606867
-0.061267
-0.0619611
-0.0627691
-0.0636909
-0.0647263
-0.0658749
-0.0671363
-0.06851
-0.069995
-0.0715907
-0.073296
-0.0751098
-0.0770308
-0.0790577
-0.081189
-0.0834231
-0.0857583
-0.0881927
-0.0907244
-0.0933512
-0.0960711
-0.0988818
-0.101781
-0.104766
-0.107834
-0.110982
-0.114209
-0.11751
-0.120883
-0.124326
-0.127834
-0.131404
-0.135034
-0.13872
-0.142458
-0.146246
-0.150079
-0.153955
-0.157868
-0.161817
-0.165796
-0.169803
-0.173834
-0.177884
-0.181951
-0.186029
-0.190116
-0.194207
-0.198299
-0.202388
-0.206469
-0.21054
-0.214596
-0.218633
-0.222648
-0.226637
-0.230596
-0.234522
-0.23841
-0.242258
-0.246062
-0.249818
-0.253522
-0.257172
-0.260764
-0.264295
-0.267762
-0.271161
-0.27449
-0.277745
-0.280924
-0.284025
-0.287043
-0.289977
-0.292825
-0.295583
-0.29825
-0.300824
-0.303302
-0.305682
-0.307963
-0.310143
-0.312221
-0.314194
-0.316061
-0.317822
-0.319475
-0.321019
-0.322453
-0.323777
-0.324989
-0.32609
-0.327079
-0.327956
-0.32872
-0.329372
-0.329912
-0.330339
-0.330655
-0.33086
-0.330955
-0.33094
-0.330816
-0.330584
-0.330246
-0.329802
-0.329254
-0.328603
-0.327851
-0.327
-0.326051
-0.325007
-0.323869
-0.322639
-0.32132
-0.319913
-0.318422
-0.316849
-0.315196
-0.313465
-0.311661
-0.309784
-0.307839
-0.305828
-0.303754
-0.30162
-0.299429
-0.297185
-0.29489
-0.292549
-0.290163
-0.287736
-0.285273
-0.282775
-0.280247
-0.277692
-0.275113
-0.272514
-0.269899
-0.26727
-0.264631
-0.261985
-0.259337
-0.256689
-0.254044
-0.251407
-0.248781
-0.246168
-0.243572
-0.240996
-0.238444
-0.235918
-0.233422
-0.230959
-0.228532
-0.226143
-0.223795
-0.221492
-0.219236
-0.217029
-0.214874
-0.212774
-0.210731
-0.208747
-0.206824
-0.204965
-0.203171
-0.201445
-0.199788
-0.198202
-0.196689
-0.195249
-0.193886
-0.192598
-0.191389
-0.190259
-0.189209
-0.188239
-0.187351
-0.186545
-0.185822
-0.185182
-0.184625
-0.184151
-0.18376
-0.183453
-0.183229
-0.183087
-0.183028
-0.18305
-0.183154
-0.183337
-0.1836
-0.183941
-0.18436
-0.184854
-0.185423
-0.186066
-0.18678
-0.187564
-0.188416
-0.189334
-0.190318
-0.191363
-0.192469
-0.193634
-0.194854
-0.196128
-0.197453
-0.198826
-0.200246
-0.201709
-0.203213
-0.204755
-0.206332
-0.207942
-0.20958
-0.211246
-0.212934
-0.214643
-0.21637
-0.218111
-0.219862
-0.221622
-0.223387
-0.225153
-0.226917
-0.228677
-0.230429
-0.232169
-0.233896
-0.235604
-0.237293
-0.238957
-0.240594
-0.242201
-0.243776
-0.245314
-0.246813
-0.24827
-0.249682
-0.251046
-0.25236
-0.25362
-0.254824
-0.25597
-0.257054
-0.258075
-0.25903
-0.259916
-0.260732
-0.261475
-0.262143
-0.262734
-0.263246
-0.263678
-0.264027
-0.264293
-0.264473
-0.264566
-0.264571
-0.264486
-0.264311
-0.264044
-0.263685
-0.263233
-0.262687
-0.262046
-0.261311
-0.26048
-0.259554
-0.258532
-0.257415
-0.256202
-0.254895
-0.253492
-0.251995
-0.250404
-0.24872
-0.246944
-0.245077
-0.243119
-0.241072
-0.238937
-0.236715
-0.234409
-0.232018
-0.229546
-0.226993
-0.224362
-0.221655
-0.218873
-0.216019
-0.213095
-0.210104
-0.207047
-0.203927
-0.200746
-0.197509
-0.194216
-0.19087
-0.187476
-0.184035
-0.18055
-0.177024
-0.173461
-0.169864
-0.166235
-0.162578
-0.158896
-0.155192
-0.151469
-0.147732
-0.143983
-0.140225
-0.136462
-0.132697
-0.128934
-0.125175
-0.121425
-0.117687
-0.113963
-0.110258
-0.106574
-0.102915
-0.0992847
-0.0956856
-0.092121
-0.0885942
-0.0851083
-0.0816664
-0.0782714
-0.0749265
-0.0716345
-0.0683983
-0.0652207
-0.0621044
-0.0590522
-0.0560666
-0.0531502
-0.0503053
-0.0475345
-0.04484
-0.042224
-0.0396887
-0.037236
-0.0348679
-0.0325863
-0.030393
-0.0282895
-0.0262775
-0.0243584
-0.0225336
-0.0208043
-0.0191717
-0.0176368
-0.0162006
-0.0148639
-0.0136273
-0.0124916
-0.0114573
-0.0105246
-0.00969395
-0.00896545
-0.00833918
-0.00781508
-0.007393
-0.00707266
-0.00685368
-0.00673557
-0.00671775
-0.0067995
-0.00698002
-0.0072584
-0.00763362
-0.00810456
-0.00867001
-0.00932865
-0.0100791
-0.0109198
-0.0118491
-0.0128655
-0.013967
-0.0151519
-0.0164182
-0.0177638
-0.0191867
-0.0206846
-0.0222554
-0.0238966
-0.0256059
-0.0273808
-0.0292189
-0.0311175
-0.0330739
-0.0350856
-0.0371498
-0.0392637
-0.0414244
-0.0436292
-0.0458751
-0.0481592
-0.0504786
-0.0528303
-0.0552113
-0.0576186
-0.0600492
-0.0625
-0.064968
-0.0674503
-0.0699436
-0.0724451
-0.0749516
-0.0774602
-0.079968
-0.0824718
-0.0849689
-0.0874561
-0.0899308
-0.09239
-0.0948309
-0.0972507
-0.0996466
-0.102016
-0.104356
-0.106665
-0.108939
-0.111177
-0.113376
-0.115533
-0.117646
-0.119713
-0.121733
-0.123702
-0.125619
-0.127482
-0.129289
-0.131039
-0.132729
-0.134359
-0.135926
-0.13743
-0.138869
-0.140241
-0.141546
-0.142783
-0.143951
-0.145049
-0.146076
-0.147031
-0.147915
-0.148726
-0.149464
-0.15013
-0.150722
-0.151241
-0.151688
-0.152061
-0.152362
-0.15259
-0.152746
-0.152832
-0.152846
-0.152791
-0.152666
-0.152473
-0.152213
-0.151886
-0.151495
-0.15104
-0.150522
-0.149944
-0.149306
-0.14861
-0.147857
-0.14705
-0.14619
-0.145279
-0.144319
-0.143312
-0.14226
-0.141164
-0.140028
-0.138853
-0.137641
-0.136395
-0.135117
-0.13381
-0.132475
-0.131115
-0.129733
-0.128331
-0.126911
-0.125476
-0.124029
-0.122572
-0.121107
-0.119637
-0.118165
-0.116693
-0.115223
-0.113758
-0.112301
-0.110854
-0.109419
-0.107999
-0.106596
-0.105213
-0.103852
-0.102515
-0.101205
-0.0999235
-0.0986728
-0.0974551
-0.0962724
-0.0951269
-0.0940205
-0.0929551
-0.0919324
-0.0909544
-0.0900226
-0.0891388
-0.0883045
-0.0875213
-0.0867905
-0.0861135
-0.0854916
-0.0849259
-0.0844176
-0.0839678
-0.0835773
-0.0832469
-0.0829776
-0.08277
-0.0826246
-0.082542
-0.0825226
-0.0825667
-0.0826746
-0.0828463
-0.0830821
-0.0833817
-0.0837451
-0.0841721
-0.0846624
-0.0852155
-0.0858309
-0.0865082
-0.0872465
-0.0880452
-0.0889034
-0.0898202
-0.0907946
-0.0918253
-0.0929114
-0.0940515
-0.0952442
-0.0964882
-0.0977819
-0.0991238
-0.100512
-0.101946
-0.103422
-0.104939
-0.106496
-0.108091
-0.10972
-0.111383
-0.113077
-0.114799
-0.116549
-0.118323
-0.120119
-0.121935
-0.123768
-0.125616
-0.127477
-0.129347
-0.131225
-0.133108
-0.134994
-0.13688
-0.138762
-0.14064
-0.14251
-0.144369
-0.146216
-0.148047
-0.14986
-0.151653
-0.153422
-0.155166
-0.156881
-0.158566
-0.160218
-0.161835
-0.163414
-0.164953
-0.166449
-0.167901
-0.169306
-0.170662
-0.171968
-0.17322
-0.174417
-0.175557
-0.176638
-0.177658
-0.178616
-0.179511
-0.180339
-0.181101
-0.181794
-0.182417
-0.182968
-0.183448
-0.183854
-0.184185
-0.184441
-0.18462
-0.184723
-0.184747
-0.184694
-0.184561
-0.184349
-0.184057
-0.183686
-0.183234
-0.182703
-0.182091
-0.1814
-0.180629
-0.179778
-0.178849
-0.177842
-0.176756
-0.175594
-0.174356
-0.173042
-0.171653
-0.170192
-0.168658
-0.167053
-0.165378
-0.163636
-0.161826
-0.159951
-0.158012
-0.156012
-0.153951
-0.151832
-0.149656
-0.147426
-0.145144
-0.142811
-0.140431
-0.138004
-0.135533
-0.133021
-0.130471
-0.127883
-0.125262
-0.122609
-0.119927
-0.117218
-0.114486
-0.111732
-0.10896
-0.106171
-0.10337
-0.100557
-0.0977374
-0.0949122
-0.0920846
-0.0892573
-0.0864331
-0.0836147
-0.0808047
-0.0780059
-0.075221
-0.0724526
-0.0697035
-0.0669761
-0.0642731
-0.0615971
-0.0589506
-0.0563361
-0.053756
-0.0512129
-0.0487089
-0.0462465
-0.0438278
-0.0414553
-0.0391308
-0.0368567
-0.0346349
-0.0324674
-0.030356
-0.0283027
-0.0263092
-0.0243772
-0.0225082
-0.0207039
-0.0189658
-0.0172951
-0.0156932
-0.0141614
-0.0127007
-0.0113121
-0.00999677
-0.00875543
-0.00758889
-0.00649786
-0.00548292
-0.0045446
-0.0036833
-0.00289935
-0.00219298
-0.00156434
-0.00101345
-0.000540288
-0.000144697
0.000173551
0.000414785
0.000579422
0.000667972
0.000681036
0.000619304
0.000483555
0.000274655
-6.43971e-06
-0.000358692
-0.000780978
-0.00127209
-0.00183074
-0.00245557
-0.00314513
-0.0038979
-0.00471228
-0.00558661
-0.00651916
-0.00750812
-0.00855162
-0.00964773
-0.0107945
-0.0119898
-0.0132315
-0.0145176
-0.0158458
-0.0172138
-0.0186193
-0.0200601
-0.0215337
-0.0230377
-0.0245696
-0.0261271
-0.0277075
-0.0293083
-0.0309271
-0.0325612
-0.0342081
-0.0358651
-0.0375298
-0.0391994
-0.0408713
-0.0425431
-0.044212
-0.0458756
-0.0475312
-0.0491762
-0.0508082
-0.0524246
-0.0540229
-0.0556007
-0.0571555
-0.0586849
-0.0601867
-0.0616583
-0.0630976
-0.0645023
-0.0658703
-0.0671994
-0.0684875
-0.0697326
-0.0709327
-0.072086
-0.0731905
-0.0742445
-0.0752464
-0.0761943
-0.0770869
-0.0779226
-0.0786999
-0.0794176
-0.0800743
-0.080669
-0.0812004
-0.0816677
-0.0820698
-0.0824059
-0.0826753
-0.0828772
-0.0830112
-0.0830767
-0.0830734
-0.0830008
-0.0828589
-0.0826474
-0.0823664
-0.0820159
-0.081596
-0.081107
-0.0805492
-0.079923
-0.079229
-0.0784678
-0.07764
-0.0767464
-0.0757879
-0.0747654
-0.07368
-0.0725327
-0.0713248
-0.0700576
-0.0687325
-0.0673507
-0.065914
-0.0644238
-0.0628818
-0.0612898
-0.0596494
-0.0579627
-0.0562315
-0.0544578
-0.0526437
-0.0507912
-0.0489025
-0.0469798
-0.0450253
-0.0430414
-0.0410304
-0.0389947
-0.0369366
-0.0348586
-0.0327632
-0.030653
-0.0285304
-0.0263979
-0.0242583
-0.0221139
-0.0199676
-0.0178217
-0.0156791
-0.0135422
-0.0114137
-0.00929623
-0.00719236
-0.00510468
-0.00303579
-0.000988239
0.00103542
0.00303267
0.00500102
0.00693799
0.00884116
0.0107081
0.0125365
0.014324
0.0160683
0.0177673
0.0194186
0.0210203
0.0225701
0.0240661
0.0255064
0.026889
0.028212
0.0294738
0.0306726
0.0318068
0.0328748
0.0338751
0.0348064
0.0356672
0.0364564
0.0371728
0.0378152
0.0383827
0.0388744
0.0392894
0.0396269
0.0398863
0.0400671
0.0401687
0.0401907
0.0401329
0.039995
0.0397769
0.0394785
0.0391
0.0386414
0.038103
0.0374852
0.0367883
0.0360129
0.0351596
0.0342289
0.0332218
0.0321391
0.0309816
0.0297505
0.0284469
0.0270719
0.0256267
0.0241129
0.0225317
0.0208846
0.0191733
0.0173994
0.0155646
0.0136707
0.0117195
0.00971286
0.00765284
0.00554143
0.00338071
0.00117281
-0.0010801
-0.00337579
-0.00571197
-0.00808634
-0.0104965
-0.0129402
-0.0154149
-0.0179181
-0.0204474
-0.0230003
-0.0255743
-0.0281667
-0.0307751
-0.0333969
-0.0360295
-0.0386702
-0.0413166
-0.0439661
-0.0466159
-0.0492636
-0.0519066
-0.0545424
-0.0571683
-0.0597819
-0.0623807
-0.0649622
-0.0675239
-0.0700635
-0.0725785
-0.0750666
-0.0775255
-0.0799529
-0.0823467
-0.0847046
-0.0870246
-0.0893045
-0.0915423
-0.0937361
-0.095884
-0.0979842
-0.100035
-0.102034
-0.103981
-0.105873
-0.107709
-0.109488
-0.111209
-0.112869
-0.114468
-0.116005
-0.117479
-0.118888
-0.120233
-0.121511
-0.122723
-0.123868
-0.124945
-0.125955
-0.126895
-0.127767
-0.12857
-0.129304
-0.129969
-0.130566
-0.131093
-0.131553
-0.131944
-0.132267
-0.132523
-0.132713
-0.132837
-0.132897
-0.132891
-0.132823
-0.132693
-0.132501
-0.132249
-0.131939
-0.131572
-0.131148
-0.13067
-0.130139
-0.129557
-0.128924
-0.128244
-0.127518
-0.126747
-0.125934
-0.12508
-0.124188
-0.123259
-0.122296
-0.121301
-0.120275
-0.119222
-0.118143
-0.11704
-0.115916
-0.114774
-0.113615
-0.112442
-0.111258
-0.110064
-0.108863
-0.107657
-0.10645
-0.105243
-0.104038
-0.102839
-0.101647
-0.100465
-0.0992959
-0.0981409
-0.0970028
-0.0958841
-0.0947868
-0.0937133
-0.0926659
-0.0916466
-0.0906576
-0.089701
-0.088779
-0.0878934
-0.0870463
-0.0862396
-0.0854751
-0.0847546
-0.08408
-0.0834528
-0.0828747
-0.0823472
-0.0818719
-0.0814501
-0.0810833
-0.0807727
-0.0805194
-0.0803247
-0.0801896
-0.080115
-0.0801019
-0.080151
-0.0802631
-0.0804389
-0.0806789
-0.0809836
-0.0813534
-0.0817886
-0.0822894
-0.0828559
-0.0834883
-0.0841864
-0.0849502
-0.0857794
-0.0866738
-0.0876329
-0.0886563
-0.0897434
-0.0908936
-0.0921061
-0.0933802
-0.0947149
-0.0961094
-0.0975624
-0.0990729
-0.10064
-0.102262
-0.103937
-0.105665
-0.107443
-0.10927
-0.111145
-0.113066
-0.115031
-0.117037
-0.119084
-0.121169
-0.123291
-0.125447
-0.127634
-0.129852
-0.132098
-0.134368
-0.136663
-0.138977
-0.141311
-0.14366
-0.146023
-0.148398
-0.150781
-0.15317
-0.155563
-0.157958
-0.160351
-0.16274
-0.165123
-0.167497
-0.169859
-0.172208
-0.17454
-0.176852
-0.179144
-0.181411
-0.183652
-0.185863
-0.188043
-0.19019
-0.1923
-0.194372
-0.196403
-0.198391
-0.200333
-0.202229
-0.204075
-0.205869
-0.207609
-0.209294
-0.210922
-0.21249
-0.213998
-0.215442
-0.216822
-0.218136
-0.219383
-0.220561
-0.221668
-0.222704
-0.223667
-0.224556
-0.225371
-0.226109
-0.226771
-0.227355
-0.227861
-0.228288
-0.228636
-0.228903
-0.229091
-0.229198
-0.229224
-0.22917
-0.229034
-0.228819
-0.228522
-0.228145
-0.227689
-0.227153
-0.226538
-0.225845
-0.225074
-0.224226
-0.223302
-0.222303
-0.221231
-0.220085
-0.218868
-0.217581
-0.216224
-0.214801
-0.213311
-0.211756
-0.210139
-0.208461
-0.206723
-0.204928
-0.203078
-0.201174
-0.199218
-0.197213
-0.195161
-0.193064
-0.190924
-0.188744
-0.186525
-0.184271
-0.181983
-0.179664
-0.177317
-0.174944
-0.172547
-0.17013
-0.167694
-0.165243
-0.162778
-0.160303
-0.157821
-0.155333
-0.152842
-0.150352
-0.147864
-0.145382
-0.142908
-0.140444
-0.137993
-0.135558
-0.133141
-0.130745
-0.128373
-0.126026
-0.123707
-0.121418
-0.119163
-0.116943
-0.11476
-0.112617
-0.110515
-0.108458
-0.106447
-0.104483
-0.10257
-0.100708
-0.0989005
-0.0971481
-0.0954527
-0.0938161
-0.0922397
-0.0907251
-0.0892737
-0.0878867
-0.0865654
-0.0853111
-0.0841247
-0.0830073
-0.0819598
-0.080983
-0.0800778
-0.0792447
-0.0784844
-0.0777974
-0.0771841
-0.0766448
-0.0761798
-0.0757892
-0.075473
-0.0752314
-0.0750641
-0.0749709
-0.0749517
-0.075006
-0.0751333
-0.0753332
-0.0756051
-0.0759481
-0.0763616
-0.0768447
-0.0773964
-0.0780158
-0.0787016
-0.0794528
-0.0802681
-0.0811462
-0.0820857
-0.083085
-0.0841428
-0.0852575
-0.0864272
-0.0876504
-0.0889253
-0.09025
-0.0916227
-0.0930414
-0.0945041
-0.0960089
-0.0975535
-0.099136
-0.100754
-0.102406
-0.104088
-0.1058
-0.107539
-0.109301
-0.111086
-0.112891
-0.114712
-0.116549
-0.118398
-0.120258
-0.122125
-0.123997
-0.125872
-0.127748
-0.129621
-0.131491
-0.133353
-0.135207
-0.137049
-0.138877
-0.140689
-0.142483
-0.144256
-0.146007
-0.147732
-0.14943
-0.151099
-0.152737
-0.154341
-0.15591
-0.157442
-0.158934
-0.160386
-0.161795
-0.163159
-0.164478
-0.165748
-0.166969
-0.16814
-0.169259
-0.170324
-0.171334
-0.172289
-0.173187
-0.174026
-0.174807
-0.175528
-0.176188
-0.176787
-0.177323
-0.177797
-0.178208
-0.178555
-0.178838
-0.179057
-0.179212
-0.179302
-0.179327
-0.179288
-0.179185
-0.179018
-0.178786
-0.178492
-0.178134
-0.177714
-0.177232
-0.176688
-0.176085
-0.175421
-0.174699
-0.173919
-0.173083
-0.172191
-0.171244
-0.170245
-0.169193
-0.168091
-0.166939
-0.165741
-0.164496
-0.163206
-0.161874
-0.1605
-0.159087
-0.157636
-0.15615
-0.154629
-0.153076
-0.151494
-0.149883
-0.148245
-0.146584
-0.1449
-0.143197
-0.141475
-0.139738
-0.137986
-0.136223
-0.134451
-0.132671
-0.130886
-0.129098
-0.127309
-0.125521
-0.123736
-0.121957
-0.120185
-0.118423
-0.116673
-0.114936
-0.113216
-0.111512
-0.109829
-0.108167
-0.106529
-0.104916
-0.10333
-0.101774
-0.100248
-0.098754
-0.0972944
-0.0958705
-0.0944837
-0.0931355
-0.0918275
-0.0905608
-0.089337
-0.0881571
-0.0870224
-0.085934
-0.0848929
-0.0839002
-0.0829567
-0.0820634
-0.0812209
-0.08043
-0.0796914
-0.0790055
-0.0783729
-0.077794
-0.0772691
-0.0767985
-0.0763824
-0.0760208
-0.0757139
-0.0754615
-0.0752636
-0.0751199
-0.0750302
-0.0749942
-0.0750114
-0.0750813
-0.0752033
-0.0753769
-0.0756012
-0.0758756
-0.0761991
-0.0765709
-0.0769899
-0.0774551
-0.0779653
-0.0785194
-0.0791162
-0.0797542
-0.0804322
-0.0811486
-0.0819021
-0.0826911
-0.0835139
-0.084369
-0.0852547
-0.0861692
-0.0871108
-0.0880776
-0.0890678
-0.0900795
-0.0911107
-0.0921596
-0.0932241
-0.0943022
-0.0953919
-0.0964911
-0.0975977
-0.0987097
-0.0998249
-0.100941
-0.102057
-0.103169
-0.104276
-0.105375
-0.106465
-0.107544
-0.108609
-0.109657
-0.110688
-0.111699
-0.112688
-0.113652
-0.114591
-0.115501
-0.116381
-0.11723
-0.118044
-0.118823
-0.119564
-0.120266
-0.120927
-0.121545
-0.122119
-0.122646
-0.123127
-0.123558
-0.12394
-0.124269
-0.124546
-0.124768
-0.124935
-0.125045
-0.125098
-0.125092
-0.125027
-0.124902
-0.124715
-0.124467
-0.124157
-0.123783
-0.123347
-0.122846
-0.122282
-0.121653
-0.12096
-0.120203
-0.119381
-0.118494
-0.117543
-0.116529
-0.11545
-0.114308
-0.113104
-0.111837
-0.110508
-0.109118
-0.107668
-0.106159
-0.104591
-0.102966
-0.101285
-0.0995477
-0.0977569
-0.0959133
-0.0940182
-0.0920731
-0.0900795
-0.0880389
-0.0859528
-0.0838229
-0.081651
-0.0794387
-0.0771879
-0.0749005
-0.0725783
-0.0702234
-0.0678376
-0.0654232
-0.062982
-0.0605163
-0.0580282
-0.0555199
-0.0529936
-0.0504515
-0.0478959
-0.045329
-0.0427532
-0.0401708
-0.0375841
-0.0349955
-0.0324072
-0.0298217
-0.0272413
-0.0246683
-0.0221052
-0.0195541
-0.0170176
-0.0144978
-0.0119972
-0.00951789
-0.00706228
-0.00463258
-0.00223102
0.000140222
0.00247897
0.00478311
0.00705052
0.00927917
0.011467
0.0136121
0.0157125
0.0177664
0.0197718
0.021727
0.0236304
0.0254801
0.0272747
0.0290125
0.0306921
0.032312
0.0338709
0.0353675
0.0368005
0.0381689
0.0394714
0.0407071
0.0418751
0.0429745
0.0440045
0.0449644
0.0458535
0.0466713
0.0474173
0.0480911
0.0486924
0.049221
0.0496766
0.0500593
0.0503689
0.0506057
0.0507697
0.0508612
0.0508806
0.0508281
0.0507044
0.0505099
0.0502454
0.0499114
0.0495089
0.0490387
0.0485017
0.0478989
0.0472314
0.0465004
0.0457072
0.0448529
0.043939
0.0429669
0.041938
0.040854
0.0397164
0.0385269
0.0372872
0.0359991
0.0346644
0.033285
0.0318628
0.0303998
0.028898
0.0273594
0.0257862
0.0241803
0.0225441
0.0208796
0.0191891
0.0174749
0.0157391
0.013984
0.012212
0.0104253
0.00862631
0.00681729
0.00500058
0.00317852
0.00135344
-0.000472315
-0.00229643
-0.00411659
-0.00593048
-0.0077358
-0.00953029
-0.0113117
-0.0130777
-0.0148262
-0.016555
-0.0182619
-0.0199447
-0.0216015
-0.0232301
-0.0248285
-0.0263947
-0.0279269
-0.0294231
-0.0308815
-0.0323002
-0.0336777
-0.0350122
-0.036302
-0.0375456
-0.0387416
-0.0398884
-0.0409846
-0.042029
-0.0430204
-0.0439574
-0.0448391
-0.0456643
-0.0464322
-0.0471417
-0.0477921
-0.0483826
-0.0489126
-0.0493814
-0.0497885
-0.0501335
-0.0504161
-0.0506358
-0.0507925
-0.0508861
-0.0509164
-0.0508836
-0.0507877
-0.0506289
-0.0504075
-0.0501237
-0.049778
-0.0493709
-0.0489029
-0.0483746
-0.0477868
-0.0471402
-0.0464358
-0.0456743
-0.0448568
-0.0439844
-0.0430581
-0.0420792
-0.0410489
-0.0399686
-0.0388395
-0.0376632
-0.0364411
-0.0351748
-0.0338659
-0.0325159
-0.0311267
-0.0296999
-0.0282374
-0.026741
-0.0252125
-0.0236538
-0.0220669
-0.0204539
-0.0188165
-0.017157
-0.0154774
-0.0137797
-0.0120661
-0.0103386
-0.00859947
-0.00685078
-0.00509471
-0.00333341
-0.00156907
0.000196154
0.00196009
0.00372056
0.00547542
0.00722251
0.00895969
0.0106848
0.0123958
0.0140906
0.015767
0.0174232
0.0190569
0.0206663
0.0222493
0.0238042
0.0253288
0.0268216
0.0282805
0.0297039
0.03109
0.0324372
0.0337438
0.0350083
0.0362291
0.0374048
0.0385339
0.0396152
0.0406473
0.041629
0.0425591
0.0434365
0.0442603
0.0450293
0.0457428
0.0463998
0.0469996
0.0475416
0.0480251
0.0484495
0.0488143
0.0491193
0.0493639
0.0495481
0.0496715
0.0497342
0.0497359
0.0496769
0.0495572
0.049377
0.0491365
0.0488362
0.0484763
0.0480575
0.0475802
0.047045
0.0464528
0.0458042
0.0451
0.0443412
0.0435288
0.0426637
0.0417471
0.0407801
0.039764
0.0386999
0.0375894
0.0364337
0.0352342
0.0339926
0.0327103
0.031389
0.0300303
0.0286358
0.0272073
0.0257466
0.0242555
0.0227359
0.0211895
0.0196184
0.0180245
0.0164096
0.0147759
0.0131254
0.01146
0.00978177
0.00809285
0.00639529
0.00469116
0.00298255
0.00127156
-0.000439716
-0.00214919
-0.00385477
-0.00555437
-0.00724592
-0.00892734
-0.0105966
-0.0122517
-0.0138905
-0.0155111
-0.0171116
-0.0186899
-0.0202442
-0.0217725
-0.0232731
-0.0247441
-0.0261837
-0.0275902
-0.0289618
-0.0302971
-0.0315942
-0.0328517
-0.034068
-0.0352418
-0.0363715
-0.0374559
-0.0384936
-0.0394834
-0.0404241
-0.0413146
-0.0421539
-0.0429409
-0.0436747
-0.0443545
-0.0449795
-0.0455489
-0.0460621
-0.0465185
-0.0469176
-0.0472588
-0.047542
-0.0477666
-0.0479325
-0.0480396
-0.0480877
-0.0480768
-0.048007
-0.0478784
-0.0476912
-0.0474456
-0.047142
-0.0467808
-0.0463625
-0.0458876
-0.0453568
-0.0447707
-0.0441301
-0.0434357
-0.0426886
-0.0418895
-0.0410397
-0.04014
-0.0391916
-0.0381958
-0.0371538
-0.0360668
-0.0349362
-0.0337635
-0.0325501
-0.0312976
-0.0300073
-0.0286811
-0.0273204
-0.025927
-0.0245026
-0.023049
-0.021568
-0.0200613
-0.0185309
-0.0169786
-0.0154063
-0.013816
-0.0122096
-0.0105891
-0.00895647
-0.00731371
-0.00566282
-0.00400584
-0.00234478
-0.000681669
0.000981454
0.00264257
0.00429964
0.00595066
0.00759362
0.00922652
0.0108474
0.0124542
0.0140451
0.0156181
0.0171713
0.0187028
0.0202108
0.0216934
0.0231489
0.0245755
0.0259715
0.0273352
0.028665
0.0299592
0.0312164
0.0324349
0.0336135
0.0347506
0.0358448
0.036895
0.0378998
0.038858
0.0397686
0.0406304
0.0414425
0.0422038
0.0429135
0.0435708
0.0441749
0.044725
0.0452207
0.0456612
0.0460462
0.0463752
0.0466478
0.0468638
0.0470228
0.0471249
0.0471698
0.0471577
0.0470885
0.0469623
0.0467795
0.0465402
0.0462447
0.0458936
0.0454872
0.0450262
0.044511
0.0439424
0.0433212
0.0426481
0.0419239
0.0411497
0.0403264
0.0394551
0.0385367
0.0375726
0.036564
0.035512
0.0344181
0.0332835
0.0321098
0.0308983
0.0296507
0.0283684
0.027053
0.0257062
0.0243297
0.0229252
0.0214943
0.0200389
0.0185609
0.0170619
0.0155439
0.0140087
0.0124583
0.0108944
0.0093192
0.00773446
0.00614218
0.0045443
0.00294279
0.00133962
-0.00026325
-0.00186386
-0.00346024
-0.00505045
-0.00663255
-0.00820459
-0.00976466
-0.0113109
-0.0128413
-0.0143541
-0.0158475
-0.0173196
-0.0187686
-0.0201928
-0.0215905
-0.0229599
-0.0242995
-0.0256075
-0.0268824
-0.0281228
-0.0293269
-0.0304935
-0.0316212
-0.0327085
-0.0337542
-0.034757
-0.0357157
-0.0366293
-0.0374965
-0.0383164
-0.039088
-0.0398104
-0.0404828
-0.0411043
-0.0416743
-0.042192
-0.0426569
-0.0430685
-0.0434263
-0.0437299
-0.0439789
-0.0441732
-0.0443124
-0.0443965
-0.0444255
-0.0443993
-0.044318
-0.0441817
-0.0439907
-0.0437452
-0.0434456
-0.0430922
-0.0426857
-0.0422264
-0.0417151
-0.0411523
-0.0405388
-0.0398755
-0.0391631
-0.0384025
-0.0375948
-0.036741
-0.0358421
-0.0348993
-0.0339138
-0.0328868
-0.0318197
-0.0307137
-0.0295703
-0.0283909
-0.0271769
-0.0259299
-0.0246515
-0.0233433
-0.0220068
-0.0206437
-0.0192559
-0.0178448
-0.0164124
-0.0149604
-0.0134906
-0.0120049
-0.010505
-0.00899283
-0.00747027
-0.00593919
-0.00440149
-0.00285906
-0.00131381
0.000232359
0.00177754
0.00331982
0.00485731
0.00638811
0.00791035
0.00942215
0.0109217
0.012407
0.0138764
0.0153281
0.0167602
0.018171
0.0195589
0.020922
0.0222587
0.0235674
0.0248465
0.0260945
0.0273097
0.0284908
0.0296363
0.0307448
0.031815
0.0328455
0.0338352
0.0347828
0.0356872
0.0365472
0.0373619
0.0381303
0.0388514
0.0395245
0.0401486
0.040723
0.0412471
0.0417203
0.042142
0.0425116
0.0428288
0.0430932
0.0433045
0.0434625
0.043567
0.0436179
0.0436152
0.0435589
0.043449
0.0432858
0.0430695
0.0428004
0.0424788
0.0421051
0.0416799
0.0412037
0.0406771
0.0401007
0.0394753
0.0388018
0.0380808
0.0373135
0.0365006
0.0356433
0.0347426
0.0337997
0.0328156
0.0317918
0.0307293
0.0296296
0.0284941
0.027324
0.026121
0.0248864
0.0236219
0.0223289
0.0210091
0.0196641
0.0182956
0.0169053
0.0154948
0.014066
0.0126206
0.0111604
0.00968712
0.00820265
0.00670879
0.0052074
0.00370031
0.00218938
0.00067646
-0.000836588
-0.00234791
-0.00385564
-0.00535795
-0.00685298
-0.00833891
-0.00981391
-0.0112762
-0.0127239
-0.0141554
-0.0155689
-0.0169625
-0.0183348
-0.0196838
-0.0210081
-0.0223061
-0.023576
-0.0248164
-0.0260258
-0.0272027
-0.0283457
-0.0294534
-0.0305244
-0.0315575
-0.0325514
-0.0335049
-0.0344169
-0.0352862
-0.0361119
-0.0368928
-0.0376282
-0.038317
-0.0389585
-0.039552
-0.0400967
-0.0405919
-0.0410371
-0.0414318
-0.0417755
-0.0420678
-0.0423084
-0.042497
-0.0426334
-0.0427174
-0.0427491
-0.0427283
-0.0426551
-0.0425297
-0.0423521
-0.0421228
-0.0418419
-0.0415098
-0.041127
-0.040694
-0.0402112
-0.0396794
-0.0390993
-0.0384714
-0.0377967
-0.037076
-0.0363102
-0.0355003
-0.0346472
-0.0337521
-0.032816
-0.0318402
-0.0308258
-0.0297741
-0.0286864
-0.0275641
-0.0264085
-0.0252211
-0.0240035
-0.0227569
-0.0214831
-0.0201836
-0.01886
-0.0175139
-0.016147
-0.014761
-0.0133576
-0.0119385
-0.0105055
-0.0090603
-0.00760473
-0.00614055
-0.00466958
-0.00319362
-0.00171448
-0.000233982
0.00124606
0.00272384
0.00419754
0.00566535
0.00712547
0.00857613
0.0100155
0.0114419
0.0128536
0.0142488
0.0156258
0.0169829
0.0183186
0.0196311
0.0209189
0.0221803
0.0234139
0.0246182
0.0257917
0.026933
0.0280406
0.0291133
0.0301498
0.0311487
0.0321089
0.0330293
0.0339087
0.034746
0.0355403
0.0362906
0.036996
0.0376557
0.0382688
0.0388347
0.0393526
0.039822
0.0402423
0.040613
0.0409337
0.041204
0.0414236
0.0415922
0.0417098
0.0417761
0.0417911
0.0417548
0.0416672
0.0415286
0.0413391
0.0410989
0.0408084
0.040468
0.040078
0.0396391
0.0391517
0.0386165
0.0380341
0.0374054
0.036731
0.0360118
0.0352488
0.0344429
0.0335951
0.0327064
0.031778
0.0308111
0.0298068
0.0287663
0.027691
0.0265822
0.0254413
0.0242697
0.0230689
0.0218402
0.0205854
0.0193058
0.0180031
0.0166789
0.0153348
0.0139725
0.0125937
0.0112
0.0097932
0.008375
0.00694714
0.00551139
0.00406951
0.00262326
0.00117443
-0.000275212
-0.00172388
-0.00316981
-0.00461122
-0.00604635
-0.00747344
-0.00889075
-0.0102965
-0.0116891
-0.0130667
-0.0144277
-0.0157704
-0.0170932
-0.0183945
-0.0196727
-0.0209261
-0.0221534
-0.023353
-0.0245234
-0.0256633
-0.0267712
-0.0278458
-0.0288859
-0.02989
-0.0308571
-0.0317859
-0.0326754
-0.0335244
-0.034332
-0.0350971
-0.0358189
-0.0364965
-0.037129
-0.0377158
-0.038256
-0.0387492
-0.0391946
-0.0395918
-0.0399404
-0.0402398
-0.0404897
-0.0406899
-0.0408402
-0.0409404
-0.0409903
-0.04099
-0.0409394
-0.0408387
-0.040688
-0.0404874
-0.0402374
-0.0399381
-0.03959
-0.0391936
-0.0387493
-0.0382577
-0.0377194
-0.0371352
-0.0365056
-0.0358316
-0.035114
-0.0343537
-0.0335516
-0.0327087
-0.0318261
-0.0309049
-0.0299462
-0.0289512
-0.0279212
-0.0268574
-0.0257612
-0.0246338
-0.0234767
-0.0222914
-0.0210792
-0.0198418
-0.0185805
-0.017297
-0.0159929
-0.0146697
-0.0133291
-0.0119727
-0.0106023
-0.00921939
-0.00782579
-0.00642318
-0.00501329
-0.00359784
-0.00217858
-0.000757227
0.000664463
0.00208475
0.0035019
0.00491419
0.00631987
0.00771724
0.00910459
0.0104802
0.0118425
0.0131897
0.0145201
0.0158323
0.0171246
0.0183954
0.0196431
0.0208663
0.0220635
0.0232332
0.024374
0.0254845
0.0265634
0.0276094
0.0286212
0.0295975
0.0305373
0.0314393
0.0323026
0.0331259
0.0339085
0.0346493
0.0353474
0.0360021
0.0366125
0.0371779
0.0376977
0.0381712
0.0385979
0.0389772
0.0393088
0.0395923
0.0398273
0.0400137
0.0401511
0.0402394
0.0402786
0.0402687
0.0402096
0.0401015
0.0399446
0.039739
0.0394851
0.0391832
0.0388337
0.038437
0.0379937
0.0375043
0.0369695
0.0363899
0.0357663
0.0350995
0.0343903
0.0336396
0.0328484
0.0320176
0.0311484
0.0302417
0.0292988
0.0283208
0.027309
0.0262645
0.0251888
0.0240831
0.0229488
0.0217874
0.0206003
0.019389
0.0181549
0.0168996
0.0156248
0.0143318
0.0130224
0.0116982
0.0103608
0.0090119
0.00765313
0.00628619
0.00491276
0.00353456
0.00215327
0.000770601
-0.000611731
-0.00199202
-0.00336857
-0.00473969
-0.00610367
-0.00745884
-0.00880353
-0.0101361
-0.0114549
-0.0127582
-0.0140446
-0.0153124
-0.0165601
-0.0177861
-0.0189889
-0.0201671
-0.0213192
-0.0224437
-0.0235394
-0.0246049
-0.0256388
-0.0266399
-0.0276071
-0.028539
-0.0294346
-0.0302928
-0.0311125
-0.0318928
-0.0326327
-0.0333312
-0.0339876
-0.0346011
-0.0351709
-0.0356963
-0.0361767
-0.0366116
-0.0370003
-0.0373426
-0.0376378
-0.0378858
-0.0380862
-0.0382388
-0.0383435
-0.0384
-0.0384085
-0.0383688
-0.0382811
-0.0381455
-0.0379622
-0.0377315
-0.0374536
-0.0371289
-0.0367579
-0.036341
-0.0358787
-0.0353718
-0.0348208
-0.0342264
-0.0335894
-0.0329107
-0.032191
-0.0314314
-0.0306327
-0.0297961
-0.0289225
-0.028013
-0.027069
-0.0260914
-0.0250817
-0.024041
-0.0229706
-0.0218721
-0.0207467
-0.0195958
-0.018421
-0.0172238
-0.0160056
-0.0147679
-0.0135125
-0.0122409
-0.0109546
-0.00965537
-0.00834483
-0.00702465
-0.00569651
-0.00436211
-0.00302315
-0.00168134
-0.000338404
0.00100394
0.00234398
0.00367999
0.00501026
0.00633306
0.00764671
0.00894951
0.0102398
0.0115158
0.012776
0.0140187
0.0152423
0.0164452
0.0176258
0.0187826
0.019914
0.0210186
0.0220949
0.0231415
0.024157
0.02514
0.0260892
0.0270033
0.0278811
0.0287214
0.0295231
0.0302849
0.031006
0.0316851
0.0323215
0.0329141
0.0334621
0.0339647
0.0344211
0.0348306
0.0351926
0.0355065
0.0357717
0.0359877
0.0361541
0.0362706
0.0363368
0.0363525
0.0363175
0.0362317
0.0360949
0.0359073
0.0356687
0.0353794
0.0350395
0.0346491
0.0342087
0.0337186
0.033179
0.0325906
0.0319538
0.0312691
0.0305373
0.029759
0.0289349
0.0280658
0.0271526
0.0261961
0.0251973
0.0241572
0.0230768
0.0219572
0.0207996
0.0196051
0.0183749
0.0171104
0.0158127
0.0144833
0.0131234
0.0117346
0.0103183
0.0088759
0.00740894
0.00591895
0.00440748
0.00287613
0.00132649
-0.000239811
-0.00182113
-0.0034158
-0.00502216
-0.00663852
-0.00826317
-0.00989441
-0.0115305
-0.0131698
-0.0148105
-0.016451
-0.0180894
-0.0197242
-0.0213535
-0.0229756
-0.024589
-0.0261918
-0.0277825
-0.0293594
-0.0309207
-0.032465
-0.0339907
-0.0354961
-0.0369797
-0.0384399
-0.0398754
-0.0412846
-0.0426661
-0.0440185
-0.0453405
-0.0466306
-0.0478877
-0.0491105
-0.0502977
-0.0514483
-0.052561
-0.0536349
-0.0546688
-0.0556618
-0.056613
-0.0575215
-0.0583864
-0.059207
-0.0599825
-0.0607122
-0.0613956
-0.0620321
-0.062621
-0.0631621
-0.0636549
-0.0640989
-0.0644941
-0.06484
-0.0651365
-0.0653836
-0.0655811
-0.0657291
-0.0658275
-0.0658765
-0.0658763
-0.0658271
-0.0657292
-0.0655828
-0.0653884
-0.0651465
-0.0648574
-0.0645219
-0.0641403
-0.0637136
-0.0632422
-0.062727
-0.0621688
-0.0615684
-0.0609268
-0.0602448
-0.0595235
-0.0587638
-0.0579669
-0.0571339
-0.0562659
-0.055364
-0.0544296
-0.0534638
-0.0524681
-0.0514436
-0.0503917
-0.0493138
-0.0482114
-0.0470857
-0.0459384
-0.0447708
-0.0435845
-0.0423809
-0.0411616
-0.0399281
-0.0386819
-0.0374247
-0.0361579
-0.0348832
-0.033602
-0.032316
-0.0310268
-0.0297359
-0.0284449
-0.0271553
-0.0258687
-0.0245867
-0.0233107
-0.0220424
-0.0207831
-0.0195344
-0.0182977
-0.0170745
-0.0158663
-0.0146743
-0.0135
-0.0123448
-0.0112098
-0.0100966
-0.00900617
-0.00793987
-0.00689887
-0.0058843
-0.00489728
-0.00393889
-0.00301015
-0.00211205
-0.00124554
-0.000411524
0.000389135
0.00115562
0.00188718
0.00258308
0.00324265
0.00386528
0.00445039
0.00499745
0.005506
0.00597561
0.00640592
0.00679661
0.00714741
0.00745813
0.00772858
0.00795868
0.00814837
0.00829764
0.00840655
0.00847521
0.00850377
0.00849245
0.0084415
0.00835123
0.00822201
0.00805425
0.00784842
0.00760503
0.00732463
0.00700783
0.0066553
0.00626772
0.00584584
0.00539044
0.00490237
0.00438248
0.00383169
0.00325096
0.00264126
0.00200363
0.00133912
0.000648827
-6.61231e-05
-0.000804575
-0.00156534
-0.00234722
-0.00314895
-0.00396929
-0.00480695
-0.00566061
-0.00652895
-0.00741063
-0.00830429
-0.00920855
-0.010122
-0.0110433
-0.011971
-0.0129037
-0.01384
-0.0147784
-0.0157176
-0.0166561
-0.0175925
-0.0185253
-0.0194533
-0.0203748
-0.0212887
-0.0221934
-0.0230876
-0.02397
-0.0248392
-0.0256939
-0.0265328
-0.0273546
-0.028158
-0.0289419
-0.029705
-0.0304461
-0.0311641
-0.0318579
-0.0325263
-0.0331684
-0.033783
-0.0343693
-0.0349263
-0.035453
-0.0359486
-0.0364123
-0.0368433
-0.0372408
-0.0376041
-0.0379326
-0.0382257
-0.0384829
-0.0387035
-0.0388871
-0.0390333
-0.0391418
-0.0392121
-0.0392441
-0.0392375
-0.0391921
-0.0391079
-0.0389846
-0.0388224
-0.0386211
-0.038381
-0.0381021
-0.0377847
-0.0374288
-0.0370349
-0.0366032
-0.0361341
-0.0356281
-0.0350855
-0.034507
-0.0338931
-0.0332443
-0.0325615
-0.0318451
-0.0310961
-0.0303151
-0.0295031
-0.0286608
-0.0277893
-0.0268893
-0.025962
-0.0250082
-0.0240292
-0.0230259
-0.0219995
-0.0209512
-0.019882
-0.0187933
-0.0176862
-0.016562
-0.0154219
-0.0142673
-0.0130996
-0.0119199
-0.0107297
-0.00953039
-0.00832329
-0.00710979
-0.00589132
-0.00466927
-0.00344506
-0.00222011
-0.000995843
0.000226323
0.00144497
0.00265867
0.00386602
0.00506561
0.00625603
0.00743591
0.00860387
0.00975854
0.0108986
0.0120226
0.0131294
0.0142176
0.0152859
0.0163332
0.0173581
0.0183595
0.0193363
0.0202872
0.0212111
0.022107
0.0229739
0.0238107
0.0246165
0.0253903
0.0261312
0.0268383
0.0275109
0.0281482
0.0287493
0.0293138
0.0298408
0.0303298
0.0307802
0.0311916
0.0315634
0.0318953
0.0321868
0.0324377
0.0326477
0.0328166
0.0329441
0.0330303
0.0330749
0.0330781
0.0330397
0.03296
0.032839
0.0326769
0.0324739
0.0322304
0.0319466
0.0316229
0.0312598
0.0308577
0.0304171
0.0299387
0.0294229
0.0288706
0.0282823
0.0276588
0.0270009
0.0263095
0.0255853
0.0248294
0.0240426
0.0232259
0.0223804
0.0215071
0.0206071
0.0196815
0.0187314
0.0177581
0.0167627
0.0157465
0.0147108
0.0136567
0.0125856
0.0114989
0.0103978
0.00928379
0.00815815
0.00702229
0.00587761
0.00472551
0.00356742
0.00240474
0.00123891
7.13565e-05
-0.00109649
-0.0022632
-0.00342735
-0.00458751
-0.00574226
-0.0068902
-0.00802992
-0.00916003
-0.0102791
-0.0113859
-0.012479
-0.013557
-0.0146187
-0.0156628
-0.016688
-0.017693
-0.0186767
-0.0196378
-0.0205751
-0.0214877
-0.0223743
-0.0232338
-0.0240653
-0.0248677
-0.0256401
-0.0263815
-0.0270911
-0.027768
-0.0284114
-0.0290205
-0.0295946
-0.030133
-0.0306351
-0.0311003
-0.031528
-0.0319178
-0.0322691
-0.0325816
-0.032855
-0.0330888
-0.0332829
-0.0334371
-0.0335511
-0.0336248
-0.0336583
-0.0336514
-0.0336042
-0.0335169
-0.0333894
-0.0332221
-0.0330151
-0.0327688
-0.0324834
-0.0321593
-0.031797
-0.0313969
-0.0309595
-0.0304854
-0.0299753
-0.0294297
-0.0288493
-0.028235
-0.0275874
-0.0269074
-0.0261959
-0.0254536
-0.0246817
-0.023881
-0.0230526
-0.0221974
-0.0213167
-0.0204113
-0.0194826
-0.0185316
-0.0175596
-0.0165677
-0.0155572
-0.0145293
-0.0134854
-0.0124267
-0.0113545
-0.0102702
-0.00917512
-0.0080706
-0.00695802
-0.00583877
-0.00471422
-0.00358577
-0.00245482
-0.00132276
-0.000191002
0.000939067
0.00206605
0.00318855
0.00430518
0.00541457
0.00651534
0.00760615
0.00868565
0.0097525
0.0108054
0.011843
0.0128641
0.0138675
0.0148518
0.0158159
0.0167585
0.0176786
0.018575
0.0194466
0.0202923
0.0211111
0.021902
0.022664
0.0233963
0.0240978
0.0247677
0.0254052
0.0260096
0.0265801
0.0271159
0.0276165
0.0280813
0.0285096
0.0289009
0.0292548
0.0295709
0.0298487
0.0300879
0.0302882
0.0304494
0.0305713
0.0306538
0.0306966
0.0306999
0.0306635
0.0305876
0.0304722
0.0303175
0.0301237
0.0298909
0.0296195
0.0293098
0.0289622
0.0285771
0.0281551
0.0276964
0.0272019
0.026672
0.0261074
0.0255088
0.0248768
0.0242124
0.0235162
0.0227891
0.0220321
0.0212459
0.0204316
0.0195901
0.0187225
0.0178297
0.016913
0.0159733
0.0150118
0.0140296
0.013028
0.0120081
0.0109712
0.00991846
0.00885116
0.00777059
0.00667802
0.00557476
0.00446213
0.00334143
0.00221401
0.0010812
-5.56656e-05
-0.00119524
-0.00233617
-0.00347712
-0.00461675
-0.00575371
-0.00688668
-0.00801433
-0.00913534
-0.0102484
-0.0113522
-0.0124455
-0.013527
-0.0145955
-0.0156497
-0.0166884
-0.0177105
-0.0187147
-0.0197
-0.0206651
-0.0216091
-0.0225308
-0.0234292
-0.0243034
-0.0251523
-0.0259751
-0.0267707
-0.0275384
-0.0282774
-0.0289867
-0.0296658
-0.0303138
-0.0309301
-0.0315142
-0.0320652
-0.0325829
-0.0330665
-0.0335158
-0.0339302
-0.0343094
-0.0346532
-0.0349611
-0.035233
-0.0354687
-0.035668
-0.0358309
-0.0359574
-0.0360474
-0.0361009
-0.0361182
-0.0360993
-0.0360444
-0.0359538
-0.0358277
-0.0356665
-0.0354706
-0.0352403
-0.0349762
-0.0346788
-0.0343485
-0.0339861
-0.0335921
-0.0331672
-0.0327121
-0.0322276
-0.0317145
-0.0311736
-0.0306058
-0.0300119
-0.029393
-0.0287499
-0.0280837
-0.0273954
-0.0266861
-0.0259568
-0.0252087
-0.0244429
-0.0236605
-0.0228628
-0.0220509
-0.021226
-0.0203895
-0.0195424
-0.0186862
-0.0178221
-0.0169514
-0.0160753
-0.0151952
-0.0143124
-0.0134282
-0.012544
-0.011661
-0.0107806
-0.00990402
-0.0090327
-0.00816789
-0.00731089
-0.006463
-0.0056255
-0.00479966
-0.00398674
-0.00318797
-0.00240458
-0.00163777
-0.000888733
-0.000158632
0.000551394
0.00124023
0.00190678
0.00254998
0.00316879
0.00376222
0.00432928
0.00486904
0.00538057
0.00586302
0.00631553
0.00673732
0.0071276
0.00748566
0.00781081
0.0081024
0.00835984
0.00858255
0.00877002
0.00892178
0.00903738
0.00911645
0.00915865
0.00916367
0.00913127
0.00906125
0.00895344
0.00880774
0.00862408
0.00840245
0.00814288
0.00784545
0.00751029
0.00713756
0.00672749
0.00628035
0.00579644
0.00527613
0.00471981
0.00412794
0.00350101
0.00283957
0.00214418
0.00141547
0.000654111
-0.000139194
-0.000963699
-0.00181862
-0.00270313
-0.00361636
-0.00455743
-0.00552539
-0.00651928
-0.0075381
-0.00858082
-0.00964638
-0.0107337
-0.0118416
-0.012969
-0.0141147
-0.0152775
-0.0164562
-0.0176495
-0.0188563
-0.0200752
-0.0213049
-0.0225441
-0.0237915
-0.0250458
-0.0263056
-0.0275696
-0.0288364
-0.0301047
-0.031373
-0.0326401
-0.0339046
-0.0351651
-0.0364202
-0.0376686
-0.0389089
-0.0401398
-0.04136
-0.0425681
-0.0437629
-0.0449429
-0.0461071
-0.0472541
-0.0483826
-0.0494915
-0.0505795
-0.0516455
-0.0526884
-0.0537069
-0.0547001
-0.0556669
-0.0566062
-0.057517
-0.0583983
-0.0592493
-0.0600691
-0.0608567
-0.0616113
-0.0623322
-0.0630186
-0.0636698
-0.0642852
-0.0648641
-0.0654059
-0.0659101
-0.0663762
-0.0668038
-0.0671924
-0.0675418
-0.0678515
-0.0681214
-0.0683512
-0.0685407
-0.0686898
-0.0687985
-0.0688667
-0.0688944
-0.0688817
-0.0688287
-0.0687356
-0.0686026
-0.0684299
-0.0682178
-0.0679668
-0.067677
-0.0673492
-0.0669836
-0.0665808
-0.0661414
-0.065666
-0.0651553
-0.0646099
-0.0640306
-0.0634182
-0.0627734
-0.0620972
-0.0613903
-0.0606538
-0.0598886
-0.0590957
-0.058276
-0.0574307
-0.0565608
-0.0556675
-0.0547518
-0.0538149
-0.052858
-0.0518823
-0.050889
-0.0498795
-0.0488548
-0.0478164
-0.0467654
-0.0457032
-0.0446312
-0.0435506
-0.0424628
-0.0413691
-0.0402708
-0.0391694
-0.0380661
-0.0369622
-0.0358593
-0.0347585
-0.0336612
-0.0325688
-0.0314826
-0.0304038
-0.0293339
-0.028274
-0.0272254
-0.0261895
-0.0251673
-0.0241602
-0.0231694
-0.022196
-0.0212411
-0.020306
-0.0193916
-0.0184991
-0.0176295
-0.0167838
-0.015963
-0.0151681
-0.0143998
-0.0136592
-0.0129471
-0.0122642
-0.0116113
-0.0109891
-0.0103984
-0.00983977
-0.00931379
-0.00882102
-0.00836199
-0.00793717
-0.00754697
-0.00719179
-0.00687195
-0.00658775
-0.00633943
-0.00612717
-0.00595115
-0.00581144
-0.00570812
-0.00564118
-0.0056106
-0.00561627
-0.00565808
-0.00573583
-0.00584931
-0.00599824
-0.0061823
-0.00640113
-0.00665431
-0.0069414
-0.00726189
-0.00761524
-0.00800087
-0.00841816
-0.00886642
-0.00934497
-0.00985304
-0.0103898
-0.0109546
-0.0115464
-0.0121643
-0.0128075
-0.0134749
-0.0141656
-0.0148786
-0.0156127
-0.0163669
-0.0171401
-0.0179312
-0.0187389
-0.0195622
-0.0203997
-0.0212503
-0.0221127
-0.0229857
-0.023868
-0.0247583
-0.0256552
-0.0265576
-0.027464
-0.0283731
-0.0292836
-0.0301942
-0.0311035
-0.0320101
-0.0329128
-0.0338102
-0.0347009
-0.0355837
-0.0364572
-0.0373201
-0.0381711
-0.0390089
-0.0398323
-0.0406399
-0.0414306
-0.0422031
-0.0429563
-0.0436889
-0.0443998
-0.0450878
-0.0457519
-0.046391
-0.047004
-0.0475899
-0.0481478
-0.0486766
-0.0491754
-0.0496435
-0.0500798
-0.0504836
-0.0508542
-0.0511908
-0.0514926
-0.0517591
-0.0519896
-0.0521836
-0.0523406
-0.05246
-0.0525414
-0.0525844
-0.0525887
-0.052554
-0.05248
-0.0523665
-0.0522134
-0.0520205
-0.0517879
-0.0515153
-0.051203
-0.050851
-0.0504594
-0.0500283
-0.0495581
-0.0490489
-0.0485012
-0.0479152
-0.0472913
-0.0466301
-0.045932
-0.0451976
-0.0444274
-0.0436221
-0.0427824
-0.041909
-0.0410027
-0.0400641
-0.0390943
-0.0380941
-0.0370643
-0.036006
-0.0349201
-0.0338076
-0.0326697
-0.0315074
-0.0303217
-0.0291139
-0.0278852
-0.0266366
-0.0253696
-0.0240852
-0.0227848
-0.0214697
-0.0201412
-0.0188005
-0.0174492
-0.0160885
-0.0147197
-0.0133444
-0.0119638
-0.0105794
-0.00919259
-0.0078048
-0.00641743
-0.0050319
-0.00364965
-0.00227207
-0.000900603
0.000463357
0.0018184
0.00316314
0.00449617
0.00581614
0.00712167
0.00841142
0.00968406
0.0109383
0.0121728
0.0133863
0.0145775
0.0157453
0.0168884
0.0180057
0.019096
0.0201581
0.021191
0.0221937
0.0231651
0.0241042
0.02501
0.0258817
0.0267184
0.0275191
0.0282832
0.0290098
0.0296982
0.0303477
0.0309577
0.0315276
0.0320569
0.032545
0.0329914
0.0333957
0.0337577
0.0340768
0.0343529
0.0345857
0.0347751
0.0349208
0.0350228
0.0350811
0.0350956
0.0350663
0.0349935
0.0348772
0.0347176
0.0345149
0.0342694
0.0339815
0.0336515
0.0332798
0.0328669
0.0324133
0.0319195
0.0313861
0.0308137
0.0302031
0.0295548
0.0288698
0.0281486
0.0273922
0.0266014
0.0257771
0.0249202
0.0240317
0.0231125
0.0221637
0.0211863
0.0201814
0.0191501
0.0180934
0.0170126
0.0159089
0.0147832
0.013637
0.0124714
0.0112877
0.010087
0.00887074
0.00764009
0.00639636
0.00514084
0.00387484
0.00259965
0.00131659
2.69541e-05
-0.00126794
-0.00256679
-0.00386828
-0.00517113
-0.00647403
-0.0077757
-0.00907487
-0.0103703
-0.0116606
-0.0129447
-0.0142213
-0.0154893
-0.0167473
-0.0179942
-0.019229
-0.0204504
-0.0216574
-0.0228489
-0.0240237
-0.025181
-0.0263197
-0.0274389
-0.0285375
-0.0296147
-0.0306697
-0.0317015
-0.0327094
-0.0336926
-0.0346503
-0.035582
-0.0364869
-0.0373644
-0.0382139
-0.0390348
-0.0398268
-0.0405893
-0.0413219
-0.0420242
-0.0426959
-0.0433368
-0.0439464
-0.0445248
-0.0450716
-0.0455868
-0.0460703
-0.046522
-0.046942
-0.0473304
-0.0476871
-0.0480124
-0.0483064
-0.0485693
-0.0488015
-0.0490032
-0.0491747
-0.0493164
-0.0494288
-0.0495123
-0.0495674
-0.0495946
-0.0495945
-0.0495678
-0.049515
-0.0494368
-0.0493339
-0.049207
-0.049057
-0.0488846
-0.0486906
-0.0484759
-0.0482413
-0.0479879
-0.0477163
-0.0474277
-0.047123
-0.0468031
-0.0464691
-0.046122
-0.0457628
-0.0453926
-0.0450124
-0.0446233
-0.0442263
-0.0438226
-0.0434132
-0.0429992
-0.0425818
-0.0421621
-0.041741
-0.0413198
-0.0408996
-0.0404814
-0.0400662
-0.0396553
-0.0392497
-0.0388503
-0.0384584
-0.0380748
-0.0377007
-0.037337
-0.0369847
-0.0366449
-0.0363184
-0.0360061
-0.035709
-0.035428
-0.0351638
-0.0349175
-0.0346896
-0.0344811
-0.0342926
-0.034125
-0.0339787
-0.0338546
-0.0337532
-0.0336751
-0.0336209
-0.033591
-0.0335859
-0.0336061
-0.033652
-0.033724
-0.0338222
-0.0339471
-0.0340989
-0.0342778
-0.0344838
-0.0347172
-0.0349781
-0.0352664
-0.0355822
-0.0359253
-0.0362958
-0.0366935
-0.0371182
-0.0375697
-0.0380477
-0.038552
-0.0390822
-0.0396379
-0.0402187
-0.0408242
-0.0414539
-0.0421071
-0.0427835
-0.0434822
-0.0442028
-0.0449445
-0.0457065
-0.0464883
-0.0472889
-0.0481075
-0.0489434
-0.0497955
-0.0506631
-0.0515452
-0.0524408
-0.053349
-0.0542687
-0.0551989
-0.0561385
-0.0570865
-0.0580417
-0.0590031
-0.0599696
-0.0609399
-0.0619129
-0.0628875
-0.0638625
-0.0648366
-0.0658087
-0.0667776
-0.067742
-0.0687008
-0.0696527
-0.0705966
-0.0715311
-0.0724552
-0.0733675
-0.0742669
-0.0751522
-0.0760222
-0.0768758
-0.0777118
-0.0785289
-0.0793262
-0.0801025
-0.0808566
-0.0815875
-0.0822942
-0.0829757
-0.0836308
-0.0842586
-0.0848582
-0.0854287
-0.085969
-0.0864784
-0.086956
-0.087401
-0.0878126
-0.0881901
-0.0885328
-0.08884
-0.089111
-0.0893453
-0.0895424
-0.0897016
-0.0898226
-0.0899048
-0.089948
-0.0899517
-0.0899157
-0.0898397
-0.0897235
-0.0895669
-0.0893697
-0.0891319
-0.0888535
-0.0885345
-0.0881749
-0.0877749
-0.0873345
-0.086854
-0.0863335
-0.0857735
-0.0851742
-0.084536
-0.0838594
-0.0831447
-0.0823925
-0.0816034
-0.0807779
-0.0799167
-0.0790205
-0.0780899
-0.0771258
-0.076129
-0.0751002
-0.0740404
-0.0729505
-0.0718315
-0.0706843
-0.0695099
-0.0683094
-0.067084
-0.0658346
-0.0645625
-0.0632688
-0.0619547
-0.0606215
-0.0592704
-0.0579027
-0.0565197
-0.0551226
-0.0537129
-0.0522918
-0.0508608
-0.0494212
-0.0479744
-0.0465219
-0.0450649
-0.043605
-0.0421435
-0.040682
-0.0392218
-0.0377643
-0.0363111
-0.0348634
-0.0334228
-0.0319907
-0.0305685
-0.0291575
-0.0277593
-0.0263751
-0.0250063
-0.0236544
-0.0223206
-0.0210062
-0.0197125
-0.0184409
-0.0171926
-0.0159688
-0.0147707
-0.0135995
-0.0124563
-0.0113423
-0.0102586
-0.0092062
-0.00818612
-0.00719937
-0.0062469
-0.00532962
-0.00444842
-0.00360414
-0.00279756
-0.00202946
-0.00130055
-0.000611493
3.70696e-05
0.000644555
0.00121042
0.00173417
0.00221536
0.00265359
0.00304849
0.00339977
0.00370715
0.00397044
0.00418946
0.0043641
0.0044943
0.00458003
0.00462134
0.0046183
0.00457104
0.00447974
0.00434462
0.00416597
0.00394411
0.0036794
0.00337227
0.00302318
0.00263264
0.0022012
0.00172948
0.0012181
0.000667774
7.922e-05
-0.000546786
-0.00120943
-0.00190785
-0.00264116
-0.00340843
-0.00420869
-0.00504092
-0.0059041
-0.00679715
-0.00771897
-0.00866841
-0.00964431
-0.0106455
-0.0116707
-0.0127187
-0.0137883
-0.0148781
-0.0159868
-0.017113
-0.0182556
-0.0194129
-0.0205838
-0.0217667
-0.0229603
-0.0241632
-0.0253739
-0.0265909
-0.0278129
-0.0290385
-0.030266
-0.0314942
-0.0327215
-0.0339466
-0.0351679
-0.036384
-0.0375936
-0.0387952
-0.0399874
-0.0411689
-0.0423381
-0.0434938
-0.0446347
-0.0457594
-0.0468665
-0.0479549
-0.0490233
-0.0500704
-0.051095
-0.0520959
-0.053072
-0.0540222
-0.0549453
-0.0558404
-0.0567064
-0.0575422
-0.058347
-0.0591199
-0.0598599
-0.0605662
-0.061238
-0.0618745
-0.0624751
-0.0630391
-0.0635657
-0.0640546
-0.064505
-0.0649165
-0.0652886
-0.065621
-0.0659133
-0.0661651
-0.0663761
-0.0665463
-0.0666753
-0.0667631
-0.0668096
-0.0668148
-0.0667786
-0.0667011
-0.0665825
-0.0664229
-0.0662225
-0.0659815
-0.0657003
-0.0653792
-0.0650186
-0.0646189
-0.0641805
-0.0637041
-0.0631901
-0.0626392
-0.0620521
-0.0614293
-0.0607717
-0.0600799
-0.0593548
-0.0585973
-0.0578082
-0.0569883
-0.0561387
-0.0552604
-0.0543543
-0.0534214
-0.0524628
-0.0514797
-0.050473
-0.0494441
-0.0483939
-0.0473238
-0.0462349
-0.0451284
-0.0440055
-0.0428676
-0.0417159
-0.0405517
-0.0393762
-0.0381909
-0.0369968
-0.0357955
-0.0345882
-0.0333763
-0.032161
-0.0309438
-0.0297258
-0.0285085
-0.0272932
-0.0260811
-0.0248736
-0.023672
-0.0224775
-0.0212915
-0.0201151
-0.0189497
-0.0177964
-0.0166565
-0.0155311
-0.0144215
-0.0133287
-0.0122538
-0.0111981
-0.0101625
-0.00914806
-0.00815584
-0.00718681
-0.00624191
-0.00532208
-0.0044282
-0.00356112
-0.00272167
-0.00191062
-0.00112873
-0.000376705
0.000344781
0.0010351
0.00169365
0.00231988
0.00291329
0.00347339
0.00399977
0.00449203
0.00494984
0.00537288
0.0057609
0.0061137
0.00643108
0.00671294
0.00695918
0.00716977
0.00734472
0.00748405
0.00758788
0.00765633
0.00768959
0.00768786
0.00765142
0.00758057
0.00747565
0.00733704
0.00716519
0.00696055
0.00672362
0.00645496
0.00615514
0.00582478
0.00546454
0.00507511
0.0046572
0.00421158
0.00373903
0.00324038
0.00271647
0.00216818
0.00159642
0.00100212
0.000386243
-0.000250232
-0.000906298
-0.00158093
-0.00227308
-0.00298167
-0.00370564
-0.00444387
-0.00519525
-0.00595866
-0.00673295
-0.00751697
-0.00830957
-0.00910957
-0.0099158
-0.0107271
-0.0115422
-0.0123601
-0.0131795
-0.0139991
-0.014818
-0.0156347
-0.0164483
-0.0172576
-0.0180613
-0.0188584
-0.0196476
-0.020428
-0.0211983
-0.0219575
-0.0227046
-0.0234384
-0.024158
-0.0248622
-0.0255502
-0.0262209
-0.0268735
-0.0275069
-0.0281203
-0.0287128
-0.0292837
-0.029832
-0.030357
-0.030858
-0.0313342
-0.031785
-0.0322097
-0.0326077
-0.0329784
-0.0333214
-0.033636
-0.0339219
-0.0341786
-0.0344057
-0.0346029
-0.0347698
-0.0349062
-0.0350119
-0.0350866
-0.0351303
-0.0351427
-0.0351239
-0.0350738
-0.0349925
-0.0348799
-0.0347361
-0.0345614
-0.0343559
-0.0341197
-0.0338532
-0.0335566
-0.0332303
-0.0328746
-0.0324899
-0.0320767
-0.0316355
-0.0311667
-0.030671
-0.0301489
-0.0296009
-0.0290279
-0.0284304
-0.0278092
-0.027165
-0.0264986
-0.0258108
-0.0251024
-0.0243743
-0.0236273
-0.0228624
-0.0220805
-0.0212825
-0.0204694
-0.0196421
-0.0188018
-0.0179494
-0.0170859
-0.0162124
-0.0153299
-0.0144396
-0.0135425
-0.0126398
-0.0117324
-0.0108215
-0.00990825
-0.00899372
-0.00807904
-0.00716531
-0.00625365
-0.00534516
-0.00444096
-0.00354214
-0.00264979
-0.00176499
-0.000888836
-2.23747e-05
0.000833339
0.00167727
0.00250838
0.00332568
0.00412818
0.0049149
0.00568489
0.00643722
0.00717099
0.00788531
0.00857932
0.00925218
0.00990309
0.0105313
0.011136
0.0117164
0.012272
0.012802
0.0133059
0.0137829
0.0142326
0.0146544
0.0150478
0.0154124
0.0157477
0.0160534
0.0163291
0.0165745
0.0167893
0.0169732
0.0171262
0.017248
0.0173384
0.0173975
0.0174252
0.0174214
0.0173862
0.0173197
0.017222
0.0170932
0.0169335
0.0167432
0.0165225
0.0162717
0.0159911
0.0156812
0.0153423
0.0149749
0.0145795
0.0141565
0.0137066
0.0132302
0.0127281
0.0122009
0.0116492
0.0110738
0.0104754
0.00985473
0.0092126
0.00854984
0.00786729
0.0071658
0.00644627
0.00570961
0.00495674
0.00418862
0.00340622
0.00261051
0.0018025
0.000983198
0.000153639
-0.00068514
-0.00153209
-0.00238615
-0.00324626
-0.00411134
-0.0049803
-0.00585208
-0.00672559
-0.00759973
-0.00847342
-0.00934558
-0.0102151
-0.011081
-0.0119421
-0.0127973
-0.0136457
-0.0144862
-0.0153176
-0.0161391
-0.0169496
-0.0177481
-0.0185336
-0.0193052
-0.0200619
-0.0208028
-0.021527
-0.0222336
-0.0229217
-0.0235906
-0.0242394
-0.0248672
-0.0254735
-0.0260574
-0.0266182
-0.0271553
-0.027668
-0.0281557
-0.0286179
-0.0290539
-0.0294634
-0.0298457
-0.0302006
-0.0305274
-0.030826
-0.0310959
-0.0313369
-0.0315487
-0.031731
-0.0318838
-0.0320067
-0.0320998
-0.032163
-0.0321961
-0.0321993
-0.0321725
-0.0321159
-0.0320295
-0.0319135
-0.0317682
-0.0315936
-0.0313902
-0.0311581
-0.0308978
-0.0306096
-0.0302939
-0.0299512
-0.029582
-0.0291866
-0.0287658
-0.0283201
-0.0278501
-0.0273563
-0.0268396
-0.0263006
-0.02574
-0.0251586
-0.0245572
-0.0239365
-0.0232974
-0.0226408
-0.0219674
-0.0212783
-0.0205744
-0.0198565
-0.0191257
-0.0183828
-0.017629
-0.0168651
-0.0160922
-0.0153113
-0.0145235
-0.0137297
-0.0129311
-0.0121287
-0.0113235
-0.0105167
-0.00970926
-0.00890227
-0.00809679
-0.00729389
-0.00649464
-0.0057001
-0.00491131
-0.00412931
-0.00335515
-0.00258985
-0.00183443
-0.00108988
-0.000357204
0.000362634
0.00106867
0.00175997
0.0024356
0.00309467
0.00373628
0.00435959
0.00496375
0.00554795
0.00611139
0.00665333
0.00717301
0.00766974
0.00814283
0.00859163
0.00901553
0.00941394
0.00978629
0.0101321
0.0104508
0.010742
0.0110053
0.0112402
0.0114464
0.0116237
0.0117717
0.0118902
0.0119789
0.0120378
0.0120666
0.0120654
0.0120339
0.0119723
0.0118806
0.0117587
0.0116069
0.0114251
0.0112137
0.0109728
0.0107027
0.0104036
0.0100759
0.00971992
0.00933606
0.00892475
0.00848645
0.00802166
0.00753091
0.00701477
0.00647382
0.00590871
0.00532008
0.00470863
0.00407507
0.00342014
0.00274463
0.00204933
0.00133506
0.00060268
-0.000146946
-0.000912919
-0.00169432
-0.00249023
-0.00329967
-0.00412168
-0.00495527
-0.00579943
-0.00665315
-0.00751539
-0.00838511
-0.00926125
-0.0101428
-0.0110286
-0.0119176
-0.0128087
-0.013701
-0.0145931
-0.0154842
-0.016373
-0.0172585
-0.0181397
-0.0190153
-0.0198845
-0.020746
-0.0215988
-0.022442
-0.0232744
-0.024095
-0.0249028
-0.0256968
-0.0264761
-0.0272396
-0.0279865
-0.0287157
-0.0294264
-0.0301177
-0.0307887
-0.0314387
-0.0320667
-0.032672
-0.0332539
-0.0338115
-0.0343443
-0.0348515
-0.0353324
-0.0357866
-0.0362133
-0.0366121
-0.0369824
-0.0373238
-0.0376358
-0.0379179
-0.0381699
-0.0383914
-0.0385821
-0.0387417
-0.03887
-0.0389668
-0.0390319
-0.0390653
-0.0390669
-0.0390366
-0.0389744
-0.0388805
-0.0387547
-0.0385974
-0.0384086
-0.0381885
-0.0379374
-0.0376555
-0.0373431
-0.0370006
-0.0366284
-0.0362269
-0.0357964
-0.0353376
-0.034851
-0.034337
-0.0337963
-0.0332295
-0.0326372
-0.0320202
-0.0313792
-0.0307148
-0.0300279
-0.0293192
-0.0285897
-0.02784
-0.0270712
-0.0262841
-0.0254796
-0.0246587
-0.0238223
-0.0229714
-0.022107
-0.0212302
-0.0203419
-0.0194432
-0.0185351
-0.0176188
-0.0166952
-0.0157656
-0.0148309
-0.0138923
-0.0129509
-0.0120078
-0.0110641
-0.0101209
-0.00917936
-0.00824055
-0.00730558
-0.00637557
-0.00545161
-0.00453478
-0.00362617
-0.00272685
-0.00183788
-0.000960302
-9.51597e-05
0.000756532
0.00159377
0.00241557
0.00322095
0.00400899
0.00477874
0.0055293
0.0062598
0.00696936
0.00765717
0.00832241
0.0089643
0.0095821
0.0101751
0.0107425
0.0112838
0.0117983
0.0122854
0.0127445
0.0131751
0.0135768
0.0139489
0.0142912
0.0146032
0.0148846
0.015135
0.0153542
0.0155419
0.0156979
0.0158221
0.0159143
0.0159745
0.0160025
0.0159984
0.0159622
0.015894
0.0157938
0.0156619
0.0154983
0.0153033
0.0150772
0.0148203
0.0145328
0.0142151
0.0138677
0.013491
0.0130855
0.0126516
0.0121899
0.011701
0.0111855
0.010644
0.0100773
0.0094859
0.00887066
0.00823231
0.00757165
0.00688947
0.00618662
0.00546396
0.00472239
0.0039628
0.00318614
0.00239335
0.00158541
0.000763299
-7.19724e-05
-0.000919384
-0.0017779
-0.00264647
-0.00352404
-0.00440953
-0.00530186
-0.00619995
-0.0071027
-0.00800901
-0.00891778
-0.00982789
-0.0107382
-0.0116477
-0.0125552
-0.0134597
-0.0143599
-0.0152549
-0.0161435
-0.0170247
-0.0178973
-0.0187604
-0.0196129
-0.0204537
-0.0212818
-0.0220962
-0.0228959
-0.02368
-0.0244475
-0.0251975
-0.025929
-0.0266411
-0.0273331
-0.028004
-0.0286531
-0.0292795
-0.0298825
-0.0304614
-0.0310154
-0.0315439
-0.0320463
-0.0325219
-0.0329701
-0.0333904
-0.0337823
-0.0341453
-0.0344789
-0.0347829
-0.0350567
-0.0353
-0.0355126
-0.0356941
-0.0358444
-0.0359633
-0.0360506
-0.0361061
-0.0361299
-0.0361219
-0.036082
-0.0360104
-0.035907
-0.0357721
-0.0356057
-0.035408
-0.0351793
-0.0349199
-0.03463
-0.0343099
-0.0339601
-0.0335809
-0.0331727
-0.0327362
-0.0322716
-0.0317797
-0.031261
-0.030716
-0.0301454
-0.0295499
-0.0289302
-0.0282869
-0.0276209
-0.0269329
-0.0262237
-0.0254941
-0.024745
-0.0239773
-0.0231918
-0.0223895
-0.0215713
-0.0207381
-0.0198909
-0.0190307
-0.0181585
-0.0172752
-0.016382
-0.0154799
-0.0145698
-0.0136529
-0.0127301
-0.0118026
-0.0108714
-0.00993765
-0.00900232
-0.00806653
-0.00713133
-0.00619781
-0.00526701
-0.00434002
-0.00341786
-0.00250161
-0.00159228
-0.000690911
0.000201482
0.0010839
0.00195534
0.00281483
0.00366142
0.00449416
0.00531212
0.0061144
0.00690012
0.0076684
0.00841841
0.00914933
0.00986037
0.0105508
0.0112197
0.0118666
0.0124907
0.0130913
0.0136679
0.0142198
0.0147464
0.0152472
0.0157218
0.0161695
0.0165901
0.0169831
0.0173482
0.0176849
0.017993
0.0182723
0.0185224
0.0187433
0.0189347
0.0190966
0.0192288
0.0193314
0.0194042
0.0194474
0.0194609
0.019445
0.0193996
0.0193251
0.0192216
0.0190892
0.0189285
0.0187395
0.0185227
0.0182785
0.0180072
0.0177093
0.0173854
0.0170358
0.0166611
0.016262
0.015839
0.0153927
0.0149237
0.0144329
0.0139208
0.0133882
0.0128359
0.0122647
0.0116753
0.0110685
0.0104453
0.00980651
0.00915294
0.00848554
0.00780521
0.00711289
0.00640951
0.00569604
0.00497343
0.00424267
0.00350474
0.00276062
0.00201133
0.00125785
0.000501202
-0.000257612
-0.00101758
-0.00177769
-0.00253694
-0.00329432
-0.00404882
-0.00479945
-0.00554522
-0.00628515
-0.00701826
-0.00774358
-0.00846016
-0.00916707
-0.00986337
-0.0105481
-0.0112205
-0.0118796
-0.0125245
-0.0131544
-0.0137685
-0.0143659
-0.0149459
-0.0155078
-0.0160508
-0.0165741
-0.0170772
-0.0175593
-0.0180198
-0.0184582
-0.0188738
-0.0192661
-0.0196346
-0.0199788
-0.0202982
-0.0205926
-0.0208613
-0.0211042
-0.0213208
-0.0215109
-0.0216743
-0.0218107
-0.0219199
-0.0220018
-0.0220562
-0.0220832
-0.0220826
-0.0220544
-0.0219987
-0.0219156
-0.021805
-0.0216672
-0.0215023
-0.0213105
-0.021092
-0.0208472
-0.0205762
-0.0202795
-0.0199574
-0.0196103
-0.0192387
-0.0188429
-0.0184235
-0.017981
-0.017516
-0.017029
-0.0165207
-0.0159916
-0.0154424
-0.0148739
-0.0142866
-0.0136814
-0.0130591
-0.0124203
-0.0117658
-0.0110966
-0.0104134
-0.00971708
-0.0090085
-0.00828855
-0.00755813
-0.00681815
-0.00606952
-0.00531319
-0.0045501
-0.0037812
-0.00300745
-0.00222981
-0.00144925
-0.000666754
0.000116715
0.000900175
0.00168265
0.00246317
0.00324075
0.00401443
0.00478324
0.00554623
0.00630245
0.00705095
0.0077908
0.00852108
0.00924088
0.00994931
0.0106455
0.0113285
0.0119976
0.0126519
0.0132905
0.0139127
0.0145178
0.0151049
0.0156733
0.0162224
0.0167514
0.0172597
0.0177467
0.0182117
0.0186541
0.0190736
0.0194694
0.0198411
0.0201883
0.0205105
0.0208073
0.0210784
0.0213235
0.0215421
0.0217342
0.0218993
0.0220374
0.0221482
0.0222316
0.0222876
0.022316
0.0223168
0.0222901
0.0222358
0.022154
0.0220449
0.0219086
0.0217452
0.021555
0.0213382
0.0210951
0.020826
0.0205312
0.020211
0.019866
0.0194965
0.019103
0.018686
0.0182461
0.0177836
0.0172994
0.0167939
0.0162677
0.0157217
0.0151563
0.0145724
0.0139706
0.0133518
0.0127167
0.0120661
0.0114007
0.0107215
0.0100293
0.00932491
0.00860926
0.00788323
0.00714773
0.00640367
0.00565198
0.0048936
0.00412948
0.00336056
0.00258781
0.00181219
0.00103467
0.000256213
-0.000522213
-0.00129964
-0.00207509
-0.00284761
-0.00361623
-0.00438
-0.00513797
-0.00588919
-0.00663274
-0.00736769
-0.00809313
-0.00880815
-0.00951188
-0.0102034
-0.010882
-0.0115466
-0.0121966
-0.0128311
-0.0134493
-0.0140504
-0.0146338
-0.0151987
-0.0157443
-0.0162701
-0.0167754
-0.0172595
-0.0177219
-0.0181621
-0.0185793
-0.0189733
-0.0193434
-0.0196893
-0.0200104
-0.0203065
-0.0205772
-0.0208221
-0.021041
-0.0212336
-0.0213996
-0.021539
-0.0216515
-0.021737
-0.0217954
-0.0218267
-0.0218309
-0.021808
-0.0217579
-0.0216809
-0.0215771
-0.0214465
-0.0212894
-0.021106
-0.0208965
-0.0206613
-0.0204007
-0.020115
-0.0198046
-0.0194699
-0.0191114
-0.0187296
-0.018325
-0.0178981
-0.0174495
-0.0169798
-0.0164896
-0.0159795
-0.0154504
-0.0149027
-0.0143374
-0.0137551
-0.0131566
-0.0125427
-0.0119142
-0.0112719
-0.0106168
-0.00994968
-0.00927141
-0.00858292
-0.00788511
-0.00717893
-0.00646532
-0.00574523
-0.00501962
-0.00428946
-0.00355574
-0.00281945
-0.00208156
-0.00134308
-0.000605
0.000131679
0.00086596
0.00159685
0.00232334
0.00304446
0.00375922
0.00446662
0.00516572
0.00585553
0.0065351
0.0072035
0.00785979
0.00850305
0.00913238
0.00974689
0.0103457
0.010928
0.0114929
0.0120395
0.0125672
0.0130752
0.0135626
0.0140287
0.014473
0.0148946
0.0152929
0.0156673
0.0160172
0.016342
0.0166413
0.0169144
0.0171609
0.0173804
0.0175724
0.0177366
0.0178726
0.0179801
0.0180588
0.0181085
0.0181289
0.0181199
0.0180813
0.018013
0.0179149
0.017787
0.0176293
0.0174418
0.0172246
0.0169778
0.0167015
0.0163959
0.0160612
0.0156976
0.0153054
0.014885
0.0144366
0.0139607
0.0134576
0.0129278
0.0123718
0.01179
0.0111831
0.0105515
0.00989592
0.00921693
0.00851519
0.00779138
0.00704621
0.00628041
0.00549473
0.00468997
0.00386692
0.00302642
0.0021693
0.00129644
0.000408716
-0.000492956
-0.00140766
-0.00233445
-0.00327239
-0.0042205
-0.0051778
-0.00614331
-0.00711603
-0.00809494
-0.00907904
-0.0100673
-0.0110587
-0.0120521
-0.0130467
-0.0140412
-0.0150348
-0.0160263
-0.0170147
-0.017999
-0.0189781
-0.0199511
-0.0209169
-0.0218745
-0.0228229
-0.0237611
-0.0246882
-0.0256032
-0.0265051
-0.0273931
-0.0282661
-0.0291233
-0.0299639
-0.0307869
-0.0315914
-0.0323768
-0.0331422
-0.0338867
-0.0346098
-0.0353106
-0.0359884
-0.0366425
-0.0372724
-0.0378774
-0.0384569
-0.0390104
-0.0395372
-0.040037
-0.0405093
-0.0409536
-0.0413695
-0.0417566
-0.0421147
-0.0424434
-0.0427425
-0.0430116
-0.0432507
-0.0434596
-0.043638
-0.043786
-0.0439035
-0.0439904
-0.0440468
-0.0440727
-0.0440682
-0.0440334
-0.0439685
-0.0438736
-0.043749
-0.0435949
-0.0434116
-0.0431994
-0.0429588
-0.04269
-0.0423935
-0.0420698
-0.0417193
-0.0413425
-0.0409401
-0.0405124
-0.0400603
-0.0395842
-0.0390848
-0.0385629
-0.038019
-0.037454
-0.0368686
-0.0362636
-0.0356397
-0.0349978
-0.0343387
-0.0336633
-0.0329724
-0.0322669
-0.0315477
-0.0308157
-0.030072
-0.0293173
-0.0285526
-0.027779
-0.0269973
-0.0262085
-0.0254137
-0.0246138
-0.0238098
-0.0230027
-0.0221935
-0.0213831
-0.0205726
-0.019763
-0.0189552
-0.0181501
-0.0173489
-0.0165524
-0.0157616
-0.0149775
-0.0142009
-0.0134328
-0.0126741
-0.0119258
-0.0111886
-0.0104635
-0.00975131
-0.00905282
-0.00836887
-0.00770024
-0.00704769
-0.00641199
-0.00579383
-0.00519393
-0.00461295
-0.00405154
-0.00351032
-0.00298988
-0.00249079
-0.00201359
-0.00155877
-0.00112683
-0.000718197
-0.000333297
2.74865e-05
0.000363802
0.000675328
0.000961776
0.00122289
0.00145845
0.00166827
0.0018522
0.0020101
0.0021419
0.00224753
0.00232699
0.00238029
0.00240748
0.00240863
0.00238387
0.00233334
0.00225723
0.00215576
0.00202918
0.00187776
0.00170182
0.00150171
0.0012778
0.00103051
0.000760259
0.00046753
0.000152814
-0.000183364
-0.000540451
-0.000917868
-0.00131501
-0.00173124
-0.00216591
-0.00261834
-0.00308782
-0.00357363
-0.00407502
-0.00459123
-0.00512148
-0.00566495
-0.00622082
-0.00678827
-0.00736644
-0.00795446
-0.00855145
-0.00915652
-0.00976878
-0.0103873
-0.0110112
-0.0116395
-0.0122713
-0.0129056
-0.0135415
-0.0141782
-0.0148145
-0.0154496
-0.0160825
-0.0167124
-0.0173382
-0.0179589
-0.0185738
-0.0191819
-0.0197822
-0.0203738
-0.0209559
-0.0215275
-0.0220879
-0.0226361
-0.0231713
-0.0236927
-0.0241994
-0.0246907
-0.0251659
-0.0256241
-0.0260646
-0.0264867
-0.0268897
-0.027273
-0.027636
-0.0279779
-0.0282983
-0.0285965
-0.0288721
-0.0291245
-0.0293533
-0.0295579
-0.0297381
-0.0298933
-0.0300233
-0.0301277
-0.0302063
-0.0302587
-0.0302848
-0.0302843
-0.0302572
-0.0302032
-0.0301222
-0.0300143
-0.0298794
-0.0297175
-0.0295286
-0.0293128
-0.0290703
-0.0288012
-0.0285056
-0.0281838
-0.027836
-0.0274625
-0.0270636
-0.0266396
-0.026191
-0.0257181
-0.0252214
-0.0247013
-0.0241584
-0.0235931
-0.023006
-0.0223978
-0.021769
-0.0211203
-0.0204523
-0.0197658
-0.0190614
-0.0183398
-0.017602
-0.0168485
-0.0160803
-0.0152982
-0.014503
-0.0136956
-0.0128769
-0.0120477
-0.011209
-0.0103616
-0.00950667
-0.00864499
-0.00777756
-0.00690536
-0.00602936
-0.00515055
-0.00426993
-0.00338849
-0.00250724
-0.00162718
-0.000749313
0.000125351
0.000995807
0.00186105
0.00272009
0.00357192
0.00441556
0.00525003
0.00607434
0.00688754
0.00768867
0.00847679
0.00925096
0.0100103
0.0107538
0.0114807
0.0121901
0.0128811
0.0135529
0.0142047
0.0148357
0.0154451
0.0160322
0.0165962
0.0171365
0.0176523
0.0181431
0.0186081
0.0190469
0.0194588
0.0198433
0.0201999
0.0205281
0.0208275
0.0210976
0.0213381
0.0215486
0.0217288
0.0218784
0.0219971
0.0220847
0.0221411
0.022166
0.0221594
0.0221212
0.0220513
0.0219496
0.0218163
0.0216513
0.0214548
0.0212269
0.0209676
0.0206772
0.020356
0.0200041
0.0196218
0.0192096
0.0187676
0.0182963
0.0177961
0.0172675
0.0167108
0.0161267
0.0155156
0.0148781
0.0142148
0.0135263
0.0128132
0.0120762
0.011316
0.0105333
0.00972874
0.0089032
0.00805741
0.00719217
0.0063083
0.00540661
0.00448797
0.00355324
0.00260329
0.00163904
0.000661369
-0.000328787
-0.0013305
-0.00234284
-0.00336485
-0.00439558
-0.00543407
-0.00647934
-0.00753044
-0.00858639
-0.00964622
-0.0107089
-0.0117736
-0.0128392
-0.0139048
-0.0149694
-0.0160321
-0.0170919
-0.0181478
-0.019199
-0.0202445
-0.0212833
-0.0223147
-0.0233376
-0.0243513
-0.0253547
-0.0263472
-0.0273279
-0.028296
-0.0292506
-0.030191
-0.0311164
-0.0320262
-0.0329196
-0.0337959
-0.0346545
-0.0354947
-0.0363159
-0.0371175
-0.0378991
-0.0386599
-0.0393996
-0.0401177
-0.0408136
-0.0414871
-0.0421377
-0.042765
-0.0433688
-0.0439487
-0.0445044
-0.0450358
-0.0455427
-0.0460248
-0.046482
-0.0469143
-0.0473215
-0.0477036
-0.0480606
-0.0483925
-0.0486994
-0.0489814
-0.0492385
-0.0494709
-0.0496789
-0.0498626
-0.0500222
-0.0501581
-0.0502705
-0.0503597
-0.0504261
-0.0504702
-0.0504922
-0.0504928
-0.0504722
-0.050431
-0.0503698
-0.050289
-0.0501893
-0.0500712
-0.0499353
-0.0497823
-0.0496129
-0.0494276
-0.0492272
-0.0490123
-0.0487838
-0.0485424
-0.0482887
-0.0480236
-0.0477479
-0.0474624
-0.0471677
-0.0468649
-0.0465547
-0.0462378
-0.0459153
-0.0455878
-0.0452563
-0.0449215
-0.0445845
-0.0442459
-0.0439067
-0.0435676
-0.0432297
-0.0428936
-0.0425603
-0.0422306
-0.0419053
-0.0415852
-0.0412711
-0.0409639
-0.0406644
-0.0403733
-0.0400914
-0.0398194
-0.0395581
-0.0393082
-0.0390705
-0.0388456
-0.0386341
-0.0384368
-0.0382543
-0.0380871
-0.037936
-0.0378014
-0.0376839
-0.037584
-0.0375022
-0.037439
-0.0373948
-0.0373701
-0.0373653
-0.0373807
-0.0374166
-0.0374734
-0.0375514
-0.0376507
-0.0377717
-0.0379146
-0.0380794
-0.0382664
-0.0384756
-0.0387071
-0.038961
-0.0392373
-0.0395359
-0.0398569
-0.0402001
-0.0405654
-0.0409527
-0.0413619
-0.0417927
-0.042245
-0.0427183
-0.0432126
-0.0437274
-0.0442625
-0.0448174
-0.0453918
-0.0459852
-0.0465972
-0.0472274
-0.0478751
-0.0485399
-0.0492213
-0.0499187
-0.0506315
-0.051359
-0.0521006
-0.0528558
-0.0536237
-0.0544037
-0.0551951
-0.0559972
-0.0568092
-0.0576303
-0.0584598
-0.059297
-0.0601408
-0.0609907
-0.0618457
-0.0627051
-0.0635679
-0.0644334
-0.0653006
-0.0661687
-0.067037
-0.0679043
-0.0687701
-0.0696332
-0.070493
-0.0713484
-0.0721987
-0.073043
-0.0738804
-0.0747101
-0.0755312
-0.0763428
-0.0771442
-0.0779346
-0.078713
-0.0794788
-0.080231
-0.080969
-0.081692
-0.0823993
-0.08309
-0.0837635
-0.0844191
-0.0850561
-0.0856739
-0.0862718
-0.0868492
-0.0874055
-0.0879401
-0.0884525
-0.0889421
-0.0894085
-0.0898511
-0.0902695
-0.0906633
-0.0910321
-0.0913755
-0.0916931
-0.0919847
-0.0922499
-0.0924885
-0.0927003
-0.0928849
-0.0930423
-0.0931723
-0.0932748
-0.0933497
-0.093397
-0.0934165
-0.0934083
-0.0933725
-0.093309
-0.0932181
-0.0930997
-0.092954
-0.0927812
-0.0925816
-0.0923553
-0.0921026
-0.0918237
-0.0915191
-0.091189
-0.0908338
-0.0904538
-0.0900496
-0.0896215
-0.0891701
-0.0886957
-0.0881989
-0.0876803
-0.0871404
-0.0865798
-0.0859991
-0.0853988
-0.0847797
-0.0841423
-0.0834874
-0.0828156
-0.0821277
-0.0814243
-0.0807061
-0.079974
-0.0792287
-0.0784709
-0.0777014
-0.0769209
-0.0761304
-0.0753305
-0.074522
-0.0737059
-0.0728828
-0.0720536
-0.0712191
-0.0703802
-0.0695376
-0.0686921
-0.0678446
-0.0669959
-0.0661467
-0.0652979
-0.0644503
-0.0636046
-0.0627617
-0.0619222
-0.061087
-0.0602568
-0.0594323
-0.0586143
-0.0578034
-0.0570004
-0.0562059
-0.0554206
-0.0546451
-0.0538801
-0.0531262
-0.052384
-0.051654
-0.0509368
-0.0502329
-0.0495428
-0.0488671
-0.0482061
-0.0475603
-0.0469302
-0.0463161
-0.0457184
-0.0451374
-0.0445735
-0.0440269
-0.0434978
-0.0429867
-0.0424935
-0.0420187
-0.0415622
-0.0411242
-0.0407048
-0.0403042
-0.0399222
-0.0395591
-0.0392147
-0.0388891
-0.0385821
-0.0382937
-0.0380238
-0.0377722
-0.0375387
-0.0373233
-0.0371256
-0.0369454
-0.0367824
-0.0366364
-0.0365071
-0.0363941
-0.0362969
-0.0362154
-0.036149
-0.0360973
-0.0360599
-0.0360363
-0.036026
-0.0360285
-0.0360433
-0.0360699
-0.0361076
-0.036156
-0.0362144
-0.0362822
-0.0363588
-0.0364437
-0.0365361
-0.0366353
-0.0367409
-0.036852
-0.036968
-0.0370883
-0.037212
-0.0373387
-0.0374674
-0.0375977
-0.0377286
-0.0378597
-0.03799
-0.038119
-0.038246
-0.0383702
-0.038491
-0.0386077
-0.0387195
-0.0388259
-0.0389261
-0.0390195
-0.0391054
-0.0391832
-0.0392524
-0.0393121
-0.0393619
-0.0394012
-0.0394294
-0.0394459
-0.0394502
-0.0394417
-0.03942
-0.0393845
-0.0393349
-0.0392706
-0.0391911
-0.0390962
-0.0389854
-0.0388583
-0.0387146
-0.038554
-0.0383762
-0.0381808
-0.0379678
-0.0377367
-0.0374875
-0.03722
-0.0369339
-0.0366293
-0.0363059
-0.0359638
-0.0356028
-0.035223
-0.0348245
-0.0344071
-0.033971
-0.0335163
-0.033043
-0.0325514
-0.0320417
-0.0315139
-0.0309684
-0.0304053
-0.029825
-0.0292278
-0.0286139
-0.0279838
-0.0273378
-0.0266763
-0.0259997
-0.0253085
-0.0246032
-0.0238842
-0.023152
-0.0224072
-0.0216503
-0.0208819
-0.0201026
-0.019313
-0.0185137
-0.0177053
-0.0168885
-0.016064
-0.0152325
-0.0143947
-0.0135512
-0.0127027
-0.0118502
-0.0109941
-0.0101354
-0.00927476
-0.00841294
-0.00755073
-0.0066889
-0.00582823
-0.0049695
-0.0041135
-0.00326101
-0.00241282
-0.00156971
-0.00073246
9.81416e-05
0.000921323
0.00173631
0.00254235
0.00333866
0.00412452
0.00489916
0.00566186
0.00641191
0.00714858
0.00787118
0.00857903
0.00927146
0.0099478
0.0106074
0.0112497
0.0118741
0.0124799
0.0130666
0.0136336
0.0141805
0.0147067
0.0152118
0.0156952
0.0161565
0.0165954
0.0170114
0.0174041
0.0177733
0.0181186
0.0184397
0.0187363
0.0190083
0.0192553
0.0194774
0.0196741
0.0198456
0.0199916
0.020112
0.020207
0.0202763
0.0203201
0.0203384
0.0203313
0.0202989
0.0202413
0.0201586
0.0200511
0.019919
0.0197625
0.0195819
0.0193774
0.0191495
0.0188985
0.0186247
0.0183286
0.0180106
0.0176711
0.0173106
0.0169296
0.0165287
0.0161084
0.0156692
0.0152118
0.0147368
0.0142448
0.0137364
0.0132124
0.0126734
0.01212
0.0115532
0.0109734
0.0103816
0.00977852
0.00916484
0.0085414
0.00790899
0.00726841
0.00662048
0.00596603
0.00530587
0.00464083
0.00397177
0.00329951
0.0026249
0.00194879
0.00127202
0.000595434
-8.01261e-05
-0.000753819
-0.00142481
-0.00209226
-0.00275535
-0.00341327
-0.00406519
-0.00471031
-0.00534785
-0.00597702
-0.00659705
-0.00720718
-0.00780667
-0.00839479
-0.00897081
-0.00953406
-0.0100838
-0.0106195
-0.0111403
-0.0116458
-0.0121353
-0.0126081
-0.0130638
-0.0135019
-0.0139217
-0.0143228
-0.0147047
-0.0150671
-0.0154093
-0.0157312
-0.0160323
-0.0163122
-0.0165707
-0.0168075
-0.0170223
-0.0172149
-0.0173851
-0.0175327
-0.0176576
-0.0177596
-0.0178388
-0.017895
-0.0179282
-0.0179385
-0.0179258
-0.0178902
-0.0178319
-0.0177509
-0.0176474
-0.0175216
-0.0173737
-0.017204
-0.0170127
-0.0168001
-0.0165666
-0.0163124
-0.0160381
-0.0157439
-0.0154303
-0.0150978
-0.0147469
-0.014378
-0.0139917
-0.0135886
-0.0131692
-0.0127342
-0.012284
-0.0118195
-0.0113412
-0.0108498
-0.010346
-0.00983049
-0.00930405
-0.00876739
-0.00822127
-0.00766646
-0.00710373
-0.00653388
-0.00595771
-0.00537603
-0.00478966
-0.00419942
-0.00360615
-0.00301069
-0.00241387
-0.00181654
-0.00121954
-0.000623735
-2.99556e-05
0.000560947
0.00114813
0.00173075
0.00230798
0.00287898
0.00344293
0.00399902
0.00454643
0.00508438
0.00561206
0.00612871
0.00663356
0.00712587
0.0076049
0.00806992
0.00852024
0.00895517
0.00937405
0.00977622
0.010161
0.0105279
0.0108763
0.0112056
0.0115152
0.0118047
0.0120735
0.0123212
0.0125474
0.0127516
0.0129334
0.0130925
0.0132285
0.0133412
0.0134302
0.0134953
0.0135363
0.013553
0.0135452
0.0135128
0.0134558
0.013374
0.0132673
0.0131359
0.0129797
0.0127987
0.0125931
0.012363
0.0121085
0.0118298
0.0115271
0.0112007
0.0108508
0.0104777
0.0100817
0.0096632
0.00922261
0.00876031
0.00827676
0.00777242
0.00724778
0.00670337
0.00613973
0.00555745
0.00495711
0.00433934
0.00370478
0.0030541
0.00238799
0.00170715
0.00101231
0.000304221
-0.00041635
-0.00114862
-0.0018918
-0.00264506
-0.00340758
-0.00417852
-0.00495702
-0.00574222
-0.00653323
-0.00732918
-0.00812917
-0.00893229
-0.00973764
-0.0105443
-0.0113514
-0.0121579
-0.012963
-0.0137658
-0.0145652
-0.0153604
-0.0161505
-0.0169346
-0.0177117
-0.018481
-0.0192415
-0.0199923
-0.0207327
-0.0214616
-0.0221783
-0.0228819
-0.0235716
-0.0242465
-0.0249058
-0.0255489
-0.0261748
-0.0267828
-0.0273722
-0.0279424
-0.0284925
-0.0290219
-0.0295301
-0.0300162
-0.0304799
-0.0309204
-0.0313372
-0.0317298
-0.0320977
-0.0324405
-0.0327576
-0.0330488
-0.0333135
-0.0335514
-0.0337622
-0.0339457
-0.0341015
-0.0342294
-0.0343293
-0.0344008
-0.034444
-0.0344587
-0.0344448
-0.0344023
-0.0343312
-0.0342315
-0.0341033
-0.0339466
-0.0337615
-0.0335483
-0.0333071
-0.0330382
-0.0327417
-0.0324179
-0.0320673
-0.03169
-0.0312866
-0.0308573
-0.0304027
-0.0299231
-0.0294192
-0.0288913
-0.0283401
-0.0277661
-0.0271698
-0.0265521
-0.0259134
-0.0252545
-0.024576
-0.0238788
-0.0231634
-0.0224307
-0.0216815
-0.0209165
-0.0201366
-0.0193426
-0.0185354
-0.0177158
-0.0168847
-0.016043
-0.0151916
-0.0143314
-0.0134634
-0.0125884
-0.0117075
-0.0108215
-0.00993148
-0.00903832
-0.008143
-0.00724649
-0.00634975
-0.00545375
-0.00455946
-0.00366782
-0.00277981
-0.00189637
-0.00101845
-0.000146989
0.000717075
0.00157282
0.00241933
0.00325571
0.00408107
0.00489453
0.00569522
0.0064823
0.00725494
0.00801232
0.00875366
0.00947816
0.0101851
0.0108737
0.0115433
0.0121931
0.0128226
0.013431
0.0140177
0.0145823
0.015124
0.0156423
0.0161368
0.016607
0.0170523
0.0174724
0.0178669
0.0182354
0.0185775
0.0188931
0.0191817
0.0194432
0.0196773
0.0198839
0.0200629
0.020214
0.0203373
0.0204326
0.0205001
0.0205396
0.0205512
0.0205351
0.0204913
0.0204201
0.0203214
0.0201957
0.0200431
0.0198639
0.0196583
0.0194269
0.0191698
0.0188876
0.0185805
0.0182492
0.017894
0.0175155
0.0171143
0.0166907
0.0162456
0.0157794
0.0152929
0.0147866
0.0142613
0.0137176
0.0131563
0.0125782
0.011984
0.0113744
0.0107503
0.0101125
0.0094618
0.00879908
0.00812518
0.00744097
0.00674734
0.00604517
0.00533536
0.00461882
0.00389647
0.00316922
0.00243799
0.00170372
0.000967327
0.000229751
-0.00050808
-0.00124524
-0.00198079
-0.00271383
-0.00344341
-0.00416864
-0.00488861
-0.0056024
-0.00630914
-0.00700795
-0.00769794
-0.00837828
-0.0090481
-0.00970658
-0.0103529
-0.0109863
-0.0116059
-0.012211
-0.0128009
-0.0133748
-0.013932
-0.0144718
-0.0149936
-0.0154967
-0.0159805
-0.0164445
-0.016888
-0.0173105
-0.0177114
-0.0180905
-0.018447
-0.0187807
-0.019091
-0.0193777
-0.0196405
-0.0198788
-0.0200926
-0.0202815
-0.0204453
-0.0205839
-0.020697
-0.0207845
-0.0208464
-0.0208825
-0.0208929
-0.0208775
-0.0208364
-0.0207696
-0.0206772
-0.0205593
-0.0204162
-0.0202479
-0.0200547
-0.0198369
-0.0195947
-0.0193284
-0.0190384
-0.018725
-0.0183886
-0.0180298
-0.0176488
-0.0172462
-0.0168224
-0.0163781
-0.0159138
-0.01543
-0.0149274
-0.0144065
-0.0138681
-0.0133127
-0.0127411
-0.0121541
-0.0115522
-0.0109363
-0.0103072
-0.00966551
-0.00901215
-0.0083479
-0.00767357
-0.00699
-0.00629803
-0.00559852
-0.00489233
-0.00418032
-0.00346338
-0.00274239
-0.00201823
-0.00129179
-0.000563978
0.000164324
0.000892219
0.00161881
0.00234321
0.00306453
0.00378188
0.00449438
0.00520117
0.00590137
0.00659412
0.00727859
0.00795392
0.0086193
0.00927391
0.00991696
0.0105476
0.0111652
0.0117689
0.012358
0.0129317
0.0134894
0.0140304
0.014554
0.0150597
0.0155467
0.0160145
0.0164625
0.0168902
0.017297
0.0176825
0.0180462
0.0183877
0.0187065
0.0190023
0.0192746
0.0195233
0.0197479
0.0199483
0.0201241
0.0202752
0.0204014
0.0205026
0.0205785
0.0206292
0.0206546
0.0206547
0.0206294
0.0205788
0.020503
0.0204021
0.0202762
0.0201255
0.0199501
0.0197503
0.0195264
0.0192786
0.0190072
0.0187125
0.018395
0.0180551
0.0176931
0.0173095
0.0169048
0.0164795
0.0160341
0.0155692
0.0150853
0.0145831
0.0140631
0.013526
0.0129725
0.0124032
0.0118189
0.0112203
0.0106081
0.00998305
0.00934595
0.00869758
0.00803872
0.0073702
0.00669284
0.00600746
0.00531492
0.00461607
0.00391176
0.00320286
0.00249023
0.00177477
0.00105734
0.000338824
-0.000379894
-0.00109793
-0.00181441
-0.00252845
-0.00323917
-0.00394571
-0.00464719
-0.00534276
-0.00603157
-0.00671276
-0.00738552
-0.008049
-0.00870241
-0.00934494
-0.00997581
-0.0105942
-0.0111995
-0.0117908
-0.0123674
-0.0129287
-0.0134739
-0.0140025
-0.0145136
-0.0150068
-0.0154814
-0.0159369
-0.0163726
-0.0167881
-0.0171828
-0.0175563
-0.0179081
-0.0182378
-0.018545
-0.0188293
-0.0190904
-0.0193279
-0.0195416
-0.0197312
-0.0198965
-0.0200372
-0.0201533
-0.0202445
-0.0203109
-0.0203522
-0.0203684
-0.0203596
-0.0203258
-0.0202669
-0.0201832
-0.0200746
-0.0199413
-0.0197835
-0.0196015
-0.0193953
-0.0191653
-0.0189118
-0.0186351
-0.0183355
-0.0180134
-0.0176692
-0.0173034
-0.0169164
-0.0165086
-0.0160806
-0.0156329
-0.0151661
-0.0146807
-0.0141774
-0.0136568
-0.0131195
-0.0125662
-0.0119976
-0.0114143
-0.0108172
-0.0102069
-0.00958427
-0.00894999
-0.00830488
-0.00764975
-0.0069854
-0.00631266
-0.00563238
-0.00494539
-0.00425255
-0.00355472
-0.00285278
-0.00214759
-0.00144003
-0.000730985
-2.13397e-05
0.000688023
0.00139622
0.00210236
0.00280556
0.00350496
0.00419966
0.00488881
0.00557153
0.00624698
0.0069143
0.00757265
0.00822122
0.00885918
0.00948572
0.0101001
0.0107014
0.0112891
0.0118622
0.0124201
0.0129621
0.0134875
0.0139956
0.0144858
0.0149573
0.0154098
0.0158424
0.0162548
0.0166462
0.0170163
0.0173646
0.0176905
0.0179936
0.0182736
0.0185301
0.0187626
0.0189709
0.0191547
0.0193137
0.0194477
0.0195565
0.0196398
0.0196976
0.0197297
0.0197361
0.0197167
0.0196714
0.0196003
0.0195034
0.0193808
0.0192325
0.0190587
0.0188596
0.0186354
0.0183862
0.0181123
0.017814
0.0174916
0.0171455
0.0167759
0.0163834
0.0159682
0.0155309
0.0150719
0.0145917
0.0140909
0.0135699
0.0130294
0.01247
0.0118922
0.0112967
0.0106842
0.0100554
0.00941084
0.00875137
0.00807769
0.00739054
0.00669071
0.00597895
0.00525608
0.0045229
0.00378023
0.00302889
0.00226974
0.00150362
0.000731396
-4.60781e-05
-0.000827926
-0.00161327
-0.00240123
-0.00319093
-0.00398148
-0.00477199
-0.00556158
-0.00634937
-0.00713447
-0.00791601
-0.00869311
-0.00946491
-0.0102305
-0.0109892
-0.0117399
-0.012482
-0.0132145
-0.0139367
-0.0146478
-0.0153469
-0.0160333
-0.0167063
-0.0173651
-0.018009
-0.0186372
-0.0192491
-0.0198441
-0.0204214
-0.0209804
-0.0215206
-0.0220414
-0.0225422
-0.0230224
-0.0234816
-0.0239192
-0.0243349
-0.0247281
-0.0250985
-0.0254456
-0.0257692
-0.026069
-0.0263445
-0.0265956
-0.0268219
-0.0270234
-0.0271998
-0.0273509
-0.0274767
-0.027577
-0.0276519
-0.0277011
-0.0277249
-0.0277231
-0.0276958
-0.0276432
-0.0275653
-0.0274623
-0.0273344
-0.0271817
-0.0270046
-0.0268032
-0.0265778
-0.0263289
-0.0260566
-0.0257614
-0.0254437
-0.025104
-0.0247425
-0.0243599
-0.0239567
-0.0235332
-0.0230902
-0.0226281
-0.0221476
-0.0216492
-0.0211336
-0.0206014
-0.0200533
-0.0194899
-0.0189121
-0.0183204
-0.0177156
-0.0170985
-0.0164698
-0.0158303
-0.0151808
-0.014522
-0.0138547
-0.0131799
-0.0124981
-0.0118104
-0.0111175
-0.0104203
-0.00971957
-0.00901616
-0.00831091
-0.00760466
-0.00689825
-0.00619251
-0.00548828
-0.00478639
-0.00408766
-0.0033929
-0.00270294
-0.00201857
-0.00134059
-0.000669784
-6.92664e-06
0.000647219
0.0012919
0.00192639
0.00254995
0.00316188
0.00376148
0.00434809
0.00492105
0.0054797
0.00602345
0.00655167
0.00706381
0.00755928
0.00803757
0.00849815
0.00894053
0.00936425
0.00976886
0.0101539
0.0105191
0.010864
0.0111882
0.0114915
0.0117736
0.0120341
0.012273
0.0124899
0.0126846
