0
9.17605e-05
0.000182601
0.0324806
0.0312536
0.0300179
0.0287743
0.027523
0.0262646
0.0249995
0.0237282
0.0224511
0.0211687
0.0198815
0.01859
0.0172946
0.0159958
0.014694
0.0133897
0.0120834
0.0107755
0.00946653
0.00815694
0.00684718
0.00553772
0.00422902
0.00292153
0.00161572
0.000312042
-0.000989054
-0.00228711
-0.00358169
-0.00487232
-0.00615858
-0.00744001
-0.00871617
-0.00998664
-0.011251
-0.0125087
-0.0137595
-0.0150028
-0.0162383
-0.0174656
-0.0186841
-0.0198936
-0.0210936
-0.0222837
-0.0234635
-0.0246326
-0.0257906
-0.0269372
-0.0280719
-0.0291944
-0.0303044
-0.0314013
-0.032485
-0.033555
-0.034611
-0.0356526
-0.0366796
-0.0376915
-0.038688
-0.0396689
-0.0406338
-0.0415824
-0.0425143
-0.0434294
-0.0443273
-0.0452077
-0.0460704
-0.046915
-0.0477413
-0.0485491
-0.0493382
-0.0501081
-0.0508588
-0.05159
-0.0523014
-0.052993
-0.0536643
-0.0543153
-0.0549457
-0.0555554
-0.0561442
-0.0567119
-0.0572584
-0.0577834
-0.0582869
-0.0587687
-0.0592286
-0.0596665
-0.0600824
-0.0604761
-0.0608475
-0.0611964
-0.0615229
-0.0618269
-0.0621081
-0.0623667
-0.0626025
-0.0628155
-0.0630057
-0.0631729
-0.0633173
-0.0634387
-0.0635371
-0.0636126
-0.0636652
-0.0636948
-0.0637015
-0.0636853
-0.0636463
-0.0635845
-0.0634999
-0.0633926
-0.0632627
-0.0631102
-0.0629352
-0.0627378
-0.0625182
-0.0622763
-0.0620124
-0.0617265
-0.0614187
-0.0610892
-0.0607382
-0.0603657
-0.059972
-0.0595571
-0.0591213
-0.0586647
-0.0581875
-0.0576899
-0.0571721
-0.0566343
-0.0560766
-0.0554994
-0.0549027
-0.0542869
-0.0536522
-0.0529988
-0.0523269
-0.0516369
-0.0509288
-0.0502032
-0.04946
-0.0486998
-0.0479226
-0.0471289
-0.0463188
-0.0454927
-0.044651
-0.0437937
-0.0429214
-0.0420343
-0.0411327
-0.0402169
-0.0392872
-0.0383441
-0.0373877
-0.0364185
-0.0354368
-0.0344429
-0.0334372
-0.03242
-0.0313917
-0.0303526
-0.0293031
-0.0282436
-0.0271744
-0.0260958
-0.0250084
-0.0239124
-0.0228081
-0.0216961
-0.0205766
-0.0194501
-0.0183169
-0.0171774
-0.0160321
-0.0148812
-0.0137252
-0.0125644
-0.0113993
-0.0102303
-0.0090577
-0.00788194
-0.00670342
-0.00552252
-0.00433964
-0.00315517
-0.00196952
-0.000783071
0.000403782
0.00159064
0.00277712
0.00396281
0.00514734
0.00633031
0.00751133
0.00869001
0.00986596
0.0110388
0.0122082
0.0133736
0.0145348
0.0156914
0.016843
0.0179891
0.0191296
0.0202638
0.0213916
0.0225126
0.0236263
0.0247324
0.0258306
0.0269204
0.0280017
0.029074
0.0301369
0.0311902
0.0322334
0.0332664
0.0342886
0.0352999
0.0362999
0.0372883
0.0382647
0.0392289
0.0401805
0.0411193
0.042045
0.0429572
0.0438558
0.0447404
0.0456107
0.0464665
0.0473075
0.0481334
0.0489441
0.0497392
0.0505185
0.0512818
0.0520289
0.0527594
0.0534733
0.0541703
0.0548501
0.0555126
0.0561576
0.0567849
0.0573943
0.0579857
0.0585588
0.0591135
0.0596497
0.0601671
0.0606657
0.0611453
0.0616057
0.0620469
0.0624687
0.0628711
0.0632538
0.0636168
0.0639601
0.0642835
0.0645869
0.0648703
0.0651336
0.0653767
0.0655997
0.0658024
0.0659848
0.0661468
0.0662886
0.0664099
0.0665109
0.0665914
0.0666516
0.0666914
0.0667109
0.0667099
0.0666887
0.0666472
0.0665854
0.0665035
0.0664014
0.0662792
0.066137
0.0659749
0.0657929
0.0655912
0.0653698
0.0651288
0.0648683
0.0645884
0.0642894
0.0639712
0.063634
0.0632779
0.0629032
0.0625099
0.0620982
0.0616683
0.0612202
0.0607543
0.0602707
0.0597695
0.0592509
0.0587152
0.0581626
0.0575932
0.0570072
0.0564049
0.0557865
0.0551522
0.0545023
0.053837
0.0531564
0.052461
0.0517508
0.0510263
0.0502875
0.0495349
0.0487686
0.047989
0.0471962
0.0463907
0.0455726
0.0447422
0.0439
0.043046
0.0421807
0.0413043
0.0404172
0.0395196
0.0386118
0.0376943
0.0367672
0.0358309
0.0348857
0.033932
0.0329701
0.0320003
0.0310229
0.0300382
0.0290467
0.0280486
0.0270443
0.026034
0.0250183
0.0239973
0.0229715
0.0219411
0.0209066
0.0198682
0.0188264
0.0177814
0.0167337
0.0156835
0.0146312
0.0135772
0.0125218
0.0114654
0.0104083
0.00935086
0.00829342
0.00723634
0.00617997
0.00512465
0.00407072
0.00301854
0.00196845
0.000920789
-0.0001241
-0.00116588
-0.0022042
-0.00323874
-0.00426915
-0.00529511
-0.00631628
-0.00733233
-0.00834293
-0.00934777
-0.0103465
-0.0113388
-0.0123244
-0.013303
-0.0142742
-0.0152377
-0.0161932
-0.0171405
-0.0180792
-0.019009
-0.0199297
-0.0208408
-0.0217423
-0.0226337
-0.0235148
-0.0243853
-0.025245
-0.0260935
-0.0269307
-0.0277562
-0.0285698
-0.0293712
-0.0301603
-0.0309367
-0.0317002
-0.0324506
-0.0331877
-0.0339112
-0.0346209
-0.0353167
-0.0359982
-0.0366653
-0.0373178
-0.0379555
-0.0385782
-0.0391857
-0.0397779
-0.0403545
-0.0409155
-0.0414605
-0.0419896
-0.0425025
-0.0429991
-0.0434793
-0.0439428
-0.0443897
-0.0448197
-0.0452327
-0.0456287
-0.0460075
-0.0463691
-0.0467132
-0.04704
-0.0473491
-0.0476407
-0.0479146
-0.0481708
-0.0484091
-0.0486296
-0.0488322
-0.0490168
-0.0491835
-0.0493321
-0.0494627
-0.0495753
-0.0496698
-0.0497463
-0.0498047
-0.049845
-0.0498674
-0.0498717
-0.049858
-0.0498263
-0.0497767
-0.0497093
-0.049624
-0.0495209
-0.0494002
-0.0492617
-0.0491057
-0.0489322
-0.0487413
-0.0485331
-0.0483076
-0.0480651
-0.0478054
-0.0475289
-0.0472356
-0.0469256
-0.0465991
-0.0462562
-0.045897
-0.0455217
-0.0451304
-0.0447233
-0.0443005
-0.0438622
-0.0434086
-0.0429399
-0.0424561
-0.0419576
-0.0414445
-0.0409169
-0.0403752
-0.0398194
-0.0392499
-0.0386667
-0.0380702
-0.0374605
-0.0368378
-0.0362025
-0.0355547
-0.0348946
-0.0342225
-0.0335387
-0.0328434
-0.0321367
-0.0314191
-0.0306907
-0.0299518
-0.0292027
-0.0284436
-0.0276748
-0.0268966
-0.0261093
-0.025313
-0.0245082
-0.023695
-0.0228738
-0.0220449
-0.0212085
-0.020365
-0.0195145
-0.0186576
-0.0177943
-0.016925
-0.0160501
-0.0151698
-0.0142844
-0.0133943
-0.0124997
-0.0116009
-0.0106983
-0.00979219
-0.00888282
-0.00797053
-0.00705563
-0.00613843
-0.00521925
-0.0042984
-0.00337619
-0.00245293
-0.00152894
-0.000604519
0.000320011
0.00124434
0.00216816
0.00309116
0.00401302
0.00493345
0.00585213
0.00676875
0.007683
0.00859459
0.00950321
0.0104086
0.0113103
0.0122082
0.0131019
0.0139912
0.0148757
0.0157551
0.0166292
0.0174977
0.0183602
0.0192166
0.0200664
0.0209095
0.0217456
0.0225743
0.0233955
0.0242088
0.025014
0.0258108
0.026599
0.0273783
0.0281484
0.0289092
0.0296603
0.0304015
0.0311326
0.0318534
0.0325636
0.0332629
0.0339513
0.0346283
0.0352939
0.0359479
0.0365899
0.0372198
0.0378375
0.0384426
0.0390351
0.0396148
0.0401813
0.0407347
0.0412747
0.0418011
0.0423138
0.0428126
0.0432973
0.0437679
0.0442242
0.044666
0.0450932
0.0455057
0.0459033
0.046286
0.0466536
0.047006
0.0473431
0.0476648
0.0479711
0.0482618
0.0485368
0.0487961
0.0490396
0.0492672
0.0494789
0.0496747
0.0498544
0.050018
0.0501655
0.0502969
0.0504121
0.0505111
0.0505939
0.0506604
0.0507107
0.0507448
0.0507627
0.0507643
0.0507498
0.050719
0.0506721
0.0506091
0.0505299
0.0504347
0.0503236
0.0501964
0.0500534
0.0498945
0.0497199
0.0495296
0.0493237
0.0491022
0.0488653
0.0486131
0.0483456
0.048063
0.0477653
0.0474528
0.0471254
0.0467833
0.0464267
0.0460557
0.0456704
0.0452709
0.0448574
0.0444301
0.0439892
0.0435346
0.0430668
0.0425857
0.0420916
0.0415846
0.041065
0.0405329
0.0399885
0.039432
0.0388636
0.0382834
0.0376918
0.0370889
0.0364749
0.03585
0.0352145
0.0345686
0.0339124
0.0332462
0.0325704
0.0318849
0.0311903
0.0304865
0.029774
0.0290529
0.0283235
0.0275861
0.0268408
0.026088
0.0253279
0.0245608
0.0237869
0.0230064
0.0222198
0.0214271
0.0206288
0.0198249
0.019016
0.0182021
0.0173836
0.0165607
0.0157338
0.0149031
0.0140689
0.0132314
0.012391
0.0115479
0.0107024
0.00985478
0.00900535
0.00815436
0.00730211
0.00644889
0.00559496
0.00474062
0.00388615
0.00303182
0.00217794
0.00132476
0.000472582
-0.000378319
-0.00122766
-0.00207517
-0.00292057
-0.00376357
-0.00460391
-0.0054413
-0.00627548
-0.00710617
-0.0079331
-0.008756
-0.0095746
-0.0103886
-0.0111979
-0.012002
-0.0128008
-0.0135939
-0.0143812
-0.0151624
-0.0159372
-0.0167054
-0.0174667
-0.0182209
-0.0189678
-0.0197071
-0.0204385
-0.0211619
-0.021877
-0.0225835
-0.0232814
-0.0239702
-0.0246499
-0.0253202
-0.0259808
-0.0266317
-0.0272725
-0.0279031
-0.0285233
-0.0291328
-0.0297316
-0.0303194
-0.0308959
-0.0314612
-0.0320149
-0.0325569
-0.033087
-0.0336052
-0.0341111
-0.0346047
-0.0350858
-0.0355542
-0.0360099
-0.0364527
-0.0368824
-0.037299
-0.0377023
-0.0380921
-0.0384684
-0.0388311
-0.03918
-0.0395151
-0.0398363
-0.0401434
-0.0404364
-0.0407152
-0.0409797
-0.0412299
-0.0414656
-0.0416869
-0.0418937
-0.0420858
-0.0422633
-0.0424262
-0.0425743
-0.0427077
-0.0428263
-0.0429302
-0.0430192
-0.0430933
-0.0431527
-0.0431972
-0.0432268
-0.0432417
-0.0432417
-0.0432269
-0.0431973
-0.043153
-0.043094
-0.0430202
-0.0429318
-0.0428289
-0.0427113
-0.0425793
-0.0424328
-0.042272
-0.0420969
-0.0419075
-0.041704
-0.0414864
-0.0412549
-0.0410095
-0.0407503
-0.0404774
-0.0401909
-0.0398909
-0.0395776
-0.0392511
-0.0389115
-0.0385588
-0.0381933
-0.0378152
-0.0374244
-0.0370212
-0.0366057
-0.0361781
-0.0357385
-0.0352871
-0.034824
-0.0343495
-0.0338636
-0.0333666
-0.0328587
-0.0323399
-0.0318106
-0.0312708
-0.0307209
-0.0301609
-0.0295911
-0.0290116
-0.0284228
-0.0278247
-0.0272177
-0.0266018
-0.0259773
-0.0253445
-0.0247036
-0.0240547
-0.0233982
-0.0227342
-0.0220629
-0.0213847
-0.0206997
-0.0200081
-0.0193103
-0.0186064
-0.0178966
-0.0171814
-0.0164607
-0.015735
-0.0150045
-0.0142694
-0.01353
-0.0127864
-0.0120391
-0.0112882
-0.0105339
-0.00977661
-0.00901649
-0.00825382
-0.00748885
-0.00672185
-0.00595306
-0.00518276
-0.0044112
-0.00363864
-0.00286534
-0.00209155
-0.00131754
-0.000543563
0.000230119
0.00100325
0.00177557
0.00254682
0.00331675
0.0040851
0.00485161
0.00561604
0.00637812
0.00713761
0.00789425
0.00864779
0.00939799
0.0101446
0.0108874
0.011626
0.0123604
0.0130902
0.0138152
0.0145351
0.0152498
0.0159589
0.0166623
0.0173598
0.018051
0.0187358
0.0194139
0.0200852
0.0207494
0.0214063
0.0220557
0.0226973
0.023331
0.0239566
0.0245738
0.0251825
0.0257825
0.0263736
0.0269555
0.0275282
0.0280913
0.0286448
0.0291885
0.0297222
0.0302456
0.0307588
0.0312614
0.0317534
0.0322346
0.0327048
0.0331639
0.0336117
0.0340481
0.034473
0.0348863
0.0352877
0.0356773
0.0360548
0.0364202
0.0367733
0.037114
0.0374423
0.037758
0.0380611
0.0383514
0.0386289
0.0388935
0.039145
0.0393836
0.0396089
0.0398211
0.0400201
0.0402057
0.040378
0.0405369
0.0406824
0.0408143
0.0409328
0.0410377
0.0411291
0.0412069
0.0412711
0.0413217
0.0413587
0.041382
0.0413918
0.041388
0.0413706
0.0413397
0.0412952
0.0412372
0.0411658
0.0410808
0.0409825
0.0408708
0.0407459
0.0406076
0.0404562
0.0402916
0.040114
0.0399233
0.0397198
0.0395034
0.0392742
0.0390324
0.038778
0.0385111
0.0382318
0.0379402
0.0376365
0.0373207
0.036993
0.0366534
0.0363022
0.0359393
0.0355651
0.0351795
0.0347827
0.034375
0.0339563
0.0335269
0.0330869
0.0326366
0.0321759
0.0317051
0.0312245
0.030734
0.0302339
0.0297245
0.0292058
0.028678
0.0281413
0.027596
0.0270421
0.02648
0.0259097
0.0253315
0.0247456
0.0241522
0.0235514
0.0229436
0.0223288
0.0217074
0.0210795
0.0204453
0.0198051
0.0191591
0.0185074
0.0178504
0.0171882
0.0165211
0.0158493
0.015173
0.0144924
0.0138078
0.0131194
0.0124275
0.0117323
0.0110339
0.0103327
0.00962888
0.00892268
0.00821433
0.00750407
0.00679214
0.00607878
0.00536422
0.00464871
0.00393248
0.00321578
0.00249883
0.00178189
0.00106519
0.000348957
-0.000366557
-0.00108112
-0.00179449
-0.00250644
-0.00321673
-0.00392513
-0.00463139
-0.0053353
-0.00603661
-0.00673509
-0.00743053
-0.00812267
-0.00881131
-0.00949622
-0.0101772
-0.0108539
-0.0115263
-0.012194
-0.0128569
-0.0135147
-0.0141673
-0.0148144
-0.0154557
-0.0160912
-0.0167206
-0.0173436
-0.0179602
-0.01857
-0.0191729
-0.0197687
-0.0203572
-0.0209383
-0.0215116
-0.0220771
-0.0226346
-0.0231838
-0.0237247
-0.024257
-0.0247806
-0.0252952
-0.0258008
-0.0262972
-0.0267842
-0.0272617
-0.0277295
-0.0281875
-0.0286354
-0.0290733
-0.029501
-0.0299182
-0.030325
-0.0307211
-0.0311064
-0.0314809
-0.0318444
-0.0321967
-0.0325379
-0.0328678
-0.0331862
-0.0334931
-0.0337885
-0.0340721
-0.034344
-0.034604
-0.0348521
-0.0350882
-0.0353123
-0.0355242
-0.0357239
-0.0359114
-0.0360865
-0.0362494
-0.0363998
-0.0365379
-0.0366634
-0.0367765
-0.0368771
-0.0369651
-0.0370406
-0.0371035
-0.0371538
-0.0371915
-0.0372167
-0.0372292
-0.0372292
-0.0372167
-0.0371916
-0.0371539
-0.0371038
-0.0370412
-0.0369661
-0.0368786
-0.0367788
-0.0366667
-0.0365422
-0.0364056
-0.0362568
-0.0360959
-0.0359229
-0.035738
-0.0355412
-0.0353325
-0.0351121
-0.0348801
-0.0346365
-0.0343814
-0.034115
-0.0338372
-0.0335483
-0.0332483
-0.0329374
-0.0326156
-0.032283
-0.0319399
-0.0315863
-0.0312223
-0.0308481
-0.0304638
-0.0300695
-0.0296654
-0.0292517
-0.0288284
-0.0283958
-0.0279539
-0.0275029
-0.0270431
-0.0265745
-0.0260973
-0.0256117
-0.0251179
-0.024616
-0.0241062
-0.0235887
-0.0230636
-0.0225312
-0.0219916
-0.021445
-0.0208916
-0.0203316
-0.0197652
-0.0191925
-0.0186139
-0.0180294
-0.0174393
-0.0168437
-0.016243
-0.0156372
-0.0150267
-0.0144115
-0.0137919
-0.0131682
-0.0125405
-0.0119091
-0.0112741
-0.0106357
-0.00999433
-0.00935002
-0.00870304
-0.0080536
-0.00740193
-0.00674825
-0.00609277
-0.00543573
-0.00477732
-0.00411779
-0.00345735
-0.00279622
-0.00213463
-0.00147279
-0.000810926
-0.000149262
0.000511982
0.00117259
0.00183233
0.00249099
0.00314836
0.0038042
0.00445831
0.00511047
0.00576045
0.00640805
0.00705305
0.00769524
0.0083344
0.00897032
0.00960279
0.0102316
0.0108566
0.0114775
0.0120941
0.0127062
0.0133137
0.0139163
0.0145138
0.015106
0.0156928
0.0162739
0.0168492
0.0174184
0.0179815
0.0185381
0.0190882
0.0196314
0.0201678
0.020697
0.021219
0.0217335
0.0222404
0.0227395
0.0232307
0.0237138
0.0241886
0.0246551
0.0251129
0.0255621
0.0260025
0.0264338
0.026856
0.027269
0.0276726
0.0280667
0.0284511
0.0288258
0.0291906
0.0295455
0.0298902
0.0302247
0.0305489
0.0308627
0.031166
0.0314587
0.0317407
0.032012
0.0322723
0.0325218
0.0327602
0.0329876
0.0332038
0.0334088
0.0336025
0.0337849
0.0339559
0.0341155
0.0342636
0.0344002
0.0345252
0.0346387
0.0347405
0.0348308
0.0349093
0.0349762
0.0350314
0.0350749
0.0351068
0.0351269
0.0351353
0.035132
0.035117
0.0350903
0.035052
0.0350021
0.0349406
0.0348675
0.0347828
0.0346867
0.034579
0.03446
0.0343296
0.0341879
0.0340349
0.0338707
0.0336954
0.033509
0.0333116
0.0331032
0.032884
0.0326541
0.0324135
0.0321623
0.0319005
0.0316284
0.031346
0.0310533
0.0307506
0.0304379
0.0301153
0.0297829
0.0294409
0.0290893
0.0287284
0.0283582
0.0279789
0.0275905
0.0271933
0.0267873
0.0263728
0.0259498
0.0255185
0.0250791
0.0246317
0.0241764
0.0237135
0.023243
0.0227652
0.0222802
0.0217882
0.0212893
0.0207838
0.0202717
0.0197533
0.0192288
0.0186982
0.0181619
0.01762
0.0170726
0.01652
0.0159624
0.0153999
0.0148327
0.0142611
0.0136852
0.0131052
0.0125213
0.0119337
0.0113426
0.0107482
0.0101507
0.00955039
0.00894735
0.00834183
0.00773402
0.00712414
0.00651239
0.00589898
0.0052841
0.00466798
0.00405081
0.0034328
0.00281416
0.00219509
0.00157581
0.00095651
0.000337409
-0.00028129
-0.00089938
-0.00151666
-0.00213292
-0.00274795
-0.00336155
-0.00397353
-0.00458366
-0.00519177
-0.00579763
-0.00640105
-0.00700183
-0.00759978
-0.00819469
-0.00878637
-0.00937463
-0.00995927
-0.0105401
-0.0111169
-0.0116895
-0.0122578
-0.0128215
-0.0133804
-0.0139344
-0.0144833
-0.0150269
-0.015565
-0.0160974
-0.0166241
-0.0171447
-0.0176592
-0.0181674
-0.018669
-0.0191641
-0.0196523
-0.0201335
-0.0206076
-0.0210744
-0.0215338
-0.0219855
-0.0224296
-0.0228658
-0.023294
-0.0237141
-0.0241258
-0.0245292
-0.024924
-0.0253102
-0.0256875
-0.026056
-0.0264155
-0.0267658
-0.0271068
-0.0274386
-0.0277608
-0.0280735
-0.0283766
-0.0286699
-0.0289533
-0.0292269
-0.0294904
-0.0297439
-0.0299871
-0.0302202
-0.0304429
-0.0306552
-0.0308572
-0.0310486
-0.0312294
-0.0313997
-0.0315593
-0.0317081
-0.0318463
-0.0319736
-0.0320902
-0.0321959
-0.0322907
-0.0323746
-0.0324476
-0.0325097
-0.0325608
-0.032601
-0.0326302
-0.0326485
-0.0326557
-0.0326521
-0.0326375
-0.0326119
-0.0325755
-0.0325281
-0.0324699
-0.0324008
-0.0323209
-0.0322302
-0.0321288
-0.0320167
-0.031894
-0.0317606
-0.0316167
-0.0314623
-0.0312974
-0.0311222
-0.0309367
-0.0307409
-0.030535
-0.030319
-0.030093
-0.029857
-0.0296112
-0.0293557
-0.0290905
-0.0288157
-0.0285315
-0.0282379
-0.0279351
-0.0276231
-0.0273021
-0.0269721
-0.0266334
-0.0262859
-0.0259299
-0.0255655
-0.0251927
-0.0248118
-0.0244228
-0.0240259
-0.0236212
-0.0232089
-0.0227891
-0.0223619
-0.0219276
-0.0214862
-0.0210379
-0.0205829
-0.0201213
-0.0196533
-0.019179
-0.0186987
-0.0182124
-0.0177203
-0.0172226
-0.0167195
-0.0162112
-0.0156978
-0.0151794
-0.0146564
-0.0141287
-0.0135968
-0.0130606
-0.0125204
-0.0119764
-0.0114287
-0.0108776
-0.0103233
-0.00976582
-0.00920548
-0.00864244
-0.00807688
-0.00750901
-0.006939
-0.00636706
-0.00579337
-0.00521814
-0.00464154
-0.00406378
-0.00348504
-0.00290553
-0.00232544
-0.00174496
-0.00116429
-0.000583617
-3.13964e-06
0.000576949
0.00115646
0.00173519
0.00231295
0.00288955
0.0034648
0.0040385
0.00461047
0.00518052
0.00574845
0.00631407
0.00687721
0.00743767
0.00799527
0.00854982
0.00910114
0.00964905
0.0101934
0.0107339
0.0112705
0.011803
0.0123311
0.0128548
0.0133739
0.0138881
0.0143973
0.0149014
0.0154002
0.0158935
0.0163811
0.016863
0.0173388
0.0178086
0.0182721
0.0187292
0.0191797
0.0196235
0.0200605
0.0204904
0.0209133
0.0213288
0.021737
0.0221376
0.0225305
0.0229157
0.0232929
0.0236621
0.0240231
0.0243759
0.0247203
0.0250562
0.0253835
0.0257021
0.0260119
0.0263128
0.0266047
0.0268875
0.0271612
0.0274256
0.0276806
0.0279263
0.0281624
0.028389
0.0286059
0.0288131
0.0290106
0.0291982
0.029376
0.0295438
0.0297017
0.0298495
0.0299872
0.0301148
0.0302323
0.0303396
0.0304367
0.0305236
0.0306002
0.0306665
0.0307226
0.0307683
0.0308037
0.0308288
0.0308436
0.0308481
0.0308423
0.0308261
0.0307997
0.030763
0.0307161
0.0306589
0.0305916
0.030514
0.0304263
0.0303285
0.0302206
0.0301028
0.0299749
0.0298371
0.0296894
0.0295319
0.0293647
0.0291877
0.0290011
0.028805
0.0285993
0.0283843
0.0281599
0.0279262
0.0276834
0.0274315
0.0271706
0.0269008
0.0266222
0.0263349
0.0260389
0.0257345
0.0254217
0.0251006
0.0247713
0.024434
0.0240887
0.0237356
0.0233748
0.0230065
0.0226307
0.0222476
0.0218573
0.02146
0.0210558
0.0206448
0.0202272
0.0198032
0.0193728
0.0189362
0.0184936
0.0180451
0.0175908
0.017131
0.0166658
0.0161953
0.0157198
0.0152393
0.014754
0.0142641
0.0137698
0.0132712
0.0127685
0.0122619
0.0117516
0.0112376
0.0107203
0.0101997
0.00967603
0.00914951
0.00862028
0.00808852
0.00755442
0.00701816
0.00647991
0.00593987
0.00539819
0.00485509
0.00431072
0.00376528
0.00321895
0.00267191
0.00212435
0.00157645
0.0010284
0.000480363
-6.74592e-05
-0.000614889
-0.00116174
-0.00170784
-0.002253
-0.00279703
-0.00333977
-0.00388102
-0.0044206
-0.00495835
-0.00549407
-0.0060276
-0.00655875
-0.00708734
-0.00761321
-0.00813618
-0.00865608
-0.00917273
-0.00968596
-0.0101956
-0.0107015
-0.0112035
-0.0117014
-0.012195
-0.0126842
-0.0131689
-0.0136488
-0.0141238
-0.0145938
-0.0150586
-0.015518
-0.015972
-0.0164203
-0.0168628
-0.0172993
-0.0177298
-0.018154
-0.0185719
-0.0189833
-0.0193881
-0.0197861
-0.0201772
-0.0205613
-0.0209383
-0.021308
-0.0216703
-0.0220251
-0.0223724
-0.0227119
-0.0230435
-0.0233673
-0.023683
-0.0239905
-0.0242899
-0.0245809
-0.0248634
-0.0251375
-0.0254029
-0.0256597
-0.0259077
-0.0261469
-0.0263772
-0.0265985
-0.0268107
-0.0270138
-0.0272077
-0.0273924
-0.0275678
-0.0277339
-0.0278905
-0.0280377
-0.0281755
-0.0283037
-0.0284223
-0.0285313
-0.0286307
-0.0287205
-0.0288006
-0.028871
-0.0289316
-0.0289826
-0.0290237
-0.0290552
-0.0290769
-0.0290888
-0.029091
-0.0290835
-0.0290662
-0.0290391
-0.0290024
-0.028956
-0.0288999
-0.0288342
-0.0287588
-0.0286739
-0.0285794
-0.0284754
-0.0283619
-0.028239
-0.0281068
-0.0279652
-0.0278143
-0.0276542
-0.0274849
-0.0273066
-0.0271192
-0.0269228
-0.0267176
-0.0265035
-0.0262807
-0.0260492
-0.0258092
-0.0255606
-0.0253037
-0.0250384
-0.024765
-0.0244834
-0.0241938
-0.0238962
-0.0235909
-0.0232778
-0.0229572
-0.022629
-0.0222935
-0.0219508
-0.0216009
-0.021244
-0.0208802
-0.0205096
-0.0201325
-0.0197488
-0.0193587
-0.0189624
-0.01856
-0.0181517
-0.0177375
-0.0173176
-0.0168923
-0.0164615
-0.0160255
-0.0155844
-0.0151384
-0.0146875
-0.0142321
-0.0137722
-0.0133079
-0.0128395
-0.0123671
-0.0118909
-0.011411
-0.0109275
-0.0104407
-0.00995078
-0.00945779
-0.00896196
-0.00846344
-0.00796241
-0.00745903
-0.00695348
-0.00644593
-0.00593655
-0.00542551
-0.00491298
-0.00439914
-0.00388415
-0.0033682
-0.00285146
-0.0023341
-0.00181629
-0.00129821
-0.000780039
-0.000261941
0.000255906
0.000773327
0.00129015
0.0018062
0.00232131
0.0028353
0.00334801
0.00385925
0.00436886
0.00487667
0.00538251
0.00588622
0.00638761
0.00688653
0.00738281
0.00787629
0.00836679
0.00885416
0.00933824
0.00981886
0.0102959
0.0107691
0.0112384
0.0117036
0.0121646
0.0126212
0.0130732
0.0135206
0.0139631
0.0144007
0.0148331
0.0152602
0.0156819
0.0160981
0.0165085
0.0169132
0.0173119
0.0177045
0.0180909
0.018471
0.0188445
0.0192116
0.0195718
0.0199253
0.0202719
0.0206113
0.0209436
0.0212687
0.0215864
0.0218966
0.0221992
0.0224941
0.0227813
0.0230606
0.0233319
0.0235952
0.0238504
0.0240974
0.0243361
0.0245664
0.0247883
0.0250017
0.0252065
0.0254027
0.0255902
0.0257689
0.0259388
0.0260999
0.026252
0.0263952
0.0265294
0.0266545
0.0267706
0.0268775
0.0269753
0.0270639
0.0271433
0.0272135
0.0272744
0.0273261
0.0273685
0.0274016
0.0274255
0.02744
0.0274453
0.0274413
0.027428
0.0274054
0.0273735
0.0273324
0.0272821
0.0272226
0.0271539
0.027076
0.026989
0.0268929
0.0267878
0.0266736
0.0265505
0.0264184
0.0262775
0.0261278
0.0259692
0.025802
0.0256261
0.0254416
0.0252485
0.0250471
0.0248372
0.024619
0.0243926
0.024158
0.0239154
0.0236647
0.0234062
0.0231398
0.0228658
0.0225841
0.0222949
0.0219982
0.0216943
0.0213831
0.0210648
0.0207396
0.0204074
0.0200684
0.0197228
0.0193707
0.0190122
0.0186473
0.0182763
0.0178993
0.0175163
0.0171276
0.0167332
0.0163333
0.015928
0.0155174
0.0151018
0.0146812
0.0142558
0.0138258
0.0133912
0.0129522
0.012509
0.0120617
0.0116105
0.0111555
0.0106969
0.0102349
0.0097695
0.00930097
0.00882945
0.0083551
0.00787807
0.00739853
0.00691663
0.00643255
0.00594644
0.00545846
0.00496878
0.00447757
0.00398499
0.0034912
0.00299637
0.00250067
0.00200427
0.00150732
0.00100999
0.000512462
1.48886e-05
-0.00048256
-0.000979719
-0.00147642
-0.0019725
-0.00246779
-0.00296213
-0.00345535
-0.00394728
-0.00443777
-0.00492665
-0.00541376
-0.00589894
-0.00638201
-0.00686283
-0.00734124
-0.00781707
-0.00829017
-0.00876038
-0.00922754
-0.00969151
-0.0101521
-0.0106092
-0.0110627
-0.0115123
-0.011958
-0.0123996
-0.0128369
-0.0132698
-0.0136982
-0.014122
-0.0145409
-0.0149548
-0.0153637
-0.0157674
-0.0161656
-0.0165584
-0.0169456
-0.0173271
-0.0177026
-0.0180722
-0.0184357
-0.0187929
-0.0191438
-0.0194882
-0.0198261
-0.0201573
-0.0204817
-0.0207991
-0.0211096
-0.021413
-0.0217092
-0.0219981
-0.0222796
-0.0225536
-0.0228201
-0.0230789
-0.0233299
-0.0235732
-0.0238086
-0.024036
-0.0242553
-0.0244666
-0.0246696
-0.0248644
-0.025051
-0.0252291
-0.0253989
-0.0255601
-0.0257129
-0.025857
-0.0259926
-0.0261195
-0.0262377
-0.0263472
-0.0264479
-0.0265399
-0.026623
-0.0266973
-0.0267627
-0.0268192
-0.0268668
-0.0269056
-0.0269354
-0.0269562
-0.0269682
-0.0269712
-0.0269653
-0.0269505
-0.0269268
-0.0268942
-0.0268527
-0.0268023
-0.0267431
-0.0266751
-0.0265982
-0.0265126
-0.0264183
-0.0263153
-0.0262036
-0.0260833
-0.0259544
-0.025817
-0.0256711
-0.0255168
-0.0253541
-0.0251831
-0.0250038
-0.0248164
-0.0246208
-0.0244172
-0.0242056
-0.0239861
-0.0237587
-0.0235236
-0.0232808
-0.0230305
-0.0227726
-0.0225073
-0.0222347
-0.0219549
-0.0216679
-0.0213739
-0.021073
-0.0207652
-0.0204507
-0.0201296
-0.019802
-0.019468
-0.0191278
-0.0187813
-0.0184288
-0.0180704
-0.0177062
-0.0173363
-0.0169609
-0.01658
-0.0161938
-0.0158025
-0.0154061
-0.0150048
-0.0145988
-0.0141881
-0.013773
-0.0133535
-0.0129298
-0.012502
-0.0120703
-0.0116349
-0.0111958
-0.0107532
-0.0103073
-0.00985823
-0.00940612
-0.00895113
-0.00849342
-0.00803313
-0.00757043
-0.00710546
-0.00663838
-0.00616936
-0.00569854
-0.00522609
-0.00475215
-0.0042769
-0.00380049
-0.00332307
-0.00284481
-0.00236587
-0.0018864
-0.00140657
-0.00092654
-0.000446462
3.35008e-05
0.000513188
0.000992441
0.0014711
0.00194901
0.002426
0.00290192
0.00337662
0.00384993
0.0043217
0.00479178
0.00525999
0.0057262
0.00619025
0.00665198
0.00711124
0.00756788
0.00802175
0.0084727
0.00892058
0.00936525
0.00980655
0.0102443
0.0106785
0.0111088
0.0115352
0.0119576
0.0123757
0.0127894
0.0131987
0.0136034
0.0140032
0.0143983
0.0147883
0.0151731
0.0155527
0.0159269
0.0162956
0.0166586
0.0170159
0.0173673
0.0177128
0.0180521
0.0183853
0.0187121
0.0190325
0.0193464
0.0196537
0.0199542
0.020248
0.0205348
0.0208146
0.0210873
0.0213529
0.0216111
0.021862
0.0221055
0.0223415
0.0225699
0.0227907
0.0230037
0.0232089
0.0234063
0.0235957
0.0237772
0.0239507
0.024116
0.0242733
0.0244223
0.0245631
0.0246956
0.0248198
0.0249357
0.0250431
0.0251422
0.0252328
0.0253149
0.0253885
0.0254537
0.0255102
0.0255583
0.0255977
0.0256286
0.0256509
0.0256647
0.0256698
0.0256664
0.0256544
0.0256339
0.0256048
0.0255671
0.0255209
0.0254663
0.0254031
0.0253315
0.0252514
0.025163
0.0250662
0.0249611
0.0248477
0.024726
0.0245962
0.0244581
0.024312
0.0241579
0.0239957
0.0238256
0.0236476
0.0234618
0.0232683
0.023067
0.0228582
0.0226418
0.022418
0.0221868
0.0219483
0.0217026
0.0214497
0.0211898
0.020923
0.0206492
0.0203687
0.0200816
0.0197879
0.0194876
0.0191811
0.0188683
0.0185493
0.0182242
0.0178933
0.0175565
0.017214
0.0168659
0.0165124
0.0161535
0.0157894
0.0154201
0.0150459
0.0146669
0.0142831
0.0138948
0.0135019
0.0131048
0.0127035
0.0122981
0.0118888
0.0114757
0.011059
0.0106387
0.0102152
0.00978837
0.00935851
0.00892572
0.00849016
0.00805196
0.00761128
0.00716826
0.00672306
0.00627582
0.00582669
0.00537582
0.00492337
0.00446949
0.00401432
0.00355803
0.00310076
0.00264267
0.00218391
0.00172463
0.001265
0.000805151
0.00034525
-0.000114552
-0.000574101
-0.00103325
-0.00149183
-0.0019497
-0.00240671
-0.0028627
-0.00331753
-0.00377103
-0.00422307
-0.00467348
-0.00512212
-0.00556885
-0.0060135
-0.00645594
-0.00689602
-0.00733359
-0.00776851
-0.00820063
-0.00862981
-0.00905591
-0.00947878
-0.00989829
-0.0103143
-0.0107267
-0.0111353
-0.01154
-0.0119406
-0.0123371
-0.0127292
-0.013117
-0.0135001
-0.0138786
-0.0142523
-0.014621
-0.0149847
-0.0153432
-0.0156964
-0.0160442
-0.0163865
-0.0167232
-0.0170541
-0.0173791
-0.0176982
-0.0180113
-0.0183181
-0.0186187
-0.018913
-0.0192008
-0.019482
-0.0197566
-0.0200245
-0.0202856
-0.0205397
-0.0207869
-0.021027
-0.02126
-0.0214858
-0.0217043
-0.0219154
-0.0221191
-0.0223153
-0.022504
-0.0226851
-0.0228584
-0.0230241
-0.023182
-0.0233321
-0.0234743
-0.0236086
-0.023735
-0.0238533
-0.0239637
-0.0240659
-0.0241601
-0.0242461
-0.024324
-0.0243938
-0.0244553
-0.0245087
-0.0245538
-0.0245907
-0.0246193
-0.0246398
-0.0246519
-0.0246558
-0.0246515
-0.0246389
-0.0246181
-0.0245891
-0.0245518
-0.0245064
-0.0244528
-0.024391
-0.0243211
-0.0242431
-0.024157
-0.0240629
-0.0239608
-0.0238507
-0.0237327
-0.0236067
-0.023473
-0.0233314
-0.0231822
-0.0230252
-0.0228606
-0.0226884
-0.0225087
-0.0223216
-0.022127
-0.0219252
-0.0217161
-0.0214998
-0.0212764
-0.0210461
-0.0208087
-0.0205645
-0.0203136
-0.0200559
-0.0197917
-0.0195209
-0.0192438
-0.0189603
-0.0186706
-0.0183747
-0.0180729
-0.0177651
-0.0174515
-0.0171322
-0.0168073
-0.016477
-0.0161412
-0.0158002
-0.0154541
-0.0151029
-0.0147469
-0.014386
-0.0140205
-0.0136505
-0.013276
-0.0128972
-0.0125143
-0.0121274
-0.0117366
-0.011342
-0.0109438
-0.0105421
-0.010137
-0.00972871
-0.00931733
-0.00890301
-0.00848587
-0.00806607
-0.00764375
-0.00721904
-0.00679209
-0.00636305
-0.00593205
-0.00549925
-0.00506478
-0.0046288
-0.00419145
-0.00375288
-0.00331322
-0.00287264
-0.00243128
-0.00198929
-0.00154681
-0.00110399
-0.000660983
-0.000217934
0.000225008
0.000667695
0.00110998
0.00155171
0.00199275
0.00243294
0.00287214
0.00331021
0.00374699
0.00418234
0.00461612
0.00504818
0.00547837
0.00590656
0.00633261
0.00675637
0.00717769
0.00759645
0.0080125
0.00842571
0.00883593
0.00924303
0.00964688
0.0100473
0.0104443
0.0108376
0.0112271
0.0116127
0.0119943
0.0123717
0.0127448
0.0131135
0.0134776
0.0138372
0.0141919
0.0145418
0.0148866
0.0152264
0.0155609
0.0158901
0.0162139
0.016532
0.0168446
0.0171514
0.0174523
0.0177473
0.0180362
0.018319
0.0185955
0.0188657
0.0191295
0.0193868
0.0196375
0.0198816
0.0201189
0.0203494
0.020573
0.0207896
0.0209992
0.0212016
0.021397
0.021585
0.0217658
0.0219393
0.0221053
0.0222639
0.0224149
0.0225585
0.0226944
0.0228226
0.0229432
0.0230561
0.0231612
0.0232586
0.0233481
0.0234297
0.0235035
0.0235695
0.0236275
0.0236776
0.0237197
0.0237539
0.0237801
0.0237984
0.0238087
0.0238111
0.0238054
0.0237919
0.0237703
0.0237409
0.0237035
0.0236581
0.0236049
0.0235438
0.0234749
0.0233981
0.0233136
0.0232213
0.0231212
0.0230135
0.022898
0.022775
0.0226444
0.0225063
0.0223607
0.0222077
0.0220473
0.0218796
0.0217047
0.0215225
0.0213332
0.0211369
0.0209335
0.0207233
0.0205061
0.0202823
0.0200517
0.0198144
0.0195707
0.0193205
0.0190639
0.018801
0.018532
0.0182568
0.0179756
0.0176886
0.0173957
0.0170971
0.0167929
0.0164832
0.0161681
0.0158477
0.0155221
0.0151915
0.0148559
0.0145154
0.0141702
0.0138204
0.0134662
0.0131075
0.0127446
0.0123775
0.0120064
0.0116315
0.0112528
0.0108705
0.0104847
0.0100955
0.00970306
0.00930753
0.00890904
0.0085077
0.00810367
0.00769707
0.00728804
0.00687672
0.00646325
0.00604777
0.00563041
0.00521132
0.00479063
0.0043685
0.00394505
0.00352043
0.00309479
0.00266826
0.00224099
0.00181313
0.00138481
0.00095618
0.000527381
9.85578e-05
-0.000330147
-0.000758589
-0.00118663
-0.00161412
-0.00204092
-0.00246688
-0.00289187
-0.00331575
-0.00373837
-0.00415958
-0.00457926
-0.00499727
-0.00541345
-0.00582768
-0.00623981
-0.00664971
-0.00705725
-0.00746228
-0.00786468
-0.0082643
-0.00866103
-0.00905471
-0.00944524
-0.00983247
-0.0102163
-0.0105965
-0.0109731
-0.0113459
-0.0117148
-0.0120796
-0.0124402
-0.0127966
-0.0131485
-0.013496
-0.0138388
-0.0141768
-0.01451
-0.0148383
-0.0151614
-0.0154794
-0.0157921
-0.0160994
-0.0164012
-0.0166975
-0.016988
-0.0172728
-0.0175517
-0.0178246
-0.0180915
-0.0183522
-0.0186067
-0.0188549
-0.0190967
-0.019332
-0.0195608
-0.019783
-0.0199985
-0.0202072
-0.0204091
-0.0206041
-0.0207921
-0.0209732
-0.0211471
-0.0213139
-0.0214736
-0.0216259
-0.0217711
-0.0219088
-0.0220393
-0.0221623
-0.0222778
-0.0223859
-0.0224864
-0.0225794
-0.0226648
-0.0227425
-0.0228127
-0.0228752
-0.02293
-0.0229772
-0.0230166
-0.0230483
-0.0230724
-0.0230886
-0.0230972
-0.023098
-0.0230911
-0.0230765
-0.0230542
-0.0230242
-0.0229865
-0.0229411
-0.022888
-0.0228273
-0.022759
-0.0226831
-0.0225997
-0.0225087
-0.0224102
-0.0223042
-0.0221909
-0.0220701
-0.021942
-0.0218066
-0.0216639
-0.0215141
-0.0213571
-0.021193
-0.0210219
-0.0208438
-0.0206588
-0.0204669
-0.0202683
-0.0200629
-0.0198509
-0.0196323
-0.0194072
-0.0191757
-0.0189379
-0.0186938
-0.0184435
-0.0181872
-0.0179248
-0.0176565
-0.0173824
-0.0171026
-0.0168172
-0.0165262
-0.0162298
-0.015928
-0.015621
-0.0153089
-0.0149918
-0.0146697
-0.0143429
-0.0140113
-0.0136752
-0.0133346
-0.0129896
-0.0126404
-0.0122871
-0.0119298
-0.0115686
-0.0112036
-0.0108351
-0.010463
-0.0100875
-0.00970875
-0.00932688
-0.00894201
-0.00855427
-0.00816379
-0.00777069
-0.00737512
-0.00697721
-0.00657708
-0.00617487
-0.00577073
-0.00536477
-0.00495715
-0.00454799
-0.00413743
-0.00372562
-0.00331268
-0.00289877
-0.002484
-0.00206854
-0.0016525
-0.00123604
-0.000819295
-0.000402398
1.45072e-05
0.000431282
0.000847788
0.00126389
0.00167944
0.0020943
0.00250834
0.00292141
0.00333339
0.00374413
0.00415349
0.00456135
0.00496755
0.00537198
0.00577449
0.00617494
0.00657322
0.00696917
0.00736268
0.00775362
0.00814184
0.00852722
0.00890965
0.00928897
0.00966508
0.0100379
0.0104072
0.0107729
0.0111349
0.011493
0.0118473
0.0121974
0.0125434
0.0128851
0.0132224
0.0135551
0.0138833
0.0142066
0.0145252
0.0148388
0.0151473
0.0154507
0.0157488
0.0160416
0.016329
0.0166107
0.0168869
0.0171573
0.0174219
0.0176806
0.0179334
0.01818
0.0184205
0.0186548
0.0188827
0.0191043
0.0193195
0.0195281
0.0197301
0.0199255
0.0201141
0.020296
0.020471
0.0206392
0.0208004
0.0209545
0.0211017
0.0212417
0.0213746
0.0215003
0.0216188
0.02173
0.021834
0.0219305
0.0220198
0.0221016
0.022176
0.022243
0.0223026
0.0223546
0.0223992
0.0224363
0.0224658
0.0224879
0.0225024
0.0225093
0.0225088
0.0225007
0.0224851
0.022462
0.0224314
0.0223932
0.0223477
0.0222946
0.0222341
0.0221662
0.0220909
0.0220082
0.0219182
0.0218209
0.0217163
0.0216044
0.0214854
0.0213592
0.021226
0.0210856
0.0209383
0.0207839
0.0206227
0.0204546
0.0202797
0.0200981
0.0199098
0.0197149
0.0195135
0.0193056
0.0190913
0.0188706
0.0186437
0.0184107
0.0181715
0.0179263
0.0176752
0.0174183
0.0171556
0.0168872
0.0166132
0.0163338
0.016049
0.0157588
0.0154635
0.0151631
0.0148577
0.0145474
0.0142323
0.0139126
0.0135882
0.0132594
0.0129263
0.0125889
0.0122474
0.0119019
0.0115525
0.0111993
0.0108425
0.0104822
0.0101184
0.00975131
0.00938107
0.00900779
0.00863159
0.0082526
0.00787095
0.00748676
0.00710016
0.00671128
0.00632026
0.00592722
0.0055323
0.00513563
0.00473734
0.00433756
0.00393643
0.00353409
0.00313066
0.00272629
0.0023211
0.00191524
0.00150884
0.00110203
0.000694959
0.000287751
-0.000119453
-0.000526517
-0.000933306
-0.00133968
-0.00174551
-0.00215066
-0.00255499
-0.00295837
-0.00336066
-0.00376173
-0.00416145
-0.00455967
-0.00495628
-0.00535113
-0.0057441
-0.00613506
-0.00652387
-0.0069104
-0.00729453
-0.00767613
-0.00805507
-0.00843123
-0.00880448
-0.0091747
-0.00954176
-0.00990555
-0.0102659
-0.0106228
-0.010976
-0.0113255
-0.0116711
-0.0120128
-0.0123503
-0.0126836
-0.0130126
-0.0133372
-0.0136572
-0.0139726
-0.0142833
-0.0145891
-0.0148899
-0.0151857
-0.0154764
-0.0157618
-0.0160419
-0.0163166
-0.0165857
-0.0168492
-0.0171071
-0.0173591
-0.0176053
-0.0178455
-0.0180798
-0.0183079
-0.0185299
-0.0187456
-0.018955
-0.019158
-0.0193545
-0.0195446
-0.019728
-0.0199049
-0.020075
-0.0202384
-0.0203949
-0.0205447
-0.0206875
-0.0208234
-0.0209522
-0.0210741
-0.0211888
-0.0212965
-0.021397
-0.0214904
-0.0215765
-0.0216554
-0.021727
-0.0217914
-0.0218484
-0.0218982
-0.0219406
-0.0219757
-0.0220034
-0.0220237
-0.0220367
-0.0220423
-0.0220405
-0.0220314
-0.0220149
-0.021991
-0.0219598
-0.0219213
-0.0218754
-0.0218222
-0.0217618
-0.0216941
-0.0216191
-0.0215369
-0.0214476
-0.0213511
-0.0212475
-0.0211367
-0.021019
-0.0208942
-0.0207625
-0.0206239
-0.0204784
-0.0203261
-0.020167
-0.0200012
-0.0198288
-0.0196497
-0.0194642
-0.0192721
-0.0190737
-0.0188689
-0.0186579
-0.0184406
-0.0182172
-0.0179878
-0.0177525
-0.0175112
-0.0172641
-0.0170113
-0.0167529
-0.0164889
-0.0162195
-0.0159447
-0.0156646
-0.0153793
-0.0150889
-0.0147936
-0.0144934
-0.0141883
-0.0138786
-0.0135644
-0.0132456
-0.0129225
-0.0125951
-0.0122636
-0.011928
-0.0115885
-0.0112453
-0.0108983
-0.0105477
-0.0101937
-0.00983633
-0.00947575
-0.00911207
-0.00874541
-0.0083759
-0.00800366
-0.00762882
-0.00725149
-0.00687181
-0.00648991
-0.00610591
-0.00571994
-0.00533213
-0.00494261
-0.00455151
-0.00415896
-0.00376509
-0.00337004
-0.00297394
-0.00257691
-0.0021791
-0.00178063
-0.00138164
-0.000982256
-0.000582621
-0.000182865
0.00021688
0.000616479
0.0010158
0.00141471
0.00181307
0.00221076
0.00260763
0.00300356
0.00339842
0.00379207
0.00418438
0.00457522
0.00496447
0.00535198
0.00573764
0.00612131
0.00650287
0.00688218
0.00725913
0.00763358
0.00800542
0.00837452
0.00874075
0.009104
0.00946414
0.00982105
0.0101746
0.0105247
0.0108713
0.0112141
0.0115531
0.0118882
0.0122193
0.0125462
0.0128689
0.0131872
0.0135011
0.0138104
0.014115
0.0144149
0.0147099
0.0149999
0.0152849
0.0155647
0.0158392
0.0161085
0.0163722
0.0166305
0.0168832
0.0171302
0.0173714
0.0176067
0.0178362
0.0180596
0.018277
0.0184882
0.0186933
0.018892
0.0190844
0.0192703
0.0194498
0.0196228
0.0197892
0.0199489
0.020102
0.0202483
0.0203878
0.0205205
0.0206463
0.0207651
0.0208771
0.020982
0.0210799
0.0211707
0.0212544
0.021331
0.0214005
0.0214628
0.0215179
0.0215659
0.0216066
0.0216401
0.0216663
0.0216853
0.021697
0.0217015
0.0216987
0.0216887
0.0216715
0.0216469
0.0216152
0.0215762
0.0215301
0.0214767
0.0214162
0.0213485
0.0212737
0.0211918
0.0211028
0.0210067
0.0209037
0.0207937
0.0206768
0.0205529
0.0204222
0.0202847
0.0201405
0.0199895
0.0198319
0.0196676
0.0194968
0.0193195
0.0191358
0.0189457
0.0187493
0.0185467
0.0183379
0.018123
0.017902
0.0176751
0.0174424
0.0172038
0.0169595
0.0167096
0.0164541
0.0161931
0.0159268
0.0156552
0.0153784
0.0150964
0.0148095
0.0145177
0.014221
0.0139196
0.0136137
0.0133032
0.0129883
0.012669
0.0123456
0.0120182
0.0116867
0.0113514
0.0110123
0.0106696
0.0103233
0.00997365
0.00962071
0.00926459
0.00890542
0.00854331
0.00817839
0.00781079
0.00744061
0.00706799
0.00669306
0.00631593
0.00593673
0.0055556
0.00517265
0.00478801
0.00440182
0.00401421
0.0036253
0.00323521
0.0028441
0.00245207
0.00205927
0.00166583
0.00127187
0.000877535
0.000482948
8.82423e-05
-0.000306449
-0.000700995
-0.00109526
-0.00148912
-0.00188244
-0.00227509
-0.00266694
-0.00305785
-0.0034477
-0.00383635
-0.00422369
-0.00460957
-0.00499386
-0.00537646
-0.00575721
-0.006136
-0.0065127
-0.00688719
-0.00725933
-0.00762902
-0.00799611
-0.0083605
-0.00872205
-0.00908066
-0.00943619
-0.00978854
-0.0101376
-0.0104832
-0.0108253
-0.0111637
-0.0114984
-0.0118292
-0.012156
-0.0124787
-0.0127972
-0.0131114
-0.0134212
-0.0137265
-0.0140272
-0.0143231
-0.0146142
-0.0149005
-0.0151817
-0.0154578
-0.0157288
-0.0159944
-0.0162547
-0.0165095
-0.0167588
-0.0170025
-0.0172404
-0.0174726
-0.0176989
-0.0179193
-0.0181337
-0.018342
-0.0185442
-0.0187401
-0.0189298
-0.0191131
-0.01929
-0.0194605
-0.0196244
-0.0197818
-0.0199325
-0.0200766
-0.020214
-0.0203446
-0.0204683
-0.0205853
-0.0206953
-0.0207984
-0.0208946
-0.0209838
-0.0210659
-0.021141
-0.0212091
-0.02127
-0.0213239
-0.0213706
-0.0214101
-0.0214425
-0.0214677
-0.0214858
-0.0214967
-0.0215004
-0.0214969
-0.0214862
-0.0214684
-0.0214433
-0.0214111
-0.0213718
-0.0213253
-0.0212717
-0.021211
-0.0211432
-0.0210684
-0.0209865
-0.0208976
-0.0208017
-0.0206989
-0.0205892
-0.0204726
-0.0203491
-0.0202189
-0.0200819
-0.0199382
-0.0197879
-0.019631
-0.0194675
-0.0192975
-0.0191211
-0.0189383
-0.0187492
-0.0185538
-0.0183522
-0.0181445
-0.0179308
-0.0177111
-0.0174855
-0.017254
-0.0170168
-0.0167739
-0.0165255
-0.0162715
-0.0160121
-0.0157473
-0.0154773
-0.0152022
-0.014922
-0.0146368
-0.0143467
-0.0140519
-0.0137523
-0.0134482
-0.0131396
-0.0128266
-0.0125094
-0.012188
-0.0118625
-0.0115331
-0.0111998
-0.0108628
-0.0105222
-0.0101781
-0.00983062
-0.00947985
-0.00912593
-0.00876897
-0.00840909
-0.00804642
-0.00768107
-0.00731316
-0.00694283
-0.00657018
-0.00619535
-0.00581847
-0.00543965
-0.00505903
-0.00467672
-0.00429287
-0.00390759
-0.00352102
-0.00313328
-0.00274451
-0.00235482
-0.00196437
-0.00157326
-0.00118164
-0.000789632
-0.00039737
-4.98405e-06
0.000387395
0.000779636
0.00117161
0.00156318
0.00195422
0.00234461
0.0027342
0.00312287
0.00351049
0.00389694
0.00428207
0.00466577
0.0050479
0.00542835
0.00580697
0.00618365
0.00655826
0.00693067
0.00730076
0.00766841
0.0080335
0.00839589
0.00875548
0.00911215
0.00946576
0.00981621
0.0101634
0.0105072
0.0108474
0.011184
0.0115169
0.011846
0.0121711
0.0124921
0.012809
0.0131215
0.0134297
0.0137334
0.0140325
0.014327
0.0146166
0.0149014
0.0151812
0.0154559
0.0157254
0.0159897
0.0162487
0.0165022
0.0167502
0.0169927
0.0172294
0.0174604
0.0176856
0.0179049
0.0181182
0.0183254
0.0185265
0.0187215
0.0189102
0.0190925
0.0192685
0.0194381
0.0196012
0.0197577
0.0199076
0.0200509
0.0201875
0.0203174
0.0204405
0.0205567
0.0206661
0.0207686
0.0208641
0.0209527
0.0210343
0.0211088
0.0211764
0.0212368
0.0212902
0.0213364
0.0213755
0.0214075
0.0214323
0.02145
0.0214605
0.0214639
0.02146
0.021449
0.0214309
0.0214056
0.0213731
0.0213335
0.0212868
0.0212329
0.021172
0.021104
0.021029
0.0209469
0.0208578
0.0207618
0.0206588
0.0205489
0.0204321
0.0203085
0.0201782
0.0200411
0.0198973
0.0197468
0.0195897
0.0194261
0.019256
0.0190795
0.0188965
0.0187073
0.0185118
0.0183101
0.0181023
0.0178884
0.0176686
0.0174428
0.0172112
0.0169738
0.0167308
0.0164821
0.016228
0.0159684
0.0157034
0.0154332
0.0151579
0.0148774
0.014592
0.0143017
0.0140066
0.0137067
0.0134023
0.0130934
0.0127802
0.0124626
0.0121408
0.011815
0.0114852
0.0111515
0.0108141
0.0104731
0.0101285
0.00978056
0.00942931
0.00907488
0.0087174
0.00835698
0.00799374
0.00762781
0.00725931
0.00688835
0.00651506
0.00613957
0.00576201
0.00538248
0.00500114
0.00461809
0.00423346
0.0038474
0.00346002
0.00307145
0.00268182
0.00229126
0.00189991
0.00150789
0.00111533
0.000722367
0.000329126
-6.4259e-05
-0.000457658
-0.000850939
-0.00124397
-0.00163663
-0.00202877
-0.00242027
-0.002811
-0.00320083
-0.00358963
-0.00397727
-0.00436362
-0.00474854
-0.00513192
-0.00551363
-0.00589353
-0.00627151
-0.00664742
-0.00702116
-0.00739259
-0.0077616
-0.00812805
-0.00849182
-0.0088528
-0.00921086
-0.00956589
-0.00991776
-0.0102664
-0.0106116
-0.0109533
-0.0112914
-0.0116257
-0.0119562
-0.0122828
-0.0126053
-0.0129236
-0.0132377
-0.0135473
-0.0138525
-0.0141531
-0.014449
-0.0147401
-0.0150264
-0.0153076
-0.0155838
-0.0158548
-0.0161206
-0.016381
-0.0166359
-0.0168854
-0.0171292
-0.0173674
-0.0175998
-0.0178263
-0.018047
-0.0182616
-0.0184702
-0.0186726
-0.0188688
-0.0190588
-0.0192424
-0.0194196
-0.0195904
-0.0197547
-0.0199123
-0.0200634
-0.0202078
-0.0203454
-0.0204763
-0.0206004
-0.0207176
-0.0208279
-0.0209313
-0.0210277
-0.0211171
-0.0211995
-0.0212748
-0.0213431
-0.0214042
-0.0214582
-0.021505
-0.0215447
-0.0215771
-0.0216024
-0.0216205
-0.0216314
-0.021635
-0.0216314
-0.0216206
-0.0216026
-0.0215774
-0.021545
-0.0215054
-0.0214586
-0.0214046
-0.0213435
-0.0212752
-0.0211999
-0.0211174
-0.0210279
-0.0209314
-0.0208279
-0.0207174
-0.0205999
-0.0204756
-0.0203444
-0.0202064
-0.0200617
-0.0199102
-0.019752
-0.0195873
-0.0194159
-0.0192381
-0.0190538
-0.0188631
-0.0186661
-0.0184629
-0.0182534
-0.0180378
-0.0178161
-0.0175885
-0.017355
-0.0171156
-0.0168704
-0.0166196
-0.0163632
-0.0161013
-0.015834
-0.0155613
-0.0152834
-0.0150003
-0.0147122
-0.0144191
-0.0141212
-0.0138184
-0.013511
-0.0131991
-0.0128826
-0.0125618
-0.0122368
-0.0119076
-0.0115744
-0.0112372
-0.0108962
-0.0105515
-0.0102032
-0.00985147
-0.00949635
-0.00913799
-0.00877651
-0.00841202
-0.00804464
-0.00767451
-0.00730173
-0.00692644
-0.00654875
-0.0061688
-0.00578671
-0.0054026
-0.00501661
-0.00462885
-0.00423947
-0.00384858
-0.00345632
-0.00306282
-0.00266821
-0.00227262
-0.00187618
-0.00147902
-0.00108128
-0.000683083
-0.000284566
0.000114139
0.0005129
0.000911585
0.00131006
0.00170819
0.00210585
0.0025029
0.00289922
0.00329466
0.0036891
0.00408241
0.00447445
0.0048651
0.00525422
0.00564169
0.00602737
0.00641114
0.00679286
0.00717242
0.00754968
0.00792452
0.00829682
0.00866644
0.00903327
0.00939719
0.00975806
0.0101158
0.0104702
0.0108212
0.0111688
0.0115127
0.0118528
0.0121891
0.0125214
0.0128496
0.0131736
0.0134934
0.0138087
0.0141195
0.0144256
0.0147271
0.0150237
0.0153154
0.0156021
0.0158836
0.0161599
0.0164309
0.0166966
0.0169567
0.0172112
0.0174601
0.0177033
0.0179406
0.018172
0.0183974
0.0186167
0.0188299
0.0190369
0.0192376
0.0194319
0.0196198
0.0198013
0.0199761
0.0201444
0.020306
0.0204609
0.0206091
0.0207504
0.0208848
0.0210123
0.0211328
0.0212464
0.0213529
0.0214523
0.0215446
0.0216297
0.0217077
0.0217784
0.0218419
0.0218981
0.0219471
0.0219888
0.0220231
0.0220501
0.0220698
0.0220822
0.0220871
0.0220848
0.022075
0.0220579
0.0220335
0.0220016
0.0219625
0.021916
0.0218622
0.0218011
0.0217327
0.021657
0.0215741
0.021484
0.0213867
0.0212822
0.0211706
0.0210519
0.0209262
0.0207934
0.0206537
0.020507
0.0203535
0.0201931
0.0200259
0.019852
0.0196714
0.0194842
0.0192904
0.0190902
0.0188835
0.0186704
0.018451
0.0182254
0.0179937
0.0177559
0.0175121
0.0172623
0.0170067
0.0167453
0.0164783
0.0162057
0.0159276
0.015644
0.0153552
0.0150611
0.0147619
0.0144576
0.0141484
0.0138344
0.0135157
0.0131923
0.0128644
0.0125321
0.0121955
0.0118547
0.0115098
0.011161
0.0108082
0.0104518
0.0100917
0.00972813
0.00936116
0.00899092
0.00861754
0.00824113
0.00786183
0.00747975
0.00709503
0.00670778
0.00631814
0.00592623
0.00553219
0.00513614
0.00473821
0.00433854
0.00393725
0.00353449
0.00313037
0.00272504
0.00231864
0.00191128
0.00150311
0.00109427
0.000684889
0.0002751
-0.000134959
-0.000545152
-0.000955342
-0.00136539
-0.00177517
-0.00218454
-0.00259336
-0.0030015
-0.00340882
-0.00381519
-0.00422048
-0.00462453
-0.00502723
-0.00542844
-0.00582803
-0.00622585
-0.00662178
-0.0070157
-0.00740745
-0.00779692
-0.00818397
-0.00856848
-0.00895032
-0.00932935
-0.00970545
-0.0100785
-0.0104484
-0.0108149
-0.0111781
-0.0115377
-0.0118936
-0.0122457
-0.0125939
-0.0129381
-0.0132782
-0.013614
-0.0139454
-0.0142724
-0.0145947
-0.0149124
-0.0152252
-0.0155332
-0.0158361
-0.0161339
-0.0164265
-0.0167137
-0.0169955
-0.0172718
-0.0175426
-0.0178076
-0.0180668
-0.0183201
-0.0185674
-0.0188087
-0.0190439
-0.0192729
-0.0194955
-0.0197118
-0.0199216
-0.0201249
-0.0203216
-0.0205117
-0.020695
-0.0208715
-0.0210412
-0.021204
-0.0213598
-0.0215086
-0.0216502
-0.0217848
-0.0219122
-0.0220323
-0.0221452
-0.0222508
-0.022349
-0.0224399
-0.0225233
-0.0225993
-0.0226678
-0.0227288
-0.0227823
-0.0228282
-0.0228665
-0.0228973
-0.0229204
-0.022936
-0.0229439
-0.0229442
-0.0229368
-0.0229218
-0.0228992
-0.022869
-0.0228311
-0.0227856
-0.0227325
-0.0226717
-0.0226035
-0.0225276
-0.0224442
-0.0223533
-0.0222549
-0.0221491
-0.0220358
-0.0219151
-0.021787
-0.0216517
-0.021509
-0.0213591
-0.021202
-0.0210378
-0.0208664
-0.020688
-0.0205026
-0.0203103
-0.0201111
-0.0199051
-0.0196924
-0.0194729
-0.0192469
-0.0190143
-0.0187752
-0.0185298
-0.018278
-0.01802
-0.0177558
-0.0174856
-0.0172094
-0.0169273
-0.0166393
-0.0163457
-0.0160464
-0.0157416
-0.0154314
-0.0151158
-0.014795
-0.0144691
-0.0141381
-0.0138022
-0.0134616
-0.0131162
-0.0127662
-0.0124118
-0.012053
-0.0116899
-0.0113227
-0.0109516
-0.0105765
-0.0101976
-0.00981516
-0.00942915
-0.00903975
-0.00864709
-0.00825128
-0.00785246
-0.00745076
-0.00704631
-0.00663924
-0.00622968
-0.00581777
-0.00540365
-0.00498744
-0.00456929
-0.00414933
-0.0037277
-0.00330454
-0.00287999
-0.00245418
-0.00202726
-0.00159937
-0.00117065
-0.000741231
-0.000311267
0.000119103
0.000549739
0.000980496
0.00141123
0.00184181
0.00227208
0.0027019
0.00313113
0.00355962
0.00398725
0.00441385
0.00483929
0.00526343
0.00568613
0.00610725
0.00652664
0.00694416
0.00735969
0.00777306
0.00818416
0.00859284
0.00899896
0.00940238
0.00980298
0.0102006
0.0105951
0.0109865
0.0113744
0.0117588
0.0121397
0.0125167
0.0128899
0.0132591
0.0136242
0.013985
0.0143414
0.0146933
0.0150406
0.0153831
0.0157208
0.0160535
0.0163812
0.0167036
0.0170207
0.0173324
0.0176386
0.0179391
0.0182339
0.0185229
0.0188059
0.0190829
0.0193537
0.0196183
0.0198766
0.0201285
0.0203738
0.0206126
0.0208447
0.02107
0.0212885
0.0215001
0.0217047
0.0219022
0.0220926
0.0222757
0.0224516
0.0226202
0.0227813
0.022935
0.0230812
0.0232198
0.0233507
0.023474
0.0235896
0.0236973
0.0237973
0.0238894
0.0239737
0.02405
0.0241183
0.0241786
0.024231
0.0242753
0.0243115
0.0243396
0.0243597
0.0243716
0.0243754
0.024371
0.0243586
0.0243379
0.0243092
0.0242723
0.0242272
0.024174
0.0241127
0.0240433
0.0239658
0.0238802
0.0237866
0.0236849
0.0235752
0.0234576
0.0233319
0.0231984
0.023057
0.0229078
0.0227508
0.022586
0.0224135
0.0222334
0.0220456
0.0218503
0.0216476
0.0214374
0.0212198
0.0209949
0.0207628
0.0205235
0.0202772
0.0200238
0.0197634
0.0194963
0.0192223
0.0189416
0.0186544
0.0183606
0.0180604
0.0177538
0.017441
0.0171221
0.0167971
0.0164662
0.0161295
0.015787
0.0154389
0.0150853
0.0147263
0.014362
0.0139926
0.0136181
0.0132387
0.0128544
0.0124655
0.0120721
0.0116742
0.011272
0.0108656
0.0104552
0.0100408
0.00962276
0.00920103
0.0087758
0.00834722
0.00791542
0.00748054
0.00704273
0.00660213
0.00615889
0.00571315
0.00526506
0.00481477
0.00436243
0.00390819
0.00345221
0.00299463
0.0025356
0.00207529
0.00161384
0.00115142
0.00068817
0.000224258
-0.000240163
-0.000704935
-0.0011699
-0.0016349
-0.00209977
-0.00256436
-0.00302851
-0.00349206
-0.00395484
-0.0044167
-0.00487748
-0.00533702
-0.00579515
-0.00625173
-0.00670658
-0.00715956
-0.00761049
-0.00805923
-0.00850561
-0.00894948
-0.00939068
-0.00982904
-0.0102644
-0.0106967
-0.0111256
-0.0115511
-0.011973
-0.0123911
-0.0128053
-0.0132155
-0.0136214
-0.014023
-0.0144201
-0.0148125
-0.0152001
-0.0155827
-0.0159603
-0.0163326
-0.0166995
-0.017061
-0.0174167
-0.0177667
-0.0181107
-0.0184487
-0.0187804
-0.0191059
-0.0194249
-0.0197372
-0.0200429
-0.0203418
-0.0206336
-0.0209184
-0.021196
-0.0214663
-0.0217291
-0.0219844
-0.022232
-0.0224718
-0.0227038
-0.0229278
-0.0231437
-0.0233514
-0.0235509
-0.0237419
-0.0239245
-0.0240985
-0.0242639
-0.0244205
-0.0245683
-0.0247072
-0.0248371
-0.0249579
-0.0250696
-0.025172
-0.0252652
-0.025349
-0.0254234
-0.0254883
-0.0255437
-0.0255895
-0.0256257
-0.0256521
-0.0256688
-0.0256757
-0.0256727
-0.0256599
-0.0256372
-0.0256045
-0.0255618
-0.0255091
-0.0254463
-0.0253735
-0.0252906
-0.0251976
-0.0250945
-0.0249812
-0.0248578
-0.0247243
-0.0245806
-0.0244267
-0.0242627
-0.0240885
-0.0239042
-0.0237098
-0.0235052
-0.0232906
-0.0230658
-0.022831
-0.0225862
-0.0223313
-0.0220665
-0.0217917
-0.021507
-0.0212125
-0.0209081
-0.0205939
-0.02027
-0.0199364
-0.0195932
-0.0192403
-0.018878
-0.0185062
-0.018125
-0.0177345
-0.0173347
-0.0169257
-0.0165076
-0.0160804
-0.0156443
-0.0151993
-0.0147455
-0.014283
-0.0138119
-0.0133322
-0.0128441
-0.0123477
-0.011843
-0.0113302
-0.0108094
-0.0102806
-0.00974398
-0.00919968
-0.00864777
-0.00808838
-0.00752162
-0.00694761
-0.00636648
-0.00577834
-0.00518332
-0.00458154
-0.00397314
-0.00335825
-0.00273699
-0.00210951
-0.00147593
-0.000836399
-0.000191052
0.00045997
0.00111652
0.00177846
0.00244565
0.00311793
0.00379515
0.00447718
0.00516384
0.00585501
0.00655051
0.0072502
0.00795392
0.00866151
0.00937281
0.0100877
0.0108059
0.0115274
0.012252
0.0129794
0.0137096
0.0144424
0.0151777
0.0159151
0.0166547
0.0173961
0.0181394
0.0188842
0.0196304
0.0203778
0.0211264
0.0218758
0.022626
0.0233768
0.024128
0.0248794
0.0256309
0.0263823
0.0271334
0.027884
0.0286341
0.0293833
0.0301317
0.0308789
0.0316248
0.0323693
0.0331122
0.0338533
0.0345925
0.0353295
0.0360643
0.0367967
0.0375264
0.0382534
0.0389775
0.0396985
0.0404163
0.0411307
0.0418415
0.0425487
0.043252
0.0439512
0.0446464
0.0453372
0.0460235
0.0467053
0.0473823
0.0480544
0.0487215
0.0493835
0.0500401
0.0506912
0.0513368
0.0519766
0.0526106
0.0532386
0.0538605
0.0544762
0.0550855
0.0556883
0.0562845
0.056874
0.0574567
0.0580324
0.058601
0.0591624
0.0597166
0.0602634
0.0608027
0.0613344
0.0618584
0.0623746
0.062883
0.0633833
0.0638756
0.0643598
0.0648357
0.0653034
0.0657626
0.0662134
0.0666556
0.0670893
0.0675142
0.0679304
0.0683378
0.0687364
0.069126
0.0695067
0.0698783
0.0702409
0.0705943
0.0709386
0.0712737
0.0715995
0.071916
0.0722233
0.0725212
0.0728098
0.0730889
0.0733587
0.073619
0.0738699
0.0741114
0.0743434
0.0745659
0.074779
0.0749826
0.0751768
0.0753615
0.0755367
0.0757025
0.0758589
0.0760059
0.0761435
0.0762718
0.0763907
0.0765004
0.0766007
0.0766919
0.0767738
0.0768466
0.0769102
0.0769648
0.0770104
0.077047
0.0770747
0.0770936
0.0771037
0.077105
0.0770977
0.0770818
0.0770573
0.0770244
0.0769832
0.0769336
0.0768759
0.07681
0.076736
0.0766541
0.0765643
0.0764668
0.0763616
0.0762488
0.0761286
0.0760009
0.0758661
0.075724
0.0755749
0.0754189
0.0752561
0.0750865
0.0749104
0.0747278
0.0745388
0.0743437
0.0741424
0.0739352
0.0737222
0.0735034
0.0732791
0.0730494
0.0728144
0.0725742
0.072329
0.0720789
0.0718241
0.0715648
0.071301
0.0710329
0.0707606
0.0704844
0.0702044
0.0699206
0.0696334
0.0693428
0.0690489
0.068752
0.0684522
0.0681497
0.0678446
0.0675371
0.0672273
0.0669155
0.0666017
0.0662861
0.065969
0.0656504
0.0653306
0.0650097
0.0646878
0.0643652
0.0640419
0.0637183
0.0633944
0.0630704
0.0627464
0.0624228
0.0620995
0.0617768
0.0614549
0.0611338
0.0608139
0.0604952
0.060178
0.0598623
0.0595484
0.0592364
0.0589265
0.0586188
0.0583136
0.0580109
0.057711
0.057414
0.0571201
0.0568293
0.056542
0.0562582
0.0559782
0.055702
0.0554298
0.0551618
0.0548981
0.0546389
0.0543843
0.0541345
0.0538896
0.0536498
0.0534153
0.0531861
0.0529624
0.0527443
0.0525321
0.0523258
0.0521255
0.0519315
0.0517437
0.0515625
0.0513878
0.0512198
0.0510587
0.0509046
0.0507575
0.0506177
0.0504852
0.0503601
0.0502425
0.0501327
0.0500306
0.0499363
0.0498501
0.049772
0.049702
0.0496403
0.049587
0.0495421
0.0495058
0.0494781
0.0494592
0.0494491
0.0494479
0.0494556
0.0494724
0.0494983
0.0495333
0.0495776
0.0496313
0.0496943
0.0497667
0.0498486
0.0499401
0.0500411
0.0501518
0.0502722
0.0504023
0.0505421
0.0506918
0.0508512
0.0510206
0.0511998
0.0513889
0.051588
0.051797
0.052016
0.052245
0.0524839
0.0527329
0.0529919
0.0532608
0.0535398
0.0538288
0.0541277
0.0544366
0.0547555
0.0550844
0.0554232
0.0557718
0.0561304
0.0564988
0.056877
0.0572651
0.0576629
0.0580703
0.0584875
0.0589143
0.0593507
0.0597966
0.0602519
0.0607167
0.0611908
0.0616743
0.0621669
0.0626688
0.0631797
0.0636996
0.0642285
0.0647662
0.0653128
0.065868
0.0664319
0.0670043
0.0675851
0.0681742
0.0687717
0.0693772
0.0699908
0.0706124
0.0712418
0.0718789
0.0725237
0.0731759
0.0738356
0.0745025
0.0751766
0.0758578
0.0765458
0.0772407
0.0779422
0.0786502
0.0793646
0.0800854
0.0808122
0.081545
0.0822838
0.0830282
0.0837782
0.0845336
0.0852943
0.0860602
0.0868311
0.0876067
0.0883871
0.0891721
0.0899614
0.0907549
0.0915525
0.092354
0.0931593
0.0939682
0.0947805
0.095596
0.0964147
0.0972363
0.0980607
0.0988876
0.0997171
0.100549
0.101383
0.102218
0.103056
0.103895
0.104735
0.105577
0.10642
0.107264
0.108108
0.108953
0.109798
0.110644
0.11149
0.112335
0.11318
0.114025
0.114869
0.115712
0.116554
0.117395
0.118235
0.119073
0.119909
0.120744
0.121576
0.122407
0.123234
0.12406
0.124882
0.125702
0.126519
0.127332
0.128142
0.128948
0.129751
0.130549
0.131344
0.132134
0.13292
0.133702
0.134479
0.135251
0.136018
0.136779
0.137536
0.138286
0.139032
0.139771
0.140505
0.141232
0.141953
0.142668
0.143377
0.144078
0.144773
0.145461
0.146142
0.146816
0.147483
0.148142
0.148793
0.149437
0.150073
0.150701
0.151321
0.151932
0.152536
0.153131
0.153718
0.154295
0.154865
0.155425
0.155977
0.156519
0.157052
0.157577
0.158092
0.158597
0.159093
0.159579
0.160056
0.160523
0.160981
0.161428
0.161866
0.162293
0.162711
0.163118
0.163515
0.163902
0.164279
0.164645
0.165001
0.165347
0.165682
0.166006
0.16632
0.166624
0.166917
0.167199
0.16747
0.167731
0.167981
0.168221
0.168449
0.168667
0.168874
0.169071
0.169256
0.169431
0.169595
0.169748
0.169891
0.170023
0.170144
0.170255
0.170354
0.170443
0.170522
0.17059
0.170647
0.170694
0.17073
0.170756
0.170772
0.170777
0.170772
0.170756
0.170731
0.170695
0.170649
0.170593
0.170527
0.170452
0.170366
0.170271
0.170166
0.170051
0.169927
0.169794
0.169651
0.169499
0.169338
0.169167
0.168988
0.1688
0.168603
0.168398
0.168184
0.167961
0.16773
0.167491
0.167244
0.166989
0.166726
0.166455
0.166177
0.165891
0.165598
0.165297
0.164989
0.164675
0.164353
0.164025
0.16369
0.163349
0.163001
0.162647
0.162288
0.161922
0.161551
0.161174
0.160792
0.160404
0.160012
0.159614
0.159212
0.158805
0.158393
0.157977
0.157557
0.157133
0.156705
0.156274
0.155839
0.155401
0.154959
0.154515
0.154067
0.153617
0.153165
0.15271
0.152253
0.151794
0.151333
0.150871
0.150407
0.149942
0.149476
0.149009
0.148541
0.148072
0.147603
0.147134
0.146665
0.146196
0.145727
0.145258
0.144791
0.144324
0.143858
0.143393
0.142929
0.142467
0.142007
0.141548
0.141092
0.140638
0.140186
0.139736
0.13929
0.138846
0.138405
0.137968
0.137533
0.137103
0.136676
0.136253
0.135834
0.135419
0.135008
0.134602
0.134201
0.133805
0.133413
0.133027
0.132646
0.13227
0.1319
0.131536
0.131177
0.130825
0.130479
0.130139
0.129805
0.129479
0.129159
0.128845
0.128539
0.12824
0.127948
0.127664
0.127387
0.127118
0.126857
0.126603
0.126358
0.12612
0.125891
0.12567
0.125458
0.125254
0.125059
0.124873
0.124696
0.124527
0.124368
0.124218
0.124077
0.123946
0.123824
0.123712
0.123609
0.123516
0.123432
0.123359
0.123295
0.123242
0.123198
0.123165
0.123142
0.123129
0.123127
0.123135
0.123153
0.123182
0.123221
0.123271
0.123331
0.123402
0.123484
0.123577
0.12368
0.123794
0.123919
0.124055
0.124201
0.124359
0.124527
0.124707
0.124897
0.125098
0.12531
0.125533
0.125767
0.126012
0.126268
0.126534
0.126812
0.1271
0.1274
0.12771
0.128031
0.128363
0.128706
0.129059
0.129423
0.129798
0.130183
0.130579
0.130986
0.131403
0.131831
0.132269
0.132717
0.133176
0.133645
0.134124
0.134613
0.135113
0.135622
0.136141
0.13667
0.137209
0.137758
0.138316
0.138884
0.139461
0.140048
0.140644
0.141249
0.141863
0.142487
0.143119
0.14376
0.14441
0.145068
0.145735
0.14641
0.147093
0.147785
0.148485
0.149192
0.149908
0.150631
0.151362
0.1521
0.152846
0.153598
0.154358
0.155125
0.155899
0.156679
0.157466
0.15826
0.159059
0.159865
0.160677
0.161495
0.162318
0.163147
0.163981
0.164821
0.165666
0.166516
0.16737
0.16823
0.169094
0.169962
0.170834
0.171711
0.172591
0.173476
0.174364
0.175255
0.176149
0.177047
0.177948
0.178851
0.179757
0.180666
0.181577
0.18249
0.183405
0.184321
0.18524
0.18616
0.187081
0.188003
0.188927
0.189851
0.190776
0.191701
0.192627
0.193552
0.194478
0.195404
0.196329
0.197253
0.198177
0.1991
0.200022
0.200943
0.201862
0.20278
0.203696
0.204611
0.205523
0.206433
0.207341
0.208246
0.209148
0.210048
0.210944
0.211838
0.212728
0.213614
0.214497
0.215376
0.216251
0.217122
0.217988
0.21885
0.219708
0.220561
0.221408
0.222251
0.223088
0.22392
0.224747
0.225568
0.226382
0.227191
0.227994
0.228791
0.229581
0.230365
0.231141
0.231912
0.232675
0.233431
0.234179
0.234921
0.235654
0.236381
0.237099
0.23781
0.238512
0.239206
0.239892
0.24057
0.241239
0.2419
0.242551
0.243194
0.243828
0.244453
0.245068
0.245675
0.246271
0.246859
0.247436
0.248004
0.248562
0.24911
0.249648
0.250176
0.250694
0.251202
0.251699
0.252185
0.252661
0.253126
0.253581
0.254025
0.254458
0.25488
0.25529
0.25569
0.256079
0.256456
0.256822
0.257176
0.25752
0.257851
0.258171
0.25848
0.258776
0.259061
0.259335
0.259596
0.259845
0.260083
0.260309
0.260522
0.260724
0.260913
0.261091
0.261256
0.261409
0.26155
0.261678
0.261795
0.261899
0.261991
0.26207
0.262137
0.262192
0.262234
0.262264
0.262282
0.262287
0.26228
0.26226
0.262228
0.262184
0.262127
0.262058
0.261976
0.261882
0.261776
0.261657
0.261526
0.261383
0.261227
0.261059
0.260879
0.260686
0.260482
0.260265
0.260035
0.259794
0.259541
0.259275
0.258998
0.258708
0.258406
0.258093
0.257767
0.25743
0.257081
0.25672
0.256347
0.255963
0.255567
0.25516
0.254741
0.25431
0.253868
0.253415
0.252951
0.252475
0.251988
0.25149
0.250981
0.250461
0.24993
0.249388
0.248835
0.248272
0.247698
0.247113
0.246518
0.245913
0.245297
0.244671
0.244035
0.243389
0.242732
0.242066
0.24139
0.240704
0.240008
0.239303
0.238588
0.237864
0.23713
0.236388
0.235636
0.234875
0.234105
0.233326
0.232538
0.231742
0.230937
0.230123
0.229301
0.228471
0.227632
0.226786
0.225931
0.225069
0.224198
0.22332
0.222434
0.221541
0.22064
0.219732
0.218817
0.217895
0.216965
0.216029
0.215086
0.214136
0.21318
0.212217
0.211248
0.210272
0.209291
0.208303
0.207309
0.206309
0.205304
0.204293
0.203277
0.202255
0.201228
0.200195
0.199158
0.198115
0.197068
0.196016
0.194959
0.193898
0.192832
0.191762
0.190687
0.189609
0.188526
0.18744
0.186349
0.185255
0.184158
0.183057
0.181952
0.180845
0.179734
0.17862
0.177503
0.176383
0.175261
0.174136
0.173008
0.171878
0.170746
0.169611
0.168475
0.167336
0.166196
0.165053
0.163909
0.162763
0.161616
0.160468
0.159318
0.158167
0.157015
0.155862
0.154708
0.153553
0.152397
0.151241
0.150084
0.148927
0.14777
0.146612
0.145455
0.144297
0.143139
0.141982
0.140825
0.139668
0.138511
0.137355
0.1362
0.135045
0.133892
0.132739
0.131587
0.130436
0.129286
0.128138
0.12699
0.125844
0.1247
0.123557
0.122416
0.121277
0.120139
0.119004
0.11787
0.116738
0.115609
0.114482
0.113357
0.112234
0.111114
0.109996
0.108881
0.107769
0.106659
0.105552
0.104448
0.103347
0.102249
0.101154
0.100063
0.0989741
0.0978889
0.0968071
0.0957287
0.0946538
0.0935824
0.0925147
0.0914506
0.0903903
0.0893338
0.0882812
0.0872325
0.0861878
0.0851472
0.0841107
0.0830783
0.0820501
0.0810263
0.0800067
0.0789916
0.0779808
0.0769746
0.0759729
0.0749758
0.0739834
0.0729956
0.0720126
0.0710344
0.070061
0.0690925
0.068129
0.0671704
0.0662169
0.0652684
0.064325
0.0633868
0.0624537
0.061526
0.0606034
0.0596863
0.0587744
0.057868
0.056967
0.0560714
0.0551814
0.0542969
0.053418
0.0525446
0.051677
0.050815
0.0499587
0.0491082
0.0482634
0.0474244
0.0465913
0.045764
0.0449426
0.0441271
0.0433175
0.0425139
0.0417163
0.0409248
0.0401392
0.0393598
0.0385864
0.0378191
0.0370579
0.0363029
0.0355541
0.0348115
0.034075
0.0333448
0.0326209
0.0319032
0.0311917
0.0304866
0.0297878
0.0290953
0.0284091
0.0277293
0.0270558
0.0263887
0.025728
0.0250737
0.0244258
0.0237843
0.0231492
0.0225206
0.0218984
0.0212826
0.0206733
0.0200704
0.019474
0.0188841
0.0183006
0.0177236
0.0171531
0.016589
0.0160315
0.0154804
0.0149357
0.0143976
0.013866
0.0133408
0.0128221
0.0123098
0.0118041
0.0113048
0.0108119
0.0103255
0.00984557
0.00937207
0.00890501
0.00844437
0.00799016
0.00754236
0.00710096
0.00666596
0.00623734
0.00581509
0.0053992
0.00498967
0.00458647
0.0041896
0.00379904
0.00341478
0.0030368
0.00266509
0.00229964
0.00194042
0.00158742
0.00124062
0.000900006
0.00056556
0.000237263
-8.49055e-05
-0.000400965
-0.000710936
-0.00101484
-0.0013127
-0.00160453
-0.00189036
-0.00217021
-0.0024441
-0.00271207
-0.00297413
-0.0032303
-0.00348062
-0.0037251
-0.00396379
-0.00419669
-0.00442385
-0.00464528
-0.00486102
-0.00507109
-0.00527553
-0.00547437
-0.00566763
-0.00585534
-0.00603754
-0.00621427
-0.00638554
-0.0065514
-0.00671187
-0.006867
-0.00701681
-0.00716134
-0.00730062
-0.00743469
-0.00756359
-0.00768735
-0.00780601
-0.00791961
-0.00802818
-0.00813176
-0.0082304
-0.00832412
-0.00841297
-0.00849698
-0.00857621
-0.00865069
-0.00872045
-0.00878555
-0.00884601
-0.0089019
-0.00895324
-0.00900008
-0.00904246
-0.00908043
-0.00911403
-0.00914331
-0.0091683
-0.00918907
-0.00920564
-0.00921806
-0.00922639
-0.00923067
-0.00923094
-0.00922725
-0.00921966
-0.0092082
-0.00919292
-0.00917388
-0.00915112
-0.00912469
-0.00909463
-0.00906101
-0.00902387
-0.00898325
-0.00893921
-0.0088918
-0.00884107
-0.00878707
-0.00872985
-0.00866946
-0.00860595
-0.00853938
-0.0084698
-0.00839726
-0.00832181
-0.0082435
-0.00816239
-0.00807853
-0.00799197
-0.00790277
-0.00781098
-0.00771665
-0.00761983
-0.00752059
-0.00741896
-0.00731502
-0.0072088
-0.00710037
-0.00698978
-0.00687709
-0.00676234
-0.00664559
-0.0065269
-0.00640632
-0.0062839
-0.0061597
-0.00603378
-0.00590619
-0.00577698
-0.0056462
-0.00551392
-0.00538019
-0.00524505
-0.00510857
-0.0049708
-0.0048318
-0.00469161
-0.00455029
-0.0044079
-0.00426449
-0.00412011
-0.00397482
-0.00382866
-0.00368171
-0.003534
-0.00338559
-0.00323653
-0.00308688
-0.00293669
-0.00278601
-0.0026349
-0.00248339
-0.00233156
-0.00217944
-0.0020271
-0.00187457
-0.00172192
-0.00156919
-0.00141644
-0.0012637
-0.00111104
-0.000958501
-0.000806133
-0.000653984
-0.000502105
-0.000350542
-0.000199344
-4.85573e-05
0.00010177
0.000251591
0.000400861
0.000549531
0.000697559
0.000844897
0.000991501
0.00113733
0.00128233
0.00142647
0.0015697
0.00171198
0.00185327
0.00199352
0.00213269
0.00227075
0.00240765
0.00254335
0.00267782
0.00281101
0.00294289
0.00307342
0.00320256
0.00333028
0.00345654
0.0035813
0.00370453
0.0038262
0.00394627
0.00406471
0.00418148
0.00429655
0.0044099
0.00452149
0.0046313
0.00473928
0.00484542
0.00494968
0.00505204
0.00515247
0.00525095
0.00534744
0.00544193
0.00553439
0.00562479
0.00571312
0.00579935
0.00588345
0.00596541
0.00604521
0.00612283
0.00619825
0.00627145
0.00634241
0.00641112
0.00647757
0.00654172
0.00660358
0.00666313
0.00672034
0.00677523
0.00682776
0.00687793
0.00692573
0.00697114
0.00701417
0.0070548
0.00709303
0.00712884
0.00716224
0.00719321
0.00722176
0.00724788
0.00727156
0.00729281
0.00731162
0.00732799
0.00734192
0.00735342
0.00736248
0.00736911
0.00737331
0.00737508
0.00737442
0.00737135
0.00736587
0.00735799
0.0073477
0.00733503
0.00731997
0.00730254
0.00728275
0.00726061
0.00723612
0.00720931
0.00718019
0.00714876
0.00711505
0.00707906
0.00704082
0.00700033
0.00695762
0.00691271
0.0068656
0.00681632
0.0067649
0.00671134
0.00665567
0.00659792
0.00653809
0.00647622
0.00641233
0.00634644
0.00627858
0.00620876
0.00613703
0.00606339
0.00598788
0.00591053
0.00583135
0.00575039
0.00566767
0.00558321
0.00549705
0.00540922
0.00531974
0.00522865
0.00513598
0.00504176
0.00494603
0.00484881
0.00475014
0.00465005
0.00454858
0.00444576
0.00434162
0.0042362
0.00412954
0.00402167
0.00391262
0.00380244
0.00369115
0.00357881
0.00346544
0.00335108
0.00323576
0.00311954
0.00300244
0.0028845
0.00276577
0.00264627
0.00252606
0.00240517
0.00228364
0.0021615
0.0020388
0.00191559
0.00179189
0.00166775
0.0015432
0.0014183
0.00129307
0.00116757
0.00104183
0.000915883
0.000789781
0.000663561
0.000537264
0.00041093
0.0002846
0.000158314
3.21121e-05
-9.39643e-05
-0.000219875
-0.000345581
-0.000471041
-0.000596214
-0.000721063
-0.000845545
-0.000969623
-0.00109326
-0.00121641
-0.00133903
-0.0014611
-0.00158256
-0.00170338
-0.00182353
-0.00194296
-0.00206164
-0.00217953
-0.00229659
-0.00241278
-0.00252808
-0.00264243
-0.00275582
-0.00286819
-0.00297951
-0.00308976
-0.00319889
-0.00330688
-0.00341368
-0.00351926
-0.0036236
-0.00372666
-0.0038284
-0.00392879
-0.00402781
-0.00412542
-0.00422159
-0.00431629
-0.00440949
-0.00450117
-0.00459129
-0.00467983
-0.00476676
-0.00485205
-0.00493567
-0.00501761
-0.00509783
-0.00517631
-0.00525303
-0.00532796
-0.00540108
-0.00547237
-0.0055418
-0.00560935
-0.00567501
-0.00573875
-0.00580056
-0.00586041
-0.00591829
-0.00597417
-0.00602806
-0.00607991
-0.00612973
-0.0061775
-0.00622319
-0.00626681
-0.00630833
-0.00634774
-0.00638504
-0.0064202
-0.00645323
-0.00648411
-0.00651283
-0.00653939
-0.00656377
-0.00658598
-0.006606
-0.00662382
-0.00663946
-0.00665289
-0.00666412
-0.00667315
-0.00667997
-0.00668458
-0.00668698
-0.00668718
-0.00668517
-0.00668096
-0.00667454
-0.00666593
-0.00665512
-0.00664212
-0.00662693
-0.00660957
-0.00659003
-0.00656833
-0.00654447
-0.00651847
-0.00649032
-0.00646005
-0.00642766
-0.00639316
-0.00635657
-0.0063179
-0.00627716
-0.00623437
-0.00618954
-0.00614269
-0.00609384
-0.00604299
-0.00599017
-0.00593539
-0.00587869
-0.00582006
-0.00575954
-0.00569714
-0.00563289
-0.00556681
-0.00549891
-0.00542923
-0.00535778
-0.0052846
-0.00520969
-0.0051331
-0.00505485
-0.00497495
-0.00489345
-0.00481035
-0.00472571
-0.00463953
-0.00455186
-0.00446271
-0.00437212
-0.00428013
-0.00418675
-0.00409202
-0.00399598
-0.00389865
-0.00380007
-0.00370026
-0.00359927
-0.00349713
-0.00339386
-0.00328951
-0.00318411
-0.00307769
-0.00297029
-0.00286194
-0.00275268
-0.00264255
-0.00253158
-0.00241981
-0.00230728
-0.00219402
-0.00208006
-0.00196546
-0.00185024
-0.00173445
-0.00161811
-0.00150128
-0.00138398
-0.00126626
-0.00114816
-0.00102971
-0.000910956
-0.000791933
-0.000672681
-0.000553241
-0.00043365
-0.000313949
-0.000194177
-7.43723e-05
4.5425e-05
0.000165176
0.00028484
0.00040438
0.000523755
0.000642927
0.000761856
0.000880503
0.00099883
0.0011168
0.00123437
0.0013515
0.00146816
0.0015843
0.0016999
0.0018149
0.00192928
0.00204299
0.002156
0.00226828
0.00237978
0.00249047
0.00260031
0.00270926
0.0028173
0.00292438
0.00303047
0.00313554
0.00323955
0.00334246
0.00344425
0.00354488
0.00364432
0.00374253
0.00383949
0.00393516
0.0040295
0.0041225
0.00421412
0.00430432
0.00439309
0.00448038
0.00456618
0.00465045
0.00473317
0.00481431
0.00489384
0.00497174
0.00504798
0.00512254
0.00519539
0.00526651
0.00533588
0.00540347
0.00546926
0.00553324
0.00559537
0.00565564
0.00571404
0.00577053
0.00582511
0.00587775
0.00592844
0.00597716
0.0060239
0.00606864
0.00611137
0.00615207
0.00619073
0.00622733
0.00626187
0.00629434
0.00632472
0.006353
0.00637918
0.00640325
0.0064252
0.00644501
0.0064627
0.00647825
0.00649165
0.0065029
0.00651201
0.00651896
0.00652375
0.00652639
0.00652687
0.00652519
0.00652135
0.00651536
0.00650722
0.00649692
0.00648448
0.0064699
0.00645319
0.00643434
0.00641336
0.00639028
0.00636508
0.00633778
0.00630839
0.00627692
0.00624338
0.00620778
0.00617013
0.00613045
0.00608875
0.00604505
0.00599935
0.00595167
0.00590204
0.00585046
0.00579695
0.00574154
0.00568423
0.00562506
0.00556403
0.00550118
0.00543651
0.00537006
0.00530184
0.00523188
0.0051602
0.00508683
0.00501179
0.0049351
0.00485679
0.00477688
0.00469541
0.0046124
0.00452788
0.00444187
0.00435441
0.00426552
0.00417524
0.00408358
0.0039906
0.00389631
0.00380074
0.00370393
0.00360592
0.00350673
0.00340639
0.00330494
0.00320242
0.00309886
0.00299429
0.00288874
0.00278226
0.00267487
0.00256662
0.00245754
0.00234766
0.00223702
0.00212567
0.00201363
0.00190094
0.00178765
0.00167378
0.00155938
0.00144449
0.00132913
0.00121336
0.00109721
0.000980718
0.000863921
0.000746861
0.000629575
0.000512103
0.000394483
0.000276756
0.00015896
4.11339e-05
-7.66826e-05
-0.00019445
-0.000312131
-0.000429684
-0.000547071
-0.000664254
-0.000781192
-0.000897847
-0.00101418
-0.00113016
-0.00124573
-0.00136087
-0.00147553
-0.00158968
-0.00170328
-0.00181628
-0.00192866
-0.00204038
-0.0021514
-0.00226167
-0.00237118
-0.00247987
-0.00258771
-0.00269467
-0.00280071
-0.0029058
-0.0030099
-0.00311298
-0.00321499
-0.00331592
-0.00341572
-0.00351436
-0.00361181
-0.00370804
-0.00380302
-0.0038967
-0.00398907
-0.00408009
-0.00416973
-0.00425796
-0.00434475
-0.00443008
-0.00451391
-0.00459621
-0.00467697
-0.00475615
-0.00483373
-0.00490967
-0.00498397
-0.00505658
-0.00512749
-0.00519667
-0.0052641
-0.00532976
-0.00539363
-0.00545568
-0.0055159
-0.00557426
-0.00563074
-0.00568533
-0.00573801
-0.00578876
-0.00583757
-0.00588441
-0.00592927
-0.00597214
-0.006013
-0.00605185
-0.00608865
-0.00612342
-0.00615612
-0.00618676
-0.00621532
-0.00624179
-0.00626617
-0.00628844
-0.0063086
-0.00632665
-0.00634256
-0.00635635
-0.00636801
-0.00637752
-0.0063849
-0.00639013
-0.00639322
-0.00639416
-0.00639296
-0.00638961
-0.00638411
-0.00637647
-0.0063667
-0.00635478
-0.00634074
-0.00632456
-0.00630627
-0.00628586
-0.00626333
-0.00623871
-0.00621199
-0.00618319
-0.00615232
-0.00611938
-0.00608438
-0.00604735
-0.00600829
-0.00596721
-0.00592412
-0.00587905
-0.00583201
-0.00578301
-0.00573207
-0.00567921
-0.00562444
-0.00556778
-0.00550926
-0.00544889
-0.00538668
-0.00532267
-0.00525688
-0.00518932
-0.00512001
-0.00504899
-0.00497628
-0.00490189
-0.00482586
-0.0047482
-0.00466896
-0.00458814
-0.00450579
-0.00442192
-0.00433657
-0.00424976
-0.00416152
-0.00407189
-0.00398089
-0.00388855
-0.0037949
-0.00369998
-0.00360381
-0.00350643
-0.00340788
-0.00330818
-0.00320736
-0.00310547
-0.00300253
-0.00289858
-0.00279366
-0.00268779
-0.00258102
-0.00247339
-0.00236491
-0.00225564
-0.00214561
-0.00203486
-0.00192342
-0.00181133
-0.00169863
-0.00158535
-0.00147154
-0.00135723
-0.00124246
-0.00112727
-0.00101169
-0.000895769
-0.000779543
-0.00066305
-0.000546328
-0.000429418
-0.000312358
-0.000195188
-7.79458e-05
3.93285e-05
0.000156596
0.000273817
0.000390953
0.000507964
0.000624811
0.000741456
0.000857859
0.000973981
0.00108978
0.00120523
0.00132027
0.00143489
0.00154902
0.00166265
0.00177573
0.00188821
0.00200008
0.00211128
0.00222178
0.00233154
0.00244053
0.00254871
0.00265604
0.00276249
0.00286802
0.0029726
0.00307619
0.00317875
0.00328026
0.00338068
0.00347997
0.00357811
0.00367505
0.00377078
0.00386524
0.00395842
0.00405028
0.00414079
0.00422992
0.00431764
0.00440393
0.00448874
0.00457206
0.00465386
0.00473411
0.00481277
0.00488984
0.00496527
0.00503905
0.00511114
0.00518154
0.0052502
0.00531712
0.00538226
0.0054456
0.00550713
0.00556682
0.00562466
0.00568062
0.00573468
0.00578683
0.00583705
0.00588532
0.00593163
0.00597596
0.0060183
0.00605862
0.00609693
0.0061332
0.00616742
0.00619959
0.00622968
0.0062577
0.00628362
0.00630745
0.00632918
0.00634879
0.00636628
0.00638165
0.00639489
0.00640599
0.00641495
0.00642177
0.00642645
0.00642898
0.00642937
0.0064276
0.0064237
0.00641764
0.00640945
0.00639911
0.00638664
0.00637203
0.0063553
0.00633645
0.00631547
0.00629239
0.00626721
0.00623994
0.00621058
0.00617915
0.00614565
0.0061101
0.00607252
0.0060329
0.00599127
0.00594764
0.00590202
0.00585443
0.00580488
0.0057534
0.00569999
0.00564469
0.00558749
0.00552843
0.00546753
0.0054048
0.00534026
0.00527394
0.00520586
0.00513604
0.0050645
0.00499128
0.00491638
0.00483985
0.0047617
0.00468196
0.00460065
0.00451781
0.00443346
0.00434764
0.00426036
0.00417165
0.00408156
0.0039901
0.00389731
0.00380322
0.00370786
0.00361126
0.00351346
0.00341448
0.00331437
0.00321315
0.00311085
0.00300752
0.00290319
0.00279789
0.00269165
0.00258452
0.00247652
0.0023677
0.00225809
0.00214773
0.00203665
0.0019249
0.0018125
0.0016995
0.00158593
0.00147184
0.00135726
0.00124222
0.00112678
0.00101096
0.000894802
0.000778351
0.000661642
0.000544716
0.00042761
0.000310364
0.000193018
7.56104e-05
-4.18191e-05
-0.000159231
-0.000276587
-0.000393846
-0.000510971
-0.000627921
-0.000744657
-0.000861141
-0.000977333
-0.00109319
-0.00120869
-0.00132377
-0.00143841
-0.00155256
-0.00166619
-0.00177926
-0.00189173
-0.00200356
-0.00211472
-0.00222517
-0.00233487
-0.00244378
-0.00255187
-0.00265911
-0.00276545
-0.00287086
-0.0029753
-0.00307875
-0.00318116
-0.00328251
-0.00338275
-0.00348185
-0.00357979
-0.00367652
-0.00377202
-0.00386625
-0.00395919
-0.00405079
-0.00414104
-0.0042299
-0.00431733
-0.00440332
-0.00448783
-0.00457083
-0.0046523
-0.0047322
-0.00481052
-0.00488723
-0.00496229
-0.00503569
-0.0051074
-0.00517739
-0.00524565
-0.00531215
-0.00537686
-0.00543977
-0.00550086
-0.0055601
-0.00561747
-0.00567296
-0.00572655
-0.00577822
-0.00582794
-0.00587571
-0.00592151
-0.00596533
-0.00600714
-0.00604693
-0.0060847
-0.00612043
-0.0061541
-0.00618571
-0.00621524
-0.00624269
-0.00626804
-0.00629129
-0.00631243
-0.00633146
-0.00634835
-0.00636312
-0.00637576
-0.00638625
-0.0063946
-0.00640081
-0.00640487
-0.00640678
-0.00640654
-0.00640415
-0.00639962
-0.00639293
-0.0063841
-0.00637313
-0.00636003
-0.00634478
-0.00632741
-0.00630792
-0.00628631
-0.00626259
-0.00623677
-0.00620886
-0.00617886
-0.00614679
-0.00611266
-0.00607648
-0.00603826
-0.00599801
-0.00595575
-0.00591149
-0.00586525
-0.00581704
-0.00576688
-0.00571479
-0.00566077
-0.00560486
-0.00554706
-0.00548741
-0.00542591
-0.00536259
-0.00529747
-0.00523058
-0.00516193
-0.00509154
-0.00501945
-0.00494567
-0.00487024
-0.00479316
-0.00471448
-0.00463422
-0.0045524
-0.00446906
-0.00438421
-0.00429789
-0.00421013
-0.00412095
-0.00403039
-0.00393848
-0.00384525
-0.00375072
-0.00365494
-0.00355793
-0.00345972
-0.00336035
-0.00325985
-0.00315826
-0.00305561
-0.00295193
-0.00284726
-0.00274163
-0.00263508
-0.00252764
-0.00241936
-0.00231026
-0.00220038
-0.00208977
-0.00197845
-0.00186647
-0.00175386
-0.00164066
-0.0015269
-0.00141264
-0.00129789
-0.00118271
-0.00106713
-0.000951194
-0.000834933
-0.00071839
-0.000601604
-0.000484614
-0.00036746
-0.00025018
-0.000132813
-1.53999e-05
0.000102021
0.00021941
0.000336727
0.000453934
0.000570991
0.00068786
0.000804499
0.000920872
0.00103694
0.00115266
0.001268
0.00138291
0.00149736
0.00161132
0.00172473
0.00183757
0.0019498
0.00206137
0.00217226
0.00228242
0.00239182
0.00250041
0.00260818
0.00271507
0.00282105
0.00292609
0.00303015
0.0031332
0.0032352
0.00333611
0.00343591
0.00353457
0.00363203
0.00372829
0.0038233
0.00391702
0.00400944
0.00410051
0.00419022
0.00427852
0.00436539
0.00445079
0.00453471
0.00461711
0.00469797
0.00477725
0.00485493
0.00493099
0.0050054
0.00507813
0.00514916
0.00521847
0.00528603
0.00535182
0.00541582
0.00547801
0.00553837
0.00559686
0.00565349
0.00570822
0.00576104
0.00581194
0.00586088
0.00590787
0.00595287
0.00599589
0.00603689
0.00607588
0.00611283
0.00614773
0.00618058
0.00621135
0.00624005
0.00626666
0.00629116
0.00631357
0.00633386
0.00635202
0.00636806
0.00638197
0.00639374
0.00640337
0.00641086
0.0064162
0.00641939
0.00642044
0.00641933
0.00641607
0.00641067
0.00640312
0.00639342
0.00638159
0.00636761
0.00635151
0.00633328
0.00631293
0.00629046
0.00626589
0.00623922
0.00621047
0.00617963
0.00614672
0.00611176
0.00607475
0.00603571
0.00599465
0.00595157
0.00590651
0.00585947
0.00581047
0.00575952
0.00570665
0.00565186
0.00559519
0.00553664
0.00547624
0.005414
0.00534995
0.00528411
0.00521651
0.00514716
0.00507608
0.00500331
0.00492886
0.00485276
0.00477504
0.00469572
0.00461483
0.0045324
0.00444845
0.00436301
0.00427611
0.00418778
0.00409805
0.00400695
0.00391451
0.00382076
0.00372573
0.00362945
0.00353197
0.0034333
0.00333348
0.00323255
0.00313054
0.00302748
0.00292341
0.00281836
0.00271237
0.00260548
0.00249771
0.00238911
0.00227971
0.00216956
0.00205867
0.0019471
0.00183488
0.00172205
0.00160865
0.0014947
0.00138026
0.00126536
0.00115004
0.00103434
0.000918292
0.000801941
0.000685323
0.000568478
0.000451446
0.000334266
0.000216976
9.96171e-05
-1.77725e-05
-0.000135153
-0.000252486
-0.000369731
-0.000486848
-0.0006038
-0.000720547
-0.000837049
-0.000953267
-0.00106916
-0.0011847
-0.00129983
-0.00141453
-0.00152875
-0.00164245
-0.0017556
-0.00186816
-0.00198009
-0.00209136
-0.00220192
-0.00231174
-0.00242078
-0.002529
-0.00263638
-0.00274287
-0.00284844
-0.00295305
-0.00305667
-0.00315926
-0.00326079
-0.00336123
-0.00346053
-0.00355867
-0.00365562
-0.00375134
-0.0038458
-0.00393897
-0.00403082
-0.00412131
-0.00421042
-0.00429811
-0.00438436
-0.00446914
-0.00455242
-0.00463417
-0.00471437
-0.00479298
-0.00486999
-0.00494536
-0.00501907
-0.0050911
-0.00516142
-0.00523001
-0.00529684
-0.00536189
-0.00542515
-0.00548658
-0.00554618
-0.00560391
-0.00565977
-0.00571372
-0.00576576
-0.00581587
-0.00586402
-0.00591021
-0.00595441
-0.00599662
-0.00603682
-0.00607499
-0.00611112
-0.00614521
-0.00617723
-0.00620718
-0.00623506
-0.00626084
-0.00628452
-0.00630609
-0.00632555
-0.00634289
-0.0063581
-0.00637118
-0.00638212
-0.00639093
-0.00639759
-0.00640211
-0.00640448
-0.0064047
-0.00640278
-0.00639871
-0.00639249
-0.00638414
-0.00637364
-0.00636101
-0.00634624
-0.00632935
-0.00631034
-0.00628921
-0.00626597
-0.00624064
-0.00621321
-0.0061837
-0.00615212
-0.00611848
-0.00608279
-0.00604505
-0.0060053
-0.00596353
-0.00591976
-0.00587402
-0.0058263
-0.00577663
-0.00572503
-0.0056715
-0.00561608
-0.00555878
-0.00549962
-0.00543861
-0.00537578
-0.00531115
-0.00524475
-0.00517658
-0.00510669
-0.00503508
-0.00496179
-0.00488683
-0.00481024
-0.00473204
-0.00465226
-0.00457092
-0.00448805
-0.00440367
-0.00431782
-0.00423053
-0.00414182
-0.00405173
-0.00396028
-0.0038675
-0.00377344
-0.0036781
-0.00358154
-0.00348378
-0.00338486
-0.0032848
-0.00318365
-0.00308143
-0.00297818
-0.00287393
-0.00276873
-0.0026626
-0.00255558
-0.0024477
-0.00233901
-0.00222954
-0.00211932
-0.0020084
-0.0018968
-0.00178458
-0.00167176
-0.00155838
-0.00144448
-0.0013301
-0.00121528
-0.00110005
-0.000984459
-0.000868541
-0.000752334
-0.000635879
-0.000519214
-0.000402378
-0.00028541
-0.00016835
-5.12374e-05
6.58895e-05
0.000182991
0.000300028
0.000416961
0.000533751
0.000650359
0.000766746
0.000882872
0.000998699
0.00111419
0.0012293
0.001344
0.00145824
0.00157199
0.00168521
0.00179787
0.00190991
0.00202132
0.00213204
0.00224205
0.0023513
0.00245976
0.00256739
0.00267416
0.00278003
0.00288497
0.00298893
0.00309189
0.00319381
0.00329466
0.0033944
0.003493
0.00359043
0.00368665
0.00378163
0.00387534
0.00396775
0.00405883
0.00414855
0.00423687
0.00432377
0.00440922
0.00449318
0.00457564
0.00465657
0.00473593
0.0048137
0.00488986
0.00496437
0.00503722
0.00510838
0.00517783
0.00524554
0.00531149
0.00537565
0.00543802
0.00549856
0.00555725
0.00561408
0.00566903
0.00572208
0.00577321
0.0058224
0.00586964
0.00591491
0.0059582
0.00599949
0.00603877
0.00607602
0.00611124
0.00614441
0.00617552
0.00620456
0.00623152
0.00625639
0.00627916
0.00629983
0.00631839
0.00633483
0.00634914
0.00636133
0.00637139
0.00637932
0.0063851
0.00638875
0.00639025
0.00638962
0.00638684
0.00638193
0.00637487
0.00636569
0.00635436
0.00634092
0.00632534
0.00630765
0.00628785
0.00626594
0.00624193
0.00621584
0.00618766
0.00615741
0.00612509
0.00609073
0.00605433
0.0060159
0.00597546
0.00593302
0.00588859
0.00584219
0.00579384
0.00574354
0.00569133
0.00563721
0.00558121
0.00552333
0.00546361
0.00540206
0.00533871
0.00527357
0.00520666
0.00513802
0.00506766
0.0049956
0.00492187
0.00484649
0.0047695
0.00469091
0.00461075
0.00452906
0.00444585
0.00436115
0.004275
0.00418741
0.00409843
0.00400808
0.0039164
0.0038234
0.00372913
0.00363361
0.00353688
0.00343897
0.00333991
0.00323974
0.00313849
0.00303619
0.00293288
0.00282859
0.00272336
0.00261722
0.00251022
0.00240237
0.00229373
0.00218432
0.00207418
0.00196336
0.00185188
0.00173979
0.00162712
0.00151392
0.00140021
0.00128604
0.00117144
0.00105645
0.000941122
0.00082548
0.000709568
0.000593424
0.000477087
0.000360596
0.000243991
0.000127309
1.05916e-05
-0.000106124
-0.000222797
-0.00033939
-0.000455864
-0.000572178
-0.000688294
-0.000804174
-0.000919779
-0.00103507
-0.00115001
-0.00126455
-0.00137867
-0.00149232
-0.00160546
-0.00171806
-0.00183007
-0.00194147
-0.00205221
-0.00216226
-0.00227157
-0.00238012
-0.00248787
-0.00259478
-0.00270081
-0.00280593
-0.0029101
-0.0030133
-0.00311548
-0.00321661
-0.00331665
-0.00341558
-0.00351336
-0.00360996
-0.00370534
-0.00379948
-0.00389234
-0.00398389
-0.00407409
-0.00416293
-0.00425037
-0.00433638
-0.00442093
-0.004504
-0.00458555
-0.00466556
-0.004744
-0.00482085
-0.00489608
-0.00496966
-0.00504158
-0.0051118
-0.00518031
-0.00524707
-0.00531207
-0.00537529
-0.00543671
-0.0054963
-0.00555404
-0.00560992
-0.00566392
-0.00571602
-0.0057662
-0.00581444
-0.00586073
-0.00590506
-0.0059474
-0.00598775
-0.00602609
-0.00606241
-0.0060967
-0.00612894
-0.00615912
-0.00618724
-0.00621329
-0.00623725
-0.00625912
-0.00627889
-0.00629656
-0.00631211
-0.00632555
-0.00633687
-0.00634606
-0.00635313
-0.00635807
-0.00636088
-0.00636155
-0.0063601
-0.00635651
-0.0063508
-0.00634295
-0.00633298
-0.00632089
-0.00630668
-0.00629036
-0.00627194
-0.00625141
-0.00622879
-0.00620408
-0.00617729
-0.00614844
-0.00611753
-0.00608457
-0.00604957
-0.00601255
-0.00597352
-0.00593248
-0.00588946
-0.00584447
-0.00579753
-0.00574864
-0.00569783
-0.00564512
-0.00559051
-0.00553404
-0.00547571
-0.00541556
-0.00535359
-0.00528983
-0.00522431
-0.00515703
-0.00508804
-0.00501734
-0.00494496
-0.00487094
-0.00479528
-0.00471802
-0.00463919
-0.00455881
-0.0044769
-0.0043935
-0.00430863
-0.00422232
-0.00413461
-0.00404551
-0.00395506
-0.0038633
-0.00377024
-0.00367593
-0.00358039
-0.00348365
-0.00338576
-0.00328674
-0.00318662
-0.00308544
-0.00298323
-0.00288003
-0.00277587
-0.00267079
-0.00256482
-0.00245799
-0.00235035
-0.00224193
-0.00213276
-0.00202288
-0.00191234
-0.00180116
-0.00168938
-0.00157705
-0.00146419
-0.00135085
-0.00123706
-0.00112287
-0.0010083
-0.000893411
-0.000778225
-0.000662786
-0.000547131
-0.000431301
-0.000315334
-0.000199268
-8.31426e-05
3.30032e-05
0.000149131
0.000265201
0.000381175
0.000497014
0.000612679
0.000728131
0.000843332
0.000958244
0.00107283
0.00118704
0.00130085
0.00141422
0.00152711
0.00163948
0.00175129
0.00186251
0.00197309
0.00208301
0.00219222
0.0023007
0.00240839
0.00251527
0.0026213
0.00272644
0.00283067
0.00293394
0.00303622
0.00313747
0.00323767
0.00333678
0.00343476
0.00353159
0.00362722
0.00372164
0.0038148
0.00390668
0.00399724
0.00408645
0.0041743
0.00426073
0.00434574
0.00442928
0.00451133
0.00459187
0.00467086
0.00474828
0.00482411
0.00489831
0.00497087
0.00504176
0.00511095
0.00517843
0.00524417
0.00530815
0.00537034
0.00543073
0.0054893
0.00554602
0.00560088
0.00565387
0.00570495
0.00575412
0.00580136
0.00584665
0.00588998
0.00593133
0.00597069
0.00600805
0.0060434
0.00607671
0.00610799
0.00613722
0.0061644
0.0061895
0.00621253
0.00623348
0.00625234
0.0062691
0.00628376
0.00629631
0.00630676
0.00631509
0.0063213
0.00632539
0.00632737
0.00632723
0.00632496
0.00632058
0.00631408
0.00630546
0.00629474
0.0062819
0.00626696
0.00624993
0.0062308
0.00620958
0.00618629
0.00616092
0.00613349
0.00610401
0.00607249
0.00603893
0.00600336
0.00596577
0.00592619
0.00588463
0.0058411
0.00579561
0.00574819
0.00569884
0.00564759
0.00559445
0.00553944
0.00548257
0.00542388
0.00536337
0.00530107
0.005237
0.00517118
0.00510363
0.00503437
0.00496344
0.00489085
0.00481662
0.00474078
0.00466337
0.00458439
0.00450389
0.00442188
0.0043384
0.00425347
0.00416712
0.00407938
0.00399029
0.00389986
0.00380813
0.00371513
0.0036209
0.00352546
0.00342884
0.00333109
0.00323222
0.00313228
0.0030313
0.00292931
0.00282635
0.00272245
0.00261764
0.00251196
0.00240545
0.00229815
0.00219008
0.00208128
0.0019718
0.00186166
0.00175091
0.00163958
0.00152771
0.00141534
0.0013025
0.00118923
0.00107558
0.000961568
0.000847247
0.00073265
0.000617817
0.000502786
0.000387595
0.000272283
0.000156888
4.14504e-05
-7.39925e-05
-0.000189402
-0.000304738
-0.000419964
-0.00053504
-0.000649928
-0.00076459
-0.000878986
-0.000993079
-0.00110683
-0.0012202
-0.00133316
-0.00144565
-0.00155766
-0.00166913
-0.00178004
-0.00189034
-0.002
-0.00210898
-0.00221725
-0.00232476
-0.00243149
-0.0025374
-0.00264244
-0.00274659
-0.00284982
-0.00295208
-0.00305334
-0.00315358
-0.00325274
-0.00335081
-0.00344775
-0.00354353
-0.00363812
-0.00373147
-0.00382357
-0.00391438
-0.00400387
-0.00409202
-0.00417878
-0.00426414
-0.00434806
-0.00443052
-0.00451149
-0.00459094
-0.00466885
-0.00474519
-0.00481993
-0.00489304
-0.00496452
-0.00503432
-0.00510244
-0.00516883
-0.0052335
-0.0052964
-0.00535752
-0.00541684
-0.00547435
-0.00553001
-0.00558382
-0.00563575
-0.00568579
-0.00573392
-0.00578013
-0.00582439
-0.0058667
-0.00590705
-0.00594541
-0.00598177
-0.00601613
-0.00604847
-0.00607878
-0.00610705
-0.00613327
-0.00615744
-0.00617954
-0.00619957
-0.00621752
-0.00623338
-0.00624716
-0.00625884
-0.00626843
-0.00627591
-0.00628129
