0
2.19823e-05
4.37442e-05
0.0155899
0.0140993
0.0125902
0.0110652
0.00952674
0.00797747
0.00641996
0.0048568
0.00329059
0.00172392
0.000159368
-0.00140049
-0.00295309
-0.00449589
-0.00602639
-0.00754209
-0.00904054
-0.0105193
-0.011976
-0.0134084
-0.014814
-0.0161907
-0.0175363
-0.0188487
-0.0201257
-0.0213654
-0.0225659
-0.0237252
-0.0248416
-0.0259133
-0.0269388
-0.0279164
-0.0288447
-0.0297222
-0.0305477
-0.03132
-0.0320379
-0.0327003
-0.0333065
-0.0338554
-0.0343464
-0.0347787
-0.0351519
-0.0354655
-0.0357192
-0.0359126
-0.0360456
-0.0361182
-0.0361304
-0.0360823
-0.0359742
-0.0358064
-0.0355794
-0.0352936
-0.0349498
-0.0345485
-0.0340907
-0.0335772
-0.0330091
-0.0323873
-0.0317131
-0.0309877
-0.0302125
-0.0293887
-0.028518
-0.0276018
-0.0266418
-0.0256396
-0.0245971
-0.023516
-0.0223982
-0.0212456
-0.0200603
-0.0188442
-0.0175994
-0.016328
-0.0150322
-0.0137141
-0.012376
-0.0110201
-0.00964864
-0.00826395
-0.00686831
-0.00546402
-0.0040534
-0.00263876
-0.00122243
0.000193281
0.00160607
0.00301363
0.0044137
0.00580401
0.00718233
0.00854643
0.00989416
0.0112233
0.0125319
0.0138177
0.0150788
0.0163132
0.0175189
0.0186942
0.019837
0.0209458
0.0220188
0.0230543
0.0240509
0.0250069
0.025921
0.0267919
0.0276182
0.0283987
0.0291323
0.0298181
0.0304549
0.031042
0.0315786
0.0320639
0.0324974
0.0328785
0.0332068
0.0334819
0.0337035
0.0338716
0.0339859
0.0340466
0.0340537
0.0340074
0.0339079
0.0337556
0.0335511
0.0332947
0.0329871
0.032629
0.0322212
0.0317646
0.03126
0.0307085
0.0301112
0.0294692
0.0287838
0.0280563
0.0272879
0.0264803
0.0256347
0.0247529
0.0238363
0.0228867
0.0219057
0.0208951
0.0198567
0.0187922
0.0177037
0.0165929
0.0154618
0.0143124
0.0131467
0.0119666
0.0107741
0.00957141
0.00836042
0.00714324
0.0059219
0.00469847
0.00347498
0.00225347
0.00103599
-0.000175466
-0.00137889
-0.00257231
-0.00375377
-0.00492135
-0.00607315
-0.00720731
-0.008322
-0.00941545
-0.0104859
-0.0115317
-0.0125511
-0.0135426
-0.0145047
-0.0154357
-0.0163344
-0.0171993
-0.0180291
-0.0188227
-0.0195787
-0.0202961
-0.0209739
-0.021611
-0.0222067
-0.02276
-0.0232702
-0.0237367
-0.0241589
-0.0245362
-0.0248683
-0.0251547
-0.0253951
-0.0255895
-0.0257376
-0.0258394
-0.025895
-0.0259045
-0.025868
-0.0257859
-0.0256585
-0.0254862
-0.0252695
-0.0250091
-0.0247055
-0.0243596
-0.0239719
-0.0235436
-0.0230754
-0.0225683
-0.0220235
-0.0214419
-0.0208249
-0.0201736
-0.0194893
-0.0187734
-0.0180272
-0.0172522
-0.0164498
-0.0156216
-0.0147691
-0.0138939
-0.0129977
-0.012082
-0.0111486
-0.0101991
-0.00923537
-0.00825905
-0.00727192
-0.00627574
-0.0052723
-0.00426336
-0.00325071
-0.00223613
-0.00122139
-0.000208271
0.000801484
0.00180613
0.00280394
0.00379321
0.00477226
0.00573943
0.00669309
0.00763165
0.00855355
0.00945726
0.0103413
0.0112042
0.0120446
0.0128612
0.0136526
0.0144175
0.0151549
0.0158635
0.0165422
0.0171901
0.0178062
0.0183895
0.0189393
0.0194548
0.0199351
0.0203799
0.0207883
0.02116
0.0214945
0.0217915
0.0220506
0.0222717
0.0224545
0.0225991
0.0227053
0.0227734
0.0228033
0.0227954
0.0227499
0.0226671
0.0225474
0.0223914
0.0221995
0.0219724
0.0217108
0.0214154
0.0210869
0.0207263
0.0203345
0.0199123
0.0194609
0.0189813
0.0184745
0.0179419
0.0173846
0.0168038
0.0162008
0.0155769
0.0149336
0.0142722
0.013594
0.0129007
0.0121935
0.011474
0.0107438
0.0100042
0.00925689
0.00850334
0.00774509
0.00698368
0.00622064
0.0054575
0.0046958
0.00393702
0.00318268
0.00243426
0.0016932
0.000960948
0.000238913
-0.000471524
-0.00116902
-0.00185225
-0.00251994
-0.00317086
-0.00380381
-0.00441765
-0.00501126
-0.00558361
-0.00613368
-0.00666054
-0.00716329
-0.00764111
-0.00809323
-0.00851893
-0.00891757
-0.00928858
-0.00963144
-0.00994571
-0.010231
-0.010487
-0.0107135
-0.0109104
-0.0110775
-0.0112148
-0.0113224
-0.0114004
-0.011449
-0.0114685
-0.0114593
-0.0114217
-0.0113563
-0.0112637
-0.0111444
-0.0109993
-0.010829
-0.0106345
-0.0104167
-0.0101765
-0.00991498
-0.00963331
-0.00933263
-0.00901419
-0.00867929
-0.00832926
-0.00796552
-0.00758952
-0.00720277
-0.00680681
-0.00640324
-0.0059937
-0.00557986
-0.00516343
-0.00474614
-0.00432977
-0.00391612
-0.003507
-0.00310425
-0.00270973
-0.00232531
-0.00195287
-0.00159429
-0.00125145
-0.000926258
-0.000620585
-0.000336309
-7.52974e-05
0.0001606
0.000369549
0.000549738
0.00069938
0.000816717
0.000900022
0.000947603
0.000957807
0.000929022
0.000859682
0.000748269
0.000593317
0.000393412
0.0001472
-0.000146613
-0.00048926
-0.000881905
-0.00132565
-0.00182151
-0.00237045
-0.00297333
-0.00363097
-0.00434408
-0.00511329
-0.00593915
-0.00682215
-0.00776264
-0.00876093
-0.00981722
-0.0109316
-0.0121041
-0.0133347
-0.0146231
-0.0159692
-0.0173725
-0.0188327
-0.0203491
-0.0219211
-0.023548
-0.0252289
-0.026963
-0.0287492
-0.0305864
-0.0324733
-0.0344088
-0.0363914
-0.0384197
-0.040492
-0.0426069
-0.0447624
-0.0469569
-0.0491885
-0.0514553
-0.0537551
-0.0560859
-0.0584455
-0.0608318
-0.0632424
-0.065675
-0.0681272
-0.0705965
-0.0730804
-0.0755764
-0.0780819
-0.0805944
-0.083111
-0.0856292
-0.0881462
-0.0906593
-0.0931658
-0.0956629
-0.0981478
-0.100618
-0.10307
-0.105502
-0.10791
-0.110293
-0.112647
-0.114969
-0.117257
-0.119509
-0.121721
-0.123891
-0.126016
-0.128095
-0.130124
-0.132102
-0.134025
-0.135892
-0.1377
-0.139448
-0.141133
-0.142754
-0.144308
-0.145793
-0.147209
-0.148553
-0.149824
-0.15102
-0.152141
-0.153184
-0.15415
-0.155036
-0.155843
-0.156568
-0.157213
-0.157776
-0.158256
-0.158654
-0.158969
-0.159201
-0.159351
-0.159419
-0.159404
-0.159309
-0.159132
-0.158875
-0.158538
-0.158124
-0.157632
-0.157064
-0.156421
-0.155706
-0.154919
-0.154062
-0.153137
-0.152147
-0.151092
-0.149976
-0.148801
-0.147569
-0.146282
-0.144944
-0.143556
-0.142123
-0.140646
-0.139129
-0.137575
-0.135987
-0.134368
-0.132722
-0.131052
-0.129361
-0.127653
-0.125932
-0.124201
-0.122464
-0.120725
-0.118987
-0.117254
-0.115531
-0.11382
-0.112126
-0.110452
-0.108803
-0.107182
-0.105594
-0.104041
-0.102529
-0.10106
-0.0996385
-0.0982685
-0.0969535
-0.0956973
-0.0945034
-0.0933754
-0.0923168
-0.0913312
-0.0904219
-0.0895922
-0.0888454
-0.0881846
-0.0876128
-0.0871331
-0.0867483
-0.0864613
-0.0862745
-0.0861907
-0.0862122
-0.0863414
-0.0865805
-0.0869314
-0.0873962
-0.0879767
-0.0886746
-0.0894912
-0.0904282
-0.0914866
-0.0926676
-0.0939721
-0.0954009
-0.0969547
-0.0986339
-0.100439
-0.10237
-0.104427
-0.106609
-0.108917
-0.11135
-0.113908
-0.116589
-0.119392
-0.122317
-0.125362
-0.128527
-0.131808
-0.135204
-0.138714
-0.142336
-0.146067
-0.149905
-0.153847
-0.157891
-0.162034
-0.166272
-0.170604
-0.175026
-0.179534
-0.184125
-0.188795
-0.193541
-0.198359
-0.203245
-0.208195
-0.213205
-0.21827
-0.223387
-0.228551
-0.233757
-0.239001
-0.244279
-0.249585
-0.254915
-0.260265
-0.265628
-0.271002
-0.276379
-0.281757
-0.287129
-0.292491
-0.297837
-0.303164
-0.308464
-0.313735
-0.318971
-0.324166
-0.329316
-0.334416
-0.339462
-0.344447
-0.349368
-0.35422
-0.358999
-0.363698
-0.368315
-0.372844
-0.377282
-0.381624
-0.385865
-0.390002
-0.394031
-0.397947
-0.401748
-0.405429
-0.408987
-0.412418
-0.41572
-0.418888
-0.421921
-0.424815
-0.427567
-0.430175
-0.432637
-0.434949
-0.437111
-0.439119
-0.440973
-0.44267
-0.444209
-0.445589
-0.446809
-0.447867
-0.448762
-0.449495
-0.450064
-0.45047
-0.450711
-0.450788
-0.450702
-0.450452
-0.450039
-0.449463
-0.448726
-0.447829
-0.446772
-0.445557
-0.444186
-0.442659
-0.440979
-0.439148
-0.437168
-0.43504
-0.432768
-0.430354
-0.4278
-0.425109
-0.422284
-0.419327
-0.416243
-0.413034
-0.409704
-0.406255
-0.402693
-0.399019
-0.395238
-0.391353
-0.38737
-0.38329
-0.379119
-0.37486
-0.370519
-0.366097
-0.361601
-0.357035
-0.352402
-0.347706
-0.342954
-0.338148
-0.333293
-0.328393
-0.323454
-0.318479
-0.313472
-0.308439
-0.303383
-0.29831
-0.293222
-0.288125
-0.283022
-0.277919
-0.272818
-0.267725
-0.262643
-0.257576
-0.252528
-0.247503
-0.242505
-0.237537
-0.232603
-0.227706
-0.22285
-0.218039
-0.213275
-0.208561
-0.203901
-0.199297
-0.194753
-0.19027
-0.185852
-0.1815
-0.177218
-0.173007
-0.16887
-0.164808
-0.160823
-0.156917
-0.153092
-0.149348
-0.145688
-0.142112
-0.138622
-0.135217
-0.1319
-0.128671
-0.12553
-0.122478
-0.119515
-0.116641
-0.113856
-0.11116
-0.108553
-0.106034
-0.103604
-0.10126
-0.0990035
-0.0968327
-0.0947469
-0.092745
-0.090826
-0.0889885
-0.0872313
-0.0855529
-0.0839518
-0.0824265
-0.0809752
-0.0795962
-0.0782876
-0.0770476
-0.0758741
-0.0747652
-0.0737187
-0.0727324
-0.0718042
-0.0709318
-0.0701128
-0.069345
-0.0686259
-0.0679532
-0.0673245
-0.0667371
-0.0661888
-0.065677
-0.0651991
-0.0647527
-0.0643354
-0.0639445
-0.0635776
-0.0632322
-0.0629059
-0.0625962
-0.0623007
-0.0620169
-0.0617426
-0.0614755
-0.0612131
-0.0609533
-0.0606939
-0.0604328
-0.0601678
-0.0598969
-0.0596181
-0.0593296
-0.0590294
-0.0587158
-0.058387
-0.0580415
-0.0576776
-0.0572939
-0.0568889
-0.0564613
-0.05601
-0.0555336
-0.0550312
-0.0545017
-0.0539442
-0.0533579
-0.0527421
-0.0520962
-0.0514195
-0.0507117
-0.0499724
-0.0492012
-0.0483981
-0.0475628
-0.0466955
-0.0457962
-0.044865
-0.0439022
-0.0429082
-0.0418834
-0.0408284
-0.0397436
-0.0386298
-0.0374877
-0.0363182
-0.0351221
-0.0339006
-0.0326545
-0.031385
-0.0300934
-0.0287808
-0.0274486
-0.0260981
-0.0247308
-0.0233481
-0.0219516
-0.0205427
-0.0191232
-0.0176947
-0.0162589
-0.0148174
-0.0133721
-0.0119247
-0.010477
-0.00903081
-0.007588
-0.00615041
-0.00471988
-0.00329828
-0.00188747
-0.000489305
0.000894356
0.00226167
0.00361079
0.00493992
0.00624724
0.00753098
0.0087894
0.0100208
0.0112234
0.0123956
0.0135358
0.0146424
0.0157139
0.0167488
0.0177457
0.0187032
0.0196199
0.0204946
0.0213261
0.0221132
0.0228549
0.0235501
0.024198
0.0247975
0.025348
0.0258487
0.0262989
0.026698
0.0270457
0.0273413
0.0275847
0.0277755
0.0279135
0.0279987
0.028031
0.0280105
0.0279374
0.0278118
0.0276341
0.0274047
0.027124
0.0267927
0.0264113
0.0259805
0.0255012
0.0249742
0.0244004
0.0237809
0.0231168
0.0224092
0.0216594
0.0208686
0.0200383
0.0191698
0.0182646
0.0173244
0.0163506
0.0153451
0.0143094
0.0132453
0.0121547
0.0110393
0.00990121
0.00874221
0.00756429
0.00636946
0.00515973
0.00393717
0.00270385
0.00146185
0.000213289
-0.00103972
-0.00229504
-0.00355054
-0.00480408
-0.00605353
-0.00729676
-0.00853163
-0.00975605
-0.0109679
-0.0121651
-0.0133457
-0.0145074
-0.0156485
-0.0167668
-0.0178605
-0.0189276
-0.0199664
-0.0209748
-0.0219513
-0.022894
-0.0238013
-0.0246715
-0.0255032
-0.0262948
-0.0270448
-0.0277519
-0.0284148
-0.0290323
-0.0296031
-0.0301262
-0.0306006
-0.0310253
-0.0313995
-0.0317223
-0.0319931
-0.0322113
-0.0323762
-0.0324876
-0.0325449
-0.0325479
-0.0324965
-0.0323905
-0.0322299
-0.0320147
-0.0317452
-0.0314215
-0.0310441
-0.0306133
-0.0301297
-0.0295938
-0.0290063
-0.028368
-0.0276798
-0.0269425
-0.0261573
-0.0253252
-0.0244473
-0.023525
-0.0225596
-0.0215525
-0.0205052
-0.0194192
-0.0182962
-0.0171378
-0.0159458
-0.0147221
-0.0134684
-0.0121868
-0.0108792
-0.00954766
-0.00819427
-0.00682117
-0.00543054
-0.0040246
-0.00260561
-0.00117586
0.000262329
0.0017066
0.00315457
0.00460384
0.00605201
0.00749663
0.00893526
0.0103654
0.0117847
0.0131906
0.0145807
0.0159525
0.0173036
0.0186316
0.0199339
0.0212082
0.0224522
0.0236635
0.0248397
0.0259785
0.0270777
0.028135
0.0291483
0.0301154
0.0310341
0.0319026
0.0327186
0.0334803
0.0341858
0.0348333
0.0354209
0.035947
0.0364099
0.036808
0.0371398
0.0374039
0.0375989
0.0377236
0.0377766
0.0377568
0.0376633
0.0374949
0.0372509
0.0369304
0.0365326
0.036057
0.0355029
0.0348699
0.0341576
0.0333657
0.032494
0.0315423
0.0305106
0.0293989
0.0282075
0.0269364
0.025586
0.0241567
0.0226489
0.0210633
0.0194003
0.0176609
0.0158457
0.0139557
0.0119918
0.00995504
0.00784652
0.00566745
0.00341907
0.00110271
-0.00128023
-0.00372829
-0.00623994
-0.0088136
-0.0114476
-0.0141403
-0.0168899
-0.0196945
-0.0225523
-0.0254614
-0.0284199
-0.0314257
-0.0344768
-0.037571
-0.0407064
-0.0438806
-0.0470916
-0.0503372
-0.053615
-0.0569229
-0.0602585
-0.0636196
-0.0670039
-0.070409
-0.0738327
-0.0772725
-0.0807262
-0.0841914
-0.0876658
-0.0911471
-0.0946329
-0.098121
-0.101609
-0.105095
-0.108576
-0.11205
-0.115515
-0.118969
-0.12241
-0.125835
-0.129242
-0.13263
-0.135995
-0.139337
-0.142654
-0.145942
-0.149202
-0.15243
-0.155624
-0.158784
-0.161907
-0.164993
-0.168038
-0.171042
-0.174003
-0.17692
-0.179792
-0.182616
-0.185393
-0.18812
-0.190796
-0.193421
-0.195994
-0.198513
-0.200977
-0.203386
-0.205739
-0.208035
-0.210273
-0.212454
-0.214576
-0.216638
-0.218641
-0.220584
-0.222467
-0.224289
-0.22605
-0.22775
-0.229389
-0.230967
-0.232484
-0.23394
-0.235334
-0.236668
-0.237941
-0.239154
-0.240306
-0.241399
-0.242432
-0.243405
-0.24432
-0.245177
-0.245976
-0.246718
-0.247403
-0.248031
-0.248605
-0.249123
-0.249588
-0.249998
-0.250357
-0.250663
-0.250917
-0.251121
-0.251276
-0.251381
-0.251438
-0.251448
-0.251411
-0.251329
-0.251202
-0.25103
-0.250815
-0.250558
-0.25026
-0.24992
-0.249541
-0.249122
-0.248665
-0.248171
-0.24764
-0.247072
-0.24647
-0.245834
-0.245163
-0.24446
-0.243725
-0.242958
-0.24216
-0.241332
-0.240475
-0.239588
-0.238674
-0.237732
-0.236762
-0.235766
-0.234745
-0.233697
-0.232625
-0.231528
-0.230408
-0.229263
-0.228096
-0.226905
-0.225692
-0.224458
-0.223201
-0.221923
-0.220624
-0.219304
-0.217963
-0.216602
-0.215221
-0.21382
-0.2124
-0.21096
-0.2095
-0.208022
-0.206524
-0.205008
-0.203473
-0.201919
-0.200347
-0.198756
-0.197147
-0.19552
-0.193874
-0.192211
-0.19053
-0.188831
-0.187114
-0.185379
-0.183627
-0.181857
-0.18007
-0.178266
-0.176445
-0.174606
-0.172751
-0.170879
-0.16899
-0.167084
-0.165163
-0.163225
-0.161272
-0.159302
-0.157318
-0.155318
-0.153303
-0.151273
-0.149229
-0.147172
-0.1451
-0.143015
-0.140918
-0.138807
-0.136685
-0.134551
-0.132406
-0.13025
-0.128084
-0.125909
-0.123724
-0.121531
-0.11933
-0.117123
-0.114908
-0.112688
-0.110462
-0.108232
-0.105999
-0.103762
-0.101524
-0.099284
-0.0970437
-0.0948037
-0.092565
-0.0903284
-0.0880948
-0.0858651
-0.0836403
-0.0814214
-0.0792092
-0.0770047
-0.0748089
-0.0726229
-0.0704475
-0.0682839
-0.066133
-0.0639958
-0.0618735
-0.0597669
-0.0576771
-0.0556052
-0.0535521
-0.0515189
-0.0495067
-0.0475164
-0.045549
-0.0436055
-0.041687
-0.0397943
-0.0379285
-0.0360905
-0.0342813
-0.0325017
-0.0307526
-0.029035
-0.0273497
-0.0256976
-0.0240794
-0.0224959
-0.0209479
-0.0194362
-0.0179614
-0.0165242
-0.0151253
-0.0137652
-0.0124446
-0.011164
-0.0099239
-0.00872478
-0.00756707
-0.00645118
-0.00537746
-0.00434623
-0.00335777
-0.00241232
-0.00151007
-0.000651189
0.000164225
0.000936101
0.00166441
0.00234918
0.00299046
0.00358836
0.00414304
0.00465469
0.00512355
0.0055499
0.00593406
0.00627642
0.00657739
0.00683742
0.00705702
0.00723672
0.00737712
0.00747883
0.00754253
0.00756892
0.00755875
0.00751279
0.00743187
0.00731685
0.00716861
0.00698808
0.00677622
0.00653402
0.00626249
0.0059627
0.00563571
0.00528262
0.00490458
0.00450272
0.00407822
0.00363228
0.00316611
0.00268094
0.00217802
0.00165861
0.00112397
0.000575394
1.41723e-05
-0.000558398
-0.00114101
-0.00173236
-0.00233114
-0.00293604
-0.00354575
-0.00415897
-0.0047744
-0.00539076
-0.00600675
-0.0066211
-0.00723257
-0.00783991
-0.00844188
-0.00903729
-0.00962493
-0.0102036
-0.0107723
-0.0113297
-0.0118749
-0.0124066
-0.012924
-0.0134259
-0.0139115
-0.0143797
-0.0148297
-0.0152605
-0.0156714
-0.0160615
-0.0164301
-0.0167764
-0.0170998
-0.0173997
-0.0176753
-0.0179263
-0.018152
-0.018352
-0.018526
-0.0186734
-0.018794
-0.0188875
-0.0189537
-0.0189924
-0.0190035
-0.0189868
-0.0189423
-0.0188701
-0.0187701
-0.0186425
-0.0184874
-0.018305
-0.0180955
-0.0178593
-0.0175966
-0.0173079
-0.0169935
-0.0166539
-0.0162895
-0.0159011
-0.015489
-0.015054
-0.0145967
-0.0141178
-0.013618
-0.0130981
-0.0125588
-0.0120011
-0.0114258
-0.0108338
-0.0102259
-0.00960318
-0.00896654
-0.00831699
-0.00765554
-0.00698322
-0.00630107
-0.00561017
-0.00491159
-0.00420642
-0.00349577
-0.00278074
-0.00206246
-0.00134204
-0.000620619
0.00010068
0.000820729
0.0015384
0.00225257
0.00296212
0.00366595
0.00436295
0.00505204
0.00573214
0.00640218
0.00706113
0.00770795
0.00834163
0.0089612
0.00956568
0.0101541
0.0107257
0.0112794
0.0118144
0.0123299
0.0128251
0.0132992
0.0137516
0.0141814
0.0145881
0.0149711
0.0153296
0.0156633
0.0159716
0.016254
0.0165101
0.0167396
0.016942
0.0171172
0.0172648
0.0173847
0.0174766
0.0175405
0.0175764
0.017584
0.0175636
0.0175152
0.0174388
0.0173346
0.0172028
0.0170437
0.0168575
0.0166445
0.0164052
0.0161399
0.0158492
0.0155334
0.0151931
0.014829
0.0144415
0.0140314
0.0135993
0.0131459
0.0126721
0.0121785
0.011666
0.0111355
0.0105877
0.0100237
0.0094443
0.00885047
0.00824319
0.00762345
0.00699225
0.00635063
0.00569962
0.00504029
0.00437371
0.00370096
0.00302312
0.0023413
0.0016566
0.000970117
0.000282972
-0.000403731
-0.00108889
-0.00177139
-0.00245013
-0.00312404
-0.00379202
-0.00445299
-0.00510591
-0.00574972
-0.00638339
-0.00700591
-0.00761628
-0.00821353
-0.0087967
-0.00936487
-0.00991713
-0.0104526
-0.0109704
-0.0114698
-0.0119499
-0.01241
-0.0128494
-0.0132673
-0.0136632
-0.0140363
-0.0143862
-0.0147122
-0.0150138
-0.0152907
-0.0155423
-0.0157683
-0.0159683
-0.016142
-0.0162892
-0.0164097
-0.0165032
-0.0165697
-0.016609
-0.0166212
-0.0166062
-0.016564
-0.0164948
-0.0163987
-0.0162759
-0.0161265
-0.015951
-0.0157494
-0.0155223
-0.0152699
-0.0149928
-0.0146914
-0.0143661
-0.0140176
-0.0136464
-0.0132532
-0.0128385
-0.0124032
-0.0119478
-0.0114732
-0.0109801
-0.0104694
-0.00994185
-0.00939837
-0.00883984
-0.00826719
-0.00768133
-0.00708325
-0.0064739
-0.00585429
-0.00522544
-0.00458836
-0.0039441
-0.0032937
-0.00263822
-0.00197874
-0.00131631
-0.000652029
1.30402e-05
0.000677814
0.00134122
0.00200217
0.0026596
0.00331246
0.00395968
0.00460021
0.00523303
0.00585711
0.00647144
0.00707504
0.00766694
0.00824617
0.00881182
0.00936297
0.00989873
0.0104183
0.0109207
0.0114053
0.0118712
0.0123177
0.0127441
0.0131498
0.013534
0.0138961
0.0142357
0.0145521
0.0148448
0.0151134
0.0153575
0.0155767
0.0157706
0.015939
0.0160816
0.0161981
0.0162885
0.0163525
0.0163901
0.0164012
0.0163859
0.0163441
0.016276
0.0161817
0.0160613
0.0159151
0.0157433
0.0155462
0.0153241
0.0150775
0.0148067
0.0145121
0.0141943
0.0138539
0.0134913
0.0131071
0.0127021
0.0122768
0.0118319
0.0113683
0.0108866
0.0103877
0.00987235
0.0093414
0.00879573
0.00823623
0.0076638
0.0070794
0.00648396
0.00587846
0.00526389
0.00464125
0.00401153
0.00337578
0.00273503
0.0020903
0.00144266
0.000793136
0.000142796
-0.000507311
-0.00115613
-0.00180263
-0.00244574
-0.00308443
-0.00371768
-0.00434447
-0.00496377
-0.0055746
-0.00617597
-0.00676691
-0.00734648
-0.00791374
-0.00846778
-0.00900772
-0.00953269
-0.0100418
-0.0105344
-0.0110095
-0.0114665
-0.0119045
-0.012323
-0.0127212
-0.0130985
-0.0134543
-0.0137881
-0.0140993
-0.0143875
-0.0146521
-0.0148928
-0.0151091
-0.0153009
-0.0154677
-0.0156093
-0.0157255
-0.0158162
-0.0158811
-0.0159202
-0.0159335
-0.015921
-0.0158827
-0.0158186
-0.0157289
-0.0156138
-0.0154734
-0.015308
-0.0151179
-0.0149034
-0.0146649
-0.0144027
-0.0141174
-0.0138093
-0.013479
-0.0131271
-0.0127542
-0.0123607
-0.0119475
-0.0115152
-0.0110645
-0.0105961
-0.0101108
-0.00960937
-0.00909272
-0.00856163
-0.00801699
-0.00745969
-0.00689064
-0.00631076
-0.005721
-0.00512233
-0.00451572
-0.00390216
-0.00328264
-0.00265818
-0.00202979
-0.00139849
-0.000765314
-0.000131276
0.00050259
0.00113526
0.0017657
0.0023929
0.00301584
0.00363351
0.00424492
0.00484907
0.00544501
0.00603175
0.00660836
0.00717391
0.00772749
0.00826821
0.00879519
0.0093076
0.00980462
0.0102854
0.0107493
0.0111954
0.0116232
0.0120318
0.0124207
0.0127892
0.0131367
0.0134628
0.0137668
0.0140483
0.0143069
0.0145421
0.0147537
0.0149411
0.0151042
0.0152428
0.0153565
0.0154453
0.015509
0.0155475
0.0155608
0.0155488
0.0155116
0.0154493
0.015362
0.0152498
0.015113
0.0149517
0.0147663
0.0145571
0.0143243
0.0140685
0.01379
0.0134893
0.013167
0.0128234
0.0124593
0.0120751
0.0116716
0.0112495
0.0108093
0.0103518
0.00987782
0.00938808
0.0088834
0.00836461
0.00783255
0.00728808
0.00673211
0.00616553
0.00558928
0.00500428
0.0044115
0.0038119
0.00320645
0.00259613
0.00198195
0.00136489
0.000745966
0.000126168
-0.000493494
-0.00111202
-0.0017284
-0.00234164
-0.00295075
-0.00355475
-0.00415266
-0.00474352
-0.00532637
-0.00590027
-0.0064643
-0.00701755
-0.00755913
-0.00808817
-0.00860383
-0.00910527
-0.00959168
-0.0100623
-0.0105164
-0.0109532
-0.011372
-0.0117721
-0.012153
-0.012514
-0.0128546
-0.0131741
-0.0134722
-0.0137482
-0.0140019
-0.0142327
-0.0144404
-0.0146246
-0.0147851
-0.0149215
-0.0150336
-0.0151214
-0.0151847
-0.0152234
-0.0152374
-0.0152267
-0.0151914
-0.0151315
-0.0150472
-0.0149386
-0.0148059
-0.0146493
-0.0144691
-0.0142656
-0.0140391
-0.0137901
-0.0135189
-0.0132259
-0.0129118
-0.0125769
-0.0122219
-0.0118474
-0.0114539
-0.0110421
-0.0106127
-0.0101663
-0.00970384
-0.00922592
-0.00873338
-0.008227
-0.00770763
-0.00717612
-0.00663332
-0.00608012
-0.00551744
-0.00494618
-0.00436728
-0.00378167
-0.00319032
-0.00259419
-0.00199423
-0.00139143
-0.000786768
-0.00018122
0.00042423
0.0010286
0.00163091
0.0022302
0.00282548
0.00341579
0.00400019
0.00457773
0.00514747
0.00570851
0.00625992
0.00680084
0.00733038
0.0078477
0.00835196
0.00884235
0.0093181
0.00977843
0.0102226
0.0106499
0.0110597
0.0114513
0.011824
0.0121774
0.0125107
0.0128236
0.0131154
0.0133858
0.0136343
0.0138606
0.0140642
0.0142448
0.0144023
0.0145363
0.0146466
0.014733
0.0147955
0.014834
0.0148483
0.0148386
0.0148048
0.0147469
0.0146652
0.0145597
0.0144306
0.0142782
0.0141027
0.0139045
0.0136837
0.0134409
0.0131764
0.0128907
0.0125842
0.0122575
0.0119111
0.0115455
0.0111614
0.0107594
0.0103401
0.0099043
0.00945266
0.00898594
0.00850488
0.00801029
0.00750296
0.00698373
0.00645345
0.00591299
0.00536322
0.00480504
0.00423936
0.0036671
0.00308919
0.00250657
0.0019202
0.00133101
0.000739972
0.00014804
-0.000443826
-0.00103467
-0.00162353
-0.00220945
-0.0027915
-0.00336872
-0.00394018
-0.00450497
-0.00506216
-0.00561087
-0.00615021
-0.0066793
-0.0071973
-0.00770338
-0.00819672
-0.00867653
-0.00914204
-0.0095925
-0.0100272
-0.0104454
-0.0108465
-0.0112299
-0.0115948
-0.0119408
-0.0122673
-0.0125737
-0.0128596
-0.0131246
-0.0133682
-0.01359
-0.0137897
-0.013967
-0.0141215
-0.0142532
-0.0143617
-0.0144469
-0.0145087
-0.0145469
-0.0145616
-0.0145528
-0.0145204
-0.0144645
-0.0143853
-0.0142828
-0.0141573
-0.0140089
-0.013838
-0.0136448
-0.0134296
-0.0131928
-0.0129348
-0.012656
-0.0123569
-0.012038
-0.0116998
-0.0113429
-0.0109678
-0.0105752
-0.0101658
-0.00974012
-0.00929895
-0.008843
-0.00837302
-0.00788977
-0.00739405
-0.00688666
-0.00636845
-0.00584024
-0.0053029
-0.00475732
-0.00420437
-0.00364496
-0.00308
-0.0025104
-0.0019371
-0.00136102
-0.000783093
-0.000204265
0.00037453
0.000952354
0.00152827
0.00210135
0.00267066
0.00323529
0.00379431
0.00434684
0.00489198
0.00542884
0.00595657
0.00647431
0.00698123
0.00747652
0.00795937
0.00842903
0.00888472
0.00932572
0.00975133
0.0101609
0.0105537
0.0109291
0.0112866
0.0116256
0.0119455
0.0122458
0.0125261
0.0127859
0.0130248
0.0132424
0.0134384
0.0136125
0.0137644
0.0138939
0.0140008
0.0140848
0.014146
0.0141842
0.0141994
0.0141915
0.0141606
0.0141067
0.01403
0.0139305
0.0138085
0.0136642
0.0134978
0.0133095
0.0130998
0.012869
0.0126174
0.0123454
0.0120536
0.0117424
0.0114123
0.0110638
0.0106976
0.0103143
0.0099144
0.00949865
0.00906772
0.00862231
0.00816315
0.00769099
0.00720661
0.0067108
0.00620437
0.00568814
0.00516295
0.00462967
0.00408916
0.0035423
0.00298998
0.0024331
0.00187256
0.00130928
0.000744168
0.000178139
-0.000387886
-0.000952991
-0.00151626
-0.00207678
-0.00263365
-0.00318597
-0.00373284
-0.00427337
-0.00480671
-0.00533198
-0.00584835
-0.00635497
-0.00685104
-0.00733576
-0.00780834
-0.00826803
-0.00871409
-0.00914581
-0.00956249
-0.00996346
-0.0103481
-0.0107158
-0.0110659
-0.0113979
-0.0117113
-0.0120056
-0.0122803
-0.0125349
-0.0127692
-0.0129826
-0.0131749
-0.0133457
-0.0134949
-0.0136222
-0.0137273
-0.0138101
-0.0138706
-0.0139085
-0.013924
-0.0139169
-0.0138872
-0.0138351
-0.0137607
-0.013664
-0.0135452
-0.0134046
-0.0132424
-0.0130588
-0.0128542
-0.0126289
-0.0123833
-0.0121178
-0.0118328
-0.0115289
-0.0112064
-0.010866
-0.0105082
-0.0101336
-0.00974285
-0.00933652
-0.00891532
-0.00847992
-0.00803106
-0.00756945
-0.00709586
-0.00661106
-0.00611584
-0.00561101
-0.0050974
-0.00457584
-0.00404717
-0.00351227
-0.002972
-0.00242723
-0.00187886
-0.00132777
-0.000774867
-0.000221035
0.000332823
0.00088581
0.00143703
0.00198559
0.00253061
0.0030712
0.00360649
0.00413562
0.00465773
0.00517197
0.00567753
0.00617359
0.00665934
0.00713401
0.00759684
0.00804707
0.008484
0.00890691
0.00931513
0.00970801
0.0100849
0.0104453
0.0107884
0.0111139
0.0114212
0.0117098
0.0119792
0.0122291
0.012459
0.0126685
0.0128574
0.0130253
0.013172
0.0132972
0.0134008
0.0134826
0.0135425
0.0135804
0.0135963
0.0135901
0.0135619
0.0135116
0.0134395
0.0133457
0.0132302
0.0130934
0.0129353
0.0127564
0.0125569
0.0123372
0.0120975
0.0118384
0.0115602
0.0112634
0.0109485
0.010616
0.0102665
0.00990051
0.00951867
0.00912159
0.00870993
0.00828436
0.00784559
0.00739433
0.00693131
0.0064573
0.00597307
0.00547941
0.00497712
0.00446702
0.00394995
0.00342675
0.00289826
0.00236535
0.00182888
0.00128972
0.000748751
0.000206849
-0.000335108
-0.000876243
-0.00141568
-0.00195254
-0.00248596
-0.00301508
-0.00353904
-0.004057
-0.00456811
-0.00507156
-0.00556653
-0.00605223
-0.00652788
-0.0069927
-0.00744595
-0.00788691
-0.00831486
-0.00872912
-0.00912903
-0.00951394
-0.00988324
-0.0102363
-0.0105727
-0.0108917
-0.0111929
-0.0114759
-0.0117401
-0.0119852
-0.0122107
-0.0124163
-0.0126017
-0.0127666
-0.0129108
-0.013034
-0.0131359
-0.0132166
-0.0132758
-0.0133135
-0.0133297
-0.0133242
-0.0132971
-0.0132486
-0.0131786
-0.0130873
-0.0129749
-0.0128415
-0.0126874
-0.0125128
-0.0123181
-0.0121036
-0.0118695
-0.0116164
-0.0113446
-0.0110546
-0.0107468
-0.0104218
-0.0100801
-0.00972228
-0.00934892
-0.00896062
-0.00855803
-0.0081418
-0.00771262
-0.00727119
-0.00681824
-0.00635449
-0.00588072
-0.00539769
-0.00490619
-0.00440702
-0.00390099
-0.00338893
-0.00287167
-0.00235005
-0.00182492
-0.00129714
-0.000767548
-0.000237016
0.000293598
0.000823436
0.00135164
0.00187735
0.00239973
0.00291791
0.00343108
0.00393839
0.00443904
0.00493221
0.0054171
0.00589295
0.00635897
0.00681442
0.00725858
0.00769071
0.00811014
0.00851619
0.00890821
0.00928556
0.00964766
0.00999391
0.0103238
0.0106367
0.0109322
0.0112099
0.0114692
0.0117097
0.0119312
0.0121332
0.0123154
0.0124775
0.0126194
0.0127406
0.0128412
0.0129209
0.0129796
0.0130172
0.0130337
0.0130291
0.0130033
0.0129565
0.0128886
0.0128
0.0126906
0.0125607
0.0124105
0.0122402
0.0120502
0.0118408
0.0116123
0.0113651
0.0110996
0.0108162
0.0105154
0.0101978
0.00986378
0.00951395
0.00914888
0.00876917
0.00837544
0.00796835
0.00754854
0.00711672
0.00667358
0.00621986
0.00575629
0.00528362
0.00480264
0.00431413
0.00381887
0.00331767
0.00281136
0.00230075
0.00178668
0.00126997
0.000751474
0.000232023
-0.000287537
-0.000806365
-0.00132362
-0.00183847
-0.00235007
-0.0028576
-0.00336024
-0.00385718
-0.00434762
-0.00483076
-0.00530582
-0.00577205
-0.00622868
-0.00667499
-0.00711025
-0.00753377
-0.00794487
-0.00834289
-0.00872718
-0.00909714
-0.00945218
-0.00979171
-0.0101152
-0.0104222
-0.0107121
-0.0109845
-0.0112389
-0.0114751
-0.0116925
-0.0118909
-0.0120699
-0.0122292
-0.0123687
-0.0124881
-0.0125872
-0.0126658
-0.0127239
-0.0127613
-0.0127781
-0.0127741
-0.0127495
-0.0127042
-0.0126384
-0.0125521
-0.0124456
-0.0123189
-0.0121724
-0.0120062
-0.0118207
-0.0116161
-0.0113928
-0.0111512
-0.0108916
-0.0106146
-0.0103204
-0.0100098
-0.00968308
-0.00934086
-0.00898369
-0.00861216
-0.00822689
-0.00782849
-0.00741762
-0.00699497
-0.0065612
-0.00611705
-0.00566322
-0.00520046
-0.00472953
-0.00425119
-0.00376622
-0.00327541
-0.00277956
-0.00227947
-0.00177596
-0.00126985
-0.000761952
-0.000253095
0.000255898
0.000764201
0.00127099
0.00177545
0.00227675
0.0027741
0.00326669
0.00375371
0.00423439
0.00470795
0.00517362
0.00563066
0.00607832
0.0065159
0.00694268
0.00735798
0.00776113
0.00815149
0.00852843
0.00889134
0.00923965
0.0095728
0.00989025
0.0101915
0.0104761
0.0107435
0.0109934
0.0112253
0.011439
0.0116339
0.0118099
0.0119667
0.012104
0.0122216
0.0123193
0.012397
0.0124546
0.0124919
0.012509
0.0125058
0.0124823
0.0124386
0.0123748
0.0122909
0.0121872
0.0120638
0.0119208
0.0117586
0.0115775
0.0113777
0.0111595
0.0109233
0.0106696
0.0103987
0.0101111
0.00980726
0.00948767
0.00915286
0.00880339
0.00843983
0.00806277
0.00767284
0.00727068
0.00685693
0.00643228
0.00599742
0.00555306
0.00509993
0.00463876
0.0041703
0.00369533
0.00321461
0.00272892
0.00223905
0.0017458
0.00124998
0.000752375
0.000253805
-0.000244925
-0.000743007
-0.00123963
-0.001734
-0.00222531
-0.00271276
-0.00319558
-0.00367297
-0.00414417
-0.00460841
-0.00506496
-0.00551307
-0.00595202
-0.0063811
-0.00679963
-0.00720693
-0.00760235
-0.00798526
-0.00835503
-0.00871108
-0.00905283
-0.00937975
-0.0096913
-0.009987
-0.0102664
-0.010529
-0.0107744
-0.0110022
-0.0112121
-0.0114037
-0.0115767
-0.0117309
-0.011866
-0.0119818
-0.0120782
-0.0121549
-0.0122119
-0.0122491
-0.0122665
-0.0122639
-0.0122415
-0.0121993
-0.0121373
-0.0120557
-0.0119546
-0.0118342
-0.0116946
-0.0115363
-0.0113593
-0.0111639
-0.0109506
-0.0107197
-0.0104715
-0.0102065
-0.00992512
-0.00962777
-0.00931498
-0.00898726
-0.00864515
-0.00828921
-0.00792002
-0.0075382
-0.00714435
-0.00673914
-0.00632322
-0.00589727
-0.00546198
-0.00501807
-0.00456626
-0.00410728
-0.00364189
-0.00317083
-0.00269488
-0.00221482
-0.00173141
-0.00124544
-0.000757715
-0.000269009
0.00021988
0.000708159
0.00119504
0.00167973
0.00216145
0.00263942
0.00311286
0.00358102
0.00404313
0.00449845
0.00494625
0.0053858
0.00581639
0.00623734
0.00664796
0.0070476
0.00743562
0.00781138
0.00817429
0.00852377
0.00885925
0.00918021
0.00948612
0.0097765
0.0100509
0.0103089
0.01055
0.0107739
0.0109802
0.0111686
0.0113389
0.0114906
0.0116237
0.0117378
0.0118329
0.0119088
0.0119653
0.0120024
0.01202
0.0120181
0.0119968
0.011956
0.0118958
0.0118165
0.011718
0.0116005
0.0114643
0.0113096
0.0111367
0.0109458
0.0107372
0.0105114
0.0102686
0.0100093
0.0097339
0.00944287
0.00913669
0.00881584
0.00848087
0.00813233
0.00777077
0.00739681
0.00701104
0.0066141
0.00620663
0.00578931
0.00536282
0.00492785
0.0044851
0.00403531
0.0035792
0.00311751
0.002651
0.00218043
0.00170655
0.00123014
0.000751977
0.000272829
-0.000206526
-0.000685309
-0.00116275
-0.00163806
-0.00211049
-0.00257927
-0.00304363
-0.00350284
-0.00395614
-0.00440281
-0.00484213
-0.00527338
-0.00569588
-0.00610894
-0.00651189
-0.0069041
-0.00728493
-0.00765376
-0.00801001
-0.00835311
-0.00868251
-0.00899767
-0.0092981
-0.00958332
-0.00985287
-0.0101063
-0.0103433
-0.0105634
-0.0107662
-0.0109515
-0.011119
-0.0112684
-0.0113994
-0.0115119
-0.0116057
-0.0116807
-0.0117367
-0.0117736
-0.0117915
-0.0117902
-0.0117699
-0.0117304
-0.011672
-0.0115948
-0.0114987
-0.0113841
-0.0112511
-0.0110999
-0.0109309
-0.0107442
-0.0105401
-0.0103191
-0.0100815
-0.00982771
-0.00955809
-0.00927312
-0.00897327
-0.00865903
-0.00833091
-0.00798946
-0.00763523
-0.00726881
-0.0068908
-0.0065018
-0.00610247
-0.00569344
-0.00527539
-0.00484901
-0.00441498
-0.00397401
-0.00352682
-0.00307414
-0.0026167
-0.00215525
-0.00169054
-0.00122332
-0.000754344
-0.000284384
0.000185805
0.000655458
0.00112382
0.00159012
0.00205362
0.00251356
0.00296919
0.00341979
0.00386463
0.00430298
0.00473414
0.00515742
0.00557213
0.00597761
0.00637319
0.00675826
0.00713218
0.00749436
0.00784422
0.00818119
0.00850473
0.00881434
0.00910951
0.00938977
0.00965467
0.0099038
0.0101368
0.0103532
0.0105527
0.010735
0.0108999
0.011047
0.0111761
0.0112871
0.0113797
0.0114538
0.0115093
0.0115461
0.0115642
0.0115636
0.0115442
0.0115061
0.0114494
0.0113742
0.0112806
0.0111687
0.0110388
0.010891
0.0107257
0.0105431
0.0103435
0.0101272
0.00989461
0.0096461
0.00938207
0.00910297
0.00880925
0.0085014
0.00817992
0.00784534
0.0074982
0.00713909
0.00676857
0.00638727
0.0059958
0.0055948
0.00518493
0.00476685
0.00434125
0.00390882
0.00347027
0.0030263
0.00257764
0.00212502
0.00166917
0.00121083
0.00075076
0.000289689
-0.000171631
-0.00063245
-0.00109202
-0.00154961
-0.00200446
-0.00245585
-0.00290304
-0.00334531
-0.00378195
-0.00421225
-0.00463552
-0.00505108
-0.00545825
-0.00585639
-0.00624484
-0.00662299
-0.00699022
-0.00734595
-0.00768961
-0.00802065
-0.00833852
-0.00864274
-0.00893281
-0.00920826
-0.00946866
-0.00971359
-0.00994267
-0.0101555
-0.0103518
-0.0105313
-0.0106935
-0.0108384
-0.0109657
-0.0110751
-0.0111665
-0.0112398
-0.0112948
-0.0113315
-0.0113499
-0.0113498
-0.0113313
-0.0112945
-0.0112394
-0.0111661
-0.0110748
-0.0109656
-0.0108386
-0.0106942
-0.0105325
-0.0103537
-0.0101584
-0.0099466
-0.00971883
-0.00947542
-0.00921677
-0.00894331
-0.00865549
-0.00835379
-0.00803869
-0.00771072
-0.00737041
-0.00701832
-0.00665503
-0.00628113
-0.00589723
-0.00550396
-0.00510196
-0.00469189
-0.00427441
-0.0038502
-0.00341996
-0.00298438
-0.00254418
-0.00210006
-0.00165275
-0.00120298
-0.000751476
-0.000298969
0.000153806
0.000606115
0.00105723
0.00150641
0.00195293
0.00239608
0.00283513
0.00326938
0.00369813
0.00412067
0.00453634
0.00494446
0.00534437
0.00573543
0.00611701
0.0064885
0.00684929
0.00719881
0.0075365
0.00786182
0.00817424
0.00847327
0.00875842
0.00902924
0.00928531
0.0095262
0.00975155
0.00996098
0.0101542
0.0103308
0.0104906
0.0106334
0.0107588
0.0108668
0.0109571
0.0110296
0.0110841
0.0111207
0.0111393
0.0111398
0.0111222
0.0110867
0.0110331
0.0109618
0.0108726
0.010766
0.0106419
0.0105006
0.0103424
0.0101675
0.00997618
0.00976881
0.0095457
0.00930722
0.00905378
0.00878578
0.00850367
0.00820791
0.00789899
0.00757741
0.00724371
0.00689842
0.00654212
0.00617538
0.0057988
0.00541301
0.00501862
0.00461628
0.00420665
0.0037904
0.0033682
0.00294074
0.00250871
0.00207281
0.00163377
0.00119227
0.000749057
0.000304833
-0.000139679
-0.000583757
-0.00102668
-0.00146774
-0.00190621
-0.00234139
-0.00277257
-0.00319906
-0.00362016
-0.00403521
-0.00444352
-0.00484444
-0.00523733
-0.00562154
-0.00599647
-0.00636151
-0.00671607
-0.00705958
-0.00739149
-0.00771127
-0.00801841
-0.00831241
-0.0085928
-0.00885915
-0.00911101
-0.00934799
-0.00956971
-0.00977583
-0.00996601
-0.0101399
-0.0102974
-0.010438
-0.0105617
-0.0106683
-0.0107574
-0.0108292
-0.0108833
-0.0109198
-0.0109385
-0.0109395
-0.0109228
-0.0108884
-0.0108364
-0.0107669
-0.0106799
-0.0105757
-0.0104543
-0.0103161
-0.0101613
-0.00999003
-0.00980267
-0.00959951
-0.00938089
-0.00914717
-0.00889874
-0.008636
-0.00835939
-0.00806937
-0.0077664
-0.00745099
-0.00712365
-0.00678492
-0.00643535
-0.00607552
-0.005706
-0.00532742
-0.00494037
-0.0045455
-0.00414345
-0.00373486
-0.00332042
-0.00290078
-0.00247664
-0.00204869
-0.00161761
-0.0011841
-0.000748883
-0.00031265
0.000123888
0.000560024
0.000995051
0.00142826
0.00185896
0.00228645
0.00271004
0.00312904
0.00354277
0.00395058
0.00435179
0.00474577
0.00513187
0.00550948
0.00587799
0.00623681
0.00658535
0.00692306
0.0072494
0.00756384
0.00786588
0.00815503
0.00843083
0.00869285
0.00894066
0.00917386
0.0093921
0.00959501
0.00978228
0.00995361
0.0101087
0.0102474
0.0103694
0.0104746
0.0105627
0.0106336
0.0106873
0.0107237
0.0107427
0.0107442
0.0107283
0.0106951
0.0106445
0.0105767
0.0104918
0.01039
0.0102713
0.0101361
0.00998448
0.00981676
0.00963321
0.00943413
0.00921986
0.00899074
0.00874716
0.00848951
0.00821823
0.00793374
0.00763653
0.00732709
0.0070059
0.00667351
0.00633046
0.00597731
0.00561462
0.00524301
0.00486306
0.00447541
0.00408068
0.00367952
0.00327257
0.00286051
0.002444
0.00202372
0.00160034
0.00117457
0.000747082
0.000318579
-0.000110247
-0.0005387
-0.000966087
-0.00139172
-0.0018149
-0.00223495
-0.00265118
-0.00306294
-0.00346954
-0.00387034
-0.00426469
-0.00465194
-0.00503149
-0.00540271
-0.00576501
-0.0061178
-0.00646052
-0.00679262
-0.00711356
-0.00742283
-0.00771993
-0.00800439
-0.00827574
-0.00853357
-0.00877745
-0.009007
-0.00922185
-0.00942166
-0.00960612
-0.00977492
-0.00992781
-0.0100645
-0.0101849
-0.0102887
-0.0103758
-0.010446
-0.0104993
-0.0105355
-0.0105547
-0.0105567
-0.0105417
-0.0105095
-0.0104603
-0.0103943
-0.0103113
-0.0102118
-0.0100957
-0.00996331
-0.00981484
-0.00965053
-0.00947066
-0.00927552
-0.00906544
-0.00884076
-0.00860186
-0.00834912
-0.00808297
-0.00780384
-0.00751219
-0.0072085
-0.00689326
-0.006567
-0.00623024
-0.00588353
-0.00552744
-0.00516256
-0.00478948
-0.0044088
-0.00402114
-0.00362715
-0.00322745
-0.0028227
-0.00241356
-0.00200069
-0.00158476
-0.00116645
-0.000746438
-0.000325403
9.59712e-05
0.000517002
0.000937007
0.00135531
0.00177122
0.00218408
0.00259322
0.00299797
0.00339769
0.00379172
0.00417943
0.00456019
0.0049334
0.00529844
0.00565474
0.00600171
0.0063388
0.00666548
0.0069812
0.00728547
0.0075778
0.00785773
0.00812479
0.00837857
0.00861865
0.00884467
0.00905625
0.00925306
0.00943479
0.00960116
0.00975188
0.00988674
0.0100055
0.010108
0.0101941
0.0102636
0.0103165
0.0103526
0.010372
0.0103745
0.0103602
0.0103291
0.0102813
0.0102168
0.0101359
0.0100385
0.00992492
0.0097953
0.00964986
0.00948885
0.00931254
0.00912121
0.00891518
0.0086948
0.00846042
0.00821244
0.00795126
0.00767731
0.00739104
0.00709291
0.00678343
0.00646309
0.00613241
0.00579194
0.00544224
0.00508387
0.00471742
0.00434349
0.00396268
0.00357562
0.00318293
0.00278526
0.00238325
0.00197755
0.00156883
0.00115774
0.000744962
0.000331154
-8.30102e-05
-0.000496858
-0.00090972
-0.00132093
-0.00172981
-0.00213572
-0.00253798
-0.00293596
-0.003329
-0.00371648
-0.00409777
-0.00447225
-0.00483932
-0.00519838
-0.00554887
-0.00589021
-0.00622186
-0.00654327
-0.00685395
-0.00715338
-0.00744109
-0.00771662
-0.00797952
-0.00822938
-0.00846579
-0.00868839
-0.0088968
-0.00909071
-0.0092698
-0.00943379
-0.00958242
-0.00971546
-0.0098327
-0.00993396
-0.0100191
-0.0100879
-0.0101404
-0.0101764
-0.0101959
-0.0101989
-0.0101853
-0.0101552
-0.0101087
-0.0100459
-0.00996677
-0.00987154
-0.00976035
-0.0096334
-0.0094909
-0.00933307
-0.00916019
-0.00897254
-0.00877044
-0.0085542
-0.0083242
-0.00808082
-0.00782444
-0.00755549
-0.00727442
-0.00698168
-0.00667775
-0.00636314
-0.00603835
-0.00570392
-0.00536038
-0.00500831
-0.00464828
-0.00428087
-0.00390668
-0.00352633
-0.00314042
-0.00274959
-0.00235448
-0.00195572
-0.00155397
-0.00114987
-0.000744078
-0.000337259
6.99303e-05
0.00047683
0.000882782
0.00128713
0.00168921
0.00208839
0.00248401
0.00287543
0.00326202
0.00364316
0.00401823
0.00438663
0.00474776
0.00510105
0.00544591
0.0057818
0.00610818
0.00642451
0.0067303
0.00702506
0.0073083
0.00757957
0.00783845
0.00808451
0.00831737
0.00853665
0.008742
0.00893309
0.00910963
0.00927133
0.00941793
0.00954921
0.00966496
0.009765
0.00984917
0.00991734
0.00996942
0.0100053
0.010025
0.0100284
0.0100156
0.00998649
0.00994125
0.00987993
0.00980262
0.00970945
0.0096006
0.00947623
0.00933656
0.00918182
0.00901226
0.00882818
0.00862986
0.00841765
0.00819188
0.00795294
0.00770121
0.00743711
0.00716107
0.00687354
0.006575
0.00626593
0.00594684
0.00561824
0.00528068
0.00493471
0.00458089
0.0042198
0.00385202
0.00347816
0.00309881
0.00271461
0.00232618
0.00193413
0.00153913
0.00114179
0.000742773
0.000342723
-5.77136e-05
-0.000457886
-0.000857147
-0.00125485
-0.00165035
-0.00204301
-0.00243219
-0.00281726
-0.00319761
-0.00357261
-0.00394166
-0.00430417
-0.00465955
-0.00500723
-0.00534665
-0.00567726
-0.00599853
-0.00630995
-0.006611
-0.00690122
-0.00718013
-0.00744729
-0.00770226
-0.00794465
-0.00817406
-0.00839012
-0.0085925
-0.00878087
-0.00895493
-0.00911441
-0.00925905
-0.00938862
-0.00950292
-0.00960178
-0.00968504
-0.00975256
-0.00980425
-0.00984004
-0.00985986
-0.0098637
-0.00985155
-0.00982344
-0.00977942
-0.00971958
-0.00964401
-0.00955284
-0.00944624
-0.00932437
-0.00918744
-0.00903568
-0.00886934
-0.0086887
-0.00849406
-0.00828573
-0.00806406
-0.00782942
-0.00758219
-0.00732278
-0.00705161
-0.00676912
-0.00647579
-0.00617209
-0.00585851
-0.00553557
-0.00520379
-0.00486372
-0.00451591
-0.00416093
-0.00379936
-0.00343178
-0.00305879
-0.00268101
-0.00229903
-0.00191349
-0.00152502
-0.00113423
-0.000741771
-0.000348273
4.56244e-05
0.000439283
0.000832065
0.00122333
0.00161246
0.0019988
0.00238175
0.00276068
0.00313497
0.00350403
0.00386726
0.00422406
0.00457387
0.00491613
0.00525027
0.00557577
0.0058921
0.00619874
0.00649521
0.00678104
0.00705575
0.00731892
0.00757012
0.00780894
0.00803501
0.00824797
0.00844747
0.0086332
0.00880486
0.00896218
0.00910491
0.00923283
0.00934573
0.00944344
0.00952581
0.0095927
0.00964403
0.0096797
0.00969967
0.00970392
0.00969244
0.00966526
0.00962242
0.00956401
0.00949013
0.0094009
0.00929647
0.00917701
0.00904274
0.00889387
0.00873065
0.00855334
0.00836225
0.00815769
0.00793999
0.00770952
0.00746664
0.00721177
0.00694532
0.00666772
0.00637943
0.00608093
0.00577269
0.00545522
0.00512905
0.0047947
0.00445271
0.00410366
0.00374809
0.0033866
0.00301977
0.0026482
0.00227249
0.00189326
0.00151111
0.00112667
0.00074056
0.000353412
-3.41498e-05
-0.000421496
-0.000808
-0.00119304
-0.00157598
-0.00195621
-0.00233312
-0.00270609
-0.00307452
-0.00343781
-0.00379539
-0.00414667
-0.00449108
-0.00482808
-0.00515711
-0.00547765
-0.00578919
-0.00609121
-0.00638324
-0.0066648
-0.00693545
-0.00719475
-0.00744228
-0.00767765
-0.00790048
-0.00811042
-0.00830713
-0.0084903
-0.00865963
-0.00881486
-0.00895574
-0.00908205
-0.0091936
-0.00929019
-0.0093717
-0.00943798
-0.00948894
-0.00952451
-0.00954462
-0.00954926
-0.00953843
-0.00951214
-0.00947045
-0.00941342
-0.00934117
-0.00925381
-0.00915149
-0.00903437
-0.00890267
-0.0087566
-0.00859639
-0.00842232
-0.00823467
-0.00803375
-0.0078199
-0.00759346
-0.00735481
-0.00710433
-0.00684245
-0.00656958
-0.00628618
-0.00599271
-0.00568965
-0.00537749
-0.00505674
-0.00472793
-0.00439159
-0.00404827
-0.00369854
-0.00334294
-0.00298208
-0.00261653
-0.00224689
-0.00187376
-0.00149775
-0.00111946
-0.000739505
-0.00035851
2.29111e-05
0.00040414
0.000784559
0.00116355
0.00154051
0.00191481
0.00228586
0.00265306
0.0030158
0.00337352
0.00372562
0.00407154
0.00441072
0.00474262
0.0050667
0.00538243
0.00568932
0.00598686
0.00627458
0.00655201
0.00681872
0.00707426
0.00731824
0.00755027
0.00776996
0.00797697
0.00817097
0.00835165
0.00851873
0.00867193
0.00881102
0.00893577
0.009046
0.00914151
0.00922218
0.00928787
0.00933848
0.00937394
0.00939419
0.00939921
0.009389
0.00936357
0.00932299
0.00926731
0.00919663
0.00911108
0.0090108
0.00889596
0.00876675
0.00862338
0.0084661
0.00829516
0.00811084
0.00791346
0.00770333
0.0074808
0.00724624
0.00700003
0.00674258
0.0064743
0.00619564
0.00590705
0.005609
0.00530199
0.0049865
0.00466306
0.0043322
0.00399444
0.00365035
0.00330048
0.0029454
0.00258569
0.00222194
0.00185473
0.00148466
0.00111233
0.000738349
0.000363321
-1.21451e-05
-0.000387442
-0.00076196
-0.00113509
-0.00150624
-0.0018748
-0.00224017
-0.00260176
-0.002959
-0.00331129
-0.00365808
-0.00399881
-0.00433291
-0.00465987
-0.00497914
-0.00529021
-0.00559259
-0.00588578
-0.00616932
-0.00644275
-0.00670563
-0.00695754
-0.00719807
-0.00742684
-0.00764349
-0.00784766
-0.00803903
-0.0082173
-0.00838219
-0.00853342
-0.00867077
-0.00879401
-0.00890295
-0.00899742
-0.00907727
-0.00914238
-0.00919264
-0.009228
-0.00924838
-0.00925377
-0.00924416
-0.00921957
-0.00918005
-0.00912567
-0.00905653
-0.00897273
-0.00887443
-0.00876178
-0.00863499
-0.00849425
-0.00833979
-0.00817189
-0.00799081
-0.00779685
-0.00759034
-0.0073716
-0.00714101
-0.00689893
-0.00664577
-0.00638194
-0.00610788
-0.00582402
-0.00553084
-0.00522881
-0.00491843
-0.00460019
-0.00427463
-0.00394228
-0.00360366
-0.00325934
-0.00290987
-0.00255582
-0.00219778
-0.00183631
-0.00147201
-0.00110546
-0.000737275
-0.000368036
1.65468e-06
0.000371197
0.000739991
0.00110744
0.00147295
0.00183593
0.00219579
0.00255196
0.00290384
0.00325088
0.00359252
0.0039282
0.00425739
0.00457954
0.00489415
0.0052007
0.0054987
0.00578768
0.00606716
0.0063367
0.00659587
0.00684424
0.00708143
0.00730705
0.00752074
0.00772215
0.00791098
0.00808691
0.00824966
0.00839899
0.00853464
0.00865641
0.0087641
0.00885755
0.00893661
0.00900116
0.00905109
0.00908634
0.00910684
0.00911259
0.00910356
0.00907978
0.0090413
0.00898818
0.00892052
0.00883843
0.00874204
0.00863153
0.00850707
0.00836888
0.00821717
0.00805221
0.00787427
0.00768363
0.00748062
0.00726556
0.00703882
0.00680075
0.00655176
0.00629225
0.00602264
0.00574337
0.00545491
0.00515772
0.00485229
0.00453911
0.0042187
0.00389158
0.00355828
0.00321934
0.00287531
0.00252676
0.00217425
0.00181836
0.00145966
0.00109873
0.000736156
0.000372534
8.44896e-06
-0.000355508
-0.000718748
-0.00108068
-0.00144072
-0.00179829
-0.00215281
-0.00250369
-0.00285039
-0.00319233
-0.00352897
-0.00385975
-0.00418416
-0.00450165
-0.00481173
-0.00511389
-0.00540765
-0.00569253
-0.00596808
-0.00623384
-0.0064894
-0.00673435
-0.00696829
-0.00719084
-0.00740166
-0.0076004
-0.00778675
-0.0079604
-0.00812109
-0.00826856
-0.00840257
-0.00852291
-0.00862939
-0.00872185
-0.00880014
-0.00886413
-0.00891374
-0.00894888
-0.00896951
-0.00897559
-0.00896713
-0.00894414
-0.00890666
-0.00885477
-0.00878854
-0.0087081
-0.00861357
-0.00850513
-0.00838294
-0.00824721
-0.00809818
-0.00793607
-0.00776117
-0.00757376
-0.00737415
-0.00716266
-0.00693964
-0.00670547
-0.00646052
-0.0062052
-0.00593991
-0.00566511
-0.00538122
-0.00508873
-0.0047881
-0.00447983
-0.00416442
-0.00384238
-0.00351423
-0.00318052
-0.00284178
-0.00249857
-0.00215143
-0.00180095
-0.00144768
-0.0010922
-0.000735082
-0.000376913
-1.82705e-05
0.000340264
0.000698111
0.00105469
0.00140942
0.00176173
0.00211106
0.00245683
0.00279848
0.00313547
0.00346725
0.00379328
0.00411304
0.00442602
0.0047317
0.0050296
0.00531923
0.00560013
0.00587185
0.00613395
0.00638602
0.00662763
0.00685841
0.00707799
0.00728602
0.00748216
0.0076661
0.00783755
0.00799623
0.00814189
0.0082743
0.00839325
0.00849856
0.00859005
0.00866759
0.00873105
0.00878034
0.00881538
0.00883612
0.00884254
0.00883462
0.00881239
0.00877589
0.00872518
0.00866034
0.0085815
0.00848878
0.00838234
0.00826236
0.00812903
0.00798258
0.00782325
0.0076513
0.00746702
0.0072707
0.00706268
0.00684329
0.0066129
0.00637187
0.00612061
0.00585953
0.00558905
0.00530962
0.00502168
0.00472572
0.00442221
0.00411165
0.00379455
0.00347141
0.00314277
0.00280916
0.00247113
0.00212922
0.00178399
0.001436
0.00108581
0.000733991
0.000381118
2.77611e-05
-0.000325508
-0.000678115
-0.00102949
-0.00137907
-0.00172627
-0.00207056
-0.00241135
-0.00274811
-0.00308029
-0.00340735
-0.00372876
-0.00404402
-0.0043526
-0.00465401
-0.00494776
-0.00523339
-0.00551043
-0.00577843
-0.00603697
-0.00628563
-0.00652401
-0.00675173
-0.00696842
-0.00717373
-0.00736734
-0.00754894
-0.00771824
-0.00787497
-0.00801888
-0.00814974
-0.00826734
-0.0083715
-0.00846206
-0.00853886
-0.0086018
-0.00865078
-0.00868572
-0.00870657
-0.00871331
-0.00870592
-0.00868443
-0.00864887
-0.0085993
-0.00853582
-0.00845854
-0.00836757
-0.00826308
-0.00814523
-0.00801423
-0.00787029
-0.00771365
-0.00754457
-0.00736333
-0.00717022
-0.00696556
-0.00674969
-0.00652297
-0.00628575
-0.00603844
-0.00578144
-0.00551516
-0.00524005
-0.00495655
-0.00466512
-0.00436623
-0.00406039
-0.00374808
-0.00342981
-0.0031061
-0.00277747
-0.00244447
-0.00210764
-0.00176751
-0.00142464
-0.00107959
-0.000732927
-0.0003852
-3.69784e-05
0.000311173
0.000658691
0.00100501
0.00134958
0.00169183
0.00203121
0.00236717
0.00269917
0.00302667
0.00334915
0.00366608
0.00397695
0.00428126
0.00457852
0.00486825
0.00514998
0.00542326
0.00568765
0.00594273
0.00618808
0.00642332
0.00664805
0.00686193
0.00706461
0.00725577
0.00743509
0.0076023
0.00775713
0.00789934
0.00802868
0.00814497
0.00824802
0.00833766
0.00841376
0.00847619
0.00852486
0.0085597
0.00858066
0.0085877
0.00858083
0.00856005
0.00852541
0.00847696
0.00841479
0.00833901
0.00824975
0.00814715
0.00803138
0.00790264
0.00776114
0.00760711
0.00744082
0.00726253
0.00707253
0.00687114
0.00665869
0.00643553
0.00620203
0.00595855
0.00570551
0.00544332
0.0051724
0.00489321
0.00460618
0.00431179
0.00401053
0.00370288
0.00338933
0.00307042
0.00274664
0.00241853
0.00208662
0.00175145
0.00141357
0.00107352
0.000731858
0.000389134
4.59038e-05
-0.000297274
-0.000639845
-0.000981253
-0.00132095
-0.00165837
-0.00199299
-0.00232425
-0.00265163
-0.00297459
-0.00329261
-0.00360517
-0.00391178
-0.00421194
-0.00450517
-0.00479098
-0.00506893
-0.00533856
-0.00559944
-0.00585115
-0.00609328
-0.00632546
-0.00654729
-0.00675844
-0.00695856
-0.00714732
-0.00732444
-0.00748962
-0.0076426
-0.00778314
-0.00791102
-0.00802603
-0.00812799
-0.00821674
-0.00829215
-0.00835408
-0.00840246
-0.0084372
-0.00845826
-0.00846561
-0.00845923
-0.00843914
-0.00840539
-0.00835802
-0.00829713
-0.00822282
-0.0081352
-0.00803444
-0.00792069
-0.00779415
-0.00765502
-0.00750353
-0.00733995
-0.00716452
-0.00697755
-0.00677934
-0.00657022
-0.00635052
-0.00612061
-0.00588087
-0.00563169
-0.00537346
-0.00510663
-0.00483161
-0.00454887
-0.00425885
-0.00396204
-0.00365892
-0.00334997
-0.00303571
-0.00271665
-0.00239329
-0.00206618
-0.00173583
-0.0014028
-0.00106761
-0.000730808
-0.000392947
-5.45711e-05
0.000283771
0.00062153
0.00095816
0.00129312
0.00162585
0.00195584
0.00228253
0.00260541
0.00292395
0.00323763
0.00354596
0.00384843
0.00414455
0.00443384
0.00471585
0.00499011
0.00525619
0.00551366
0.00576209
0.0060011
0.0062303
0.00644931
0.0066578
0.00685542
0.00704186
0.00721683
0.00738003
0.00753121
0.00767014
0.00779659
0.00791035
0.00801126
0.00809914
0.00817387
0.00823533
0.00828341
0.00831806
0.00833921
0.00834685
0.00834095
0.00832154
0.00828865
0.00824233
0.00818268
0.00810979
0.00802378
0.0079248
0.00781302
0.00768861
0.00755178
0.00740277
0.00724182
0.00706918
0.00688515
0.00669003
0.00648414
0.00626781
0.00604141
0.00580529
0.00555985
0.00530549
0.00504262
0.00477168
0.00449309
0.00420733
0.00391485
0.00361613
0.00331166
0.00300193
0.00268745
0.00236872
0.00204627
0.00172061
0.00139229
0.00106183
0.00072976
0.00039663
6.29757e-05
-0.000270661
-0.00060374
-0.000935722
-0.00126607
-0.00159425
-0.00191972
-0.00224197
-0.00256047
-0.00287471
-0.00318418
-0.00348838
-0.00378681
-0.004079
-0.00436448
-0.00464278
-0.00491346
-0.00517609
-0.00543022
-0.00567547
-0.00591144
-0.00613774
-0.00635401
-0.00655991
-0.0067551
-0.00693928
-0.00711215
-0.00727343
-0.00742286
-0.00756021
-0.00768527
-0.00779782
-0.00789769
-0.00798474
-0.00805881
-0.00811979
-0.0081676
-0.00820215
-0.00822339
-0.0082313
-0.00822587
-0.00820712
-0.00817506
-0.00812977
-0.00807133
-0.00799982
-0.00791537
-0.00781813
-0.00770825
-0.00758592
-0.00745133
-0.00730472
-0.00714633
-0.0069764
-0.00679524
-0.00660312
-0.00640037
-0.00618732
-0.00596432
-0.00573174
-0.00548994
-0.00523934
-0.00498033
-0.00471334
-0.00443881
-0.00415718
-0.00386892
-0.00357449
-0.00327436
-0.00296904
-0.00265902
-0.00234479
-0.00202687
-0.00170579
-0.00138205
-0.00105618
-0.000728724
-0.000400198
-7.11385e-05
0.00025792
0.000586444
0.000913903
0.00123976
0.0015635
0.00188459
0.00220252
0.00251676
0.00282681
0.00313217
0.00343235
0.00372686
0.00401523
0.00429699
0.00457169
0.00483888
0.00509813
0.00534904
0.00559118
0.00582418
0.00604766
0.00626126
0.00646464
0.00665747
0.00683944
0.00701027
0.00716967
0.0073174
0.00745322
0.00757692
0.00768829
0.00778716
0.00787338
0.00794681
0.00800733
0.00805486
0.00808932
0.00811065
0.00811884
0.00811386
0.00809574
0.0080645
0.0080202
0.00796293
0.00789276
0.00780984
0.00771428
0.00760626
0.00748594
0.00735354
0.00720927
0.00705336
0.00688608
0.00670769
0.0065185
0.00631881
0.00610895
0.00588927
0.00566011
0.00542187
0.00517492
0.00491967
0.00465653
0.00438595
0.00410834
0.00382418
0.00353392
0.00323803
0.002937
0.00263131
0.00232147
0.00200797
0.00169133
0.00137205
0.00105067
0.000727691
0.000403647
7.9061e-05
-0.00024554
-0.00056963
-0.000892684
-0.00121418
-0.00153359
-0.00185041
-0.00216412
-0.00247422
-0.0027802
-0.00308156
-0.00337783
-0.00366852
-0.00395316
-0.0042313
-0.00450248
-0.00476628
-0.00502225
-0.00527
-0.00550913
-0.00573924
-0.00595997
-0.00617097
-0.00637189
-0.00656242
-0.00674225
-0.00691108
-0.00706866
-0.00721473
-0.00734906
-0.00747143
-0.00758165
-0.00767954
-0.00776496
-0.00783776
-0.00789784
-0.00794509
-0.00797945
-0.00800087
-0.00800932
-0.00800478
-0.00798728
-0.00795683
-0.0079135
-0.00785736
-0.00778851
-0.00770706
-0.00761314
-0.00750692
-0.00738858
-0.0072583
-0.0071163
-0.00696281
-0.0067981
-0.00662243
-0.00643608
-0.00623937
-0.00603262
-0.00581616
-0.00559035
-0.00535556
-0.00511216
-0.00486057
-0.00460119
-0.00433444
-0.00406076
-0.00378059
-0.00349439
-0.00320263
-0.00290577
-0.00260431
-0.00229874
-0.00198954
-0.00167722
-0.0013623
-0.00104527
-0.000726663
-0.000406984
-8.6756e-05
0.000233503
0.000553273
0.000872037
0.00118928
0.00150448
0.00181714
0.00212675
0.0024328
0.00273481
0.00303228
0.00332473
0.0036117
0.00389272
0.00416733
0.00443509
0.00469557
0.00494835
0.00519303
0.00542921
0.00565651
0.00587457
0.00608302
0.00628155
0.00646984
0.00664757
0.00681447
0.00697027
0.00711472
0.00724759
0.00736866
0.00747776
0.0075747
0.00765933
0.00773152
0.00779116
0.00783815
0.00787242
0.00789392
0.00790262
0.00789851
0.0078816
0.00785192
0.00780953
0.0077545
0.00768692
0.00760691
0.00751459
0.00741013
0.0072937
0.00716548
0.0070257
0.00687458
0.00671236
0.00653933
0.00635576
0.00616195
0.00595822
0.0057449
0.00552234
0.00529092
0.00505099
0.00480296
0.00454724
0.00428423
0.00401436
0.00373809
0.00345584
0.0031681
0.00287532
0.00257797
0.00227655
0.00197155
0.00166345
0.00135276
0.00103999
0.000725631
0.000410206
9.42245e-05
-0.000221803
-0.000537364
-0.000851947
-0.00116504
-0.00147614
-0.00178475
-0.00209035
-0.00239247
-0.0026906
-0.00298428
-0.00327302
-0.00355635
-0.00383383
-0.004105
-0.00436943
-0.00462668
-0.00487635
-0.00511803
-0.00535134
-0.0055759
-0.00579134
-0.00599732
-0.00619352
-0.00637961
-0.0065553
-0.00672031
-0.00687437
-0.00701724
-0.00714869
-0.0072685
-0.0073765
-0.00747251
-0.00755637
-0.00762797
-0.00768717
-0.0077339
-0.00776807
-0.00778965
-0.0077986
-0.0077949
-0.00777857
-0.00774965
-0.00770817
-0.00765422
-0.00758787
-0.00750926
-0.0074185
-0.00731575
-0.00720118
-0.00707498
-0.00693735
-0.00678853
-0.00662875
-0.00645829
-0.00627742
-0.00608643
-0.00588565
-0.00567539
-0.00545601
-0.00522786
-0.00499131
-0.00474676
-0.00449459
-0.00423523
-0.00396909
-0.00369661
-0.00341822
-0.00313439
-0.00284558
-0.00255225
-0.00225489
-0.00195397
-0.00164998
-0.00134342
-0.00103479
-0.000724585
-0.000413309
-0.000101468
0.000210432
0.000521887
0.000832392
0.00114144
0.00144854
0.00175319
0.00205489
0.00235317
0.00264753
0.0029375
0.00322261
0.00350241
0.00377643
0.00404424
0.00430541
0.00455952
0.00480615
0.00504491
0.00527541
0.00549729
0.00571018
0.00591375
0.00610766
0.00629162
0.00646531
0.00662847
0.00678083
0.00692216
0.00705221
0.0071708
0.00727772
0.00737282
0.00745593
0.00752694
0.00758572
0.00763218
0.00766627
0.00768792
0.0076971
0.0076938
0.00767804
0.00764984
0.00760925
0.00755634
0.00749121
0.00741395
0.00732471
0.00722362
0.00711087
0.00698662
0.0068511
0.00670451
0.00654711
0.00637916
0.00620092
0.00601269
0.00581478
0.00560751
0.00539122
0.00516627
0.00493302
0.00469185
0.00444316
0.00418735
0.00392484
0.00365605
0.00338144
0.00310143
0.00281649
0.00252708
0.00223367
0.00193673
0.00163676
0.00133424
0.00102965
0.000723494
0.000416268
0.00010847
-0.000199401
-0.000506848
-0.00081337
-0.00111847
-0.00142166
-0.00172245
-0.00202034
-0.00231486
-0.00260553
-0.00289188
-0.00317345
-0.00344979
-0.00372044
-0.00398497
-0.00424296
-0.00449398
-0.00473764
-0.00497354
-0.0052013
-0.00542055
-0.00563095
-0.00583216
-0.00602384
-0.0062057
-0.00637744
-0.00653879
-0.00668949
-0.0068293
-0.00695799
-0.00707536
-0.00718123
-0.00727543
-0.0073578
-0.00742822
-0.00748658
-0.00753279
-0.00756678
-0.00758849
-0.00759789
-0.00759498
-0.00757976
-0.00755226
-0.00751253
-0.00746064
-0.00739668
-0.00732075
-0.00723298
-0.00713351
-0.00702252
-0.00690018
-0.00676671
-0.00662231
-0.00646722
-0.00630171
-0.00612603
-0.00594049
-0.00574538
-0.00554102
-0.00532775
-0.00510592
-0.00487589
-0.00463802
-0.00439273
-0.00414039
-0.00388142
-0.00361625
-0.00334531
-0.00306904
-0.00278788
-0.0025023
-0.00221276
-0.00191972
-0.00162367
-0.00132509
-0.00102446
-0.000722266
-0.000419002
-0.00011516
0.000188769
0.000492292
0.000794916
0.00109615
0.00139551
0.00169251
0.00198667
0.00227752
0.00256457
0.00284737
0.00312547
0.00339841
0.00366575
0.00392706
0.00418193
0.00442993
0.00467066
0.00490375
0.00512882
0.0053455
0.00555344
0.00575231
0.0059418
0.00612159
0.00629141
0.00645097
0.00660002
0.00673833
0.00686567
0.00698184
0.00708666
0.00717995
0.00726158
0.00733142
0.00738934
0.00743528
0.00746915
0.0074909
0.0075005
0.00749794
0.00748323
0.0074564
0.0074175
0.00736658
0.00730374
0.00722908
0.00714274
0.00704484
0.00693556
0.00681507
0.00668358
0.0065413
0.00638846
0.00622532
0.00605214
0.00586922
0.00567684
0.00547532
0.00526499
0.0050462
0.00481931
0.00458467
0.00434269
0.00409374
0.00383825
0.00357661
0.00330927
0.00303665
0.0027592
0.00247737
0.00219162
0.0019024
0.00161021
0.0013155
0.00101875
0.000720451
0.000421083
0.000121133
-0.000178914
-0.000478572
-0.000777354
-0.00107478
-0.00137036
-0.00166362
-0.00195409
-0.00224129
-0.00252477
-0.00280405
-0.0030787
-0.00334827
-0.00361232
-0.00387042
-0.00412217
-0.00436715
-0.00460497
-0.00483524
-0.00505759
-0.00527168
-0.00547714
-0.00567366
-0.00586092
-0.00603861
-0.00620645
-0.00636417
-0.00651152
-0.00664826
-0.00677418
-0.00688907
-0.00699276
-0.00708507
-0.00716587
-0.00723501
-0.00729241
-0.00733796
-0.00737159
-0.00739326
-0.00740293
-0.0074006
-0.00738626
-0.00735996
-0.00732172
-0.00727162
-0.00720975
-0.0071362
-0.00705111
-0.0069546
-0.00684685
-0.00672803
-0.00659833
-0.00645798
-0.00630719
-0.00614622
-0.00597534
-0.00579482
-0.00560495
-0.00540606
-0.00519845
-0.00498249
-0.0047585
-0.00452687
-0.00428797
-0.00404219
-0.00378992
-0.00353159
-0.00326761
-0.00299841
-0.00272442
-0.0024461
-0.0021639
-0.00187828
-0.00158969
-0.00129861
-0.00100551
-0.000710866
-0.000415157
-0.000118863
0.000177537
0.000473561
0.000768731
0.00106257
0.0013546
0.00164434
0.00193134
0.00221512
0.00249523
0.00277121
0.00304261
0.00330901
0.00356996
0.00382505
0.00407387
0.004316
0.00455108
0.0047787
0.00499852
0.00521017
0.00541331
0.00560761
0.00579278
0.00596849
0.00613449
0.00629049
0.00643625
0.00657154
0.00669613
0.00680984
0.00691248
0.00700388
0.00708391
0.00715243
0.00720934
0.00725454
0.00728798
0.0073096
0.00731936
0.00731726
0.0073033
0.00727751
0.00723993
0.00719063
0.00712969
0.00705722
0.00697333
0.00687816
0.00677188
0.00665465
0.00652667
0.00638815
0.00623932
0.00608042
0.00591171
0.00573348
0.005546
0.0053496
0.00514458
0.00493128
0.00471005
0.00448126
0.00424527
0.00400247
0.00375326
0.00349804
0.00323722
0.00297123
0.00270051
0.00242549
0.00214662
0.00186435
0.00157914
0.00129145
0.00100176
0.00071053
0.000418232
0.000125341
-0.000167669
-0.000460322
-0.000752144
-0.00104266
-0.00133141
-0.00161791
-0.00190171
-0.00218235
-0.00245937
-0.00273232
-0.00300077
-0.00326428
-0.00352243
-0.00377479
-0.00402097
-0.00426056
-0.00449317
-0.00471845
-0.00493601
-0.00514551
-0.00534662
-0.00553901
-0.00572236
-0.0058964
-0.00606083
-0.0062154
-0.00635986
-0.00649397
-0.00661752
-0.00673032
-0.00683219
-0.00692295
-0.00700248
-0.00707065
-0.00712734
-0.00717247
-0.00720597
-0.00722779
-0.00723789
-0.00723628
-0.00722294
-0.00719791
-0.00716123
-0.00711296
-0.00705318
-0.00698201
-0.00689954
-0.00680593
-0.00670132
-0.0065859
-0.00645984
-0.00632336
-0.00617668
-0.00602004
-0.0058537
-0.00567793
-0.00549303
-0.00529928
-0.00509701
-0.00488655
-0.00466824
-0.00444244
-0.00420951
-0.00396984
-0.00372382
-0.00347184
-0.00321432
-0.00295167
-0.00268433
-0.00241272
-0.0021373
-0.0018585
-0.00157677
-0.00129259
-0.0010064
-0.000718666
-0.000429866
-0.000140461
0.000149078
0.000438282
0.000726684
0.00101382
0.00129921
0.00158241
0.00186296
0.0021404
0.00241428
0.00268416
0.00294961
0.00321019
0.00346549
0.00371509
0.00395859
0.0041956
0.00442574
0.00464863
0.00486391
0.00507125
0.00527031
0.00546076
0.0056423
0.00581464
0.0059775
0.00613063
0.00627377
0.0064067
0.00652921
0.0066411
0.00674219
0.00683233
0.00691136
0.00697917
0.00703565
0.00708071
0.00711428
0.00713632
0.00714678
0.00714566
0.00713295
0.0071087
0.00707293
0.00702571
0.00696712
0.00689726
0.00681624
0.0067242
0.0066213
0.0065077
0.00638358
0.00624916
0.00610466
0.00595031
0.00578637
0.0056131
0.00543078
0.00523973
0.00504024
0.00483265
0.00461729
0.00439451
0.00416468
0.00392818
0.00368538
0.00343669
0.00318251
0.00292325
0.00265933
0.00239118
0.00211924
0.00184396
0.00156577
0.00128513
0.00100249
0.000718318
0.000433069
0.000147208
-0.000138803
-0.0004245
-0.00070942
-0.000993102
-0.00127509
-0.00155492
-0.00183214
-0.00210631
-0.00237698
-0.00264372
-0.00290608
-0.00316366
-0.00341603
-0.00366279
-0.00390353
-0.00413787
-0.00436544
-0.00458586
-0.00479878
-0.00500386
-0.00520076
-0.00538918
-0.0055688
-0.00573934
-0.00590053
-0.00605211
-0.00619384
-0.00632548
-0.00644683
-0.00655769
-0.0066579
-0.00674728
-0.0068257
-0.00689303
-0.00694918
-0.00699404
-0.00702756
-0.00704968
-0.00706036
-0.0070596
-0.0070474
-0.00702378
-0.00698879
-0.00694248
-0.00688494
-0.00681625
-0.00673654
-0.00664594
-0.0065446
-0.00643268
-0.00631037
-0.00617787
-0.00603539
-0.00588319
-0.00572149
-0.00555057
-0.00537071
-0.0051822
-0.00498535
-0.00478048
-0.00456793
-0.00434804
-0.00412117
-0.00388769
-0.00364798
-0.00340243
-0.00315144
-0.00289543
-0.0026348
-0.00236997
-0.00210139
-0.00182949
-0.0015547
-0.00127748
-0.000998274
-0.000717534
-0.000435717
-0.00015328
0.000129319
0.000411623
0.000693173
0.000973514
0.00125219
0.00152876
0.00180276
0.00207375
0.00234131
0.00260498
0.00286436
0.00311901
0.00336854
0.00361252
0.00385058
0.00408233
0.00430739
0.0045254
0.00473601
0.00493888
0.00513368
0.00532011
0.00549786
0.00566664
0.00582619
0.00597625
0.00611658
0.00624695
0.00636716
0.00647701
0.00657634
0.00666497
0.00674278
0.00680964
0.00686544
0.00691009
0.00694354
0.00696572
0.00697661
0.00697619
0.00696446
0.00694145
0.00690719
0.00686175
0.00680521
0.00673765
0.0066592
0.00656998
0.00647013
0.00635983
0.00623926
0.00610862
0.00596811
0.00581797
0.00565845
0.00548981
0.00531232
0.00512628
0.00493198
0.00472975
0.00451992
0.00430282
0.00407882
0.00384827
0.00361156
0.00336906
0.00312118
0.00286832
0.00261088
0.00234929
0.00208397
0.00181535
0.00154388
0.00126998
0.000994104
0.000716702
0.000438222
0.000159116
-0.000120164
-0.000399165
-0.000677436
-0.000954525
-0.00122998
-0.00150337
-0.00177423
-0.00204214
-0.00230665
-0.00256735
-0.00282381
-0.00307562
-0.00332237
-0.00356366
-0.0037991
-0.00402831
-0.00425093
-0.00446659
-0.00467494
-0.00487566
-0.00506842
-0.0052529
-0.00542882
-0.00559588
-0.00575383
-0.0059024
-0.00604137
-0.0061705
-0.00628959
-0.00639846
-0.00649692
-0.00658482
-0.00666203
-0.00672841
-0.00678387
-0.00682833
-0.0068617
-0.00688394
-0.00689502
-0.00689492
-0.00688364
-0.00686122
-0.00682768
-0.00678308
-0.00672751
-0.00666105
-0.00658382
-0.00649593
-0.00639755
-0.00628883
-0.00616995
-0.0060411
-0.00590251
-0.00575438
-0.00559698
-0.00543055
-0.00525538
-0.00507173
-0.00487993
-0.00468027
-0.00447308
-0.00425871
-0.0040375
-0.00380981
-0.00357602
-0.0033365
-0.00309164
-0.00284185
-0.00258753
-0.00232908
-0.00206694
-0.00180153
-0.00153328
-0.00126262
-0.000989997
-0.00071585
-0.000440624
-0.000164766
0.000111277
0.000387058
0.000662129
0.000936046
0.00120836
0.00147864
0.00174645
0.00201134
0.00227289
0.00253069
0.0027843
0.00303333
0.00327737
0.00351603
0.00374891
0.00397565
0.00419588
0.00440925
0.00461541
0.00481402
0.00500478
0.00518737
0.00536149
0.00552688
0.00568326
0.00583038
0.00596802
0.00609593
0.00621394
0.00632183
0.00641945
0.00650664
0.00658325
0.00664918
0.00670431
0.00674855
0.00678185
0.00680415
0.00681541
0.00681562
0.00680479
0.00678293
0.00675009
0.00670632
0.00665169
0.0065863
0.00651025
0.00642368
0.00632672
0.00621953
0.0061023
0.00597521
0.00583848
0.00569232
0.00553698
0.00537272
0.00519979
0.00501849
0.00482911
0.00463196
0.00442736
0.00421565
0.00399716
0.00377226
0.00354132
0.0033047
0.0030628
0.002816
0.00256472
0.00230935
0.00205031
0.00178803
0.00152292
0.00125543
0.000985977
0.000715007
0.000442958
0.000170272
-0.000102611
-0.000375247
-0.000647196
-0.000918015
-0.00118727
-0.00145452
-0.00171933
-0.00198128
-0.00223994
-0.0024949
-0.00274574
-0.00299205
-0.00323344
-0.00346953
-0.00369992
-0.00392424
-0.00414215
-0.00435327
-0.00455728
-0.00475384
-0.00494264
-0.00512338
-0.00529575
-0.0054595
-0.00561435
-0.00576006
-0.00589639
-0.00602312
-0.00614005
-0.006247
-0.0063438
-0.00643028
-0.00650632
-0.00657179
-0.00662659
-0.00667064
-0.00670386
-0.00672621
-0.00673766
-0.00673817
-0.00672777
-0.00670647
-0.00667431
-0.00663134
-0.00657763
-0.00651328
-0.00643839
-0.00635309
-0.00625752
-0.00615184
-0.00603621
-0.00591084
-0.00577592
-0.00563169
-0.00547837
-0.00531621
-0.00514549
-0.00496647
-0.00477946
-0.00458476
-0.00438269
-0.00417357
-0.00395774
-0.00373557
-0.00350741
-0.00327363
-0.00303461
-0.00279074
-0.00254242
-0.00229005
-0.00203405
-0.00177482
-0.00151279
-0.00124839
-0.000982035
-0.000714169
-0.000445225
-0.000175636
9.41589e-05
0.000363723
0.00063262
0.000900413
0.00116667
0.00143096
0.00169285
0.00195192
0.00220776
0.00245994
0.00270807
0.00295173
0.00319054
0.0034241
0.00365206
0.00387402
0.00408965
0.00429858
0.00450049
0.00469504
0.00488193
0.00506086
0.00523153
0.00539367
0.00554703
0.00569135
0.0058264
0.00595197
0.00606786
0.00617389
0.00626988
0.00635567
0.00643115
0.00649618
0.00655066
0.00659451
0.00662766
0.00665006
0.00666168
0.00666249
0.00665251
0.00663175
0.00660025
0.00655806
0.00650525
0.00644192
0.00636816
0.00628411
0.0061899
0.00608568
0.00597162
0.00584793
0.00571479
0.00557243
0.00542108
0.00526098
0.00509241
0.00491563
0.00473093
0.00453863
0.00433902
0.00413243
0.00391921
0.0036997
0.00347426
0.00324325
0.00300705
0.00276604
0.00252062
0.00227119
0.00201814
0.0017619
0.00150288
0.0012415
0.000978174
0.000713343
0.000447432
0.000180872
-8.59048e-05
-0.000352466
-0.000618379
-0.000883214
-0.00114654
-0.00140794
-0.00166697
-0.00192324
-0.00217631
-0.00242578
-0.00267125
-0.00291232
-0.0031486
-0.00337971
-0.00360528
-0.00382494
-0.00403834
-0.00424513
-0.00444498
-0.00463757
-0.00482259
-0.00499975
-0.00516875
-0.00532932
-0.00548121
-0.00562418
-0.00575799
-0.00588243
-0.0059973
-0.00610241
-0.00619761
-0.00628274
-0.00635766
-0.00642226
-0.00647642
-0.00652008
-0.00655316
-0.00657561
-0.00658739
-0.0065885
-0.00657893
-0.0065587
-0.00652784
-0.00648642
-0.00643449
-0.00637215
-0.0062995
-0.00621666
-0.00612378
-0.00602099
-0.00590847
-0.00578641
-0.00565501
-0.00551448
-0.00536506
-0.00520698
-0.0050405
-0.00486591
-0.00468348
-0.00449351
-0.00429631
-0.00409221
-0.00388153
-0.00366462
-0.00344184
-0.00321353
-0.00298009
-0.00274188
-0.0024993
-0.00225273
-0.00200259
-0.00174927
-0.00149318
-0.00123475
-0.000974391
-0.000712527
-0.000449582
-0.000185983
7.78421e-05
0.000341467
0.000604463
0.000866406
0.00112687
0.00138543
0.00164168
0.00189519
0.00214556
0.00239238
0.00263525
0.00287379
0.0031076
0.0033363
0.00355954
0.00377694
0.00398816
0.00419286
0.00439071
0.00458138
0.00476457
0.00493999
0.00510736
0.0052664
0.00541686
0.0055585
0.00569109
0.00581442
0.00592829
0.00603252
0.00612694
0.00621141
0.00628579
0.00634996
0.00640383
0.00644729
0.0064803
0.0065028
0.00651475
0.00651614
0.00650696
0.00648725
0.00645703
0.00641635
0.00636528
0.00630391
0.00623235
0.0061507
0.00605911
0.00595772
0.00584671
0.00572625
0.00559654
0.00545781
0.00531026
0.00515415
0.00498974
0.00481728
0.00463706
0.00444938
0.00425454
0.00405286
0.00384467
0.00363031
0.00341012
0.00318447
0.00295372
0.00271825
0.00247844
0.00223468
0.00198736
0.0017369
0.00148369
0.00122815
0.000970684
0.000711722
0.000451679
0.000190976
-6.99625e-05
-0.000330715
-0.000590858
-0.000849971
-0.00110763
-0.00136343
-0.00161694
-0.00186776
-0.00211549
-0.00235972
-0.00260005
-0.00283611
-0.0030675
-0.00329385
-0.00351481
-0.00373
-0.00393909
-0.00414174
-0.00433762
-0.00452641
-0.00470782
-0.00488154
-0.00504731
-0.00520485
-0.00535391
-0.00549425
-0.00562564
-0.00574789
-0.00586078
-0.00596415
-0.00605782
-0.00614164
-0.00621549
-0.00627925
-0.00633281
-0.00637609
-0.00640903
-0.00643157
-0.00644368
-0.00644534
-0.00643656
-0.00641735
-0.00638775
-0.0063478
-0.00629757
-0.00623715
-0.00616664
-0.00608616
-0.00599583
-0.00589582
-0.00578627
-0.00566738
-0.00553934
-0.00540235
-0.00525665
-0.00510247
-0.00494006
-0.00476969
-0.00459164
-0.0044062
-0.00421367
-0.00401436
-0.0038086
-0.00359673
-0.00337908
-0.00315602
-0.00292791
-0.00269512
-0.00245802
-0.002217
-0.00197246
-0.00172479
-0.00147439
-0.00122168
-0.000967051
-0.000710927
-0.000453723
-0.000195855
6.22595e-05
0.000320201
0.000577553
0.000833897
0.00108882
0.0013419
0.00159275
0.00184094
0.00208607
0.00232776
0.00256561
0.00279924
0.00302826
0.00325232
0.00347104
0.00368407
0.00389108
0.00409172
0.00428568
0.00447263
0.00465229
0.00482435
0.00498855
0.00514462
0.00529231
0.00543138
0.00556161
0.00568279
0.00579473
0.00589724
0.00599017
0.00607337
0.0061467
0.00621005
0.00626331
0.00630641
0.00633928
0.00636186
0.00637413
0.00637607
0.00636767
0.00634895
0.00631995
0.00628071
0.00623131
0.00617182
0.00610235
0.006023
0.00593392
0.00583524
0.00572713
0.00560977
0.00548335
0.00534808
0.00520418
0.00505189
0.00489145
0.00472312
0.00454719
0.00436394
0.00417366
0.00397667
0.0037733
0.00356386
0.0033487
0.00312818
0.00290265
0.00267247
0.00243803
0.0021997
0.00195787
0.00171294
0.00146529
0.00121534
0.000963488
0.000710143
0.000455717
0.000200623
-5.47272e-05
-0.000309918
-0.000564537
-0.000818171
-0.00107041
-0.00132084
-0.00156907
-0.00181468
-0.00205729
-0.0022965
-0.00253191
-0.00276316
-0.00298987
-0.00321167
-0.00342821
-0.00363913
-0.00384409
-0.00404277
-0.00423484
-0.00442
-0.00459794
-0.00476838
-0.00493105
-0.00508568
-0.00523203
-0.00536985
-0.00549894
-0.00561908
-0.00573008
-0.00583176
-0.00592397
-0.00600655
-0.00607937
-0.00614231
-0.00619529
-0.00623821
-0.00627101
-0.00629364
-0.00630606
-0.00630826
-0.00630023
-0.006282
-0.00625359
-0.00621505
-0.00616645
-0.00610787
-0.00603941
-0.00596118
-0.0058733
-0.00577594
-0.00566924
-0.00555338
-0.00542855
-0.00529496
-0.00515282
-0.00500237
-0.00484385
-0.00467753
-0.00450367
-0.00432256
-0.0041345
-0.00393978
-0.00373873
-0.00353168
-0.00331896
-0.00310092
-0.00287791
-0.0026503
-0.00241846
-0.00218276
-0.00194358
-0.00170133
-0.00145637
-0.00120913
-0.000959995
-0.00070937
-0.000457664
-0.000205284
4.73593e-05
0.000299858
0.000551802
0.000802783
0.00105239
0.00130023
0.0015459
0.00178899
0.00202912
0.00226589
0.00249893
0.00272785
0.00295229
0.00317189
0.00338628
0.00359513
0.0037981
0.00399485
0.00418508
0.00436848
0.00454474
0.00471359
0.00487476
0.00502798
0.00517301
0.00530962
0.00543759
0.00555671
0.00566679
0.00576766
0.00585915
0.00594112
0.00601345
0.006076
0.0061287
0.00617144
0.00620418
0.00622684
0.00623942
0.00624187
0.00623421
0.00621645
0.00618862
0.00615076
0.00610295
0.00604526
0.00597778
0.00590064
0.00581396
0.00571787
0.00561255
0.00549816
0.00537489
0.00524294
0.00510252
0.00495388
0.00479725
0.00463289
0.00446106
0.00428205
0.00409614
0.00390365
0.00370488
0.00350017
0.00328983
0.00307422
0.00285369
0.00262859
0.00239929
0.00216616
0.00192959
0.00168995
0.00144764
0.00120305
0.000956568
0.000708607
0.000459564
0.000209843
-4.01508e-05
-0.000290012
-0.000539337
-0.00078772
-0.00103476
-0.00128006
-0.00152321
-0.00176384
-0.00200154
-0.00223593
-0.00246663
-0.00269328
-0.0029155
-0.00313293
-0.00334523
-0.00355205
-0.00375306
-0.00394794
-0.00413636
-0.00431803
-0.00449265
-0.00465994
-0.00481964
-0.00497148
-0.00511522
-0.00525064
-0.00537751
-0.00549563
-0.00560481
-0.00570488
-0.00579568
-0.00587706
-0.0059489
-0.00601107
-0.00606348
-0.00610606
-0.00613872
-0.00616143
-0.00617415
-0.00617686
-0.00616955
-0.00615225
-0.00612499
-0.0060878
-0.00604076
-0.00598394
-0.00591743
-0.00584136
-0.00575584
-0.00566101
-0.00555703
-0.00544408
-0.00532233
-0.00519199
-0.00505327
-0.00490639
-0.00475161
-0.00458916
-0.00441932
-0.00424236
-0.00405858
-0.00386826
-0.00367173
-0.0034693
-0.0032613
-0.00304807
-0.00282996
-0.00260732
-0.00238051
-0.0021499
-0.00191588
-0.00167881
-0.00143908
-0.00119708
-0.000953207
-0.000707854
-0.000461419
-0.000214302
3.30963e-05
0.000280375
0.000527134
0.000772974
0.00101749
0.0012603
0.001501
0.00173921
0.00197453
0.00220659
0.00243501
0.00265942
0.00287947
0.00309479
0.00330503
0.00350987
0.00370896
0.00390199
0.00408864
0.00426862
0.00444163
0.0046074
0.00476565
0.00491614
0.00505862
0.00519287
0.00531867
0.00543581
0.00554411
0.0056434
0.00573351
0.00581431
0.00588567
0.00594747
0.00599961
0.00604201
0.00607461
0.00609736
0.00611022
0.00611318
0.00610622
0.00608937
0.00606266
0.00602613
0.00597984
0.00592387
0.00585832
0.00578329
0.0056989
0.00560531
0.00550265
0.0053911
0.00527084
0.00514208
0.00500501
0.00485987
0.00470689
0.00454632
0.00437843
0.00420349
0.00402178
0.00383359
0.00363925
0.00343906
0.00323335
0.00302245
0.00280671
0.00258647
0.00236211
0.00213397
0.00190244
0.00166788
0.00143068
0.00119123
0.000949908
0.000707111
0.000463231
0.000218665
-2.6191e-05
-0.00027094
-0.000515186
-0.000758533
-0.00100059
-0.00124095
-0.00147925
-0.00171508
-0.00194807
-0.00217785
-0.00240403
-0.00262626
-0.00284417
-0.00305742
-0.00326565
-0.00346854
-0.00366575
-0.00385698
-0.0040419
-0.00422022
-0.00439165
-0.00455592
-0.00471277
-0.00486193
-0.00500318
-0.00513628
-0.00526102
-0.00537721
-0.00548464
-0.00558317
-0.00567261
-0.00575284
-0.00582373
-0.00588515
-0.00593703
-0.00597927
-0.0060118
-0.00603459
-0.00604759
-0.00605078
-0.00604417
-0.00602777
-0.00600159
-0.0059657
-0.00592015
-0.00586502
-0.0058004
-0.00572639
-0.00564312
-0.00555073
-0.00544936
-0.00533919
-0.0052204
-0.00509318
-0.00495773
-0.00481429
-0.00466308
-0.00450435
-0.00433837
-0.00416539
-0.00398571
-0.00379962
-0.00360742
-0.00340942
-0.00320595
-0.00299734
-0.00278392
-0.00256605
-0.00234407
-0.00211836
-0.00188927
-0.00165717
-0.00142246
-0.00118549
-0.000946672
-0.000706378
-0.000465002
-0.000222935
1.943e-05
0.0002617
0.000503484
0.000744388
0.000984023
0.001222
0.00145794
0.00169145
0.00192216
0.00214969
0.00237368
0.00259377
0.00280959
0.00302081
0.00322707
0.00342805
0.00362342
0.00381287
0.00399609
0.00417279
0.00434268
0.00450549
0.00466095
0.00480881
0.00494885
0.00508083
0.00520454
0.00531978
0.00542637
0.00552414
0.00561293
0.0056926
0.00576303
0.0058241
0.00587571
0.00591778
0.00595026
0.00597308
0.00598621
0.00598964
0.00598337
0.00596739
0.00594175
0.00590649
0.00586166
0.00580735
0.00574363
0.00567063
0.00558845
0.00549724
0.00539714
0.00528832
0.00517096
0.00504525
0.00491139
0.00476961
0.00462014
0.00446322
0.0042991
0.00412806
0.00395037
0.00376633
0.00357623
0.00338038
0.0031791
0.00297273
0.00276159
0.00254603
0.00232639
0.00210305
0.00187635
0.00164667
0.00141439
0.00117987
0.000943494
0.000705654
0.000466732
0.000227114
-1.28091e-05
-0.00025265
-0.00049202
-0.00073053
-0.000967795
-0.00120343
-0.00143705
-0.00166829
-0.00189676
-0.0021221
-0.00234394
-0.00256193
-0.00277571
-0.00298493
-0.00318926
-0.00338837
-0.00358194
-0.00376965
-0.00395121
-0.00412632
-0.00429469
-0.00445606
-0.00461016
-0.00475676
-0.00489561
-0.00502648
-0.00514918
-0.0052635
-0.00536926
-0.0054663
-0.00555444
-0.00563357
-0.00570354
-0.00576425
-0.0058156
-0.00585752
-0.00588993
-0.00591279
-0.00592606
-0.00592972
-0.00592377
-0.00590822
-0.0058831
-0.00584845
-0.00580433
-0.00575082
-0.005688
-0.00561597
-0.00553487
-0.00544481
-0.00534596
-0.00523846
-0.0051225
-0.00499827
-0.00486597
-0.00472582
-0.00457805
-0.00442289
-0.00426061
-0.00409146
-0.00391572
-0.00373368
-0.00354564
-0.0033519
-0.00315278
-0.0029486
-0.00273969
-0.0025264
-0.00230906
-0.00208804
-0.00186369
-0.00163638
-0.00140647
-0.00117435
-0.000940375
-0.00070494
-0.000468423
-0.000231207
6.32378e-06
0.000243783
0.000480787
0.000716951
0.000951893
0.00118523
0.00141659
0.00164559
0.00187187
0.00209506
0.00231479
0.00253072
0.00274249
0.00294976
0.0031522
0.00334948
0.00354128
0.00372729
0.00390721
0.00408076
0.00424765
0.00440761
0.00456038
0.00470573
0.00484341
0.00497321
0.00509492
0.00520833
0.00531328
0.00540959
0.00549711
0.00557569
0.00564522
0.00570558
0.00575669
0.00579844
0.00583079
0.00585368
0.00586708
0.00587097
0.00586534
0.00585021
0.0058256
0.00579155
0.00574813
0.0056954
0.00563345
0.00556239
0.00548233
0.00539341
0.00529577
0.00518957
0.00507499
0.00495221
0.00482144
0.00468289
0.00453678
0.00438335
0.00422286
0.00405557
0.00388175
0.00370168
0.00351566
0.00332398
0.00312697
0.00292494
0.00271822
0.00250715
0.00229206
0.00207332
0.00185127
0.00162628
0.00139871
0.00116893
0.000937312
0.000704235
0.000470076
0.000235214
2.9974e-08
-0.000235094
-0.000469778
-0.000703642
-0.000936306
-0.00116739
-0.00139653
-0.00162335
-0.00184747
-0.00206855
-0.00228622
-0.00250013
-0.00270993
-0.00291529
-0.00311587
-0.00331135
-0.00350142
-0.00368576
-0.00386408
-0.00403609
-0.00420152
-0.0043601
-0.00451158
-0.0046557
-0.00479224
-0.00492098
-0.00504171
-0.00515424
-0.00525839
-0.00535399
-0.00544089
-0.00551895
-0.00558804
-0.00564806
-0.00569891
-0.00574052
-0.00577281
-0.00579573
-0.00580926
-0.00581337
-0.00580805
-0.00579332
-0.00576921
-0.00573576
-0.00569301
-0.00564105
-0.00557996
-0.00550985
-0.00543082
-0.00534301
-0.00524656
-0.00514163
-0.0050284
-0.00490704
-0.00477777
-0.00464078
-0.00449631
-0.00434458
-0.00418585
-0.00402038
-0.00384843
-0.00367029
-0.00348625
-0.0032966
-0.00310165
-0.00290173
-0.00269716
-0.00248826
-0.00227539
-0.00205888
-0.00183909
-0.00161637
-0.00139109
-0.00116361
-0.000934304
-0.00070354
-0.000471693
-0.000239139
-6.25618e-06
0.000226579
0.000458988
0.000690595
0.000921025
0.0011499
0.00137686
0.00160153
0.00182355
0.00204256
0.0022582
0.00247013
0.002678
0.00288148
0.00308024
0.00327396
0.00346232
0.00364503
0.00382178
0.0039923
0.0041563
0.00431352
0.00446371
0.00460664
0.00474206
0.00486976
0.00498953
0.00510119
0.00520456
0.00529946
0.00538575
0.0054633
0.00553196
0.00559165
0.00564226
0.00568371
0.00571594
0.0057389
0.00575255
0.00575687
0.00575186
0.00573754
0.00571391
0.00568104
0.00563896
0.00558775
0.00552751
0.00545831
0.00538029
0.00529357
0.00519829
0.00509461
0.0049827
0.00486274
0.00473493
0.00459948
0.00445661
0.00430655
0.00414955
0.00398586
0.00381575
0.0036395
0.0034574
0.00326974
0.00307682
0.00287897
0.0026765
0.00246974
0.00225903
0.00204471
0.00182714
0.00160665
0.00138362
0.00115839
0.00093135
0.000702853
0.000473274
0.000242985
1.23586e-05
-0.00021823
-0.000448408
-0.000677802
-0.000906041
-0.00113275
-0.00135758
-0.00158014
-0.00180009
-0.00201707
-0.00223073
-0.00244071
-0.00264669
-0.00284833
-0.0030453
-0.00323729
-0.00342399
-0.00360508
-0.0037803
-0.00394934
-0.00411194
-0.00426783
-0.00441677
-0.00455851
-0.00469283
-0.00481952
-0.00493836
-0.00504916
-0.00515176
-0.00524598
-0.00533168
-0.00540871
-0.00547696
-0.00553632
-0.00558668
-0.00562799
-0.00566016
-0.00568315
-0.00569692
-0.00570145
-0.00569675
-0.00568281
-0.00565967
-0.00562736
-0.00558594
-0.00553547
-0.00547605
-0.00540776
-0.00533073
-0.00524508
-0.00515095
-0.00504849
-0.00493787
-0.00481928
-0.00469291
-0.00455897
-0.00441767
-0.00426924
-0.00411393
-0.00395199
-0.00378369
-0.0036093
-0.0034291
-0.00324338
-0.00305246
-0.00285664
-0.00265623
-0.00245157
-0.00224298
-0.00203081
-0.00181541
-0.00159711
-0.00137628
-0.00115327
-0.000928447
-0.000702175
-0.000474821
-0.000246753
-1.83408e-05
0.000210045
0.000438034
0.000665257
0.000891346
0.00111594
0.00133866
0.00155916
0.00177708
0.00199207
0.00220377
0.00241186
0.00261598
0.00281581
0.00301103
0.00320132
0.00338638
0.0035659
0.0037396
0.0039072
0.00406842
0.00422301
0.00437072
0.00451131
0.00464455
0.00477023
0.00488815
0.00499812
0.00509996
0.00519351
0.00527862
0.00535516
0.005423
0.00548203
0.00553216
0.00557332
0.00560543
0.00562845
0.00564234
0.00564708
0.00564268
0.00562912
0.00560645
0.00557469
0.00553391
0.00548417
0.00542556
0.00535816
0.0052821
0.0051975
0.00510449
0.00500323
0.00489389
0.00477664
0.00465168
0.00451922
0.00437946
0.00423263
0.00407899
0.00391877
0.00375223
0.00357966
0.00340133
0.00321752
0.00302855
0.00283472
0.00263634
0.00243373
0.00222723
0.00201717
0.00180389
0.00158774
0.00136907
0.00114824
0.000925595
0.000701506
0.000476334
0.000250446
2.42064e-05
-0.000202017
-0.000427859
-0.000652951
-0.000876931
-0.00109944
-0.0013201
-0.00153858
-0.00175451
-0.00196754
-0.00217733
-0.00238354
-0.00258584
-0.0027839
-0.0029774
-0.00316603
-0.00334948
-0.00352745
-0.00369967
-0.00386585
-0.00402572
-0.00417903
-0.00432553
-0.00446499
-0.00459717
-0.00472187
-0.00483889
-0.00494803
-0.00504914
-0.00514203
-0.00522657
-0.00530261
-0.00537005
-0.00542876
-0.00547866
-0.00551967
-0.00555173
-0.00557478
-0.00558879
-0.00559373
-0.00558961
-0.00557644
-0.00555422
-0.00552302
-0.00548286
-0.00543384
-0.00537601
-0.00530949
-0.00523438
-0.0051508
-0.0050589
-0.00495882
-0.00485073
-0.0047348
-0.00461122
-0.0044802
-0.00434196
-0.00419671
-0.00404469
-0.00388615
-0.00372136
-0.00355057
-0.00337407
-0.00319214
-0.00300509
-0.00281321
-0.00261681
-0.00241623
-0.00221177
-0.00200378
-0.00179259
-0.00157855
-0.001362
-0.0011433
-0.000922792
-0.000700845
-0.000477816
-0.000254066
-2.99587e-05
0.000194143
0.000417877
0.000640879
0.000862789
0.00108325
0.0013019
0.00151838
0.00173236
0.00194347
0.00215139
0.00235576
0.00255627
0.00275259
0.0029444
0.0031314
0.00331327
0.00348973
0.00366049
0.00382527
0.00398382
0.00413588
0.00428119
0.00441953
0.00455067
0.00467441
0.00479054
0.00489888
0.00499926
0.0050915
0.00517548
0.00525104
0.00531808
0.00537648
0.00542616
0.00546702
0.00549902
0.0055221
0.00553622
0.00554137
0.00553754
0.00552473
0.00550297
0.00547229
0.00543276
0.00538443
0.00532738
0.00526172
0.00518754
0.00510497
0.00501415
0.00491523
0.00480836
0.00469372
0.00457151
0.00444191
0.00430515
0.00416144
0.00401102
0.00385414
0.00369105
0.00352202
0.00334731
0.00316723
0.00298205
0.00279209
0.00259765
0.00239904
0.00219659
0.00199063
0.00178149
0.00156952
0.00135505
0.00113844
0.000920037
0.000700193
0.000479266
0.000257616
3.5601e-05
-0.000186419
-0.000408083
-0.000629033
-0.000848911
-0.00106736
-0.00128403
-0.00149856
-0.00171062
-0.00191985
-0.00212592
-0.0023285
-0.00252725
-0.00272186
-0.00291202
-0.0030974
-0.00327773
-0.0034527
-0.00362203
-0.00378545
-0.0039427
-0.00409351
-0.00423766
-0.00437491
-0.00450503
-0.00462783
-0.00474309
-0.00485063
-0.00495029
-0.00504191
-0.00512533
-0.00520042
-0.00526707
-0.00532517
-0.00537462
-0.00541534
-0.00544729
-0.00547039
-0.00548463
-0.00548997
-0.00548641
-0.00547397
-0.00545265
-0.0054225
-0.00538357
-0.00533593
-0.00527965
-0.00521482
-0.00514156
-0.00505998
-0.00497022
-0.00487243
-0.00476677
-0.0046534
-0.00453252
-0.00440432
-0.00426901
-0.00412682
-0.00397797
-0.00382271
-0.0036613
-0.00349398
-0.00332105
-0.00314277
-0.00295944
-0.00277136
-0.00257883
-0.00238216
-0.00218169
-0.00197772
-0.0017706
-0.00156065
-0.00134823
-0.00113367
-0.000917328
-0.000699549
-0.000480686
-0.000261097
-4.11363e-05
0.000178839
0.000398472
0.000617408
0.000835291
0.00105177
0.00126649
0.00147911
0.00168928
0.00189667
0.00210093
0.00230173
0.00249876
0.0026917
0.00288022
0.00306404
0.00324284
0.00341635
0.00358427
0.00374635
0.00390232
0.00405193
0.00419494
0.00433111
0.00446023
0.00458209
0.0046965
0.00480327
0.00490223
0.00499322
0.0050761
0.00515073
0.00521699
0.00527478
0.00532402
0.00536461
0.00539649
0.00541963
0.00543397
0.00543951
0.00543622
0.00542413
0.00540325
0.00537362
0.00533528
0.00528831
0.00523278
0.00516878
0.00509641
0.00501581
0.00492709
0.00483041
0.00472593
0.00461381
0.00449424
0.00436741
0.00423353
0.00409283
0.00394552
0.00379185
0.00363208
0.00346645
0.00329525
0.00311875
0.00293723
0.002751
0.00256035
0.00236559
0.00216705
0.00196504
0.00175989
0.00155194
0.00134153
0.00112899
0.000914666
0.000698912
0.000482077
0.000264511
4.65677e-05
-0.0001714
-0.000389039
-0.000605997
-0.000821921
-0.00103646
-0.00124927
-0.00146001
-0.00166833
-0.0018739
-0.00207639
-0.00227546
-0.00247079
-0.00266208
-0.00284901
-0.00303127
-0.00320859
-0.00338065
-0.0035472
-0.00370797
-0.00386268
-0.0040111
-0.00415298
-0.0042881
-0.00441624
-0.00453719
-0.00465076
-0.00475676
-0.00485503
-0.00494541
-0.00502775
-0.00510193
-0.00516782
-0.00522531
-0.00527433
-0.00531478
-0.00534662
-0.00536978
-0.00538423
-0.00538995
-0.00538694
-0.00537519
-0.00535474
-0.00532561
-0.00528786
-0.00524155
-0.00518675
-0.00512356
-0.00505208
-0.00497243
-0.00488474
-0.00478915
-0.00468582
-0.00457493
-0.00445664
-0.00433116
-0.00419869
-0.00405944
-0.00391365
-0.00376155
-0.00360339
-0.00343942
-0.00326992
-0.00309516
-0.00291542
-0.002731
-0.00254219
-0.00234931
-0.00215267
-0.00195258
-0.00174938
-0.00154339
-0.00133494
-0.00112438
-0.000912047
-0.000698284
-0.000483439
-0.000267861
-5.1898e-05
0.000164099
0.000379779
0.000594794
0.000808795
0.00102144
0.00123237
0.00144126
0.00164777
0.00185155
0.00205229
0.00224966
0.00244333
0.002633
0.00281836
0.0029991
0.00317495
0.00334561
0.0035108
0.00367027
0.00382375
0.003971
0.00411178
0.00424586
0.00437304
0.00449309
0.00460583
0.00471109
0.00480868
0.00489846
0.00498028
0.005054
0.00511952
0.00517673
0.00522553
0.00526585
0.00529763
0.00532082
0.00533538
0.00534128
0.00533853
0.00532713
0.0053071
0.00527846
0.00524129
0.00519562
0.00514155
0.00507915
0.00500854
0.00492982
0.00484314
0.00474862
0.00464643
0.00453674
0.00441971
0.00429555
0.00416446
0.00402665
0.00388234
0.00373178
0.0035752
0.00341286
0.00324503
0.00307198
0.00289399
0.00271135
0.00252436
0.00233332
0.00213855
0.00194035
0.00173905
0.00153498
0.00132847
0.00111985
0.000909472
0.000697664
0.000484774
0.000271147
5.71301e-05
-0.00015693
-0.000370687
-0.000583794
-0.000795905
-0.00100668
-0.00121577
-0.00142284
-0.00162757
-0.0018296
-0.00202863
-0.00222432
-0.00241636
-0.00260444
-0.00278825
-0.00296751
-0.00314191
-0.00331118
-0.00347505
-0.00363324
-0.00378552
-0.00393162
-0.00407131
-0.00420438
-0.0043306
-0.00444977
-0.00456171
-0.00466622
-0.00476315
-0.00485234
-0.00493364
-0.00500693
-0.00507208
-0.005129
-0.0051776
-0.00521779
-0.00524952
-0.00527273
-0.00528739
-0.00529348
-0.00529098
-0.00527992
-0.00526029
-0.00523215
-0.00519553
-0.00515051
-0.00509714
-0.00503553
-0.00496576
-0.00488797
-0.00480227
-0.00470881
-0.00460774
-0.00449922
-0.00438344
-0.00426058
-0.00413084
-0.00399444
-0.00385159
-0.00370253
-0.00354751
-0.00338677
-0.00322059
-0.00304922
-0.00287294
-0.00269205
-0.00250684
-0.00231761
-0.00212467
-0.00192832
-0.0017289
-0.00152672
-0.00132211
-0.0011154
-0.000906939
-0.000697051
-0.000486081
-0.000274372
-6.22665e-05
0.000149892
0.000361758
0.000572991
0.000783246
0.000992184
0.00119947
0.00140476
0.00160772
0.00180804
0.00200538
0.00219942
0.00238986
0.00257638
0.00275868
0.00293647
0.00310946
0.00327737
0.00343993
0.00359687
0.00374796
0.00389293
0.00403156
0.00416363
0.00428892
0.00440722
0.00451836
0.00462215
0.00471843
0.00480703
0.00488783
0.00496068
0.00502548
0.00508212
0.00513051
0.00517057
0.00520225
0.00522548
0.00524024
0.00524651
0.00524427
0.00523353
0.00521431
0.00518665
0.00515059
0.00510618
0.00505351
0.00499266
0.00492374
0.00484685
0.00476212
0.00466969
0.00456972
0.00446236
0.0043478
0.00422621
0.0040978
0.00396278
0.00382137
0.0036738
0.0035203
0.00336114
0.00319656
0.00302684
0.00285226
0.00267309
0.00248963
0.00230217
0.00211103
0.00191651
0.00171892
0.0015186
0.00131586
0.00111103
0.000904447
0.000696446
0.000487363
0.000277538
6.73099e-05
-0.000142979
-0.000352989
-0.00056238
-0.000770811
-0.000977946
-0.00118345
-0.00138699
-0.00158823
-0.00178686
-0.00198254
-0.00217497
-0.00236383
-0.00254881
-0.00272963
-0.00290597
-0.00307757
-0.00324414
-0.00340542
-0.00356114
-0.00371105
-0.00385492
-0.0039925
-0.00412359
-0.00424796
-0.00436542
-0.00447577
-0.00457885
-0.00467448
-0.00476252
-0.00484281
-0.00491524
-0.00497969
-0.00503605
-0.00508424
-0.00512418
-0.0051558
-0.00517906
-0.00519392
-0.00520036
-0.00519837
-0.00518795
-0.00516913
-0.00514194
-0.00510642
-0.00506263
-0.00501064
-0.00495055
-0.00488244
-0.00480644
-0.00472267
-0.00463126
-0.00453236
-0.00442614
-0.00431277
-0.00419244
-0.00406534
-0.00393168
-0.00379168
-0.00364556
-0.00349357
-0.00333595
-0.00317296
-0.00300486
-0.00283193
-0.00265445
-0.00247271
-0.002287
-0.00209762
-0.00190489
-0.00170912
-0.00151061
-0.00130971
-0.00110673
-0.000901995
-0.000695848
-0.000488619
-0.000280645
-7.22628e-05
0.00013619
0.000344375
0.000551955
0.000758595
0.000963958
0.00116771
0.00136953
0.00156908
0.00176605
0.00196011
0.00215094
0.00233825
0.00252173
0.00270108
0.00287601
0.00304624
0.0032115
0.00337151
0.00352603
0.00367479
0.00381757
0.00395412
0.00408424
0.00420771
0.00432433
0.00443392
0.00453629
0.0046313
0.00471877
0.00479858
0.00487059
0.00493469
0.00499078
0.00503877
0.00507858
0.00511016
0.00513344
0.0051484
0.00515501
0.00515326
0.00514316
0.00512473
0.005098
0.00506301
0.00501982
0.00496851
0.00490916
0.00484186
0.00476673
0.00468389
0.00459348
0.00449564
0.00439054
0.00427835
0.00415925
0.00403343
0.00390111
0.00376249
0.00361781
0.00346729
0.00331119
0.00314975
0.00298325
0.00281195
0.00263613
0.00245607
0.00227208
0.00208445
0.00189347
0.00169947
0.00150277
0.00130366
0.00110249
0.000899582
0.000695257
0.000489851
0.000283696
7.71275e-05
-0.00012952
-0.000335912
-0.000541713
-0.000746591
-0.000950213
-0.00115225
-0.00135238
-0.00155026
-0.0017456
-0.00193805
-0.00212733
-0.00231312
-0.00249511
-0.00267302
-0.00284656
-0.00301545
-0.00317941
-0.00333819
-0.00349152
-0.00363915
-0.00378086
-0.0039164
-0.00404557
-0.00416815
-0.00428395
-0.00439278
-0.00449447
-0.00458885
-0.00467578
-0.0047551
-0.0048267
-0.00489046
-0.00494629
-0.00499408
-0.00503377
-0.00506529
-0.0050886
