-1.3639
-1.3639
-1.3639
-1.3639
-1.3639
-1.3639
-1.3639
-1.3639
-1.3639
-1.3639
-1.3639
-1.3639
-1.3639
-1.3639
-1.3639
-1.3639
-1.3639
-1.3639
-1.3639
-1.3639
-1.3639
-1.3639
-1.3639
-1.3639
-1.3639
-1.3639
-1.3639
-1.3639
-1.3639
-1.3639
-1.3639
-1.3639
-1.3639
-1.3639
-1.3639
-1.3639
-1.3639
-1.3639
-1.3639
-1.3639
-1.3639
-1.3639
-1.3639
-1.3639
-1.3639
-1.3639
-1.3639
-1.3639
-1.3639
-1.3639
-1.3639
-1.3639
-1.3639
-1.3639
-1.3639
-1.3639
-1.3639
-1.3639
-1.3639
-1.3639
-1.3639
-1.3639
-1.3639
-1.3639
-1.3639
-1.3639
-1.3639
-1.3639
-1.3639
-1.3639
-1.3639
-1.3639
-1.3639
-1.3639
-1.3639
-1.3639
-1.3639
-1.3639
-1.3639
-1.3639
-1.3639
-1.3639
-1.3639
-1.3639
-1.3639
-1.3639
-1.3639
-1.3639
-1.3639
-1.3639
-1.3639
-1.3639
-1.3639
-1.364
-1.3641
-1.36421
-1.36432
-1.36444
-1.36456
-1.36468
-1.36481
-1.36494
-1.36508
-1.36522
-1.36536
-1.3655
-1.36565
-1.3658
-1.36595
-1.3661
-1.36626
-1.36642
-1.36658
-1.36674
-1.3669
-1.36706
-1.36722
-1.36739
-1.36755
-1.36772
-1.36788
-1.36805
-1.36821
-1.36838
-1.36854
-1.3687
-1.36887
-1.36903
-1.36919
-1.36934
-1.3695
-1.36965
-1.3698
-1.36995
-1.3701
-1.37024
-1.37038
-1.37052
-1.37065
-1.37078
-1.37091
-1.37104
-1.37116
-1.37127
-1.37138
-1.37149
-1.3716
-1.3717
-1.37179
-1.37188
-1.37197
-1.37205
-1.37213
-1.3722
-1.37226
-1.37233
-1.37238
-1.37243
-1.37248
-1.37252
-1.37256
-1.37259
-1.37261
-1.37263
-1.37265
-1.37266
-1.37266
-1.37266
-1.37265
-1.37264
-1.37263
-1.37261
-1.37258
-1.37255
-1.37251
-1.37247
-1.37242
-1.37237
-1.37231
-1.37225
-1.37219
-1.37212
-1.37205
-1.37197
-1.37189
-1.3718
-1.37171
-1.37162
-1.37152
-1.37142
-1.37132
-1.37121
-1.3711
-1.37099
-1.37088
-1.37076
-1.37064
-1.37052
-1.3704
-1.37027
-1.37014
-1.37001
-1.36988
-1.36975
-1.36962
-1.36949
-1.36936
-1.36922
-1.36909
-1.36896
-1.36882
-1.36869
-1.36856
-1.36843
-1.3683
-1.36817
-1.36804
-1.36791
-1.36778
-1.36766
-1.36754
-1.36742
-1.3673
-1.36719
-1.36707
-1.36696
-1.36686
-1.36675
-1.36665
-1.36656
-1.36646
-1.36637
-1.36629
-1.3662
-1.36613
-1.36605
-1.36598
-1.36591
-1.36585
-1.3658
-1.36574
-1.3657
-1.36565
-1.36561
-1.36558
-1.36555
-1.36553
-1.36551
-1.3655
-1.36549
-1.36549
-1.36549
-1.36549
-1.36551
-1.36552
-1.36555
-1.36558
-1.36561
-1.36565
-1.36569
-1.36574
-1.36579
-1.36585
-1.36592
-1.36599
-1.36606
-1.36614
-1.36622
-1.36631
-1.3664
-1.3665
-1.3666
-1.36671
-1.36682
-1.36693
-1.36705
-1.36718
-1.3673
-1.36743
-1.36757
-1.3677
-1.36784
-1.36799
-1.36814
-1.36828
-1.36844
-1.36859
-1.36875
-1.36891
-1.36907
-1.36924
-1.3694
-1.36957
-1.36974
-1.36991
-1.37008
-1.37026
-1.37043
-1.37061
-1.37078
-1.37096
-1.37114
-1.37131
-1.37149
-1.37167
-1.37184
-1.37202
-1.37219
-1.37237
-1.37254
-1.37271
-1.37288
-1.37305
-1.37322
-1.37339
-1.37355
-1.37371
-1.37387
-1.37403
-1.37419
-1.37434
-1.37449
-1.37464
-1.37479
-1.37493
-1.37507
-1.37521
-1.37534
-1.37548
-1.3756
-1.37573
-1.37585
-1.37597
-1.37608
-1.37619
-1.3763
-1.3764
-1.3765
-1.3766
-1.37669
-1.37678
-1.37686
-1.37694
-1.37702
-1.37709
-1.37716
-1.37723
-1.37729
-1.37735
-1.37741
-1.37746
-1.37751
-1.37755
-1.37759
-1.37763
-1.37766
-1.37769
-1.37772
-1.37775
-1.37777
-1.37779
-1.3778
-1.37781
-1.37783
-1.37783
-1.37784
-1.37784
-1.37784
-1.37784
-1.37784
-1.37783
-1.37783
-1.37782
-1.37781
-1.3778
-1.37779
-1.37777
-1.37776
-1.37775
-1.37773
-1.37771
-1.3777
-1.37768
-1.37767
-1.37765
-1.37764
-1.37762
-1.37761
-1.3776
-1.37759
-1.37757
-1.37757
-1.37756
-1.37755
-1.37755
-1.37755
-1.37755
-1.37755
-1.37755
-1.37756
-1.37757
-1.37758
-1.3776
-1.37762
-1.37764
-1.37767
-1.3777
-1.37773
-1.37777
-1.37781
-1.37785
-1.3779
-1.37795
-1.37801
-1.37807
-1.37814
-1.37821
-1.37829
-1.37837
-1.37846
-1.37855
-1.37864
-1.37875
-1.37885
-1.37896
-1.37908
-1.3792
-1.37933
-1.37946
-1.3796
-1.37975
-1.3799
-1.38005
-1.38021
-1.38038
-1.38055
-1.38073
-1.38091
-1.3811
-1.38129
-1.38149
-1.38169
-1.3819
-1.38212
-1.38234
-1.38256
-1.38279
-1.38303
-1.38327
-1.38351
-1.38376
-1.38402
-1.38428
-1.38454
-1.38481
-1.38508
-1.38536
-1.38564
-1.38593
-1.38622
-1.38651
-1.3868
-1.38711
-1.38741
-1.38772
-1.38803
-1.38834
-1.38866
-1.38897
-1.3893
-1.38962
-1.38995
-1.39027
-1.3906
-1.39094
-1.39127
-1.39161
-1.39194
-1.39228
-1.39262
-1.39296
-1.3933
-1.39365
-1.39399
-1.39433
-1.39468
-1.39502
-1.39536
-1.39571
-1.39605
-1.39639
-1.39674
-1.39708
-1.39742
-1.39776
-1.39809
-1.39843
-1.39877
-1.3991
-1.39943
-1.39977
-1.40009
-1.40042
-1.40075
-1.40107
-1.40139
-1.40171
-1.40203
-1.40234
-1.40265
-1.40296
-1.40326
-1.40357
-1.40387
-1.40416
-1.40446
-1.40475
-1.40504
-1.40532
-1.4056
-1.40588
-1.40616
-1.40643
-1.4067
-1.40697
-1.40723
-1.40749
-1.40775
-1.408
-1.40825
-1.40849
-1.40874
-1.40898
-1.40922
-1.40945
-1.40968
-1.40991
-1.41013
-1.41036
-1.41058
-1.41079
-1.41101
-1.41122
-1.41143
-1.41164
-1.41184
-1.41204
-1.41224
-1.41244
-1.41263
-1.41283
-1.41302
-1.41321
-1.4134
-1.41359
-1.41377
-1.41395
-1.41414
-1.41432
-1.4145
-1.41468
-1.41486
-1.41504
-1.41522
-1.4154
-1.41557
-1.41575
-1.41593
-1.41611
-1.41629
-1.41646
-1.41664
-1.41682
-1.417
-1.41719
-1.41737
-1.41755
-1.41774
-1.41792
-1.41811
-1.4183
-1.41849
-1.41868
-1.41888
-1.41908
-1.41927
-1.41948
-1.41968
-1.41988
-1.42009
-1.4203
-1.42052
-1.42073
-1.42095
-1.42118
-1.4214
-1.42163
-1.42186
-1.4221
-1.42233
-1.42257
-1.42282
-1.42307
-1.42332
-1.42357
-1.42383
-1.42409
-1.42436
-1.42463
-1.4249
-1.42517
-1.42545
-1.42574
-1.42602
-1.42631
-1.42661
-1.4269
-1.42721
-1.42751
-1.42782
-1.42813
-1.42844
-1.42876
-1.42908
-1.42941
-1.42973
-1.43006
-1.4304
-1.43073
-1.43107
-1.43141
-1.43176
-1.43211
-1.43246
-1.43281
-1.43316
-1.43352
-1.43388
-1.43424
-1.43461
-1.43497
-1.43534
-1.43571
-1.43608
-1.43645
-1.43682
-1.43719
-1.43757
-1.43794
-1.43832
-1.4387
-1.43908
-1.43945
-1.43983
-1.44021
-1.44059
-1.44097
-1.44134
-1.44172
-1.4421
-1.44247
-1.44285
-1.44322
-1.4436
-1.44397
-1.44434
-1.44471
-1.44507
-1.44544
-1.4458
-1.44616
-1.44652
-1.44688
-1.44724
-1.44759
-1.44794
-1.44828
-1.44863
-1.44897
-1.44931
-1.44964
-1.44998
-1.4503
-1.45063
-1.45095
-1.45127
-1.45158
-1.45189
-1.4522
-1.4525
-1.4528
-1.4531
-1.45339
-1.45368
-1.45396
-1.45424
-1.45451
-1.45478
-1.45505
-1.45531
-1.45557
-1.45582
-1.45607
-1.45631
-1.45655
-1.45678
-1.45701
-1.45724
-1.45746
-1.45768
-1.45789
-1.4581
-1.45831
-1.45851
-1.4587
-1.45889
-1.45908
-1.45927
-1.45944
-1.45962
-1.45979
-1.45996
-1.46012
-1.46028
-1.46044
-1.46059
-1.46074
-1.46089
-1.46103
-1.46117
-1.4613
-1.46144
-1.46157
-1.4617
-1.46182
-1.46194
-1.46206
-1.46218
-1.46229
-1.4624
-1.46251
-1.46262
-1.46273
-1.46283
-1.46293
-1.46304
-1.46313
-1.46323
-1.46333
-1.46343
-1.46352
-1.46361
-1.46371
-1.4638
-1.46389
-1.46398
-1.46408
-1.46417
-1.46426
-1.46435
-1.46444
-1.46453
-1.46462
-1.46472
-1.46481
-1.4649
-1.465
-1.46509
-1.46519
-1.46528
-1.46538
-1.46548
-1.46558
-1.46569
-1.46579
-1.46589
-1.466
-1.46611
-1.46622
-1.46633
-1.46644
-1.46656
-1.46668
-1.4668
-1.46692
-1.46704
-1.46717
-1.4673
-1.46743
-1.46756
-1.46769
-1.46783
-1.46797
-1.46811
-1.46825
-1.4684
-1.46855
-1.4687
-1.46885
-1.469
-1.46916
-1.46932
-1.46948
-1.46964
-1.46981
-1.46998
-1.47015
-1.47032
-1.47049
-1.47067
-1.47084
-1.47102
-1.47121
-1.47139
-1.47157
-1.47176
-1.47195
-1.47213
-1.47232
-1.47252
-1.47271
-1.4729
-1.4731
-1.47329
-1.47349
-1.47369
-1.47389
-1.47409
-1.47429
-1.47449
-1.47469
-1.47489
-1.47509
-1.47529
-1.47549
-1.47569
-1.47589
-1.47609
-1.47629
-1.47649
-1.47669
-1.47689
-1.47709
-1.47729
-1.47748
-1.47768
-1.47787
-1.47806
-1.47826
-1.47845
-1.47864
-1.47882
-1.47901
-1.47919
-1.47937
-1.47956
-1.47973
-1.47991
-1.48009
-1.48026
-1.48043
-1.4806
-1.48076
-1.48093
-1.48109
-1.48125
-1.4814
-1.48156
-1.48171
-1.48186
-1.48201
-1.48215
-1.48229
-1.48243
-1.48257
-1.4827
-1.48283
-1.48296
-1.48309
-1.48321
-1.48333
-1.48345
-1.48356
-1.48368
-1.48379
-1.48389
-1.484
-1.4841
-1.4842
-1.4843
-1.48439
-1.48449
-1.48458
-1.48467
-1.48475
-1.48484
-1.48492
-1.485
-1.48508
-1.48516
-1.48523
-1.4853
-1.48538
-1.48545
-1.48552
-1.48558
-1.48565
-1.48571
-1.48578
-1.48584
-1.4859
-1.48597
-1.48603
-1.48609
-1.48615
-1.48621
-1.48627
-1.48633
-1.48639
-1.48645
-1.48651
-1.48657
-1.48663
-1.48669
-1.48675
-1.48681
-1.48688
-1.48694
-1.48701
-1.48707
-1.48714
-1.48721
-1.48728
-1.48736
-1.48743
-1.48751
-1.48759
-1.48767
-1.48775
-1.48784
-1.48793
-1.48802
-1.48811
-1.48821
-1.48831
-1.48841
-1.48851
-1.48862
-1.48873
-1.48885
-1.48896
-1.48908
-1.48921
-1.48934
-1.48947
-1.4896
-1.48974
-1.48988
-1.49003
-1.49018
-1.49033
-1.49049
-1.49065
-1.49082
-1.49099
-1.49116
-1.49134
-1.49152
-1.49171
-1.4919
-1.49209
-1.49229
-1.49249
-1.4927
-1.49291
-1.49313
-1.49334
-1.49357
-1.49379
-1.49402
-1.49426
-1.4945
-1.49474
-1.49499
-1.49524
-1.49549
-1.49575
-1.49601
-1.49627
-1.49654
-1.49681
-1.49708
-1.49736
-1.49764
-1.49793
-1.49821
-1.4985
-1.4988
-1.49909
-1.49939
-1.49969
-1.5
-1.5003
-1.50061
-1.50092
-1.50123
-1.50155
-1.50186
-1.50218
-1.5025
-1.50282
-1.50314
-1.50347
-1.50379
-1.50412
-1.50444
-1.50477
-1.5051
-1.50543
-1.50576
-1.50609
-1.50642
-1.50675
-1.50708
-1.50741
-1.50774
-1.50808
-1.50841
-1.50874
-1.50906
-1.50939
-1.50972
-1.51005
-1.51037
-1.5107
-1.51102
-1.51135
-1.51167
-1.51199
-1.51231
-1.51262
-1.51294
-1.51325
-1.51356
-1.51387
-1.51418
-1.51449
-1.51479
-1.51509
-1.51539
-1.51569
-1.51598
-1.51628
-1.51657
-1.51685
-1.51714
-1.51742
-1.5177
-1.51798
-1.51825
-1.51853
-1.5188
-1.51906
-1.51933
-1.51959
-1.51985
-1.52011
-1.52036
-1.52061
-1.52086
-1.52111
-1.52135
-1.52159
-1.52183
-1.52207
-1.5223
-1.52253
-1.52276
-1.52298
-1.52321
-1.52343
-1.52365
-1.52387
-1.52408
-1.52429
-1.5245
-1.52471
-1.52492
-1.52513
-1.52533
-1.52553
-1.52573
-1.52593
-1.52612
-1.52632
-1.52651
-1.52671
-1.5269
-1.52709
-1.52728
-1.52747
-1.52765
-1.52784
-1.52803
-1.52821
-1.5284
-1.52858
-1.52876
-1.52895
-1.52913
-1.52931
-1.5295
-1.52968
-1.52986
-1.53005
-1.53023
-1.53041
-1.5306
-1.53078
-1.53097
-1.53115
-1.53134
-1.53153
-1.53172
-1.53191
-1.5321
-1.53229
-1.53248
-1.53267
-1.53287
-1.53306
-1.53326
-1.53346
-1.53366
-1.53386
-1.53407
-1.53427
-1.53448
-1.53468
-1.53489
-1.53511
-1.53532
-1.53553
-1.53575
-1.53597
-1.53619
-1.53641
-1.53663
-1.53686
-1.53708
-1.53731
-1.53754
-1.53778
-1.53801
-1.53825
-1.53848
-1.53872
-1.53896
-1.5392
-1.53945
-1.53969
-1.53994
-1.54019
-1.54044
-1.54069
-1.54094
-1.5412
-1.54145
-1.54171
-1.54196
-1.54222
-1.54248
-1.54274
-1.543
-1.54326
-1.54352
-1.54379
-1.54405
-1.54431
-1.54458
-1.54484
-1.54511
-1.54537
-1.54564
-1.5459
-1.54617
-1.54643
-1.54669
-1.54696
-1.54722
-1.54748
-1.54774
-1.548
-1.54826
-1.54852
-1.54878
-1.54903
-1.54929
-1.54954
-1.54979
-1.55004
-1.55029
-1.55054
-1.55079
-1.55103
-1.55127
-1.55151
-1.55175
-1.55198
-1.55221
-1.55244
-1.55267
-1.55289
-1.55311
-1.55333
-1.55355
-1.55376
-1.55397
-1.55418
-1.55438
-1.55458
-1.55478
-1.55498
-1.55517
-1.55535
-1.55554
-1.55572
-1.5559
-1.55607
-1.55624
-1.55641
-1.55657
-1.55673
-1.55688
-1.55703
-1.55718
-1.55733
-1.55747
-1.5576
-1.55773
-1.55786
-1.55799
-1.55811
-1.55823
-1.55834
-1.55845
-1.55856
-1.55866
-1.55876
-1.55886
-1.55895
-1.55904
-1.55912
-1.5592
-1.55928
-1.55936
-1.55943
-1.5595
-1.55956
-1.55962
-1.55968
-1.55974
-1.55979
-1.55984
-1.55989
-1.55994
-1.55998
-1.56002
-1.56005
-1.56009
-1.56012
-1.56015
-1.56018
-1.56021
-1.56023
-1.56025
-1.56028
-1.56029
-1.56031
-1.56033
-1.56034
-1.56036
-1.56037
-1.56038
-1.56039
-1.5604
-1.56041
-1.56042
-1.56043
-1.56043
-1.56044
-1.56045
-1.56045
-1.56046
-1.56047
-1.56047
-1.56048
-1.56049
-1.5605
-1.56051
-1.56052
-1.56053
-1.56054
-1.56055
-1.56056
-1.56058
-1.56059
-1.56061
-1.56062
-1.56064
-1.56066
-1.56069
-1.56071
-1.56074
-1.56076
-1.56079
-1.56082
-1.56086
-1.56089
-1.56093
-1.56097
-1.56101
-1.56105
-1.5611
-1.56115
-1.5612
-1.56125
-1.56131
-1.56136
-1.56142
-1.56149
-1.56155
-1.56162
-1.56169
-1.56176
-1.56184
-1.56191
-1.56199
-1.56208
-1.56216
-1.56225
-1.56234
-1.56243
-1.56253
-1.56262
-1.56272
-1.56282
-1.56293
-1.56304
-1.56314
-1.56326
-1.56337
-1.56348
-1.5636
-1.56372
-1.56384
-1.56397
-1.56409
-1.56422
-1.56435
-1.56448
-1.56461
-1.56475
-1.56488
-1.56502
-1.56516
-1.5653
-1.56544
-1.56558
-1.56573
-1.56587
-1.56602
-1.56617
-1.56631
-1.56646
-1.56661
-1.56676
-1.56691
-1.56706
-1.56722
-1.56737
-1.56752
-1.56767
-1.56783
-1.56798
-1.56813
-1.56828
-1.56844
-1.56859
-1.56874
-1.56889
-1.56905
-1.5692
-1.56935
-1.5695
-1.56965
-1.56979
-1.56994
-1.57009
-1.57024
-1.57038
-1.57053
-1.57067
-1.57081
-1.57095
-1.57109
-1.57123
-1.57137
-1.57151
-1.57164
-1.57177
-1.57191
-1.57204
-1.57217
-1.5723
-1.57242
-1.57255
-1.57267
-1.57279
-1.57292
-1.57304
-1.57315
-1.57327
-1.57339
-1.5735
-1.57361
-1.57372
-1.57383
-1.57394
-1.57405
-1.57415
-1.57426
-1.57436
-1.57446
-1.57456
-1.57466
-1.57476
-1.57485
-1.57495
-1.57504
-1.57513
-1.57523
-1.57532
-1.57541
-1.5755
-1.57558
-1.57567
-1.57576
-1.57584
-1.57593
-1.57601
-1.5761
-1.57618
-1.57627
-1.57635
-1.57643
-1.57652
-1.5766
-1.57668
-1.57676
-1.57685
-1.57693
-1.57701
-1.57709
-1.57718
-1.57726
-1.57735
-1.57743
-1.57752
-1.5776
-1.57769
-1.57778
-1.57786
-1.57795
-1.57804
-1.57813
-1.57822
-1.57832
-1.57841
-1.57851
-1.5786
-1.5787
-1.5788
-1.5789
-1.579
-1.57911
-1.57921
-1.57932
-1.57943
-1.57954
-1.57965
-1.57976
-1.57987
-1.57999
-1.58011
-1.58023
-1.58035
-1.58048
-1.5806
-1.58073
-1.58086
-1.58099
-1.58112
-1.58126
-1.58139
-1.58153
-1.58167
-1.58182
-1.58196
-1.58211
-1.58225
-1.5824
-1.58256
-1.58271
-1.58286
-1.58302
-1.58318
-1.58334
-1.5835
-1.58367
-1.58383
-1.584
-1.58416
-1.58433
-1.5845
-1.58468
-1.58485
-1.58502
-1.5852
-1.58538
-1.58555
-1.58573
-1.58591
-1.58609
-1.58627
-1.58646
-1.58664
-1.58682
-1.587
-1.58719
-1.58737
-1.58756
-1.58774
-1.58793
-1.58811
-1.5883
-1.58848
-1.58866
-1.58885
-1.58903
-1.58922
-1.5894
-1.58958
-1.58976
-1.58994
-1.59012
-1.5903
-1.59048
-1.59066
-1.59083
-1.59101
-1.59118
-1.59135
-1.59152
-1.59169
-1.59186
-1.59202
-1.59219
-1.59235
-1.59251
-1.59267
-1.59282
-1.59298
-1.59313
-1.59328
-1.59342
-1.59357
-1.59371
-1.59385
-1.59399
-1.59413
-1.59426
-1.59439
-1.59452
-1.59464
-1.59477
-1.59489
-1.595
-1.59512
-1.59523
-1.59534
-1.59544
-1.59555
-1.59565
-1.59575
-1.59584
-1.59593
-1.59602
-1.59611
-1.59619
-1.59627
-1.59635
-1.59643
-1.5965
-1.59657
-1.59663
-1.5967
-1.59676
-1.59682
-1.59688
-1.59693
-1.59698
-1.59703
-1.59708
-1.59712
-1.59716
-1.5972
-1.59724
-1.59727
-1.5973
-1.59733
-1.59736
-1.59739
-1.59741
-1.59744
-1.59746
-1.59748
-1.59749
-1.59751
-1.59752
-1.59754
-1.59755
-1.59756
-1.59757
-1.59757
-1.59758
-1.59759
-1.59759
-1.59759
-1.5976
-1.5976
-1.5976
-1.5976
-1.5976
-1.5976
-1.5976
-1.5976
-1.5976
-1.5976
-1.5976
-1.5976
-1.5976
-1.5976
-1.5976
-1.5976
-1.5976
-1.5976
-1.5976
-1.5976
-1.59761
-1.59761
-1.59762
-1.59762
-1.59763
-1.59764
-1.59764
-1.59765
-1.59767
-1.59768
-1.59769
-1.5977
-1.59772
-1.59774
-1.59776
-1.59778
-1.5978
-1.59782
-1.59785
-1.59787
-1.5979
-1.59793
-1.59796
-1.59799
-1.59803
-1.59806
-1.5981
-1.59814
-1.59818
-1.59822
-1.59827
-1.59831
-1.59836
-1.59841
-1.59846
-1.59851
-1.59857
-1.59862
-1.59868
-1.59874
-1.5988
-1.59886
-1.59892
-1.59899
-1.59905
-1.59912
-1.59919
-1.59926
-1.59933
-1.5994
-1.59947
-1.59955
-1.59962
-1.5997
-1.59978
-1.59986
-1.59993
-1.60001
-1.60009
-1.60017
-1.60026
-1.60034
-1.60042
-1.6005
-1.60058
-1.60067
-1.60075
-1.60083
-1.60092
-1.601
-1.60108
-1.60117
-1.60125
-1.60133
-1.60141
-1.60149
-1.60157
-1.60165
-1.60173
-1.60181
-1.60189
-1.60196
-1.60204
-1.60212
-1.60219
-1.60226
-1.60233
-1.6024
-1.60247
-1.60254
-1.6026
-1.60267
-1.60273
-1.60279
-1.60285
-1.60291
-1.60297
-1.60302
-1.60307
-1.60313
-1.60317
-1.60322
-1.60327
-1.60331
-1.60335
-1.60339
-1.60343
-1.60346
-1.60349
-1.60352
-1.60355
-1.60358
-1.6036
-1.60363
-1.60365
-1.60366
-1.60368
-1.60369
-1.6037
-1.60371
-1.60372
-1.60373
-1.60373
-1.60373
-1.60373
-1.60373
-1.60372
-1.60371
-1.6037
-1.60369
-1.60368
-1.60367
-1.60365
-1.60363
-1.60361
-1.60359
-1.60357
-1.60355
-1.60352
-1.60349
-1.60347
-1.60344
-1.60341
-1.60337
-1.60334
-1.60331
-1.60327
-1.60324
-1.6032
-1.60316
-1.60313
-1.60309
-1.60305
-1.60301
-1.60297
-1.60293
-1.60289
-1.60285
-1.60281
-1.60277
-1.60273
-1.60269
-1.60265
-1.60261
-1.60257
-1.60253
-1.6025
-1.60246
-1.60242
-1.60239
-1.60235
-1.60232
-1.60229
-1.60226
-1.60223
-1.6022
-1.60217
-1.60215
-1.60212
-1.6021
-1.60208
-1.60206
-1.60204
-1.60203
-1.60201
-1.602
-1.60199
-1.60198
-1.60198
-1.60198
-1.60197
-1.60198
-1.60198
-1.60198
-1.60199
-1.602
-1.60202
-1.60203
-1.60205
-1.60207
-1.60209
-1.60212
-1.60215
-1.60218
-1.60221
-1.60225
-1.60229
-1.60233
-1.60237
-1.60242
-1.60247
-1.60252
-1.60257
-1.60263
-1.60269
-1.60275
-1.60282
-1.60288
-1.60295
-1.60303
-1.6031
-1.60318
-1.60326
-1.60334
-1.60343
-1.60351
-1.6036
-1.60369
-1.60379
-1.60388
-1.60398
-1.60408
-1.60418
-1.60429
-1.60439
-1.6045
-1.60461
-1.60472
-1.60484
-1.60495
-1.60507
-1.60518
-1.6053
-1.60542
-1.60554
-1.60567
-1.60579
-1.60592
-1.60604
-1.60617
-1.6063
-1.60642
-1.60655
-1.60668
-1.60681
-1.60695
-1.60708
-1.60721
-1.60734
-1.60747
-1.60761
-1.60774
-1.60787
-1.60801
-1.60814
-1.60827
-1.6084
-1.60854
-1.60867
-1.6088
-1.60893
-1.60906
-1.60919
-1.60932
-1.60945
-1.60958
-1.60971
-1.60983
-1.60996
-1.61008
-1.61021
-1.61033
-1.61045
-1.61057
-1.61069
-1.61081
-1.61093
-1.61105
-1.61116
-1.61128
-1.61139
-1.61151
-1.61162
-1.61173
-1.61184
-1.61194
-1.61205
-1.61216
-1.61226
-1.61236
-1.61246
-1.61256
-1.61266
-1.61276
-1.61286
-1.61295
-1.61305
-1.61314
-1.61324
-1.61333
-1.61342
-1.61351
-1.6136
-1.61368
-1.61377
-1.61386
-1.61394
-1.61403
-1.61411
-1.6142
-1.61428
-1.61436
-1.61444
-1.61452
-1.6146
-1.61469
-1.61477
-1.61485
-1.61493
-1.61501
-1.61509
-1.61517
-1.61525
-1.61533
-1.61541
-1.61549
-1.61557
-1.61565
-1.61573
-1.61582
-1.6159
-1.61599
-1.61607
-1.61616
-1.61624
-1.61633
-1.61642
-1.61651
-1.6166
-1.61669
-1.61679
-1.61688
-1.61698
-1.61707
-1.61717
-1.61727
-1.61738
-1.61748
-1.61759
-1.61769
-1.6178
-1.61791
-1.61803
-1.61814
-1.61826
-1.61838
-1.6185
-1.61862
-1.61875
-1.61887
-1.619
-1.61914
-1.61927
-1.61941
-1.61955
-1.61969
-1.61983
-1.61998
-1.62013
-1.62028
-1.62043
-1.62059
-1.62074
-1.6209
-1.62107
-1.62123
-1.6214
-1.62157
-1.62174
-1.62192
-1.62209
-1.62227
-1.62245
-1.62264
-1.62282
-1.62301
-1.6232
-1.62339
-1.62359
-1.62378
-1.62398
-1.62418
-1.62439
-1.62459
-1.6248
-1.625
-1.62521
-1.62542
-1.62564
-1.62585
-1.62606
-1.62628
-1.6265
-1.62672
-1.62694
-1.62716
-1.62738
-1.62761
-1.62783
-1.62806
-1.62828
-1.62851
-1.62874
-1.62897
-1.62919
-1.62942
-1.62965
-1.62988
-1.63011
-1.63034
-1.63057
-1.6308
-1.63103
-1.63125
-1.63148
-1.63171
-1.63194
-1.63216
-1.63239
-1.63262
-1.63284
-1.63306
-1.63328
-1.63351
-1.63373
-1.63395
-1.63416
-1.63438
-1.63459
-1.63481
-1.63502
-1.63523
-1.63544
-1.63564
-1.63585
-1.63605
-1.63625
-1.63645
-1.63665
-1.63684
-1.63704
-1.63723
-1.63742
-1.6376
-1.63779
-1.63797
-1.63815
-1.63833
-1.6385
-1.63867
-1.63884
-1.63901
-1.63918
-1.63934
-1.6395
-1.63966
-1.63981
-1.63997
-1.64012
-1.64027
-1.64041
-1.64055
-1.64069
-1.64083
-1.64097
-1.6411
-1.64123
-1.64136
-1.64149
-1.64161
-1.64173
-1.64185
-1.64197
-1.64208
-1.64219
-1.6423
-1.64241
-1.64252
-1.64262
-1.64273
-1.64283
-1.64293
-1.64302
-1.64312
-1.64321
-1.64331
-1.6434
-1.64349
-1.64357
-1.64366
-1.64374
-1.64383
-1.64391
-1.64399
-1.64407
-1.64416
-1.64423
-1.64431
-1.64439
-1.64447
-1.64454
-1.64462
-1.6447
-1.64477
-1.64485
-1.64492
-1.645
-1.64507
-1.64515
-1.64522
-1.6453
-1.64537
-1.64545
-1.64553
-1.6456
-1.64568
-1.64576
-1.64584
-1.64592
-1.646
-1.64608
-1.64616
-1.64624
-1.64633
-1.64641
-1.6465
-1.64659
-1.64667
-1.64677
-1.64686
-1.64695
-1.64704
-1.64714
-1.64724
-1.64734
-1.64744
-1.64754
-1.64764
-1.64775
-1.64786
-1.64797
-1.64808
-1.64819
-1.64831
-1.64842
-1.64854
-1.64866
-1.64878
-1.64891
-1.64903
-1.64916
-1.64929
-1.64942
-1.64955
-1.64969
-1.64983
-1.64997
-1.65011
-1.65025
-1.65039
-1.65054
-1.65069
-1.65084
-1.65099
-1.65114
-1.65129
-1.65145
-1.65161
-1.65177
-1.65193
-1.65209
-1.65225
-1.65242
-1.65258
-1.65275
-1.65292
-1.65309
-1.65326
-1.65343
-1.6536
-1.65377
-1.65395
-1.65412
-1.6543
-1.65447
-1.65465
-1.65483
-1.65501
-1.65518
-1.65536
-1.65554
-1.65572
-1.6559
-1.65608
-1.65626
-1.65644
-1.65662
-1.6568
-1.65698
-1.65715
-1.65733
-1.65751
-1.65769
-1.65786
-1.65804
-1.65822
-1.65839
-1.65856
-1.65874
-1.65891
-1.65908
-1.65925
-1.65942
-1.65959
-1.65975
-1.65992
-1.66009
-1.66025
-1.66041
-1.66057
-1.66073
-1.66089
-1.66104
-1.6612
-1.66135
-1.6615
-1.66165
-1.6618
-1.66195
-1.66209
-1.66224
-1.66238
-1.66252
-1.66265
-1.66279
-1.66293
-1.66306
-1.66319
-1.66332
-1.66345
-1.66357
-1.66369
-1.66382
-1.66394
-1.66406
-1.66417
-1.66429
-1.6644
-1.66451
-1.66462
-1.66473
-1.66484
-1.66494
-1.66504
-1.66515
-1.66525
-1.66535
-1.66544
-1.66554
-1.66563
-1.66573
-1.66582
-1.66591
-1.666
-1.66609
-1.66617
-1.66626
-1.66634
-1.66643
-1.66651
-1.66659
-1.66667
-1.66675
-1.66683
-1.66691
-1.66699
-1.66707
-1.66715
-1.66722
-1.6673
-1.66738
-1.66745
-1.66753
-1.6676
-1.66768
-1.66775
-1.66783
-1.6679
-1.66798
-1.66805
-1.66813
-1.6682
-1.66828
-1.66836
-1.66843
-1.66851
-1.66859
-1.66866
-1.66874
-1.66882
-1.6689
-1.66898
-1.66906
-1.66915
-1.66923
-1.66931
-1.6694
-1.66948
-1.66957
-1.66965
-1.66974
-1.66983
-1.66992
-1.67001
-1.6701
-1.6702
-1.67029
-1.67039
-1.67048
-1.67058
-1.67068
-1.67078
-1.67088
-1.67098
-1.67109
-1.67119
-1.6713
-1.6714
-1.67151
-1.67162
-1.67173
-1.67184
-1.67195
-1.67206
-1.67218
-1.67229
-1.67241
-1.67252
-1.67264
-1.67276
-1.67288
-1.673
-1.67312
-1.67324
-1.67336
-1.67348
-1.6736
-1.67373
-1.67385
-1.67398
-1.6741
-1.67422
-1.67435
-1.67447
-1.6746
-1.67472
-1.67485
-1.67497
-1.6751
-1.67522
-1.67535
-1.67547
-1.6756
-1.67572
-1.67584
-1.67596
-1.67609
-1.67621
-1.67633
-1.67645
-1.67657
-1.67668
-1.6768
-1.67691
-1.67703
-1.67714
-1.67725
-1.67736
-1.67747
-1.67758
-1.67769
-1.67779
-1.6779
-1.678
-1.6781
-1.67819
-1.67829
-1.67838
-1.67848
-1.67857
-1.67865
-1.67874
-1.67882
-1.67891
-1.67898
-1.67906
-1.67914
-1.67921
-1.67928
-1.67935
-1.67941
-1.67948
-1.67954
-1.67959
-1.67965
-1.6797
-1.67975
-1.6798
-1.67985
-1.67989
-1.67993
-1.67997
-1.68
-1.68003
-1.68006
-1.68009
-1.68012
-1.68014
-1.68016
-1.68017
-1.68019
-1.6802
-1.68021
-1.68022
-1.68022
-1.68022
-1.68022
-1.68022
-1.68022
-1.68021
-1.6802
-1.68019
-1.68018
-1.68016
-1.68014
-1.68012
-1.6801
-1.68008
-1.68005
-1.68002
-1.68
-1.67997
-1.67993
-1.6799
-1.67986
-1.67983
-1.67979
-1.67975
-1.67971
-1.67967
-1.67962
-1.67958
-1.67953
-1.67949
-1.67944
-1.67939
-1.67935
-1.6793
-1.67925
-1.6792
-1.67915
-1.6791
-1.67905
-1.679
-1.67895
-1.6789
-1.67884
-1.67879
-1.67874
-1.67869
-1.67864
-1.67859
-1.67854
-1.6785
-1.67845
-1.6784
-1.67835
-1.67831
-1.67826
-1.67822
-1.67818
-1.67814
-1.67809
-1.67805
-1.67802
-1.67798
-1.67794
-1.67791
-1.67787
-1.67784
-1.67781
-1.67778
-1.67776
-1.67773
-1.67771
-1.67768
-1.67766
-1.67764
-1.67763
-1.67761
-1.6776
-1.67758
-1.67757
-1.67757
-1.67756
-1.67755
-1.67755
-1.67755
-1.67755
-1.67755
-1.67756
-1.67756
-1.67757
-1.67758
-1.67759
-1.6776
-1.67762
-1.67763
-1.67765
-1.67767
-1.67769
-1.67772
-1.67774
-1.67777
-1.6778
-1.67783
-1.67786
-1.67789
-1.67792
-1.67796
-1.67799
-1.67803
-1.67807
-1.67811
-1.67815
-1.67819
-1.67824
-1.67828
-1.67833
-1.67837
-1.67842
-1.67846
-1.67851
-1.67856
-1.67861
-1.67866
-1.67871
-1.67876
-1.67881
-1.67886
-1.67891
-1.67896
-1.67901
-1.67906
-1.67911
-1.67917
-1.67922
-1.67927
-1.67932
-1.67936
-1.67941
-1.67946
-1.67951
-1.67956
-1.6796
-1.67965
-1.67969
-1.67974
-1.67978
-1.67982
-1.67986
-1.6799
-1.67994
-1.67998
-1.68002
-1.68005
-1.68009
-1.68012
-1.68015
-1.68018
-1.68021
-1.68023
-1.68026
-1.68028
-1.68031
-1.68033
-1.68034
-1.68036
-1.68038
-1.68039
-1.6804
-1.68041
-1.68042
-1.68043
-1.68043
-1.68044
-1.68044
-1.68044
-1.68044
-1.68043
-1.68043
-1.68042
-1.68041
-1.6804
-1.68039
-1.68037
-1.68036
-1.68034
-1.68032
-1.6803
-1.68028
-1.68026
-1.68023
-1.6802
-1.68017
-1.68015
-1.68011
-1.68008
-1.68005
-1.68001
-1.67998
-1.67994
-1.6799
-1.67986
-1.67982
-1.67978
-1.67974
-1.67969
-1.67965
-1.6796
-1.67956
-1.67951
-1.67946
-1.67942
-1.67937
-1.67932
-1.67927
-1.67922
-1.67917
-1.67912
-1.67907
-1.67902
-1.67897
-1.67892
-1.67888
-1.67883
-1.67878
-1.67873
-1.67868
-1.67863
-1.67858
-1.67854
-1.67849
-1.67844
-1.6784
-1.67835
-1.67831
-1.67827
-1.67823
-1.67819
-1.67815
-1.67811
-1.67807
-1.67803
-1.678
-1.67796
-1.67793
-1.6779
-1.67787
-1.67784
-1.67781
-1.67779
-1.67776
-1.67774
-1.67772
-1.6777
-1.67768
-1.67767
-1.67765
-1.67764
-1.67763
-1.67762
-1.67761
-1.6776
-1.6776
-1.6776
-1.67759
-1.67759
-1.6776
-1.6776
-1.67761
-1.67761
-1.67762
-1.67763
-1.67764
-1.67766
-1.67767
-1.67769
-1.67771
-1.67773
-1.67775
-1.67778
-1.6778
-1.67783
-1.67785
-1.67788
-1.67791
-1.67794
-1.67798
-1.67801
-1.67805
-1.67808
-1.67812
-1.67816
-1.6782
-1.67824
-1.67828
-1.67832
-1.67837
-1.67841
-1.67845
-1.6785
-1.67854
-1.67859
-1.67864
-1.67868
-1.67873
-1.67878
-1.67883
-1.67887
-1.67892
-1.67897
-1.67902
-1.67907
-1.67911
-1.67916
-1.67921
-1.67926
-1.6793
-1.67935
-1.6794
-1.67944
-1.67949
-1.67953
-1.67957
-1.67962
-1.67966
-1.6797
-1.67974
-1.67978
-1.67982
-1.67985
-1.67989
-1.67992
-1.67996
-1.67999
-1.68002
-1.68005
-1.68008
-1.68011
-1.68013
-1.68016
-1.68018
-1.6802
-1.68022
-1.68024
-1.68026
-1.68027
-1.68029
-1.6803
-1.68031
-1.68032
-1.68033
-1.68033
-1.68034
-1.68034
-1.68034
-1.68034
-1.68034
-1.68033
-1.68033
-1.68032
-1.68031
-1.6803
-1.68029
-1.68027
-1.68026
-1.68024
-1.68022
-1.6802
-1.68018
-1.68016
-1.68013
-1.6801
-1.68008
-1.68005
-1.68002
-1.67999
-1.67995
-1.67992
-1.67989
-1.67985
-1.67981
-1.67978
-1.67974
-1.6797
-1.67966
-1.67962
-1.67957
-1.67953
-1.67949
-1.67944
-1.6794
-1.67935
-1.67931
-1.67926
-1.67921
-1.67917
-1.67912
-1.67907
-1.67903
-1.67898
-1.67893
-1.67889
-1.67884
-1.67879
-1.67874
-1.6787
-1.67865
-1.67861
-1.67856
-1.67852
-1.67847
-1.67843
-1.67839
-1.67835
-1.6783
-1.67826
-1.67823
-1.67819
-1.67815
-1.67811
-1.67808
-1.67804
-1.67801
-1.67798
-1.67795
-1.67792
-1.67789
-1.67786
-1.67784
-1.67781
-1.67779
-1.67777
-1.67775
-1.67773
-1.67771
-1.6777
-1.67768
-1.67767
-1.67766
-1.67765
-1.67764
-1.67763
-1.67763
-1.67763
-1.67763
-1.67763
-1.67763
-1.67763
-1.67764
-1.67764
-1.67765
-1.67766
-1.67767
-1.67769
-1.6777
-1.67772
-1.67773
-1.67775
-1.67777
-1.67779
-1.67782
-1.67784
-1.67787
-1.67789
-1.67792
-1.67795
-1.67798
-1.67801
-1.67805
-1.67808
-1.67811
-1.67815
-1.67819
-1.67822
-1.67826
-1.6783
-1.67834
-1.67838
-1.67842
-1.67846
-1.67851
-1.67855
-1.67859
-1.67864
-1.67868
-1.67872
-1.67877
-1.67881
-1.67886
-1.6789
-1.67895
-1.67899
-1.67903
-1.67908
-1.67912
-1.67916
-1.67921
-1.67925
-1.67929
-1.67933
-1.67938
-1.67942
-1.67946
-1.6795
-1.67953
-1.67957
-1.67961
-1.67964
-1.67968
-1.67971
-1.67975
-1.67978
-1.67981
-1.67984
-1.67987
-1.67989
-1.67992
-1.67994
-1.67997
-1.67999
-1.68001
-1.68003
-1.68005
-1.68006
-1.68008
-1.68009
-1.6801
-1.68011
-1.68012
-1.68013
-1.68014
-1.68014
-1.68014
-1.68015
-1.68015
-1.68014
-1.68014
-1.68014
-1.68013
-1.68012
-1.68011
-1.6801
-1.68009
-1.68007
-1.68006
-1.68004
-1.68002
-1.68
-1.67998
-1.67996
-1.67994
-1.67991
-1.67989
-1.67986
-1.67983
-1.6798
-1.67977
-1.67974
-1.67971
-1.67967
-1.67964
-1.6796
-1.67956
-1.67953
-1.67949
-1.67945
-1.67941
-1.67937
-1.67933
-1.67929
-1.67925
-1.67921
-1.67916
-1.67912
-1.67908
-1.67903
-1.67899
-1.67895
-1.6789
-1.67886
-1.67882
-1.67877
-1.67873
-1.67869
-1.67864
-1.6786
-1.67856
-1.67852
-1.67848
-1.67843
-1.67839
-1.67836
-1.67832
-1.67828
-1.67824
-1.6782
-1.67817
-1.67813
-1.6781
-1.67807
-1.67804
-1.678
-1.67798
-1.67795
-1.67792
-1.67789
-1.67787
-1.67784
-1.67782
-1.6778
-1.67778
-1.67776
-1.67775
-1.67773
-1.67772
-1.6777
-1.67769
-1.67768
-1.67768
-1.67767
-1.67766
-1.67766
-1.67766
-1.67766
-1.67766
-1.67766
-1.67766
-1.67767
-1.67768
-1.67768
-1.67769
-1.67771
-1.67772
-1.67773
-1.67775
-1.67777
-1.67778
-1.6778
-1.67782
-1.67785
-1.67787
-1.67789
-1.67792
-1.67795
-1.67798
-1.67801
-1.67804
-1.67807
-1.6781
-1.67813
-1.67817
-1.6782
-1.67824
-1.67828
-1.67831
-1.67835
-1.67839
-1.67843
-1.67847
-1.67851
-1.67855
-1.67859
-1.67864
-1.67868
-1.67872
-1.67876
-1.67881
-1.67885
-1.67889
-1.67893
-1.67898
-1.67902
-1.67906
-1.6791
-1.67915
-1.67919
-1.67923
-1.67927
-1.67931
-1.67935
-1.67939
-1.67943
-1.67946
-1.6795
-1.67954
-1.67957
-1.67961
-1.67964
-1.67967
-1.67971
-1.67974
-1.67977
-1.6798
-1.67982
-1.67985
-1.67987
-1.6799
-1.67992
-1.67994
-1.67996
-1.67998
-1.68
-1.68002
-1.68003
-1.68004
-1.68006
-1.68007
-1.68007
-1.68008
-1.68009
-1.68009
-1.6801
-1.6801
-1.6801
-1.6801
-1.68009
-1.68009
-1.68008
-1.68008
-1.68007
-1.68006
-1.68005
-1.68003
-1.68002
-1.68
-1.67999
-1.67997
-1.67995
-1.67993
-1.67991
-1.67988
-1.67986
-1.67983
-1.67981
-1.67978
-1.67975
-1.67972
-1.67969
-1.67966
-1.67962
-1.67959
-1.67955
-1.67952
-1.67948
-1.67944
-1.67941
-1.67937
-1.67933
-1.67929
-1.67925
-1.67921
-1.67917
-1.67913
-1.67909
-1.67905
-1.679
-1.67896
-1.67892
-1.67888
-1.67884
-1.6788
-1.67875
-1.67871
-1.67867
-1.67863
-1.67859
-1.67855
-1.67851
-1.67847
-1.67843
-1.6784
-1.67836
-1.67832
-1.67829
-1.67825
-1.67822
-1.67818
-1.67815
-1.67812
-1.67809
-1.67806
-1.67803
-1.678
-1.67797
-1.67795
-1.67792
-1.6779
-1.67788
-1.67786
-1.67784
-1.67782
-1.6778
-1.67779
-1.67778
-1.67776
-1.67775
-1.67774
-1.67773
-1.67773
-1.67772
-1.67772
-1.67771
-1.67771
-1.67771
-1.67772
-1.67772
-1.67772
-1.67773
-1.67774
-1.67775
-1.67776
-1.67777
-1.67778
-1.67779
-1.67781
-1.67783
-1.67785
-1.67787
-1.67789
-1.67791
-1.67793
-1.67796
-1.67798
-1.67801
-1.67804
-1.67807
-1.6781
-1.67813
-1.67816
-1.67819
-1.67822
-1.67826
-1.67829
-1.67833
-1.67837
-1.6784
-1.67844
-1.67848
-1.67852
-1.67856
-1.6786
-1.67864
-1.67868
-1.67872
-1.67876
-1.6788
-1.67884
-1.67888
-1.67892
-1.67896
-1.679
-1.67904
-1.67908
-1.67913
-1.67917
-1.6792
-1.67924
-1.67928
-1.67932
-1.67936
-1.6794
-1.67943
-1.67947
-1.6795
-1.67954
-1.67957
-1.6796
-1.67964
-1.67967
-1.6797
-1.67973
-1.67975
-1.67978
-1.67981
-1.67983
-1.67985
-1.67988
-1.6799
-1.67992
-1.67994
-1.67995
-1.67997
-1.67998
-1.68
-1.68001
-1.68002
-1.68003
-1.68004
-1.68004
-1.68005
-1.68005
-1.68005
-1.68005
-1.68005
-1.68005
-1.68005
-1.68004
-1.68004
-1.68003
-1.68002
-1.68001
-1.68
-1.67998
-1.67997
-1.67995
-1.67994
-1.67992
-1.6799
-1.67988
-1.67986
-1.67983
-1.67981
-1.67978
-1.67976
-1.67973
-1.6797
-1.67967
-1.67964
-1.67961
-1.67958
-1.67954
-1.67951
-1.67948
-1.67944
-1.6794
-1.67937
-1.67933
-1.67929
-1.67925
-1.67922
-1.67918
-1.67914
-1.6791
-1.67906
-1.67902
-1.67898
-1.67894
-1.6789
-1.67886
-1.67882
-1.67878
-1.67874
-1.6787
-1.67866
-1.67862
-1.67858
-1.67854
-1.6785
-1.67847
-1.67843
-1.67839
-1.67836
-1.67832
-1.67829
-1.67825
-1.67822
-1.67819
-1.67816
-1.67813
-1.6781
-1.67807
-1.67804
-1.67802
-1.67799
-1.67797
-1.67794
-1.67792
-1.6779
-1.67788
-1.67786
-1.67785
-1.67783
-1.67782
-1.6778
-1.67779
-1.67778
-1.67777
-1.67776
-1.67776
-1.67775
-1.67775
-1.67775
-1.67775
-1.67775
-1.67775
-1.67775
-1.67776
-1.67776
-1.67777
-1.67778
-1.67779
-1.6778
-1.67781
-1.67783
-1.67784
-1.67786
-1.67788
-1.6779
-1.67792
-1.67794
-1.67796
-1.67798
-1.67801
-1.67804
-1.67806
-1.67809
-1.67812
-1.67815
-1.67818
-1.67821
-1.67824
-1.67827
-1.67831
-1.67834
-1.67838
-1.67841
-1.67845
-1.67848
-1.67852
-1.67856
-1.67859
-1.67863
-1.67867
-1.67871
-1.67875
-1.67878
-1.67882
-1.67886
-1.6789
-1.67894
-1.67897
-1.67901
-1.67905
-1.67909
-1.67913
-1.67916
-1.6792
-1.67923
-1.67927
-1.6793
-1.67934
-1.67937
-1.67941
-1.67944
-1.67947
-1.6795
-1.67953
-1.67956
-1.67959
-1.67961
-1.67964
-1.67966
-1.67969
-1.67971
-1.67973
-1.67975
-1.67977
-1.67979
-1.67981
-1.67983
-1.67984
-1.67985
-1.67987
-1.67988
-1.67989
-1.67989
-1.6799
-1.67991
-1.67991
-1.67991
-1.67992
-1.67992
-1.67992
-1.67991
-1.67991
-1.6799
-1.6799
-1.67989
-1.67988
-1.67987
-1.67986
-1.67985
-1.67983
-1.67982
-1.6798
-1.67978
-1.67977
-1.67975
-1.67972
-1.6797
-1.67968
-1.67965
-1.67963
-1.6796
-1.67958
-1.67955
-1.67952
-1.67949
-1.67946
-1.67943
-1.6794
-1.67937
-1.67933
-1.6793
-1.67926
-1.67923
-1.6792
-1.67916
-1.67912
-1.67909
-1.67905
-1.67902
-1.67898
-1.67894
-1.67891
-1.67887
-1.67884
-1.6788
-1.67876
-1.67873
-1.67869
-1.67866
-1.67862
-1.67859
-1.67855
-1.67852
-1.67849
-1.67846
-1.67843
-1.6784
-1.67837
-1.67834
-1.67831
-1.67828
-1.67826
-1.67823
-1.67821
-1.67818
-1.67816
-1.67814
-1.67812
-1.6781
-1.67808
-1.67807
-1.67805
-1.67804
-1.67803
-1.67802
-1.67801
-1.678
-1.678
-1.67799
-1.67799
-1.67799
-1.67799
-1.67799
-1.67799
-1.678
-1.67801
-1.67801
-1.67802
-1.67804
-1.67805
-1.67806
-1.67808
-1.6781
-1.67812
-1.67814
-1.67816
-1.67819
-1.67821
-1.67824
-1.67827
-1.6783
-1.67833
-1.67837
-1.6784
-1.67844
-1.67848
-1.67852
-1.67856
-1.6786
-1.67865
-1.67869
-1.67874
-1.67879
-1.67884
-1.67889
-1.67894
-1.67899
-1.67904
-1.6791
-1.67915
-1.67921
-1.67927
-1.67933
-1.67939
-1.67945
-1.67951
-1.67957
-1.67963
-1.67969
-1.67976
-1.67982
-1.67988
-1.67995
-1.68001
-1.68008
-1.68014
-1.68021
-1.68027
-1.68034
-1.68041
-1.68047
-1.68054
-1.6806
-1.68067
-1.68073
-1.6808
-1.68086
-1.68093
-1.68099
-1.68106
-1.68112
-1.68118
-1.68124
-1.68131
-1.68137
-1.68143
-1.68149
-1.68155
-1.6816
-1.68166
-1.68172
-1.68177
-1.68183
-1.68188
-1.68193
-1.68198
-1.68203
-1.68208
-1.68213
-1.68218
-1.68223
-1.68227
-1.68231
-1.68236
-1.6824
-1.68244
-1.68248
-1.68251
-1.68255
-1.68258
-1.68262
-1.68265
-1.68268
-1.68271
-1.68274
-1.68277
-1.68279
-1.68282
-1.68284
-1.68286
-1.68288
-1.6829
-1.68292
-1.68294
-1.68295
-1.68297
-1.68298
-1.68299
-1.68301
-1.68302
-1.68302
-1.68303
-1.68304
-1.68305
-1.68305
-1.68305
-1.68306
-1.68306
-1.68306
-1.68306
-1.68306
-1.68306
-1.68306
-1.68305
-1.68305
-1.68305
-1.68304
-1.68304
-1.68303
-1.68303
-1.68302
-1.68301
-1.68301
-1.683
-1.68299
-1.68298
-1.68298
-1.68297
-1.68296
-1.68295
-1.68294
-1.68293
-1.68292
-1.68292
-1.68291
-1.6829
-1.68289
-1.68288
-1.68288
-1.68287
-1.68286
-1.68286
-1.68285
-1.68285
-1.68284
-1.68284
-1.68283
-1.68283
-1.68283
-1.68282
-1.68282
-1.68282
-1.68282
-1.68282
-1.68283
-1.68283
-1.68283
-1.68283
-1.68284
-1.68285
-1.68285
-1.68286
-1.68287
-1.68288
-1.68289
-1.6829
-1.68291
-1.68292
-1.68294
-1.68295
-1.68297
-1.68298
-1.683
-1.68302
-1.68304
-1.68306
-1.68308
-1.6831
-1.68313
-1.68315
-1.68318
-1.6832
-1.68323
-1.68325
-1.68328
-1.68331
-1.68334
-1.68337
-1.6834
-1.68343
-1.68347
-1.6835
-1.68353
-1.68357
-1.6836
-1.68364
-1.68368
-1.68371
-1.68375
-1.68379
-1.68382
-1.68386
-1.6839
-1.68394
-1.68398
-1.68402
-1.68405
-1.68409
-1.68413
-1.68417
-1.68421
-1.68425
-1.68429
-1.68433
-1.68437
-1.68441
-1.68444
-1.68448
-1.68452
-1.68456
-1.68459
-1.68463
-1.68467
-1.6847
-1.68474
-1.68477
-1.68481
-1.68484
-1.68487
-1.6849
-1.68494
-1.68497
-1.685
-1.68502
-1.68505
-1.68508
-1.6851
-1.68513
-1.68515
-1.68518
-1.6852
-1.68522
-1.68524
-1.68526
-1.68528
-1.68529
-1.68531
-1.68532
-1.68534
-1.68535
-1.68536
-1.68537
-1.68538
-1.68538
-1.68539
-1.68539
-1.6854
-1.6854
-1.6854
-1.6854
-1.6854
-1.6854
-1.68539
-1.68539
-1.68538
-1.68537
-1.68536
-1.68535
-1.68534
-1.68533
-1.68532
-1.6853
-1.68529
-1.68527
-1.68526
-1.68524
-1.68522
-1.6852
-1.68518
-1.68515
-1.68513
-1.68511
-1.68508
-1.68506
-1.68503
-1.685
-1.68498
-1.68495
-1.68492
-1.68489
-1.68486
-1.68483
-1.6848
-1.68477
-1.68474
-1.68471
-1.68467
-1.68464
-1.68461
-1.68458
-1.68454
-1.68451
-1.68448
-1.68444
-1.68441
-1.68438
-1.68434
-1.68431
-1.68428
-1.68425
-1.68421
-1.68418
-1.68415
-1.68412
-1.68409
-1.68406
-1.68403
-1.684
-1.68397
-1.68395
-1.68392
-1.68389
-1.68387
-1.68384
-1.68382
-1.6838
-1.68377
-1.68375
-1.68373
-1.68371
-1.68369
-1.68367
-1.68366
-1.68364
-1.68363
-1.68361
-1.6836
-1.68359
-1.68358
-1.68357
-1.68356
-1.68355
-1.68355
-1.68354
-1.68354
-1.68354
-1.68354
-1.68354
-1.68354
-1.68354
-1.68354
-1.68355
-1.68355
-1.68356
-1.68357
-1.68358
-1.68359
-1.6836
-1.68361
-1.68363
-1.68364
-1.68366
-1.68367
-1.68369
-1.68371
-1.68373
-1.68375
-1.68377
-1.68379
-1.68382
-1.68384
-1.68387
-1.68389
-1.68392
-1.68394
-1.68397
-1.684
-1.68403
-1.68406
-1.68409
-1.68412
-1.68415
-1.68418
-1.68421
-1.68425
-1.68428
-1.68431
-1.68435
-1.68438
-1.68441
-1.68445
-1.68448
-1.68451
-1.68455
-1.68458
-1.68461
-1.68465
-1.68468
-1.68471
-1.68475
-1.68478
-1.68481
-1.68484
-1.68487
-1.68491
-1.68494
-1.68497
-1.68499
-1.68502
-1.68505
-1.68508
-1.68511
-1.68513
-1.68516
-1.68518
-1.68521
-1.68523
-1.68525
-1.68527
-1.68529
-1.68531
-1.68533
-1.68535
-1.68537
-1.68538
-1.6854
-1.68541
-1.68542
-1.68543
-1.68544
-1.68545
-1.68546
-1.68547
-1.68547
-1.68548
-1.68548
-1.68548
-1.68549
-1.68549
-1.68548
-1.68548
-1.68548
-1.68548
-1.68547
-1.68546
-1.68546
-1.68545
-1.68544
-1.68543
-1.68541
-1.6854
-1.68539
-1.68537
-1.68536
-1.68534
-1.68532
-1.6853
-1.68528
-1.68526
-1.68524
-1.68522
-1.6852
-1.68518
-1.68515
-1.68513
-1.6851
-1.68508
-1.68505
-1.68502
-1.68499
-1.68497
-1.68494
-1.68491
-1.68488
-1.68485
-1.68482
-1.68479
-1.68476
-1.68473
-1.6847
-1.68467
-1.68464
-1.68461
-1.68458
-1.68455
-1.68451
-1.68448
-1.68445
-1.68442
-1.68439
-1.68437
-1.68434
-1.68431
-1.68428
-1.68425
-1.68422
-1.6842
-1.68417
-1.68415
-1.68412
-1.6841
-1.68407
-1.68405
-1.68403
-1.68401
-1.68399
-1.68397
-1.68395
-1.68393
-1.68391
-1.6839
-1.68388
-1.68387
-1.68386
-1.68384
-1.68383
-1.68382
-1.68381
-1.68381
-1.6838
-1.68379
-1.68379
-1.68379
-1.68378
-1.68378
-1.68378
-1.68378
-1.68379
-1.68379
-1.6838
-1.6838
-1.68381
-1.68382
-1.68382
-1.68384
-1.68385
-1.68386
-1.68387
-1.68389
-1.6839
-1.68392
-1.68394
-1.68396
-1.68398
-1.684
-1.68402
-1.68404
-1.68406
-1.68409
-1.68411
-1.68414
-1.68417
-1.68419
-1.68422
-1.68425
-1.68428
-1.68431
-1.68434
-1.68437
-1.68441
-1.68444
-1.68447
-1.6845
-1.68454
-1.68457
-1.68461
-1.68464
-1.68468
-1.68471
-1.68475
-1.68478
-1.68482
-1.68486
-1.68489
-1.68493
-1.68496
-1.685
-1.68504
-1.68507
-1.68511
-1.68514
-1.68518
-1.68521
-1.68525
-1.68528
-1.68532
-1.68535
-1.68538
-1.68542
-1.68545
-1.68548
-1.68551
-1.68554
-1.68557
-1.6856
-1.68563
-1.68566
-1.68569
-1.68571
-1.68574
-1.68576
-1.68579
-1.68581
-1.68583
-1.68586
-1.68588
-1.6859
-1.68592
-1.68594
-1.68595
-1.68597
-1.68599
-1.686
-1.68602
-1.68603
-1.68604
-1.68605
-1.68607
-1.68608
-1.68608
-1.68609
-1.6861
-1.68611
-1.68611
-1.68612
-1.68612
-1.68612
-1.68613
-1.68613
-1.68613
-1.68613
-1.68613
-1.68613
-1.68613
-1.68612
-1.68612
-1.68612
-1.68611
-1.68611
-1.6861
-1.6861
-1.68609
-1.68608
-1.68607
-1.68607
-1.68606
-1.68605
-1.68604
-1.68603
-1.68603
-1.68602
-1.68601
-1.686
-1.68599
-1.68598
-1.68597
-1.68596
-1.68595
-1.68594
-1.68594
-1.68593
-1.68592
-1.68591
-1.6859
-1.6859
-1.68589
-1.68588
-1.68588
-1.68587
-1.68587
-1.68586
-1.68586
-1.68586
-1.68586
-1.68585
-1.68585
-1.68585
-1.68585
-1.68586
-1.68586
-1.68586
-1.68587
-1.68587
-1.68588
-1.68589
-1.6859
-1.6859
-1.68592
-1.68593
-1.68594
-1.68595
-1.68597
-1.68599
-1.686
-1.68602
-1.68604
-1.68606
-1.68609
-1.68611
-1.68614
-1.68616
-1.68619
-1.68622
-1.68625
-1.68628
-1.68631
-1.68635
-1.68638
-1.68642
-1.68646
-1.68649
-1.68653
-1.68658
-1.68662
-1.68666
-1.68671
-1.68675
-1.6868
-1.68685
-1.6869
-1.68695
-1.687
-1.68705
-1.68711
-1.68716
-1.68722
-1.68727
-1.68733
-1.68739
-1.68745
-1.68751
-1.68757
-1.68763
-1.68769
-1.68776
-1.68782
-1.68789
-1.68795
-1.68802
-1.68808
-1.68815
-1.68821
-1.68828
-1.68835
-1.68842
-1.68849
-1.68855
-1.68862
-1.68869
-1.68876
-1.68883
-1.6889
-1.68897
-1.68904
-1.6891
-1.68917
-1.68924
-1.68931
-1.68938
-1.68944
-1.68951
-1.68958
-1.68965
-1.68971
-1.68978
-1.68984
-1.68991
-1.68997
-1.69003
-1.6901
-1.69016
-1.69022
-1.69028
-1.69034
-1.6904
-1.69046
-1.69052
-1.69057
-1.69063
-1.69068
-1.69074
-1.69079
-1.69084
-1.69089
-1.69094
-1.69099
-1.69104
-1.69109
-1.69113
-1.69118
-1.69122
-1.69126
-1.6913
-1.69134
-1.69138
-1.69142
-1.69146
-1.69149
-1.69153
-1.69156
-1.6916
-1.69163
-1.69166
-1.69169
-1.69171
-1.69174
-1.69177
-1.69179
-1.69182
-1.69184
-1.69186
-1.69188
-1.6919
-1.69192
-1.69194
-1.69196
-1.69198
-1.69199
-1.69201
-1.69202
-1.69204
-1.69205
-1.69206
-1.69207
-1.69208
-1.69209
-1.6921
-1.69211
-1.69212
-1.69213
-1.69214
-1.69215
-1.69215
-1.69216
-1.69217
-1.69217
-1.69218
-1.69218
-1.69219
-1.6922
-1.6922
-1.69221
-1.69221
-1.69222
-1.69222
-1.69223
-1.69224
-1.69224
-1.69225
-1.69226
-1.69226
-1.69227
-1.69228
-1.69229
-1.69229
-1.6923
-1.69231
-1.69232
-1.69233
-1.69234
-1.69235
-1.69237
-1.69238
-1.69239
-1.69241
-1.69242
-1.69244
-1.69245
-1.69247
-1.69249
-1.69251
-1.69253
-1.69255
-1.69257
-1.69259
-1.69261
-1.69264
-1.69266
-1.69269
-1.69272
-1.69274
-1.69277
-1.6928
-1.69283
-1.69286
-1.69289
-1.69293
-1.69296
-1.693
-1.69303
-1.69307
-1.6931
-1.69314
-1.69318
-1.69322
-1.69326
-1.6933
-1.69335
-1.69339
-1.69343
-1.69348
-1.69352
-1.69357
-1.69361
-1.69366
-1.69371
-1.69376
-1.69381
-1.69385
-1.6939
-1.69395
-1.694
-1.69406
-1.69411
-1.69416
-1.69421
-1.69426
-1.69431
-1.69437
-1.69442
-1.69447
-1.69452
-1.69458
-1.69463
-1.69468
-1.69473
-1.69479
-1.69484
-1.69489
-1.69494
-1.69499
-1.69504
-1.69509
-1.69514
-1.69519
-1.69524
-1.69529
-1.69534
-1.69539
-1.69543
-1.69548
-1.69552
-1.69557
-1.69561
-1.69566
-1.6957
-1.69574
-1.69578
-1.69582
-1.69586
-1.69589
-1.69593
-1.69596
-1.696
-1.69603
-1.69606
-1.69609
-1.69612
-1.69615
-1.69618
-1.6962
-1.69622
-1.69625
-1.69627
-1.69629
-1.69631
-1.69633
-1.69634
-1.69636
-1.69637
-1.69638
-1.69639
-1.6964
-1.69641
-1.69642
-1.69642
-1.69642
-1.69643
-1.69643
-1.69643
-1.69643
-1.69642
-1.69642
-1.69641
-1.6964
-1.6964
-1.69639
-1.69638
-1.69636
-1.69635
-1.69634
-1.69632
-1.6963
-1.69628
-1.69627
-1.69625
-1.69622
-1.6962
-1.69618
-1.69615
-1.69613
-1.6961
-1.69608
-1.69605
-1.69602
-1.69599
-1.69596
-1.69593
-1.6959
-1.69587
-1.69584
-1.69581
-1.69577
-1.69574
-1.69571
-1.69567
-1.69564
-1.6956
-1.69557
-1.69553
-1.6955
-1.69546
-1.69543
-1.69539
-1.69536
-1.69532
-1.69529
-1.69525
-1.69522
-1.69518
-1.69515
-1.69512
-1.69508
-1.69505
-1.69502
-1.69499
-1.69496
-1.69493
-1.6949
-1.69487
-1.69484
-1.69481
-1.69479
-1.69476
-1.69474
-1.69471
-1.69469
-1.69467
-1.69465
-1.69463
-1.69461
-1.69459
-1.69457
-1.69456
-1.69454
-1.69453
-1.69452
-1.6945
-1.69449
-1.69448
-1.69448
-1.69447
-1.69447
-1.69446
-1.69446
-1.69446
-1.69446
-1.69446
-1.69446
-1.69447
-1.69447
-1.69448
-1.69449
-1.69449
-1.6945
-1.69452
-1.69453
-1.69454
-1.69456
-1.69458
-1.69459
-1.69461
-1.69463
-1.69465
-1.69468
-1.6947
-1.69473
-1.69475
-1.69478
-1.69481
-1.69484
-1.69487
-1.6949
-1.69493
-1.69497
-1.695
-1.69504
-1.69507
-1.69511
-1.69515
-1.69519
-1.69523
-1.69527
-1.69531
-1.69535
-1.6954
-1.69544
-1.69548
-1.69553
-1.69557
-1.69562
-1.69566
-1.69571
-1.69576
-1.6958
-1.69585
-1.6959
-1.69595
-1.696
-1.69605
-1.6961
-1.69614
-1.69619
-1.69624
-1.69629
-1.69634
-1.69639
-1.69644
-1.69649
-1.69654
-1.69659
-1.69664
-1.69669
-1.69674
-1.69679
-1.69684
-1.69688
-1.69693
-1.69698
-1.69703
-1.69707
-1.69712
-1.69717
-1.69722
-1.69726
-1.69731
-1.69735
-1.6974
-1.69744
-1.69749
-1.69753
-1.69757
-1.69762
-1.69766
-1.6977
-1.69774
-1.69778
-1.69783
-1.69787
-1.69791
-1.69795
-1.69798
-1.69802
-1.69806
-1.6981
-1.69814
-1.69818
-1.69821
-1.69825
-1.69829
-1.69832
-1.69836
-1.69839
-1.69843
-1.69846
-1.6985
-1.69853
-1.69857
-1.6986
-1.69863
-1.69867
-1.6987
-1.69874
-1.69877
-1.6988
-1.69884
-1.69887
-1.6989
-1.69894
-1.69897
-1.699
-1.69904
-1.69907
-1.69911
-1.69914
-1.69918
-1.69921
-1.69925
-1.69928
-1.69932
-1.69936
-1.69939
-1.69943
-1.69947
-1.69951
-1.69955
-1.69959
-1.69963
-1.69967
-1.69971
-1.69975
-1.69979
-1.69984
-1.69988
-1.69993
-1.69997
-1.70002
-1.70007
-1.70011
-1.70016
-1.70021
-1.70026
-1.70032
-1.70037
-1.70042
-1.70048
-1.70053
-1.70059
-1.70064
-1.7007
-1.70076
-1.70082
-1.70088
-1.70094
-1.70101
-1.70107
-1.70114
-1.7012
-1.70127
-1.70134
-1.7014
-1.70147
-1.70154
-1.70162
-1.70169
-1.70176
-1.70184
-1.70191
-1.70199
-1.70206
-1.70214
-1.70222
-1.7023
-1.70238
-1.70246
-1.70254
-1.70262
-1.70271
-1.70279
-1.70288
-1.70296
-1.70305
-1.70313
-1.70322
-1.70331
-1.70339
-1.70348
-1.70357
-1.70366
-1.70375
-1.70384
-1.70392
-1.70401
-1.7041
-1.70419
-1.70428
-1.70437
-1.70446
-1.70455
-1.70464
-1.70473
-1.70482
-1.70491
-1.705
-1.70509
-1.70518
-1.70527
-1.70535
-1.70544
-1.70553
-1.70562
-1.7057
-1.70579
-1.70587
-1.70595
-1.70604
-1.70612
-1.7062
-1.70628
-1.70636
-1.70644
-1.70652
-1.7066
-1.70667
-1.70675
-1.70682
-1.70689
-1.70697
-1.70704
-1.70711
-1.70718
-1.70724
-1.70731
-1.70737
-1.70744
-1.7075
-1.70756
-1.70762
-1.70768
-1.70773
-1.70779
-1.70784
-1.70789
-1.70794
-1.70799
-1.70804
-1.70809
-1.70813
-1.70818
-1.70822
-1.70826
-1.7083
-1.70834
-1.70837
-1.70841
-1.70844
-1.70847
-1.7085
-1.70853
-1.70856
-1.70859
-1.70861
-1.70864
-1.70866
-1.70868
-1.7087
-1.70872
-1.70873
-1.70875
-1.70876
-1.70878
-1.70879
-1.7088
-1.70881
-1.70882
-1.70883
-1.70884
-1.70884
-1.70885
-1.70885
-1.70886
-1.70886
-1.70886
-1.70886
-1.70886
-1.70886
-1.70886
-1.70886
-1.70886
-1.70886
-1.70886
-1.70885
-1.70885
-1.70884
-1.70884
-1.70884
-1.70883
-1.70883
-1.70882
-1.70882
-1.70881
-1.70881
-1.70881
-1.7088
-1.7088
-1.70879
-1.70879
-1.70879
-1.70878
-1.70878
-1.70878
-1.70878
-1.70877
-1.70877
-1.70877
-1.70877
-1.70878
-1.70878
-1.70878
-1.70878
-1.70879
-1.70879
-1.7088
-1.70881
-1.70881
-1.70882
-1.70883
-1.70884
-1.70885
-1.70887
-1.70888
-1.7089
-1.70891
-1.70893
-1.70895
-1.70897
-1.70899
-1.70901
-1.70903
-1.70906
-1.70908
-1.70911
-1.70914
-1.70916
-1.70919
-1.70923
-1.70926
-1.70929
-1.70933
-1.70936
-1.7094
-1.70944
-1.70948
-1.70952
-1.70956
-1.70961
-1.70965
-1.7097
-1.70975
-1.70979
-1.70984
-1.70989
-1.70994
-1.71
-1.71005
-1.7101
-1.71016
-1.71021
-1.71027
-1.71033
-1.71039
-1.71044
-1.7105
-1.71057
-1.71063
-1.71069
-1.71075
-1.71081
-1.71088
-1.71094
-1.71101
-1.71107
-1.71114
-1.7112
-1.71127
-1.71133
-1.7114
-1.71147
-1.71153
-1.7116
-1.71167
-1.71173
-1.7118
-1.71187
-1.71193
-1.712
-1.71207
-1.71213
-1.7122
-1.71226
-1.71233
-1.71239
-1.71246
-1.71252
-1.71258
-1.71265
-1.71271
-1.71277
-1.71283
-1.71289
-1.71295
-1.71301
-1.71307
-1.71312
-1.71318
-1.71324
-1.71329
-1.71334
-1.7134
-1.71345
-1.7135
-1.71355
-1.7136
-1.71364
-1.71369
-1.71373
-1.71378
-1.71382
-1.71386
-1.7139
-1.71394
-1.71398
-1.71402
-1.71405
-1.71409
-1.71412
-1.71415
-1.71418
-1.71421
-1.71424
-1.71427
-1.7143
-1.71432
-1.71434
-1.71437
-1.71439
-1.71441
-1.71443
-1.71445
-1.71446
-1.71448
-1.71449
-1.71451
-1.71452
-1.71453
-1.71454
-1.71455
-1.71456
-1.71456
-1.71457
-1.71458
-1.71458
-1.71458
-1.71459
-1.71459
-1.71459
-1.71459
-1.71459
-1.71459
-1.71459
-1.71458
-1.71458
-1.71458
-1.71457
-1.71457
-1.71456
-1.71456
-1.71455
-1.71455
-1.71454
-1.71453
-1.71453
-1.71452
-1.71451
-1.7145
-1.7145
-1.71449
-1.71448
-1.71447
-1.71447
-1.71446
-1.71445
-1.71444
-1.71444
-1.71443
-1.71442
-1.71442
-1.71441
-1.7144
-1.7144
-1.71439
-1.71439
-1.71439
-1.71438
-1.71438
-1.71438
-1.71437
-1.71437
-1.71437
-1.71437
-1.71437
-1.71437
-1.71437
-1.71438
-1.71438
-1.71438
-1.71439
-1.71439
-1.7144
-1.7144
-1.71441
-1.71442
-1.71443
-1.71444
-1.71445
-1.71446
-1.71447
-1.71449
-1.7145
-1.71452
-1.71453
-1.71455
-1.71457
-1.71458
-1.7146
-1.71462
-1.71464
-1.71466
-1.71469
-1.71471
-1.71473
-1.71476
-1.71478
-1.71481
-1.71483
-1.71486
-1.71489
-1.71491
-1.71494
-1.71497
-1.715
-1.71503
-1.71506
-1.7151
-1.71513
-1.71516
-1.71519
-1.71522
-1.71526
-1.71529
-1.71533
-1.71536
-1.71539
-1.71543
-1.71546
-1.7155
-1.71553
-1.71557
-1.7156
-1.71564
-1.71567
-1.71571
-1.71574
-1.71578
-1.71581
-1.71585
-1.71588
-1.71592
-1.71595
-1.71598
-1.71602
-1.71605
-1.71608
-1.71611
-1.71615
-1.71618
-1.71621
-1.71624
-1.71627
-1.7163
-1.71633
-1.71635
-1.71638
-1.71641
-1.71643
-1.71646
-1.71648
-1.71651
-1.71653
-1.71655
-1.71657
-1.71659
-1.71661
-1.71663
-1.71665
-1.71667
-1.71668
-1.7167
-1.71671
-1.71673
-1.71674
-1.71675
-1.71676
-1.71677
-1.71678
-1.71679
-1.7168
-1.7168
-1.71681
-1.71681
-1.71681
-1.71682
-1.71682
-1.71682
-1.71682
-1.71682
-1.71682
-1.71681
-1.71681
-1.71681
-1.7168
-1.7168
-1.71679
-1.71678
-1.71678
-1.71677
-1.71676
-1.71675
-1.71674
-1.71673
-1.71671
-1.7167
-1.71669
-1.71668
-1.71666
-1.71665
-1.71663
-1.71662
-1.7166
-1.71659
-1.71657
-1.71655
-1.71654
-1.71652
-1.7165
-1.71649
-1.71647
-1.71645
-1.71644
-1.71642
-1.7164
-1.71638
-1.71637
-1.71635
-1.71633
-1.71631
-1.7163
-1.71628
-1.71626
-1.71625
-1.71623
-1.71622
-1.7162
-1.71619
-1.71617
-1.71616
-1.71615
-1.71613
-1.71612
-1.71611
-1.7161
-1.71609
-1.71608
-1.71607
-1.71606
-1.71605
-1.71605
-1.71604
-1.71603
-1.71603
-1.71603
-1.71602
-1.71602
-1.71602
-1.71602
-1.71602
-1.71602
-1.71602
-1.71602
-1.71602
-1.71603
-1.71603
-1.71604
-1.71605
-1.71605
-1.71606
-1.71607
-1.71608
-1.71609
-1.7161
-1.71612
-1.71613
-1.71615
-1.71616
-1.71618
-1.71619
-1.71621
-1.71623
-1.71625
-1.71627
-1.71629
-1.71631
-1.71633
-1.71636
-1.71638
-1.7164
-1.71643
-1.71646
-1.71648
-1.71651
-1.71653
-1.71656
-1.71659
-1.71662
-1.71665
-1.71668
-1.71671
-1.71674
-1.71677
-1.7168
-1.71683
-1.71686
-1.71689
-1.71692
-1.71696
-1.71699
-1.71702
-1.71705
-1.71709
-1.71712
-1.71715
-1.71718
-1.71721
-1.71725
-1.71728
-1.71731
-1.71734
-1.71737
-1.7174
-1.71743
-1.71746
-1.71749
-1.71752
-1.71755
-1.71758
-1.71761
-1.71764
-1.71766
-1.71769
-1.71772
-1.71774
-1.71777
-1.71779
-1.71782
-1.71784
-1.71786
-1.71788
-1.71791
-1.71793
-1.71795
-1.71797
-1.71798
-1.718
-1.71802
-1.71803
-1.71805
-1.71806
-1.71808
-1.71809
-1.7181
-1.71811
-1.71813
-1.71813
-1.71814
-1.71815
-1.71816
-1.71817
-1.71817
-1.71818
-1.71818
-1.71818
-1.71819
-1.71819
-1.71819
-1.71819
-1.71819
-1.71819
-1.71819
-1.71818
-1.71818
-1.71818
-1.71817
-1.71817
-1.71816
-1.71816
-1.71815
-1.71814
-1.71813
-1.71813
-1.71812
-1.71811
-1.7181
-1.71809
-1.71808
-1.71807
-1.71806
-1.71805
-1.71804
-1.71802
-1.71801
-1.718
-1.71799
-1.71798
-1.71797
-1.71795
-1.71794
-1.71793
-1.71792
-1.71791
-1.71789
-1.71788
-1.71787
-1.71786
-1.71785
-1.71784
-1.71783
-1.71782
-1.71781
-1.7178
-1.71779
-1.71778
-1.71777
-1.71777
-1.71776
-1.71775
-1.71775
-1.71774
-1.71774
-1.71773
-1.71773
-1.71773
-1.71772
-1.71772
-1.71772
-1.71772
-1.71772
-1.71772
-1.71773
-1.71773
-1.71773
-1.71774
-1.71774
-1.71775
-1.71776
-1.71777
-1.71778
-1.71779
-1.7178
-1.71781
-1.71782
-1.71784
-1.71785
-1.71787
-1.71788
-1.7179
-1.71792
-1.71794
-1.71796
-1.71798
-1.718
-1.71802
-1.71805
-1.71807
-1.71809
-1.71812
-1.71815
-1.71817
-1.7182
-1.71823
-1.71826
-1.71829
-1.71832
-1.71835
-1.71838
-1.71842
-1.71845
-1.71848
-1.71852
-1.71855
-1.71859
-1.71862
-1.71866
-1.7187
-1.71873
-1.71877
-1.71881
-1.71885
-1.71889
-1.71892
-1.71896
-1.719
-1.71904
-1.71908
-1.71912
-1.71916
-1.7192
-1.71923
-1.71927
-1.71931
-1.71935
-1.71939
-1.71943
-1.71947
-1.7195
-1.71954
-1.71958
-1.71962
-1.71965
-1.71969
-1.71973
-1.71976
-1.7198
-1.71983
-1.71986
-1.7199
-1.71993
-1.71996
-1.71999
-1.72002
-1.72005
-1.72008
-1.72011
-1.72014
-1.72017
-1.72019
-1.72022
-1.72024
-1.72027
-1.72029
-1.72031
-1.72033
-1.72035
-1.72037
-1.72039
-1.72041
-1.72043
-1.72044
-1.72046
-1.72047
-1.72048
-1.72049
-1.72051
-1.72052
-1.72053
-1.72053
-1.72054
-1.72055
-1.72055
-1.72056
-1.72056
-1.72056
-1.72057
-1.72057
-1.72057
-1.72057
-1.72056
-1.72056
-1.72056
-1.72055
-1.72055
-1.72054
-1.72054
-1.72053
-1.72052
-1.72051
-1.72051
-1.7205
-1.72049
-1.72048
-1.72046
-1.72045
-1.72044
-1.72043
-1.72041
-1.7204
-1.72039
-1.72037
-1.72036
-1.72034
-1.72033
-1.72031
-1.7203
-1.72028
-1.72027
-1.72025
-1.72023
-1.72022
-1.7202
-1.72019
-1.72017
-1.72015
-1.72014
-1.72012
-1.72011
-1.72009
-1.72008
-1.72006
-1.72005
-1.72003
-1.72002
-1.72001
-1.72
-1.71998
-1.71997
-1.71996
-1.71995
-1.71994
-1.71993
-1.71992
-1.71991
-1.71991
-1.7199
-1.71989
-1.71989
-1.71988
-1.71988
-1.71988
-1.71987
-1.71987
-1.71987
-1.71987
-1.71987
-1.71987
-1.71988
-1.71988
-1.71988
-1.71989
-1.7199
-1.7199
-1.71991
-1.71992
-1.71993
-1.71994
-1.71995
-1.71996
-1.71998
-1.71999
-1.72001
-1.72002
-1.72004
-1.72006
-1.72008
-1.7201
-1.72012
-1.72014
-1.72016
-1.72018
-1.72021
-1.72023
-1.72026
-1.72028
-1.72031
-1.72034
-1.72036
-1.72039
-1.72042
-1.72045
-1.72048
-1.72051
-1.72055
-1.72058
-1.72061
-1.72064
-1.72068
-1.72071
-1.72074
-1.72078
-1.72081
-1.72085
-1.72088
-1.72092
-1.72096
-1.72099
-1.72103
-1.72106
-1.7211
-1.72114
-1.72117
-1.72121
-1.72124
-1.72128
-1.72132
-1.72135
-1.72139
-1.72142
-1.72146
-1.72149
-1.72153
-1.72156
-1.72159
-1.72163
-1.72166
-1.72169
-1.72172
-1.72175
-1.72178
-1.72181
-1.72184
-1.72187
-1.7219
-1.72193
-1.72196
-1.72198
-1.72201
-1.72203
-1.72206
-1.72208
-1.7221
-1.72212
-1.72214
-1.72216
-1.72218
-1.7222
-1.72222
-1.72224
-1.72225
-1.72227
-1.72228
-1.72229
-1.7223
-1.72231
-1.72232
-1.72233
-1.72234
-1.72235
-1.72235
-1.72236
-1.72236
-1.72237
-1.72237
-1.72237
-1.72237
-1.72237
-1.72237
-1.72237
-1.72237
-1.72236
-1.72236
-1.72235
-1.72235
-1.72234
-1.72233
-1.72232
-1.72231
-1.7223
-1.72229
-1.72228
-1.72227
-1.72226
-1.72225
-1.72223
-1.72222
-1.7222
-1.72219
-1.72217
-1.72216
-1.72214
-1.72212
-1.7221
-1.72209
-1.72207
-1.72205
-1.72203
-1.72201
-1.72199
-1.72198
-1.72196
-1.72194
-1.72192
-1.7219
-1.72188
-1.72186
-1.72184
-1.72182
-1.7218
-1.72178
-1.72176
-1.72174
-1.72173
-1.72171
-1.72169
-1.72167
-1.72165
-1.72164
-1.72162
-1.7216
-1.72159
-1.72157
-1.72156
-1.72154
-1.72153
-1.72152
-1.7215
-1.72149
-1.72148
-1.72147
-1.72146
-1.72145
-1.72144
-1.72143
-1.72142
-1.72142
-1.72141
-1.7214
-1.7214
-1.72139
-1.72139
-1.72139
-1.72139
-1.72139
-1.72138
-1.72139
-1.72139
-1.72139
-1.72139
-1.72139
-1.7214
-1.7214
-1.72141
-1.72141
-1.72142
-1.72143
-1.72144
-1.72145
-1.72146
-1.72147
-1.72148
-1.72149
-1.7215
-1.72152
-1.72153
-1.72154
-1.72156
-1.72157
-1.72159
-1.72161
-1.72162
-1.72164
-1.72166
-1.72168
-1.7217
-1.72172
-1.72174
-1.72176
-1.72178
-1.7218
-1.72182
-1.72184
-1.72186
-1.72188
-1.7219
-1.72193
-1.72195
-1.72197
-1.72199
-1.72201
-1.72204
-1.72206
-1.72208
-1.7221
-1.72212
-1.72214
-1.72217
-1.72219
-1.72221
-1.72223
-1.72225
-1.72227
-1.72229
-1.72231
-1.72233
-1.72235
-1.72237
-1.72238
-1.7224
-1.72242
-1.72244
-1.72245
-1.72247
-1.72248
-1.7225
-1.72251
-1.72252
-1.72254
-1.72255
-1.72256
-1.72257
-1.72258
-1.72259
-1.7226
-1.7226
-1.72261
-1.72262
-1.72262
-1.72263
-1.72263
-1.72263
-1.72263
-1.72264
-1.72264
-1.72264
-1.72264
-1.72263
-1.72263
-1.72263
-1.72262
-1.72262
-1.72261
-1.72261
-1.7226
-1.72259
-1.72258
-1.72258
-1.72257
-1.72255
-1.72254
-1.72253
-1.72252
-1.72251
-1.72249
-1.72248
-1.72246
-1.72245
-1.72243
-1.72241
-1.7224
-1.72238
-1.72236
-1.72234
-1.72232
-1.7223
-1.72228
-1.72226
-1.72224
-1.72222
-1.7222
-1.72218
-1.72216
-1.72214
-1.72211
-1.72209
-1.72207
-1.72205
-1.72203
-1.722
-1.72198
-1.72196
-1.72194
-1.72191
-1.72189
-1.72187
-1.72185
-1.72183
-1.72181
-1.72178
-1.72176
-1.72174
-1.72172
-1.7217
-1.72168
-1.72166
-1.72165
-1.72163
-1.72161
-1.72159
-1.72158
-1.72156
-1.72154
-1.72153
-1.72151
-1.7215
-1.72149
-1.72147
-1.72146
-1.72145
-1.72144
-1.72143
-1.72142
-1.72141
-1.7214
-1.7214
-1.72139
-1.72138
-1.72138
-1.72138
-1.72137
-1.72137
-1.72137
-1.72137
-1.72137
-1.72137
-1.72137
-1.72137
-1.72137
-1.72138
-1.72138
-1.72139
-1.72139
-1.7214
-1.72141
-1.72141
-1.72142
-1.72143
-1.72144
-1.72145
-1.72147
-1.72148
-1.72149
-1.7215
-1.72152
-1.72153
-1.72155
-1.72156
-1.72158
-1.7216
-1.72161
-1.72163
-1.72165
-1.72167
-1.72169
-1.72171
-1.72173
-1.72175
-1.72177
-1.72179
-1.72181
-1.72183
-1.72185
-1.72187
-1.72189
-1.72191
-1.72194
-1.72196
-1.72198
-1.722
-1.72202
-1.72205
-1.72207
-1.72209
-1.72211
-1.72213
-1.72215
-1.72217
-1.72219
-1.72221
-1.72223
-1.72225
-1.72227
-1.72229
-1.72231
-1.72233
-1.72235
-1.72237
-1.72238
-1.7224
-1.72241
-1.72243
-1.72245
-1.72246
-1.72247
-1.72249
-1.7225
-1.72251
-1.72252
-1.72253
-1.72254
-1.72255
-1.72256
-1.72257
-1.72258
-1.72258
-1.72259
-1.72259
-1.7226
-1.7226
-1.7226
-1.72261
-1.72261
-1.72261
-1.72261
-1.72261
-1.7226
-1.7226
-1.7226
-1.7226
-1.72259
-1.72259
-1.72258
-1.72257
-1.72257
-1.72256
-1.72255
-1.72254
-1.72253
-1.72252
-1.72251
-1.7225
-1.72249
-1.72247
-1.72246
-1.72245
-1.72243
-1.72242
-1.7224
-1.72239
-1.72237
-1.72236
-1.72234
-1.72232
-1.72231
-1.72229
-1.72227
-1.72226
-1.72224
-1.72222
-1.7222
-1.72218
-1.72217
-1.72215
-1.72213
-1.72211
-1.72209
-1.72207
-1.72206
-1.72204
-1.72202
-1.722
-1.72199
-1.72197
-1.72195
-1.72194
-1.72192
-1.72191
-1.72189
-1.72188
-1.72186
-1.72185
-1.72184
-1.72183
-1.72181
-1.7218
-1.72179
-1.72178
-1.72177
-1.72176
-1.72176
-1.72175
-1.72174
-1.72174
-1.72173
-1.72173
-1.72173
-1.72172
-1.72172
-1.72172
-1.72172
-1.72172
-1.72173
-1.72173
-1.72173
-1.72174
-1.72175
-1.72175
-1.72176
-1.72177
-1.72178
-1.72179
-1.7218
-1.72182
-1.72183
-1.72185
-1.72186
-1.72188
-1.7219
-1.72192
-1.72194
-1.72196
-1.72198
-1.722
-1.72202
-1.72205
-1.72207
-1.7221
-1.72213
-1.72216
-1.72219
-1.72222
-1.72225
-1.72228
-1.72231
-1.72234
-1.72238
-1.72241
-1.72245
-1.72248
-1.72252
-1.72256
-1.7226
-1.72263
-1.72267
-1.72271
-1.72275
-1.72279
-1.72283
-1.72288
-1.72292
-1.72296
-1.723
-1.72304
-1.72309
-1.72313
-1.72317
-1.72322
-1.72326
-1.72331
-1.72335
-1.72339
-1.72344
-1.72348
-1.72353
-1.72357
-1.72361
-1.72366
-1.7237
-1.72374
-1.72379
-1.72383
-1.72387
-1.72392
-1.72396
-1.724
-1.72404
-1.72408
-1.72412
-1.72416
-1.7242
-1.72424
-1.72428
-1.72432
-1.72435
-1.72439
-1.72443
-1.72446
-1.7245
-1.72453
-1.72457
-1.7246
-1.72463
-1.72466
-1.72469
-1.72472
-1.72475
-1.72478
-1.72481
-1.72484
-1.72486
-1.72489
-1.72491
-1.72494
-1.72496
-1.72498
-1.725
-1.72502
-1.72504
-1.72506
-1.72508
-1.7251
-1.72511
-1.72513
-1.72515
-1.72516
-1.72517
-1.72519
-1.7252
-1.72521
-1.72522
-1.72523
-1.72524
-1.72525
-1.72525
-1.72526
-1.72527
-1.72527
-1.72528
-1.72528
-1.72529
-1.72529
-1.72529
-1.7253
-1.7253
-1.7253
-1.7253
-1.7253
-1.7253
-1.7253
-1.7253
-1.7253
-1.7253
-1.7253
-1.7253
-1.7253
-1.72529
-1.72529
-1.72529
-1.72529
-1.72529
-1.72528
-1.72528
-1.72528
-1.72528
-1.72527
-1.72527
-1.72527
-1.72527
-1.72527
-1.72526
-1.72526
-1.72526
-1.72526
-1.72526
-1.72526
-1.72526
-1.72526
-1.72526
-1.72526
-1.72526
-1.72526
-1.72527
-1.72527
-1.72527
-1.72527
-1.72528
-1.72528
-1.72529
-1.72529
-1.7253
-1.72531
-1.72531
-1.72532
-1.72533
-1.72534
-1.72535
-1.72536
-1.72537
-1.72538
-1.72539
-1.72541
-1.72542
-1.72544
-1.72545
-1.72547
-1.72548
-1.7255
-1.72552
-1.72553
-1.72555
-1.72557
-1.72559
-1.72561
-1.72563
-1.72565
-1.72568
-1.7257
-1.72572
-1.72575
-1.72577
-1.72579
-1.72582
-1.72585
-1.72587
-1.7259
-1.72593
-1.72595
-1.72598
-1.72601
-1.72604
-1.72606
-1.72609
-1.72612
-1.72615
-1.72618
-1.72621
-1.72624
-1.72627
-1.7263
-1.72633
-1.72636
-1.72639
-1.72642
-1.72645
-1.72648
-1.72651
-1.72654
-1.72657
-1.7266
-1.72663
-1.72666
-1.72669
-1.72672
-1.72675
-1.72678
-1.7268
-1.72683
-1.72686
-1.72689
-1.72691
-1.72694
-1.72696
-1.72699
-1.72701
-1.72703
-1.72706
-1.72708
-1.7271
-1.72712
-1.72714
-1.72716
-1.72718
-1.7272
-1.72722
-1.72724
-1.72725
-1.72727
-1.72728
-1.72729
-1.72731
-1.72732
-1.72733
-1.72734
-1.72735
-1.72736
-1.72737
-1.72737
-1.72738
-1.72739
-1.72739
-1.72739
-1.7274
-1.7274
-1.7274
-1.7274
-1.7274
-1.72739
-1.72739
-1.72739
-1.72738
-1.72738
-1.72737
-1.72737
-1.72736
-1.72735
-1.72734
-1.72733
-1.72732
-1.72731
-1.7273
-1.72728
-1.72727
-1.72726
-1.72724
-1.72723
-1.72721
-1.72719
-1.72718
-1.72716
-1.72714
-1.72712
-1.7271
-1.72708
-1.72706
-1.72704
-1.72702
-1.727
-1.72698
-1.72696
-1.72694
-1.72692
-1.72689
-1.72687
-1.72685
-1.72683
-1.7268
-1.72678
-1.72676
-1.72674
-1.72672
-1.72669
-1.72667
-1.72665
-1.72663
-1.72661
-1.72659
-1.72657
-1.72655
-1.72653
-1.72651
-1.72649
-1.72647
-1.72645
-1.72644
-1.72642
-1.7264
-1.72639
-1.72637
-1.72636
-1.72635
-1.72633
-1.72632
-1.72631
-1.7263
-1.72629
-1.72628
-1.72627
-1.72627
-1.72626
-1.72625
-1.72625
-1.72625
-1.72624
-1.72624
-1.72624
-1.72624
-1.72624
-1.72625
-1.72625
-1.72625
-1.72626
-1.72626
-1.72627
-1.72628
-1.72629
-1.7263
-1.72631
-1.72633
-1.72634
-1.72635
-1.72637
-1.72639
-1.72641
-1.72643
-1.72645
-1.72647
-1.72649
-1.72651
-1.72654
-1.72656
-1.72659
-1.72662
-1.72664
-1.72667
-1.7267
-1.72673
-1.72677
-1.7268
-1.72683
-1.72687
-1.7269
-1.72694
-1.72698
-1.72702
-1.72705
-1.72709
-1.72713
-1.72717
-1.72722
-1.72726
-1.7273
-1.72734
-1.72739
-1.72743
-1.72748
-1.72752
-1.72757
-1.72762
-1.72766
-1.72771
-1.72776
-1.72781
-1.72785
-1.7279
-1.72795
-1.728
-1.72805
-1.7281
-1.72815
-1.7282
-1.72825
-1.7283
-1.72835
-1.7284
-1.72845
-1.7285
-1.72855
-1.7286
-1.72865
-1.7287
-1.72875
-1.7288
-1.72885
-1.7289
-1.72895
-1.729
-1.72905
-1.7291
-1.72915
-1.7292
-1.72925
-1.7293
-1.72934
-1.72939
-1.72944
-1.72949
-1.72953
-1.72958
-1.72963
-1.72967
-1.72972
-1.72976
-1.72981
-1.72985
-1.7299
-1.72994
-1.72998
-1.73003
-1.73007
-1.73011
-1.73016
-1.7302
-1.73024
-1.73028
-1.73032
-1.73036
-1.7304
-1.73044
-1.73048
-1.73052
-1.73056
-1.7306
-1.73064
-1.73068
-1.73072
-1.73075
-1.73079
-1.73083
-1.73087
-1.73091
-1.73094
-1.73098
-1.73102
-1.73106
-1.73109
-1.73113
-1.73117
-1.73121
-1.73124
-1.73128
-1.73132
-1.73136
-1.73139
-1.73143
-1.73147
-1.73151
-1.73155
-1.73159
-1.73163
-1.73167
-1.7317
-1.73175
-1.73179
-1.73183
-1.73187
-1.73191
-1.73195
-1.73199
-1.73204
-1.73208
-1.73213
-1.73217
-1.73222
-1.73226
-1.73231
-1.73236
-1.7324
-1.73245
-1.7325
-1.73255
-1.7326
-1.73265
-1.73271
-1.73276
-1.73281
-1.73287
-1.73292
-1.73298
-1.73303
-1.73309
-1.73315
-1.73321
-1.73327
-1.73333
-1.73339
-1.73346
-1.73352
-1.73358
-1.73365
-1.73372
-1.73378
-1.73385
-1.73392
-1.73399
-1.73406
-1.73413
-1.7342
-1.73428
-1.73435
-1.73442
-1.7345
-1.73458
-1.73465
-1.73473
-1.73481
-1.73489
-1.73497
-1.73505
-1.73513
-1.73521
-1.7353
-1.73538
-1.73547
-1.73555
-1.73564
-1.73572
-1.73581
-1.7359
-1.73599
-1.73607
-1.73616
-1.73625
-1.73634
-1.73643
-1.73652
-1.73661
-1.73671
-1.7368
-1.73689
-1.73698
-1.73707
-1.73717
-1.73726
-1.73735
-1.73745
-1.73754
-1.73763
-1.73773
-1.73782
-1.73791
-1.73801
-1.7381
-1.73819
-1.73829
-1.73838
-1.73847
-1.73856
-1.73866
-1.73875
-1.73884
-1.73893
-1.73902
-1.73911
-1.7392
-1.73929
-1.73938
-1.73947
-1.73956
-1.73965
-1.73974
-1.73982
-1.73991
-1.74
-1.74008
-1.74017
-1.74025
-1.74033
-1.74042
-1.7405
-1.74058
-1.74066
-1.74074
-1.74082
-1.7409
-1.74098
-1.74105
-1.74113
-1.74121
-1.74128
-1.74135
-1.74143
-1.7415
-1.74157
-1.74164
-1.74171
-1.74178
-1.74185
-1.74191
-1.74198
-1.74204
-1.74211
-1.74217
-1.74224
-1.7423
-1.74236
-1.74242
-1.74248
-1.74254
-1.74259
-1.74265
-1.74271
-1.74276
-1.74282
-1.74287
-1.74292
-1.74298
-1.74303
-1.74308
-1.74313
-1.74318
-1.74323
-1.74328
-1.74332
-1.74337
-1.74342
-1.74346
-1.74351
-1.74355
-1.7436
-1.74364
-1.74368
-1.74373
-1.74377
-1.74381
-1.74385
-1.74389
-1.74393
-1.74397
-1.74401
-1.74405
-1.74409
-1.74413
-1.74417
-1.7442
-1.74424
-1.74428
-1.74432
-1.74435
-1.74439
-1.74443
-1.74446
-1.7445
-1.74454
-1.74457
-1.74461
-1.74465
-1.74468
-1.74472
-1.74475
-1.74479
-1.74483
-1.74486
-1.7449
-1.74493
-1.74497
-1.74501
-1.74504
-1.74508
-1.74512
-1.74515
-1.74519
-1.74523
-1.74526
-1.7453
-1.74534
-1.74537
-1.74541
-1.74545
-1.74549
-1.74552
-1.74556
-1.7456
-1.74564
-1.74568
-1.74571
-1.74575
-1.74579
-1.74583
-1.74587
-1.74591
-1.74595
-1.74599
-1.74603
-1.74606
-1.7461
-1.74614
-1.74618
-1.74622
-1.74626
-1.7463
-1.74634
-1.74638
-1.74642
-1.74646
-1.7465
-1.74654
-1.74658
-1.74662
-1.74665
-1.74669
-1.74673
-1.74677
-1.74681
-1.74685
-1.74688
-1.74692
-1.74696
-1.747
-1.74703
-1.74707
-1.7471
-1.74714
-1.74717
-1.74721
-1.74724
-1.74728
-1.74731
-1.74734
-1.74738
-1.74741
-1.74744
-1.74747
-1.7475
-1.74753
-1.74756
-1.74759
-1.74762
-1.74765
-1.74767
-1.7477
-1.74772
-1.74775
-1.74777
-1.74779
-1.74782
-1.74784
-1.74786
-1.74788
-1.7479
-1.74792
-1.74794
-1.74795
-1.74797
-1.74798
-1.748
-1.74801
-1.74802
-1.74804
-1.74805
-1.74806
-1.74807
-1.74807
-1.74808
-1.74809
-1.74809
-1.7481
-1.7481
-1.74811
-1.74811
-1.74811
-1.74811
-1.74811
-1.74811
-1.74811
-1.74811
-1.7481
-1.7481
-1.74809
-1.74809
-1.74808
-1.74808
-1.74807
-1.74806
-1.74805
-1.74804
-1.74803
-1.74802
-1.74801
-1.74799
-1.74798
-1.74797
-1.74795
-1.74794
-1.74792
-1.74791
-1.74789
-1.74787
-1.74786
-1.74784
-1.74782
-1.7478
-1.74779
-1.74777
-1.74775
-1.74773
-1.74771
-1.74769
-1.74767
-1.74765
-1.74763
-1.74761
-1.74759
-1.74757
-1.74755
-1.74753
-1.74751
-1.74749
-1.74747
-1.74745
-1.74743
-1.74741
-1.74739
-1.74737
-1.74735
-1.74733
-1.74731
-1.74729
-1.74728
-1.74726
-1.74724
-1.74722
-1.74721
-1.74719
-1.74718
-1.74716
-1.74715
-1.74713
-1.74712
-1.7471
-1.74709
-1.74708
-1.74707
-1.74706
-1.74705
-1.74704
-1.74703
-1.74702
-1.74701
-1.747
-1.747
-1.74699
-1.74699
-1.74698
-1.74698
-1.74697
-1.74697
-1.74697
-1.74697
-1.74697
-1.74697
-1.74697
-1.74697
-1.74697
-1.74697
-1.74698
-1.74698
-1.74699
-1.74699
-1.747
-1.747
-1.74701
-1.74702
-1.74703
-1.74704
-1.74705
-1.74706
-1.74707
-1.74708
-1.74709
-1.7471
-1.74711
-1.74713
-1.74714
-1.74716
-1.74717
-1.74718
-1.7472
-1.74721
-1.74723
-1.74725
-1.74726
-1.74728
-1.7473
-1.74731
-1.74733
-1.74735
-1.74737
-1.74738
-1.7474
-1.74742
-1.74744
-1.74745
-1.74747
-1.74749
-1.74751
-1.74753
-1.74754
-1.74756
-1.74758
-1.7476
-1.74761
-1.74763
-1.74765
-1.74766
-1.74768
-1.7477
-1.74771
-1.74773
-1.74774
-1.74776
-1.74777
-1.74779
-1.7478
-1.74781
-1.74783
-1.74784
-1.74785
-1.74786
-1.74787
-1.74788
-1.74789
-1.7479
-1.74791
-1.74792
-1.74793
-1.74793
-1.74794
-1.74795
-1.74795
-1.74796
-1.74796
-1.74796
-1.74797
-1.74797
-1.74797
-1.74797
-1.74797
-1.74797
-1.74797
-1.74797
-1.74797
-1.74797
-1.74796
-1.74796
-1.74796
-1.74795
-1.74795
-1.74794
-1.74793
-1.74793
-1.74792
-1.74791
-1.74791
-1.7479
-1.74789
-1.74788
-1.74787
-1.74786
-1.74785
-1.74784
-1.74783
-1.74781
-1.7478
-1.74779
-1.74778
-1.74777
-1.74775
-1.74774
-1.74773
-1.74771
-1.7477
-1.74769
-1.74767
-1.74766
-1.74765
-1.74763
-1.74762
-1.74761
-1.74759
-1.74758
-1.74757
-1.74755
-1.74754
-1.74753
-1.74752
-1.7475
-1.74749
-1.74748
-1.74747
-1.74746
-1.74745
-1.74744
-1.74743
-1.74742
-1.74741
-1.7474
-1.74739
-1.74739
-1.74738
-1.74737
-1.74737
-1.74736
-1.74736
-1.74735
-1.74735
-1.74735
-1.74735
-1.74735
-1.74735
-1.74735
-1.74735
-1.74735
-1.74735
-1.74736
-1.74736
-1.74737
-1.74737
-1.74738
-1.74738
-1.74739
-1.7474
-1.74741
-1.74742
-1.74743
-1.74745
-1.74746
-1.74747
-1.74749
-1.7475
-1.74752
-1.74754
-1.74755
-1.74757
-1.74759
-1.74761
-1.74763
-1.74765
-1.74768
-1.7477
-1.74772
-1.74775
-1.74777
-1.7478
-1.74782
-1.74785
-1.74788
-1.7479
-1.74793
-1.74796
-1.74799
-1.74802
-1.74805
-1.74808
-1.74811
-1.74815
-1.74818
-1.74821
-1.74824
-1.74828
-1.74831
-1.74834
-1.74838
-1.74841
-1.74844
-1.74848
-1.74851
-1.74855
-1.74858
-1.74862
-1.74865
-1.74869
-1.74872
-1.74875
-1.74879
-1.74882
-1.74886
-1.74889
-1.74892
-1.74896
-1.74899
-1.74902
-1.74905
-1.74908
-1.74912
-1.74915
-1.74918
-1.74921
-1.74924
-1.74927
-1.74929
-1.74932
-1.74935
-1.74938
-1.7494
-1.74943
-1.74945
-1.74948
-1.7495
-1.74952
-1.74954
-1.74956
-1.74958
-1.7496
-1.74962
-1.74964
-1.74966
-1.74967
-1.74969
-1.7497
-1.74971
-1.74973
-1.74974
-1.74975
-1.74976
-1.74977
-1.74978
-1.74978
-1.74979
-1.7498
-1.7498
-1.7498
-1.74981
-1.74981
-1.74981
-1.74981
-1.74981
-1.74981
-1.74981
-1.7498
-1.7498
-1.74979
-1.74979
-1.74978
-1.74977
-1.74977
-1.74976
-1.74975
-1.74974
-1.74973
-1.74972
-1.7497
-1.74969
-1.74968
-1.74966
-1.74965
-1.74963
-1.74962
-1.7496
-1.74958
-1.74957
-1.74955
-1.74953
-1.74951
-1.7495
-1.74948
-1.74946
-1.74944
-1.74942
-1.7494
-1.74938
-1.74936
-1.74934
-1.74932
-1.7493
-1.74928
-1.74926
-1.74924
-1.74921
-1.74919
-1.74917
-1.74915
-1.74913
-1.74911
-1.74909
-1.74907
-1.74906
-1.74904
-1.74902
-1.749
-1.74898
-1.74896
-1.74895
-1.74893
-1.74891
-1.7489
-1.74888
-1.74887
-1.74885
-1.74884
-1.74883
-1.74881
-1.7488
-1.74879
-1.74878
-1.74877
-1.74876
-1.74875
-1.74874
-1.74874
-1.74873
-1.74872
-1.74872
-1.74871
-1.74871
-1.74871
-1.7487
-1.7487
-1.7487
-1.7487
-1.7487
-1.7487
-1.74871
-1.74871
-1.74871
-1.74872
-1.74872
-1.74873
-1.74873
-1.74874
-1.74875
-1.74876
-1.74876
-1.74877
-1.74878
-1.7488
-1.74881
-1.74882
-1.74883
-1.74885
-1.74886
-1.74887
-1.74889
-1.7489
-1.74892
-1.74894
-1.74895
-1.74897
-1.74899
-1.74901
-1.74903
-1.74904
-1.74906
-1.74908
-1.7491
-1.74912
-1.74914
-1.74916
-1.74918
-1.7492
-1.74922
-1.74924
-1.74927
-1.74929
-1.74931
-1.74933
-1.74935
-1.74937
-1.74939
-1.74941
-1.74943
-1.74945
-1.74947
-1.74949
-1.74951
-1.74953
-1.74955
-1.74957
-1.74959
-1.7496
-1.74962
-1.74964
-1.74966
-1.74967
-1.74969
-1.7497
-1.74972
-1.74973
-1.74975
-1.74976
-1.74977
-1.74979
-1.7498
-1.74981
-1.74982
-1.74983
-1.74984
-1.74985
-1.74985
-1.74986
-1.74987
-1.74987
-1.74988
-1.74988
-1.74988
-1.74989
-1.74989
-1.74989
-1.74989
-1.74989
-1.74989
-1.74989
-1.74989
-1.74988
-1.74988
-1.74988
-1.74987
-1.74986
-1.74986
-1.74985
-1.74984
-1.74983
-1.74982
-1.74981
-1.7498
-1.74979
-1.74978
-1.74977
-1.74976
-1.74974
-1.74973
-1.74971
-1.7497
-1.74968
-1.74967
-1.74965
-1.74963
-1.74962
-1.7496
-1.74958
-1.74956
-1.74954
-1.74952
-1.74951
-1.74949
-1.74947
-1.74945
-1.74943
-1.74941
-1.74939
-1.74936
-1.74934
-1.74932
-1.7493
-1.74928
-1.74926
-1.74924
-1.74922
-1.7492
-1.74918
-1.74916
-1.74914
-1.74912
-1.7491
-1.74908
-1.74906
-1.74904
-1.74902
-1.74901
-1.74899
-1.74897
-1.74895
-1.74894
-1.74892
-1.74891
-1.74889
-1.74888
-1.74886
-1.74885
-1.74884
-1.74882
-1.74881
-1.7488
-1.74879
-1.74878
-1.74877
-1.74876
-1.74875
-1.74875
-1.74874
-1.74873
-1.74873
-1.74872
-1.74872
-1.74872
-1.74871
-1.74871
-1.74871
-1.74871
-1.74871
-1.74871
-1.74872
-1.74872
-1.74872
-1.74872
-1.74873
-1.74873
-1.74874
-1.74875
-1.74875
-1.74876
-1.74877
-1.74878
-1.74879
-1.7488
-1.74881
-1.74882
-1.74884
-1.74885
-1.74886
-1.74888
-1.74889
-1.74891
-1.74892
-1.74894
-1.74895
-1.74897
-1.74899
-1.74901
-1.74902
-1.74904
-1.74906
-1.74908
-1.7491
-1.74912
-1.74914
-1.74916
-1.74918
-1.7492
-1.74922
-1.74924
-1.74926
-1.74928
-1.7493
-1.74932
-1.74934
-1.74936
-1.74938
-1.7494
-1.74942
-1.74944
-1.74946
-1.74948
-1.7495
-1.74952
-1.74954
-1.74955
-1.74957
-1.74959
-1.74961
-1.74962
-1.74964
-1.74966
-1.74967
-1.74969
-1.7497
-1.74972
-1.74973
-1.74974
-1.74976
-1.74977
-1.74978
-1.74979
-1.7498
-1.74981
-1.74982
-1.74983
-1.74983
-1.74984
-1.74985
-1.74985
-1.74986
-1.74986
-1.74987
-1.74987
-1.74987
-1.74987
-1.74987
-1.74987
-1.74987
-1.74987
-1.74987
-1.74987
-1.74986
-1.74986
-1.74985
-1.74985
-1.74984
-1.74983
-1.74983
-1.74982
-1.74981
-1.7498
-1.74979
-1.74978
-1.74977
-1.74976
-1.74974
-1.74973
-1.74972
-1.7497
-1.74969
-1.74967
-1.74966
-1.74964
-1.74963
-1.74961
-1.74959
-1.74958
-1.74956
-1.74954
-1.74952
-1.7495
-1.74948
-1.74947
-1.74945
-1.74943
-1.74941
-1.74939
-1.74937
-1.74935
-1.74933
-1.74931
-1.74929
-1.74927
-1.74925
-1.74923
-1.74921
-1.74919
-1.74917
-1.74915
-1.74914
-1.74912
-1.7491
-1.74908
-1.74906
-1.74905
-1.74903
-1.74901
-1.749
-1.74898
-1.74897
-1.74895
-1.74894
-1.74892
-1.74891
-1.7489
-1.74889
-1.74888
-1.74887
-1.74886
-1.74885
-1.74884
-1.74883
-1.74882
-1.74881
-1.74881
-1.7488
-1.7488
-1.7488
-1.74879
-1.74879
-1.74879
-1.74879
-1.74879
-1.74879
-1.74879
-1.74879
-1.7488
-1.7488
-1.7488
-1.74881
-1.74882
-1.74882
-1.74883
-1.74884
-1.74885
-1.74886
-1.74887
-1.74888
-1.7489
-1.74891
-1.74892
-1.74894
-1.74895
-1.74897
-1.74899
-1.749
-1.74902
-1.74904
-1.74906
-1.74908
-1.7491
-1.74912
-1.74914
-1.74916
-1.74919
-1.74921
-1.74923
-1.74926
-1.74928
-1.74931
-1.74933
-1.74936
-1.74938
-1.74941
-1.74943
-1.74946
-1.74949
-1.74951
-1.74954
-1.74957
-1.7496
-1.74962
-1.74965
-1.74968
-1.74971
-1.74973
-1.74976
-1.74979
-1.74982
-1.74985
-1.74987
-1.7499
-1.74993
-1.74995
-1.74998
-1.75001
-1.75003
-1.75006
-1.75008
-1.75011
-1.75013
-1.75016
-1.75018
-1.75021
-1.75023
-1.75025
-1.75027
-1.75029
-1.75032
-1.75034
-1.75036
-1.75038
-1.75039
-1.75041
-1.75043
-1.75045
-1.75046
-1.75048
-1.7505
-1.75051
-1.75052
-1.75054
-1.75055
-1.75056
-1.75057
-1.75058
-1.75059
-1.7506
-1.75061
-1.75062
-1.75062
-1.75063
-1.75064
-1.75064
-1.75065
-1.75065
-1.75065
-1.75065
-1.75065
-1.75066
-1.75066
-1.75065
-1.75065
-1.75065
-1.75065
-1.75065
-1.75064
-1.75064
-1.75063
-1.75063
-1.75062
-1.75061
-1.75061
-1.7506
-1.75059
-1.75058
-1.75057
-1.75057
-1.75056
-1.75055
-1.75053
-1.75052
-1.75051
-1.7505
-1.75049
-1.75048
-1.75047
-1.75045
-1.75044
-1.75044
-1.75044
-1.75044
-1.75044
-1.75044
-1.75044
-1.75044
-1.75044
-1.75044
-1.75044
-1.75044
-1.75044
-1.75044
-1.75044
-1.75044
-1.75044
-1.75044
-1.75044
-1.75044
-1.75044
-1.75044
-1.75044
-1.75044
-1.75044
-1.75044
-1.75044
-1.75044
-1.75044
-1.75044
-1.75044
-1.75044
-1.75044
-1.75044
-1.75044
-1.75044
-1.75044
-1.75044
-1.75044
-1.75044
-1.75044
-1.75044
-1.75044
-1.75044
-1.75044
-1.75044
-1.75044
-1.75044
-1.75044
-1.75044
-1.75044
-1.75044
-1.75044
-1.75044
-1.75044
-1.75044
-1.75044
-1.75044
-1.75044
-1.75044
-1.75044
-1.75044
-1.75044
-1.75044
-1.75044
-1.75044
-1.75044
-1.75044
-1.75044
-1.75044
-1.75044
-1.75044
-1.75044
-1.75044
-1.75044
-1.75044
-1.75044
-1.75044
-1.75044
-1.75044
-1.75044
-1.75044
-1.75044
-1.75044
-1.75044
-1.75044
-1.75044
-1.75044
-1.75044
-1.75044
-1.75044
