-0.6272
-0.6272
-0.6272
-0.6272
-0.6272
-0.6272
-0.6272
-0.6272
-0.6272
-0.6272
-0.6272
-0.6272
-0.6272
-0.6272
-0.6272
-0.6272
-0.6272
-0.6272
-0.6272
-0.6272
-0.6272
-0.6272
-0.6272
-0.6272
-0.6272
-0.6272
-0.6272
-0.6272
-0.6272
-0.6272
-0.6272
-0.6272
-0.6272
-0.6272
-0.6272
-0.6272
-0.6272
-0.6272
-0.6272
-0.6272
-0.6272
-0.6272
-0.6272
-0.6272
-0.6272
-0.6272
-0.6272
-0.6272
-0.6272
-0.6272
-0.6272
-0.6272
-0.6272
-0.6272
-0.6272
-0.6272
-0.6272
-0.6272
-0.6272
-0.6272
-0.6272
-0.6272
-0.6272
-0.6272
-0.6272
-0.6272
-0.6272
-0.6272
-0.6272
-0.6272
-0.6272
-0.6272
-0.6272
-0.6272
-0.6272
-0.6272
-0.6272
-0.6272
-0.6272
-0.6272
-0.6272
-0.6272
-0.6272
-0.6272
-0.6272
-0.6272
-0.6272
-0.6272
-0.6272
-0.6272
-0.6272
-0.6272
-0.6272
-0.6272
-0.6272
-0.6272
-0.6272
-0.6272
-0.6272
-0.6272
-0.6272
-0.6272
-0.6272
-0.6272
-0.6272
-0.6272
-0.6272
-0.6272
-0.6272
-0.6272
-0.6272
-0.6272
-0.6272
-0.6272
-0.6272
-0.6272
-0.6272
-0.6272
-0.6272
-0.6272
-0.6272
-0.6272
-0.6272
-0.6272
-0.6272
-0.6272
-0.6272
-0.6272
-0.6272
-0.6272
-0.6272
-0.6272
-0.6272
-0.6272
-0.6272
-0.6272
-0.6272
-0.6272
-0.6272
-0.6272
-0.6272
-0.6272
-0.6272
-0.6272
-0.6272
-0.6272
-0.6272
-0.6272
-0.6272
-0.6272
-0.6272
-0.6272
-0.6272
-0.6272
-0.6272
-0.6272
-0.6272
-0.6272
-0.6272
-0.6272
-0.6272
-0.6272
-0.6272
-0.6272
-0.6272
-0.6272
-0.6272
-0.6272
-0.6272
-0.6272
-0.6272
-0.6272
-0.6272
-0.6272
-0.6272
-0.627167
-0.627136
-0.627106
-0.627077
-0.62705
-0.627023
-0.626998
-0.626975
-0.626952
-0.626931
-0.626911
-0.626893
-0.626875
-0.626859
-0.626845
-0.626831
-0.626819
-0.626808
-0.626799
-0.626791
-0.626784
-0.626778
-0.626774
-0.626771
-0.62677
-0.626769
-0.62677
-0.626773
-0.626776
-0.626781
-0.626787
-0.626795
-0.626803
-0.626813
-0.626825
-0.626837
-0.626851
-0.626866
-0.626882
-0.6269
-0.626918
-0.626938
-0.626959
-0.626981
-0.627005
-0.62703
-0.627055
-0.627082
-0.62711
-0.62714
-0.62717
-0.627201
-0.627234
-0.627267
-0.627302
-0.627338
-0.627374
-0.627412
-0.627451
-0.62749
-0.627531
-0.627573
-0.627615
-0.627658
-0.627703
-0.627748
-0.627794
-0.627841
-0.627889
-0.627937
-0.627987
-0.628037
-0.628088
-0.628139
-0.628191
-0.628244
-0.628298
-0.628352
-0.628407
-0.628463
-0.628519
-0.628576
-0.628633
-0.628691
-0.628749
-0.628808
-0.628867
-0.628927
-0.628987
-0.629047
-0.629108
-0.629169
-0.629231
-0.629293
-0.629355
-0.629417
-0.62948
-0.629543
-0.629606
-0.629669
-0.629732
-0.629796
-0.629859
-0.629923
-0.629986
-0.63005
-0.630114
-0.630177
-0.630241
-0.630305
-0.630368
-0.630432
-0.630495
-0.630558
-0.630621
-0.630684
-0.630746
-0.630808
-0.63087
-0.630932
-0.630994
-0.631055
-0.631115
-0.631176
-0.631236
-0.631295
-0.631354
-0.631413
-0.631471
-0.631529
-0.631586
-0.631643
-0.631699
-0.631754
-0.631809
-0.631864
-0.631917
-0.63197
-0.632023
-0.632074
-0.632125
-0.632175
-0.632225
-0.632273
-0.632321
-0.632369
-0.632415
-0.63246
-0.632505
-0.632549
-0.632592
-0.632634
-0.632675
-0.632715
-0.632754
-0.632793
-0.63283
-0.632867
-0.632902
-0.632936
-0.63297
-0.633002
-0.633034
-0.633064
-0.633093
-0.633122
-0.633149
-0.633175
-0.6332
-0.633224
-0.633247
-0.633268
-0.633289
-0.633308
-0.633327
-0.633344
-0.63336
-0.633375
-0.633388
-0.633401
-0.633412
-0.633423
-0.633432
-0.63344
-0.633446
-0.633452
-0.633456
-0.633459
-0.633461
-0.633462
-0.633462
-0.63346
-0.633457
-0.633453
-0.633448
-0.633442
-0.633434
-0.633426
-0.633416
-0.633405
-0.633392
-0.633379
-0.633365
-0.633349
-0.633332
-0.633314
-0.633295
-0.633275
-0.633253
-0.633231
-0.633207
-0.633182
-0.633157
-0.63313
-0.633102
-0.633073
-0.633042
-0.633011
-0.632979
-0.632946
-0.632911
-0.632876
-0.63284
-0.632803
-0.632764
-0.632725
-0.632685
-0.632644
-0.632602
-0.632559
-0.632515
-0.63247
-0.632425
-0.632378
-0.632331
-0.632283
-0.632234
-0.632184
-0.632133
-0.632082
-0.63203
-0.631977
-0.631924
-0.63187
-0.631815
-0.631759
-0.631703
-0.631646
-0.631589
-0.631531
-0.631472
-0.631413
-0.631354
-0.631294
-0.631233
-0.631172
-0.63111
-0.631048
-0.630986
-0.630923
-0.63086
-0.630796
-0.630732
-0.630668
-0.630603
-0.630538
-0.630473
-0.630408
-0.630342
-0.630276
-0.63021
-0.630144
-0.630078
-0.630011
-0.629945
-0.629878
-0.629812
-0.629745
-0.629678
-0.629612
-0.629545
-0.629478
-0.629412
-0.629345
-0.629279
-0.629212
-0.629146
-0.62908
-0.629015
-0.628949
-0.628884
-0.628818
-0.628754
-0.628689
-0.628625
-0.628561
-0.628497
-0.628434
-0.628371
-0.628308
-0.628246
-0.628185
-0.628123
-0.628063
-0.628002
-0.627943
-0.627883
-0.627825
-0.627767
-0.627709
-0.627652
-0.627596
-0.62754
-0.627485
-0.62743
-0.627376
-0.627323
-0.627271
-0.627219
-0.627168
-0.627118
-0.627068
-0.627019
-0.626971
-0.626924
-0.626878
-0.626832
-0.626787
-0.626743
-0.6267
-0.626658
-0.626617
-0.626577
-0.626537
-0.626498
-0.626461
-0.626424
-0.626388
-0.626353
-0.626319
-0.626286
-0.626254
-0.626223
-0.626193
-0.626164
-0.626136
-0.626109
-0.626083
-0.626058
-0.626034
-0.626011
-0.625989
-0.625968
-0.625948
-0.62593
-0.625912
-0.625895
-0.625879
-0.625865
-0.625851
-0.625839
-0.625827
-0.625817
-0.625807
-0.625799
-0.625792
-0.625786
-0.625781
-0.625776
-0.625773
-0.625771
-0.625771
-0.625771
-0.625772
-0.625774
-0.625777
-0.625782
-0.625787
-0.625793
-0.625801
-0.625809
-0.625818
-0.625829
-0.62584
-0.625852
-0.625866
-0.62588
-0.625895
-0.625911
-0.625928
-0.625946
-0.625965
-0.625985
-0.626006
-0.626028
-0.626051
-0.626074
-0.626099
-0.626124
-0.62615
-0.626177
-0.626205
-0.626233
-0.626262
-0.626293
-0.626324
-0.626355
-0.626388
-0.626421
-0.626455
-0.626489
-0.626525
-0.626561
-0.626597
-0.626635
-0.626673
-0.626711
-0.62675
-0.62679
-0.626831
-0.626872
-0.626913
-0.626955
-0.626997
-0.62704
-0.627084
-0.627128
-0.627172
-0.627217
-0.627262
-0.627308
-0.627354
-0.6274
-0.627447
-0.627494
-0.627541
-0.627589
-0.627637
-0.627685
-0.627734
-0.627782
-0.627831
-0.62788
-0.627929
-0.627979
-0.628028
-0.628078
-0.628127
-0.628177
-0.628227
-0.628277
-0.628327
-0.628376
-0.628426
-0.628476
-0.628526
-0.628576
-0.628625
-0.628675
-0.628724
-0.628773
-0.628822
-0.628871
-0.62892
-0.628969
-0.629017
-0.629065
-0.629113
-0.62916
-0.629208
-0.629255
-0.629301
-0.629347
-0.629393
-0.629439
-0.629484
-0.629529
-0.629573
-0.629617
-0.62966
-0.629703
-0.629746
-0.629788
-0.629829
-0.62987
-0.62991
-0.62995
-0.629989
-0.630028
-0.630066
-0.630104
-0.63014
-0.630177
-0.630212
-0.630247
-0.630281
-0.630315
-0.630348
-0.63038
-0.630411
-0.630442
-0.630472
-0.630501
-0.63053
-0.630557
-0.630584
-0.63061
-0.630636
-0.63066
-0.630684
-0.630707
-0.630729
-0.63075
-0.63077
-0.63079
-0.630808
-0.630826
-0.630843
-0.630859
-0.630874
-0.630889
-0.630902
-0.630915
-0.630926
-0.630937
-0.630947
-0.630956
-0.630963
-0.630971
-0.630977
-0.630982
-0.630986
-0.63099
-0.630992
-0.630994
-0.630994
-0.630994
-0.630993
-0.63099
-0.630987
-0.630983
-0.630978
-0.630973
-0.630966
-0.630958
-0.630949
-0.63094
-0.63093
-0.630918
-0.630906
-0.630893
-0.630879
-0.630864
-0.630848
-0.630832
-0.630814
-0.630796
-0.630777
-0.630757
-0.630736
-0.630714
-0.630691
-0.630668
-0.630644
-0.630619
-0.630593
-0.630566
-0.630539
-0.630511
-0.630482
-0.630452
-0.630422
-0.630391
-0.630359
-0.630326
-0.630293
-0.630259
-0.630224
-0.630189
-0.630153
-0.630117
-0.630079
-0.630042
-0.630003
-0.629964
-0.629924
-0.629884
-0.629844
-0.629802
-0.62976
-0.629718
-0.629675
-0.629632
-0.629588
-0.629544
-0.629499
-0.629454
-0.629409
-0.629363
-0.629317
-0.62927
-0.629223
-0.629176
-0.629128
-0.62908
-0.629032
-0.628983
-0.628934
-0.628885
-0.628836
-0.628787
-0.628737
-0.628687
-0.628637
-0.628587
-0.628537
-0.628486
-0.628436
-0.628385
-0.628334
-0.628284
-0.628233
-0.628182
-0.628131
-0.628081
-0.62803
-0.627979
-0.627929
-0.627878
-0.627828
-0.627777
-0.627727
-0.627677
-0.627627
-0.627577
-0.627528
-0.627479
-0.62743
-0.627381
-0.627332
-0.627284
-0.627236
-0.627188
-0.62714
-0.627093
-0.627047
-0.627
-0.626954
-0.626908
-0.626863
-0.626818
-0.626774
-0.62673
-0.626686
-0.626643
-0.626601
-0.626559
-0.626517
-0.626476
-0.626435
-0.626395
-0.626356
-0.626317
-0.626279
-0.626241
-0.626204
-0.626168
-0.626132
-0.626096
-0.626062
-0.626028
-0.625995
-0.625962
-0.62593
-0.625899
-0.625869
-0.625839
-0.62581
-0.625781
-0.625754
-0.625727
-0.625701
-0.625676
-0.625651
-0.625627
-0.625604
-0.625582
-0.625561
-0.62554
-0.62552
-0.625501
-0.625483
-0.625466
-0.625449
-0.625433
-0.625418
-0.625404
-0.625391
-0.625379
-0.625367
-0.625356
-0.625347
-0.625338
-0.625329
-0.625322
-0.625316
-0.62531
-0.625305
-0.625301
-0.625298
-0.625296
-0.625295
-0.625294
-0.625295
-0.625296
-0.625298
-0.625301
-0.625305
-0.625309
-0.625315
-0.625321
-0.625328
-0.625336
-0.625345
-0.625354
-0.625365
-0.625376
-0.625388
-0.625401
-0.625414
-0.625429
-0.625444
-0.62546
-0.625477
-0.625494
-0.625512
-0.625531
-0.625551
-0.625571
-0.625593
-0.625614
-0.625637
-0.62566
-0.625684
-0.625709
-0.625734
-0.62576
-0.625787
-0.625814
-0.625842
-0.625871
-0.6259
-0.625929
-0.62596
-0.625991
-0.626022
-0.626054
-0.626087
-0.62612
-0.626153
-0.626188
-0.626222
-0.626257
-0.626293
-0.626329
-0.626365
-0.626402
-0.626439
-0.626477
-0.626515
-0.626554
-0.626592
-0.626632
-0.626671
-0.626711
-0.626751
-0.626792
-0.626832
-0.626873
-0.626915
-0.626956
-0.626998
-0.62704
-0.627082
-0.627124
-0.627166
-0.627209
-0.627252
-0.627294
-0.627337
-0.62738
-0.627424
-0.627467
-0.62751
-0.627553
-0.627596
-0.62764
-0.627683
-0.627726
-0.627769
-0.627812
-0.627855
-0.627898
-0.627941
-0.627984
-0.628026
-0.628069
-0.628111
-0.628153
-0.628195
-0.628237
-0.628278
-0.628319
-0.62836
-0.628401
-0.628442
-0.628482
-0.628522
-0.628561
-0.628601
-0.62864
-0.628678
-0.628716
-0.628754
-0.628792
-0.628829
-0.628865
-0.628901
-0.628937
-0.628972
-0.629007
-0.629042
-0.629075
-0.629109
-0.629142
-0.629174
-0.629206
-0.629237
-0.629268
-0.629298
-0.629327
-0.629357
-0.629385
-0.629413
-0.62944
-0.629467
-0.629493
-0.629518
-0.629543
-0.629567
-0.62959
-0.629613
-0.629635
-0.629656
-0.629677
-0.629697
-0.629716
-0.629735
-0.629753
-0.62977
-0.629786
-0.629802
-0.629817
-0.629831
-0.629845
-0.629858
-0.62987
-0.629881
-0.629892
-0.629901
-0.62991
-0.629919
-0.629926
-0.629933
-0.629939
-0.629944
-0.629948
-0.629952
-0.629955
-0.629957
-0.629958
-0.629959
-0.629959
-0.629958
-0.629956
-0.629953
-0.62995
-0.629946
-0.629941
-0.629935
-0.629929
-0.629922
-0.629914
-0.629905
-0.629896
-0.629886
-0.629875
-0.629863
-0.629851
-0.629838
-0.629824
-0.62981
-0.629794
-0.629778
-0.629762
-0.629744
-0.629726
-0.629707
-0.629688
-0.629668
-0.629647
-0.629626
-0.629604
-0.629581
-0.629558
-0.629534
-0.629509
-0.629484
-0.629458
-0.629432
-0.629405
-0.629377
-0.629349
-0.629321
-0.629291
-0.629262
-0.629232
-0.629201
-0.629169
-0.629138
-0.629105
-0.629073
-0.62904
-0.629006
-0.628972
-0.628937
-0.628903
-0.628867
-0.628832
-0.628796
-0.628759
-0.628722
-0.628685
-0.628648
-0.62861
-0.628572
-0.628534
-0.628495
-0.628456
-0.628417
-0.628378
-0.628338
-0.628298
-0.628258
-0.628218
-0.628178
-0.628137
-0.628096
-0.628056
-0.628015
-0.627974
-0.627932
-0.627891
-0.62785
-0.627809
-0.627767
-0.627726
-0.627685
-0.627643
-0.627602
-0.62756
-0.627519
-0.627478
-0.627437
-0.627396
-0.627355
-0.627314
-0.627273
-0.627232
-0.627192
-0.627152
-0.627112
-0.627072
-0.627032
-0.626992
-0.626953
-0.626914
-0.626875
-0.626837
-0.626799
-0.626761
-0.626723
-0.626686
-0.626649
-0.626612
-0.626576
-0.62654
-0.626504
-0.626469
-0.626434
-0.6264
-0.626366
-0.626332
-0.626299
-0.626267
-0.626235
-0.626203
-0.626172
-0.626141
-0.626111
-0.626081
-0.626052
-0.626023
-0.625995
-0.625967
-0.62594
-0.625914
-0.625888
-0.625863
-0.625838
-0.625814
-0.62579
-0.625767
-0.625745
-0.625723
-0.625702
-0.625682
-0.625662
-0.625643
-0.625624
-0.625606
-0.625589
-0.625573
-0.625557
-0.625542
-0.625527
-0.625513
-0.6255
-0.625488
-0.625476
-0.625465
-0.625455
-0.625445
-0.625436
-0.625428
-0.62542
-0.625414
-0.625407
-0.625402
-0.625397
-0.625393
-0.62539
-0.625388
-0.625386
-0.625385
-0.625385
-0.625385
-0.625386
-0.625388
-0.62539
-0.625394
-0.625397
-0.625402
-0.625407
-0.625413
-0.62542
-0.625428
-0.625436
-0.625445
-0.625454
-0.625464
-0.625475
-0.625487
-0.625499
-0.625512
-0.625525
-0.625539
-0.625554
-0.62557
-0.625586
-0.625602
-0.62562
-0.625638
-0.625656
-0.625675
-0.625695
-0.625716
-0.625737
-0.625758
-0.62578
-0.625803
-0.625826
-0.62585
-0.625874
-0.625899
-0.625924
-0.62595
-0.625976
-0.626003
-0.62603
-0.626058
-0.626086
-0.626115
-0.626144
-0.626173
-0.626203
-0.626234
-0.626264
-0.626295
-0.626327
-0.626359
-0.626391
-0.626423
-0.626456
-0.626489
-0.626523
-0.626557
-0.626591
-0.626625
-0.62666
-0.626695
-0.62673
-0.626765
-0.626801
-0.626836
-0.626872
-0.626908
-0.626945
-0.626981
-0.627017
-0.627054
-0.627091
-0.627128
-0.627165
-0.627202
-0.627239
-0.627276
-0.627313
-0.62735
-0.627388
-0.627425
-0.627462
-0.627499
-0.627536
-0.627574
-0.627611
-0.627648
-0.627684
-0.627721
-0.627758
-0.627794
-0.627831
-0.627867
-0.627903
-0.627939
-0.627975
-0.62801
-0.628046
-0.628081
-0.628116
-0.62815
-0.628185
-0.628219
-0.628253
-0.628286
-0.628319
-0.628352
-0.628385
-0.628417
-0.628449
-0.628481
-0.628512
-0.628543
-0.628573
-0.628603
-0.628633
-0.628662
-0.628691
-0.62872
-0.628748
-0.628775
-0.628802
-0.628829
-0.628855
-0.62888
-0.628905
-0.62893
-0.628954
-0.628978
-0.629001
-0.629023
-0.629045
-0.629067
-0.629088
-0.629108
-0.629128
-0.629147
-0.629166
-0.629184
-0.629201
-0.629218
-0.629234
-0.62925
-0.629265
-0.629279
-0.629293
-0.629306
-0.629319
-0.629331
-0.629342
-0.629353
-0.629363
-0.629372
-0.629381
-0.629389
-0.629396
-0.629403
-0.629409
-0.629414
-0.629419
-0.629423
-0.629427
-0.62943
-0.629432
-0.629433
-0.629434
-0.629434
-0.629434
-0.629432
-0.629431
-0.629428
-0.629425
-0.629421
-0.629417
-0.629412
-0.629406
-0.629399
-0.629392
-0.629385
-0.629376
-0.629367
-0.629358
-0.629347
-0.629337
-0.629325
-0.629313
-0.6293
-0.629287
-0.629273
-0.629259
-0.629244
-0.629228
-0.629212
-0.629195
-0.629177
-0.629159
-0.629141
-0.629122
-0.629102
-0.629082
-0.629061
-0.62904
-0.629018
-0.628996
-0.628973
-0.62895
-0.628926
-0.628902
-0.628877
-0.628852
-0.628827
-0.628801
-0.628774
-0.628747
-0.62872
-0.628693
-0.628664
-0.628636
-0.628607
-0.628578
-0.628548
-0.628519
-0.628488
-0.628458
-0.628427
-0.628396
-0.628364
-0.628333
-0.628301
-0.628268
-0.628236
-0.628203
-0.62817
-0.628137
-0.628103
-0.62807
-0.628036
-0.628002
-0.627968
-0.627934
-0.627899
-0.627865
-0.62783
-0.627795
-0.627761
-0.627726
-0.627691
-0.627656
-0.627621
-0.627585
-0.62755
-0.627515
-0.62748
-0.627445
-0.62741
-0.627375
-0.62734
-0.627305
-0.62727
-0.627235
-0.627201
-0.627166
-0.627131
-0.627097
-0.627063
-0.627029
-0.626995
-0.626961
-0.626928
-0.626895
-0.626861
-0.626829
-0.626796
-0.626763
-0.626731
-0.626699
-0.626668
-0.626636
-0.626605
-0.626575
-0.626544
-0.626514
-0.626484
-0.626455
-0.626426
-0.626397
-0.626369
-0.626341
-0.626313
-0.626286
-0.626259
-0.626233
-0.626207
-0.626181
-0.626156
-0.626132
-0.626107
-0.626084
-0.62606
-0.626038
-0.626015
-0.625994
-0.625972
-0.625952
-0.625931
-0.625912
-0.625892
-0.625874
-0.625855
-0.625838
-0.625821
-0.625804
-0.625788
-0.625773
-0.625758
-0.625744
-0.62573
-0.625717
-0.625704
-0.625693
-0.625681
-0.62567
-0.62566
-0.625651
-0.625642
-0.625633
-0.625626
-0.625619
-0.625612
-0.625606
-0.625601
-0.625596
-0.625592
-0.625589
-0.625586
-0.625584
-0.625582
-0.625581
-0.625581
-0.625581
-0.625582
-0.625584
-0.625586
-0.625588
-0.625592
-0.625596
-0.6256
-0.625606
-0.625611
-0.625618
-0.625625
-0.625632
-0.625641
-0.625649
-0.625659
-0.625669
-0.625679
-0.62569
-0.625702
-0.625714
-0.625727
-0.62574
-0.625754
-0.625769
-0.625784
-0.625799
-0.625816
-0.625832
-0.625849
-0.625867
-0.625885
-0.625904
-0.625923
-0.625943
-0.625963
-0.625983
-0.626004
-0.626026
-0.626048
-0.62607
-0.626093
-0.626117
-0.62614
-0.626164
-0.626189
-0.626214
-0.626239
-0.626265
-0.626291
-0.626317
-0.626344
-0.626371
-0.626399
-0.626426
-0.626454
-0.626483
-0.626512
-0.62654
-0.62657
-0.626599
-0.626629
-0.626659
-0.626689
-0.62672
-0.62675
-0.626781
-0.626812
-0.626843
-0.626875
-0.626906
-0.626938
-0.62697
-0.627002
-0.627034
-0.627066
-0.627098
-0.627131
-0.627163
-0.627196
-0.627228
-0.627261
-0.627294
-0.627326
-0.627359
-0.627392
-0.627424
-0.627457
-0.627489
-0.627522
-0.627554
-0.627587
-0.627619
-0.627651
-0.627683
-0.627715
-0.627747
-0.627779
-0.627811
-0.627842
-0.627873
-0.627905
-0.627936
-0.627966
-0.627997
-0.628027
-0.628057
-0.628087
-0.628117
-0.628146
-0.628175
-0.628204
-0.628232
-0.628261
-0.628289
-0.628316
-0.628344
-0.628371
-0.628397
-0.628423
-0.628449
-0.628475
-0.6285
-0.628525
-0.628549
-0.628573
-0.628597
-0.62862
-0.628643
-0.628665
-0.628687
-0.628709
-0.62873
-0.62875
-0.628771
-0.62879
-0.628809
-0.628828
-0.628846
-0.628864
-0.628881
-0.628898
-0.628914
-0.62893
-0.628945
-0.62896
-0.628974
-0.628987
-0.629001
-0.629013
-0.629025
-0.629036
-0.629047
-0.629058
-0.629067
-0.629077
-0.629085
-0.629093
-0.629101
-0.629108
-0.629114
-0.62912
-0.629125
-0.62913
-0.629134
-0.629137
-0.62914
-0.629143
-0.629144
-0.629145
-0.629146
-0.629146
-0.629145
-0.629144
-0.629143
-0.62914
-0.629137
-0.629134
-0.62913
-0.629125
-0.62912
-0.629114
-0.629108
-0.629101
-0.629094
-0.629086
-0.629077
-0.629068
-0.629058
-0.629048
-0.629037
-0.629026
-0.629014
-0.629002
-0.628989
-0.628976
-0.628962
-0.628948
-0.628933
-0.628917
-0.628901
-0.628885
-0.628868
-0.628851
-0.628833
-0.628815
-0.628796
-0.628777
-0.628757
-0.628737
-0.628717
-0.628696
-0.628674
-0.628653
-0.628631
-0.628608
-0.628585
-0.628562
-0.628538
-0.628514
-0.62849
-0.628465
-0.62844
-0.628415
-0.628389
-0.628363
-0.628337
-0.62831
-0.628283
-0.628256
-0.628228
-0.628201
-0.628173
-0.628145
-0.628116
-0.628088
-0.628059
-0.62803
-0.628001
-0.627971
-0.627942
-0.627912
-0.627882
-0.627852
-0.627822
-0.627792
-0.627762
-0.627731
-0.627701
-0.62767
-0.627639
-0.627609
-0.627578
-0.627547
-0.627516
-0.627485
-0.627454
-0.627424
-0.627393
-0.627362
-0.627331
-0.627301
-0.62727
-0.627239
-0.627209
-0.627178
-0.627148
-0.627118
-0.627088
-0.627058
-0.627028
-0.626998
-0.626969
-0.626939
-0.62691
-0.626881
-0.626852
-0.626824
-0.626795
-0.626767
-0.626739
-0.626712
-0.626684
-0.626657
-0.62663
-0.626603
-0.626577
-0.626551
-0.626525
-0.6265
-0.626475
-0.62645
-0.626426
-0.626401
-0.626378
-0.626354
-0.626331
-0.626309
-0.626287
-0.626265
-0.626243
-0.626222
-0.626201
-0.626181
-0.626161
-0.626142
-0.626123
-0.626105
-0.626087
-0.626069
-0.626052
-0.626035
-0.626019
-0.626003
-0.625988
-0.625973
-0.625959
-0.625945
-0.625932
-0.625919
-0.625907
-0.625895
-0.625884
-0.625873
-0.625863
-0.625853
-0.625844
-0.625836
-0.625828
-0.62582
-0.625813
-0.625806
-0.625801
-0.625795
-0.62579
-0.625786
-0.625782
-0.625779
-0.625776
-0.625774
-0.625773
-0.625772
-0.625771
-0.625771
-0.625772
-0.625773
-0.625775
-0.625777
-0.62578
-0.625783
-0.625787
-0.625791
-0.625796
-0.625802
-0.625808
-0.625814
-0.625821
-0.625829
-0.625837
-0.625846
-0.625855
-0.625865
-0.625875
-0.625886
-0.625897
-0.625909
-0.625921
-0.625933
-0.625947
-0.62596
-0.625974
-0.625989
-0.626004
-0.62602
-0.626036
-0.626052
-0.626069
-0.626086
-0.626104
-0.626122
-0.626141
-0.62616
-0.626179
-0.626199
-0.626219
-0.626239
-0.62626
-0.626282
-0.626303
-0.626325
-0.626348
-0.62637
-0.626394
-0.626417
-0.626441
-0.626465
-0.626489
-0.626513
-0.626538
-0.626563
-0.626589
-0.626614
-0.62664
-0.626667
-0.626693
-0.62672
-0.626746
-0.626773
-0.626801
-0.626828
-0.626856
-0.626883
-0.626911
-0.626939
-0.626967
-0.626996
-0.627024
-0.627053
-0.627081
-0.62711
-0.627139
-0.627168
-0.627197
-0.627226
-0.627255
-0.627284
-0.627313
-0.627342
-0.627371
-0.6274
-0.627429
-0.627458
-0.627487
-0.627516
-0.627545
-0.627574
-0.627603
-0.627631
-0.62766
-0.627688
-0.627717
-0.627745
-0.627773
-0.627801
-0.627829
-0.627856
-0.627884
-0.627911
-0.627938
-0.627965
-0.627992
-0.628018
-0.628045
-0.628071
-0.628097
-0.628122
-0.628147
-0.628172
-0.628197
-0.628222
-0.628246
-0.62827
-0.628293
-0.628317
-0.62834
-0.628362
-0.628385
-0.628407
-0.628428
-0.628449
-0.62847
-0.628491
-0.628511
-0.628531
-0.62855
-0.628569
-0.628588
-0.628606
-0.628623
-0.628641
-0.628658
-0.628674
-0.62869
-0.628706
-0.628721
-0.628736
-0.62875
-0.628764
-0.628777
-0.62879
-0.628802
-0.628814
-0.628825
-0.628836
-0.628847
-0.628857
-0.628866
-0.628875
-0.628884
-0.628891
-0.628899
-0.628906
-0.628912
-0.628918
-0.628924
-0.628929
-0.628933
-0.628937
-0.62894
-0.628943
-0.628945
-0.628947
-0.628949
-0.628949
-0.62895
-0.628949
-0.628949
-0.628947
-0.628946
-0.628943
-0.62894
-0.628937
-0.628933
-0.628929
-0.628924
-0.628919
-0.628913
-0.628906
-0.628899
-0.628892
-0.628884
-0.628876
-0.628867
-0.628858
-0.628848
-0.628837
-0.628827
-0.628815
-0.628804
-0.628792
-0.628779
-0.628766
-0.628752
-0.628738
-0.628724
-0.628709
-0.628694
-0.628678
-0.628662
-0.628646
-0.628629
-0.628611
-0.628594
-0.628576
-0.628557
-0.628538
-0.628519
-0.628499
-0.62848
-0.628459
-0.628439
-0.628418
-0.628396
-0.628375
-0.628353
-0.628331
-0.628308
-0.628285
-0.628262
-0.628239
-0.628215
-0.628192
-0.628168
-0.628143
-0.628119
-0.628094
-0.628069
-0.628044
-0.628018
-0.627993
-0.627967
-0.627941
-0.627915
-0.627889
-0.627862
-0.627836
-0.627809
-0.627782
-0.627755
-0.627728
-0.627701
-0.627674
-0.627647
-0.62762
-0.627592
-0.627565
-0.627538
-0.62751
-0.627483
-0.627455
-0.627428
-0.6274
-0.627373
-0.627346
-0.627318
-0.627291
-0.627264
-0.627237
-0.62721
-0.627183
-0.627156
-0.627129
-0.627102
-0.627076
-0.627049
-0.627023
-0.626997
-0.626971
-0.626945
-0.626919
-0.626894
-0.626869
-0.626844
-0.626819
-0.626794
-0.62677
-0.626746
-0.626722
-0.626698
-0.626675
-0.626652
-0.626629
-0.626606
-0.626584
-0.626562
-0.62654
-0.626519
-0.626498
-0.626477
-0.626457
-0.626436
-0.626417
-0.626397
-0.626378
-0.62636
-0.626341
-0.626324
-0.626306
-0.626289
-0.626272
-0.626256
-0.62624
-0.626224
-0.626209
-0.626195
-0.62618
-0.626167
-0.626153
-0.62614
-0.626128
-0.626116
-0.626104
-0.626093
-0.626082
-0.626072
-0.626062
-0.626053
-0.626044
-0.626036
-0.626028
-0.62602
-0.626013
-0.626007
-0.626001
-0.625996
-0.625991
-0.625986
-0.625982
-0.625979
-0.625976
-0.625973
-0.625971
-0.62597
-0.625969
-0.625968
-0.625968
-0.625969
-0.62597
-0.625971
-0.625973
-0.625976
-0.625979
-0.625982
-0.625986
-0.62599
-0.625995
-0.626001
-0.626007
-0.626013
-0.62602
-0.626027
-0.626035
-0.626043
-0.626052
-0.626061
-0.626071
-0.626081
-0.626092
-0.626103
-0.626114
-0.626126
-0.626139
-0.626151
-0.626165
-0.626178
-0.626193
-0.626207
-0.626222
-0.626237
-0.626253
-0.626269
-0.626286
-0.626303
-0.62632
-0.626338
-0.626356
-0.626374
-0.626393
-0.626412
-0.626432
-0.626452
-0.626472
-0.626492
-0.626513
-0.626534
-0.626556
-0.626577
-0.626599
-0.626622
-0.626644
-0.626667
-0.62669
-0.626713
-0.626737
-0.626761
-0.626785
-0.626809
-0.626834
-0.626858
-0.626883
-0.626908
-0.626933
-0.626959
-0.626984
-0.62701
-0.627036
-0.627062
-0.627088
-0.627114
-0.627141
-0.627167
-0.627194
-0.62722
-0.627247
-0.627274
-0.6273
-0.627327
-0.627354
-0.627381
-0.627408
-0.627435
-0.627462
-0.627489
-0.627516
-0.627543
-0.62757
-0.627597
-0.627623
-0.62765
-0.627677
-0.627703
-0.62773
-0.627756
-0.627783
-0.627809
-0.627835
-0.627861
-0.627887
-0.627912
-0.627938
-0.627963
-0.627989
-0.628014
-0.628038
-0.628063
-0.628087
-0.628112
-0.628136
-0.628159
-0.628183
-0.628206
-0.628229
-0.628252
-0.628274
-0.628297
-0.628319
-0.62834
-0.628362
-0.628383
-0.628404
-0.628424
-0.628444
-0.628464
-0.628483
-0.628502
-0.628521
-0.62854
-0.628558
-0.628575
-0.628593
-0.62861
-0.628626
-0.628643
-0.628658
-0.628674
-0.628689
-0.628703
-0.628718
-0.628731
-0.628745
-0.628758
-0.62877
-0.628782
-0.628794
-0.628805
-0.628816
-0.628826
-0.628836
-0.628845
-0.628854
-0.628863
-0.628871
-0.628878
-0.628885
-0.628892
-0.628898
-0.628904
-0.628909
-0.628914
-0.628918
-0.628922
-0.628925
-0.628928
-0.628931
-0.628932
-0.628934
-0.628935
-0.628935
-0.628935
-0.628935
-0.628934
-0.628932
-0.62893
-0.628928
-0.628925
-0.628922
-0.628918
-0.628913
-0.628909
-0.628903
-0.628898
-0.628891
-0.628885
-0.628878
-0.62887
-0.628862
-0.628854
-0.628845
-0.628835
-0.628826
-0.628815
-0.628805
-0.628793
-0.628782
-0.62877
-0.628758
-0.628745
-0.628732
-0.628718
-0.628704
-0.62869
-0.628675
-0.62866
-0.628644
-0.628628
-0.628612
-0.628595
-0.628578
-0.628561
-0.628543
-0.628525
-0.628507
-0.628488
-0.628469
-0.62845
-0.62843
-0.62841
-0.62839
-0.628369
-0.628348
-0.628327
-0.628306
-0.628284
-0.628262
-0.62824
-0.628218
-0.628195
-0.628173
-0.62815
-0.628126
-0.628103
-0.628079
-0.628056
-0.628032
-0.628008
-0.627983
-0.627959
-0.627934
-0.62791
-0.627885
-0.62786
-0.627835
-0.62781
-0.627784
-0.627759
-0.627734
-0.627708
-0.627683
-0.627657
-0.627632
-0.627606
-0.62758
-0.627555
-0.627529
-0.627503
-0.627478
-0.627452
-0.627427
-0.627401
-0.627375
-0.62735
-0.627325
-0.627299
-0.627274
-0.627249
-0.627224
-0.627199
-0.627174
-0.627149
-0.627125
-0.6271
-0.627076
-0.627052
-0.627028
-0.627004
-0.62698
-0.626957
-0.626933
-0.62691
-0.626888
-0.626865
-0.626842
-0.62682
-0.626798
-0.626777
-0.626755
-0.626734
-0.626713
-0.626692
-0.626672
-0.626652
-0.626632
-0.626613
-0.626594
-0.626575
-0.626556
-0.626538
-0.62652
-0.626502
-0.626485
-0.626468
-0.626452
-0.626436
-0.62642
-0.626404
-0.626389
-0.626375
-0.62636
-0.626347
-0.626333
-0.62632
-0.626307
-0.626295
-0.626283
-0.626272
-0.626261
-0.62625
-0.62624
-0.62623
-0.626221
-0.626212
-0.626203
-0.626195
-0.626187
-0.62618
-0.626174
-0.626167
-0.626161
-0.626156
-0.626151
-0.626147
-0.626143
-0.626139
-0.626136
-0.626133
-0.626131
-0.626129
-0.626128
-0.626127
-0.626127
-0.626127
-0.626128
-0.626129
-0.62613
-0.626132
-0.626135
-0.626138
-0.626141
-0.626145
-0.626149
-0.626153
-0.626159
-0.626164
-0.62617
-0.626177
-0.626184
-0.626191
-0.626199
-0.626207
-0.626215
-0.626225
-0.626234
-0.626244
-0.626254
-0.626265
-0.626276
-0.626288
-0.6263
-0.626312
-0.626325
-0.626338
-0.626351
-0.626365
-0.626379
-0.626394
-0.626409
-0.626424
-0.62644
-0.626456
-0.626472
-0.626489
-0.626506
-0.626524
-0.626541
-0.626559
-0.626578
-0.626596
-0.626615
-0.626634
-0.626654
-0.626674
-0.626694
-0.626714
-0.626734
-0.626755
-0.626776
-0.626798
-0.626819
-0.626841
-0.626863
-0.626885
-0.626907
-0.62693
-0.626952
-0.626975
-0.626998
-0.627021
-0.627045
-0.627068
-0.627092
-0.627115
-0.627139
-0.627163
-0.627187
-0.627212
-0.627236
-0.62726
-0.627284
-0.627309
-0.627333
-0.627358
-0.627383
-0.627407
-0.627432
-0.627457
-0.627481
-0.627506
-0.62753
-0.627555
-0.62758
-0.627604
-0.627629
-0.627653
-0.627678
-0.627702
-0.627726
-0.62775
-0.627774
-0.627798
-0.627822
-0.627846
-0.62787
-0.627893
-0.627916
-0.627939
-0.627963
-0.627985
-0.628008
-0.628031
-0.628053
-0.628075
-0.628097
-0.628119
-0.62814
-0.628161
-0.628182
-0.628203
-0.628224
-0.628244
-0.628264
-0.628284
-0.628304
-0.628323
-0.628342
-0.62836
-0.628379
-0.628397
-0.628415
-0.628432
-0.628449
-0.628466
-0.628482
-0.628499
-0.628514
-0.62853
-0.628545
-0.62856
-0.628574
-0.628588
-0.628602
-0.628615
-0.628628
-0.62864
-0.628653
-0.628664
-0.628676
-0.628687
-0.628697
-0.628707
-0.628717
-0.628726
-0.628735
-0.628744
-0.628752
-0.628759
-0.628767
-0.628773
-0.62878
-0.628786
-0.628791
-0.628796
-0.628801
-0.628805
-0.628809
-0.628812
-0.628815
-0.628818
-0.62882
-0.628821
-0.628822
-0.628823
-0.628823
-0.628823
-0.628822
-0.628821
-0.628819
-0.628817
-0.628815
-0.628812
-0.628809
-0.628805
-0.628801
-0.628796
-0.628791
-0.628786
-0.62878
-0.628774
-0.628767
-0.62876
-0.628752
-0.628744
-0.628736
-0.628727
-0.628718
-0.628708
-0.628698
-0.628687
-0.628677
-0.628665
-0.628654
-0.628642
-0.628629
-0.628617
-0.628603
-0.62859
-0.628576
-0.628562
-0.628547
-0.628533
-0.628517
-0.628502
-0.628486
-0.62847
-0.628453
-0.628436
-0.628419
-0.628402
-0.628384
-0.628366
-0.628348
-0.628329
-0.62831
-0.628291
-0.628272
-0.628252
-0.628232
-0.628212
-0.628192
-0.628171
-0.62815
-0.628129
-0.628108
-0.628087
-0.628065
-0.628043
-0.628021
-0.627999
-0.627977
-0.627955
-0.627932
-0.627909
-0.627886
-0.627864
-0.62784
-0.627817
-0.627794
-0.627771
-0.627747
-0.627724
-0.6277
-0.627677
-0.627653
-0.627629
-0.627605
-0.627582
-0.627558
-0.627534
-0.62751
-0.627486
-0.627463
-0.627439
-0.627415
-0.627391
-0.627368
-0.627344
-0.627321
-0.627297
-0.627274
-0.62725
-0.627227
-0.627204
-0.627181
-0.627158
-0.627135
-0.627113
-0.62709
-0.627068
-0.627046
-0.627024
-0.627002
-0.62698
-0.626959
-0.626937
-0.626916
-0.626895
-0.626874
-0.626854
-0.626834
-0.626814
-0.626794
-0.626774
-0.626755
-0.626736
-0.626717
-0.626698
-0.62668
-0.626662
-0.626645
-0.626627
-0.62661
-0.626593
-0.626577
-0.626561
-0.626545
-0.626529
-0.626514
-0.626499
-0.626485
-0.626471
-0.626457
-0.626443
-0.62643
-0.626417
-0.626405
-0.626393
-0.626381
-0.62637
-0.626359
-0.626349
-0.626339
-0.626329
-0.62632
-0.626311
-0.626302
-0.626294
-0.626286
-0.626279
-0.626272
-0.626266
-0.62626
-0.626254
-0.626249
-0.626244
-0.62624
-0.626236
-0.626232
-0.626229
-0.626227
-0.626224
-0.626222
-0.626221
-0.62622
-0.62622
-0.626219
-0.62622
-0.626221
-0.626222
-0.626223
-0.626225
-0.626228
-0.626231
-0.626234
-0.626238
-0.626242
-0.626247
-0.626252
-0.626257
-0.626263
-0.626269
-0.626276
-0.626283
-0.62629
-0.626298
-0.626306
-0.626315
-0.626324
-0.626334
-0.626343
-0.626354
-0.626364
-0.626375
-0.626386
-0.626398
-0.62641
-0.626423
-0.626436
-0.626449
-0.626462
-0.626476
-0.62649
-0.626505
-0.62652
-0.626535
-0.62655
-0.626566
-0.626582
-0.626598
-0.626615
-0.626632
-0.626649
-0.626667
-0.626685
-0.626703
-0.626721
-0.62674
-0.626759
-0.626778
-0.626797
-0.626817
-0.626836
-0.626856
-0.626877
-0.626897
-0.626918
-0.626938
-0.626959
-0.626981
-0.627002
-0.627023
-0.627045
-0.627067
-0.627089
-0.627111
-0.627133
-0.627155
-0.627178
-0.6272
-0.627223
-0.627245
-0.627268
-0.627291
-0.627314
-0.627337
-0.62736
-0.627383
-0.627406
-0.627429
-0.627452
-0.627475
-0.627498
-0.627521
-0.627544
-0.627567
-0.62759
-0.627613
-0.627636
-0.627659
-0.627682
-0.627705
-0.627727
-0.62775
-0.627772
-0.627795
-0.627817
-0.627839
-0.627861
-0.627883
-0.627905
-0.627927
-0.627948
-0.62797
-0.627991
-0.628012
-0.628033
-0.628053
-0.628074
-0.628094
-0.628114
-0.628134
-0.628154
-0.628173
-0.628192
-0.628211
-0.62823
-0.628248
-0.628267
-0.628285
-0.628302
-0.62832
-0.628337
-0.628353
-0.62837
-0.628386
-0.628402
-0.628418
-0.628433
-0.628448
-0.628463
-0.628477
-0.628491
-0.628505
-0.628518
-0.628531
-0.628544
-0.628556
-0.628568
-0.62858
-0.628591
-0.628602
-0.628612
-0.628622
-0.628632
-0.628641
-0.62865
-0.628659
-0.628667
-0.628675
-0.628682
-0.628689
-0.628696
-0.628702
-0.628707
-0.628713
-0.628718
-0.628722
-0.628726
-0.62873
-0.628734
-0.628736
-0.628739
-0.628741
-0.628743
-0.628744
-0.628745
-0.628745
-0.628745
-0.628745
-0.628744
-0.628743
-0.628741
-0.628739
-0.628736
-0.628733
-0.62873
-0.628726
-0.628722
-0.628718
-0.628713
-0.628707
-0.628701
-0.628695
-0.628689
-0.628682
-0.628674
-0.628667
-0.628658
-0.62865
-0.628641
-0.628632
-0.628622
-0.628612
-0.628602
-0.628591
-0.62858
-0.628568
-0.628556
-0.628544
-0.628532
-0.628519
-0.628505
-0.628492
-0.628478
-0.628464
-0.628449
-0.628434
-0.628419
-0.628404
-0.628388
-0.628372
-0.628356
-0.628339
-0.628322
-0.628305
-0.628288
-0.62827
-0.628252
-0.628234
-0.628215
-0.628197
-0.628178
-0.628159
-0.62814
-0.62812
-0.6281
-0.62808
-0.62806
-0.62804
-0.628019
-0.627999
-0.627978
-0.627957
-0.627936
-0.627915
-0.627893
-0.627872
-0.62785
-0.627828
-0.627807
-0.627785
-0.627763
-0.627741
-0.627718
-0.627696
-0.627674
-0.627652
-0.627629
-0.627607
-0.627584
-0.627562
-0.627539
-0.627517
-0.627494
-0.627472
-0.627449
-0.627427
-0.627404
-0.627382
-0.62736
-0.627337
-0.627315
-0.627293
-0.627271
-0.627249
-0.627227
-0.627205
-0.627183
-0.627162
-0.62714
-0.627119
-0.627098
-0.627077
-0.627056
-0.627035
-0.627014
-0.626994
-0.626974
-0.626953
-0.626933
-0.626914
-0.626894
-0.626875
-0.626856
-0.626837
-0.626818
-0.6268
-0.626782
-0.626764
-0.626746
-0.626729
-0.626712
-0.626695
-0.626678
-0.626662
-0.626646
-0.62663
-0.626614
-0.626599
-0.626584
-0.62657
-0.626556
-0.626542
-0.626528
-0.626515
-0.626502
-0.626489
-0.626477
-0.626465
-0.626454
-0.626443
-0.626432
-0.626421
-0.626411
-0.626401
-0.626392
-0.626383
-0.626374
-0.626366
-0.626358
-0.626351
-0.626344
-0.626337
-0.626331
-0.626325
-0.626319
-0.626314
-0.626309
-0.626305
-0.626301
-0.626297
-0.626294
-0.626292
-0.626289
-0.626287
-0.626286
-0.626285
-0.626284
-0.626284
-0.626284
-0.626284
-0.626285
-0.626287
-0.626288
-0.626291
-0.626293
-0.626296
-0.626299
-0.626303
-0.626307
-0.626312
-0.626317
-0.626322
-0.626328
-0.626334
-0.626341
-0.626348
-0.626355
-0.626362
-0.626371
-0.626379
-0.626388
-0.626397
-0.626407
-0.626416
-0.626427
-0.626437
-0.626448
-0.62646
-0.626471
-0.626483
-0.626496
-0.626508
-0.626521
-0.626535
-0.626548
-0.626562
-0.626577
-0.626591
-0.626606
-0.626621
-0.626637
-0.626652
-0.626669
-0.626685
-0.626701
-0.626718
-0.626735
-0.626753
-0.62677
-0.626788
-0.626806
-0.626825
-0.626843
-0.626862
-0.626881
-0.6269
-0.626919
-0.626939
-0.626959
-0.626979
-0.626999
-0.627019
-0.627039
-0.62706
-0.62708
-0.627101
-0.627122
-0.627143
-0.627164
-0.627186
-0.627207
-0.627229
-0.62725
-0.627272
-0.627294
-0.627315
-0.627337
-0.627359
-0.627381
-0.627403
-0.627425
-0.627447
-0.627469
-0.627491
-0.627513
-0.627535
-0.627557
-0.627579
-0.627601
-0.627623
-0.627645
-0.627667
-0.627689
-0.62771
-0.627732
-0.627753
-0.627775
-0.627796
-0.627817
-0.627839
-0.62786
-0.627881
-0.627901
-0.627922
-0.627942
-0.627963
-0.627983
-0.628003
-0.628023
-0.628042
-0.628062
-0.628081
-0.6281
-0.628119
-0.628138
-0.628156
-0.628174
-0.628192
-0.62821
-0.628228
-0.628245
-0.628262
-0.628279
-0.628295
-0.628311
-0.628327
-0.628343
-0.628358
-0.628373
-0.628388
-0.628403
-0.628417
-0.628431
-0.628444
-0.628458
-0.628471
-0.628483
-0.628495
-0.628507
-0.628519
-0.62853
-0.628541
-0.628552
-0.628562
-0.628572
-0.628581
-0.62859
-0.628599
-0.628607
-0.628615
-0.628623
-0.62863
-0.628637
-0.628644
-0.62865
-0.628655
-0.628661
-0.628666
-0.62867
-0.628674
-0.628678
-0.628682
-0.628685
-0.628687
-0.628689
-0.628691
-0.628692
-0.628693
-0.628694
-0.628694
-0.628694
-0.628693
-0.628692
-0.628691
-0.628689
-0.628687
-0.628684
-0.628681
-0.628678
-0.628674
-0.62867
-0.628665
-0.62866
-0.628655
-0.628649
-0.628643
-0.628637
-0.62863
-0.628623
-0.628615
-0.628607
-0.628598
-0.62859
-0.628581
-0.628571
-0.628561
-0.628551
-0.628541
-0.62853
-0.628519
-0.628507
-0.628495
-0.628483
-0.62847
-0.628457
-0.628444
-0.628431
-0.628417
-0.628403
-0.628388
-0.628374
-0.628359
-0.628343
-0.628328
-0.628312
-0.628296
-0.62828
-0.628263
-0.628246
-0.628229
-0.628212
-0.628194
-0.628176
-0.628158
-0.62814
-0.628121
-0.628103
-0.628084
-0.628065
-0.628045
-0.628026
-0.628006
-0.627987
-0.627967
-0.627946
-0.627926
-0.627906
-0.627885
-0.627865
-0.627844
-0.627823
-0.627802
-0.627781
-0.62776
-0.627739
-0.627717
-0.627696
-0.627674
-0.627653
-0.627631
-0.62761
-0.627588
-0.627566
-0.627545
-0.627523
-0.627501
-0.62748
-0.627458
-0.627436
-0.627415
-0.627393
-0.627371
-0.62735
-0.627328
-0.627307
-0.627286
-0.627264
-0.627243
-0.627222
-0.627201
-0.62718
-0.627159
-0.627139
-0.627118
-0.627098
-0.627077
-0.627057
-0.627037
-0.627017
-0.626998
-0.626978
-0.626959
-0.62694
-0.626921
-0.626902
-0.626884
-0.626865
-0.626847
-0.626829
-0.626812
-0.626794
-0.626777
-0.62676
-0.626743
-0.626727
-0.626711
-0.626695
-0.626679
-0.626664
-0.626648
-0.626634
-0.626619
-0.626605
-0.626591
-0.626577
-0.626564
-0.626551
-0.626538
-0.626526
-0.626514
-0.626502
-0.626491
-0.62648
-0.626469
-0.626459
-0.626449
-0.626439
-0.62643
-0.626421
-0.626413
-0.626405
-0.626397
-0.626389
-0.626382
-0.626376
-0.626369
-0.626363
-0.626358
-0.626353
-0.626348
-0.626343
-0.626339
-0.626336
-0.626332
-0.62633
-0.626327
-0.626325
-0.626323
-0.626322
-0.626321
-0.626321
-0.626321
-0.626321
-0.626322
-0.626323
-0.626324
-0.626326
-0.626329
-0.626331
-0.626334
-0.626338
-0.626342
-0.626346
-0.62635
-0.626355
-0.626361
-0.626366
-0.626373
-0.626379
-0.626386
-0.626393
-0.626401
-0.626409
-0.626417
-0.626426
-0.626435
-0.626444
-0.626454
-0.626464
-0.626475
-0.626486
-0.626497
-0.626508
-0.62652
-0.626532
-0.626545
-0.626558
-0.626571
-0.626584
-0.626598
-0.626612
-0.626626
-0.626641
-0.626656
-0.626671
-0.626686
-0.626702
-0.626718
-0.626734
-0.626751
-0.626768
-0.626785
-0.626802
-0.626819
-0.626837
-0.626855
-0.626873
-0.626891
-0.62691
-0.626929
-0.626948
-0.626967
-0.626986
-0.627006
-0.627025
-0.627045
-0.627065
-0.627085
-0.627105
-0.627126
-0.627146
-0.627167
-0.627187
-0.627208
-0.627229
-0.62725
-0.627271
-0.627292
-0.627313
-0.627335
-0.627356
-0.627377
-0.627399
-0.62742
-0.627442
-0.627463
-0.627485
-0.627506
-0.627528
-0.627549
-0.627571
-0.627592
-0.627613
-0.627635
-0.627656
-0.627677
-0.627699
-0.62772
-0.627741
-0.627762
-0.627783
-0.627804
-0.627824
-0.627845
-0.627865
-0.627886
-0.627906
-0.627926
-0.627946
-0.627966
-0.627985
-0.628005
-0.628024
-0.628043
-0.628062
-0.628081
-0.628099
-0.628118
-0.628136
-0.628154
-0.628172
-0.628189
-0.628206
-0.628223
-0.62824
-0.628257
-0.628273
-0.628289
-0.628305
-0.62832
-0.628335
-0.62835
-0.628365
-0.628379
-0.628393
-0.628407
-0.62842
-0.628434
-0.628446
-0.628459
-0.628471
-0.628483
-0.628495
-0.628506
-0.628517
-0.628527
-0.628537
-0.628547
-0.628557
-0.628566
-0.628574
-0.628583
-0.628591
-0.628599
-0.628606
-0.628613
-0.628619
-0.628626
-0.628631
-0.628637
-0.628642
-0.628647
-0.628651
-0.628655
-0.628658
-0.628662
-0.628664
-0.628667
-0.628669
-0.62867
-0.628671
-0.628672
-0.628673
-0.628673
-0.628672
-0.628671
-0.62867
-0.628669
-0.628667
-0.628664
-0.628662
-0.628658
-0.628655
-0.628651
-0.628647
-0.628642
-0.628637
-0.628632
-0.628626
-0.62862
-0.628613
-0.628606
-0.628599
-0.628591
-0.628583
-0.628575
-0.628566
-0.628557
-0.628547
-0.628538
-0.628527
-0.628517
-0.628506
-0.628495
-0.628483
-0.628472
-0.628459
-0.628447
-0.628434
-0.628421
-0.628408
-0.628394
-0.62838
-0.628365
-0.628351
-0.628336
-0.628321
-0.628305
-0.62829
-0.628274
-0.628257
-0.628241
-0.628224
-0.628207
-0.62819
-0.628172
-0.628155
-0.628137
-0.628119
-0.6281
-0.628082
-0.628063
-0.628044
-0.628025
-0.628006
-0.627986
-0.627967
-0.627947
-0.627927
-0.627907
-0.627887
-0.627867
-0.627846
-0.627826
-0.627805
-0.627784
-0.627763
-0.627742
-0.627721
-0.6277
-0.627679
-0.627658
-0.627636
-0.627615
-0.627594
-0.627572
-0.627551
-0.627529
-0.627508
-0.627487
-0.627465
-0.627444
-0.627422
-0.627401
-0.627379
-0.627358
-0.627337
-0.627316
-0.627294
-0.627273
-0.627252
-0.627231
-0.62721
-0.62719
-0.627169
-0.627148
-0.627128
-0.627108
-0.627088
-0.627068
-0.627048
-0.627028
-0.627008
-0.626989
-0.62697
-0.626951
-0.626932
-0.626913
-0.626894
-0.626876
-0.626858
-0.62684
-0.626822
-0.626805
-0.626788
-0.626771
-0.626754
-0.626738
-0.626721
-0.626705
-0.62669
-0.626674
-0.626659
-0.626644
-0.62663
-0.626615
-0.626601
-0.626588
-0.626574
-0.626561
-0.626548
-0.626536
-0.626524
-0.626512
-0.6265
-0.626489
-0.626478
-0.626468
-0.626458
-0.626448
-0.626439
-0.62643
-0.626421
-0.626413
-0.626405
-0.626397
-0.62639
-0.626383
-0.626376
-0.62637
-0.626364
-0.626359
-0.626354
-0.626349
-0.626345
-0.626341
-0.626338
-0.626335
-0.626332
-0.62633
-0.626328
-0.626326
-0.626325
-0.626324
-0.626324
-0.626324
-0.626325
-0.626326
-0.626327
-0.626328
-0.62633
-0.626333
-0.626336
-0.626339
-0.626342
-0.626346
-0.626351
-0.626356
-0.626361
-0.626366
-0.626372
-0.626378
-0.626385
-0.626392
-0.626399
-0.626407
-0.626415
-0.626424
-0.626433
-0.626442
-0.626451
-0.626461
-0.626472
-0.626482
-0.626493
-0.626504
-0.626516
-0.626528
-0.62654
-0.626553
-0.626566
-0.626579
-0.626593
-0.626607
-0.626621
-0.626635
-0.62665
-0.626665
-0.62668
-0.626696
-0.626712
-0.626728
-0.626744
-0.626761
-0.626778
-0.626795
-0.626812
-0.62683
-0.626848
-0.626866
-0.626884
-0.626902
-0.626921
-0.62694
-0.626959
-0.626978
-0.626998
-0.627017
-0.627037
-0.627057
-0.627077
-0.627097
-0.627117
-0.627138
-0.627159
-0.627179
-0.6272
-0.627221
-0.627242
-0.627263
-0.627284
-0.627306
-0.627327
-0.627348
-0.62737
-0.627391
-0.627413
-0.627434
-0.627456
-0.627478
-0.627499
-0.627521
-0.627543
-0.627564
-0.627586
-0.627607
-0.627629
-0.62765
-0.627672
-0.627693
-0.627715
-0.627736
-0.627757
-0.627778
-0.627799
-0.62782
-0.627841
-0.627862
-0.627882
-0.627903
-0.627923
-0.627943
-0.627963
-0.627983
-0.628003
-0.628023
-0.628042
-0.628061
-0.62808
-0.628099
-0.628118
-0.628136
-0.628155
-0.628173
-0.628191
-0.628208
-0.628225
-0.628243
-0.628259
-0.628276
-0.628292
-0.628309
-0.628324
-0.62834
-0.628355
-0.62837
-0.628385
-0.628399
-0.628413
-0.628427
-0.628441
-0.628454
-0.628467
-0.628479
-0.628492
-0.628504
-0.628515
-0.628526
-0.628537
-0.628548
-0.628558
-0.628568
-0.628577
-0.628587
-0.628595
-0.628604
-0.628612
-0.628619
-0.628627
-0.628634
-0.62864
-0.628646
-0.628652
-0.628658
-0.628663
-0.628667
-0.628671
-0.628675
-0.628679
-0.628682
-0.628684
-0.628687
-0.628689
-0.62869
-0.628691
-0.628692
-0.628692
-0.628692
-0.628692
-0.628691
-0.628689
-0.628688
-0.628686
-0.628683
-0.62868
-0.628677
-0.628673
-0.628669
-0.628665
-0.62866
-0.628654
-0.628649
-0.628643
-0.628636
-0.62863
-0.628622
-0.628615
-0.628607
-0.628599
-0.62859
-0.628581
-0.628572
-0.628562
-0.628552
-0.628541
-0.62853
-0.628519
-0.628508
-0.628496
-0.628484
-0.628471
-0.628458
-0.628445
-0.628432
-0.628418
-0.628404
-0.628389
-0.628375
-0.628359
-0.628344
-0.628329
-0.628313
-0.628297
-0.62828
-0.628263
-0.628246
-0.628229
-0.628212
-0.628194
-0.628176
-0.628158
-0.62814
-0.628121
-0.628102
-0.628083
-0.628064
-0.628044
-0.628025
-0.628005
-0.627985
-0.627965
-0.627945
-0.627924
-0.627903
-0.627883
-0.627862
-0.627841
-0.62782
-0.627798
-0.627777
-0.627756
-0.627734
-0.627712
-0.627691
-0.627669
-0.627647
-0.627625
-0.627603
-0.627581
-0.627559
-0.627537
-0.627515
-0.627493
-0.627471
-0.627449
-0.627427
-0.627405
-0.627383
-0.627361
-0.627339
-0.627317
-0.627295
-0.627273
-0.627251
-0.62723
-0.627208
-0.627187
-0.627165
-0.627144
-0.627123
-0.627102
-0.627081
-0.62706
-0.62704
-0.627019
-0.626999
-0.626978
-0.626958
-0.626939
-0.626919
-0.626899
-0.62688
-0.626861
-0.626842
-0.626823
-0.626805
-0.626787
-0.626769
-0.626751
-0.626734
-0.626716
-0.626699
-0.626683
-0.626666
-0.62665
-0.626634
-0.626618
-0.626603
-0.626588
-0.626573
-0.626559
-0.626544
-0.626531
-0.626517
-0.626504
-0.626491
-0.626479
-0.626466
-0.626455
-0.626443
-0.626432
-0.626421
-0.626411
-0.6264
-0.626391
-0.626381
-0.626372
-0.626364
-0.626356
-0.626348
-0.62634
-0.626333
-0.626326
-0.62632
-0.626314
-0.626309
-0.626303
-0.626299
-0.626294
-0.62629
-0.626287
-0.626284
-0.626281
-0.626279
-0.626277
-0.626275
-0.626274
-0.626274
-0.626273
-0.626273
-0.626274
-0.626275
-0.626276
-0.626278
-0.62628
-0.626283
-0.626286
-0.626289
-0.626293
-0.626297
-0.626302
-0.626307
-0.626312
-0.626318
-0.626324
-0.626331
-0.626338
-0.626345
-0.626353
-0.626361
-0.62637
-0.626379
-0.626388
-0.626398
-0.626408
-0.626419
-0.626429
-0.626441
-0.626452
-0.626464
-0.626476
-0.626489
-0.626502
-0.626515
-0.626529
-0.626543
-0.626557
-0.626571
-0.626586
-0.626602
-0.626617
-0.626633
-0.626649
-0.626666
-0.626682
-0.626699
-0.626716
-0.626734
-0.626752
-0.62677
-0.626788
-0.626807
-0.626826
-0.626845
-0.626864
-0.626883
-0.626903
-0.626923
-0.626943
-0.626963
-0.626984
-0.627005
-0.627026
-0.627047
-0.627068
-0.627089
-0.627111
-0.627132
-0.627154
-0.627176
-0.627198
-0.62722
-0.627242
-0.627265
-0.627287
-0.62731
-0.627332
-0.627355
-0.627378
-0.627401
-0.627423
-0.627446
-0.627469
-0.627492
-0.627515
-0.627538
-0.627561
-0.627584
-0.627607
-0.62763
-0.627653
-0.627675
-0.627698
-0.627721
-0.627744
-0.627766
-0.627789
-0.627811
-0.627833
-0.627856
-0.627878
-0.6279
-0.627922
-0.627944
-0.627965
-0.627987
-0.628008
-0.628029
-0.62805
-0.628071
-0.628092
-0.628112
-0.628133
-0.628153
-0.628173
-0.628192
-0.628212
-0.628231
-0.62825
-0.628269
-0.628287
-0.628306
-0.628324
-0.628342
-0.628359
-0.628376
-0.628393
-0.62841
-0.628426
-0.628442
-0.628458
-0.628473
-0.628488
-0.628503
-0.628518
-0.628532
-0.628546
-0.628559
-0.628572
-0.628585
-0.628597
-0.628609
-0.628621
-0.628633
-0.628643
-0.628654
-0.628664
-0.628674
-0.628683
-0.628693
-0.628701
-0.628709
-0.628717
-0.628725
-0.628732
-0.628738
-0.628745
-0.62875
-0.628756
-0.628761
-0.628765
-0.62877
-0.628773
-0.628777
-0.628779
-0.628782
-0.628784
-0.628786
-0.628787
-0.628787
-0.628788
-0.628788
-0.628787
-0.628786
-0.628785
-0.628783
-0.628781
-0.628778
-0.628775
-0.628771
-0.628767
-0.628763
-0.628758
-0.628753
-0.628747
-0.628741
-0.628734
-0.628727
-0.62872
-0.628712
-0.628704
-0.628696
-0.628687
-0.628677
-0.628667
-0.628657
-0.628647
-0.628636
-0.628624
-0.628612
-0.6286
-0.628588
-0.628575
-0.628562
-0.628548
-0.628534
-0.62852
-0.628505
-0.62849
-0.628475
-0.628459
-0.628443
-0.628426
-0.62841
-0.628393
-0.628375
-0.628358
-0.62834
-0.628322
-0.628303
-0.628284
-0.628265
-0.628246
-0.628226
-0.628206
-0.628186
-0.628166
-0.628145
-0.628124
-0.628103
-0.628082
-0.62806
-0.628039
-0.628017
-0.627995
-0.627972
-0.62795
-0.627927
-0.627905
-0.627882
-0.627859
-0.627835
-0.627812
-0.627789
-0.627765
-0.627741
-0.627717
-0.627694
-0.62767
-0.627646
-0.627621
-0.627597
-0.627573
-0.627549
-0.627524
-0.6275
-0.627476
-0.627451
-0.627427
-0.627403
-0.627378
-0.627354
-0.62733
-0.627305
-0.627281
-0.627257
-0.627233
-0.627209
-0.627185
-0.627161
-0.627137
-0.627113
-0.62709
-0.627066
-0.627043
-0.62702
-0.626997
-0.626974
-0.626951
-0.626929
-0.626906
-0.626884
-0.626862
-0.62684
-0.626818
-0.626797
-0.626776
-0.626755
-0.626734
-0.626713
-0.626693
-0.626673
-0.626653
-0.626634
-0.626615
-0.626596
-0.626577
-0.626559
-0.626541
-0.626523
-0.626505
-0.626488
-0.626472
-0.626455
-0.626439
-0.626423
-0.626408
-0.626393
-0.626378
-0.626364
-0.62635
-0.626336
-0.626323
-0.62631
-0.626297
-0.626285
-0.626274
-0.626262
-0.626252
-0.626241
-0.626231
-0.626221
-0.626212
-0.626203
-0.626195
-0.626187
-0.62618
-0.626173
-0.626166
-0.62616
-0.626154
-0.626149
-0.626144
-0.62614
-0.626136
-0.626132
-0.626129
-0.626127
-0.626125
-0.626123
-0.626122
-0.626121
-0.626121
-0.626121
-0.626122
-0.626123
-0.626125
-0.626127
-0.626129
-0.626133
-0.626136
-0.62614
-0.626144
-0.626149
-0.626155
-0.62616
-0.626167
-0.626173
-0.626181
-0.626188
-0.626196
-0.626205
-0.626214
-0.626223
-0.626233
-0.626243
-0.626254
-0.626265
-0.626276
-0.626288
-0.626301
-0.626314
-0.626327
-0.62634
-0.626355
-0.626369
-0.626384
-0.626399
-0.626415
-0.62643
-0.626447
-0.626464
-0.626481
-0.626498
-0.626516
-0.626534
-0.626552
-0.626571
-0.62659
-0.62661
-0.626629
-0.626649
-0.62667
-0.62669
-0.626711
-0.626733
-0.626754
-0.626776
-0.626798
-0.62682
-0.626842
-0.626865
-0.626888
-0.626911
-0.626935
-0.626958
-0.626982
-0.627006
-0.62703
-0.627054
-0.627079
-0.627103
-0.627128
-0.627153
-0.627178
-0.627203
-0.627228
-0.627253
-0.627278
-0.627304
-0.627329
-0.627355
-0.62738
-0.627406
-0.627432
-0.627457
-0.627483
-0.627509
-0.627534
-0.62756
-0.627586
-0.627611
-0.627637
-0.627662
-0.627688
-0.627713
-0.627738
-0.627763
-0.627788
-0.627813
-0.627838
-0.627862
-0.627887
-0.627911
-0.627935
-0.627959
-0.627983
-0.628006
-0.628029
-0.628053
-0.628075
-0.628098
-0.62812
-0.628142
-0.628164
-0.628186
-0.628207
-0.628228
-0.628248
-0.628269
-0.628289
-0.628308
-0.628327
-0.628346
-0.628365
-0.628383
-0.628401
-0.628418
-0.628435
-0.628451
-0.628468
-0.628483
-0.628498
-0.628513
-0.628527
-0.628541
-0.628555
-0.628567
-0.62858
-0.628592
-0.628603
-0.628614
-0.628624
-0.628634
-0.628643
-0.628652
-0.62866
-0.628667
-0.628674
-0.628681
-0.628686
-0.628691
-0.628696
-0.6287
-0.628703
-0.628706
-0.628708
-0.62871
-0.628711
-0.628711
-0.62871
-0.628709
-0.628707
-0.628705
-0.628702
-0.628698
-0.628694
-0.628688
-0.628683
-0.628676
-0.628669
-0.628661
-0.628652
-0.628643
-0.628633
-0.628622
-0.62861
-0.628598
-0.628585
-0.628571
-0.628557
-0.628542
-0.628526
-0.628509
-0.628492
-0.628474
-0.628455
-0.628435
-0.628415
-0.628394
-0.628372
-0.628349
-0.628326
-0.628302
-0.628277
-0.628251
-0.628225
-0.628198
-0.62817
-0.628141
-0.628112
-0.628082
-0.628051
-0.628019
-0.627987
-0.627954
-0.62792
-0.627885
-0.62785
-0.627814
-0.627777
-0.627739
-0.627701
-0.627662
-0.627622
-0.627582
-0.627541
-0.627499
-0.627457
-0.627413
-0.627369
-0.627325
-0.627279
-0.627233
-0.627187
-0.627139
-0.627091
-0.627042
-0.626993
-0.626943
-0.626892
-0.626841
-0.626789
-0.626736
-0.626683
-0.626629
-0.626575
-0.62652
-0.626464
-0.626408
-0.626351
-0.626293
-0.626235
-0.626177
-0.626118
-0.626058
-0.625998
-0.625937
-0.625876
-0.625814
-0.625751
-0.625688
-0.625625
-0.625561
-0.625497
-0.625432
-0.625367
-0.625301
-0.625235
-0.625168
-0.625101
-0.625033
-0.624966
-0.624897
-0.624828
-0.624759
-0.62469
-0.62462
-0.62455
-0.624479
-0.624408
-0.624337
-0.624265
-0.624193
-0.624121
-0.624049
-0.623976
-0.623903
-0.623829
-0.623756
-0.623682
-0.623608
-0.623533
-0.623459
-0.623384
-0.623309
-0.623234
-0.623159
-0.623083
-0.623007
-0.622931
-0.622855
-0.622779
-0.622703
-0.622627
-0.62255
-0.622474
-0.622397
-0.62232
-0.622243
-0.622166
-0.622089
-0.622012
-0.621935
-0.621858
-0.621781
-0.621704
-0.621627
-0.62155
-0.621473
-0.621396
-0.621319
-0.621242
-0.621165
-0.621088
-0.621011
-0.620934
-0.620858
-0.620781
-0.620705
-0.620628
-0.620552
-0.620476
-0.6204
-0.620324
-0.620248
-0.620173
-0.620097
-0.620022
-0.619947
-0.619872
-0.619797
-0.619723
-0.619648
-0.619574
-0.6195
-0.619427
-0.619353
-0.61928
-0.619207
-0.619134
-0.619061
-0.618989
-0.618917
-0.618845
-0.618774
-0.618702
-0.618631
-0.618561
-0.61849
-0.61842
-0.61835
-0.61828
-0.618211
-0.618142
-0.618073
-0.618005
-0.617937
-0.617869
-0.617801
-0.617734
-0.617667
-0.6176
-0.617534
-0.617468
-0.617403
-0.617337
-0.617272
-0.617207
-0.617143
-0.617079
-0.617015
-0.616952
-0.616889
-0.616826
-0.616764
-0.616702
-0.61664
-0.616578
-0.616517
-0.616456
-0.616396
-0.616336
-0.616276
-0.616216
-0.616157
-0.616098
-0.61604
-0.615981
-0.615923
-0.615866
-0.615808
-0.615751
-0.615694
-0.615638
-0.615581
-0.615525
-0.61547
-0.615414
-0.615359
-0.615304
-0.61525
-0.615195
-0.615141
-0.615087
-0.615034
-0.61498
-0.614927
-0.614874
-0.614821
-0.614769
-0.614716
-0.614664
-0.614612
-0.614561
-0.614509
-0.614458
-0.614406
-0.614355
-0.614304
-0.614254
-0.614203
-0.614153
-0.614102
-0.614052
-0.614002
-0.613952
-0.613902
-0.613852
-0.613802
-0.613753
-0.613703
-0.613653
-0.613604
-0.613554
-0.613505
-0.613455
-0.613406
-0.613356
-0.613307
-0.613257
-0.613208
-0.613158
-0.613109
-0.613059
-0.61301
-0.61296
-0.61291
-0.61286
-0.61281
-0.61276
-0.61271
-0.612659
-0.612609
-0.612558
-0.612507
-0.612456
-0.612405
-0.612353
-0.612302
-0.61225
-0.612198
-0.612146
-0.612093
-0.612041
-0.611988
-0.611934
-0.611881
-0.611827
-0.611773
-0.611718
-0.611664
-0.611609
-0.611553
-0.611497
-0.611441
-0.611385
-0.611328
-0.611271
-0.611213
-0.611155
-0.611096
-0.611037
-0.610978
-0.610918
-0.610858
-0.610797
-0.610736
-0.610674
-0.610612
-0.61055
-0.610486
-0.610423
-0.610359
-0.610294
-0.610228
-0.610163
-0.610096
-0.610029
-0.609962
-0.609893
-0.609825
-0.609755
-0.609685
-0.609615
-0.609543
-0.609472
-0.609399
-0.609326
-0.609252
-0.609177
-0.609102
-0.609026
-0.60895
-0.608873
-0.608795
-0.608716
-0.608637
-0.608557
-0.608476
-0.608394
-0.608312
-0.608229
-0.608145
-0.608061
-0.607975
-0.607889
-0.607802
-0.607715
-0.607626
-0.607537
-0.607447
-0.607357
-0.607265
-0.607173
-0.607079
-0.606986
-0.606891
-0.606795
-0.606699
-0.606602
-0.606503
-0.606405
-0.606305
-0.606204
-0.606103
-0.606001
-0.605898
-0.605794
-0.605689
-0.605583
-0.605477
-0.60537
-0.605262
-0.605153
-0.605043
-0.604932
-0.604821
-0.604708
-0.604595
-0.604481
-0.604366
-0.604251
-0.604134
-0.604017
-0.603898
-0.603779
-0.603659
-0.603539
-0.603417
-0.603295
-0.603171
-0.603047
-0.602923
-0.602797
-0.60267
-0.602543
-0.602415
-0.602286
-0.602156
-0.602026
-0.601894
-0.601762
-0.601629
-0.601496
-0.601361
-0.601226
-0.60109
-0.600953
-0.600815
-0.600677
-0.600538
-0.600398
-0.600258
-0.600117
-0.599975
-0.599832
-0.599689
-0.599545
-0.5994
-0.599254
-0.599108
-0.598961
-0.598814
-0.598666
-0.598517
-0.598368
-0.598217
-0.598067
-0.597915
-0.597763
-0.597611
-0.597458
-0.597304
-0.59715
-0.596995
-0.59684
-0.596684
-0.596527
-0.59637
-0.596212
-0.596054
-0.595896
-0.595737
-0.595577
-0.595417
-0.595256
-0.595095
-0.594934
-0.594772
-0.59461
-0.594447
-0.594284
-0.594121
-0.593957
-0.593792
-0.593628
-0.593463
-0.593297
-0.593132
-0.592966
-0.592799
-0.592633
-0.592466
-0.592299
-0.592131
-0.591963
-0.591795
-0.591627
-0.591459
-0.59129
-0.591121
-0.590952
-0.590783
-0.590613
-0.590444
-0.590274
-0.590104
-0.589934
-0.589764
-0.589594
-0.589423
-0.589253
-0.589082
-0.588912
-0.588741
-0.588571
-0.5884
-0.588229
-0.588058
-0.587888
-0.587717
-0.587546
-0.587375
-0.587205
-0.587034
-0.586863
-0.586693
-0.586522
-0.586352
-0.586182
-0.586012
-0.585841
-0.585672
-0.585502
-0.585332
-0.585163
-0.584993
-0.584824
-0.584655
-0.584486
-0.584318
-0.584149
-0.583981
-0.583813
-0.583645
-0.583478
-0.583311
-0.583144
-0.582977
-0.582811
-0.582644
-0.582478
-0.582313
-0.582148
-0.581983
-0.581818
-0.581654
-0.58149
-0.581326
-0.581162
-0.580999
-0.580837
-0.580675
-0.580513
-0.580351
-0.58019
-0.580029
-0.579869
-0.579709
-0.579549
-0.57939
-0.579231
-0.579073
-0.578915
-0.578757
-0.5786
-0.578443
-0.578287
-0.578131
-0.577976
-0.577821
-0.577666
-0.577512
-0.577359
-0.577205
-0.577053
-0.576901
-0.576749
-0.576597
-0.576447
-0.576296
-0.576146
-0.575997
-0.575848
-0.575699
-0.575551
-0.575403
-0.575256
-0.57511
-0.574963
-0.574818
-0.574672
-0.574528
-0.574383
-0.57424
-0.574096
-0.573953
-0.573811
-0.573669
-0.573527
-0.573386
-0.573245
-0.573105
-0.572966
-0.572826
-0.572687
-0.572549
-0.572411
-0.572273
-0.572136
-0.572
-0.571863
-0.571728
-0.571592
-0.571457
-0.571323
-0.571188
-0.571055
-0.570921
-0.570788
-0.570655
-0.570523
-0.570391
-0.57026
-0.570129
-0.569998
-0.569867
-0.569737
-0.569607
-0.569478
-0.569349
-0.56922
-0.569091
-0.568963
-0.568835
-0.568707
-0.56858
-0.568453
-0.568326
-0.5682
-0.568073
-0.567947
-0.567821
-0.567695
-0.56757
-0.567445
-0.56732
-0.567195
-0.56707
-0.566946
-0.566821
-0.566697
-0.566573
-0.566449
-0.566325
-0.566201
-0.566078
-0.565954
-0.565831
-0.565708
-0.565584
-0.565461
-0.565338
-0.565215
-0.565092
-0.564968
-0.564845
-0.564722
-0.564599
-0.564476
-0.564353
-0.564229
-0.564106
-0.563983
-0.563859
-0.563735
-0.563612
-0.563488
-0.563364
-0.56324
-0.563116
-0.562991
-0.562867
-0.562742
-0.562617
-0.562492
-0.562367
-0.562241
-0.562116
-0.56199
-0.561863
-0.561737
-0.56161
-0.561483
-0.561356
-0.561228
-0.5611
-0.560971
-0.560843
-0.560714
-0.560584
-0.560454
-0.560324
-0.560194
-0.560063
-0.559931
-0.559799
-0.559667
-0.559534
-0.559401
-0.559268
-0.559134
-0.558999
-0.558864
-0.558728
-0.558592
-0.558455
-0.558318
-0.55818
-0.558042
-0.557903
-0.557764
-0.557624
-0.557483
-0.557342
-0.5572
-0.557057
-0.556914
-0.556771
-0.556626
-0.556481
-0.556335
-0.556189
-0.556042
-0.555894
-0.555746
-0.555596
-0.555446
-0.555296
-0.555144
-0.554992
-0.55484
-0.554686
-0.554532
-0.554376
-0.554221
-0.554064
-0.553906
-0.553748
-0.553589
-0.553429
-0.553269
-0.553107
-0.552945
-0.552782
-0.552618
-0.552453
-0.552287
-0.552121
-0.551953
-0.551785
-0.551616
-0.551446
-0.551275
-0.551103
-0.550931
-0.550757
-0.550583
-0.550408
-0.550232
-0.550055
-0.549877
-0.549698
-0.549518
-0.549337
-0.549156
-0.548973
-0.54879
-0.548606
-0.54842
-0.548234
-0.548047
-0.547859
-0.54767
-0.54748
-0.547289
-0.547098
-0.546905
-0.546712
-0.546517
-0.546322
-0.546125
-0.545928
-0.54573
-0.545531
-0.545331
-0.54513
-0.544928
-0.544725
-0.544522
-0.544317
-0.544111
-0.543905
-0.543698
-0.543489
-0.54328
-0.54307
-0.542859
-0.542647
-0.542435
-0.542221
-0.542007
-0.541791
-0.541575
-0.541358
-0.54114
-0.540921
-0.540701
-0.540481
-0.540259
-0.540037
-0.539814
-0.53959
-0.539365
-0.53914
-0.538913
-0.538686
-0.538458
-0.538229
-0.538
-0.537769
-0.537538
-0.537306
-0.537074
-0.53684
-0.536606
-0.536371
-0.536136
-0.535899
-0.535662
-0.535424
-0.535186
-0.534947
-0.534707
-0.534466
-0.534225
-0.533983
-0.53374
-0.533497
-0.533253
-0.533009
-0.532764
-0.532518
-0.532272
-0.532025
-0.531778
-0.53153
-0.531281
-0.531032
-0.530782
-0.530532
-0.530281
-0.53003
-0.529778
-0.529526
-0.529274
-0.529021
-0.528767
-0.528513
-0.528258
-0.528004
-0.527748
-0.527493
-0.527237
-0.52698
-0.526723
-0.526466
-0.526209
-0.525951
-0.525693
-0.525434
-0.525175
-0.524916
-0.524657
-0.524397
-0.524137
-0.523877
-0.523617
-0.523356
-0.523096
-0.522835
-0.522574
-0.522313
-0.522051
-0.52179
-0.521528
-0.521266
-0.521004
-0.520742
-0.52048
-0.520218
-0.519956
-0.519694
-0.519431
-0.519169
-0.518907
-0.518644
-0.518382
-0.51812
-0.517858
-0.517596
-0.517334
-0.517072
-0.51681
-0.516548
-0.516286
-0.516025
-0.515763
-0.515502
-0.515241
-0.51498
-0.51472
-0.514459
-0.514199
-0.513939
-0.513679
-0.513419
-0.51316
-0.512901
-0.512642
-0.512384
-0.512126
-0.511868
-0.511611
-0.511354
-0.511097
-0.510841
-0.510585
-0.510329
-0.510074
-0.509819
-0.509565
-0.509311
-0.509058
-0.508805
-0.508552
-0.5083
-0.508049
-0.507798
-0.507547
-0.507297
-0.507048
-0.506799
-0.506551
-0.506303
-0.506056
-0.505809
-0.505564
-0.505318
-0.505074
-0.50483
-0.504586
-0.504343
-0.504101
-0.50386
-0.503619
-0.503379
-0.50314
-0.502901
-0.502664
-0.502426
-0.50219
-0.501954
-0.501719
-0.501485
-0.501252
-0.50102
-0.500788
-0.500557
-0.500327
-0.500097
-0.499869
-0.499641
-0.499415
-0.499189
-0.498964
-0.498739
-0.498516
-0.498294
-0.498072
-0.497851
-0.497632
-0.497413
-0.497195
-0.496978
-0.496762
-0.496547
-0.496333
-0.49612
-0.495907
-0.495696
-0.495486
-0.495277
-0.495068
-0.494861
-0.494655
-0.494449
-0.494245
-0.494042
-0.493839
-0.493638
-0.493438
-0.493239
-0.493041
-0.492844
-0.492648
-0.492453
-0.492259
-0.492066
-0.491874
-0.491684
-0.491494
-0.491305
-0.491118
-0.490932
-0.490746
-0.490562
-0.490379
-0.490197
-0.490016
-0.489837
-0.489658
-0.489481
-0.489304
-0.489129
-0.488955
-0.488782
-0.48861
-0.488439
-0.488269
-0.488101
-0.487934
-0.487767
-0.487602
-0.487439
-0.487276
-0.487114
-0.486954
-0.486794
-0.486636
-0.486479
-0.486323
-0.486169
-0.486015
-0.485863
-0.485711
-0.485561
-0.485412
-0.485265
-0.485118
-0.484973
-0.484828
-0.484685
-0.484543
-0.484402
-0.484263
-0.484124
-0.483987
-0.483851
-0.483716
-0.483582
-0.483449
-0.483317
-0.483187
-0.483058
-0.482929
-0.482802
-0.482677
-0.482552
-0.482428
-0.482306
-0.482185
-0.482065
-0.481946
-0.481828
-0.481711
-0.481595
-0.481481
-0.481367
-0.481255
-0.481144
-0.481034
-0.480925
-0.480817
-0.480711
-0.480605
-0.480501
-0.480397
-0.480295
-0.480194
-0.480094
-0.479995
-0.479897
-0.4798
-0.479705
-0.47961
-0.479516
-0.479424
-0.479332
-0.479242
-0.479153
-0.479064
-0.478977
-0.478891
-0.478806
-0.478722
-0.478639
-0.478557
-0.478476
-0.478396
-0.478317
-0.478239
-0.478162
-0.478086
-0.478011
-0.477937
-0.477864
-0.477792
-0.477721
-0.477651
-0.477581
-0.477513
-0.477446
-0.47738
-0.477315
-0.47725
-0.477187
-0.477125
-0.477063
-0.477002
-0.476943
-0.476884
-0.476826
-0.476769
-0.476713
-0.476658
-0.476604
-0.47655
-0.476498
-0.476446
-0.476395
-0.476345
-0.476296
-0.476248
-0.4762
-0.476154
-0.476108
-0.476063
-0.476019
-0.475976
-0.475933
-0.475891
-0.47585
-0.47581
-0.475771
-0.475732
-0.475695
-0.475657
-0.475621
-0.475586
-0.475551
-0.475517
-0.475483
-0.475451
-0.475419
-0.475388
-0.475357
-0.475327
-0.475298
-0.47527
-0.475242
-0.475215
-0.475189
-0.475163
-0.475138
-0.475114
-0.47509
-0.475067
-0.475044
-0.475022
-0.475001
-0.47498
-0.47496
-0.474941
-0.474922
-0.474903
-0.474886
-0.474869
-0.474852
-0.474836
-0.47482
-0.474806
-0.474791
-0.474777
-0.474764
-0.474751
-0.474739
-0.474727
-0.474716
-0.474705
-0.474695
-0.474685
-0.474675
-0.474666
-0.474658
-0.47465
-0.474642
-0.474635
-0.474629
-0.474622
-0.474617
-0.474611
-0.474606
-0.474602
-0.474597
-0.474594
-0.47459
-0.474587
-0.474585
-0.474582
-0.47458
-0.474579
-0.474578
-0.474577
-0.474576
-0.474576
-0.474576
-0.474576
-0.474577
-0.474578
-0.474579
-0.474581
-0.474583
-0.474585
-0.474587
-0.47459
-0.474593
-0.474596
-0.4746
-0.474604
-0.474608
-0.474612
-0.474616
-0.474621
-0.474626
-0.474631
-0.474636
-0.474641
-0.474647
-0.474653
-0.474659
-0.474665
-0.474672
-0.474678
-0.474685
-0.474692
-0.474699
-0.474706
-0.474713
-0.474721
-0.474728
-0.474736
-0.474744
-0.474752
-0.47476
-0.474768
-0.474776
-0.474784
-0.474793
-0.474801
-0.47481
-0.474818
-0.474827
-0.474836
-0.474845
-0.474854
-0.474863
-0.474872
-0.474881
-0.47489
-0.474899
-0.474908
-0.474917
-0.474926
-0.474936
-0.474945
-0.474954
-0.474963
-0.474973
-0.474982
-0.474991
-0.475
-0.475009
-0.475019
-0.475028
-0.475037
-0.475046
-0.475055
-0.475064
-0.475073
-0.475082
-0.475091
-0.4751
-0.475108
-0.475117
-0.475126
-0.475134
-0.475143
-0.475151
-0.47516
-0.475168
-0.475176
-0.475185
-0.475193
-0.475201
-0.475209
-0.475216
-0.475224
-0.475232
-0.475239
-0.475247
-0.475254
-0.475261
-0.475268
-0.475275
-0.475282
-0.475289
-0.475296
-0.475302
-0.475309
-0.475315
-0.475321
-0.475327
-0.475333
-0.475339
-0.475344
-0.47535
-0.475355
-0.47536
-0.475366
-0.475371
-0.475375
-0.47538
-0.475385
-0.475389
-0.475393
-0.475397
-0.475401
-0.475405
-0.475409
-0.475412
-0.475416
-0.475419
-0.475422
-0.475425
-0.475428
-0.47543
-0.475433
-0.475435
-0.475437
-0.47544
-0.475441
-0.475443
-0.475445
-0.475446
-0.475447
-0.475448
-0.475449
-0.47545
-0.475451
-0.475451
-0.475452
-0.475452
-0.475452
-0.475452
-0.475452
-0.475451
-0.475451
-0.47545
-0.475449
-0.475448
-0.475447
-0.475446
-0.475444
-0.475443
-0.475441
-0.475439
-0.475437
-0.475435
-0.475433
-0.47543
-0.475428
-0.475425
-0.475422
-0.475419
-0.475416
-0.475413
-0.47541
-0.475406
-0.475403
-0.475399
-0.475395
-0.475391
-0.475387
-0.475383
-0.475379
-0.475374
-0.47537
-0.475365
-0.47536
-0.475356
-0.475351
-0.475346
-0.47534
-0.475335
-0.47533
-0.475324
-0.475319
-0.475313
-0.475308
-0.475302
-0.475296
-0.47529
-0.475284
-0.475278
-0.475271
-0.475265
-0.475259
-0.475252
-0.475246
-0.475239
-0.475233
-0.475226
-0.475219
-0.475213
-0.475206
-0.475199
-0.475192
-0.475185
-0.475178
-0.475171
-0.475164
-0.475157
-0.47515
-0.475142
-0.475135
-0.475128
-0.475121
-0.475113
-0.475106
-0.475099
-0.475091
-0.475084
-0.475077
-0.475069
-0.475062
-0.475055
-0.475047
-0.47504
-0.475032
-0.475025
-0.475018
-0.47501
-0.475003
-0.474996
-0.474989
-0.474981
-0.474974
-0.474967
-0.47496
-0.474952
-0.474945
-0.474938
-0.474931
-0.474924
-0.474917
-0.47491
-0.474904
-0.474897
-0.47489
-0.474883
-0.474877
-0.47487
-0.474863
-0.474857
-0.474851
-0.474844
-0.474838
-0.474832
-0.474826
-0.47482
-0.474814
-0.474808
-0.474802
-0.474796
-0.47479
-0.474785
-0.474779
-0.474774
-0.474769
-0.474763
-0.474758
-0.474753
-0.474748
-0.474743
-0.474739
-0.474734
-0.474729
-0.474725
-0.474721
-0.474716
-0.474712
-0.474708
-0.474704
-0.474701
-0.474697
-0.474693
-0.47469
-0.474686
-0.474683
-0.47468
-0.474677
-0.474674
-0.474671
-0.474669
-0.474666
-0.474664
-0.474662
-0.474659
-0.474657
-0.474655
-0.474654
-0.474652
-0.47465
-0.474649
-0.474648
-0.474647
-0.474646
-0.474645
-0.474644
-0.474643
-0.474643
-0.474642
-0.474642
-0.474642
-0.474642
-0.474642
-0.474642
-0.474642
-0.474643
-0.474643
-0.474644
-0.474645
-0.474646
-0.474647
-0.474648
-0.47465
-0.474651
-0.474653
-0.474654
-0.474656
-0.474658
-0.47466
-0.474662
-0.474665
-0.474667
-0.47467
-0.474672
-0.474675
-0.474678
-0.474681
-0.474684
-0.474687
-0.47469
-0.474694
-0.474697
-0.474701
-0.474705
-0.474709
-0.474713
-0.474717
-0.474721
-0.474725
-0.474729
-0.474734
-0.474738
-0.474743
-0.474747
-0.474752
-0.474757
-0.474762
-0.474767
-0.474772
-0.474777
-0.474782
-0.474788
-0.474793
-0.474799
-0.474804
-0.47481
-0.474816
-0.474821
-0.474827
-0.474833
-0.474839
-0.474845
-0.474851
-0.474857
-0.474863
-0.474869
-0.474875
-0.474882
-0.474888
-0.474894
-0.474901
-0.474907
-0.474914
-0.47492
-0.474927
-0.474933
-0.47494
-0.474946
-0.474953
-0.47496
-0.474966
-0.474973
-0.47498
-0.474986
-0.474993
-0.475
-0.475006
-0.475013
-0.47502
-0.475026
-0.475033
-0.47504
-0.475046
-0.475053
-0.47506
-0.475066
-0.475073
-0.475079
-0.475086
-0.475092
-0.475099
-0.475105
-0.475112
-0.475118
-0.475125
-0.475131
-0.475137
-0.475143
-0.47515
-0.475156
-0.475162
-0.475168
-0.475174
-0.47518
-0.475186
-0.475191
-0.475197
-0.475203
-0.475209
-0.475214
-0.47522
-0.475225
-0.47523
-0.475236
-0.475241
-0.475246
-0.475251
-0.475256
-0.475261
-0.475266
-0.47527
-0.475275
-0.47528
-0.475284
-0.475288
-0.475293
-0.475297
-0.475301
-0.475305
-0.475309
-0.475313
-0.475316
-0.47532
-0.475324
-0.475327
-0.47533
-0.475333
-0.475336
-0.475339
-0.475342
-0.475345
-0.475348
-0.47535
-0.475353
-0.475355
-0.475357
-0.475359
-0.475361
-0.475363
-0.475365
-0.475366
-0.475368
-0.475369
-0.475371
-0.475372
-0.475373
-0.475374
-0.475374
-0.475375
-0.475376
-0.475376
-0.475376
-0.475377
-0.475377
-0.475377
-0.475376
-0.475376
-0.475376
-0.475375
-0.475375
-0.475374
-0.475373
-0.475372
-0.475371
-0.47537
-0.475368
-0.475367
-0.475365
-0.475364
-0.475362
-0.47536
-0.475358
-0.475356
-0.475353
-0.475351
-0.475348
-0.475346
-0.475343
-0.47534
-0.475337
-0.475334
-0.475331
-0.475328
-0.475325
-0.475321
-0.475318
-0.475314
-0.47531
-0.475306
-0.475302
-0.475298
-0.475294
-0.47529
-0.475286
-0.475281
-0.475277
-0.475272
-0.475268
-0.475263
-0.475258
-0.475253
-0.475248
-0.475243
-0.475238
-0.475233
-0.475228
-0.475222
-0.475217
-0.475211
-0.475206
-0.4752
-0.475195
-0.475189
-0.475183
-0.475177
-0.475171
-0.475166
-0.47516
-0.475154
-0.475147
-0.475141
-0.475135
-0.475129
-0.475123
-0.475117
-0.47511
-0.475104
-0.475098
-0.475091
-0.475085
-0.475078
-0.475072
-0.475065
-0.475059
-0.475052
-0.475046
-0.475039
-0.475033
-0.475026
-0.47502
-0.475013
-0.475007
-0.475
-0.474994
-0.474987
-0.474981
-0.474974
-0.474968
-0.474961
-0.474955
-0.474949
-0.474942
-0.474936
-0.474929
-0.474923
-0.474917
-0.474911
-0.474904
-0.474898
-0.474892
-0.474886
-0.47488
-0.474874
-0.474868
-0.474862
-0.474856
-0.474851
-0.474845
-0.474839
-0.474833
-0.474828
-0.474822
-0.474817
-0.474812
-0.474806
-0.474801
-0.474796
-0.474791
-0.474786
-0.474781
-0.474776
-0.474771
-0.474767
-0.474762
-0.474757
-0.474753
-0.474749
-0.474744
-0.47474
-0.474736
-0.474732
-0.474728
-0.474724
-0.474721
-0.474717
-0.474714
-0.47471
-0.474707
-0.474704
-0.474701
-0.474698
-0.474695
-0.474692
-0.474689
-0.474687
-0.474684
-0.474682
-0.47468
-0.474677
-0.474675
-0.474674
-0.474672
-0.47467
-0.474669
-0.474667
-0.474666
-0.474665
-0.474663
-0.474662
-0.474662
-0.474661
-0.47466
-0.47466
-0.474659
-0.474659
-0.474659
-0.474659
-0.474659
-0.474659
-0.474659
-0.47466
-0.47466
-0.474661
-0.474662
-0.474663
-0.474664
-0.474665
-0.474666
-0.474667
-0.474669
-0.474671
-0.474672
-0.474674
-0.474676
-0.474678
-0.47468
-0.474682
-0.474685
-0.474687
-0.47469
-0.474693
-0.474695
-0.474698
-0.474701
-0.474704
-0.474708
-0.474711
-0.474714
-0.474718
-0.474722
-0.474725
-0.474729
-0.474733
-0.474737
-0.474741
-0.474745
-0.474749
-0.474754
-0.474758
-0.474763
-0.474767
-0.474772
-0.474777
-0.474782
-0.474786
-0.474791
-0.474797
-0.474802
-0.474807
-0.474812
-0.474817
-0.474823
-0.474828
-0.474834
-0.474839
-0.474845
-0.474851
-0.474856
-0.474862
-0.474868
-0.474874
-0.47488
-0.474886
-0.474892
-0.474898
-0.474904
-0.47491
-0.474916
-0.474922
-0.474929
-0.474935
-0.474941
-0.474947
-0.474954
-0.47496
-0.474966
-0.474973
-0.474979
-0.474986
-0.474992
-0.474998
-0.475005
-0.475011
-0.475017
-0.475024
-0.47503
-0.475037
-0.475043
-0.475049
-0.475056
-0.475062
-0.475068
-0.475075
-0.475081
-0.475087
-0.475093
-0.4751
-0.475106
-0.475112
-0.475118
-0.475124
-0.47513
-0.475136
-0.475142
-0.475148
-0.475154
-0.475159
-0.475165
-0.475171
-0.475176
-0.475182
-0.475187
-0.475193
-0.475198
-0.475204
-0.475209
-0.475214
-0.475219
-0.475224
-0.475229
-0.475234
-0.475239
-0.475244
-0.475248
-0.475253
-0.475257
-0.475262
-0.475266
-0.47527
-0.475275
-0.475279
-0.475283
-0.475287
-0.47529
-0.475294
-0.475298
-0.475301
-0.475305
-0.475308
-0.475311
-0.475314
-0.475317
-0.47532
-0.475323
-0.475326
-0.475328
-0.475331
-0.475333
-0.475335
-0.475337
-0.475339
-0.475341
-0.475343
-0.475345
-0.475346
-0.475348
-0.475349
-0.47535
-0.475352
-0.475353
-0.475354
-0.475354
-0.475355
-0.475356
-0.475356
-0.475356
-0.475356
-0.475357
-0.475356
-0.475356
-0.475356
-0.475356
-0.475355
-0.475355
-0.475354
-0.475353
-0.475352
-0.475351
-0.47535
-0.475348
-0.475347
-0.475345
-0.475344
-0.475342
-0.47534
-0.475338
-0.475336
-0.475334
-0.475331
-0.475329
-0.475326
-0.475324
-0.475321
-0.475318
-0.475315
-0.475312
-0.475309
-0.475306
-0.475302
-0.475299
-0.475295
-0.475291
-0.475288
-0.475284
-0.47528
-0.475276
-0.475272
-0.475267
-0.475263
-0.475259
-0.475254
-0.47525
-0.475245
-0.47524
-0.475235
-0.475231
-0.475226
-0.475221
-0.475215
-0.47521
-0.475205
-0.4752
-0.475194
-0.475189
-0.475183
-0.475178
-0.475172
-0.475167
-0.475161
-0.475155
-0.475149
-0.475143
-0.475137
-0.475131
-0.475125
-0.475119
-0.475113
-0.475107
-0.475101
-0.475095
-0.475088
-0.475082
-0.475076
-0.47507
-0.475063
-0.475057
-0.475051
-0.475044
-0.475038
-0.475031
-0.475025
-0.475019
-0.475012
-0.475006
-0.474999
-0.474993
-0.474986
-0.47498
-0.474974
-0.474967
-0.474961
-0.474954
-0.474948
-0.474942
-0.474935
-0.474929
-0.474923
-0.474917
-0.47491
-0.474904
-0.474898
-0.474892
-0.474886
-0.47488
-0.474874
-0.474868
-0.474862
-0.474856
-0.47485
-0.474845
-0.474839
-0.474833
-0.474828
-0.474822
-0.474817
-0.474811
-0.474806
-0.474801
-0.474795
-0.47479
-0.474785
-0.47478
-0.474775
-0.474771
-0.474766
-0.474761
-0.474756
-0.474752
-0.474748
-0.474743
-0.474739
-0.474735
-0.474731
-0.474727
-0.474723
-0.474719
-0.474715
-0.474712
-0.474708
-0.474705
-0.474701
-0.474698
-0.474695
-0.474692
-0.474689
-0.474686
-0.474684
-0.474681
-0.474679
-0.474676
-0.474674
-0.474672
-0.47467
-0.474668
-0.474666
-0.474664
-0.474663
-0.474661
-0.47466
-0.474659
-0.474658
-0.474657
-0.474656
-0.474655
-0.474654
-0.474654
-0.474653
-0.474653
-0.474653
-0.474653
-0.474653
-0.474653
-0.474653
-0.474654
-0.474654
-0.474655
-0.474655
-0.474656
-0.474657
-0.474658
-0.47466
-0.474661
-0.474662
-0.474664
-0.474666
-0.474667
-0.474669
-0.474671
-0.474673
-0.474676
-0.474678
-0.47468
-0.474683
-0.474686
-0.474688
-0.474691
-0.474694
-0.474697
-0.4747
-0.474704
-0.474707
-0.474711
-0.474714
-0.474718
-0.474722
-0.474725
-0.474729
-0.474734
-0.474738
-0.474742
-0.474746
-0.474751
-0.474755
-0.47476
-0.474764
-0.474769
-0.474774
-0.474779
-0.474784
-0.474789
-0.474794
-0.474799
-0.474804
-0.47481
-0.474815
-0.47482
-0.474826
-0.474831
-0.474837
-0.474843
-0.474848
-0.474854
-0.47486
-0.474866
-0.474872
-0.474878
-0.474884
-0.47489
-0.474896
-0.474902
-0.474908
-0.474914
-0.474921
-0.474927
-0.474933
-0.474939
-0.474946
-0.474952
-0.474958
-0.474965
-0.474971
-0.474978
-0.474984
-0.47499
-0.474997
-0.475003
-0.47501
-0.475016
-0.475022
-0.475029
-0.475035
-0.475042
-0.475048
-0.475054
-0.475061
-0.475067
-0.475073
-0.475079
-0.475086
-0.475092
-0.475098
-0.475104
-0.47511
-0.475116
-0.475122
-0.475128
-0.475134
-0.47514
-0.475146
-0.475152
-0.475158
-0.475163
-0.475169
-0.475175
-0.47518
-0.475186
-0.475191
-0.475197
-0.475202
-0.475207
-0.475212
-0.475217
-0.475222
-0.475227
-0.475232
-0.475237
-0.475242
-0.475246
-0.475251
-0.475255
-0.47526
-0.475264
-0.475268
-0.475272
-0.475276
-0.47528
-0.475284
-0.475288
-0.475292
-0.475295
-0.475299
-0.475302
-0.475305
-0.475308
-0.475311
-0.475314
-0.475317
-0.47532
-0.475323
-0.475325
-0.475328
-0.47533
-0.475332
-0.475334
-0.475336
-0.475338
-0.47534
-0.475341
-0.475343
-0.475344
-0.475346
-0.475347
-0.475348
-0.475349
-0.47535
-0.47535
-0.475351
-0.475351
-0.475352
-0.475352
-0.475352
-0.475352
-0.475352
-0.475352
-0.475352
-0.475351
-0.475351
-0.47535
-0.475349
-0.475348
-0.475347
-0.475346
-0.475345
-0.475343
-0.475342
-0.47534
-0.475338
-0.475337
-0.475335
-0.475333
-0.47533
-0.475328
-0.475326
-0.475323
-0.475321
-0.475318
-0.475315
-0.475312
-0.475309
-0.475306
-0.475303
-0.475299
-0.475296
-0.475292
-0.475289
-0.475285
-0.475281
-0.475277
-0.475273
-0.475269
-0.475265
-0.475261
-0.475256
-0.475252
-0.475247
-0.475243
-0.475238
-0.475233
-0.475228
-0.475224
-0.475219
-0.475213
-0.475208
-0.475203
-0.475198
-0.475192
-0.475187
-0.475182
-0.475176
-0.47517
-0.475165
-0.475159
-0.475153
-0.475148
-0.475142
-0.475136
-0.47513
-0.475124
-0.475118
-0.475112
-0.475106
-0.475099
-0.475093
-0.475087
-0.475081
-0.475075
-0.475068
-0.475062
-0.475056
-0.475049
-0.475043
-0.475036
-0.47503
-0.475024
-0.475017
-0.475011
-0.475004
-0.474998
-0.474992
-0.474985
-0.474979
-0.474972
-0.474966
-0.47496
-0.474953
-0.474947
-0.474941
-0.474934
-0.474928
-0.474922
-0.474915
-0.474909
-0.474903
-0.474897
-0.474891
-0.474885
-0.474879
-0.474873
-0.474867
-0.474861
-0.474855
-0.474849
-0.474843
-0.474838
-0.474832
-0.474826
-0.474821
-0.474815
-0.47481
-0.474805
-0.474799
-0.474794
-0.474789
-0.474784
-0.474779
-0.474774
-0.474769
-0.474764
-0.47476
-0.474755
-0.474751
-0.474746
-0.474742
-0.474737
-0.474733
-0.474729
-0.474725
-0.474721
-0.474717
-0.474714
-0.47471
-0.474707
-0.474703
-0.4747
-0.474697
-0.474693
-0.47469
-0.474687
-0.474685
-0.474682
-0.474679
-0.474677
-0.474674
-0.474672
-0.47467
-0.474668
-0.474666
-0.474664
-0.474662
-0.474661
-0.474659
-0.474658
-0.474657
-0.474656
-0.474654
-0.474654
-0.474653
-0.474652
-0.474652
-0.474651
-0.474651
-0.474651
-0.47465
-0.47465
-0.474651
-0.474651
-0.474651
-0.474652
-0.474652
-0.474653
-0.474654
-0.474655
-0.474656
-0.474657
-0.474658
-0.47466
-0.474661
-0.474663
-0.474665
-0.474667
-0.474669
-0.474671
-0.474673
-0.474675
-0.474678
-0.47468
-0.474683
-0.474685
-0.474688
-0.474691
-0.474694
-0.474697
-0.474701
-0.474704
-0.474708
-0.474711
-0.474715
-0.474719
-0.474722
-0.474726
-0.47473
-0.474734
-0.474739
-0.474743
-0.474747
-0.474752
-0.474756
-0.474761
-0.474766
-0.474771
-0.474775
-0.47478
-0.474785
-0.47479
-0.474796
-0.474801
-0.474806
-0.474811
-0.474817
-0.474822
-0.474828
-0.474834
-0.474839
-0.474845
-0.474851
-0.474857
-0.474862
-0.474868
-0.474874
-0.47488
-0.474886
-0.474892
-0.474898
-0.474905
-0.474911
-0.474917
-0.474923
-0.474929
-0.474936
-0.474942
-0.474948
-0.474955
-0.474961
-0.474967
-0.474974
-0.47498
-0.474987
-0.474993
-0.474999
-0.475006
-0.475012
-0.475019
-0.475025
-0.475031
-0.475038
-0.475044
-0.475051
-0.475057
-0.475063
-0.475069
-0.475076
-0.475082
-0.475088
-0.475094
-0.475101
-0.475107
-0.475113
-0.475119
-0.475125
-0.475131
-0.475137
-0.475143
-0.475148
-0.475154
-0.47516
-0.475166
-0.475171
-0.475177
-0.475182
-0.475188
-0.475193
-0.475198
-0.475204
-0.475209
-0.475214
-0.475219
-0.475224
-0.475229
-0.475234
-0.475238
-0.475243
-0.475247
-0.475252
-0.475256
-0.475261
-0.475265
-0.475269
-0.475273
-0.475277
-0.475281
-0.475285
-0.475288
-0.475292
-0.475295
-0.475299
-0.475302
-0.475305
-0.475308
-0.475311
-0.475314
-0.475317
-0.47532
-0.475322
-0.475325
-0.475327
-0.475329
-0.475331
-0.475333
-0.475335
-0.475337
-0.475339
-0.47534
-0.475342
-0.475343
-0.475344
-0.475345
-0.475346
-0.475347
-0.475348
-0.475349
-0.475349
-0.47535
-0.47535
-0.47535
-0.47535
-0.47535
-0.47535
-0.47535
-0.475349
-0.475349
-0.475348
-0.475347
-0.475346
-0.475345
-0.475344
-0.475343
-0.475342
-0.47534
-0.475339
-0.475337
-0.475335
-0.475333
-0.475331
-0.475329
-0.475327
-0.475324
-0.475322
-0.475319
-0.475317
-0.475314
-0.475311
-0.475308
-0.475305
-0.475302
-0.475298
-0.475295
-0.475292
-0.475288
-0.475284
-0.475281
-0.475277
-0.475273
-0.475269
-0.475264
-0.47526
-0.475256
-0.475251
-0.475247
-0.475242
-0.475238
-0.475233
-0.475228
-0.475223
-0.475218
-0.475213
-0.475208
-0.475203
-0.475198
-0.475192
-0.475187
-0.475182
-0.475176
-0.475171
-0.475165
-0.475159
-0.475154
-0.475148
-0.475142
-0.475136
-0.47513
-0.475124
-0.475118
-0.475112
-0.475106
-0.4751
-0.475094
-0.475088
-0.475082
-0.475075
-0.475069
-0.475063
-0.475056
-0.47505
-0.475044
-0.475037
-0.475031
-0.475025
-0.475018
-0.475012
-0.475006
-0.474999
-0.474993
-0.474986
-0.47498
-0.474974
-0.474967
-0.474961
-0.474955
-0.474948
-0.474942
-0.474936
-0.474929
-0.474923
-0.474917
-0.474911
-0.474905
-0.474898
-0.474892
-0.474886
-0.47488
-0.474874
-0.474868
-0.474863
-0.474857
-0.474851
-0.474845
-0.474839
-0.474834
-0.474828
-0.474823
-0.474817
-0.474812
-0.474806
-0.474801
-0.474796
-0.474791
-0.474786
-0.474781
-0.474776
-0.474771
-0.474766
-0.474762
-0.474757
-0.474752
-0.474748
-0.474744
-0.474739
-0.474735
-0.474731
-0.474727
-0.474723
-0.474719
-0.474716
-0.474712
-0.474708
-0.474705
-0.474702
-0.474698
-0.474695
-0.474692
-0.474689
-0.474686
-0.474684
-0.474681
-0.474679
-0.474676
-0.474674
-0.474672
-0.47467
-0.474668
-0.474666
-0.474664
-0.474662
-0.474661
-0.47466
-0.474658
-0.474657
-0.474656
-0.474655
-0.474654
-0.474654
-0.474653
-0.474653
-0.474652
-0.474652
-0.474652
-0.474652
-0.474652
-0.474652
-0.474652
-0.474653
-0.474653
-0.474654
-0.474655
-0.474656
-0.474657
-0.474658
-0.474659
-0.474661
-0.474662
-0.474664
-0.474666
-0.474667
-0.474669
-0.474671
-0.474674
-0.474676
-0.474678
-0.474681
-0.474683
-0.474686
-0.474689
-0.474692
-0.474695
-0.474698
-0.474701
-0.474704
-0.474708
-0.474711
-0.474715
-0.474719
-0.474722
-0.474726
-0.47473
-0.474734
-0.474738
-0.474743
-0.474747
-0.474751
-0.474756
-0.474761
-0.474765
-0.47477
-0.474775
-0.47478
-0.474785
-0.47479
-0.474795
-0.4748
-0.474805
-0.474811
-0.474816
-0.474821
-0.474827
-0.474832
-0.474838
-0.474844
-0.474849
-0.474855
-0.474861
-0.474867
-0.474873
-0.474879
-0.474885
-0.474891
-0.474897
-0.474903
-0.474909
-0.474915
-0.474921
-0.474928
-0.474934
-0.47494
-0.474946
-0.474953
-0.474959
-0.474965
-0.474972
-0.474978
-0.474984
-0.474991
-0.474997
-0.475003
-0.47501
-0.475016
-0.475022
-0.475029
-0.475035
-0.475041
-0.475048
-0.475054
-0.47506
-0.475067
-0.475073
-0.475079
-0.475085
-0.475091
-0.475097
-0.475104
-0.47511
-0.475116
-0.475122
-0.475128
-0.475133
-0.475139
-0.475145
-0.475151
-0.475156
-0.475162
-0.475168
-0.475173
-0.475179
-0.475184
-0.47519
-0.475195
-0.4752
-0.475205
-0.47521
-0.475215
-0.47522
-0.475225
-0.47523
-0.475235
-0.475239
-0.475244
-0.475248
-0.475253
-0.475257
-0.475261
-0.475265
-0.475269
-0.475273
-0.475277
-0.475281
-0.475285
-0.475288
-0.475292
-0.475295
-0.475298
-0.475302
-0.475305
-0.475308
-0.475311
-0.475313
-0.475316
-0.475319
-0.475321
-0.475323
-0.475326
-0.475328
-0.47533
-0.475332
-0.475333
-0.475335
-0.475337
-0.475338
-0.47534
-0.475341
-0.475342
-0.475343
-0.475344
-0.475345
-0.475345
-0.475346
-0.475346
-0.475347
-0.475347
-0.475347
-0.475347
-0.475347
-0.475346
-0.475346
-0.475345
-0.475345
-0.475344
-0.475343
-0.475342
-0.475341
-0.47534
-0.475339
-0.475337
-0.475336
-0.475334
-0.475332
-0.475331
-0.475329
-0.475327
-0.475324
-0.475322
-0.47532
-0.475317
-0.475314
-0.475312
-0.475309
-0.475306
-0.475303
-0.4753
-0.475297
-0.475293
-0.47529
-0.475286
-0.475283
-0.475279
-0.475275
-0.475271
-0.475267
-0.475263
-0.475259
-0.475255
-0.47525
-0.475246
-0.475241
-0.475237
-0.475232
-0.475227
-0.475223
-0.475218
-0.475213
-0.475208
-0.475203
-0.475197
-0.475192
-0.475187
-0.475181
-0.475176
-0.475171
-0.475165
-0.475159
-0.475154
-0.475148
-0.475142
-0.475136
-0.475131
-0.475125
-0.475119
-0.475113
-0.475107
-0.475101
-0.475095
-0.475089
-0.475082
-0.475076
-0.47507
-0.475064
-0.475058
-0.475051
-0.475045
-0.475039
-0.475033
-0.475026
-0.47502
-0.475014
-0.475007
-0.475001
-0.474995
-0.474988
-0.474982
-0.474976
-0.474969
-0.474963
-0.474957
-0.474951
-0.474944
-0.474938
-0.474932
-0.474926
-0.474919
-0.474913
-0.474907
-0.474901
-0.474895
-0.474889
-0.474883
-0.474877
-0.474871
-0.474866
-0.47486
-0.474854
-0.474848
-0.474843
-0.474837
-0.474831
-0.474826
-0.474821
-0.474815
-0.47481
-0.474805
-0.4748
-0.474794
-0.474789
-0.474784
-0.47478
-0.474775
-0.47477
-0.474765
-0.474761
-0.474756
-0.474752
-0.474747
-0.474743
-0.474739
-0.474735
-0.474731
-0.474727
-0.474723
-0.47472
-0.474716
-0.474712
-0.474709
-0.474706
-0.474702
-0.474699
-0.474696
-0.474693
-0.47469
-0.474688
-0.474685
-0.474683
-0.47468
-0.474678
-0.474676
-0.474674
-0.474672
-0.47467
-0.474668
-0.474666
-0.474665
-0.474663
-0.474662
-0.474661
-0.47466
-0.474659
-0.474658
-0.474657
-0.474657
-0.474656
-0.474656
-0.474656
-0.474655
-0.474655
-0.474655
-0.474656
-0.474656
-0.474656
-0.474657
-0.474658
-0.474658
-0.474659
-0.47466
-0.474661
-0.474663
-0.474664
-0.474665
-0.474667
-0.474669
-0.47467
-0.474672
-0.474674
-0.474676
-0.474679
-0.474681
-0.474683
-0.474686
-0.474688
-0.474691
-0.474694
-0.474697
-0.4747
-0.474703
-0.474706
-0.47471
-0.474713
-0.474717
-0.47472
-0.474724
-0.474728
-0.474732
-0.474736
-0.47474
-0.474744
-0.474748
-0.474753
-0.474757
-0.474762
-0.474766
-0.474771
-0.474776
-0.474781
-0.474785
-0.47479
-0.474795
-0.474801
-0.474806
-0.474811
-0.474816
-0.474822
-0.474827
-0.474833
-0.474838
-0.474844
-0.474849
-0.474855
-0.474861
-0.474866
-0.474872
-0.474878
-0.474884
-0.47489
-0.474896
-0.474902
-0.474908
-0.474914
-0.47492
-0.474926
-0.474933
-0.474939
-0.474945
-0.474951
-0.474957
-0.474964
-0.47497
-0.474976
-0.474982
-0.474989
-0.474989
-0.474989
-0.474989
-0.474989
-0.474989
-0.474989
-0.474989
-0.474989
-0.474989
-0.474989
-0.474989
-0.474989
-0.474989
-0.474989
-0.474989
-0.474989
-0.474989
-0.474989
-0.474989
-0.474989
-0.474989
-0.474989
-0.474989
-0.474989
-0.474989
-0.474989
-0.474989
-0.474989
-0.474989
-0.474989
-0.474989
-0.474989
-0.474989
-0.474989
-0.474989
-0.474989
-0.474989
-0.474989
-0.474989
-0.474989
-0.474989
-0.474989
-0.474989
-0.474989
-0.474989
-0.474989
-0.474989
-0.474989
-0.474989
-0.474989
-0.474989
-0.474989
-0.474989
-0.474989
-0.474989
-0.474989
-0.474989
-0.474989
-0.474989
-0.474989
-0.474989
-0.474989
-0.474989
-0.474989
-0.474989
-0.474989
-0.474989
-0.474989
-0.474989
-0.474989
-0.474989
-0.474989
-0.474989
-0.474989
-0.474989
-0.474989
-0.474989
-0.474989
-0.474989
-0.474989
-0.474989
-0.474989
-0.474989
-0.474989
-0.474989
-0.474989
-0.474989
-0.474989
-0.474989
-0.474989
-0.474989
-0.474989
-0.474989
-0.474989
-0.474989
-0.474989
-0.474989
-0.474989
-0.474989
-0.474989
-0.474989
-0.474989
-0.474989
-0.474989
-0.474989
-0.474989
-0.474989
-0.474989
-0.474989
-0.474989
-0.474989
-0.474989
-0.474989
-0.474989
-0.474989
-0.474989
-0.474989
-0.474989
-0.474989
-0.474989
-0.474989
-0.474989
-0.474989
-0.474989
-0.474989
-0.474989
-0.474989
-0.474989
-0.474989
-0.474989
-0.474989
-0.474989
-0.474989
-0.474989
-0.474989
-0.474989
-0.474989
-0.474989
-0.474989
-0.474989
-0.474989
-0.474989
-0.474989
-0.474989
-0.474989
-0.474989
-0.474989
-0.474989
-0.474989
-0.474989
-0.474989
-0.474989
-0.474989
-0.474989
-0.474989
-0.474989
-0.474989
-0.474989
-0.474989
-0.474989
-0.474989
-0.474989
-0.474989
-0.474989
-0.474989
-0.474989
-0.474989
-0.474989
-0.474989
-0.474989
-0.474989
-0.474989
