0.8122
0.8122
0.8122
0.81224
0.812279
0.812319
0.812358
0.812397
0.812437
0.812476
0.812515
0.812554
0.812593
0.812632
0.81267
0.812709
0.812747
0.812786
0.812824
0.812862
0.8129
0.812938
0.812976
0.813014
0.813052
0.813089
0.813126
0.813164
0.813201
0.813238
0.813274
0.813311
0.813347
0.813384
0.81342
0.813456
0.813492
0.813527
0.813563
0.813598
0.813634
0.813669
0.813703
0.813738
0.813772
0.813807
0.813841
0.813875
0.813908
0.813942
0.813975
0.814008
0.814041
0.814074
0.814106
0.814139
0.814171
0.814203
0.814234
0.814266
0.814297
0.814328
0.814359
0.814389
0.814419
0.814449
0.814479
0.814509
0.814538
0.814567
0.814596
0.814625
0.814653
0.814681
0.814709
0.814736
0.814764
0.814791
0.814818
0.814844
0.81487
0.814896
0.814922
0.814947
0.814973
0.814998
0.815022
0.815046
0.815071
0.815094
0.815118
0.815141
0.815164
0.815187
0.815209
0.815231
0.815253
0.815274
0.815295
0.815316
0.815337
0.815357
0.815377
0.815397
0.815416
0.815435
0.815454
0.815472
0.81549
0.815508
0.815526
0.815543
0.81556
0.815576
0.815592
0.815608
0.815624
0.815639
0.815654
0.815669
0.815683
0.815697
0.815711
0.815724
0.815737
0.81575
0.815762
0.815774
0.815786
0.815797
0.815808
0.815819
0.815829
0.815839
0.815849
0.815858
0.815867
0.815876
0.815884
0.815892
0.8159
0.815907
0.815914
0.815921
0.815927
0.815933
0.815938
0.815944
0.815949
0.815953
0.815958
0.815961
0.815965
0.815968
0.815971
0.815974
0.815976
0.815978
0.815979
0.815981
0.815981
0.815982
0.815982
0.815982
0.815981
0.815981
0.815979
0.815978
0.815976
0.815974
0.815971
0.815968
0.815965
0.815962
0.815958
0.815954
0.815949
0.815944
0.815939
0.815933
0.815927
0.815921
0.815915
0.815908
0.8159
0.815893
0.815885
0.815877
0.815868
0.815859
0.81585
0.815841
0.815831
0.815821
0.81581
0.8158
0.815788
0.815777
0.815765
0.815753
0.815741
0.815728
0.815715
0.815702
0.815688
0.815674
0.81566
0.815646
0.815631
0.815616
0.8156
0.815584
0.815568
0.815552
0.815535
0.815518
0.815501
0.815484
0.815466
0.815448
0.815429
0.815411
0.815392
0.815373
0.815353
0.815333
0.815313
0.815293
0.815272
0.815251
0.81523
0.815209
0.815187
0.815165
0.815143
0.815121
0.815098
0.815075
0.815052
0.815028
0.815004
0.81498
0.814956
0.814932
0.814907
0.814882
0.814857
0.814831
0.814806
0.81478
0.814754
0.814727
0.814701
0.814674
0.814647
0.81462
0.814592
0.814565
0.814537
0.814509
0.814481
0.814452
0.814423
0.814395
0.814366
0.814336
0.814307
0.814277
0.814247
0.814217
0.814187
0.814157
0.814126
0.814096
0.814065
0.814034
0.814003
0.813971
0.81394
0.813908
0.813876
0.813844
0.813812
0.81378
0.813747
0.813715
0.813682
0.813649
0.813616
0.813583
0.81355
0.813517
0.813483
0.81345
0.813416
0.813382
0.813348
0.813314
0.81328
0.813246
0.813212
0.813177
0.813143
0.813108
0.813073
0.813039
0.813004
0.812969
0.812934
0.812899
0.812864
0.812828
0.812793
0.812758
0.812723
0.812687
0.812652
0.812616
0.812581
0.812545
0.812509
0.812474
0.812438
0.812402
0.812366
0.812331
0.812295
0.812259
0.812223
0.812187
0.812151
0.812115
0.81208
0.812044
0.812008
0.811972
0.811936
0.8119
0.811864
0.811829
0.811793
0.811757
0.811721
0.811686
0.81165
0.811614
0.811579
0.811543
0.811508
0.811472
0.811437
0.811402
0.811366
0.811331
0.811296
0.811261
0.811226
0.811191
0.811156
0.811121
0.811087
0.811052
0.811017
0.810983
0.810949
0.810914
0.81088
0.810846
0.810812
0.810779
0.810745
0.810711
0.810678
0.810644
0.810611
0.810578
0.810545
0.810512
0.81048
0.810447
0.810415
0.810382
0.81035
0.810318
0.810286
0.810255
0.810223
0.810192
0.810161
0.81013
0.810099
0.810068
0.810038
0.810007
0.809977
0.809947
0.809917
0.809888
0.809858
0.809829
0.8098
0.809771
0.809742
0.809714
0.809686
0.809658
0.80963
0.809602
0.809575
0.809548
0.809521
0.809494
0.809468
0.809441
0.809415
0.80939
0.809364
0.809339
0.809314
0.809289
0.809264
0.80924
0.809216
0.809192
0.809168
0.809145
0.809122
0.809099
0.809076
0.809054
0.809032
0.80901
0.808989
0.808967
0.808946
0.808926
0.808905
0.808885
0.808865
0.808846
0.808827
0.808808
0.808789
0.80877
0.808752
0.808734
0.808717
0.8087
0.808683
0.808666
0.80865
0.808634
0.808618
0.808603
0.808587
0.808573
0.808558
0.808544
0.80853
0.808517
0.808503
0.80849
0.808478
0.808466
0.808454
0.808442
0.808431
0.80842
0.808409
0.808399
0.808389
0.808379
0.80837
0.808361
0.808352
0.808344
0.808336
0.808328
0.808321
0.808314
0.808308
0.808301
0.808295
0.80829
0.808285
0.80828
0.808275
0.808271
0.808267
0.808264
0.80826
0.808258
0.808255
0.808253
0.808251
0.80825
0.808249
0.808248
0.808248
0.808248
0.808248
0.808249
0.80825
0.808251
0.808253
0.808255
0.808258
0.808261
0.808264
0.808267
0.808271
0.808275
0.80828
0.808285
0.80829
0.808296
0.808302
0.808309
0.808315
0.808322
0.80833
0.808338
0.808346
0.808354
0.808363
0.808373
0.808382
0.808392
0.808402
0.808413
0.808424
0.808435
0.808447
0.808459
0.808472
0.808484
0.808497
0.808511
0.808525
0.808539
0.808553
0.808568
0.808583
0.808599
0.808615
0.808631
0.808647
0.808664
0.808681
0.808699
0.808717
0.808735
0.808754
0.808772
0.808792
0.808811
0.808831
0.808851
0.808872
0.808893
0.808914
0.808935
0.808957
0.808979
0.809002
0.809024
0.809047
0.809071
0.809094
0.809118
0.809143
0.809167
0.809192
0.809218
0.809243
0.809269
0.809295
0.809321
0.809348
0.809375
0.809402
0.80943
0.809458
0.809486
0.809514
0.809543
0.809572
0.809601
0.809631
0.809661
0.809691
0.809721
0.809752
0.809783
0.809814
0.809845
0.809877
0.809909
0.809941
0.809973
0.810006
0.810039
0.810072
0.810105
0.810139
0.810173
0.810207
0.810241
0.810275
0.81031
0.810345
0.81038
0.810416
0.810451
0.810487
0.810523
0.810559
0.810596
0.810632
0.810669
0.810706
0.810743
0.810781
0.810818
0.810856
0.810894
0.810932
0.81097
0.811009
0.811047
0.811086
0.811125
0.811164
0.811203
0.811242
0.811282
0.811321
0.811361
0.811401
0.811441
0.811481
0.811522
0.811562
0.811603
0.811643
0.811684
0.811725
0.811766
0.811807
0.811848
0.811889
0.811931
0.811972
0.812013
0.812055
0.812097
0.812138
0.81218
0.812222
0.812264
0.812306
0.812348
0.81239
0.812432
0.812474
0.812517
0.812559
0.812601
0.812643
0.812686
0.812728
0.81277
0.812813
0.812855
0.812897
0.81294
0.812982
0.813025
0.813067
0.813109
0.813151
0.813194
0.813236
0.813278
0.81332
0.813362
0.813405
0.813447
0.813489
0.81353
0.813572
0.813614
0.813656
0.813697
0.813739
0.81378
0.813822
0.813863
0.813904
0.813945
0.813986
0.814027
0.814068
0.814109
0.814149
0.81419
0.81423
0.81427
0.81431
0.81435
0.81439
0.814429
0.814469
0.814508
0.814547
0.814586
0.814625
0.814663
0.814702
0.81474
0.814778
0.814816
0.814853
0.814891
0.814928
0.814965
0.815001
0.815038
0.815074
0.81511
0.815146
0.815182
0.815217
0.815252
0.815287
0.815322
0.815356
0.81539
0.815424
0.815457
0.815491
0.815524
0.815556
0.815589
0.815621
0.815653
0.815684
0.815715
0.815746
0.815777
0.815807
0.815837
0.815866
0.815895
0.815924
0.815953
0.815981
0.816009
0.816036
0.816063
0.81609
0.816116
0.816142
0.816168
0.816193
0.816218
0.816242
0.816266
0.81629
0.816313
0.816336
0.816358
0.81638
0.816402
0.816423
0.816444
0.816464
0.816484
0.816503
0.816522
0.81654
0.816558
0.816576
0.816593
0.816609
0.816625
0.816641
0.816656
0.816671
0.816685
0.816699
0.816712
0.816724
0.816736
0.816748
0.816759
0.81677
0.81678
0.816789
0.816798
0.816807
0.816815
0.816822
0.816829
0.816835
0.816841
0.816846
0.81685
0.816854
0.816858
0.81686
0.816863
0.816864
0.816865
0.816866
0.816866
0.816865
0.816863
0.816861
0.816859
0.816856
0.816852
0.816847
0.816842
0.816836
0.81683
0.816823
0.816815
0.816807
0.816798
0.816788
0.816778
0.816767
0.816755
0.816743
0.81673
0.816717
0.816702
0.816687
0.816671
0.816655
0.816638
0.81662
0.816601
0.816582
0.816562
0.816542
0.81652
0.816498
0.816475
0.816452
0.816427
0.816402
0.816377
0.81635
0.816323
0.816295
0.816266
0.816236
0.816206
0.816175
0.816143
0.816111
0.816077
0.816043
0.816008
0.815972
0.815936
0.815899
0.81586
0.815822
0.815782
0.815741
0.8157
0.815658
0.815615
0.815571
0.815527
0.815481
0.815435
0.815388
0.81534
0.815292
0.815242
0.815192
0.815141
0.815089
0.815036
0.814982
0.814927
0.814872
0.814816
0.814759
0.814701
0.814642
0.814582
0.814521
0.81446
0.814397
0.814334
0.81427
0.814205
0.814139
0.814072
0.814005
0.813936
0.813867
0.813796
0.813725
0.813653
0.81358
0.813506
0.813431
0.813355
0.813279
0.813201
0.813122
0.813043
0.812963
0.812881
0.812799
0.812716
0.812632
0.812547
0.812461
0.812374
0.812286
0.812197
0.812108
0.812017
0.811925
0.811833
0.811739
0.811645
0.811549
0.811453
0.811356
0.811257
0.811158
0.811058
0.810957
0.810854
0.810751
0.810647
0.810542
0.810436
0.810329
0.810221
0.810112
0.810002
0.809891
0.809779
0.809666
0.809552
0.809437
0.809321
0.809205
0.809087
0.808968
0.808848
0.808727
0.808605
0.808482
0.808358
0.808234
0.808108
0.807981
0.807853
0.807724
0.807594
0.807463
0.807331
0.807198
0.807064
0.806929
0.806793
0.806656
0.806518
0.806379
0.806239
0.806098
0.805956
0.805813
0.805669
0.805524
0.805377
0.80523
0.805082
0.804932
0.804782
0.804631
0.804478
0.804325
0.80417
0.804015
0.803858
0.803701
0.803542
0.803382
0.803222
0.80306
0.802897
0.802733
0.802569
0.802403
0.802236
0.802068
0.801899
0.801729
0.801557
0.801385
0.801212
0.801038
0.800862
0.800686
0.800508
0.80033
0.80015
0.79997
0.799788
0.799606
0.799422
0.799237
0.799051
0.798864
0.798676
0.798487
0.798297
0.798106
0.797914
0.79772
0.797526
0.797331
0.797134
0.796937
0.796738
0.796539
0.796338
0.796136
0.795933
0.79573
0.795525
0.795319
0.795112
0.794904
0.794694
0.794484
0.794273
0.79406
0.793847
0.793633
0.793417
0.7932
0.792983
0.792764
0.792544
0.792323
0.792101
0.791878
0.791654
0.791429
0.791203
0.790975
0.790747
0.790518
0.790287
0.790056
0.789823
0.789589
0.789355
0.789119
0.788882
0.788644
0.788405
0.788165
0.787924
0.787681
0.787438
0.787194
0.786948
0.786702
0.786454
0.786206
0.785956
0.785705
0.785453
0.7852
0.784946
0.784691
0.784435
0.784178
0.78392
0.783661
0.7834
0.783139
0.782876
0.782613
0.782348
0.782082
0.781815
0.781547
0.781278
0.781008
0.780737
0.780465
0.780192
0.779918
0.779642
0.779366
0.779088
0.77881
0.77853
0.778249
0.777968
0.777685
0.777401
0.777116
0.77683
0.776543
0.776254
0.775965
0.775675
0.775383
0.775091
0.774797
0.774503
0.774207
0.77391
0.773612
0.773313
0.773013
0.772712
0.77241
0.772107
0.771803
0.771497
0.771191
0.770884
0.770575
0.770265
0.769955
0.769643
0.76933
0.769016
0.768701
0.768385
0.768068
0.76775
0.76743
0.76711
0.766789
0.766466
0.766143
0.765818
0.765492
0.765165
0.764838
0.764509
0.764179
0.763848
0.763515
0.763182
0.762848
0.762513
0.762176
0.761839
0.7615
0.76116
0.760819
0.760478
0.760135
0.759791
0.759446
0.759099
0.758752
0.758404
0.758055
0.757704
0.757353
0.757
0.756646
0.756291
0.755936
0.755579
0.755221
0.754862
0.754501
0.75414
0.753778
0.753414
0.75305
0.752684
0.752317
0.75195
0.751581
0.751211
0.75084
0.750468
0.750095
0.74972
0.749345
0.748968
0.748591
0.748212
0.747832
0.747452
0.74707
0.746687
0.746303
0.745917
0.745531
0.745144
0.744755
0.744366
0.743975
0.743583
0.74319
0.742796
0.742401
0.742005
0.741608
0.74121
0.74081
0.74041
0.740008
0.739605
0.739201
0.738796
0.73839
0.737983
0.737575
0.737165
0.736755
0.736343
0.735931
0.735517
0.735102
0.734686
0.734269
0.73385
0.733431
0.73301
0.732589
0.732166
0.731742
0.731317
0.730891
0.730464
0.730036
0.729606
0.729176
0.728744
0.728311
0.727877
0.727442
0.727006
0.726569
0.72613
0.725691
0.72525
0.724808
0.724365
0.723921
0.723476
0.72303
0.722582
0.722133
0.721684
0.721233
0.720781
0.720327
0.719873
0.719418
0.718961
0.718503
0.718044
0.717584
0.717123
0.716661
0.716197
0.715732
0.715267
0.7148
0.714332
0.713862
0.713392
0.71292
0.712448
0.711974
0.711499
0.711022
0.710545
0.710066
0.709587
0.709106
0.708624
0.70814
0.707656
0.70717
0.706684
0.706196
0.705707
0.705216
0.704725
0.704232
0.703739
0.703244
0.702747
0.70225
0.701752
0.701252
0.700751
0.700249
0.699746
0.699241
0.698736
0.698229
0.697721
0.697211
0.696701
0.696189
0.695677
0.695163
0.694647
0.694131
0.693613
0.693094
0.692574
0.692053
0.691531
0.691007
0.690482
0.689956
0.689429
0.6889
0.688371
0.68784
0.687308
0.686774
0.68624
0.685704
0.685167
0.684629
0.684089
0.683548
0.683006
0.682463
0.681919
0.681373
0.680826
0.680278
0.679729
0.679179
0.678627
0.678074
0.67752
0.676964
0.676407
0.675849
0.67529
0.67473
0.674168
0.673605
0.673041
0.672475
0.671909
0.671341
0.670772
0.670201
0.66963
0.669057
0.668482
0.667907
0.66733
0.666752
0.666173
0.665593
0.665011
0.664428
0.663844
0.663258
0.662671
0.662083
0.661494
0.660903
0.660312
0.659718
0.659124
0.658528
0.657931
0.657333
0.656734
0.656133
0.655531
0.654928
0.654323
0.653717
0.65311
0.652502
0.651892
0.651281
0.650669
0.650055
0.649441
0.648824
0.648207
0.647588
0.646969
0.646347
0.645725
0.645101
0.644476
0.64385
0.643222
0.642593
0.641963
0.641331
0.640698
0.640064
0.639429
0.638792
0.638154
0.637515
0.636874
0.636232
0.635589
0.634945
0.634299
0.633652
0.633004
0.632354
0.631703
0.631051
0.630398
0.629743
0.629087
0.628429
0.627771
0.627111
0.626449
0.625787
0.625123
0.624458
0.623791
0.623123
0.622454
0.621784
0.621112
0.620439
0.619765
0.61909
0.618413
0.617735
0.617055
0.616375
0.615693
0.615009
0.614325
0.613639
0.612952
0.612263
0.611573
0.610882
0.61019
0.609496
0.608801
0.608105
0.607407
0.606709
0.606009
0.605307
0.604604
0.6039
0.603195
0.602489
0.601781
0.601072
0.600361
0.59965
0.598937
0.598222
0.597507
0.59679
0.596072
0.595353
0.594632
0.59391
0.593187
0.592463
0.591737
0.59101
0.590282
0.589552
0.588821
0.588089
0.587356
0.586621
0.585885
0.585148
0.58441
0.58367
0.582929
0.582187
0.581444
0.580699
0.579953
0.579206
0.578457
0.577708
0.576957
0.576205
0.575451
0.574697
0.573941
0.573184
0.572425
0.571666
0.570905
0.570143
0.56938
0.568615
0.567849
0.567082
0.566314
0.565545
0.564774
0.564003
0.56323
0.562455
0.56168
0.560903
0.560125
0.559346
0.558566
0.557785
0.557002
0.556218
0.555433
0.554647
0.55386
0.553071
0.552282
0.551491
0.550699
0.549905
0.549111
0.548315
0.547519
0.546721
0.545922
0.545122
0.54432
0.543518
0.542714
0.541909
0.541104
0.540296
0.539488
0.538679
0.537869
0.537057
0.536244
0.535431
0.534616
0.5338
0.532983
0.532165
0.531345
0.530525
0.529703
0.528881
0.528057
0.527232
0.526407
0.52558
0.524752
0.523923
0.523093
0.522262
0.521429
0.520596
0.519762
0.518927
0.51809
0.517253
0.516414
0.515575
0.514734
0.513893
0.51305
0.512207
0.511362
0.510517
0.50967
0.508823
0.507974
0.507125
0.506274
0.505423
0.504571
0.503717
0.502863
0.502008
0.501151
0.500294
0.499436
0.498577
0.497717
0.496856
0.495994
0.495131
0.494268
0.493403
0.492538
0.491671
0.490804
0.489936
0.489067
0.488197
0.487326
0.486454
0.485581
0.484708
0.483834
0.482959
0.482083
0.481206
0.480328
0.47945
0.47857
0.47769
0.476809
0.475928
0.475045
0.474162
0.473278
0.472393
0.471507
0.470621
0.469733
0.468845
0.467957
0.467067
0.466177
0.465286
0.464394
0.463502
0.462609
0.461715
0.46082
0.459925
0.459029
0.458132
0.457235
0.456337
0.455438
0.454539
0.453639
0.452738
0.451837
0.450935
0.450032
0.449129
0.448225
0.447321
0.446415
0.44551
0.444603
0.443697
0.442789
0.441881
0.440972
0.440063
0.439153
0.438243
0.437332
0.436421
0.435509
0.434597
0.433684
0.43277
0.431856
0.430942
0.430027
0.429111
0.428195
0.427279
0.426362
0.425445
0.424527
0.423609
0.42269
0.421771
0.420851
0.419931
0.419011
0.41809
0.417169
0.416248
0.415326
0.414403
0.413481
0.412558
0.411634
0.410711
0.409786
0.408862
0.407937
0.407012
0.406087
0.405161
0.404235
0.403309
0.402383
0.401456
0.400529
0.399601
0.398674
0.397746
0.396818
0.39589
0.394961
0.394032
0.393104
0.392174
0.391245
0.390316
0.389386
0.388456
0.387526
0.386596
0.385666
0.384735
0.383805
0.382874
0.381943
0.381012
0.380081
0.37915
0.378219
0.377287
0.376356
0.375425
0.374493
0.373562
0.37263
0.371698
0.370767
0.369835
0.368903
0.367972
0.36704
0.366108
0.365177
0.364245
0.363314
0.362382
0.361451
0.360519
0.359588
0.358657
0.357725
0.356794
0.355863
0.354932
0.354002
0.353071
0.352141
0.35121
0.35028
0.34935
0.34842
0.34749
0.346561
0.345631
0.344702
0.343773
0.342844
0.341916
0.340987
0.340059
0.339131
0.338204
0.337276
0.336349
0.335422
0.334496
0.333569
0.332643
0.331718
0.330792
0.329867
0.328943
0.328018
0.327094
0.32617
0.325247
0.324324
0.323401
0.322479
0.321557
0.320636
0.319715
0.318794
0.317874
0.316954
0.316035
0.315116
0.314197
0.313279
0.312362
0.311445
0.310528
0.309612
0.308697
0.307781
0.306867
0.305953
0.305039
0.304126
0.303214
0.302302
0.30139
0.30048
0.299569
0.29866
0.297751
0.296842
0.295934
0.295027
0.29412
0.293214
0.292309
0.291404
0.2905
0.289597
0.288694
0.287792
0.286891
0.28599
0.28509
0.28419
0.283292
0.282394
0.281497
0.2806
0.279704
0.278809
0.277915
0.277022
0.276129
0.275237
0.274346
0.273456
0.272566
0.271677
0.270789
0.269902
0.269016
0.26813
0.267246
0.266362
0.265479
0.264597
0.263716
0.262835
0.261956
0.261077
0.260199
0.259323
0.258447
0.257572
0.256698
0.255825
0.254952
0.254081
0.253211
0.252341
0.251473
0.250606
0.249739
0.248874
0.248009
0.247146
0.246283
0.245422
0.244562
0.243702
0.242844
0.241986
0.24113
0.240275
0.239421
0.238568
0.237715
0.236864
0.236015
0.235166
0.234318
0.233471
0.232626
0.231781
0.230938
0.230096
0.229255
0.228415
0.227576
0.226739
0.225902
0.225067
0.224233
0.2234
0.222568
0.221738
0.220908
0.22008
0.219253
0.218427
0.217603
0.216779
0.215957
0.215136
0.214317
0.213498
0.212681
0.211865
0.211051
0.210237
0.209425
0.208615
0.207805
0.206997
0.20619
0.205384
0.20458
0.203777
0.202975
0.202175
0.201376
0.200578
0.199782
0.198987
0.198193
0.197401
0.19661
0.19582
0.195032
0.194245
0.19346
0.192675
0.191893
0.191111
0.190332
0.189553
0.188776
0.188
0.187226
0.186453
0.185682
0.184912
0.184143
0.183376
0.18261
0.181846
0.181083
0.180322
0.179562
0.178804
0.178047
0.177292
0.176538
0.175785
0.175034
0.174285
0.173537
0.172791
0.172046
0.171302
0.17056
0.16982
0.169081
0.168344
0.167608
0.166874
0.166141
0.16541
0.16468
0.163952
0.163226
0.162501
0.161777
0.161056
0.160335
0.159617
0.1589
0.158184
0.15747
0.156758
0.156047
0.155338
0.15463
0.153925
0.15322
0.152518
0.151816
0.151117
0.150419
0.149723
0.149028
0.148335
0.147644
0.146954
0.146266
0.14558
0.144895
0.144212
0.143531
0.142851
0.142173
0.141496
0.140822
0.140149
0.139477
0.138807
0.138139
0.137473
0.136808
0.136145
0.135484
0.134824
0.134166
0.13351
0.132855
0.132202
0.131551
0.130902
0.130254
0.129608
0.128964
0.128321
0.12768
0.127041
0.126404
0.125768
0.125134
0.124502
0.123871
0.123243
0.122616
0.12199
0.121367
0.120745
0.120125
0.119507
0.11889
0.118275
0.117662
0.117051
0.116441
0.115833
0.115227
0.114623
0.114021
0.11342
0.112821
0.112224
0.111628
0.111035
0.110443
0.109853
0.109264
0.108678
0.108093
0.10751
0.106929
0.10635
0.105772
0.105196
0.104622
0.10405
0.10348
0.102911
0.102344
0.101779
0.101216
0.100654
0.100095
0.0995368
0.0989807
0.0984265
0.097874
0.0973234
0.0967745
0.0962275
0.0956823
0.0951389
0.0945973
0.0940575
0.0935195
0.0929834
0.092449
0.0919165
0.0913858
0.0908569
0.0903298
0.0898046
0.0892811
0.0887595
0.0882397
0.0877217
0.0872056
0.0866913
0.0861787
0.0856681
0.0851592
0.0846521
0.0841469
0.0836435
0.083142
0.0826422
0.0821443
0.0816482
0.081154
0.0806616
0.080171
0.0796822
0.0791952
0.0787101
0.0782268
0.0777454
0.0772658
0.076788
0.076312
0.0758379
0.0753655
0.0748951
0.0744264
0.0739596
0.0734946
0.0730315
0.0725701
0.0721106
0.071653
0.0711972
0.0707431
0.070291
0.0698406
0.0693921
0.0689454
0.0685006
0.0680576
0.0676164
0.067177
0.0667395
0.0663038
0.0658699
0.0654378
0.0650076
0.0645792
0.0641527
0.0637279
0.063305
0.0628839
0.0624646
0.0620472
0.0616316
0.0612178
0.0608058
0.0603957
0.0599874
0.0595809
0.0591762
0.0587734
0.0583723
0.0579731
0.0575757
0.0571802
0.0567864
0.0563945
0.0560044
0.0556161
0.0552296
0.0548449
0.0544621
0.054081
0.0537018
0.0533244
0.0529488
0.052575
0.052203
0.0518328
0.0514644
0.0510979
0.0507331
0.0503702
0.050009
0.0496497
0.0492922
0.0489364
0.0485825
0.0482304
0.04788
0.0475315
0.0471848
0.0468398
0.0464967
0.0461553
0.0458158
0.045478
0.045142
0.0448079
0.0444755
0.0441449
0.043816
0.043489
0.0431638
0.0428403
0.0425186
0.0421987
0.0418806
0.0415643
0.0412497
0.0409369
0.0406259
0.0403167
0.0400092
0.0397035
0.0393996
0.0390974
0.038797
0.0384984
0.0382016
0.0379065
0.0376131
0.0373216
0.0370318
0.0367437
0.0364574
0.0361729
0.0358901
0.0356091
0.0353298
0.0350523
0.0347765
0.0345024
0.0342302
0.0339596
0.0336908
0.0334238
0.0331584
0.0328949
0.032633
0.0323729
0.0321145
0.0318579
0.031603
0.0313498
0.0310983
0.0308486
0.0306006
0.0303543
0.0301098
0.0298669
0.0296258
0.0293864
0.0291487
0.0289127
0.0286785
0.0284459
0.028215
0.0279859
0.0277585
0.0275327
0.0273087
0.0270864
0.0268657
0.0266468
0.0264295
0.026214
0.0260001
0.0257879
0.0255774
0.0253686
0.0251615
0.0249561
0.0247523
0.0245503
0.0243499
0.0241511
0.0239541
0.0237587
0.023565
0.0233729
0.0231825
0.0229938
0.0228068
0.0226214
0.0224376
0.0222555
0.0220751
0.0218963
0.0217192
0.0215437
0.0213699
0.0211977
0.0210271
0.0208582
0.020691
0.0205253
0.0203613
0.020199
0.0200382
0.0198791
0.0197216
0.0195658
0.0194115
0.0192589
0.0191079
0.0189585
0.0188107
0.0186646
0.01852
0.0183771
0.0182357
0.018096
0.0179578
0.0178213
0.0176864
0.017553
0.0174213
0.0172911
0.0171625
0.0170355
0.0169101
0.0167863
0.016664
0.0165433
0.0164242
0.0163067
0.0161908
0.0160764
0.0159635
0.0158523
0.0157426
0.0156344
0.0155278
0.0154228
0.0153193
0.0152174
0.015117
0.0150182
0.0149209
0.0148251
0.0147309
0.0146382
0.014547
0.0144574
0.0143693
0.0142827
0.0141977
0.0141141
0.0140321
0.0139516
0.0138726
0.0137952
0.0137192
0.0136447
0.0135718
0.0135003
0.0134303
0.0133619
0.0132949
0.0132294
0.0131654
0.0131029
0.0130419
0.0129823
0.0129243
0.0128677
0.0128126
0.0127589
0.0127067
0.012656
0.0126067
0.0125589
0.0125126
0.0124677
0.0124242
0.0123822
0.0123417
0.0123026
0.0122649
0.0122287
0.0121939
0.0121605
0.0121286
0.0120981
0.012069
0.0120413
0.0120151
0.0119903
0.0119669
0.0119448
0.0119242
0.011905
0.0118872
0.0118708
0.0118558
0.0118422
0.01183
0.0118191
0.0118097
0.0118016
0.0117949
0.0117896
0.0117856
0.011783
0.0117818
0.011782
0.0117834
0.0117863
0.0117905
0.0117961
0.011803
0.0118112
0.0118208
0.0118317
0.011844
0.0118576
0.0118725
0.0118888
0.0119063
0.0119252
0.0119454
0.0119669
0.0119898
0.0120139
0.0120393
0.0120661
0.0120941
0.0121234
0.012154
0.0121859
0.0122191
0.0122536
0.0122893
0.0123263
0.0123646
0.0124041
0.0124449
0.012487
0.0125303
0.0125749
0.0126207
0.0126678
0.0127161
0.0127657
0.0128165
0.0128685
0.0129217
0.0129762
0.0130319
0.0130888
0.013147
0.0132063
0.0132669
0.0133286
0.0133916
0.0134557
0.013521
0.0135876
0.0136553
0.0137242
0.0137943
0.0138655
0.0139379
0.0140115
0.0140863
0.0141622
0.0142393
0.0143175
0.0143969
0.0144774
0.014559
0.0146418
0.0147258
0.0148108
0.014897
0.0149843
0.0150727
0.0151623
0.0152529
0.0153447
0.0154375
0.0155315
0.0156265
0.0157227
0.0158199
0.0159182
0.0160176
0.0161181
0.0162196
0.0163222
0.0164259
0.0165306
0.0166364
0.0167432
0.0168511
0.01696
0.0170699
0.0171809
0.017293
0.017406
0.0175201
0.0176351
0.0177512
0.0178683
0.0179865
0.0181056
0.0182257
0.0183468
0.0184689
0.0185919
0.018716
0.018841
0.018967
0.0190939
0.0192219
0.0193507
0.0194806
0.0196114
0.0197431
0.0198757
0.0200093
0.0201439
0.0202793
0.0204157
0.020553
0.0206912
0.0208303
0.0209704
0.0211113
0.0212531
0.0213958
0.0215394
0.0216839
0.0218293
0.0219755
0.0221226
0.0222705
0.0224194
0.022569
0.0227196
0.0228709
0.0230231
0.0231762
0.02333
0.0234847
0.0236403
0.0237966
0.0239538
0.0241117
0.0242705
0.02443
0.0245904
0.0247515
0.0249134
0.0250761
0.0252396
0.0254039
0.0255689
0.0257346
0.0259012
0.0260684
0.0262365
0.0264052
0.0265747
0.0267449
0.0269159
0.0270876
0.02726
0.027433
0.0276069
0.0277814
0.0279566
0.0281324
0.028309
0.0284863
0.0286642
0.0288428
0.0290221
0.029202
0.0293826
0.0295638
0.0297457
0.0299283
0.0301114
0.0302952
0.0304796
0.0306647
0.0308503
0.0310366
0.0312235
0.0314109
0.031599
0.0317877
0.0319769
0.0321667
0.0323571
0.0325481
0.0327396
0.0329317
0.0331244
0.0333175
0.0335113
0.0337056
0.0339004
0.0340957
0.0342916
0.0344879
0.0346848
0.0348822
0.0350801
0.0352785
0.0354774
0.0356768
0.0358767
0.036077
0.0362778
0.0364791
0.0366808
0.036883
0.0370857
0.0372887
0.0374923
0.0376962
0.0379006
0.0381054
0.0383107
0.0385163
0.0387224
0.0389288
0.0391357
0.0393429
0.0395506
0.0397586
0.039967
0.0401757
0.0403849
0.0405944
0.0408042
0.0410144
0.0412249
0.0414358
0.041647
0.0418586
0.0420704
0.0422826
0.0424951
0.0427079
0.0429211
0.0431345
0.0433482
0.0435622
0.0437764
0.043991
0.0442058
0.0444209
0.0446362
0.0448518
0.0450677
0.0452838
0.0455001
0.0457167
0.0459335
0.0461505
0.0463677
0.0465852
0.0468029
0.0470207
0.0472388
0.0474571
0.0476755
0.0478941
0.0481129
0.0483319
0.0485511
0.0487704
0.0489898
0.0492094
0.0494292
0.0496491
0.0498691
0.0500893
0.0503096
0.05053
0.0507505
0.0509712
0.0511919
0.0514128
0.0516337
0.0518547
0.0520758
0.052297
0.0525183
0.0527396
0.052961
0.0531825
0.053404
0.0536256
0.0538472
0.0540688
0.0542905
0.0545122
0.0547339
0.0549557
0.0551775
0.0553992
0.055621
0.0558428
0.0560646
0.0562864
0.0565081
0.0567298
0.0569516
0.0571732
0.0573949
0.0576165
0.0578381
0.0580596
0.058281
0.0585024
0.0587238
0.058945
0.0591662
0.0593874
0.0596084
0.0598294
0.0600502
0.060271
0.0604917
0.0607122
0.0609327
0.061153
0.0613732
0.0615933
0.0618133
0.0620331
0.0622528
0.0624724
0.0626918
0.062911
0.0631302
0.0633491
0.0635679
0.0637865
0.0640049
0.0642232
0.0644413
0.0646592
0.0648769
0.0650944
0.0653117
0.0655288
0.0657458
0.0659625
0.0661789
0.0663952
0.0666112
0.066827
0.0670426
0.067258
0.0674731
0.0676879
0.0679025
0.0681169
0.068331
0.0685449
0.0687584
0.0689717
0.0691848
0.0693976
0.06961
0.0698222
0.0700342
0.0702458
0.0704571
0.0706682
0.0708789
0.0710893
0.0712994
0.0715092
0.0717187
0.0719279
0.0721367
0.0723452
0.0725534
0.0727613
0.0729688
0.0731759
0.0733828
0.0735892
0.0737954
0.0740011
0.0742065
0.0744116
0.0746163
0.0748206
0.0750245
0.0752281
0.0754313
0.0756341
0.0758365
0.0760386
0.0762402
0.0764415
0.0766423
0.0768428
0.0770428
0.0772425
0.0774417
0.0776406
0.077839
0.078037
0.0782346
0.0784317
0.0786285
0.0788248
0.0790206
0.0792161
0.0794111
0.0796056
0.0797998
0.0799935
0.0801867
0.0803795
0.0805718
0.0807637
0.0809551
0.0811461
0.0813366
0.0815266
0.0817162
0.0819053
0.0820939
0.0822821
0.0824698
0.082657
0.0828437
0.08303
0.0832157
0.083401
0.0835858
0.0837701
0.0839539
0.0841373
0.0843201
0.0845024
0.0846843
0.0848656
0.0850464
0.0852267
0.0854066
0.0855859
0.0857647
0.085943
0.0861208
0.086298
0.0864748
0.086651
0.0868267
0.0870019
0.0871766
0.0873508
0.0875244
0.0876975
0.0878701
0.0880421
0.0882136
0.0883846
0.0885551
0.088725
0.0888944
0.0890633
0.0892316
0.0893994
0.0895666
0.0897333
0.0898995
0.0900651
0.0902302
0.0903948
0.0905588
0.0907222
0.0908851
0.0910475
0.0912093
0.0913706
0.0915314
0.0916915
0.0918512
0.0920103
0.0921688
0.0923268
0.0924842
0.0926411
0.0927975
0.0929532
0.0931085
0.0932632
0.0934173
0.0935709
0.0937239
0.0938764
0.0940283
0.0941797
0.0943305
0.0944808
0.0946305
0.0947796
0.0949283
0.0950763
0.0952238
0.0953708
0.0955172
0.095663
0.0958083
0.0959531
0.0960973
0.0962409
0.096384
0.0965265
0.0966685
0.09681
0.0969509
0.0970912
0.097231
0.0973703
0.097509
0.0976472
0.0977848
0.0979219
0.0980584
0.0981944
0.0983299
0.0984648
0.0985991
0.098733
0.0988663
0.098999
0.0991312
0.0992629
0.0993941
0.0995247
0.0996548
0.0997843
0.0999133
0.100042
0.10017
0.100297
0.100424
0.100551
0.100676
0.100802
0.100927
0.101051
0.101175
0.101298
0.101421
0.101543
0.101665
0.101786
0.101907
0.102027
0.102147
0.102266
0.102384
0.102503
0.10262
0.102738
0.102854
0.10297
0.103086
0.103201
0.103316
0.10343
0.103544
0.103657
0.10377
0.103883
0.103994
0.104106
0.104217
0.104327
0.104437
0.104547
0.104656
0.104764
0.104872
0.10498
0.105087
0.105194
0.1053
0.105406
0.105512
0.105617
0.105721
0.105825
0.105929
0.106032
0.106135
0.106237
0.106339
0.106441
0.106542
0.106642
0.106743
0.106842
0.106942
0.107041
0.107139
0.107238
0.107335
0.107433
0.10753
0.107626
0.107723
0.107818
0.107914
0.108009
0.108104
0.108198
0.108292
0.108385
0.108478
0.108571
0.108664
0.108756
0.108848
0.108939
0.10903
0.109121
0.109211
0.109301
0.109391
0.10948
0.109569
0.109658
0.109746
0.109834
0.109922
0.110009
0.110096
0.110183
0.110269
0.110355
0.110441
0.110527
0.110612
0.110697
0.110781
0.110866
0.11095
0.111034
0.111117
0.1112
0.111283
0.111366
0.111449
0.111531
0.111613
0.111694
0.111776
0.111857
0.111938
0.112018
0.112099
0.112179
0.112259
0.112339
0.112418
0.112498
0.112577
0.112655
0.112734
0.112813
0.112891
0.112969
0.113047
0.113124
0.113202
0.113279
0.113356
0.113433
0.11351
0.113586
0.113663
0.113739
0.113815
0.113891
0.113966
0.114042
0.114117
0.114193
0.114268
0.114343
0.114417
0.114492
0.114567
0.114641
0.114715
0.11479
0.114864
0.114938
0.115011
0.115085
0.115159
0.115232
0.115306
0.115379
0.115452
0.115526
0.115599
0.115672
0.115745
0.115817
0.11589
0.115963
0.116036
0.116108
0.116181
0.116253
0.116326
0.116398
0.11647
0.116543
0.116615
0.116687
0.116759
0.116831
0.116903
0.116976
0.117048
0.11712
0.117192
0.117264
0.117336
0.117408
0.11748
0.117552
0.117624
0.117696
0.117768
0.11784
0.117913
0.117985
0.118057
0.118129
0.118201
0.118274
0.118346
0.118418
0.118491
0.118563
0.118636
0.118708
0.118781
0.118854
0.118926
0.118999
0.119072
0.119145
0.119218
0.119291
0.119364
0.119437
0.119511
0.119584
0.119658
0.119731
0.119805
0.119879
0.119953
0.120027
0.120101
0.120175
0.12025
0.120324
0.120399
0.120474
0.120548
0.120623
0.120699
0.120774
0.120849
0.120925
0.121001
0.121076
0.121152
0.121228
0.121305
0.121381
0.121458
0.121535
0.121611
0.121689
0.121766
0.121843
0.121921
0.121999
0.122076
0.122155
0.122233
0.122311
0.12239
0.122469
0.122548
0.122627
0.122707
0.122786
0.122866
0.122946
0.123026
0.123107
0.123188
0.123268
0.12335
0.123431
0.123512
0.123594
0.123676
0.123758
0.123841
0.123923
0.124006
0.124089
0.124173
0.124256
0.12434
0.124424
0.124508
0.124593
0.124678
0.124763
0.124848
0.124934
0.125019
0.125105
0.125192
0.125278
0.125365
0.125452
0.12554
0.125627
0.125715
0.125803
0.125892
0.12598
0.126069
0.126158
0.126248
0.126338
0.126428
0.126518
0.126609
0.126699
0.126791
0.126882
0.126974
0.127066
0.127158
0.127251
0.127344
0.127437
0.12753
0.127624
0.127718
0.127813
0.127907
0.128002
0.128097
0.128193
0.128289
0.128385
0.128482
0.128578
0.128676
0.128773
0.128871
0.128969
0.129067
0.129166
0.129265
0.129364
0.129464
0.129563
0.129664
0.129764
0.129865
0.129966
0.130068
0.13017
0.130272
0.130374
0.130477
0.13058
0.130684
0.130787
0.130891
0.130996
0.131101
0.131206
0.131311
0.131417
0.131523
0.131629
0.131736
0.131843
0.13195
0.132058
0.132166
0.132274
0.132383
0.132492
0.132601
0.132711
0.132821
0.132932
0.133042
0.133153
0.133265
0.133376
0.133488
0.133601
0.133714
0.133827
0.13394
0.134054
0.134168
0.134282
0.134397
0.134512
0.134627
0.134743
0.134859
0.134976
0.135092
0.13521
0.135327
0.135445
0.135563
0.135681
0.1358
0.135919
0.136039
0.136159
0.136279
0.136399
0.13652
0.136641
0.136763
0.136885
0.137007
0.137129
0.137252
0.137376
0.137499
0.137623
0.137747
0.137872
0.137997
0.138122
0.138247
0.138373
0.1385
0.138626
0.138753
0.13888
0.139008
0.139136
0.139264
0.139393
0.139522
0.139651
0.13978
0.13991
0.140041
0.140171
0.140302
0.140434
0.140565
0.140697
0.140829
0.140962
0.141095
0.141228
0.141362
0.141496
0.14163
0.141765
0.141899
0.142035
0.14217
0.142306
0.142442
0.142579
0.142716
0.142853
0.142991
0.143129
0.143267
0.143405
0.143544
0.143683
0.143823
0.143963
0.144103
0.144243
0.144384
0.144525
0.144667
0.144809
0.144951
0.145093
0.145236
0.145379
0.145522
0.145666
0.14581
0.145955
0.146099
0.146244
0.14639
0.146535
0.146681
0.146827
0.146974
0.147121
0.147268
0.147416
0.147564
0.147712
0.14786
0.148009
0.148158
0.148308
0.148458
0.148608
0.148758
0.148909
0.14906
0.149211
0.149363
0.149515
0.149667
0.14982
0.149973
0.150126
0.15028
0.150434
0.150588
0.150742
0.150897
0.151052
0.151208
0.151364
0.15152
0.151676
0.151833
0.15199
0.152147
0.152305
0.152463
0.152621
0.15278
0.152939
0.153098
0.153257
0.153417
0.153577
0.153738
0.153899
0.15406
0.154221
0.154383
0.154545
0.154708
0.15487
0.155033
0.155197
0.15536
0.155524
0.155689
0.155853
0.156018
0.156183
0.156349
0.156515
0.156681
0.156847
0.157014
0.157181
0.157349
0.157517
0.157685
0.157853
0.158022
0.158191
0.15836
0.15853
0.1587
0.158871
0.159041
0.159212
0.159384
0.159555
0.159727
0.1599
0.160073
0.160246
0.160419
0.160593
0.160767
0.160941
0.161116
0.161291
0.161466
0.161642
0.161818
0.161994
0.162171
0.162348
0.162525
0.162703
0.162881
0.163059
0.163238
0.163417
0.163597
0.163776
0.163956
0.164137
0.164318
0.164499
0.164681
0.164862
0.165045
0.165227
0.16541
0.165594
0.165777
0.165962
0.166146
0.166331
0.166516
0.166701
0.166887
0.167074
0.16726
0.167447
0.167635
0.167823
0.168011
0.168199
0.168388
0.168577
0.168767
0.168957
0.169148
0.169339
0.16953
0.169722
0.169914
0.170106
0.170299
0.170492
0.170686
0.17088
0.171074
0.171269
0.171464
0.17166
0.171856
0.172053
0.17225
0.172447
0.172645
0.172843
0.173042
0.173241
0.17344
0.17364
0.173841
0.174042
0.174243
0.174445
0.174647
0.174849
0.175052
0.175256
0.17546
0.175664
0.175869
0.176074
0.17628
0.176486
0.176693
0.1769
0.177108
0.177316
0.177525
0.177734
0.177944
0.178154
0.178364
0.178575
0.178787
0.178999
0.179212
0.179425
0.179638
0.179852
0.180067
0.180282
0.180498
0.180714
0.180931
0.181148
0.181365
0.181584
0.181803
0.182022
0.182242
0.182462
0.182683
0.182905
0.183127
0.183349
0.183573
0.183796
0.184021
0.184246
0.184471
0.184697
0.184924
0.185151
0.185379
0.185607
0.185836
0.186066
0.186296
0.186526
0.186758
0.18699
0.187222
0.187456
0.187689
0.187924
0.188159
0.188395
0.188631
0.188868
0.189105
0.189344
0.189583
0.189822
0.190062
0.190303
0.190545
0.190787
0.19103
0.191273
0.191517
0.191762
0.192008
0.192254
0.192501
0.192748
0.192997
0.193246
0.193495
0.193746
0.193997
0.194249
0.194501
0.194755
0.195009
0.195263
0.195519
0.195775
0.196032
0.19629
0.196548
0.196807
0.197067
0.197328
0.197589
0.197852
0.198115
0.198378
0.198643
0.198908
0.199174
0.199441
0.199709
0.199977
0.200247
0.200517
0.200788
0.20106
0.201332
0.201605
0.20188
0.202155
0.202431
0.202707
0.202985
0.203263
0.203542
0.203822
0.204103
0.204385
0.204668
0.204951
0.205236
0.205521
0.205807
0.206094
0.206382
0.206671
0.206961
0.207251
0.207543
0.207835
0.208129
0.208423
0.208718
0.209014
0.209311
0.209609
0.209908
0.210208
0.210508
0.21081
0.211113
0.211416
0.211721
0.212026
0.212333
0.21264
0.212949
0.213258
0.213568
0.21388
0.214192
0.214505
0.214819
0.215135
0.215451
0.215768
0.216087
0.216406
0.216726
0.217048
0.21737
0.217693
0.218018
0.218343
0.21867
0.218997
0.219326
0.219656
0.219986
0.220318
0.220651
0.220985
0.22132
0.221656
0.221993
0.222331
0.22267
0.22301
0.223352
0.223694
0.224038
0.224382
0.224728
0.225075
0.225423
0.225772
0.226122
0.226473
0.226826
0.227179
0.227534
0.22789
0.228246
0.228604
0.228964
0.229324
0.229685
0.230048
0.230412
0.230776
0.231143
0.23151
0.231878
0.232248
0.232618
0.23299
0.233363
0.233737
0.234112
0.234489
0.234867
0.235246
0.235626
0.236007
0.236389
0.236773
0.237158
0.237544
0.237931
0.238319
0.238709
0.2391
0.239492
0.239885
0.24028
0.240675
0.241072
0.24147
0.24187
0.24227
0.242672
0.243075
0.243479
0.243885
0.244291
0.244699
0.245108
0.245519
0.24593
0.246343
0.246757
0.247173
0.247589
0.248007
0.248426
0.248847
0.249268
0.249691
0.250115
0.250541
0.250967
0.251395
0.251824
0.252255
0.252686
0.253119
0.253553
0.253989
0.254426
0.254864
0.255303
0.255743
0.256185
0.256628
0.257073
0.257518
0.257965
0.258413
0.258863
0.259313
0.259765
0.260218
0.260673
0.261129
0.261586
0.262044
0.262504
0.262965
0.263427
0.26389
0.264355
0.264821
0.265288
0.265757
0.266227
0.266698
0.26717
0.267644
0.268119
0.268595
0.269073
0.269551
0.270031
0.270513
0.270995
0.271479
0.271964
0.272451
0.272938
0.273427
0.273918
0.274409
0.274902
0.275396
0.275891
0.276388
0.276885
0.277384
0.277885
0.278386
0.278889
0.279393
0.279899
0.280405
0.280913
0.281422
0.281933
0.282444
0.282957
0.283471
0.283987
0.284503
0.285021
0.28554
0.28606
0.286582
0.287104
0.287628
0.288154
0.28868
0.289208
0.289737
0.290267
0.290798
0.291331
0.291864
0.292399
0.292935
0.293473
0.294011
0.294551
0.295092
0.295634
0.296177
0.296722
0.297267
0.297814
0.298362
0.298911
0.299462
0.300013
0.300566
0.30112
0.301675
0.302231
0.302788
0.303347
0.303906
0.304467
0.305029
0.305592
0.306156
0.306721
0.307288
0.307855
0.308424
0.308994
0.309564
0.310136
0.310709
0.311283
0.311859
0.312435
0.313012
0.313591
0.31417
0.314751
0.315332
0.315915
0.316499
0.317083
0.317669
0.318256
0.318844
0.319433
0.320023
0.320614
0.321206
0.321799
0.322393
0.322988
0.323584
0.324181
0.324778
0.325377
0.325977
0.326578
0.32718
0.327783
0.328386
0.328991
0.329597
0.330203
0.330811
0.331419
0.332028
0.332639
0.33325
0.333862
0.334475
0.335088
0.335703
0.336318
0.336935
0.337552
0.33817
0.338789
0.339409
0.34003
0.340651
0.341273
0.341897
0.342521
0.343145
0.343771
0.344397
0.345024
0.345652
0.346281
0.34691
0.34754
0.348171
0.348803
0.349435
0.350069
0.350702
0.351337
0.351972
0.352608
0.353245
0.353882
0.35452
0.355159
0.355798
0.356439
0.357079
0.357721
0.358363
0.359005
0.359648
0.360292
0.360937
0.361582
0.362227
0.362874
0.36352
0.364168
0.364816
0.365464
0.366113
0.366763
0.367413
0.368063
0.368715
0.369366
0.370018
0.370671
0.371324
0.371978
0.372632
0.373286
0.373941
0.374597
0.375252
0.375909
0.376565
0.377222
0.37788
0.378538
0.379196
0.379855
0.380514
0.381173
0.381833
0.382493
0.383153
0.383814
0.384475
0.385136
0.385798
0.38646
0.387122
0.387785
0.388447
0.38911
0.389774
0.390437
0.391101
0.391765
0.392429
0.393093
0.393758
0.394423
0.395088
0.395753
0.396418
0.397083
0.397749
0.398415
0.39908
0.399746
0.400412
0.401079
0.401745
0.402411
0.403078
0.403744
0.404411
0.405077
0.405744
0.40641
0.407077
0.407744
0.40841
0.409077
0.409743
0.41041
0.411077
0.411743
0.41241
0.413076
0.413742
0.414409
0.415075
0.415741
0.416407
0.417073
0.417738
0.418404
0.419069
0.419735
0.4204
0.421065
0.42173
0.422394
0.423059
0.423723
0.424387
0.425051
0.425714
0.426377
0.42704
0.427703
0.428366
0.429028
0.42969
0.430351
0.431013
0.431674
0.432334
0.432995
0.433655
0.434315
0.434974
0.435633
0.436291
0.43695
0.437607
0.438265
0.438922
0.439578
0.440234
0.44089
0.441545
0.4422
0.442854
0.443508
0.444162
0.444814
0.445467
0.446119
0.44677
0.447421
0.448071
0.448721
0.44937
0.450019
0.450667
0.451314
0.451961
0.452607
0.453253
0.453898
0.454543
0.455186
0.45583
0.456472
0.457114
0.457755
0.458396
0.459036
0.459675
0.460313
0.460951
0.461588
0.462225
0.46286
0.463495
0.464129
0.464763
0.465395
0.466027
0.466658
0.467289
0.467918
0.468547
0.469175
0.469802
0.470428
0.471053
0.471678
0.472302
0.472925
0.473547
0.474168
0.474788
0.475407
0.476026
0.476643
0.47726
0.477876
0.478491
0.479105
0.479717
0.480329
0.480941
0.481551
0.48216
0.482768
0.483375
0.483981
0.484586
0.485191
0.485794
0.486396
0.486997
0.487597
0.488196
0.488794
0.489391
0.489987
0.490582
0.491175
0.491768
0.49236
0.49295
0.49354
0.494128
0.494715
0.495301
0.495886
0.49647
0.497052
0.497634
0.498214
0.498794
0.499372
0.499948
0.500524
0.501099
0.501672
0.502244
0.502815
0.503385
0.503953
0.504521
0.505087
0.505652
0.506215
0.506778
0.507339
0.507899
0.508457
0.509015
0.509571
0.510126
0.510679
0.511232
0.511783
0.512332
0.512881
0.513428
0.513974
0.514518
0.515062
0.515603
0.516144
0.516683
0.517221
0.517758
0.518293
0.518827
0.519359
0.51989
0.52042
0.520949
0.521476
0.522001
0.522526
0.523049
0.52357
0.52409
0.524609
0.525126
0.525642
0.526157
0.52667
0.527182
0.527692
0.528201
0.528709
0.529215
0.529719
0.530222
0.530724
0.531225
0.531723
0.532221
0.532717
0.533211
0.533704
0.534196
0.534686
0.535175
0.535662
0.536148
0.536632
0.537115
0.537596
0.538076
0.538555
0.539032
0.539507
0.539981
0.540453
0.540924
0.541394
0.541862
0.542328
0.542793
0.543256
0.543718
0.544179
0.544638
0.545095
0.545551
0.546005
0.546458
0.54691
0.547359
0.547808
0.548254
0.5487
0.549143
0.549586
0.550026
0.550466
0.550903
0.551339
0.551774
0.552207
0.552638
0.553068
0.553497
0.553924
0.554349
0.554773
0.555195
0.555616
0.556035
0.556453
0.556869
0.557284
0.557697
0.558109
0.558519
0.558927
0.559334
0.559739
0.560143
0.560546
0.560946
0.561346
0.561743
0.56214
0.562534
0.562927
0.563319
0.563709
0.564097
0.564484
0.56487
0.565254
0.565636
0.566017
0.566396
0.566774
0.567151
0.567525
0.567899
0.56827
0.56864
0.569009
0.569376
0.569742
0.570106
0.570469
0.57083
0.571189
0.571547
0.571904
0.572259
0.572612
0.572964
0.573315
0.573664
0.574012
0.574358
0.574702
0.575045
0.575387
0.575727
0.576065
0.576403
0.576738
0.577072
0.577405
0.577736
0.578066
0.578394
0.578721
0.579046
0.57937
0.579693
0.580014
0.580333
0.580651
0.580968
0.581283
0.581597
0.581909
0.58222
0.582529
0.582837
0.583144
0.583449
0.583752
0.584055
0.584356
0.584655
0.584953
0.58525
0.585545
0.585839
0.586131
0.586422
0.586712
0.587
0.587287
0.587573
0.587857
0.58814
0.588421
0.588701
0.58898
0.589257
0.589533
0.589808
0.590081
0.590353
0.590624
0.590893
0.591161
0.591428
0.591693
0.591957
0.59222
0.592482
0.592742
0.593
0.593258
0.593514
0.593769
0.594023
0.594275
0.594526
0.594776
0.595025
0.595272
0.595518
0.595763
0.596007
0.596249
0.59649
0.59673
0.596969
0.597206
0.597442
0.597678
0.597911
0.598144
0.598375
0.598606
0.598835
0.599062
0.599289
0.599515
0.599739
0.599962
0.600184
0.600405
0.600625
0.600843
0.601061
0.601277
0.601492
0.601706
0.601919
0.602131
0.602342
0.602551
0.60276
0.602967
0.603174
0.603379
0.603583
0.603786
0.603988
0.604189
0.604389
0.604588
0.604786
0.604983
0.605179
0.605373
0.605567
0.60576
0.605951
0.606142
0.606332
0.60652
0.606708
0.606895
0.607081
0.607265
0.607449
0.607632
0.607814
0.607995
0.608175
0.608354
0.608532
0.608709
0.608885
0.60906
0.609235
0.609408
0.609581
0.609752
0.609923
0.610093
0.610262
0.61043
0.610598
0.610764
0.610929
0.611094
0.611258
0.611421
0.611583
0.611744
0.611905
0.612065
0.612223
0.612382
0.612539
0.612695
0.612851
0.613006
0.61316
0.613313
0.613466
0.613617
0.613768
0.613919
0.614068
0.614217
0.614365
0.614512
0.614659
0.614805
0.61495
0.615094
0.615238
0.615381
0.615523
0.615665
0.615806
0.615946
0.616085
0.616224
0.616362
0.6165
0.616637
0.616773
0.616909
0.617044
0.617178
0.617312
0.617445
0.617577
0.617709
0.617841
0.617971
0.618101
0.618231
0.61836
0.618488
0.618616
0.618743
0.618869
0.618995
0.619121
0.619246
0.61937
0.619494
0.619617
0.61974
0.619862
0.619984
0.620105
0.620226
0.620346
0.620466
0.620585
0.620704
0.620822
0.62094
0.621057
0.621174
0.62129
0.621406
0.621521
0.621636
0.62175
0.621865
0.621978
0.622091
0.622204
0.622316
0.622428
0.62254
0.622651
0.622761
0.622871
0.622981
0.623091
0.6232
0.623308
0.623417
0.623525
0.623632
0.623739
0.623846
0.623952
0.624058
0.624164
0.624269
0.624374
0.624479
0.624583
0.624687
0.624791
0.624894
0.624997
0.6251
0.625202
0.625304
0.625406
0.625508
0.625609
0.62571
0.62581
0.625911
0.626011
0.62611
0.62621
0.626309
0.626408
0.626506
0.626605
0.626703
0.626801
0.626898
0.626996
0.627093
0.627189
0.627286
0.627382
0.627479
0.627575
0.62767
0.627766
0.627861
0.627956
0.628051
0.628145
0.62824
0.628334
0.628428
0.628522
0.628615
0.628708
0.628802
0.628895
0.628987
0.62908
0.629173
0.629265
0.629357
0.629449
0.629541
0.629632
0.629724
0.629815
0.629906
0.629997
0.630088
0.630178
0.630269
0.630359
0.630449
0.630539
0.630629
0.630719
0.630808
0.630898
0.630987
0.631077
0.631166
0.631255
0.631343
0.631432
0.631521
0.631609
0.631697
0.631786
0.631874
0.631962
0.63205
0.632137
0.632225
0.632313
0.6324
0.632488
0.632575
0.632662
0.632749
0.632836
0.632923
0.63301
0.633096
0.633183
0.633269
0.633356
0.633442
0.633528
0.633614
0.6337
0.633786
0.633872
0.633958
0.634044
0.634129
0.634215
0.634301
0.634386
0.634471
0.634557
0.634642
0.634727
0.634812
0.634897
0.634982
0.635067
0.635151
0.635236
0.635321
0.635405
0.63549
0.635574
0.635659
0.635743
0.635827
0.635911
0.635995
0.636079
0.636163
0.636247
0.636331
0.636415
0.636498
0.636582
0.636666
0.636749
0.636833
0.636916
0.636999
0.637083
0.637166
0.637249
0.637332
0.637415
0.637498
0.637581
0.637664
0.637746
0.637829
0.637912
0.637994
0.638077
0.638159
0.638242
0.638324
0.638406
0.638488
0.638571
0.638653
0.638735
0.638816
0.638898
0.63898
0.639062
0.639143
0.639225
0.639306
0.639388
0.639469
0.63955
0.639632
0.639713
0.639794
0.639875
0.639956
0.640036
0.640117
0.640198
0.640278
0.640359
0.640439
0.64052
0.6406
0.64068
0.64076
0.64084
0.64092
0.641
0.64108
0.641159
0.641239
0.641318
0.641397
0.641477
0.641556
0.641635
0.641714
0.641793
0.641871
0.64195
0.642029
0.642107
0.642185
0.642264
0.642342
0.64242
0.642498
0.642575
0.642653
0.642731
0.642808
0.642885
0.642962
0.64304
0.643116
0.643193
0.64327
0.643347
0.643423
0.643499
0.643575
0.643651
0.643727
0.643803
0.643879
0.643954
0.644029
0.644105
0.64418
0.644255
0.644329
0.644404
0.644478
0.644553
0.644627
0.644701
0.644775
0.644848
0.644922
0.644995
0.645068
0.645141
0.645214
0.645287
0.645359
0.645432
0.645504
0.645576
0.645647
0.645719
0.64579
0.645862
0.645933
0.646004
0.646074
0.646145
0.646215
0.646285
0.646355
0.646425
0.646494
0.646563
0.646632
0.646701
0.64677
0.646838
0.646907
0.646975
0.647043
0.64711
0.647177
0.647245
0.647312
0.647378
0.647445
0.647511
0.647577
0.647643
0.647708
0.647773
0.647839
0.647903
0.647968
0.648032
0.648096
0.64816
0.648224
0.648287
0.64835
0.648413
0.648475
0.648538
0.6486
0.648662
0.648723
0.648784
0.648845
0.648906
0.648966
0.649027
0.649086
0.649146
0.649205
0.649264
0.649323
0.649382
0.64944
0.649498
0.649555
0.649612
0.649669
0.649726
0.649783
0.649839
0.649894
0.64995
0.650005
0.65006
0.650115
0.650169
0.650223
0.650276
0.65033
0.650383
0.650435
0.650488
0.65054
0.650592
0.650643
0.650694
0.650745
0.650795
0.650845
0.650895
0.650944
0.650993
0.651042
0.65109
0.651138
0.651186
0.651233
0.65128
0.651327
0.651373
0.651419
0.651464
0.65151
0.651555
0.651599
0.651643
0.651687
0.65173
0.651773
0.651816
0.651858
0.6519
0.651942
0.651983
0.652024
0.652064
0.652104
0.652144
0.652183
0.652222
0.65226
0.652298
0.652336
0.652374
0.652411
0.652447
0.652483
0.652519
0.652554
0.652589
0.652624
0.652658
0.652692
0.652725
0.652758
0.652791
0.652823
0.652855
0.652886
0.652917
0.652948
0.652978
0.653008
0.653037
0.653066
0.653095
0.653123
0.65315
0.653178
0.653205
0.653231
0.653257
0.653283
0.653308
0.653332
0.653357
0.653381
0.653404
0.653427
0.65345
0.653472
0.653494
0.653515
0.653536
0.653556
0.653576
0.653596
0.653615
0.653634
0.653652
0.65367
0.653687
0.653704
0.653721
0.653737
0.653753
0.653768
0.653783
0.653797
0.653811
0.653824
0.653837
0.65385
0.653862
0.653874
0.653885
0.653895
0.653906
0.653916
0.653925
0.653934
0.653943
0.653951
0.653958
0.653966
0.653972
0.653979
0.653984
0.65399
0.653995
0.653999
0.654003
0.654007
0.65401
0.654013
0.654015
0.654017
0.654018
0.654019
0.654019
0.654019
0.654019
0.654018
0.654016
0.654014
0.654012
0.654009
0.654006
0.654002
0.653998
0.653993
0.653988
0.653983
0.653977
0.653971
0.653964
0.653956
0.653949
0.65394
0.653932
0.653922
0.653913
0.653903
0.653892
0.653881
0.65387
0.653858
0.653846
0.653833
0.65382
0.653806
0.653792
0.653777
0.653762
0.653747
0.653731
0.653714
0.653697
0.65368
0.653662
0.653644
0.653626
0.653606
0.653587
0.653567
0.653546
0.653526
0.653504
0.653482
0.65346
0.653438
0.653414
0.653391
0.653367
0.653342
0.653317
0.653292
0.653266
0.65324
0.653213
0.653186
0.653159
0.653131
0.653102
0.653074
0.653044
0.653014
0.652984
0.652954
0.652923
0.652891
0.652859
0.652827
0.652794
0.652761
0.652727
0.652693
0.652659
0.652624
0.652589
0.652553
0.652517
0.65248
0.652443
0.652405
0.652368
0.652329
0.652291
0.652251
0.652212
0.652172
0.652131
0.652091
0.652049
0.652008
0.651966
0.651923
0.65188
0.651837
0.651793
0.651749
0.651705
0.65166
0.651614
0.651569
0.651522
0.651476
0.651429
0.651382
0.651334
0.651286
0.651237
0.651188
0.651139
0.651089
0.651039
0.650988
0.650937
0.650886
0.650834
0.650782
0.65073
0.650677
0.650624
0.65057
0.650516
0.650462
0.650407
0.650352
0.650296
0.65024
0.650184
0.650127
0.65007
0.650013
0.649955
0.649897
0.649838
0.649779
0.64972
0.649661
0.649601
0.64954
0.649479
0.649418
0.649357
0.649295
0.649233
0.64917
0.649108
0.649044
0.648981
0.648917
0.648852
0.648788
0.648723
0.648657
0.648592
0.648526
0.648459
0.648393
0.648326
0.648258
0.64819
0.648122
0.648054
0.647985
0.647916
0.647847
0.647777
0.647707
0.647636
0.647566
0.647495
0.647423
0.647351
0.647279
0.647207
0.647134
0.647061
0.646988
0.646914
0.64684
0.646766
0.646691
0.646617
0.646541
0.646466
0.64639
0.646314
0.646237
0.646161
0.646084
0.646006
0.645929
0.645851
0.645772
0.645694
0.645615
0.645536
0.645456
0.645376
0.645296
0.645216
0.645135
0.645055
0.644973
0.644892
0.64481
0.644728
0.644646
0.644563
0.64448
0.644397
0.644314
0.64423
0.644146
0.644061
0.643977
0.643892
0.643807
0.643722
0.643636
0.64355
0.643464
0.643377
0.643291
0.643204
0.643116
0.643029
0.642941
0.642853
0.642765
0.642676
0.642588
0.642499
0.642409
0.64232
0.64223
0.64214
0.64205
0.641959
0.641868
0.641777
0.641686
0.641594
0.641503
0.641411
0.641318
0.641226
0.641133
0.64104
0.640947
0.640854
0.64076
0.640666
0.640572
0.640477
0.640383
0.640288
0.640193
0.640098
0.640002
0.639906
0.639811
0.639714
0.639618
0.639521
0.639424
0.639327
0.63923
0.639133
0.639035
0.638937
0.638839
0.638741
0.638642
0.638543
0.638444
0.638345
0.638246
0.638146
0.638046
0.637946
0.637846
0.637745
0.637645
0.637544
0.637443
0.637342
0.63724
0.637139
0.637037
0.636935
0.636833
0.63673
0.636627
0.636525
0.636422
0.636318
0.636215
0.636111
0.636008
0.635904
0.6358
0.635695
0.635591
0.635486
0.635381
0.635276
0.635171
0.635065
0.63496
0.634854
0.634748
0.634642
0.634536
0.634429
0.634322
0.634216
0.634109
0.634001
0.633894
0.633786
0.633679
0.633571
0.633463
0.633355
0.633246
0.633138
0.633029
0.63292
0.632811
0.632702
0.632592
0.632483
0.632373
0.632263
0.632153
0.632043
0.631932
0.631822
0.631711
0.6316
0.631489
0.631378
0.631267
0.631156
0.631044
0.630932
0.63082
0.630708
0.630596
0.630484
0.630371
0.630258
0.630145
0.630033
0.629919
0.629806
0.629693
0.629579
0.629465
0.629352
0.629238
0.629123
0.629009
0.628895
0.62878
0.628665
0.628551
0.628436
0.628321
0.628205
0.62809
0.627974
0.627859
0.627743
0.627627
0.627511
0.627395
0.627278
0.627162
0.627045
0.626928
0.626812
0.626695
0.626577
0.62646
0.626343
0.626225
0.626108
0.62599
0.625872
0.625754
0.625636
0.625518
0.625399
0.625281
0.625162
0.625043
0.624924
0.624806
0.624686
0.624567
0.624448
0.624328
0.624209
0.624089
0.623969
0.623849
0.623729
0.623609
0.623489
0.623368
0.623248
0.623127
0.623007
0.622886
0.622765
0.622644
0.622523
0.622401
0.62228
0.622159
0.622037
0.621915
0.621794
0.621672
0.62155
0.621428
0.621305
0.621183
0.621061
0.620938
0.620816
0.620693
0.62057
0.620447
0.620324
0.620201
0.620078
0.619955
0.619831
0.619708
0.619584
0.619461
0.619337
0.619213
0.619089
0.618965
0.618841
0.618717
0.618592
0.618468
0.618344
0.618219
0.618095
0.61797
0.617845
0.61772
0.617595
0.61747
0.617345
0.61722
0.617095
0.616969
0.616844
0.616718
0.616593
0.616467
0.616341
0.616216
0.61609
0.615964
0.615838
0.615712
0.615586
0.615459
0.615333
0.615207
0.61508
0.614954
0.614827
0.614701
0.614574
0.614447
0.61432
0.614194
0.614067
0.61394
0.613813
0.613686
0.613558
0.613431
0.613304
0.613177
0.613049
0.612922
0.612794
0.612667
0.612539
0.612412
0.612284
0.612156
0.612029
0.611901
0.611773
0.611645
0.611517
0.611389
0.611261
0.611133
0.611005
0.610877
0.610749
0.610621
0.610492
0.610364
0.610236
0.610107
0.609979
0.609851
0.609722
0.609594
0.609465
0.609337
0.609208
0.60908
0.608951
0.608823
0.608694
0.608565
0.608437
0.608308
0.60818
0.608051
0.607922
0.607793
0.607665
0.607536
0.607407
0.607279
0.60715
0.607021
0.606892
0.606764
0.606635
0.606506
0.606377
0.606248
0.60612
0.605991
0.605862
0.605733
0.605605
0.605476
0.605347
0.605219
0.60509
0.604961
0.604833
0.604704
0.604575
0.604447
0.604318
0.604189
0.604061
0.603932
0.603804
0.603675
0.603547
0.603419
0.60329
0.603162
0.603033
0.602905
0.602777
0.602649
0.602521
0.602392
0.602264
0.602136
0.602008
0.60188
0.601752
0.601624
0.601497
0.601369
0.601241
0.601113
0.600986
0.600858
0.600731
0.600603
0.600476
0.600349
0.600221
0.600094
0.599967
0.59984
0.599713
0.599586
0.599459
0.599332
0.599206
0.599079
0.598952
0.598826
0.598699
0.598573
0.598447
0.598321
0.598195
0.598069
0.597943
0.597817
0.597691
0.597566
0.59744
0.597315
0.597189
0.597064
0.596939
0.596814
0.596689
0.596564
0.59644
0.596315
0.596191
0.596066
0.595942
0.595818
0.595694
0.59557
0.595446
0.595322
0.595199
0.595075
0.594952
0.594829
0.594706
0.594583
0.59446
0.594337
0.594215
0.594093
0.59397
0.593848
0.593726
0.593604
0.593483
0.593361
0.59324
0.593119
0.592998
0.592877
0.592756
0.592635
0.592515
0.592394
0.592274
0.592154
0.592035
0.591915
0.591795
0.591676
0.591557
0.591438
0.591319
0.591201
0.591082
0.590964
0.590846
0.590728
0.59061
0.590493
0.590375
0.590258
0.590141
0.590024
0.589908
0.589791
0.589675
0.589559
0.589443
0.589328
0.589212
0.589097
0.588982
0.588867
0.588753
0.588638
0.588524
0.58841
0.588297
0.588183
0.58807
0.587957
0.587844
0.587731
0.587619
0.587507
0.587395
0.587283
0.587171
0.58706
0.586949
0.586838
0.586728
0.586617
0.586507
0.586397
0.586288
0.586178
0.586069
0.58596
0.585852
0.585744
0.585635
0.585528
0.58542
0.585313
0.585205
0.585099
0.584992
0.584886
0.58478
0.584674
0.584568
0.584463
0.584358
0.584253
0.584149
0.584045
0.583941
0.583837
0.583734
0.583631
0.583528
0.583426
0.583323
0.583221
0.58312
0.583018
0.582917
0.582817
0.582716
0.582616
0.582516
0.582416
0.582317
0.582218
0.582119
0.582021
0.581923
0.581825
0.581727
0.58163
0.581533
0.581437
0.581341
0.581245
0.581149
0.581054
0.580959
0.580864
0.580769
0.580675
0.580582
0.580488
0.580395
0.580302
0.58021
0.580118
0.580026
0.579934
0.579843
0.579752
0.579662
0.579571
0.579482
0.579392
0.579303
0.579214
0.579125
0.579037
0.578949
0.578862
0.578775
0.578688
0.578601
0.578515
0.57843
0.578344
0.578259
0.578174
0.57809
0.578006
0.577922
0.577839
0.577756
0.577673
0.577591
0.577509
0.577427
0.577346
0.577265
0.577184
0.577104
0.577024
0.576945
0.576866
0.576787
0.576709
0.576631
0.576553
0.576476
0.576399
0.576322
0.576246
0.57617
0.576094
0.576019
0.575945
0.57587
0.575796
0.575723
0.575649
0.575576
0.575504
0.575432
0.57536
0.575288
0.575217
0.575147
0.575076
0.575006
0.574937
0.574868
0.574799
0.57473
0.574662
0.574595
0.574527
0.57446
0.574394
0.574327
0.574262
0.574196
0.574131
0.574066
0.574002
0.573938
0.573875
0.573811
0.573749
0.573686
0.573624
0.573563
0.573501
0.57344
0.57338
0.57332
0.57326
0.573201
0.573141
0.573083
0.573025
0.572967
0.572909
0.572852
0.572795
0.572739
0.572683
0.572627
0.572572
0.572517
0.572463
0.572409
0.572355
0.572302
0.572249
0.572196
0.572144
0.572092
0.572041
0.57199
0.571939
0.571889
0.571839
0.571789
0.57174
0.571691
0.571643
0.571594
0.571547
0.571499
0.571452
0.571406
0.57136
0.571314
0.571268
0.571223
0.571178
0.571134
0.57109
0.571046
0.571003
0.57096
0.570918
0.570876
0.570834
0.570792
0.570751
0.570711
0.57067
0.57063
0.570591
0.570551
0.570512
0.570474
0.570436
0.570398
0.57036
0.570323
0.570286
0.57025
0.570214
0.570178
0.570143
0.570108
0.570073
0.570039
0.570005
0.569971
0.569938
0.569905
0.569873
0.56984
0.569809
0.569777
0.569746
0.569715
0.569684
0.569654
0.569624
0.569595
0.569566
0.569537
0.569508
0.56948
0.569452
0.569425
0.569398
0.569371
0.569344
0.569318
0.569292
0.569267
0.569241
0.569216
0.569192
0.569168
0.569144
0.56912
0.569097
0.569074
0.569051
0.569028
0.569006
0.568985
0.568963
0.568942
0.568921
0.5689
0.56888
0.56886
0.56884
0.568821
0.568802
0.568783
0.568765
0.568747
0.568729
0.568711
0.568694
0.568677
0.56866
0.568643
0.568627
0.568611
0.568596
0.56858
0.568565
0.56855
0.568536
0.568521
0.568507
0.568494
0.56848
0.568467
0.568454
0.568441
0.568429
0.568417
0.568405
0.568393
0.568382
0.568371
0.56836
0.568349
0.568339
0.568329
0.568319
0.568309
0.568299
0.56829
0.568281
0.568273
0.568264
0.568256
0.568248
0.56824
0.568232
0.568225
0.568218
0.568211
0.568204
0.568198
0.568192
0.568186
0.56818
0.568174
0.568169
0.568164
0.568159
0.568154
0.568149
0.568145
0.568141
0.568137
0.568133
0.568129
0.568126
0.568123
0.56812
0.568117
0.568114
0.568112
0.56811
0.568107
0.568106
0.568104
0.568102
0.568101
0.5681
0.568099
0.568098
0.568097
0.568096
0.568096
0.568096
0.568096
0.568096
0.568096
0.568096
0.568097
0.568098
0.568098
0.568099
0.5681
0.568102
0.568103
0.568105
0.568106
0.568108
0.56811
0.568112
0.568114
0.568117
0.568119
0.568122
0.568124
0.568127
0.56813
0.568133
0.568136
0.56814
0.568143
0.568147
0.56815
0.568154
0.568158
0.568162
0.568166
0.56817
0.568174
0.568178
0.568183
0.568187
0.568192
0.568197
0.568201
0.568206
0.568211
0.568216
0.568221
0.568226
0.568232
0.568237
0.568242
0.568248
0.568254
0.568259
0.568265
0.568271
0.568276
0.568282
0.568288
0.568294
0.5683
0.568306
0.568312
0.568319
0.568325
0.568331
0.568338
0.568344
0.56835
0.568357
0.568363
0.56837
0.568377
0.568383
0.56839
0.568397
0.568403
0.56841
0.568417
0.568424
0.56843
0.568437
0.568444
0.568451
0.568458
0.568465
0.568472
0.568479
0.568486
0.568493
0.5685
0.568507
0.568514
0.568521
0.568528
0.568535
0.568542
0.568549
0.568556
0.568563
0.56857
0.568577
0.568584
0.568591
0.568598
0.568605
0.568612
0.568619
0.568626
0.568633
0.56864
0.568647
0.568653
0.56866
0.568667
0.568674
0.568681
0.568687
0.568694
0.568701
0.568707
0.568714
0.568721
0.568727
0.568734
0.56874
0.568747
0.568753
0.56876
0.568766
0.568772
0.568778
0.568785
0.568791
0.568797
0.568803
0.568809
0.568815
0.568821
0.568827
0.568833
0.568839
0.568844
0.56885
0.568856
0.568861
0.568867
0.568872
0.568878
0.568883
0.568888
0.568893
0.568899
0.568904
0.568909
0.568914
0.568919
0.568923
0.568928
0.568933
0.568937
0.568942
0.568947
0.568951
0.568955
0.56896
0.568964
0.568968
0.568972
0.568976
0.56898
0.568984
0.568988
0.568991
0.568995
0.568998
0.569002
0.569005
0.569009
0.569012
0.569015
0.569018
0.569021
0.569024
0.569027
0.56903
0.569032
0.569035
0.569037
0.56904
0.569042
0.569044
0.569046
0.569048
0.56905
0.569052
0.569054
0.569056
0.569058
0.569059
0.569061
0.569062
0.569063
0.569064
0.569066
0.569067
0.569068
0.569068
0.569069
0.56907
0.56907
0.569071
0.569071
0.569072
0.569072
0.569072
0.569072
0.569072
0.569072
0.569072
0.569071
0.569071
0.56907
0.56907
0.569069
0.569068
0.569068
0.569067
0.569066
0.569064
0.569063
0.569062
0.569061
0.569059
0.569057
0.569056
0.569054
0.569052
0.56905
0.569048
0.569046
0.569044
0.569042
0.569039
0.569037
0.569034
0.569032
0.569029
0.569026
0.569023
0.56902
0.569017
0.569014
0.569011
0.569008
0.569004
0.569001
0.568997
0.568993
0.56899
0.568986
0.568982
0.568978
0.568974
0.56897
0.568966
0.568961
0.568957
0.568952
0.568948
0.568943
0.568939
0.568934
0.568929
0.568924
0.568919
0.568914
0.568909
0.568904
0.568898
0.568893
0.568887
0.568882
0.568876
0.568871
0.568865
0.568859
0.568853
0.568847
0.568841
0.568835
0.568829
0.568823
0.568817
0.56881
0.568804
0.568797
0.568791
0.568784
0.568778
0.568771
0.568764
0.568757
0.56875
0.568743
0.568736
0.568729
0.568722
0.568715
0.568708
0.568701
0.568693
0.568686
0.568678
0.568671
0.568663
0.568656
0.568648
0.56864
0.568633
0.568625
0.568617
0.568609
0.568601
0.568593
0.568585
0.568577
0.568569
0.568561
0.568553
0.568545
0.568537
0.568528
0.56852
0.568512
0.568503
0.568495
0.568487
0.568478
0.56847
0.568461
0.568453
0.568444
0.568435
0.568427
0.568418
0.568409
0.568401
0.568392
0.568383
0.568374
0.568366
0.568357
0.568348
0.568339
0.56833
0.568322
0.568313
0.568304
0.568295
0.568286
0.568277
0.568268
0.568259
0.56825
0.568241
0.568232
0.568223
0.568214
0.568205
0.568196
0.568187
0.568178
0.568169
0.56816
0.568151
0.568142
0.568134
0.568125
0.568116
0.568107
0.568098
0.568089
0.56808
0.568071
0.568062
0.568053
0.568044
0.568035
0.568026
0.568018
0.568009
0.568
0.567991
0.567982
0.567974
0.567965
0.567956
0.567948
0.567939
0.56793
0.567922
0.567913
0.567904
0.567896
0.567887
0.567879
0.56787
0.567862
0.567854
0.567845
0.567837
0.567829
0.56782
0.567812
0.567804
0.567796
0.567788
0.56778
0.567772
0.567764
0.567756
0.567748
0.56774
0.567732
0.567724
0.567717
0.567709
0.567701
0.567694
0.567686
0.567679
0.567671
0.567664
0.567656
0.567649
0.567642
0.567635
0.567628
0.567621
0.567613
0.567607
0.5676
0.567593
0.567586
0.567579
0.567572
0.567566
0.567559
0.567553
0.567546
0.56754
0.567534
0.567527
0.567521
0.567515
0.567509
0.567503
0.567497
0.567491
0.567485
0.56748
0.567474
0.567468
0.567463
0.567457
0.567452
0.567447
0.567441
0.567436
0.567431
0.567426
0.567421
0.567416
0.567412
0.567407
0.567402
0.567398
0.567393
0.567389
0.567384
0.56738
0.567376
0.567372
0.567368
0.567364
0.56736
0.567356
0.567352
0.567349
0.567345
0.567342
0.567338
0.567335
0.567332
0.567328
0.567325
0.567322
0.567319
0.567317
0.567314
0.567311
0.567309
0.567306
0.567304
0.567301
0.567299
0.567297
0.567295
0.567293
0.567291
0.567289
0.567288
0.567286
0.567284
0.567283
0.567281
0.56728
0.567279
0.567278
0.567277
0.567276
0.567275
0.567274
0.567273
0.567273
0.567272
0.567272
0.567271
0.567271
0.567271
0.567271
0.567271
0.567271
0.567271
0.567271
0.567272
0.567272
0.567273
0.567273
0.567274
0.567275
0.567276
0.567277
0.567278
0.567279
0.56728
0.567281
0.567283
0.567284
0.567286
0.567287
0.567289
0.567291
0.567293
0.567295
0.567297
0.567299
0.567301
0.567303
0.567306
0.567308
0.567311
0.567313
0.567316
0.567319
0.567322
0.567325
0.567328
0.567331
0.567334
0.567337
0.567341
0.567344
0.567348
0.567351
0.567355
0.567359
0.567362
0.567366
0.56737
0.567374
0.567378
0.567383
0.567387
0.567391
0.567396
0.5674
0.567405
0.567409
0.567414
0.567419
0.567424
0.567429
0.567434
0.567439
0.567444
0.567449
0.567454
0.56746
0.567465
0.567471
0.567476
0.567482
0.567488
0.567493
0.567499
0.567505
0.567511
0.567517
0.567523
0.567529
0.567535
0.567541
0.567548
0.567554
0.567561
0.567567
0.567574
0.56758
0.567587
0.567593
0.5676
0.567607
0.567614
0.567621
0.567628
0.567635
0.567642
0.567649
0.567656
0.567663
0.567671
0.567678
0.567685
0.567693
0.5677
0.567707
0.567715
0.567723
0.56773
0.567738
0.567746
0.567753
0.567761
0.567769
0.567777
0.567785
0.567792
0.5678
0.567808
0.567816
0.567824
0.567833
0.567841
0.567849
0.567857
0.567865
0.567873
0.567882
0.56789
0.567898
0.567907
0.567915
0.567923
0.567932
0.56794
0.567949
0.567957
0.567966
0.567974
0.567983
0.567991
0.568
0.568008
0.568017
0.568026
0.568034
0.568043
0.568051
0.56806
0.568069
0.568077
0.568086
0.568095
0.568104
0.568112
0.568121
0.56813
0.568138
0.568147
0.568156
0.568165
0.568173
0.568182
0.568191
0.568199
0.568208
0.568217
0.568226
0.568234
0.568243
0.568252
0.56826
0.568269
0.568278
0.568286
0.568295
0.568304
0.568312
0.568321
0.568329
0.568338
0.568347
0.568355
0.568364
0.568372
0.568381
0.568389
0.568398
0.568406
0.568414
0.568423
0.568431
0.568439
0.568448
0.568456
0.568464
0.568473
0.568481
0.568489
0.568497
0.568505
0.568513
0.568521
0.568529
0.568537
0.568545
0.568553
0.568561
0.568569
0.568577
0.568585
0.568592
0.5686
0.568608
0.568615
0.568623
0.56863
0.568638
0.568645
0.568653
0.56866
0.568667
0.568675
0.568682
0.568689
0.568696
0.568703
0.56871
0.568717
0.568724
0.568731
0.568738
0.568745
0.568751
0.568758
0.568765
0.568771
0.568778
0.568784
0.568791
0.568797
0.568803
0.568809
0.568816
0.568822
0.568828
0.568834
0.56884
0.568845
0.568851
0.568857
0.568863
0.568868
0.568874
0.568879
0.568885
0.56889
0.568895
0.568901
0.568906
0.568911
0.568916
0.568921
0.568926
0.568931
0.568935
0.56894
0.568945
0.568949
0.568954
0.568958
0.568962
0.568967
0.568971
0.568975
0.568979
0.568983
0.568987
0.568991
0.568995
0.568998
0.569002
0.569005
0.569009
0.569012
0.569015
0.569019
0.569022
0.569025
0.569028
0.569031
0.569034
0.569036
0.569039
0.569042
0.569044
0.569047
0.569049
0.569051
0.569054
0.569056
0.569058
0.56906
0.569062
0.569064
0.569065
0.569067
0.569068
0.56907
0.569071
0.569073
0.569074
0.569075
0.569076
0.569077
0.569078
0.569079
0.56908
0.569081
0.569081
0.569082
0.569082
0.569083
0.569083
0.569083
0.569083
0.569083
0.569083
0.569083
0.569083
0.569083
0.569082
0.569082
0.569081
0.569081
0.56908
0.569079
0.569078
0.569078
0.569077
0.569075
0.569074
0.569073
0.569072
0.56907
0.569069
0.569067
0.569066
0.569064
0.569062
0.56906
0.569058
0.569056
0.569054
0.569052
0.56905
0.569047
0.569045
0.569043
0.56904
0.569037
0.569035
0.569032
0.569029
0.569026
0.569023
0.56902
0.569017
0.569014
0.56901
0.569007
0.569004
0.569
0.568996
0.568993
0.568989
0.568985
0.568981
0.568977
0.568973
0.568969
0.568965
0.568961
0.568957
0.568952
0.568948
0.568943
0.568939
0.568934
0.56893
0.568925
0.56892
0.568915
0.56891
0.568905
0.5689
0.568895
0.56889
0.568885
0.568879
0.568874
0.568869
0.568863
0.568858
0.568852
0.568846
0.568841
0.568835
0.568829
0.568823
0.568817
0.568811
0.568805
0.568799
0.568793
0.568787
0.568781
0.568774
0.568768
0.568762
0.568755
0.568749
0.568742
0.568736
0.568729
0.568722
0.568716
0.568709
0.568702
0.568695
0.568688
0.568681
0.568674
0.568667
0.56866
0.568653
0.568646
0.568639
0.568632
0.568625
0.568617
0.56861
0.568603
0.568595
0.568588
0.56858
0.568573
0.568566
0.568558
0.56855
0.568543
0.568535
0.568528
0.56852
0.568512
0.568505
0.568497
0.568489
0.568481
0.568473
0.568466
0.568458
0.56845
0.568442
0.568434
0.568426
0.568418
0.56841
0.568402
0.568394
0.568386
0.568378
0.56837
0.568362
0.568354
0.568346
0.568338
0.56833
0.568322
0.568314
0.568306
0.568298
0.56829
0.568282
0.568273
0.568265
0.568257
0.568249
0.568241
0.568233
0.568225
0.568217
0.568209
0.5682
0.568192
0.568184
0.568176
0.568168
0.56816
0.568152
0.568144
0.568136
0.568128
0.56812
0.568112
0.568104
0.568096
0.568088
0.56808
0.568072
0.568064
0.568056
0.568048
0.56804
0.568032
0.568024
0.568017
0.568009
0.568001
0.567993
0.567985
0.567978
0.56797
0.567962
0.567955
0.567947
0.56794
0.567932
0.567924
0.567917
0.567909
0.567902
0.567895
0.567887
0.56788
0.567873
0.567865
0.567858
0.567851
0.567844
0.567837
0.567829
0.567822
0.567815
0.567808
0.567801
0.567794
0.567788
0.567781
0.567774
0.567767
0.567761
0.567754
0.567747
0.567741
0.567734
0.567728
0.567721
0.567715
0.567709
0.567702
0.567696
0.56769
0.567684
0.567678
0.567672
0.567666
0.56766
0.567654
0.567648
0.567642
0.567636
0.567631
0.567625
0.56762
0.567614
0.567609
0.567603
0.567598
0.567593
0.567588
0.567582
0.567577
0.567572
0.567567
0.567562
0.567558
0.567553
0.567548
0.567543
0.567539
0.567534
0.56753
0.567525
0.567521
0.567517
0.567512
0.567508
0.567504
0.5675
0.567496
0.567492
0.567489
0.567485
0.567481
0.567477
0.567474
0.56747
0.567467
0.567464
0.56746
0.567457
0.567454
0.567451
0.567448
0.567445
0.567442
0.567439
0.567437
0.567434
0.567431
0.567429
0.567427
0.567424
0.567422
0.56742
0.567418
0.567416
0.567414
0.567412
0.56741
0.567408
0.567406
0.567405
0.567403
0.567402
0.5674
0.567399
0.567398
0.567396
0.567395
0.567394
0.567393
0.567393
0.567392
0.567391
0.56739
0.56739
0.567389
0.567389
0.567388
0.567388
0.567388
0.567388
0.567388
0.567388
0.567388
0.567388
0.567388
0.567389
0.567389
0.567389
0.56739
0.567391
0.567391
0.567392
0.567393
0.567394
0.567395
0.567396
0.567397
0.567398
0.567399
0.567401
0.567402
0.567404
0.567405
0.567407
0.567408
0.56741
0.567412
0.567414
0.567416
0.567418
0.56742
0.567422
0.567425
0.567427
0.567429
0.567432
0.567434
0.567437
0.56744
0.567443
0.567445
0.567448
0.567451
0.567454
0.567457
0.567461
0.567464
0.567467
0.56747
0.567474
0.567477
0.567481
0.567484
0.567488
0.567492
0.567496
0.5675
0.567504
0.567508
0.567512
0.567516
0.56752
0.567524
0.567528
0.567533
0.567537
0.567542
0.567546
0.567551
0.567555
0.56756
0.567565
0.56757
0.567575
0.56758
0.567585
0.56759
0.567595
0.5676
0.567605
0.56761
0.567616
0.567621
0.567626
0.567632
0.567637
0.567643
0.567648
0.567654
0.56766
0.567665
0.567671
0.567677
0.567683
0.567689
0.567695
0.567701
0.567707
0.567713
0.567719
0.567725
0.567732
0.567738
0.567744
0.56775
0.567757
0.567763
0.56777
0.567776
0.567783
0.567789
0.567796
0.567802
0.567809
0.567816
0.567822
0.567829
0.567836
0.567843
0.56785
0.567857
0.567863
0.56787
0.567877
0.567884
0.567891
0.567898
0.567905
0.567912
0.567919
0.567927
0.567934
0.567941
0.567948
0.567955
0.567962
0.56797
0.567977
0.567984
0.567992
0.567999
0.568006
0.568013
0.568021
0.568028
0.568036
0.568043
0.56805
0.568058
0.568065
0.568073
0.56808
0.568087
0.568095
0.568102
0.56811
0.568117
0.568125
0.568132
0.56814
0.568147
0.568154
0.568162
0.568169
0.568177
0.568184
0.568192
0.568199
0.568207
0.568214
0.568222
0.568229
0.568236
0.568244
0.568251
0.568259
0.568266
0.568273
0.568281
0.568288
0.568295
0.568303
0.56831
0.568317
0.568325
0.568332
0.568339
0.568347
0.568354
0.568361
0.568368
0.568375
0.568382
0.56839
0.568397
0.568404
0.568411
0.568418
0.568425
0.568432
0.568439
0.568446
0.568453
0.56846
0.568466
0.568473
0.56848
0.568487
0.568494
0.5685
0.568507
0.568514
0.56852
0.568527
0.568533
0.56854
0.568546
0.568553
0.568559
0.568566
0.568572
0.568578
0.568584
0.568591
0.568597
0.568603
0.568609
0.568615
0.568621
0.568627
0.568633
0.568639
0.568645
0.568651
0.568656
0.568662
0.568668
0.568673
0.568679
0.568684
0.56869
0.568695
0.568701
0.568706
0.568711
0.568716
0.568722
0.568727
0.568732
0.568737
0.568742
0.568747
0.568751
0.568756
0.568761
0.568766
0.56877
0.568775
0.568779
0.568784
0.568788
0.568793
0.568797
0.568801
0.568805
0.568809
0.568813
0.568817
0.568821
0.568825
0.568829
0.568833
0.568837
0.56884
0.568844
0.568847
0.568851
0.568854
0.568857
0.568861
0.568864
0.568867
0.56887
0.568873
0.568876
0.568879
0.568882
0.568884
0.568887
0.56889
0.568892
0.568895
0.568897
0.5689
0.568902
0.568904
0.568906
0.568908
0.56891
0.568912
0.568914
0.568916
0.568918
0.568919
0.568921
0.568922
0.568924
0.568925
0.568927
0.568928
0.568929
0.56893
0.568931
0.568932
0.568933
0.568934
0.568935
0.568935
0.568936
0.568937
0.568937
0.568937
0.568938
0.568938
0.568938
0.568938
0.568938
0.568938
0.568938
0.568938
0.568938
0.568938
0.568937
0.568937
0.568936
0.568936
0.568935
0.568935
0.568934
0.568933
0.568932
0.568931
0.56893
0.568929
0.568928
0.568927
0.568925
0.568924
0.568922
0.568921
0.568919
0.568918
0.568916
0.568914
0.568912
0.56891
0.568908
0.568906
0.568904
0.568902
0.5689
0.568897
0.568895
0.568892
0.56889
0.568887
0.568885
0.568882
0.568879
0.568876
0.568873
0.56887
0.568867
0.568864
0.568861
0.568858
0.568855
0.568851
0.568848
0.568844
0.568841
0.568837
0.568834
0.56883
0.568826
0.568822
0.568819
0.568815
0.568811
0.568807
0.568802
0.568798
0.568794
0.56879
0.568785
0.568781
0.568777
0.568772
0.568768
0.568763
0.568758
0.568754
0.568749
0.568744
0.568739
0.568734
0.568729
0.568724
0.568719
0.568714
0.568709
0.568704
0.568698
0.568693
0.568688
0.568682
0.568677
0.568672
0.568666
0.56866
0.568655
0.568649
0.568643
0.568638
0.568632
0.568626
0.56862
0.568614
0.568608
0.568602
0.568596
0.56859
0.568584
0.568578
0.568572
0.568566
0.56856
0.568553
0.568547
0.568541
0.568534
0.568528
0.568521
0.568515
0.568508
0.568502
0.568495
0.568489
0.568482
0.568476
0.568469
0.568462
0.568456
0.568449
0.568442
0.568435
0.568428
0.568422
0.568415
0.568408
0.568401
0.568394
0.568387
0.56838
0.568373
0.568366
0.568359
0.568352
0.568345
0.568338
0.568331
0.568324
0.568317
0.56831
0.568303
0.568296
0.568289
0.568281
0.568274
0.568267
0.56826
0.568253
0.568246
0.568239
0.568231
0.568224
0.568217
0.56821
0.568203
0.568195
0.568188
0.568181
0.568174
0.568167
0.568159
