-0.5306
-0.5306
-0.5306
-0.530578
-0.530558
-0.530537
-0.530518
-0.530498
-0.53048
-0.530461
-0.530444
-0.530427
-0.53041
-0.530394
-0.530378
-0.530363
-0.530348
-0.530334
-0.53032
-0.530307
-0.530295
-0.530282
-0.530271
-0.53026
-0.530249
-0.530239
-0.53023
-0.530221
-0.530212
-0.530204
-0.530197
-0.53019
-0.530183
-0.530177
-0.530172
-0.530167
-0.530162
-0.530158
-0.530155
-0.530152
-0.53015
-0.530148
-0.530146
-0.530145
-0.530145
-0.530145
-0.530145
-0.530147
-0.530148
-0.53015
-0.530153
-0.530156
-0.530159
-0.530163
-0.530168
-0.530173
-0.530178
-0.530184
-0.53019
-0.530197
-0.530205
-0.530212
-0.530221
-0.530229
-0.530239
-0.530248
-0.530258
-0.530269
-0.53028
-0.530291
-0.530303
-0.530315
-0.530328
-0.530341
-0.530355
-0.530369
-0.530384
-0.530399
-0.530414
-0.53043
-0.530446
-0.530462
-0.530479
-0.530497
-0.530515
-0.530533
-0.530551
-0.53057
-0.53059
-0.53061
-0.53063
-0.53065
-0.530671
-0.530692
-0.530714
-0.530736
-0.530758
-0.530781
-0.530804
-0.530827
-0.530851
-0.530875
-0.5309
-0.530924
-0.530949
-0.530975
-0.531001
-0.531027
-0.531053
-0.53108
-0.531107
-0.531134
-0.531161
-0.531189
-0.531217
-0.531246
-0.531274
-0.531303
-0.531333
-0.531362
-0.531392
-0.531422
-0.531452
-0.531482
-0.531513
-0.531544
-0.531575
-0.531607
-0.531638
-0.53167
-0.531702
-0.531734
-0.531767
-0.5318
-0.531833
-0.531866
-0.531899
-0.531932
-0.531966
-0.532
-0.532034
-0.532068
-0.532102
-0.532136
-0.532171
-0.532206
-0.53224
-0.532275
-0.53231
-0.532346
-0.532381
-0.532416
-0.532452
-0.532488
-0.532523
-0.532559
-0.532595
-0.532631
-0.532667
-0.532703
-0.53274
-0.532776
-0.532812
-0.532849
-0.532885
-0.532922
-0.532958
-0.532995
-0.533031
-0.533068
-0.533105
-0.533141
-0.533178
-0.533215
-0.533252
-0.533288
-0.533325
-0.533362
-0.533398
-0.533435
-0.533472
-0.533508
-0.533545
-0.533581
-0.533618
-0.533654
-0.533691
-0.533727
-0.533763
-0.533799
-0.533835
-0.533871
-0.533907
-0.533943
-0.533979
-0.534015
-0.53405
-0.534086
-0.534121
-0.534156
-0.534192
-0.534227
-0.534261
-0.534296
-0.534331
-0.534365
-0.5344
-0.534434
-0.534468
-0.534502
-0.534536
-0.534569
-0.534603
-0.534636
-0.534669
-0.534702
-0.534735
-0.534767
-0.534799
-0.534832
-0.534863
-0.534895
-0.534927
-0.534958
-0.534989
-0.53502
-0.535051
-0.535081
-0.535111
-0.535141
-0.535171
-0.535201
-0.53523
-0.535259
-0.535288
-0.535316
-0.535345
-0.535373
-0.5354
-0.535428
-0.535455
-0.535482
-0.535509
-0.535535
-0.535561
-0.535587
-0.535613
-0.535638
-0.535663
-0.535688
-0.535712
-0.535736
-0.53576
-0.535783
-0.535806
-0.535829
-0.535852
-0.535874
-0.535896
-0.535917
-0.535939
-0.53596
-0.53598
-0.536001
-0.53602
-0.53604
-0.536059
-0.536078
-0.536097
-0.536115
-0.536133
-0.536151
-0.536168
-0.536185
-0.536201
-0.536217
-0.536233
-0.536248
-0.536263
-0.536278
-0.536292
-0.536306
-0.53632
-0.536333
-0.536346
-0.536359
-0.536371
-0.536383
-0.536394
-0.536405
-0.536416
-0.536426
-0.536436
-0.536445
-0.536454
-0.536463
-0.536471
-0.536479
-0.536487
-0.536494
-0.536501
-0.536507
-0.536513
-0.536519
-0.536524
-0.536529
-0.536533
-0.536538
-0.536541
-0.536545
-0.536547
-0.53655
-0.536552
-0.536554
-0.536555
-0.536556
-0.536557
-0.536557
-0.536557
-0.536556
-0.536555
-0.536554
-0.536552
-0.53655
-0.536547
-0.536544
-0.536541
-0.536537
-0.536533
-0.536529
-0.536524
-0.536518
-0.536513
-0.536507
-0.5365
-0.536493
-0.536486
-0.536479
-0.536471
-0.536462
-0.536454
-0.536444
-0.536435
-0.536425
-0.536415
-0.536404
-0.536393
-0.536382
-0.53637
-0.536358
-0.536346
-0.536333
-0.53632
-0.536306
-0.536292
-0.536278
-0.536263
-0.536248
-0.536233
-0.536217
-0.536201
-0.536185
-0.536168
-0.536151
-0.536134
-0.536116
-0.536098
-0.536079
-0.53606
-0.536041
-0.536022
-0.536002
-0.535982
-0.535961
-0.535941
-0.53592
-0.535898
-0.535876
-0.535854
-0.535832
-0.535809
-0.535786
-0.535763
-0.53574
-0.535716
-0.535691
-0.535667
-0.535642
-0.535617
-0.535592
-0.535566
-0.53554
-0.535514
-0.535488
-0.535461
-0.535434
-0.535407
-0.535379
-0.535351
-0.535323
-0.535295
-0.535266
-0.535237
-0.535208
-0.535179
-0.53515
-0.53512
-0.53509
-0.535059
-0.535029
-0.534998
-0.534967
-0.534936
-0.534905
-0.534873
-0.534841
-0.534809
-0.534777
-0.534745
-0.534712
-0.534679
-0.534646
-0.534613
-0.53458
-0.534546
-0.534513
-0.534479
-0.534445
-0.53441
-0.534376
-0.534342
-0.534307
-0.534272
-0.534237
-0.534202
-0.534167
-0.534131
-0.534096
-0.53406
-0.534024
-0.533988
-0.533952
-0.533916
-0.53388
-0.533843
-0.533807
-0.53377
-0.533733
-0.533696
-0.53366
-0.533623
-0.533586
-0.533548
-0.533511
-0.533474
-0.533436
-0.533399
-0.533362
-0.533324
-0.533286
-0.533249
-0.533211
-0.533173
-0.533135
-0.533098
-0.53306
-0.533022
-0.532984
-0.532946
-0.532908
-0.53287
-0.532832
-0.532794
-0.532756
-0.532718
-0.53268
-0.532642
-0.532604
-0.532566
-0.532528
-0.53249
-0.532452
-0.532414
-0.532377
-0.532339
-0.532301
-0.532263
-0.532226
-0.532188
-0.53215
-0.532113
-0.532075
-0.532038
-0.532001
-0.531963
-0.531926
-0.531889
-0.531852
-0.531815
-0.531778
-0.531741
-0.531705
-0.531668
-0.531632
-0.531595
-0.531559
-0.531523
-0.531487
-0.531451
-0.531415
-0.53138
-0.531344
-0.531309
-0.531273
-0.531238
-0.531203
-0.531168
-0.531134
-0.531099
-0.531065
-0.53103
-0.530996
-0.530962
-0.530929
-0.530895
-0.530862
-0.530828
-0.530795
-0.530762
-0.53073
-0.530697
-0.530665
-0.530632
-0.530601
-0.530569
-0.530537
-0.530506
-0.530475
-0.530444
-0.530413
-0.530382
-0.530352
-0.530322
-0.530292
-0.530262
-0.530233
-0.530204
-0.530175
-0.530146
-0.530117
-0.530089
-0.530061
-0.530033
-0.530006
-0.529978
-0.529951
-0.529924
-0.529898
-0.529871
-0.529845
-0.529819
-0.529794
-0.529769
-0.529744
-0.529719
-0.529694
-0.52967
-0.529646
-0.529622
-0.529599
-0.529576
-0.529553
-0.52953
-0.529508
-0.529486
-0.529464
-0.529443
-0.529422
-0.529401
-0.52938
-0.52936
-0.52934
-0.52932
-0.529301
-0.529282
-0.529263
-0.529244
-0.529226
-0.529208
-0.52919
-0.529173
-0.529156
-0.529139
-0.529123
-0.529107
-0.529091
-0.529075
-0.52906
-0.529045
-0.529031
-0.529017
-0.529003
-0.528989
-0.528976
-0.528963
-0.52895
-0.528938
-0.528926
-0.528914
-0.528903
-0.528891
-0.528881
-0.52887
-0.52886
-0.52885
-0.528841
-0.528832
-0.528823
-0.528814
-0.528806
-0.528798
-0.52879
-0.528783
-0.528776
-0.52877
-0.528763
-0.528757
-0.528752
-0.528746
-0.528741
-0.528736
-0.528732
-0.528728
-0.528724
-0.528721
-0.528718
-0.528715
-0.528712
-0.52871
-0.528708
-0.528707
-0.528705
-0.528704
-0.528704
-0.528703
-0.528703
-0.528704
-0.528704
-0.528705
-0.528706
-0.528708
-0.52871
-0.528712
-0.528714
-0.528717
-0.52872
-0.528724
-0.528727
-0.528731
-0.528735
-0.52874
-0.528745
-0.52875
-0.528755
-0.528761
-0.528767
-0.528773
-0.52878
-0.528787
-0.528794
-0.528801
-0.528809
-0.528817
-0.528825
-0.528833
-0.528842
-0.528851
-0.528861
-0.52887
-0.52888
-0.52889
-0.5289
-0.528911
-0.528922
-0.528933
-0.528945
-0.528956
-0.528968
-0.52898
-0.528993
-0.529005
-0.529018
-0.529031
-0.529045
-0.529058
-0.529072
-0.529086
-0.529101
-0.529115
-0.52913
-0.529145
-0.52916
-0.529176
-0.529191
-0.529207
-0.529223
-0.52924
-0.529256
-0.529273
-0.52929
-0.529307
-0.529324
-0.529342
-0.529359
-0.529377
-0.529395
-0.529413
-0.529432
-0.52945
-0.529469
-0.529488
-0.529507
-0.529527
-0.529546
-0.529566
-0.529586
-0.529606
-0.529626
-0.529646
-0.529666
-0.529687
-0.529708
-0.529729
-0.52975
-0.529771
-0.529792
-0.529813
-0.529835
-0.529857
-0.529878
-0.5299
-0.529922
-0.529944
-0.529967
-0.529989
-0.530012
-0.530034
-0.530057
-0.53008
-0.530102
-0.530125
-0.530148
-0.530172
-0.530195
-0.530218
-0.530241
-0.530265
-0.530288
-0.530312
-0.530336
-0.530359
-0.530383
-0.530407
-0.530431
-0.530455
-0.530479
-0.530503
-0.530527
-0.530551
-0.530575
-0.530599
-0.530624
-0.530648
-0.530672
-0.530696
-0.530721
-0.530745
-0.530769
-0.530794
-0.530818
-0.530842
-0.530867
-0.530891
-0.530915
-0.53094
-0.530964
-0.530988
-0.531013
-0.531037
-0.531061
-0.531085
-0.53111
-0.531134
-0.531158
-0.531182
-0.531206
-0.53123
-0.531254
-0.531278
-0.531302
-0.531326
-0.53135
-0.531373
-0.531397
-0.53142
-0.531444
-0.531467
-0.531491
-0.531514
-0.531537
-0.53156
-0.531583
-0.531606
-0.531629
-0.531652
-0.531675
-0.531697
-0.53172
-0.531742
-0.531765
-0.531787
-0.531809
-0.531831
-0.531853
-0.531874
-0.531896
-0.531917
-0.531939
-0.53196
-0.531981
-0.532002
-0.532023
-0.532044
-0.532064
-0.532085
-0.532105
-0.532125
-0.532145
-0.532165
-0.532184
-0.532204
-0.532223
-0.532243
-0.532262
-0.53228
-0.532299
-0.532318
-0.532336
-0.532354
-0.532372
-0.53239
-0.532408
-0.532425
-0.532443
-0.53246
-0.532477
-0.532494
-0.53251
-0.532527
-0.532543
-0.532559
-0.532575
-0.53259
-0.532606
-0.532621
-0.532636
-0.532651
-0.532665
-0.53268
-0.532694
-0.532708
-0.532722
-0.532735
-0.532749
-0.532762
-0.532775
-0.532787
-0.5328
-0.532812
-0.532824
-0.532836
-0.532847
-0.532859
-0.53287
-0.532881
-0.532891
-0.532902
-0.532912
-0.532922
-0.532932
-0.532941
-0.532951
-0.53296
-0.532968
-0.532977
-0.532985
-0.532993
-0.533001
-0.533009
-0.533016
-0.533023
-0.53303
-0.533037
-0.533043
-0.533049
-0.533055
-0.533061
-0.533066
-0.533071
-0.533076
-0.533081
-0.533085
-0.533089
-0.533093
-0.533097
-0.5331
-0.533103
-0.533106
-0.533109
-0.533111
-0.533113
-0.533115
-0.533117
-0.533118
-0.533119
-0.53312
-0.533121
-0.533121
-0.533121
-0.533121
-0.533121
-0.53312
-0.533119
-0.533118
-0.533117
-0.533115
-0.533113
-0.533111
-0.533109
-0.533106
-0.533103
-0.5331
-0.533097
-0.533093
-0.533089
-0.533085
-0.533081
-0.533076
-0.533071
-0.533066
-0.533061
-0.533055
-0.533049
-0.533043
-0.533037
-0.53303
-0.533024
-0.533017
-0.533009
-0.533002
-0.532994
-0.532986
-0.532978
-0.532969
-0.532961
-0.532952
-0.532943
-0.532933
-0.532924
-0.532914
-0.532904
-0.532894
-0.532883
-0.532873
-0.532862
-0.532851
-0.532839
-0.532828
-0.532816
-0.532804
-0.532792
-0.532779
-0.532767
-0.532754
-0.532741
-0.532728
-0.532714
-0.532701
-0.532687
-0.532673
-0.532659
-0.532644
-0.532629
-0.532615
-0.5326
-0.532585
-0.532569
-0.532554
-0.532538
-0.532522
-0.532506
-0.53249
-0.532473
-0.532457
-0.53244
-0.532423
-0.532406
-0.532389
-0.532371
-0.532354
-0.532336
-0.532318
-0.5323
-0.532282
-0.532263
-0.532245
-0.532226
-0.532207
-0.532188
-0.532169
-0.53215
-0.532131
-0.532111
-0.532091
-0.532072
-0.532052
-0.532032
-0.532012
-0.531991
-0.531971
-0.531951
-0.53193
-0.531909
-0.531888
-0.531867
-0.531846
-0.531825
-0.531804
-0.531783
-0.531761
-0.53174
-0.531718
-0.531697
-0.531675
-0.531653
-0.531631
-0.531609
-0.531587
-0.531565
-0.531542
-0.53152
-0.531498
-0.531475
-0.531453
-0.53143
-0.531408
-0.531385
-0.531362
-0.531339
-0.531317
-0.531294
-0.531271
-0.531248
-0.531225
-0.531202
-0.531179
-0.531156
-0.531133
-0.53111
-0.531087
-0.531063
-0.53104
-0.531017
-0.530994
-0.530971
-0.530948
-0.530924
-0.530901
-0.530878
-0.530855
-0.530832
-0.530808
-0.530785
-0.530762
-0.530739
-0.530716
-0.530693
-0.53067
-0.530647
-0.530624
-0.530601
-0.530578
-0.530555
-0.530532
-0.530509
-0.530486
-0.530463
-0.530441
-0.530418
-0.530396
-0.530373
-0.530351
-0.530328
-0.530306
-0.530284
-0.530261
-0.530239
-0.530217
-0.530195
-0.530173
-0.530151
-0.53013
-0.530108
-0.530086
-0.530065
-0.530043
-0.530022
-0.530001
-0.52998
-0.529959
-0.529938
-0.529917
-0.529896
-0.529876
-0.529855
-0.529835
-0.529815
-0.529794
-0.529774
-0.529755
-0.529735
-0.529715
-0.529696
-0.529676
-0.529657
-0.529638
-0.529619
-0.5296
-0.529581
-0.529563
-0.529544
-0.529526
-0.529508
-0.52949
-0.529472
-0.529454
-0.529437
-0.529419
-0.529402
-0.529385
-0.529368
-0.529352
-0.529335
-0.529319
-0.529302
-0.529286
-0.52927
-0.529255
-0.529239
-0.529224
-0.529209
-0.529194
-0.529179
-0.529164
-0.52915
-0.529136
-0.529121
-0.529108
-0.529094
-0.52908
-0.529067
-0.529054
-0.529041
-0.529028
-0.529016
-0.529003
-0.528991
-0.528979
-0.528968
-0.528956
-0.528945
-0.528934
-0.528923
-0.528912
-0.528901
-0.528891
-0.528881
-0.528871
-0.528862
-0.528852
-0.528843
-0.528834
-0.528825
-0.528816
-0.528808
-0.5288
-0.528792
-0.528784
-0.528777
-0.52877
-0.528762
-0.528756
-0.528749
-0.528743
-0.528737
-0.528731
-0.528725
-0.528719
-0.528714
-0.528709
-0.528704
-0.5287
-0.528695
-0.528691
-0.528687
-0.528684
-0.52868
-0.528677
-0.528674
-0.528671
-0.528669
-0.528666
-0.528664
-0.528663
-0.528661
-0.52866
-0.528658
-0.528657
-0.528657
-0.528656
-0.528656
-0.528656
-0.528656
-0.528657
-0.528657
-0.528658
-0.528659
-0.528661
-0.528662
-0.528664
-0.528666
-0.528668
-0.528671
-0.528674
-0.528677
-0.52868
-0.528683
-0.528687
-0.528691
-0.528695
-0.528699
-0.528703
-0.528708
-0.528713
-0.528718
-0.528724
-0.528729
-0.528735
-0.528741
-0.528747
-0.528754
-0.52876
-0.528767
-0.528774
-0.528781
-0.528789
-0.528797
-0.528805
-0.528813
-0.528821
-0.528829
-0.528838
-0.528847
-0.528856
-0.528866
-0.528875
-0.528885
-0.528895
-0.528905
-0.528915
-0.528926
-0.528936
-0.528947
-0.528958
-0.528969
-0.528981
-0.528992
-0.529004
-0.529016
-0.529028
-0.529041
-0.529053
-0.529066
-0.529079
-0.529092
-0.529105
-0.529118
-0.529132
-0.529146
-0.529159
-0.529173
-0.529188
-0.529202
-0.529216
-0.529231
-0.529246
-0.529261
-0.529276
-0.529291
-0.529307
-0.529322
-0.529338
-0.529354
-0.52937
-0.529386
-0.529402
-0.529418
-0.529435
-0.529451
-0.529468
-0.529485
-0.529502
-0.529519
-0.529536
-0.529554
-0.529571
-0.529589
-0.529607
-0.529624
-0.529642
-0.52966
-0.529678
-0.529697
-0.529715
-0.529733
-0.529752
-0.529771
-0.529789
-0.529808
-0.529827
-0.529846
-0.529865
-0.529884
-0.529903
-0.529922
-0.529942
-0.529961
-0.529981
-0.53
-0.53002
-0.530039
-0.530059
-0.530079
-0.530099
-0.530119
-0.530139
-0.530159
-0.530179
-0.530199
-0.530219
-0.530239
-0.530259
-0.530279
-0.5303
-0.53032
-0.53034
-0.53036
-0.530381
-0.530401
-0.530422
-0.530442
-0.530462
-0.530483
-0.530503
-0.530524
-0.530544
-0.530565
-0.530585
-0.530605
-0.530626
-0.530646
-0.530667
-0.530687
-0.530708
-0.530728
-0.530748
-0.530769
-0.530789
-0.530809
-0.530829
-0.53085
-0.53087
-0.53089
-0.53091
-0.53093
-0.53095
-0.53097
-0.53099
-0.53101
-0.53103
-0.53105
-0.531069
-0.531089
-0.531109
-0.531128
-0.531148
-0.531167
-0.531186
-0.531206
-0.531225
-0.531244
-0.531263
-0.531282
-0.531301
-0.53132
-0.531338
-0.531357
-0.531376
-0.531394
-0.531412
-0.531431
-0.531449
-0.531467
-0.531485
-0.531503
-0.53152
-0.531538
-0.531556
-0.531573
-0.53159
-0.531608
-0.531625
-0.531642
-0.531658
-0.531675
-0.531692
-0.531708
-0.531724
-0.531741
-0.531757
-0.531773
-0.531788
-0.531804
-0.531819
-0.531835
-0.53185
-0.531865
-0.53188
-0.531895
-0.531909
-0.531924
-0.531938
-0.531952
-0.531966
-0.53198
-0.531994
-0.532008
-0.532021
-0.532034
-0.532047
-0.53206
-0.532073
-0.532085
-0.532098
-0.53211
-0.532122
-0.532134
-0.532145
-0.532157
-0.532168
-0.532179
-0.53219
-0.532201
-0.532212
-0.532222
-0.532232
-0.532242
-0.532252
-0.532262
-0.532271
-0.532281
-0.53229
-0.532299
-0.532307
-0.532316
-0.532324
-0.532332
-0.53234
-0.532348
-0.532355
-0.532363
-0.53237
-0.532377
-0.532383
-0.53239
-0.532396
-0.532402
-0.532408
-0.532414
-0.532419
-0.532424
-0.53243
-0.532434
-0.532439
-0.532443
-0.532448
-0.532452
-0.532456
-0.532459
-0.532462
-0.532466
-0.532469
-0.532471
-0.532474
-0.532476
-0.532478
-0.53248
-0.532482
-0.532483
-0.532485
-0.532486
-0.532486
-0.532487
-0.532487
-0.532488
-0.532488
-0.532487
-0.532487
-0.532486
-0.532485
-0.532484
-0.532483
-0.532481
-0.53248
-0.532478
-0.532476
-0.532473
-0.532471
-0.532468
-0.532465
-0.532462
-0.532458
-0.532455
-0.532451
-0.532447
-0.532442
-0.532438
-0.532433
-0.532428
-0.532423
-0.532418
-0.532412
-0.532407
-0.532401
-0.532395
-0.532388
-0.532382
-0.532375
-0.532368
-0.532361
-0.532354
-0.532346
-0.532339
-0.532331
-0.532323
-0.532314
-0.532306
-0.532297
-0.532288
-0.532279
-0.53227
-0.53226
-0.532251
-0.532241
-0.532231
-0.532221
-0.53221
-0.5322
-0.532189
-0.532178
-0.532167
-0.532156
-0.532145
-0.532133
-0.532121
-0.532109
-0.532097
-0.532085
-0.532072
-0.53206
-0.532047
-0.532034
-0.532021
-0.532008
-0.531994
-0.531981
-0.531967
-0.531953
-0.531939
-0.531925
-0.53191
-0.531896
-0.531881
-0.531866
-0.531852
-0.531836
-0.531821
-0.531806
-0.53179
-0.531775
-0.531759
-0.531743
-0.531727
-0.531711
-0.531695
-0.531679
-0.531662
-0.531645
-0.531629
-0.531612
-0.531595
-0.531578
-0.531561
-0.531543
-0.531526
-0.531508
-0.531491
-0.531473
-0.531455
-0.531438
-0.53142
-0.531401
-0.531383
-0.531365
-0.531347
-0.531328
-0.53131
-0.531291
-0.531273
-0.531254
-0.531235
-0.531216
-0.531197
-0.531178
-0.531159
-0.53114
-0.531121
-0.531102
-0.531082
-0.531063
-0.531044
-0.531024
-0.531005
-0.530985
-0.530965
-0.530946
-0.530926
-0.530906
-0.530887
-0.530867
-0.530847
-0.530827
-0.530807
-0.530787
-0.530768
-0.530748
-0.530728
-0.530708
-0.530688
-0.530668
-0.530648
-0.530628
-0.530608
-0.530588
-0.530568
-0.530548
-0.530528
-0.530508
-0.530488
-0.530468
-0.530448
-0.530428
-0.530408
-0.530389
-0.530369
-0.530349
-0.530329
-0.530309
-0.53029
-0.53027
-0.53025
-0.530231
-0.530211
-0.530192
-0.530172
-0.530153
-0.530133
-0.530114
-0.530095
-0.530076
-0.530056
-0.530037
-0.530018
-0.529999
-0.529981
-0.529962
-0.529943
-0.529924
-0.529906
-0.529887
-0.529869
-0.52985
-0.529832
-0.529814
-0.529796
-0.529778
-0.52976
-0.529742
-0.529725
-0.529707
-0.529689
-0.529672
-0.529655
-0.529638
-0.52962
-0.529603
-0.529587
-0.52957
-0.529553
-0.529537
-0.52952
-0.529504
-0.529488
-0.529472
-0.529456
-0.52944
-0.529425
-0.529409
-0.529394
-0.529379
-0.529364
-0.529349
-0.529334
-0.529319
-0.529305
-0.52929
-0.529276
-0.529262
-0.529248
-0.529234
-0.529221
-0.529207
-0.529194
-0.529181
-0.529168
-0.529155
-0.529142
-0.52913
-0.529118
-0.529105
-0.529093
-0.529082
-0.52907
-0.529059
-0.529047
-0.529036
-0.529025
-0.529014
-0.529004
-0.528993
-0.528983
-0.528973
-0.528963
-0.528954
-0.528944
-0.528935
-0.528926
-0.528917
-0.528908
-0.5289
-0.528891
-0.528883
-0.528875
-0.528868
-0.52886
-0.528853
-0.528846
-0.528839
-0.528832
-0.528825
-0.528819
-0.528813
-0.528807
-0.528801
-0.528796
-0.52879
-0.528785
-0.52878
-0.528776
-0.528771
-0.528767
-0.528763
-0.528759
-0.528755
-0.528752
-0.528748
-0.528745
-0.528742
-0.52874
-0.528737
-0.528735
-0.528733
-0.528732
-0.52873
-0.528729
-0.528728
-0.528727
-0.528726
-0.528725
-0.528725
-0.528725
-0.528725
-0.528726
-0.528726
-0.528727
-0.528728
-0.528729
-0.528731
-0.528732
-0.528734
-0.528736
-0.528739
-0.528741
-0.528744
-0.528747
-0.52875
-0.528753
-0.528757
-0.528761
-0.528765
-0.528769
-0.528773
-0.528778
-0.528783
-0.528788
-0.528793
-0.528798
-0.528804
-0.52881
-0.528816
-0.528822
-0.528829
-0.528835
-0.528842
-0.528849
-0.528857
-0.528864
-0.528872
-0.52888
-0.528888
-0.528896
-0.528904
-0.528913
-0.528922
-0.528931
-0.52894
-0.52895
-0.528959
-0.528969
-0.528979
-0.528989
-0.529
-0.52901
-0.529021
-0.529032
-0.529043
-0.529055
-0.529066
-0.529078
-0.52909
-0.529102
-0.529114
-0.529126
-0.529139
-0.529151
-0.529164
-0.529177
-0.52919
-0.529204
-0.529217
-0.529231
-0.529245
-0.529259
-0.529273
-0.529287
-0.529302
-0.529317
-0.529331
-0.529346
-0.529361
-0.529377
-0.529392
-0.529407
-0.529423
-0.529439
-0.529455
-0.529471
-0.529487
-0.529503
-0.52952
-0.529537
-0.529553
-0.52957
-0.529587
-0.529604
-0.529621
-0.529639
-0.529656
-0.529674
-0.529691
-0.529709
-0.529727
-0.529745
-0.529763
-0.529781
-0.5298
-0.529818
-0.529837
-0.529855
-0.529874
-0.529893
-0.529911
-0.52993
-0.529949
-0.529969
-0.529988
-0.530007
-0.530026
-0.530046
-0.530065
-0.530085
-0.530104
-0.530124
-0.530144
-0.530164
-0.530184
-0.530203
-0.530223
-0.530243
-0.530264
-0.530284
-0.530304
-0.530324
-0.530344
-0.530365
-0.530385
-0.530405
-0.530426
-0.530446
-0.530467
-0.530487
-0.530507
-0.530528
-0.530549
-0.530569
-0.53059
-0.53061
-0.530631
-0.530651
-0.530672
-0.530693
-0.530713
-0.530734
-0.530754
-0.530775
-0.530795
-0.530816
-0.530836
-0.530857
-0.530877
-0.530898
-0.530918
-0.530939
-0.530959
-0.53098
-0.531
-0.53102
-0.531041
-0.531061
-0.531081
-0.531101
-0.531121
-0.531141
-0.531161
-0.531181
-0.531201
-0.531221
-0.531241
-0.53126
-0.53128
-0.5313
-0.531319
-0.531339
-0.531358
-0.531377
-0.531396
-0.531416
-0.531435
-0.531454
-0.531473
-0.531491
-0.53151
-0.531529
-0.531547
-0.531566
-0.531584
-0.531602
-0.53162
-0.531638
-0.531656
-0.531674
-0.531692
-0.531709
-0.531727
-0.531744
-0.531761
-0.531779
-0.531796
-0.531812
-0.531829
-0.531846
-0.531862
-0.531879
-0.531895
-0.531911
-0.531927
-0.531943
-0.531958
-0.531974
-0.531989
-0.532005
-0.53202
-0.532035
-0.53205
-0.532064
-0.532079
-0.532093
-0.532107
-0.532121
-0.532135
-0.532149
-0.532162
-0.532176
-0.532189
-0.532202
-0.532215
-0.532228
-0.53224
-0.532252
-0.532265
-0.532277
-0.532288
-0.5323
-0.532312
-0.532323
-0.532334
-0.532345
-0.532356
-0.532366
-0.532377
-0.532387
-0.532397
-0.532406
-0.532416
-0.532425
-0.532435
-0.532444
-0.532452
-0.532461
-0.53247
-0.532478
-0.532486
-0.532494
-0.532501
-0.532509
-0.532516
-0.532523
-0.53253
-0.532536
-0.532543
-0.532549
-0.532555
-0.532561
-0.532566
-0.532571
-0.532577
-0.532581
-0.532586
-0.532591
-0.532595
-0.532599
-0.532603
-0.532607
-0.53261
-0.532613
-0.532616
-0.532619
-0.532621
-0.532624
-0.532626
-0.532628
-0.53263
-0.532631
-0.532632
-0.532633
-0.532634
-0.532635
-0.532635
-0.532635
-0.532635
-0.532635
-0.532634
-0.532634
-0.532633
-0.532632
-0.53263
-0.532629
-0.532627
-0.532625
-0.532623
-0.53262
-0.532618
-0.532615
-0.532612
-0.532608
-0.532605
-0.532601
-0.532597
-0.532593
-0.532589
-0.532584
-0.532579
-0.532574
-0.532569
-0.532564
-0.532558
-0.532552
-0.532546
-0.53254
-0.532533
-0.532527
-0.53252
-0.532513
-0.532505
-0.532498
-0.53249
-0.532482
-0.532474
-0.532466
-0.532458
-0.532449
-0.53244
-0.532431
-0.532422
-0.532412
-0.532402
-0.532393
-0.532383
-0.532372
-0.532362
-0.532351
-0.532341
-0.53233
-0.532319
-0.532307
-0.532296
-0.532284
-0.532272
-0.53226
-0.532248
-0.532236
-0.532223
-0.53221
-0.532197
-0.532184
-0.532171
-0.532158
-0.532144
-0.532131
-0.532117
-0.532103
-0.532089
-0.532074
-0.53206
-0.532045
-0.532031
-0.532016
-0.532001
-0.531985
-0.53197
-0.531955
-0.531939
-0.531923
-0.531907
-0.531891
-0.531875
-0.531859
-0.531843
-0.531826
-0.53181
-0.531793
-0.531776
-0.531759
-0.531742
-0.531725
-0.531707
-0.53169
-0.531673
-0.531655
-0.531637
-0.531619
-0.531601
-0.531583
-0.531565
-0.531547
-0.531529
-0.531511
-0.531492
-0.531474
-0.531455
-0.531436
-0.531418
-0.531399
-0.53138
-0.531361
-0.531342
-0.531323
-0.531304
-0.531285
-0.531266
-0.531246
-0.531227
-0.531208
-0.531188
-0.531169
-0.531149
-0.53113
-0.53111
-0.531091
-0.531071
-0.531051
-0.531032
-0.531012
-0.530992
-0.530972
-0.530953
-0.530933
-0.530913
-0.530893
-0.530874
-0.530854
-0.530834
-0.530814
-0.530795
-0.530775
-0.530755
-0.530735
-0.530716
-0.530696
-0.530676
-0.530657
-0.530637
-0.530617
-0.530598
-0.530578
-0.530559
-0.530539
-0.53052
-0.530501
-0.530481
-0.530462
-0.530443
-0.530424
-0.530405
-0.530386
-0.530367
-0.530348
-0.530329
-0.53031
-0.530291
-0.530273
-0.530254
-0.530236
-0.530217
-0.530199
-0.530181
-0.530163
-0.530145
-0.530127
-0.530109
-0.530091
-0.530074
-0.530056
-0.530039
-0.530021
-0.530004
-0.529987
-0.52997
-0.529953
-0.529937
-0.52992
-0.529904
-0.529887
-0.529871
-0.529855
-0.529839
-0.529823
-0.529808
-0.529792
-0.529777
-0.529762
-0.529747
-0.529732
-0.529717
-0.529702
-0.529688
-0.529674
-0.52966
-0.529646
-0.529632
-0.529618
-0.529605
-0.529592
-0.529579
-0.529566
-0.529553
-0.529541
-0.529528
-0.529516
-0.529504
-0.529492
-0.529481
-0.529469
-0.529458
-0.529447
-0.529436
-0.529426
-0.529416
-0.529405
-0.529395
-0.529386
-0.529376
-0.529367
-0.529358
-0.529349
-0.52934
-0.529332
-0.529324
-0.529316
-0.529308
-0.5293
-0.529293
-0.529286
-0.529279
-0.529272
-0.529266
-0.52926
-0.529254
-0.529248
-0.529243
-0.529238
-0.529233
-0.529228
-0.529224
-0.52922
-0.529216
-0.529212
-0.529208
-0.529205
-0.529202
-0.5292
-0.529197
-0.529195
-0.529193
-0.529192
-0.52919
-0.529189
-0.529188
-0.529188
-0.529187
-0.529187
-0.529187
-0.529188
-0.529189
-0.52919
-0.529191
-0.529192
-0.529194
-0.529196
-0.529199
-0.529201
-0.529204
-0.529207
-0.529211
-0.529215
-0.529219
-0.529223
-0.529228
-0.529232
-0.529238
-0.529243
-0.529249
-0.529255
-0.529261
-0.529267
-0.529274
-0.529281
-0.529289
-0.529296
-0.529304
-0.529312
-0.529321
-0.52933
-0.529339
-0.529348
-0.529357
-0.529367
-0.529378
-0.529388
-0.529399
-0.52941
-0.529421
-0.529433
-0.529444
-0.529456
-0.529469
-0.529482
-0.529494
-0.529508
-0.529521
-0.529535
-0.529549
-0.529563
-0.529578
-0.529593
-0.529608
-0.529623
-0.529639
-0.529655
-0.529671
-0.529688
-0.529705
-0.529722
-0.529739
-0.529757
-0.529775
-0.529793
-0.529811
-0.52983
-0.529849
-0.529868
-0.529887
-0.529907
-0.529927
-0.529947
-0.529967
-0.529988
-0.530009
-0.53003
-0.530052
-0.530074
-0.530096
-0.530118
-0.53014
-0.530163
-0.530186
-0.530209
-0.530233
-0.530256
-0.53028
-0.530304
-0.530329
-0.530353
-0.530378
-0.530403
-0.530429
-0.530454
-0.53048
-0.530506
-0.530532
-0.530558
-0.530585
-0.530612
-0.530639
-0.530666
-0.530694
-0.530721
-0.530749
-0.530777
-0.530806
-0.530834
-0.530863
-0.530892
-0.530921
-0.53095
-0.53098
-0.531009
-0.531039
-0.531069
-0.531099
-0.53113
-0.53116
-0.531191
-0.531222
-0.531253
-0.531284
-0.531316
-0.531347
-0.531379
-0.531411
-0.531443
-0.531475
-0.531508
-0.53154
-0.531573
-0.531606
-0.531639
-0.531672
-0.531705
-0.531739
-0.531772
-0.531806
-0.531839
-0.531873
-0.531907
-0.531941
-0.531976
-0.53201
-0.532045
-0.532079
-0.532114
-0.532149
-0.532184
-0.532219
-0.532254
-0.532289
-0.532324
-0.532359
-0.532395
-0.53243
-0.532466
-0.532502
-0.532537
-0.532573
-0.532609
-0.532645
-0.532681
-0.532717
-0.532753
-0.53279
-0.532826
-0.532862
-0.532899
-0.532935
-0.532971
-0.533008
-0.533044
-0.533081
-0.533118
-0.533154
-0.533191
-0.533227
-0.533264
-0.533301
-0.533338
-0.533374
-0.533411
-0.533448
-0.533484
-0.533521
-0.533558
-0.533595
-0.533631
-0.533668
-0.533705
-0.533741
-0.533778
-0.533815
-0.533851
-0.533888
-0.533924
-0.533961
-0.533997
-0.534034
-0.53407
-0.534106
-0.534142
-0.534179
-0.534215
-0.534251
-0.534287
-0.534323
-0.534359
-0.534395
-0.534431
-0.534466
-0.534502
-0.534537
-0.534573
-0.534608
-0.534644
-0.534679
-0.534714
-0.534749
-0.534784
-0.534819
-0.534853
-0.534888
-0.534923
-0.534957
-0.534991
-0.535025
-0.535059
-0.535093
-0.535127
-0.535161
-0.535194
-0.535228
-0.535261
-0.535294
-0.535327
-0.53536
-0.535393
-0.535425
-0.535458
-0.53549
-0.535522
-0.535554
-0.535586
-0.535618
-0.535649
-0.535681
-0.535712
-0.535743
-0.535774
-0.535804
-0.535835
-0.535865
-0.535895
-0.535925
-0.535955
-0.535985
-0.536014
-0.536043
-0.536072
-0.536101
-0.53613
-0.536158
-0.536186
-0.536215
-0.536242
-0.53627
-0.536298
-0.536325
-0.536352
-0.536379
-0.536405
-0.536432
-0.536458
-0.536484
-0.53651
-0.536535
-0.53656
-0.536585
-0.53661
-0.536635
-0.536659
-0.536684
-0.536708
-0.536731
-0.536755
-0.536778
-0.536801
-0.536824
-0.536847
-0.536869
-0.536891
-0.536913
-0.536934
-0.536956
-0.536977
-0.536998
-0.537018
-0.537039
-0.537059
-0.537079
-0.537099
-0.537118
-0.537137
-0.537156
-0.537175
-0.537193
-0.537211
-0.537229
-0.537247
-0.537264
-0.537282
-0.537298
-0.537315
-0.537331
-0.537348
-0.537363
-0.537379
-0.537395
-0.53741
-0.537424
-0.537439
-0.537453
-0.537468
-0.537481
-0.537495
-0.537508
-0.537521
-0.537534
-0.537547
-0.537559
-0.537571
-0.537583
-0.537594
-0.537606
-0.537617
-0.537628
-0.537638
-0.537648
-0.537658
-0.537668
-0.537678
-0.537687
-0.537696
-0.537705
-0.537713
-0.537722
-0.53773
-0.537737
-0.537745
-0.537752
-0.537759
-0.537766
-0.537773
-0.537779
-0.537785
-0.537791
-0.537796
-0.537802
-0.537807
-0.537812
-0.537816
-0.537821
-0.537825
-0.537829
-0.537833
-0.537836
-0.53784
-0.537843
-0.537846
-0.537848
-0.537851
-0.537853
-0.537855
-0.537857
-0.537858
-0.537859
-0.537861
-0.537862
-0.537862
-0.537863
-0.537863
-0.537863
-0.537863
-0.537863
-0.537862
-0.537862
-0.537861
-0.53786
-0.537859
-0.537857
-0.537856
-0.537854
-0.537852
-0.53785
-0.537848
-0.537845
-0.537843
-0.53784
-0.537837
-0.537834
-0.537831
-0.537827
-0.537824
-0.53782
-0.537816
-0.537812
-0.537808
-0.537804
-0.5378
-0.537795
-0.53779
-0.537786
-0.537781
-0.537776
-0.537771
-0.537765
-0.53776
-0.537754
-0.537749
-0.537743
-0.537737
-0.537732
-0.537726
-0.53772
-0.537713
-0.537707
-0.537701
-0.537695
-0.537688
-0.537682
-0.537675
-0.537668
-0.537662
-0.537655
-0.537648
-0.537641
-0.537634
-0.537627
-0.53762
-0.537613
-0.537606
-0.537599
-0.537592
-0.537585
-0.537578
-0.53757
-0.537563
-0.537556
-0.537549
-0.537542
-0.537535
-0.537527
-0.53752
-0.537513
-0.537506
-0.537499
-0.537492
-0.537485
-0.537478
-0.537471
-0.537464
-0.537457
-0.53745
-0.537443
-0.537437
-0.53743
-0.537423
-0.537417
-0.53741
-0.537404
-0.537398
-0.537391
-0.537385
-0.537379
-0.537373
-0.537368
-0.537362
-0.537356
-0.537351
-0.537345
-0.53734
-0.537335
-0.53733
-0.537325
-0.537321
-0.537316
-0.537312
-0.537307
-0.537303
-0.537299
-0.537296
-0.537292
-0.537289
-0.537285
-0.537282
-0.537279
-0.537277
-0.537274
-0.537272
-0.53727
-0.537268
-0.537266
-0.537265
-0.537264
-0.537263
-0.537262
-0.537261
-0.537261
-0.537261
-0.537261
-0.537261
-0.537262
-0.537263
-0.537264
-0.537266
-0.537267
-0.537269
-0.537272
-0.537274
-0.537277
-0.53728
-0.537284
-0.537287
-0.537291
-0.537296
-0.5373
-0.537305
-0.537311
-0.537316
-0.537322
-0.537329
-0.537335
-0.537342
-0.537349
-0.537357
-0.537365
-0.537374
-0.537382
-0.537391
-0.537401
-0.537411
-0.537421
-0.537431
-0.537442
-0.537454
-0.537466
-0.537478
-0.53749
-0.537503
-0.537517
-0.53753
-0.537545
-0.537559
-0.537574
-0.53759
-0.537606
-0.537622
-0.537639
-0.537656
-0.537674
-0.537692
-0.53771
-0.537729
-0.537749
-0.537769
-0.537789
-0.53781
-0.537831
-0.537853
-0.537875
-0.537898
-0.537922
-0.537945
-0.53797
-0.537994
-0.53802
-0.538045
-0.538072
-0.538099
-0.538126
-0.538154
-0.538182
-0.538211
-0.53824
-0.53827
-0.538301
-0.538332
-0.538363
-0.538396
-0.538428
-0.538461
-0.538495
-0.538529
-0.538564
-0.5386
-0.538636
-0.538672
-0.538709
-0.538747
-0.538785
-0.538824
-0.538864
-0.538904
-0.538944
-0.538986
-0.539027
-0.53907
-0.539113
-0.539156
-0.5392
-0.539245
-0.539291
-0.539337
-0.539383
-0.53943
-0.539478
-0.539527
-0.539576
-0.539625
-0.539676
-0.539727
-0.539778
-0.539831
-0.539883
-0.539937
-0.539991
-0.540046
-0.540101
-0.540157
-0.540214
-0.540271
-0.540329
-0.540388
-0.540447
-0.540507
-0.540567
-0.540629
-0.54069
-0.540753
-0.540816
-0.54088
-0.540945
-0.54101
-0.541076
-0.541142
-0.541209
-0.541277
-0.541346
-0.541415
-0.541485
-0.541555
-0.541627
-0.541699
-0.541771
-0.541844
-0.541918
-0.541993
-0.542068
-0.542144
-0.542221
-0.542298
-0.542376
-0.542455
-0.542534
-0.542614
-0.542695
-0.542777
-0.542859
-0.542942
-0.543025
-0.543109
-0.543194
-0.54328
-0.543366
-0.543453
-0.543541
-0.543629
-0.543718
-0.543808
-0.543899
-0.54399
-0.544082
-0.544174
-0.544267
-0.544361
-0.544456
-0.544551
-0.544647
-0.544744
-0.544841
-0.544939
-0.545038
-0.545137
-0.545238
-0.545338
-0.54544
-0.545542
-0.545645
-0.545749
-0.545853
-0.545958
-0.546064
-0.54617
-0.546277
-0.546385
-0.546493
-0.546602
-0.546712
-0.546822
-0.546934
-0.547045
-0.547158
-0.547271
-0.547385
-0.547499
-0.547615
-0.547731
-0.547847
-0.547964
-0.548082
-0.548201
-0.54832
-0.54844
-0.548561
-0.548682
-0.548804
-0.548927
-0.54905
-0.549174
-0.549298
-0.549424
-0.54955
-0.549676
-0.549803
-0.549931
-0.55006
-0.550189
-0.550319
-0.550449
-0.55058
-0.550712
-0.550845
-0.550978
-0.551111
-0.551246
-0.551381
-0.551516
-0.551653
-0.55179
-0.551927
-0.552065
-0.552204
-0.552344
-0.552484
-0.552624
-0.552766
-0.552907
-0.55305
-0.553193
-0.553337
-0.553481
-0.553626
-0.553772
-0.553918
-0.554065
-0.554212
-0.55436
-0.554509
-0.554658
-0.554808
-0.554958
-0.555109
-0.555261
-0.555413
-0.555566
-0.555719
-0.555873
-0.556028
-0.556183
-0.556338
-0.556495
-0.556651
-0.556809
-0.556967
-0.557125
-0.557284
-0.557444
-0.557604
-0.557765
-0.557926
-0.558088
-0.55825
-0.558413
-0.558577
-0.558741
-0.558905
-0.559071
-0.559236
-0.559402
-0.559569
-0.559736
-0.559904
-0.560072
-0.560241
-0.560411
-0.560581
-0.560751
-0.560922
-0.561093
-0.561265
-0.561438
-0.561611
-0.561784
-0.561958
-0.562133
-0.562308
-0.562483
-0.562659
-0.562836
-0.563012
-0.56319
-0.563368
-0.563546
-0.563725
-0.563905
-0.564084
-0.564265
-0.564446
-0.564627
-0.564809
-0.564991
-0.565174
-0.565357
-0.565541
-0.565725
-0.565909
-0.566094
-0.56628
-0.566466
-0.566652
-0.566839
-0.567026
-0.567214
-0.567402
-0.567591
-0.56778
-0.56797
-0.56816
-0.56835
-0.568541
-0.568732
-0.568924
-0.569116
-0.569309
-0.569502
-0.569695
-0.569889
-0.570083
-0.570278
-0.570473
-0.570669
-0.570865
-0.571061
-0.571258
-0.571455
-0.571653
-0.571851
-0.57205
-0.572249
-0.572448
-0.572648
-0.572848
-0.573048
-0.573249
-0.573451
-0.573652
-0.573855
-0.574057
-0.57426
-0.574464
-0.574667
-0.574872
-0.575076
-0.575281
-0.575487
-0.575693
-0.575899
-0.576105
-0.576312
-0.57652
-0.576728
-0.576936
-0.577144
-0.577353
-0.577563
-0.577772
-0.577983
-0.578193
-0.578404
-0.578615
-0.578827
-0.579039
-0.579252
-0.579465
-0.579678
-0.579892
-0.580106
-0.580321
-0.580535
-0.580751
-0.580966
-0.581183
-0.581399
-0.581616
-0.581833
-0.582051
-0.582269
-0.582487
-0.582706
-0.582926
-0.583145
-0.583365
-0.583586
-0.583807
-0.584028
-0.58425
-0.584472
-0.584694
-0.584917
-0.585141
-0.585365
-0.585589
-0.585813
-0.586038
-0.586264
-0.58649
-0.586716
-0.586942
-0.58717
-0.587397
-0.587625
-0.587853
-0.588082
-0.588311
-0.588541
-0.588771
-0.589002
-0.589233
-0.589464
-0.589696
-0.589928
-0.590161
-0.590394
-0.590628
-0.590862
-0.591097
-0.591332
-0.591567
-0.591803
-0.592039
-0.592276
-0.592514
-0.592752
-0.59299
-0.593229
-0.593468
-0.593708
-0.593948
-0.594189
-0.59443
-0.594671
-0.594914
-0.595156
-0.5954
-0.595643
-0.595887
-0.596132
-0.596377
-0.596623
-0.59687
-0.597116
-0.597364
-0.597612
-0.59786
-0.598109
-0.598359
-0.598609
-0.598859
-0.59911
-0.599362
-0.599614
-0.599867
-0.600121
-0.600375
-0.600629
-0.600885
-0.60114
-0.601397
-0.601654
-0.601911
-0.602169
-0.602428
-0.602688
-0.602948
-0.603208
-0.60347
-0.603731
-0.603994
-0.604257
-0.604521
-0.604786
-0.605051
-0.605316
-0.605583
-0.60585
-0.606118
-0.606386
-0.606656
-0.606925
-0.607196
-0.607467
-0.607739
-0.608012
-0.608285
-0.608559
-0.608834
-0.60911
-0.609386
-0.609663
-0.609941
-0.610219
-0.610499
-0.610779
-0.61106
-0.611341
-0.611624
-0.611907
-0.612191
-0.612476
-0.612761
-0.613048
-0.613335
-0.613623
-0.613912
-0.614202
-0.614492
-0.614784
-0.615076
-0.615369
-0.615663
-0.615958
-0.616254
-0.61655
-0.616848
-0.617146
-0.617445
-0.617746
-0.618047
-0.618349
-0.618652
-0.618956
-0.61926
-0.619566
-0.619873
-0.620181
-0.620489
-0.620799
-0.62111
-0.621421
-0.621734
-0.622047
-0.622362
-0.622678
-0.622994
-0.623312
-0.623631
-0.62395
-0.624271
-0.624593
-0.624916
-0.62524
-0.625565
-0.625891
-0.626218
-0.626546
-0.626876
-0.627206
-0.627538
-0.627871
-0.628205
-0.62854
-0.628876
-0.629213
-0.629551
-0.629891
-0.630232
-0.630574
-0.630917
-0.631261
-0.631607
-0.631954
-0.632302
-0.632651
-0.633001
-0.633353
-0.633706
-0.63406
-0.634415
-0.634772
-0.63513
-0.635489
-0.635849
-0.636211
-0.636574
-0.636938
-0.637304
-0.637671
-0.638039
-0.638409
-0.63878
-0.639152
-0.639526
-0.639901
-0.640277
-0.640655
-0.641034
-0.641415
-0.641797
-0.64218
-0.642565
-0.642951
-0.643339
-0.643728
-0.644118
-0.64451
-0.644903
-0.645298
-0.645694
-0.646092
-0.646491
-0.646892
-0.647294
-0.647698
-0.648103
-0.64851
-0.648918
-0.649328
-0.649739
-0.650152
-0.650566
-0.650982
-0.651399
-0.651818
-0.652239
-0.652661
-0.653085
-0.65351
-0.653937
-0.654366
-0.654796
-0.655228
-0.655661
-0.656096
-0.656533
-0.656971
-0.657411
-0.657853
-0.658296
-0.658741
-0.659187
-0.659636
-0.660085
-0.660537
-0.66099
-0.661445
-0.661902
-0.662361
-0.662821
-0.663283
-0.663746
-0.664212
-0.664679
-0.665148
-0.665618
-0.666091
-0.666565
-0.66704
-0.667518
-0.667998
-0.668479
-0.668962
-0.669447
-0.669933
-0.670422
-0.670912
-0.671404
-0.671898
-0.672393
-0.672891
-0.67339
-0.673891
-0.674394
-0.674899
-0.675406
-0.675914
-0.676425
-0.676937
-0.677451
-0.677967
-0.678485
-0.679005
-0.679527
-0.68005
-0.680576
-0.681103
-0.681633
-0.682164
-0.682697
-0.683232
-0.683769
-0.684308
-0.684848
-0.685391
-0.685936
-0.686482
-0.687031
-0.687581
-0.688134
-0.688688
-0.689245
-0.689803
-0.690363
-0.690925
-0.691489
-0.692056
-0.692624
-0.693194
-0.693766
-0.69434
-0.694916
-0.695494
-0.696074
-0.696656
-0.69724
-0.697826
-0.698414
-0.699004
-0.699596
-0.700189
-0.700785
-0.701383
-0.701983
-0.702585
-0.703189
-0.703795
-0.704403
-0.705013
-0.705625
-0.706239
-0.706855
-0.707473
-0.708093
-0.708715
-0.709339
-0.709966
-0.710594
-0.711224
-0.711856
-0.71249
-0.713127
-0.713765
-0.714405
-0.715047
-0.715692
-0.716338
-0.716986
-0.717637
-0.718289
-0.718944
-0.7196
-0.720259
-0.720919
-0.721581
-0.722246
-0.722913
-0.723581
-0.724252
-0.724924
-0.725599
-0.726276
-0.726954
-0.727635
-0.728317
-0.729002
-0.729689
-0.730377
-0.731068
-0.731761
-0.732455
-0.733152
-0.733851
-0.734551
-0.735254
-0.735959
-0.736665
-0.737374
-0.738084
-0.738797
-0.739511
-0.740228
-0.740946
-0.741667
-0.742389
-0.743113
-0.74384
-0.744568
-0.745298
-0.74603
-0.746764
-0.7475
-0.748238
-0.748978
-0.74972
-0.750464
-0.751209
-0.751957
-0.752706
-0.753458
-0.754211
-0.754966
-0.755723
-0.756482
-0.757243
-0.758006
-0.75877
-0.759537
-0.760305
-0.761075
-0.761847
-0.762621
-0.763397
-0.764174
-0.764954
-0.765735
-0.766518
-0.767303
-0.76809
-0.768878
-0.769668
-0.77046
-0.771254
-0.77205
-0.772847
-0.773647
-0.774448
-0.77525
-0.776055
-0.776861
-0.777669
-0.778478
-0.77929
-0.780103
-0.780918
-0.781734
-0.782552
-0.783372
-0.784194
-0.785017
-0.785842
-0.786668
-0.787496
-0.788326
-0.789158
-0.789991
-0.790826
-0.791662
-0.7925
-0.793339
-0.79418
-0.795023
-0.795867
-0.796713
-0.79756
-0.798409
-0.79926
-0.800112
-0.800965
-0.80182
-0.802677
-0.803535
-0.804394
-0.805255
-0.806117
-0.806981
-0.807847
-0.808713
-0.809582
-0.810451
-0.811322
-0.812195
-0.813068
-0.813944
-0.81482
-0.815698
-0.816577
-0.817458
-0.81834
-0.819223
-0.820108
-0.820993
-0.821881
-0.822769
-0.823659
-0.82455
-0.825442
-0.826335
-0.82723
-0.828126
-0.829023
-0.829921
-0.830821
-0.831722
-0.832623
-0.833526
-0.834431
-0.835336
-0.836242
-0.83715
-0.838058
-0.838968
-0.839879
-0.840791
-0.841704
-0.842618
-0.843533
-0.844449
-0.845366
-0.846284
-0.847203
-0.848123
-0.849043
-0.849965
-0.850888
-0.851812
-0.852737
-0.853662
-0.854589
-0.855516
-0.856444
-0.857373
-0.858303
-0.859234
-0.860166
-0.861098
-0.862031
-0.862965
-0.8639
-0.864836
-0.865772
-0.866709
-0.867647
-0.868585
-0.869524
-0.870464
-0.871405
-0.872346
-0.873288
-0.87423
-0.875173
-0.876117
-0.877061
-0.878006
-0.878952
-0.879898
-0.880844
-0.881791
-0.882739
-0.883687
-0.884636
-0.885585
-0.886535
-0.887485
-0.888435
-0.889386
-0.890338
-0.891289
-0.892242
-0.893194
-0.894147
-0.895101
-0.896054
-0.897008
-0.897963
-0.898917
-0.899872
-0.900827
-0.901783
-0.902739
-0.903695
-0.904651
-0.905607
-0.906564
-0.907521
-0.908478
-0.909435
-0.910392
-0.91135
-0.912307
-0.913265
-0.914223
-0.915181
-0.916139
-0.917097
-0.918055
-0.919013
-0.919971
-0.920929
-0.921887
-0.922846
-0.923804
-0.924762
-0.92572
-0.926678
-0.927636
-0.928593
-0.929551
-0.930509
-0.931466
-0.932423
-0.933381
-0.934337
-0.935294
-0.936251
-0.937207
-0.938163
-0.939119
-0.940075
-0.94103
-0.941986
-0.942941
-0.943895
-0.944849
-0.945803
-0.946757
-0.94771
-0.948663
-0.949616
-0.950568
-0.95152
-0.952471
-0.953422
-0.954373
-0.955323
-0.956272
-0.957221
-0.95817
-0.959118
-0.960066
-0.961013
-0.96196
-0.962906
-0.963851
-0.964796
-0.965741
-0.966684
-0.967627
-0.96857
-0.969512
-0.970453
-0.971394
-0.972334
-0.973273
-0.974212
-0.97515
-0.976087
-0.977024
-0.977959
-0.978894
-0.979829
-0.980762
-0.981695
-0.982627
-0.983558
-0.984488
-0.985418
-0.986347
-0.987274
-0.988201
-0.989128
-0.990053
-0.990977
-0.991901
-0.992823
-0.993745
-0.994666
-0.995585
-0.996504
-0.997422
-0.998339
-0.999255
-1.00017
-1.00108
-1.002
-1.00291
-1.00382
-1.00473
-1.00564
-1.00655
-1.00745
-1.00836
-1.00926
-1.01016
-1.01107
-1.01197
-1.01287
-1.01377
-1.01466
-1.01556
-1.01646
-1.01735
-1.01824
-1.01913
-1.02002
-1.02091
-1.0218
-1.02269
-1.02357
-1.02446
-1.02534
-1.02622
-1.0271
-1.02798
-1.02886
-1.02974
-1.03061
-1.03149
-1.03236
-1.03323
-1.0341
-1.03497
-1.03584
-1.0367
-1.03757
-1.03843
-1.03929
-1.04015
-1.04101
-1.04187
-1.04272
-1.04358
-1.04443
-1.04528
-1.04613
-1.04698
-1.04783
-1.04867
-1.04952
-1.05036
-1.0512
-1.05204
-1.05288
-1.05371
-1.05455
-1.05538
-1.05621
-1.05704
-1.05787
-1.0587
-1.05953
-1.06035
-1.06117
-1.06199
-1.06281
-1.06363
-1.06445
-1.06526
-1.06607
-1.06688
-1.06769
-1.0685
-1.06931
-1.07011
-1.07092
-1.07172
-1.07252
-1.07331
-1.07411
-1.0749
-1.0757
-1.07649
-1.07728
-1.07807
-1.07885
-1.07964
-1.08042
-1.0812
-1.08198
-1.08276
-1.08353
-1.08431
-1.08508
-1.08585
-1.08662
-1.08738
-1.08815
-1.08891
-1.08967
-1.09043
-1.09119
-1.09195
-1.0927
-1.09345
-1.0942
-1.09495
-1.0957
-1.09645
-1.09719
-1.09793
-1.09867
-1.09941
-1.10015
-1.10088
-1.10161
-1.10234
-1.10307
-1.1038
-1.10452
-1.10525
-1.10597
-1.10669
-1.10741
-1.10812
-1.10884
-1.10955
-1.11026
-1.11097
-1.11167
-1.11238
-1.11308
-1.11378
-1.11448
-1.11518
-1.11587
-1.11657
-1.11726
-1.11795
-1.11864
-1.11932
-1.12001
-1.12069
-1.12137
-1.12205
-1.12272
-1.1234
-1.12407
-1.12474
-1.12541
-1.12608
-1.12674
-1.12741
-1.12807
-1.12873
-1.12938
-1.13004
-1.13069
-1.13135
-1.13199
-1.13264
-1.13329
-1.13393
-1.13457
-1.13522
-1.13585
-1.13649
-1.13712
-1.13776
-1.13839
-1.13902
-1.13964
-1.14027
-1.14089
-1.14151
-1.14213
-1.14275
-1.14336
-1.14398
-1.14459
-1.1452
-1.14581
-1.14641
-1.14702
-1.14762
-1.14822
-1.14882
-1.14941
-1.15001
-1.1506
-1.15119
-1.15178
-1.15237
-1.15295
-1.15353
-1.15411
-1.15469
-1.15527
-1.15585
-1.15642
-1.15699
-1.15756
-1.15813
-1.1587
-1.15926
-1.15982
-1.16038
-1.16094
-1.1615
-1.16205
-1.1626
-1.16316
-1.1637
-1.16425
-1.1648
-1.16534
-1.16588
-1.16642
-1.16696
-1.1675
-1.16803
-1.16856
-1.16909
-1.16962
-1.17015
-1.17067
-1.1712
-1.17172
-1.17224
-1.17275
-1.17327
-1.17378
-1.1743
-1.17481
-1.17532
-1.17582
-1.17633
-1.17683
-1.17733
-1.17783
-1.17833
-1.17882
-1.17932
-1.17981
-1.1803
-1.18079
-1.18127
-1.18176
-1.18224
-1.18272
-1.1832
-1.18368
-1.18416
-1.18463
-1.1851
-1.18558
-1.18604
-1.18651
-1.18698
-1.18744
-1.1879
-1.18836
-1.18882
-1.18928
-1.18973
-1.19019
-1.19064
-1.19109
-1.19154
-1.19198
-1.19243
-1.19287
-1.19331
-1.19375
-1.19419
-1.19462
-1.19506
-1.19549
-1.19592
-1.19635
-1.19678
-1.1972
-1.19763
-1.19805
-1.19847
-1.19889
-1.19931
-1.19972
-1.20014
-1.20055
-1.20096
-1.20137
-1.20178
-1.20219
-1.20259
-1.20299
-1.20339
-1.20379
-1.20419
-1.20459
-1.20498
-1.20537
-1.20577
-1.20616
-1.20654
-1.20693
-1.20732
-1.2077
-1.20808
-1.20846
-1.20884
-1.20922
-1.20959
-1.20997
-1.21034
-1.21071
-1.21108
-1.21144
-1.21181
-1.21218
-1.21254
-1.2129
-1.21326
-1.21362
-1.21397
-1.21433
-1.21468
-1.21504
-1.21539
-1.21574
-1.21608
-1.21643
-1.21677
-1.21712
-1.21746
-1.2178
-1.21814
-1.21847
-1.21881
-1.21914
-1.21948
-1.21981
-1.22014
-1.22047
-1.22079
-1.22112
-1.22144
-1.22177
-1.22209
-1.22241
-1.22272
-1.22304
-1.22336
-1.22367
-1.22398
-1.22429
-1.2246
-1.22491
-1.22522
-1.22552
-1.22583
-1.22613
-1.22643
-1.22673
-1.22703
-1.22733
-1.22762
-1.22792
-1.22821
-1.2285
-1.22879
-1.22908
-1.22937
-1.22965
-1.22994
-1.23022
-1.2305
-1.23078
-1.23106
-1.23134
-1.23162
-1.23189
-1.23217
-1.23244
-1.23271
-1.23298
-1.23325
-1.23352
-1.23378
-1.23405
-1.23431
-1.23457
-1.23483
-1.23509
-1.23535
-1.23561
-1.23586
-1.23612
-1.23637
-1.23662
-1.23687
-1.23712
-1.23737
-1.23762
-1.23786
-1.2381
-1.23835
-1.23859
-1.23883
-1.23907
-1.23931
-1.23954
-1.23978
-1.24001
-1.24025
-1.24048
-1.24071
-1.24094
-1.24117
-1.24139
-1.24162
-1.24184
-1.24207
-1.24229
-1.24251
-1.24273
-1.24295
-1.24316
-1.24338
-1.24359
-1.24381
-1.24402
-1.24423
-1.24444
-1.24465
-1.24486
-1.24507
-1.24527
-1.24548
-1.24568
-1.24588
-1.24608
-1.24628
-1.24648
-1.24668
-1.24687
-1.24707
-1.24726
-1.24746
-1.24765
-1.24784
-1.24803
-1.24822
-1.2484
-1.24859
-1.24877
-1.24896
-1.24914
-1.24932
-1.2495
-1.24968
-1.24986
-1.25004
-1.25021
-1.25039
-1.25056
-1.25074
-1.25091
-1.25108
-1.25125
-1.25142
-1.25159
-1.25175
-1.25192
-1.25208
-1.25225
-1.25241
-1.25257
-1.25273
-1.25289
-1.25305
-1.2532
-1.25336
-1.25352
-1.25367
-1.25382
-1.25397
-1.25413
-1.25428
-1.25442
-1.25457
-1.25472
-1.25486
-1.25501
-1.25515
-1.2553
-1.25544
-1.25558
-1.25572
-1.25586
-1.256
-1.25613
-1.25627
-1.2564
-1.25654
-1.25667
-1.2568
-1.25693
-1.25706
-1.25719
-1.25732
-1.25745
-1.25757
-1.2577
-1.25782
-1.25795
-1.25807
-1.25819
-1.25831
-1.25843
-1.25855
-1.25867
-1.25878
-1.2589
-1.25901
-1.25913
-1.25924
-1.25935
-1.25946
-1.25957
-1.25968
-1.25979
-1.2599
-1.26001
-1.26011
-1.26022
-1.26032
-1.26042
-1.26053
-1.26063
-1.26073
-1.26083
-1.26093
-1.26102
-1.26112
-1.26122
-1.26131
-1.26141
-1.2615
-1.26159
-1.26168
-1.26178
-1.26187
-1.26195
-1.26204
-1.26213
-1.26222
-1.2623
-1.26239
-1.26247
-1.26256
-1.26264
-1.26272
-1.2628
-1.26288
-1.26296
-1.26304
-1.26312
-1.26319
-1.26327
-1.26335
-1.26342
-1.26349
-1.26357
-1.26364
-1.26371
-1.26378
-1.26385
-1.26392
-1.26399
-1.26406
-1.26412
-1.26419
-1.26425
-1.26432
-1.26438
-1.26444
-1.26451
-1.26457
-1.26463
-1.26469
-1.26475
-1.26481
-1.26487
-1.26492
-1.26498
-1.26503
-1.26509
-1.26514
-1.2652
-1.26525
-1.2653
-1.26535
-1.26541
-1.26546
-1.2655
-1.26555
-1.2656
-1.26565
-1.2657
-1.26574
-1.26579
-1.26583
-1.26588
-1.26592
-1.26596
-1.266
-1.26605
-1.26609
-1.26613
-1.26617
-1.26621
-1.26624
-1.26628
-1.26632
-1.26636
-1.26639
-1.26643
-1.26646
-1.2665
-1.26653
-1.26656
-1.2666
-1.26663
-1.26666
-1.26669
-1.26672
-1.26675
-1.26678
-1.26681
-1.26683
-1.26686
-1.26689
-1.26691
-1.26694
-1.26696
-1.26699
-1.26701
-1.26704
-1.26706
-1.26708
-1.2671
-1.26712
-1.26715
-1.26717
-1.26719
-1.26721
-1.26722
-1.26724
-1.26726
-1.26728
-1.26729
-1.26731
-1.26733
-1.26734
-1.26736
-1.26737
-1.26739
-1.2674
-1.26741
-1.26743
-1.26744
-1.26745
-1.26746
-1.26747
-1.26748
-1.26749
-1.2675
-1.26751
-1.26752
-1.26753
-1.26754
-1.26755
-1.26756
-1.26756
-1.26757
-1.26758
-1.26758
-1.26759
-1.26759
-1.2676
-1.2676
-1.26761
-1.26761
-1.26761
-1.26762
-1.26762
-1.26762
-1.26762
-1.26763
-1.26763
-1.26763
-1.26763
-1.26763
-1.26763
-1.26763
-1.26763
-1.26763
-1.26763
-1.26763
-1.26763
-1.26762
-1.26762
-1.26762
-1.26762
-1.26762
-1.26761
-1.26761
-1.26761
-1.2676
-1.2676
-1.26759
-1.26759
-1.26759
-1.26758
-1.26758
-1.26757
-1.26757
-1.26756
-1.26755
-1.26755
-1.26754
-1.26753
-1.26753
-1.26752
-1.26751
-1.26751
-1.2675
-1.26749
-1.26749
-1.26748
-1.26747
-1.26746
-1.26745
-1.26745
-1.26744
-1.26743
-1.26742
-1.26741
-1.2674
-1.26739
-1.26738
-1.26738
-1.26737
-1.26736
-1.26735
-1.26734
-1.26733
-1.26732
-1.26731
-1.2673
-1.26729
-1.26728
-1.26727
-1.26726
-1.26725
-1.26724
-1.26723
-1.26722
-1.26721
-1.2672
-1.26719
-1.26718
-1.26717
-1.26716
-1.26715
-1.26714
-1.26712
-1.26711
-1.2671
-1.26709
-1.26708
-1.26707
-1.26706
-1.26705
-1.26704
-1.26703
-1.26702
-1.26701
-1.267
-1.26699
-1.26698
-1.26697
-1.26696
-1.26695
-1.26694
-1.26693
-1.26692
-1.26691
-1.2669
-1.26689
-1.26688
-1.26687
-1.26686
-1.26685
-1.26685
-1.26684
-1.26683
-1.26682
-1.26681
-1.2668
-1.26679
-1.26678
-1.26678
-1.26677
-1.26676
-1.26675
-1.26674
-1.26674
-1.26673
-1.26672
-1.26671
-1.26671
-1.2667
-1.26669
-1.26669
-1.26668
-1.26667
-1.26667
-1.26666
-1.26666
-1.26665
-1.26664
-1.26664
-1.26663
-1.26663
-1.26662
-1.26662
-1.26661
-1.26661
-1.26661
-1.2666
-1.2666
-1.26659
-1.26659
-1.26659
-1.26658
-1.26658
-1.26658
-1.26658
-1.26657
-1.26657
-1.26657
-1.26657
-1.26657
-1.26657
-1.26657
-1.26656
-1.26656
-1.26656
-1.26656
-1.26656
-1.26656
-1.26656
-1.26657
-1.26657
-1.26657
-1.26657
-1.26657
-1.26657
-1.26657
-1.26658
-1.26658
-1.26658
-1.26659
-1.26659
-1.26659
-1.2666
-1.2666
-1.2666
-1.26661
-1.26661
-1.26662
-1.26662
-1.26663
-1.26664
-1.26664
-1.26665
-1.26665
-1.26666
-1.26667
-1.26667
-1.26668
-1.26669
-1.2667
-1.26671
-1.26671
-1.26672
-1.26673
-1.26674
-1.26675
-1.26676
-1.26677
-1.26678
-1.26679
-1.2668
-1.26681
-1.26682
-1.26683
-1.26684
-1.26686
-1.26687
-1.26688
-1.26689
-1.26691
-1.26692
-1.26693
-1.26695
-1.26696
-1.26697
-1.26699
-1.267
-1.26702
-1.26703
-1.26705
-1.26706
-1.26708
-1.26709
-1.26711
-1.26712
-1.26714
-1.26716
-1.26717
-1.26719
-1.26721
-1.26723
-1.26724
-1.26726
-1.26728
-1.2673
-1.26732
-1.26734
-1.26735
-1.26737
-1.26739
-1.26741
-1.26743
-1.26745
-1.26747
-1.26749
-1.26751
-1.26753
-1.26755
-1.26758
-1.2676
-1.26762
-1.26764
-1.26766
-1.26768
-1.2677
-1.26773
-1.26775
-1.26777
-1.26779
-1.26782
-1.26784
-1.26786
-1.26789
-1.26791
-1.26793
-1.26796
-1.26798
-1.268
-1.26803
-1.26805
-1.26808
-1.2681
-1.26812
-1.26815
-1.26817
-1.2682
-1.26822
-1.26825
-1.26827
-1.2683
-1.26832
-1.26835
-1.26837
-1.2684
-1.26842
-1.26845
-1.26848
-1.2685
-1.26853
-1.26855
-1.26858
-1.2686
-1.26863
-1.26866
-1.26868
-1.26871
-1.26873
-1.26876
-1.26879
-1.26881
-1.26884
-1.26886
-1.26889
-1.26892
-1.26894
-1.26897
-1.26899
-1.26902
-1.26905
-1.26907
-1.2691
-1.26912
-1.26915
-1.26917
-1.2692
-1.26922
-1.26925
-1.26928
-1.2693
-1.26933
-1.26935
-1.26938
-1.2694
-1.26943
-1.26945
-1.26948
-1.2695
-1.26952
-1.26955
-1.26957
-1.2696
-1.26962
-1.26964
-1.26967
-1.26969
-1.26971
-1.26974
-1.26976
-1.26978
-1.26981
-1.26983
-1.26985
-1.26987
-1.26989
-1.26992
-1.26994
-1.26996
-1.26998
-1.27
-1.27002
-1.27004
-1.27006
-1.27008
-1.2701
-1.27012
-1.27014
-1.27016
-1.27018
-1.27019
-1.27021
-1.27023
-1.27025
-1.27026
-1.27028
-1.2703
-1.27031
-1.27033
-1.27034
-1.27036
-1.27037
-1.27039
-1.2704
-1.27041
-1.27043
-1.27044
-1.27045
-1.27047
-1.27048
-1.27049
-1.2705
-1.27051
-1.27052
-1.27053
-1.27054
-1.27055
-1.27056
-1.27057
-1.27057
-1.27058
-1.27059
-1.27059
-1.2706
-1.27061
-1.27061
-1.27061
-1.27062
-1.27062
-1.27063
-1.27063
-1.27063
-1.27063
-1.27063
-1.27063
-1.27063
-1.27063
-1.27063
-1.27063
-1.27063
-1.27063
-1.27062
-1.27062
-1.27061
-1.27061
-1.2706
-1.2706
-1.27059
-1.27058
-1.27058
-1.27057
-1.27056
-1.27055
-1.27054
-1.27053
-1.27051
-1.2705
-1.27049
-1.27048
-1.27046
-1.27045
-1.27043
-1.27042
-1.2704
-1.27038
-1.27036
-1.27035
-1.27033
-1.27031
-1.27028
-1.27026
-1.27024
-1.27022
-1.27019
-1.27017
-1.27014
-1.27012
-1.27009
-1.27007
-1.27004
-1.27001
-1.26998
-1.26995
-1.26992
-1.26989
-1.26985
-1.26982
-1.26979
-1.26975
-1.26971
-1.26968
-1.26964
-1.2696
-1.26956
-1.26952
-1.26948
-1.26944
-1.2694
-1.26936
-1.26931
-1.26927
-1.26922
-1.26918
-1.26913
-1.26908
-1.26903
-1.26899
-1.26893
-1.26888
-1.26883
-1.26878
-1.26872
-1.26867
-1.26861
-1.26856
-1.2685
-1.26844
-1.26838
-1.26832
-1.26826
-1.2682
-1.26814
-1.26807
-1.26801
-1.26794
-1.26788
-1.26781
-1.26774
-1.26767
-1.2676
-1.26753
-1.26746
-1.26739
-1.26731
-1.26724
-1.26716
-1.26709
-1.26701
-1.26693
-1.26685
-1.26677
-1.26669
-1.26661
-1.26653
-1.26644
-1.26636
-1.26627
-1.26618
-1.2661
-1.26601
-1.26592
-1.26583
-1.26574
-1.26564
-1.26555
-1.26546
-1.26536
-1.26526
-1.26517
-1.26507
-1.26497
-1.26487
-1.26477
-1.26466
-1.26456
-1.26446
-1.26435
-1.26424
-1.26414
-1.26403
-1.26392
-1.26381
-1.2637
-1.26359
-1.26347
-1.26336
-1.26324
-1.26313
-1.26301
-1.26289
-1.26277
-1.26265
-1.26253
-1.26241
-1.26229
-1.26216
-1.26204
-1.26191
-1.26179
-1.26166
-1.26153
-1.2614
-1.26127
-1.26114
-1.261
-1.26087
-1.26074
-1.2606
-1.26046
-1.26033
-1.26019
-1.26005
-1.25991
-1.25977
-1.25962
-1.25948
-1.25934
-1.25919
-1.25904
-1.2589
-1.25875
-1.2586
-1.25845
-1.2583
-1.25815
-1.25799
-1.25784
-1.25768
-1.25753
-1.25737
-1.25721
-1.25705
-1.2569
-1.25673
-1.25657
-1.25641
-1.25625
-1.25608
-1.25592
-1.25575
-1.25558
-1.25542
-1.25525
-1.25508
-1.25491
-1.25474
-1.25456
-1.25439
-1.25422
-1.25404
-1.25386
-1.25369
-1.25351
-1.25333
-1.25315
-1.25297
-1.25279
-1.25261
-1.25243
-1.25224
-1.25206
-1.25187
-1.25168
-1.2515
-1.25131
-1.25112
-1.25093
-1.25074
-1.25055
-1.25036
-1.25016
-1.24997
-1.24978
-1.24958
-1.24938
-1.24919
-1.24899
-1.24879
-1.24859
-1.24839
-1.24819
-1.24799
-1.24779
-1.24758
-1.24738
-1.24718
-1.24697
-1.24676
-1.24656
-1.24635
-1.24614
-1.24593
-1.24572
-1.24551
-1.2453
-1.24509
-1.24488
-1.24466
-1.24445
-1.24424
-1.24402
-1.2438
-1.24359
-1.24337
-1.24315
-1.24294
-1.24272
-1.2425
-1.24228
-1.24206
-1.24183
-1.24161
-1.24139
-1.24117
-1.24094
-1.24072
-1.24049
-1.24027
-1.24004
-1.23981
-1.23959
-1.23936
-1.23913
-1.2389
-1.23867
-1.23844
-1.23821
-1.23798
-1.23775
-1.23752
-1.23729
-1.23705
-1.23682
-1.23659
-1.23635
-1.23612
-1.23588
-1.23565
-1.23541
-1.23517
-1.23494
-1.2347
-1.23446
-1.23422
-1.23398
-1.23375
-1.23351
-1.23327
-1.23303
-1.23279
-1.23254
-1.2323
-1.23206
-1.23182
-1.23158
-1.23134
-1.23109
-1.23085
-1.23061
-1.23036
-1.23012
-1.22988
-1.22963
-1.22939
-1.22914
-1.2289
-1.22865
-1.2284
-1.22816
-1.22791
-1.22767
-1.22742
-1.22717
-1.22693
-1.22668
-1.22643
-1.22618
-1.22594
-1.22569
-1.22544
-1.22519
-1.22494
-1.22469
-1.22445
-1.2242
-1.22395
-1.2237
-1.22345
-1.2232
-1.22295
-1.2227
-1.22245
-1.22221
-1.22196
-1.22171
-1.22146
-1.22121
-1.22096
-1.22071
-1.22046
-1.22021
-1.21996
-1.21971
-1.21946
-1.21921
-1.21896
-1.21871
-1.21846
-1.21821
-1.21797
-1.21772
-1.21747
-1.21722
-1.21697
-1.21672
-1.21647
-1.21622
-1.21598
-1.21573
-1.21548
-1.21523
-1.21498
-1.21474
-1.21449
-1.21424
-1.21399
-1.21375
-1.2135
-1.21325
-1.21301
-1.21276
-1.21251
-1.21227
-1.21202
-1.21178
-1.21153
-1.21129
-1.21104
-1.2108
-1.21055
-1.21031
-1.21007
-1.20982
-1.20958
-1.20934
-1.2091
-1.20885
-1.20861
-1.20837
-1.20813
-1.20789
-1.20765
-1.20741
-1.20717
-1.20693
-1.20669
-1.20645
-1.20622
-1.20598
-1.20574
-1.2055
-1.20527
-1.20503
-1.2048
-1.20456
-1.20433
-1.20409
-1.20386
-1.20363
-1.20339
-1.20316
-1.20293
-1.2027
-1.20247
-1.20223
-1.202
-1.20178
-1.20155
-1.20132
-1.20109
-1.20086
-1.20063
-1.20041
-1.20018
-1.19996
-1.19973
-1.19951
-1.19928
-1.19906
-1.19884
-1.19862
-1.1984
-1.19817
-1.19795
-1.19773
-1.19752
-1.1973
-1.19708
-1.19686
-1.19664
-1.19643
-1.19621
-1.196
-1.19578
-1.19557
-1.19536
-1.19515
-1.19493
-1.19472
-1.19451
-1.1943
-1.19409
-1.19389
-1.19368
-1.19347
-1.19327
-1.19306
-1.19286
-1.19265
-1.19245
-1.19225
-1.19204
-1.19184
-1.19164
-1.19144
-1.19124
-1.19104
-1.19085
-1.19065
-1.19045
-1.19026
-1.19006
-1.18987
-1.18968
-1.18948
-1.18929
-1.1891
-1.18891
-1.18872
-1.18853
-1.18834
-1.18816
-1.18797
-1.18779
-1.1876
-1.18742
-1.18723
-1.18705
-1.18687
-1.18669
-1.18651
-1.18633
-1.18615
-1.18597
-1.1858
-1.18562
-1.18545
-1.18527
-1.1851
-1.18493
-1.18475
-1.18458
-1.18441
-1.18424
-1.18407
-1.18391
-1.18374
-1.18357
-1.18341
-1.18324
-1.18308
-1.18292
-1.18275
-1.18259
-1.18243
-1.18227
-1.18212
-1.18196
-1.1818
-1.18164
-1.18149
-1.18134
-1.18118
-1.18103
-1.18088
-1.18073
-1.18058
-1.18043
-1.18028
-1.18013
-1.17998
-1.17984
-1.17969
-1.17955
-1.17941
-1.17926
-1.17912
-1.17898
-1.17884
-1.1787
-1.17857
-1.17843
-1.17829
-1.17816
-1.17802
-1.17789
-1.17775
-1.17762
-1.17749
-1.17736
-1.17723
-1.1771
-1.17697
-1.17685
-1.17672
-1.1766
-1.17647
-1.17635
-1.17623
-1.1761
-1.17598
-1.17586
-1.17574
-1.17563
-1.17551
-1.17539
-1.17528
-1.17516
-1.17505
-1.17493
-1.17482
-1.17471
-1.1746
-1.17449
-1.17438
-1.17427
-1.17416
-1.17406
-1.17395
-1.17384
-1.17374
-1.17364
-1.17353
-1.17343
-1.17333
-1.17323
-1.17313
-1.17303
-1.17294
-1.17284
-1.17274
-1.17265
-1.17255
-1.17246
-1.17237
-1.17227
-1.17218
-1.17209
-1.172
-1.17191
-1.17183
-1.17174
-1.17165
-1.17157
-1.17148
-1.1714
-1.17131
-1.17123
-1.17115
-1.17107
-1.17099
-1.17091
-1.17083
-1.17075
-1.17067
-1.1706
-1.17052
-1.17045
-1.17037
-1.1703
-1.17022
-1.17015
-1.17008
-1.17001
-1.16994
-1.16987
-1.1698
-1.16973
-1.16967
-1.1696
-1.16953
-1.16947
-1.1694
-1.16934
-1.16928
-1.16921
-1.16915
-1.16909
-1.16903
-1.16897
-1.16891
-1.16885
-1.1688
-1.16874
-1.16868
-1.16863
-1.16857
-1.16852
-1.16846
-1.16841
-1.16836
-1.16831
-1.16826
-1.16821
-1.16816
-1.16811
-1.16806
-1.16801
-1.16796
-1.16791
-1.16787
-1.16782
-1.16778
-1.16773
-1.16769
-1.16764
-1.1676
-1.16756
-1.16752
-1.16748
-1.16744
-1.1674
-1.16736
-1.16732
-1.16728
-1.16724
-1.1672
-1.16717
-1.16713
-1.16709
-1.16706
-1.16702
-1.16699
-1.16696
-1.16692
-1.16689
-1.16686
-1.16683
-1.16679
-1.16676
-1.16673
-1.1667
-1.16667
-1.16665
-1.16662
-1.16659
-1.16656
-1.16653
-1.16651
-1.16648
-1.16646
-1.16643
-1.16641
-1.16638
-1.16636
-1.16633
-1.16631
-1.16629
-1.16627
-1.16624
-1.16622
-1.1662
-1.16618
-1.16616
-1.16614
-1.16612
-1.1661
-1.16608
-1.16606
-1.16604
-1.16603
-1.16601
-1.16599
-1.16598
-1.16596
-1.16594
-1.16593
-1.16591
-1.1659
-1.16588
-1.16587
-1.16585
-1.16584
-1.16583
-1.16581
-1.1658
-1.16579
-1.16578
-1.16576
-1.16575
-1.16574
-1.16573
-1.16572
-1.16571
-1.1657
-1.16569
-1.16568
-1.16567
-1.16566
-1.16565
-1.16564
-1.16563
-1.16562
-1.16562
-1.16561
-1.1656
-1.16559
-1.16559
-1.16558
-1.16557
-1.16557
-1.16556
-1.16555
-1.16555
-1.16554
-1.16554
-1.16553
-1.16553
-1.16552
-1.16552
-1.16551
-1.16551
-1.1655
-1.1655
-1.16549
-1.16549
-1.16549
-1.16548
-1.16548
-1.16548
-1.16547
-1.16547
-1.16547
-1.16547
-1.16546
-1.16546
-1.16546
-1.16546
-1.16546
-1.16545
-1.16545
-1.16545
-1.16545
-1.16545
-1.16545
-1.16544
-1.16544
-1.16544
-1.16544
-1.16544
-1.16544
-1.16544
-1.16544
-1.16544
-1.16544
-1.16544
-1.16544
-1.16544
-1.16544
-1.16544
-1.16544
-1.16544
-1.16544
-1.16544
-1.16544
-1.16544
-1.16544
-1.16544
-1.16544
-1.16544
-1.16544
-1.16544
-1.16544
-1.16544
-1.16544
-1.16544
-1.16544
-1.16544
-1.16544
-1.16544
-1.16545
-1.16545
-1.16545
-1.16545
-1.16545
-1.16545
-1.16545
-1.16545
-1.16545
-1.16545
-1.16545
-1.16545
-1.16545
-1.16545
-1.16546
-1.16546
-1.16546
-1.16546
-1.16546
-1.16546
-1.16546
-1.16546
-1.16546
-1.16546
-1.16546
-1.16546
-1.16546
-1.16546
-1.16546
-1.16546
-1.16547
-1.16547
-1.16547
-1.16547
-1.16547
-1.16547
-1.16547
-1.16547
-1.16547
-1.16547
-1.16547
-1.16547
-1.16547
-1.16547
-1.16547
-1.16547
-1.16547
-1.16547
-1.16547
-1.16547
-1.16546
-1.16546
-1.16546
-1.16546
-1.16546
-1.16546
-1.16546
-1.16546
-1.16546
-1.16546
-1.16546
-1.16546
-1.16545
-1.16545
-1.16545
-1.16545
-1.16545
-1.16545
-1.16545
-1.16545
-1.16544
-1.16544
-1.16544
-1.16544
-1.16544
-1.16543
-1.16543
-1.16543
-1.16543
-1.16543
-1.16542
-1.16542
-1.16542
-1.16542
-1.16541
-1.16541
-1.16541
-1.16541
-1.1654
-1.1654
-1.1654
-1.1654
-1.16539
-1.16539
-1.16539
-1.16538
-1.16538
-1.16538
-1.16537
-1.16537
-1.16537
-1.16536
-1.16536
-1.16535
-1.16535
-1.16535
-1.16534
-1.16534
-1.16534
-1.16533
-1.16533
-1.16532
-1.16532
-1.16531
-1.16531
-1.16531
-1.1653
-1.1653
-1.16529
-1.16529
-1.16528
-1.16528
-1.16527
-1.16527
-1.16526
-1.16526
-1.16525
-1.16525
-1.16524
-1.16524
-1.16523
-1.16523
-1.16522
-1.16522
-1.16521
-1.16521
-1.1652
-1.1652
-1.16519
-1.16518
-1.16518
-1.16517
-1.16517
-1.16516
-1.16516
-1.16515
-1.16514
-1.16514
-1.16513
-1.16513
-1.16512
-1.16511
-1.16511
-1.1651
-1.1651
-1.16509
-1.16508
-1.16508
-1.16507
-1.16507
-1.16506
-1.16505
-1.16505
-1.16504
-1.16503
-1.16503
-1.16502
-1.16501
-1.16501
-1.165
-1.165
-1.16499
-1.16498
-1.16498
-1.16497
-1.16496
-1.16496
-1.16495
-1.16494
-1.16494
-1.16493
-1.16492
-1.16492
-1.16491
-1.1649
-1.1649
-1.16489
-1.16489
-1.16488
-1.16487
-1.16487
-1.16486
-1.16485
-1.16485
-1.16484
-1.16483
-1.16483
-1.16482
-1.16481
-1.16481
-1.1648
-1.16479
-1.16479
-1.16478
-1.16478
-1.16477
-1.16476
-1.16476
-1.16475
-1.16474
-1.16474
-1.16473
-1.16473
-1.16472
-1.16471
-1.16471
-1.1647
-1.1647
-1.16469
-1.16468
-1.16468
-1.16467
-1.16467
-1.16466
-1.16466
-1.16465
-1.16464
-1.16464
-1.16463
-1.16463
-1.16462
-1.16462
-1.16461
-1.16461
-1.1646
-1.1646
-1.16459
-1.16459
-1.16458
-1.16458
-1.16457
-1.16457
-1.16456
-1.16456
-1.16455
-1.16455
-1.16454
-1.16454
-1.16453
-1.16453
-1.16453
-1.16452
-1.16452
-1.16451
-1.16451
-1.1645
-1.1645
-1.1645
-1.16449
-1.16449
-1.16449
-1.16448
-1.16448
-1.16447
-1.16447
-1.16447
-1.16446
-1.16446
-1.16446
-1.16446
-1.16445
-1.16445
-1.16445
-1.16444
-1.16444
-1.16444
-1.16444
-1.16443
-1.16443
-1.16443
-1.16443
-1.16442
-1.16442
-1.16442
-1.16442
-1.16442
-1.16441
-1.16441
-1.16441
-1.16441
-1.16441
-1.16441
-1.16441
-1.16441
-1.1644
-1.1644
-1.1644
-1.1644
-1.1644
-1.1644
-1.1644
-1.1644
-1.1644
-1.1644
-1.1644
-1.1644
-1.1644
-1.1644
-1.1644
-1.1644
-1.1644
-1.1644
-1.1644
-1.1644
-1.1644
-1.1644
-1.1644
-1.1644
-1.1644
-1.1644
-1.16441
-1.16441
-1.16441
-1.16441
-1.16441
-1.16441
-1.16441
-1.16442
-1.16442
-1.16442
-1.16442
-1.16442
-1.16443
-1.16443
-1.16443
-1.16443
-1.16444
-1.16444
-1.16444
-1.16444
-1.16445
-1.16445
-1.16445
-1.16446
-1.16446
-1.16446
-1.16447
-1.16447
-1.16447
-1.16448
-1.16448
-1.16448
-1.16449
-1.16449
-1.1645
-1.1645
-1.1645
-1.16451
-1.16451
-1.16452
-1.16452
-1.16453
-1.16453
-1.16454
-1.16454
-1.16454
-1.16455
-1.16455
-1.16456
-1.16456
-1.16457
-1.16458
-1.16458
-1.16459
-1.16459
-1.1646
-1.1646
-1.16461
-1.16461
-1.16462
-1.16463
-1.16463
-1.16464
-1.16464
-1.16465
-1.16466
-1.16466
-1.16467
-1.16467
-1.16468
-1.16469
-1.16469
-1.1647
-1.16471
-1.16471
-1.16472
-1.16473
-1.16473
-1.16474
-1.16475
-1.16475
-1.16476
-1.16477
-1.16478
-1.16478
-1.16479
-1.1648
-1.1648
-1.16481
-1.16482
-1.16483
-1.16483
-1.16484
-1.16485
-1.16486
-1.16486
-1.16487
-1.16488
-1.16489
-1.16489
-1.1649
-1.16491
-1.16492
-1.16493
-1.16493
-1.16494
-1.16495
-1.16496
-1.16497
-1.16497
-1.16498
-1.16499
-1.165
-1.16501
-1.16501
-1.16502
-1.16503
-1.16504
-1.16505
-1.16505
-1.16506
-1.16507
-1.16508
-1.16509
-1.1651
-1.1651
-1.16511
-1.16512
-1.16513
-1.16514
-1.16514
-1.16515
-1.16516
-1.16517
-1.16518
-1.16519
-1.16519
-1.1652
-1.16521
-1.16522
-1.16523
-1.16523
-1.16524
-1.16525
-1.16526
-1.16527
-1.16528
-1.16528
-1.16529
-1.1653
-1.16531
-1.16532
-1.16532
-1.16533
-1.16534
-1.16535
-1.16536
-1.16536
-1.16537
-1.16538
-1.16539
-1.16539
-1.1654
-1.16541
-1.16542
-1.16543
-1.16543
-1.16544
-1.16545
-1.16546
-1.16546
-1.16547
-1.16548
-1.16549
-1.16549
-1.1655
-1.16551
-1.16551
-1.16552
-1.16553
-1.16554
-1.16554
-1.16555
-1.16556
-1.16556
-1.16557
-1.16558
-1.16558
-1.16559
-1.1656
-1.1656
-1.16561
-1.16562
-1.16562
-1.16563
-1.16564
-1.16564
-1.16565
-1.16565
-1.16566
-1.16567
-1.16567
-1.16568
-1.16568
-1.16569
-1.1657
-1.1657
-1.16571
-1.16571
-1.16572
-1.16572
-1.16573
-1.16573
-1.16574
-1.16574
-1.16575
-1.16575
-1.16576
-1.16576
-1.16577
-1.16577
-1.16578
-1.16578
-1.16579
-1.16579
-1.16579
-1.1658
-1.1658
-1.16581
-1.16581
-1.16581
-1.16582
-1.16582
-1.16582
-1.16583
-1.16583
-1.16584
-1.16584
-1.16584
-1.16584
-1.16585
-1.16585
-1.16585
-1.16586
-1.16586
-1.16586
-1.16586
-1.16587
-1.16587
-1.16587
-1.16587
-1.16587
-1.16588
-1.16588
-1.16588
-1.16588
-1.16588
-1.16589
-1.16589
-1.16589
-1.16589
-1.16589
-1.16589
-1.16589
-1.16589
-1.16589
-1.1659
-1.1659
-1.1659
-1.1659
-1.1659
-1.1659
-1.1659
-1.1659
-1.1659
-1.1659
-1.1659
-1.1659
-1.1659
-1.1659
-1.1659
-1.1659
-1.16589
-1.16589
-1.16589
-1.16589
-1.16589
-1.16589
-1.16589
-1.16589
-1.16589
-1.16588
-1.16588
-1.16588
-1.16588
-1.16588
-1.16588
-1.16587
-1.16587
-1.16587
-1.16587
-1.16586
-1.16586
-1.16586
-1.16586
-1.16585
-1.16585
-1.16585
-1.16585
-1.16584
-1.16584
-1.16584
-1.16583
-1.16583
-1.16583
-1.16582
-1.16582
-1.16581
-1.16581
-1.16581
-1.1658
-1.1658
-1.16579
-1.16579
-1.16579
-1.16578
-1.16578
-1.16577
-1.16577
-1.16576
-1.16576
-1.16575
-1.16575
-1.16574
-1.16574
-1.16573
-1.16573
-1.16572
-1.16572
-1.16571
-1.16571
-1.1657
-1.1657
-1.16569
-1.16569
-1.16568
-1.16567
-1.16567
-1.16566
-1.16566
-1.16565
-1.16564
-1.16564
-1.16563
-1.16563
-1.16562
-1.16561
-1.16561
-1.1656
-1.16559
-1.16559
-1.16558
-1.16557
-1.16557
-1.16556
-1.16555
-1.16554
-1.16554
-1.16553
-1.16552
-1.16552
-1.16551
-1.1655
-1.16549
-1.16549
-1.16548
-1.16547
-1.16547
-1.16546
-1.16545
-1.16544
-1.16544
-1.16543
-1.16542
-1.16541
-1.1654
-1.1654
-1.16539
-1.16538
-1.16537
-1.16537
-1.16536
-1.16535
-1.16534
-1.16533
-1.16533
-1.16532
-1.16531
-1.1653
-1.16529
-1.16528
-1.16528
-1.16527
-1.16526
-1.16525
-1.16524
-1.16524
-1.16523
-1.16522
-1.16521
-1.1652
-1.16519
-1.16519
-1.16518
-1.16517
-1.16516
-1.16515
-1.16514
-1.16514
-1.16513
-1.16512
-1.16511
-1.1651
-1.16509
-1.16509
-1.16508
-1.16507
-1.16506
-1.16505
-1.16505
-1.16504
-1.16503
-1.16502
-1.16501
-1.165
-1.165
-1.16499
-1.16498
-1.16497
-1.16496
-1.16495
-1.16495
-1.16494
-1.16493
-1.16492
-1.16491
-1.16491
-1.1649
-1.16489
-1.16488
-1.16488
-1.16487
-1.16486
-1.16485
-1.16484
-1.16484
-1.16483
-1.16482
-1.16481
-1.16481
-1.1648
-1.16479
-1.16478
-1.16478
-1.16477
-1.16476
-1.16475
-1.16475
-1.16474
-1.16473
-1.16472
-1.16472
-1.16471
-1.1647
-1.1647
-1.16469
-1.16468
-1.16468
-1.16467
-1.16466
-1.16466
-1.16465
-1.16464
-1.16464
-1.16463
-1.16462
-1.16462
-1.16461
-1.1646
-1.1646
-1.16459
-1.16459
-1.16458
-1.16457
-1.16457
-1.16456
-1.16456
-1.16455
-1.16455
-1.16454
-1.16453
-1.16453
-1.16452
-1.16452
-1.16451
-1.16451
-1.1645
-1.1645
-1.16449
-1.16449
-1.16448
-1.16448
-1.16447
-1.16447
-1.16447
-1.16446
-1.16446
-1.16445
-1.16445
-1.16444
-1.16444
-1.16444
-1.16443
-1.16443
-1.16443
-1.16442
-1.16442
-1.16441
-1.16441
-1.16441
-1.1644
-1.1644
-1.1644
-1.1644
-1.16439
-1.16439
-1.16439
-1.16438
-1.16438
-1.16438
-1.16438
-1.16437
-1.16437
-1.16437
-1.16437
-1.16437
-1.16436
-1.16436
-1.16436
-1.16436
-1.16436
-1.16436
-1.16435
-1.16435
-1.16435
-1.16435
-1.16435
-1.16435
-1.16435
-1.16435
-1.16435
-1.16435
-1.16435
-1.16434
-1.16434
-1.16434
-1.16434
-1.16434
-1.16434
-1.16434
-1.16434
-1.16434
-1.16434
-1.16434
-1.16435
-1.16435
-1.16435
-1.16435
-1.16435
-1.16435
-1.16435
-1.16435
-1.16435
-1.16435
-1.16435
-1.16436
-1.16436
-1.16436
-1.16436
-1.16436
-1.16436
-1.16437
-1.16437
-1.16437
-1.16437
-1.16438
-1.16438
-1.16438
-1.16438
-1.16439
-1.16439
-1.16439
-1.16439
-1.1644
-1.1644
-1.1644
-1.16441
-1.16441
-1.16441
-1.16442
-1.16442
-1.16442
-1.16443
-1.16443
-1.16443
-1.16444
-1.16444
-1.16445
-1.16445
-1.16445
-1.16446
-1.16446
-1.16447
-1.16447
-1.16447
-1.16448
-1.16448
-1.16449
-1.16449
-1.1645
-1.1645
-1.16451
-1.16451
-1.16452
-1.16452
-1.16453
-1.16453
-1.16454
-1.16454
-1.16455
-1.16456
-1.16456
-1.16457
-1.16457
-1.16458
-1.16458
-1.16459
-1.1646
-1.1646
-1.16461
-1.16461
-1.16462
-1.16463
-1.16463
-1.16464
-1.16464
-1.16465
-1.16466
-1.16466
-1.16467
-1.16468
-1.16468
-1.16469
-1.1647
-1.1647
-1.16471
-1.16472
-1.16472
-1.16473
-1.16474
-1.16475
-1.16475
-1.16476
-1.16477
-1.16477
-1.16478
-1.16479
-1.1648
-1.1648
-1.16481
-1.16482
-1.16482
-1.16483
-1.16484
-1.16485
-1.16485
-1.16486
-1.16487
-1.16488
-1.16488
-1.16489
-1.1649
-1.16491
-1.16491
-1.16492
-1.16493
-1.16494
-1.16494
-1.16495
-1.16496
-1.16497
-1.16498
-1.16498
-1.16499
-1.165
-1.16501
-1.16501
-1.16502
-1.16503
-1.16504
-1.16505
-1.16505
-1.16506
-1.16507
-1.16508
-1.16508
-1.16509
-1.1651
-1.16511
-1.16512
-1.16512
-1.16513
-1.16514
-1.16515
-1.16516
-1.16516
-1.16517
-1.16518
-1.16519
-1.16519
-1.1652
-1.16521
-1.16522
-1.16522
-1.16523
-1.16524
-1.16525
-1.16525
-1.16526
-1.16527
-1.16528
-1.16528
-1.16529
-1.1653
-1.16531
-1.16531
-1.16532
-1.16533
-1.16534
-1.16534
-1.16535
-1.16536
-1.16537
-1.16537
-1.16538
-1.16539
-1.16539
-1.1654
-1.16541
-1.16541
-1.16542
-1.16543
-1.16543
-1.16544
-1.16545
-1.16545
-1.16546
-1.16547
-1.16547
-1.16548
-1.16549
-1.16549
-1.1655
-1.16551
-1.16551
-1.16552
-1.16553
-1.16553
-1.16554
-1.16554
-1.16555
-1.16556
-1.16556
-1.16557
-1.16557
-1.16558
-1.16558
-1.16559
-1.16559
-1.1656
-1.16561
-1.16561
-1.16562
-1.16562
-1.16563
-1.16563
-1.16564
-1.16564
-1.16565
-1.16565
-1.16566
-1.16566
-1.16567
-1.16567
-1.16567
-1.16568
-1.16568
-1.16569
-1.16569
-1.1657
-1.1657
-1.1657
-1.16571
-1.16571
-1.16572
-1.16572
-1.16572
-1.16573
-1.16573
-1.16573
-1.16574
-1.16574
-1.16574
-1.16575
-1.16575
-1.16575
-1.16576
-1.16576
-1.16576
-1.16576
-1.16577
-1.16577
-1.16577
-1.16577
-1.16578
-1.16578
-1.16578
-1.16578
-1.16578
-1.16579
-1.16579
-1.16579
-1.16579
-1.16579
-1.16579
-1.1658
-1.1658
-1.1658
-1.1658
-1.1658
-1.1658
-1.1658
-1.1658
-1.16581
-1.16581
-1.16581
-1.16581
-1.16581
-1.16581
-1.16581
-1.16581
-1.16581
-1.16581
-1.16581
-1.16581
-1.16581
-1.16581
-1.16581
-1.16581
-1.16581
-1.16581
-1.16581
-1.16581
-1.1658
-1.1658
-1.1658
-1.1658
-1.1658
-1.1658
-1.1658
-1.1658
-1.1658
-1.16579
-1.16579
-1.16579
-1.16579
-1.16579
-1.16578
-1.16578
-1.16578
-1.16578
-1.16578
-1.16577
-1.16577
-1.16577
-1.16577
-1.16576
-1.16576
-1.16576
-1.16576
-1.16575
-1.16575
-1.16575
-1.16574
-1.16574
-1.16574
-1.16573
-1.16573
-1.16573
-1.16572
-1.16572
-1.16572
-1.16571
-1.16571
-1.16571
-1.1657
-1.1657
-1.16569
-1.16569
-1.16569
-1.16568
-1.16568
-1.16567
-1.16567
-1.16566
-1.16566
-1.16566
-1.16565
-1.16565
-1.16564
-1.16564
-1.16563
-1.16563
-1.16562
-1.16562
-1.16561
-1.16561
-1.1656
-1.1656
-1.16559
-1.16558
-1.16558
-1.16557
-1.16557
-1.16556
-1.16556
-1.16555
-1.16555
-1.16554
-1.16553
-1.16553
-1.16552
-1.16552
-1.16551
-1.1655
-1.1655
-1.16549
-1.16549
-1.16548
-1.16547
-1.16547
-1.16546
-1.16545
-1.16545
-1.16544
-1.16543
-1.16543
-1.16542
-1.16542
-1.16541
-1.1654
-1.1654
-1.16539
-1.16538
-1.16538
-1.16537
-1.16536
-1.16535
-1.16535
-1.16534
-1.16533
-1.16533
-1.16532
-1.16531
-1.16531
-1.1653
-1.16529
-1.16528
-1.16528
-1.16527
-1.16526
-1.16526
-1.16525
-1.16524
-1.16524
-1.16523
-1.16522
-1.16521
-1.16521
-1.1652
-1.16519
-1.16518
-1.16518
-1.16517
-1.16516
-1.16516
-1.16515
-1.16514
-1.16513
-1.16513
-1.16512
-1.16511
-1.1651
-1.1651
-1.16509
-1.16508
-1.16508
-1.16507
-1.16506
-1.16505
-1.16505
-1.16504
-1.16503
-1.16503
-1.16502
-1.16501
-1.165
-1.165
-1.16499
-1.16498
-1.16498
-1.16497
-1.16496
-1.16495
-1.16495
-1.16494
-1.16493
-1.16493
-1.16492
-1.16491
-1.16491
-1.1649
-1.16489
-1.16489
-1.16488
-1.16487
-1.16487
-1.16486
-1.16485
-1.16485
-1.16484
-1.16483
-1.16483
-1.16482
-1.16481
-1.16481
-1.1648
-1.16479
-1.16479
-1.16478
-1.16478
-1.16477
-1.16476
-1.16476
-1.16475
-1.16475
-1.16474
-1.16473
-1.16473
-1.16472
-1.16472
-1.16471
-1.16471
-1.1647
-1.16469
-1.16469
-1.16468
-1.16468
-1.16467
-1.16467
-1.16466
-1.16466
-1.16465
-1.16465
-1.16464
-1.16464
-1.16463
-1.16463
-1.16462
-1.16462
-1.16461
-1.16461
-1.1646
-1.1646
-1.16459
-1.16459
-1.16458
-1.16458
-1.16458
-1.16457
-1.16457
-1.16456
-1.16456
-1.16456
-1.16455
-1.16455
-1.16454
-1.16454
-1.16454
-1.16453
-1.16453
-1.16453
-1.16452
-1.16452
-1.16452
-1.16451
-1.16451
-1.16451
-1.1645
-1.1645
-1.1645
-1.1645
-1.16449
-1.16449
-1.16449
-1.16449
-1.16448
-1.16448
-1.16448
-1.16448
-1.16448
-1.16447
-1.16447
-1.16447
-1.16447
-1.16447
-1.16446
-1.16446
-1.16446
-1.16446
-1.16446
-1.16446
-1.16446
-1.16445
-1.16445
-1.16445
-1.16445
-1.16445
-1.16445
-1.16445
-1.16445
-1.16445
-1.16445
-1.16445
-1.16445
-1.16445
-1.16445
-1.16445
-1.16445
-1.16445
-1.16445
-1.16445
-1.16445
-1.16445
-1.16445
-1.16445
-1.16445
-1.16445
-1.16445
-1.16445
-1.16445
-1.16445
-1.16445
-1.16445
-1.16446
-1.16446
-1.16446
-1.16446
-1.16446
-1.16446
-1.16446
-1.16447
-1.16447
-1.16447
-1.16447
-1.16447
-1.16447
-1.16448
-1.16448
-1.16448
-1.16448
-1.16449
-1.16449
-1.16449
-1.16449
-1.1645
-1.1645
-1.1645
-1.1645
-1.16451
-1.16451
-1.16451
-1.16452
-1.16452
-1.16452
-1.16453
-1.16453
-1.16453
-1.16454
-1.16454
-1.16454
-1.16455
-1.16455
-1.16455
-1.16456
-1.16456
-1.16457
-1.16457
-1.16457
-1.16458
-1.16458
-1.16459
-1.16459
-1.16459
-1.1646
-1.1646
-1.16461
-1.16461
-1.16462
-1.16462
-1.16463
-1.16463
-1.16464
-1.16464
-1.16465
-1.16465
-1.16466
-1.16466
-1.16467
-1.16467
-1.16468
-1.16468
-1.16469
-1.16469
-1.1647
-1.1647
-1.16471
-1.16471
-1.16472
-1.16473
-1.16473
-1.16474
-1.16474
-1.16475
-1.16475
-1.16476
-1.16477
-1.16477
-1.16478
-1.16478
-1.16479
-1.16479
-1.1648
-1.16481
-1.16481
-1.16482
-1.16483
-1.16483
-1.16484
-1.16484
-1.16485
-1.16486
-1.16486
-1.16487
-1.16488
-1.16488
-1.16489
-1.16489
-1.1649
-1.16491
-1.16491
-1.16492
-1.16493
-1.16493
-1.16494
-1.16495
-1.16495
-1.16496
-1.16497
-1.16497
-1.16498
-1.16499
-1.16499
-1.165
-1.16501
-1.16501
-1.16502
-1.16503
-1.16503
-1.16504
-1.16505
-1.16505
-1.16506
-1.16507
-1.16507
-1.16508
-1.16509
-1.16509
-1.1651
-1.16511
-1.16511
-1.16512
-1.16513
-1.16513
-1.16514
-1.16515
-1.16515
-1.16516
-1.16517
-1.16517
-1.16518
-1.16519
-1.16519
-1.1652
-1.16521
-1.16521
-1.16522
-1.16523
-1.16523
-1.16524
-1.16524
-1.16525
-1.16526
-1.16526
-1.16527
-1.16528
-1.16528
-1.16529
-1.1653
-1.1653
-1.16531
-1.16531
-1.16532
-1.16533
-1.16533
-1.16534
-1.16534
-1.16535
-1.16536
-1.16536
-1.16537
-1.16537
-1.16538
-1.16539
-1.16539
-1.1654
-1.1654
-1.16541
-1.16541
-1.16542
-1.16543
-1.16543
-1.16544
-1.16544
-1.16545
-1.16545
-1.16546
-1.16546
-1.16547
-1.16547
-1.16548
-1.16548
-1.16549
-1.16549
-1.1655
-1.1655
-1.16551
-1.16551
-1.16552
-1.16552
-1.16553
-1.16553
-1.16554
-1.16554
-1.16555
-1.16555
-1.16555
-1.16556
-1.16556
-1.16557
-1.16557
-1.16557
-1.16558
-1.16558
-1.16559
-1.16559
-1.16559
-1.1656
-1.1656
-1.16561
-1.16561
-1.16561
-1.16562
-1.16562
-1.16562
-1.16563
-1.16563
-1.16563
-1.16563
-1.16564
-1.16564
-1.16564
-1.16565
-1.16565
-1.16565
-1.16565
-1.16566
-1.16566
-1.16566
-1.16566
-1.16567
-1.16567
-1.16567
-1.16567
-1.16568
-1.16568
-1.16568
-1.16568
-1.16568
-1.16568
-1.16569
-1.16569
-1.16569
-1.16569
-1.16569
-1.16569
-1.16569
-1.1657
-1.1657
-1.1657
-1.1657
-1.1657
-1.1657
-1.1657
-1.1657
-1.1657
-1.1657
-1.1657
-1.1657
-1.1657
-1.1657
-1.1657
-1.1657
-1.1657
-1.1657
-1.1657
-1.1657
-1.1657
-1.1657
-1.1657
-1.1657
-1.1657
-1.1657
-1.1657
-1.1657
-1.1657
-1.1657
-1.1657
-1.1657
-1.1657
-1.1657
-1.16569
-1.16569
-1.16569
-1.16569
-1.16569
-1.16569
-1.16569
-1.16568
-1.16568
-1.16568
-1.16568
-1.16568
-1.16568
-1.16567
-1.16567
-1.16567
-1.16567
-1.16566
-1.16566
-1.16566
-1.16566
-1.16565
-1.16565
-1.16565
-1.16565
-1.16564
-1.16564
-1.16564
-1.16564
-1.16563
-1.16563
-1.16563
-1.16562
-1.16562
-1.16562
-1.16561
-1.16561
-1.16561
-1.1656
-1.1656
-1.1656
-1.16559
-1.16559
-1.16558
-1.16558
-1.16558
-1.16557
-1.16557
-1.16557
-1.16556
-1.16556
-1.16555
-1.16555
-1.16554
-1.16554
-1.16554
-1.16553
-1.16553
-1.16552
-1.16552
-1.16551
-1.16551
-1.1655
-1.1655
-1.16549
-1.16549
-1.16548
-1.16548
-1.16547
-1.16547
-1.16546
-1.16546
-1.16545
-1.16545
-1.16544
-1.16544
-1.16543
-1.16543
-1.16542
-1.16542
-1.16541
-1.16541
-1.1654
-1.1654
-1.16539
-1.16539
-1.16538
-1.16537
-1.16537
-1.16536
-1.16536
-1.16535
-1.16535
-1.16534
-1.16533
-1.16533
-1.16532
-1.16532
-1.16531
-1.1653
-1.1653
-1.16529
-1.16529
-1.16528
-1.16527
-1.16527
-1.16526
-1.16526
-1.16525
-1.16524
-1.16524
-1.16523
-1.16523
-1.16522
-1.16521
-1.16521
-1.1652
-1.1652
-1.16519
-1.16518
-1.16518
-1.16517
-1.16517
-1.16516
-1.16515
-1.16515
-1.16514
-1.16513
-1.16513
-1.16512
-1.16512
-1.16511
