0.9098
0.9098
0.9098
0.909811
0.909822
0.909833
0.909844
0.909856
0.909867
0.909879
0.90989
0.909902
0.909914
0.909926
0.909938
0.90995
0.909962
0.909974
0.909986
0.909999
0.910011
0.910024
0.910036
0.910049
0.910062
0.910075
0.910087
0.9101
0.910113
0.910126
0.910139
0.910152
0.910165
0.910178
0.910192
0.910205
0.910218
0.910231
0.910245
0.910258
0.910271
0.910285
0.910298
0.910312
0.910325
0.910338
0.910352
0.910365
0.910379
0.910392
0.910406
0.910419
0.910432
0.910446
0.910459
0.910473
0.910486
0.910499
0.910513
0.910526
0.910539
0.910553
0.910566
0.910579
0.910592
0.910606
0.910619
0.910632
0.910645
0.910658
0.910671
0.910684
0.910696
0.910709
0.910722
0.910735
0.910747
0.91076
0.910772
0.910785
0.910797
0.91081
0.910822
0.910834
0.910846
0.910858
0.91087
0.910882
0.910894
0.910905
0.910917
0.910929
0.91094
0.910951
0.910963
0.910974
0.910985
0.910996
0.911007
0.911018
0.911028
0.911039
0.911049
0.91106
0.91107
0.91108
0.91109
0.9111
0.91111
0.911119
0.911129
0.911138
0.911148
0.911157
0.911166
0.911175
0.911184
0.911192
0.911201
0.911209
0.911217
0.911226
0.911234
0.911241
0.911249
0.911257
0.911264
0.911272
0.911279
0.911286
0.911293
0.911299
0.911306
0.911312
0.911319
0.911325
0.911331
0.911336
0.911342
0.911348
0.911353
0.911358
0.911363
0.911368
0.911373
0.911377
0.911381
0.911386
0.91139
0.911394
0.911397
0.911401
0.911404
0.911407
0.91141
0.911413
0.911416
0.911418
0.911421
0.911423
0.911425
0.911427
0.911428
0.91143
0.911431
0.911432
0.911433
0.911434
0.911434
0.911435
0.911435
0.911435
0.911435
0.911434
0.911434
0.911433
0.911432
0.911431
0.91143
0.911429
0.911427
0.911425
0.911423
0.911421
0.911419
0.911416
0.911413
0.911411
0.911407
0.911404
0.911401
0.911397
0.911393
0.911389
0.911385
0.911381
0.911376
0.911371
0.911366
0.911361
0.911356
0.91135
0.911345
0.911339
0.911333
0.911326
0.91132
0.911313
0.911307
0.9113
0.911293
0.911285
0.911278
0.91127
0.911262
0.911254
0.911246
0.911237
0.911229
0.91122
0.911211
0.911202
0.911193
0.911183
0.911173
0.911164
0.911154
0.911143
0.911133
0.911123
0.911112
0.911101
0.91109
0.911079
0.911067
0.911056
0.911044
0.911032
0.91102
0.911008
0.910995
0.910983
0.91097
0.910957
0.910944
0.910931
0.910918
0.910904
0.910891
0.910877
0.910863
0.910849
0.910834
0.91082
0.910805
0.910791
0.910776
0.910761
0.910745
0.91073
0.910715
0.910699
0.910683
0.910667
0.910651
0.910635
0.910619
0.910602
0.910586
0.910569
0.910552
0.910535
0.910518
0.910501
0.910484
0.910466
0.910449
0.910431
0.910413
0.910395
0.910377
0.910359
0.91034
0.910322
0.910303
0.910285
0.910266
0.910247
0.910228
0.910209
0.91019
0.910171
0.910151
0.910132
0.910112
0.910093
0.910073
0.910053
0.910033
0.910013
0.909993
0.909973
0.909952
0.909932
0.909912
0.909891
0.90987
0.90985
0.909829
0.909808
0.909787
0.909766
0.909745
0.909724
0.909703
0.909682
0.90966
0.909639
0.909618
0.909596
0.909575
0.909553
0.909532
0.90951
0.909488
0.909466
0.909445
0.909423
0.909401
0.909379
0.909357
0.909335
0.909313
0.909291
0.909269
0.909247
0.909225
0.909203
0.909181
0.909158
0.909136
0.909114
0.909092
0.90907
0.909047
0.909025
0.909003
0.908981
0.908959
0.908936
0.908914
0.908892
0.90887
0.908847
0.908825
0.908803
0.908781
0.908759
0.908737
0.908714
0.908692
0.90867
0.908648
0.908626
0.908604
0.908582
0.90856
0.908538
0.908517
0.908495
0.908473
0.908451
0.90843
0.908408
0.908386
0.908365
0.908343
0.908322
0.908301
0.908279
0.908258
0.908237
0.908216
0.908195
0.908174
0.908153
0.908132
0.908111
0.90809
0.90807
0.908049
0.908029
0.908008
0.907988
0.907968
0.907947
0.907927
0.907907
0.907888
0.907868
0.907848
0.907829
0.907809
0.90779
0.90777
0.907751
0.907732
0.907713
0.907694
0.907676
0.907657
0.907638
0.90762
0.907602
0.907584
0.907566
0.907548
0.90753
0.907512
0.907495
0.907477
0.90746
0.907443
0.907426
0.907409
0.907392
0.907376
0.907359
0.907343
0.907327
0.907311
0.907295
0.907279
0.907264
0.907248
0.907233
0.907218
0.907203
0.907188
0.907173
0.907159
0.907144
0.90713
0.907116
0.907102
0.907089
0.907075
0.907062
0.907049
0.907036
0.907023
0.90701
0.906998
0.906985
0.906973
0.906961
0.906949
0.906938
0.906926
0.906915
0.906904
0.906893
0.906883
0.906872
0.906862
0.906852
0.906842
0.906832
0.906822
0.906813
0.906804
0.906795
0.906786
0.906778
0.906769
0.906761
0.906753
0.906745
0.906738
0.90673
0.906723
0.906716
0.906709
0.906703
0.906697
0.90669
0.906685
0.906679
0.906673
0.906668
0.906663
0.906658
0.906653
0.906649
0.906645
0.90664
0.906637
0.906633
0.90663
0.906626
0.906623
0.906621
0.906618
0.906616
0.906614
0.906612
0.90661
0.906609
0.906607
0.906606
0.906606
0.906605
0.906605
0.906605
0.906605
0.906605
0.906605
0.906606
0.906607
0.906608
0.90661
0.906611
0.906613
0.906615
0.906618
0.90662
0.906623
0.906626
0.906629
0.906632
0.906636
0.90664
0.906644
0.906648
0.906653
0.906657
0.906662
0.906667
0.906673
0.906678
0.906684
0.90669
0.906696
0.906703
0.90671
0.906717
0.906724
0.906731
0.906739
0.906746
0.906754
0.906763
0.906771
0.90678
0.906788
0.906798
0.906807
0.906816
0.906826
0.906836
0.906846
0.906856
0.906867
0.906878
0.906889
0.9069
0.906911
0.906923
0.906935
0.906947
0.906959
0.906971
0.906984
0.906997
0.90701
0.907023
0.907036
0.90705
0.907064
0.907078
0.907092
0.907106
0.907121
0.907136
0.907151
0.907166
0.907181
0.907197
0.907212
0.907228
0.907244
0.907261
0.907277
0.907294
0.907311
0.907328
0.907345
0.907362
0.90738
0.907397
0.907415
0.907433
0.907452
0.90747
0.907489
0.907507
0.907526
0.907545
0.907564
0.907584
0.907603
0.907623
0.907643
0.907663
0.907683
0.907703
0.907724
0.907745
0.907765
0.907786
0.907807
0.907829
0.90785
0.907871
0.907893
0.907915
0.907937
0.907959
0.907981
0.908003
0.908026
0.908048
0.908071
0.908094
0.908117
0.90814
0.908163
0.908186
0.90821
0.908233
0.908257
0.908281
0.908305
0.908329
0.908353
0.908377
0.908401
0.908426
0.90845
0.908475
0.908499
0.908524
0.908549
0.908574
0.908599
0.908624
0.908649
0.908675
0.9087
0.908725
0.908751
0.908777
0.908802
0.908828
0.908854
0.90888
0.908906
0.908932
0.908958
0.908984
0.90901
0.909036
0.909062
0.909089
0.909115
0.909142
0.909168
0.909195
0.909221
0.909248
0.909274
0.909301
0.909328
0.909354
0.909381
0.909408
0.909435
0.909462
0.909488
0.909515
0.909542
0.909569
0.909596
0.909623
0.90965
0.909677
0.909704
0.909731
0.909758
0.909785
0.909811
0.909838
0.909865
0.909892
0.909919
0.909946
0.909973
0.91
0.910026
0.910053
0.91008
0.910107
0.910133
0.91016
0.910187
0.910213
0.91024
0.910266
0.910293
0.910319
0.910346
0.910372
0.910398
0.910425
0.910451
0.910477
0.910503
0.910529
0.910555
0.910581
0.910607
0.910632
0.910658
0.910684
0.910709
0.910735
0.91076
0.910785
0.910811
0.910836
0.910861
0.910886
0.910911
0.910935
0.91096
0.910985
0.911009
0.911033
0.911058
0.911082
0.911106
0.91113
0.911154
0.911178
0.911201
0.911225
0.911248
0.911271
0.911294
0.911318
0.91134
0.911363
0.911386
0.911408
0.911431
0.911453
0.911475
0.911497
0.911519
0.911541
0.911562
0.911584
0.911605
0.911626
0.911647
0.911668
0.911689
0.911709
0.91173
0.91175
0.91177
0.91179
0.91181
0.911829
0.911849
0.911868
0.911887
0.911906
0.911925
0.911943
0.911962
0.91198
0.911998
0.912016
0.912034
0.912051
0.912069
0.912086
0.912103
0.912119
0.912136
0.912153
0.912169
0.912185
0.912201
0.912216
0.912232
0.912247
0.912262
0.912277
0.912292
0.912306
0.912321
0.912335
0.912349
0.912362
0.912376
0.912389
0.912402
0.912415
0.912428
0.91244
0.912452
0.912464
0.912476
0.912488
0.912499
0.912511
0.912522
0.912532
0.912543
0.912553
0.912563
0.912573
0.912583
0.912592
0.912602
0.912611
0.912619
0.912628
0.912636
0.912644
0.912652
0.91266
0.912668
0.912675
0.912682
0.912689
0.912695
0.912702
0.912708
0.912714
0.912719
0.912725
0.91273
0.912735
0.91274
0.912744
0.912749
0.912753
0.912756
0.91276
0.912763
0.912767
0.91277
0.912772
0.912775
0.912777
0.912779
0.912781
0.912783
0.912784
0.912785
0.912786
0.912787
0.912787
0.912787
0.912787
0.912787
0.912787
0.912786
0.912785
0.912784
0.912783
0.912781
0.912779
0.912777
0.912775
0.912772
0.91277
0.912767
0.912764
0.91276
0.912757
0.912753
0.912749
0.912745
0.91274
0.912736
0.912731
0.912726
0.912721
0.912715
0.91271
0.912704
0.912698
0.912691
0.912685
0.912678
0.912671
0.912664
0.912657
0.912649
0.912641
0.912633
0.912625
0.912617
0.912608
0.9126
0.912591
0.912582
0.912572
0.912563
0.912553
0.912543
0.912533
0.912523
0.912513
0.912502
0.912491
0.91248
0.912469
0.912458
0.912446
0.912435
0.912423
0.912411
0.912399
0.912387
0.912374
0.912362
0.912349
0.912336
0.912323
0.912309
0.912296
0.912282
0.912269
0.912255
0.912241
0.912227
0.912212
0.912198
0.912183
0.912169
0.912154
0.912139
0.912124
0.912109
0.912093
0.912078
0.912062
0.912046
0.912031
0.912015
0.911998
0.911982
0.911966
0.91195
0.911933
0.911917
0.9119
0.911883
0.911866
0.911849
0.911832
0.911815
0.911798
0.91178
0.911763
0.911745
0.911728
0.91171
0.911693
0.911675
0.911657
0.911639
0.911621
0.911603
0.911585
0.911567
0.911549
0.91153
0.911512
0.911494
0.911475
0.911457
0.911439
0.91142
0.911402
0.911383
0.911365
0.911346
0.911327
0.911309
0.91129
0.911271
0.911253
0.911234
0.911216
0.911197
0.911178
0.91116
0.911141
0.911122
0.911104
0.911085
0.911067
0.911048
0.91103
0.911011
0.910993
0.910974
0.910956
0.910937
0.910919
0.910901
0.910883
0.910865
0.910846
0.910828
0.91081
0.910793
0.910775
0.910757
0.910739
0.910722
0.910704
0.910687
0.910669
0.910652
0.910635
0.910618
0.910601
0.910584
0.910567
0.91055
0.910533
0.910517
0.910501
0.910484
0.910468
0.910452
0.910436
0.910421
0.910405
0.910389
0.910374
0.910359
0.910344
0.910329
0.910314
0.910299
0.910285
0.910271
0.910256
0.910242
0.910229
0.910215
0.910202
0.910188
0.910175
0.910162
0.910149
0.910137
0.910124
0.910112
0.9101
0.910089
0.910077
0.910066
0.910054
0.910043
0.910033
0.910022
0.910012
0.910002
0.909992
0.909982
0.909973
0.909964
0.909955
0.909946
0.909937
0.909929
0.909921
0.909914
0.909906
0.909899
0.909892
0.909885
0.909879
0.909873
0.909867
0.909861
0.909856
0.90985
0.909846
0.909841
0.909837
0.909833
0.909829
0.909826
0.909823
0.90982
0.909817
0.909815
0.909813
0.909811
0.90981
0.909809
0.909808
0.909808
0.909808
0.909808
0.909809
0.909809
0.909811
0.909812
0.909814
0.909816
0.909819
0.909821
0.909824
0.909828
0.909832
0.909836
0.90984
0.909845
0.90985
0.909856
0.909862
0.909868
0.909875
0.909882
0.909889
0.909896
0.909904
0.909913
0.909922
0.909931
0.90994
0.90995
0.90996
0.909971
0.909981
0.909993
0.910004
0.910016
0.910029
0.910041
0.910055
0.910068
0.910082
0.910096
0.910111
0.910126
0.910141
0.910157
0.910173
0.91019
0.910207
0.910224
0.910241
0.91026
0.910278
0.910297
0.910316
0.910336
0.910356
0.910376
0.910397
0.910418
0.910439
0.910461
0.910484
0.910506
0.91053
0.910553
0.910577
0.910601
0.910626
0.910651
0.910676
0.910702
0.910728
0.910755
0.910782
0.910809
0.910837
0.910865
0.910894
0.910922
0.910952
0.910981
0.911011
0.911042
0.911073
0.911104
0.911135
0.911167
0.9112
0.911232
0.911266
0.911299
0.911333
0.911367
0.911402
0.911436
0.911472
0.911507
0.911543
0.91158
0.911617
0.911654
0.911691
0.911729
0.911767
0.911806
0.911844
0.911884
0.911923
0.911963
0.912003
0.912044
0.912085
0.912126
0.912168
0.91221
0.912252
0.912295
0.912337
0.912381
0.912424
0.912468
0.912512
0.912557
0.912602
0.912647
0.912692
0.912738
0.912784
0.91283
0.912877
0.912923
0.91297
0.913018
0.913066
0.913114
0.913162
0.91321
0.913259
0.913308
0.913357
0.913407
0.913457
0.913506
0.913557
0.913607
0.913658
0.913709
0.91376
0.913811
0.913863
0.913915
0.913967
0.914019
0.914071
0.914124
0.914177
0.914229
0.914283
0.914336
0.914389
0.914443
0.914497
0.914551
0.914605
0.914659
0.914713
0.914768
0.914822
0.914877
0.914932
0.914987
0.915042
0.915097
0.915152
0.915208
0.915263
0.915318
0.915374
0.91543
0.915485
0.915541
0.915597
0.915653
0.915708
0.915764
0.91582
0.915876
0.915932
0.915988
0.916044
0.9161
0.916155
0.916211
0.916267
0.916323
0.916378
0.916434
0.91649
0.916545
0.916601
0.916656
0.916711
0.916766
0.916821
0.916876
0.916931
0.916986
0.91704
0.917095
0.917149
0.917203
0.917257
0.917311
0.917364
0.917418
0.917471
0.917524
0.917577
0.917629
0.917681
0.917733
0.917785
0.917837
0.917888
0.917939
0.91799
0.91804
0.91809
0.91814
0.91819
0.918239
0.918288
0.918336
0.918384
0.918432
0.918479
0.918526
0.918573
0.918619
0.918665
0.91871
0.918755
0.9188
0.918844
0.918887
0.91893
0.918973
0.919015
0.919057
0.919098
0.919138
0.919178
0.919218
0.919257
0.919295
0.919333
0.919371
0.919407
0.919443
0.919479
0.919514
0.919548
0.919582
0.919614
0.919647
0.919678
0.919709
0.919739
0.919769
0.919798
0.919826
0.919853
0.91988
0.919905
0.91993
0.919955
0.919978
0.920001
0.920023
0.920044
0.920064
0.920083
0.920102
0.920119
0.920136
0.920152
0.920166
0.92018
0.920193
0.920205
0.920217
0.920227
0.920236
0.920244
0.920251
0.920257
0.920262
0.920267
0.92027
0.920272
0.920272
0.920272
0.920271
0.920269
0.920265
0.92026
0.920255
0.920248
0.920239
0.92023
0.92022
0.920208
0.920195
0.920181
0.920165
0.920148
0.92013
0.920111
0.920091
0.920069
0.920046
0.920021
0.919995
0.919968
0.919939
0.919909
0.919878
0.919845
0.919811
0.919775
0.919738
0.919699
0.919659
0.919618
0.919574
0.91953
0.919484
0.919436
0.919387
0.919336
0.919284
0.91923
0.919174
0.919117
0.919058
0.918997
0.918935
0.918871
0.918806
0.918739
0.91867
0.918599
0.918527
0.918453
0.918377
0.918299
0.918219
0.918138
0.918055
0.91797
0.917883
0.917795
0.917704
0.917612
0.917517
0.917421
0.917323
0.917223
0.917121
0.917017
0.916911
0.916803
0.916693
0.916581
0.916467
0.916351
0.916232
0.916112
0.91599
0.915865
0.915739
0.91561
0.91548
0.915347
0.915211
0.915074
0.914935
0.914793
0.914649
0.914503
0.914355
0.914204
0.914051
0.913896
0.913738
0.913579
0.913417
0.913252
0.913085
0.912916
0.912745
0.912571
0.912394
0.912216
0.912035
0.911851
0.911665
0.911476
0.911285
0.911092
0.910896
0.910697
0.910496
0.910293
0.910087
0.909878
0.909667
0.909453
0.909236
0.909017
0.908796
0.908571
0.908344
0.908115
0.907882
0.907647
0.907409
0.907169
0.906926
0.90668
0.906431
0.90618
0.905925
0.905668
0.905409
0.905146
0.90488
0.904612
0.904341
0.904067
0.90379
0.90351
0.903228
0.902942
0.902654
0.902362
0.902068
0.90177
0.90147
0.901167
0.900861
0.900551
0.900239
0.899924
0.899606
0.899284
0.89896
0.898632
0.898302
0.897968
0.897631
0.897292
0.896949
0.896603
0.896253
0.895901
0.895546
0.895187
0.894825
0.89446
0.894092
0.89372
0.893345
0.892967
0.892586
0.892202
0.891814
0.891423
0.891029
0.890631
0.890231
0.889826
0.889419
0.889008
0.888594
0.888177
0.887756
0.887332
0.886904
0.886473
0.886039
0.885601
0.88516
0.884715
0.884267
0.883816
0.883361
0.882903
0.882441
0.881976
0.881507
0.881035
0.880559
0.88008
0.879597
0.879111
0.878621
0.878128
0.877631
0.877131
0.876627
0.87612
0.875609
0.875094
0.874576
0.874054
0.873529
0.873
0.872467
0.871931
0.871392
0.870848
0.870301
0.86975
0.869196
0.868638
0.868077
0.867511
0.866943
0.86637
0.865794
0.865214
0.86463
0.864043
0.863452
0.862857
0.862259
0.861656
0.861051
0.860441
0.859828
0.859211
0.85859
0.857966
0.857337
0.856705
0.85607
0.85543
0.854787
0.85414
0.853489
0.852835
0.852176
0.851514
0.850848
0.850179
0.849505
0.848828
0.848147
0.847462
0.846774
0.846082
0.845385
0.844686
0.843982
0.843274
0.842563
0.841848
0.841129
0.840406
0.83968
0.838949
0.838215
0.837477
0.836735
0.83599
0.83524
0.834487
0.83373
0.832969
0.832204
0.831436
0.830663
0.829887
0.829107
0.828324
0.827536
0.826745
0.825949
0.82515
0.824348
0.823541
0.82273
0.821916
0.821098
0.820276
0.819451
0.818621
0.817788
0.816951
0.81611
0.815266
0.814417
0.813565
0.812709
0.811849
0.810986
0.810118
0.809247
0.808373
0.807494
0.806612
0.805726
0.804836
0.803942
0.803045
0.802144
0.801239
0.80033
0.799418
0.798502
0.797582
0.796659
0.795732
0.794801
0.793866
0.792928
0.791986
0.791041
0.790091
0.789138
0.788182
0.787222
0.786258
0.78529
0.784319
0.783344
0.782366
0.781384
0.780398
0.779409
0.778416
0.77742
0.77642
0.775416
0.774409
0.773398
0.772384
0.771366
0.770345
0.76932
0.768292
0.76726
0.766225
0.765186
0.764143
0.763098
0.762048
0.760996
0.75994
0.75888
0.757817
0.756751
0.755681
0.754608
0.753531
0.752451
0.751368
0.750281
0.749191
0.748098
0.747001
0.745901
0.744798
0.743692
0.742582
0.741469
0.740353
0.739233
0.73811
0.736985
0.735855
0.734723
0.733588
0.732449
0.731307
0.730162
0.729014
0.727863
0.726709
0.725551
0.724391
0.723227
0.722061
0.720891
0.719719
0.718543
0.717365
0.716183
0.714999
0.713811
0.712621
0.711428
0.710231
0.709032
0.70783
0.706626
0.705418
0.704208
0.702994
0.701778
0.70056
0.699338
0.698114
0.696887
0.695657
0.694425
0.693189
0.691952
0.690711
0.689468
0.688223
0.686974
0.685724
0.68447
0.683214
0.681956
0.680695
0.679431
0.678165
0.676897
0.675626
0.674353
0.673077
0.671799
0.670519
0.669236
0.667951
0.666664
0.665374
0.664082
0.662788
0.661492
0.660193
0.658893
0.65759
0.656284
0.654977
0.653668
0.652356
0.651043
0.649727
0.64841
0.64709
0.645768
0.644445
0.643119
0.641792
0.640462
0.639131
0.637798
0.636463
0.635126
0.633787
0.632447
0.631105
0.629761
0.628415
0.627067
0.625718
0.624368
0.623015
0.621661
0.620306
0.618949
0.61759
0.61623
0.614868
0.613505
0.61214
0.610774
0.609406
0.608037
0.606667
0.605295
0.603922
0.602548
0.601173
0.599796
0.598418
0.597038
0.595658
0.594276
0.592894
0.59151
0.590125
0.588739
0.587352
0.585963
0.584574
0.583184
0.581793
0.580401
0.579008
0.577615
0.57622
0.574825
0.573428
0.572031
0.570633
0.569235
0.567836
0.566436
0.565035
0.563634
0.562232
0.56083
0.559426
0.558023
0.556619
0.555214
0.553809
0.552404
0.550998
0.549592
0.548185
0.546778
0.545371
0.543963
0.542555
0.541147
0.539739
0.53833
0.536922
0.535513
0.534104
0.532695
0.531286
0.529877
0.528468
0.527059
0.525649
0.52424
0.522831
0.521423
0.520014
0.518605
0.517197
0.515789
0.514381
0.512974
0.511566
0.510159
0.508753
0.507346
0.50594
0.504535
0.50313
0.501725
0.500321
0.498918
0.497515
0.496112
0.494711
0.49331
0.491909
0.490509
0.48911
0.487712
0.486314
0.484917
0.483521
0.482126
0.480731
0.479338
0.477945
0.476554
0.475163
0.473773
0.472385
0.470997
0.46961
0.468225
0.46684
0.465457
0.464075
0.462694
0.461315
0.459936
0.458559
0.457183
0.455809
0.454435
0.453063
0.451693
0.450324
0.448956
0.44759
0.446226
0.444862
0.443501
0.442141
0.440783
0.439426
0.438071
0.436717
0.435365
0.434015
0.432667
0.43132
0.429976
0.428633
0.427292
0.425952
0.424615
0.42328
0.421946
0.420615
0.419285
0.417958
0.416632
0.415309
0.413987
0.412668
0.411351
0.410036
0.408723
0.407413
0.406104
0.404798
0.403495
0.402193
0.400894
0.399597
0.398303
0.397011
0.395721
0.394434
0.393149
0.391867
0.390587
0.38931
0.388035
0.386763
0.385493
0.384227
0.382962
0.381701
0.380442
0.379186
0.377932
0.376681
0.375434
0.374188
0.372946
0.371707
0.37047
0.369236
0.368005
0.366777
0.365552
0.36433
0.363111
0.361895
0.360682
0.359473
0.358266
0.357062
0.355861
0.354664
0.353469
0.352278
0.35109
0.349905
0.348724
0.347545
0.34637
0.345199
0.34403
0.342865
0.341703
0.340545
0.33939
0.338238
0.33709
0.335945
0.334804
0.333666
0.332531
0.331401
0.330273
0.32915
0.328029
0.326913
0.3258
0.32469
0.323584
0.322482
0.321384
0.320289
0.319198
0.31811
0.317027
0.315947
0.314871
0.313798
0.31273
0.311665
0.310604
0.309547
0.308494
0.307444
0.306399
0.305357
0.304319
0.303286
0.302256
0.30123
0.300208
0.29919
0.298176
0.297166
0.296161
0.295159
0.294161
0.293167
0.292178
0.291192
0.290211
0.289233
0.28826
0.287291
0.286326
0.285365
0.284409
0.283456
0.282508
0.281564
0.280624
0.279688
0.278757
0.27783
0.276907
0.275988
0.275074
0.274164
0.273258
0.272357
0.27146
0.270567
0.269679
0.268795
0.267915
0.267039
0.266168
0.265302
0.264439
0.263581
0.262728
0.261879
0.261034
0.260194
0.259358
0.258527
0.2577
0.256877
0.256059
0.255245
0.254436
0.253631
0.252831
0.252035
0.251244
0.250457
0.249675
0.248897
0.248124
0.247355
0.24659
0.245831
0.245075
0.244325
0.243578
0.242836
0.242099
0.241367
0.240638
0.239915
0.239196
0.238481
0.237771
0.237065
0.236364
0.235668
0.234976
0.234289
0.233606
0.232928
0.232254
0.231585
0.23092
0.23026
0.229604
0.228953
0.228307
0.227665
0.227027
0.226395
0.225766
0.225142
0.224523
0.223908
0.223298
0.222692
0.222091
0.221494
0.220902
0.220314
0.219731
0.219152
0.218578
0.218008
0.217443
0.216882
0.216326
0.215774
0.215226
0.214683
0.214145
0.213611
0.213081
0.212556
0.212035
0.211519
0.211007
0.210499
0.209996
0.209498
0.209003
0.208513
0.208027
0.207546
0.207069
0.206597
0.206128
0.205664
0.205205
0.204749
0.204298
0.203851
0.203409
0.202971
0.202537
0.202107
0.201681
0.20126
0.200843
0.20043
0.200021
0.199616
0.199216
0.19882
0.198427
0.198039
0.197655
0.197275
0.1969
0.196528
0.19616
0.195796
0.195437
0.195081
0.19473
0.194382
0.194038
0.193698
0.193363
0.193031
0.192703
0.192379
0.192058
0.191742
0.191429
0.191121
0.190816
0.190515
0.190217
0.189924
0.189634
0.189347
0.189065
0.188786
0.188511
0.188239
0.187972
0.187707
0.187447
0.187189
0.186936
0.186686
0.186439
0.186196
0.185956
0.18572
0.185487
0.185258
0.185032
0.18481
0.18459
0.184374
0.184162
0.183952
0.183746
0.183543
0.183344
0.183147
0.182954
0.182764
0.182577
0.182393
0.182212
0.182034
0.181859
0.181687
0.181518
0.181352
0.181189
0.181029
0.180872
0.180718
0.180566
0.180417
0.180271
0.180128
0.179988
0.17985
0.179715
0.179582
0.179452
0.179325
0.1792
0.179078
0.178958
0.178841
0.178726
0.178614
0.178504
0.178397
0.178292
0.178189
0.178088
0.17799
0.177894
0.1778
0.177708
0.177619
0.177531
0.177446
0.177363
0.177281
0.177202
0.177125
0.177049
0.176976
0.176904
0.176835
0.176767
0.176701
0.176636
0.176573
0.176513
0.176453
0.176396
0.176339
0.176285
0.176232
0.176181
0.176131
0.176082
0.176035
0.175989
0.175945
0.175901
0.17586
0.175819
0.17578
0.175741
0.175704
0.175668
0.175633
0.1756
0.175567
0.175535
0.175504
0.175474
0.175445
0.175416
0.175389
0.175362
0.175336
0.175311
0.175286
0.175262
0.175239
0.175216
0.175194
0.175172
0.175151
0.17513
0.175109
0.175089
0.175069
0.17505
0.17503
0.175011
0.174992
0.174973
0.174955
0.174936
0.174917
0.174899
0.17488
0.174861
0.174842
0.174823
0.174804
0.174784
0.174765
0.174745
0.174724
0.174704
0.174682
0.174661
0.174639
0.174616
0.174593
0.174569
0.174544
0.174519
0.174494
0.174467
0.17444
0.174411
0.174382
0.174352
0.174321
0.17429
0.174257
0.174223
0.174188
0.174152
0.174114
0.174076
0.174036
0.173995
0.173952
0.173909
0.173863
0.173817
0.173769
0.173719
0.173668
0.173615
0.173561
0.173505
0.173447
0.173388
0.173327
0.173264
0.173199
0.173132
0.173063
0.172993
0.17292
0.172845
0.172768
0.172689
0.172608
0.172525
0.172439
0.172351
0.172261
0.172168
0.172074
0.171976
0.171876
0.171774
0.171669
0.171561
0.171451
0.171338
0.171223
0.171105
0.170984
0.17086
0.170733
0.170603
0.170471
0.170335
0.170197
0.170055
0.16991
0.169763
0.169612
0.169457
0.1693
0.169139
0.168975
0.168808
0.168637
0.168463
0.168285
0.168104
0.16792
0.167731
0.167539
0.167344
0.167145
0.166942
0.166735
0.166524
0.16631
0.166092
0.165869
0.165643
0.165413
0.165179
0.164941
0.164699
0.164452
0.164201
0.163947
0.163688
0.163424
0.163156
0.162884
0.162608
0.162327
0.162042
0.161752
0.161458
0.161159
0.160855
0.160547
0.160234
0.159917
0.159594
0.159267
0.158935
0.158599
0.158257
0.15791
0.157559
0.157202
0.156841
0.156474
0.156103
0.155726
0.155344
0.154957
0.154564
0.154167
0.153764
0.153356
0.152942
0.152523
0.152098
0.151668
0.151233
0.150792
0.150346
0.149894
0.149436
0.148972
0.148503
0.148029
0.147548
0.147062
0.14657
0.146072
0.145568
0.145058
0.144543
0.144021
0.143493
0.14296
0.14242
0.141874
0.141322
0.140764
0.1402
0.139629
0.139053
0.13847
0.13788
0.137285
0.136683
0.136074
0.13546
0.134839
0.134211
0.133577
0.132936
0.132289
0.131635
0.130975
0.130308
0.129634
0.128954
0.128267
0.127573
0.126872
0.126165
0.125451
0.12473
0.124002
0.123267
0.122525
0.121777
0.121021
0.120259
0.119489
0.118712
0.117929
0.117138
0.11634
0.115535
0.114723
0.113903
0.113077
0.112243
0.111402
0.110554
0.109698
0.108835
0.107965
0.107087
0.106202
0.10531
0.10441
0.103503
0.102588
0.101666
0.100737
0.0997994
0.0988547
0.0979025
0.0969426
0.0959752
0.0950002
0.0940175
0.0930271
0.0920291
0.0910235
0.0900101
0.088989
0.0879601
0.0869235
0.0858791
0.084827
0.083767
0.0826992
0.0816236
0.0805402
0.0794488
0.0783496
0.0772425
0.0761275
0.0750045
0.0738736
0.0727348
0.071588
0.0704332
0.0692704
0.0680996
0.0669208
0.065734
0.0645391
0.0633362
0.0621252
0.0609061
0.0596789
0.0584436
0.0572002
0.0559487
0.0546891
0.0534213
0.0521453
0.0508612
0.0495689
0.0482685
0.0469598
0.045643
0.0443179
0.0429846
0.0416431
0.0402934
0.0389354
0.0375692
0.0361947
0.034812
0.033421
0.0320217
0.0306142
0.0291984
0.0277742
0.0263418
0.0249011
0.0234521
0.0219948
0.0205291
0.0190552
0.0175729
0.0160823
0.0145833
0.0130761
0.0115605
0.0100366
0.00850428
0.00696368
0.00541473
0.00385744
0.00229181
0.000717829
-0.000864494
-0.00245516
-0.00405418
-0.00566154
-0.00727724
-0.00890129
-0.0105337
-0.0121744
-0.0138235
-0.0154809
-0.0171467
-0.0188207
-0.0205032
-0.0221939
-0.023893
-0.0256004
-0.0273161
-0.0290401
-0.0307725
-0.0325131
-0.0342621
-0.0360193
-0.0377849
-0.0395587
-0.0413409
-0.0431313
-0.0449299
-0.0467369
-0.0485521
-0.0503755
-0.0522072
-0.0540471
-0.0558953
-0.0577516
-0.0596162
-0.061489
-0.06337
-0.0652592
-0.0671565
-0.069062
-0.0709757
-0.0728975
-0.0748275
-0.0767656
-0.0787118
-0.0806661
-0.0826285
-0.084599
-0.0865776
-0.0885642
-0.0905589
-0.0925616
-0.0945723
-0.0965911
-0.0986178
-0.100653
-0.102695
-0.104746
-0.106804
-0.108871
-0.110945
-0.113028
-0.115118
-0.117216
-0.119322
-0.121436
-0.123557
-0.125686
-0.127824
-0.129968
-0.132121
-0.134281
-0.13645
-0.138625
-0.140809
-0.143
-0.145199
-0.147405
-0.149619
-0.151841
-0.15407
-0.156306
-0.158551
-0.160802
-0.163062
-0.165328
-0.167602
-0.169884
-0.172173
-0.174469
-0.176772
-0.179083
-0.181402
-0.183727
-0.18606
-0.1884
-0.190747
-0.193102
-0.195463
-0.197832
-0.200208
-0.202591
-0.204981
-0.207378
-0.209782
-0.212193
-0.214611
-0.217036
-0.219468
-0.221906
-0.224352
-0.226804
-0.229264
-0.23173
-0.234202
-0.236682
-0.239168
-0.241661
-0.24416
-0.246666
-0.249179
-0.251698
-0.254224
-0.256756
-0.259295
-0.26184
-0.264391
-0.266949
-0.269513
-0.272084
-0.27466
-0.277243
-0.279833
-0.282428
-0.28503
-0.287637
-0.290251
-0.292871
-0.295497
-0.298128
-0.300766
-0.30341
-0.306059
-0.308715
-0.311376
-0.314043
-0.316716
-0.319394
-0.322078
-0.324768
-0.327464
-0.330165
-0.332871
-0.335583
-0.338301
-0.341024
-0.343752
-0.346486
-0.349225
-0.351969
-0.354718
-0.357473
-0.360233
-0.362998
-0.365768
-0.368543
-0.371324
-0.374109
-0.376899
-0.379694
-0.382494
-0.385299
-0.388108
-0.390923
-0.393742
-0.396565
-0.399394
-0.402227
-0.405064
-0.407906
-0.410753
-0.413603
-0.416459
-0.419318
-0.422182
-0.425051
-0.427923
-0.4308
-0.433681
-0.436565
-0.439454
-0.442347
-0.445244
-0.448145
-0.45105
-0.453959
-0.456871
-0.459787
-0.462707
-0.465631
-0.468558
-0.471489
-0.474424
-0.477362
-0.480303
-0.483248
-0.486196
-0.489148
-0.492102
-0.495061
-0.498022
-0.500986
-0.503954
-0.506925
-0.509898
-0.512875
-0.515854
-0.518837
-0.521822
-0.52481
-0.527801
-0.530795
-0.533791
-0.53679
-0.539791
-0.542795
-0.545802
-0.548811
-0.551822
-0.554836
-0.557852
-0.56087
-0.56389
-0.566913
-0.569937
-0.572964
-0.575993
-0.579024
-0.582056
-0.585091
-0.588127
-0.591165
-0.594205
-0.597247
-0.60029
-0.603335
-0.606381
-0.609429
-0.612479
-0.615529
-0.618581
-0.621635
-0.62469
-0.627745
-0.630803
-0.633861
-0.63692
-0.63998
-0.643042
-0.646104
-0.649167
-0.652231
-0.655296
-0.658361
-0.661427
-0.664494
-0.667562
-0.67063
-0.673698
-0.676767
-0.679836
-0.682906
-0.685976
-0.689046
-0.692117
-0.695187
-0.698258
-0.701329
-0.7044
-0.707471
-0.710541
-0.713612
-0.716682
-0.719752
-0.722822
-0.725892
-0.728961
-0.73203
-0.735098
-0.738166
-0.741233
-0.7443
-0.747366
-0.750431
-0.753496
-0.75656
-0.759623
-0.762685
-0.765746
-0.768806
-0.771865
-0.774923
-0.777979
-0.781035
-0.784089
-0.787142
-0.790194
-0.793245
-0.796293
-0.799341
-0.802387
-0.805431
-0.808474
-0.811515
-0.814554
-0.817592
-0.820628
-0.823662
-0.826694
-0.829724
-0.832752
-0.835778
-0.838802
-0.841824
-0.844843
-0.847861
-0.850876
-0.853889
-0.856899
-0.859907
-0.862913
-0.865916
-0.868916
-0.871914
-0.874909
-0.877902
-0.880891
-0.883878
-0.886863
-0.889844
-0.892822
-0.895797
-0.89877
-0.901739
-0.904705
-0.907668
-0.910628
-0.913584
-0.916538
-0.919487
-0.922434
-0.925377
-0.928317
-0.931253
-0.934185
-0.937114
-0.94004
-0.942961
-0.945879
-0.948793
-0.951703
-0.95461
-0.957512
-0.960411
-0.963305
-0.966195
-0.969082
-0.971964
-0.974842
-0.977716
-0.980586
-0.983451
-0.986312
-0.989168
-0.99202
-0.994868
-0.997711
-1.00055
-1.00338
-1.00621
-1.00904
-1.01186
-1.01467
-1.01748
-1.02029
-1.02309
-1.02589
-1.02868
-1.03146
-1.03424
-1.03702
-1.03979
-1.04255
-1.04531
-1.04807
-1.05082
-1.05356
-1.0563
-1.05904
-1.06176
-1.06449
-1.0672
-1.06992
-1.07262
-1.07532
-1.07802
-1.08071
-1.08339
-1.08607
-1.08874
-1.0914
-1.09406
-1.09672
-1.09937
-1.10201
-1.10465
-1.10728
-1.1099
-1.11252
-1.11513
-1.11773
-1.12033
-1.12293
-1.12551
-1.12809
-1.13067
-1.13324
-1.1358
-1.13835
-1.1409
-1.14344
-1.14598
-1.14851
-1.15103
-1.15354
-1.15605
-1.15855
-1.16105
-1.16354
-1.16602
-1.16849
-1.17096
-1.17342
-1.17587
-1.17832
-1.18076
-1.18319
-1.18562
-1.18804
-1.19045
-1.19285
-1.19525
-1.19764
-1.20002
-1.2024
-1.20477
-1.20713
-1.20948
-1.21183
-1.21417
-1.2165
-1.21882
-1.22114
-1.22345
-1.22575
-1.22804
-1.23033
-1.23261
-1.23488
-1.23714
-1.2394
-1.24165
-1.24389
-1.24612
-1.24834
-1.25056
-1.25277
-1.25497
-1.25716
-1.25935
-1.26153
-1.2637
-1.26586
-1.26801
-1.27016
-1.2723
-1.27443
-1.27655
-1.27866
-1.28077
-1.28287
-1.28495
-1.28704
-1.28911
-1.29117
-1.29323
-1.29528
-1.29732
-1.29935
-1.30138
-1.30339
-1.3054
-1.3074
-1.30939
-1.31137
-1.31334
-1.31531
-1.31726
-1.31921
-1.32115
-1.32309
-1.32501
-1.32692
-1.32883
-1.33073
-1.33262
-1.3345
-1.33637
-1.33823
-1.34009
-1.34193
-1.34377
-1.3456
-1.34742
-1.34923
-1.35104
-1.35283
-1.35462
-1.35639
-1.35816
-1.35992
-1.36167
-1.36342
-1.36515
-1.36688
-1.36859
-1.3703
-1.372
-1.37369
-1.37537
-1.37704
-1.37871
-1.38036
-1.38201
-1.38364
-1.38527
-1.38689
-1.3885
-1.39011
-1.3917
-1.39328
-1.39486
-1.39643
-1.39798
-1.39953
-1.40107
-1.40261
-1.40413
-1.40564
-1.40715
-1.40864
-1.41013
-1.41161
-1.41308
-1.41454
-1.41599
-1.41743
-1.41887
-1.42029
-1.42171
-1.42312
-1.42451
-1.4259
-1.42728
-1.42866
-1.43002
-1.43137
-1.43272
-1.43405
-1.43538
-1.4367
-1.43801
-1.43931
-1.4406
-1.44189
-1.44316
-1.44443
-1.44568
-1.44693
-1.44817
-1.4494
-1.45062
-1.45184
-1.45304
-1.45423
-1.45542
-1.4566
-1.45777
-1.45893
-1.46008
-1.46122
-1.46236
-1.46348
-1.4646
-1.4657
-1.4668
-1.46789
-1.46898
-1.47005
-1.47111
-1.47217
-1.47321
-1.47425
-1.47528
-1.4763
-1.47732
-1.47832
-1.47931
-1.4803
-1.48128
-1.48225
-1.48321
-1.48416
-1.48511
-1.48604
-1.48697
-1.48789
-1.4888
-1.4897
-1.49059
-1.49148
-1.49235
-1.49322
-1.49408
-1.49493
-1.49577
-1.49661
-1.49744
-1.49825
-1.49906
-1.49986
-1.50066
-1.50144
-1.50222
-1.50299
-1.50375
-1.5045
-1.50524
-1.50598
-1.50671
-1.50743
-1.50814
-1.50884
-1.50954
-1.51023
-1.51091
-1.51158
-1.51224
-1.5129
-1.51354
-1.51418
-1.51482
-1.51544
-1.51606
-1.51666
-1.51727
-1.51786
-1.51844
-1.51902
-1.51959
-1.52015
-1.52071
-1.52125
-1.52179
-1.52233
-1.52285
-1.52337
-1.52388
-1.52438
-1.52487
-1.52536
-1.52584
-1.52631
-1.52677
-1.52723
-1.52768
-1.52812
-1.52856
-1.52898
-1.52941
-1.52982
-1.53022
-1.53062
-1.53102
-1.5314
-1.53178
-1.53215
-1.53251
-1.53287
-1.53322
-1.53356
-1.5339
-1.53423
-1.53455
-1.53487
-1.53517
-1.53548
-1.53577
-1.53606
-1.53634
-1.53662
-1.53688
-1.53715
-1.5374
-1.53765
-1.53789
-1.53813
-1.53836
-1.53858
-1.5388
-1.53901
-1.53921
-1.53941
-1.5396
-1.53978
-1.53996
-1.54013
-1.5403
-1.54046
-1.54062
-1.54076
-1.54091
-1.54104
-1.54117
-1.5413
-1.54141
-1.54153
-1.54163
-1.54173
-1.54183
-1.54192
-1.542
-1.54208
-1.54215
-1.54222
-1.54228
-1.54233
-1.54238
-1.54243
-1.54246
-1.5425
-1.54253
-1.54255
-1.54257
-1.54258
-1.54258
-1.54259
-1.54258
-1.54257
-1.54256
-1.54254
-1.54252
-1.54249
-1.54245
-1.54241
-1.54237
-1.54232
-1.54227
-1.54221
-1.54214
-1.54208
-1.542
-1.54193
-1.54184
-1.54176
-1.54166
-1.54157
-1.54147
-1.54136
-1.54125
-1.54114
-1.54102
-1.5409
-1.54077
-1.54064
-1.54051
-1.54037
-1.54022
-1.54007
-1.53992
-1.53977
-1.53961
-1.53944
-1.53927
-1.5391
-1.53892
-1.53875
-1.53856
-1.53837
-1.53818
-1.53799
-1.53779
-1.53759
-1.53738
-1.53717
-1.53696
-1.53674
-1.53652
-1.5363
-1.53607
-1.53584
-1.53561
-1.53537
-1.53513
-1.53489
-1.53464
-1.53439
-1.53414
-1.53389
-1.53363
-1.53336
-1.5331
-1.53283
-1.53256
-1.53229
-1.53201
-1.53173
-1.53145
-1.53117
-1.53088
-1.53059
-1.5303
-1.53
-1.5297
-1.5294
-1.5291
-1.5288
-1.52849
-1.52818
-1.52787
-1.52755
-1.52723
-1.52692
-1.52659
-1.52627
-1.52594
-1.52562
-1.52529
-1.52496
-1.52462
-1.52429
-1.52395
-1.52361
-1.52327
-1.52292
-1.52258
-1.52223
-1.52188
-1.52153
-1.52118
-1.52083
-1.52047
-1.52011
-1.51976
-1.5194
-1.51904
-1.51867
-1.51831
-1.51794
-1.51758
-1.51721
-1.51684
-1.51647
-1.5161
-1.51572
-1.51535
-1.51498
-1.5146
-1.51422
-1.51384
-1.51346
-1.51308
-1.5127
-1.51232
-1.51194
-1.51156
-1.51117
-1.51079
-1.5104
-1.51001
-1.50963
-1.50924
-1.50885
-1.50846
-1.50807
-1.50768
-1.50729
-1.5069
-1.50651
-1.50612
-1.50573
-1.50534
-1.50494
-1.50455
-1.50416
-1.50377
-1.50337
-1.50298
-1.50259
-1.50219
-1.5018
-1.50141
-1.50101
-1.50062
-1.50023
-1.49983
-1.49944
-1.49905
-1.49865
-1.49826
-1.49787
-1.49748
-1.49709
-1.49669
-1.4963
-1.49591
-1.49552
-1.49513
-1.49474
-1.49435
-1.49397
-1.49358
-1.49319
-1.4928
-1.49242
-1.49203
-1.49165
-1.49127
-1.49088
-1.4905
-1.49012
-1.48974
-1.48936
-1.48898
-1.4886
-1.48822
-1.48785
-1.48747
-1.4871
-1.48672
-1.48635
-1.48598
-1.48561
-1.48524
-1.48487
-1.48451
-1.48414
-1.48378
-1.48341
-1.48305
-1.48269
-1.48233
-1.48197
-1.48162
-1.48126
-1.48091
-1.48055
-1.4802
-1.47985
-1.4795
-1.47916
-1.47881
-1.47847
-1.47813
-1.47778
-1.47745
-1.47711
-1.47677
-1.47644
-1.47611
-1.47577
-1.47545
-1.47512
-1.47479
-1.47447
-1.47415
-1.47383
-1.47351
-1.47319
-1.47288
-1.47256
-1.47225
-1.47194
-1.47163
-1.47133
-1.47103
-1.47072
-1.47043
-1.47013
-1.46983
-1.46954
-1.46925
-1.46896
-1.46867
-1.46839
-1.4681
-1.46782
-1.46755
-1.46727
-1.46699
-1.46672
-1.46645
-1.46619
-1.46592
-1.46566
-1.4654
-1.46514
-1.46488
-1.46463
-1.46438
-1.46413
-1.46388
-1.46363
-1.46339
-1.46315
-1.46292
-1.46268
-1.46245
-1.46222
-1.46199
-1.46176
-1.46154
-1.46132
-1.4611
-1.46089
-1.46068
-1.46046
-1.46026
-1.46005
-1.45985
-1.45965
-1.45945
-1.45926
-1.45906
-1.45887
-1.45869
-1.4585
-1.45832
-1.45814
-1.45796
-1.45779
-1.45762
-1.45745
-1.45728
-1.45712
-1.45696
-1.4568
-1.45664
-1.45649
-1.45634
-1.45619
-1.45605
-1.45591
-1.45577
-1.45563
-1.4555
-1.45537
-1.45524
-1.45511
-1.45499
-1.45487
-1.45475
-1.45464
-1.45452
-1.45441
-1.45431
-1.4542
-1.4541
-1.45401
-1.45391
-1.45382
-1.45373
-1.45364
-1.45356
-1.45348
-1.4534
-1.45332
-1.45325
-1.45318
-1.45311
-1.45305
-1.45298
-1.45293
-1.45287
-1.45282
-1.45277
-1.45272
-1.45267
-1.45263
-1.45259
-1.45255
-1.45252
-1.45249
-1.45246
-1.45244
-1.45241
-1.45239
-1.45238
-1.45236
-1.45235
-1.45234
-1.45234
-1.45233
-1.45233
-1.45233
-1.45234
-1.45235
-1.45236
-1.45237
-1.45239
-1.45241
-1.45243
-1.45245
-1.45248
-1.45251
-1.45254
-1.45258
-1.45262
-1.45266
-1.4527
-1.45275
-1.45279
-1.45285
-1.4529
-1.45296
-1.45302
-1.45308
-1.45314
-1.45321
-1.45328
-1.45335
-1.45343
-1.45351
-1.45359
-1.45367
-1.45376
-1.45384
-1.45394
-1.45403
-1.45413
-1.45422
-1.45432
-1.45443
-1.45454
-1.45464
-1.45476
-1.45487
-1.45499
-1.4551
-1.45523
-1.45535
-1.45548
-1.4556
-1.45574
-1.45587
-1.456
-1.45614
-1.45628
-1.45643
-1.45657
-1.45672
-1.45687
-1.45702
-1.45718
-1.45734
-1.4575
-1.45766
-1.45782
-1.45799
-1.45816
-1.45833
-1.4585
-1.45868
-1.45885
-1.45903
-1.45922
-1.4594
-1.45959
-1.45977
-1.45997
-1.46016
-1.46035
-1.46055
-1.46075
-1.46095
-1.46115
-1.46136
-1.46157
-1.46178
-1.46199
-1.4622
-1.46242
-1.46263
-1.46285
-1.46307
-1.4633
-1.46352
-1.46375
-1.46398
-1.46421
-1.46444
-1.46468
-1.46491
-1.46515
-1.46539
-1.46563
-1.46587
-1.46612
-1.46637
-1.46661
-1.46687
-1.46712
-1.46737
-1.46763
-1.46788
-1.46814
-1.4684
-1.46866
-1.46893
-1.46919
-1.46946
-1.46973
-1.46999
-1.47027
-1.47054
-1.47081
-1.47109
-1.47136
-1.47164
-1.47192
-1.4722
-1.47248
-1.47277
-1.47305
-1.47334
-1.47363
-1.47392
-1.47421
-1.4745
-1.47479
-1.47508
-1.47538
-1.47567
-1.47597
-1.47627
-1.47657
-1.47687
-1.47717
-1.47747
-1.47778
-1.47808
-1.47839
-1.47869
-1.479
-1.47931
-1.47962
-1.47993
-1.48024
-1.48055
-1.48087
-1.48118
-1.4815
-1.48181
-1.48213
-1.48245
-1.48276
-1.48308
-1.4834
-1.48372
-1.48404
-1.48437
-1.48469
-1.48501
-1.48533
-1.48566
-1.48598
-1.48631
-1.48663
-1.48696
-1.48729
-1.48761
-1.48794
-1.48827
-1.4886
-1.48893
-1.48926
-1.48959
-1.48992
-1.49025
-1.49058
-1.49091
-1.49124
-1.49157
-1.49191
-1.49224
-1.49257
-1.4929
-1.49324
-1.49357
-1.4939
-1.49424
-1.49457
-1.4949
-1.49524
-1.49557
-1.4959
-1.49624
-1.49657
-1.4969
-1.49724
-1.49757
-1.4979
-1.49824
-1.49857
-1.4989
-1.49924
-1.49957
-1.4999
-1.50023
-1.50057
-1.5009
-1.50123
-1.50156
-1.50189
-1.50222
-1.50255
-1.50288
-1.50321
-1.50354
-1.50387
-1.5042
-1.50453
-1.50486
-1.50518
-1.50551
-1.50584
-1.50616
-1.50649
-1.50681
-1.50714
-1.50746
-1.50778
-1.50811
-1.50843
-1.50875
-1.50907
-1.50939
-1.50971
-1.51003
-1.51034
-1.51066
-1.51098
-1.51129
-1.51161
-1.51192
-1.51223
-1.51255
-1.51286
-1.51317
-1.51348
-1.51379
-1.51409
-1.5144
-1.51471
-1.51501
-1.51531
-1.51562
-1.51592
-1.51622
-1.51652
-1.51682
-1.51711
-1.51741
-1.51771
-1.518
-1.51829
-1.51858
-1.51888
-1.51916
-1.51945
-1.51974
-1.52003
-1.52031
-1.52059
-1.52088
-1.52116
-1.52144
-1.52171
-1.52199
-1.52227
-1.52254
-1.52281
-1.52309
-1.52336
-1.52362
-1.52389
-1.52416
-1.52442
-1.52468
-1.52495
-1.52521
-1.52546
-1.52572
-1.52598
-1.52623
-1.52648
-1.52673
-1.52698
-1.52723
-1.52748
-1.52772
-1.52797
-1.52821
-1.52845
-1.52868
-1.52892
-1.52916
-1.52939
-1.52962
-1.52985
-1.53008
-1.5303
-1.53053
-1.53075
-1.53097
-1.53119
-1.53141
-1.53162
-1.53184
-1.53205
-1.53226
-1.53247
-1.53267
-1.53288
-1.53308
-1.53328
-1.53348
-1.53368
-1.53387
-1.53407
-1.53426
-1.53445
-1.53464
-1.53482
-1.53501
-1.53519
-1.53537
-1.53554
-1.53572
-1.53589
-1.53607
-1.53624
-1.5364
-1.53657
-1.53673
-1.5369
-1.53706
-1.53721
-1.53737
-1.53752
-1.53767
-1.53782
-1.53797
-1.53812
-1.53826
-1.5384
-1.53854
-1.53868
-1.53881
-1.53895
-1.53908
-1.53921
-1.53933
-1.53946
-1.53958
-1.5397
-1.53982
-1.53993
-1.54005
-1.54016
-1.54027
-1.54037
-1.54048
-1.54058
-1.54068
-1.54078
-1.54088
-1.54097
-1.54106
-1.54115
-1.54124
-1.54132
-1.54141
-1.54149
-1.54157
-1.54164
-1.54172
-1.54179
-1.54186
-1.54192
-1.54199
-1.54205
-1.54211
-1.54217
-1.54223
-1.54228
-1.54233
-1.54238
-1.54243
-1.54248
-1.54252
-1.54256
-1.5426
-1.54263
-1.54267
-1.5427
-1.54273
-1.54276
-1.54278
-1.5428
-1.54282
-1.54284
-1.54286
-1.54287
-1.54288
-1.54289
-1.5429
-1.5429
-1.54291
-1.54291
-1.5429
-1.5429
-1.54289
-1.54288
-1.54287
-1.54286
-1.54285
-1.54283
-1.54281
-1.54279
-1.54276
-1.54274
-1.54271
-1.54268
-1.54264
-1.54261
-1.54257
-1.54253
-1.54249
-1.54244
-1.5424
-1.54235
-1.5423
-1.54225
-1.54219
-1.54213
-1.54208
-1.54201
-1.54195
-1.54189
-1.54182
-1.54175
-1.54168
-1.5416
-1.54153
-1.54145
-1.54137
-1.54128
-1.5412
-1.54111
-1.54102
-1.54093
-1.54084
-1.54074
-1.54065
-1.54055
-1.54045
-1.54034
-1.54024
-1.54013
-1.54002
-1.53991
-1.5398
-1.53968
-1.53956
-1.53945
-1.53932
-1.5392
-1.53908
-1.53895
-1.53882
-1.53869
-1.53856
-1.53842
-1.53828
-1.53814
-1.538
-1.53786
-1.53772
-1.53757
-1.53742
-1.53727
-1.53712
-1.53697
-1.53681
-1.53665
-1.5365
-1.53633
-1.53617
-1.53601
-1.53584
-1.53567
-1.5355
-1.53533
-1.53516
-1.53498
-1.53481
-1.53463
-1.53445
-1.53427
-1.53408
-1.5339
-1.53371
-1.53352
-1.53333
-1.53314
-1.53295
-1.53275
-1.53255
-1.53236
-1.53216
-1.53196
-1.53175
-1.53155
-1.53134
-1.53113
-1.53093
-1.53072
-1.5305
-1.53029
-1.53008
-1.52986
-1.52964
-1.52942
-1.5292
-1.52898
-1.52876
-1.52853
-1.52831
-1.52808
-1.52785
-1.52762
-1.52739
-1.52716
-1.52692
-1.52669
-1.52645
-1.52621
-1.52597
-1.52573
-1.52549
-1.52525
-1.52501
-1.52476
-1.52451
-1.52427
-1.52402
-1.52377
-1.52352
-1.52327
-1.52301
-1.52276
-1.52251
-1.52225
-1.52199
-1.52173
-1.52148
-1.52122
-1.52095
-1.52069
-1.52043
-1.52017
-1.5199
-1.51963
-1.51937
-1.5191
-1.51883
-1.51856
-1.51829
-1.51802
-1.51775
-1.51748
-1.5172
-1.51693
-1.51666
-1.51638
-1.5161
-1.51583
-1.51555
-1.51527
-1.51499
-1.51471
-1.51443
-1.51415
-1.51387
-1.51359
-1.5133
-1.51302
-1.51274
-1.51245
-1.51217
-1.51188
-1.5116
-1.51131
-1.51102
-1.51074
-1.51045
-1.51016
-1.50987
-1.50958
-1.50929
-1.509
-1.50871
-1.50842
-1.50813
-1.50784
-1.50755
-1.50726
-1.50696
-1.50667
-1.50638
-1.50609
-1.50579
-1.5055
-1.50521
-1.50491
-1.50462
-1.50432
-1.50403
-1.50374
-1.50344
-1.50315
-1.50285
-1.50256
-1.50226
-1.50197
-1.50167
-1.50138
-1.50109
-1.50079
-1.5005
-1.5002
-1.49991
-1.49961
-1.49932
-1.49902
-1.49873
-1.49844
-1.49814
-1.49785
-1.49756
-1.49726
-1.49697
-1.49668
-1.49638
-1.49609
-1.4958
-1.49551
-1.49522
-1.49493
-1.49463
-1.49434
-1.49405
-1.49376
-1.49347
-1.49319
-1.4929
-1.49261
-1.49232
-1.49203
-1.49175
-1.49146
-1.49117
-1.49089
-1.4906
-1.49032
-1.49003
-1.48975
-1.48947
-1.48919
-1.4889
-1.48862
-1.48834
-1.48806
-1.48778
-1.4875
-1.48723
-1.48695
-1.48667
-1.4864
-1.48612
-1.48585
-1.48557
-1.4853
-1.48503
-1.48475
-1.48448
-1.48421
-1.48394
-1.48368
-1.48341
-1.48314
-1.48288
-1.48261
-1.48235
-1.48208
-1.48182
-1.48156
-1.4813
-1.48104
-1.48078
-1.48052
-1.48026
-1.48001
-1.47975
-1.4795
-1.47925
-1.47899
-1.47874
-1.47849
-1.47824
-1.478
-1.47775
-1.4775
-1.47726
-1.47701
-1.47677
-1.47653
-1.47629
-1.47605
-1.47581
-1.47558
-1.47534
-1.47511
-1.47487
-1.47464
-1.47441
-1.47418
-1.47395
-1.47372
-1.4735
-1.47327
-1.47305
-1.47283
-1.47261
-1.47239
-1.47217
-1.47195
-1.47173
-1.47152
-1.47131
-1.47109
-1.47088
-1.47067
-1.47047
-1.47026
-1.47005
-1.46985
-1.46965
-1.46945
-1.46925
-1.46905
-1.46885
-1.46865
-1.46846
-1.46827
-1.46808
-1.46789
-1.4677
-1.46751
-1.46732
-1.46714
-1.46696
-1.46678
-1.4666
-1.46642
-1.46624
-1.46607
-1.46589
-1.46572
-1.46555
-1.46538
-1.46521
-1.46504
-1.46488
-1.46472
-1.46455
-1.46439
-1.46424
-1.46408
-1.46392
-1.46377
-1.46362
-1.46347
-1.46332
-1.46317
-1.46302
-1.46288
-1.46273
-1.46259
-1.46245
-1.46231
-1.46218
-1.46204
-1.46191
-1.46178
-1.46165
-1.46152
-1.46139
-1.46127
-1.46114
-1.46102
-1.4609
-1.46078
-1.46066
-1.46055
-1.46043
-1.46032
-1.46021
-1.4601
-1.45999
-1.45988
-1.45978
-1.45968
-1.45958
-1.45948
-1.45938
-1.45928
-1.45919
-1.45909
-1.459
-1.45891
-1.45882
-1.45874
-1.45865
-1.45857
-1.45849
-1.45841
-1.45833
-1.45825
-1.45818
-1.4581
-1.45803
-1.45796
-1.45789
-1.45782
-1.45776
-1.45769
-1.45763
-1.45757
-1.45751
-1.45745
-1.4574
-1.45734
-1.45729
-1.45724
-1.45719
-1.45714
-1.45709
-1.45705
-1.45701
-1.45696
-1.45692
-1.45688
-1.45685
-1.45681
-1.45678
-1.45674
-1.45671
-1.45668
-1.45666
-1.45663
-1.4566
-1.45658
-1.45656
-1.45654
-1.45652
-1.4565
-1.45648
-1.45647
-1.45646
-1.45645
-1.45644
-1.45643
-1.45642
-1.45641
-1.45641
-1.45641
-1.4564
-1.4564
-1.45641
-1.45641
-1.45641
-1.45642
-1.45642
-1.45643
-1.45644
-1.45645
-1.45647
-1.45648
-1.45649
-1.45651
-1.45653
-1.45655
-1.45657
-1.45659
-1.45661
-1.45663
-1.45666
-1.45669
-1.45671
-1.45674
-1.45677
-1.45681
-1.45684
-1.45687
-1.45691
-1.45694
-1.45698
-1.45702
-1.45706
-1.4571
-1.45714
-1.45719
-1.45723
-1.45728
-1.45732
-1.45737
-1.45742
-1.45747
-1.45752
-1.45757
-1.45762
-1.45768
-1.45773
-1.45779
-1.45784
-1.4579
-1.45796
-1.45802
-1.45808
-1.45814
-1.45821
-1.45827
-1.45833
-1.4584
-1.45846
-1.45853
-1.4586
-1.45867
-1.45874
-1.45881
-1.45888
-1.45895
-1.45902
-1.45909
-1.45917
-1.45924
-1.45932
-1.4594
-1.45947
-1.45955
-1.45963
-1.45971
-1.45979
-1.45987
-1.45995
-1.46003
-1.46011
-1.46019
-1.46027
-1.46036
-1.46044
-1.46053
-1.46061
-1.4607
-1.46078
-1.46087
-1.46095
-1.46104
-1.46113
-1.46122
-1.4613
-1.46139
-1.46148
-1.46157
-1.46166
-1.46175
-1.46184
-1.46193
-1.46202
-1.46211
-1.4622
-1.46229
-1.46238
-1.46248
-1.46257
-1.46266
-1.46275
-1.46284
-1.46293
-1.46303
-1.46312
-1.46321
-1.4633
-1.46339
-1.46349
-1.46358
-1.46367
-1.46376
-1.46385
-1.46395
-1.46404
-1.46413
-1.46422
-1.46431
-1.4644
-1.46449
-1.46458
-1.46467
-1.46476
-1.46485
-1.46494
-1.46503
-1.46512
-1.46521
-1.4653
-1.46538
-1.46547
-1.46556
-1.46564
-1.46573
-1.46581
-1.4659
-1.46598
-1.46607
-1.46615
-1.46623
-1.46631
-1.46639
-1.46648
-1.46656
-1.46664
-1.46671
-1.46679
-1.46687
-1.46695
-1.46702
-1.4671
-1.46717
-1.46724
-1.46732
-1.46739
-1.46746
-1.46753
-1.4676
-1.46767
-1.46773
-1.4678
-1.46786
-1.46793
-1.46799
-1.46805
-1.46811
-1.46817
-1.46823
-1.46829
-1.46835
-1.4684
-1.46846
-1.46851
-1.46856
-1.46861
-1.46866
-1.46871
-1.46875
-1.4688
-1.46884
-1.46889
-1.46893
-1.46897
-1.46901
-1.46904
-1.46908
-1.46911
-1.46915
-1.46918
-1.46921
-1.46923
-1.46926
-1.46928
-1.46931
-1.46933
-1.46935
-1.46937
-1.46938
-1.4694
-1.46941
-1.46942
-1.46943
-1.46944
-1.46945
-1.46945
-1.46945
-1.46945
-1.46945
-1.46945
-1.46944
-1.46943
-1.46942
-1.46941
-1.4694
-1.46938
-1.46937
-1.46935
-1.46933
-1.4693
-1.46928
-1.46925
-1.46922
-1.46919
-1.46915
-1.46912
-1.46908
-1.46903
-1.46899
-1.46895
-1.4689
-1.46885
-1.46879
-1.46874
-1.46868
-1.46862
-1.46856
-1.46849
-1.46843
-1.46836
-1.46828
-1.46821
-1.46813
-1.46805
-1.46797
-1.46788
-1.46779
-1.4677
-1.46761
-1.46751
-1.46742
-1.46731
-1.46721
-1.4671
-1.46699
-1.46688
-1.46677
-1.46665
-1.46653
-1.4664
-1.46628
-1.46615
-1.46601
-1.46588
-1.46574
-1.4656
-1.46545
-1.46531
-1.46516
-1.465
-1.46484
-1.46469
-1.46452
-1.46436
-1.46419
-1.46401
-1.46384
-1.46366
-1.46348
-1.46329
-1.4631
-1.46291
-1.46272
-1.46252
-1.46232
-1.46211
-1.4619
-1.46169
-1.46148
-1.46126
-1.46104
-1.46081
-1.46058
-1.46035
-1.46011
-1.45987
-1.45963
-1.45938
-1.45913
-1.45888
-1.45862
-1.45836
-1.4581
-1.45783
-1.45756
-1.45728
-1.457
-1.45672
-1.45643
-1.45614
-1.45585
-1.45555
-1.45525
-1.45494
-1.45463
-1.45432
-1.454
-1.45368
-1.45335
-1.45303
-1.45269
-1.45236
-1.45202
-1.45167
-1.45132
-1.45097
-1.45061
-1.45025
-1.44989
-1.44952
-1.44915
-1.44877
-1.44839
-1.448
-1.44761
-1.44722
-1.44682
-1.44642
-1.44601
-1.4456
-1.44519
-1.44477
-1.44435
-1.44392
-1.44349
-1.44305
-1.44261
-1.44217
-1.44172
-1.44127
-1.44081
-1.44035
-1.43988
-1.43941
-1.43894
-1.43846
-1.43797
-1.43749
-1.43699
-1.4365
-1.436
-1.43549
-1.43498
-1.43446
-1.43395
-1.43342
-1.43289
-1.43236
-1.43182
-1.43128
-1.43073
-1.43018
-1.42963
-1.42906
-1.4285
-1.42793
-1.42735
-1.42678
-1.42619
-1.4256
-1.42501
-1.42441
-1.42381
-1.4232
-1.42259
-1.42197
-1.42135
-1.42072
-1.42009
-1.41946
-1.41881
-1.41817
-1.41752
-1.41686
-1.4162
-1.41554
-1.41487
-1.41419
-1.41351
-1.41283
-1.41214
-1.41145
-1.41075
-1.41004
-1.40933
-1.40862
-1.4079
-1.40718
-1.40645
-1.40571
-1.40497
-1.40423
-1.40348
-1.40273
-1.40197
-1.40121
-1.40044
-1.39966
-1.39889
-1.3981
-1.39731
-1.39652
-1.39572
-1.39492
-1.39411
-1.39329
-1.39247
-1.39165
-1.39082
-1.38999
-1.38915
-1.3883
-1.38745
-1.3866
-1.38574
-1.38487
-1.384
-1.38313
-1.38225
-1.38136
-1.38047
-1.37957
-1.37867
-1.37777
-1.37685
-1.37594
-1.37502
-1.37409
-1.37316
-1.37222
-1.37128
-1.37033
-1.36938
-1.36842
-1.36746
-1.36649
-1.36551
-1.36453
-1.36355
-1.36256
-1.36157
-1.36057
-1.35956
-1.35855
-1.35754
-1.35652
-1.35549
-1.35446
-1.35342
-1.35238
-1.35133
-1.35028
-1.34923
-1.34816
-1.34709
-1.34602
-1.34494
-1.34386
-1.34277
-1.34168
-1.34058
-1.33947
-1.33836
-1.33725
-1.33613
-1.335
-1.33387
-1.33274
-1.3316
-1.33045
-1.3293
-1.32814
-1.32698
-1.32581
-1.32464
-1.32346
-1.32228
-1.32109
-1.3199
-1.3187
-1.3175
-1.31629
-1.31507
-1.31385
-1.31263
-1.3114
-1.31016
-1.30892
-1.30768
-1.30643
-1.30517
-1.30391
-1.30264
-1.30137
-1.3001
-1.29881
-1.29753
-1.29624
-1.29494
-1.29364
-1.29233
-1.29101
-1.2897
-1.28837
-1.28704
-1.28571
-1.28437
-1.28303
-1.28168
-1.28033
-1.27897
-1.2776
-1.27623
-1.27486
-1.27348
-1.27209
-1.2707
-1.26931
-1.26791
-1.2665
-1.26509
-1.26368
-1.26226
-1.26083
-1.2594
-1.25797
-1.25653
-1.25508
-1.25363
-1.25218
-1.25072
-1.24925
-1.24778
-1.2463
-1.24482
-1.24334
-1.24185
-1.24035
-1.23885
-1.23735
-1.23584
-1.23432
-1.2328
-1.23128
-1.22975
-1.22821
-1.22667
-1.22513
-1.22358
-1.22203
-1.22047
-1.2189
-1.21734
-1.21576
-1.21418
-1.2126
-1.21101
-1.20942
-1.20782
-1.20622
-1.20461
-1.203
-1.20139
-1.19976
-1.19814
-1.19651
-1.19487
-1.19323
-1.19159
-1.18994
-1.18828
-1.18663
-1.18496
-1.18329
-1.18162
-1.17994
-1.17826
-1.17658
-1.17489
-1.17319
-1.17149
-1.16979
-1.16808
-1.16636
-1.16464
-1.16292
-1.16119
-1.15946
-1.15773
-1.15599
-1.15424
-1.15249
-1.15074
-1.14898
-1.14722
-1.14545
-1.14368
-1.1419
-1.14012
-1.13834
-1.13655
-1.13476
-1.13296
-1.13116
-1.12935
-1.12754
-1.12573
-1.12391
-1.12209
-1.12026
-1.11843
-1.1166
-1.11476
-1.11291
-1.11106
-1.10921
-1.10736
-1.1055
-1.10363
-1.10177
-1.09989
-1.09802
-1.09614
-1.09425
-1.09236
-1.09047
-1.08858
-1.08668
-1.08477
-1.08286
-1.08095
-1.07904
-1.07712
-1.07519
-1.07327
-1.07134
-1.0694
-1.06746
-1.06552
-1.06357
-1.06162
-1.05967
-1.05771
-1.05575
-1.05379
-1.05182
-1.04985
-1.04787
-1.04589
-1.04391
-1.04192
-1.03993
-1.03794
-1.03594
-1.03394
-1.03194
-1.02993
-1.02792
-1.0259
-1.02388
-1.02186
-1.01984
-1.01781
-1.01578
-1.01374
-1.0117
-1.00966
-1.00762
-1.00557
-1.00352
-1.00146
-0.999404
-0.997343
-0.995278
-0.99321
-0.991139
-0.989065
-0.986987
-0.984907
-0.982823
-0.980737
-0.978647
-0.976554
-0.974458
-0.972359
-0.970257
-0.968152
-0.966044
-0.963934
-0.96182
-0.959703
-0.957584
-0.955461
-0.953336
-0.951208
-0.949077
-0.946943
-0.944806
-0.942667
-0.940525
-0.93838
-0.936232
-0.934082
-0.931929
-0.929773
-0.927615
-0.925454
-0.923291
-0.921124
-0.918956
-0.916784
-0.914611
-0.912434
-0.910256
-0.908074
-0.90589
-0.903704
-0.901516
-0.899325
-0.897131
-0.894935
-0.892737
-0.890537
-0.888334
-0.886129
-0.883921
-0.881712
-0.8795
-0.877286
-0.875069
-0.872851
-0.87063
-0.868407
-0.866182
-0.863955
-0.861726
-0.859495
-0.857262
-0.855026
-0.852789
-0.85055
-0.848309
-0.846065
-0.84382
-0.841573
-0.839324
-0.837073
-0.834821
-0.832566
-0.83031
-0.828051
-0.825791
-0.82353
-0.821266
-0.819001
-0.816734
-0.814466
-0.812195
-0.809923
-0.80765
-0.805375
-0.803098
-0.80082
-0.79854
-0.796258
-0.793976
-0.791691
-0.789405
-0.787118
-0.784829
-0.782539
-0.780248
-0.777955
-0.77566
-0.773365
-0.771068
-0.76877
-0.76647
-0.764169
-0.761867
-0.759564
-0.75726
-0.754954
-0.752647
-0.750339
-0.74803
-0.74572
-0.743409
-0.741097
-0.738783
-0.736469
-0.734153
-0.731837
-0.72952
-0.727201
-0.724882
-0.722562
-0.720241
-0.717919
-0.715597
-0.713273
-0.710949
-0.708624
-0.706298
-0.703971
-0.701644
-0.699315
-0.696987
-0.694657
-0.692327
-0.689996
-0.687665
-0.685333
-0.683
-0.680667
-0.678333
-0.675999
-0.673664
-0.671329
-0.668994
-0.666658
-0.664321
-0.661984
-0.659647
-0.657309
-0.654971
-0.652633
-0.650294
-0.647955
-0.645616
-0.643277
-0.640937
-0.638597
-0.636257
-0.633917
-0.631576
-0.629236
-0.626895
-0.624554
-0.622214
-0.619873
-0.617532
-0.615191
-0.61285
-0.610509
-0.608168
-0.605827
-0.603486
-0.601146
-0.598805
-0.596465
-0.594124
-0.591784
-0.589444
-0.587105
-0.584765
-0.582426
-0.580087
-0.577748
-0.57541
-0.573072
-0.570734
-0.568396
-0.566059
-0.563723
-0.561386
-0.559051
-0.556715
-0.55438
-0.552046
-0.549712
-0.547379
-0.545046
-0.542714
-0.540382
-0.538051
-0.53572
-0.53339
-0.531061
-0.528733
-0.526405
-0.524078
-0.521751
-0.519425
-0.5171
-0.514776
-0.512453
-0.51013
-0.507809
-0.505488
-0.503168
-0.500849
-0.49853
-0.496213
-0.493897
-0.491581
-0.489267
-0.486953
-0.484641
-0.482329
-0.480019
-0.47771
-0.475401
-0.473094
-0.470788
-0.468483
-0.46618
-0.463877
-0.461576
-0.459275
-0.456976
-0.454679
-0.452382
-0.450087
-0.447793
-0.4455
-0.443209
-0.440919
-0.43863
-0.436343
-0.434057
-0.431773
-0.42949
-0.427208
-0.424928
-0.422649
-0.420372
-0.418096
-0.415822
-0.413549
-0.411278
-0.409009
-0.406741
-0.404474
-0.40221
-0.399946
-0.397685
-0.395425
-0.393167
-0.390911
-0.388656
-0.386403
-0.384152
-0.381903
-0.379655
-0.377409
-0.375165
-0.372923
-0.370683
-0.368444
-0.366207
-0.363973
-0.36174
-0.359509
-0.35728
-0.355053
-0.352828
-0.350605
-0.348384
-0.346165
-0.343948
-0.341733
-0.33952
-0.337309
-0.335101
-0.332894
-0.33069
-0.328487
-0.326287
-0.324089
-0.321893
-0.319699
-0.317508
-0.315319
-0.313132
-0.310947
-0.308765
-0.306585
-0.304407
-0.302231
-0.300058
-0.297887
-0.295719
-0.293552
-0.291389
-0.289227
-0.287068
-0.284912
-0.282758
-0.280606
-0.278457
-0.27631
-0.274166
-0.272025
-0.269885
-0.267749
-0.265615
-0.263483
-0.261354
-0.259228
-0.257104
-0.254983
-0.252865
-0.250749
-0.248636
-0.246526
-0.244418
-0.242313
-0.240211
-0.238111
-0.236014
-0.23392
-0.231829
-0.22974
-0.227654
-0.225571
-0.223491
-0.221414
-0.21934
-0.217268
-0.215199
-0.213133
-0.21107
-0.20901
-0.206953
-0.204899
-0.202848
-0.200799
-0.198754
-0.196712
-0.194672
-0.192636
-0.190603
-0.188572
-0.186545
-0.184521
-0.1825
-0.180482
-0.178467
-0.176455
-0.174446
-0.17244
-0.170438
-0.168439
-0.166442
-0.164449
-0.162459
-0.160473
-0.158489
-0.156509
-0.154532
-0.152558
-0.150587
-0.14862
-0.146656
-0.144695
-0.142738
-0.140784
-0.138833
-0.136885
-0.134941
-0.133
-0.131063
-0.129129
-0.127198
-0.12527
-0.123346
-0.121426
-0.119509
-0.117595
-0.115685
-0.113778
-0.111874
-0.109974
-0.108078
-0.106185
-0.104295
-0.102409
-0.100527
-0.0986479
-0.0967724
-0.0949006
-0.0930322
-0.0911675
-0.0893063
-0.0874486
-0.0855946
-0.0837442
-0.0818973
-0.0800541
-0.0782145
-0.0763786
-0.0745463
-0.0727176
-0.0708926
-0.0690713
-0.0672537
-0.0654397
-0.0636294
-0.0618229
-0.06002
-0.0582209
-0.0564255
-0.0546338
-0.0528459
-0.0510618
-0.0492814
-0.0475047
-0.0457319
-0.0439628
-0.0421976
-0.0404361
-0.0386785
-0.0369246
-0.0351746
-0.0334285
-0.0316861
-0.0299476
-0.028213
-0.0264823
-0.0247554
-0.0230324
-0.0213132
-0.019598
-0.0178867
-0.0161793
-0.0144757
-0.0127762
-0.0110805
-0.00938879
-0.00770101
-0.00601719
-0.00433732
-0.00266141
-0.000989474
0.000678486
0.00234246
0.00400245
0.00565844
0.00731043
0.00895841
0.0106024
0.0122423
0.0138782
0.0155101
0.0171379
0.0187617
0.0203815
0.0219972
0.0236088
0.0252163
0.0268198
0.0284192
0.0300145
0.0316057
0.0331928
0.0347758
0.0363548
0.0379295
0.0395002
0.0410668
0.0426292
0.0441874
0.0457416
0.0472916
0.0488374
0.0503791
0.0519166
0.05345
0.0549792
0.0565042
0.058025
0.0595417
0.0610541
0.0625624
0.0640665
0.0655663
0.067062
0.0685534
0.0700407
0.0715237
0.0730025
0.074477
0.0759474
0.0774135
0.0788753
0.0803329
0.0817863
0.0832354
0.0846803
0.0861209
0.0875572
0.0889893
0.0904171
0.0918406
0.0932598
0.0946748
0.0960855
0.0974919
0.098894
0.100292
0.101685
0.103075
0.104459
0.10584
0.107216
0.108588
0.109956
0.111319
0.112679
0.114033
0.115384
0.11673
0.118071
0.119409
0.120742
0.122071
0.123395
0.124715
0.126031
0.127342
0.128649
0.129952
0.13125
0.132544
0.133834
0.135119
0.1364
0.137677
0.138949
0.140217
0.14148
0.142739
0.143994
0.145245
0.146491
0.147732
0.14897
0.150202
0.151431
0.152655
0.153875
0.15509
0.156301
0.157508
0.15871
0.159908
0.161102
0.162291
0.163475
0.164656
0.165832
0.167003
0.168171
0.169333
0.170492
0.171646
0.172796
0.173941
0.175082
0.176218
0.177351
0.178478
0.179602
0.180721
0.181835
0.182946
0.184051
0.185153
0.18625
0.187343
0.188431
0.189515
0.190594
0.19167
0.19274
0.193807
0.194869
0.195927
0.19698
0.198029
0.199073
0.200114
0.20115
0.202181
0.203208
0.204231
0.205249
0.206263
0.207273
0.208278
0.209279
0.210276
0.211268
0.212256
0.213239
0.214219
0.215193
0.216164
0.21713
0.218092
0.219049
0.220002
0.220951
0.221896
0.222836
0.223772
0.224703
0.22563
0.226553
0.227472
0.228386
0.229296
0.230202
0.231103
0.232
0.232893
0.233781
0.234665
0.235545
0.236421
0.237292
0.238159
0.239022
0.23988
0.240734
0.241584
0.24243
0.243271
0.244108
0.244941
0.24577
0.246594
0.247414
0.24823
0.249042
0.249849
0.250652
0.251451
0.252246
0.253037
0.253823
0.254605
0.255383
0.256157
0.256926
0.257692
0.258453
0.25921
0.259963
0.260711
0.261456
0.262196
0.262932
0.263664
0.264392
0.265116
0.265835
0.266551
0.267262
0.267969
0.268672
0.269371
0.270066
0.270757
0.271444
0.272126
0.272805
0.273479
0.274149
0.274816
0.275478
0.276136
0.27679
0.27744
0.278086
0.278728
0.279366
0.28
0.28063
0.281256
0.281877
0.282495
0.283109
0.283719
0.284325
0.284927
0.285525
0.286119
0.286709
0.287295
0.287877
0.288455
0.28903
0.2896
0.290166
0.290729
0.291288
0.291842
0.292393
0.29294
0.293483
0.294022
0.294558
0.295089
0.295617
0.296141
0.296661
0.297177
0.297689
0.298198
0.298702
0.299203
0.2997
0.300194
0.300683
0.301169
0.301651
0.302129
0.302604
0.303075
0.303542
0.304005
0.304465
0.304921
0.305373
0.305821
0.306266
0.306707
0.307145
0.307579
0.308009
0.308436
0.308858
0.309278
0.309693
0.310105
0.310514
0.310919
0.31132
0.311718
0.312112
0.312502
0.312889
0.313273
0.313653
0.314029
0.314402
0.314772
0.315138
0.3155
0.315859
0.316214
0.316566
0.316915
0.31726
0.317602
0.31794
0.318275
0.318606
0.318934
0.319259
0.31958
0.319898
0.320212
0.320524
0.320831
0.321136
0.321437
0.321735
0.322029
0.322321
0.322608
0.322893
0.323175
0.323453
0.323728
0.323999
0.324268
0.324533
0.324795
0.325054
0.325309
0.325562
0.325811
0.326057
0.3263
0.32654
0.326776
0.32701
0.32724
0.327468
0.327692
0.327913
0.328131
0.328346
0.328558
0.328767
0.328973
0.329176
0.329376
0.329573
0.329767
0.329958
0.330146
0.330331
0.330513
0.330692
0.330869
0.331042
0.331212
0.33138
0.331545
0.331707
0.331865
0.332022
0.332175
0.332325
0.332473
0.332618
0.33276
0.332899
0.333035
0.333169
0.3333
0.333428
0.333554
0.333677
0.333797
0.333914
0.334029
0.334141
0.33425
0.334357
0.334461
0.334563
0.334662
0.334758
0.334851
0.334943
0.335031
0.335117
0.3352
0.335281
0.33536
0.335436
0.335509
0.33558
0.335648
0.335714
0.335777
0.335838
0.335897
0.335953
0.336007
0.336058
0.336107
0.336154
0.336198
0.33624
0.33628
0.336317
0.336352
0.336384
0.336415
0.336443
0.336469
0.336492
0.336513
0.336532
0.336549
0.336564
0.336576
0.336587
0.336595
0.336601
0.336604
0.336606
0.336605
0.336603
0.336598
0.336591
0.336582
0.336571
0.336558
0.336543
0.336526
0.336507
0.336486
0.336463
0.336438
0.336411
0.336382
0.336351
0.336318
0.336283
0.336247
0.336208
0.336168
0.336125
0.336081
0.336035
0.335987
0.335938
0.335886
0.335833
0.335778
0.335721
0.335662
0.335602
0.33554
0.335476
0.33541
0.335343
0.335274
0.335203
0.335131
0.335057
0.334981
0.334904
0.334825
0.334745
0.334663
0.334579
0.334494
0.334407
0.334319
0.334229
0.334138
0.334045
0.333951
0.333855
0.333758
0.333659
0.333559
0.333457
0.333354
0.333249
0.333144
0.333036
0.332928
0.332818
0.332706
0.332594
0.33248
0.332364
0.332248
0.33213
0.332011
0.33189
0.331769
0.331646
0.331521
0.331396
0.331269
0.331142
0.331013
0.330883
0.330751
0.330619
0.330485
0.330351
0.330215
0.330078
0.32994
0.329801
0.329661
0.32952
0.329378
0.329234
0.32909
0.328945
0.328799
0.328651
0.328503
0.328354
0.328204
0.328053
0.327901
0.327748
0.327595
0.32744
0.327285
0.327128
0.326971
0.326813
0.326654
0.326494
0.326334
0.326173
0.326011
0.325848
0.325684
0.32552
0.325355
0.325189
0.325023
0.324856
0.324688
0.324519
0.32435
0.32418
0.32401
0.323839
0.323667
0.323494
0.323321
0.323148
0.322974
0.322799
0.322624
0.322448
0.322272
0.322095
0.321918
0.32174
0.321562
0.321383
0.321203
0.321024
0.320844
0.320663
0.320482
0.320301
0.320119
0.319937
0.319754
0.319571
0.319388
0.319204
0.31902
0.318836
0.318651
0.318466
0.318281
0.318095
0.31791
0.317724
0.317537
0.317351
0.317164
0.316977
0.31679
0.316602
0.316415
0.316227
0.316039
0.315851
0.315663
0.315474
0.315286
0.315097
0.314909
0.31472
0.314531
0.314342
0.314153
0.313964
0.313774
0.313585
0.313396
0.313207
0.313017
0.312828
0.312639
0.312449
0.31226
0.312071
0.311882
0.311693
0.311504
0.311315
0.311126
0.310937
0.310748
0.31056
0.310371
0.310183
0.309995
0.309807
0.309619
0.309431
0.309244
0.309056
0.308869
0.308682
0.308495
0.308309
0.308122
0.307936
0.30775
0.307565
0.30738
0.307194
0.30701
0.306825
0.306641
0.306457
0.306273
0.30609
0.305907
0.305725
0.305542
0.30536
0.305179
0.304998
0.304817
0.304636
0.304456
0.304277
0.304097
0.303919
0.30374
0.303562
0.303385
0.303208
0.303031
0.302855
0.302679
0.302504
0.302329
0.302155
0.301981
0.301808
0.301635
0.301463
0.301291
0.30112
0.300949
0.300779
0.300609
0.30044
0.300272
0.300104
0.299937
0.29977
0.299604
0.299438
0.299273
0.299109
0.298945
0.298782
0.29862
0.298458
0.298297
0.298136
0.297977
0.297817
0.297659
0.297501
0.297344
0.297187
0.297031
0.296876
0.296722
0.296568
0.296415
0.296263
0.296111
0.295961
0.295811
0.295661
0.295513
0.295365
0.295218
0.295071
0.294926
0.294781
0.294637
0.294494
0.294351
0.29421
0.294069
0.293929
0.29379
0.293651
0.293513
0.293377
0.293241
0.293105
0.292971
0.292838
0.292705
0.292573
0.292442
0.292312
0.292183
0.292055
0.291927
0.2918
0.291675
0.29155
0.291426
0.291303
0.29118
0.291059
0.290939
0.290819
0.2907
0.290583
0.290466
0.29035
0.290235
0.290121
0.290008
0.289895
0.289784
0.289674
0.289564
0.289456
0.289348
0.289242
0.289136
0.289031
0.288927
0.288825
0.288723
0.288622
0.288522
0.288423
0.288325
0.288228
0.288132
0.288037
0.287943
0.287849
0.287757
0.287666
0.287576
0.287487
0.287399
0.287311
0.287225
0.28714
0.287056
0.286972
0.28689
0.286809
0.286729
0.286649
0.286571
0.286494
0.286418
0.286342
0.286268
0.286195
0.286123
0.286052
0.285981
0.285912
0.285844
0.285777
0.285711
0.285646
0.285582
0.285519
0.285457
0.285396
0.285336
0.285277
0.285219
0.285162
0.285106
0.285051
0.284997
0.284944
0.284892
0.284842
0.284792
0.284743
0.284695
0.284649
0.284603
0.284558
0.284515
0.284472
0.28443
0.28439
0.28435
0.284312
0.284274
0.284237
0.284202
0.284167
0.284134
0.284101
0.28407
0.28404
0.28401
0.283982
0.283954
0.283928
0.283903
0.283878
0.283855
0.283832
0.283811
0.283791
0.283771
0.283753
0.283736
0.283719
0.283704
0.283689
0.283676
0.283664
0.283652
0.283642
0.283632
0.283624
0.283616
0.28361
0.283604
0.2836
0.283596
0.283593
0.283592
0.283591
0.283591
0.283592
0.283595
0.283598
0.283602
0.283607
0.283613
0.28362
0.283628
0.283636
0.283646
0.283657
0.283669
0.283681
0.283695
0.283709
0.283724
0.283741
0.283758
0.283776
0.283795
0.283815
0.283835
0.283857
0.28388
0.283903
0.283928
0.283953
0.283979
0.284006
0.284034
0.284063
0.284092
0.284123
0.284154
0.284186
0.284219
0.284253
0.284288
0.284324
0.28436
0.284398
0.284436
0.284475
0.284514
0.284555
0.284597
0.284639
0.284682
0.284726
0.28477
0.284816
0.284862
0.284909
0.284957
0.285006
0.285055
0.285105
0.285156
0.285208
0.28526
0.285314
0.285367
0.285422
0.285478
0.285534
0.285591
0.285648
0.285707
0.285766
0.285826
0.285886
0.285948
0.286009
0.286072
0.286135
0.286199
0.286264
0.28633
0.286396
0.286462
0.28653
0.286598
0.286666
0.286736
0.286806
0.286876
0.286948
0.28702
0.287092
0.287165
0.287239
0.287313
0.287388
0.287464
0.28754
0.287617
0.287694
0.287772
0.28785
0.287929
0.288009
0.288089
0.28817
0.288251
0.288333
0.288415
0.288498
0.288581
0.288665
0.288749
0.288834
0.28892
0.289006
0.289092
0.289179
0.289266
0.289354
0.289442
0.289531
0.28962
0.28971
0.2898
0.289891
0.289982
0.290073
0.290165
0.290257
0.29035
0.290443
0.290537
0.290631
0.290725
0.29082
0.290915
0.29101
0.291106
0.291202
0.291299
0.291395
0.291493
0.29159
0.291688
0.291786
0.291885
0.291984
0.292083
0.292182
0.292282
0.292382
0.292482
0.292583
0.292684
0.292785
0.292887
0.292988
0.29309
0.293192
0.293295
0.293397
0.2935
0.293603
0.293707
0.29381
0.293914
0.294018
0.294122
0.294227
0.294331
0.294436
0.294541
0.294646
0.294751
0.294856
0.294962
0.295067
0.295173
0.295279
0.295385
0.295491
0.295597
0.295704
0.29581
0.295917
0.296024
0.29613
0.296237
0.296344
0.296451
0.296558
0.296665
0.296772
0.296879
0.296987
0.297094
0.297201
0.297308
0.297416
0.297523
0.29763
0.297738
0.297845
0.297952
0.298059
0.298167
0.298274
0.298381
0.298488
0.298595
0.298702
0.298809
0.298916
0.299023
0.29913
0.299237
0.299343
0.29945
0.299556
0.299663
0.299769
0.299875
0.299981
0.300087
0.300193
0.300298
0.300404
0.300509
0.300614
0.300719
0.300824
0.300929
0.301033
0.301138
0.301242
0.301346
0.30145
0.301553
0.301657
0.30176
0.301863
0.301966
0.302068
0.30217
0.302272
0.302374
0.302476
0.302577
0.302678
0.302779
0.30288
0.30298
0.30308
0.30318
0.303279
0.303379
0.303478
0.303576
0.303675
0.303773
0.30387
0.303968
0.304065
0.304161
0.304258
0.304354
0.30445
0.304545
0.30464
0.304735
0.304829
0.304923
0.305017
0.30511
0.305203
0.305296
0.305388
0.30548
0.305571
0.305662
0.305752
0.305843
0.305932
0.306022
0.306111
0.306199
0.306287
0.306375
0.306462
0.306549
0.306635
0.306721
0.306807
0.306892
0.306977
0.307061
0.307144
0.307228
0.30731
0.307393
0.307474
0.307556
0.307636
0.307717
0.307797
0.307876
0.307955
0.308033
0.308111
0.308188
0.308265
0.308342
0.308417
0.308493
0.308567
0.308642
0.308715
0.308789
0.308861
0.308933
0.309005
0.309076
0.309146
0.309216
0.309286
0.309354
0.309423
0.30949
0.309558
0.309624
0.30969
0.309756
0.30982
0.309885
0.309948
0.310011
0.310074
0.310136
0.310197
0.310258
0.310318
0.310378
0.310437
0.310495
0.310553
0.31061
0.310666
0.310722
0.310778
0.310832
0.310886
0.31094
0.310993
0.311045
0.311097
0.311148
0.311198
0.311248
0.311297
0.311345
0.311393
0.31144
0.311487
0.311533
0.311578
0.311623
0.311667
0.31171
0.311753
0.311795
0.311836
0.311877
0.311917
0.311956
0.311995
0.312033
0.312071
0.312108
0.312144
0.312179
0.312214
0.312248
0.312282
0.312315
0.312347
0.312378
0.312409
0.312439
0.312469
0.312498
0.312526
0.312553
0.31258
0.312607
0.312632
0.312657
0.312681
0.312705
0.312727
0.31275
0.312771
0.312792
0.312812
0.312832
0.31285
0.312869
0.312886
0.312903
0.312919
0.312934
0.312949
0.312963
0.312977
0.312989
0.313002
0.313013
0.313024
0.313034
0.313043
0.313052
0.31306
0.313067
0.313074
0.31308
0.313086
0.31309
0.313094
0.313098
0.3131
0.313103
0.313104
0.313105
0.313105
0.313104
0.313103
0.313101
0.313098
0.313095
0.313091
0.313087
0.313082
0.313076
0.313069
0.313062
0.313055
0.313046
0.313037
0.313027
0.313017
0.313006
0.312994
0.312982
0.312969
0.312956
0.312941
0.312927
0.312911
0.312895
0.312878
0.312861
0.312843
0.312825
0.312805
0.312785
0.312765
0.312744
0.312722
0.3127
0.312677
0.312654
0.31263
0.312605
0.31258
0.312554
0.312527
0.3125
0.312472
0.312444
0.312415
0.312386
0.312356
0.312325
0.312294
0.312262
0.31223
0.312197
0.312164
0.31213
0.312095
0.31206
0.312024
0.311988
0.311951
0.311914
0.311876
0.311837
0.311798
0.311759
0.311718
0.311678
0.311637
0.311595
0.311553
0.31151
0.311467
0.311423
0.311379
0.311334
0.311289
0.311243
0.311197
0.31115
0.311102
0.311055
0.311006
0.310958
0.310908
0.310859
0.310808
0.310758
0.310707
0.310655
0.310603
0.31055
0.310497
0.310444
0.31039
0.310336
0.310281
0.310226
0.31017
0.310114
0.310057
0.31
0.309943
0.309885
0.309827
0.309769
0.30971
0.30965
0.30959
0.30953
0.30947
0.309409
0.309347
0.309285
0.309223
0.309161
0.309098
0.309035
0.308971
0.308907
0.308843
0.308778
0.308713
0.308648
0.308582
0.308516
0.30845
0.308383
0.308316
0.308249
0.308181
0.308113
0.308045
0.307977
0.307908
0.307839
0.307769
0.307699
0.307629
0.307559
0.307489
0.307418
0.307347
0.307275
0.307204
0.307132
0.30706
0.306987
0.306915
0.306842
0.306769
0.306696
0.306622
0.306549
0.306475
0.3064
0.306326
0.306251
0.306177
0.306102
0.306027
0.305951
0.305876
0.3058
0.305724
0.305648
0.305572
0.305496
0.305419
0.305343
0.305266
0.305189
0.305112
0.305034
0.304957
0.30488
0.304802
0.304724
0.304647
0.304569
0.304491
0.304412
0.304334
0.304256
0.304177
0.304099
0.30402
0.303942
0.303863
0.303784
0.303705
0.303627
0.303548
0.303469
0.30339
0.303311
0.303231
0.303152
0.303073
0.302994
0.302915
0.302836
0.302756
0.302677
0.302598
0.302519
0.302439
0.30236
0.302281
0.302202
0.302123
0.302044
0.301965
0.301885
0.301807
0.301728
0.301649
0.30157
0.301491
0.301412
0.301334
0.301255
0.301177
0.301098
0.30102
0.300942
0.300863
0.300785
0.300707
0.30063
0.300552
0.300474
0.300397
0.300319
0.300242
0.300165
0.300088
0.300011
0.299934
0.299858
0.299781
0.299705
0.299629
0.299553
0.299477
0.299401
0.299326
0.299251
0.299176
0.299101
0.299026
0.298952
0.298877
0.298803
0.298729
0.298655
0.298582
0.298509
0.298436
0.298363
0.29829
0.298218
0.298146
0.298074
0.298002
0.297931
0.297859
0.297788
0.297718
0.297647
0.297577
0.297507
0.297438
0.297368
0.297299
0.29723
0.297162
0.297094
0.297026
0.296958
0.296891
0.296824
0.296757
0.296691
0.296624
0.296559
0.296493
0.296428
0.296363
0.296299
0.296235
0.296171
0.296107
0.296044
0.295981
0.295919
0.295857
0.295795
0.295733
0.295672
0.295612
0.295551
0.295491
0.295432
0.295372
0.295313
0.295255
0.295197
0.295139
0.295082
0.295025
0.294968
0.294912
0.294856
0.294801
0.294746
0.294691
0.294637
0.294584
0.29453
0.294477
0.294425
0.294373
0.294321
0.29427
0.294219
0.294169
0.294119
0.294069
0.29402
0.293971
0.293923
0.293875
0.293828
0.293781
0.293735
0.293689
0.293643
0.293598
0.293554
0.29351
0.293466
0.293423
0.29338
0.293338
0.293296
0.293255
0.293214
0.293173
0.293133
0.293094
0.293055
0.293016
0.292978
0.292941
0.292904
0.292867
0.292831
0.292796
0.292761
0.292726
0.292692
0.292658
0.292625
0.292593
0.292561
0.292529
0.292498
0.292467
0.292437
0.292408
0.292379
0.29235
0.292322
0.292294
0.292267
0.292241
0.292215
0.292189
0.292164
0.29214
0.292116
0.292093
0.29207
0.292047
0.292025
0.292004
0.291983
0.291963
0.291943
0.291924
0.291905
0.291887
0.291869
0.291852
0.291836
0.291819
0.291804
0.291789
0.291774
0.29176
0.291747
0.291734
0.291721
0.29171
0.291698
0.291687
0.291677
0.291667
0.291658
0.291649
0.291641
0.291634
0.291627
0.29162
0.291614
0.291608
0.291603
0.291599
0.291595
0.291591
0.291589
0.291586
0.291584
0.291583
0.291582
0.291582
0.291582
0.291583
0.291584
0.291586
0.291589
0.291592
0.291595
0.291599
0.291603
0.291608
0.291614
0.29162
0.291626
0.291633
0.291641
0.291649
0.291658
0.291667
0.291676
0.291686
0.291697
0.291708
0.29172
0.291732
0.291745
0.291758
0.291771
0.291786
0.2918
0.291816
0.291831
0.291847
0.291864
0.291881
0.291899
0.291917
0.291936
0.291955
0.291974
0.291995
0.292015
0.292036
0.292058
0.29208
0.292102
0.292125
0.292149
0.292173
0.292197
0.292222
0.292247
0.292273
0.292299
0.292326
0.292353
0.292381
0.292409
0.292438
0.292467
0.292496
0.292526
0.292557
0.292587
0.292619
0.29265
0.292683
0.292715
0.292748
0.292782
0.292816
0.29285
0.292885
0.29292
0.292955
0.292991
0.293028
0.293065
0.293102
0.293139
0.293178
0.293216
0.293255
0.293294
0.293334
0.293374
0.293414
0.293455
0.293496
0.293538
0.29358
0.293622
0.293665
0.293708
0.293752
0.293796
0.29384
0.293885
0.29393
0.293975
0.294021
0.294067
0.294113
0.29416
0.294207
0.294254
0.294302
0.29435
0.294398
0.294447
0.294496
0.294546
0.294595
0.294645
0.294696
0.294746
0.294797
0.294849
0.2949
0.294952
0.295004
0.295057
0.29511
0.295163
0.295216
0.29527
0.295324
0.295378
0.295432
0.295487
0.295542
0.295597
0.295653
0.295708
0.295764
0.295821
0.295877
0.295934
0.295991
0.296048
0.296106
0.296163
0.296221
0.296279
0.296338
0.296396
0.296455
0.296514
0.296573
0.296633
0.296692
0.296752
0.296812
0.296872
0.296932
0.296993
0.297054
0.297115
0.297176
0.297237
0.297298
0.29736
0.297422
0.297483
0.297545
0.297608
0.29767
0.297732
0.297795
0.297858
0.29792
0.297983
0.298047
0.29811
0.298173
0.298237
0.2983
0.298364
0.298427
0.298491
0.298555
0.298619
0.298683
0.298748
0.298812
0.298876
0.298941
0.299005
0.29907
0.299134
0.299199
0.299264
0.299329
0.299393
0.299458
0.299523
0.299588
0.299653
0.299718
0.299783
0.299848
0.299913
0.299979
0.300044
0.300109
0.300174
0.300239
0.300304
0.300369
0.300434
0.300499
0.300565
0.30063
0.300695
0.30076
0.300825
0.30089
0.300954
0.301019
