-0.3962
-0.3962
-0.3962
-0.396184
-0.39617
-0.396158
-0.396147
-0.396137
-0.396129
-0.396123
-0.396118
-0.396115
-0.396113
-0.396113
-0.396114
-0.396117
-0.396121
-0.396128
-0.396135
-0.396144
-0.396155
-0.396167
-0.39618
-0.396195
-0.396211
-0.396229
-0.396247
-0.396268
-0.396289
-0.396311
-0.396335
-0.39636
-0.396386
-0.396413
-0.396441
-0.39647
-0.396499
-0.39653
-0.396561
-0.396593
-0.396626
-0.396659
-0.396693
-0.396727
-0.396762
-0.396797
-0.396833
-0.396869
-0.396904
-0.396941
-0.396977
-0.397013
-0.397049
-0.397085
-0.397121
-0.397156
-0.397192
-0.397226
-0.397261
-0.397295
-0.397329
-0.397362
-0.397394
-0.397426
-0.397457
-0.397487
-0.397516
-0.397545
-0.397573
-0.397599
-0.397625
-0.397649
-0.397673
-0.397695
-0.397717
-0.397737
-0.397755
-0.397773
-0.397789
-0.397804
-0.397818
-0.39783
-0.397842
-0.397851
-0.397859
-0.397866
-0.397872
-0.397876
-0.397878
-0.39788
-0.397879
-0.397878
-0.397875
-0.39787
-0.397865
-0.397857
-0.397849
-0.397839
-0.397828
-0.397815
-0.397801
-0.397786
-0.39777
-0.397753
-0.397734
-0.397714
-0.397693
-0.397671
-0.397648
-0.397624
-0.397599
-0.397573
-0.397546
-0.397519
-0.39749
-0.397461
-0.397431
-0.397401
-0.39737
-0.397338
-0.397306
-0.397274
-0.397241
-0.397208
-0.397174
-0.39714
-0.397106
-0.397072
-0.397038
-0.397004
-0.39697
-0.396936
-0.396903
-0.396869
-0.396836
-0.396803
-0.39677
-0.396738
-0.396706
-0.396675
-0.396644
-0.396614
-0.396585
-0.396556
-0.396528
-0.396501
-0.396474
-0.396448
-0.396424
-0.3964
-0.396377
-0.396355
-0.396334
-0.396314
-0.396296
-0.396278
-0.396261
-0.396246
-0.396231
-0.396218
-0.396206
-0.396196
-0.396186
-0.396178
-0.396171
-0.396165
-0.39616
-0.396156
-0.396154
-0.396153
-0.396153
-0.396155
-0.396157
-0.396161
-0.396166
-0.396172
-0.396179
-0.396188
-0.396197
-0.396207
-0.396219
-0.396232
-0.396245
-0.39626
-0.396275
-0.396291
-0.396309
-0.396327
-0.396345
-0.396365
-0.396385
-0.396406
-0.396428
-0.39645
-0.396473
-0.396496
-0.39652
-0.396544
-0.396569
-0.396593
-0.396619
-0.396644
-0.39667
-0.396695
-0.396721
-0.396747
-0.396773
-0.396799
-0.396825
-0.39685
-0.396876
-0.396901
-0.396926
-0.396951
-0.396975
-0.396999
-0.397023
-0.397046
-0.397068
-0.39709
-0.397112
-0.397132
-0.397153
-0.397172
-0.397191
-0.397209
-0.397226
-0.397243
-0.397258
-0.397273
-0.397287
-0.3973
-0.397312
-0.397323
-0.397333
-0.397343
-0.397351
-0.397358
-0.397364
-0.39737
-0.397374
-0.397377
-0.397379
-0.397381
-0.397381
-0.39738
-0.397378
-0.397375
-0.397372
-0.397367
-0.397361
-0.397354
-0.397347
-0.397338
-0.397329
-0.397318
-0.397307
-0.397295
-0.397282
-0.397269
-0.397254
-0.397239
-0.397223
-0.397207
-0.39719
-0.397172
-0.397153
-0.397134
-0.397115
-0.397095
-0.397075
-0.397054
-0.397033
-0.397011
-0.396989
-0.396967
-0.396945
-0.396923
-0.3969
-0.396877
-0.396855
-0.396832
-0.396809
-0.396786
-0.396764
-0.396741
-0.396719
-0.396696
-0.396674
-0.396653
-0.396631
-0.39661
-0.396589
-0.396569
-0.396549
-0.39653
-0.396511
-0.396492
-0.396474
-0.396457
-0.39644
-0.396424
-0.396408
-0.396393
-0.396379
-0.396366
-0.396353
-0.396341
-0.396329
-0.396318
-0.396308
-0.396299
-0.396291
-0.396283
-0.396276
-0.39627
-0.396264
-0.396259
-0.396255
-0.396252
-0.39625
-0.396248
-0.396247
-0.396247
-0.396247
-0.396249
-0.39625
-0.396253
-0.396256
-0.39626
-0.396264
-0.396269
-0.396275
-0.396281
-0.396288
-0.396295
-0.396303
-0.396311
-0.396319
-0.396328
-0.396337
-0.396347
-0.396357
-0.396367
-0.396378
-0.396388
-0.396399
-0.39641
-0.396422
-0.396433
-0.396444
-0.396456
-0.396467
-0.396479
-0.39649
-0.396501
-0.396513
-0.396524
-0.396535
-0.396546
-0.396556
-0.396567
-0.396577
-0.396587
-0.396596
-0.396606
-0.396615
-0.396624
-0.396632
-0.39664
-0.396647
-0.396655
-0.396661
-0.396668
-0.396674
-0.396679
-0.396685
-0.396689
-0.396694
-0.396698
-0.396701
-0.396704
-0.396707
-0.396709
-0.396711
-0.396713
-0.396714
-0.396715
-0.396716
-0.396716
-0.396716
-0.396716
-0.396715
-0.396715
-0.396714
-0.396713
-0.396712
-0.396712
-0.396711
-0.39671
-0.396709
-0.396708
-0.396707
-0.396707
-0.396707
-0.396707
-0.396708
-0.396708
-0.39671
-0.396712
-0.396714
-0.396717
-0.396721
-0.396725
-0.39673
-0.396736
-0.396743
-0.396751
-0.396759
-0.396769
-0.39678
-0.396792
-0.396805
-0.39682
-0.396836
-0.396853
-0.396872
-0.396893
-0.396915
-0.396938
-0.396963
-0.39699
-0.397019
-0.39705
-0.397082
-0.397116
-0.397153
-0.397191
-0.397232
-0.397274
-0.397319
-0.397366
-0.397415
-0.397467
-0.397521
-0.397577
-0.397635
-0.397696
-0.397759
-0.397825
-0.397893
-0.397964
-0.398037
-0.398112
-0.39819
-0.398271
-0.398354
-0.39844
-0.398528
-0.398618
-0.398712
-0.398807
-0.398905
-0.399006
-0.399109
-0.399215
-0.399322
-0.399433
-0.399545
-0.39966
-0.399778
-0.399897
-0.400019
-0.400143
-0.400269
-0.400397
-0.400527
-0.400659
-0.400793
-0.400929
-0.401067
-0.401206
-0.401347
-0.40149
-0.401634
-0.40178
-0.401927
-0.402076
-0.402226
-0.402377
-0.402529
-0.402682
-0.402836
-0.402991
-0.403147
-0.403304
-0.403461
-0.403619
-0.403777
-0.403936
-0.404095
-0.404254
-0.404413
-0.404573
-0.404732
-0.404891
-0.40505
-0.405209
-0.405368
-0.405526
-0.405684
-0.405841
-0.405997
-0.406153
-0.406308
-0.406462
-0.406615
-0.406767
-0.406918
-0.407068
-0.407217
-0.407364
-0.407511
-0.407656
-0.407799
-0.407941
-0.408082
-0.408221
-0.408359
-0.408495
-0.408629
-0.408762
-0.408893
-0.409022
-0.40915
-0.409276
-0.4094
-0.409522
-0.409643
-0.409762
-0.409879
-0.409995
-0.410109
-0.410221
-0.410331
-0.41044
-0.410547
-0.410653
-0.410757
-0.410859
-0.410961
-0.41106
-0.411158
-0.411255
-0.411351
-0.411446
-0.411539
-0.411631
-0.411723
-0.411813
-0.411903
-0.411991
-0.41208
-0.412167
-0.412254
-0.412341
-0.412428
-0.412514
-0.4126
-0.412686
-0.412773
-0.412859
-0.412946
-0.413034
-0.413122
-0.41321
-0.4133
-0.41339
-0.413482
-0.413574
-0.413668
-0.413764
-0.413861
-0.413959
-0.41406
-0.414162
-0.414266
-0.414373
-0.414482
-0.414593
-0.414707
-0.414824
-0.414943
-0.415066
-0.415191
-0.415319
-0.415451
-0.415586
-0.415725
-0.415867
-0.416014
-0.416163
-0.416317
-0.416475
-0.416637
-0.416803
-0.416974
-0.417149
-0.417329
-0.417513
-0.417702
-0.417895
-0.418093
-0.418297
-0.418505
-0.418718
-0.418936
-0.41916
-0.419388
-0.419622
-0.419861
-0.420105
-0.420355
-0.42061
-0.42087
-0.421136
-0.421407
-0.421683
-0.421965
-0.422252
-0.422545
-0.422842
-0.423146
-0.423454
-0.423768
-0.424087
-0.424411
-0.42474
-0.425075
-0.425414
-0.425758
-0.426108
-0.426462
-0.426821
-0.427185
-0.427553
-0.427926
-0.428303
-0.428685
-0.429071
-0.429461
-0.429855
-0.430253
-0.430654
-0.43106
-0.431469
-0.431881
-0.432297
-0.432716
-0.433138
-0.433563
-0.43399
-0.43442
-0.434853
-0.435288
-0.435725
-0.436164
-0.436605
-0.437048
-0.437492
-0.437938
-0.438384
-0.438832
-0.439281
-0.439731
-0.440181
-0.440631
-0.441082
-0.441533
-0.441983
-0.442434
-0.442884
-0.443333
-0.443782
-0.44423
-0.444677
-0.445122
-0.445566
-0.446009
-0.44645
-0.446889
-0.447326
-0.447761
-0.448194
-0.448624
-0.449052
-0.449477
-0.4499
-0.450319
-0.450735
-0.451148
-0.451558
-0.451964
-0.452367
-0.452766
-0.453161
-0.453552
-0.45394
-0.454323
-0.454702
-0.455077
-0.455448
-0.455814
-0.456175
-0.456532
-0.456885
-0.457232
-0.457575
-0.457914
-0.458247
-0.458575
-0.458899
-0.459217
-0.459531
-0.459839
-0.460143
-0.460441
-0.460734
-0.461022
-0.461305
-0.461583
-0.461856
-0.462124
-0.462386
-0.462644
-0.462896
-0.463144
-0.463386
-0.463624
-0.463857
-0.464084
-0.464307
-0.464525
-0.464738
-0.464947
-0.465151
-0.46535
-0.465545
-0.465735
-0.465921
-0.466103
-0.46628
-0.466453
-0.466622
-0.466786
-0.466947
-0.467104
-0.467257
-0.467407
-0.467552
-0.467694
-0.467833
-0.467968
-0.4681
-0.468229
-0.468354
-0.468477
-0.468596
-0.468713
-0.468827
-0.468938
-0.469047
-0.469153
-0.469256
-0.469357
-0.469456
-0.469553
-0.469648
-0.469741
-0.469832
-0.469921
-0.470008
-0.470093
-0.470177
-0.47026
-0.470341
-0.47042
-0.470499
-0.470576
-0.470652
-0.470726
-0.4708
-0.470873
-0.470945
-0.471016
-0.471086
-0.471155
-0.471224
-0.471292
-0.471359
-0.471426
-0.471492
-0.471557
-0.471623
-0.471687
-0.471752
-0.471816
-0.471879
-0.471943
-0.472005
-0.472068
-0.47213
-0.472192
-0.472254
-0.472316
-0.472377
-0.472438
-0.472498
-0.472559
-0.472619
-0.472679
-0.472739
-0.472798
-0.472857
-0.472916
-0.472974
-0.473032
-0.47309
-0.473147
-0.473204
-0.47326
-0.473316
-0.473372
-0.473427
-0.473481
-0.473535
-0.473589
-0.473641
-0.473694
-0.473745
-0.473796
-0.473846
-0.473895
-0.473943
-0.473991
-0.474038
-0.474083
-0.474128
-0.474172
-0.474215
-0.474257
-0.474298
-0.474337
-0.474376
-0.474414
-0.47445
-0.474485
-0.474519
-0.474552
-0.474583
-0.474613
-0.474642
-0.474669
-0.474695
-0.47472
-0.474743
-0.474765
-0.474786
-0.474805
-0.474823
-0.474839
-0.474854
-0.474867
-0.474879
-0.47489
-0.474899
-0.474906
-0.474912
-0.474917
-0.47492
-0.474922
-0.474923
-0.474922
-0.47492
-0.474916
-0.474911
-0.474905
-0.474897
-0.474889
-0.474878
-0.474867
-0.474855
-0.474841
-0.474827
-0.474811
-0.474794
-0.474776
-0.474758
-0.474738
-0.474718
-0.474696
-0.474674
-0.474651
-0.474628
-0.474604
-0.474579
-0.474553
-0.474528
-0.474501
-0.474475
-0.474448
-0.47442
-0.474393
-0.474365
-0.474337
-0.474309
-0.474281
-0.474253
-0.474225
-0.474197
-0.47417
-0.474142
-0.474115
-0.474088
-0.474062
-0.474036
-0.47401
-0.473985
-0.473961
-0.473937
-0.473914
-0.473892
-0.47387
-0.473849
-0.473829
-0.47381
-0.473792
-0.473774
-0.473758
-0.473743
-0.473728
-0.473715
-0.473703
-0.473692
-0.473682
-0.473673
-0.473666
-0.473659
-0.473654
-0.47365
-0.473647
-0.473646
-0.473646
-0.473647
-0.473649
-0.473653
-0.473658
-0.473664
-0.473671
-0.473679
-0.473689
-0.4737
-0.473712
-0.473726
-0.47374
-0.473756
-0.473773
-0.47379
-0.473809
-0.473829
-0.47385
-0.473872
-0.473895
-0.473919
-0.473944
-0.473969
-0.473995
-0.474022
-0.47405
-0.474079
-0.474108
-0.474137
-0.474167
-0.474198
-0.474229
-0.47426
-0.474292
-0.474324
-0.474356
-0.474389
-0.474421
-0.474454
-0.474486
-0.474519
-0.474551
-0.474583
-0.474615
-0.474647
-0.474679
-0.47471
-0.47474
-0.47477
-0.4748
-0.474829
-0.474857
-0.474885
-0.474912
-0.474938
-0.474963
-0.474988
-0.475011
-0.475034
-0.475056
-0.475076
-0.475095
-0.475114
-0.475131
-0.475147
-0.475162
-0.475175
-0.475187
-0.475198
-0.475208
-0.475216
-0.475223
-0.475228
-0.475232
-0.475235
-0.475236
-0.475236
-0.475234
-0.475231
-0.475226
-0.47522
-0.475213
-0.475204
-0.475193
-0.475182
-0.475168
-0.475154
-0.475138
-0.47512
-0.475102
-0.475082
-0.475061
-0.475038
-0.475015
-0.47499
-0.474964
-0.474937
-0.474909
-0.474879
-0.474849
-0.474818
-0.474786
-0.474754
-0.47472
-0.474686
-0.474651
-0.474616
-0.47458
-0.474543
-0.474507
-0.474469
-0.474432
-0.474394
-0.474357
-0.474319
-0.474281
-0.474244
-0.474206
-0.474169
-0.474132
-0.474095
-0.474059
-0.474024
-0.473989
-0.473955
-0.473921
-0.473889
-0.473857
-0.473827
-0.473797
-0.473769
-0.473742
-0.473717
-0.473693
-0.47367
-0.473649
-0.473629
-0.473612
-0.473596
-0.473582
-0.47357
-0.47356
-0.473552
-0.473546
-0.473543
-0.473542
-0.473543
-0.473547
-0.473553
-0.473562
-0.473573
-0.473588
-0.473604
-0.473624
-0.473647
-0.473672
-0.473701
-0.473732
-0.473767
-0.473804
-0.473845
-0.473889
-0.473936
-0.473986
-0.47404
-0.474097
-0.474157
-0.474221
-0.474288
-0.474358
-0.474432
-0.474509
-0.47459
-0.474674
-0.474762
-0.474853
-0.474947
-0.475046
-0.475147
-0.475252
-0.475361
-0.475473
-0.475588
-0.475707
-0.47583
-0.475956
-0.476085
-0.476217
-0.476353
-0.476493
-0.476635
-0.476781
-0.476931
-0.477083
-0.477239
-0.477397
-0.477559
-0.477724
-0.477892
-0.478063
-0.478237
-0.478414
-0.478594
-0.478777
-0.478962
-0.47915
-0.479341
-0.479534
-0.47973
-0.479929
-0.48013
-0.480333
-0.480539
-0.480747
-0.480957
-0.48117
-0.481384
-0.481601
-0.48182
-0.48204
-0.482263
-0.482487
-0.482713
-0.482941
-0.48317
-0.483401
-0.483634
-0.483868
-0.484103
-0.48434
-0.484578
-0.484817
-0.485057
-0.485298
-0.485541
-0.485784
-0.486029
-0.486274
-0.48652
-0.486766
-0.487014
-0.487262
-0.48751
-0.48776
-0.488009
-0.488259
-0.48851
-0.48876
-0.489011
-0.489262
-0.489514
-0.489765
-0.490016
-0.490268
-0.490519
-0.490771
-0.491022
-0.491273
-0.491524
-0.491774
-0.492024
-0.492274
-0.492524
-0.492773
-0.493022
-0.49327
-0.493517
-0.493765
-0.494011
-0.494257
-0.494502
-0.494746
-0.49499
-0.495233
-0.495475
-0.495717
-0.495957
-0.496197
-0.496435
-0.496673
-0.49691
-0.497146
-0.49738
-0.497614
-0.497847
-0.498078
-0.498309
-0.498538
-0.498766
-0.498993
-0.499219
-0.499443
-0.499666
-0.499888
-0.500109
-0.500328
-0.500546
-0.500763
-0.500978
-0.501192
-0.501404
-0.501615
-0.501825
-0.502033
-0.502239
-0.502444
-0.502648
-0.50285
-0.50305
-0.503249
-0.503446
-0.503641
-0.503835
-0.504027
-0.504218
-0.504407
-0.504594
-0.504779
-0.504963
-0.505145
-0.505325
-0.505503
-0.505679
-0.505854
-0.506027
-0.506198
-0.506367
-0.506534
-0.506699
-0.506862
-0.507023
-0.507183
-0.50734
-0.507495
-0.507649
-0.5078
-0.507949
-0.508096
-0.508241
-0.508384
-0.508525
-0.508664
-0.508801
-0.508935
-0.509068
-0.509198
-0.509326
-0.509452
-0.509576
-0.509697
-0.509817
-0.509934
-0.510049
-0.510161
-0.510272
-0.51038
-0.510486
-0.51059
-0.510691
-0.510791
-0.510888
-0.510983
-0.511075
-0.511165
-0.511253
-0.511339
-0.511423
-0.511504
-0.511584
-0.511661
-0.511735
-0.511808
-0.511879
-0.511947
-0.512013
-0.512077
-0.512139
-0.512199
-0.512256
-0.512312
-0.512365
-0.512417
-0.512466
-0.512514
-0.512559
-0.512603
-0.512645
-0.512685
-0.512723
-0.512759
-0.512793
-0.512825
-0.512856
-0.512885
-0.512913
-0.512938
-0.512962
-0.512985
-0.513006
-0.513025
-0.513043
-0.51306
-0.513075
-0.513089
-0.513101
-0.513112
-0.513122
-0.513131
-0.513138
-0.513145
-0.51315
-0.513155
-0.513158
-0.51316
-0.513162
-0.513162
-0.513162
-0.513161
-0.51316
-0.513157
-0.513154
-0.513151
-0.513147
-0.513142
-0.513137
-0.513131
-0.513125
-0.513119
-0.513113
-0.513106
-0.513099
-0.513091
-0.513084
-0.513077
-0.513069
-0.513061
-0.513054
-0.513046
-0.513039
-0.513032
-0.513024
-0.513017
-0.513011
-0.513004
-0.512998
-0.512992
-0.512986
-0.512981
-0.512976
-0.512972
-0.512968
-0.512964
-0.512961
-0.512958
-0.512956
-0.512954
-0.512953
-0.512953
-0.512952
-0.512953
-0.512954
-0.512956
-0.512958
-0.512961
-0.512965
-0.512969
-0.512974
-0.512979
-0.512985
-0.512992
-0.512999
-0.513007
-0.513015
-0.513024
-0.513034
-0.513044
-0.513055
-0.513066
-0.513078
-0.51309
-0.513103
-0.513117
-0.513131
-0.513145
-0.51316
-0.513175
-0.513191
-0.513207
-0.513223
-0.51324
-0.513257
-0.513275
-0.513292
-0.51331
-0.513328
-0.513347
-0.513365
-0.513384
-0.513403
-0.513422
-0.513441
-0.51346
-0.513479
-0.513498
-0.513516
-0.513535
-0.513554
-0.513573
-0.513591
-0.51361
-0.513628
-0.513646
-0.513663
-0.51368
-0.513697
-0.513714
-0.51373
-0.513746
-0.513762
-0.513777
-0.513791
-0.513806
-0.513819
-0.513832
-0.513845
-0.513857
-0.513868
-0.513879
-0.513889
-0.513899
-0.513908
-0.513916
-0.513924
-0.513931
-0.513937
-0.513943
-0.513948
-0.513952
-0.513955
-0.513958
-0.51396
-0.513962
-0.513962
-0.513962
-0.513961
-0.51396
-0.513957
-0.513954
-0.513951
-0.513946
-0.513941
-0.513936
-0.513929
-0.513922
-0.513914
-0.513906
-0.513897
-0.513888
-0.513877
-0.513867
-0.513855
-0.513844
-0.513831
-0.513818
-0.513805
-0.513791
-0.513777
-0.513763
-0.513748
-0.513732
-0.513717
-0.513701
-0.513684
-0.513668
-0.513651
-0.513634
-0.513617
-0.5136
-0.513583
-0.513565
-0.513547
-0.51353
-0.513512
-0.513495
-0.513477
-0.51346
-0.513442
-0.513425
-0.513408
-0.513391
-0.513375
-0.513358
-0.513342
-0.513326
-0.513311
-0.513296
-0.513281
-0.513266
-0.513252
-0.513239
-0.513226
-0.513213
-0.513201
-0.513189
-0.513178
-0.513167
-0.513157
-0.513148
-0.513139
-0.513131
-0.513123
-0.513116
-0.51311
-0.513104
-0.513099
-0.513095
-0.513091
-0.513088
-0.513086
-0.513084
-0.513083
-0.513083
-0.513083
-0.513084
-0.513086
-0.513088
-0.513092
-0.513095
-0.5131
-0.513105
-0.513111
-0.513117
-0.513124
-0.513132
-0.51314
-0.513149
-0.513158
-0.513168
-0.513178
-0.513189
-0.513201
-0.513213
-0.513225
-0.513238
-0.513251
-0.513265
-0.513279
-0.513293
-0.513308
-0.513323
-0.513338
-0.513354
-0.51337
-0.513386
-0.513402
-0.513418
-0.513435
-0.513451
-0.513468
-0.513484
-0.513501
-0.513517
-0.513534
-0.513551
-0.513567
-0.513583
-0.513599
-0.513615
-0.513631
-0.513647
-0.513662
-0.513677
-0.513691
-0.513706
-0.51372
-0.513734
-0.513747
-0.51376
-0.513772
-0.513784
-0.513795
-0.513806
-0.513817
-0.513827
-0.513836
-0.513845
-0.513853
-0.513861
-0.513868
-0.513875
-0.51388
-0.513886
-0.51389
-0.513894
-0.513897
-0.5139
-0.513902
-0.513903
-0.513904
-0.513904
-0.513903
-0.513902
-0.5139
-0.513897
-0.513894
-0.51389
-0.513885
-0.51388
-0.513874
-0.513868
-0.513861
-0.513853
-0.513845
-0.513836
-0.513827
-0.513817
-0.513806
-0.513796
-0.513784
-0.513772
-0.51376
-0.513747
-0.513734
-0.513721
-0.513707
-0.513692
-0.513678
-0.513663
-0.513648
-0.513633
-0.513617
-0.513601
-0.513585
-0.513569
-0.513553
-0.513537
-0.51352
-0.513504
-0.513488
-0.513471
-0.513455
-0.513438
-0.513422
-0.513406
-0.51339
-0.513375
-0.513359
-0.513344
-0.513329
-0.513314
-0.513299
-0.513285
-0.513271
-0.513258
-0.513245
-0.513232
-0.51322
-0.513208
-0.513197
-0.513186
-0.513175
-0.513165
-0.513156
-0.513147
-0.513139
-0.513131
-0.513124
-0.513118
-0.513112
-0.513107
-0.513102
-0.513098
-0.513095
-0.513092
-0.51309
-0.513088
-0.513088
-0.513087
-0.513088
-0.513089
-0.513091
-0.513093
-0.513096
-0.5131
-0.513104
-0.513109
-0.513115
-0.513121
-0.513128
-0.513135
-0.513143
-0.513152
-0.513161
-0.51317
-0.51318
-0.513191
-0.513202
-0.513213
-0.513225
-0.513237
-0.51325
-0.513263
-0.513277
-0.513291
-0.513305
-0.513319
-0.513334
-0.513349
-0.513364
-0.513379
-0.513394
-0.51341
-0.513426
-0.513442
-0.513457
-0.513473
-0.513489
-0.513505
-0.513521
-0.513537
-0.513553
-0.513568
-0.513584
-0.513599
-0.513614
-0.513629
-0.513644
-0.513658
-0.513672
-0.513686
-0.5137
-0.513713
-0.513725
-0.513738
-0.51375
-0.513761
-0.513772
-0.513783
-0.513793
-0.513803
-0.513812
-0.51382
-0.513828
-0.513836
-0.513843
-0.513849
-0.513855
-0.51386
-0.513864
-0.513868
-0.513872
-0.513874
-0.513876
-0.513878
-0.513878
-0.513879
-0.513878
-0.513877
-0.513875
-0.513873
-0.51387
-0.513866
-0.513862
-0.513857
-0.513852
-0.513845
-0.513839
-0.513832
-0.513824
-0.513816
-0.513807
-0.513798
-0.513788
-0.513778
-0.513767
-0.513756
-0.513744
-0.513732
-0.51372
-0.513707
-0.513694
-0.51368
-0.513666
-0.513652
-0.513638
-0.513623
-0.513609
-0.513594
-0.513579
-0.513563
-0.513548
-0.513533
-0.513517
-0.513502
-0.513486
-0.51347
-0.513455
-0.513439
-0.513424
-0.513409
-0.513394
-0.513379
-0.513364
-0.513349
-0.513335
-0.513321
-0.513307
-0.513294
-0.513281
-0.513268
-0.513255
-0.513243
-0.513232
-0.51322
-0.51321
-0.513199
-0.513189
-0.51318
-0.513171
-0.513163
-0.513155
-0.513148
-0.513141
-0.513135
-0.513129
-0.513124
-0.51312
-0.513116
-0.513113
-0.51311
-0.513108
-0.513107
-0.513106
-0.513106
-0.513106
-0.513107
-0.513109
-0.513112
-0.513114
-0.513118
-0.513122
-0.513127
-0.513132
-0.513138
-0.513145
-0.513152
-0.513159
-0.513167
-0.513176
-0.513185
-0.513195
-0.513205
-0.513215
-0.513226
-0.513237
-0.513249
-0.513261
-0.513274
-0.513287
-0.5133
-0.513313
-0.513327
-0.513341
-0.513355
-0.51337
-0.513384
-0.513399
-0.513414
-0.513429
-0.513444
-0.51346
-0.513475
-0.51349
-0.513505
-0.51352
-0.513536
-0.513551
-0.513565
-0.51358
-0.513595
-0.513609
-0.513624
-0.513638
-0.513652
-0.513665
-0.513678
-0.513691
-0.513704
-0.513716
-0.513728
-0.513739
-0.51375
-0.513761
-0.513771
-0.513781
-0.51379
-0.513799
-0.513807
-0.513815
-0.513822
-0.513829
-0.513835
-0.51384
-0.513845
-0.513849
-0.513853
-0.513856
-0.513859
-0.513861
-0.513862
-0.513863
-0.513863
-0.513863
-0.513862
-0.51386
-0.513858
-0.513855
-0.513852
-0.513848
-0.513843
-0.513838
-0.513832
-0.513826
-0.513819
-0.513812
-0.513804
-0.513796
-0.513787
-0.513778
-0.513768
-0.513758
-0.513747
-0.513736
-0.513724
-0.513713
-0.5137
-0.513688
-0.513675
-0.513662
-0.513649
-0.513635
-0.513621
-0.513607
-0.513593
-0.513578
-0.513564
-0.513549
-0.513534
-0.51352
-0.513505
-0.51349
-0.513475
-0.51346
-0.513446
-0.513431
-0.513416
-0.513402
-0.513388
-0.513374
-0.51336
-0.513346
-0.513333
-0.513319
-0.513306
-0.513294
-0.513282
-0.51327
-0.513258
-0.513247
-0.513236
-0.513226
-0.513216
-0.513207
-0.513198
-0.513189
-0.513181
-0.513174
-0.513167
-0.51316
-0.513154
-0.513149
-0.513144
-0.51314
-0.513136
-0.513133
-0.513131
-0.513129
-0.513127
-0.513127
-0.513126
-0.513127
-0.513128
-0.513129
-0.513132
-0.513134
-0.513138
-0.513142
-0.513146
-0.513151
-0.513157
-0.513163
-0.51317
-0.513177
-0.513185
-0.513193
-0.513202
-0.513211
-0.51322
-0.51323
-0.513241
-0.513252
-0.513263
-0.513274
-0.513286
-0.513299
-0.513311
-0.513324
-0.513337
-0.513351
-0.513364
-0.513378
-0.513392
-0.513406
-0.51342
-0.513435
-0.513449
-0.513464
-0.513478
-0.513493
-0.513507
-0.513522
-0.513536
-0.513551
-0.513565
-0.513579
-0.513593
-0.513607
-0.513621
-0.513634
-0.513647
-0.51366
-0.513673
-0.513685
-0.513697
-0.513709
-0.51372
-0.513731
-0.513742
-0.513752
-0.513762
-0.513771
-0.51378
-0.513788
-0.513796
-0.513803
-0.51381
-0.513817
-0.513823
-0.513828
-0.513833
-0.513837
-0.513841
-0.513844
-0.513846
-0.513848
-0.513849
-0.51385
-0.51385
-0.51385
-0.513849
-0.513848
-0.513845
-0.513843
-0.51384
-0.513836
-0.513831
-0.513826
-0.513821
-0.513815
-0.513809
-0.513802
-0.513794
-0.513786
-0.513778
-0.513769
-0.51376
-0.51375
-0.51374
-0.513729
-0.513718
-0.513707
-0.513695
-0.513683
-0.513671
-0.513659
-0.513646
-0.513633
-0.513619
-0.513606
-0.513592
-0.513579
-0.513565
-0.513551
-0.513537
-0.513523
-0.513508
-0.513494
-0.51348
-0.513466
-0.513452
-0.513438
-0.513424
-0.51341
-0.513396
-0.513383
-0.513369
-0.513356
-0.513343
-0.513331
-0.513319
-0.513306
-0.513295
-0.513283
-0.513272
-0.513262
-0.513251
-0.513241
-0.513232
-0.513223
-0.513214
-0.513206
-0.513198
-0.513191
-0.513184
-0.513178
-0.513172
-0.513167
-0.513163
-0.513159
-0.513155
-0.513152
-0.51315
-0.513148
-0.513146
-0.513146
-0.513146
-0.513146
-0.513147
-0.513148
-0.51315
-0.513153
-0.513156
-0.51316
-0.513164
-0.513169
-0.513174
-0.51318
-0.513187
-0.513193
-0.513201
-0.513209
-0.513217
-0.513226
-0.513235
-0.513244
-0.513254
-0.513265
-0.513275
-0.513286
-0.513298
-0.51331
-0.513322
-0.513334
-0.513346
-0.513359
-0.513372
-0.513385
-0.513399
-0.513412
-0.513426
-0.513439
-0.513453
-0.513467
-0.513481
-0.513495
-0.513509
-0.513523
-0.513537
-0.51355
-0.513564
-0.513578
-0.513591
-0.513604
-0.513617
-0.51363
-0.513643
-0.513655
-0.513667
-0.513679
-0.513691
-0.513702
-0.513713
-0.513723
-0.513733
-0.513743
-0.513752
-0.513761
-0.51377
-0.513778
-0.513785
-0.513793
-0.513799
-0.513805
-0.513811
-0.513816
-0.513821
-0.513825
-0.513828
-0.513831
-0.513833
-0.513835
-0.513837
-0.513837
-0.513838
-0.513837
-0.513836
-0.513835
-0.513833
-0.513831
-0.513827
-0.513824
-0.51382
-0.513815
-0.51381
-0.513804
-0.513798
-0.513791
-0.513784
-0.513777
-0.513769
-0.51376
-0.513751
-0.513742
-0.513732
-0.513722
-0.513712
-0.513701
-0.51369
-0.513678
-0.513667
-0.513655
-0.513642
-0.51363
-0.513617
-0.513604
-0.513591
-0.513578
-0.513565
-0.513552
-0.513538
-0.513524
-0.513511
-0.513497
-0.513484
-0.51347
-0.513457
-0.513443
-0.51343
-0.513417
-0.513404
-0.513391
-0.513378
-0.513365
-0.513353
-0.513341
-0.513329
-0.513317
-0.513306
-0.513295
-0.513285
-0.513274
-0.513264
-0.513255
-0.513246
-0.513237
-0.513229
-0.513221
-0.513214
-0.513207
-0.5132
-0.513194
-0.513189
-0.513184
-0.513179
-0.513175
-0.513172
-0.513169
-0.513167
-0.513165
-0.513164
-0.513163
-0.513163
-0.513163
-0.513164
-0.513165
-0.513167
-0.51317
-0.513173
-0.513176
-0.51318
-0.513185
-0.51319
-0.513195
-0.513202
-0.513208
-0.513215
-0.513222
-0.51323
-0.513239
-0.513247
-0.513257
-0.513266
-0.513276
-0.513286
-0.513297
-0.513308
-0.513319
-0.51333
-0.513342
-0.513354
-0.513366
-0.513379
-0.513391
-0.513404
-0.513417
-0.51343
-0.513443
-0.513456
-0.51347
-0.513483
-0.513496
-0.51351
-0.513523
-0.513536
-0.513549
-0.513562
-0.513575
-0.513588
-0.513601
-0.513613
-0.513626
-0.513638
-0.51365
-0.513661
-0.513673
-0.513684
-0.513694
-0.513705
-0.513715
-0.513725
-0.513734
-0.513743
-0.513752
-0.51376
-0.513767
-0.513775
-0.513782
-0.513788
-0.513794
-0.513799
-0.513804
-0.513808
-0.513812
-0.513816
-0.513819
-0.513821
-0.513823
-0.513824
-0.513825
-0.513825
-0.513825
-0.513824
-0.513823
-0.513821
-0.513818
-0.513815
-0.513812
-0.513808
-0.513804
-0.513799
-0.513793
-0.513787
-0.513781
-0.513774
-0.513767
-0.513759
-0.513751
-0.513743
-0.513734
-0.513724
-0.513715
-0.513705
-0.513694
-0.513684
-0.513673
-0.513662
-0.51365
-0.513639
-0.513627
-0.513614
-0.513602
-0.51359
-0.513577
-0.513564
-0.513551
-0.513539
-0.513526
-0.513513
-0.513499
-0.513486
-0.513473
-0.513461
-0.513448
-0.513435
-0.513422
-0.51341
-0.513397
-0.513385
-0.513373
-0.513361
-0.513349
-0.513338
-0.513327
-0.513316
-0.513306
-0.513295
-0.513286
-0.513276
-0.513267
-0.513258
-0.51325
-0.513242
-0.513234
-0.513227
-0.51322
-0.513214
-0.513208
-0.513203
-0.513198
-0.513194
-0.51319
-0.513187
-0.513184
-0.513182
-0.51318
-0.513179
-0.513178
-0.513178
-0.513178
-0.513179
-0.51318
-0.513182
-0.513184
-0.513187
-0.513191
-0.513194
-0.513199
-0.513204
-0.513209
-0.513215
-0.513221
-0.513228
-0.513235
-0.513242
-0.51325
-0.513259
-0.513267
-0.513276
-0.513286
-0.513296
-0.513306
-0.513316
-0.513327
-0.513338
-0.513349
-0.513361
-0.513372
-0.513384
-0.513396
-0.513408
-0.513421
-0.513433
-0.513446
-0.513459
-0.513471
-0.513484
-0.513497
-0.51351
-0.513522
-0.513535
-0.513548
-0.51356
-0.513573
-0.513585
-0.513597
-0.513609
-0.513621
-0.513633
-0.513644
-0.513655
-0.513666
-0.513677
-0.513687
-0.513697
-0.513707
-0.513716
-0.513725
-0.513734
-0.513742
-0.51375
-0.513757
-0.513764
-0.513771
-0.513777
-0.513782
-0.513788
-0.513792
-0.513797
-0.5138
-0.513804
-0.513806
-0.513809
-0.51381
-0.513812
-0.513813
-0.513813
-0.513813
-0.513812
-0.51381
-0.513809
-0.513806
-0.513804
-0.5138
-0.513797
-0.513792
-0.513788
-0.513783
-0.513777
-0.513771
-0.513764
-0.513757
-0.51375
-0.513742
-0.513734
-0.513726
-0.513717
-0.513707
-0.513698
-0.513688
-0.513678
-0.513667
-0.513657
-0.513646
-0.513634
-0.513623
-0.513611
-0.513599
-0.513587
-0.513575
-0.513563
-0.513551
-0.513538
-0.513526
-0.513513
-0.513501
-0.513488
-0.513476
-0.513464
-0.513451
-0.513439
-0.513427
-0.513415
-0.513403
-0.513391
-0.513379
-0.513368
-0.513357
-0.513346
-0.513335
-0.513325
-0.513315
-0.513305
-0.513295
-0.513286
-0.513277
-0.513269
-0.513261
-0.513253
-0.513246
-0.513239
-0.513233
-0.513227
-0.513221
-0.513216
-0.513211
-0.513207
-0.513204
-0.5132
-0.513198
-0.513195
-0.513194
-0.513192
-0.513192
-0.513191
-0.513192
-0.513192
-0.513194
-0.513195
-0.513198
-0.5132
-0.513204
-0.513207
-0.513211
-0.513216
-0.513221
-0.513227
-0.513232
-0.513239
-0.513246
-0.513253
-0.51326
-0.513268
-0.513277
-0.513286
-0.513295
-0.513304
-0.513314
-0.513324
-0.513334
-0.513344
-0.513355
-0.513366
-0.513377
-0.513389
-0.5134
-0.513412
-0.513424
-0.513436
-0.513448
-0.51346
-0.513472
-0.513485
-0.513497
-0.513509
-0.513521
-0.513534
-0.513546
-0.513558
-0.51357
-0.513582
-0.513593
-0.513605
-0.513616
-0.513627
-0.513638
-0.513649
-0.51366
-0.51367
-0.51368
-0.513689
-0.513699
-0.513708
-0.513716
-0.513724
-0.513732
-0.51374
-0.513747
-0.513754
-0.51376
-0.513766
-0.513772
-0.513777
-0.513781
-0.513785
-0.513789
-0.513792
-0.513795
-0.513797
-0.513799
-0.5138
-0.513801
-0.513801
-0.513801
-0.5138
-0.513799
-0.513797
-0.513795
-0.513792
-0.513789
-0.513786
-0.513782
-0.513777
-0.513772
-0.513767
-0.513761
-0.513755
-0.513748
-0.513741
-0.513734
-0.513726
-0.513718
-0.513709
-0.5137
-0.513691
-0.513682
-0.513672
-0.513662
-0.513651
-0.513641
-0.51363
-0.513619
-0.513608
-0.513597
-0.513585
-0.513573
-0.513562
-0.51355
-0.513538
-0.513526
-0.513514
-0.513502
-0.51349
-0.513478
-0.513466
-0.513454
-0.513442
-0.513431
-0.513419
-0.513408
-0.513396
-0.513385
-0.513374
-0.513363
-0.513353
-0.513343
-0.513333
-0.513323
-0.513313
-0.513304
-0.513296
-0.513287
-0.513279
-0.513271
-0.513264
-0.513257
-0.51325
-0.513244
-0.513238
-0.513233
-0.513228
-0.513223
-0.513219
-0.513216
-0.513213
-0.51321
-0.513208
-0.513206
-0.513205
-0.513204
-0.513204
-0.513204
-0.513205
-0.513206
-0.513207
-0.51321
-0.513212
-0.513215
-0.513219
-0.513223
-0.513227
-0.513232
-0.513237
-0.513243
-0.513249
-0.513256
-0.513262
-0.51327
-0.513277
-0.513285
-0.513294
-0.513302
-0.513311
-0.513321
-0.51333
-0.51334
-0.51335
-0.513361
-0.513371
-0.513382
-0.513393
-0.513404
-0.513415
-0.513427
-0.513438
-0.51345
-0.513461
-0.513473
-0.513485
-0.513497
-0.513509
-0.51352
-0.513532
-0.513544
-0.513555
-0.513567
-0.513578
-0.513589
-0.513601
-0.513611
-0.513622
-0.513633
-0.513643
-0.513653
-0.513663
-0.513673
-0.513682
-0.513691
-0.513699
-0.513708
-0.513716
-0.513723
-0.513731
-0.513738
-0.513744
-0.51375
-0.513756
-0.513761
-0.513766
-0.51377
-0.513774
-0.513778
-0.513781
-0.513784
-0.513786
-0.513787
-0.513789
-0.513789
-0.51379
-0.51379
-0.513789
-0.513788
-0.513786
-0.513784
-0.513782
-0.513779
-0.513775
-0.513771
-0.513767
-0.513762
-0.513757
-0.513752
-0.513746
-0.513739
-0.513732
-0.513725
-0.513718
-0.51371
-0.513702
-0.513693
-0.513684
-0.513675
-0.513666
-0.513656
-0.513646
-0.513636
-0.513626
-0.513615
-0.513605
-0.513594
-0.513583
-0.513572
-0.51356
-0.513549
-0.513537
-0.513526
-0.513514
-0.513503
-0.513491
-0.51348
-0.513468
-0.513457
-0.513445
-0.513434
-0.513423
-0.513412
-0.513401
-0.51339
-0.51338
-0.513369
-0.513359
-0.513349
-0.51334
-0.51333
-0.513321
-0.513312
-0.513304
-0.513296
-0.513288
-0.51328
-0.513273
-0.513266
-0.51326
-0.513254
-0.513248
-0.513243
-0.513239
-0.513234
-0.51323
-0.513227
-0.513224
-0.513221
-0.513219
-0.513217
-0.513216
-0.513215
-0.513215
-0.513215
-0.513216
-0.513217
-0.513219
-0.513221
-0.513223
-0.513226
-0.513229
-0.513233
-0.513237
-0.513242
-0.513247
-0.513252
-0.513258
-0.513265
-0.513271
-0.513278
-0.513286
-0.513293
-0.513301
-0.51331
-0.513318
-0.513327
-0.513336
-0.513346
-0.513356
-0.513365
-0.513376
-0.513386
-0.513397
-0.513407
-0.513418
-0.513429
-0.51344
-0.513451
-0.513462
-0.513474
-0.513485
-0.513496
-0.513508
-0.513519
-0.51353
-0.513542
-0.513553
-0.513564
-0.513575
-0.513586
-0.513596
-0.513607
-0.513617
-0.513627
-0.513637
-0.513647
-0.513657
-0.513666
-0.513675
-0.513683
-0.513692
-0.5137
-0.513708
-0.513715
-0.513722
-0.513729
-0.513735
-0.513741
-0.513746
-0.513751
-0.513756
-0.51376
-0.513764
-0.513768
-0.513771
-0.513773
-0.513775
-0.513777
-0.513778
-0.513779
-0.513779
-0.513779
-0.513778
-0.513777
-0.513776
-0.513774
-0.513771
-0.513769
-0.513765
-0.513762
-0.513758
-0.513753
-0.513748
-0.513743
-0.513737
-0.513731
-0.513724
-0.513718
-0.51371
-0.513703
-0.513695
-0.513687
-0.513678
-0.51367
-0.51366
-0.513651
-0.513642
-0.513632
-0.513622
-0.513612
-0.513601
-0.513591
-0.51358
-0.51357
-0.513559
-0.513548
-0.513537
-0.513526
-0.513515
-0.513503
-0.513492
-0.513481
-0.51347
-0.513459
-0.513448
-0.513437
-0.513426
-0.513416
-0.513405
-0.513395
-0.513385
-0.513375
-0.513365
-0.513355
-0.513346
-0.513337
-0.513328
-0.51332
-0.513312
-0.513304
-0.513296
-0.513289
-0.513282
-0.513275
-0.513269
-0.513263
-0.513258
-0.513253
-0.513248
-0.513244
-0.51324
-0.513237
-0.513234
-0.513232
-0.51323
-0.513228
-0.513227
-0.513226
-0.513226
-0.513226
-0.513226
-0.513227
-0.513229
-0.513231
-0.513233
-0.513236
-0.513239
-0.513243
-0.513247
-0.513251
-0.513256
-0.513261
-0.513267
-0.513273
-0.513279
-0.513286
-0.513293
-0.5133
-0.513308
-0.513316
-0.513324
-0.513333
-0.513342
-0.513351
-0.51336
-0.51337
-0.51338
-0.51339
-0.5134
-0.51341
-0.513421
-0.513431
-0.513442
-0.513453
-0.513463
-0.513474
-0.513485
-0.513496
-0.513507
-0.513518
-0.513529
-0.51354
-0.51355
-0.513561
-0.513572
-0.513582
-0.513593
-0.513603
-0.513613
-0.513622
-0.513632
-0.513641
-0.513651
-0.513659
-0.513668
-0.513676
-0.513685
-0.513692
-0.5137
-0.513707
-0.513714
-0.51372
-0.513726
-0.513732
-0.513737
-0.513742
-0.513747
-0.513751
-0.513755
-0.513758
-0.513761
-0.513763
-0.513765
-0.513767
-0.513768
-0.513769
-0.513769
-0.513769
-0.513769
-0.513768
-0.513766
-0.513764
-0.513762
-0.513759
-0.513756
-0.513753
-0.513749
-0.513744
-0.51374
-0.513734
-0.513729
-0.513723
-0.513717
-0.51371
-0.513703
-0.513696
-0.513688
-0.513681
-0.513672
-0.513664
-0.513655
-0.513646
-0.513637
-0.513628
-0.513618
-0.513608
-0.513598
-0.513588
-0.513578
-0.513568
-0.513557
-0.513547
-0.513536
-0.513525
-0.513515
-0.513504
-0.513493
-0.513482
-0.513472
-0.513461
-0.513451
-0.51344
-0.51343
-0.513419
-0.513409
-0.513399
-0.513389
-0.51338
-0.51337
-0.513361
-0.513352
-0.513343
-0.513335
-0.513327
-0.513319
-0.513311
-0.513304
-0.513297
-0.51329
-0.513284
-0.513278
-0.513272
-0.513267
-0.513262
-0.513258
-0.513254
-0.51325
-0.513247
-0.513244
-0.513241
-0.513239
-0.513238
-0.513236
-0.513236
-0.513235
-0.513236
-0.513236
-0.513237
-0.513238
-0.51324
-0.513242
-0.513245
-0.513248
-0.513252
-0.513256
-0.51326
-0.513264
-0.513269
-0.513275
-0.513281
-0.513287
-0.513293
-0.5133
-0.513307
-0.513315
-0.513322
-0.51333
-0.513339
-0.513347
-0.513356
-0.513365
-0.513374
-0.513384
-0.513393
-0.513403
-0.513413
-0.513423
-0.513433
-0.513443
-0.513454
-0.513464
-0.513475
-0.513485
-0.513496
-0.513506
-0.513517
-0.513527
-0.513538
-0.513548
-0.513559
-0.513569
-0.513579
-0.513589
-0.513599
-0.513608
-0.513618
-0.513627
-0.513636
-0.513645
-0.513654
-0.513662
-0.51367
-0.513678
-0.513685
-0.513692
-0.513699
-0.513706
-0.513712
-0.513718
-0.513724
-0.513729
-0.513734
-0.513738
-0.513742
-0.513746
-0.513749
-0.513752
-0.513754
-0.513756
-0.513758
-0.513759
-0.51376
-0.51376
-0.51376
-0.513759
-0.513758
-0.513757
-0.513755
-0.513753
-0.51375
-0.513747
-0.513744
-0.51374
-0.513736
-0.513732
-0.513727
-0.513721
-0.513716
-0.51371
-0.513703
-0.513697
-0.51369
-0.513682
-0.513675
-0.513667
-0.513659
-0.51365
-0.513642
-0.513633
-0.513624
-0.513615
-0.513605
-0.513596
-0.513586
-0.513576
-0.513566
-0.513556
-0.513546
-0.513535
-0.513525
-0.513515
-0.513504
-0.513494
-0.513484
-0.513473
-0.513463
-0.513453
-0.513443
-0.513433
-0.513423
-0.513413
-0.513403
-0.513394
-0.513384
-0.513375
-0.513366
-0.513358
-0.513349
-0.513341
-0.513333
-0.513325
-0.513318
-0.513311
-0.513304
-0.513298
-0.513292
-0.513286
-0.51328
-0.513275
-0.513271
-0.513266
-0.513262
-0.513259
-0.513255
-0.513253
-0.51325
-0.513248
-0.513247
-0.513246
-0.513245
-0.513244
-0.513245
-0.513245
-0.513246
-0.513247
-0.513249
-0.513251
-0.513254
-0.513257
-0.51326
-0.513264
-0.513268
-0.513272
-0.513277
-0.513282
-0.513288
-0.513294
-0.5133
-0.513306
-0.513313
-0.513321
-0.513328
-0.513336
-0.513344
-0.513352
-0.51336
-0.513369
-0.513378
-0.513387
-0.513396
-0.513406
-0.513415
-0.513425
-0.513435
-0.513445
-0.513455
-0.513465
-0.513475
-0.513485
-0.513495
-0.513506
-0.513516
-0.513526
-0.513536
-0.513546
-0.513556
-0.513566
-0.513576
-0.513585
-0.513595
-0.513604
-0.513613
-0.513622
-0.513631
-0.51364
-0.513648
-0.513656
-0.513664
-0.513671
-0.513679
-0.513686
-0.513692
-0.513699
-0.513705
-0.51371
-0.513716
-0.513721
-0.513725
-0.51373
-0.513734
-0.513737
-0.51374
-0.513743
-0.513745
-0.513747
-0.513749
-0.51375
-0.513751
-0.513751
-0.513751
-0.513751
-0.51375
-0.513748
-0.513747
-0.513745
-0.513742
-0.513739
-0.513736
-0.513732
-0.513728
-0.513724
-0.513719
-0.513714
-0.513709
-0.513703
-0.513697
-0.51369
-0.513684
-0.513677
-0.513669
-0.513662
-0.513654
-0.513646
-0.513637
-0.513629
-0.51362
-0.513611
-0.513602
-0.513593
-0.513583
-0.513574
-0.513564
-0.513555
-0.513545
-0.513535
-0.513525
-0.513515
-0.513505
-0.513495
-0.513485
-0.513475
-0.513465
-0.513455
-0.513445
-0.513435
-0.513426
-0.513416
-0.513407
-0.513398
-0.513389
-0.51338
-0.513371
-0.513363
-0.513355
-0.513347
-0.513339
-0.513332
-0.513324
-0.513318
-0.513311
-0.513305
-0.513299
-0.513293
-0.513288
-0.513283
-0.513278
-0.513274
-0.51327
-0.513267
-0.513264
-0.513261
-0.513259
-0.513257
-0.513255
-0.513254
-0.513253
-0.513253
-0.513253
-0.513253
-0.513254
-0.513256
-0.513257
-0.513259
-0.513262
-0.513265
-0.513268
-0.513271
-0.513275
-0.51328
-0.513284
-0.513289
-0.513295
-0.5133
-0.513306
-0.513313
-0.513319
-0.513326
-0.513333
-0.513341
-0.513348
-0.513356
-0.513365
-0.513373
-0.513382
-0.51339
-0.513399
-0.513408
-0.513418
-0.513427
-0.513437
-0.513446
-0.513456
-0.513466
-0.513475
-0.513485
-0.513495
-0.513505
-0.513515
-0.513525
-0.513534
-0.513544
-0.513554
-0.513563
-0.513573
-0.513582
-0.513591
-0.5136
-0.513609
-0.513618
-0.513626
-0.513635
-0.513643
-0.513651
-0.513658
-0.513665
-0.513672
-0.513679
-0.513686
-0.513692
-0.513698
-0.513703
-0.513708
-0.513713
-0.513718
-0.513722
-0.513726
-0.513729
-0.513732
-0.513735
-0.513737
-0.513739
-0.513741
-0.513742
-0.513743
-0.513743
-0.513743
-0.513742
-0.513742
-0.51374
-0.513739
-0.513737
-0.513734
-0.513732
-0.513729
-0.513725
-0.513721
-0.513717
-0.513712
-0.513707
-0.513702
-0.513697
-0.513691
-0.513685
-0.513678
-0.513671
-0.513664
-0.513657
-0.513649
-0.513641
-0.513633
-0.513625
-0.513617
-0.513608
-0.513599
-0.51359
-0.513581
-0.513572
-0.513563
-0.513553
-0.513544
-0.513534
-0.513524
-0.513515
-0.513505
-0.513495
-0.513486
-0.513476
-0.513466
-0.513457
-0.513447
-0.513438
-0.513429
-0.513419
-0.51341
-0.513402
-0.513393
-0.513384
-0.513376
-0.513368
-0.51336
-0.513352
-0.513345
-0.513337
-0.51333
-0.513324
-0.513317
-0.513311
-0.513306
-0.5133
-0.513295
-0.51329
-0.513286
-0.513282
-0.513278
-0.513274
-0.513271
-0.513269
-0.513267
-0.513265
-0.513263
-0.513262
-0.513261
-0.513261
-0.513261
-0.513261
-0.513262
-0.513263
-0.513265
-0.513267
-0.513269
-0.513272
-0.513275
-0.513278
-0.513282
-0.513286
-0.513291
-0.513296
-0.513301
-0.513306
-0.513312
-0.513318
-0.513325
-0.513331
-0.513338
-0.513345
-0.513353
-0.513361
-0.513368
-0.513377
-0.513385
-0.513393
-0.513402
-0.513411
-0.51342
-0.513429
-0.513438
-0.513447
-0.513457
-0.513466
-0.513476
-0.513485
-0.513495
-0.513504
-0.513514
-0.513523
-0.513533
-0.513542
-0.513552
-0.513561
-0.51357
-0.513579
-0.513588
-0.513597
-0.513605
-0.513614
-0.513622
-0.51363
-0.513638
-0.513645
-0.513653
-0.51366
-0.513667
-0.513673
-0.51368
-0.513685
-0.513691
-0.513697
-0.513702
-0.513706
-0.513711
-0.513715
-0.513718
-0.513722
-0.513725
-0.513727
-0.51373
-0.513732
-0.513733
-0.513734
-0.513735
-0.513735
-0.513735
-0.513735
-0.513734
-0.513733
-0.513731
-0.513729
-0.513727
-0.513724
-0.513721
-0.513718
-0.513714
-0.51371
-0.513706
-0.513701
-0.513696
-0.513691
-0.513685
-0.513679
-0.513673
-0.513666
-0.513659
-0.513652
-0.513645
-0.513637
-0.51363
-0.513622
-0.513614
-0.513605
-0.513597
-0.513588
-0.513579
-0.51357
-0.513561
-0.513552
-0.513543
-0.513534
-0.513524
-0.513515
-0.513505
-0.513496
-0.513487
-0.513477
-0.513468
-0.513459
-0.513449
-0.51344
-0.513431
-0.513422
-0.513414
-0.513405
-0.513397
-0.513388
-0.51338
-0.513372
-0.513365
-0.513357
-0.51335
-0.513343
-0.513336
-0.51333
-0.513323
-0.513318
-0.513312
-0.513307
-0.513302
-0.513297
-0.513293
-0.513289
-0.513285
-0.513282
-0.513279
-0.513276
-0.513274
-0.513272
-0.513271
-0.51327
-0.513269
-0.513268
-0.513268
-0.513269
-0.51327
-0.513271
-0.513272
-0.513274
-0.513276
-0.513279
-0.513282
-0.513285
-0.513289
-0.513293
-0.513297
-0.513302
-0.513307
-0.513312
-0.513318
-0.513324
-0.51333
-0.513336
-0.513343
-0.51335
-0.513357
-0.513364
-0.513372
-0.51338
-0.513388
-0.513396
-0.513405
-0.513413
-0.513422
-0.513431
-0.51344
-0.513449
-0.513458
-0.513467
-0.513476
-0.513485
-0.513494
-0.513504
-0.513513
-0.513522
-0.513531
-0.51354
-0.513549
-0.513558
-0.513567
-0.513576
-0.513585
-0.513593
-0.513602
-0.51361
-0.513618
-0.513626
-0.513633
-0.51364
-0.513648
-0.513655
-0.513661
-0.513668
-0.513674
-0.513679
-0.513685
-0.51369
-0.513695
-0.5137
-0.513704
-0.513708
-0.513712
-0.513715
-0.513718
-0.51372
-0.513723
-0.513724
-0.513726
-0.513727
-0.513728
-0.513728
-0.513728
-0.513728
-0.513727
-0.513726
-0.513724
-0.513722
-0.51372
-0.513718
-0.513715
-0.513712
-0.513708
-0.513704
-0.5137
-0.513695
-0.51369
-0.513685
-0.51368
-0.513674
-0.513668
-0.513661
-0.513655
-0.513648
-0.513641
-0.513634
-0.513626
-0.513618
-0.51361
-0.513602
-0.513594
-0.513586
-0.513577
-0.513569
-0.51356
-0.513551
-0.513542
-0.513533
-0.513524
-0.513515
-0.513506
-0.513497
-0.513488
-0.513478
-0.513469
-0.51346
-0.513451
-0.513443
-0.513434
-0.513425
-0.513417
-0.513408
-0.5134
-0.513392
-0.513384
-0.513377
-0.513369
-0.513362
-0.513355
-0.513348
-0.513341
-0.513335
-0.513329
-0.513323
-0.513318
-0.513313
-0.513308
-0.513303
-0.513299
-0.513295
-0.513292
-0.513288
-0.513286
-0.513283
-0.513281
-0.513279
-0.513278
-0.513277
-0.513276
-0.513275
-0.513275
-0.513276
-0.513276
-0.513278
-0.513279
-0.513281
-0.513283
-0.513285
-0.513288
-0.513292
-0.513295
-0.513299
-0.513303
-0.513308
-0.513312
-0.513318
-0.513323
-0.513329
-0.513335
-0.513341
-0.513347
-0.513354
-0.513361
-0.513368
-0.513376
-0.513383
-0.513391
-0.513399
-0.513407
-0.513415
-0.513424
-0.513432
-0.513441
-0.51345
-0.513458
-0.513467
-0.513476
-0.513485
-0.513494
-0.513503
-0.513512
-0.513521
-0.51353
-0.513539
-0.513548
-0.513556
-0.513565
-0.513573
-0.513582
-0.51359
-0.513598
-0.513606
-0.513614
-0.513621
-0.513629
-0.513636
-0.513643
-0.51365
-0.513656
-0.513662
-0.513668
-0.513674
-0.513679
-0.513684
-0.513689
-0.513694
-0.513698
-0.513702
-0.513705
-0.513708
-0.513711
-0.513714
-0.513716
-0.513718
-0.513719
-0.51372
-0.513721
-0.513721
-0.513721
-0.513721
-0.51372
-0.513719
-0.513718
-0.513716
-0.513714
-0.513711
-0.513709
-0.513705
-0.513702
-0.513698
-0.513694
-0.51369
-0.513685
-0.51368
-0.513675
-0.513669
-0.513663
-0.513657
-0.513651
-0.513644
-0.513637
-0.51363
-0.513623
-0.513615
-0.513608
-0.5136
-0.513592
-0.513584
-0.513575
-0.513567
-0.513558
-0.51355
-0.513541
-0.513532
-0.513524
-0.513515
-0.513506
-0.513497
-0.513488
-0.51348
-0.513471
-0.513462
-0.513453
-0.513445
-0.513436
-0.513428
-0.51342
-0.513412
-0.513404
-0.513396
-0.513388
-0.513381
-0.513373
-0.513366
-0.513359
-0.513353
-0.513346
-0.51334
-0.513334
-0.513329
-0.513324
-0.513319
-0.513314
-0.513309
-0.513305
-0.513301
-0.513298
-0.513295
-0.513292
-0.51329
-0.513287
-0.513286
-0.513284
-0.513283
-0.513282
-0.513282
-0.513282
-0.513282
-0.513283
-0.513284
-0.513285
-0.513287
-0.513289
-0.513292
-0.513294
-0.513297
-0.513301
-0.513305
-0.513309
-0.513313
-0.513318
-0.513323
-0.513328
-0.513333
-0.513339
-0.513345
-0.513351
-0.513358
-0.513365
-0.513372
-0.513379
-0.513386
-0.513394
-0.513402
-0.513409
-0.513417
-0.513426
-0.513434
-0.513442
-0.513451
-0.513459
-0.513468
-0.513476
-0.513485
-0.513494
-0.513503
-0.513511
-0.51352
-0.513529
-0.513537
-0.513546
-0.513554
-0.513563
-0.513571
-0.513579
-0.513587
-0.513595
-0.513603
-0.51361
-0.513617
-0.513625
-0.513632
-0.513638
-0.513645
-0.513651
-0.513657
-0.513663
-0.513668
-0.513674
-0.513679
-0.513683
-0.513688
-0.513692
-0.513696
-0.513699
-0.513702
-0.513705
-0.513707
-0.513709
-0.513711
-0.513713
-0.513714
-0.513714
-0.513715
-0.513715
-0.513715
-0.513714
-0.513713
-0.513711
-0.51371
-0.513708
-0.513705
-0.513703
-0.5137
-0.513696
-0.513693
-0.513689
-0.513684
-0.51368
-0.513675
-0.51367
-0.513664
-0.513659
-0.513653
-0.513647
-0.51364
-0.513633
-0.513627
-0.51362
-0.513612
-0.513605
-0.513597
-0.51359
-0.513582
-0.513574
-0.513565
-0.513557
-0.513549
-0.51354
-0.513532
-0.513523
-0.513515
-0.513506
-0.513498
-0.513489
-0.513481
-0.513472
-0.513464
-0.513455
-0.513447
-0.513439
-0.51343
-0.513422
-0.513414
-0.513407
-0.513399
-0.513392
-0.513384
-0.513377
-0.51337
-0.513364
-0.513357
-0.513351
-0.513345
-0.51334
-0.513334
-0.513329
-0.513324
-0.513319
-0.513315
-0.513311
-0.513307
-0.513304
-0.513301
-0.513298
-0.513296
-0.513294
-0.513292
-0.51329
-0.513289
-0.513289
-0.513288
-0.513288
-0.513289
-0.513289
-0.51329
-0.513291
-0.513293
-0.513295
-0.513297
-0.5133
-0.513303
-0.513306
-0.51331
-0.513314
-0.513318
-0.513323
-0.513327
-0.513332
-0.513338
-0.513343
-0.513349
-0.513355
-0.513362
-0.513368
-0.513375
-0.513382
-0.513389
-0.513396
-0.513404
-0.513412
-0.513419
-0.513427
-0.513435
-0.513443
-0.513452
-0.51346
-0.513468
-0.513477
-0.513485
-0.513494
-0.513502
-0.51351
-0.513519
-0.513527
-0.513536
-0.513544
-0.513552
-0.51356
-0.513568
-0.513576
-0.513584
-0.513592
-0.513599
-0.513607
-0.513614
-0.513621
-0.513628
-0.513634
-0.51364
-0.513647
-0.513652
-0.513658
-0.513663
-0.513669
-0.513673
-0.513678
-0.513682
-0.513686
-0.51369
-0.513693
-0.513696
-0.513699
-0.513701
-0.513703
-0.513705
-0.513707
-0.513708
-0.513708
-0.513709
-0.513709
-0.513708
-0.513708
-0.513707
-0.513706
-0.513704
-0.513702
-0.5137
-0.513697
-0.513694
-0.513691
-0.513687
-0.513684
-0.513679
-0.513675
-0.51367
-0.513665
-0.51366
-0.513655
-0.513649
-0.513643
-0.513637
-0.51363
-0.513623
-0.513617
-0.51361
-0.513602
-0.513595
-0.513587
-0.51358
-0.513572
-0.513564
-0.513556
-0.513548
-0.51354
-0.513531
-0.513523
-0.513515
-0.513507
-0.513498
-0.51349
-0.513482
-0.513473
-0.513465
-0.513457
-0.513449
-0.513441
-0.513433
-0.513425
-0.513417
-0.51341
-0.513402
-0.513395
-0.513388
-0.513381
-0.513374
-0.513368
-0.513362
-0.513356
-0.51335
-0.513344
-0.513339
-0.513334
-0.513329
-0.513325
-0.51332
-0.513317
-0.513313
-0.51331
-0.513307
-0.513304
-0.513302
-0.5133
-0.513298
-0.513296
-0.513295
-0.513295
-0.513294
-0.513294
-0.513294
-0.513295
-0.513296
-0.513297
-0.513299
-0.513301
-0.513303
-0.513306
-0.513308
-0.513312
-0.513315
-0.513319
-0.513323
-0.513327
-0.513332
-0.513337
-0.513342
-0.513347
-0.513353
-0.513359
-0.513365
-0.513372
-0.513378
-0.513385
-0.513392
-0.513399
-0.513406
-0.513414
-0.513421
-0.513429
-0.513437
-0.513445
-0.513453
-0.513461
-0.513469
-0.513477
-0.513485
-0.513493
-0.513502
-0.51351
-0.513518
-0.513526
-0.513534
-0.513542
-0.51355
-0.513558
-0.513566
-0.513574
-0.513581
-0.513589
-0.513596
-0.513603
-0.51361
-0.513617
-0.513624
-0.51363
-0.513636
-0.513642
-0.513648
-0.513653
-0.513659
-0.513664
-0.513668
-0.513673
-0.513677
-0.513681
-0.513684
-0.513688
-0.513691
-0.513693
-0.513696
-0.513698
-0.513699
-0.513701
-0.513702
-0.513703
-0.513703
-0.513703
-0.513703
-0.513702
-0.513701
-0.5137
-0.513698
-0.513697
-0.513694
-0.513692
-0.513689
-0.513686
-0.513682
-0.513679
-0.513675
-0.51367
-0.513666
-0.513661
-0.513656
-0.513651
-0.513645
-0.513639
-0.513633
-0.513627
-0.51362
-0.513614
-0.513607
-0.5136
-0.513593
-0.513585
-0.513578
-0.51357
-0.513563
-0.513555
-0.513547
-0.513539
-0.513531
-0.513523
-0.513515
-0.513507
-0.513499
-0.513491
-0.513482
-0.513474
-0.513466
-0.513458
-0.513451
-0.513443
-0.513435
-0.513427
-0.51342
-0.513413
-0.513405
-0.513398
-0.513391
-0.513385
-0.513378
-0.513372
-0.513366
-0.51336
-0.513354
-0.513349
-0.513344
-0.513339
-0.513334
-0.51333
-0.513326
-0.513322
-0.513318
-0.513315
-0.513312
-0.513309
-0.513307
-0.513305
-0.513303
-0.513302
-0.513301
-0.5133
-0.5133
-0.5133
-0.5133
-0.513301
-0.513301
-0.513303
-0.513304
-0.513306
-0.513308
-0.513311
-0.513313
-0.513317
-0.51332
-0.513324
-0.513328
-0.513332
-0.513336
-0.513341
-0.513346
-0.513351
-0.513357
-0.513363
-0.513369
-0.513375
-0.513381
-0.513388
-0.513394
-0.513401
-0.513408
-0.513416
-0.513423
-0.51343
-0.513438
-0.513446
-0.513453
-0.513461
-0.513469
-0.513477
-0.513485
-0.513493
-0.513501
-0.513509
-0.513517
-0.513525
-0.513533
-0.513541
-0.513549
-0.513556
-0.513564
-0.513571
-0.513579
-0.513586
-0.513593
-0.5136
-0.513607
-0.513614
-0.51362
-0.513626
-0.513632
-0.513638
-0.513644
-0.513649
-0.513654
-0.513659
-0.513664
-0.513668
-0.513672
-0.513676
-0.513679
-0.513682
-0.513685
-0.513688
-0.51369
-0.513692
-0.513694
-0.513695
-0.513696
-0.513697
-0.513698
-0.513698
-0.513697
-0.513697
-0.513696
-0.513695
-0.513693
-0.513691
-0.513689
-0.513687
-0.513684
-0.513681
-0.513678
-0.513674
-0.51367
-0.513666
-0.513662
-0.513657
-0.513652
-0.513647
-0.513641
-0.513636
-0.51363
-0.513624
-0.513618
-0.513611
-0.513604
-0.513598
-0.513591
-0.513583
-0.513576
-0.513569
-0.513561
-0.513554
-0.513546
-0.513538
-0.513531
-0.513523
-0.513515
-0.513507
-0.513499
-0.513491
-0.513483
-0.513475
-0.513468
-0.51346
-0.513452
-0.513445
-0.513437
-0.51343
-0.513422
-0.513415
-0.513408
-0.513401
-0.513395
-0.513388
-0.513382
-0.513376
-0.51337
-0.513364
-0.513358
-0.513353
-0.513348
-0.513343
-0.513339
-0.513334
-0.51333
-0.513327
-0.513323
-0.51332
-0.513317
-0.513315
-0.513312
-0.51331
-0.513309
-0.513307
-0.513306
-0.513306
-0.513305
-0.513305
-0.513305
-0.513306
-0.513307
-0.513308
-0.513309
-0.513311
-0.513313
-0.513316
-0.513318
-0.513321
-0.513324
-0.513328
-0.513332
-0.513336
-0.51334
-0.513345
-0.51335
-0.513355
-0.51336
-0.513366
-0.513372
-0.513378
-0.513384
-0.51339
-0.513397
-0.513404
-0.51341
-0.513417
-0.513425
-0.513432
-0.513439
-0.513447
-0.513454
-0.513462
-0.51347
-0.513477
-0.513485
-0.513493
-0.513501
-0.513508
-0.513516
-0.513524
-0.513532
-0.513539
-0.513547
-0.513554
-0.513562
-0.513569
-0.513576
-0.513583
-0.51359
-0.513597
-0.513604
-0.51361
-0.513617
-0.513623
-0.513629
-0.513634
-0.51364
-0.513645
-0.51365
-0.513655
-0.513659
-0.513663
-0.513667
-0.513671
-0.513674
-0.513678
-0.51368
-0.513683
-0.513685
-0.513687
-0.513689
-0.51369
-0.513691
-0.513692
-0.513692
-0.513692
-0.513692
-0.513692
-0.513691
-0.51369
-0.513688
-0.513687
-0.513684
-0.513682
-0.513679
-0.513677
-0.513673
-0.51367
-0.513666
-0.513662
-0.513658
-0.513653
-0.513648
-0.513643
-0.513638
-0.513632
-0.513627
-0.513621
-0.513615
-0.513608
-0.513602
-0.513595
-0.513589
-0.513582
-0.513575
-0.513567
-0.51356
-0.513553
-0.513545
-0.513538
-0.51353
-0.513523
-0.513515
-0.513507
-0.5135
-0.513492
-0.513484
-0.513477
-0.513469
-0.513461
-0.513454
-0.513446
-0.513439
-0.513432
-0.513425
-0.513418
-0.513411
-0.513404
-0.513398
-0.513391
-0.513385
-0.513379
-0.513373
-0.513368
-0.513362
-0.513357
-0.513352
-0.513348
-0.513343
-0.513339
-0.513335
-0.513331
-0.513328
-0.513325
-0.513322
-0.513319
-0.513317
-0.513315
-0.513314
-0.513312
-0.513311
-0.513311
-0.51331
-0.51331
-0.51331
-0.513311
-0.513312
-0.513313
-0.513314
-0.513316
-0.513318
-0.51332
-0.513323
-0.513326
-0.513329
-0.513332
-0.513336
-0.51334
-0.513344
-0.513349
-0.513353
-0.513358
-0.513364
-0.513369
-0.513375
-0.513381
-0.513387
-0.513393
-0.513399
-0.513406
-0.513412
-0.513419
-0.513426
-0.513433
-0.51344
-0.513448
-0.513455
-0.513462
-0.51347
-0.513477
-0.513485
-0.513493
-0.5135
-0.513508
-0.513515
-0.513523
-0.51353
-0.513538
-0.513545
-0.513553
-0.51356
-0.513567
-0.513574
-0.513581
-0.513588
-0.513594
-0.513601
-0.513607
-0.513613
-0.513619
-0.513625
-0.51363
-0.513636
-0.513641
-0.513646
-0.51365
-0.513655
-0.513659
-0.513663
-0.513666
-0.51367
-0.513673
-0.513676
-0.513678
-0.51368
-0.513682
-0.513684
-0.513685
-0.513686
-0.513687
-0.513687
-0.513688
-0.513687
-0.513687
-0.513686
-0.513685
-0.513684
-0.513682
-0.51368
-0.513678
-0.513675
-0.513672
-0.513669
-0.513666
-0.513662
-0.513658
-0.513654
-0.513649
-0.513645
-0.51364
-0.513635
-0.513629
-0.513624
-0.513618
-0.513612
-0.513606
-0.5136
-0.513593
-0.513587
-0.51358
-0.513573
-0.513566
-0.513559
-0.513552
-0.513545
-0.513537
-0.51353
-0.513522
-0.513515
-0.513507
-0.5135
-0.513492
-0.513485
-0.513478
-0.51347
-0.513463
-0.513455
-0.513448
-0.513441
-0.513434
-0.513427
-0.51342
-0.513414
-0.513407
-0.513401
-0.513394
-0.513388
-0.513382
-0.513377
-0.513371
-0.513366
-0.513361
-0.513356
-0.513352
-0.513347
-0.513343
-0.513339
-0.513336
-0.513332
-0.513329
-0.513327
-0.513324
-0.513322
-0.51332
-0.513318
-0.513317
-0.513316
-0.513315
-0.513315
-0.513315
-0.513315
-0.513316
-0.513316
-0.513317
-0.513319
-0.51332
-0.513322
-0.513325
-0.513327
-0.51333
-0.513333
-0.513336
-0.51334
-0.513344
-0.513348
-0.513352
-0.513357
-0.513362
-0.513367
-0.513372
-0.513378
-0.513383
-0.513389
-0.513395
-0.513401
-0.513408
-0.513414
-0.513421
-0.513428
-0.513435
-0.513442
-0.513449
-0.513456
-0.513463
-0.51347
-0.513478
-0.513485
-0.513492
-0.5135
-0.513507
-0.513515
-0.513522
-0.513529
-0.513537
-0.513544
-0.513551
-0.513558
-0.513565
-0.513572
-0.513579
-0.513585
-0.513592
-0.513598
-0.513604
-0.51361
-0.513616
-0.513621
-0.513627
-0.513632
-0.513637
-0.513642
-0.513646
-0.513651
-0.513655
-0.513658
-0.513662
-0.513665
-0.513668
-0.513671
-0.513673
-0.513676
-0.513677
-0.513679
-0.51368
-0.513681
-0.513682
-0.513682
-0.513683
-0.513682
-0.513682
-0.513681
-0.51368
-0.513679
-0.513677
-0.513675
-0.513673
-0.51367
-0.513668
-0.513665
-0.513661
-0.513658
-0.513654
-0.51365
-0.513646
-0.513641
-0.513636
-0.513631
-0.513626
-0.513621
-0.513615
-0.513609
-0.513603
-0.513597
-0.513591
-0.513584
-0.513578
-0.513571
-0.513564
-0.513557
-0.51355
-0.513543
-0.513536
-0.513529
-0.513522
-0.513514
-0.513507
-0.5135
-0.513492
-0.513485
-0.513478
-0.513471
-0.513463
-0.513456
-0.513449
-0.513442
-0.513435
-0.513429
-0.513422
-0.513415
-0.513409
-0.513403
-0.513397
-0.513391
-0.513385
-0.51338
-0.513374
-0.513369
-0.513364
-0.513359
-0.513355
-0.513351
-0.513347
-0.513343
-0.513339
-0.513336
-0.513333
-0.51333
-0.513328
-0.513326
-0.513324
-0.513322
-0.513321
-0.51332
-0.513319
-0.513319
-0.513319
-0.513319
-0.51332
-0.51332
-0.513321
-0.513323
-0.513324
-0.513326
-0.513328
-0.513331
-0.513334
-0.513337
-0.51334
-0.513343
-0.513347
-0.513351
-0.513355
-0.51336
-0.513365
-0.51337
-0.513375
-0.51338
-0.513386
-0.513391
-0.513397
-0.513403
-0.513409
-0.513416
-0.513422
-0.513429
-0.513436
-0.513443
-0.513449
-0.513456
-0.513464
-0.513471
-0.513478
-0.513485
-0.513492
-0.513499
-0.513507
-0.513514
-0.513521
-0.513528
-0.513535
-0.513542
-0.513549
-0.513556
-0.513563
-0.51357
-0.513576
-0.513583
-0.513589
-0.513595
-0.513601
-0.513607
-0.513613
-0.513618
-0.513624
-0.513629
-0.513634
-0.513638
-0.513643
-0.513647
-0.513651
-0.513655
-0.513658
-0.513661
-0.513664
-0.513667
-0.513669
-0.513672
-0.513673
-0.513675
-0.513676
-0.513677
-0.513678
-0.513678
-0.513679
-0.513678
-0.513678
-0.513677
-0.513676
-0.513675
-0.513673
-0.513672
-0.513669
-0.513667
-0.513664
-0.513661
-0.513658
-0.513655
-0.513651
-0.513647
-0.513643
-0.513638
-0.513634
-0.513629
-0.513624
-0.513619
-0.513613
-0.513607
-0.513602
-0.513596
-0.51359
-0.513583
-0.513577
-0.51357
-0.513564
-0.513557
-0.51355
-0.513543
-0.513536
-0.513529
-0.513522
-0.513515
-0.513508
-0.513501
-0.513494
-0.513486
-0.513479
-0.513472
-0.513465
-0.513458
-0.513451
-0.513445
-0.513438
-0.513431
-0.513425
-0.513418
-0.513412
-0.513406
-0.5134
-0.513394
-0.513389
-0.513383
-0.513378
-0.513373
-0.513368
-0.513363
-0.513359
-0.513355
-0.513351
-0.513347
-0.513344
-0.513341
-0.513338
-0.513335
-0.513333
-0.513331
-0.513329
-0.513327
-0.513326
-0.513325
-0.513324
-0.513324
-0.513324
-0.513324
-0.513324
-0.513325
-0.513326
-0.513327
-0.513329
-0.51333
-0.513333
-0.513335
-0.513338
-0.513341
-0.513344
-0.513347
-0.513351
-0.513355
-0.513359
-0.513363
-0.513368
-0.513373
-0.513378
-0.513383
-0.513388
-0.513394
-0.513399
-0.513405
-0.513411
-0.513418
-0.513424
-0.51343
-0.513437
-0.513444
-0.51345
-0.513457
-0.513464
-0.513471
-0.513478
-0.513485
-0.513492
-0.513499
-0.513506
-0.513513
-0.51352
-0.513527
-0.513534
-0.513541
-0.513548
-0.513555
-0.513561
-0.513568
-0.513574
-0.513581
-0.513587
-0.513593
-0.513599
-0.513604
-0.51361
-0.513615
-0.51362
-0.513625
-0.51363
-0.513635
-0.513639
-0.513643
-0.513647
-0.513651
-0.513654
-0.513657
-0.51366
-0.513663
-0.513665
-0.513667
-0.513669
-0.513671
-0.513672
-0.513673
-0.513674
-0.513674
-0.513674
-0.513674
-0.513674
-0.513673
-0.513672
-0.513671
-0.513669
-0.513668
-0.513665
-0.513663
-0.513661
-0.513658
-0.513655
-0.513651
-0.513648
-0.513644
-0.51364
-0.513635
-0.513631
-0.513626
-0.513621
-0.513616
-0.513611
-0.513605
-0.5136
-0.513594
-0.513588
-0.513582
-0.513575
-0.513569
-0.513562
-0.513556
-0.513549
-0.513543
-0.513536
-0.513529
-0.513522
-0.513515
-0.513508
-0.513501
-0.513494
-0.513487
-0.51348
-0.513473
-0.513466
-0.51346
-0.513453
-0.513446
-0.51344
-0.513433
-0.513427
-0.513421
-0.513414
-0.513408
-0.513403
-0.513397
-0.513392
-0.513386
-0.513381
-0.513376
-0.513371
-0.513367
-0.513363
-0.513359
-0.513355
-0.513351
-0.513348
-0.513345
-0.513342
-0.513339
-0.513337
-0.513335
-0.513333
-0.513331
-0.51333
-0.513329
-0.513328
-0.513328
-0.513328
-0.513328
-0.513328
-0.513329
-0.51333
-0.513331
-0.513333
-0.513334
-0.513336
-0.513339
-0.513341
-0.513344
-0.513347
-0.513351
-0.513354
-0.513358
-0.513362
-0.513366
-0.513371
-0.513375
-0.51338
-0.513385
-0.51339
-0.513396
-0.513402
-0.513407
-0.513413
-0.513419
-0.513425
-0.513432
-0.513438
-0.513445
-0.513451
-0.513458
-0.513465
-0.513471
-0.513478
-0.513485
-0.513492
-0.513499
-0.513506
-0.513513
-0.513519
-0.513526
-0.513533
-0.51354
-0.513546
-0.513553
-0.51356
-0.513566
-0.513572
-0.513578
-0.513584
-0.51359
-0.513596
-0.513602
-0.513607
-0.513612
-0.513617
-0.513622
-0.513627
-0.513631
-0.513636
-0.51364
-0.513644
-0.513647
-0.51365
-0.513654
-0.513656
-0.513659
-0.513661
-0.513663
-0.513665
-0.513667
-0.513668
-0.513669
-0.51367
-0.51367
-0.51367
-0.51367
-0.51367
-0.513669
-0.513668
-0.513667
-0.513666
-0.513664
-0.513662
-0.513659
-0.513657
-0.513654
-0.513651
-0.513648
-0.513644
-0.513641
-0.513637
-0.513632
-0.513628
-0.513623
-0.513619
-0.513614
-0.513608
-0.513603
-0.513597
-0.513592
-0.513586
-0.51358
-0.513574
-0.513568
-0.513561
-0.513555
-0.513548
-0.513542
-0.513535
-0.513529
-0.513522
-0.513515
-0.513508
-0.513501
-0.513495
-0.513488
-0.513481
-0.513474
-0.513468
-0.513461
-0.513454
-0.513448
-0.513441
-0.513435
-0.513429
-0.513423
-0.513417
-0.513411
-0.513405
-0.5134
-0.513394
-0.513389
-0.513384
-0.513379
-0.513375
-0.51337
-0.513366
-0.513362
-0.513358
-0.513355
-0.513351
-0.513348
-0.513345
-0.513343
-0.513341
-0.513339
-0.513337
-0.513335
-0.513334
-0.513333
-0.513332
-0.513332
-0.513332
-0.513332
-0.513332
-0.513333
-0.513334
-0.513335
-0.513336
-0.513338
-0.51334
-0.513342
-0.513345
-0.513348
-0.513351
-0.513354
-0.513357
-0.513361
-0.513365
-0.513369
-0.513373
-0.513378
-0.513383
-0.513388
-0.513393
-0.513398
-0.513403
-0.513409
-0.513415
-0.513421
-0.513427
-0.513433
-0.513439
-0.513445
-0.513452
-0.513458
-0.513465
-0.513472
-0.513478
-0.513485
-0.513492
-0.513498
-0.513505
-0.513512
-0.513519
-0.513525
-0.513532
-0.513539
-0.513545
-0.513551
-0.513558
-0.513564
-0.51357
-0.513576
-0.513582
-0.513588
-0.513594
-0.513599
-0.513604
-0.51361
-0.513614
-0.513619
-0.513624
-0.513628
-0.513632
-0.513636
-0.51364
-0.513644
-0.513647
-0.51365
-0.513653
-0.513655
-0.513658
-0.51366
-0.513661
-0.513663
-0.513664
-0.513665
-0.513666
-0.513666
-0.513666
-0.513666
-0.513666
-0.513665
-0.513664
-0.513663
-0.513662
-0.51366
-0.513658
-0.513656
-0.513654
-0.513651
-0.513648
-0.513645
-0.513641
-0.513638
-0.513634
-0.51363
-0.513625
-0.513621
-0.513616
-0.513611
-0.513606
-0.513601
-0.513596
-0.51359
-0.513584
-0.513579
-0.513573
-0.513567
-0.51356
-0.513554
-0.513548
-0.513541
-0.513535
-0.513528
-0.513522
-0.513515
-0.513508
-0.513502
-0.513495
-0.513488
-0.513482
-0.513475
-0.513469
-0.513462
-0.513456
-0.513449
-0.513443
-0.513437
-0.513431
-0.513425
-0.513419
-0.513413
-0.513408
-0.513402
-0.513397
-0.513392
-0.513387
-0.513382
-0.513378
-0.513373
-0.513369
-0.513365
-0.513362
-0.513358
-0.513355
-0.513352
-0.513349
-0.513347
-0.513344
-0.513342
-0.51334
-0.513339
-0.513338
-0.513337
-0.513336
-0.513336
-0.513335
-0.513336
-0.513336
-0.513336
-0.513337
-0.513339
-0.51334
-0.513342
-0.513344
-0.513346
-0.513348
-0.513351
-0.513354
-0.513357
-0.51336
-0.513364
-0.513368
-0.513372
-0.513376
-0.51338
-0.513385
-0.51339
-0.513395
-0.5134
-0.513405
-0.513411
-0.513416
-0.513422
-0.513428
-0.513434
-0.51344
-0.513446
-0.513453
-0.513459
-0.513465
-0.513472
-0.513478
-0.513485
-0.513492
-0.513498
-0.513505
-0.513511
-0.513518
-0.513524
-0.513531
-0.513537
-0.513544
-0.51355
-0.513556
-0.513562
-0.513568
-0.513574
-0.51358
-0.513586
-0.513591
-0.513597
-0.513602
-0.513607
-0.513612
-0.513616
-0.513621
-0.513625
-0.513629
-0.513633
-0.513637
-0.51364
-0.513643
-0.513646
-0.513649
-0.513652
-0.513654
-0.513656
-0.513658
-0.513659
-0.51366
-0.513661
-0.513662
-0.513663
-0.513663
-0.513663
-0.513662
-0.513662
-0.513661
-0.51366
-0.513658
-0.513657
-0.513655
-0.513653
-0.51365
-0.513648
-0.513645
-0.513642
-0.513638
-0.513635
-0.513631
-0.513627
-0.513623
-0.513618
-0.513614
-0.513609
-0.513604
-0.513599
-0.513594
-0.513588
-0.513583
-0.513577
-0.513571
-0.513565
-0.513559
-0.513553
-0.513547
-0.513541
-0.513534
-0.513528
-0.513521
-0.513515
-0.513509
-0.513502
-0.513495
-0.513489
-0.513482
-0.513476
-0.51347
-0.513463
-0.513457
-0.513451
-0.513445
-0.513438
-0.513433
-0.513427
-0.513421
-0.513415
-0.51341
-0.513405
-0.513399
-0.513394
-0.51339
-0.513385
-0.513381
-0.513376
-0.513372
-0.513368
-0.513365
-0.513361
-0.513358
-0.513355
-0.513353
-0.51335
-0.513348
-0.513346
-0.513344
-0.513343
-0.513341
-0.51334
-0.51334
-0.513339
-0.513339
-0.513339
-0.513339
-0.51334
-0.513341
-0.513342
-0.513343
-0.513345
-0.513347
-0.513349
-0.513351
-0.513354
-0.513357
-0.51336
-0.513363
-0.513367
-0.51337
-0.513374
-0.513378
-0.513383
-0.513387
-0.513392
-0.513397
-0.513402
-0.513407
-0.513412
-0.513418
-0.513424
-0.513429
-0.513435
-0.513441
-0.513447
-0.513453
-0.51346
-0.513466
-0.513472
-0.513479
-0.513485
-0.513491
-0.513498
-0.513504
-0.513511
-0.513517
-0.513524
-0.51353
-0.513536
-0.513542
-0.513549
-0.513555
-0.513561
-0.513567
-0.513572
-0.513578
-0.513584
-0.513589
-0.513594
-0.513599
-0.513604
-0.513609
-0.513614
-0.513618
-0.513622
-0.513626
-0.51363
-0.513634
-0.513637
-0.51364
-0.513643
-0.513646
-0.513648
-0.513651
-0.513652
-0.513654
-0.513656
-0.513657
-0.513658
-0.513659
-0.513659
-0.513659
-0.513659
-0.513659
-0.513658
-0.513657
-0.513656
-0.513655
-0.513653
-0.513652
-0.513649
-0.513647
-0.513645
-0.513642
-0.513639
-0.513636
-0.513632
-0.513628
-0.513624
-0.51362
-0.513616
-0.513612
-0.513607
-0.513602
-0.513597
-0.513592
-0.513587
-0.513581
-0.513576
-0.51357
-0.513564
-0.513558
-0.513552
-0.513546
-0.51354
-0.513534
-0.513528
-0.513521
-0.513515
-0.513509
-0.513502
-0.513496
-0.51349
-0.513483
-0.513477
-0.513471
-0.513464
-0.513458
-0.513452
-0.513446
-0.51344
-0.513434
-0.513429
-0.513423
-0.513417
-0.513412
-0.513407
-0.513402
-0.513397
-0.513392
-0.513388
-0.513383
-0.513379
-0.513375
-0.513371
-0.513368
-0.513365
-0.513361
-0.513358
-0.513356
-0.513353
-0.513351
-0.513349
-0.513347
-0.513346
-0.513345
-0.513344
-0.513343
-0.513343
-0.513342
-0.513343
-0.513343
-0.513343
-0.513344
-0.513345
-0.513347
-0.513348
-0.51335
-0.513352
-0.513354
-0.513357
-0.51336
-0.513363
-0.513366
-0.513369
-0.513373
-0.513377
-0.513381
-0.513385
-0.513389
-0.513394
-0.513399
-0.513404
-0.513409
-0.513414
-0.513419
-0.513425
-0.513431
-0.513436
-0.513442
-0.513448
-0.513454
-0.51346
-0.513466
-0.513472
-0.513479
-0.513485
-0.513491
-0.513498
-0.513504
-0.51351
-0.513516
-0.513523
-0.513529
-0.513535
-0.513541
-0.513547
-0.513553
-0.513559
-0.513565
-0.513571
-0.513576
-0.513582
-0.513587
-0.513592
-0.513597
-0.513602
-0.513606
-0.513611
-0.513615
-0.513619
-0.513623
-0.513627
-0.513631
-0.513634
-0.513637
-0.51364
-0.513643
-0.513645
-0.513647
-0.513649
-0.513651
-0.513652
-0.513654
-0.513654
-0.513655
-0.513656
-0.513656
-0.513656
-0.513656
-0.513655
-0.513654
-0.513653
-0.513652
-0.51365
-0.513648
-0.513646
-0.513644
-0.513642
-0.513639
-0.513636
-0.513633
-0.513629
-0.513626
-0.513622
-0.513618
-0.513614
-0.513609
-0.513605
-0.5136
-0.513595
-0.51359
-0.513585
-0.51358
-0.513574
-0.513569
-0.513563
-0.513557
-0.513552
-0.513546
-0.51354
-0.513534
-0.513527
-0.513521
-0.513515
-0.513509
-0.513503
-0.513496
-0.51349
-0.513484
-0.513478
-0.513472
-0.513465
-0.513459
-0.513453
-0.513447
-0.513442
-0.513436
-0.51343
-0.513425
-0.513419
-0.513414
-0.513409
-0.513404
-0.513399
-0.513395
-0.51339
-0.513386
-0.513382
-0.513378
-0.513374
-0.513371
-0.513368
-0.513364
-0.513362
-0.513359
-0.513357
-0.513354
-0.513352
-0.513351
-0.513349
-0.513348
-0.513347
-0.513346
-0.513346
-0.513346
-0.513346
-0.513346
-0.513347
-0.513347
-0.513348
-0.51335
-0.513351
-0.513353
-0.513355
-0.513357
-0.51336
-0.513362
-0.513365
-0.513368
-0.513372
-0.513375
-0.513379
-0.513383
-0.513387
-0.513392
-0.513396
-0.513401
-0.513406
-0.51341
-0.513416
-0.513421
-0.513426
-0.513432
-0.513437
-0.513443
-0.513449
-0.513455
-0.513461
-0.513467
-0.513473
-0.513479
-0.513485
-0.513491
-0.513497
-0.513503
-0.51351
-0.513516
-0.513522
-0.513528
-0.513534
-0.51354
-0.513546
-0.513552
-0.513558
-0.513563
-0.513569
-0.513574
-0.51358
-0.513585
-0.51359
-0.513595
-0.513599
-0.513604
-0.513608
-0.513613
-0.513617
-0.513621
-0.513624
-0.513628
-0.513631
-0.513634
-0.513637
-0.51364
-0.513642
-0.513644
-0.513646
-0.513648
-0.513649
-0.51365
-0.513651
-0.513652
-0.513652
-0.513653
-0.513653
-0.513652
-0.513652
-0.513651
-0.51365
-0.513649
-0.513647
-0.513645
-0.513644
-0.513641
-0.513639
-0.513636
-0.513633
-0.51363
-0.513627
-0.513623
-0.51362
-0.513616
-0.513612
-0.513607
-0.513603
-0.513598
-0.513594
-0.513589
-0.513584
-0.513578
-0.513573
-0.513568
-0.513562
-0.513557
-0.513551
-0.513545
-0.513539
-0.513533
-0.513527
-0.513521
-0.513515
-0.513509
-0.513503
-0.513497
-0.513491
-0.513485
-0.513478
-0.513472
-0.513466
-0.513461
-0.513455
-0.513449
-0.513443
-0.513438
-0.513432
-0.513427
-0.513421
-0.513416
-0.513411
-0.513406
-0.513402
-0.513397
-0.513393
-0.513389
-0.513385
-0.513381
-0.513377
-0.513374
-0.51337
-0.513367
-0.513365
-0.513362
-0.51336
-0.513357
-0.513356
-0.513354
-0.513352
-0.513351
-0.51335
-0.51335
-0.513349
-0.513349
-0.513349
-0.513349
-0.51335
-0.513351
-0.513352
-0.513353
-0.513354
-0.513356
-0.513358
-0.51336
-0.513362
-0.513365
-0.513368
-0.513371
-0.513374
-0.513378
-0.513381
-0.513385
-0.513389
-0.513394
-0.513398
-0.513402
-0.513407
-0.513412
-0.513417
-0.513422
-0.513427
-0.513433
-0.513438
-0.513444
-0.51345
-0.513455
-0.513461
-0.513467
-0.513473
-0.513479
-0.513485
-0.513491
-0.513497
-0.513503
-0.513509
-0.513515
-0.513521
-0.513527
-0.513533
-0.513539
-0.513545
-0.51355
-0.513556
-0.513562
-0.513567
-0.513572
-0.513578
-0.513583
-0.513588
-0.513593
-0.513597
-0.513602
-0.513606
-0.51361
-0.513614
-0.513618
-0.513622
-0.513625
-0.513628
-0.513631
-0.513634
-0.513637
-0.513639
-0.513641
-0.513643
-0.513645
-0.513646
-0.513647
-0.513648
-0.513649
-0.513649
-0.51365
-0.513649
-0.513649
-0.513649
-0.513648
-0.513647
-0.513646
-0.513644
-0.513643
-0.513641
-0.513639
-0.513636
-0.513634
-0.513631
-0.513628
-0.513625
-0.513621
-0.513617
-0.513614
-0.51361
-0.513605
-0.513601
-0.513597
-0.513592
-0.513587
-0.513582
-0.513577
-0.513572
-0.513567
-0.513561
-0.513556
-0.51355
-0.513544
-0.513539
-0.513533
-0.513527
-0.513521
-0.513515
-0.513509
-0.513503
-0.513497
-0.513491
-0.513485
-0.513479
-0.513473
-0.513467
-0.513462
-0.513456
-0.51345
-0.513445
-0.513439
-0.513434
-0.513428
-0.513423
-0.513418
-0.513413
-0.513409
-0.513404
-0.513399
-0.513395
-0.513391
-0.513387
-0.513383
-0.51338
-0.513376
-0.513373
-0.51337
-0.513367
-0.513365
-0.513363
-0.51336
-0.513359
-0.513357
-0.513356
-0.513354
-0.513353
-0.513353
-0.513352
-0.513352
-0.513352
-0.513352
-0.513353
-0.513353
-0.513354
-0.513356
-0.513357
-0.513359
-0.513361
-0.513363
-0.513365
-0.513368
-0.51337
-0.513373
-0.513377
-0.51338
-0.513384
-0.513387
-0.513391
-0.513395
-0.5134
-0.513404
-0.513409
-0.513414
-0.513418
-0.513423
-0.513429
-0.513434
-0.513439
-0.513445
-0.51345
-0.513456
-0.513462
-0.513467
-0.513473
-0.513479
-0.513485
-0.513491
-0.513497
-0.513503
-0.513509
-0.513515
-0.51352
-0.513526
-0.513532
-0.513538
-0.513544
-0.513549
-0.513555
-0.51356
-0.513565
-0.513571
-0.513576
-0.513581
-0.513586
-0.51359
-0.513595
-0.513599
-0.513604
-0.513608
-0.513612
-0.513615
-0.513619
-0.513622
-0.513625
-0.513628
-0.513631
-0.513634
-0.513636
-0.513638
-0.51364
-0.513642
-0.513643
-0.513644
-0.513645
-0.513646
-0.513646
-0.513647
-0.513647
-0.513646
-0.513646
-0.513645
-0.513644
-0.513643
-0.513642
-0.51364
-0.513638
-0.513636
-0.513634
-0.513631
-0.513628
-0.513625
-0.513622
-0.513619
-0.513615
-0.513612
-0.513608
-0.513604
-0.513599
-0.513595
-0.51359
-0.513586
-0.513581
-0.513576
-0.513571
-0.513566
-0.51356
-0.513555
-0.513549
-0.513544
-0.513538
-0.513532
-0.513527
-0.513521
-0.513515
-0.513509
-0.513503
-0.513497
-0.513492
-0.513486
-0.51348
-0.513474
-0.513468
-0.513463
-0.513457
-0.513451
-0.513446
-0.513441
-0.513435
-0.51343
-0.513425
-0.51342
-0.513415
-0.513411
-0.513406
-0.513402
-0.513397
-0.513393
-0.51339
-0.513386
-0.513382
-0.513379
-0.513376
-0.513373
-0.51337
-0.513368
-0.513365
-0.513363
-0.513361
-0.51336
-0.513358
-0.513357
-0.513356
-0.513356
-0.513355
-0.513355
-0.513355
-0.513355
-0.513356
-0.513356
-0.513357
-0.513358
-0.51336
-0.513361
-0.513363
-0.513365
-0.513368
-0.51337
-0.513373
-0.513376
-0.513379
-0.513382
-0.513386
-0.513389
-0.513393
-0.513397
-0.513402
-0.513406
-0.51341
-0.513415
-0.51342
-0.513425
-0.51343
-0.513435
-0.51344
-0.513446
-0.513451
-0.513457
-0.513462
-0.513468
-0.513473
-0.513479
-0.513485
-0.513491
-0.513497
-0.513502
-0.513508
-0.513514
-0.51352
-0.513525
-0.513531
-0.513537
-0.513542
-0.513548
-0.513553
-0.513559
-0.513564
-0.513569
-0.513574
-0.513579
-0.513584
-0.513588
-0.513593
-0.513597
-0.513601
-0.513605
-0.513609
-0.513613
-0.513616
-0.51362
-0.513623
-0.513626
-0.513628
-0.513631
-0.513633
-0.513635
-0.513637
-0.513639
-0.51364
-0.513641
-0.513642
-0.513643
-0.513643
-0.513644
-0.513644
-0.513643
-0.513643
-0.513642
-0.513641
-0.51364
-0.513639
-0.513637
-0.513635
-0.513633
-0.513631
-0.513629
-0.513626
-0.513623
-0.51362
-0.513617
-0.513613
-0.51361
-0.513606
-0.513602
-0.513598
-0.513593
-0.513589
-0.513584
-0.51358
-0.513575
-0.51357
-0.513565
-0.513559
-0.513554
-0.513549
-0.513543
-0.513538
-0.513532
-0.513526
-0.513521
-0.513515
-0.513509
-0.513504
-0.513498
-0.513492
-0.513486
-0.513481
-0.513475
-0.513469
-0.513464
-0.513458
-0.513453
-0.513447
-0.513442
-0.513437
-0.513432
-0.513427
-0.513422
-0.513417
-0.513413
-0.513408
-0.513404
-0.5134
-0.513396
-0.513392
-0.513388
-0.513385
-0.513381
-0.513378
-0.513376
-0.513373
-0.51337
-0.513368
-0.513366
-0.513364
-0.513363
-0.513361
-0.51336
-0.513359
-0.513358
-0.513358
-0.513358
-0.513358
-0.513358
-0.513358
-0.513359
-0.51336
-0.513361
-0.513362
-0.513364
-0.513366
-0.513368
-0.51337
-0.513373
-0.513375
-0.513378
-0.513381
-0.513384
-0.513388
-0.513391
-0.513395
-0.513399
-0.513403
-0.513407
-0.513412
-0.513416
-0.513421
-0.513426
-0.513431
-0.513436
-0.513441
-0.513446
-0.513452
-0.513457
-0.513463
-0.513468
-0.513474
-0.513479
-0.513485
-0.513491
-0.513496
-0.513502
-0.513508
-0.513513
-0.513519
-0.513525
-0.51353
-0.513536
-0.513541
-0.513547
-0.513552
-0.513557
-0.513562
-0.513567
-0.513572
-0.513577
-0.513582
-0.513586
-0.513591
-0.513595
-0.513599
-0.513603
-0.513607
-0.513611
-0.513614
-0.513617
-0.51362
-0.513623
-0.513626
-0.513628
-0.513631
-0.513633
-0.513634
-0.513636
-0.513637
-0.513639
-0.513639
-0.51364
-0.513641
-0.513641
-0.513641
-0.513641
-0.51364
-0.51364
-0.513639
-0.513638
-0.513636
-0.513635
-0.513633
-0.513631
-0.513629
-0.513626
-0.513624
-0.513621
-0.513618
-0.513615
-0.513611
-0.513608
-0.513604
-0.5136
-0.513596
-0.513592
-0.513587
-0.513583
-0.513578
-0.513573
-0.513569
-0.513564
-0.513558
-0.513553
-0.513548
-0.513543
-0.513537
-0.513532
-0.513526
-0.513521
-0.513515
-0.513509
-0.513504
-0.513498
-0.513492
-0.513487
-0.513481
-0.513476
-0.51347
-0.513465
-0.513459
-0.513454
-0.513449
-0.513443
-0.513438
-0.513433
-0.513428
-0.513424
-0.513419
-0.513414
-0.51341
-0.513406
-0.513402
-0.513398
-0.513394
-0.513391
-0.513387
-0.513384
-0.513381
-0.513378
-0.513375
-0.513373
-0.513371
-0.513369
-0.513367
-0.513365
-0.513364
-0.513363
-0.513362
-0.513361
-0.513361
-0.51336
-0.51336
-0.513361
-0.513361
-0.513362
-0.513363
-0.513364
-0.513365
-0.513367
-0.513368
-0.51337
-0.513372
-0.513375
-0.513377
-0.51338
-0.513383
-0.513386
-0.51339
-0.513393
-0.513397
-0.513401
-0.513405
-0.513409
-0.513413
-0.513418
-0.513422
-0.513427
-0.513432
-0.513437
-0.513442
-0.513447
-0.513452
-0.513458
-0.513463
-0.513468
-0.513474
-0.513479
-0.513485
-0.513491
-0.513496
-0.513502
-0.513507
-0.513513
-0.513518
-0.513524
-0.513529
-0.513535
-0.51354
-0.513546
-0.513551
-0.513556
-0.513561
-0.513566
-0.513571
-0.513576
-0.51358
-0.513585
-0.513589
-0.513593
-0.513597
-0.513601
-0.513605
-0.513608
-0.513612
-0.513615
-0.513618
-0.513621
-0.513623
-0.513626
-0.513628
-0.51363
-0.513632
-0.513633
-0.513635
-0.513636
-0.513637
-0.513638
-0.513638
-0.513638
-0.513638
-0.513638
-0.513638
-0.513637
-0.513636
-0.513635
-0.513634
-0.513632
-0.513631
-0.513629
-0.513626
-0.513624
-0.513622
-0.513619
-0.513616
-0.513613
-0.513609
-0.513606
-0.513602
-0.513598
-0.513594
-0.51359
-0.513586
-0.513582
-0.513577
-0.513572
-0.513568
-0.513563
-0.513558
-0.513553
-0.513547
-0.513542
-0.513537
-0.513531
-0.513526
-0.513521
-0.513515
-0.51351
-0.513504
-0.513498
-0.513493
-0.513487
-0.513482
-0.513476
-0.513471
-0.513466
-0.51346
-0.513455
-0.51345
-0.513445
-0.51344
-0.513435
-0.51343
-0.513425
-0.513421
-0.513416
-0.513412
-0.513408
-0.513404
-0.5134
-0.513396
-0.513393
-0.513389
-0.513386
-0.513383
-0.51338
-0.513378
-0.513375
-0.513373
-0.513371
-0.513369
-0.513368
-0.513367
-0.513365
-0.513364
-0.513364
-0.513363
-0.513363
-0.513363
-0.513363
-0.513364
-0.513364
-0.513365
-0.513366
-0.513367
-0.513369
-0.513371
-0.513373
-0.513375
-0.513377
-0.51338
-0.513382
-0.513385
-0.513388
-0.513392
-0.513395
-0.513399
-0.513402
-0.513406
-0.51341
-0.513415
-0.513419
-0.513424
-0.513428
-0.513433
-0.513438
-0.513443
-0.513448
-0.513453
-0.513458
-0.513463
-0.513469
-0.513474
-0.513479
-0.513485
-0.51349
-0.513496
-0.513501
-0.513507
-0.513512
-0.513518
-0.513523
-0.513529
-0.513534
-0.513539
-0.513544
-0.51355
-0.513555
-0.51356
-0.513564
-0.513569
-0.513574
-0.513578
-0.513583
-0.513587
-0.513591
-0.513595
-0.513599
-0.513603
-0.513606
-0.51361
-0.513613
-0.513616
-0.513618
-0.513621
-0.513623
-0.513626
-0.513628
-0.513629
-0.513631
-0.513632
-0.513633
-0.513634
-0.513635
-0.513635
-0.513636
-0.513636
-0.513636
-0.513635
-0.513635
-0.513634
-0.513633
-0.513631
-0.51363
-0.513628
-0.513626
-0.513624
-0.513622
-0.513619
-0.513617
-0.513614
-0.513611
-0.513608
-0.513604
-0.513601
-0.513597
-0.513593
-0.513589
-0.513585
-0.51358
-0.513576
-0.513571
-0.513567
-0.513562
-0.513557
-0.513552
-0.513547
-0.513542
-0.513536
-0.513531
-0.513526
-0.51352
-0.513515
-0.51351
-0.513504
-0.513499
-0.513493
-0.513488
-0.513483
-0.513477
-0.513472
-0.513467
-0.513461
-0.513456
-0.513451
-0.513446
-0.513441
-0.513436
-0.513432
-0.513427
-0.513422
-0.513418
-0.513414
-0.51341
-0.513406
-0.513402
-0.513398
-0.513395
-0.513392
-0.513388
-0.513386
-0.513383
-0.51338
-0.513378
-0.513376
-0.513374
-0.513372
-0.51337
-0.513369
-0.513368
-0.513367
-0.513366
-0.513366
-0.513366
-0.513366
-0.513366
-0.513366
-0.513367
-0.513368
-0.513369
-0.51337
-0.513371
-0.513373
-0.513375
-0.513377
-0.513379
-0.513382
-0.513384
-0.513387
-0.51339
-0.513393
-0.513397
-0.5134
-0.513404
-0.513408
-0.513412
-0.513416
-0.51342
-0.513425
-0.513429
-0.513434
-0.513439
-0.513444
-0.513448
-0.513454
-0.513459
-0.513464
-0.513469
-0.513474
-0.51348
-0.513485
-0.51349
-0.513496
-0.513501
-0.513506
-0.513512
-0.513517
-0.513523
-0.513528
-0.513533
-0.513538
-0.513543
-0.513548
-0.513553
-0.513558
-0.513563
-0.513568
-0.513572
-0.513577
-0.513581
-0.513585
-0.513589
-0.513593
-0.513597
-0.513601
-0.513604
-0.513607
-0.51361
-0.513613
-0.513616
-0.513619
-0.513621
-0.513623
-0.513625
-0.513627
-0.513628
-0.51363
-0.513631
-0.513632
-0.513632
-0.513633
-0.513633
-0.513633
-0.513633
-0.513633
-0.513632
-0.513631
-0.51363
-0.513629
-0.513628
-0.513626
-0.513624
-0.513622
-0.51362
-0.513617
-0.513615
-0.513612
-0.513609
-0.513606
-0.513602
-0.513599
-0.513595
-0.513591
-0.513587
-0.513583
-0.513579
-0.513575
-0.51357
-0.513566
-0.513561
-0.513556
-0.513551
-0.513546
-0.513541
-0.513536
-0.513531
-0.513526
-0.51352
-0.513515
-0.51351
-0.513504
-0.513499
-0.513494
-0.513488
-0.513483
-0.513478
-0.513473
-0.513467
-0.513462
-0.513457
-0.513452
-0.513447
-0.513442
-0.513438
-0.513433
-0.513428
-0.513424
-0.51342
-0.513416
-0.513412
-0.513408
-0.513404
-0.5134
-0.513397
-0.513394
-0.513391
-0.513388
-0.513385
-0.513382
-0.51338
-0.513378
-0.513376
-0.513374
-0.513373
-0.513371
-0.51337
-0.513369
-0.513369
-0.513368
-0.513368
-0.513368
-0.513368
-0.513368
-0.513369
-0.51337
-0.513371
-0.513372
-0.513373
-0.513375
-0.513377
-0.513379
-0.513381
-0.513384
-0.513386
-0.513389
-0.513392
-0.513395
-0.513398
-0.513402
-0.513406
-0.513409
-0.513413
-0.513417
-0.513422
-0.513426
-0.51343
-0.513435
-0.51344
-0.513444
-0.513449
-0.513454
-0.513459
-0.513464
-0.513469
-0.513474
-0.51348
-0.513485
-0.51349
-0.513495
-0.513501
-0.513506
-0.513511
-0.513517
-0.513522
-0.513527
-0.513532
-0.513537
-0.513542
-0.513547
-0.513552
-0.513557
-0.513562
-0.513566
-0.513571
-0.513575
-0.513579
-0.513584
-0.513588
-0.513591
-0.513595
-0.513599
-0.513602
-0.513605
-0.513608
-0.513611
-0.513614
-0.513616
-0.513619
-0.513621
-0.513623
-0.513625
-0.513626
-0.513627
-0.513628
-0.513629
-0.51363
-0.513631
-0.513631
-0.513631
-0.513631
-0.51363
-0.51363
-0.513629
-0.513628
-0.513627
-0.513625
-0.513624
-0.513622
-0.51362
-0.513618
-0.513615
-0.513613
-0.51361
-0.513607
-0.513604
-0.513601
-0.513597
-0.513594
-0.51359
-0.513586
-0.513582
-0.513578
-0.513574
-0.513569
-0.513565
-0.51356
-0.513555
-0.513551
-0.513546
-0.513541
-0.513536
-0.513531
-0.513525
-0.51352
-0.513515
-0.51351
-0.513505
-0.513499
-0.513494
-0.513489
-0.513484
-0.513478
-0.513473
-0.513468
-0.513463
-0.513458
-0.513453
-0.513448
-0.513444
-0.513439
-0.513434
-0.51343
-0.513426
-0.513421
-0.513417
-0.513413
-0.513409
-0.513406
-0.513402
-0.513399
-0.513396
-0.513393
-0.51339
-0.513387
-0.513385
-0.513382
-0.51338
-0.513378
-0.513377
-0.513375
-0.513374
-0.513373
-0.513372
-0.513371
-0.513371
-0.51337
-0.51337
-0.51337
-0.513371
-0.513371
-0.513372
-0.513373
-0.513374
-0.513376
-0.513377
-0.513379
-0.513381
-0.513383
-0.513386
-0.513388
-0.513391
-0.513394
-0.513397
-0.5134
-0.513403
-0.513407
-0.513411
-0.513415
-0.513419
-0.513423
-0.513427
-0.513431
-0.513436
-0.51344
-0.513445
-0.51345
-0.513455
-0.51346
-0.513465
-0.51347
-0.513475
-0.51348
-0.513485
-0.51349
-0.513495
-0.513501
-0.513506
-0.513511
-0.513516
-0.513521
-0.513526
-0.513531
-0.513536
-0.513541
-0.513546
-0.513551
-0.513556
-0.51356
-0.513565
-0.513569
-0.513574
-0.513578
-0.513582
-0.513586
-0.51359
-0.513593
-0.513597
-0.5136
-0.513603
-0.513606
-0.513609
-0.513612
-0.513614
-0.513617
-0.513619
-0.513621
-0.513622
-0.513624
-0.513625
-0.513626
-0.513627
-0.513628
-0.513628
-0.513629
-0.513629
-0.513628
-0.513628
-0.513628
-0.513627
-0.513626
-0.513625
-0.513623
-0.513622
-0.51362
-0.513618
-0.513616
-0.513614
-0.513611
-0.513608
-0.513605
-0.513602
-0.513599
-0.513596
-0.513592
-0.513589
-0.513585
-0.513581
-0.513577
-0.513573
-0.513568
-0.513564
-0.513559
-0.513555
-0.51355
-0.513545
-0.51354
-0.513535
-0.51353
-0.513525
-0.51352
-0.513515
-0.51351
-0.513505
-0.5135
-0.513494
-0.513489
-0.513484
-0.513479
-0.513474
-0.513469
-0.513464
-0.513459
-0.513454
-0.51345
-0.513445
-0.51344
-0.513436
-0.513431
-0.513427
-0.513423
-0.513419
-0.513415
-0.513411
-0.513408
-0.513404
-0.513401
-0.513398
-0.513395
-0.513392
-0.513389
-0.513387
-0.513385
-0.513382
-0.513381
-0.513379
-0.513377
-0.513376
-0.513375
-0.513374
-0.513373
-0.513373
-0.513373
-0.513373
-0.513373
-0.513373
-0.513374
-0.513374
-0.513375
-0.513376
-0.513378
-0.513379
-0.513381
-0.513383
-0.513385
-0.513387
-0.51339
-0.513393
-0.513395
-0.513398
-0.513402
-0.513405
-0.513408
-0.513412
-0.513416
-0.51342
-0.513424
-0.513428
-0.513432
-0.513437
-0.513441
-0.513446
-0.51345
-0.513455
-0.51346
-0.513465
-0.51347
-0.513475
-0.51348
-0.513485
-0.51349
