-1.3639
-1.3639
-1.3639
-1.3639
-1.3639
-1.3639
-1.36391
-1.36391
-1.36391
-1.36392
-1.36392
-1.36393
-1.36393
-1.36394
-1.36395
-1.36396
-1.36397
-1.36398
-1.36399
-1.364
-1.36402
-1.36403
-1.36405
-1.36406
-1.36408
-1.3641
-1.36411
-1.36413
-1.36415
-1.36418
-1.3642
-1.36422
-1.36424
-1.36427
-1.3643
-1.36432
-1.36435
-1.36438
-1.36441
-1.36444
-1.36447
-1.3645
-1.36454
-1.36457
-1.3646
-1.36464
-1.36468
-1.36471
-1.36475
-1.36479
-1.36483
-1.36487
-1.36491
-1.36495
-1.36499
-1.36503
-1.36508
-1.36512
-1.36516
-1.36521
-1.36525
-1.3653
-1.36535
-1.36539
-1.36544
-1.36549
-1.36553
-1.36558
-1.36563
-1.36568
-1.36572
-1.36577
-1.36582
-1.36587
-1.36592
-1.36597
-1.36602
-1.36607
-1.36612
-1.36616
-1.36621
-1.36626
-1.36631
-1.36636
-1.36641
-1.36645
-1.3665
-1.36655
-1.3666
-1.36664
-1.36669
-1.36674
-1.36678
-1.36683
-1.36687
-1.36691
-1.36696
-1.367
-1.36704
-1.36709
-1.36713
-1.36717
-1.36721
-1.36725
-1.36729
-1.36733
-1.36736
-1.3674
-1.36744
-1.36747
-1.36751
-1.36754
-1.36757
-1.36761
-1.36764
-1.36767
-1.3677
-1.36773
-1.36776
-1.36779
-1.36782
-1.36784
-1.36787
-1.36789
-1.36792
-1.36794
-1.36796
-1.36799
-1.36801
-1.36803
-1.36805
-1.36807
-1.36809
-1.36811
-1.36812
-1.36814
-1.36816
-1.36817
-1.36819
-1.3682
-1.36822
-1.36823
-1.36825
-1.36826
-1.36827
-1.36828
-1.3683
-1.36831
-1.36832
-1.36833
-1.36834
-1.36835
-1.36836
-1.36837
-1.36838
-1.36839
-1.3684
-1.3684
-1.36841
-1.36842
-1.36843
-1.36844
-1.36845
-1.36846
-1.36847
-1.36848
-1.36849
-1.36849
-1.3685
-1.36851
-1.36853
-1.36854
-1.36855
-1.36856
-1.36857
-1.36858
-1.36859
-1.36861
-1.36862
-1.36863
-1.36865
-1.36866
-1.36868
-1.36869
-1.36871
-1.36872
-1.36874
-1.36876
-1.36877
-1.36879
-1.3688
-1.36882
-1.36883
-1.36885
-1.36886
-1.36888
-1.36889
-1.36891
-1.36893
-1.36894
-1.36896
-1.36897
-1.36899
-1.36901
-1.36902
-1.36904
-1.36905
-1.36907
-1.36909
-1.3691
-1.36912
-1.36913
-1.36915
-1.36917
-1.36918
-1.3692
-1.36922
-1.36923
-1.36925
-1.36927
-1.36928
-1.3693
-1.36932
-1.36934
-1.36935
-1.36937
-1.36939
-1.36941
-1.36943
-1.36944
-1.36946
-1.36948
-1.3695
-1.36952
-1.36954
-1.36956
-1.36958
-1.3696
-1.36962
-1.36964
-1.36966
-1.36968
-1.3697
-1.36972
-1.36974
-1.36976
-1.36979
-1.36981
-1.36983
-1.36986
-1.36988
-1.3699
-1.36993
-1.36995
-1.36998
-1.37
-1.37003
-1.37005
-1.37008
-1.37011
-1.37013
-1.37016
-1.37019
-1.37022
-1.37025
-1.37027
-1.3703
-1.37033
-1.37037
-1.3704
-1.37043
-1.37046
-1.37049
-1.37053
-1.37056
-1.37059
-1.37063
-1.37066
-1.3707
-1.37074
-1.37077
-1.37081
-1.37085
-1.37089
-1.37093
-1.37097
-1.37101
-1.37105
-1.37109
-1.37113
-1.37118
-1.37122
-1.37126
-1.37131
-1.37135
-1.3714
-1.37145
-1.3715
-1.37154
-1.37159
-1.37164
-1.37169
-1.37174
-1.37179
-1.37185
-1.3719
-1.37195
-1.37201
-1.37206
-1.37212
-1.37218
-1.37223
-1.37229
-1.37235
-1.37241
-1.37247
-1.37253
-1.37259
-1.37266
-1.37272
-1.37278
-1.37285
-1.37291
-1.37298
-1.37305
-1.37312
-1.37319
-1.37325
-1.37332
-1.3734
-1.37347
-1.37354
-1.37361
-1.37369
-1.37376
-1.37384
-1.37391
-1.37399
-1.37407
-1.37415
-1.37423
-1.37431
-1.37439
-1.37447
-1.37456
-1.37464
-1.37472
-1.37481
-1.37489
-1.37498
-1.37507
-1.37516
-1.37525
-1.37534
-1.37543
-1.37552
-1.37561
-1.37571
-1.3758
-1.3759
-1.37599
-1.37609
-1.37619
-1.37628
-1.37638
-1.37648
-1.37658
-1.37669
-1.37679
-1.37689
-1.377
-1.3771
-1.37721
-1.37731
-1.37742
-1.37753
-1.37764
-1.37775
-1.37786
-1.37797
-1.37809
-1.3782
-1.37831
-1.37843
-1.37855
-1.37866
-1.37878
-1.3789
-1.37902
-1.37914
-1.37926
-1.37939
-1.37951
-1.37964
-1.37976
-1.37989
-1.38002
-1.38014
-1.38027
-1.3804
-1.38054
-1.38067
-1.3808
-1.38094
-1.38107
-1.38121
-1.38134
-1.38148
-1.38162
-1.38176
-1.3819
-1.38204
-1.38219
-1.38233
-1.38248
-1.38262
-1.38277
-1.38292
-1.38307
-1.38322
-1.38337
-1.38352
-1.38368
-1.38383
-1.38399
-1.38414
-1.3843
-1.38446
-1.38462
-1.38478
-1.38494
-1.38511
-1.38527
-1.38544
-1.3856
-1.38577
-1.38594
-1.38611
-1.38628
-1.38645
-1.38662
-1.3868
-1.38697
-1.38715
-1.38733
-1.38751
-1.38769
-1.38787
-1.38805
-1.38823
-1.38842
-1.3886
-1.38879
-1.38898
-1.38917
-1.38936
-1.38955
-1.38974
-1.38993
-1.39013
-1.39032
-1.39052
-1.39072
-1.39092
-1.39112
-1.39132
-1.39152
-1.39172
-1.39193
-1.39213
-1.39234
-1.39255
-1.39276
-1.39297
-1.39318
-1.39339
-1.3936
-1.39382
-1.39403
-1.39425
-1.39446
-1.39468
-1.3949
-1.39512
-1.39534
-1.39557
-1.39579
-1.39601
-1.39624
-1.39647
-1.39669
-1.39692
-1.39715
-1.39738
-1.39761
-1.39785
-1.39808
-1.39831
-1.39855
-1.39878
-1.39902
-1.39926
-1.3995
-1.39974
-1.39998
-1.40022
-1.40046
-1.4007
-1.40095
-1.40119
-1.40144
-1.40168
-1.40193
-1.40218
-1.40243
-1.40268
-1.40293
-1.40318
-1.40343
-1.40368
-1.40393
-1.40419
-1.40444
-1.4047
-1.40495
-1.40521
-1.40547
-1.40572
-1.40598
-1.40624
-1.4065
-1.40676
-1.40702
-1.40728
-1.40754
-1.40781
-1.40807
-1.40833
-1.4086
-1.40886
-1.40912
-1.40939
-1.40966
-1.40992
-1.41019
-1.41046
-1.41072
-1.41099
-1.41126
-1.41153
-1.4118
-1.41207
-1.41234
-1.41261
-1.41288
-1.41315
-1.41342
-1.41369
-1.41396
-1.41423
-1.41451
-1.41478
-1.41505
-1.41533
-1.4156
-1.41587
-1.41615
-1.41642
-1.41669
-1.41697
-1.41724
-1.41752
-1.41779
-1.41807
-1.41834
-1.41862
-1.4189
-1.41917
-1.41945
-1.41972
-1.42
-1.42028
-1.42055
-1.42083
-1.4211
-1.42138
-1.42166
-1.42193
-1.42221
-1.42249
-1.42276
-1.42304
-1.42332
-1.4236
-1.42387
-1.42415
-1.42443
-1.4247
-1.42498
-1.42526
-1.42553
-1.42581
-1.42609
-1.42636
-1.42664
-1.42692
-1.42719
-1.42747
-1.42775
-1.42802
-1.4283
-1.42857
-1.42885
-1.42912
-1.4294
-1.42968
-1.42995
-1.43023
-1.4305
-1.43078
-1.43105
-1.43132
-1.4316
-1.43187
-1.43215
-1.43242
-1.43269
-1.43297
-1.43324
-1.43351
-1.43379
-1.43406
-1.43433
-1.4346
-1.43487
-1.43514
-1.43542
-1.43569
-1.43596
-1.43623
-1.4365
-1.43677
-1.43703
-1.4373
-1.43757
-1.43784
-1.43811
-1.43837
-1.43864
-1.43891
-1.43917
-1.43944
-1.43971
-1.43997
-1.44024
-1.4405
-1.44076
-1.44103
-1.44129
-1.44155
-1.44181
-1.44208
-1.44234
-1.4426
-1.44286
-1.44312
-1.44337
-1.44363
-1.44389
-1.44415
-1.4444
-1.44466
-1.44492
-1.44517
-1.44543
-1.44568
-1.44593
-1.44619
-1.44644
-1.44669
-1.44694
-1.44719
-1.44744
-1.44769
-1.44794
-1.44818
-1.44843
-1.44867
-1.44892
-1.44916
-1.44941
-1.44965
-1.44989
-1.45013
-1.45038
-1.45062
-1.45085
-1.45109
-1.45133
-1.45157
-1.4518
-1.45204
-1.45227
-1.45251
-1.45274
-1.45297
-1.4532
-1.45343
-1.45366
-1.45389
-1.45412
-1.45434
-1.45457
-1.45479
-1.45502
-1.45524
-1.45546
-1.45568
-1.4559
-1.45612
-1.45634
-1.45656
-1.45678
-1.45699
-1.45721
-1.45742
-1.45763
-1.45784
-1.45805
-1.45826
-1.45847
-1.45868
-1.45889
-1.45909
-1.4593
-1.4595
-1.45971
-1.45991
-1.46011
-1.46031
-1.46051
-1.4607
-1.4609
-1.4611
-1.46129
-1.46149
-1.46168
-1.46187
-1.46206
-1.46225
-1.46244
-1.46263
-1.46282
-1.463
-1.46319
-1.46337
-1.46356
-1.46374
-1.46392
-1.4641
-1.46428
-1.46446
-1.46464
-1.46481
-1.46499
-1.46516
-1.46534
-1.46551
-1.46568
-1.46585
-1.46602
-1.46619
-1.46636
-1.46653
-1.46669
-1.46686
-1.46702
-1.46719
-1.46735
-1.46751
-1.46768
-1.46784
-1.468
-1.46815
-1.46831
-1.46847
-1.46863
-1.46878
-1.46894
-1.46909
-1.46925
-1.4694
-1.46955
-1.4697
-1.46985
-1.47
-1.47015
-1.4703
-1.47045
-1.4706
-1.47075
-1.47089
-1.47104
-1.47118
-1.47133
-1.47147
-1.47161
-1.47176
-1.4719
-1.47204
-1.47218
-1.47232
-1.47246
-1.4726
-1.47274
-1.47288
-1.47302
-1.47316
-1.47329
-1.47343
-1.47357
-1.4737
-1.47384
-1.47398
-1.47411
-1.47425
-1.47438
-1.47451
-1.47465
-1.47478
-1.47492
-1.47505
-1.47518
-1.47531
-1.47545
-1.47558
-1.47571
-1.47584
-1.47598
-1.47611
-1.47624
-1.47637
-1.4765
-1.47663
-1.47676
-1.47689
-1.47702
-1.47716
-1.47729
-1.47742
-1.47755
-1.47768
-1.47781
-1.47794
-1.47807
-1.4782
-1.47833
-1.47846
-1.47859
-1.47872
-1.47886
-1.47899
-1.47912
-1.47925
-1.47938
-1.47951
-1.47965
-1.47978
-1.47991
-1.48004
-1.48018
-1.48031
-1.48044
-1.48058
-1.48071
-1.48084
-1.48098
-1.48111
-1.48125
-1.48138
-1.48152
-1.48165
-1.48179
-1.48193
-1.48206
-1.4822
-1.48234
-1.48248
-1.48262
-1.48275
-1.48289
-1.48303
-1.48317
-1.48331
-1.48346
-1.4836
-1.48374
-1.48388
-1.48402
-1.48417
-1.48431
-1.48446
-1.4846
-1.48475
-1.48489
-1.48504
-1.48519
-1.48534
-1.48548
-1.48563
-1.48578
-1.48593
-1.48608
-1.48624
-1.48639
-1.48654
-1.48669
-1.48685
-1.487
-1.48716
-1.48731
-1.48747
-1.48763
-1.48779
-1.48795
-1.4881
-1.48826
-1.48843
-1.48859
-1.48875
-1.48891
-1.48908
-1.48924
-1.48941
-1.48957
-1.48974
-1.48991
-1.49008
-1.49025
-1.49042
-1.49059
-1.49076
-1.49093
-1.4911
-1.49128
-1.49145
-1.49163
-1.4918
-1.49198
-1.49216
-1.49234
-1.49252
-1.4927
-1.49288
-1.49306
-1.49325
-1.49343
-1.49361
-1.4938
-1.49399
-1.49417
-1.49436
-1.49455
-1.49474
-1.49493
-1.49512
-1.49532
-1.49551
-1.4957
-1.4959
-1.49609
-1.49629
-1.49649
-1.49669
-1.49689
-1.49709
-1.49729
-1.49749
-1.49769
-1.4979
-1.4981
-1.49831
-1.49851
-1.49872
-1.49893
-1.49914
-1.49935
-1.49956
-1.49977
-1.49998
-1.50019
-1.50041
-1.50062
-1.50084
-1.50105
-1.50127
-1.50149
-1.50171
-1.50193
-1.50215
-1.50237
-1.50259
-1.50281
-1.50304
-1.50326
-1.50348
-1.50371
-1.50394
-1.50416
-1.50439
-1.50462
-1.50485
-1.50508
-1.50531
-1.50554
-1.50577
-1.50601
-1.50624
-1.50647
-1.50671
-1.50694
-1.50718
-1.50741
-1.50765
-1.50789
-1.50813
-1.50837
-1.50861
-1.50885
-1.50909
-1.50933
-1.50957
-1.50981
-1.51005
-1.5103
-1.51054
-1.51078
-1.51103
-1.51127
-1.51152
-1.51176
-1.51201
-1.51226
-1.5125
-1.51275
-1.513
-1.51325
-1.51349
-1.51374
-1.51399
-1.51424
-1.51449
-1.51474
-1.51499
-1.51524
-1.51549
-1.51574
-1.51599
-1.51624
-1.5165
-1.51675
-1.517
-1.51725
-1.5175
-1.51775
-1.51801
-1.51826
-1.51851
-1.51876
-1.51902
-1.51927
-1.51952
-1.51977
-1.52003
-1.52028
-1.52053
-1.52078
-1.52104
-1.52129
-1.52154
-1.52179
-1.52205
-1.5223
-1.52255
-1.5228
-1.52305
-1.5233
-1.52355
-1.52381
-1.52406
-1.52431
-1.52456
-1.52481
-1.52506
-1.52531
-1.52556
-1.5258
-1.52605
-1.5263
-1.52655
-1.5268
-1.52705
-1.52729
-1.52754
-1.52778
-1.52803
-1.52828
-1.52852
-1.52877
-1.52901
-1.52925
-1.5295
-1.52974
-1.52998
-1.53022
-1.53047
-1.53071
-1.53095
-1.53119
-1.53143
-1.53166
-1.5319
-1.53214
-1.53238
-1.53261
-1.53285
-1.53308
-1.53332
-1.53355
-1.53379
-1.53402
-1.53425
-1.53448
-1.53471
-1.53494
-1.53517
-1.5354
-1.53563
-1.53586
-1.53608
-1.53631
-1.53653
-1.53676
-1.53698
-1.5372
-1.53743
-1.53765
-1.53787
-1.53809
-1.53831
-1.53853
-1.53874
-1.53896
-1.53918
-1.53939
-1.5396
-1.53982
-1.54003
-1.54024
-1.54045
-1.54066
-1.54087
-1.54108
-1.54129
-1.54149
-1.5417
-1.54191
-1.54211
-1.54231
-1.54251
-1.54272
-1.54292
-1.54312
-1.54331
-1.54351
-1.54371
-1.5439
-1.5441
-1.54429
-1.54449
-1.54468
-1.54487
-1.54506
-1.54525
-1.54544
-1.54563
-1.54581
-1.546
-1.54618
-1.54637
-1.54655
-1.54673
-1.54691
-1.54709
-1.54727
-1.54745
-1.54762
-1.5478
-1.54797
-1.54815
-1.54832
-1.54849
-1.54866
-1.54883
-1.549
-1.54917
-1.54934
-1.5495
-1.54967
-1.54983
-1.55
-1.55016
-1.55032
-1.55048
-1.55064
-1.5508
-1.55095
-1.55111
-1.55126
-1.55142
-1.55157
-1.55172
-1.55187
-1.55202
-1.55217
-1.55232
-1.55247
-1.55261
-1.55276
-1.5529
-1.55305
-1.55319
-1.55333
-1.55347
-1.55361
-1.55375
-1.55389
-1.55402
-1.55416
-1.55429
-1.55443
-1.55456
-1.55469
-1.55482
-1.55495
-1.55508
-1.55521
-1.55534
-1.55546
-1.55559
-1.55571
-1.55584
-1.55596
-1.55608
-1.5562
-1.55632
-1.55644
-1.55656
-1.55668
-1.5568
-1.55691
-1.55703
-1.55714
-1.55726
-1.55737
-1.55748
-1.55759
-1.5577
-1.55781
-1.55792
-1.55803
-1.55814
-1.55824
-1.55835
-1.55846
-1.55856
-1.55866
-1.55877
-1.55887
-1.55897
-1.55907
-1.55917
-1.55927
-1.55937
-1.55947
-1.55957
-1.55967
-1.55977
-1.55986
-1.55996
-1.56005
-1.56015
-1.56024
-1.56034
-1.56043
-1.56052
-1.56061
-1.56071
-1.5608
-1.56089
-1.56098
-1.56107
-1.56116
-1.56125
-1.56134
-1.56143
-1.56152
-1.5616
-1.56169
-1.56178
-1.56187
-1.56195
-1.56204
-1.56213
-1.56221
-1.5623
-1.56238
-1.56247
-1.56255
-1.56264
-1.56272
-1.56281
-1.56289
-1.56298
-1.56306
-1.56315
-1.56323
-1.56332
-1.5634
-1.56348
-1.56357
-1.56365
-1.56374
-1.56382
-1.5639
-1.56399
-1.56407
-1.56416
-1.56424
-1.56432
-1.56441
-1.56449
-1.56458
-1.56466
-1.56475
-1.56483
-1.56492
-1.565
-1.56509
-1.56518
-1.56526
-1.56535
-1.56543
-1.56552
-1.56561
-1.56569
-1.56578
-1.56587
-1.56596
-1.56605
-1.56613
-1.56622
-1.56631
-1.5664
-1.56649
-1.56658
-1.56667
-1.56676
-1.56686
-1.56695
-1.56704
-1.56713
-1.56723
-1.56732
-1.56741
-1.56751
-1.5676
-1.5677
-1.56779
-1.56789
-1.56798
-1.56808
-1.56818
-1.56828
-1.56837
-1.56847
-1.56857
-1.56867
-1.56877
-1.56887
-1.56897
-1.56907
-1.56918
-1.56928
-1.56938
-1.56948
-1.56959
-1.56969
-1.5698
-1.5699
-1.57001
-1.57012
-1.57022
-1.57033
-1.57044
-1.57055
-1.57066
-1.57076
-1.57087
-1.57098
-1.5711
-1.57121
-1.57132
-1.57143
-1.57154
-1.57166
-1.57177
-1.57189
-1.572
-1.57212
-1.57223
-1.57235
-1.57246
-1.57258
-1.5727
-1.57282
-1.57293
-1.57305
-1.57317
-1.57329
-1.57341
-1.57353
-1.57365
-1.57377
-1.5739
-1.57402
-1.57414
-1.57426
-1.57439
-1.57451
-1.57463
-1.57476
-1.57488
-1.57501
-1.57513
-1.57526
-1.57539
-1.57551
-1.57564
-1.57577
-1.57589
-1.57602
-1.57615
-1.57628
-1.5764
-1.57653
-1.57666
-1.57679
-1.57692
-1.57705
-1.57718
-1.57731
-1.57744
-1.57757
-1.5777
-1.57783
-1.57796
-1.57809
-1.57822
-1.57835
-1.57848
-1.57861
-1.57875
-1.57888
-1.57901
-1.57914
-1.57927
-1.5794
-1.57954
-1.57967
-1.5798
-1.57993
-1.58006
-1.5802
-1.58033
-1.58046
-1.58059
-1.58072
-1.58086
-1.58099
-1.58112
-1.58125
-1.58138
-1.58152
-1.58165
-1.58178
-1.58191
-1.58204
-1.58217
-1.5823
-1.58243
-1.58256
-1.5827
-1.58283
-1.58296
-1.58309
-1.58322
-1.58335
-1.58348
-1.5836
-1.58373
-1.58386
-1.58399
-1.58412
-1.58425
-1.58438
-1.5845
-1.58463
-1.58476
-1.58489
-1.58501
-1.58514
-1.58526
-1.58539
-1.58552
-1.58564
-1.58577
-1.58589
-1.58601
-1.58614
-1.58626
-1.58639
-1.58651
-1.58663
-1.58675
-1.58687
-1.587
-1.58712
-1.58724
-1.58736
-1.58748
-1.5876
-1.58772
-1.58783
-1.58795
-1.58807
-1.58819
-1.5883
-1.58842
-1.58854
-1.58865
-1.58877
-1.58888
-1.589
-1.58911
-1.58922
-1.58933
-1.58945
-1.58956
-1.58967
-1.58978
-1.58989
-1.59
-1.59011
-1.59022
-1.59033
-1.59043
-1.59054
-1.59065
-1.59075
-1.59086
-1.59097
-1.59107
-1.59117
-1.59128
-1.59138
-1.59148
-1.59158
-1.59169
-1.59179
-1.59189
-1.59199
-1.59209
-1.59218
-1.59228
-1.59238
-1.59248
-1.59257
-1.59267
-1.59276
-1.59286
-1.59295
-1.59305
-1.59314
-1.59323
-1.59332
-1.59341
-1.59351
-1.5936
-1.59369
-1.59377
-1.59386
-1.59395
-1.59404
-1.59412
-1.59421
-1.59429
-1.59438
-1.59446
-1.59455
-1.59463
-1.59471
-1.59479
-1.59488
-1.59496
-1.59504
-1.59512
-1.5952
-1.59527
-1.59535
-1.59543
-1.59551
-1.59558
-1.59566
-1.59573
-1.59581
-1.59588
-1.59595
-1.59603
-1.5961
-1.59617
-1.59624
-1.59631
-1.59638
-1.59645
-1.59652
-1.59659
-1.59665
-1.59672
-1.59679
-1.59685
-1.59692
-1.59698
-1.59705
-1.59711
-1.59717
-1.59723
-1.5973
-1.59736
-1.59742
-1.59748
-1.59754
-1.5976
-1.59766
-1.59771
-1.59777
-1.59783
-1.59789
-1.59794
-1.598
-1.59805
-1.59811
-1.59816
-1.59821
-1.59827
-1.59832
-1.59837
-1.59842
-1.59847
-1.59852
-1.59857
-1.59862
-1.59867
-1.59872
-1.59877
-1.59882
-1.59887
-1.59891
-1.59896
-1.599
-1.59905
-1.59909
-1.59914
-1.59918
-1.59923
-1.59927
-1.59931
-1.59936
-1.5994
-1.59944
-1.59948
-1.59952
-1.59956
-1.5996
-1.59964
-1.59968
-1.59972
-1.59976
-1.5998
-1.59983
-1.59987
-1.59991
-1.59994
-1.59998
-1.60002
-1.60005
-1.60009
-1.60012
-1.60016
-1.60019
-1.60023
-1.60026
-1.60029
-1.60033
-1.60036
-1.60039
-1.60042
-1.60045
-1.60049
-1.60052
-1.60055
-1.60058
-1.60061
-1.60064
-1.60067
-1.6007
-1.60073
-1.60076
-1.60079
-1.60081
-1.60084
-1.60087
-1.6009
-1.60093
-1.60095
-1.60098
-1.60101
-1.60104
-1.60106
-1.60109
-1.60112
-1.60114
-1.60117
-1.60119
-1.60122
-1.60124
-1.60127
-1.6013
-1.60132
-1.60135
-1.60137
-1.6014
-1.60142
-1.60144
-1.60147
-1.60149
-1.60152
-1.60154
-1.60156
-1.60159
-1.60161
-1.60164
-1.60166
-1.60168
-1.60171
-1.60173
-1.60175
-1.60178
-1.6018
-1.60182
-1.60185
-1.60187
-1.60189
-1.60192
-1.60194
-1.60196
-1.60199
-1.60201
-1.60203
-1.60206
-1.60208
-1.6021
-1.60213
-1.60215
-1.60217
-1.6022
-1.60222
-1.60224
-1.60227
-1.60229
-1.60231
-1.60234
-1.60236
-1.60239
-1.60241
-1.60243
-1.60246
-1.60248
-1.60251
-1.60253
-1.60256
-1.60258
-1.60261
-1.60263
-1.60266
-1.60268
-1.60271
-1.60274
-1.60276
-1.60279
-1.60281
-1.60284
-1.60287
-1.6029
-1.60292
-1.60295
-1.60298
-1.60301
-1.60304
-1.60306
-1.60309
-1.60312
-1.60315
-1.60318
-1.60321
-1.60324
-1.60327
-1.6033
-1.60333
-1.60337
-1.6034
-1.60343
-1.60346
-1.6035
-1.60353
-1.60356
-1.6036
-1.60363
-1.60366
-1.6037
-1.60374
-1.60377
-1.60381
-1.60384
-1.60388
-1.60392
-1.60396
-1.60399
-1.60403
-1.60407
-1.60411
-1.60415
-1.60419
-1.60423
-1.60427
-1.60432
-1.60436
-1.6044
-1.60444
-1.60449
-1.60453
-1.60458
-1.60462
-1.60467
-1.60471
-1.60476
-1.60481
-1.60485
-1.6049
-1.60495
-1.605
-1.60505
-1.6051
-1.60515
-1.6052
-1.60526
-1.60531
-1.60536
-1.60542
-1.60547
-1.60553
-1.60558
-1.60564
-1.60569
-1.60575
-1.60581
-1.60587
-1.60593
-1.60599
-1.60605
-1.60611
-1.60617
-1.60623
-1.6063
-1.60636
-1.60642
-1.60649
-1.60656
-1.60662
-1.60669
-1.60676
-1.60683
-1.60689
-1.60696
-1.60703
-1.60711
-1.60718
-1.60725
-1.60732
-1.6074
-1.60747
-1.60755
-1.60762
-1.6077
-1.60778
-1.60785
-1.60793
-1.60801
-1.60809
-1.60817
-1.60825
-1.60834
-1.60842
-1.6085
-1.60859
-1.60867
-1.60876
-1.60885
-1.60893
-1.60902
-1.60911
-1.6092
-1.60929
-1.60938
-1.60947
-1.60956
-1.60966
-1.60975
-1.60984
-1.60994
-1.61004
-1.61013
-1.61023
-1.61033
-1.61043
-1.61053
-1.61063
-1.61073
-1.61083
-1.61093
-1.61103
-1.61114
-1.61124
-1.61135
-1.61145
-1.61156
-1.61167
-1.61177
-1.61188
-1.61199
-1.6121
-1.61221
-1.61232
-1.61244
-1.61255
-1.61266
-1.61278
-1.61289
-1.61301
-1.61312
-1.61324
-1.61336
-1.61348
-1.6136
-1.61371
-1.61383
-1.61396
-1.61408
-1.6142
-1.61432
-1.61445
-1.61457
-1.61469
-1.61482
-1.61495
-1.61507
-1.6152
-1.61533
-1.61546
-1.61558
-1.61571
-1.61584
-1.61598
-1.61611
-1.61624
-1.61637
-1.6165
-1.61664
-1.61677
-1.61691
-1.61704
-1.61718
-1.61732
-1.61745
-1.61759
-1.61773
-1.61787
-1.61801
-1.61815
-1.61829
-1.61843
-1.61857
-1.61871
-1.61885
-1.619
-1.61914
-1.61928
-1.61943
-1.61957
-1.61972
-1.61986
-1.62001
-1.62015
-1.6203
-1.62045
-1.62059
-1.62074
-1.62089
-1.62104
-1.62119
-1.62134
-1.62149
-1.62164
-1.62179
-1.62194
-1.62209
-1.62224
-1.6224
-1.62255
-1.6227
-1.62285
-1.62301
-1.62316
-1.62332
-1.62347
-1.62362
-1.62378
-1.62393
-1.62409
-1.62424
-1.6244
-1.62456
-1.62471
-1.62487
-1.62503
-1.62518
-1.62534
-1.6255
-1.62565
-1.62581
-1.62597
-1.62613
-1.62629
-1.62644
-1.6266
-1.62676
-1.62692
-1.62708
-1.62724
-1.6274
-1.62756
-1.62772
-1.62788
-1.62803
-1.62819
-1.62835
-1.62851
-1.62867
-1.62883
-1.62899
-1.62915
-1.62931
-1.62947
-1.62963
-1.62979
-1.62995
-1.63011
-1.63027
-1.63043
-1.63059
-1.63075
-1.63091
-1.63107
-1.63123
-1.63139
-1.63154
-1.6317
-1.63186
-1.63202
-1.63218
-1.63234
-1.6325
-1.63266
-1.63281
-1.63297
-1.63313
-1.63329
-1.63345
-1.6336
-1.63376
-1.63392
-1.63407
-1.63423
-1.63439
-1.63454
-1.6347
-1.63486
-1.63501
-1.63517
-1.63532
-1.63548
-1.63563
-1.63579
-1.63594
-1.6361
-1.63625
-1.6364
-1.63656
-1.63671
-1.63686
-1.63702
-1.63717
-1.63732
-1.63747
-1.63763
-1.63778
-1.63793
-1.63808
-1.63823
-1.63838
-1.63853
-1.63868
-1.63883
-1.63898
-1.63913
-1.63927
-1.63942
-1.63957
-1.63972
-1.63986
-1.64001
-1.64016
-1.6403
-1.64045
-1.6406
-1.64074
-1.64089
-1.64103
-1.64118
-1.64132
-1.64146
-1.64161
-1.64175
-1.64189
-1.64204
-1.64218
-1.64232
-1.64246
-1.6426
-1.64275
-1.64289
-1.64303
-1.64317
-1.64331
-1.64345
-1.64359
-1.64373
-1.64386
-1.644
-1.64414
-1.64428
-1.64442
-1.64455
-1.64469
-1.64483
-1.64496
-1.6451
-1.64524
-1.64537
-1.64551
-1.64564
-1.64578
-1.64591
-1.64605
-1.64618
-1.64632
-1.64645
-1.64658
-1.64672
-1.64685
-1.64698
-1.64712
-1.64725
-1.64738
-1.64751
-1.64765
-1.64778
-1.64791
-1.64804
-1.64817
-1.6483
-1.64843
-1.64857
-1.6487
-1.64883
-1.64896
-1.64909
-1.64922
-1.64935
-1.64948
-1.64961
-1.64974
-1.64986
-1.64999
-1.65012
-1.65025
-1.65038
-1.65051
-1.65064
-1.65077
-1.6509
-1.65102
-1.65115
-1.65128
-1.65141
-1.65154
-1.65166
-1.65179
-1.65192
-1.65205
-1.65218
-1.6523
-1.65243
-1.65256
-1.65269
-1.65281
-1.65294
-1.65307
-1.6532
-1.65332
-1.65345
-1.65358
-1.65371
-1.65383
-1.65396
-1.65409
-1.65421
-1.65434
-1.65447
-1.6546
-1.65472
-1.65485
-1.65498
-1.65511
-1.65523
-1.65536
-1.65549
-1.65561
-1.65574
-1.65587
-1.65599
-1.65612
-1.65625
-1.65638
-1.6565
-1.65663
-1.65676
-1.65688
-1.65701
-1.65714
-1.65727
-1.65739
-1.65752
-1.65765
-1.65777
-1.6579
-1.65803
-1.65816
-1.65828
-1.65841
-1.65854
-1.65866
-1.65879
-1.65892
-1.65904
-1.65917
-1.6593
-1.65943
-1.65955
-1.65968
-1.65981
-1.65993
-1.66006
-1.66019
-1.66031
-1.66044
-1.66057
-1.66069
-1.66082
-1.66094
-1.66107
-1.6612
-1.66132
-1.66145
-1.66157
-1.6617
-1.66183
-1.66195
-1.66208
-1.6622
-1.66233
-1.66245
-1.66258
-1.6627
-1.66283
-1.66295
-1.66308
-1.6632
-1.66333
-1.66345
-1.66357
-1.6637
-1.66382
-1.66394
-1.66407
-1.66419
-1.66431
-1.66443
-1.66456
-1.66468
-1.6648
-1.66492
-1.66504
-1.66516
-1.66529
-1.66541
-1.66553
-1.66565
-1.66577
-1.66589
-1.66601
-1.66612
-1.66624
-1.66636
-1.66648
-1.6666
-1.66671
-1.66683
-1.66695
-1.66706
-1.66718
-1.6673
-1.66741
-1.66753
-1.66764
-1.66776
-1.66787
-1.66798
-1.6681
-1.66821
-1.66832
-1.66843
-1.66855
-1.66866
-1.66877
-1.66888
-1.66899
-1.6691
-1.6692
-1.66931
-1.66942
-1.66953
-1.66964
-1.66974
-1.66985
-1.66995
-1.67006
-1.67016
-1.67027
-1.67037
-1.67047
-1.67058
-1.67068
-1.67078
-1.67088
-1.67098
-1.67108
-1.67118
-1.67128
-1.67138
-1.67147
-1.67157
-1.67167
-1.67176
-1.67186
-1.67195
-1.67205
-1.67214
-1.67223
-1.67232
-1.67242
-1.67251
-1.6726
-1.67269
-1.67278
-1.67286
-1.67295
-1.67304
-1.67313
-1.67321
-1.6733
-1.67338
-1.67347
-1.67355
-1.67363
-1.67371
-1.67379
-1.67387
-1.67395
-1.67403
-1.67411
-1.67419
-1.67427
-1.67434
-1.67442
-1.67449
-1.67457
-1.67464
-1.67472
-1.67479
-1.67486
-1.67493
-1.675
-1.67507
-1.67514
-1.67521
-1.67528
-1.67534
-1.67541
-1.67547
-1.67554
-1.6756
-1.67567
-1.67573
-1.67579
-1.67585
-1.67591
-1.67597
-1.67603
-1.67609
-1.67615
-1.6762
-1.67626
-1.67631
-1.67637
-1.67642
-1.67648
-1.67653
-1.67658
-1.67663
-1.67668
-1.67673
-1.67678
-1.67683
-1.67688
-1.67693
-1.67697
-1.67702
-1.67706
-1.67711
-1.67715
-1.6772
-1.67724
-1.67728
-1.67732
-1.67736
-1.6774
-1.67744
-1.67748
-1.67752
-1.67756
-1.67759
-1.67763
-1.67767
-1.6777
-1.67773
-1.67777
-1.6778
-1.67783
-1.67787
-1.6779
-1.67793
-1.67796
-1.67799
-1.67802
-1.67805
-1.67807
-1.6781
-1.67813
-1.67815
-1.67818
-1.6782
-1.67823
-1.67825
-1.67828
-1.6783
-1.67832
-1.67834
-1.67837
-1.67839
-1.67841
-1.67843
-1.67845
-1.67847
-1.67849
-1.6785
-1.67852
-1.67854
-1.67856
-1.67857
-1.67859
-1.6786
-1.67862
-1.67863
-1.67865
-1.67866
-1.67868
-1.67869
-1.6787
-1.67871
-1.67873
-1.67874
-1.67875
-1.67876
-1.67877
-1.67878
-1.67879
-1.6788
-1.67881
-1.67882
-1.67883
-1.67884
-1.67884
-1.67885
-1.67886
-1.67887
-1.67887
-1.67888
-1.67889
-1.67889
-1.6789
-1.67891
-1.67891
-1.67892
-1.67892
-1.67893
-1.67893
-1.67894
-1.67894
-1.67894
-1.67895
-1.67895
-1.67896
-1.67896
-1.67896
-1.67896
-1.67897
-1.67897
-1.67897
-1.67898
-1.67898
-1.67898
-1.67898
-1.67898
-1.67899
-1.67899
-1.67899
-1.67899
-1.67899
-1.67899
-1.67899
-1.679
-1.679
-1.679
-1.679
-1.679
-1.679
-1.679
-1.679
-1.679
-1.679
-1.679
-1.679
-1.679
-1.679
-1.679
-1.679
-1.679
-1.679
-1.679
-1.679
-1.679
-1.679
-1.679
-1.679
-1.679
-1.679
-1.679
-1.679
-1.679
-1.679
-1.679
-1.679
-1.679
-1.679
-1.679
-1.679
-1.679
-1.679
-1.679
-1.679
-1.679
-1.679
-1.679
-1.679
-1.679
-1.679
-1.679
-1.679
-1.679
-1.679
-1.679
-1.679
-1.679
-1.679
-1.679
-1.679
-1.679
-1.679
-1.679
-1.679
-1.679
-1.679
-1.679
-1.679
-1.679
-1.679
-1.679
-1.679
-1.679
-1.679
-1.679
-1.679
-1.679
-1.679
-1.679
-1.679
-1.679
-1.679
-1.679
-1.679
-1.679
-1.679
-1.67901
-1.67901
-1.67901
-1.67901
-1.67901
-1.67901
-1.67901
-1.67901
-1.67901
-1.67901
-1.67901
-1.67901
-1.67901
-1.67901
-1.67901
-1.67901
-1.67901
-1.67901
-1.67901
-1.67901
-1.67901
-1.67901
-1.67901
-1.67901
-1.67901
-1.67901
-1.67901
-1.67901
-1.67901
-1.67901
-1.67901
-1.67901
-1.67901
-1.67901
-1.67901
-1.67901
-1.67901
-1.67901
-1.67901
-1.67901
-1.67901
-1.67901
-1.67901
-1.67901
-1.67901
-1.67901
-1.67901
-1.67901
-1.67901
-1.67901
-1.67901
-1.67901
-1.67901
-1.67901
-1.67901
-1.67901
-1.67901
-1.67901
-1.679
-1.679
-1.679
-1.679
-1.679
-1.679
-1.679
-1.679
-1.679
-1.679
-1.679
-1.679
-1.679
-1.679
-1.679
-1.679
-1.679
-1.679
-1.679
-1.679
-1.67899
-1.67899
-1.67899
-1.67899
-1.67899
-1.67899
-1.67899
-1.67899
-1.67899
-1.67899
-1.67899
-1.67899
-1.67899
-1.67899
-1.67899
-1.67899
-1.67899
-1.67899
-1.67898
-1.67898
-1.67898
-1.67898
-1.67898
-1.67898
-1.67898
-1.67898
-1.67898
-1.67898
-1.67898
-1.67898
-1.67898
-1.67898
-1.67898
-1.67898
-1.67898
-1.67898
-1.67898
-1.67898
-1.67898
-1.67898
-1.67898
-1.67898
-1.67898
-1.67898
-1.67897
-1.67897
-1.67897
-1.67897
-1.67897
-1.67897
-1.67897
-1.67897
-1.67897
-1.67897
-1.67897
-1.67897
-1.67897
-1.67897
-1.67897
-1.67897
-1.67897
-1.67897
-1.67897
-1.67897
-1.67897
-1.67897
-1.67897
-1.67897
-1.67897
-1.67897
-1.67897
-1.67898
-1.67898
-1.67898
-1.67898
-1.67898
-1.67898
-1.67898
-1.67898
-1.67898
-1.67898
-1.67898
-1.67898
-1.67898
-1.67898
-1.67898
-1.67898
-1.67898
-1.67898
-1.67898
-1.67898
-1.67898
-1.67898
-1.67898
-1.67898
-1.67898
-1.67898
-1.67898
-1.67898
-1.67898
-1.67898
-1.67898
-1.67898
-1.67898
-1.67898
-1.67898
-1.67898
-1.67898
-1.67898
-1.67898
-1.67898
-1.67898
-1.67898
-1.67898
-1.67898
-1.67898
-1.67898
-1.67898
-1.67898
-1.67898
-1.67898
-1.67898
-1.67898
-1.67898
-1.67898
-1.67898
-1.67898
-1.67898
-1.67898
-1.67898
-1.67898
-1.67898
-1.67898
-1.67898
-1.67898
-1.67898
-1.67898
-1.67898
-1.67898
-1.67898
-1.67898
-1.67898
-1.67898
-1.67898
-1.67898
-1.67898
-1.67898
-1.67897
-1.67897
-1.67897
-1.67897
-1.67897
-1.67897
-1.67897
-1.67897
-1.67897
-1.67897
-1.67897
-1.67897
-1.67897
-1.67896
-1.67896
-1.67896
-1.67896
-1.67896
-1.67896
-1.67896
-1.67896
-1.67896
-1.67896
-1.67896
-1.67895
-1.67895
-1.67895
-1.67895
-1.67895
-1.67895
-1.67895
-1.67895
-1.67895
-1.67894
-1.67894
-1.67894
-1.67894
-1.67894
-1.67894
-1.67894
-1.67894
-1.67894
-1.67894
-1.67893
-1.67893
-1.67893
-1.67893
-1.67893
-1.67893
-1.67893
-1.67893
-1.67893
-1.67892
-1.67892
-1.67892
-1.67892
-1.67892
-1.67892
-1.67892
-1.67892
-1.67892
-1.67892
-1.67891
-1.67891
-1.67891
-1.67891
-1.67891
-1.67891
-1.67891
-1.67891
-1.67891
-1.67891
-1.67891
-1.6789
-1.6789
-1.6789
-1.6789
-1.6789
-1.6789
-1.6789
-1.6789
-1.6789
-1.6789
-1.6789
-1.6789
-1.6789
-1.6789
-1.6789
-1.6789
-1.6789
-1.67889
-1.67889
-1.67889
-1.67889
-1.67889
-1.67889
-1.67889
-1.67889
-1.67889
-1.67889
-1.67889
-1.67889
-1.67889
-1.67889
-1.67889
-1.67889
-1.67889
-1.67889
-1.67889
-1.67889
-1.67889
-1.67889
-1.67889
-1.67889
-1.67889
-1.67889
-1.67889
-1.67889
-1.67889
-1.67889
-1.67889
-1.67889
-1.67889
-1.67889
-1.67889
-1.67889
-1.67889
-1.67889
-1.67889
-1.67889
-1.67889
-1.67889
-1.67889
-1.67889
-1.67889
-1.67889
-1.67889
-1.67889
-1.67889
-1.67889
-1.67889
-1.67889
-1.67889
-1.67889
-1.67889
-1.67889
-1.67889
-1.67889
-1.67889
-1.67889
-1.67889
-1.67889
-1.67889
-1.67889
-1.67889
-1.67889
-1.6789
-1.6789
-1.6789
-1.6789
-1.6789
-1.6789
-1.6789
-1.6789
-1.6789
-1.6789
-1.6789
-1.6789
-1.6789
-1.6789
-1.6789
-1.6789
-1.6789
-1.6789
-1.6789
-1.6789
-1.6789
-1.6789
-1.6789
-1.6789
-1.6789
-1.6789
-1.6789
-1.6789
-1.6789
-1.6789
-1.6789
-1.6789
-1.6789
-1.6789
-1.6789
-1.6789
-1.6789
-1.6789
-1.67889
-1.67889
-1.67889
-1.67889
-1.67889
-1.67889
-1.67889
-1.67889
-1.67889
-1.67889
-1.67889
-1.67889
-1.67889
-1.67889
-1.67889
-1.67889
-1.67889
-1.67889
-1.67889
-1.67889
-1.67889
-1.67889
-1.67889
-1.67889
-1.67889
-1.67889
-1.67889
-1.67889
-1.67889
-1.67889
-1.67889
-1.67889
-1.67889
-1.67889
-1.67889
-1.67889
-1.67889
-1.67889
-1.67889
-1.67889
-1.67889
-1.67888
-1.67888
-1.67888
-1.67888
-1.67888
-1.67888
-1.67888
-1.67888
-1.67888
-1.67888
-1.67888
-1.67888
-1.67888
-1.67888
-1.67888
-1.67888
-1.67888
-1.67888
-1.67888
-1.67888
-1.67888
-1.67888
-1.67888
-1.67888
-1.67888
-1.67888
-1.67888
-1.67888
-1.67888
-1.67888
-1.67888
-1.67888
-1.67888
-1.67888
-1.67888
-1.67888
-1.67888
-1.67888
-1.67888
-1.67888
-1.67888
-1.67888
-1.67888
-1.67888
-1.67888
-1.67888
-1.67888
-1.67888
-1.67888
-1.67888
-1.67889
-1.67889
-1.67889
-1.67889
-1.67889
-1.67889
-1.67889
-1.67889
-1.67889
-1.67889
-1.67889
-1.67889
-1.67889
-1.67889
-1.67889
-1.67889
-1.67889
-1.67889
-1.67889
-1.67889
-1.67889
-1.67889
-1.67889
-1.67889
-1.67889
-1.67889
-1.67889
-1.67889
-1.67889
-1.67889
-1.67889
-1.67889
-1.67889
-1.6789
-1.6789
-1.6789
-1.6789
-1.6789
-1.6789
-1.6789
-1.6789
-1.6789
-1.6789
-1.6789
-1.6789
-1.6789
-1.6789
-1.6789
-1.6789
-1.6789
-1.6789
-1.6789
-1.6789
-1.6789
-1.6789
-1.6789
-1.6789
-1.6789
-1.6789
-1.6789
-1.6789
-1.6789
-1.6789
-1.6789
-1.6789
-1.6789
-1.6789
-1.6789
-1.6789
-1.6789
-1.6789
-1.6789
-1.6789
-1.6789
-1.6789
-1.6789
-1.6789
-1.6789
-1.6789
-1.6789
-1.6789
-1.6789
-1.6789
-1.6789
-1.6789
-1.6789
-1.6789
-1.6789
-1.6789
-1.6789
-1.6789
-1.6789
-1.6789
-1.6789
-1.6789
-1.6789
-1.6789
-1.6789
-1.6789
-1.6789
-1.6789
-1.6789
-1.6789
-1.6789
-1.6789
-1.6789
-1.6789
-1.6789
-1.6789
-1.67889
-1.67889
-1.67889
-1.67889
-1.67889
-1.67889
-1.67889
-1.67889
-1.67889
-1.67889
-1.67889
-1.67889
-1.67889
-1.67889
-1.67889
-1.67889
-1.67889
-1.67889
-1.67889
-1.67889
-1.67889
-1.67889
-1.67889
-1.67889
-1.67889
-1.67889
-1.67889
-1.67889
-1.67889
-1.67889
-1.67889
-1.67889
-1.67889
-1.67889
-1.67889
-1.67889
-1.67889
-1.67889
-1.67889
-1.67889
-1.67889
-1.67889
-1.67889
-1.67889
-1.67889
-1.67889
-1.67889
-1.67889
-1.67889
-1.67889
-1.67889
-1.67889
-1.67889
-1.67889
-1.67889
-1.67889
-1.67889
-1.67889
-1.67889
-1.67889
-1.67889
-1.67889
-1.67889
-1.67889
-1.67889
-1.67889
-1.67889
-1.67889
-1.67889
-1.67889
-1.67889
-1.67889
-1.67889
-1.67889
-1.67889
-1.67889
-1.67889
-1.67889
-1.67889
-1.67889
-1.67889
-1.67889
-1.67889
-1.67889
-1.67889
-1.67889
-1.67889
-1.67889
-1.67889
-1.67889
-1.67889
-1.67889
-1.6789
-1.6789
-1.6789
-1.6789
-1.6789
-1.6789
-1.6789
-1.6789
-1.6789
-1.6789
-1.6789
-1.6789
-1.6789
-1.6789
-1.6789
-1.6789
-1.6789
-1.6789
-1.6789
-1.6789
-1.6789
-1.6789
-1.6789
-1.6789
-1.6789
-1.6789
-1.6789
-1.6789
-1.6789
-1.6789
-1.6789
-1.6789
-1.6789
-1.6789
-1.6789
-1.6789
-1.6789
-1.6789
-1.6789
-1.6789
-1.6789
-1.6789
-1.6789
-1.6789
-1.6789
-1.6789
-1.6789
-1.6789
-1.6789
-1.6789
-1.6789
-1.6789
-1.6789
-1.6789
-1.67889
-1.67889
-1.67889
-1.67889
-1.67889
-1.67889
-1.67889
-1.67889
-1.67889
-1.67889
-1.67889
-1.67889
-1.67889
-1.67889
-1.67889
-1.67889
-1.67889
-1.67889
-1.67889
-1.67889
-1.67888
-1.67888
-1.67888
-1.67888
-1.67888
-1.67888
-1.67888
-1.67888
-1.67888
-1.67888
-1.67888
-1.67888
-1.67888
-1.67888
-1.67888
-1.67887
-1.67887
-1.67887
-1.67887
-1.67887
-1.67887
-1.67887
-1.67887
-1.67887
-1.67887
-1.67887
-1.67887
-1.67887
-1.67886
-1.67886
-1.67886
-1.67886
-1.67886
-1.67886
-1.67886
-1.67886
-1.67886
-1.67886
-1.67886
-1.67886
-1.67886
-1.67885
-1.67885
-1.67885
-1.67885
-1.67885
-1.67885
-1.67885
-1.67885
-1.67885
-1.67885
-1.67885
-1.67885
-1.67885
-1.67885
-1.67885
-1.67884
-1.67884
-1.67884
-1.67884
-1.67884
-1.67884
-1.67884
-1.67884
-1.67884
-1.67884
-1.67884
-1.67884
-1.67884
-1.67884
-1.67884
-1.67884
-1.67884
-1.67884
-1.67884
-1.67884
-1.67884
-1.67884
-1.67884
-1.67884
-1.67884
-1.67884
-1.67884
-1.67884
-1.67884
-1.67884
-1.67884
-1.67884
-1.67884
-1.67884
-1.67884
-1.67884
-1.67884
-1.67884
-1.67884
-1.67884
-1.67884
-1.67884
-1.67884
-1.67884
-1.67884
-1.67884
-1.67885
-1.67885
-1.67885
-1.67885
-1.67885
-1.67885
-1.67885
-1.67885
-1.67885
-1.67886
-1.67886
-1.67886
-1.67886
-1.67886
-1.67886
-1.67887
-1.67887
-1.67887
-1.67887
-1.67887
-1.67888
-1.67888
-1.67888
-1.67888
-1.67889
-1.67889
-1.67889
-1.67889
-1.6789
-1.6789
-1.6789
-1.67891
-1.67891
-1.67891
-1.67892
-1.67892
-1.67892
-1.67893
-1.67893
-1.67894
-1.67894
-1.67894
-1.67895
-1.67895
-1.67896
-1.67896
-1.67897
-1.67897
-1.67898
-1.67898
-1.67899
-1.67899
-1.679
-1.67901
-1.67901
-1.67902
-1.67902
-1.67903
-1.67904
-1.67904
-1.67905
-1.67906
-1.67906
-1.67907
-1.67908
-1.67909
-1.6791
-1.6791
-1.67911
-1.67912
-1.67913
-1.67914
-1.67915
-1.67916
-1.67916
-1.67917
-1.67918
-1.67919
-1.6792
-1.67921
-1.67922
-1.67923
-1.67924
-1.67926
-1.67927
-1.67928
-1.67929
-1.6793
-1.67931
-1.67932
-1.67934
-1.67935
-1.67936
-1.67938
-1.67939
-1.6794
-1.67941
-1.67943
-1.67944
-1.67946
-1.67947
-1.67949
-1.6795
-1.67952
-1.67953
-1.67955
-1.67956
-1.67958
-1.67959
-1.67961
-1.67963
-1.67964
-1.67966
-1.67968
-1.67969
-1.67971
-1.67973
-1.67975
-1.67976
-1.67978
-1.6798
-1.67982
-1.67984
-1.67986
-1.67988
-1.6799
-1.67992
-1.67994
-1.67996
-1.67998
-1.68
-1.68002
-1.68004
-1.68006
-1.68008
-1.6801
-1.68012
-1.68014
-1.68017
-1.68019
-1.68021
-1.68023
-1.68026
-1.68028
-1.6803
-1.68032
-1.68035
-1.68037
-1.6804
-1.68042
-1.68044
-1.68047
-1.68049
-1.68052
-1.68054
-1.68056
-1.68059
-1.68061
-1.68064
-1.68066
-1.68069
-1.68072
-1.68074
-1.68077
-1.68079
-1.68082
-1.68084
-1.68087
-1.6809
-1.68092
-1.68095
-1.68098
-1.681
-1.68103
-1.68105
-1.68108
-1.68111
-1.68114
-1.68116
-1.68119
-1.68122
-1.68124
-1.68127
-1.6813
-1.68132
-1.68135
-1.68138
-1.68141
-1.68143
-1.68146
-1.68149
-1.68152
-1.68154
-1.68157
-1.6816
-1.68162
-1.68165
-1.68168
-1.68171
-1.68173
-1.68176
-1.68179
-1.68182
-1.68184
-1.68187
-1.6819
-1.68192
-1.68195
-1.68198
-1.682
-1.68203
-1.68206
-1.68208
-1.68211
-1.68214
-1.68216
-1.68219
-1.68222
-1.68224
-1.68227
-1.68229
-1.68232
-1.68234
-1.68237
-1.6824
-1.68242
-1.68245
-1.68247
-1.6825
-1.68252
-1.68255
-1.68257
-1.6826
-1.68262
-1.68264
-1.68267
-1.68269
-1.68272
-1.68274
-1.68276
-1.68279
-1.68281
-1.68283
-1.68285
-1.68288
-1.6829
-1.68292
-1.68294
-1.68297
-1.68299
-1.68301
-1.68303
-1.68305
-1.68307
-1.68309
-1.68312
-1.68314
-1.68316
-1.68318
-1.6832
-1.68322
-1.68324
-1.68326
-1.68328
-1.68329
-1.68331
-1.68333
-1.68335
-1.68337
-1.68339
-1.68341
-1.68342
-1.68344
-1.68346
-1.68348
-1.68349
-1.68351
-1.68353
-1.68354
-1.68356
-1.68357
-1.68359
-1.68361
-1.68362
-1.68364
-1.68365
-1.68367
-1.68368
-1.6837
-1.68371
-1.68373
-1.68374
-1.68375
-1.68377
-1.68378
-1.68379
-1.68381
-1.68382
-1.68383
-1.68385
-1.68386
-1.68387
-1.68388
-1.68389
-1.68391
-1.68392
-1.68393
-1.68394
-1.68395
-1.68396
-1.68397
-1.68398
-1.68399
-1.684
-1.68401
-1.68402
-1.68403
-1.68404
-1.68405
-1.68406
-1.68407
-1.68408
-1.68409
-1.6841
-1.68411
-1.68411
-1.68412
-1.68413
-1.68414
-1.68415
-1.68415
-1.68416
-1.68417
-1.68418
-1.68418
-1.68419
-1.6842
-1.6842
-1.68421
-1.68422
-1.68422
-1.68423
-1.68424
-1.68424
-1.68425
-1.68425
-1.68426
-1.68427
-1.68427
-1.68428
-1.68428
-1.68429
-1.68429
-1.6843
-1.6843
-1.68431
-1.68431
-1.68432
-1.68432
-1.68432
-1.68433
-1.68433
-1.68434
-1.68434
-1.68435
-1.68435
-1.68435
-1.68436
-1.68436
-1.68436
-1.68437
-1.68437
-1.68437
-1.68438
-1.68438
-1.68438
-1.68439
-1.68439
-1.68439
-1.68439
-1.6844
-1.6844
-1.6844
-1.6844
-1.68441
-1.68441
-1.68441
-1.68441
-1.68442
-1.68442
-1.68442
-1.68442
-1.68442
-1.68443
-1.68443
-1.68443
-1.68443
-1.68443
-1.68444
-1.68444
-1.68444
-1.68444
-1.68444
-1.68444
-1.68445
-1.68445
-1.68445
-1.68445
-1.68445
-1.68445
-1.68445
-1.68445
-1.68446
-1.68446
-1.68446
-1.68446
-1.68446
-1.68446
-1.68446
-1.68446
-1.68446
-1.68446
-1.68447
-1.68447
-1.68447
-1.68447
-1.68447
-1.68447
-1.68447
-1.68447
-1.68447
-1.68447
-1.68447
-1.68447
-1.68447
-1.68447
-1.68448
-1.68448
-1.68448
-1.68448
-1.68448
-1.68448
-1.68448
-1.68448
-1.68448
-1.68448
-1.68448
-1.68448
-1.68448
-1.68448
-1.68448
-1.68448
-1.68448
-1.68448
-1.68448
-1.68449
-1.68449
-1.68449
-1.68449
-1.68449
-1.68449
-1.68449
-1.68449
-1.68449
-1.68449
-1.68449
-1.68449
-1.68449
-1.68449
-1.68449
-1.68449
-1.68449
-1.68449
-1.68449
-1.68449
-1.6845
-1.6845
-1.6845
-1.6845
-1.6845
-1.6845
-1.6845
-1.6845
-1.6845
-1.6845
-1.6845
-1.6845
-1.6845
-1.6845
-1.6845
-1.6845
-1.68451
-1.68451
-1.68451
-1.68451
-1.68451
-1.68451
-1.68451
-1.68451
-1.68451
-1.68451
-1.68451
-1.68451
-1.68452
-1.68452
-1.68452
-1.68452
-1.68452
-1.68452
-1.68452
-1.68452
-1.68452
-1.68452
-1.68452
-1.68453
-1.68453
-1.68453
-1.68453
-1.68453
-1.68453
-1.68453
-1.68453
-1.68453
-1.68454
-1.68454
-1.68454
-1.68454
-1.68454
-1.68454
-1.68454
-1.68454
-1.68454
-1.68455
-1.68455
-1.68455
-1.68455
-1.68455
-1.68455
-1.68455
-1.68455
-1.68456
-1.68456
-1.68456
-1.68456
-1.68456
-1.68456
-1.68456
-1.68457
-1.68457
-1.68457
-1.68457
-1.68457
-1.68457
-1.68457
-1.68458
-1.68458
-1.68458
-1.68458
-1.68458
-1.68458
-1.68458
-1.68459
-1.68459
-1.68459
-1.68459
-1.68459
-1.68459
-1.68459
-1.6846
-1.6846
-1.6846
-1.6846
-1.6846
-1.6846
-1.6846
-1.68461
-1.68461
-1.68461
-1.68461
-1.68461
-1.68461
-1.68462
-1.68462
-1.68462
-1.68462
-1.68462
-1.68462
-1.68463
-1.68463
-1.68463
-1.68463
-1.68463
-1.68463
-1.68464
-1.68464
-1.68464
-1.68464
-1.68464
-1.68464
-1.68465
-1.68465
-1.68465
-1.68465
-1.68465
-1.68465
-1.68466
-1.68466
-1.68466
-1.68466
-1.68466
-1.68467
-1.68467
-1.68467
-1.68467
-1.68467
-1.68468
-1.68468
-1.68468
-1.68468
-1.68469
-1.68469
-1.68469
-1.68469
-1.68469
-1.6847
-1.6847
-1.6847
-1.6847
-1.68471
-1.68471
-1.68471
-1.68472
-1.68472
-1.68472
-1.68472
-1.68473
-1.68473
-1.68473
-1.68474
-1.68474
-1.68474
-1.68474
-1.68475
-1.68475
-1.68475
-1.68476
-1.68476
-1.68477
-1.68477
-1.68477
-1.68478
-1.68478
-1.68478
-1.68479
-1.68479
-1.6848
-1.6848
-1.68481
-1.68481
-1.68481
-1.68482
-1.68482
-1.68483
-1.68483
-1.68484
-1.68484
-1.68485
-1.68485
-1.68486
-1.68487
-1.68487
-1.68488
-1.68488
-1.68489
-1.68489
-1.6849
-1.68491
-1.68491
-1.68492
-1.68493
-1.68493
-1.68494
-1.68495
-1.68495
-1.68496
-1.68497
-1.68498
-1.68498
-1.68499
-1.685
-1.68501
-1.68502
-1.68502
-1.68503
-1.68504
-1.68505
-1.68506
-1.68507
-1.68508
-1.68509
-1.68509
-1.6851
-1.68511
-1.68512
-1.68513
-1.68514
-1.68515
-1.68516
-1.68518
-1.68519
-1.6852
-1.68521
-1.68522
-1.68523
-1.68524
-1.68525
-1.68527
-1.68528
-1.68529
-1.6853
-1.68532
-1.68533
-1.68534
-1.68535
-1.68537
-1.68538
-1.68539
-1.68541
-1.68542
-1.68544
-1.68545
-1.68546
-1.68548
-1.68549
-1.68551
-1.68552
-1.68554
-1.68556
-1.68557
-1.68559
-1.6856
-1.68562
-1.68564
-1.68565
-1.68567
-1.68569
-1.6857
-1.68572
-1.68574
-1.68576
-1.68577
-1.68579
-1.68581
-1.68583
-1.68585
-1.68587
-1.68589
-1.6859
-1.68592
-1.68594
-1.68596
-1.68598
-1.686
-1.68602
-1.68604
-1.68607
-1.68609
-1.68611
-1.68613
-1.68615
-1.68617
-1.68619
-1.68622
-1.68624
-1.68626
-1.68628
-1.68631
-1.68633
-1.68635
-1.68638
-1.6864
-1.68642
-1.68645
-1.68647
-1.68649
-1.68652
-1.68654
-1.68657
-1.68659
-1.68662
-1.68664
-1.68667
-1.68669
-1.68672
-1.68675
-1.68677
-1.6868
-1.68683
-1.68685
-1.68688
-1.68691
-1.68693
-1.68696
-1.68699
-1.68702
-1.68704
-1.68707
-1.6871
-1.68713
-1.68716
-1.68718
-1.68721
-1.68724
-1.68727
-1.6873
-1.68733
-1.68736
-1.68739
-1.68742
-1.68745
-1.68748
-1.68751
-1.68754
-1.68757
-1.6876
-1.68763
-1.68766
-1.68769
-1.68773
-1.68776
-1.68779
-1.68782
-1.68785
-1.68788
-1.68792
-1.68795
-1.68798
-1.68801
-1.68804
-1.68808
-1.68811
-1.68814
-1.68818
-1.68821
-1.68824
-1.68828
-1.68831
-1.68834
-1.68838
-1.68841
-1.68844
-1.68848
-1.68851
-1.68855
-1.68858
-1.68861
-1.68865
-1.68868
-1.68872
-1.68875
-1.68879
-1.68882
-1.68886
-1.68889
-1.68893
-1.68896
-1.689
-1.68903
-1.68907
-1.6891
-1.68914
-1.68918
-1.68921
-1.68925
-1.68928
-1.68932
-1.68935
-1.68939
-1.68943
-1.68946
-1.6895
-1.68953
-1.68957
-1.68961
-1.68964
-1.68968
-1.68972
-1.68975
-1.68979
-1.68982
-1.68986
-1.6899
-1.68993
-1.68997
-1.69001
-1.69004
-1.69008
-1.69012
-1.69015
-1.69019
-1.69023
-1.69026
-1.6903
-1.69034
-1.69037
-1.69041
-1.69045
-1.69048
-1.69052
-1.69056
-1.69059
-1.69063
-1.69067
-1.6907
-1.69074
-1.69078
-1.69081
-1.69085
-1.69088
-1.69092
-1.69096
-1.69099
-1.69103
-1.69107
-1.6911
-1.69114
-1.69117
-1.69121
-1.69125
-1.69128
-1.69132
-1.69135
-1.69139
-1.69143
-1.69146
-1.6915
-1.69153
-1.69157
-1.6916
-1.69164
-1.69167
-1.69171
-1.69174
-1.69178
-1.69181
-1.69185
-1.69188
-1.69192
-1.69195
-1.69199
-1.69202
-1.69206
-1.69209
-1.69212
-1.69216
-1.69219
-1.69223
-1.69226
-1.69229
-1.69233
-1.69236
-1.69239
-1.69243
-1.69246
-1.69249
-1.69253
-1.69256
-1.69259
-1.69262
-1.69266
-1.69269
-1.69272
-1.69275
-1.69278
-1.69282
-1.69285
-1.69288
-1.69291
-1.69294
-1.69297
-1.693
-1.69303
-1.69306
-1.6931
-1.69313
-1.69316
-1.69319
-1.69322
-1.69324
-1.69327
-1.6933
-1.69333
-1.69336
-1.69339
-1.69342
-1.69345
-1.69348
-1.6935
-1.69353
-1.69356
-1.69359
-1.69361
-1.69364
-1.69367
-1.69369
-1.69372
-1.69375
-1.69377
-1.6938
-1.69383
-1.69385
-1.69388
-1.6939
-1.69393
-1.69395
-1.69398
-1.694
-1.69403
-1.69405
-1.69407
-1.6941
-1.69412
-1.69414
-1.69417
-1.69419
-1.69421
-1.69423
-1.69426
-1.69428
-1.6943
-1.69432
-1.69434
-1.69436
-1.69439
-1.69441
-1.69443
-1.69445
-1.69447
-1.69449
-1.69451
-1.69453
-1.69454
-1.69456
-1.69458
-1.6946
-1.69462
-1.69464
-1.69465
-1.69467
-1.69469
-1.69471
-1.69472
-1.69474
-1.69476
-1.69477
-1.69479
-1.6948
-1.69482
-1.69483
-1.69485
-1.69486
-1.69488
-1.69489
-1.69491
-1.69492
-1.69493
-1.69495
-1.69496
-1.69497
-1.69499
-1.695
-1.69501
-1.69502
-1.69503
-1.69505
-1.69506
-1.69507
-1.69508
-1.69509
-1.6951
-1.69511
-1.69512
-1.69513
-1.69514
-1.69515
-1.69516
-1.69517
-1.69518
-1.69519
-1.69519
-1.6952
-1.69521
-1.69522
-1.69523
-1.69523
-1.69524
-1.69525
-1.69526
-1.69526
-1.69527
-1.69528
-1.69528
-1.69529
-1.6953
-1.6953
-1.69531
-1.69531
-1.69532
-1.69532
-1.69533
-1.69533
-1.69534
-1.69534
-1.69535
-1.69535
-1.69536
-1.69536
-1.69537
-1.69537
-1.69538
-1.69538
-1.69538
-1.69539
-1.69539
-1.6954
-1.6954
-1.6954
-1.69541
-1.69541
-1.69541
-1.69542
-1.69542
-1.69542
-1.69543
-1.69543
-1.69543
-1.69544
-1.69544
-1.69544
-1.69545
-1.69545
-1.69545
-1.69545
-1.69546
-1.69546
-1.69546
-1.69547
-1.69547
-1.69547
-1.69548
-1.69548
-1.69548
-1.69549
-1.69549
-1.6955
-1.6955
-1.6955
-1.69551
-1.69551
-1.69551
-1.69552
-1.69552
-1.69553
-1.69553
-1.69554
-1.69554
-1.69555
-1.69555
-1.69556
-1.69556
-1.69557
-1.69557
-1.69558
-1.69559
-1.69559
-1.6956
-1.69561
-1.69561
-1.69562
-1.69563
-1.69564
-1.69564
-1.69565
-1.69566
-1.69567
-1.69568
-1.69569
-1.6957
-1.6957
-1.69571
-1.69572
-1.69573
-1.69575
-1.69576
-1.69577
-1.69578
-1.69579
-1.6958
-1.69582
-1.69583
-1.69584
-1.69585
-1.69587
-1.69588
-1.6959
-1.69591
-1.69593
-1.69594
-1.69596
-1.69597
-1.69599
-1.69601
-1.69602
-1.69604
-1.69606
-1.69608
-1.6961
-1.69611
-1.69613
-1.69615
-1.69617
-1.69619
-1.69622
-1.69624
-1.69626
-1.69628
-1.6963
-1.69633
-1.69635
-1.69637
-1.6964
-1.69642
-1.69645
-1.69647
-1.6965
-1.69653
-1.69655
-1.69658
-1.69661
-1.69663
-1.69666
-1.69669
-1.69672
-1.69675
-1.69678
-1.69681
-1.69684
-1.69687
-1.69691
-1.69694
-1.69697
-1.697
-1.69704
-1.69707
-1.69711
-1.69714
-1.69718
-1.69721
-1.69725
-1.69729
-1.69732
-1.69736
-1.6974
-1.69744
-1.69747
-1.69751
-1.69755
-1.69759
-1.69763
-1.69767
-1.69772
-1.69776
-1.6978
-1.69784
-1.69788
-1.69793
-1.69797
-1.69802
-1.69806
-1.6981
-1.69815
-1.6982
-1.69824
-1.69829
-1.69833
-1.69838
-1.69843
-1.69848
-1.69852
-1.69857
-1.69862
-1.69867
-1.69872
-1.69877
-1.69882
-1.69887
-1.69892
-1.69897
-1.69902
-1.69908
-1.69913
-1.69918
-1.69923
-1.69928
-1.69934
-1.69939
-1.69944
-1.6995
-1.69955
-1.69961
-1.69966
-1.69972
-1.69977
-1.69983
-1.69988
-1.69994
-1.69999
-1.70005
-1.70011
-1.70016
-1.70022
-1.70028
-1.70034
-1.70039
-1.70045
-1.70051
-1.70057
-1.70062
-1.70068
-1.70074
-1.7008
-1.70086
-1.70092
-1.70097
-1.70103
-1.70109
-1.70115
-1.70121
-1.70127
-1.70133
-1.70139
-1.70145
-1.70151
-1.70157
-1.70163
-1.70169
-1.70175
-1.70181
-1.70186
-1.70192
-1.70198
-1.70204
-1.7021
-1.70216
-1.70222
-1.70228
-1.70234
-1.7024
-1.70246
-1.70252
-1.70258
-1.70264
-1.7027
-1.70276
-1.70282
-1.70288
-1.70294
-1.703
-1.70305
-1.70311
-1.70317
-1.70323
-1.70329
-1.70335
-1.70341
-1.70346
-1.70352
-1.70358
-1.70364
-1.70369
-1.70375
-1.70381
-1.70387
-1.70392
-1.70398
-1.70404
-1.70409
-1.70415
-1.7042
-1.70426
-1.70432
-1.70437
-1.70443
-1.70448
-1.70454
-1.70459
-1.70465
-1.7047
-1.70475
-1.70481
-1.70486
-1.70491
-1.70497
-1.70502
-1.70507
-1.70513
-1.70518
-1.70523
-1.70528
-1.70533
-1.70538
-1.70543
-1.70549
-1.70554
-1.70559
-1.70564
-1.70569
-1.70574
-1.70578
-1.70583
-1.70588
-1.70593
-1.70598
-1.70603
-1.70607
-1.70612
-1.70617
-1.70622
-1.70626
-1.70631
-1.70635
-1.7064
-1.70645
-1.70649
-1.70654
-1.70658
-1.70663
-1.70667
-1.70671
-1.70676
-1.7068
-1.70684
-1.70689
-1.70693
-1.70697
-1.70701
-1.70706
-1.7071
-1.70714
-1.70718
-1.70722
-1.70726
-1.7073
-1.70734
-1.70738
-1.70742
-1.70746
-1.7075
-1.70754
-1.70758
-1.70762
-1.70766
-1.7077
-1.70774
-1.70777
-1.70781
-1.70785
-1.70789
-1.70792
-1.70796
-1.708
-1.70803
-1.70807
-1.70811
-1.70814
-1.70818
-1.70821
-1.70825
-1.70828
-1.70832
-1.70836
-1.70839
-1.70843
-1.70846
-1.70849
-1.70853
-1.70856
-1.7086
-1.70863
-1.70867
-1.7087
-1.70873
-1.70877
-1.7088
-1.70883
-1.70887
-1.7089
-1.70893
-1.70897
-1.709
-1.70903
-1.70906
-1.7091
-1.70913
-1.70916
-1.70919
-1.70923
-1.70926
-1.70929
-1.70932
-1.70935
-1.70939
-1.70942
-1.70945
-1.70948
-1.70951
-1.70955
-1.70958
-1.70961
-1.70964
-1.70967
-1.7097
-1.70974
-1.70977
-1.7098
-1.70983
-1.70986
-1.70989
-1.70993
-1.70996
-1.70999
-1.71002
-1.71005
-1.71008
-1.71011
-1.71015
-1.71018
-1.71021
-1.71024
-1.71027
-1.7103
-1.71034
-1.71037
-1.7104
-1.71043
-1.71046
-1.71049
-1.71053
-1.71056
-1.71059
-1.71062
-1.71065
-1.71068
-1.71072
-1.71075
-1.71078
-1.71081
-1.71084
-1.71087
-1.71091
-1.71094
-1.71097
-1.711
-1.71103
-1.71107
-1.7111
-1.71113
-1.71116
-1.71119
-1.71123
-1.71126
-1.71129
-1.71132
-1.71135
-1.71139
-1.71142
-1.71145
-1.71148
-1.71151
-1.71155
-1.71158
-1.71161
-1.71164
-1.71167
-1.71171
-1.71174
-1.71177
-1.7118
-1.71183
-1.71187
-1.7119
-1.71193
-1.71196
-1.71199
-1.71202
-1.71206
-1.71209
-1.71212
-1.71215
-1.71218
-1.71221
-1.71225
-1.71228
-1.71231
-1.71234
-1.71237
-1.7124
-1.71243
-1.71246
-1.7125
-1.71253
-1.71256
-1.71259
-1.71262
-1.71265
-1.71268
-1.71271
-1.71274
-1.71277
-1.7128
-1.71283
-1.71286
-1.71289
-1.71292
-1.71295
-1.71298
-1.71301
-1.71304
-1.71307
-1.7131
-1.71313
-1.71315
-1.71318
-1.71321
-1.71324
-1.71327
-1.7133
-1.71332
-1.71335
-1.71338
-1.71341
-1.71344
-1.71346
-1.71349
-1.71352
-1.71354
-1.71357
-1.7136
-1.71362
-1.71365
-1.71368
-1.7137
-1.71373
-1.71375
-1.71378
-1.7138
-1.71383
-1.71385
-1.71388
-1.7139
-1.71393
-1.71395
-1.71398
-1.714
-1.71402
-1.71405
-1.71407
-1.71409
-1.71412
-1.71414
-1.71416
-1.71419
-1.71421
-1.71423
-1.71425
-1.71427
-1.7143
-1.71432
-1.71434
-1.71436
-1.71438
-1.7144
-1.71442
-1.71444
-1.71446
-1.71448
-1.7145
-1.71452
-1.71454
-1.71456
-1.71458
-1.7146
-1.71462
-1.71464
-1.71466
-1.71467
-1.71469
-1.71471
-1.71473
-1.71475
-1.71476
-1.71478
-1.7148
-1.71481
-1.71483
-1.71485
-1.71487
-1.71488
-1.7149
-1.71491
-1.71493
-1.71495
-1.71496
-1.71498
-1.71499
-1.71501
-1.71502
-1.71504
-1.71505
-1.71507
-1.71508
-1.7151
-1.71511
-1.71512
-1.71514
-1.71515
-1.71517
-1.71518
-1.71519
-1.71521
-1.71522
-1.71523
-1.71525
-1.71526
-1.71527
-1.71529
-1.7153
-1.71531
-1.71532
-1.71534
-1.71535
-1.71536
-1.71537
-1.71538
-1.7154
-1.71541
-1.71542
-1.71543
-1.71544
-1.71545
-1.71547
-1.71548
-1.71549
-1.7155
-1.71551
-1.71552
-1.71553
-1.71554
-1.71556
-1.71557
-1.71558
-1.71559
-1.7156
-1.71561
-1.71562
-1.71563
-1.71564
-1.71565
-1.71566
-1.71567
-1.71568
-1.71569
-1.7157
-1.71571
-1.71572
-1.71573
-1.71574
-1.71575
-1.71576
-1.71577
-1.71578
-1.71579
-1.7158
-1.71581
-1.71582
-1.71583
-1.71584
-1.71585
-1.71586
-1.71586
-1.71587
-1.71588
-1.71589
-1.7159
-1.71591
-1.71592
-1.71593
-1.71594
-1.71595
-1.71596
-1.71597
-1.71598
-1.71598
-1.71599
-1.716
-1.71601
-1.71602
-1.71603
-1.71604
-1.71605
-1.71606
-1.71606
-1.71607
-1.71608
-1.71609
-1.7161
-1.71611
-1.71612
-1.71613
-1.71613
-1.71614
-1.71615
-1.71616
-1.71617
-1.71618
-1.71619
-1.71619
-1.7162
-1.71621
-1.71622
-1.71623
-1.71624
-1.71625
-1.71625
-1.71626
-1.71627
-1.71628
-1.71629
-1.7163
-1.7163
-1.71631
-1.71632
-1.71633
-1.71634
-1.71635
-1.71635
-1.71636
-1.71637
-1.71638
-1.71639
-1.71639
-1.7164
-1.71641
-1.71642
-1.71643
-1.71643
-1.71644
-1.71645
-1.71646
-1.71647
-1.71647
-1.71648
-1.71649
-1.7165
-1.71651
-1.71651
-1.71652
-1.71653
-1.71654
-1.71655
-1.71655
-1.71656
-1.71657
-1.71658
-1.71658
-1.71659
-1.7166
-1.71661
-1.71662
-1.71662
-1.71663
-1.71664
-1.71665
-1.71665
-1.71666
-1.71667
-1.71668
-1.71668
-1.71669
-1.7167
-1.71671
-1.71671
-1.71672
-1.71673
-1.71674
-1.71675
-1.71675
-1.71676
-1.71677
-1.71678
-1.71678
-1.71679
-1.7168
-1.71681
-1.71681
-1.71682
-1.71683
-1.71684
-1.71684
-1.71685
-1.71686
-1.71687
-1.71688
-1.71688
-1.71689
-1.7169
-1.71691
-1.71691
-1.71692
-1.71693
-1.71694
-1.71694
-1.71695
-1.71696
-1.71697
-1.71698
-1.71698
-1.71699
-1.717
-1.71701
-1.71702
-1.71702
-1.71703
-1.71704
-1.71705
-1.71706
-1.71706
-1.71707
-1.71708
-1.71709
-1.7171
-1.71711
-1.71711
-1.71712
-1.71713
-1.71714
-1.71715
-1.71716
-1.71716
-1.71717
-1.71718
-1.71719
-1.7172
-1.71721
-1.71722
-1.71723
-1.71723
-1.71724
-1.71725
-1.71726
-1.71727
-1.71728
-1.71729
-1.7173
-1.71731
-1.71732
-1.71732
-1.71733
-1.71734
-1.71735
-1.71736
-1.71737
-1.71738
-1.71739
-1.7174
-1.71741
-1.71742
-1.71743
-1.71744
-1.71745
-1.71746
-1.71747
-1.71748
-1.71749
-1.7175
-1.71751
-1.71752
-1.71753
-1.71754
-1.71755
-1.71756
-1.71757
-1.71758
-1.71759
-1.7176
-1.71761
-1.71762
-1.71763
-1.71764
-1.71766
-1.71767
-1.71768
-1.71769
-1.7177
-1.71771
-1.71772
-1.71773
-1.71774
-1.71775
-1.71777
-1.71778
-1.71779
-1.7178
-1.71781
-1.71782
-1.71783
-1.71785
-1.71786
-1.71787
-1.71788
-1.71789
-1.71791
-1.71792
-1.71793
-1.71794
-1.71795
-1.71796
-1.71798
-1.71799
-1.718
-1.71801
-1.71803
-1.71804
-1.71805
-1.71806
-1.71807
-1.71809
-1.7181
-1.71811
-1.71812
-1.71814
-1.71815
-1.71816
-1.71817
-1.71819
-1.7182
-1.71821
-1.71823
-1.71824
-1.71825
-1.71826
-1.71828
-1.71829
-1.7183
-1.71832
-1.71833
-1.71834
-1.71835
-1.71837
-1.71838
-1.71839
-1.71841
-1.71842
-1.71843
-1.71845
-1.71846
-1.71847
-1.71849
-1.7185
-1.71851
-1.71853
-1.71854
-1.71855
-1.71856
-1.71858
-1.71859
-1.7186
-1.71862
-1.71863
-1.71864
-1.71866
-1.71867
-1.71868
-1.7187
-1.71871
-1.71872
-1.71874
-1.71875
-1.71876
-1.71878
-1.71879
-1.7188
-1.71882
-1.71883
-1.71884
-1.71886
-1.71887
-1.71888
-1.7189
-1.71891
-1.71892
-1.71894
-1.71895
-1.71896
-1.71898
-1.71899
-1.719
-1.71901
-1.71903
-1.71904
-1.71905
-1.71907
-1.71908
-1.71909
-1.71911
-1.71912
-1.71913
-1.71914
-1.71916
-1.71917
-1.71918
-1.7192
-1.71921
-1.71922
-1.71923
-1.71925
-1.71926
-1.71927
-1.71929
-1.7193
-1.71931
-1.71932
-1.71934
-1.71935
-1.71936
-1.71937
-1.71939
-1.7194
-1.71941
-1.71942
-1.71944
-1.71945
-1.71946
-1.71947
-1.71948
-1.7195
-1.71951
-1.71952
-1.71953
-1.71954
-1.71956
-1.71957
-1.71958
-1.71959
-1.7196
-1.71962
-1.71963
-1.71964
-1.71965
-1.71966
-1.71967
-1.71969
-1.7197
-1.71971
-1.71972
-1.71973
-1.71974
-1.71976
-1.71977
-1.71978
-1.71979
-1.7198
-1.71981
-1.71982
-1.71984
-1.71985
-1.71986
-1.71987
-1.71988
-1.71989
-1.7199
-1.71991
-1.71992
-1.71993
-1.71995
-1.71996
-1.71997
-1.71998
-1.71999
-1.72
-1.72001
-1.72002
-1.72003
-1.72004
-1.72005
-1.72006
-1.72008
-1.72009
-1.7201
-1.72011
-1.72012
-1.72013
-1.72014
-1.72015
-1.72016
-1.72017
-1.72018
-1.72019
-1.7202
-1.72021
-1.72022
-1.72023
-1.72024
-1.72025
-1.72026
-1.72027
-1.72028
-1.7203
-1.72031
-1.72032
-1.72033
-1.72034
-1.72035
-1.72036
-1.72037
-1.72038
-1.72039
-1.7204
-1.72041
-1.72042
-1.72043
-1.72044
-1.72045
-1.72046
-1.72047
-1.72048
-1.72049
-1.7205
-1.72051
-1.72052
-1.72053
-1.72054
-1.72055
-1.72056
-1.72057
-1.72058
-1.72059
-1.7206
-1.72061
-1.72062
-1.72063
-1.72064
-1.72065
-1.72066
-1.72067
-1.72068
-1.72069
-1.7207
-1.72071
-1.72072
-1.72073
-1.72074
-1.72075
-1.72076
-1.72077
-1.72078
-1.72079
-1.7208
-1.72081
-1.72082
-1.72083
-1.72084
-1.72085
-1.72086
-1.72087
-1.72088
-1.72089
-1.7209
-1.72091
-1.72092
-1.72093
-1.72094
-1.72095
-1.72096
-1.72097
-1.72098
-1.72099
-1.721
-1.72101
-1.72102
-1.72103
-1.72104
-1.72105
-1.72106
-1.72107
-1.72108
-1.72109
-1.7211
-1.72111
-1.72112
-1.72113
-1.72114
-1.72115
-1.72116
-1.72117
-1.72118
-1.72119
-1.7212
-1.72121
-1.72122
-1.72123
-1.72124
-1.72125
-1.72126
-1.72127
-1.72128
-1.72129
-1.7213
-1.7213
-1.72131
-1.72132
-1.72133
-1.72134
-1.72135
-1.72136
-1.72137
-1.72138
-1.72139
-1.7214
-1.7214
-1.72141
-1.72142
-1.72143
-1.72144
-1.72145
-1.72146
-1.72147
-1.72147
-1.72148
-1.72149
-1.7215
-1.72151
-1.72152
-1.72152
-1.72153
-1.72154
-1.72155
-1.72156
-1.72156
-1.72157
-1.72158
-1.72159
-1.7216
-1.7216
-1.72161
-1.72162
-1.72162
-1.72163
-1.72164
-1.72165
-1.72165
-1.72166
-1.72167
-1.72167
-1.72168
-1.72169
-1.72169
-1.7217
-1.72171
-1.72171
-1.72172
-1.72173
-1.72173
-1.72174
-1.72175
-1.72175
-1.72176
-1.72176
-1.72177
-1.72177
-1.72178
-1.72179
-1.72179
-1.7218
-1.7218
-1.72181
-1.72181
-1.72182
-1.72182
-1.72183
-1.72183
-1.72184
-1.72184
-1.72185
-1.72185
-1.72186
-1.72186
-1.72186
-1.72187
-1.72187
-1.72188
-1.72188
-1.72188
-1.72189
-1.72189
-1.7219
-1.7219
-1.7219
-1.72191
-1.72191
-1.72191
-1.72192
-1.72192
-1.72192
-1.72193
-1.72193
-1.72193
-1.72193
-1.72194
-1.72194
-1.72194
-1.72194
-1.72195
-1.72195
-1.72195
-1.72195
-1.72196
-1.72196
-1.72196
-1.72196
-1.72196
-1.72197
-1.72197
-1.72197
-1.72197
-1.72197
-1.72197
-1.72198
-1.72198
-1.72198
-1.72198
-1.72198
-1.72198
-1.72198
-1.72199
-1.72199
-1.72199
-1.72199
-1.72199
-1.72199
-1.72199
-1.72199
-1.72199
-1.722
-1.722
-1.722
-1.722
-1.722
-1.722
-1.722
-1.722
-1.722
-1.722
-1.722
-1.722
-1.722
-1.722
-1.722
-1.722
-1.722
-1.722
-1.722
-1.72201
-1.72201
-1.72201
-1.72201
-1.72201
-1.72201
-1.72201
-1.72201
-1.72201
-1.72201
-1.72201
-1.72201
-1.72201
-1.72201
-1.72201
-1.72201
-1.72201
-1.72201
-1.72201
-1.72201
-1.72201
-1.72201
-1.72201
-1.72201
-1.72201
-1.72201
-1.72201
-1.72201
-1.72201
-1.72201
-1.72201
-1.72201
-1.72201
-1.72201
-1.72201
-1.72201
-1.72201
-1.72201
-1.72201
-1.72201
-1.72201
-1.72201
-1.72201
-1.722
-1.722
-1.722
-1.722
-1.722
-1.722
-1.722
-1.722
-1.722
-1.722
-1.722
-1.722
-1.722
-1.722
-1.722
-1.722
-1.722
-1.722
-1.722
-1.722
-1.722
-1.722
-1.722
-1.722
-1.722
-1.722
-1.722
-1.722
-1.722
-1.722
-1.722
-1.722
-1.722
-1.722
-1.722
-1.722
-1.722
-1.722
-1.722
-1.722
-1.722
-1.722
-1.722
-1.722
-1.722
-1.722
-1.722
-1.722
-1.722
-1.722
-1.722
-1.722
-1.722
-1.722
-1.722
-1.722
-1.722
-1.722
-1.722
-1.722
-1.722
-1.722
-1.722
-1.722
-1.722
-1.722
-1.722
-1.722
-1.722
-1.722
-1.722
-1.722
-1.722
-1.722
-1.722
-1.722
-1.722
-1.722
-1.722
-1.722
-1.722
-1.722
-1.722
-1.722
-1.722
-1.722
-1.722
-1.722
-1.722
-1.722
-1.722
-1.722
-1.722
-1.722
-1.722
-1.722
-1.722
-1.722
-1.722
-1.722
-1.722
-1.722
-1.72199
-1.72199
-1.72199
-1.72199
-1.72199
-1.72199
-1.72199
-1.72199
-1.72199
-1.72199
-1.72199
-1.72199
-1.72199
-1.72199
-1.72199
-1.72199
-1.72199
-1.72199
-1.72199
-1.72199
-1.72199
-1.72199
-1.72199
-1.72199
-1.72199
-1.72199
-1.72199
-1.72199
-1.72199
-1.72199
-1.72199
-1.72199
-1.72199
-1.72199
-1.72199
-1.72199
-1.72199
-1.72199
-1.72199
-1.72199
-1.72199
-1.722
-1.722
-1.722
-1.722
-1.722
-1.722
-1.722
-1.722
-1.722
-1.722
-1.722
-1.722
-1.722
-1.722
-1.722
-1.722
-1.722
-1.72201
-1.72201
-1.72201
-1.72201
-1.72201
-1.72201
-1.72201
-1.72201
-1.72201
-1.72202
-1.72202
-1.72202
-1.72202
-1.72202
-1.72202
-1.72203
-1.72203
-1.72203
-1.72203
-1.72203
-1.72203
-1.72204
-1.72204
-1.72204
-1.72204
-1.72205
-1.72205
-1.72205
-1.72205
-1.72206
-1.72206
-1.72206
-1.72206
-1.72207
-1.72207
-1.72207
-1.72208
-1.72208
-1.72208
-1.72209
-1.72209
-1.72209
-1.7221
-1.7221
-1.72211
-1.72211
-1.72211
-1.72212
-1.72212
-1.72213
-1.72213
-1.72214
-1.72214
-1.72215
-1.72215
-1.72216
-1.72216
-1.72217
-1.72217
-1.72218
-1.72218
-1.72219
-1.72219
-1.7222
-1.72221
-1.72221
-1.72222
-1.72223
-1.72223
-1.72224
-1.72225
-1.72225
-1.72226
-1.72227
-1.72227
-1.72228
-1.72229
-1.7223
-1.7223
-1.72231
-1.72232
-1.72233
-1.72234
-1.72235
-1.72235
-1.72236
-1.72237
-1.72238
-1.72239
-1.7224
-1.72241
-1.72242
-1.72243
-1.72244
-1.72245
-1.72246
-1.72247
-1.72248
-1.72249
-1.7225
-1.72251
-1.72252
-1.72253
-1.72254
-1.72255
-1.72256
-1.72258
-1.72259
-1.7226
-1.72261
-1.72262
-1.72264
-1.72265
-1.72266
-1.72267
-1.72269
-1.7227
-1.72271
-1.72273
-1.72274
-1.72275
-1.72277
-1.72278
-1.72279
-1.72281
-1.72282
-1.72284
-1.72285
-1.72286
-1.72288
-1.72289
-1.72291
-1.72292
-1.72294
-1.72295
-1.72297
-1.72298
-1.723
-1.72302
-1.72303
-1.72305
-1.72306
-1.72308
-1.7231
-1.72311
-1.72313
-1.72314
-1.72316
-1.72318
-1.7232
-1.72321
-1.72323
-1.72325
-1.72326
-1.72328
-1.7233
-1.72332
-1.72333
-1.72335
-1.72337
-1.72339
-1.72341
-1.72342
-1.72344
-1.72346
-1.72348
-1.7235
-1.72352
-1.72353
-1.72355
-1.72357
-1.72359
-1.72361
-1.72363
-1.72365
-1.72367
-1.72369
-1.72371
-1.72372
-1.72374
-1.72376
-1.72378
-1.7238
-1.72382
-1.72384
-1.72386
-1.72388
-1.7239
-1.72392
-1.72394
-1.72396
-1.72398
-1.724
-1.72402
-1.72404
-1.72406
-1.72408
-1.7241
-1.72412
-1.72414
-1.72416
-1.72418
-1.7242
-1.72422
-1.72424
-1.72426
-1.72428
-1.7243
-1.72432
-1.72434
-1.72436
-1.72438
-1.7244
-1.72442
-1.72444
-1.72446
-1.72448
-1.7245
-1.72452
-1.72454
-1.72456
-1.72458
-1.7246
-1.72462
-1.72464
-1.72466
-1.72468
-1.7247
-1.72472
-1.72474
-1.72476
-1.72478
-1.7248
-1.72482
-1.72484
-1.72486
-1.72488
-1.7249
-1.72492
-1.72493
-1.72495
-1.72497
-1.72499
-1.72501
-1.72503
-1.72505
-1.72507
-1.72509
-1.7251
-1.72512
-1.72514
-1.72516
-1.72518
-1.7252
-1.72521
-1.72523
-1.72525
-1.72527
-1.72529
-1.7253
-1.72532
-1.72534
-1.72536
-1.72537
-1.72539
-1.72541
-1.72542
-1.72544
-1.72546
-1.72547
-1.72549
-1.72551
-1.72552
-1.72554
-1.72556
-1.72557
-1.72559
-1.72561
-1.72562
-1.72564
-1.72565
-1.72567
-1.72568
-1.7257
-1.72571
-1.72573
-1.72574
-1.72576
-1.72577
-1.72579
-1.7258
-1.72582
-1.72583
-1.72584
-1.72586
-1.72587
-1.72589
-1.7259
-1.72591
-1.72593
-1.72594
-1.72595
-1.72597
-1.72598
-1.72599
-1.726
-1.72602
-1.72603
-1.72604
-1.72605
-1.72607
-1.72608
-1.72609
-1.7261
-1.72611
-1.72612
-1.72614
-1.72615
-1.72616
-1.72617
-1.72618
-1.72619
-1.7262
-1.72621
-1.72622
-1.72623
-1.72624
-1.72625
-1.72626
-1.72627
-1.72628
-1.72629
-1.7263
-1.72631
-1.72632
-1.72633
-1.72634
-1.72634
-1.72635
-1.72636
-1.72637
-1.72638
-1.72639
-1.72639
-1.7264
-1.72641
-1.72642
-1.72643
-1.72643
-1.72644
-1.72645
-1.72646
-1.72646
-1.72647
-1.72648
-1.72648
-1.72649
-1.7265
-1.7265
-1.72651
-1.72652
-1.72652
-1.72653
-1.72654
-1.72654
-1.72655
-1.72655
-1.72656
-1.72657
-1.72657
-1.72658
-1.72658
-1.72659
-1.72659
-1.7266
-1.7266
-1.72661
-1.72661
-1.72662
-1.72662
-1.72663
-1.72663
-1.72664
-1.72664
-1.72665
-1.72665
-1.72666
-1.72666
-1.72667
-1.72667
-1.72667
-1.72668
-1.72668
-1.72669
-1.72669
-1.7267
-1.7267
-1.72671
-1.72671
-1.72671
-1.72672
-1.72672
-1.72673
-1.72673
-1.72674
-1.72674
-1.72674
-1.72675
-1.72675
-1.72676
-1.72676
-1.72677
-1.72677
-1.72677
-1.72678
-1.72678
-1.72679
-1.72679
-1.7268
-1.7268
-1.72681
-1.72681
-1.72682
-1.72682
-1.72683
-1.72683
-1.72684
-1.72684
-1.72685
-1.72685
-1.72686
-1.72686
-1.72687
-1.72688
-1.72688
-1.72689
-1.72689
-1.7269
-1.72691
-1.72691
-1.72692
-1.72693
-1.72693
-1.72694
-1.72695
-1.72695
-1.72696
-1.72697
-1.72698
-1.72698
-1.72699
-1.727
-1.72701
-1.72702
-1.72702
-1.72703
-1.72704
-1.72705
-1.72706
-1.72707
-1.72708
-1.72709
-1.7271
-1.72711
-1.72712
-1.72713
-1.72714
-1.72715
-1.72717
-1.72718
-1.72719
-1.7272
-1.72721
-1.72723
-1.72724
-1.72725
-1.72726
-1.72728
-1.72729
-1.72731
-1.72732
-1.72733
-1.72735
-1.72736
-1.72738
-1.72739
-1.72741
-1.72743
-1.72744
-1.72746
-1.72748
-1.72749
-1.72751
-1.72753
-1.72755
-1.72757
-1.72758
-1.7276
-1.72762
-1.72764
-1.72766
-1.72768
-1.7277
-1.72772
-1.72774
-1.72777
-1.72779
-1.72781
-1.72783
-1.72786
-1.72788
-1.7279
-1.72793
-1.72795
-1.72797
-1.728
-1.72802
-1.72805
-1.72807
-1.7281
-1.72813
-1.72815
-1.72818
-1.72821
-1.72824
-1.72826
-1.72829
-1.72832
-1.72835
-1.72838
-1.72841
-1.72844
-1.72847
-1.7285
-1.72853
-1.72856
-1.7286
-1.72863
-1.72866
-1.72869
-1.72873
-1.72876
-1.7288
-1.72883
-1.72886
-1.7289
-1.72894
-1.72897
-1.72901
-1.72904
-1.72908
-1.72912
-1.72916
-1.72919
-1.72923
-1.72927
-1.72931
-1.72935
-1.72939
-1.72943
-1.72947
-1.72951
-1.72955
-1.72959
-1.72963
-1.72967
-1.72972
-1.72976
-1.7298
-1.72985
-1.72989
-1.72993
-1.72998
-1.73002
-1.73007
-1.73011
-1.73016
-1.7302
-1.73025
-1.7303
-1.73034
-1.73039
-1.73044
-1.73049
-1.73054
-1.73058
-1.73063
-1.73068
-1.73073
-1.73078
-1.73083
-1.73088
-1.73093
-1.73098
-1.73103
-1.73109
-1.73114
-1.73119
-1.73124
-1.73129
-1.73135
-1.7314
-1.73145
-1.73151
-1.73156
-1.73162
-1.73167
-1.73173
-1.73178
-1.73184
-1.73189
-1.73195
-1.732
-1.73206
-1.73212
-1.73217
-1.73223
-1.73229
-1.73235
-1.7324
-1.73246
-1.73252
-1.73258
-1.73264
-1.7327
-1.73276
-1.73282
-1.73288
-1.73294
-1.733
-1.73306
-1.73312
-1.73318
-1.73324
-1.7333
-1.73336
-1.73343
-1.73349
-1.73355
-1.73361
-1.73367
-1.73374
-1.7338
-1.73386
-1.73393
-1.73399
-1.73405
-1.73412
-1.73418
-1.73425
-1.73431
-1.73437
-1.73444
-1.7345
-1.73457
-1.73463
-1.7347
-1.73477
-1.73483
-1.7349
-1.73496
-1.73503
-1.73509
-1.73516
-1.73523
-1.73529
-1.73536
-1.73543
-1.73549
-1.73556
-1.73563
-1.7357
-1.73576
-1.73583
-1.7359
-1.73597
-1.73603
-1.7361
-1.73617
-1.73624
-1.73631
-1.73637
-1.73644
-1.73651
-1.73658
-1.73665
-1.73672
-1.73678
-1.73685
-1.73692
-1.73699
-1.73706
-1.73713
-1.7372
-1.73726
-1.73733
-1.7374
-1.73747
-1.73754
-1.73761
-1.73768
-1.73775
-1.73782
-1.73789
-1.73795
-1.73802
-1.73809
-1.73816
-1.73823
-1.7383
-1.73837
-1.73844
-1.73851
-1.73857
-1.73864
-1.73871
-1.73878
-1.73885
-1.73892
-1.73899
-1.73905
-1.73912
-1.73919
-1.73926
-1.73933
-1.73939
-1.73946
-1.73953
-1.7396
-1.73967
-1.73973
-1.7398
-1.73987
-1.73994
-1.74
-1.74007
-1.74014
-1.7402
-1.74027
-1.74034
-1.7404
-1.74047
-1.74053
-1.7406
-1.74067
-1.74073
-1.7408
-1.74086
-1.74093
-1.74099
-1.74106
-1.74112
-1.74118
-1.74125
-1.74131
-1.74137
-1.74144
-1.7415
-1.74156
-1.74163
-1.74169
-1.74175
-1.74181
-1.74188
-1.74194
-1.742
-1.74206
-1.74212
-1.74218
-1.74224
-1.7423
-1.74236
-1.74242
-1.74248
-1.74254
-1.7426
-1.74265
-1.74271
-1.74277
-1.74283
-1.74288
-1.74294
-1.743
-1.74305
-1.74311
-1.74316
-1.74322
-1.74327
-1.74333
-1.74338
-1.74344
-1.74349
-1.74354
-1.7436
-1.74365
-1.7437
-1.74375
-1.74381
-1.74386
-1.74391
-1.74396
-1.74401
-1.74406
-1.74411
-1.74416
-1.7442
-1.74425
-1.7443
-1.74435
-1.74439
-1.74444
-1.74449
-1.74453
-1.74458
-1.74462
-1.74467
-1.74471
-1.74476
-1.7448
-1.74485
-1.74489
-1.74493
-1.74497
-1.74501
-1.74506
-1.7451
-1.74514
-1.74518
-1.74522
-1.74526
-1.7453
-1.74533
-1.74537
-1.74541
-1.74545
-1.74548
-1.74552
-1.74556
-1.74559
-1.74563
-1.74566
-1.7457
-1.74573
-1.74577
-1.7458
-1.74583
-1.74586
-1.7459
-1.74593
-1.74596
-1.74599
-1.74602
-1.74605
-1.74608
-1.74611
-1.74614
-1.74617
-1.7462
-1.74622
-1.74625
-1.74628
-1.74631
-1.74633
-1.74636
-1.74638
-1.74641
-1.74643
-1.74646
-1.74648
-1.74651
-1.74653
-1.74655
-1.74658
-1.7466
-1.74662
-1.74664
-1.74666
-1.74668
-1.74671
-1.74673
-1.74675
-1.74677
-1.74678
-1.7468
-1.74682
-1.74684
-1.74686
-1.74688
-1.74689
-1.74691
-1.74693
-1.74694
-1.74696
-1.74698
-1.74699
-1.74701
-1.74702
-1.74704
-1.74705
-1.74706
-1.74708
-1.74709
-1.7471
-1.74712
-1.74713
-1.74714
-1.74715
-1.74717
-1.74718
-1.74719
-1.7472
-1.74721
-1.74722
-1.74723
-1.74724
-1.74725
-1.74726
-1.74727
-1.74728
-1.74729
-1.7473
-1.74731
-1.74732
-1.74732
-1.74733
-1.74734
-1.74735
-1.74735
-1.74736
-1.74737
-1.74737
-1.74738
-1.74739
-1.74739
-1.7474
-1.7474
-1.74741
-1.74742
-1.74742
-1.74743
-1.74743
-1.74744
-1.74744
-1.74744
-1.74745
-1.74745
-1.74746
-1.74746
-1.74746
-1.74747
-1.74747
-1.74747
-1.74748
-1.74748
-1.74748
-1.74749
-1.74749
-1.74749
-1.74749
-1.7475
-1.7475
-1.7475
-1.7475
-1.7475
-1.74751
-1.74751
-1.74751
-1.74751
-1.74751
-1.74751
-1.74751
-1.74752
-1.74752
-1.74752
-1.74752
-1.74752
-1.74752
-1.74752
-1.74752
-1.74752
-1.74752
-1.74752
-1.74752
-1.74752
-1.74752
-1.74752
-1.74752
-1.74752
-1.74752
-1.74752
-1.74752
-1.74752
-1.74752
-1.74752
-1.74752
-1.74752
-1.74752
-1.74752
-1.74752
-1.74752
-1.74752
-1.74752
-1.74752
-1.74752
-1.74752
-1.74752
-1.74752
-1.74751
-1.74751
-1.74751
-1.74751
-1.74751
-1.74751
-1.74751
-1.74751
-1.74751
-1.74751
-1.74751
-1.74751
-1.74751
-1.7475
-1.7475
-1.7475
-1.7475
-1.7475
-1.7475
-1.7475
-1.7475
-1.7475
-1.7475
-1.7475
-1.7475
-1.7475
-1.74749
-1.74749
-1.74749
-1.74749
-1.74749
-1.74749
-1.74749
-1.74749
-1.74749
-1.74749
-1.74749
-1.74749
-1.74749
-1.74749
-1.74749
-1.74749
-1.74749
-1.74749
-1.74748
-1.74748
-1.74748
-1.74748
-1.74748
-1.74748
-1.74748
-1.74748
-1.74748
-1.74748
-1.74748
-1.74748
-1.74748
-1.74749
-1.74749
-1.74749
-1.74749
-1.74749
-1.74749
-1.74749
-1.74749
-1.74749
-1.74749
-1.74749
-1.74749
-1.74749
-1.74749
-1.74749
-1.7475
-1.7475
-1.7475
-1.7475
-1.7475
-1.7475
-1.7475
-1.74751
-1.74751
-1.74751
-1.74751
-1.74751
-1.74752
-1.74752
-1.74752
-1.74752
-1.74752
-1.74753
-1.74753
-1.74753
-1.74753
-1.74754
-1.74754
-1.74754
-1.74755
-1.74755
-1.74755
-1.74756
-1.74756
-1.74756
-1.74757
-1.74757
-1.74757
-1.74758
-1.74758
-1.74758
-1.74759
-1.74759
-1.7476
-1.7476
-1.74761
-1.74761
-1.74761
-1.74762
-1.74762
-1.74763
-1.74763
-1.74764
-1.74764
-1.74765
-1.74765
-1.74766
-1.74767
-1.74767
-1.74768
-1.74768
-1.74769
-1.7477
-1.7477
-1.74771
-1.74771
-1.74772
-1.74773
-1.74773
-1.74774
-1.74775
-1.74775
-1.74776
-1.74777
-1.74777
-1.74778
-1.74779
-1.7478
-1.7478
-1.74781
-1.74782
-1.74783
-1.74784
-1.74784
-1.74785
-1.74786
-1.74787
-1.74788
-1.74788
-1.74789
-1.7479
-1.74791
-1.74792
-1.74793
-1.74794
-1.74794
-1.74795
-1.74796
-1.74797
-1.74798
-1.74799
-1.748
-1.74801
-1.74802
-1.74803
-1.74804
-1.74805
-1.74806
-1.74807
-1.74808
-1.74809
-1.7481
-1.74811
-1.74812
-1.74813
-1.74814
-1.74815
-1.74816
-1.74817
-1.74818
-1.74819
-1.7482
-1.74821
-1.74822
-1.74823
-1.74824
-1.74825
-1.74826
-1.74827
-1.74828
-1.74829
-1.7483
-1.74831
-1.74832
-1.74833
-1.74834
-1.74835
-1.74836
-1.74837
-1.74839
-1.7484
-1.74841
-1.74842
-1.74843
-1.74844
-1.74845
-1.74846
-1.74847
-1.74848
-1.74849
-1.7485
-1.74851
-1.74852
-1.74853
-1.74854
-1.74855
-1.74856
-1.74857
-1.74858
-1.74859
-1.7486
-1.74861
-1.74862
-1.74863
-1.74864
-1.74865
-1.74866
-1.74867
-1.74868
-1.74869
-1.7487
-1.74871
-1.74872
-1.74873
-1.74874
-1.74875
-1.74876
-1.74877
-1.74878
-1.74879
-1.7488
-1.7488
-1.74881
-1.74882
-1.74883
-1.74884
-1.74885
-1.74886
-1.74886
-1.74887
-1.74888
-1.74889
-1.7489
-1.74891
-1.74891
-1.74892
-1.74893
-1.74894
-1.74894
-1.74895
-1.74896
-1.74897
-1.74897
-1.74898
-1.74899
-1.749
-1.749
-1.74901
-1.74902
-1.74902
-1.74903
-1.74904
-1.74904
-1.74905
-1.74905
-1.74906
-1.74907
-1.74907
-1.74908
-1.74908
-1.74909
-1.74909
-1.7491
-1.74911
-1.74911
-1.74912
-1.74912
-1.74913
-1.74913
-1.74914
-1.74914
-1.74914
-1.74915
-1.74915
-1.74916
-1.74916
-1.74917
-1.74917
-1.74917
-1.74918
-1.74918
-1.74919
-1.74919
-1.74919
-1.7492
-1.7492
-1.7492
-1.74921
-1.74921
-1.74921
-1.74922
-1.74922
-1.74922
-1.74922
-1.74923
-1.74923
-1.74923
-1.74923
-1.74924
-1.74924
-1.74924
-1.74924
-1.74925
-1.74925
-1.74925
-1.74925
-1.74925
-1.74926
-1.74926
-1.74926
-1.74926
-1.74926
-1.74926
-1.74927
-1.74927
-1.74927
-1.74927
-1.74927
-1.74927
-1.74927
-1.74927
-1.74928
-1.74928
-1.74928
-1.74928
-1.74928
-1.74928
-1.74928
-1.74928
-1.74928
-1.74928
-1.74929
-1.74929
-1.74929
-1.74929
-1.74929
-1.74929
-1.74929
-1.74929
-1.74929
-1.74929
-1.74929
-1.74929
-1.74929
-1.74929
-1.74929
-1.74929
-1.74929
-1.74929
-1.74929
-1.74929
-1.74929
-1.74929
-1.74929
-1.74929
-1.7493
-1.7493
-1.7493
-1.7493
-1.7493
-1.7493
-1.7493
-1.7493
-1.7493
-1.7493
-1.7493
-1.7493
-1.7493
-1.7493
-1.7493
-1.7493
-1.7493
-1.7493
-1.7493
-1.7493
-1.7493
-1.7493
-1.7493
-1.7493
-1.7493
-1.7493
-1.7493
-1.7493
-1.7493
-1.7493
-1.7493
-1.7493
-1.7493
-1.7493
-1.7493
-1.7493
-1.7493
-1.7493
-1.7493
-1.7493
-1.7493
-1.7493
-1.7493
-1.7493
-1.7493
-1.7493
-1.7493
-1.7493
-1.7493
-1.7493
-1.7493
-1.7493
-1.7493
-1.7493
-1.7493
-1.7493
-1.7493
-1.7493
-1.7493
-1.7493
-1.7493
-1.7493
-1.7493
-1.7493
-1.7493
-1.7493
-1.7493
-1.7493
-1.7493
-1.7493
-1.7493
-1.7493
-1.7493
-1.7493
-1.7493
-1.7493
-1.7493
-1.7493
-1.7493
-1.7493
-1.7493
-1.7493
-1.7493
-1.7493
-1.7493
-1.7493
-1.7493
-1.7493
-1.7493
-1.7493
-1.7493
-1.7493
-1.7493
-1.7493
-1.7493
-1.7493
-1.7493
-1.7493
-1.7493
-1.7493
-1.7493
-1.7493
-1.7493
-1.7493
-1.7493
-1.7493
-1.7493
-1.7493
-1.7493
-1.7493
-1.7493
-1.7493
-1.7493
-1.7493
-1.7493
-1.7493
-1.7493
-1.7493
-1.7493
-1.7493
-1.7493
-1.7493
-1.7493
-1.7493
-1.7493
-1.7493
-1.7493
-1.7493
-1.7493
-1.7493
-1.7493
-1.7493
-1.7493
-1.7493
-1.7493
-1.7493
-1.7493
-1.7493
-1.7493
-1.7493
-1.7493
-1.7493
-1.7493
-1.7493
-1.7493
-1.7493
-1.7493
-1.7493
-1.7493
-1.7493
-1.7493
-1.7493
-1.7493
-1.7493
-1.7493
-1.7493
-1.7493
-1.7493
-1.7493
-1.7493
-1.7493
-1.7493
-1.7493
-1.7493
-1.7493
-1.7493
-1.7493
-1.7493
-1.7493
-1.7493
-1.7493
-1.7493
-1.7493
-1.7493
-1.74929
-1.74929
-1.74929
-1.74929
-1.74929
-1.74929
-1.74929
-1.74929
-1.74929
-1.74929
-1.74929
-1.74929
-1.74929
-1.74929
-1.74929
-1.74929
-1.74929
-1.74929
-1.74929
-1.74929
-1.74929
-1.74929
-1.74929
-1.74929
-1.74929
-1.74929
-1.74929
-1.74929
-1.74929
-1.74929
-1.74929
-1.74929
-1.74929
-1.74929
-1.74929
-1.74929
-1.74929
-1.74929
-1.74929
-1.74929
-1.74929
-1.74929
-1.74929
-1.74929
-1.74929
-1.74929
-1.74929
-1.7493
-1.7493
-1.7493
-1.7493
-1.7493
-1.7493
-1.7493
-1.7493
-1.7493
-1.7493
-1.7493
-1.7493
-1.7493
-1.7493
-1.7493
-1.7493
-1.7493
-1.7493
-1.7493
-1.7493
-1.7493
-1.7493
-1.7493
-1.7493
-1.7493
-1.7493
-1.7493
-1.7493
-1.7493
-1.7493
-1.7493
-1.7493
-1.7493
-1.7493
-1.7493
-1.74931
-1.74931
-1.74931
-1.74931
-1.74931
-1.74931
-1.74931
-1.74931
-1.74931
-1.74931
-1.74931
-1.74931
-1.74931
-1.74931
-1.74931
-1.74932
-1.74932
-1.74932
-1.74932
-1.74932
-1.74932
-1.74932
-1.74932
-1.74932
-1.74932
-1.74933
-1.74933
-1.74933
-1.74933
-1.74933
-1.74933
-1.74933
-1.74933
-1.74934
-1.74934
-1.74934
-1.74934
-1.74934
-1.74934
-1.74934
-1.74935
-1.74935
-1.74935
-1.74935
-1.74935
-1.74935
-1.74936
-1.74936
-1.74936
-1.74936
-1.74936
-1.74937
-1.74937
-1.74937
-1.74937
-1.74938
-1.74938
-1.74938
-1.74938
-1.74938
-1.74939
-1.74939
-1.74939
-1.7494
-1.7494
-1.7494
-1.7494
-1.74941
-1.74941
-1.74941
-1.74942
-1.74942
-1.74942
-1.74943
-1.74943
-1.74943
-1.74944
-1.74944
-1.74944
-1.74945
-1.74945
-1.74945
-1.74946
-1.74946
-1.74946
-1.74947
-1.74947
-1.74948
-1.74948
-1.74948
-1.74949
-1.74949
-1.7495
-1.7495
-1.74951
-1.74951
-1.74951
-1.74952
-1.74952
-1.74953
-1.74953
-1.74954
-1.74954
-1.74955
-1.74955
-1.74956
-1.74956
-1.74957
-1.74957
-1.74958
-1.74958
-1.74959
-1.7496
-1.7496
-1.74961
-1.74961
-1.74962
-1.74962
-1.74963
-1.74963
-1.74964
-1.74965
-1.74965
-1.74966
-1.74966
-1.74967
-1.74968
-1.74968
-1.74969
-1.74969
