0.8801
0.8801
0.8801
0.8801
0.880099
0.880099
0.880098
0.880097
0.880096
0.880095
0.880094
0.880092
0.88009
0.880088
0.880086
0.880083
0.88008
0.880078
0.880074
0.880071
0.880067
0.880063
0.880059
0.880055
0.88005
0.880046
0.880041
0.880035
0.88003
0.880024
0.880018
0.880011
0.880005
0.879998
0.879991
0.879984
0.879976
0.879968
0.87996
0.879952
0.879943
0.879935
0.879925
0.879916
0.879907
0.879897
0.879887
0.879876
0.879866
0.879855
0.879844
0.879833
0.879821
0.879809
0.879797
0.879785
0.879773
0.87976
0.879747
0.879734
0.879721
0.879707
0.879693
0.879679
0.879665
0.879651
0.879636
0.879622
0.879607
0.879591
0.879576
0.879561
0.879545
0.879529
0.879513
0.879497
0.879481
0.879464
0.879448
0.879431
0.879414
0.879397
0.87938
0.879363
0.879346
0.879328
0.879311
0.879293
0.879275
0.879257
0.879239
0.879221
0.879203
0.879185
0.879167
0.879149
0.879131
0.879112
0.879094
0.879076
0.879057
0.879039
0.87902
0.879002
0.878983
0.878965
0.878946
0.878928
0.878909
0.878891
0.878873
0.878854
0.878836
0.878818
0.878799
0.878781
0.878763
0.878745
0.878727
0.878709
0.878691
0.878673
0.878656
0.878638
0.878621
0.878603
0.878586
0.878569
0.878551
0.878535
0.878518
0.878501
0.878484
0.878468
0.878451
0.878435
0.878419
0.878403
0.878387
0.878372
0.878356
0.878341
0.878326
0.878311
0.878296
0.878281
0.878266
0.878252
0.878238
0.878224
0.87821
0.878196
0.878183
0.878169
0.878156
0.878143
0.87813
0.878118
0.878105
0.878093
0.878081
0.878069
0.878057
0.878045
0.878034
0.878022
0.878011
0.878
0.87799
0.877979
0.877968
0.877958
0.877948
0.877938
0.877928
0.877919
0.877909
0.8779
0.877891
0.877882
0.877873
0.877864
0.877855
0.877847
0.877839
0.87783
0.877822
0.877814
0.877806
0.877799
0.877791
0.877783
0.877776
0.877769
0.877761
0.877754
0.877747
0.87774
0.877733
0.877726
0.877719
0.877713
0.877706
0.877699
0.877693
0.877686
0.877679
0.877673
0.877666
0.87766
0.877653
0.877647
0.87764
0.877633
0.877627
0.87762
0.877613
0.877607
0.8776
0.877593
0.877586
0.877579
0.877572
0.877565
0.877558
0.877551
0.877543
0.877536
0.877528
0.87752
0.877512
0.877504
0.877496
0.877488
0.877479
0.877471
0.877462
0.877453
0.877443
0.877434
0.877424
0.877415
0.877404
0.877394
0.877384
0.877373
0.877362
0.877351
0.877339
0.877327
0.877315
0.877303
0.877291
0.877278
0.877265
0.877251
0.877237
0.877223
0.877209
0.877194
0.877179
0.877163
0.877148
0.877132
0.877115
0.877099
0.877082
0.877065
0.877048
0.877031
0.877013
0.876996
0.876978
0.87696
0.876942
0.876923
0.876905
0.876886
0.876867
0.876847
0.876828
0.876808
0.876788
0.876768
0.876748
0.876728
0.876707
0.876686
0.876665
0.876643
0.876622
0.8766
0.876578
0.876556
0.876533
0.87651
0.876488
0.876464
0.876441
0.876417
0.876393
0.876369
0.876345
0.87632
0.876295
0.87627
0.876245
0.876219
0.876194
0.876167
0.876141
0.876114
0.876088
0.87606
0.876033
0.876005
0.875977
0.875949
0.875921
0.875892
0.875863
0.875833
0.875804
0.875774
0.875744
0.875713
0.875682
0.875651
0.87562
0.875588
0.875556
0.875524
0.875491
0.875459
0.875425
0.875392
0.875358
0.875324
0.875289
0.875255
0.875219
0.875184
0.875148
0.875112
0.875076
0.875039
0.875002
0.874964
0.874926
0.874888
0.87485
0.874811
0.874772
0.874732
0.874692
0.874652
0.874611
0.87457
0.874529
0.874487
0.874445
0.874402
0.874359
0.874316
0.874272
0.874228
0.874184
0.874139
0.874094
0.874048
0.874002
0.873956
0.873909
0.873862
0.873814
0.873767
0.873718
0.873669
0.87362
0.873571
0.873521
0.87347
0.873419
0.873368
0.873317
0.873265
0.873212
0.873159
0.873106
0.873052
0.872998
0.872943
0.872888
0.872833
0.872777
0.872721
0.872664
0.872607
0.87255
0.872492
0.872433
0.872374
0.872315
0.872255
0.872195
0.872135
0.872074
0.872012
0.87195
0.871888
0.871825
0.871762
0.871699
0.871635
0.87157
0.871505
0.87144
0.871374
0.871308
0.871241
0.871174
0.871107
0.871039
0.87097
0.870902
0.870832
0.870763
0.870693
0.870622
0.870551
0.87048
0.870408
0.870336
0.870263
0.87019
0.870117
0.870043
0.869968
0.869894
0.869818
0.869743
0.869667
0.86959
0.869514
0.869436
0.869359
0.869281
0.869202
0.869123
0.869044
0.868964
0.868884
0.868804
0.868723
0.868642
0.86856
0.868478
0.868395
0.868313
0.868229
0.868146
0.868062
0.867977
0.867893
0.867807
0.867722
0.867636
0.86755
0.867463
0.867376
0.867289
0.867201
0.867113
0.867025
0.866936
0.866847
0.866757
0.866667
0.866577
0.866487
0.866396
0.866305
0.866213
0.866121
0.866029
0.865937
0.865844
0.865751
0.865657
0.865563
0.865469
0.865375
0.86528
0.865185
0.865089
0.864994
0.864898
0.864802
0.864705
0.864608
0.864511
0.864413
0.864316
0.864218
0.864119
0.864021
0.863922
0.863823
0.863723
0.863624
0.863524
0.863424
0.863323
0.863222
0.863121
0.86302
0.862919
0.862817
0.862715
0.862613
0.86251
0.862407
0.862304
0.862201
0.862098
0.861994
0.86189
0.861786
0.861681
0.861577
0.861472
0.861367
0.861262
0.861156
0.86105
0.860945
0.860838
0.860732
0.860625
0.860519
0.860412
0.860305
0.860197
0.86009
0.859982
0.859874
0.859766
0.859657
0.859549
0.85944
0.859331
0.859222
0.859113
0.859003
0.858894
0.858784
0.858674
0.858563
0.858453
0.858342
0.858232
0.858121
0.85801
0.857898
0.857787
0.857675
0.857564
0.857452
0.85734
0.857227
0.857115
0.857002
0.856889
0.856776
0.856663
0.85655
0.856437
0.856323
0.856209
0.856095
0.855981
0.855867
0.855753
0.855638
0.855523
0.855408
0.855293
0.855178
0.855063
0.854947
0.854832
0.854716
0.8546
0.854484
0.854367
0.854251
0.854134
0.854018
0.853901
0.853784
0.853667
0.853549
0.853432
0.853314
0.853196
0.853078
0.85296
0.852842
0.852723
0.852605
0.852486
0.852367
0.852248
0.852129
0.852009
0.85189
0.85177
0.85165
0.85153
0.85141
0.85129
0.851169
0.851048
0.850928
0.850807
0.850685
0.850564
0.850443
0.850321
0.850199
0.850077
0.849955
0.849833
0.84971
0.849588
0.849465
0.849342
0.849219
0.849096
0.848972
0.848848
0.848725
0.848601
0.848477
0.848352
0.848228
0.848103
0.847978
0.847853
0.847728
0.847603
0.847477
0.847351
0.847225
0.847099
0.846973
0.846847
0.84672
0.846593
0.846466
0.846339
0.846212
0.846084
0.845957
0.845829
0.845701
0.845572
0.845444
0.845315
0.845186
0.845057
0.844928
0.844799
0.844669
0.844539
0.844409
0.844279
0.844149
0.844018
0.843888
0.843757
0.843626
0.843494
0.843363
0.843231
0.843099
0.842967
0.842835
0.842702
0.842569
0.842436
0.842303
0.84217
0.842036
0.841903
0.841769
0.841635
0.8415
0.841366
0.841231
0.841096
0.840961
0.840826
0.84069
0.840554
0.840418
0.840282
0.840146
0.840009
0.839872
0.839735
0.839598
0.83946
0.839323
0.839185
0.839047
0.838908
0.83877
0.838631
0.838492
0.838353
0.838214
0.838074
0.837934
0.837794
0.837654
0.837514
0.837373
0.837232
0.837091
0.83695
0.836808
0.836666
0.836524
0.836382
0.83624
0.836097
0.835954
0.835811
0.835668
0.835524
0.835381
0.835237
0.835092
0.834948
0.834803
0.834659
0.834514
0.834368
0.834223
0.834077
0.833931
0.833785
0.833639
0.833492
0.833345
0.833198
0.833051
0.832903
0.832756
0.832608
0.832459
0.832311
0.832162
0.832014
0.831865
0.831715
0.831566
0.831416
0.831266
0.831116
0.830965
0.830815
0.830664
0.830513
0.830362
0.83021
0.830058
0.829906
0.829754
0.829602
0.829449
0.829296
0.829143
0.82899
0.828836
0.828682
0.828528
0.828374
0.82822
0.828065
0.82791
0.827755
0.8276
0.827444
0.827288
0.827132
0.826976
0.82682
0.826663
0.826506
0.826349
0.826191
0.826034
0.825876
0.825718
0.82556
0.825401
0.825243
0.825084
0.824925
0.824765
0.824606
0.824446
0.824286
0.824126
0.823965
0.823805
0.823644
0.823483
0.823322
0.82316
0.822998
0.822836
0.822674
0.822512
0.822349
0.822187
0.822024
0.82186
0.821697
0.821533
0.82137
0.821205
0.821041
0.820877
0.820712
0.820547
0.820382
0.820217
0.820052
0.819886
0.81972
0.819554
0.819388
0.819221
0.819055
0.818888
0.818721
0.818554
0.818386
0.818219
0.818051
0.817883
0.817715
0.817547
0.817378
0.81721
0.817041
0.816872
0.816703
0.816533
0.816364
0.816194
0.816024
0.815854
0.815684
0.815514
0.815343
0.815173
0.815002
0.814831
0.81466
0.814489
0.814317
0.814146
0.813974
0.813802
0.81363
0.813458
0.813286
0.813114
0.812941
0.812769
0.812596
0.812423
0.81225
0.812077
0.811904
0.811731
0.811557
0.811384
0.81121
0.811037
0.810863
0.810689
0.810515
0.810341
0.810167
0.809993
0.809818
0.809644
0.80947
0.809295
0.809121
0.808946
0.808772
0.808597
0.808422
0.808247
0.808073
0.807898
0.807723
0.807548
0.807373
0.807198
0.807023
0.806848
0.806673
0.806498
0.806323
0.806148
0.805973
0.805798
0.805624
0.805449
0.805274
0.805099
0.804924
0.804749
0.804575
0.8044
0.804225
0.804051
0.803876
0.803702
0.803527
0.803353
0.803179
0.803005
0.80283
0.802656
0.802483
0.802309
0.802135
0.801962
0.801788
0.801615
0.801442
0.801269
0.801096
0.800923
0.80075
0.800578
0.800405
0.800233
0.800061
0.799889
0.799718
0.799546
0.799375
0.799204
0.799033
0.798862
0.798692
0.798522
0.798351
0.798182
0.798012
0.797843
0.797673
0.797504
0.797336
0.797167
0.796999
0.796831
0.796664
0.796496
0.796329
0.796162
0.795996
0.795829
0.795663
0.795498
0.795332
0.795167
0.795003
0.794838
0.794674
0.79451
0.794347
0.794184
0.794021
0.793859
0.793697
0.793535
0.793373
0.793212
0.793052
0.792892
0.792732
0.792572
0.792413
0.792254
0.792096
0.791938
0.791781
0.791624
0.791467
0.791311
0.791155
0.790999
0.790844
0.79069
0.790536
0.790382
0.790229
0.790076
0.789923
0.789771
0.78962
0.789469
0.789318
0.789168
0.789019
0.78887
0.788721
0.788573
0.788425
0.788278
0.788131
0.787985
0.787839
0.787694
0.787549
0.787405
0.787261
0.787118
0.786975
0.786833
0.786691
0.78655
0.78641
0.78627
0.78613
0.785991
0.785852
0.785714
0.785577
0.78544
0.785303
0.785167
0.785032
0.784897
0.784763
0.784629
0.784496
0.784363
0.784231
0.784099
0.783968
0.783838
0.783708
0.783578
0.783449
0.783321
0.783193
0.783066
0.782939
0.782813
0.782688
0.782563
0.782438
0.782314
0.782191
0.782068
0.781945
0.781824
0.781702
0.781582
0.781461
0.781342
0.781223
0.781104
0.780986
0.780869
0.780752
0.780635
0.78052
0.780404
0.780289
0.780175
0.780061
0.779948
0.779835
0.779723
0.779612
0.7795
0.77939
0.77928
0.77917
0.779061
0.778952
0.778844
0.778737
0.77863
0.778523
0.778417
0.778311
0.778206
0.778101
0.777997
0.777894
0.77779
0.777688
0.777585
0.777483
0.777382
0.777281
0.777181
0.777081
0.776981
0.776882
0.776783
0.776685
0.776587
0.77649
0.776393
0.776297
0.776201
0.776105
0.77601
0.775915
0.77582
0.775726
0.775632
0.775539
0.775446
0.775354
0.775262
0.77517
0.775078
0.774987
0.774897
0.774806
0.774716
0.774627
0.774537
0.774448
0.77436
0.774271
0.774183
0.774096
0.774008
0.773921
0.773834
0.773748
0.773662
0.773576
0.77349
0.773405
0.77332
0.773235
0.77315
0.773066
0.772982
0.772898
0.772815
0.772731
0.772648
0.772565
0.772483
0.7724
0.772318
0.772236
0.772154
0.772072
0.771991
0.77191
0.771829
0.771748
0.771667
0.771586
0.771506
0.771426
0.771346
0.771266
0.771186
0.771106
0.771026
0.770947
0.770868
0.770788
0.770709
0.77063
0.770551
0.770473
0.770394
0.770315
0.770237
0.770158
0.77008
0.770001
0.769923
0.769845
0.769767
0.769689
0.76961
0.769532
0.769454
0.769376
0.769298
0.76922
0.769142
0.769064
0.768987
0.768909
0.768831
0.768753
0.768675
0.768597
0.768519
0.768441
0.768363
0.768284
0.768206
0.768128
0.76805
0.767972
0.767893
0.767815
0.767736
0.767658
0.767579
0.767501
0.767422
0.767343
0.767264
0.767185
0.767106
0.767027
0.766947
0.766868
0.766788
0.766709
0.766629
0.766549
0.766469
0.766389
0.766309
0.766229
0.766148
0.766067
0.765987
0.765906
0.765825
0.765743
0.765662
0.76558
0.765499
0.765417
0.765335
0.765253
0.76517
0.765088
0.765005
0.764922
0.764839
0.764756
0.764673
0.764589
0.764505
0.764421
0.764337
0.764253
0.764168
0.764083
0.763998
0.763913
0.763828
0.763742
0.763656
0.76357
0.763484
0.763398
0.763311
0.763224
0.763137
0.76305
0.762962
0.762874
0.762786
0.762698
0.762609
0.762521
0.762432
0.762343
0.762253
0.762163
0.762074
0.761983
0.761893
0.761802
0.761711
0.76162
0.761529
0.761437
0.761345
0.761253
0.761161
0.761068
0.760976
0.760882
0.760789
0.760695
0.760601
0.760507
0.760413
0.760318
0.760223
0.760128
0.760033
0.759937
0.759841
0.759745
0.759648
0.759552
0.759455
0.759357
0.75926
0.759162
0.759064
0.758965
0.758867
0.758768
0.758669
0.758569
0.75847
0.75837
0.75827
0.758169
0.758068
0.757967
0.757866
0.757765
0.757663
0.757561
0.757459
0.757356
0.757253
0.75715
0.757047
0.756943
0.756839
0.756735
0.75663
0.756526
0.756421
0.756315
0.75621
0.756104
0.755998
0.755892
0.755785
0.755679
0.755571
0.755464
0.755357
0.755249
0.755141
0.755032
0.754924
0.754815
0.754706
0.754596
0.754487
0.754377
0.754266
0.754156
0.754045
0.753934
0.753823
0.753712
0.7536
0.753488
0.753376
0.753264
0.753151
0.753038
0.752925
0.752812
0.752698
0.752584
0.75247
0.752356
0.752241
0.752126
0.752011
0.751896
0.75178
0.751665
0.751549
0.751433
0.751316
0.751199
0.751082
0.750965
0.750848
0.75073
0.750613
0.750495
0.750376
0.750258
0.750139
0.75002
0.749901
0.749782
0.749662
0.749543
0.749423
0.749302
0.749182
0.749062
0.748941
0.74882
0.748699
0.748577
0.748456
0.748334
0.748212
0.74809
0.747967
0.747845
0.747722
0.747599
0.747476
0.747353
0.747229
0.747105
0.746982
0.746858
0.746733
0.746609
0.746484
0.74636
0.746235
0.74611
0.745985
0.745859
0.745734
0.745608
0.745482
0.745356
0.74523
0.745104
0.744977
0.74485
0.744724
0.744597
0.74447
0.744342
0.744215
0.744088
0.74396
0.743832
0.743704
0.743576
0.743448
0.74332
0.743191
0.743063
0.742934
0.742805
0.742676
0.742547
0.742418
0.742289
0.74216
0.74203
0.741901
0.741771
0.741641
0.741511
0.741381
0.741251
0.741121
0.740991
0.740861
0.74073
0.7406
0.740469
0.740339
0.740208
0.740077
0.739946
0.739815
0.739684
0.739553
0.739422
0.739291
0.739159
0.739028
0.738897
0.738765
0.738634
0.738502
0.738371
0.738239
0.738107
0.737976
0.737844
0.737712
0.73758
0.737448
0.737316
0.737184
0.737052
0.73692
0.736788
0.736656
0.736524
0.736392
0.73626
0.736128
0.735996
0.735864
0.735732
0.7356
0.735468
0.735336
0.735203
0.735071
0.734939
0.734807
0.734675
0.734543
0.734411
0.734279
0.734147
0.734015
0.733883
0.733751
0.733619
0.733488
0.733356
0.733224
0.733092
0.73296
0.732829
0.732697
0.732566
0.732434
0.732303
0.732171
0.73204
0.731908
0.731777
0.731646
0.731515
0.731384
0.731253
0.731122
0.730991
0.73086
0.730729
0.730599
0.730468
0.730338
0.730207
0.730077
0.729946
0.729816
0.729686
0.729556
0.729426
0.729296
0.729167
0.729037
0.728908
0.728778
0.728649
0.728519
0.72839
0.728261
0.728132
0.728004
0.727875
0.727746
0.727618
0.727489
0.727361
0.727233
0.727105
0.726977
0.726849
0.726721
0.726594
0.726467
0.726339
0.726212
0.726085
0.725958
0.725831
0.725705
0.725578
0.725452
0.725326
0.725199
0.725074
0.724948
0.724822
0.724697
0.724571
0.724446
0.724321
0.724196
0.724071
0.723946
0.723822
0.723698
0.723573
0.723449
0.723325
0.723202
0.723078
0.722955
0.722831
0.722708
0.722585
0.722463
0.72234
0.722218
0.722095
0.721973
0.721851
0.72173
0.721608
0.721487
0.721365
0.721244
0.721123
0.721002
0.720882
0.720761
0.720641
0.720521
0.720401
0.720282
0.720162
0.720043
0.719924
0.719805
0.719686
0.719567
0.719449
0.71933
0.719212
0.719094
0.718977
0.718859
0.718742
0.718625
0.718508
0.718391
0.718274
0.718158
0.718042
0.717926
0.71781
0.717694
0.717579
0.717464
0.717349
0.717234
0.717119
0.717005
0.71689
0.716776
0.716662
0.716549
0.716435
0.716322
0.716209
0.716096
0.715983
0.71587
0.715758
0.715646
0.715534
0.715422
0.715311
0.7152
0.715088
0.714978
0.714867
0.714756
0.714646
0.714536
0.714426
0.714316
0.714207
0.714098
0.713988
0.71388
0.713771
0.713662
0.713554
0.713446
0.713338
0.713231
0.713123
0.713016
0.712909
0.712802
0.712696
0.712589
0.712483
0.712377
0.712271
0.712166
0.712061
0.711955
0.711851
0.711746
0.711641
0.711537
0.711433
0.711329
0.711226
0.711122
0.711019
0.710916
0.710813
0.710711
0.710608
0.710506
0.710404
0.710303
0.710201
0.7101
0.709999
0.709898
0.709797
0.709697
0.709597
0.709497
0.709397
0.709297
0.709198
0.709099
0.709
0.708901
0.708803
0.708704
0.708606
0.708509
0.708411
0.708314
0.708216
0.708119
0.708023
0.707926
0.70783
0.707734
0.707638
0.707542
0.707446
0.707351
0.707256
0.707161
0.707067
0.706972
0.706878
0.706784
0.70669
0.706597
0.706503
0.70641
0.706317
0.706224
0.706132
0.70604
0.705947
0.705855
0.705764
0.705672
0.705581
0.70549
0.705399
0.705308
0.705218
0.705127
0.705037
0.704947
0.704858
0.704768
0.704679
0.70459
0.704501
0.704412
0.704323
0.704235
0.704147
0.704059
0.703971
0.703883
0.703796
0.703709
0.703622
0.703535
0.703448
0.703362
0.703275
0.703189
0.703103
0.703017
0.702931
0.702846
0.702761
0.702675
0.70259
0.702505
0.702421
0.702336
0.702252
0.702168
0.702083
0.701999
0.701916
0.701832
0.701748
0.701665
0.701582
0.701499
0.701416
0.701333
0.70125
0.701168
0.701085
0.701003
0.70092
0.700838
0.700756
0.700674
0.700593
0.700511
0.700429
0.700348
0.700266
0.700185
0.700104
0.700023
0.699942
0.699861
0.69978
0.699699
0.699618
0.699538
0.699457
0.699376
0.699296
0.699215
0.699135
0.699055
0.698974
0.698894
0.698814
0.698733
0.698653
0.698573
0.698493
0.698413
0.698333
0.698252
0.698172
0.698092
0.698012
0.697932
0.697852
0.697771
0.697691
0.697611
0.697531
0.69745
0.69737
0.69729
0.697209
0.697129
0.697048
0.696967
0.696887
0.696806
0.696725
0.696644
0.696563
0.696482
0.696401
0.69632
0.696238
0.696157
0.696075
0.695993
0.695911
0.695829
0.695747
0.695665
0.695582
0.6955
0.695417
0.695334
0.695251
0.695167
0.695084
0.695
0.694916
0.694832
0.694748
0.694664
0.694579
0.694494
0.694409
0.694323
0.694238
0.694152
0.694066
0.69398
0.693893
0.693806
0.693719
0.693631
0.693544
0.693456
0.693368
0.693279
0.69319
0.693101
0.693011
0.692922
0.692831
0.692741
0.69265
0.692559
0.692467
0.692375
0.692283
0.692191
0.692098
0.692004
0.69191
0.691816
0.691722
0.691627
0.691531
0.691436
0.691339
0.691243
0.691146
0.691048
0.69095
0.690852
0.690753
0.690654
0.690554
0.690454
0.690353
0.690252
0.69015
0.690048
0.689945
0.689842
0.689739
0.689634
0.68953
0.689424
0.689319
0.689212
0.689105
0.688998
0.68889
0.688781
0.688672
0.688563
0.688452
0.688342
0.68823
0.688118
0.688006
0.687893
0.687779
0.687664
0.687549
0.687434
0.687318
0.687201
0.687083
0.686965
0.686846
0.686727
0.686607
0.686486
0.686365
0.686243
0.68612
0.685997
0.685873
0.685748
0.685622
0.685496
0.68537
0.685242
0.685114
0.684985
0.684856
0.684725
0.684594
0.684463
0.68433
0.684197
0.684063
0.683928
0.683793
0.683657
0.68352
0.683383
0.683244
0.683105
0.682966
0.682825
0.682684
0.682542
0.682399
0.682255
0.682111
0.681966
0.68182
0.681674
0.681526
0.681378
0.681229
0.681079
0.680929
0.680778
0.680625
0.680473
0.680319
0.680165
0.680009
0.679853
0.679697
0.679539
0.679381
0.679222
0.679062
0.678901
0.67874
0.678577
0.678414
0.67825
0.678086
0.67792
0.677754
0.677587
0.677419
0.67725
0.677081
0.676911
0.67674
0.676568
0.676396
0.676222
0.676048
0.675873
0.675697
0.675521
0.675344
0.675165
0.674987
0.674807
0.674627
0.674445
0.674263
0.674081
0.673897
0.673713
0.673528
0.673342
0.673156
0.672968
0.67278
0.672591
0.672402
0.672212
0.672021
0.671829
0.671636
0.671443
0.671249
0.671054
0.670859
0.670663
0.670466
0.670268
0.67007
0.669871
0.669671
0.66947
0.669269
0.669068
0.668865
0.668662
0.668458
0.668253
0.668048
0.667842
0.667636
0.667428
0.667221
0.667012
0.666803
0.666593
0.666383
0.666172
0.66596
0.665748
0.665535
0.665321
0.665107
0.664893
0.664677
0.664461
0.664245
0.664028
0.66381
0.663592
0.663373
0.663154
0.662934
0.662714
0.662493
0.662272
0.66205
0.661828
0.661605
0.661381
0.661157
0.660933
0.660708
0.660483
0.660257
0.660031
0.659804
0.659577
0.65935
0.659122
0.658893
0.658665
0.658435
0.658206
0.657976
0.657745
0.657515
0.657284
0.657052
0.65682
0.656588
0.656356
0.656123
0.65589
0.655656
0.655422
0.655188
0.654954
0.654719
0.654485
0.654249
0.654014
0.653778
0.653542
0.653306
0.65307
0.652833
0.652597
0.65236
0.652122
0.651885
0.651648
0.65141
0.651172
0.650934
0.650696
0.650458
0.650219
0.649981
0.649742
0.649503
0.649265
0.649026
0.648787
0.648548
0.648309
0.64807
0.647831
0.647591
0.647352
0.647113
0.646874
0.646635
0.646395
0.646156
0.645917
0.645678
0.645439
0.6452
0.644961
0.644722
0.644484
0.644245
0.644006
0.643768
0.64353
0.643291
0.643053
0.642815
0.642578
0.64234
0.642103
0.641865
0.641628
0.641391
0.641155
0.640918
0.640682
0.640446
0.64021
0.639974
0.639739
0.639504
0.639269
0.639035
0.6388
0.638566
0.638333
0.638099
0.637866
0.637634
0.637401
0.637169
0.636937
0.636706
0.636475
0.636244
0.636014
0.635784
0.635555
0.635326
0.635097
0.634869
0.634641
0.634413
0.634186
0.63396
0.633733
0.633508
0.633282
0.633058
0.632833
0.632609
0.632386
0.632163
0.631941
0.631719
0.631498
0.631277
0.631057
0.630837
0.630617
0.630399
0.630181
0.629963
0.629746
0.629529
0.629313
0.629098
0.628883
0.628669
0.628455
0.628242
0.62803
0.627818
0.627607
0.627396
0.627186
0.626977
0.626768
0.62656
0.626352
0.626146
0.625939
0.625734
0.625529
0.625325
0.625121
0.624918
0.624716
0.624514
0.624313
0.624113
0.623913
0.623715
0.623516
0.623319
0.623122
0.622926
0.62273
0.622536
0.622342
0.622148
0.621956
0.621764
0.621573
0.621382
0.621192
0.621003
0.620815
0.620627
0.62044
0.620254
0.620069
0.619884
0.6197
0.619517
0.619334
0.619152
0.618971
0.618791
0.618611
0.618432
0.618254
0.618076
0.6179
0.617724
0.617548
0.617374
0.6172
0.617027
0.616855
0.616683
0.616512
0.616342
0.616173
0.616004
0.615836
0.615669
0.615502
0.615336
0.615171
0.615007
0.614843
0.61468
0.614518
0.614356
0.614196
0.614036
0.613876
0.613717
0.613559
0.613402
0.613245
0.61309
0.612934
0.61278
0.612626
0.612473
0.61232
0.612168
0.612017
0.611867
0.611717
0.611568
0.611419
0.611271
0.611124
0.610978
0.610832
0.610686
0.610542
0.610398
0.610254
0.610111
0.609969
0.609828
0.609687
0.609546
0.609407
0.609267
0.609129
0.608991
0.608853
0.608717
0.60858
0.608445
0.608309
0.608175
0.608041
0.607907
0.607774
0.607642
0.60751
0.607378
0.607247
0.607117
0.606987
0.606857
0.606728
0.6066
0.606472
0.606344
0.606217
0.606091
0.605965
0.605839
0.605714
0.605589
0.605464
0.60534
0.605217
0.605093
0.604971
0.604848
0.604726
0.604604
0.604483
0.604362
0.604241
0.604121
0.604001
0.603882
0.603762
0.603644
0.603525
0.603407
0.603289
0.603171
0.603053
0.602936
0.602819
0.602703
0.602586
0.60247
0.602354
0.602238
0.602123
0.602008
0.601893
0.601778
0.601663
0.601549
0.601434
0.60132
0.601206
0.601092
0.600979
0.600865
0.600752
0.600639
0.600526
0.600412
0.6003
0.600187
0.600074
0.599961
0.599849
0.599736
0.599624
0.599511
0.599399
0.599287
0.599174
0.599062
0.59895
0.598838
0.598725
0.598613
0.598501
0.598389
0.598276
0.598164
0.598052
0.597939
0.597827
0.597714
0.597601
0.597489
0.597376
0.597263
0.59715
0.597037
0.596924
0.59681
0.596697
0.596583
0.59647
0.596356
0.596242
0.596128
0.596013
0.595899
0.595784
0.595669
0.595554
0.595439
0.595324
0.595208
0.595092
0.594976
0.59486
0.594743
0.594626
0.594509
0.594392
0.594275
0.594157
0.594039
0.593921
0.593802
0.593683
0.593564
0.593445
0.593325
0.593205
0.593084
0.592964
0.592843
0.592722
0.5926
0.592478
0.592356
0.592233
0.59211
0.591987
0.591863
0.591739
0.591615
0.59149
0.591365
0.59124
0.591114
0.590988
0.590861
0.590734
0.590607
0.590479
0.590351
0.590223
0.590094
0.589964
0.589835
0.589704
0.589574
0.589443
0.589311
0.58918
0.589047
0.588915
0.588782
0.588648
0.588514
0.58838
0.588245
0.588109
0.587974
0.587837
0.587701
0.587564
0.587426
0.587288
0.58715
0.587011
0.586872
0.586732
0.586591
0.586451
0.586309
0.586168
0.586026
0.585883
0.58574
0.585597
0.585453
0.585308
0.585163
0.585018
0.584872
0.584726
0.584579
0.584432
0.584284
0.584136
0.583987
0.583838
0.583688
0.583538
0.583388
0.583237
0.583085
0.582933
0.582781
0.582628
0.582475
0.582321
0.582167
0.582012
0.581857
0.581701
0.581545
0.581388
0.581231
0.581074
0.580916
0.580758
0.580599
0.58044
0.58028
0.58012
0.579959
0.579798
0.579637
0.579475
0.579312
0.579149
0.578986
0.578823
0.578658
0.578494
0.578329
0.578164
0.577998
0.577832
0.577665
0.577498
0.577331
0.577163
0.576995
0.576826
0.576657
0.576487
0.576318
0.576147
0.575977
0.575806
0.575634
0.575463
0.57529
0.575118
0.574945
0.574772
0.574598
0.574424
0.57425
0.574075
0.5739
0.573725
0.573549
0.573373
0.573197
0.57302
0.572843
0.572665
0.572488
0.57231
0.572131
0.571953
0.571774
0.571594
0.571415
0.571235
0.571055
0.570874
0.570693
0.570512
0.570331
0.57015
0.569968
0.569786
0.569603
0.56942
0.569238
0.569054
0.568871
0.568687
0.568503
0.568319
0.568135
0.56795
0.567765
0.56758
0.567395
0.567209
0.567024
0.566838
0.566652
0.566465
0.566279
0.566092
0.565905
0.565718
0.565531
0.565343
0.565156
0.564968
0.56478
0.564592
0.564404
0.564215
0.564026
0.563838
0.563649
0.56346
0.563271
0.563081
0.562892
0.562702
0.562513
0.562323
0.562133
0.561943
0.561753
0.561563
0.561372
0.561182
0.560991
0.560801
0.56061
0.560419
0.560228
0.560037
0.559846
0.559655
0.559464
0.559273
0.559082
0.55889
0.558699
0.558508
0.558316
0.558125
0.557933
0.557742
0.55755
0.557358
0.557167
0.556975
0.556783
0.556591
0.5564
0.556208
0.556016
0.555824
0.555633
0.555441
0.555249
0.555057
0.554865
0.554674
0.554482
0.55429
0.554098
0.553907
0.553715
0.553523
0.553332
0.55314
0.552949
0.552757
0.552565
0.552374
0.552183
0.551991
0.5518
0.551609
0.551417
0.551226
0.551035
0.550844
0.550653
0.550462
0.550271
0.55008
0.54989
0.549699
0.549508
0.549318
0.549127
0.548937
0.548747
0.548556
0.548366
0.548176
0.547986
0.547796
0.547606
0.547417
0.547227
0.547037
0.546848
0.546658
0.546469
0.54628
0.546091
0.545902
0.545713
0.545524
0.545336
0.545147
0.544958
0.54477
0.544582
0.544394
0.544206
0.544018
0.54383
0.543642
0.543454
0.543267
0.543079
0.542892
0.542705
0.542518
0.542331
0.542144
0.541957
0.541771
0.541584
0.541398
0.541212
0.541025
0.540839
0.540653
0.540468
0.540282
0.540096
0.539911
0.539726
0.53954
0.539355
0.53917
0.538986
0.538801
0.538616
0.538432
0.538247
0.538063
0.537879
0.537695
0.537511
0.537327
0.537144
0.53696
0.536777
0.536594
0.53641
0.536227
0.536044
0.535862
0.535679
0.535496
0.535314
0.535132
0.534949
0.534767
0.534585
0.534403
0.534222
0.53404
0.533858
0.533677
0.533496
0.533315
0.533133
0.532952
0.532772
0.532591
0.53241
0.53223
0.532049
0.531869
0.531689
0.531509
0.531329
0.531149
0.530969
0.530789
0.53061
0.53043
0.530251
0.530072
0.529893
0.529714
0.529535
0.529356
0.529177
0.528998
0.52882
0.528641
0.528463
0.528285
0.528107
0.527928
0.52775
0.527573
0.527395
0.527217
0.527039
0.526862
0.526684
0.526507
0.52633
0.526152
0.525975
0.525798
0.525621
0.525444
0.525268
0.525091
0.524914
0.524738
0.524561
0.524385
0.524209
0.524032
0.523856
0.52368
0.523504
0.523328
0.523152
0.522976
0.522801
0.522625
0.522449
0.522274
0.522098
0.521923
0.521748
0.521572
0.521397
0.521222
0.521047
0.520872
0.520697
0.520522
0.520347
0.520172
0.519998
0.519823
0.519648
0.519474
0.519299
0.519125
0.51895
0.518776
0.518602
0.518427
0.518253
0.518079
0.517905
0.517731
0.517557
0.517383
0.517209
0.517035
0.516861
0.516688
0.516514
0.51634
0.516166
0.515993
0.515819
0.515646
0.515472
0.515299
0.515125
0.514952
0.514779
0.514605
0.514432
0.514259
0.514086
0.513913
0.51374
0.513566
0.513393
0.51322
0.513047
0.512874
0.512702
0.512529
0.512356
0.512183
0.51201
0.511837
0.511665
0.511492
0.511319
0.511147
0.510974
0.510801
0.510629
0.510456
0.510284
0.510111
0.509939
0.509766
0.509594
0.509422
0.509249
0.509077
0.508905
0.508732
0.50856
0.508388
0.508216
0.508043
0.507871
0.507699
0.507527
0.507355
0.507183
0.507011
0.506839
0.506667
0.506495
0.506323
0.506151
0.505979
0.505807
0.505635
0.505463
0.505291
0.505119
0.504947
0.504776
0.504604
0.504432
0.50426
0.504088
0.503917
0.503745
0.503573
0.503401
0.50323
0.503058
0.502886
0.502715
0.502543
0.502372
0.5022
0.502028
0.501857
0.501685
0.501514
0.501342
0.501171
0.500999
0.500828
0.500656
0.500485
0.500313
0.500142
0.49997
0.499799
0.499627
0.499456
0.499285
0.499113
0.498942
0.498771
0.498599
0.498428
0.498256
0.498085
0.497914
0.497742
0.497571
0.4974
0.497229
0.497057
0.496886
0.496715
0.496543
0.496372
0.496201
0.49603
0.495858
0.495687
0.495516
0.495344
0.495173
0.495002
0.494831
0.494659
0.494488
0.494317
0.494146
0.493974
0.493803
0.493632
0.493461
0.493289
0.493118
0.492947
0.492776
0.492604
0.492433
0.492262
0.492091
0.491919
0.491748
0.491577
0.491405
0.491234
0.491063
0.490891
0.49072
0.490549
0.490377
0.490206
0.490035
0.489863
0.489692
0.48952
0.489349
0.489178
0.489006
0.488835
0.488663
0.488492
0.48832
0.488149
0.487977
0.487805
0.487634
0.487462
0.487291
0.487119
0.486947
0.486775
0.486604
0.486432
0.48626
0.486088
0.485917
0.485745
0.485573
0.485401
0.485229
0.485057
0.484885
0.484713
0.484541
0.484369
0.484196
0.484024
0.483852
0.48368
0.483508
0.483335
0.483163
0.48299
0.482818
0.482645
0.482473
0.4823
0.482128
0.481955
0.481782
0.48161
0.481437
0.481264
0.481091
0.480918
0.480745
0.480572
0.480399
0.480226
0.480053
0.479879
0.479706
0.479533
0.479359
0.479186
0.479012
0.478839
0.478665
0.478491
0.478317
0.478144
0.47797
0.477796
0.477622
0.477447
0.477273
0.477099
0.476925
0.47675
0.476576
0.476401
0.476227
0.476052
0.475877
0.475703
0.475528
0.475353
0.475178
0.475003
0.474827
0.474652
0.474477
0.474301
0.474126
0.47395
0.473774
0.473599
0.473423
0.473247
0.473071
0.472895
0.472719
0.472542
0.472366
0.47219
0.472013
0.471836
0.47166
0.471483
0.471306
0.471129
0.470952
0.470775
0.470597
0.47042
0.470242
0.470065
0.469887
0.469709
0.469532
0.469354
0.469176
0.468997
0.468819
0.468641
0.468462
0.468284
0.468105
0.467926
0.467747
0.467568
0.467389
0.46721
0.467031
0.466851
0.466672
0.466492
0.466313
0.466133
0.465953
0.465773
0.465593
0.465412
0.465232
0.465052
0.464871
0.46469
0.464509
0.464329
0.464148
0.463966
0.463785
0.463604
0.463422
0.463241
0.463059
0.462877
0.462695
0.462513
0.462331
0.462149
0.461966
0.461784
0.461601
0.461419
0.461236
0.461053
0.46087
0.460687
0.460503
0.46032
0.460136
0.459953
0.459769
0.459585
0.459401
0.459217
0.459033
0.458849
0.458664
0.45848
0.458295
0.45811
0.457925
0.45774
0.457555
0.45737
0.457185
0.456999
0.456814
0.456628
0.456442
0.456256
0.45607
0.455884
0.455698
0.455512
0.455325
0.455139
0.454952
0.454765
0.454578
0.454391
0.454204
0.454017
0.453829
0.453642
0.453454
0.453267
0.453079
0.452891
0.452703
0.452515
0.452327
0.452138
0.45195
0.451762
0.451573
0.451384
0.451195
0.451006
0.450817
0.450628
0.450439
0.450249
0.45006
0.44987
0.449681
0.449491
0.449301
0.449111
0.448921
0.448731
0.44854
0.44835
0.44816
0.447969
0.447778
0.447588
0.447397
0.447206
0.447015
0.446823
0.446632
0.446441
0.446249
0.446058
0.445866
0.445674
0.445483
0.445291
0.445099
0.444906
0.444714
0.444522
0.444329
0.444137
0.443944
0.443752
0.443559
0.443366
0.443173
0.44298
0.442787
0.442594
0.442401
0.442207
0.442014
0.44182
0.441626
0.441433
0.441239
0.441045
0.440851
0.440657
0.440463
0.440269
0.440074
0.43988
0.439685
0.439491
0.439296
0.439102
0.438907
0.438712
0.438517
0.438322
0.438127
0.437932
0.437736
0.437541
0.437346
0.43715
0.436954
0.436759
0.436563
0.436367
0.436171
0.435975
0.435779
0.435583
0.435387
0.435191
0.434994
0.434798
0.434602
0.434405
0.434208
0.434012
0.433815
0.433618
0.433421
0.433224
0.433027
0.43283
0.432633
0.432436
0.432238
0.432041
0.431844
0.431646
0.431448
0.431251
0.431053
0.430855
0.430657
0.43046
0.430262
0.430064
0.429865
0.429667
0.429469
0.429271
0.429072
0.428874
0.428676
0.428477
0.428278
0.42808
0.427881
0.427682
0.427483
0.427285
0.427086
0.426887
0.426687
0.426488
0.426289
0.42609
0.425891
0.425691
0.425492
0.425292
0.425093
0.424893
0.424694
0.424494
0.424294
0.424094
0.423895
0.423695
0.423495
0.423295
0.423095
0.422895
0.422695
0.422494
0.422294
0.422094
0.421893
0.421693
0.421493
0.421292
0.421092
0.420891
0.420691
0.42049
0.420289
0.420089
0.419888
0.419687
0.419486
0.419285
0.419084
0.418883
0.418682
0.418481
0.41828
0.418079
0.417878
0.417677
0.417476
0.417274
0.417073
0.416872
0.41667
0.416469
0.416268
0.416066
0.415865
0.415663
0.415462
0.41526
0.415059
0.414857
0.414656
0.414454
0.414252
0.414051
0.413849
0.413647
0.413446
0.413244
0.413042
0.41284
0.412639
0.412437
0.412235
0.412033
0.411831
0.41163
0.411428
0.411226
0.411024
0.410822
0.410621
0.410419
0.410217
0.410015
0.409813
0.409611
0.40941
0.409208
0.409006
0.408804
0.408602
0.408401
0.408199
0.407997
0.407795
0.407594
0.407392
0.40719
0.406988
0.406787
0.406585
0.406384
0.406182
0.40598
0.405779
0.405577
0.405376
0.405174
0.404973
0.404772
0.40457
0.404369
0.404168
0.403966
0.403765
0.403564
0.403363
0.403162
0.402961
0.40276
0.402559
0.402358
0.402157
0.401956
0.401756
0.401555
0.401355
0.401154
0.400953
0.400753
0.400553
0.400352
0.400152
0.399952
0.399752
0.399552
0.399352
0.399152
0.398952
0.398753
0.398553
0.398353
0.398154
0.397955
0.397755
0.397556
0.397357
0.397158
0.396959
0.39676
0.396561
0.396363
0.396164
0.395965
0.395767
0.395569
0.395371
0.395172
0.394975
0.394777
0.394579
0.394381
0.394184
0.393986
0.393789
0.393592
0.393395
0.393198
0.393001
0.392804
0.392608
0.392411
0.392215
0.392018
0.391822
0.391626
0.391431
0.391235
0.391039
0.390844
0.390648
0.390453
0.390258
0.390063
0.389869
0.389674
0.38948
0.389285
0.389091
0.388897
0.388703
0.388509
0.388316
0.388122
0.387929
0.387736
0.387543
0.38735
0.387158
0.386965
0.386773
0.38658
0.386388
0.386197
0.386005
0.385813
0.385622
0.385431
0.38524
0.385049
0.384858
0.384668
0.384477
0.384287
0.384097
0.383907
0.383718
0.383528
0.383339
0.38315
0.382961
0.382772
0.382583
0.382395
0.382207
0.382018
0.381831
0.381643
0.381455
0.381268
0.381081
0.380894
0.380707
0.38052
0.380334
0.380148
0.379962
0.379776
0.37959
0.379405
0.379219
0.379034
0.378849
0.378664
0.37848
0.378295
0.378111
0.377927
0.377743
0.37756
0.377376
0.377193
0.37701
0.376827
0.376645
0.376462
0.37628
0.376098
0.375916
0.375734
0.375553
0.375371
0.37519
0.375009
0.374828
0.374648
0.374468
0.374287
0.374107
0.373928
0.373748
0.373568
0.373389
0.37321
0.373031
0.372853
0.372674
0.372496
0.372318
0.37214
0.371962
0.371785
0.371607
0.37143
0.371253
0.371076
0.3709
0.370723
0.370547
0.370371
0.370195
0.37002
0.369844
0.369669
0.369494
0.369319
0.369144
0.36897
0.368795
0.368621
0.368447
0.368273
0.368099
0.367926
0.367753
0.36758
0.367407
0.367234
0.367061
0.366889
0.366717
0.366545
0.366373
0.366201
0.36603
0.365858
0.365687
0.365516
0.365345
0.365175
0.365004
0.364834
0.364664
0.364494
0.364324
0.364154
0.363985
0.363815
0.363646
0.363477
0.363309
0.36314
0.362971
0.362803
0.362635
0.362467
0.362299
0.362132
0.361964
0.361797
0.36163
0.361463
0.361296
0.361129
0.360963
0.360796
0.36063
0.360464
0.360298
0.360133
0.359967
0.359802
0.359636
0.359471
0.359307
0.359142
0.358977
0.358813
0.358648
0.358484
0.35832
0.358156
0.357993
0.357829
0.357666
0.357503
0.35734
0.357177
0.357014
0.356851
0.356689
0.356527
0.356364
0.356202
0.356041
0.355879
0.355717
0.355556
0.355395
0.355234
0.355073
0.354912
0.354751
0.354591
0.35443
0.35427
0.35411
0.35395
0.353791
0.353631
0.353472
0.353312
0.353153
0.352994
0.352835
0.352677
0.352518
0.35236
0.352202
0.352043
0.351886
0.351728
0.35157
0.351413
0.351255
0.351098
0.350941
0.350784
0.350628
0.350471
0.350315
0.350158
0.350002
0.349846
0.349691
0.349535
0.349379
0.349224
0.349069
0.348914
0.348759
0.348604
0.34845
0.348295
0.348141
0.347987
0.347833
0.347679
0.347526
0.347372
0.347219
0.347066
0.346913
0.34676
0.346607
0.346455
0.346303
0.34615
0.345998
0.345847
0.345695
0.345543
0.345392
0.345241
0.34509
0.344939
0.344788
0.344638
0.344487
0.344337
0.344187
0.344037
0.343888
0.343738
0.343589
0.34344
0.34329
0.343142
0.342993
0.342844
0.342696
0.342548
0.3424
0.342252
0.342105
0.341957
0.34181
0.341663
0.341516
0.341369
0.341222
0.341076
0.34093
0.340784
0.340638
0.340492
0.340346
0.340201
0.340056
0.339911
0.339766
0.339621
0.339477
0.339333
0.339188
0.339044
0.338901
0.338757
0.338614
0.33847
0.338327
0.338185
0.338042
0.337899
0.337757
0.337615
0.337473
0.337331
0.33719
0.337048
0.336907
0.336766
0.336625
0.336484
0.336344
0.336203
0.336063
0.335923
0.335783
0.335644
0.335504
0.335365
0.335226
0.335087
0.334948
0.33481
0.334671
0.334533
0.334395
0.334257
0.33412
0.333982
0.333845
0.333708
0.333571
0.333434
0.333297
0.333161
0.333025
0.332888
0.332753
0.332617
0.332481
0.332346
0.33221
0.332075
0.33194
0.331806
0.331671
0.331537
0.331402
0.331268
0.331134
0.331001
0.330867
0.330733
0.3306
0.330467
0.330334
0.330201
0.330069
0.329936
0.329804
0.329671
0.329539
0.329407
0.329276
0.329144
0.329012
0.328881
0.32875
0.328619
0.328488
0.328357
0.328226
0.328096
0.327965
0.327835
0.327705
0.327575
0.327445
0.327315
0.327186
0.327056
0.326927
0.326798
0.326669
0.32654
0.326411
0.326282
0.326153
0.326025
0.325896
0.325768
0.32564
0.325511
0.325383
0.325255
0.325127
0.325
0.324872
0.324744
0.324617
0.32449
0.324362
0.324235
0.324108
0.323981
0.323854
0.323727
0.3236
0.323473
0.323347
0.32322
0.323093
0.322967
0.32284
0.322714
0.322588
0.322461
0.322335
0.322209
0.322083
0.321957
0.321831
0.321705
0.321579
0.321453
0.321327
0.321201
0.321075
0.32095
0.320824
0.320698
0.320572
0.320447
0.320321
0.320195
0.32007
0.319944
0.319818
0.319693
0.319567
0.319441
0.319316
0.31919
0.319065
0.318939
0.318813
0.318688
0.318562
0.318436
0.318311
0.318185
0.318059
0.317933
0.317808
0.317682
0.317556
0.31743
0.317304
0.317178
0.317052
0.316926
0.3168
0.316674
0.316548
0.316422
0.316295
0.316169
0.316043
0.315916
0.31579
0.315663
0.315536
0.31541
0.315283
0.315156
0.315029
0.314902
0.314775
0.314648
0.314521
0.314393
0.314266
0.314139
0.314011
0.313883
0.313756
0.313628
0.3135
0.313372
0.313244
0.313116
0.312987
0.312859
0.31273
0.312602
0.312473
0.312344
0.312215
0.312086
0.311957
0.311828
0.311698
0.311569
0.311439
0.311309
0.311179
0.311049
0.310919
0.310789
0.310659
0.310528
0.310397
0.310267
0.310136
0.310005
0.309873
0.309742
0.309611
0.309479
0.309347
0.309215
0.309083
0.308951
0.308819
0.308687
0.308554
0.308421
0.308288
0.308155
0.308022
0.307889
0.307755
0.307622
0.307488
0.307354
0.30722
0.307086
0.306951
0.306817
0.306682
0.306547
0.306412
0.306277
0.306142
0.306007
0.305871
0.305735
0.305599
0.305463
0.305327
0.305191
0.305054
0.304917
0.304781
0.304644
0.304506
0.304369
0.304232
0.304094
0.303956
0.303818
0.30368
0.303542
0.303403
0.303265
0.303126
0.302987
0.302848
0.302709
0.302569
0.30243
0.30229
0.30215
0.30201
0.30187
0.30173
0.301589
0.301449
0.301308
0.301167
0.301026
0.300885
0.300743
0.300602
0.30046
0.300318
0.300176
0.300034
0.299892
0.299749
0.299607
0.299464
0.299321
0.299178
0.299035
0.298892
0.298748
0.298605
0.298461
0.298317
0.298173
0.298029
0.297885
0.29774
0.297596
0.297451
0.297306
0.297161
0.297016
0.296871
0.296726
0.29658
0.296435
0.296289
0.296143
0.295997
0.295851
0.295705
0.295558
0.295412
0.295265
0.295118
0.294971
0.294824
0.294677
0.29453
0.294383
0.294235
0.294088
0.29394
0.293792
0.293645
0.293497
0.293348
0.2932
0.293052
0.292904
0.292755
0.292606
0.292458
0.292309
0.29216
0.292011
0.291862
0.291713
0.291563
0.291414
0.291264
0.291115
0.290965
0.290815
0.290665
0.290515
0.290365
0.290215
0.290065
0.289915
0.289764
0.289614
0.289463
0.289313
0.289162
0.289011
0.288861
0.28871
0.288559
0.288408
0.288256
0.288105
0.287954
0.287803
0.287651
0.2875
0.287348
0.287197
0.287045
0.286893
0.286741
0.286589
0.286438
0.286286
0.286134
0.285981
0.285829
0.285677
0.285525
0.285372
0.28522
0.285068
0.284915
0.284763
0.28461
0.284457
0.284305
0.284152
0.283999
0.283846
0.283693
0.28354
0.283387
0.283234
0.283081
0.282928
0.282775
0.282622
0.282469
0.282315
0.282162
0.282009
0.281855
0.281702
0.281548
0.281395
0.281241
0.281088
0.280934
0.28078
0.280627
0.280473
0.280319
0.280165
0.280011
0.279857
0.279704
0.27955
0.279396
0.279242
0.279088
0.278934
0.278779
0.278625
0.278471
0.278317
0.278163
0.278008
0.277854
0.2777
0.277545
0.277391
0.277237
0.277082
0.276928
0.276773
0.276619
0.276464
0.27631
0.276155
0.276
0.275846
0.275691
0.275536
0.275381
0.275227
0.275072
0.274917
0.274762
0.274607
0.274452
0.274297
0.274142
0.273987
0.273832
0.273677
0.273522
0.273367
0.273212
0.273057
0.272902
0.272746
0.272591
0.272436
0.272281
0.272125
0.27197
0.271814
0.271659
0.271503
0.271348
0.271192
0.271037
0.270881
0.270726
0.27057
0.270414
0.270259
0.270103
0.269947
0.269791
0.269635
0.269479
0.269324
0.269168
0.269012
0.268856
0.2687
0.268543
0.268387
0.268231
0.268075
0.267919
0.267762
0.267606
0.26745
0.267293
0.267137
0.26698
0.266824
0.266667
0.266511
0.266354
0.266198
0.266041
0.265884
0.265727
0.265571
0.265414
0.265257
0.2651
0.264943
0.264786
0.264629
0.264472
0.264314
0.264157
0.264
0.263843
0.263685
0.263528
0.26337
0.263213
0.263055
0.262898
0.26274
0.262582
0.262425
0.262267
0.262109
0.261951
0.261793
0.261635
0.261477
0.261319
0.261161
0.261003
0.260845
0.260686
0.260528
0.26037
0.260211
0.260053
0.259894
0.259735
0.259577
0.259418
0.259259
0.2591
0.258941
0.258782
0.258623
0.258464
0.258305
0.258146
0.257986
0.257827
0.257668
0.257508
0.257349
0.257189
0.257029
0.25687
0.25671
0.25655
0.25639
0.25623
0.25607
0.25591
0.25575
0.255589
0.255429
0.255269
0.255108
0.254948
0.254787
0.254626
0.254466
0.254305
0.254144
0.253983
0.253822
0.253661
0.2535
0.253338
0.253177
0.253016
0.252854
0.252692
0.252531
0.252369
0.252207
0.252045
0.251883
0.251721
0.251559
0.251397
0.251235
0.251072
0.25091
0.250747
0.250585
0.250422
0.250259
0.250096
0.249933
0.24977
0.249607
0.249444
0.24928
0.249117
0.248953
0.24879
0.248626
0.248462
0.248298
0.248134
0.24797
0.247806
0.247641
0.247477
0.247312
0.247148
0.246983
0.246818
0.246653
0.246488
0.246323
0.246158
0.245992
0.245827
0.245661
0.245495
0.24533
0.245164
0.244997
0.244831
0.244665
0.244499
0.244332
0.244165
0.243999
0.243832
0.243665
0.243497
0.24333
0.243163
0.242995
0.242827
0.242659
0.242492
0.242323
0.242155
0.241987
0.241818
0.24165
0.241481
0.241312
0.241143
0.240973
0.240804
0.240634
0.240465
0.240295
0.240125
0.239954
0.239784
0.239614
0.239443
0.239272
0.239101
0.23893
0.238758
0.238587
0.238415
0.238243
0.238071
0.237899
0.237726
0.237554
0.237381
0.237208
0.237035
0.236861
0.236687
0.236514
0.23634
0.236165
0.235991
0.235816
0.235641
0.235466
0.235291
0.235116
0.23494
0.234764
0.234588
0.234411
0.234235
0.234058
0.233881
0.233703
0.233526
0.233348
0.23317
0.232991
0.232813
0.232634
0.232455
0.232275
0.232096
0.231916
0.231736
0.231555
0.231374
0.231193
0.231012
0.23083
0.230649
0.230466
0.230284
0.230101
0.229918
0.229735
0.229551
0.229367
0.229183
0.228998
0.228813
0.228628
0.228442
0.228256
0.22807
0.227883
0.227696
0.227509
0.227321
0.227133
0.226945
0.226756
0.226567
0.226378
0.226188
0.225998
0.225807
0.225616
0.225425
0.225233
0.225041
0.224849
0.224656
0.224462
0.224269
0.224075
0.22388
0.223685
0.22349
0.223294
0.223098
0.222901
0.222704
0.222506
0.222308
0.22211
0.221911
0.221712
0.221512
0.221311
0.221111
0.220909
0.220708
0.220506
0.220303
0.2201
0.219896
0.219692
0.219487
0.219282
0.219076
0.21887
0.218664
0.218456
0.218249
0.21804
0.217832
0.217622
0.217412
0.217202
0.216991
0.216779
0.216567
0.216355
0.216142
0.215928
0.215713
0.215498
0.215283
0.215067
0.21485
0.214633
0.214415
0.214197
0.213978
0.213758
0.213538
0.213317
0.213095
0.212873
0.21265
0.212427
0.212203
0.211978
0.211753
0.211527
0.2113
0.211073
0.210845
0.210617
0.210387
0.210157
0.209927
0.209696
0.209464
0.209231
0.208998
0.208764
0.208529
0.208294
0.208058
0.207821
0.207584
0.207345
0.207106
0.206867
0.206627
0.206386
0.206144
0.205901
0.205658
0.205414
0.205169
0.204924
0.204678
0.204431
0.204183
0.203935
0.203686
0.203436
0.203185
0.202934
0.202681
0.202428
0.202175
0.20192
0.201665
0.201409
0.201152
0.200894
0.200636
0.200377
0.200117
0.199856
0.199594
0.199332
0.199069
0.198805
0.19854
0.198274
0.198008
0.197741
0.197473
0.197204
0.196935
0.196664
0.196393
0.196121
0.195848
0.195574
0.1953
0.195025
0.194749
0.194472
0.194194
0.193915
0.193636
0.193356
0.193074
0.192793
0.19251
0.192226
0.191942
0.191657
0.191371
0.191084
0.190796
0.190508
0.190218
0.189928
0.189637
0.189345
0.189052
0.188759
0.188465
0.188169
0.187873
0.187577
0.187279
0.18698
0.186681
0.186381
0.18608
0.185778
0.185475
0.185172
0.184868
0.184563
0.184257
0.18395
0.183642
0.183334
0.183025
0.182715
0.182404
0.182092
0.18178
0.181466
0.181152
0.180837
0.180522
0.180205
0.179888
0.17957
0.179251
0.178931
0.178611
0.178289
0.177967
0.177645
0.177321
0.176996
0.176671
0.176345
0.176019
0.175691
0.175363
0.175034
0.174704
0.174373
0.174042
0.17371
0.173377
0.173044
0.172709
0.172374
0.172039
0.171702
0.171365
0.171027
0.170688
0.170349
0.170009
0.169668
0.169326
0.168984
0.168641
0.168298
0.167953
0.167608
0.167263
0.166916
0.166569
0.166222
0.165873
0.165524
0.165175
0.164824
0.164473
0.164122
0.163769
0.163417
0.163063
0.162709
0.162354
0.161999
0.161643
0.161286
0.160929
0.160572
0.160213
0.159854
0.159495
0.159135
0.158774
0.158413
0.158051
0.157689
0.157326
0.156963
0.156599
0.156235
0.15587
0.155505
0.155139
0.154772
0.154405
0.154038
0.15367
0.153302
0.152933
0.152564
0.152194
0.151824
0.151453
0.151082
0.15071
0.150338
0.149966
0.149593
0.14922
0.148846
0.148472
0.148098
0.147723
0.147348
0.146972
0.146597
0.14622
0.145844
0.145467
0.145089
0.144712
0.144334
0.143956
0.143577
0.143198
0.142819
0.142439
0.14206
0.14168
0.141299
0.140919
0.140538
0.140157
0.139775
0.139394
0.139012
0.13863
0.138248
0.137865
0.137483
0.1371
0.136717
0.136333
0.13595
0.135566
0.135182
0.134798
0.134414
0.13403
0.133646
0.133261
0.132876
0.132492
0.132107
0.131722
0.131337
0.130951
0.130566
0.130181
0.129795
0.12941
0.129024
0.128639
0.128253
0.127867
0.127481
0.127096
0.12671
0.126324
0.125938
0.125552
0.125166
0.12478
0.124394
0.124009
0.123623
0.123237
0.122851
0.122466
0.12208
0.121694
0.121309
0.120923
0.120538
0.120152
0.119767
0.119382
0.118997
0.118612
0.118227
0.117842
0.117458
0.117073
0.116689
0.116304
0.11592
0.115536
0.115152
0.114769
0.114385
0.114002
0.113618
0.113235
0.112852
0.11247
0.112087
0.111705
0.111323
0.110941
0.110559
0.110178
0.109796
0.109415
0.109034
0.108654
0.108273
0.107893
0.107513
0.107133
0.106754
0.106375
0.105996
0.105617
0.105239
0.104861
0.104483
0.104105
0.103728
0.103351
0.102974
0.102597
0.102221
0.101845
0.10147
0.101095
0.10072
0.100345
0.0999704
0.0995964
0.0992226
0.0988492
0.0984761
0.0981033
0.0977308
0.0973587
0.0969869
0.0966154
0.0962443
0.0958735
0.095503
0.0951329
0.0947631
0.0943937
0.0940246
0.0936558
0.0932875
0.0929194
0.0925517
0.0921844
0.0918175
0.0914508
0.0910846
0.0907187
0.0903532
0.089988
0.0896233
0.0892588
0.0888948
0.0885311
0.0881678
0.0878048
0.0874422
0.08708
0.0867182
0.0863567
0.0859956
0.0856349
0.0852746
0.0849146
0.084555
0.0841958
0.0838369
0.0834785
0.0831204
0.0827626
0.0824053
0.0820483
0.0816917
0.0813355
0.0809796
0.0806241
0.080269
0.0799143
0.0795599
0.0792059
0.0788523
0.078499
0.0781461
0.0777936
0.0774415
0.0770897
0.0767382
0.0763872
0.0760365
0.0756861
0.0753361
0.0749865
0.0746372
0.0742883
0.0739397
0.0735915
0.0732437
0.0728961
0.072549
0.0722022
0.0718557
0.0715095
0.0711637
0.0708183
0.0704731
0.0701284
0.0697839
0.0694398
0.069096
0.0687525
0.0684093
0.0680665
0.067724
0.0673818
0.0670399
0.0666983
0.066357
0.0660161
0.0656754
0.065335
0.064995
0.0646552
0.0643157
0.0639765
0.0636376
0.063299
0.0629607
0.0626226
0.0622848
0.0619473
0.0616101
0.0612731
0.0609364
0.0606
0.0602638
0.0599278
0.0595921
0.0592567
0.0589215
0.0585866
0.0582519
0.0579174
0.0575831
0.0572491
0.0569153
0.0565818
0.0562484
0.0559153
0.0555824
0.0552496
0.0549171
0.0545848
0.0542527
0.0539208
0.0535891
0.0532576
0.0529262
0.0525951
0.0522641
0.0519333
0.0516026
0.0512721
0.0509418
0.0506117
0.0502817
0.0499519
0.0496222
0.0492926
0.0489632
0.048634
0.0483049
0.0479759
0.047647
0.0473183
0.0469897
0.0466612
0.0463328
0.0460045
0.0456764
0.0453483
0.0450204
0.0446925
0.0443648
0.0440371
0.0437096
0.0433821
0.0430547
0.0427273
0.0424001
0.0420729
0.0417458
0.0414187
0.0410918
0.0407648
0.040438
0.0401111
0.0397844
0.0394577
0.039131
0.0388043
0.0384777
0.0381512
0.0378246
0.0374981
0.0371716
0.0368452
0.0365187
0.0361923
0.0358659
0.0355395
0.0352131
0.0348867
0.0345603
0.0342339
0.0339075
0.0335811
0.0332547
0.0329283
0.0326019
0.0322755
0.031949
0.0316225
0.031296
0.0309695
0.0306429
0.0303163
0.0299897
0.0296631
0.0293364
0.0290096
0.0286829
0.0283561
0.0280292
0.0277023
0.0273754
0.0270484
0.0267213
0.0263942
0.026067
0.0257398
0.0254125
0.0250852
0.0247578
0.0244303
0.0241028
0.0237752
0.0234475
0.0231198
0.022792
0.0224641
0.0221361
0.0218081
0.02148
0.0211518
0.0208236
0.0204952
0.0201668
0.0198383
0.0195098
0.0191811
0.0188524
0.0185235
0.0181946
0.0178656
0.0175366
0.0172074
0.0168782
0.0165488
0.0162194
0.0158899
0.0155603
0.0152306
0.0149008
0.014571
0.014241
0.013911
0.0135809
0.0132506
0.0129203
0.01259
0.0122595
0.0119289
0.0115983
0.0112675
0.0109367
0.0106058
0.0102748
0.00994372
0.00961255
0.00928131
0.00894998
0.00861856
0.00828707
0.00795549
0.00762383
0.0072921
0.00696029
0.00662839
0.00629643
0.00596439
0.00563227
0.00530008
0.00496782
0.00463549
0.00430309
0.00397062
0.00363808
0.00330548
0.00297281
0.00264009
0.0023073
0.00197445
0.00164154
0.00130858
0.000975562
0.000642491
0.000309369
-2.38026e-05
-0.000357022
-0.000690288
-0.0010236
-0.00135695
-0.00169034
-0.00202377
-0.00235724
-0.00269074
-0.00302428
-0.00335784
-0.00369144
-0.00402506
-0.0043587
-0.00469237
-0.00502605
-0.00535976
-0.00569347
-0.00602721
-0.00636095
-0.0066947
-0.00702846
-0.00736222
-0.00769598
-0.00802974
-0.0083635
-0.00869725
-0.00903099
-0.00936472
-0.00969844
-0.0100321
-0.0103658
-0.0106995
-0.0110331
-0.0113667
-0.0117003
-0.0120339
-0.0123674
-0.0127009
-0.0130343
-0.0133677
-0.0137011
-0.0140344
-0.0143677
-0.0147009
-0.015034
-0.0153671
-0.0157001
-0.0160331
-0.016366
-0.0166988
-0.0170316
-0.0173643
-0.0176969
-0.0180294
-0.0183619
-0.0186942
-0.0190265
-0.0193587
-0.0196908
-0.0200228
-0.0203547
-0.0206865
-0.0210182
-0.0213497
-0.0216812
-0.0220126
-0.0223438
-0.0226749
-0.0230059
-0.0233368
-0.0236676
-0.0239982
-0.0243287
-0.0246591
-0.0249893
-0.0253194
-0.0256493
-0.0259791
-0.0263088
-0.0266383
-0.0269676
-0.0272968
-0.0276259
-0.0279548
-0.0282835
-0.028612
-0.0289404
-0.0292686
-0.0295967
-0.0299246
-0.0302523
-0.0305798
-0.0309071
-0.0312343
-0.0315613
-0.0318881
-0.0322147
-0.0325411
-0.0328673
-0.0331933
-0.0335191
-0.0338447
-0.0341702
-0.0344954
-0.0348204
-0.0351452
-0.0354698
-0.0357942
-0.0361183
-0.0364423
-0.036766
-0.0370896
-0.0374129
-0.0377359
-0.0380588
-0.0383814
-0.0387038
-0.039026
-0.039348
-0.0396697
-0.0399912
-0.0403124
-0.0406335
-0.0409542
-0.0412748
-0.0415951
-0.0419152
-0.042235
-0.0425546
-0.0428739
-0.043193
-0.0435119
-0.0438305
-0.0441489
-0.044467
-0.0447849
-0.0451025
-0.0454199
-0.045737
-0.0460539
-0.0463705
-0.0466869
-0.047003
-0.0473188
-0.0476344
-0.0479498
-0.0482649
-0.0485798
-0.0488944
-0.0492087
-0.0495228
-0.0498366
-0.0501502
-0.0504635
-0.0507766
-0.0510894
-0.051402
-0.0517143
-0.0520263
-0.0523381
-0.0526497
-0.0529609
-0.053272
-0.0535828
-0.0538933
-0.0542036
-0.0545136
-0.0548234
-0.0551329
-0.0554422
-0.0557512
-0.05606
-0.0563686
-0.0566769
-0.0569849
-0.0572927
-0.0576003
-0.0579076
-0.0582147
-0.0585215
-0.0588281
-0.0591345
-0.0594406
-0.0597465
-0.0600521
-0.0603576
-0.0606628
-0.0609677
-0.0612725
-0.061577
-0.0618813
-0.0621853
-0.0624892
-0.0627928
-0.0630962
-0.0633994
-0.0637024
-0.0640051
-0.0643077
-0.06461
-0.0649122
-0.0652141
-0.0655158
-0.0658173
-0.0661187
-0.0664198
-0.0667207
-0.0670215
-0.067322
-0.0676224
-0.0679226
-0.0682226
-0.0685224
-0.0688221
-0.0691215
-0.0694208
-0.0697199
-0.0700189
-0.0703177
-0.0706163
-0.0709148
-0.0712131
-0.0715112
-0.0718092
-0.0721071
-0.0724048
-0.0727023
-0.0729997
-0.073297
-0.0735941
-0.0738911
-0.074188
-0.0744848
-0.0747814
-0.0750779
-0.0753743
-0.0756705
-0.0759667
-0.0762627
-0.0765587
-0.0768545
-0.0771502
-0.0774459
-0.0777414
-0.0780369
-0.0783323
-0.0786275
-0.0789227
-0.0792179
-0.0795129
-0.0798079
-0.0801028
-0.0803976
-0.0806924
-0.0809871
-0.0812818
-0.0815764
-0.081871
-0.0821655
-0.08246
-0.0827544
-0.0830488
-0.0833432
-0.0836375
-0.0839319
-0.0842262
-0.0845204
-0.0848147
-0.085109
-0.0854032
-0.0856974
-0.0859917
-0.0862859
-0.0865801
-0.0868744
-0.0871687
-0.0874629
-0.0877572
-0.0880516
-0.0883459
-0.0886403
-0.0889347
-0.0892291
-0.0895236
-0.0898181
-0.0901127
-0.0904073
-0.090702
-0.0909967
-0.0912915
-0.0915863
-0.0918812
-0.0921762
-0.0924713
-0.0927664
-0.0930616
-0.0933569
-0.0936523
-0.0939477
-0.0942433
-0.0945389
-0.0948347
-0.0951305
-0.0954265
-0.0957226
-0.0960187
-0.096315
-0.0966114
-0.0969079
-0.0972046
-0.0975014
-0.0977983
-0.0980953
-0.0983925
-0.0986898
-0.0989872
-0.0992848
-0.0995826
-0.0998805
-0.100179
-0.100477
-0.100775
-0.101074
-0.101372
-0.101671
-0.10197
-0.102269
-0.102569
-0.102868
-0.103168
-0.103468
-0.103768
-0.104068
-0.104369
-0.104669
-0.10497
-0.105271
-0.105573
-0.105874
-0.106176
-0.106478
-0.10678
-0.107082
-0.107385
-0.107687
-0.10799
-0.108293
-0.108597
-0.1089
-0.109204
-0.109508
-0.109813
-0.110117
-0.110422
-0.110727
-0.111032
-0.111338
-0.111644
-0.11195
-0.112256
-0.112562
-0.112869
-0.113176
-0.113483
-0.113791
-0.114099
-0.114407
-0.114715
-0.115024
-0.115332
-0.115641
-0.115951
-0.11626
-0.11657
-0.11688
-0.117191
-0.117502
-0.117813
-0.118124
-0.118435
-0.118747
-0.119059
-0.119372
-0.119684
-0.119997
-0.12031
-0.120624
-0.120938
-0.121252
-0.121566
-0.12188
-0.122195
-0.122511
-0.122826
-0.123142
-0.123458
-0.123774
-0.124091
-0.124408
-0.124725
-0.125042
-0.12536
-0.125678
-0.125997
-0.126315
-0.126634
-0.126954
-0.127273
-0.127593
-0.127913
-0.128233
-0.128554
-0.128875
-0.129196
-0.129518
-0.12984
-0.130162
-0.130484
-0.130807
-0.13113
-0.131454
-0.131777
-0.132101
-0.132425
-0.13275
-0.133074
-0.133399
-0.133725
-0.13405
-0.134376
-0.134702
-0.135029
-0.135356
-0.135683
-0.13601
-0.136337
-0.136665
-0.136993
-0.137322
-0.13765
-0.137979
-0.138309
-0.138638
-0.138968
-0.139298
-0.139628
-0.139959
-0.140289
-0.14062
-0.140952
-0.141283
-0.141615
-0.141947
-0.142279
-0.142612
-0.142945
-0.143278
-0.143611
-0.143945
-0.144279
-0.144613
-0.144947
-0.145281
-0.145616
-0.145951
-0.146286
-0.146622
-0.146957
-0.147293
-0.147629
-0.147966
-0.148302
-0.148639
-0.148976
-0.149313
-0.149651
-0.149988
-0.150326
-0.150664
-0.151002
-0.15134
-0.151679
-0.152018
-0.152357
-0.152696
-0.153035
-0.153374
-0.153714
-0.154054
-0.154394
-0.154734
-0.155074
-0.155415
-0.155755
-0.156096
-0.156437
-0.156778
-0.157119
-0.15746
-0.157802
-0.158143
-0.158485
-0.158827
-0.159169
-0.159511
-0.159853
-0.160195
-0.160538
-0.16088
-0.161223
-0.161565
-0.161908
-0.162251
-0.162594
-0.162937
-0.16328
-0.163623
-0.163967
-0.16431
-0.164653
-0.164997
-0.16534
-0.165684
-0.166027
-0.166371
-0.166715
-0.167058
-0.167402
-0.167746
-0.168089
-0.168433
-0.168777
-0.169121
-0.169465
-0.169808
-0.170152
-0.170496
-0.17084
-0.171183
-0.171527
-0.171871
-0.172214
-0.172558
-0.172901
-0.173245
-0.173588
-0.173932
-0.174275
-0.174618
-0.174962
-0.175305
-0.175648
-0.175991
-0.176334
-0.176676
-0.177019
-0.177362
-0.177704
-0.178046
-0.178389
-0.178731
-0.179073
-0.179414
-0.179756
-0.180098
-0.180439
-0.18078
-0.181121
-0.181462
-0.181803
-0.182143
-0.182484
-0.182824
-0.183164
-0.183504
-0.183843
-0.184183
-0.184522
-0.184861
-0.1852
-0.185538
-0.185877
-0.186215
-0.186552
-0.18689
-0.187227
-0.187564
-0.187901
-0.188238
-0.188574
-0.18891
-0.189245
-0.189581
-0.189916
-0.190251
-0.190585
-0.190919
-0.191253
-0.191587
-0.19192
-0.192253
-0.192585
-0.192917
-0.193249
-0.193581
-0.193912
-0.194242
-0.194573
-0.194903
-0.195233
-0.195562
-0.195891
-0.196219
-0.196547
-0.196875
-0.197202
-0.197529
-0.197855
-0.198181
-0.198507
-0.198832
-0.199157
-0.199481
-0.199805
-0.200128
-0.200451
-0.200773
-0.201095
-0.201416
-0.201737
-0.202058
-0.202378
-0.202697
-0.203016
-0.203335
-0.203653
-0.20397
-0.204287
-0.204604
-0.20492
-0.205235
-0.20555
-0.205864
-0.206178
-0.206491
-0.206804
-0.207116
-0.207427
-0.207738
-0.208048
-0.208358
-0.208667
-0.208976
-0.209284
-0.209591
-0.209898
-0.210205
-0.21051
-0.210815
-0.21112
-0.211423
-0.211727
-0.212029
-0.212331
-0.212632
-0.212933
-0.213233
-0.213533
-0.213831
-0.214129
-0.214427
-0.214724
-0.21502
-0.215315
-0.21561
-0.215904
-0.216198
-0.21649
-0.216783
-0.217074
-0.217365
-0.217655
-0.217944
-0.218233
-0.218521
-0.218808
-0.219095
-0.219381
-0.219666
-0.219951
-0.220234
-0.220518
-0.2208
-0.221082
-0.221363
-0.221643
-0.221922
-0.222201
-0.222479
-0.222757
-0.223033
-0.223309
-0.223585
-0.223859
-0.224133
-0.224406
-0.224678
-0.22495
-0.225221
-0.225491
-0.22576
-0.226029
-0.226297
-0.226564
-0.226831
-0.227096
-0.227361
-0.227626
-0.227889
-0.228152
-0.228414
-0.228675
-0.228936
-0.229196
-0.229455
-0.229714
-0.229971
-0.230228
-0.230484
-0.23074
-0.230995
-0.231249
-0.231502
-0.231755
-0.232006
-0.232258
-0.232508
-0.232758
-0.233007
-0.233255
-0.233503
-0.233749
-0.233996
-0.234241
-0.234486
-0.23473
-0.234973
-0.235216
-0.235458
-0.235699
-0.235939
-0.236179
-0.236418
-0.236657
-0.236895
-0.237132
-0.237368
-0.237604
-0.237839
-0.238074
-0.238307
-0.23854
-0.238773
-0.239005
-0.239236
-0.239466
-0.239696
-0.239926
-0.240154
-0.240382
-0.24061
-0.240836
-0.241062
-0.241288
-0.241513
-0.241737
-0.241961
-0.242184
-0.242407
-0.242628
-0.24285
-0.243071
-0.243291
-0.243511
-0.24373
-0.243948
-0.244166
-0.244384
-0.244601
-0.244817
-0.245033
-0.245248
-0.245463
-0.245677
-0.245891
-0.246104
-0.246317
-0.24653
-0.246741
-0.246953
-0.247164
-0.247374
-0.247584
-0.247794
-0.248003
-0.248212
-0.24842
-0.248628
-0.248835
-0.249042
-0.249249
-0.249455
-0.249661
-0.249866
-0.250071
-0.250276
-0.25048
-0.250684
-0.250887
-0.251091
-0.251294
-0.251496
-0.251698
-0.2519
-0.252102
-0.252303
-0.252504
-0.252705
-0.252906
-0.253106
-0.253306
-0.253505
-0.253705
-0.253904
-0.254103
-0.254302
-0.2545
-0.254699
-0.254897
-0.255095
-0.255292
-0.25549
-0.255687
-0.255884
-0.256081
-0.256278
-0.256475
-0.256672
-0.256868
-0.257065
-0.257261
-0.257457
-0.257653
-0.257849
-0.258045
-0.25824
-0.258436
-0.258632
-0.258827
-0.259023
-0.259218
-0.259414
-0.259609
-0.259805
-0.26
-0.260196
-0.260391
-0.260587
-0.260782
-0.260978
-0.261173
-0.261369
-0.261564
-0.26176
-0.261956
-0.262152
-0.262348
-0.262544
-0.26274
-0.262936
-0.263132
-0.263329
-0.263525
-0.263722
-0.263919
-0.264116
-0.264313
-0.26451
-0.264708
-0.264905
-0.265103
-0.265301
-0.2655
-0.265698
-0.265897
-0.266095
-0.266294
-0.266494
-0.266693
-0.266893
-0.267093
-0.267293
-0.267494
-0.267694
-0.267895
-0.268097
-0.268298
-0.2685
-0.268702
-0.268905
-0.269108
-0.269311
-0.269514
-0.269718
-0.269922
-0.270126
-0.270331
-0.270536
-0.270742
-0.270948
-0.271154
-0.27136
-0.271567
-0.271774
-0.271982
-0.27219
-0.272399
-0.272607
-0.272817
-0.273026
-0.273236
-0.273447
-0.273658
-0.273869
-0.274081
-0.274293
-0.274506
-0.274719
-0.274932
-0.275146
-0.27536
-0.275575
-0.275791
-0.276006
-0.276223
-0.276439
-0.276656
-0.276874
-0.277092
-0.277311
-0.27753
-0.27775
-0.27797
-0.27819
-0.278411
-0.278633
-0.278855
-0.279077
-0.279301
-0.279524
-0.279748
-0.279973
-0.280198
-0.280424
-0.28065
-0.280877
-0.281104
-0.281331
-0.28156
-0.281789
-0.282018
-0.282248
-0.282478
-0.282709
-0.28294
-0.283172
-0.283405
-0.283638
-0.283872
-0.284106
-0.28434
-0.284576
-0.284811
-0.285048
-0.285285
-0.285522
-0.28576
-0.285998
-0.286237
-0.286477
-0.286717
-0.286958
-0.287199
-0.287441
-0.287683
-0.287926
-0.288169
-0.288413
-0.288657
-0.288902
-0.289148
-0.289394
-0.289641
-0.289888
-0.290135
-0.290383
-0.290632
-0.290881
-0.291131
-0.291381
-0.291632
-0.291884
-0.292136
-0.292388
-0.292641
-0.292894
-0.293148
-0.293403
-0.293658
-0.293913
-0.294169
-0.294426
-0.294683
-0.29494
-0.295198
-0.295457
-0.295716
-0.295975
-0.296235
-0.296496
-0.296756
-0.297018
-0.29728
-0.297542
-0.297805
-0.298068
-0.298332
-0.298596
-0.298861
-0.299126
-0.299392
-0.299658
-0.299924
-0.300191
-0.300459
-0.300727
-0.300995
-0.301264
-0.301533
-0.301802
-0.302072
-0.302343
-0.302613
-0.302885
-0.303156
-0.303428
-0.303701
-0.303973
-0.304247
-0.30452
-0.304794
-0.305069
-0.305343
-0.305618
-0.305894
-0.30617
-0.306446
-0.306722
-0.306999
-0.307276
-0.307554
-0.307832
-0.30811
-0.308389
-0.308668
-0.308947
-0.309226
-0.309506
-0.309786
-0.310067
-0.310347
-0.310628
-0.31091
-0.311191
-0.311473
-0.311755
-0.312038
-0.31232
-0.312603
-0.312886
-0.31317
-0.313454
-0.313738
-0.314022
-0.314306
-0.314591
-0.314876
-0.315161
-0.315446
-0.315731
-0.316017
-0.316303
-0.316589
-0.316875
-0.317162
-0.317449
-0.317735
-0.318022
-0.31831
-0.318597
-0.318884
-0.319172
-0.31946
-0.319748
-0.320036
-0.320324
-0.320612
-0.320901
-0.321189
-0.321478
-0.321767
-0.322056
-0.322345
-0.322634
-0.322923
-0.323212
-0.323502
-0.323791
-0.324081
-0.32437
-0.32466
-0.32495
-0.325239
-0.325529
-0.325819
-0.326109
-0.326399
-0.326689
-0.326979
-0.327269
-0.327559
-0.327849
-0.328139
-0.328429
-0.328719
-0.329009
-0.329299
-0.329589
-0.329879
-0.330169
-0.330459
-0.330749
-0.331039
-0.331329
-0.331619
-0.331908
-0.332198
-0.332488
-0.332777
-0.333067
-0.333356
-0.333646
-0.333935
-0.334224
-0.334513
-0.334802
-0.335091
-0.33538
-0.335669
-0.335957
-0.336246
-0.336534
-0.336823
-0.337111
-0.337399
-0.337687
-0.337975
-0.338262
-0.33855
-0.338837
-0.339124
-0.339411
-0.339698
-0.339985
-0.340271
-0.340558
-0.340844
-0.34113
-0.341416
-0.341702
-0.341987
-0.342272
-0.342558
-0.342842
-0.343127
-0.343412
-0.343696
-0.34398
-0.344264
-0.344548
-0.344831
-0.345114
-0.345397
-0.34568
-0.345963
-0.346245
-0.346527
-0.346809
-0.34709
-0.347372
-0.347653
-0.347933
-0.348214
-0.348494
-0.348774
-0.349054
-0.349333
-0.349613
-0.349891
-0.35017
-0.350448
-0.350726
-0.351004
-0.351282
-0.351559
-0.351836
-0.352112
-0.352389
-0.352665
-0.35294
-0.353216
-0.353491
-0.353766
-0.35404
-0.354314
-0.354588
-0.354861
-0.355134
-0.355407
-0.35568
-0.355952
-0.356224
-0.356495
-0.356766
-0.357037
-0.357307
-0.357577
-0.357847
-0.358116
-0.358385
-0.358654
-0.358922
-0.35919
-0.359458
-0.359725
-0.359992
-0.360258
-0.360524
-0.36079
-0.361056
-0.36132
-0.361585
-0.361849
-0.362113
-0.362377
-0.36264
-0.362902
-0.363165
-0.363426
-0.363688
-0.363949
-0.36421
-0.36447
-0.36473
-0.364989
-0.365248
-0.365507
-0.365765
-0.366023
-0.366281
-0.366538
-0.366795
-0.367051
-0.367307
-0.367562
-0.367817
-0.368072
-0.368326
-0.368579
-0.368833
-0.369086
-0.369338
-0.36959
-0.369842
-0.370093
-0.370344
-0.370594
-0.370844
-0.371093
-0.371342
-0.371591
-0.371839
-0.372087
-0.372334
-0.372581
-0.372827
-0.373073
-0.373319
-0.373564
-0.373809
-0.374053
-0.374297
-0.37454
-0.374783
-0.375025
-0.375267
-0.375509
-0.37575
-0.375991
-0.376231
-0.376471
-0.37671
-0.376949
-0.377187
-0.377425
-0.377663
-0.3779
-0.378137
-0.378373
-0.378608
-0.378844
-0.379079
-0.379313
-0.379547
-0.37978
-0.380013
-0.380246
-0.380478
-0.38071
-0.380941
-0.381172
-0.381402
-0.381632
-0.381861
-0.38209
-0.382318
-0.382546
-0.382774
-0.383001
-0.383228
-0.383454
-0.38368
-0.383905
-0.38413
-0.384354
-0.384578
-0.384802
-0.385025
-0.385247
-0.38547
-0.385691
-0.385913
-0.386133
-0.386354
-0.386574
-0.386793
-0.387012
-0.387231
-0.387449
-0.387666
-0.387884
-0.3881
-0.388317
-0.388533
-0.388748
-0.388963
-0.389178
-0.389392
-0.389605
-0.389819
-0.390031
-0.390244
-0.390456
-0.390667
-0.390878
-0.391089
-0.391299
-0.391509
-0.391718
-0.391927
-0.392135
-0.392343
-0.392551
-0.392758
-0.392964
-0.393171
-0.393377
-0.393582
-0.393787
-0.393992
-0.394196
-0.394399
-0.394603
-0.394806
-0.395008
-0.39521
-0.395412
-0.395613
-0.395814
-0.396014
-0.396214
-0.396414
-0.396613
-0.396812
-0.39701
-0.397208
-0.397405
-0.397603
-0.397799
-0.397996
-0.398192
-0.398387
-0.398582
-0.398777
-0.398971
-0.399165
-0.399359
-0.399552
-0.399745
-0.399937
-0.400129
-0.400321
-0.400512
-0.400703
-0.400893
-0.401083
-0.401273
-0.401462
-0.401651
-0.40184
-0.402028
-0.402216
-0.402404
-0.402591
-0.402777
-0.402964
-0.40315
-0.403335
-0.403521
-0.403706
-0.40389
-0.404075
-0.404258
-0.404442
-0.404625
-0.404808
-0.404991
-0.405173
-0.405354
-0.405536
-0.405717
-0.405898
-0.406078
-0.406258
-0.406438
-0.406618
-0.406797
-0.406976
-0.407154
-0.407332
-0.40751
-0.407688
-0.407865
-0.408042
-0.408218
-0.408395
-0.40857
-0.408746
-0.408921
-0.409096
-0.409271
-0.409446
-0.40962
-0.409794
-0.409967
-0.41014
-0.410313
-0.410486
-0.410658
-0.41083
-0.411002
-0.411174
-0.411345
-0.411516
-0.411686
-0.411857
-0.412027
-0.412197
-0.412366
-0.412536
-0.412705
-0.412874
-0.413042
-0.41321
-0.413378
-0.413546
-0.413714
-0.413881
-0.414048
-0.414214
-0.414381
-0.414547
-0.414713
-0.414879
-0.415044
-0.41521
-0.415375
-0.41554
-0.415704
-0.415868
-0.416033
-0.416196
-0.41636
-0.416524
-0.416687
-0.41685
-0.417013
-0.417175
-0.417338
-0.4175
-0.417662
-0.417823
-0.417985
-0.418146
-0.418307
-0.418468
-0.418629
-0.418789
-0.41895
-0.41911
-0.41927
-0.419429
-0.419589
-0.419748
-0.419908
-0.420067
-0.420225
-0.420384
-0.420543
-0.420701
-0.420859
-0.421017
-0.421175
-0.421332
-0.42149
-0.421647
-0.421804
-0.421961
-0.422118
-0.422274
-0.422431
-0.422587
-0.422743
-0.422899
-0.423055
-0.423211
-0.423366
-0.423522
-0.423677
-0.423832
-0.423987
-0.424142
-0.424297
-0.424451
-0.424606
-0.42476
-0.424914
-0.425068
-0.425222
-0.425376
-0.425529
-0.425683
-0.425836
-0.42599
-0.426143
-0.426296
-0.426449
-0.426601
-0.426754
-0.426907
-0.427059
-0.427211
-0.427364
-0.427516
-0.427668
-0.42782
-0.427971
-0.428123
-0.428275
-0.428426
-0.428577
-0.428729
-0.42888
-0.429031
-0.429182
-0.429333
-0.429483
-0.429634
-0.429784
-0.429935
-0.430085
-0.430236
-0.430386
-0.430536
-0.430686
-0.430836
-0.430985
-0.431135
-0.431285
-0.431434
-0.431584
-0.431733
-0.431882
-0.432031
-0.432181
-0.43233
-0.432478
-0.432627
-0.432776
-0.432925
-0.433073
-0.433222
-0.43337
-0.433518
-0.433667
-0.433815
-0.433963
-0.434111
-0.434259
-0.434406
-0.434554
-0.434702
-0.434849
-0.434997
-0.435144
-0.435291
-0.435439
-0.435586
-0.435733
-0.43588
-0.436027
-0.436173
-0.43632
-0.436467
-0.436613
-0.43676
-0.436906
-0.437052
-0.437198
-0.437344
-0.43749
-0.437636
-0.437782
-0.437928
-0.438073
-0.438219
-0.438364
-0.438509
-0.438654
-0.4388
-0.438945
-0.439089
-0.439234
-0.439379
-0.439523
-0.439668
-0.439812
-0.439956
-0.440101
-0.440245
-0.440389
-0.440532
-0.440676
-0.44082
-0.440963
-0.441106
-0.441249
-0.441392
-0.441535
-0.441678
-0.441821
-0.441963
-0.442106
-0.442248
-0.44239
-0.442532
-0.442674
-0.442816
-0.442957
-0.443099
-0.44324
-0.443381
-0.443522
-0.443663
-0.443804
-0.443944
-0.444084
-0.444225
-0.444365
-0.444504
-0.444644
-0.444784
-0.444923
-0.445062
-0.445201
-0.44534
-0.445478
-0.445617
-0.445755
-0.445893
-0.446031
-0.446168
-0.446306
-0.446443
-0.44658
-0.446717
-0.446853
-0.44699
-0.447126
-0.447262
-0.447398
-0.447533
-0.447668
-0.447803
-0.447938
-0.448073
-0.448207
-0.448341
-0.448475
-0.448608
-0.448742
-0.448875
-0.449008
-0.44914
-0.449272
-0.449404
-0.449536
-0.449667
-0.449799
-0.44993
-0.45006
-0.45019
-0.45032
-0.45045
-0.45058
-0.450709
-0.450838
-0.450966
-0.451094
-0.451222
-0.45135
-0.451477
-0.451604
-0.451731
-0.451857
-0.451983
-0.452108
-0.452234
-0.452359
-0.452483
-0.452607
-0.452731
-0.452855
-0.452978
-0.453101
-0.453223
-0.453345
-0.453467
-0.453588
-0.453709
-0.45383
-0.45395
-0.45407
-0.454189
-0.454308
-0.454427
-0.454545
-0.454663
-0.45478
-0.454897
-0.455014
-0.45513
-0.455246
-0.455361
-0.455476
-0.45559
-0.455704
-0.455818
-0.455931
-0.456044
-0.456156
-0.456268
-0.456379
-0.45649
-0.4566
-0.45671
-0.45682
-0.456929
-0.457038
-0.457146
-0.457254
-0.457361
-0.457467
-0.457574
-0.457679
-0.457785
-0.45789
-0.457994
-0.458098
-0.458201
-0.458304
-0.458406
-0.458508
-0.458609
-0.45871
-0.45881
-0.45891
-0.45901
-0.459108
-0.459207
-0.459304
-0.459402
-0.459498
-0.459595
-0.45969
-0.459785
-0.45988
-0.459974
-0.460068
-0.460161
-0.460253
-0.460345
-0.460437
-0.460527
-0.460618
-0.460708
-0.460797
-0.460886
-0.460974
-0.461061
-0.461149
-0.461235
-0.461321
-0.461407
-0.461491
-0.461576
-0.46166
-0.461743
-0.461826
-0.461908
-0.461989
-0.46207
-0.462151
-0.462231
-0.46231
-0.462389
-0.462467
-0.462545
-0.462622
-0.462699
-0.462775
-0.46285
-0.462925
-0.462999
-0.463073
-0.463147
-0.463219
-0.463291
-0.463363
-0.463434
-0.463505
-0.463574
-0.463644
-0.463713
-0.463781
-0.463849
-0.463916
-0.463982
-0.464049
-0.464114
-0.464179
-0.464244
-0.464307
-0.464371
-0.464434
-0.464496
-0.464558
-0.464619
-0.464679
-0.46474
-0.464799
-0.464858
-0.464917
-0.464975
-0.465032
-0.465089
-0.465146
-0.465201
-0.465257
-0.465312
-0.465366
-0.46542
-0.465473
-0.465526
-0.465578
-0.46563
-0.465681
-0.465732
-0.465782
-0.465832
-0.465881
-0.46593
-0.465978
-0.466026
-0.466073
-0.46612
-0.466166
-0.466212
-0.466257
-0.466302
-0.466347
-0.466391
-0.466434
-0.466477
-0.46652
-0.466562
-0.466603
-0.466644
-0.466685
-0.466725
-0.466765
-0.466804
-0.466843
-0.466882
-0.46692
-0.466957
-0.466994
-0.467031
-0.467067
-0.467103
-0.467138
-0.467173
-0.467208
-0.467242
-0.467276
-0.467309
-0.467342
-0.467375
-0.467407
-0.467439
-0.46747
-0.467501
-0.467531
-0.467561
-0.467591
-0.467621
-0.46765
-0.467678
-0.467707
-0.467734
-0.467762
-0.467789
-0.467816
-0.467842
-0.467868
-0.467894
-0.467919
-0.467944
-0.467969
-0.467993
-0.468017
-0.468041
-0.468064
-0.468087
-0.46811
-0.468132
-0.468154
-0.468176
-0.468197
-0.468218
-0.468238
-0.468259
-0.468279
-0.468298
-0.468318
-0.468337
-0.468356
-0.468374
-0.468392
-0.46841
-0.468428
-0.468445
-0.468462
-0.468479
-0.468495
-0.468511
-0.468527
-0.468543
-0.468558
-0.468573
-0.468587
-0.468602
-0.468616
-0.46863
-0.468643
-0.468657
-0.46867
-0.468682
-0.468695
-0.468707
-0.468719
-0.46873
-0.468742
-0.468753
-0.468764
-0.468774
-0.468785
-0.468795
-0.468804
-0.468814
-0.468823
-0.468832
-0.468841
-0.468849
-0.468858
-0.468865
-0.468873
-0.468881
-0.468888
-0.468895
-0.468901
-0.468908
-0.468914
-0.46892
-0.468925
-0.46893
-0.468935
-0.46894
-0.468945
-0.468949
-0.468953
-0.468957
-0.46896
-0.468963
-0.468966
-0.468969
-0.468971
-0.468973
-0.468975
-0.468977
-0.468978
-0.468979
-0.46898
-0.46898
-0.46898
-0.46898
-0.46898
-0.468979
-0.468978
-0.468977
-0.468975
-0.468974
-0.468971
-0.468969
-0.468966
-0.468963
-0.46896
-0.468956
-0.468952
-0.468948
-0.468943
-0.468938
-0.468933
-0.468928
-0.468922
-0.468916
-0.468909
-0.468902
-0.468895
-0.468888
-0.46888
-0.468871
-0.468863
-0.468854
-0.468845
-0.468835
-0.468825
-0.468815
-0.468804
-0.468793
-0.468782
-0.46877
-0.468758
-0.468745
-0.468732
-0.468719
-0.468705
-0.468691
-0.468676
-0.468661
-0.468646
-0.46863
-0.468614
-0.468597
-0.46858
-0.468563
-0.468545
-0.468527
-0.468508
-0.468489
-0.468469
-0.468449
-0.468428
-0.468407
-0.468386
-0.468364
-0.468342
-0.468319
-0.468295
-0.468271
-0.468247
-0.468222
-0.468197
-0.468171
-0.468145
-0.468118
-0.46809
-0.468062
-0.468034
-0.468005
-0.467975
-0.467945
-0.467915
-0.467884
-0.467852
-0.46782
-0.467787
-0.467754
-0.46772
-0.467685
-0.46765
-0.467614
-0.467578
-0.467541
-0.467504
-0.467466
-0.467427
-0.467388
-0.467348
-0.467307
-0.467266
-0.467224
-0.467182
-0.467139
-0.467095
-0.467051
-0.467006
-0.46696
-0.466914
-0.466867
-0.466819
-0.466771
-0.466721
-0.466672
-0.466621
-0.46657
-0.466518
-0.466466
-0.466413
-0.466359
-0.466304
-0.466249
-0.466193
-0.466136
-0.466079
-0.46602
-0.465961
-0.465902
-0.465841
-0.46578
-0.465718
-0.465655
-0.465591
-0.465527
-0.465462
-0.465396
-0.46533
-0.465262
-0.465194
-0.465125
-0.465055
-0.464985
-0.464913
-0.464841
-0.464768
-0.464694
-0.46462
-0.464544
-0.464468
-0.464391
-0.464313
-0.464235
-0.464155
-0.464075
-0.463993
-0.463911
-0.463828
-0.463745
-0.46366
-0.463574
-0.463488
-0.463401
-0.463313
-0.463224
-0.463134
-0.463044
-0.462952
-0.46286
-0.462766
-0.462672
-0.462577
-0.462481
-0.462384
-0.462287
-0.462188
-0.462089
-0.461988
-0.461887
-0.461785
-0.461682
-0.461578
-0.461473
-0.461367
-0.46126
-0.461153
-0.461044
-0.460935
-0.460825
-0.460713
-0.460601
-0.460488
-0.460374
-0.460259
-0.460144
-0.460027
-0.459909
-0.459791
-0.459671
-0.459551
-0.45943
-0.459307
-0.459184
-0.45906
-0.458935
-0.458809
-0.458682
-0.458555
-0.458426
-0.458296
-0.458166
-0.458034
-0.457902
-0.457769
-0.457635
-0.457499
-0.457363
-0.457226
-0.457089
-0.45695
-0.45681
-0.456669
-0.456528
-0.456386
-0.456242
-0.456098
-0.455953
-0.455807
-0.45566
-0.455512
-0.455363
-0.455213
-0.455063
-0.454911
-0.454759
-0.454605
-0.454451
-0.454296
-0.45414
-0.453983
-0.453825
-0.453667
-0.453507
-0.453347
-0.453186
-0.453023
-0.45286
-0.452696
-0.452532
-0.452366
-0.4522
-0.452032
-0.451864
-0.451695
-0.451525
-0.451354
-0.451183
-0.45101
-0.450837
-0.450663
-0.450488
-0.450312
-0.450136
-0.449958
-0.44978
-0.449601
-0.449421
-0.449241
-0.449059
-0.448877
-0.448694
-0.44851
-0.448326
-0.44814
-0.447954
-0.447767
-0.447579
-0.447391
-0.447202
-0.447012
-0.446821
-0.44663
-0.446437
-0.446245
-0.446051
-0.445857
-0.445661
-0.445466
-0.445269
-0.445072
-0.444874
-0.444675
-0.444476
-0.444276
-0.444075
-0.443874
-0.443672
-0.44347
-0.443266
-0.443062
-0.442858
-0.442652
-0.442447
-0.44224
-0.442033
-0.441825
-0.441617
-0.441408
-0.441199
-0.440989
-0.440778
-0.440567
-0.440355
-0.440142
-0.43993
-0.439716
-0.439502
-0.439288
-0.439072
-0.438857
-0.438641
-0.438424
-0.438207
-0.437989
-0.437771
-0.437553
-0.437334
-0.437114
-0.436894
-0.436674
-0.436453
-0.436232
-0.43601
-0.435788
-0.435565
-0.435342
-0.435119
-0.434895
-0.434671
-0.434447
-0.434222
-0.433997
-0.433771
-0.433545
-0.433319
-0.433093
-0.432866
-0.432639
-0.432411
-0.432183
-0.431955
-0.431727
-0.431499
-0.43127
-0.431041
-0.430811
-0.430582
-0.430352
-0.430122
-0.429892
-0.429661
-0.429431
-0.4292
-0.428969
-0.428738
-0.428507
-0.428275
-0.428044
-0.427812
-0.42758
-0.427348
-0.427116
-0.426884
-0.426652
-0.42642
-0.426187
-0.425955
-0.425722
-0.42549
-0.425257
-0.425025
-0.424792
-0.42456
-0.424327
-0.424095
-0.423862
-0.42363
-0.423397
-0.423165
-0.422933
-0.4227
-0.422468
-0.422236
-0.422004
-0.421772
-0.421541
-0.421309
-0.421077
-0.420846
-0.420615
-0.420384
-0.420153
-0.419922
-0.419692
-0.419461
-0.419231
-0.419002
-0.418772
-0.418542
-0.418313
-0.418084
-0.417856
-0.417627
-0.417399
-0.417172
-0.416944
-0.416717
-0.41649
-0.416264
-0.416037
-0.415812
-0.415586
-0.415361
-0.415136
-0.414912
-0.414688
-0.414464
-0.414241
-0.414019
-0.413796
-0.413574
-0.413353
-0.413132
-0.412912
-0.412692
-0.412472
-0.412253
-0.412034
-0.411816
-0.411599
-0.411382
-0.411165
-0.41095
-0.410734
-0.410519
-0.410305
-0.410091
-0.409878
-0.409666
-0.409454
-0.409243
-0.409032
-0.408822
-0.408613
-0.408404
-0.408196
-0.407988
-0.407781
-0.407575
-0.40737
-0.407165
-0.406961
-0.406758
-0.406555
-0.406353
-0.406152
-0.405951
-0.405752
-0.405553
-0.405354
-0.405157
-0.40496
-0.404764
-0.404569
-0.404375
-0.404181
-0.403988
-0.403796
-0.403605
-0.403415
-0.403225
-0.403037
-0.402849
-0.402662
-0.402476
-0.40229
-0.402106
-0.401922
-0.40174
-0.401558
-0.401377
-0.401197
-0.401018
-0.400839
-0.400662
-0.400486
-0.40031
-0.400136
-0.399962
-0.399789
-0.399617
-0.399446
-0.399276
-0.399108
-0.398939
-0.398772
-0.398606
-0.398441
-0.398277
-0.398114
-0.397951
-0.39779
-0.39763
-0.397471
-0.397312
-0.397155
-0.396999
-0.396843
-0.396689
-0.396536
-0.396383
-0.396232
-0.396082
-0.395933
-0.395784
-0.395637
-0.395491
-0.395346
-0.395201
-0.395058
-0.394916
-0.394775
-0.394635
-0.394496
-0.394358
-0.394221
-0.394085
-0.39395
