0.145
0.145
0.145
0.145
0.145
0.145
0.145001
0.145001
0.145002
0.145002
0.145003
0.145004
0.145004
0.145005
0.145006
0.145007
0.145008
0.145009
0.145011
0.145012
0.145013
0.145015
0.145016
0.145018
0.14502
0.145021
0.145023
0.145025
0.145027
0.145029
0.145031
0.145034
0.145036
0.145038
0.145041
0.145043
0.145046
0.145048
0.145051
0.145054
0.145056
0.145059
0.145062
0.145065
0.145068
0.145071
0.145075
0.145078
0.145081
0.145085
0.145088
0.145092
0.145095
0.145099
0.145103
0.145106
0.14511
0.145114
0.145118
0.145122
0.145126
0.14513
0.145134
0.145138
0.145143
0.145147
0.145151
0.145156
0.14516
0.145165
0.145169
0.145174
0.145179
0.145184
0.145188
0.145193
0.145198
0.145203
0.145208
0.145213
0.145218
0.145223
0.145228
0.145234
0.145239
0.145244
0.14525
0.145255
0.14526
0.145266
0.145271
0.145277
0.145282
0.145288
0.145294
0.145299
0.145305
0.145311
0.145317
0.145323
0.145329
0.145334
0.14534
0.145346
0.145352
0.145358
0.145365
0.145371
0.145377
0.145383
0.145389
0.145395
0.145402
0.145408
0.145414
0.145421
0.145427
0.145433
0.14544
0.145446
0.145453
0.145459
0.145466
0.145472
0.145479
0.145485
0.145492
0.145498
0.145505
0.145512
0.145518
0.145525
0.145531
0.145538
0.145545
0.145552
0.145558
0.145565
0.145572
0.145579
0.145585
0.145592
0.145599
0.145606
0.145613
0.145619
0.145626
0.145633
0.14564
0.145647
0.145654
0.14566
0.145667
0.145674
0.145681
0.145688
0.145695
0.145702
0.145709
0.145715
0.145722
0.145729
0.145736
0.145743
0.14575
0.145757
0.145763
0.14577
0.145777
0.145784
0.145791
0.145798
0.145804
0.145811
0.145818
0.145825
0.145832
0.145838
0.145845
0.145852
0.145859
0.145865
0.145872
0.145879
0.145886
0.145892
0.145899
0.145906
0.145912
0.145919
0.145926
0.145932
0.145939
0.145945
0.145952
0.145958
0.145965
0.145971
0.145978
0.145984
0.145991
0.145997
0.146003
0.14601
0.146016
0.146022
0.146029
0.146035
0.146041
0.146047
0.146054
0.14606
0.146066
0.146072
0.146078
0.146084
0.14609
0.146096
0.146102
0.146108
0.146114
0.14612
0.146126
0.146132
0.146138
0.146143
0.146149
0.146155
0.146161
0.146166
0.146172
0.146177
0.146183
0.146189
0.146194
0.146199
0.146205
0.14621
0.146216
0.146221
0.146226
0.146232
0.146237
0.146242
0.146247
0.146252
0.146257
0.146262
0.146267
0.146272
0.146277
0.146282
0.146287
0.146292
0.146297
0.146301
0.146306
0.146311
0.146315
0.14632
0.146325
0.146329
0.146334
0.146338
0.146342
0.146347
0.146351
0.146355
0.14636
0.146364
0.146368
0.146372
0.146376
0.14638
0.146384
0.146388
0.146392
0.146396
0.1464
0.146404
0.146407
0.146411
0.146415
0.146418
0.146422
0.146425
0.146429
0.146432
0.146436
0.146439
0.146442
0.146446
0.146449
0.146452
0.146455
0.146459
0.146462
0.146465
0.146468
0.146471
0.146473
0.146476
0.146479
0.146482
0.146485
0.146487
0.14649
0.146493
0.146495
0.146498
0.1465
0.146503
0.146505
0.146508
0.14651
0.146512
0.146514
0.146517
0.146519
0.146521
0.146523
0.146525
0.146527
0.146529
0.146531
0.146533
0.146535
0.146536
0.146538
0.14654
0.146542
0.146543
0.146545
0.146546
0.146548
0.146549
0.146551
0.146552
0.146554
0.146555
0.146556
0.146558
0.146559
0.14656
0.146561
0.146562
0.146563
0.146564
0.146565
0.146566
0.146567
0.146568
0.146569
0.14657
0.146571
0.146571
0.146572
0.146573
0.146573
0.146574
0.146575
0.146575
0.146576
0.146576
0.146577
0.146577
0.146577
0.146578
0.146578
0.146578
0.146579
0.146579
0.146579
0.146579
0.14658
0.14658
0.14658
0.14658
0.14658
0.14658
0.14658
0.14658
0.14658
0.14658
0.146579
0.146579
0.146579
0.146579
0.146579
0.146578
0.146578
0.146578
0.146578
0.146577
0.146577
0.146577
0.146576
0.146576
0.146575
0.146575
0.146574
0.146574
0.146573
0.146573
0.146572
0.146572
0.146571
0.14657
0.14657
0.146569
0.146568
0.146568
0.146567
0.146566
0.146565
0.146565
0.146564
0.146563
0.146562
0.146562
0.146561
0.14656
0.146559
0.146558
0.146557
0.146556
0.146556
0.146555
0.146554
0.146553
0.146552
0.146551
0.14655
0.146549
0.146548
0.146547
0.146546
0.146545
0.146544
0.146543
0.146542
0.146541
0.14654
0.146539
0.146538
0.146537
0.146536
0.146535
0.146534
0.146533
0.146532
0.146531
0.14653
0.146529
0.146528
0.146527
0.146526
0.146525
0.146524
0.146523
0.146522
0.146521
0.14652
0.146519
0.146518
0.146517
0.146516
0.146515
0.146514
0.146513
0.146513
0.146512
0.146511
0.14651
0.146509
0.146508
0.146507
0.146506
0.146505
0.146505
0.146504
0.146503
0.146502
0.146501
0.146501
0.1465
0.146499
0.146498
0.146498
0.146497
0.146496
0.146496
0.146495
0.146494
0.146494
0.146493
0.146493
0.146492
0.146492
0.146491
0.14649
0.14649
0.14649
0.146489
0.146489
0.146488
0.146488
0.146488
0.146487
0.146487
0.146487
0.146486
0.146486
0.146486
0.146486
0.146486
0.146486
0.146485
0.146485
0.146485
0.146485
0.146485
0.146485
0.146485
0.146485
0.146486
0.146486
0.146486
0.146486
0.146486
0.146487
0.146487
0.146487
0.146488
0.146488
0.146488
0.146489
0.146489
0.14649
0.14649
0.146491
0.146492
0.146492
0.146493
0.146494
0.146495
0.146495
0.146496
0.146497
0.146498
0.146499
0.1465
0.146501
0.146502
0.146503
0.146504
0.146505
0.146506
0.146508
0.146509
0.14651
0.146512
0.146513
0.146514
0.146516
0.146517
0.146519
0.146521
0.146522
0.146524
0.146526
0.146527
0.146529
0.146531
0.146533
0.146535
0.146537
0.146539
0.146541
0.146543
0.146545
0.146547
0.146549
0.146552
0.146554
0.146556
0.146559
0.146561
0.146564
0.146566
0.146569
0.146571
0.146574
0.146577
0.146579
0.146582
0.146585
0.146588
0.146591
0.146594
0.146597
0.1466
0.146603
0.146606
0.146609
0.146613
0.146616
0.146619
0.146623
0.146626
0.146629
0.146633
0.146637
0.14664
0.146644
0.146647
0.146651
0.146655
0.146659
0.146663
0.146667
0.146671
0.146675
0.146679
0.146683
0.146687
0.146691
0.146696
0.1467
0.146704
0.146709
0.146713
0.146718
0.146722
0.146727
0.146731
0.146736
0.146741
0.146745
0.14675
0.146755
0.14676
0.146765
0.14677
0.146775
0.14678
0.146785
0.146791
0.146796
0.146801
0.146806
0.146812
0.146817
0.146823
0.146828
0.146834
0.146839
0.146845
0.146851
0.146857
0.146862
0.146868
0.146874
0.14688
0.146886
0.146892
0.146898
0.146904
0.14691
0.146917
0.146923
0.146929
0.146935
0.146941
0.146947
0.146954
0.14696
0.146966
0.146972
0.146977
0.146983
0.146989
0.146995
0.147001
0.147007
0.147012
0.147018
0.147024
0.147029
0.147035
0.147041
0.147046
0.147052
0.147057
0.147063
0.147068
0.147073
0.147079
0.147084
0.147089
0.147095
0.1471
0.147105
0.14711
0.147115
0.147121
0.147126
0.147131
0.147136
0.147141
0.147146
0.147151
0.147156
0.147161
0.147166
0.14717
0.147175
0.14718
0.147185
0.14719
0.147194
0.147199
0.147204
0.147208
0.147213
0.147218
0.147222
0.147227
0.147231
0.147236
0.147241
0.147245
0.14725
0.147254
0.147258
0.147263
0.147267
0.147272
0.147276
0.14728
0.147285
0.147289
0.147293
0.147298
0.147302
0.147306
0.14731
0.147315
0.147319
0.147323
0.147327
0.147331
0.147336
0.14734
0.147344
0.147348
0.147352
0.147356
0.14736
0.147365
0.147369
0.147373
0.147377
0.147381
0.147385
0.147389
0.147393
0.147397
0.147401
0.147405
0.147409
0.147413
0.147417
0.147421
0.147425
0.147429
0.147433
0.147437
0.147441
0.147445
0.147449
0.147453
0.147457
0.147461
0.147465
0.147469
0.147473
0.147477
0.147481
0.147485
0.147489
0.147493
0.147497
0.147501
0.147505
0.147509
0.147513
0.147517
0.147522
0.147526
0.14753
0.147534
0.147538
0.147542
0.147546
0.14755
0.147555
0.147559
0.147563
0.147567
0.147571
0.147576
0.14758
0.147584
0.147588
0.147593
0.147597
0.147601
0.147606
0.14761
0.147614
0.147619
0.147623
0.147628
0.147632
0.147637
0.147641
0.147646
0.14765
0.147655
0.14766
0.147664
0.147669
0.147674
0.147678
0.147683
0.147688
0.147693
0.147698
0.147703
0.147707
0.147712
0.147717
0.147722
0.147727
0.147732
0.147738
0.147743
0.147748
0.147753
0.147758
0.147764
0.147769
0.147774
0.14778
0.147785
0.147791
0.147796
0.147802
0.147807
0.147813
0.147819
0.147825
0.14783
0.147836
0.147842
0.147848
0.147854
0.14786
0.147866
0.147872
0.147878
0.147885
0.147891
0.147897
0.147903
0.14791
0.147916
0.147923
0.14793
0.147936
0.147943
0.14795
0.147956
0.147963
0.14797
0.147977
0.147984
0.147991
0.147999
0.148006
0.148013
0.14802
0.148028
0.148035
0.148043
0.14805
0.148058
0.148066
0.148074
0.148082
0.148089
0.148098
0.148106
0.148114
0.148122
0.14813
0.148139
0.148147
0.148156
0.148164
0.148173
0.148182
0.14819
0.148199
0.148208
0.148217
0.148227
0.148236
0.148245
0.148254
0.148264
0.148273
0.148283
0.148293
0.148303
0.148312
0.148322
0.148332
0.148343
0.148353
0.148363
0.148374
0.148384
0.148395
0.148405
0.148416
0.148427
0.148438
0.148449
0.14846
0.148471
0.148483
0.148494
0.148506
0.148517
0.148529
0.148541
0.148553
0.148565
0.148577
0.148589
0.148602
0.148614
0.148627
0.148639
0.148652
0.148665
0.148678
0.148691
0.148704
0.148718
0.148731
0.148745
0.148758
0.148772
0.148786
0.1488
0.148814
0.148828
0.148843
0.148857
0.148872
0.148887
0.148901
0.148916
0.148931
0.148947
0.148962
0.148977
0.148993
0.149009
0.149024
0.14904
0.149056
0.149073
0.149089
0.149105
0.149122
0.149139
0.149156
0.149173
0.14919
0.149207
0.149224
0.149242
0.149259
0.149277
0.149295
0.149313
0.149331
0.14935
0.149368
0.149387
0.149406
0.149425
0.149444
0.149463
0.149482
0.149502
0.149521
0.149541
0.149561
0.149581
0.149602
0.149622
0.149642
0.149663
0.149684
0.149705
0.149726
0.149748
0.149769
0.149791
0.149812
0.149834
0.149857
0.149879
0.149901
0.149924
0.149947
0.14997
0.149993
0.150016
0.150039
0.150063
0.150087
0.150111
0.150135
0.150159
0.150183
0.150208
0.150233
0.150258
0.150283
0.150308
0.150334
0.150359
0.150385
0.150411
0.150437
0.150464
0.15049
0.150517
0.150544
0.150571
0.150598
0.150626
0.150654
0.150681
0.150709
0.150738
0.150766
0.150795
0.150823
0.150852
0.150882
0.150911
0.15094
0.15097
0.151
0.15103
0.151061
0.151091
0.151122
0.151153
0.151184
0.151215
0.151247
0.151278
0.15131
0.151342
0.151375
0.151407
0.15144
0.151473
0.151506
0.15154
0.151573
0.151607
0.151641
0.151675
0.15171
0.151744
0.151779
0.151814
0.151849
0.151885
0.151921
0.151956
0.151993
0.152029
0.152066
0.152102
0.152139
0.152177
0.152214
0.152252
0.15229
0.152328
0.152366
0.152405
0.152444
0.152483
0.152522
0.152562
0.152601
0.152641
0.152681
0.152722
0.152763
0.152803
0.152845
0.152886
0.152928
0.152969
0.153011
0.153054
0.153096
0.153139
0.153182
0.153226
0.153269
0.153313
0.153357
0.153401
0.153446
0.15349
0.153535
0.153581
0.153626
0.153672
0.153718
0.153764
0.153811
0.153857
0.153904
0.153952
0.153999
0.154047
0.154095
0.154143
0.154192
0.15424
0.154289
0.154339
0.154388
0.154438
0.154488
0.154539
0.154589
0.15464
0.154691
0.154743
0.154794
0.154846
0.154898
0.154951
0.155004
0.155057
0.15511
0.155163
0.155217
0.155271
0.155326
0.15538
0.155435
0.15549
0.155546
0.155601
0.155657
0.155714
0.15577
0.155827
0.155884
0.155941
0.155999
0.156057
0.156115
0.156174
0.156232
0.156291
0.156351
0.15641
0.15647
0.15653
0.156591
0.156652
0.156713
0.156774
0.156836
0.156897
0.15696
0.157022
0.157085
0.157148
0.157211
0.157275
0.157339
0.157403
0.157467
0.157532
0.157597
0.157663
0.157728
0.157794
0.15786
0.157927
0.157994
0.158061
0.158128
0.158196
0.158264
0.158332
0.158401
0.15847
0.158539
0.158609
0.158678
0.158749
0.158819
0.15889
0.158961
0.159032
0.159104
0.159176
0.159248
0.15932
0.159393
0.159466
0.15954
0.159613
0.159687
0.159762
0.159836
0.159911
0.159987
0.160062
0.160138
0.160214
0.160291
0.160368
0.160445
0.160522
0.1606
0.160678
0.160756
0.160835
0.160914
0.160993
0.161073
0.161153
0.161233
0.161313
0.161394
0.161475
0.161557
0.161638
0.16172
0.161803
0.161885
0.161968
0.162052
0.162135
0.162219
0.162303
0.162388
0.162473
0.162558
0.162644
0.162729
0.162815
0.162902
0.162989
0.163076
0.163163
0.163251
0.163339
0.163427
0.163516
0.163605
0.163694
0.163783
0.163873
0.163963
0.164054
0.164145
0.164236
0.164327
0.164419
0.164511
0.164603
0.164696
0.164789
0.164882
0.164976
0.16507
0.165164
0.165259
0.165354
0.165449
0.165544
0.16564
0.165736
0.165833
0.165929
0.166026
0.166124
0.166221
0.166319
0.166418
0.166516
0.166615
0.166715
0.166814
0.166914
0.167014
0.167115
0.167215
0.167316
0.167418
0.167519
0.167621
0.167724
0.167826
0.167929
0.168033
0.168136
0.16824
0.168344
0.168449
0.168553
0.168658
0.168764
0.168869
0.168975
0.169082
0.169188
0.169295
0.169402
0.16951
0.169618
0.169726
0.169834
0.169943
0.170052
0.170161
0.170271
0.17038
0.170491
0.170601
0.170712
0.170823
0.170934
0.171046
0.171158
0.17127
0.171383
0.171495
0.171608
0.171722
0.171836
0.171949
0.172064
0.172178
0.172293
0.172408
0.172524
0.172639
0.172755
0.172872
0.172988
0.173105
0.173222
0.173339
0.173457
0.173575
0.173693
0.173812
0.17393
0.17405
0.174169
0.174288
0.174408
0.174529
0.174649
0.17477
0.174891
0.175012
0.175133
0.175255
0.175377
0.175499
0.175622
0.175745
0.175868
0.175991
0.176115
0.176239
0.176363
0.176487
0.176612
0.176737
0.176862
0.176987
0.177113
0.177239
0.177365
0.177492
0.177618
0.177745
0.177872
0.178
0.178128
0.178255
0.178384
0.178512
0.178641
0.17877
0.178899
0.179028
0.179158
0.179287
0.179418
0.179548
0.179678
0.179809
0.17994
0.180071
0.180203
0.180335
0.180466
0.180599
0.180731
0.180863
0.180996
0.181129
0.181262
0.181396
0.18153
0.181663
0.181798
0.181932
0.182066
0.182201
0.182336
0.182471
0.182606
0.182742
0.182878
0.183014
0.18315
0.183286
0.183423
0.183559
0.183696
0.183834
0.183971
0.184108
0.184246
0.184384
0.184522
0.18466
0.184799
0.184937
0.185076
0.185215
0.185354
0.185493
0.185633
0.185773
0.185912
0.186053
0.186193
0.186333
0.186474
0.186614
0.186755
0.186896
0.187037
0.187179
0.18732
0.187462
0.187603
0.187745
0.187887
0.18803
0.188172
0.188315
0.188457
0.1886
0.188743
0.188886
0.189029
0.189173
0.189316
0.18946
0.189603
0.189747
0.189891
0.190036
0.19018
0.190324
0.190469
0.190613
0.190758
0.190903
0.191048
0.191193
0.191338
0.191483
0.191629
0.191774
0.19192
0.192066
0.192212
0.192357
0.192503
0.19265
0.192796
0.192942
0.193088
0.193235
0.193381
0.193528
0.193675
0.193822
0.193969
0.194116
0.194263
0.19441
0.194557
0.194704
0.194852
0.194999
0.195146
0.195294
0.195441
0.195589
0.195737
0.195885
0.196032
0.19618
0.196328
0.196476
0.196624
0.196772
0.19692
0.197069
0.197217
0.197365
0.197513
0.197662
0.19781
0.197958
0.198107
0.198255
0.198404
0.198552
0.198701
0.198849
0.198998
0.199146
0.199295
0.199443
0.199592
0.199741
0.199889
0.200038
0.200186
0.200335
0.200484
0.200632
0.200781
0.20093
0.201078
0.201227
0.201375
0.201524
0.201673
0.201821
0.20197
0.202118
0.202267
0.202415
0.202564
0.202712
0.20286
0.203009
0.203157
0.203305
0.203454
0.203602
0.20375
0.203898
0.204046
0.204194
0.204342
0.20449
0.204638
0.204786
0.204934
0.205082
0.205229
0.205377
0.205524
0.205672
0.205819
0.205967
0.206114
0.206261
0.206408
0.206556
0.206703
0.206849
0.206996
0.207143
0.20729
0.207436
0.207583
0.207729
0.207876
0.208022
0.208168
0.208314
0.20846
0.208606
0.208752
0.208898
0.209043
0.209189
0.209334
0.209479
0.209625
0.20977
0.209915
0.210059
0.210204
0.210349
0.210493
0.210638
0.210782
0.210926
0.21107
0.211214
0.211357
0.211501
0.211645
0.211788
0.211931
0.212074
0.212217
0.21236
0.212502
0.212645
0.212787
0.21293
0.213072
0.213214
0.213355
0.213497
0.213638
0.21378
0.213921
0.214062
0.214203
0.214343
0.214484
0.214624
0.214765
0.214905
0.215044
0.215184
0.215324
0.215463
0.215602
0.215741
0.21588
0.216019
0.216157
0.216295
0.216434
0.216571
0.216709
0.216847
0.216984
0.217121
0.217258
0.217395
0.217532
0.217668
0.217804
0.217941
0.218076
0.218212
0.218347
0.218483
0.218618
0.218753
0.218887
0.219022
0.219156
0.21929
0.219424
0.219557
0.219691
0.219824
0.219957
0.22009
0.220222
0.220355
0.220487
0.220619
0.220751
0.220882
0.221013
0.221144
0.221275
0.221406
0.221536
0.221666
0.221796
0.221926
0.222055
0.222185
0.222314
0.222443
0.222571
0.222699
0.222828
0.222955
0.223083
0.22321
0.223338
0.223465
0.223591
0.223718
0.223844
0.22397
0.224096
0.224221
0.224346
0.224472
0.224596
0.224721
0.224845
0.224969
0.225093
0.225217
0.22534
0.225463
0.225586
0.225709
0.225831
0.225953
0.226075
0.226196
0.226318
0.226439
0.22656
0.22668
0.226801
0.226921
0.227041
0.22716
0.22728
0.227399
0.227518
0.227636
0.227755
0.227873
0.227991
0.228108
0.228226
0.228343
0.22846
0.228576
0.228692
0.228809
0.228924
0.22904
0.229155
0.22927
0.229385
0.2295
0.229614
0.229728
0.229842
0.229955
0.230069
0.230182
0.230295
0.230407
0.230519
0.230631
0.230743
0.230855
0.230966
0.231077
0.231188
0.231298
0.231408
0.231518
0.231628
0.231738
0.231847
0.231956
0.232065
0.232173
0.232281
0.232389
0.232497
0.232605
0.232712
0.232819
0.232926
0.233032
0.233139
0.233245
0.23335
0.233456
0.233561
0.233666
0.233771
0.233876
0.23398
0.234084
0.234188
0.234291
0.234395
0.234498
0.234601
0.234703
0.234806
0.234908
0.23501
0.235111
0.235213
0.235314
0.235415
0.235516
0.235616
0.235717
0.235817
0.235917
0.236016
0.236116
0.236215
0.236314
0.236413
0.236511
0.236609
0.236707
0.236805
0.236903
0.237
0.237098
0.237195
0.237291
0.237388
0.237484
0.23758
0.237676
0.237772
0.237868
0.237963
0.238058
0.238153
0.238248
0.238342
0.238436
0.23853
0.238624
0.238718
0.238812
0.238905
0.238998
0.239091
0.239184
0.239276
0.239369
0.239461
0.239553
0.239645
0.239736
0.239828
0.239919
0.24001
0.240101
0.240192
0.240283
0.240373
0.240463
0.240554
0.240643
0.240733
0.240823
0.240912
0.241002
0.241091
0.24118
0.241269
0.241357
0.241446
0.241534
0.241623
0.241711
0.241799
0.241887
0.241974
0.242062
0.242149
0.242237
0.242324
0.242411
0.242498
0.242585
0.242671
0.242758
0.242844
0.242931
0.243017
0.243103
0.243189
0.243275
0.24336
0.243446
0.243532
0.243617
0.243702
0.243788
0.243873
0.243958
0.244043
0.244128
0.244213
0.244297
0.244382
0.244467
0.244551
0.244636
0.24472
0.244804
0.244889
0.244973
0.245057
0.245141
0.245225
0.245309
0.245393
0.245476
0.24556
0.245644
0.245728
0.245811
0.245895
0.245978
0.246062
0.246145
0.246229
0.246312
0.246396
0.246479
0.246562
0.246646
0.246729
0.246812
0.246896
0.246979
0.247062
0.247145
0.247229
0.247312
0.247395
0.247479
0.247562
0.247645
0.247729
0.247812
0.247895
0.247979
0.248062
0.248146
0.248229
0.248313
0.248396
0.24848
0.248563
0.248647
0.248731
0.248815
0.248898
0.248982
0.249066
0.24915
0.249234
0.249318
0.249403
0.249487
0.249571
0.249656
0.24974
0.249825
0.249909
0.249994
0.250079
0.250164
0.250249
0.250334
0.250419
0.250504
0.25059
0.250675
0.250761
0.250847
0.250933
0.251019
0.251105
0.251191
0.251277
0.251364
0.25145
0.251537
0.251624
0.251711
0.251798
0.251886
0.251973
0.252061
0.252149
0.252237
0.252325
0.252413
0.252501
0.25259
0.252679
0.252768
0.252857
0.252946
0.253036
0.253126
0.253215
0.253306
0.253396
0.253486
0.253577
0.253668
0.253759
0.25385
0.253942
0.254034
0.254126
0.254218
0.25431
0.254403
0.254496
0.254589
0.254682
0.254776
0.254869
0.254964
0.255058
0.255152
0.255247
0.255342
0.255438
0.255533
0.255629
0.255725
0.255822
0.255918
0.256015
0.256112
0.25621
0.256308
0.256406
0.256504
0.256603
0.256702
0.256801
0.2569
0.257
0.2571
0.257201
0.257302
0.257403
0.257504
0.257606
0.257708
0.25781
0.257913
0.258016
0.258119
0.258223
0.258327
0.258432
0.258536
0.258641
0.258747
0.258853
0.258959
0.259065
0.259172
0.259279
0.259387
0.259495
0.259603
0.259712
0.259821
0.25993
0.26004
0.26015
0.260261
0.260372
0.260483
0.260595
0.260707
0.26082
0.260933
0.261046
0.26116
0.261274
0.261389
0.261504
0.261619
0.261735
0.261852
0.261968
0.262085
0.262203
0.262321
0.262439
0.262558
0.262678
0.262797
0.262918
0.263038
0.263159
0.263281
0.263403
0.263525
0.263648
0.263772
0.263896
0.26402
0.264145
0.26427
0.264396
0.264522
0.264648
0.264776
0.264903
0.265031
0.26516
0.265289
0.265419
0.265549
0.265679
0.26581
0.265942
0.266074
0.266206
0.26634
0.266473
0.266607
0.266742
0.266877
0.267013
0.267149
0.267285
0.267422
0.26756
0.267698
0.267837
0.267976
0.268116
0.268257
0.268397
0.268539
0.268681
0.268823
0.268966
0.26911
0.269254
0.269399
0.269544
0.26969
0.269836
0.269983
0.27013
0.270278
0.270427
0.270576
0.270726
0.270876
0.271027
0.271178
0.27133
0.271483
0.271636
0.271789
0.271944
0.272098
0.272254
0.27241
0.272566
0.272723
0.272881
0.273039
0.273198
0.273358
0.273518
0.273678
0.27384
0.274001
0.274164
0.274327
0.27449
0.274655
0.27482
0.274985
0.275151
0.275318
0.275485
0.275653
0.275821
0.27599
0.27616
0.27633
0.276501
0.276672
0.276844
0.277017
0.27719
0.277364
0.277539
0.277714
0.27789
0.278066
0.278243
0.278421
0.278599
0.278778
0.278958
0.279138
0.279318
0.2795
0.279682
0.279864
0.280048
0.280232
0.280416
0.280601
0.280787
0.280973
0.28116
0.281348
0.281536
0.281725
0.281915
0.282105
0.282296
0.282487
0.282679
0.282872
0.283065
0.283259
0.283454
0.283649
0.283845
0.284042
0.284239
0.284437
0.284635
0.284834
0.285034
0.285234
0.285435
0.285637
0.285839
0.286042
0.286246
0.28645
0.286655
0.28686
0.287066
0.287273
0.28748
0.287688
0.287897
0.288106
0.288316
0.288527
0.288738
0.28895
0.289162
0.289375
0.289589
0.289803
0.290018
0.290234
0.29045
0.290667
0.290884
0.291103
0.291321
0.291541
0.291761
0.291982
0.292203
0.292425
0.292647
0.292871
0.293094
0.293319
0.293544
0.29377
0.293996
0.294223
0.294451
0.294679
0.294908
0.295137
0.295367
0.295598
0.295829
0.296061
0.296293
0.296527
0.29676
0.296995
0.29723
0.297465
0.297702
0.297938
0.298176
0.298414
0.298653
0.298892
0.299132
0.299372
0.299613
0.299855
0.300097
0.30034
0.300584
0.300828
0.301072
0.301318
0.301563
0.30181
0.302057
0.302304
0.302553
0.302801
0.303051
0.303301
0.303551
0.303802
0.304054
0.304306
0.304559
0.304813
0.305067
0.305321
0.305576
0.305832
0.306088
0.306345
0.306602
0.30686
0.307119
0.307378
0.307638
0.307898
0.308159
0.30842
0.308682
0.308944
0.309207
0.30947
0.309734
0.309999
0.310264
0.31053
0.310796
0.311062
0.31133
0.311597
0.311866
0.312134
0.312404
0.312673
0.312944
0.313215
0.313486
0.313758
0.31403
0.314303
0.314576
0.31485
0.315125
0.315399
0.315675
0.315951
0.316227
0.316504
0.316781
0.317059
0.317337
0.317616
0.317895
0.318175
0.318455
0.318736
0.319017
0.319299
0.319581
0.319863
0.320146
0.320429
0.320713
0.320998
0.321282
0.321568
0.321853
0.322139
0.322426
0.322713
0.323
0.323288
0.323576
0.323865
0.324154
0.324443
0.324733
0.325024
0.325314
0.325605
0.325897
0.326189
0.326481
0.326774
0.327067
0.32736
0.327654
0.327949
0.328243
0.328538
0.328834
0.329129
0.329426
0.329722
0.330019
0.330316
0.330614
0.330912
0.33121
0.331509
0.331808
0.332107
0.332407
0.332707
0.333007
0.333308
0.333608
0.33391
0.334211
0.334513
0.334816
0.335118
0.335421
0.335724
0.336028
0.336331
0.336636
0.33694
0.337245
0.337549
0.337855
0.33816
0.338466
0.338772
0.339078
0.339385
0.339692
0.339999
0.340306
0.340614
0.340922
0.34123
0.341538
0.341847
0.342155
0.342464
0.342774
0.343083
0.343393
0.343703
0.344013
0.344323
0.344634
0.344945
0.345256
0.345567
0.345878
0.34619
0.346502
0.346814
0.347126
0.347438
0.347751
0.348063
0.348376
0.348689
0.349002
0.349316
0.349629
0.349943
0.350257
0.35057
0.350884
0.351199
0.351513
0.351827
0.352142
0.352457
0.352772
0.353087
0.353402
0.353717
0.354032
0.354347
0.354663
0.354978
0.355294
0.35561
0.355926
0.356242
0.356558
0.356874
0.35719
0.357506
0.357822
0.358138
0.358455
0.358771
0.359088
0.359404
0.359721
0.360037
0.360354
0.360671
0.360987
0.361304
0.361621
0.361938
0.362254
0.362571
0.362888
0.363205
0.363522
0.363838
0.364155
0.364472
0.364789
0.365105
0.365422
0.365739
0.366056
0.366372
0.366689
0.367005
0.367322
0.367638
0.367955
0.368271
0.368587
0.368904
0.36922
0.369536
0.369852
0.370168
0.370484
0.3708
0.371115
0.371431
0.371747
0.372062
0.372377
0.372693
0.373008
0.373323
0.373638
0.373953
0.374267
0.374582
0.374896
0.375211
0.375525
0.375839
0.376153
0.376466
0.37678
0.377093
0.377407
0.37772
0.378033
0.378346
0.378658
0.378971
0.379283
0.379595
0.379907
0.380219
0.380531
0.380842
0.381153
0.381464
0.381775
0.382086
0.382396
0.382706
0.383016
0.383326
0.383635
0.383945
0.384254
0.384563
0.384871
0.38518
0.385488
0.385796
0.386103
0.386411
0.386718
0.387025
0.387331
0.387638
0.387944
0.38825
0.388555
0.38886
0.389166
0.38947
0.389775
0.390079
0.390383
0.390686
0.39099
0.391293
0.391595
0.391898
0.3922
0.392501
0.392803
0.393104
0.393405
0.393705
0.394005
0.394305
0.394605
0.394904
0.395203
0.395501
0.395799
0.396097
0.396395
0.396692
0.396988
0.397285
0.397581
0.397876
0.398172
0.398467
0.398761
0.399055
0.399349
0.399643
0.399936
0.400228
0.40052
0.400812
0.401104
0.401395
0.401686
0.401976
0.402266
0.402555
0.402844
0.403133
0.403421
0.403709
0.403996
0.404283
0.40457
0.404856
0.405141
0.405427
0.405712
0.405996
0.40628
0.406563
0.406846
0.407129
0.407411
0.407693
0.407974
0.408255
0.408535
0.408815
0.409094
0.409373
0.409652
0.40993
0.410207
0.410484
0.410761
0.411037
0.411313
0.411588
0.411862
0.412137
0.41241
0.412683
0.412956
0.413228
0.4135
0.413771
0.414042
0.414312
0.414582
0.414851
0.415119
0.415388
0.415655
0.415922
0.416189
0.416455
0.41672
0.416985
0.41725
0.417514
0.417777
0.41804
0.418303
0.418564
0.418826
0.419086
0.419347
0.419606
0.419865
0.420124
0.420382
0.420639
0.420896
0.421153
0.421409
0.421664
0.421919
0.422173
0.422426
0.422679
0.422932
0.423184
0.423435
0.423686
0.423936
0.424185
0.424434
0.424683
0.424931
0.425178
0.425425
0.425671
0.425917
0.426162
0.426406
0.42665
0.426893
0.427136
0.427378
0.427619
0.42786
0.4281
0.42834
0.428579
0.428818
0.429055
0.429293
0.429529
0.429765
0.430001
0.430236
0.43047
0.430704
0.430937
0.431169
0.431401
0.431632
0.431863
0.432093
0.432322
0.432551
0.432779
0.433007
0.433234
0.43346
0.433686
0.433911
0.434135
0.434359
0.434583
0.434805
0.435027
0.435249
0.435469
0.435689
0.435909
0.436128
0.436346
0.436564
0.436781
0.436997
0.437213
0.437428
0.437642
0.437856
0.438069
0.438282
0.438494
0.438705
0.438916
0.439126
0.439335
0.439544
0.439752
0.439959
0.440166
0.440373
0.440578
0.440783
0.440987
0.441191
0.441394
0.441596
0.441798
0.441999
0.4422
0.4424
0.442599
0.442797
0.442995
0.443193
0.443389
0.443585
0.443781
0.443975
0.444169
0.444363
0.444556
0.444748
0.444939
0.44513
0.44532
0.44551
0.445699
0.445887
0.446075
0.446262
0.446448
0.446634
0.446819
0.447004
0.447187
0.447371
0.447553
0.447735
0.447916
0.448097
0.448277
0.448456
0.448635
0.448813
0.44899
0.449167
0.449343
0.449519
0.449694
0.449868
0.450042
0.450215
0.450387
0.450559
0.45073
0.4509
0.45107
0.451239
0.451408
0.451575
0.451743
0.451909
0.452075
0.452241
0.452405
0.45257
0.452733
0.452896
0.453058
0.45322
0.453381
0.453541
0.453701
0.45386
0.454018
0.454176
0.454333
0.45449
0.454646
0.454801
0.454956
0.45511
0.455263
0.455416
0.455568
0.45572
0.455871
0.456022
0.456171
0.45632
0.456469
0.456617
0.456764
0.456911
0.457057
0.457203
0.457347
0.457492
0.457635
0.457778
0.457921
0.458063
0.458204
0.458345
0.458485
0.458624
0.458763
0.458901
0.459039
0.459176
0.459313
0.459448
0.459584
0.459718
0.459852
0.459986
0.460119
0.460251
0.460383
0.460514
0.460645
0.460775
0.460904
0.461033
0.461161
0.461289
0.461416
0.461542
0.461668
0.461794
0.461919
0.462043
0.462166
0.462289
0.462412
0.462534
0.462655
0.462776
0.462896
0.463016
0.463135
0.463254
0.463372
0.463489
0.463606
0.463722
0.463838
0.463953
0.464068
0.464182
0.464296
0.464409
0.464521
0.464633
0.464745
0.464856
0.464966
0.465076
0.465185
0.465294
0.465402
0.465509
0.465616
0.465723
0.465829
0.465935
0.46604
0.466144
0.466248
0.466351
0.466454
0.466557
0.466659
0.46676
0.466861
0.466961
0.467061
0.46716
0.467259
0.467357
0.467455
0.467552
0.467649
0.467745
0.467841
0.467936
0.468031
0.468125
0.468219
0.468312
0.468405
0.468498
0.468589
0.468681
0.468772
0.468862
0.468952
0.469041
0.46913
0.469219
0.469307
0.469394
0.469481
0.469568
0.469654
0.469739
0.469824
0.469909
0.469993
0.470077
0.47016
0.470243
0.470326
0.470407
0.470489
0.47057
0.470651
0.470731
0.47081
0.47089
0.470968
0.471047
0.471125
0.471202
0.471279
0.471356
0.471432
0.471508
0.471583
0.471658
0.471732
0.471806
0.47188
0.471953
0.472026
0.472098
0.47217
0.472241
0.472312
0.472383
0.472453
0.472523
0.472592
0.472662
0.47273
0.472798
0.472866
0.472934
0.473001
0.473067
0.473133
0.473199
0.473265
0.47333
0.473394
0.473459
0.473522
0.473586
0.473649
0.473712
0.473774
0.473836
0.473898
0.473959
0.47402
0.47408
0.47414
0.4742
0.474259
0.474318
0.474377
0.474435
0.474493
0.474551
0.474608
0.474665
0.474721
0.474778
0.474833
0.474889
0.474944
0.474999
0.475053
0.475107
0.475161
0.475214
0.475267
0.47532
0.475372
0.475424
0.475476
0.475528
0.475579
0.475629
0.47568
0.47573
0.47578
0.475829
0.475878
0.475927
0.475976
0.476024
0.476072
0.476119
0.476166
0.476213
0.47626
0.476306
0.476352
0.476398
0.476444
0.476489
0.476534
0.476578
0.476622
0.476666
0.47671
0.476753
0.476796
0.476839
0.476882
0.476924
0.476966
0.477008
0.477049
0.47709
0.477131
0.477172
0.477212
0.477252
0.477292
0.477331
0.47737
0.477409
0.477448
0.477486
0.477525
0.477562
0.4776
0.477637
0.477675
0.477712
0.477748
0.477785
0.477821
0.477857
0.477892
0.477928
0.477963
0.477998
0.478032
0.478067
0.478101
0.478135
0.478169
0.478202
0.478235
0.478268
0.478301
0.478334
0.478366
0.478398
0.47843
0.478462
0.478493
0.478524
0.478555
0.478586
0.478617
0.478647
0.478677
0.478707
0.478737
0.478766
0.478796
0.478825
0.478854
0.478882
0.478911
0.478939
0.478967
0.478995
0.479023
0.47905
0.479077
0.479104
0.479131
0.479158
0.479184
0.479211
0.479237
0.479263
0.479289
0.479314
0.479339
0.479365
0.47939
0.479415
0.479439
0.479464
0.479488
0.479512
0.479536
0.47956
0.479583
0.479607
0.47963
0.479653
0.479676
0.479699
0.479721
0.479744
0.479766
0.479788
0.47981
0.479832
0.479854
0.479875
0.479896
0.479917
0.479938
0.479959
0.47998
0.480001
0.480021
0.480041
0.480061
0.480081
0.480101
0.480121
0.48014
0.480159
0.480179
0.480198
0.480217
0.480235
0.480254
0.480273
0.480291
0.480309
0.480327
0.480345
0.480363
0.480381
0.480398
0.480416
0.480433
0.48045
0.480467
0.480484
0.480501
0.480518
0.480534
0.480551
0.480567
0.480583
0.4806
0.480615
0.480631
0.480647
0.480663
0.480678
0.480694
0.480709
0.480724
0.480739
0.480754
0.480769
0.480783
0.480798
0.480812
0.480827
0.480841
0.480855
0.480869
0.480883
0.480897
0.480911
0.480925
0.480938
0.480952
0.480965
0.480978
0.480991
0.481004
0.481017
0.48103
0.481043
0.481056
0.481068
0.481081
0.481093
0.481105
0.481117
0.48113
0.481142
0.481154
0.481165
0.481177
0.481189
0.4812
0.481212
0.481223
0.481235
0.481246
0.481257
0.481268
0.481279
0.48129
0.481301
0.481311
0.481322
0.481333
0.481343
0.481354
0.481364
0.481374
0.481385
0.481395
0.481405
0.481415
0.481425
0.481434
0.481444
0.481454
0.481463
0.481473
0.481482
0.481492
0.481501
0.48151
0.48152
0.481529
0.481538
0.481547
0.481556
0.481565
0.481573
0.481582
0.481591
0.481599
0.481608
0.481616
0.481625
0.481633
0.481641
0.48165
0.481658
0.481666
0.481674
0.481682
0.48169
0.481698
0.481705
0.481713
0.481721
0.481728
0.481736
0.481744
0.481751
0.481758
0.481766
0.481773
0.48178
0.481788
0.481795
0.481802
0.481809
0.481816
0.481823
0.48183
0.481836
0.481843
0.48185
0.481857
0.481863
0.48187
0.481876
0.481883
0.481889
0.481896
0.481902
0.481908
0.481914
0.481921
0.481927
0.481933
0.481939
0.481945
0.481951
0.481957
0.481963
0.481968
0.481974
0.48198
0.481986
0.481991
0.481997
0.482003
0.482008
0.482014
0.482019
0.482024
0.48203
0.482035
0.48204
0.482046
0.482051
0.482056
0.482061
0.482066
0.482071
0.482076
0.482081
0.482086
0.482091
0.482096
0.482101
0.482106
0.48211
0.482115
0.48212
0.482124
0.482129
0.482133
0.482138
0.482142
0.482147
0.482151
0.482156
0.48216
0.482164
0.482169
0.482173
0.482177
0.482181
0.482185
0.48219
0.482194
0.482198
0.482202
0.482206
0.48221
0.482214
0.482217
0.482221
0.482225
0.482229
0.482233
0.482236
0.48224
0.482244
0.482247
0.482251
0.482255
0.482258
0.482262
0.482265
0.482269
0.482272
0.482275
0.482279
0.482282
0.482286
0.482289
0.482292
0.482295
0.482298
0.482302
0.482305
0.482308
0.482311
0.482314
0.482317
0.48232
0.482323
0.482326
0.482329
0.482332
0.482335
0.482338
0.48234
0.482343
0.482346
0.482349
0.482351
0.482354
0.482357
0.482359
0.482362
0.482365
0.482367
0.48237
0.482372
0.482375
0.482377
0.48238
0.482382
0.482384
0.482387
0.482389
0.482391
0.482394
0.482396
0.482398
0.4824
0.482403
0.482405
0.482407
0.482409
0.482411
0.482413
0.482415
0.482417
0.482419
0.482421
0.482423
0.482425
0.482427
0.482429
0.482431
0.482433
0.482434
0.482436
0.482438
0.48244
0.482442
0.482443
0.482445
0.482447
0.482448
0.48245
0.482452
0.482453
0.482455
0.482456
0.482458
0.482459
0.482461
0.482462
0.482464
0.482465
0.482467
0.482468
0.482469
0.482471
0.482472
0.482473
0.482475
0.482476
0.482477
0.482478
0.482479
0.482481
0.482482
0.482483
0.482484
0.482485
0.482486
0.482487
0.482488
0.482489
0.48249
0.482491
0.482492
0.482493
0.482494
0.482495
0.482496
0.482497
0.482498
0.482499
0.4825
0.4825
0.482501
0.482502
0.482503
0.482503
0.482504
0.482505
0.482506
0.482506
0.482507
0.482508
0.482508
0.482509
0.482509
0.48251
0.48251
0.482511
0.482511
0.482512
0.482512
0.482513
0.482513
0.482514
0.482514
0.482515
0.482515
0.482515
0.482516
0.482516
0.482516
0.482517
0.482517
0.482517
0.482518
0.482518
0.482518
0.482518
0.482518
0.482519
0.482519
0.482519
0.482519
0.482519
0.482519
0.48252
0.48252
0.48252
0.48252
0.48252
0.48252
0.48252
0.48252
0.48252
0.48252
0.48252
0.48252
0.48252
0.48252
0.482519
0.482519
0.482519
0.482519
0.482519
0.482519
0.482519
0.482518
0.482518
0.482518
0.482518
0.482518
0.482517
0.482517
0.482517
0.482517
0.482516
0.482516
0.482516
0.482515
0.482515
0.482515
0.482514
0.482514
0.482513
0.482513
0.482513
0.482512
0.482512
0.482511
0.482511
0.482511
0.48251
0.48251
0.482509
0.482509
0.482508
0.482508
0.482507
0.482506
0.482506
0.482505
0.482505
0.482504
0.482504
0.482503
0.482502
0.482502
0.482501
0.482501
0.4825
0.482499
0.482499
0.482498
0.482497
0.482497
0.482496
0.482495
0.482495
0.482494
0.482493
0.482492
0.482492
0.482491
0.48249
0.482489
0.482489
0.482488
0.482487
0.482486
0.482485
0.482485
0.482484
0.482483
0.482482
0.482481
0.482481
0.48248
0.482479
0.482478
0.482477
0.482476
0.482476
0.482475
0.482474
0.482473
0.482472
0.482471
0.48247
0.482469
0.482468
0.482468
0.482467
0.482466
0.482465
0.482464
0.482463
0.482462
0.482461
0.48246
0.482459
0.482458
0.482457
0.482456
0.482455
0.482454
0.482453
0.482452
0.482451
0.48245
0.48245
0.482449
0.482448
0.482447
0.482446
0.482445
0.482444
0.482443
0.482442
0.482441
0.48244
0.482439
0.482438
0.482437
0.482436
0.482435
0.482434
0.482433
0.482432
0.482431
0.48243
0.482429
0.482428
0.482427
0.482426
0.482425
0.482424
0.482423
0.482422
0.48242
0.482419
0.482418
0.482417
0.482416
0.482415
0.482414
0.482413
0.482412
0.482411
0.48241
0.482409
0.482408
0.482407
0.482406
0.482405
0.482404
0.482403
0.482402
0.482401
0.4824
0.482399
0.482398
0.482397
0.482397
0.482396
0.482395
0.482394
0.482393
0.482392
0.482391
0.48239
0.482389
0.482388
0.482387
0.482386
0.482385
0.482384
0.482383
0.482382
0.482381
0.48238
0.482379
0.482378
0.482378
0.482377
0.482376
0.482375
0.482374
0.482373
0.482372
0.482371
0.48237
0.482369
0.482369
0.482368
0.482367
0.482366
0.482365
0.482364
0.482364
0.482363
0.482362
0.482361
0.48236
0.482359
0.482359
0.482358
0.482357
0.482356
0.482355
0.482355
0.482354
0.482353
0.482352
0.482352
0.482351
0.48235
0.482349
0.482349
0.482348
0.482347
0.482346
0.482346
0.482345
0.482344
0.482344
0.482343
0.482342
0.482342
0.482341
0.48234
0.48234
0.482339
0.482339
0.482338
0.482337
0.482337
0.482336
0.482336
0.482335
0.482334
0.482334
0.482333
0.482333
0.482332
0.482332
0.482331
0.482331
0.48233
0.48233
0.482329
0.482329
0.482328
0.482328
0.482327
0.482327
0.482326
0.482326
0.482325
0.482325
0.482325
0.482324
0.482324
0.482323
0.482323
0.482323
0.482322
0.482322
0.482322
0.482321
0.482321
0.482321
0.48232
0.48232
0.48232
0.48232
0.482319
0.482319
0.482319
0.482318
0.482318
0.482318
0.482318
0.482318
0.482317
0.482317
0.482317
0.482317
0.482317
0.482317
0.482316
0.482316
0.482316
0.482316
0.482316
0.482316
0.482316
0.482316
0.482316
0.482316
0.482315
0.482315
0.482315
0.482315
0.482315
0.482315
0.482315
0.482315
0.482315
0.482315
0.482315
0.482316
0.482316
0.482316
0.482316
0.482316
0.482316
0.482316
0.482316
0.482316
0.482316
0.482317
0.482317
0.482317
0.482317
0.482317
0.482317
0.482318
0.482318
0.482318
0.482318
0.482318
0.482319
0.482319
0.482319
0.482319
0.48232
0.48232
0.48232
0.482321
0.482321
0.482321
0.482322
0.482322
0.482322
0.482323
0.482323
0.482323
0.482324
0.482324
0.482325
0.482325
0.482325
0.482326
0.482326
0.482327
0.482327
0.482328
0.482328
0.482329
0.482329
0.48233
0.48233
0.482331
0.482331
0.482332
0.482332
0.482333
0.482333
0.482334
0.482334
0.482335
0.482335
0.482336
0.482337
0.482337
0.482338
0.482338
0.482339
0.48234
0.48234
0.482341
0.482342
0.482342
0.482343
0.482344
0.482344
0.482345
0.482346
0.482346
0.482347
0.482348
0.482349
0.482349
0.48235
0.482351
0.482352
0.482352
0.482353
0.482354
0.482355
0.482355
0.482356
0.482357
0.482358
0.482359
0.482359
0.48236
0.482361
0.482362
0.482363
0.482364
0.482364
0.482365
0.482366
0.482367
0.482368
0.482369
0.48237
0.482371
0.482371
0.482372
0.482373
0.482374
0.482375
0.482376
0.482377
0.482378
0.482379
0.48238
0.482381
0.482382
0.482382
0.482383
0.482384
0.482385
0.482386
0.482387
0.482388
0.482389
0.48239
0.482391
0.482392
0.482393
0.482394
0.482395
0.482396
0.482397
0.482398
0.482399
0.4824
0.482401
0.482402
0.482403
0.482404
0.482405
0.482406
0.482407
0.482408
0.482409
0.48241
0.482411
0.482413
0.482414
0.482415
0.482416
0.482417
0.482418
0.482419
0.48242
0.482421
0.482422
0.482423
0.482424
0.482425
0.482426
0.482427
0.482428
0.482429
0.48243
0.482432
0.482433
0.482434
0.482435
0.482436
0.482437
0.482438
0.482439
0.48244
0.482441
0.482442
0.482443
0.482444
0.482445
0.482447
0.482448
0.482449
0.48245
0.482451
0.482452
0.482453
0.482454
0.482455
0.482456
0.482457
0.482458
0.482459
0.48246
0.482461
0.482462
0.482463
0.482465
0.482466
0.482467
0.482468
0.482469
0.48247
0.482471
0.482472
0.482473
0.482474
0.482475
0.482476
0.482477
0.482478
0.482479
0.48248
0.482481
0.482482
0.482483
0.482484
0.482485
0.482486
0.482487
0.482488
0.482489
0.48249
0.482491
0.482492
0.482493
0.482494
0.482495
0.482496
0.482497
0.482498
0.482499
0.4825
0.482501
0.482502
0.482503
0.482503
0.482504
0.482505
0.482506
0.482507
0.482508
0.482509
0.48251
0.482511
0.482512
0.482513
0.482513
0.482514
0.482515
0.482516
0.482517
0.482518
0.482519
0.482519
0.48252
0.482521
0.482522
0.482523
0.482524
0.482524
0.482525
0.482526
0.482527
0.482527
0.482528
0.482529
0.48253
0.482531
0.482531
0.482532
0.482533
0.482534
0.482534
0.482535
0.482536
0.482536
0.482537
0.482538
0.482538
0.482539
0.48254
0.48254
0.482541
0.482542
0.482542
0.482543
0.482544
0.482544
0.482545
0.482545
0.482546
0.482547
0.482547
0.482548
0.482548
0.482549
0.48255
0.48255
0.482551
0.482551
0.482552
0.482552
0.482553
0.482553
0.482554
0.482554
0.482555
0.482555
0.482556
0.482556
0.482556
0.482557
0.482557
0.482558
0.482558
0.482559
0.482559
0.482559
0.48256
0.48256
0.48256
0.482561
0.482561
0.482561
0.482562
0.482562
0.482562
0.482563
0.482563
0.482563
0.482564
0.482564
0.482564
0.482564
0.482565
0.482565
0.482565
0.482565
0.482565
0.482566
0.482566
0.482566
0.482566
0.482566
0.482567
0.482567
0.482567
0.482567
0.482567
0.482567
0.482567
0.482567
0.482567
0.482568
0.482568
0.482568
0.482568
0.482568
0.482568
0.482568
0.482568
0.482568
0.482568
0.482568
0.482568
0.482568
0.482568
0.482568
0.482568
0.482568
0.482568
0.482567
0.482567
0.482567
0.482567
0.482567
0.482567
0.482567
0.482567
0.482566
0.482566
0.482566
0.482566
0.482566
0.482566
0.482565
0.482565
0.482565
0.482565
0.482565
0.482564
0.482564
0.482564
0.482564
0.482563
0.482563
0.482563
0.482562
0.482562
0.482562
0.482561
0.482561
0.482561
0.48256
0.48256
0.48256
0.482559
0.482559
0.482559
0.482558
0.482558
0.482557
0.482557
0.482556
0.482556
0.482556
0.482555
0.482555
0.482554
0.482554
0.482553
0.482553
0.482552
0.482552
0.482551
0.482551
0.48255
0.48255
0.482549
0.482549
0.482548
0.482547
0.482547
0.482546
0.482546
0.482545
0.482545
0.482544
0.482543
0.482543
0.482542
0.482542
0.482541
0.48254
0.48254
0.482539
0.482538
0.482538
0.482537
0.482536
0.482536
0.482535
0.482534
0.482534
0.482533
0.482532
0.482531
0.482531
0.48253
0.482529
0.482528
0.482528
0.482527
0.482526
0.482525
0.482525
0.482524
0.482523
0.482522
0.482522
0.482521
0.48252
0.482519
0.482518
0.482518
0.482517
0.482516
0.482515
0.482514
0.482514
0.482513
0.482512
0.482511
0.48251
0.482509
0.482509
0.482508
0.482507
0.482506
0.482505
0.482504
0.482503
0.482502
0.482502
0.482501
0.4825
0.482499
0.482498
0.482497
0.482496
0.482495
0.482494
0.482494
0.482493
0.482492
0.482491
0.48249
0.482489
0.482488
0.482487
0.482486
0.482485
0.482484
0.482484
0.482483
0.482482
0.482481
0.48248
0.482479
0.482478
0.482477
0.482476
0.482475
0.482474
0.482473
0.482472
0.482472
0.482471
0.48247
0.482469
0.482468
0.482467
0.482466
0.482465
0.482464
0.482463
0.482462
0.482461
0.48246
0.482459
0.482459
0.482458
0.482457
0.482456
0.482455
0.482454
0.482453
0.482452
0.482451
0.48245
0.482449
0.482448
0.482448
0.482447
0.482446
0.482445
0.482444
0.482443
0.482442
0.482441
0.48244
0.482439
0.482439
0.482438
0.482437
0.482436
0.482435
0.482434
0.482433
0.482433
0.482432
0.482431
0.48243
0.482429
0.482428
0.482427
0.482427
0.482426
0.482425
0.482424
0.482423
0.482422
0.482422
0.482421
0.48242
0.482419
0.482419
0.482418
0.482417
0.482416
0.482415
0.482415
0.482414
0.482413
0.482412
0.482412
0.482411
0.48241
0.482409
0.482409
0.482408
0.482407
0.482407
0.482406
0.482405
0.482405
0.482404
0.482403
0.482403
0.482402
0.482401
0.482401
0.4824
0.482399
0.482399
0.482398
0.482398
0.482397
0.482396
0.482396
0.482395
0.482395
0.482394
0.482394
0.482393
0.482393
0.482392
0.482392
0.482391
0.482391
0.48239
0.48239
0.482389
0.482389
0.482388
0.482388
0.482387
0.482387
0.482387
0.482386
0.482386
0.482385
0.482385
0.482385
0.482384
0.482384
0.482384
0.482383
0.482383
0.482383
0.482382
0.482382
0.482382
0.482382
0.482381
0.482381
0.482381
0.482381
0.48238
0.48238
0.48238
0.48238
0.48238
0.48238
0.482379
0.482379
0.482379
0.482379
0.482379
0.482379
0.482379
0.482379
0.482379
0.482379
0.482379
0.482379
0.482379
0.482379
0.482379
0.482379
0.482379
0.482379
0.482379
0.482379
0.482379
0.482379
0.482379
0.482379
0.482379
0.482379
0.48238
0.48238
0.48238
0.48238
0.48238
0.482381
0.482381
0.482381
0.482381
0.482382
0.482382
0.482382
0.482382
0.482383
0.482383
0.482383
0.482384
0.482384
0.482385
0.482385
0.482385
0.482386
0.482386
0.482387
0.482387
0.482388
0.482388
0.482389
0.482389
0.48239
0.48239
0.482391
0.482391
0.482392
0.482392
0.482393
0.482394
0.482394
0.482395
0.482396
0.482396
0.482397
0.482398
0.482398
0.482399
0.4824
0.482401
0.482401
0.482402
0.482403
0.482404
0.482405
0.482405
0.482406
0.482407
0.482408
0.482409
0.48241
0.482411
0.482412
0.482413
0.482414
0.482414
0.482415
0.482416
0.482417
0.482418
0.482419
0.482421
0.482422
0.482423
0.482424
0.482425
0.482426
0.482427
0.482428
0.482429
0.48243
0.482432
0.482433
0.482434
0.482435
0.482436
0.482438
0.482439
0.48244
0.482441
0.482443
0.482444
0.482445
0.482447
0.482448
0.482449
0.482451
0.482452
0.482453
0.482455
0.482456
0.482458
0.482459
0.482461
0.482462
0.482463
0.482465
0.482466
0.482468
0.482469
0.482471
0.482472
0.482474
0.482476
0.482477
0.482479
0.48248
0.482482
0.482483
0.482485
0.482487
0.482488
0.48249
0.482492
0.482493
0.482495
0.482497
0.482498
0.4825
0.482502
0.482504
0.482505
0.482507
0.482509
0.482511
0.482512
0.482514
0.482516
0.482518
0.482519
0.482521
0.482523
0.482525
0.482527
0.482529
0.48253
0.482532
0.482534
0.482536
0.482538
0.48254
0.482542
0.482544
0.482546
0.482548
0.482549
0.482551
0.482553
0.482555
0.482557
0.482559
0.482561
0.482563
0.482565
0.482567
0.482569
0.482571
0.482573
0.482575
0.482577
0.482579
0.482581
0.482583
0.482585
0.482587
0.482589
0.482591
0.482593
0.482595
0.482597
0.482599
0.482601
0.482604
0.482606
0.482608
0.48261
0.482612
0.482614
0.482616
0.482618
0.48262
0.482622
0.482624
0.482626
0.482628
0.48263
0.482632
0.482635
0.482637
0.482639
0.482641
0.482643
0.482645
0.482647
0.482649
0.482651
0.482653
0.482655
0.482657
0.482659
0.482661
0.482663
0.482665
0.482668
0.48267
0.482672
0.482674
0.482676
0.482678
0.48268
0.482682
0.482684
0.482686
0.482688
0.48269
0.482692
0.482694
0.482696
0.482698
0.4827
0.482702
0.482703
0.482705
0.482707
0.482709
0.482711
0.482713
0.482715
0.482717
0.482719
0.482721
0.482722
0.482724
0.482726
0.482728
0.48273
0.482732
0.482733
0.482735
0.482737
0.482739
0.48274
0.482742
0.482744
0.482746
0.482747
0.482749
0.482751
0.482752
0.482754
0.482756
0.482757
0.482759
0.48276
0.482762
0.482763
0.482765
0.482766
0.482768
0.482769
0.482771
0.482772
0.482774
0.482775
0.482776
0.482778
0.482779
0.48278
0.482782
0.482783
0.482784
0.482785
0.482787
0.482788
0.482789
0.48279
0.482791
0.482792
0.482793
0.482794
0.482796
0.482797
0.482797
0.482798
0.482799
0.4828
0.482801
0.482802
0.482803
0.482804
0.482804
0.482805
0.482806
0.482806
0.482807
0.482808
0.482808
0.482809
0.482809
0.48281
0.48281
0.482811
0.482811
0.482812
0.482812
0.482812
0.482812
0.482813
0.482813
0.482813
0.482813
0.482813
0.482813
0.482813
0.482813
0.482813
0.482813
0.482813
0.482813
0.482813
0.482813
0.482812
0.482812
0.482812
0.482811
0.482811
0.48281
0.48281
0.482809
0.482809
0.482808
0.482807
0.482807
0.482806
0.482805
0.482804
0.482803
0.482802
0.482801
0.4828
0.482799
0.482798
0.482797
0.482796
0.482794
0.482793
0.482792
0.48279
0.482789
0.482787
0.482786
0.482784
0.482782
0.48278
0.482779
0.482777
0.482775
0.482773
0.482771
0.482769
0.482767
0.482765
0.482762
0.48276
0.482758
0.482755
0.482753
0.48275
0.482748
0.482745
0.482743
0.48274
0.482737
0.482734
0.482731
0.482728
0.482725
0.482722
0.482719
0.482716
0.482712
0.482709
0.482706
0.482702
0.482699
0.482695
0.482691
0.482687
0.482684
0.48268
0.482676
0.482672
0.482668
0.482663
0.482659
0.482655
0.48265
0.482646
0.482642
0.482637
0.482632
0.482627
0.482623
0.482618
0.482613
0.482608
0.482603
0.482597
0.482592
0.482587
0.482581
0.482576
0.48257
0.482565
0.482559
0.482553
0.482547
0.482541
0.482535
0.482529
0.482523
0.482516
0.48251
0.482503
0.482497
0.48249
0.482483
0.482477
0.48247
0.482463
0.482455
0.482448
0.482441
0.482434
0.482426
0.482419
0.482411
0.482403
0.482395
0.482388
0.48238
0.482371
0.482363
0.482355
0.482347
0.482338
0.48233
0.482321
0.482312
0.482303
0.482294
0.482285
0.482276
0.482267
0.482257
0.482248
0.482238
0.482229
0.482219
0.482209
0.482199
0.482189
0.482179
0.482169
0.482158
0.482148
0.482137
0.482126
0.482116
0.482105
0.482094
0.482083
0.482071
0.48206
0.482048
0.482037
0.482025
0.482013
0.482001
0.481989
0.481977
0.481965
0.481953
0.48194
0.481928
0.481915
0.481902
0.481889
0.481876
0.481863
0.481849
0.481836
0.481822
0.481809
0.481795
0.481781
0.481767
0.481753
0.481739
0.481724
0.48171
0.481695
0.48168
0.481665
0.48165
0.481635
0.48162
0.481604
0.481589
0.481573
0.481557
0.481542
0.481525
0.481509
0.481493
0.481476
0.48146
0.481443
0.481426
0.481409
0.481392
0.481375
0.481357
0.48134
0.481322
0.481304
0.481287
0.481268
0.48125
0.481232
0.481213
0.481195
0.481176
0.481157
0.481138
0.481119
0.481099
0.48108
0.48106
0.48104
0.48102
0.481
0.48098
0.48096
0.480939
0.480918
0.480898
0.480877
0.480855
0.480834
0.480813
0.480791
0.480769
0.480747
0.480725
0.480703
0.480681
0.480658
0.480636
0.480613
0.48059
0.480567
0.480543
0.48052
0.480496
0.480472
0.480449
0.480424
0.4804
0.480376
0.480351
0.480326
0.480301
0.480276
0.480251
0.480226
0.4802
0.480174
0.480149
0.480122
0.480096
0.48007
0.480043
0.480016
0.47999
0.479962
0.479935
0.479908
0.47988
0.479852
0.479824
0.479796
0.479768
0.47974
0.479711
0.479682
0.479653
0.479624
0.479594
0.479565
0.479535
0.479505
0.479475
0.479445
0.479415
0.479384
0.479353
0.479322
0.479291
0.47926
0.479228
0.479196
0.479165
0.479132
0.4791
0.479068
0.479035
0.479002
0.478969
0.478936
0.478903
0.478869
0.478835
0.478801
0.478767
0.478733
0.478698
0.478663
0.478628
0.478593
0.478558
0.478522
0.478487
0.478451
0.478415
0.478378
0.478342
0.478305
0.478268
0.478231
0.478194
0.478156
0.478119
0.478081
0.478043
0.478004
0.477966
0.477927
0.477888
0.477849
0.47781
0.47777
0.477731
0.477691
0.47765
0.47761
0.47757
0.477529
0.477488
0.477447
0.477405
0.477364
0.477322
0.47728
0.477237
0.477195
0.477152
0.477109
0.477066
0.477023
0.476979
0.476936
0.476892
0.476847
0.476803
0.476758
0.476714
0.476669
0.476623
0.476578
0.476532
0.476486
0.47644
0.476394
0.476347
0.4763
0.476253
0.476206
0.476158
0.476111
0.476063
0.476015
0.475966
0.475918
0.475869
0.47582
0.47577
0.475721
0.475671
0.475621
0.475571
0.47552
0.47547
0.475419
0.475368
0.475316
0.475265
0.475213
0.475161
0.475108
0.475056
0.475003
0.47495
0.474897
0.474843
0.47479
0.474736
0.474681
0.474627
0.474572
0.474517
0.474462
0.474407
0.474351
0.474295
0.474239
0.474183
0.474126
0.474069
0.474012
0.473955
0.473897
0.473839
0.473781
0.473723
0.473665
0.473606
0.473547
0.473487
0.473428
0.473368
0.473308
0.473248
0.473187
0.473126
0.473065
0.473004
0.472942
0.472881
0.472819
0.472756
0.472694
0.472631
0.472568
0.472505
0.472441
0.472377
0.472313
0.472249
0.472184
0.472119
0.472054
0.471989
0.471923
0.471857
0.471791
0.471725
0.471658
0.471591
0.471524
0.471457
0.471389
0.471321
0.471253
0.471184
0.471115
0.471046
0.470977
0.470908
0.470838
0.470768
0.470697
0.470627
0.470556
0.470485
0.470413
0.470342
0.47027
0.470197
0.470125
0.470052
0.469979
0.469906
0.469832
0.469759
0.469684
0.46961
0.469535
0.469461
0.469385
0.46931
0.469234
0.469158
0.469082
0.469005
0.468929
0.468851
0.468774
0.468696
0.468619
0.46854
0.468462
0.468383
0.468304
0.468225
0.468145
0.468065
0.467985
0.467905
0.467824
0.467743
0.467662
0.46758
0.467498
0.467416
0.467334
0.467251
0.467168
0.467085
0.467002
0.466918
0.466834
0.466749
0.466665
0.46658
0.466495
0.466409
0.466323
0.466237
0.466151
0.466064
0.465977
0.46589
0.465802
0.465715
0.465627
0.465538
0.46545
0.465361
0.465271
0.465182
0.465092
0.465002
0.464911
0.464821
0.46473
0.464639
0.464547
0.464455
0.464363
0.464271
0.464178
0.464085
0.463991
0.463898
0.463804
0.46371
0.463615
0.46352
0.463425
0.46333
0.463234
0.463138
0.463042
0.462945
0.462849
0.462751
0.462654
0.462556
0.462458
0.46236
0.462261
0.462162
0.462063
0.461963
0.461864
0.461763
0.461663
0.461562
0.461461
0.46136
0.461258
0.461156
0.461054
0.460951
0.460849
0.460745
0.460642
0.460538
0.460434
0.46033
0.460225
0.46012
0.460015
0.459909
0.459803
0.459697
0.459591
0.459484
0.459377
0.459269
0.459162
0.459053
0.458945
0.458837
0.458728
0.458618
0.458509
0.458399
0.458289
0.458178
0.458067
0.457956
0.457845
0.457733
0.457621
0.457509
0.457396
0.457283
0.45717
0.457056
0.456943
0.456828
0.456714
0.456599
0.456484
0.456368
0.456253
0.456137
0.45602
0.455904
0.455787
0.455669
0.455552
0.455434
0.455316
0.455197
0.455078
0.454959
0.45484
0.45472
0.4546
0.454479
0.454358
0.454237
0.454116
0.453994
0.453872
0.45375
0.453627
0.453504
0.453381
0.453258
0.453134
0.45301
0.452885
0.45276
0.452635
0.45251
0.452384
0.452258
0.452131
0.452005
0.451878
0.45175
0.451622
0.451494
0.451366
0.451238
0.451109
0.450979
0.45085
0.45072
0.45059
0.450459
0.450328
0.450197
0.450066
0.449934
0.449802
0.449669
0.449536
0.449403
0.44927
0.449136
0.449002
0.448868
0.448733
0.448598
0.448463
0.448327
0.448191
0.448055
0.447919
0.447782
0.447644
0.447507
0.447369
0.447231
0.447092
0.446953
0.446814
0.446675
0.446535
0.446395
0.446255
0.446114
0.445973
0.445831
0.44569
0.445548
0.445405
0.445263
0.44512
0.444976
0.444833
0.444689
0.444545
0.4444
0.444255
0.44411
0.443964
0.443818
0.443672
0.443526
0.443379
0.443232
0.443084
0.442936
0.442788
0.44264
0.442491
0.442342
0.442193
0.442043
0.441893
0.441743
0.441592
0.441441
0.44129
0.441138
0.440986
0.440834
0.440681
0.440528
0.440375
0.440221
0.440067
0.439913
0.439759
0.439604
0.439449
0.439293
0.439137
0.438981
0.438825
0.438668
0.438511
0.438353
0.438196
0.438038
0.437879
0.437721
0.437562
0.437402
0.437243
0.437083
0.436922
0.436762
0.436601
0.43644
0.436278
0.436116
0.435954
0.435791
0.435628
0.435465
0.435302
0.435138
0.434974
0.434809
0.434645
0.43448
0.434314
0.434148
0.433982
0.433816
0.433649
0.433482
0.433315
0.433147
0.432979
0.432811
0.432643
0.432474
0.432304
0.432135
0.431965
0.431795
0.431624
0.431454
0.431282
0.431111
0.430939
0.430767
0.430595
0.430422
0.430249
0.430076
0.429902
0.429728
0.429554
0.429379
0.429204
0.429029
0.428853
0.428677
0.428501
0.428325
0.428148
0.427971
0.427793
0.427616
0.427438
0.427259
0.427081
0.426901
0.426722
0.426543
0.426363
0.426182
0.426002
0.425821
0.42564
0.425458
0.425276
0.425094
0.424912
0.424729
0.424546
0.424362
0.424179
0.423995
0.42381
0.423626
0.423441
0.423256
0.42307
0.422884
0.422698
0.422512
0.422325
0.422138
0.42195
0.421763
0.421575
0.421386
0.421198
0.421009
0.420819
0.42063
0.42044
0.42025
0.420059
0.419868
0.419677
0.419486
0.419294
0.419102
0.41891
0.418717
0.418524
0.418331
0.418138
0.417944
0.41775
0.417555
0.41736
0.417165
0.41697
0.416774
0.416578
0.416382
0.416186
0.415989
0.415792
0.415594
0.415396
0.415198
0.415
0.414801
0.414602
0.414403
0.414203
0.414004
0.413803
0.413603
0.413402
0.413201
0.413
0.412798
0.412596
0.412394
0.412191
0.411989
0.411785
0.411582
0.411378
0.411174
0.41097
0.410765
0.410561
0.410355
0.41015
0.409944
0.409738
0.409532
0.409325
0.409118
0.408911
0.408703
0.408495
0.408287
0.408079
0.40787
0.407661
0.407452
0.407243
0.407033
0.406823
0.406612
0.406401
0.40619
0.405979
0.405768
0.405556
0.405344
0.405131
0.404918
0.404706
0.404492
0.404279
0.404065
0.403851
0.403636
0.403422
0.403207
0.402991
0.402776
0.40256
0.402344
0.402128
0.401911
0.401694
0.401477
0.401259
0.401041
0.400823
0.400605
0.400386
0.400168
0.399948
0.399729
0.399509
0.399289
0.399069
0.398848
0.398628
0.398407
0.398185
0.397964
0.397742
0.397519
0.397297
0.397074
0.396851
0.396628
0.396405
0.396181
0.395957
0.395732
0.395508
0.395283
0.395058
0.394832
0.394606
0.394381
0.394154
0.393928
0.393701
0.393474
0.393247
0.393019
0.392791
0.392563
0.392335
0.392106
0.391877
0.391648
0.391419
0.391189
0.390959
0.390729
0.390499
0.390268
0.390037
0.389806
0.389574
0.389343
0.389111
0.388878
0.388646
0.388413
0.38818
0.387947
0.387713
0.387479
0.387245
0.387011
0.386777
0.386542
0.386307
0.386071
0.385836
0.3856
0.385364
0.385128
0.384891
0.384654
0.384417
0.38418
0.383942
0.383705
0.383466
0.383228
0.38299
0.382751
0.382512
0.382273
0.382033
0.381793
0.381553
0.381313
0.381072
0.380832
0.380591
0.380349
0.380108
0.379866
0.379624
0.379382
0.37914
0.378897
0.378654
0.378411
0.378167
0.377924
0.37768
0.377436
0.377192
0.376947
0.376702
0.376457
0.376212
0.375966
0.375721
0.375475
0.375228
0.374982
0.374735
0.374488
0.374241
0.373994
0.373746
0.373498
0.37325
0.373002
0.372753
0.372505
0.372256
0.372007
0.371757
0.371507
0.371258
0.371007
0.370757
0.370507
0.370256
0.370005
0.369754
0.369502
0.36925
0.368999
0.368746
0.368494
0.368242
0.367989
0.367736
0.367483
0.367229
0.366975
0.366722
0.366468
0.366213
0.365959
0.365704
0.365449
0.365194
0.364938
0.364683
0.364427
0.364171
0.363915
0.363658
0.363402
0.363145
0.362888
0.36263
0.362373
0.362115
0.361857
0.361599
0.361341
0.361082
0.360824
0.360565
0.360305
0.360046
0.359787
0.359527
0.359267
0.359007
0.358746
0.358486
0.358225
0.357964
0.357703
0.357441
0.35718
0.356918
0.356656
0.356393
0.356131
0.355868
0.355606
0.355343
0.355079
0.354816
0.354552
0.354289
0.354025
0.35376
0.353496
0.353231
0.352967
0.352702
0.352436
0.352171
0.351906
0.35164
0.351374
0.351108
0.350841
0.350575
0.350308
0.350041
0.349774
0.349507
0.349239
0.348972
0.348704
0.348436
0.348168
0.347899
0.347631
0.347362
0.347093
0.346824
0.346554
0.346285
0.346015
0.345745
0.345475
0.345205
0.344935
0.344664
0.344393
0.344122
0.343851
0.34358
0.343308
0.343036
0.342764
0.342492
0.34222
0.341948
0.341675
0.341402
0.341129
0.340856
0.340583
0.340309
0.340036
0.339762
0.339488
0.339214
0.338939
0.338665
0.33839
0.338115
0.33784
0.337565
0.337289
0.337014
0.336738
0.336462
0.336186
0.33591
0.335633
0.335357
0.33508
0.334803
0.334526
0.334248
0.333971
0.333693
0.333416
0.333138
0.332859
0.332581
0.332303
0.332024
0.331745
0.331466
0.331187
0.330908
0.330628
0.330349
0.330069
0.329789
0.329509
0.329229
0.328948
0.328667
0.328387
0.328106
0.327825
0.327543
0.327262
0.32698
0.326699
0.326417
0.326135
0.325852
0.32557
0.325288
0.325005
0.324722
0.324439
0.324156
0.323872
0.323589
0.323305
0.323021
0.322737
0.322453
0.322169
0.321885
0.3216
0.321315
0.32103
0.320745
0.32046
0.320175
0.319889
0.319604
0.319318
0.319032
0.318746
0.318459
0.318173
0.317886
0.3176
0.317313
0.317026
0.316738
0.316451
0.316163
0.315876
0.315588
0.3153
0.315012
0.314724
0.314435
0.314147
0.313858
0.313569
0.31328
0.312991
0.312702
0.312412
0.312123
0.311833
0.311543
0.311253
0.310963
0.310672
0.310382
0.310091
0.3098
0.309509
0.309218
0.308927
0.308636
0.308344
0.308053
0.307761
0.307469
0.307177
0.306884
0.306592
0.3063
0.306007
0.305714
0.305421
0.305128
0.304835
0.304541
0.304248
0.303954
0.30366
0.303366
0.303072
0.302778
0.302483
0.302189
0.301894
0.301599
0.301304
0.301009
0.300714
0.300418
0.300123
0.299827
0.299531
0.299235
0.298939
0.298643
0.298347
0.29805
0.297753
0.297457
0.29716
0.296862
0.296565
0.296268
0.29597
0.295673
0.295375
0.295077
0.294779
0.294481
0.294182
0.293884
0.293585
0.293286
0.292987
0.292688
0.292389
0.29209
0.29179
0.291491
0.291191
0.290891
0.290591
0.290291
0.28999
0.28969
0.289389
0.289089
0.288788
0.288487
0.288185
0.287884
0.287583
0.287281
0.286979
0.286678
0.286376
0.286074
0.285771
0.285469
0.285166
0.284864
0.284561
0.284258
0.283955
0.283652
0.283348
0.283045
0.282741
0.282437
0.282133
0.281829
0.281525
0.281221
0.280916
0.280612
0.280307
0.280002
0.279697
0.279392
0.279087
0.278781
0.278476
0.27817
0.277864
0.277558
0.277252
0.276946
0.276639
0.276333
0.276026
0.275719
0.275412
0.275105
0.274798
0.274491
0.274183
0.273875
0.273568
0.27326
0.272952
0.272644
0.272335
0.272027
0.271718
0.271409
0.271101
0.270792
0.270482
0.270173
0.269864
0.269554
0.269244
0.268935
0.268625
0.268315
0.268004
0.267694
0.267383
0.267073
0.266762
0.266451
0.26614
0.265829
0.265517
0.265206
0.264894
0.264582
0.26427
0.263958
0.263646
0.263334
0.263021
0.262709
0.262396
0.262083
0.26177
0.261457
0.261144
0.26083
0.260517
0.260203
0.259889
0.259575
0.259261
0.258947
0.258632
0.258318
0.258003
0.257688
0.257373
0.257058
0.256743
0.256428
0.256112
0.255797
0.255481
0.255165
0.254849
0.254533
0.254216
0.2539
0.253583
0.253266
0.252949
0.252632
0.252315
0.251998
0.25168
0.251363
0.251045
0.250727
0.250409
0.250091
0.249772
0.249454
0.249135
0.248817
0.248498
0.248179
0.24786
0.24754
0.247221
0.246901
0.246582
0.246262
0.245942
0.245622
0.245301
0.244981
0.24466
0.24434
0.244019
0.243698
0.243377
0.243055
0.242734
0.242412
0.242091
0.241769
0.241447
0.241125
0.240802
0.24048
0.240157
0.239835
0.239512
0.239189
0.238866
0.238542
0.238219
0.237896
0.237572
0.237248
0.236924
0.2366
0.236276
0.235951
0.235627
0.235302
0.234977
0.234652
0.234327
0.234002
0.233676
0.233351
0.233025
0.232699
0.232373
0.232047
0.231721
0.231395
0.231068
0.230741
0.230415
0.230088
0.22976
0.229433
0.229106
0.228778
0.22845
0.228123
0.227795
0.227467
0.227138
0.22681
0.226481
0.226153
0.225824
0.225495
0.225166
0.224836
0.224507
0.224177
0.223848
0.223518
0.223188
0.222858
0.222527
0.222197
0.221866
0.221536
0.221205
0.220874
0.220543
0.220211
0.21988
0.219548
0.219217
0.218885
0.218553
0.218221
0.217888
0.217556
0.217223
0.216891
0.216558
0.216225
0.215892
0.215558
0.215225
0.214891
0.214558
0.214224
0.21389
0.213555
0.213221
0.212887
0.212552
0.212217
0.211882
0.211547
0.211212
0.210877
0.210542
0.210206
0.20987
0.209534
0.209198
0.208862
0.208526
0.208189
0.207853
0.207516
0.207179
0.206842
0.206505
0.206168
0.20583
0.205493
0.205155
0.204817
0.204479
0.204141
0.203802
0.203464
0.203125
0.202787
0.202448
0.202109
0.201769
0.20143
0.201091
0.200751
0.200411
0.200072
0.199732
0.199391
0.199051
0.198711
0.19837
0.198029
0.197688
0.197347
0.197006
0.196665
0.196324
0.195982
0.19564
0.195298
0.194956
0.194614
0.194272
0.19393
0.193587
0.193244
0.192902
0.192559
0.192215
0.191872
0.191529
0.191185
0.190842
0.190498
0.190154
0.18981
0.189466
0.189121
0.188777
0.188432
0.188087
0.187742
0.187397
0.187052
0.186707
0.186361
0.186016
0.18567
0.185324
0.184978
0.184632
0.184286
0.183939
0.183593
0.183246
0.182899
0.182552
0.182205
0.181858
0.18151
0.181163
0.180815
0.180468
0.18012
0.179772
0.179423
0.179075
0.178727
0.178378
0.178029
0.17768
0.177331
0.176982
0.176633
0.176284
0.175934
0.175585
0.175235
0.174885
0.174535
0.174185
0.173834
0.173484
0.173133
0.172783
0.172432
0.172081
0.17173
0.171379
0.171027
0.170676
0.170324
0.169972
0.169621
0.169269
0.168917
0.168564
0.168212
0.167859
0.167507
0.167154
0.166801
0.166448
0.166095
0.165742
0.165388
0.165035
0.164681
0.164327
0.163974
0.16362
0.163265
0.162911
0.162557
0.162202
0.161848
0.161493
0.161138
0.160783
0.160428
0.160073
0.159717
0.159362
0.159006
0.15865
0.158294
0.157938
0.157582
0.157226
0.15687
0.156513
0.156157
0.1558
0.155443
0.155086
0.154729
0.154372
0.154015
0.153657
0.1533
0.152942
0.152584
0.152226
0.151868
0.15151
0.151152
0.150794
0.150435
0.150077
0.149718
0.149359
0.149
0.148641
0.148282
0.147923
0.147563
0.147204
0.146844
0.146485
0.146125
0.145765
0.145405
0.145045
0.144684
0.144324
0.143964
0.143603
0.143242
0.142881
0.14252
0.142159
0.141798
0.141437
0.141076
0.140714
0.140353
0.139991
0.139629
0.139267
0.138905
0.138543
0.138181
0.137818
0.137456
0.137093
0.136731
0.136368
0.136005
0.135642
0.135279
0.134916
0.134553
0.134189
0.133826
0.133462
0.133099
0.132735
0.132371
0.132007
0.131643
0.131279
0.130914
0.13055
0.130186
0.129821
0.129456
0.129092
0.128727
0.128362
0.127997
0.127631
0.127266
0.126901
0.126535
0.12617
0.125804
0.125438
0.125072
0.124707
0.12434
0.123974
0.123608
0.123242
0.122875
0.122509
0.122142
0.121776
0.121409
0.121042
0.120675
0.120308
0.119941
0.119573
0.119206
0.118839
0.118471
0.118103
0.117736
0.117368
0.117
0.116632
0.116264
0.115896
0.115528
0.115159
0.114791
0.114422
0.114054
0.113685
0.113316
0.112947
0.112579
0.11221
0.11184
0.111471
0.111102
0.110733
0.110363
0.109994
0.109624
0.109254
0.108884
0.108515
0.108145
0.107775
0.107404
0.107034
0.106664
0.106293
0.105923
0.105552
0.105182
0.104811
0.10444
0.10407
0.103699
0.103328
0.102956
0.102585
0.102214
0.101843
0.101471
0.1011
0.100728
0.100356
0.0999847
0.0996128
0.0992409
0.098869
0.0984969
0.0981248
0.0977525
0.0973803
0.0970079
0.0966354
0.0962629
0.0958903
0.0955176
0.0951449
0.0947721
0.0943991
0.0940262
0.0936531
0.09328
0.0929068
0.0925335
0.0921601
0.0917867
0.0914132
0.0910396
0.090666
0.0902922
0.0899184
0.0895445
0.0891706
0.0887966
0.0884225
0.0880483
0.087674
0.0872997
0.0869253
0.0865509
0.0861763
0.0858017
0.085427
0.0850523
0.0846775
0.0843026
0.0839276
0.0835526
0.0831774
0.0828023
0.082427
0.0820517
0.0816763
0.0813008
0.0809253
0.0805497
0.080174
0.0797982
0.0794224
0.0790465
0.0786705
0.0782945
0.0779184
0.0775422
0.077166
0.0767896
0.0764133
0.0760368
0.0756603
0.0752837
0.074907
0.0745303
0.0741535
0.0737766
0.0733996
0.0730226
0.0726455
0.0722684
0.0718911
0.0715138
0.0711365
0.070759
0.0703815
0.070004
0.0696263
0.0692486
0.0688708
0.068493
0.068115
0.0677371
0.067359
0.0669809
0.0666027
0.0662244
0.0658461
0.0654676
0.0650892
0.0647106
0.064332
0.0639533
0.0635746
0.0631957
0.0628168
0.0624379
0.0620588
0.0616797
0.0613006
0.0609213
0.060542
0.0601626
0.0597832
0.0594036
0.0590241
0.0586444
0.0582647
0.0578848
0.057505
0.057125
0.056745
0.0563649
0.0559848
0.0556045
0.0552242
0.0548439
0.0544634
0.0540829
0.0537023
0.0533217
0.0529409
0.0525601
0.0521793
0.0517983
0.0514173
0.0510362
0.0506551
0.0502738
0.0498925
0.0495112
0.0491297
0.0487482
0.0483666
0.0479849
0.0476032
0.0472214
0.0468395
0.0464575
0.0460755
0.0456934
0.0453112
0.0449289
0.0445466
0.0441642
0.0437817
0.0433991
0.0430165
0.0426338
0.042251
0.0418681
0.0414852
0.0411022
0.0407191
0.0403359
0.0399527
0.0395694
0.039186
0.0388025
0.038419
0.0380353
0.0376516
0.0372678
0.036884
0.0365
0.036116
0.0357319
0.0353477
0.0349635
0.0345791
0.0341947
0.0338102
0.0334256
0.033041
0.0326562
0.0322714
0.0318865
0.0315015
0.0311165
0.0307313
0.0303461
0.0299608
0.0295754
0.0291899
0.0288043
0.0284187
0.028033
0.0276471
0.0272612
0.0268753
0.0264892
0.026103
0.0257168
0.0253305
0.0249441
0.0245576
0.024171
0.0237843
0.0233975
0.0230107
0.0226238
0.0222367
0.0218496
0.0214624
0.0210751
0.0206878
0.0203003
0.0199127
0.0195251
0.0191373
0.0187495
0.0183616
0.0179736
0.0175855
0.0171973
0.016809
0.0164206
0.0160321
0.0156436
0.0152549
0.0148662
0.0144773
0.0140884
0.0136993
0.0133102
0.012921
0.0125316
0.0121422
0.0117527
0.0113631
0.0109734
0.0105836
0.0101937
0.00980365
0.00941354
0.00902334
0.00863304
0.00824264
0.00785213
0.00746153
0.00707083
0.00668003
0.00628912
0.00589812
0.00550701
0.0051158
0.00472449
0.00433307
0.00394155
0.00354993
0.0031582
0.00276637
0.00237444
0.0019824
0.00159025
0.001198
0.000805645
0.000413182
2.06123e-05
-0.000372064
-0.000764848
-0.00115774
-0.00155074
-0.00194385
-0.00233706
-0.00273039
-0.00312382
-0.00351737
-0.00391102
-0.00430479
-0.00469866
-0.00509265
-0.00548675
-0.00588096
-0.00627528
-0.00666971
-0.00706426
-0.00745892
-0.00785369
-0.00824858
-0.00864358
-0.00903869
-0.00943392
-0.00982927
-0.0102247
-0.0106203
-0.011016
-0.0114118
-0.0118077
-0.0122038
-0.0125999
-0.0129962
-0.0133926
-0.0137891
-0.0141857
-0.0145825
-0.0149794
-0.0153763
-0.0157735
-0.0161707
-0.016568
-0.0169655
-0.0173631
-0.0177608
-0.0181586
-0.0185566
-0.0189547
-0.0193529
-0.0197512
-0.0201496
-0.0205482
-0.0209469
-0.0213457
-0.0217446
-0.0221437
-0.0225429
-0.0229422
-0.0233417
-0.0237412
-0.0241409
-0.0245407
-0.0249407
-0.0253407
-0.0257409
-0.0261413
-0.0265417
-0.0269423
-0.027343
-0.0277438
-0.0281448
-0.0285459
-0.0289471
-0.0293484
-0.0297499
-0.0301515
-0.0305533
-0.0309551
-0.0313571
-0.0317593
-0.0321615
-0.0325639
-0.0329664
-0.0333691
-0.0337719
-0.0341748
-0.0345778
-0.034981
-0.0353843
-0.0357877
-0.0361913
-0.036595
-0.0369989
-0.0374028
-0.0378069
-0.0382112
-0.0386155
-0.03902
-0.0394247
-0.0398295
-0.0402344
-0.0406394
-0.0410446
-0.0414499
-0.0418553
-0.0422609
-0.0426666
-0.0430725
-0.0434784
-0.0438846
-0.0442908
-0.0446972
-0.0451037
-0.0455104
-0.0459172
-0.0463241
-0.0467312
-0.0471384
-0.0475457
-0.0479532
-0.0483608
-0.0487685
-0.0491764
-0.0495844
-0.0499925
-0.0504008
-0.0508092
-0.0512178
-0.0516265
-0.0520353
-0.0524443
-0.0528534
-0.0532626
-0.053672
-0.0540815
-0.0544911
-0.0549009
-0.0553108
-0.0557208
-0.056131
-0.0565413
-0.0569518
-0.0573624
-0.0577731
-0.0581839
-0.0585949
-0.0590061
-0.0594173
-0.0598287
-0.0602402
-0.0606519
-0.0610637
-0.0614756
-0.0618877
-0.0622999
-0.0627122
-0.0631247
-0.0635373
-0.06395
-0.0643629
-0.0647759
-0.065189
-0.0656023
-0.0660157
-0.0664292
-0.0668428
-0.0672566
-0.0676706
-0.0680846
-0.0684988
-0.0689131
-0.0693275
-0.0697421
-0.0701568
-0.0705716
-0.0709866
-0.0714017
-0.0718169
-0.0722322
-0.0726477
-0.0730633
-0.073479
-0.0738949
-0.0743109
-0.074727
-0.0751432
-0.0755595
-0.075976
-0.0763926
-0.0768093
-0.0772262
-0.0776432
-0.0780603
-0.0784775
-0.0788948
-0.0793123
-0.0797299
-0.0801476
-0.0805654
-0.0809833
-0.0814014
-0.0818196
-0.0822379
-0.0826563
-0.0830748
-0.0834935
-0.0839122
-0.0843311
-0.0847501
-0.0851692
-0.0855884
-0.0860078
-0.0864272
-0.0868468
-0.0872664
-0.0876862
-0.0881061
-0.0885261
-0.0889462
-0.0893664
-0.0897868
-0.0902072
-0.0906277
-0.0910484
-0.0914691
-0.09189
-0.0923109
-0.092732
-0.0931532
-0.0935744
-0.0939958
-0.0944173
-0.0948388
-0.0952605
-0.0956822
-0.0961041
-0.096526
-0.0969481
-0.0973702
-0.0977925
-0.0982148
-0.0986372
-0.0990597
-0.0994823
-0.099905
-0.100328
-0.100751
-0.101174
-0.101597
-0.10202
-0.102443
-0.102866
-0.10329
-0.103713
-0.104137
-0.10456
-0.104984
-0.105408
-0.105832
-0.106256
-0.10668
-0.107104
-0.107528
-0.107952
-0.108376
-0.108801
-0.109225
-0.10965
-0.110074
-0.110499
-0.110923
-0.111348
-0.111773
-0.112198
-0.112623
-0.113048
-0.113473
-0.113898
-0.114323
-0.114748
-0.115174
-0.115599
-0.116024
-0.11645
-0.116875
-0.117301
-0.117726
-0.118152
-0.118577
-0.119003
-0.119429
-0.119855
-0.12028
-0.120706
-0.121132
-0.121558
-0.121984
-0.12241
-0.122836
-0.123262
-0.123688
-0.124114
-0.12454
-0.124966
-0.125393
-0.125819
-0.126245
-0.126671
-0.127097
-0.127524
-0.12795
-0.128376
-0.128802
-0.129229
-0.129655
-0.130081
-0.130508
-0.130934
-0.13136
-0.131786
-0.132213
-0.132639
-0.133065
-0.133492
-0.133918
-0.134344
-0.13477
-0.135197
-0.135623
-0.136049
-0.136475
-0.136902
-0.137328
-0.137754
-0.13818
-0.138606
-0.139032
-0.139458
-0.139884
-0.14031
-0.140736
-0.141162
-0.141588
-0.142014
-0.142439
-0.142865
-0.143291
-0.143716
-0.144142
-0.144568
-0.144993
-0.145419
-0.145844
-0.146269
-0.146695
-0.14712
-0.147545
-0.14797
-0.148395
-0.14882
-0.149245
-0.14967
-0.150094
-0.150519
-0.150944
-0.151368
-0.151793
-0.152217
-0.152641
-0.153065
-0.153489
-0.153913
-0.154337
-0.154761
-0.155185
-0.155608
-0.156032
-0.156455
-0.156878
-0.157302
-0.157725
-0.158148
-0.158571
-0.158993
-0.159416
-0.159838
-0.160261
-0.160683
-0.161105
-0.161527
-0.161949
-0.162371
-0.162792
-0.163214
-0.163635
-0.164056
-0.164477
-0.164898
-0.165319
-0.16574
-0.16616
-0.16658
-0.167001
-0.167421
-0.16784
-0.16826
-0.16868
-0.169099
-0.169518
-0.169937
-0.170356
-0.170775
-0.171193
-0.171611
-0.17203
-0.172448
-0.172865
-0.173283
-0.1737
-0.174117
-0.174534
-0.174951
-0.175368
-0.175784
-0.1762
-0.176616
-0.177032
-0.177448
-0.177863
-0.178278
-0.178693
-0.179108
-0.179522
-0.179937
-0.180351
-0.180764
-0.181178
-0.181591
-0.182004
-0.182417
-0.18283
-0.183242
-0.183654
-0.184066
-0.184478
-0.184889
-0.1853
-0.185711
-0.186122
-0.186532
-0.186942
-0.187352
-0.187762
-0.188171
-0.18858
-0.188989
-0.189397
-0.189805
-0.190213
-0.190621
-0.191028
-0.191435
-0.191842
-0.192248
-0.192654
-0.19306
-0.193466
-0.193871
-0.194276
-0.19468
-0.195085
-0.195489
-0.195892
-0.196296
-0.196699
-0.197101
-0.197504
-0.197906
-0.198308
-0.198709
-0.19911
-0.199511
-0.199911
-0.200311
-0.200711
-0.20111
-0.201509
-0.201908
-0.202306
-0.202704
-0.203101
-0.203498
-0.203895
-0.204292
-0.204688
-0.205083
-0.205479
-0.205874
-0.206268
-0.206662
-0.207056
-0.20745
-0.207843
-0.208235
-0.208627
-0.209019
-0.209411
-0.209802
-0.210192
-0.210583
-0.210972
-0.211362
-0.211751
-0.212139
-0.212527
-0.212915
-0.213302
-0.213689
-0.214076
-0.214462
-0.214847
-0.215232
-0.215617
-0.216001
-0.216385
-0.216768
-0.217151
-0.217534
-0.217916
-0.218297
-0.218678
-0.219059
-0.219439
-0.219819
-0.220198
-0.220577
-0.220955
-0.221333
-0.22171
-0.222087
-0.222463
-0.222839
-0.223215
-0.22359
-0.223964
-0.224338
-0.224711
-0.225084
-0.225457
-0.225828
-0.2262
-0.226571
-0.226941
-0.227311
-0.22768
-0.228049
-0.228417
-0.228785
-0.229153
-0.229519
-0.229885
-0.230251
-0.230616
-0.230981
-0.231345
-0.231708
-0.232071
-0.232434
-0.232796
-0.233157
-0.233518
-0.233878
-0.234238
-0.234597
-0.234955
-0.235313
-0.235671
-0.236028
-0.236384
-0.23674
-0.237095
-0.237449
-0.237803
-0.238157
-0.23851
-0.238862
-0.239213
-0.239564
-0.239915
-0.240265
-0.240614
-0.240963
-0.241311
-0.241658
-0.242005
-0.242351
-0.242697
-0.243042
-0.243386
-0.24373
-0.244073
-0.244416
-0.244758
-0.245099
-0.24544
-0.24578
-0.246119
-0.246458
-0.246796
-0.247134
-0.247471
-0.247807
-0.248143
-0.248478
-0.248812
-0.249146
-0.249479
-0.249811
-0.250143
-0.250474
-0.250804
-0.251134
-0.251463
-0.251792
-0.25212
-0.252447
-0.252773
-0.253099
-0.253424
-0.253748
-0.254072
-0.254395
-0.254718
-0.255039
-0.25536
-0.255681
-0.256
-0.256319
-0.256638
-0.256955
-0.257272
-0.257588
-0.257904
-0.258219
-0.258533
-0.258846
-0.259159
-0.259471
-0.259782
-0.260093
-0.260403
-0.260712
-0.26102
-0.261328
-0.261635
-0.261941
-0.262247
-0.262552
-0.262856
-0.263159
-0.263462
-0.263764
-0.264065
-0.264366
-0.264665
-0.264964
-0.265263
-0.26556
-0.265857
-0.266153
-0.266449
-0.266743
-0.267037
-0.26733
-0.267623
-0.267914
-0.268205
-0.268495
-0.268785
-0.269074
-0.269361
-0.269649
-0.269935
-0.270221
-0.270506
-0.27079
-0.271073
-0.271356
-0.271637
-0.271919
-0.272199
-0.272478
-0.272757
-0.273035
-0.273312
-0.273589
-0.273865
-0.27414
-0.274414
-0.274687
-0.27496
-0.275232
-0.275503
-0.275773
-0.276042
-0.276311
-0.276579
-0.276846
-0.277113
-0.277378
-0.277643
-0.277907
-0.27817
-0.278433
-0.278694
-0.278955
-0.279215
-0.279475
-0.279733
-0.279991
-0.280248
-0.280504
-0.280759
-0.281014
-0.281267
-0.28152
-0.281773
-0.282024
-0.282274
-0.282524
-0.282773
-0.283021
-0.283269
-0.283515
-0.283761
-0.284006
-0.28425
-0.284493
-0.284736
-0.284978
-0.285219
-0.285459
-0.285698
-0.285937
-0.286174
-0.286411
-0.286647
-0.286882
-0.287117
-0.287351
-0.287583
-0.287816
-0.288047
-0.288277
-0.288507
-0.288736
-0.288964
-0.289191
-0.289417
-0.289643
-0.289867
-0.290091
-0.290315
-0.290537
-0.290758
-0.290979
-0.291199
-0.291418
-0.291636
-0.291854
-0.29207
-0.292286
-0.292501
-0.292715
-0.292929
-0.293141
-0.293353
-0.293564
-0.293774
-0.293983
-0.294192
-0.294399
-0.294606
-0.294812
-0.295018
-0.295222
-0.295426
-0.295628
-0.29583
-0.296032
-0.296232
-0.296432
-0.29663
-0.296828
-0.297025
-0.297222
-0.297417
-0.297612
-0.297806
-0.297999
-0.298191
-0.298383
-0.298573
-0.298763
-0.298952
-0.29914
-0.299328
