-0.3962
-0.3962
-0.3962
-0.3962
-0.3962
-0.396199
-0.396199
-0.396199
-0.396198
-0.396198
-0.396197
-0.396197
-0.396196
-0.396196
-0.396195
-0.396194
-0.396194
-0.396193
-0.396193
-0.396193
-0.396192
-0.396192
-0.396192
-0.396192
-0.396192
-0.396192
-0.396193
-0.396193
-0.396194
-0.396194
-0.396195
-0.396196
-0.396197
-0.396199
-0.3962
-0.396202
-0.396204
-0.396206
-0.396208
-0.396211
-0.396214
-0.396217
-0.39622
-0.396223
-0.396227
-0.396231
-0.396235
-0.396239
-0.396243
-0.396248
-0.396253
-0.396258
-0.396264
-0.396269
-0.396275
-0.396282
-0.396288
-0.396294
-0.396301
-0.396308
-0.396315
-0.396323
-0.396331
-0.396338
-0.396347
-0.396355
-0.396363
-0.396372
-0.396381
-0.39639
-0.396399
-0.396408
-0.396417
-0.396427
-0.396437
-0.396447
-0.396457
-0.396467
-0.396477
-0.396487
-0.396498
-0.396508
-0.396518
-0.396529
-0.39654
-0.39655
-0.396561
-0.396572
-0.396583
-0.396593
-0.396604
-0.396615
-0.396626
-0.396636
-0.396647
-0.396658
-0.396668
-0.396679
-0.396689
-0.3967
-0.39671
-0.39672
-0.39673
-0.39674
-0.39675
-0.396759
-0.396769
-0.396778
-0.396788
-0.396797
-0.396806
-0.396815
-0.396823
-0.396832
-0.39684
-0.396848
-0.396856
-0.396864
-0.396871
-0.396878
-0.396886
-0.396892
-0.396899
-0.396906
-0.396912
-0.396918
-0.396924
-0.396929
-0.396935
-0.39694
-0.396945
-0.396949
-0.396954
-0.396958
-0.396962
-0.396966
-0.39697
-0.396973
-0.396977
-0.39698
-0.396982
-0.396985
-0.396988
-0.39699
-0.396992
-0.396994
-0.396996
-0.396997
-0.396999
-0.397
-0.397001
-0.397002
-0.397003
-0.397004
-0.397004
-0.397005
-0.397005
-0.397005
-0.397006
-0.397006
-0.397006
-0.397006
-0.397007
-0.397007
-0.397007
-0.397007
-0.397008
-0.397008
-0.397008
-0.397008
-0.397009
-0.397009
-0.397009
-0.397009
-0.39701
-0.39701
-0.39701
-0.39701
-0.39701
-0.39701
-0.39701
-0.39701
-0.39701
-0.39701
-0.39701
-0.39701
-0.39701
-0.39701
-0.397009
-0.397009
-0.397009
-0.397008
-0.397008
-0.397007
-0.397007
-0.397006
-0.397005
-0.397005
-0.397004
-0.397003
-0.397002
-0.397001
-0.397
-0.396999
-0.396998
-0.396997
-0.396995
-0.396994
-0.396992
-0.396991
-0.396989
-0.396988
-0.396986
-0.396984
-0.396982
-0.396981
-0.396979
-0.396977
-0.396975
-0.396972
-0.39697
-0.396968
-0.396966
-0.396963
-0.396961
-0.396958
-0.396956
-0.396953
-0.39695
-0.396948
-0.396945
-0.396942
-0.396939
-0.396936
-0.396933
-0.396931
-0.396928
-0.396924
-0.396921
-0.396918
-0.396915
-0.396912
-0.396909
-0.396906
-0.396903
-0.396899
-0.396896
-0.396893
-0.39689
-0.396886
-0.396883
-0.39688
-0.396877
-0.396874
-0.39687
-0.396867
-0.396864
-0.396861
-0.396858
-0.396855
-0.396852
-0.396849
-0.396846
-0.396843
-0.39684
-0.396837
-0.396834
-0.396831
-0.396828
-0.396826
-0.396823
-0.39682
-0.396818
-0.396815
-0.396813
-0.39681
-0.396808
-0.396806
-0.396804
-0.396802
-0.3968
-0.396798
-0.396796
-0.396794
-0.396792
-0.39679
-0.396789
-0.396787
-0.396786
-0.396784
-0.396783
-0.396782
-0.396781
-0.39678
-0.396779
-0.396778
-0.396777
-0.396776
-0.396775
-0.396775
-0.396774
-0.396774
-0.396773
-0.396773
-0.396773
-0.396772
-0.396772
-0.396772
-0.396772
-0.396772
-0.396772
-0.396772
-0.396772
-0.396773
-0.396773
-0.396773
-0.396774
-0.396774
-0.396775
-0.396775
-0.396776
-0.396776
-0.396777
-0.396777
-0.396778
-0.396778
-0.396779
-0.39678
-0.39678
-0.396781
-0.396782
-0.396782
-0.396783
-0.396783
-0.396784
-0.396785
-0.396785
-0.396786
-0.396786
-0.396787
-0.396787
-0.396787
-0.396788
-0.396788
-0.396788
-0.396788
-0.396788
-0.396788
-0.396788
-0.396788
-0.396788
-0.396788
-0.396787
-0.396787
-0.396786
-0.396786
-0.396785
-0.396784
-0.396784
-0.396783
-0.396782
-0.39678
-0.396779
-0.396778
-0.396776
-0.396775
-0.396773
-0.396771
-0.396769
-0.396767
-0.396765
-0.396763
-0.396761
-0.396758
-0.396756
-0.396753
-0.39675
-0.396748
-0.396745
-0.396742
-0.396739
-0.396735
-0.396732
-0.396729
-0.396725
-0.396721
-0.396718
-0.396714
-0.39671
-0.396706
-0.396702
-0.396698
-0.396694
-0.39669
-0.396686
-0.396682
-0.396678
-0.396673
-0.396669
-0.396665
-0.39666
-0.396656
-0.396652
-0.396647
-0.396643
-0.396639
-0.396635
-0.396631
-0.396627
-0.396623
-0.396619
-0.396615
-0.396611
-0.396607
-0.396604
-0.3966
-0.396597
-0.396594
-0.396591
-0.396588
-0.396586
-0.396583
-0.396581
-0.396579
-0.396577
-0.396576
-0.396574
-0.396573
-0.396572
-0.396572
-0.396572
-0.396572
-0.396572
-0.396573
-0.396574
-0.396576
-0.396578
-0.39658
-0.396583
-0.396586
-0.39659
-0.396594
-0.396598
-0.396603
-0.396608
-0.396614
-0.396621
-0.396628
-0.396635
-0.396643
-0.396652
-0.396661
-0.396671
-0.396681
-0.396692
-0.396704
-0.396716
-0.396729
-0.396743
-0.396757
-0.396772
-0.396787
-0.396804
-0.396821
-0.396839
-0.396857
-0.396877
-0.396897
-0.396918
-0.396939
-0.396962
-0.396985
-0.397009
-0.397034
-0.39706
-0.397086
-0.397114
-0.397142
-0.397171
-0.397201
-0.397232
-0.397264
-0.397296
-0.39733
-0.397364
-0.3974
-0.397436
-0.397473
-0.397511
-0.397551
-0.397591
-0.397632
-0.397673
-0.397716
-0.39776
-0.397805
-0.39785
-0.397897
-0.397945
-0.397993
-0.398043
-0.398093
-0.398144
-0.398197
-0.39825
-0.398304
-0.398359
-0.398415
-0.398472
-0.39853
-0.398589
-0.398649
-0.39871
-0.398772
-0.398834
-0.398898
-0.398962
-0.399028
-0.399094
-0.399161
-0.399229
-0.399298
-0.399368
-0.399439
-0.399511
-0.399583
-0.399656
-0.39973
-0.399805
-0.399881
-0.399958
-0.400035
-0.400114
-0.400193
-0.400272
-0.400353
-0.400434
-0.400517
-0.4006
-0.400683
-0.400768
-0.400853
-0.400939
-0.401025
-0.401113
-0.4012
-0.401289
-0.401378
-0.401469
-0.401559
-0.40165
-0.401742
-0.401835
-0.401928
-0.402022
-0.402117
-0.402212
-0.402307
-0.402404
-0.4025
-0.402598
-0.402696
-0.402794
-0.402893
-0.402993
-0.403093
-0.403194
-0.403295
-0.403397
-0.403499
-0.403602
-0.403706
-0.403809
-0.403914
-0.404019
-0.404124
-0.40423
-0.404336
-0.404443
-0.404551
-0.404659
-0.404767
-0.404876
-0.404985
-0.405095
-0.405206
-0.405317
-0.405428
-0.40554
-0.405652
-0.405765
-0.405879
-0.405993
-0.406107
-0.406223
-0.406338
-0.406454
-0.406571
-0.406689
-0.406807
-0.406925
-0.407044
-0.407164
-0.407284
-0.407405
-0.407527
-0.407649
-0.407772
-0.407896
-0.40802
-0.408146
-0.408271
-0.408398
-0.408525
-0.408653
-0.408782
-0.408912
-0.409042
-0.409173
-0.409306
-0.409439
-0.409573
-0.409707
-0.409843
-0.40998
-0.410117
-0.410256
-0.410396
-0.410536
-0.410678
-0.410821
-0.410965
-0.41111
-0.411256
-0.411403
-0.411552
-0.411701
-0.411852
-0.412004
-0.412158
-0.412312
-0.412468
-0.412626
-0.412784
-0.412944
-0.413106
-0.413268
-0.413433
-0.413598
-0.413765
-0.413934
-0.414104
-0.414276
-0.414449
-0.414624
-0.414801
-0.414979
-0.415159
-0.41534
-0.415523
-0.415708
-0.415895
-0.416083
-0.416273
-0.416465
-0.416658
-0.416854
-0.417051
-0.41725
-0.417451
-0.417653
-0.417858
-0.418065
-0.418273
-0.418483
-0.418696
-0.41891
-0.419126
-0.419344
-0.419564
-0.419786
-0.42001
-0.420236
-0.420464
-0.420694
-0.420926
-0.42116
-0.421396
-0.421634
-0.421874
-0.422116
-0.422359
-0.422605
-0.422853
-0.423103
-0.423355
-0.423609
-0.423865
-0.424122
-0.424382
-0.424644
-0.424907
-0.425173
-0.42544
-0.425709
-0.425981
-0.426254
-0.426529
-0.426805
-0.427084
-0.427364
-0.427646
-0.42793
-0.428215
-0.428503
-0.428792
-0.429082
-0.429374
-0.429668
-0.429964
-0.430261
-0.430559
-0.430859
-0.43116
-0.431463
-0.431767
-0.432073
-0.43238
-0.432688
-0.432997
-0.433308
-0.43362
-0.433933
-0.434247
-0.434562
-0.434878
-0.435195
-0.435513
-0.435832
-0.436152
-0.436473
-0.436794
-0.437117
-0.437439
-0.437763
-0.438087
-0.438412
-0.438737
-0.439062
-0.439388
-0.439715
-0.440041
-0.440368
-0.440696
-0.441023
-0.44135
-0.441678
-0.442005
-0.442333
-0.44266
-0.442987
-0.443315
-0.443641
-0.443968
-0.444294
-0.44462
-0.444946
-0.445271
-0.445595
-0.445919
-0.446242
-0.446565
-0.446887
-0.447208
-0.447528
-0.447848
-0.448166
-0.448484
-0.448801
-0.449116
-0.449431
-0.449744
-0.450056
-0.450367
-0.450676
-0.450985
-0.451292
-0.451597
-0.451901
-0.452204
-0.452505
-0.452804
-0.453102
-0.453398
-0.453693
-0.453985
-0.454276
-0.454566
-0.454853
-0.455138
-0.455422
-0.455704
-0.455983
-0.456261
-0.456537
-0.45681
-0.457082
-0.457351
-0.457618
-0.457883
-0.458146
-0.458407
-0.458665
-0.458922
-0.459175
-0.459427
-0.459676
-0.459923
-0.460167
-0.46041
-0.460649
-0.460886
-0.461121
-0.461354
-0.461584
-0.461811
-0.462036
-0.462259
-0.462478
-0.462696
-0.462911
-0.463123
-0.463333
-0.46354
-0.463745
-0.463948
-0.464147
-0.464344
-0.464539
-0.464731
-0.464921
-0.465108
-0.465292
-0.465474
-0.465653
-0.46583
-0.466004
-0.466176
-0.466346
-0.466512
-0.466677
-0.466839
-0.466998
-0.467155
-0.467309
-0.467461
-0.467611
-0.467758
-0.467903
-0.468045
-0.468185
-0.468323
-0.468458
-0.468591
-0.468722
-0.468851
-0.468977
-0.469101
-0.469223
-0.469342
-0.469459
-0.469575
-0.469688
-0.469799
-0.469907
-0.470014
-0.470119
-0.470221
-0.470322
-0.470421
-0.470517
-0.470612
-0.470705
-0.470796
-0.470885
-0.470972
-0.471058
-0.471141
-0.471223
-0.471303
-0.471381
-0.471458
-0.471533
-0.471606
-0.471678
-0.471748
-0.471817
-0.471884
-0.471949
-0.472013
-0.472076
-0.472137
-0.472196
-0.472255
-0.472312
-0.472367
-0.472421
-0.472474
-0.472526
-0.472576
-0.472625
-0.472673
-0.47272
-0.472765
-0.47281
-0.472853
-0.472895
-0.472936
-0.472976
-0.473016
-0.473054
-0.473091
-0.473127
-0.473162
-0.473196
-0.47323
-0.473262
-0.473294
-0.473325
-0.473355
-0.473384
-0.473412
-0.47344
-0.473467
-0.473493
-0.473519
-0.473544
-0.473568
-0.473591
-0.473614
-0.473636
-0.473658
-0.473679
-0.473699
-0.473719
-0.473739
-0.473758
-0.473776
-0.473794
-0.473811
-0.473828
-0.473844
-0.47386
-0.473876
-0.473891
-0.473906
-0.47392
-0.473934
-0.473947
-0.473961
-0.473973
-0.473986
-0.473998
-0.47401
-0.474021
-0.474033
-0.474044
-0.474054
-0.474065
-0.474075
-0.474085
-0.474094
-0.474103
-0.474113
-0.474121
-0.47413
-0.474139
-0.474147
-0.474155
-0.474163
-0.47417
-0.474178
-0.474185
-0.474192
-0.474199
-0.474206
-0.474212
-0.474219
-0.474225
-0.474231
-0.474237
-0.474243
-0.474249
-0.474255
-0.47426
-0.474266
-0.474271
-0.474276
-0.474281
-0.474286
-0.474291
-0.474295
-0.4743
-0.474304
-0.474309
-0.474313
-0.474317
-0.474321
-0.474325
-0.474329
-0.474333
-0.474337
-0.474341
-0.474344
-0.474348
-0.474351
-0.474354
-0.474358
-0.474361
-0.474364
-0.474367
-0.47437
-0.474373
-0.474375
-0.474378
-0.474381
-0.474383
-0.474386
-0.474388
-0.47439
-0.474392
-0.474395
-0.474397
-0.474399
-0.4744
-0.474402
-0.474404
-0.474406
-0.474407
-0.474409
-0.47441
-0.474412
-0.474413
-0.474414
-0.474415
-0.474416
-0.474417
-0.474418
-0.474419
-0.474419
-0.47442
-0.474421
-0.474421
-0.474421
-0.474422
-0.474422
-0.474422
-0.474422
-0.474422
-0.474422
-0.474422
-0.474422
-0.474421
-0.474421
-0.474421
-0.47442
-0.47442
-0.474419
-0.474418
-0.474417
-0.474417
-0.474416
-0.474415
-0.474414
-0.474413
-0.474412
-0.47441
-0.474409
-0.474408
-0.474407
-0.474405
-0.474404
-0.474403
-0.474401
-0.4744
-0.474398
-0.474397
-0.474396
-0.474394
-0.474393
-0.474391
-0.47439
-0.474389
-0.474387
-0.474386
-0.474385
-0.474384
-0.474383
-0.474382
-0.474381
-0.47438
-0.474379
-0.474378
-0.474378
-0.474377
-0.474377
-0.474377
-0.474377
-0.474377
-0.474377
-0.474378
-0.474379
-0.47438
-0.474381
-0.474382
-0.474384
-0.474386
-0.474388
-0.47439
-0.474393
-0.474396
-0.4744
-0.474403
-0.474407
-0.474412
-0.474417
-0.474422
-0.474428
-0.474434
-0.474441
-0.474448
-0.474455
-0.474463
-0.474472
-0.474481
-0.474491
-0.474501
-0.474512
-0.474523
-0.474535
-0.474548
-0.474561
-0.474576
-0.47459
-0.474606
-0.474622
-0.474639
-0.474657
-0.474676
-0.474695
-0.474716
-0.474737
-0.474759
-0.474782
-0.474806
-0.474831
-0.474857
-0.474883
-0.474911
-0.47494
-0.47497
-0.475001
-0.475034
-0.475067
-0.475101
-0.475137
-0.475174
-0.475212
-0.475251
-0.475291
-0.475333
-0.475376
-0.47542
-0.475466
-0.475513
-0.475561
-0.475611
-0.475662
-0.475714
-0.475768
-0.475824
-0.475881
-0.475939
-0.475999
-0.47606
-0.476123
-0.476188
-0.476254
-0.476322
-0.476391
-0.476462
-0.476534
-0.476608
-0.476684
-0.476762
-0.476841
-0.476922
-0.477005
-0.477089
-0.477175
-0.477263
-0.477352
-0.477444
-0.477537
-0.477632
-0.477728
-0.477827
-0.477927
-0.478029
-0.478133
-0.478239
-0.478346
-0.478456
-0.478567
-0.47868
-0.478794
-0.478911
-0.479029
-0.47915
-0.479272
-0.479396
-0.479522
-0.479649
-0.479778
-0.47991
-0.480043
-0.480177
-0.480314
-0.480452
-0.480593
-0.480734
-0.480878
-0.481024
-0.481171
-0.48132
-0.48147
-0.481622
-0.481776
-0.481932
-0.482089
-0.482248
-0.482409
-0.482571
-0.482735
-0.4829
-0.483067
-0.483236
-0.483405
-0.483577
-0.48375
-0.483924
-0.4841
-0.484277
-0.484456
-0.484636
-0.484817
-0.485
-0.485184
-0.485369
-0.485555
-0.485743
-0.485931
-0.486121
-0.486312
-0.486504
-0.486698
-0.486892
-0.487087
-0.487283
-0.48748
-0.487678
-0.487877
-0.488077
-0.488277
-0.488479
-0.488681
-0.488884
-0.489087
-0.489291
-0.489496
-0.489701
-0.489907
-0.490113
-0.49032
-0.490527
-0.490735
-0.490943
-0.491151
-0.49136
-0.491569
-0.491778
-0.491987
-0.492197
-0.492406
-0.492616
-0.492826
-0.493036
-0.493245
-0.493455
-0.493664
-0.493874
-0.494083
-0.494292
-0.494501
-0.49471
-0.494918
-0.495126
-0.495333
-0.495541
-0.495747
-0.495954
-0.496159
-0.496364
-0.496569
-0.496773
-0.496977
-0.497179
-0.497381
-0.497583
-0.497783
-0.497983
-0.498182
-0.49838
-0.498578
-0.498774
-0.49897
-0.499164
-0.499358
-0.49955
-0.499742
-0.499932
-0.500122
-0.50031
-0.500497
-0.500683
-0.500868
-0.501051
-0.501234
-0.501415
-0.501595
-0.501774
-0.501951
-0.502127
-0.502302
-0.502475
-0.502647
-0.502818
-0.502987
-0.503154
-0.503321
-0.503486
-0.503649
-0.503811
-0.503972
-0.504131
-0.504288
-0.504444
-0.504598
-0.504751
-0.504903
-0.505052
-0.505201
-0.505347
-0.505492
-0.505636
-0.505778
-0.505918
-0.506057
-0.506194
-0.506329
-0.506463
-0.506595
-0.506726
-0.506855
-0.506983
-0.507108
-0.507233
-0.507355
-0.507476
-0.507596
-0.507713
-0.50783
-0.507944
-0.508057
-0.508169
-0.508278
-0.508387
-0.508493
-0.508598
-0.508702
-0.508804
-0.508904
-0.509003
-0.5091
-0.509196
-0.50929
-0.509383
-0.509474
-0.509564
-0.509652
-0.509739
-0.509824
-0.509908
-0.50999
-0.510071
-0.510151
-0.510229
-0.510306
-0.510381
-0.510455
-0.510528
-0.510599
-0.510669
-0.510738
-0.510806
-0.510872
-0.510936
-0.511
-0.511062
-0.511123
-0.511183
-0.511242
-0.511299
-0.511356
-0.511411
-0.511465
-0.511518
-0.511569
-0.51162
-0.51167
-0.511718
-0.511765
-0.511812
-0.511857
-0.511902
-0.511945
-0.511987
-0.512029
-0.512069
-0.512109
-0.512147
-0.512185
-0.512222
-0.512258
-0.512293
-0.512327
-0.512361
-0.512393
-0.512425
-0.512456
-0.512486
-0.512516
-0.512545
-0.512573
-0.5126
-0.512626
-0.512652
-0.512678
-0.512702
-0.512726
-0.51275
-0.512772
-0.512794
-0.512816
-0.512837
-0.512857
-0.512877
-0.512896
-0.512915
-0.512933
-0.512951
-0.512968
-0.512985
-0.513001
-0.513017
-0.513032
-0.513047
-0.513062
-0.513076
-0.51309
-0.513103
-0.513116
-0.513128
-0.51314
-0.513152
-0.513164
-0.513175
-0.513185
-0.513196
-0.513206
-0.513216
-0.513225
-0.513235
-0.513244
-0.513252
-0.513261
-0.513269
-0.513277
-0.513285
-0.513292
-0.513299
-0.513306
-0.513313
-0.51332
-0.513326
-0.513332
-0.513338
-0.513344
-0.51335
-0.513355
-0.513361
-0.513366
-0.513371
-0.513376
-0.51338
-0.513385
-0.513389
-0.513394
-0.513398
-0.513402
-0.513406
-0.513409
-0.513413
-0.513417
-0.51342
-0.513423
-0.513427
-0.51343
-0.513433
-0.513436
-0.513439
-0.513441
-0.513444
-0.513447
-0.513449
-0.513452
-0.513454
-0.513457
-0.513459
-0.513461
-0.513463
-0.513465
-0.513467
-0.513469
-0.513471
-0.513473
-0.513475
-0.513477
-0.513478
-0.51348
-0.513481
-0.513483
-0.513485
-0.513486
-0.513487
-0.513489
-0.51349
-0.513491
-0.513493
-0.513494
-0.513495
-0.513496
-0.513497
-0.513498
-0.513499
-0.5135
-0.513501
-0.513502
-0.513503
-0.513504
-0.513505
-0.513506
-0.513507
-0.513507
-0.513508
-0.513509
-0.513509
-0.51351
-0.513511
-0.513511
-0.513512
-0.513512
-0.513513
-0.513513
-0.513514
-0.513514
-0.513515
-0.513515
-0.513516
-0.513516
-0.513516
-0.513516
-0.513517
-0.513517
-0.513517
-0.513518
-0.513518
-0.513518
-0.513518
-0.513518
-0.513518
-0.513518
-0.513518
-0.513519
-0.513519
-0.513519
-0.513519
-0.513519
-0.513519
-0.513519
-0.513519
-0.513518
-0.513518
-0.513518
-0.513518
-0.513518
-0.513518
-0.513518
-0.513518
-0.513517
-0.513517
-0.513517
-0.513517
-0.513517
-0.513516
-0.513516
-0.513516
-0.513516
-0.513515
-0.513515
-0.513515
-0.513514
-0.513514
-0.513514
-0.513513
-0.513513
-0.513513
-0.513512
-0.513512
-0.513512
-0.513511
-0.513511
-0.513511
-0.51351
-0.51351
-0.51351
-0.513509
-0.513509
-0.513508
-0.513508
-0.513508
-0.513507
-0.513507
-0.513507
-0.513506
-0.513506
-0.513505
-0.513505
-0.513505
-0.513504
-0.513504
-0.513504
-0.513503
-0.513503
-0.513503
-0.513502
-0.513502
-0.513502
-0.513501
-0.513501
-0.513501
-0.5135
-0.5135
-0.5135
-0.5135
-0.513499
-0.513499
-0.513499
-0.513498
-0.513498
-0.513498
-0.513498
-0.513498
-0.513497
-0.513497
-0.513497
-0.513497
-0.513496
-0.513496
-0.513496
-0.513496
-0.513496
-0.513496
-0.513496
-0.513495
-0.513495
-0.513495
-0.513495
-0.513495
-0.513495
-0.513495
-0.513495
-0.513495
-0.513494
-0.513494
-0.513494
-0.513494
-0.513494
-0.513494
-0.513494
-0.513494
-0.513494
-0.513494
-0.513494
-0.513494
-0.513494
-0.513494
-0.513494
-0.513494
-0.513494
-0.513494
-0.513494
-0.513494
-0.513494
-0.513494
-0.513494
-0.513494
-0.513494
-0.513494
-0.513494
-0.513494
-0.513494
-0.513494
-0.513494
-0.513494
-0.513494
-0.513494
-0.513494
-0.513495
-0.513495
-0.513495
-0.513495
-0.513495
-0.513495
-0.513495
-0.513495
-0.513495
-0.513495
-0.513495
-0.513495
-0.513495
-0.513495
-0.513495
-0.513495
-0.513495
-0.513495
-0.513495
-0.513495
-0.513495
-0.513495
-0.513495
-0.513495
-0.513494
-0.513494
-0.513494
-0.513494
-0.513494
-0.513494
-0.513494
-0.513494
-0.513494
-0.513494
-0.513494
-0.513494
-0.513494
-0.513494
-0.513493
-0.513493
-0.513493
-0.513493
-0.513493
-0.513493
-0.513493
-0.513493
-0.513492
-0.513492
-0.513492
-0.513492
-0.513492
-0.513492
-0.513492
-0.513491
-0.513491
-0.513491
-0.513491
-0.513491
-0.513491
-0.51349
-0.51349
-0.51349
-0.51349
-0.51349
-0.51349
-0.513489
-0.513489
-0.513489
-0.513489
-0.513489
-0.513489
-0.513488
-0.513488
-0.513488
-0.513488
-0.513488
-0.513488
-0.513488
-0.513487
-0.513487
-0.513487
-0.513487
-0.513487
-0.513487
-0.513487
-0.513486
-0.513486
-0.513486
-0.513486
-0.513486
-0.513486
-0.513486
-0.513486
-0.513486
-0.513485
-0.513485
-0.513485
-0.513485
-0.513485
-0.513485
-0.513485
-0.513485
-0.513485
-0.513485
-0.513485
-0.513485
-0.513485
-0.513485
-0.513485
-0.513485
-0.513485
-0.513485
-0.513485
-0.513485
-0.513485
-0.513485
-0.513485
-0.513485
-0.513485
-0.513485
-0.513485
-0.513485
-0.513485
-0.513485
-0.513485
-0.513485
-0.513485
-0.513485
-0.513486
-0.513486
-0.513486
-0.513486
-0.513486
-0.513486
-0.513486
-0.513486
-0.513486
-0.513486
-0.513487
-0.513487
-0.513487
-0.513487
-0.513487
-0.513487
-0.513487
-0.513487
-0.513487
-0.513488
-0.513488
-0.513488
-0.513488
-0.513488
-0.513488
-0.513488
-0.513488
-0.513488
-0.513489
-0.513489
-0.513489
-0.513489
-0.513489
-0.513489
-0.513489
-0.513489
-0.513489
-0.51349
-0.51349
-0.51349
-0.51349
-0.51349
-0.51349
-0.51349
-0.51349
-0.51349
-0.51349
-0.51349
-0.51349
-0.51349
-0.51349
-0.51349
-0.51349
-0.51349
-0.513491
-0.513491
-0.513491
-0.513491
-0.513491
-0.513491
-0.513491
-0.513491
-0.513491
-0.513491
-0.513491
-0.513491
-0.51349
-0.51349
-0.51349
-0.51349
-0.51349
-0.51349
-0.51349
-0.51349
-0.51349
-0.51349
-0.51349
-0.51349
-0.51349
-0.51349
-0.51349
-0.51349
-0.51349
-0.513489
-0.513489
-0.513489
-0.513489
-0.513489
-0.513489
-0.513489
-0.513489
-0.513489
-0.513489
-0.513489
-0.513488
-0.513488
-0.513488
-0.513488
-0.513488
-0.513488
-0.513488
-0.513488
-0.513488
-0.513488
-0.513488
-0.513487
-0.513487
-0.513487
-0.513487
-0.513487
-0.513487
-0.513487
-0.513487
-0.513487
-0.513487
-0.513487
-0.513487
-0.513487
-0.513486
-0.513486
-0.513486
-0.513486
-0.513486
-0.513486
-0.513486
-0.513486
-0.513486
-0.513486
-0.513486
-0.513486
-0.513486
-0.513486
-0.513486
-0.513486
-0.513486
-0.513486
-0.513486
-0.513486
-0.513486
-0.513486
-0.513486
-0.513486
-0.513486
-0.513486
-0.513486
-0.513487
-0.513487
-0.513487
-0.513487
-0.513487
-0.513487
-0.513487
-0.513487
-0.513487
-0.513487
-0.513487
-0.513487
-0.513488
-0.513488
-0.513488
-0.513488
-0.513488
-0.513488
-0.513488
-0.513488
-0.513489
-0.513489
-0.513489
-0.513489
-0.513489
-0.513489
-0.513489
-0.513489
-0.51349
-0.51349
-0.51349
-0.51349
-0.51349
-0.51349
-0.51349
-0.51349
-0.513491
-0.513491
-0.513491
-0.513491
-0.513491
-0.513491
-0.513491
-0.513491
-0.513492
-0.513492
-0.513492
-0.513492
-0.513492
-0.513492
-0.513492
-0.513492
-0.513492
-0.513492
-0.513493
-0.513493
-0.513493
-0.513493
-0.513493
-0.513493
-0.513493
-0.513493
-0.513493
-0.513493
-0.513493
-0.513493
-0.513493
-0.513493
-0.513493
-0.513493
-0.513493
-0.513493
-0.513493
-0.513493
-0.513493
-0.513493
-0.513493
-0.513493
-0.513493
-0.513493
-0.513493
-0.513493
-0.513493
-0.513493
-0.513493
-0.513493
-0.513493
-0.513493
-0.513493
-0.513493
-0.513493
-0.513493
-0.513493
-0.513493
-0.513493
-0.513493
-0.513492
-0.513492
-0.513492
-0.513492
-0.513492
-0.513492
-0.513492
-0.513492
-0.513492
-0.513492
-0.513492
-0.513492
-0.513492
-0.513491
-0.513491
-0.513491
-0.513491
-0.513491
-0.513491
-0.513491
-0.513491
-0.513491
-0.513491
-0.513491
-0.513491
-0.51349
-0.51349
-0.51349
-0.51349
-0.51349
-0.51349
-0.51349
-0.51349
-0.51349
-0.51349
-0.51349
-0.51349
-0.51349
-0.51349
-0.51349
-0.51349
-0.51349
-0.51349
-0.51349
-0.51349
-0.51349
-0.51349
-0.51349
-0.51349
-0.51349
-0.51349
-0.51349
-0.51349
-0.51349
-0.51349
-0.51349
-0.51349
-0.51349
-0.51349
-0.51349
-0.51349
-0.51349
-0.51349
-0.51349
-0.51349
-0.513491
-0.513491
-0.513491
-0.513491
-0.513491
-0.513491
-0.513491
-0.513491
-0.513491
-0.513491
-0.513492
-0.513492
-0.513492
-0.513492
-0.513492
-0.513492
-0.513492
-0.513492
-0.513492
-0.513493
-0.513493
-0.513493
-0.513493
-0.513493
-0.513493
-0.513493
-0.513493
-0.513494
-0.513494
-0.513494
-0.513494
-0.513494
-0.513494
-0.513494
-0.513494
-0.513494
-0.513495
-0.513495
-0.513495
-0.513495
-0.513495
-0.513495
-0.513495
-0.513495
-0.513495
-0.513495
-0.513496
-0.513496
-0.513496
-0.513496
-0.513496
-0.513496
-0.513496
-0.513496
-0.513496
-0.513496
-0.513496
-0.513496
-0.513496
-0.513496
-0.513496
-0.513496
-0.513496
-0.513496
-0.513497
-0.513497
-0.513497
-0.513497
-0.513497
-0.513497
-0.513497
-0.513497
-0.513497
-0.513496
-0.513496
-0.513496
-0.513496
-0.513496
-0.513496
-0.513496
-0.513496
-0.513496
-0.513496
-0.513496
-0.513496
-0.513496
-0.513496
-0.513496
-0.513496
-0.513496
-0.513496
-0.513496
-0.513496
-0.513495
-0.513495
-0.513495
-0.513495
-0.513495
-0.513495
-0.513495
-0.513495
-0.513495
-0.513495
-0.513495
-0.513495
-0.513495
-0.513494
-0.513494
-0.513494
-0.513494
-0.513494
-0.513494
-0.513494
-0.513494
-0.513494
-0.513494
-0.513494
-0.513494
-0.513494
-0.513494
-0.513493
-0.513493
-0.513493
-0.513493
-0.513493
-0.513493
-0.513493
-0.513493
-0.513493
-0.513493
-0.513493
-0.513493
-0.513493
-0.513493
-0.513493
-0.513493
-0.513493
-0.513493
-0.513493
-0.513493
-0.513493
-0.513493
-0.513493
-0.513493
-0.513493
-0.513493
-0.513493
-0.513493
-0.513493
-0.513493
-0.513493
-0.513493
-0.513493
-0.513493
-0.513493
-0.513494
-0.513494
-0.513494
-0.513494
-0.513494
-0.513494
-0.513494
-0.513494
-0.513494
-0.513494
-0.513494
-0.513494
-0.513495
-0.513495
-0.513495
-0.513495
-0.513495
-0.513495
-0.513495
-0.513495
-0.513495
-0.513495
-0.513496
-0.513496
-0.513496
-0.513496
-0.513496
-0.513496
-0.513496
-0.513496
-0.513496
-0.513497
-0.513497
-0.513497
-0.513497
-0.513497
-0.513497
-0.513497
-0.513497
-0.513497
-0.513497
-0.513498
-0.513498
-0.513498
-0.513498
-0.513498
-0.513498
-0.513498
-0.513498
-0.513498
-0.513498
-0.513498
-0.513498
-0.513498
-0.513498
-0.513499
-0.513499
-0.513499
-0.513499
-0.513499
-0.513499
-0.513499
-0.513499
-0.513499
-0.513499
-0.513499
-0.513499
-0.513499
-0.513499
-0.513499
-0.513499
-0.513499
-0.513499
-0.513499
-0.513499
-0.513499
-0.513499
-0.513499
-0.513499
-0.513499
-0.513499
-0.513499
-0.513498
-0.513498
-0.513498
-0.513498
-0.513498
-0.513498
-0.513498
-0.513498
-0.513498
-0.513498
-0.513498
-0.513498
-0.513498
-0.513498
-0.513498
-0.513497
-0.513497
-0.513497
-0.513497
-0.513497
-0.513497
-0.513497
-0.513497
-0.513497
-0.513497
-0.513497
-0.513497
-0.513497
-0.513496
-0.513496
-0.513496
-0.513496
-0.513496
-0.513496
-0.513496
-0.513496
-0.513496
-0.513496
-0.513496
-0.513496
-0.513496
-0.513496
-0.513496
-0.513495
-0.513495
-0.513495
-0.513495
-0.513495
-0.513495
-0.513495
-0.513495
-0.513495
-0.513495
-0.513495
-0.513495
-0.513495
-0.513495
-0.513495
-0.513495
-0.513495
-0.513495
-0.513495
-0.513495
-0.513495
-0.513495
-0.513495
-0.513495
-0.513495
-0.513495
-0.513495
-0.513495
-0.513495
-0.513495
-0.513496
-0.513496
-0.513496
-0.513496
-0.513496
-0.513496
-0.513496
-0.513496
-0.513496
-0.513496
-0.513496
-0.513496
-0.513496
-0.513496
-0.513497
-0.513497
-0.513497
-0.513497
-0.513497
-0.513497
-0.513497
-0.513497
-0.513497
-0.513497
-0.513497
-0.513498
-0.513498
-0.513498
-0.513498
-0.513498
-0.513498
-0.513498
-0.513498
-0.513498
-0.513498
-0.513499
-0.513499
-0.513499
-0.513499
-0.513499
-0.513499
-0.513499
-0.513499
-0.513499
-0.513499
-0.513499
-0.513499
-0.513499
-0.5135
-0.5135
-0.5135
-0.5135
-0.5135
-0.5135
-0.5135
-0.5135
-0.5135
-0.5135
-0.5135
-0.5135
-0.5135
-0.5135
-0.5135
-0.5135
-0.5135
-0.5135
-0.5135
-0.5135
-0.5135
-0.5135
-0.5135
-0.5135
-0.5135
-0.5135
-0.5135
-0.5135
-0.5135
-0.5135
-0.5135
-0.5135
-0.5135
-0.5135
-0.5135
-0.5135
-0.5135
-0.5135
-0.5135
-0.5135
-0.5135
-0.513499
-0.513499
-0.513499
-0.513499
-0.513499
-0.513499
-0.513499
-0.513499
-0.513499
-0.513499
-0.513499
-0.513499
-0.513499
-0.513499
-0.513498
-0.513498
-0.513498
-0.513498
-0.513498
-0.513498
-0.513498
-0.513498
-0.513498
-0.513498
-0.513498
-0.513498
-0.513498
-0.513497
-0.513497
-0.513497
-0.513497
-0.513497
-0.513497
-0.513497
-0.513497
-0.513497
-0.513497
-0.513497
-0.513497
-0.513497
-0.513497
-0.513497
-0.513497
-0.513497
-0.513497
-0.513497
-0.513497
-0.513496
-0.513496
-0.513496
-0.513496
-0.513496
-0.513496
-0.513496
-0.513496
-0.513496
-0.513496
-0.513496
-0.513496
-0.513497
-0.513497
-0.513497
-0.513497
-0.513497
-0.513497
-0.513497
-0.513497
-0.513497
-0.513497
-0.513497
-0.513497
-0.513497
-0.513497
-0.513497
-0.513497
-0.513497
-0.513497
-0.513497
-0.513497
-0.513498
-0.513498
-0.513498
-0.513498
-0.513498
-0.513498
-0.513498
-0.513498
-0.513498
-0.513498
-0.513498
-0.513498
-0.513499
-0.513499
-0.513499
-0.513499
-0.513499
-0.513499
-0.513499
-0.513499
-0.513499
-0.513499
-0.513499
-0.513499
-0.5135
-0.5135
-0.5135
-0.5135
-0.5135
-0.5135
-0.5135
-0.5135
-0.5135
-0.5135
-0.5135
-0.5135
-0.5135
-0.5135
-0.5135
-0.513501
-0.513501
-0.513501
-0.513501
-0.513501
-0.513501
-0.513501
-0.513501
-0.513501
-0.513501
-0.513501
-0.513501
-0.513501
-0.513501
-0.513501
-0.513501
-0.513501
-0.513501
-0.513501
-0.513501
-0.513501
-0.513501
-0.513501
-0.513501
-0.513501
-0.513501
-0.513501
-0.513501
-0.513501
-0.513501
-0.513501
-0.513501
-0.513501
-0.5135
-0.5135
-0.5135
-0.5135
-0.5135
-0.5135
-0.5135
-0.5135
-0.5135
-0.5135
-0.5135
-0.5135
-0.5135
-0.5135
-0.5135
-0.5135
-0.513499
-0.513499
-0.513499
-0.513499
-0.513499
-0.513499
-0.513499
-0.513499
-0.513499
-0.513499
-0.513499
-0.513499
-0.513499
-0.513498
-0.513498
-0.513498
-0.513498
-0.513498
-0.513498
-0.513498
-0.513498
-0.513498
-0.513498
-0.513498
-0.513498
-0.513498
-0.513498
-0.513498
-0.513498
-0.513498
-0.513498
-0.513497
-0.513497
-0.513497
-0.513497
-0.513497
-0.513497
-0.513497
-0.513497
-0.513497
-0.513497
-0.513497
-0.513497
-0.513497
-0.513497
-0.513497
-0.513497
-0.513497
-0.513497
-0.513497
-0.513497
-0.513497
-0.513497
-0.513497
-0.513497
-0.513498
-0.513498
-0.513498
-0.513498
-0.513498
-0.513498
-0.513498
-0.513498
-0.513498
-0.513498
-0.513498
-0.513498
-0.513498
-0.513498
-0.513498
-0.513498
-0.513498
-0.513499
-0.513499
-0.513499
-0.513499
-0.513499
-0.513499
-0.513499
-0.513499
-0.513499
-0.513499
-0.513499
-0.513499
-0.513499
-0.5135
-0.5135
-0.5135
-0.5135
-0.5135
-0.5135
-0.5135
-0.5135
-0.5135
-0.5135
-0.5135
-0.5135
-0.5135
-0.5135
-0.513501
-0.513501
-0.513501
-0.513501
-0.513501
-0.513501
-0.513501
-0.513501
-0.513501
-0.513501
-0.513501
-0.513501
-0.513501
-0.513501
-0.513501
-0.513501
-0.513501
-0.513501
-0.513501
-0.513501
-0.513501
-0.513501
-0.513501
-0.513501
-0.513501
-0.513501
-0.513501
-0.513501
-0.513501
-0.513501
-0.513501
-0.513501
-0.513501
-0.513501
-0.513501
-0.513501
-0.513501
-0.513501
-0.513501
-0.513501
-0.513501
-0.513501
-0.513501
-0.513501
-0.513501
-0.513501
-0.513501
-0.513501
-0.5135
-0.5135
-0.5135
-0.5135
-0.5135
-0.5135
-0.5135
-0.5135
-0.5135
-0.5135
-0.5135
-0.5135
-0.5135
-0.5135
-0.513499
-0.513499
-0.513499
-0.513499
-0.513499
-0.513499
-0.513499
-0.513499
-0.513499
-0.513499
-0.513499
-0.513499
-0.513499
-0.513499
-0.513499
-0.513498
-0.513498
-0.513498
-0.513498
-0.513498
-0.513498
-0.513498
-0.513498
-0.513498
-0.513498
-0.513498
-0.513498
-0.513498
-0.513498
-0.513498
-0.513498
-0.513498
-0.513498
-0.513498
-0.513498
-0.513498
-0.513498
-0.513498
-0.513498
-0.513498
-0.513498
-0.513498
-0.513498
-0.513498
-0.513498
-0.513498
-0.513498
-0.513498
-0.513498
-0.513498
-0.513498
-0.513498
-0.513498
-0.513498
-0.513498
-0.513498
-0.513498
-0.513498
-0.513498
-0.513498
-0.513498
-0.513499
-0.513499
-0.513499
-0.513499
-0.513499
-0.513499
-0.513499
-0.513499
-0.513499
-0.513499
-0.513499
-0.513499
-0.513499
-0.513499
-0.513499
-0.5135
-0.5135
-0.5135
-0.5135
-0.5135
-0.5135
-0.5135
-0.5135
-0.5135
-0.5135
-0.5135
-0.5135
-0.5135
-0.5135
-0.513501
-0.513501
-0.513501
-0.513501
-0.513501
-0.513501
-0.513501
-0.513501
-0.513501
-0.513501
-0.513501
-0.513501
-0.513501
-0.513501
-0.513501
-0.513501
-0.513501
-0.513501
-0.513501
-0.513501
-0.513501
-0.513501
-0.513501
-0.513501
-0.513501
-0.513501
-0.513501
-0.513501
-0.513501
-0.513501
-0.513501
-0.513501
-0.513501
-0.513501
-0.513501
-0.513501
-0.513501
-0.513501
-0.513501
-0.513501
-0.513501
-0.513501
-0.513501
-0.513501
-0.513501
-0.513501
-0.513501
-0.513501
-0.513501
-0.513501
-0.513501
-0.513501
-0.513501
-0.513501
-0.513501
-0.5135
-0.5135
-0.5135
-0.5135
-0.5135
-0.5135
-0.5135
-0.5135
-0.5135
-0.5135
-0.5135
-0.5135
-0.5135
-0.5135
-0.5135
-0.513499
-0.513499
-0.513499
-0.513499
-0.513499
-0.513499
-0.513499
-0.513499
-0.513499
-0.513499
-0.513499
-0.513499
-0.513499
-0.513499
-0.513499
-0.513499
-0.513499
-0.513498
-0.513498
-0.513498
-0.513498
-0.513498
-0.513498
-0.513498
-0.513498
-0.513498
-0.513498
-0.513498
-0.513498
-0.513498
-0.513498
-0.513498
-0.513498
-0.513498
-0.513498
-0.513498
-0.513498
-0.513498
-0.513498
-0.513498
-0.513498
-0.513498
-0.513498
-0.513498
-0.513498
-0.513498
-0.513498
-0.513498
-0.513498
-0.513498
-0.513498
-0.513498
-0.513499
-0.513499
-0.513499
-0.513499
-0.513499
-0.513499
-0.513499
-0.513499
-0.513499
-0.513499
-0.513499
-0.513499
-0.513499
-0.513499
-0.513499
-0.513499
-0.513499
-0.5135
-0.5135
-0.5135
-0.5135
-0.5135
-0.5135
-0.5135
-0.5135
-0.5135
-0.5135
-0.5135
-0.5135
-0.5135
-0.5135
-0.5135
-0.5135
-0.513501
-0.513501
-0.513501
-0.513501
-0.513501
-0.513501
-0.513501
-0.513501
-0.513501
-0.513501
-0.513501
-0.513501
-0.513501
-0.513501
-0.513501
-0.513501
-0.513501
-0.513501
-0.513501
-0.513501
-0.513501
-0.513501
-0.513501
-0.513501
-0.513501
-0.513501
-0.513501
-0.513501
-0.513501
-0.513501
-0.513501
-0.513501
-0.513501
-0.513501
-0.513501
-0.513501
-0.513501
-0.513501
-0.513501
-0.513501
-0.513501
-0.513501
-0.513501
-0.513501
-0.513501
-0.513501
-0.513501
-0.513501
-0.513501
-0.513501
-0.513501
-0.513501
-0.513501
-0.513501
-0.513501
-0.513501
-0.513501
-0.5135
-0.5135
-0.5135
-0.5135
-0.5135
-0.5135
-0.5135
-0.5135
-0.5135
-0.5135
-0.5135
-0.5135
-0.5135
-0.5135
-0.5135
-0.5135
-0.513499
-0.513499
-0.513499
-0.513499
-0.513499
-0.513499
-0.513499
-0.513499
-0.513499
-0.513499
-0.513499
-0.513499
-0.513499
-0.513499
-0.513499
-0.513499
-0.513499
-0.513499
-0.513499
-0.513499
-0.513499
-0.513498
-0.513498
-0.513498
-0.513498
-0.513498
-0.513498
-0.513498
-0.513498
-0.513498
-0.513498
-0.513498
-0.513498
-0.513498
-0.513498
-0.513498
-0.513498
-0.513498
-0.513498
-0.513498
-0.513498
-0.513498
-0.513498
-0.513498
-0.513498
-0.513499
-0.513499
-0.513499
-0.513499
-0.513499
-0.513499
-0.513499
-0.513499
-0.513499
-0.513499
-0.513499
-0.513499
-0.513499
-0.513499
-0.513499
-0.513499
-0.513499
-0.513499
-0.513499
-0.513499
-0.513499
-0.5135
-0.5135
-0.5135
-0.5135
-0.5135
-0.5135
-0.5135
-0.5135
-0.5135
-0.5135
-0.5135
-0.5135
-0.5135
-0.5135
-0.5135
-0.5135
-0.513501
-0.513501
-0.513501
-0.513501
-0.513501
-0.513501
-0.513501
-0.513501
-0.513501
-0.513501
-0.513501
-0.513501
-0.513501
-0.513501
-0.513501
-0.513501
-0.513501
-0.513501
-0.513501
-0.513501
-0.513501
-0.513501
-0.513501
-0.513501
-0.513501
-0.513501
-0.513501
-0.513501
-0.513501
-0.513501
-0.513501
-0.513501
-0.513501
-0.513501
-0.513501
-0.513501
-0.513501
-0.513501
-0.513501
-0.513501
-0.513501
-0.513501
-0.513501
-0.513501
-0.513501
-0.513501
-0.513501
-0.513501
-0.513501
-0.513501
-0.513501
-0.513501
-0.513501
-0.513501
-0.513501
-0.513501
-0.513501
-0.513501
-0.513501
-0.5135
-0.5135
-0.5135
-0.5135
-0.5135
-0.5135
-0.5135
-0.5135
-0.5135
-0.5135
-0.5135
-0.5135
-0.5135
-0.5135
-0.5135
-0.5135
-0.5135
-0.513499
-0.513499
-0.513499
-0.513499
-0.513499
-0.513499
-0.513499
-0.513499
-0.513499
-0.513499
-0.513499
-0.513499
-0.513499
-0.513499
-0.513499
-0.513499
-0.513499
-0.513499
-0.513499
-0.513499
-0.513499
-0.513499
-0.513499
-0.513499
-0.513499
-0.513499
-0.513498
-0.513498
-0.513498
-0.513498
-0.513498
-0.513498
-0.513498
-0.513498
-0.513498
-0.513499
-0.513499
-0.513499
-0.513499
-0.513499
-0.513499
-0.513499
-0.513499
-0.513499
-0.513499
-0.513499
-0.513499
-0.513499
-0.513499
-0.513499
-0.513499
-0.513499
-0.513499
-0.513499
-0.513499
-0.513499
-0.513499
-0.513499
-0.513499
-0.513499
-0.513499
-0.513499
-0.5135
-0.5135
-0.5135
-0.5135
-0.5135
-0.5135
-0.5135
-0.5135
-0.5135
-0.5135
-0.5135
-0.5135
-0.5135
-0.5135
-0.5135
-0.5135
-0.5135
-0.5135
-0.513501
-0.513501
-0.513501
-0.513501
-0.513501
-0.513501
-0.513501
-0.513501
-0.513501
-0.513501
-0.513501
-0.513501
-0.513501
-0.513501
-0.513501
-0.513501
-0.513501
-0.513501
-0.513501
-0.513501
-0.513501
-0.513501
-0.513501
-0.513501
-0.513501
-0.513501
-0.513501
-0.513501
-0.513501
-0.513501
-0.513501
-0.513501
-0.513501
-0.513501
-0.513501
-0.513501
-0.513501
-0.513501
-0.513501
-0.513501
-0.513501
-0.513501
-0.513501
-0.513501
-0.513501
-0.513501
-0.513501
-0.513501
-0.513501
-0.513501
-0.513501
-0.513501
-0.513501
-0.513501
-0.513501
-0.513501
-0.513501
-0.513501
-0.5135
-0.5135
-0.5135
-0.5135
-0.5135
-0.5135
-0.5135
-0.5135
-0.5135
-0.5135
-0.5135
-0.5135
-0.5135
-0.5135
-0.5135
-0.5135
-0.5135
-0.5135
-0.5135
-0.513499
-0.513499
-0.513499
-0.513499
-0.513499
-0.513499
-0.513499
-0.513499
-0.513499
-0.513499
-0.513499
-0.513499
-0.513499
-0.513499
-0.513499
-0.513499
-0.513499
-0.513499
-0.513499
-0.513499
-0.513499
-0.513499
-0.513499
-0.513499
-0.513499
-0.513499
-0.513499
-0.513499
-0.513499
-0.513499
-0.513499
-0.513499
-0.513499
-0.513499
-0.513499
-0.513499
-0.513499
-0.513499
-0.513499
-0.513499
-0.513499
-0.513499
-0.513499
-0.513499
-0.513499
-0.513499
-0.513499
-0.513499
-0.513499
-0.513499
-0.513499
-0.513499
-0.513499
-0.513499
-0.513499
-0.513499
-0.513499
-0.513499
-0.513499
-0.513499
-0.5135
-0.5135
-0.5135
-0.5135
-0.5135
-0.5135
-0.5135
-0.5135
-0.5135
-0.5135
-0.5135
-0.5135
-0.5135
-0.5135
-0.5135
-0.5135
-0.5135
-0.5135
-0.5135
-0.513501
-0.513501
-0.513501
-0.513501
-0.513501
-0.513501
-0.513501
-0.513501
-0.513501
-0.513501
-0.513501
-0.513501
-0.513501
-0.513501
-0.513501
-0.513501
-0.513501
-0.513501
-0.513501
-0.513501
-0.513501
-0.513501
-0.513501
-0.513501
-0.513501
-0.513501
-0.513501
-0.513501
-0.513501
-0.513501
-0.513501
-0.513501
-0.513501
-0.513501
-0.513501
-0.513501
-0.513501
-0.513501
-0.513501
-0.513501
-0.513501
-0.513501
-0.513501
-0.513501
-0.513501
-0.513501
-0.513501
-0.513501
-0.513501
-0.513501
-0.513501
-0.513501
-0.513501
-0.513501
-0.513501
-0.513501
-0.513501
-0.513501
-0.5135
-0.5135
-0.5135
-0.5135
-0.5135
-0.5135
-0.5135
-0.5135
-0.5135
-0.5135
-0.5135
-0.5135
-0.5135
-0.5135
-0.5135
-0.5135
-0.5135
-0.5135
-0.5135
-0.5135
-0.513499
-0.513499
-0.513499
-0.513499
-0.513499
-0.513499
-0.513499
-0.513499
-0.513499
-0.513499
-0.513499
-0.513499
-0.513499
-0.513499
-0.513499
-0.513499
-0.513499
-0.513499
-0.513499
-0.513499
-0.513499
-0.513499
-0.513499
-0.513499
-0.513499
-0.513499
-0.513499
-0.513499
-0.513499
-0.513499
-0.513499
-0.513499
-0.513499
-0.513499
-0.513499
-0.513499
-0.513499
-0.513499
-0.513499
-0.513499
-0.513499
-0.513499
-0.513499
-0.513499
-0.513499
-0.513499
-0.513499
-0.513499
-0.513499
-0.513499
-0.513499
-0.513499
-0.513499
-0.513499
-0.513499
-0.513499
-0.513499
-0.513499
-0.5135
-0.5135
-0.5135
-0.5135
-0.5135
-0.5135
-0.5135
-0.5135
-0.5135
-0.5135
-0.5135
-0.5135
-0.5135
-0.5135
-0.5135
-0.5135
-0.5135
-0.5135
-0.5135
-0.5135
-0.5135
-0.513501
-0.513501
-0.513501
-0.513501
-0.513501
-0.513501
-0.513501
-0.513501
-0.513501
-0.513501
-0.513501
-0.513501
-0.513501
-0.513501
-0.513501
-0.513501
-0.513501
-0.513501
-0.513501
-0.513501
-0.513501
-0.513501
-0.513501
-0.513501
-0.513501
-0.513501
-0.513501
-0.513501
-0.513501
-0.513501
-0.513501
-0.513501
-0.513501
-0.513501
-0.513501
-0.513501
-0.513501
-0.513501
-0.513501
-0.513501
-0.513501
-0.513501
-0.513501
-0.513501
-0.513501
-0.513501
-0.513501
-0.513501
-0.513501
-0.513501
-0.513501
-0.513501
-0.513501
-0.513501
-0.513501
-0.513501
-0.513501
-0.5135
-0.5135
-0.5135
-0.5135
-0.5135
-0.5135
-0.5135
-0.5135
-0.5135
-0.5135
-0.5135
-0.5135
-0.5135
-0.5135
-0.5135
-0.5135
-0.5135
-0.5135
-0.5135
-0.5135
-0.513499
-0.513499
-0.513499
-0.513499
-0.513499
-0.513499
-0.513499
-0.513499
-0.513499
-0.513499
-0.513499
-0.513499
-0.513499
-0.513499
-0.513499
-0.513499
-0.513499
-0.513499
-0.513499
-0.513499
-0.513499
-0.513499
-0.513499
-0.513499
-0.513499
-0.513499
-0.513499
-0.513499
-0.513499
-0.513499
-0.513499
-0.513499
-0.513499
-0.513499
-0.513499
-0.513499
-0.513499
-0.513499
-0.513499
-0.513499
-0.513499
-0.513499
-0.513499
-0.513499
-0.513499
-0.513499
-0.513499
-0.513499
-0.513499
-0.513499
-0.513499
-0.513499
-0.513499
-0.513499
-0.513499
-0.513499
-0.513499
-0.513499
-0.5135
-0.5135
-0.5135
-0.5135
-0.5135
-0.5135
-0.5135
-0.5135
-0.5135
-0.5135
-0.5135
-0.5135
-0.5135
-0.5135
-0.5135
-0.5135
-0.5135
-0.5135
-0.5135
-0.5135
-0.5135
-0.513501
-0.513501
-0.513501
-0.513501
-0.513501
-0.513501
-0.513501
-0.513501
-0.513501
-0.513501
-0.513501
-0.513501
-0.513501
-0.513501
-0.513501
-0.513501
-0.513501
-0.513501
-0.513501
-0.513501
-0.513501
-0.513501
-0.513501
-0.513501
-0.513501
-0.513501
-0.513501
-0.513501
-0.513501
-0.513501
-0.513501
-0.513501
-0.513501
-0.513501
-0.513501
-0.513501
-0.513501
-0.513501
-0.513501
-0.513501
-0.513501
-0.513501
-0.513501
-0.513501
-0.513501
-0.513501
-0.513501
-0.513501
-0.513501
-0.513501
-0.513501
-0.513501
-0.513501
-0.513501
-0.513501
-0.513501
-0.5135
-0.5135
-0.5135
-0.5135
-0.5135
-0.5135
-0.5135
-0.5135
-0.5135
-0.5135
-0.5135
-0.5135
-0.5135
-0.5135
-0.5135
-0.5135
-0.5135
-0.5135
-0.5135
-0.5135
-0.5135
-0.5135
-0.513499
-0.513499
-0.513499
-0.513499
-0.513499
-0.513499
-0.513499
-0.513499
-0.513499
-0.513499
-0.513499
-0.513499
-0.513499
-0.513499
-0.513499
-0.513499
-0.513499
-0.513499
-0.513499
-0.513499
-0.513499
-0.513499
-0.513499
-0.513499
-0.513499
-0.513499
-0.513499
-0.513499
-0.513499
-0.513499
-0.513499
-0.513499
-0.513499
-0.513499
-0.513499
-0.513499
-0.513499
-0.513499
-0.513499
-0.513499
-0.513499
-0.513499
-0.513499
-0.513499
-0.513499
-0.513499
-0.513499
-0.513499
-0.513499
-0.513499
-0.513499
-0.513499
-0.513499
-0.513499
-0.513499
-0.513499
-0.5135
-0.5135
-0.5135
-0.5135
-0.5135
-0.5135
-0.5135
-0.5135
-0.5135
-0.5135
-0.5135
-0.5135
-0.5135
-0.5135
-0.5135
-0.5135
-0.5135
-0.5135
-0.5135
-0.5135
-0.5135
-0.5135
-0.5135
-0.513501
-0.513501
-0.513501
-0.513501
-0.513501
-0.513501
-0.513501
-0.513501
-0.513501
-0.513501
-0.513501
-0.513501
-0.513501
-0.513501
-0.513501
-0.513501
-0.513501
-0.513501
-0.513501
-0.513501
-0.513501
-0.513501
-0.513501
-0.513501
-0.513501
-0.513501
-0.513501
-0.513501
-0.513501
-0.513501
-0.513501
-0.513501
-0.513501
-0.513501
-0.513501
-0.513501
-0.513501
-0.513501
-0.513501
-0.513501
-0.513501
-0.513501
-0.513501
-0.513501
-0.513501
-0.513501
-0.513501
-0.513501
-0.513501
-0.513501
-0.513501
-0.513501
-0.513501
-0.513501
-0.5135
-0.5135
-0.5135
-0.5135
-0.5135
-0.5135
-0.5135
-0.5135
-0.5135
-0.5135
-0.5135
-0.5135
-0.5135
-0.5135
-0.5135
-0.5135
-0.5135
-0.5135
-0.5135
-0.5135
-0.5135
-0.5135
-0.5135
-0.5135
-0.513499
-0.513499
-0.513499
-0.513499
-0.513499
-0.513499
-0.513499
-0.513499
-0.513499
-0.513499
-0.513499
-0.513499
-0.513499
-0.513499
-0.513499
-0.513499
-0.513499
-0.513499
-0.513499
-0.513499
-0.513499
-0.513499
-0.513499
-0.513499
-0.513499
-0.513499
-0.513499
-0.513499
-0.513499
-0.513499
-0.513499
-0.513499
-0.513499
-0.513499
-0.513499
-0.513499
-0.513499
-0.513499
-0.513499
-0.513499
-0.513499
-0.513499
-0.513499
-0.513499
-0.513499
-0.513499
-0.513499
-0.513499
-0.513499
-0.513499
-0.513499
-0.513499
-0.513499
-0.513499
-0.5135
-0.5135
-0.5135
-0.5135
-0.5135
-0.5135
-0.5135
-0.5135
-0.5135
-0.5135
-0.5135
-0.5135
-0.5135
-0.5135
-0.5135
-0.5135
-0.5135
-0.5135
-0.5135
-0.5135
-0.5135
-0.5135
-0.5135
-0.5135
-0.5135
-0.513501
-0.513501
-0.513501
-0.513501
-0.513501
-0.513501
-0.513501
-0.513501
-0.513501
-0.513501
-0.513501
-0.513501
-0.513501
-0.513501
-0.513501
-0.513501
-0.513501
-0.513501
-0.513501
-0.513501
-0.513501
-0.513501
-0.513501
-0.513501
-0.513501
-0.513501
-0.513501
-0.513501
-0.513501
-0.513501
-0.513501
-0.513501
-0.513501
-0.513501
-0.513501
-0.513501
-0.513501
-0.513501
-0.513501
-0.513501
-0.513501
-0.513501
-0.513501
-0.513501
-0.513501
-0.513501
-0.513501
-0.513501
-0.513501
-0.513501
-0.513501
-0.513501
-0.513501
-0.5135
-0.5135
-0.5135
-0.5135
-0.5135
-0.5135
-0.5135
-0.5135
-0.5135
-0.5135
-0.5135
-0.5135
-0.5135
-0.5135
-0.5135
-0.5135
-0.5135
-0.5135
-0.5135
-0.5135
-0.5135
-0.5135
-0.5135
-0.5135
-0.5135
-0.513499
-0.513499
-0.513499
-0.513499
-0.513499
-0.513499
-0.513499
-0.513499
-0.513499
-0.513499
-0.513499
-0.513499
-0.513499
-0.513499
-0.513499
-0.513499
-0.513499
-0.513499
-0.513499
-0.513499
-0.513499
-0.513499
-0.513499
-0.513499
-0.513499
-0.513499
-0.513499
-0.513499
-0.513499
-0.513499
-0.513499
-0.513499
-0.513499
-0.513499
-0.513499
-0.513499
-0.513499
-0.513499
-0.513499
-0.513499
-0.513499
-0.513499
-0.513499
-0.513499
-0.513499
-0.513499
-0.513499
-0.513499
-0.513499
-0.513499
-0.513499
-0.513499
-0.5135
-0.5135
-0.5135
-0.5135
-0.5135
-0.5135
-0.5135
-0.5135
-0.5135
-0.5135
-0.5135
-0.5135
-0.5135
-0.5135
-0.5135
-0.5135
-0.5135
-0.5135
-0.5135
-0.5135
-0.5135
-0.5135
-0.5135
-0.5135
-0.5135
-0.5135
-0.513501
-0.513501
-0.513501
-0.513501
-0.513501
-0.513501
-0.513501
-0.513501
-0.513501
-0.513501
-0.513501
-0.513501
-0.513501
-0.513501
-0.513501
-0.513501
-0.513501
-0.513501
-0.513501
-0.513501
-0.513501
-0.513501
-0.513501
-0.513501
-0.513501
-0.513501
-0.513501
-0.513501
-0.513501
-0.513501
-0.513501
-0.513501
-0.513501
-0.513501
-0.513501
-0.513501
-0.513501
-0.513501
-0.513501
-0.513501
-0.513501
-0.513501
-0.513501
-0.513501
-0.513501
-0.513501
-0.513501
-0.513501
-0.513501
-0.513501
-0.513501
-0.513501
-0.5135
-0.5135
-0.5135
-0.5135
-0.5135
-0.5135
-0.5135
-0.5135
-0.5135
-0.5135
-0.5135
-0.5135
-0.5135
-0.5135
-0.5135
-0.5135
-0.5135
-0.5135
-0.5135
-0.5135
-0.5135
-0.5135
-0.5135
-0.5135
-0.5135
-0.5135
-0.5135
-0.513499
-0.513499
-0.513499
-0.513499
-0.513499
-0.513499
-0.513499
-0.513499
-0.513499
-0.513499
-0.513499
-0.513499
-0.513499
-0.513499
-0.513499
-0.513499
-0.513499
-0.513499
-0.513499
-0.513499
-0.513499
-0.513499
-0.513499
-0.513499
-0.513499
-0.513499
-0.513499
-0.513499
-0.513499
-0.513499
-0.513499
-0.513499
-0.513499
-0.513499
-0.513499
-0.513499
-0.513499
-0.513499
-0.513499
-0.513499
-0.513499
-0.513499
-0.513499
-0.513499
-0.513499
-0.513499
-0.513499
-0.513499
-0.513499
-0.513499
-0.5135
-0.5135
-0.5135
-0.5135
-0.5135
-0.5135
-0.5135
-0.5135
-0.5135
-0.5135
-0.5135
-0.5135
-0.5135
-0.5135
-0.5135
-0.5135
-0.5135
-0.5135
-0.5135
-0.5135
-0.5135
-0.5135
-0.5135
-0.5135
-0.5135
-0.5135
-0.5135
-0.5135
-0.513501
-0.513501
-0.513501
-0.513501
-0.513501
-0.513501
-0.513501
-0.513501
-0.513501
-0.513501
-0.513501
-0.513501
-0.513501
-0.513501
-0.513501
-0.513501
-0.513501
-0.513501
-0.513501
-0.513501
-0.513501
-0.513501
-0.513501
-0.513501
-0.513501
-0.513501
-0.513501
-0.513501
-0.513501
-0.513501
-0.513501
-0.513501
-0.513501
-0.513501
-0.513501
-0.513501
-0.513501
-0.513501
-0.513501
-0.513501
-0.513501
-0.513501
-0.513501
-0.513501
-0.513501
-0.513501
-0.513501
-0.513501
-0.513501
-0.513501
-0.5135
-0.5135
-0.5135
-0.5135
-0.5135
-0.5135
-0.5135
-0.5135
-0.5135
-0.5135
-0.5135
-0.5135
-0.5135
-0.5135
-0.5135
-0.5135
-0.5135
-0.5135
-0.5135
-0.5135
-0.5135
-0.5135
-0.5135
-0.5135
-0.5135
-0.5135
-0.5135
-0.5135
-0.5135
-0.513499
-0.513499
-0.513499
-0.513499
-0.513499
-0.513499
-0.513499
-0.513499
-0.513499
-0.513499
-0.513499
-0.513499
-0.513499
-0.513499
-0.513499
-0.513499
-0.513499
-0.513499
-0.513499
-0.513499
-0.513499
-0.513499
-0.513499
-0.513499
-0.513499
-0.513499
-0.513499
-0.513499
-0.513499
-0.513499
-0.513499
-0.513499
-0.513499
-0.513499
-0.513499
-0.513499
-0.513499
-0.513499
-0.513499
-0.513499
-0.513499
-0.513499
-0.513499
-0.513499
-0.513499
-0.513499
-0.513499
-0.513499
-0.5135
-0.5135
-0.5135
-0.5135
-0.5135
-0.5135
-0.5135
-0.5135
-0.5135
-0.5135
-0.5135
-0.5135
-0.5135
-0.5135
-0.5135
-0.5135
-0.5135
-0.5135
-0.5135
-0.5135
-0.5135
-0.5135
-0.5135
-0.5135
-0.5135
-0.5135
-0.5135
-0.5135
-0.5135
-0.5135
-0.513501
-0.513501
-0.513501
-0.513501
-0.513501
-0.513501
-0.513501
-0.513501
-0.513501
-0.513501
-0.513501
-0.513501
-0.513501
-0.513501
-0.513501
-0.513501
-0.513501
-0.513501
-0.513501
-0.513501
-0.513501
-0.513501
-0.513501
-0.513501
-0.513501
-0.513501
-0.513501
-0.513501
-0.513501
-0.513501
-0.513501
-0.513501
-0.513501
-0.513501
-0.513501
-0.513501
-0.513501
-0.513501
-0.513501
-0.513501
-0.513501
-0.513501
-0.513501
-0.513501
-0.513501
-0.513501
-0.513501
-0.513501
-0.5135
-0.5135
-0.5135
-0.5135
-0.5135
-0.5135
-0.5135
-0.5135
-0.5135
-0.5135
-0.5135
-0.5135
-0.5135
-0.5135
-0.5135
-0.5135
-0.5135
-0.5135
-0.5135
-0.5135
-0.5135
-0.5135
-0.5135
-0.5135
-0.5135
-0.5135
-0.5135
-0.5135
-0.5135
-0.5135
-0.513499
-0.513499
-0.513499
-0.513499
-0.513499
-0.513499
-0.513499
-0.513499
-0.513499
-0.513499
-0.513499
-0.513499
-0.513499
-0.513499
-0.513499
-0.513499
-0.513499
-0.513499
-0.513499
-0.513499
-0.513499
-0.513499
-0.513499
-0.513499
-0.513499
-0.513499
-0.513499
-0.513499
-0.513499
-0.513499
-0.513499
-0.513499
-0.513499
-0.513499
-0.513499
-0.513499
-0.513499
-0.513499
-0.513499
-0.513499
-0.513499
-0.513499
-0.513499
-0.513499
-0.513499
-0.513499
-0.513499
-0.513499
-0.5135
-0.5135
-0.5135
-0.5135
-0.5135
-0.5135
-0.5135
-0.5135
-0.5135
-0.5135
-0.5135
-0.5135
-0.5135
-0.5135
-0.5135
-0.5135
-0.5135
-0.5135
-0.5135
-0.5135
-0.5135
-0.5135
-0.5135
-0.5135
-0.5135
-0.5135
-0.5135
-0.5135
-0.5135
-0.5135
-0.5135
-0.513501
-0.513501
-0.513501
-0.513501
-0.513501
-0.513501
-0.513501
-0.513501
-0.513501
-0.513501
-0.513501
-0.513501
-0.513501
-0.513501
-0.513501
-0.513501
-0.513501
-0.513501
-0.513501
-0.513501
-0.513501
-0.513501
-0.513501
-0.513501
-0.513501
-0.513501
-0.513501
-0.513501
-0.513501
-0.513501
-0.513501
-0.513501
-0.513501
-0.513501
-0.513501
-0.513501
-0.513501
-0.513501
-0.513501
-0.513501
-0.513501
-0.513501
-0.513501
-0.513501
-0.513501
-0.513501
-0.5135
-0.5135
-0.5135
-0.5135
-0.5135
-0.5135
-0.5135
-0.5135
-0.5135
-0.5135
-0.5135
-0.5135
-0.5135
-0.5135
-0.5135
-0.5135
-0.5135
-0.5135
-0.5135
-0.5135
-0.5135
-0.5135
-0.5135
-0.5135
-0.5135
-0.5135
-0.5135
-0.5135
-0.5135
-0.5135
-0.5135
-0.5135
-0.513499
-0.513499
-0.513499
-0.513499
-0.513499
-0.513499
-0.513499
-0.513499
-0.513499
-0.513499
-0.513499
-0.513499
-0.513499
-0.513499
-0.513499
-0.513499
-0.513499
-0.513499
-0.513499
-0.513499
-0.513499
-0.513499
-0.513499
-0.513499
-0.513499
-0.513499
-0.513499
-0.513499
-0.513499
-0.513499
-0.513499
-0.513499
-0.513499
-0.513499
-0.513499
-0.513499
-0.513499
-0.513499
-0.513499
-0.513499
-0.513499
-0.513499
-0.513499
-0.513499
-0.513499
-0.513499
-0.5135
-0.5135
-0.5135
-0.5135
-0.5135
-0.5135
-0.5135
-0.5135
-0.5135
-0.5135
-0.5135
-0.5135
-0.5135
-0.5135
-0.5135
-0.5135
-0.5135
-0.5135
-0.5135
-0.5135
-0.5135
-0.5135
-0.5135
-0.5135
-0.5135
-0.5135
-0.5135
-0.5135
-0.5135
-0.5135
-0.5135
-0.5135
-0.5135
-0.513501
-0.513501
-0.513501
-0.513501
-0.513501
-0.513501
-0.513501
-0.513501
-0.513501
-0.513501
-0.513501
-0.513501
-0.513501
-0.513501
-0.513501
-0.513501
-0.513501
-0.513501
-0.513501
-0.513501
-0.513501
-0.513501
-0.513501
-0.513501
-0.513501
-0.513501
-0.513501
-0.513501
-0.513501
-0.513501
-0.513501
-0.513501
-0.513501
-0.513501
-0.513501
-0.513501
-0.513501
-0.513501
-0.513501
-0.513501
-0.513501
-0.513501
-0.513501
-0.513501
-0.5135
-0.5135
-0.5135
-0.5135
-0.5135
-0.5135
-0.5135
-0.5135
-0.5135
-0.5135
-0.5135
-0.5135
-0.5135
-0.5135
-0.5135
-0.5135
-0.5135
-0.5135
-0.5135
-0.5135
-0.5135
-0.5135
-0.5135
-0.5135
-0.5135
-0.5135
-0.5135
-0.5135
-0.5135
-0.5135
-0.5135
-0.5135
-0.5135
-0.5135
-0.513499
-0.513499
-0.513499
-0.513499
-0.513499
-0.513499
-0.513499
-0.513499
-0.513499
-0.513499
-0.513499
-0.513499
-0.513499
-0.513499
-0.513499
-0.513499
-0.513499
-0.513499
-0.513499
-0.513499
-0.513499
-0.513499
-0.513499
-0.513499
-0.513499
-0.513499
-0.513499
-0.513499
-0.513499
-0.513499
-0.513499
-0.513499
-0.513499
-0.513499
-0.513499
-0.513499
-0.513499
-0.513499
-0.513499
-0.513499
-0.513499
-0.513499
-0.513499
-0.513499
-0.5135
-0.5135
-0.5135
-0.5135
-0.5135
-0.5135
-0.5135
-0.5135
-0.5135
-0.5135
-0.5135
-0.5135
-0.5135
-0.5135
-0.5135
-0.5135
-0.5135
-0.5135
-0.5135
-0.5135
-0.5135
-0.5135
-0.5135
-0.5135
-0.5135
-0.5135
-0.5135
-0.5135
-0.5135
-0.5135
-0.5135
-0.5135
-0.5135
-0.5135
-0.5135
-0.513501
-0.513501
-0.513501
-0.513501
-0.513501
-0.513501
-0.513501
-0.513501
-0.513501
-0.513501
-0.513501
-0.513501
-0.513501
-0.513501
-0.513501
-0.513501
-0.513501
-0.513501
-0.513501
-0.513501
-0.513501
-0.513501
-0.513501
-0.513501
-0.513501
-0.513501
-0.513501
-0.513501
-0.513501
-0.513501
-0.513501
-0.513501
-0.513501
-0.513501
-0.513501
-0.513501
-0.513501
-0.513501
-0.513501
-0.513501
-0.513501
-0.513501
-0.5135
-0.5135
-0.5135
-0.5135
-0.5135
-0.5135
-0.5135
-0.5135
-0.5135
-0.5135
-0.5135
-0.5135
-0.5135
-0.5135
-0.5135
-0.5135
-0.5135
-0.5135
-0.5135
-0.5135
-0.5135
-0.5135
-0.5135
-0.5135
-0.5135
-0.5135
-0.5135
-0.5135
-0.5135
-0.5135
-0.5135
-0.5135
-0.5135
-0.5135
-0.513499
-0.513499
-0.513499
-0.513499
-0.513499
-0.513499
-0.513499
-0.513499
-0.513499
-0.513499
-0.513499
-0.513499
-0.513499
-0.513499
-0.513499
-0.513499
-0.513499
-0.513499
-0.513499
-0.513499
-0.513499
-0.513499
-0.513499
-0.513499
-0.513499
-0.513499
-0.513499
-0.513499
-0.513499
-0.513499
-0.513499
-0.513499
-0.513499
-0.513499
-0.513499
-0.513499
-0.513499
-0.513499
-0.513499
-0.513499
-0.513499
-0.513499
-0.513499
-0.513499
-0.513499
-0.513499
-0.513499
-0.513499
-0.513499
-0.513499
-0.513499
-0.513499
-0.513499
-0.5135
-0.5135
-0.5135
-0.5135
-0.5135
-0.5135
-0.5135
-0.5135
-0.5135
-0.5135
-0.5135
-0.5135
-0.5135
-0.5135
-0.5135
-0.5135
-0.5135
-0.5135
-0.5135
-0.5135
-0.5135
-0.5135
-0.5135
-0.5135
-0.5135
-0.5135
-0.5135
-0.5135
-0.5135
-0.5135
-0.5135
-0.5135
-0.5135
-0.5135
-0.5135
-0.5135
-0.5135
-0.5135
-0.5135
-0.5135
-0.5135
-0.5135
-0.5135
-0.5135
-0.5135
-0.5135
-0.5135
-0.5135
-0.5135
-0.5135
-0.5135
-0.5135
-0.5135
-0.5135
-0.5135
-0.5135
-0.5135
-0.5135
-0.5135
-0.5135
-0.5135
-0.5135
-0.5135
-0.5135
-0.5135
-0.5135
-0.5135
-0.5135
-0.5135
-0.5135
-0.5135
-0.5135
-0.5135
-0.5135
-0.5135
-0.5135
-0.5135
-0.5135
-0.5135
-0.5135
-0.5135
-0.5135
-0.5135
-0.5135
-0.5135
-0.5135
-0.5135
-0.5135
-0.5135
-0.5135
-0.5135
-0.5135
-0.5135
-0.5135
-0.5135
-0.5135
-0.513499
-0.513499
-0.513499
-0.513499
-0.513499
-0.513499
-0.513499
-0.513499
-0.513499
-0.513499
-0.513499
-0.513499
-0.513499
-0.513499
-0.513499
-0.513499
-0.513499
-0.513499
-0.513499
-0.513499
-0.513499
-0.513499
-0.513499
-0.513499
-0.513499
-0.513499
-0.513499
-0.513499
-0.513499
-0.513499
-0.513499
-0.513499
-0.513499
-0.513499
-0.513499
-0.513499
-0.513499
-0.513499
-0.513499
-0.513499
-0.513499
-0.513499
-0.513499
-0.513499
-0.513499
-0.513499
-0.513499
-0.513499
-0.513499
-0.513499
-0.513499
-0.513499
-0.5135
-0.5135
-0.5135
-0.5135
-0.5135
-0.5135
-0.5135
-0.5135
-0.5135
-0.5135
-0.5135
-0.5135
-0.5135
-0.5135
-0.5135
-0.5135
-0.5135
-0.5135
-0.5135
-0.5135
-0.5135
-0.5135
-0.5135
-0.5135
-0.5135
-0.5135
-0.5135
-0.5135
-0.5135
-0.5135
-0.5135
-0.5135
-0.5135
-0.5135
-0.5135
-0.5135
-0.5135
-0.513501
-0.513501
-0.513501
-0.513501
-0.513501
-0.513501
-0.513501
-0.513501
-0.513501
-0.513501
-0.513501
-0.513501
-0.513501
-0.513501
-0.513501
-0.513501
-0.513501
-0.513501
-0.513501
-0.513501
-0.513501
-0.513501
-0.513501
-0.513501
-0.513501
-0.513501
-0.513501
-0.513501
-0.513501
-0.513501
-0.513501
-0.513501
-0.513501
-0.513501
-0.513501
-0.513501
-0.513501
-0.513501
-0.5135
-0.5135
-0.5135
-0.5135
-0.5135
-0.5135
-0.5135
-0.5135
-0.5135
-0.5135
-0.5135
-0.5135
-0.5135
-0.5135
-0.5135
-0.5135
-0.5135
-0.5135
-0.5135
-0.5135
-0.5135
-0.5135
-0.5135
-0.5135
-0.5135
-0.5135
-0.5135
-0.5135
-0.5135
-0.5135
-0.5135
-0.5135
-0.5135
-0.5135
-0.5135
-0.5135
-0.5135
-0.5135
-0.5135
-0.5135
-0.5135
-0.513499
-0.513499
-0.513499
-0.513499
-0.513499
-0.513499
-0.513499
-0.513499
-0.513499
-0.513499
-0.513499
-0.513499
-0.513499
-0.513499
-0.513499
-0.513499
-0.513499
-0.513499
-0.513499
-0.513499
-0.513499
-0.513499
-0.513499
-0.513499
-0.513499
-0.513499
-0.513499
-0.513499
-0.513499
-0.513499
-0.513499
-0.513499
-0.513499
-0.513499
-0.513499
-0.513499
-0.5135
-0.5135
-0.5135
-0.5135
-0.5135
-0.5135
-0.5135
-0.5135
-0.5135
-0.5135
-0.5135
-0.5135
-0.5135
-0.5135
-0.5135
-0.5135
-0.5135
-0.5135
-0.5135
-0.5135
-0.5135
-0.5135
-0.5135
-0.5135
-0.5135
-0.5135
-0.5135
-0.5135
-0.5135
-0.5135
-0.5135
-0.5135
-0.5135
-0.5135
-0.5135
-0.5135
-0.5135
-0.5135
-0.5135
-0.5135
-0.5135
-0.5135
-0.5135
-0.513501
-0.513501
-0.513501
-0.513501
-0.513501
-0.513501
-0.513501
-0.513501
-0.513501
-0.513501
-0.513501
-0.513501
-0.513501
-0.513501
-0.513501
-0.513501
-0.513501
-0.513501
-0.513501
-0.513501
-0.513501
-0.513501
-0.513501
-0.513501
-0.513501
-0.513501
-0.513501
-0.513501
-0.513501
-0.513501
-0.513501
-0.513501
-0.513501
-0.513501
-0.5135
-0.5135
-0.5135
-0.5135
-0.5135
-0.5135
-0.5135
-0.5135
-0.5135
-0.5135
-0.5135
-0.5135
-0.5135
-0.5135
-0.5135
-0.5135
-0.5135
-0.5135
-0.5135
-0.5135
-0.5135
-0.5135
-0.5135
-0.5135
-0.5135
-0.5135
-0.5135
-0.5135
-0.5135
-0.5135
-0.5135
-0.5135
-0.5135
-0.5135
-0.5135
-0.5135
-0.5135
-0.5135
-0.5135
-0.5135
-0.5135
-0.5135
-0.5135
-0.5135
-0.513499
-0.513499
-0.513499
-0.513499
-0.513499
-0.513499
-0.513499
-0.513499
-0.513499
-0.513499
-0.513499
-0.513499
-0.513499
-0.513499
-0.513499
-0.513499
-0.513499
-0.513499
-0.513499
-0.513499
-0.513499
-0.513499
-0.513499
-0.513499
-0.513499
-0.513499
-0.513499
-0.513499
-0.513499
-0.513499
-0.513499
-0.513499
-0.513499
-0.513499
-0.5135
-0.5135
-0.5135
-0.5135
-0.5135
-0.5135
-0.5135
-0.5135
-0.5135
-0.5135
-0.5135
-0.5135
-0.5135
-0.5135
-0.5135
-0.5135
-0.5135
-0.5135
-0.5135
-0.5135
-0.5135
-0.5135
-0.5135
-0.5135
-0.5135
-0.5135
-0.5135
-0.5135
-0.5135
-0.5135
-0.5135
-0.5135
-0.5135
-0.5135
-0.5135
-0.5135
-0.5135
-0.5135
-0.5135
-0.5135
-0.5135
-0.5135
-0.5135
-0.5135
-0.5135
-0.513501
-0.513501
-0.513501
-0.513501
-0.513501
-0.513501
-0.513501
-0.513501
-0.513501
-0.513501
-0.513501
-0.513501
-0.513501
-0.513501
-0.513501
-0.513501
-0.513501
-0.513501
-0.513501
-0.513501
-0.513501
-0.513501
-0.513501
-0.513501
-0.513501
-0.513501
-0.513501
-0.513501
-0.513501
-0.513501
-0.513501
-0.513501
-0.5135
-0.5135
-0.5135
-0.5135
-0.5135
-0.5135
-0.5135
-0.5135
-0.5135
-0.5135
-0.5135
-0.5135
-0.5135
-0.5135
-0.5135
-0.5135
-0.5135
-0.5135
-0.5135
-0.5135
-0.5135
-0.5135
-0.5135
-0.5135
-0.5135
-0.5135
-0.5135
-0.5135
-0.5135
-0.5135
-0.5135
-0.5135
-0.5135
-0.5135
-0.5135
-0.5135
-0.5135
-0.5135
-0.5135
-0.5135
-0.5135
-0.5135
-0.5135
-0.5135
-0.5135
-0.5135
-0.5135
-0.513499
-0.513499
-0.513499
-0.513499
-0.513499
-0.513499
-0.513499
-0.513499
-0.513499
-0.513499
-0.513499
-0.513499
-0.513499
-0.513499
-0.513499
-0.513499
-0.513499
-0.513499
-0.513499
-0.513499
-0.513499
-0.513499
-0.513499
-0.513499
-0.513499
-0.513499
-0.513499
-0.513499
-0.513499
-0.513499
-0.5135
-0.5135
-0.5135
-0.5135
-0.5135
-0.5135
-0.5135
-0.5135
-0.5135
-0.5135
-0.5135
-0.5135
-0.5135
-0.5135
-0.5135
-0.5135
-0.5135
-0.5135
-0.5135
-0.5135
-0.5135
-0.5135
-0.5135
-0.5135
-0.5135
-0.5135
-0.5135
-0.5135
-0.5135
-0.5135
-0.5135
-0.5135
-0.5135
-0.5135
-0.5135
-0.5135
-0.5135
-0.5135
-0.5135
-0.5135
-0.5135
-0.5135
-0.5135
-0.5135
-0.5135
-0.5135
-0.5135
-0.5135
-0.5135
-0.513501
-0.513501
-0.513501
-0.513501
-0.513501
-0.513501
-0.513501
-0.513501
-0.513501
-0.513501
-0.513501
-0.513501
-0.513501
-0.513501
-0.513501
-0.513501
-0.513501
-0.513501
-0.513501
-0.513501
-0.513501
-0.513501
-0.513501
-0.513501
-0.513501
-0.513501
-0.513501
-0.513501
-0.5135
-0.5135
-0.5135
-0.5135
-0.5135
-0.5135
-0.5135
-0.5135
-0.5135
-0.5135
-0.5135
-0.5135
-0.5135
-0.5135
-0.5135
-0.5135
-0.5135
-0.5135
-0.5135
-0.5135
-0.5135
-0.5135
-0.5135
-0.5135
-0.5135
-0.5135
-0.5135
-0.5135
-0.5135
-0.5135
-0.5135
-0.5135
-0.5135
-0.5135
-0.5135
-0.5135
-0.5135
-0.5135
-0.5135
-0.5135
-0.5135
-0.5135
-0.5135
-0.5135
-0.5135
-0.5135
-0.5135
-0.5135
-0.5135
-0.5135
-0.5135
-0.513499
-0.513499
-0.513499
-0.513499
-0.513499
-0.513499
-0.513499
-0.513499
-0.513499
-0.513499
-0.513499
-0.513499
-0.513499
-0.513499
-0.513499
-0.513499
-0.513499
-0.513499
-0.513499
-0.513499
-0.513499
-0.513499
-0.513499
-0.513499
-0.513499
-0.513499
-0.5135
-0.5135
-0.5135
-0.5135
-0.5135
-0.5135
-0.5135
-0.5135
-0.5135
-0.5135
-0.5135
-0.5135
-0.5135
-0.5135
-0.5135
-0.5135
-0.5135
-0.5135
-0.5135
-0.5135
-0.5135
-0.5135
-0.5135
-0.5135
-0.5135
-0.5135
-0.5135
-0.5135
-0.5135
-0.5135
-0.5135
-0.5135
-0.5135
-0.5135
-0.5135
-0.5135
-0.5135
-0.5135
-0.5135
-0.5135
-0.5135
-0.5135
-0.5135
-0.5135
-0.5135
-0.5135
-0.5135
-0.5135
-0.5135
-0.5135
-0.5135
-0.5135
-0.5135
-0.513501
-0.513501
-0.513501
-0.513501
-0.513501
-0.513501
-0.513501
-0.513501
-0.513501
-0.513501
-0.513501
-0.513501
-0.513501
-0.513501
-0.513501
-0.513501
-0.513501
-0.513501
-0.513501
-0.513501
-0.513501
-0.513501
-0.513501
-0.513501
-0.5135
-0.5135
-0.5135
-0.5135
-0.5135
-0.5135
-0.5135
-0.5135
-0.5135
-0.5135
-0.5135
-0.5135
-0.5135
-0.5135
-0.5135
-0.5135
-0.5135
-0.5135
-0.5135
-0.5135
-0.5135
-0.5135
-0.5135
-0.5135
-0.5135
-0.5135
-0.5135
-0.5135
-0.5135
-0.5135
-0.5135
-0.5135
-0.5135
-0.5135
-0.5135
-0.5135
-0.5135
-0.5135
-0.5135
-0.5135
-0.5135
-0.5135
-0.5135
-0.5135
-0.5135
-0.5135
-0.5135
-0.5135
-0.5135
-0.5135
-0.5135
-0.5135
-0.5135
-0.5135
-0.5135
-0.513499
-0.513499
-0.513499
-0.513499
-0.513499
-0.513499
-0.513499
-0.513499
-0.513499
-0.513499
-0.513499
-0.513499
-0.513499
-0.513499
-0.513499
-0.513499
-0.513499
-0.513499
-0.513499
-0.513499
-0.513499
-0.513499
-0.5135
-0.5135
-0.5135
-0.5135
-0.5135
-0.5135
-0.5135
-0.5135
-0.5135
-0.5135
-0.5135
-0.5135
-0.5135
-0.5135
-0.5135
-0.5135
-0.5135
-0.5135
-0.5135
-0.5135
-0.5135
-0.5135
-0.5135
-0.5135
-0.5135
-0.5135
-0.5135
-0.5135
-0.5135
-0.5135
-0.5135
-0.5135
-0.5135
-0.5135
-0.5135
-0.5135
-0.5135
-0.5135
-0.5135
-0.5135
-0.5135
-0.5135
-0.5135
-0.5135
-0.5135
-0.5135
-0.5135
-0.5135
-0.5135
-0.5135
-0.5135
-0.5135
-0.5135
-0.5135
-0.5135
-0.5135
-0.5135
-0.513501
-0.513501
-0.513501
-0.513501
-0.513501
-0.513501
-0.513501
-0.513501
-0.513501
-0.513501
-0.513501
-0.513501
-0.513501
-0.513501
-0.513501
-0.513501
-0.513501
-0.513501
-0.513501
-0.513501
-0.5135
-0.5135
-0.5135
-0.5135
-0.5135
-0.5135
-0.5135
-0.5135
-0.5135
-0.5135
-0.5135
-0.5135
-0.5135
-0.5135
-0.5135
-0.5135
-0.5135
-0.5135
-0.5135
-0.5135
-0.5135
-0.5135
-0.5135
-0.5135
-0.5135
-0.5135
-0.5135
-0.5135
-0.5135
-0.5135
-0.5135
-0.5135
-0.5135
-0.5135
-0.5135
-0.5135
-0.5135
-0.5135
-0.5135
-0.5135
-0.5135
-0.5135
-0.5135
-0.5135
-0.5135
-0.5135
-0.5135
-0.5135
-0.5135
-0.5135
-0.5135
-0.5135
-0.5135
-0.5135
-0.5135
-0.5135
-0.5135
-0.5135
-0.5135
-0.513499
-0.513499
-0.513499
-0.513499
-0.513499
-0.513499
-0.513499
-0.513499
-0.513499
-0.513499
-0.513499
-0.513499
-0.513499
-0.513499
-0.513499
-0.513499
-0.513499
-0.513499
-0.5135
-0.5135
-0.5135
-0.5135
-0.5135
-0.5135
-0.5135
-0.5135
-0.5135
-0.5135
-0.5135
-0.5135
-0.5135
-0.5135
-0.5135
-0.5135
-0.5135
-0.5135
-0.5135
-0.5135
-0.5135
-0.5135
-0.5135
-0.5135
-0.5135
-0.5135
-0.5135
-0.5135
-0.5135
-0.5135
-0.5135
-0.5135
-0.5135
-0.5135
-0.5135
-0.5135
-0.5135
-0.5135
-0.5135
-0.5135
-0.5135
-0.5135
-0.5135
-0.5135
-0.5135
-0.5135
-0.5135
-0.5135
-0.5135
-0.5135
-0.5135
-0.5135
-0.5135
-0.5135
-0.5135
-0.5135
-0.5135
-0.5135
-0.5135
-0.5135
-0.5135
-0.5135
-0.513501
-0.513501
-0.513501
-0.513501
-0.513501
-0.513501
-0.513501
-0.513501
-0.513501
-0.513501
-0.513501
-0.513501
-0.513501
-0.513501
-0.5135
-0.5135
-0.5135
-0.5135
-0.5135
-0.5135
-0.5135
-0.5135
-0.5135
-0.5135
-0.5135
-0.5135
-0.5135
-0.5135
-0.5135
-0.5135
-0.5135
-0.5135
-0.5135
-0.5135
-0.5135
-0.5135
-0.5135
-0.5135
-0.5135
-0.5135
-0.5135
-0.5135
-0.5135
-0.5135
-0.5135
-0.5135
-0.5135
-0.5135
-0.5135
-0.5135
-0.5135
-0.5135
-0.5135
-0.5135
-0.5135
-0.5135
-0.5135
-0.5135
-0.5135
-0.5135
-0.5135
-0.5135
-0.5135
-0.5135
-0.5135
-0.5135
-0.5135
-0.5135
-0.5135
-0.5135
-0.5135
-0.5135
-0.5135
-0.5135
-0.5135
-0.5135
-0.5135
-0.5135
-0.5135
-0.5135
-0.513499
-0.513499
-0.513499
-0.513499
-0.513499
-0.513499
-0.513499
-0.513499
-0.513499
-0.513499
-0.5135
-0.5135
-0.5135
-0.5135
-0.5135
-0.5135
-0.5135
-0.5135
-0.5135
-0.5135
-0.5135
-0.5135
-0.5135
-0.5135
-0.5135
-0.5135
-0.5135
-0.5135
-0.5135
-0.5135
-0.5135
-0.5135
-0.5135
-0.5135
-0.5135
-0.5135
-0.5135
-0.5135
-0.5135
-0.5135
-0.5135
-0.5135
-0.5135
-0.5135
-0.5135
-0.5135
-0.5135
-0.5135
-0.5135
-0.5135
-0.5135
-0.5135
-0.5135
-0.5135
-0.5135
-0.5135
-0.5135
-0.5135
-0.5135
-0.5135
-0.5135
-0.5135
-0.5135
-0.5135
-0.5135
-0.5135
-0.5135
-0.5135
-0.5135
-0.5135
-0.5135
-0.5135
-0.5135
-0.5135
-0.5135
-0.5135
-0.5135
-0.5135
-0.5135
-0.5135
-0.5135
-0.513501
-0.513501
-0.513501
-0.513501
-0.5135
-0.5135
-0.5135
-0.5135
-0.5135
-0.5135
-0.5135
-0.5135
-0.5135
-0.5135
-0.5135
-0.5135
-0.5135
-0.5135
-0.5135
-0.5135
-0.5135
-0.5135
-0.5135
-0.5135
-0.5135
-0.5135
-0.5135
-0.5135
-0.5135
-0.5135
-0.5135
-0.5135
-0.5135
-0.5135
-0.5135
-0.5135
-0.5135
-0.5135
-0.5135
-0.5135
-0.5135
-0.5135
-0.5135
-0.5135
-0.5135
-0.5135
-0.5135
-0.5135
-0.5135
-0.5135
-0.5135
-0.5135
-0.5135
-0.5135
-0.5135
-0.5135
-0.5135
-0.5135
-0.5135
-0.5135
-0.5135
-0.5135
-0.5135
-0.5135
-0.5135
-0.5135
-0.5135
-0.5135
-0.5135
-0.5135
-0.5135
-0.5135
-0.5135
-0.5135
-0.5135
-0.5135
-0.5135
-0.5135
-0.5135
-0.5135
-0.5135
-0.5135
-0.5135
-0.5135
-0.5135
-0.5135
-0.5135
-0.5135
-0.5135
-0.5135
-0.5135
-0.5135
-0.5135
-0.5135
-0.5135
-0.5135
-0.5135
-0.5135
-0.5135
-0.5135
-0.5135
-0.5135
-0.5135
-0.5135
-0.5135
-0.5135
-0.5135
-0.5135
-0.5135
-0.5135
-0.5135
-0.5135
-0.5135
-0.5135
-0.5135
-0.5135
-0.5135
-0.5135
-0.5135
-0.5135
-0.5135
-0.5135
-0.5135
-0.5135
-0.5135
-0.5135
-0.5135
-0.5135
-0.5135
-0.5135
-0.5135
-0.5135
-0.5135
-0.5135
-0.5135
-0.5135
-0.5135
-0.5135
-0.5135
-0.5135
-0.5135
-0.5135
-0.5135
-0.5135
-0.5135
-0.5135
-0.5135
-0.5135
-0.5135
-0.5135
-0.5135
-0.5135
-0.5135
-0.5135
-0.5135
-0.5135
-0.5135
-0.5135
-0.5135
-0.5135
-0.5135
-0.5135
-0.5135
-0.5135
-0.5135
-0.5135
-0.5135
-0.5135
-0.5135
-0.5135
-0.5135
-0.5135
-0.5135
-0.5135
-0.5135
-0.5135
-0.5135
-0.5135
-0.5135
-0.5135
-0.5135
-0.5135
-0.5135
-0.5135
-0.5135
-0.5135
-0.5135
-0.5135
-0.5135
-0.5135
-0.5135
-0.5135
-0.5135
-0.5135
-0.5135
-0.5135
-0.5135
-0.5135
-0.5135
-0.5135
-0.5135
-0.5135
-0.5135
-0.5135
-0.5135
-0.5135
-0.5135
-0.5135
-0.5135
-0.5135
-0.5135
-0.5135
-0.5135
-0.5135
-0.5135
-0.5135
-0.5135
-0.5135
-0.5135
-0.5135
-0.5135
-0.5135
-0.5135
-0.5135
-0.5135
-0.5135
-0.5135
-0.5135
-0.5135
-0.5135
-0.5135
-0.5135
-0.5135
-0.5135
-0.5135
-0.5135
-0.5135
-0.5135
-0.5135
-0.5135
-0.5135
-0.5135
-0.5135
-0.5135
-0.5135
-0.5135
-0.5135
-0.5135
-0.5135
-0.5135
-0.5135
-0.5135
-0.5135
-0.5135
-0.5135
-0.5135
-0.5135
-0.5135
-0.5135
-0.5135
-0.5135
-0.5135
-0.5135
-0.5135
-0.5135
-0.5135
-0.5135
-0.5135
-0.5135
-0.5135
-0.5135
-0.5135
-0.5135
-0.5135
-0.5135
-0.5135
-0.5135
-0.5135
-0.5135
-0.5135
-0.5135
-0.5135
-0.5135
-0.5135
-0.5135
-0.5135
-0.5135
-0.5135
-0.5135
-0.5135
-0.5135
-0.5135
-0.5135
-0.5135
-0.5135
-0.5135
-0.5135
-0.5135
-0.5135
-0.5135
-0.5135
-0.5135
-0.5135
-0.5135
-0.5135
-0.5135
-0.5135
-0.5135
-0.5135
-0.5135
-0.5135
-0.5135
-0.5135
-0.5135
-0.5135
-0.5135
-0.5135
-0.5135
-0.5135
-0.5135
-0.5135
-0.5135
-0.5135
-0.5135
-0.5135
-0.5135
-0.5135
-0.5135
-0.5135
-0.5135
-0.5135
-0.5135
-0.5135
-0.5135
-0.5135
-0.5135
-0.5135
-0.5135
-0.5135
-0.5135
-0.5135
-0.5135
-0.5135
-0.5135
-0.5135
-0.5135
-0.5135
-0.5135
-0.5135
-0.5135
-0.5135
-0.5135
-0.5135
-0.5135
-0.5135
-0.5135
-0.5135
-0.5135
-0.5135
-0.5135
-0.5135
-0.5135
-0.5135
-0.5135
-0.5135
-0.5135
-0.5135
-0.5135
-0.5135
-0.5135
-0.5135
-0.5135
-0.5135
-0.5135
-0.5135
-0.5135
-0.5135
-0.5135
-0.5135
-0.5135
-0.5135
-0.5135
-0.5135
-0.5135
-0.5135
-0.5135
-0.5135
-0.5135
-0.5135
-0.5135
-0.5135
-0.5135
-0.5135
-0.5135
-0.5135
-0.5135
-0.5135
-0.5135
-0.5135
-0.5135
-0.5135
-0.5135
-0.5135
-0.5135
-0.5135
-0.5135
-0.5135
-0.5135
-0.5135
-0.5135
-0.5135
-0.5135
-0.5135
-0.5135
-0.5135
-0.5135
-0.5135
-0.5135
-0.5135
-0.5135
-0.5135
-0.5135
-0.5135
-0.5135
-0.5135
-0.5135
-0.5135
-0.5135
-0.5135
-0.5135
-0.5135
-0.5135
-0.5135
-0.5135
-0.5135
-0.5135
-0.5135
-0.5135
-0.5135
-0.5135
-0.5135
-0.5135
-0.5135
-0.5135
-0.5135
-0.5135
-0.5135
-0.5135
-0.5135
-0.5135
-0.5135
-0.5135
-0.5135
-0.5135
-0.5135
-0.5135
-0.5135
-0.5135
-0.5135
-0.5135
-0.5135
-0.5135
-0.5135
-0.5135
-0.5135
-0.5135
-0.5135
-0.5135
-0.5135
-0.5135
-0.5135
-0.5135
-0.5135
-0.5135
-0.5135
-0.5135
-0.5135
-0.5135
-0.5135
-0.5135
-0.5135
-0.5135
-0.5135
-0.5135
-0.5135
-0.5135
-0.5135
-0.5135
-0.5135
-0.5135
-0.5135
-0.5135
-0.5135
-0.5135
-0.5135
-0.5135
-0.5135
-0.5135
-0.5135
-0.5135
-0.5135
-0.5135
-0.5135
-0.5135
-0.5135
-0.5135
-0.5135
-0.5135
-0.5135
-0.5135
-0.5135
-0.5135
-0.5135
-0.5135
-0.5135
-0.5135
-0.5135
-0.5135
-0.5135
-0.5135
-0.5135
-0.5135
-0.5135
-0.5135
-0.5135
-0.5135
-0.5135
-0.5135
-0.5135
-0.5135
-0.5135
-0.5135
-0.5135
-0.5135
-0.5135
-0.5135
-0.5135
-0.5135
-0.5135
-0.5135
-0.5135
-0.5135
-0.5135
-0.5135
-0.5135
-0.5135
-0.5135
-0.5135
-0.5135
-0.5135
-0.5135
-0.5135
-0.5135
-0.5135
-0.5135
-0.5135
-0.5135
-0.5135
-0.5135
-0.5135
-0.5135
-0.5135
-0.5135
-0.5135
-0.5135
-0.5135
-0.5135
-0.5135
-0.5135
-0.5135
-0.5135
-0.5135
-0.5135
-0.5135
-0.5135
-0.5135
-0.5135
-0.5135
-0.5135
-0.5135
-0.5135
-0.5135
-0.5135
-0.5135
-0.5135
-0.5135
-0.5135
-0.5135
-0.5135
-0.5135
-0.5135
-0.5135
-0.5135
-0.5135
-0.5135
-0.5135
-0.5135
-0.5135
-0.5135
-0.5135
-0.5135
-0.5135
-0.5135
-0.5135
-0.5135
-0.5135
-0.5135
-0.5135
-0.5135
-0.5135
-0.5135
-0.5135
-0.5135
-0.5135
-0.5135
-0.5135
-0.5135
-0.5135
-0.5135
-0.5135
-0.5135
-0.5135
-0.5135
-0.5135
-0.5135
-0.5135
-0.5135
-0.5135
-0.5135
-0.5135
-0.5135
-0.5135
-0.5135
-0.5135
-0.5135
-0.5135
-0.5135
-0.5135
-0.5135
-0.5135
-0.5135
-0.5135
-0.5135
-0.5135
-0.5135
-0.5135
-0.5135
-0.5135
-0.5135
-0.5135
-0.5135
-0.5135
-0.5135
-0.5135
-0.5135
-0.5135
-0.5135
-0.5135
-0.5135
-0.5135
-0.5135
-0.5135
-0.5135
-0.5135
-0.5135
-0.5135
-0.5135
-0.5135
-0.5135
-0.5135
-0.5135
-0.5135
-0.5135
-0.5135
-0.5135
-0.5135
-0.5135
-0.5135
-0.5135
-0.5135
-0.5135
-0.5135
-0.5135
-0.5135
-0.5135
-0.5135
-0.5135
-0.5135
-0.5135
-0.5135
-0.5135
-0.5135
-0.5135
-0.5135
-0.5135
-0.5135
-0.5135
-0.5135
-0.5135
-0.5135
-0.5135
-0.5135
-0.5135
-0.5135
-0.5135
-0.5135
-0.5135
-0.5135
-0.5135
-0.5135
-0.5135
-0.5135
-0.5135
-0.5135
-0.5135
-0.5135
-0.5135
-0.5135
-0.5135
-0.5135
-0.5135
-0.5135
-0.5135
-0.5135
-0.5135
-0.5135
-0.5135
-0.5135
-0.5135
-0.5135
-0.5135
-0.5135
-0.5135
-0.5135
-0.5135
-0.5135
-0.5135
-0.5135
-0.5135
-0.5135
-0.5135
-0.5135
-0.5135
-0.5135
-0.5135
-0.5135
-0.5135
-0.5135
-0.5135
-0.5135
-0.5135
-0.5135
-0.5135
-0.5135
-0.5135
-0.5135
-0.5135
-0.5135
-0.5135
-0.5135
-0.5135
-0.5135
-0.5135
-0.5135
-0.5135
-0.5135
-0.5135
-0.5135
-0.5135
-0.5135
-0.5135
-0.5135
-0.5135
-0.5135
-0.5135
-0.5135
-0.5135
-0.5135
-0.5135
-0.5135
-0.5135
-0.5135
-0.5135
-0.5135
-0.5135
-0.5135
-0.5135
-0.5135
-0.5135
-0.5135
-0.5135
-0.5135
-0.5135
-0.5135
-0.5135
-0.5135
-0.5135
-0.5135
-0.5135
-0.5135
-0.5135
-0.5135
-0.5135
-0.5135
-0.5135
-0.5135
-0.5135
-0.5135
-0.5135
-0.5135
-0.5135
-0.5135
-0.5135
-0.5135
-0.5135
-0.5135
-0.5135
-0.5135
-0.5135
-0.5135
-0.5135
-0.5135
-0.5135
-0.5135
-0.5135
-0.5135
-0.5135
-0.5135
-0.5135
-0.5135
-0.5135
-0.5135
-0.5135
-0.5135
-0.5135
-0.5135
-0.5135
-0.5135
-0.5135
-0.5135
-0.5135
-0.5135
-0.5135
-0.5135
-0.5135
-0.5135
-0.5135
-0.5135
-0.5135
-0.5135
-0.5135
-0.5135
-0.5135
-0.5135
-0.5135
-0.5135
-0.5135
-0.5135
-0.5135
-0.5135
-0.5135
-0.5135
-0.5135
-0.5135
-0.5135
-0.5135
-0.5135
-0.5135
-0.5135
-0.5135
-0.5135
-0.5135
-0.5135
-0.5135
-0.5135
-0.5135
-0.5135
-0.5135
-0.5135
-0.5135
-0.5135
-0.5135
-0.5135
-0.5135
-0.5135
-0.5135
-0.5135
-0.5135
-0.5135
-0.5135
-0.5135
-0.5135
-0.5135
-0.5135
-0.5135
-0.5135
-0.5135
-0.5135
-0.5135
-0.5135
-0.5135
-0.5135
-0.5135
-0.5135
-0.5135
-0.5135
-0.5135
-0.5135
-0.5135
-0.5135
-0.5135
-0.5135
-0.5135
-0.5135
-0.5135
-0.5135
-0.5135
-0.5135
-0.5135
-0.5135
-0.5135
-0.5135
-0.5135
-0.5135
-0.5135
-0.5135
-0.5135
-0.5135
-0.5135
-0.5135
-0.5135
-0.5135
-0.5135
-0.5135
-0.5135
-0.5135
-0.5135
-0.5135
-0.5135
-0.5135
-0.5135
-0.5135
-0.5135
-0.5135
-0.5135
-0.5135
-0.5135
-0.5135
-0.5135
-0.5135
-0.5135
-0.5135
-0.5135
-0.5135
-0.5135
-0.5135
-0.5135
-0.5135
-0.5135
-0.5135
-0.5135
-0.5135
-0.5135
-0.5135
-0.5135
-0.5135
-0.5135
-0.5135
-0.5135
-0.5135
-0.5135
-0.5135
-0.5135
-0.5135
-0.5135
-0.5135
-0.5135
-0.5135
-0.5135
-0.5135
-0.5135
-0.5135
-0.5135
-0.5135
-0.5135
-0.5135
-0.5135
-0.5135
-0.5135
-0.5135
-0.5135
-0.5135
-0.5135
-0.5135
-0.5135
-0.5135
-0.5135
-0.5135
-0.5135
-0.5135
-0.5135
-0.5135
-0.5135
-0.5135
-0.5135
-0.5135
-0.5135
-0.5135
-0.5135
-0.5135
-0.5135
-0.5135
-0.5135
-0.5135
-0.5135
-0.5135
-0.5135
-0.5135
-0.5135
-0.5135
-0.5135
-0.5135
-0.5135
-0.5135
-0.5135
-0.5135
-0.5135
-0.5135
-0.5135
-0.5135
-0.5135
-0.5135
-0.5135
-0.5135
-0.5135
-0.5135
-0.5135
-0.5135
-0.5135
-0.5135
-0.5135
-0.5135
-0.5135
-0.5135
-0.5135
-0.5135
-0.5135
-0.5135
-0.5135
-0.5135
-0.5135
-0.5135
-0.5135
-0.5135
-0.5135
-0.5135
-0.5135
-0.5135
-0.5135
-0.5135
-0.5135
-0.5135
-0.5135
-0.5135
-0.5135
-0.5135
-0.5135
-0.5135
-0.5135
-0.5135
-0.5135
-0.5135
-0.5135
-0.5135
-0.5135
-0.5135
-0.5135
-0.5135
-0.5135
-0.5135
-0.5135
-0.5135
-0.5135
-0.5135
-0.5135
-0.5135
-0.5135
-0.5135
-0.5135
-0.5135
-0.5135
-0.5135
-0.5135
-0.5135
-0.5135
-0.5135
-0.5135
-0.5135
-0.5135
-0.5135
-0.5135
-0.5135
-0.5135
-0.5135
-0.5135
-0.5135
-0.5135
-0.5135
-0.5135
-0.5135
-0.5135
-0.5135
-0.5135
-0.5135
-0.5135
-0.5135
-0.5135
-0.5135
-0.5135
-0.5135
-0.5135
-0.5135
-0.5135
-0.5135
-0.5135
-0.5135
-0.5135
-0.5135
-0.5135
-0.5135
-0.5135
-0.5135
-0.5135
-0.5135
-0.5135
-0.5135
-0.5135
-0.5135
-0.5135
-0.5135
-0.5135
-0.5135
-0.5135
-0.5135
-0.5135
-0.5135
-0.5135
-0.5135
-0.5135
-0.5135
-0.5135
-0.5135
-0.5135
-0.5135
-0.5135
-0.5135
-0.5135
-0.5135
-0.5135
-0.5135
-0.5135
-0.5135
-0.5135
-0.5135
-0.5135
-0.5135
-0.5135
-0.5135
-0.5135
-0.5135
-0.5135
-0.5135
-0.5135
-0.5135
-0.5135
-0.5135
-0.5135
-0.5135
-0.5135
-0.5135
-0.5135
-0.5135
-0.5135
-0.5135
-0.5135
-0.5135
-0.5135
-0.5135
-0.5135
-0.5135
-0.5135
-0.5135
-0.5135
-0.5135
-0.5135
-0.5135
-0.5135
-0.5135
-0.5135
-0.5135
-0.5135
-0.5135
-0.5135
-0.5135
-0.5135
-0.5135
-0.5135
-0.5135
-0.5135
-0.5135
-0.5135
-0.5135
-0.5135
-0.5135
-0.5135
-0.5135
-0.5135
-0.5135
-0.5135
-0.5135
-0.5135
-0.5135
-0.5135
-0.5135
-0.5135
-0.5135
-0.5135
-0.5135
-0.5135
-0.5135
-0.5135
-0.5135
-0.5135
-0.5135
-0.5135
-0.5135
-0.5135
-0.5135
-0.5135
-0.5135
-0.5135
-0.5135
-0.5135
-0.5135
-0.5135
-0.5135
-0.5135
-0.5135
-0.5135
-0.5135
-0.5135
-0.5135
-0.5135
-0.5135
-0.5135
-0.5135
-0.5135
-0.5135
-0.5135
-0.5135
-0.5135
-0.5135
-0.5135
-0.5135
-0.5135
-0.5135
-0.5135
-0.5135
-0.5135
-0.5135
-0.5135
-0.5135
-0.5135
-0.5135
-0.5135
-0.5135
-0.5135
-0.5135
-0.5135
-0.5135
-0.5135
-0.5135
-0.5135
-0.5135
-0.5135
-0.5135
-0.5135
-0.5135
-0.5135
-0.5135
-0.5135
-0.5135
-0.5135
-0.5135
-0.5135
-0.5135
-0.5135
-0.5135
-0.5135
-0.5135
-0.5135
-0.5135
-0.5135
-0.5135
-0.5135
-0.5135
-0.5135
-0.5135
-0.5135
-0.5135
-0.5135
-0.5135
-0.5135
-0.5135
-0.5135
-0.5135
-0.5135
-0.5135
-0.5135
-0.5135
-0.5135
-0.5135
-0.5135
-0.5135
-0.5135
-0.5135
-0.5135
-0.5135
-0.5135
-0.5135
-0.5135
-0.5135
-0.5135
-0.5135
-0.5135
-0.5135
-0.5135
-0.5135
-0.5135
-0.5135
-0.5135
-0.5135
-0.5135
-0.5135
-0.5135
-0.5135
-0.5135
-0.5135
-0.5135
-0.5135
-0.5135
-0.5135
-0.5135
-0.5135
-0.5135
-0.5135
-0.5135
-0.5135
-0.5135
-0.5135
-0.5135
-0.5135
-0.5135
-0.5135
-0.5135
-0.5135
-0.5135
-0.5135
-0.5135
-0.5135
-0.5135
-0.5135
-0.5135
-0.5135
-0.5135
-0.5135
-0.5135
-0.5135
-0.5135
-0.5135
-0.5135
-0.5135
-0.5135
-0.5135
-0.5135
-0.5135
-0.5135
-0.5135
-0.5135
-0.5135
-0.5135
-0.5135
-0.5135
-0.5135
-0.5135
-0.5135
-0.5135
-0.5135
-0.5135
-0.5135
-0.5135
-0.5135
-0.5135
-0.5135
-0.5135
-0.5135
-0.5135
-0.5135
