1
1
1
1
1
1
1
1
1
1
1
1
1
1
1
1
1
1
1
1
1
1
1
1
1
1
1
1
1
1
1
1
1
1
1
1
1
1
1
1
1
1
1
1
1
1
1
1
1
1
1
1
1
1
1
1
1
1
1
1
1
1
1
1
1
1
1
1
1
1
1
1
1
1
1
1
1
1
1
1
1
1
1
1
1
1
1
1
1
1
1
1
1
1
1
1
1
1
1
1
1
1
1
1
1
1
1
1
1
1
1
1
1
1
1
1
1
1
1
1
1
1
1
1
1
1
1
1
1
1
1
1
1
1
1
1
1
1
1
1
1
1
1
1
1
1
1
1
1
1
1
1
1
1
1
1
1
1
1
1
1
1
1
1
1
1
1
1
1
1
1
1
1
1
1
1
1
1
1
1
1
1
1
1
1
1
1
1
1
1
1
1
1
1
1
1
1
1
1
1
1
1
1
1
1
1
1
1
1
1
1
1
1
1
1
1
1
1
1
1
1
1
1
1
1
1
1
1
1
1
1
1
1
1
1
1
1
1
1
1
1
1
1
1
1
1
1
1
1
1
1
1
1
1
1
1
1
1
1
1
1
1
1
1
1
1
1
1
1
1
1
1
1
1
1
1
1
1
1
1
1
1
1
1
1
1
1
1
1
1
1
1
1
1
1
1
1
1
1
1
1
1
1
1
1
1
1
1
1
1
1
1
1
1
1
1
1
1
1
1
1
1
1
1
1
1
1
1
1
1
1
1
1
1
1
1
1
1
1
1
1
1
1
1
1
1
1
1
1
1
1
1
1
1
1
1
1
1
1
1
1
1
1
1
1
1
1
1
1
1
1
1
1
1
1
1
1
1
1
1
1
1
1
1
1
1
1
1
1
1
1
1
1
1
1
1
1
1
1
1
1
1
1
1
1
1
1
1
1
1
1
1
1
1
1
1
1
1
1
1
1
1
1
1
1
1
1
1
1
1
1
1
1
1
1
1
1
1
1
1
1
1
1
1
1
1
1
1
1
1
1
1
1
1
1
1
1
1
1
1
1
1
1
1
1
1
1
1
1
1
1
1
1
1
1
1
1
1
1
1
1
1
1
1
1
1
1
1
1
1
1
1
1
1
1
1
1
1
1
1
1
1
1
1
1
1
1
1
1
1
1
1
1
1
1
1
1
1
1
1
1
1
1
1
1
1
1
1
1
1
1
1
1
1
1
1
1
1
1
1
1
1
1
1
1
1
1
1
1
1
1
1
1
1
1
1
1
1
1
1
1
1
1
1
1
1
1
1
1
1
1
1
1
1
1
1
1
1
1
1
1
1
1
1
1
1
1
1
1
1
1
1
1
1
1
1
1
1
1
1
1
1
1
1
1
1
1
1
1
1
1
1
1
1
1
1
1
1
1
1
1
1
1
1
1
1
1
1
1
1
1
1
1
1
1
1
1
1
1
1
1
1
1
1
1
1
1
1
1
1
1
1
1
1
1
1
1
1
1
1
1
1
1
1
1
1
1
1
1
1
1
1
1
1
1
1
1
1
1
1
1
1
1
1
1
1
1
1
1
1
1
1
1
1
1
1
1
1
1
1
1
1
1
1
1
1
1
1
1
1
1
1
1
1
1
1
1
1
1
1
1
1
1
1
1
1
1
1
1
1
1
1
1
1
1
1
1
1
1
1
1
1
1
1
1
1
1
1
1
1
1
1
1
1
1
1
1
1
1
1
1
1
1
1
1
1
1
1
1
1
1
1
1
1
1
1
1
1
1
1
1
1
1
1
1
1
1
1
1
1
1
1
1
1
1
1
1
1
1
1
1
1
1
1
1
1
1
1
1
1
1
1
1
1
1
1
1
1
1
1
1
1
1
1
1
1
1
1
1
1
1
1
1
1
1
1
1
1
1
1
1
1
1
1
1
1
1
1
1
1
1
1
1
1
1
1
1
1
1
1
1
1
1
1
1
1
1
1
1
1
1
1
1
1
1
1
1
1
1
1
1
1
1
1
1
1
1
1
1
1
1
1
1
1
1
1
1
1
1
1
1
1
1
1
1
1
1
1
1
1
1
1
1
1
1
1
1
1
1
1
1
1
1
1
1
1
1
1
1
1
1
1
1
1
1
1
1
1
1
1
1
1
1
1
1
1
1
1
1
1
1
1
1
1
1
1
1
1
1
1
1
1
1
1
1
1
1
1
1
1
1
1
1
1
1
1
1
1
1
1
1
1
1
1
1
1
1
1
1
1
1
1
1
1
1
1
1
1
1
1
1
1
1
1
1
1
1
1
1
1
1
1
1
1
1
1
1
1
1
1
1
1
1
1
1
1
1
1
1
1
1
1
1
1
1
1
1
1
1
1
1
1
1
1
1
1
1
1
1
1
1
1
1
1
1
1
1
1
1
1
1
1
1
1
1
1
1
1
1
1
1
1
1
1
1
1
1
1
1
1
1
1
1
1
1
1
1
1
1
1
1
1
1
1
1
1
1
1
1
1
1
1
1
1
1
1
1
1
1
1
1
1
1
1
1
1
1
1
1
1
1
1
1
1
1
1
1
1
1
1
1
1
1
1
1
1
1
1
1
1
1
1
1
1
1
1
1
1
1
1
1
1
1
1
1
1
1
1
1
1
1
1
1
1
1
1
1
1
1
1
1
1
1
1
1
1
1
1
1
1
1
1
1
1
1
1
1
1
1
1
1
1
1
1
1
1
1
1
1
1
1
1
1
1
1
1
1
1
1
1
1
1
1
1
1
1
1
1
1
1
1
1
1
1
1
1
1
1
1
1
1
1
1
1
1
1
1
1
1
1
1
1
1
1
1
1
1
1
1
1
1
1
1
1
1
1
1
1
1
1
1
1
1
1
1
1
1
1
1
1
1
1
1
1
1
1
1
1
1
1
1
1
1
1
1
1
1
1
1
1
1
1
1
1
1
1
1
1
1
1
1
1
1
1
1
1
1
1
1
1
1
1
1
1
1
1
1
1
1
1
1
1
1
1
1
1
1
1
1
1
1
1
1
1
1
1
1
1
1
1
1
1
1
1
1
1
1
1
1
1
1
1
1
1
1
1
1
1
1
1
1
1
1
1
1
1
1
1
1
1
1
1
1
1
1
1
1
1
1
1
1
1
1
1
1
1
1
1
1
1
1
1
1
1
1
1
1
1
1
1
1
1
1
1
1
1
1
1
1
1
1
1
1
1
1
1
1
1
1
1
1
1
1
1
1
1
1
1
1
1
1
1
1
1
1
1
1
1
1
1
1
1
1
1
1
1
1
1
1
1
1
1
1
1
1
1
1
1
1
1
1
1
1
1
1
1
1
1
1
1
1
1
1
1
1
1
1
1
1
1
1
1
1
1
1
1
1
1
1
1
1
1
1
1
1
1
1
1
1
1
1
1
1
1
1
1
1
1
1
1
1
1
1
1
1
1
1
1
1
1
1
1
1
1
1
1
1
1
1
1
1
1
1
1
1
1
1
1
1
1
1
1
1
1
1
1
1
1
1
1
1
1
1
1
1
1
1
1
1
1
1
1
1
1
1
1
1
1
1
1
1
1
1
1
1
1
1
1
1
1
1
1
1
1
1
1
1
1
1
1
1
1
1
1
1
1
1
1
1
1
1
1
1
1
1
1
1
1
1
1
1
1
1
1
1
1
1
1
1
1
1
1
1
1
1
1
1
1
1
1
1
1
1
1
1
1
1
1
1
1
1
1
1
1
1
1
1
1
1
1
1
1
1
1
1
1
1
1
1
1
1
1
1
1
1
1
1
1
1
1
1
1
1
1
1
1
1
1
1
1
1
1
1
1
1
1
1
1
1
1
1
1
1
1
1
1
1
1
1
1
1
1
1
1
1
1
1
1
1
1
1
1
1
1
1
1
1
1
1
1
1
1
1
1
1
1
1
1
1
1
1
1
1
1
1
1
1
1
1
1
1
1
1
1
1
1
1
1
1
1
1
1
1
1
1
1
1
1
1
1
1
1
1
1
1
1
1
1
1
1
1
1
1
1
1
1
1
1
1
1
1
1
1
1
1
1
1
1
1
1
1
1
1
1
1
1
1
1
1
1
1
1
1
1
1
1
1
1
1
1
1
1
1
1
1
1
1
1
1
1
1
1
1
1
1
1
1
1
1
1
1
1
1
1
1
1
1
1
1
1
1
1
1
1
1
1
1
1
1
1
1
1
1
1
1
1
1
1
1
1
1
1
1
1
1
1
1
1
1
1
1
1
1
1
1
1
1
1
1
1
1
1
1
1
1
1
1
1
1
1
1
1
1
1
1
1
1
1
1
1
1
1
1
1
1
1
1
1
1
1
1
1
1
1
1
1
1
1
1
1
1
1
1
1
1
1
1
1
1
1
1
1
1
1
1
1
1
1
1
1
1
1
1
1
1
1
1
1
1
1
1
1
1
1
1
1
1
1
1
1
1
1
1
1
1
1
1
1
1
1
1
1
1
1
1
1
1
1
1
1
1
1
1
1
1
1
1
1
1
1
1
1
1
1
1
1
1
1
1
1
1
1
1
1
1
1
1
1
1
1
1
1
1
1
1
1
1
1
1
1
1
1
1
1
1
1
1
1
1
1
1
1
1
1
1
1
1
1
1
1
1
1
1
1
1
1
1
1
1
1
1
1
1
1
1
1
1
1
1
1
1
1
1
1
1
1
1
1
1
1
1
1
1
1
1
1
1
1
1
1
1
1
1
1
1
1
1
1
1
1
1
1
1
1
1
1
1
1
1
1
1
1
1
1
1
1
1
1
1
1
1
1
1
1
1
1
1
1
1
1
1
1
1
1
1
1
1
1
1
1
1
1
1
1
1
1
1
1
1
1
1
1
1
1
1
1
1
1
1
1
1
1
1
1
1
1
1
1
1
1
1
1
1
1
1
1
1
1
1
1
1
1
1
1
1
1
1
1
1
1
1
1
1
1
1
1
1
1
1
1
1
1
1
1
1
1
1
1
1
1
1
1
1
1
1
1
1
1
1
1
1
1
1
1
1
1
1
1
1
1
1
1
1
1
1
1
1
1
1
1
1
1
1
1
1
1
1
1
1
1
1
1
1
1
1
1
1
1
1
1
1
1
1
1
1
1
1
1
1
1
1
1
1
1
1
1
1
1
1
1
1
1
1
1
1
1
1
1
1
1
1
1
1
1
1
1
1
1
1
1
1
1
1
1
1
1
1
1
1
1
1
1
1
1
1
1
1
1
1
1
1
1
1
1
1
1
1
1
1
1
1
1
1
1
1
1
1
1
1
1
1
1
1
1
1
1
1
1
1
1
1
1
1
1
1
1
1
1
1
1
1
1
1
1
1
1
1
1
1
1
1
1
1
1
1
1
1
1
1
1
1
1
1
1
1
1
1
1
1
1
1
1
1
1
1
1
1
1
1
1
1
1
1
1
1
1
1
1
1
1
1
1
1
1
1
1
1
1
1
1
1
1
1
1
1
1
1
1
1
1
1
1
1
1
1
1
1
1
1
1
1
1
1
1
1
1
1
1
1
1
1
1
1
1
1
1
1
1
1
1
1
1
1
1
1
1
1
1
1
1
1
1
1
1
1
1
1
1
1
1
1
1
1
1
1
1
1
1
1
1
1
1
1
1
1
1
1
1
1
1
1
1
1
1
1
1
1
1
1
1
1
1
1
1
1
1
1
1
1
1
1
1
1
1
1
1
1
1
1
1
1
1
1
1
1
1
1
1
1
1
1
1
1
1
1
1
1
1
1
1
1
1
1
1
1
1
1
1
1
1
1
1
1
1
1
1
1
1
1
1
1
1
1
1
1
1
1
1
1
1
1
1
1
1
1
1
1
1
1
1
1
1
1
1
1
1
1
1
1
1
1
1
1
1
1
1
1
1
1
1
1
1
1
1
1
1
1
1
1
1
1
1
1
1
1
1
1
1
1
1
1
1
1
1
1
1
1
1
1
1
1
1
1
1
1
1
1
1
1
1
1
1
1
1
1
1
1
1
1
1
1
1
1
1
1
1
1
1
1
1
1
1
1
1
1
1
1
1
1
1
1
1
1
1
1
1
1
1
1
1
1
1
1
1
1
1
1
1
1
1
1
1
1
1
1
1
1
1
1
1
1
1
1
1
1
1
1
1
1
1
1
1
1
1
1
1
1
1
1
1
1
1
1
1
1
1
1
1
1
1
1
1
1
1
1
1
1
1
1
1
1
1
1
1
1
1
1
1
1
1
1
1
1
1
1
1
1
1
1
1
1
1
1
1
1
1
1
1
1
1
1
1
1
1
1
1
1
1
1
1
1
1
1
1
1
1
1
1
1
1
1
1
1
1
1
1
1
1
1
1
1
1
1
1
1
1
1
1
1
1
1
1
1
1
1
1
1
1
1
1
1
1
1
1
1
1
1
1
1
1
1
1
1
1
1
1
1
1
1
1
1
1
1
1
1
1
1
1
1
1
1
1
1
1
1
1
1
1
1
1
1
1
1
1
1
1
1
1
1
1
1
1
1
1
1
1
1
1
1
1
1
1
1
1
1
1
1
1
1
1
1
1
1
1
1
1
1
1
1
1
1
1
1
1
1
1
1
1
1
1
1
1
1
1
1
1
1
1
1
1
1
1
1
1
1
1
1
1
1
1
1
1
1
1
1
1
1
1
1
1
1
1
1
1
1
1
1
1
1
1
1
1
1
1
1
1
1
1
1
1
1
1
1
1
1
1
1
1
1
1
1
1
1
1
1
1
1
1
1
1
1
1
1
1
1
1
1
1
1
1
1
1
1
1
1
1
1
1
1
1
1
1
1
1
1
1
1
1
1
1
1
1
1
1
1
1
1
1
1
1
1
1
1
1
1
1
1
1
1
1
1
1
1
1
1
1
1
1
1
1
1
1
1
1
1
1
1
1
1
1
1
1
1
1
1
1
1
1
1
1
1
1
1
1
1
1
1
1
1
1
1
1
1
1
1
1
1
1
1
1
1
1
1
1
1
1
1
1
1
1
1
1
1
1
1
1
1
1
1
1
1
1
1
1
1
1
1
1
1
1
1
1
1
1
1
1
1
1
1
1
1
1
1
1
1
1
1
1
1
1
1
1
1
1
1
1
1
1
1
1
1
1
1
1
1
1
1
1
1
1
1
1
1
1
1
1
1
1
1
1
1
1
1
1
1
1
1
1
1
1
1
1
1
1
1
1
1
1
1
1
1
1
1
1
1
1
1
1
1
1
1
1
1
1
1
1
1
1
1
1
1
1
1
1
1
1
1
1
1
1
1
1
1
1
1
1
1
1
1
1
1
1
1
1
1
1
1
1
1
1
1
1
1
1
1
1
1
1
1
1
1
1
1
1
1
1
1
1
1
1
1
1
1
1
1
1
1
1
1
1
1
1
1
1
1
1
1
1
1
1
1
1
1
1
1
1
1
1
1
1
1
1
1
1
1
1
1
1
1
1
1
1
1
1
1
1
1
1
1
1
1
1
1
1
1
1
1
1
1
1
1
1
1
1
1
1
1
1
1
1
1
1
1
1
1
1
1
1
1
1
1
1
1
1
1
1
1
1
1
1
1
1
1
1
1
1
1
1
1
1
1
1
1
1
1
1
1
1
1
1
1
1
1
1
1
1
1
1
1
1
1
1
1
1
1
1
1
1
1
1
1
1
1
1
1
1
1
1
1
1
1
1
1
1
1
1
1
1
1
1
1
1
1
1
1
1
1
1
1
1
1
1
1
1
1
1
1
1
1
1
1
1
1
1
1
1
1
1
1
1
1
1
1
1
1
1
1
1
1
1
1
1
1
1
1
1
1
1
1
1
1
1
1
1
1
1
1
1
1
1
1
1
1
1
1
1
1
1
1
1
1
1
1
1
1
1
1
1
1
1
1
1
1
1
1
1
1
1
1
1
1
1
1
1
1
1
1
1
1
1
1
1
1
1
1
1
1
1
1
1
1
1
1
1
1
1
1
1
1
1
1
1
1
1
1
1
1
1
1
1
1
1
1
1
1
1
1
1
1
1
1
1
1
1
1
1
1
1
1
1
1
1
1
1
1
1
1
1
1
1
1
1
1
1
1
1
1
1
1
1
1
1
1
1
1
1
1
1
1
1
1
1
1
1
1
1
1
1
1
1
1
1
1
1
1
1
1
1
1
1
1
1
1
1
1
1
1
1
1
1
1
1
1
1
1
1
1
1
1
1
1
1
1
1
1
1
1
1
1
1
1
1
1
1
1
1
1
1
1
1
1
1
1
1
1
1
1
1
1
1
1
1
1
1
1
1
1
1
1
1
1
1
1
1
1
1
1
1
1
1
1
1
1
1
1
1
1
1
1
1
1
1
1
1
1
1
1
1
1
1
1
1
1
1
1
1
1
1
1
1
1
1
1
1
1
1
1
1
1
1
1
1
1
1
1
1
1
1
1
1
1
1
1
1
1
1
1
1
1
1
1
1
1
1
1
1
1
1
1
1
1
1
1
1
1
1
1
1
1
1
1
1
1
1
1
1
1
1
1
1
1
1
1
1
1
1
1
1
1
1
1
1
1
1
1
1
1
1
1
1
1
1
1
1
1
1
1
1
1
1
1
1
1
1
1
1
1
1
1
1
1
1
1
1
1
1
1
1
1
1
1
1
1
1
1
1
1
1
1
1
1
1
1
1
1
1
1
1
1
1
1
1
1
1
1
1
1
1
1
1
1
1
1
1
1
1
1
1
1
1
1
1
1
1
1
1
1
1
1
1
1
1
1
1
1
1
1
1
1
1
1
1
1
1
1
1
1
1
1
1
1
1
1
1
1
1
1
1
1
1
1
1
1
1
1
1
1
1
1
1
1
1
1
1
1
1
1
1
1
1
1
1
1
1
1
1
1
1
1
1
1
1
1
1
1
1
1
1
1
1
1
1
1
1
1
1
1
1
1
1
1
1
1
1
1
1
1
1
1
1
1
1
1
1
1
1
1
1
1
1
1
1
1
1
1
1
1
1
1
1
1
1
1
1
1
1
1
1
1
1
1
1
1
1
1
1
1
1
1
1
1
1
1
1
1
1
1
1
1
1
1
1
1
1
1
1
1
1
1
1
1
1
1
1
1
1
1
1
1
1
1
1
1
1
1
1
1
1
1
1
1
1
1
1
1
1
1
1
1
1
1
1
1
1
1
1
1
1
1
1
1
1
1
1
1
1
1
1
1
1
1
1
1
1
1
1
1
1
1
1
1
1
1
1
1
1
1
1
1
1
1
1
1
1
1
1
1
1
1
1
1
1
1
1
1
1
1
1
1
1
1
1
1
1
1
1
1
1
1
1
1
1
1
1
1
1
1
1
1
1
1
1
1
1
1
1
1
1
1
1
1
1
1
1
1
1
1
1
1
1
1
1
1
1
1
1
1
1
1
1
1
1
1
1
1
1
1
1
1
1
1
1
1
1
1
1
1
1
1
1
1
1
1
1
1
1
1
1
1
1
1
1
1
1
1
1
1
1
1
1
1
1
1
1
1
1
1
1
1
1
1
1
1
1
1
1
1
1
1
1
1
1
1
1
1
1
1
1
1
1
1
1
1
1
1
1
1
1
1
1
1
1
1
1
1
1
1
1
1
1
1
1
1
1
1
1
1
1
1
1
1
1
1
1
1
1
1
1
1
1
1
1
1
1
1
1
1
1
1
1
1
1
1
1
1
1
1
1
1
1
1
1
1
1
1
1
1
1
1
1
1
1
1
1
1
1
1
1
1
1
1
1
1
1
1
1
1
1
1
1
1
1
1
1
1
1
1
1
1
1
1
1
1
1
1
1
1
1
1
1
1
1
1
1
1
1
1
1
1
1
1
1
1
1
1
1
1
1
1
1
1
1
1
1
1
1
1
1
1
1
1
1
1
1
1
1
1
1
1
1
1
1
1
1
1
1
1
1
1
1
1
1
1
1
1
1
1
1
1
1
1
1
1
1
1
1
1
1
1
1
1
1
1
1
1
1
1
1
1
1
1
1
1
1
1
1
1
1
1
1
1
1
1
1
1
1
1
1
1
1
1
1
1
1
1
1
1
1
1
1
1
1
1
1
1
1
1
1
1
1
1
1
1
1
1
1
1
1
1
1
1
1
1
1
1
1
1
1
1
1
1
1
1
1
1
1
1
1
1
1
1
1
1
1
1
1
1
1
1
1
1
1
1
1
1
1
1
1
1
1
1
1
1
1
1
1
1
1
1
1
1
1
1
1
1
1
1
1
1
1
1
1
1
1
1
1
1
1
1
1
1
1
1
1
1
1
1
1
1
1
1
1
1
1
1
1
1
1
1
1
1
1
1
1
1
1
1
1
1
1
1
1
1
1
1
1
1
1
1
1
1
1
1
1
1
1
1
1
1
1
1
1
1
1
1
1
1
1
1
1
1
1
1
1
1
1
1
1
1
1
1
1
1
1
1
1
1
1
1
1
1
1
1
1
1
1
1
1
1
1
1
1
1
1
1
1
1
1
1
1
1
1
1
1
1
1
1
1
1
1
1
1
1
1
1
1
1
1
1
1
1
1
1
1
1
1
1
1
1
1
1
1
1
1
1
1
1
1
1
1
1
1
1
1
1
1
1
1
1
1
1
1
1
1
1
1
1
1
1
1
1
1
1
1
1
1
1
1
1
1
1
1
1
1
1
1
1
1
1
1
1
1
1
1
1
1
1
1
1
1
1
1
1
1
1
1
1
1
1
1
1
1
1
1
1
1
1
1
1
1
1
1
1
1
1
1
1
1
1
1
1
1
1
1
1
1
1
1
1
1
1
1
1
1
1
1
1
1
1
1
1
1
1
1
1
1
1
1
1
1
1
1
1
1
1
1
1
1
1
1
1
1
1
1
1
1
1
1
1
1
1
1
1
1
1
1
1
1
1
1
1
1
1
1
1
1
1
1
1
1
1
1
1
1
1
1
1
1
1
1
1
1
1
1
1
1
1
1
1
1
1
1
1
1
1
1
1
1
1
1
1
1
1
1
1
1
1
1
1
1
1
1
1
1
1
1
1
1
1
1
1
1
1
1
1
1
1
1
1
1
1
1
1
1
1
1
1
1
1
1
1
1
1
1
1
1
1
1
1
1
1
1
1
1
1
1
1
1
1
1
1
1
1
1
1
1
1
1
1
1
1
1
1
1
1
1
1
1
1
1
1
1
1
1
1
1
1
1
1
1
1
1
1
1
1
1
1
1
1
1
1
1
1
1
1
1
1
1
1
1
1
1
1
1
1
1
1
1
1
1
1
1
1
1
1
1
1
1
1
1
1
1
1
1
1
1
1
1
1
1
1
1
1
1
1
1
1
1
1
1
1
1
1
1
1
1
1
1
1
1
1
1
1
1
1
1
1
1
1
1
1
1
1
1
1
1
1
1
1
1
1
1
1
1
1
1
1
1
1
1
1
1
1
1
1
1
1
1
1
1
1
1
1
1
1
1
1
1
1
1
1
1
1
1
1
1
1
1
1
1
1
1
1
1
1
1
1
1
1
1
1
1
1
1
1
1
1
1
1
1
1
1
1
1
1
1
1
1
1
1
1
1
1
1
1
1
1
1
1
1
1
1
1
1
1
1
1
1
1
1
1
1
1
1
1
1
1
1
1
1
1
1
1
1
1
1
1
1
1
1
1
1
1
1
1
1
1
1
1
1
1
1
1
1
1
1
1
1
1
1
1
1
1
1
1
1
1
1
1
1
1
1
1
1
1
1
1
1
1
1
1
1
1
1
1
1
1
1
1
1
1
1
1
1
1
1
1
1
1
1
1
1
1
1
1
1
1
1
1
1
1
1
1
1
1
1
1
1
1
1
1
1
1
1
1
1
1
1
1
1
1
1
1
1
1
1
1
1
1
1
1
1
1
1
1
1
1
1
1
1
1
1
1
1
1
1
1
1
1
1
1
1
1
1
1
1
1
1
1
1
1
1
1
1
1
1
1
1
1
1
1
1
1
1
1
1
1
1
1
1
1
1
1
1
1
1
1
1
1
1
1
1
1
1
1
1
1
1
1
1
1
1
1
1
1
1
1
1
1
1
1
1
1
1
1
1
1
1
1
1
1
1
1
1
1
1
1
1
1
1
1
1
1
1
1
1
1
1
1
1
1
1
1
1
1
1
1
1
1
1
1
1
1
1
1
1
1
1
1
1
1
1
1
1
1
1
1
1
1
1
1
1
1
1
1
1
1
1
1
1
1
1
1
1
1
1
1
1
1
1
1
1
1
1
1
1
1
1
1
1
1
1
1
1
1
1
1
1
1
1
1
1
1
1
1
1
1
1
1
1
1
1
1
1
1
1
1
1
1
1
1
1
1
1
1
1
1
1
1
1
1
1
1
1
1
1
1
1
1
1
1
1
1
1
1
1
1
1
1
1
1
1
1
1
1
1
1
1
1
1
1
1
1
1
1
1
1
1
1
1
1
1
1
1
1
1
1
1
1
1
1
1
1
1
1
1
1
1
1
1
1
1
1
1
1
1
1
1
1
1
1
1
1
1
1
1
1
1
1
1
1
1
1
1
1
1
1
1
1
1
1
1
1
1
1
1
1
1
1
1
1
1
1
1
1
1
1
1
1
1
1
1
1
1
1
1
1
1
1
1
1
1
1
1
1
1
1
1
1
1
1
1
1
1
1
1
1
1
1
1
1
1
1
1
1
1
1
1
1
1
1
1
1
1
1
1
1
1
1
1
1
1
1
1
1
1
1
1
1
1
1
1
1
1
1
1
1
1
1
1
1
1
1
1
1
1
1
1
1
1
1
1
1
1
1
1
1
1
1
1
1
1
1
1
1
1
1
1
1
1
1
1
1
1
1
1
1
1
1
1
1
1
1
1
1
1
1
1
1
1
1
1
1
1
1
1
1
1
1
1
1
1
1
1
1
1
1
1
1
1
1
1
1
1
1
1
1
1
1
1
1
1
1
1
1
1
1
1
1
1
1
1
1
1
1
1
1
1
1
1
1
1
1
1
1
1
1
1
1
1
1
1
1
1
1
1
1
1
1
1
1
1
1
1
1
1
1
1
1
1
1
1
1
1
1
1
1
1
1
1
1
1
1
1
1
1
1
1
1
1
1
1
1
1
1
1
1
1
1
1
1
1
1
1
1
1
1
1
1
1
1
1
1
1
1
1
1
1
1
1
1
1
1
1
1
1
1
1
1
1
1
1
1
1
1
1
1
1
1
1
1
1
1
1
1
1
1
1
1
1
1
1
1
1
1
1
1
1
1
1
1
1
1
1
1
1
1
1
1
1
1
1
1
1
1
1
1
1
1
1
1
1
1
1
1
1
1
1
1
1
1
1
1
1
1
1
1
1
1
1
1
1
1
1
1
1
1
1
1
1
1
1
1
1
1
1
1
1
1
1
1
1
1
1
1
1
1
1
1
1
1
1
1
1
1
1
1
1
1
1
1
1
1
1
1
1
1
1
1
1
1
1
1
1
1
1
1
1
1
1
1
1
1
1
1
1
1
1
1
1
1
1
1
1
1
1
1
1
1
1
1
1
1
1
1
1
1
1
1
1
1
1
1
1
1
1
1
1
1
1
1
1
1
1
1
1
1
1
1
1
1
1
1
1
1
1
1
1
1
1
1
1
1
1
1
1
1
1
1
1
1
1
1
1
1
1
1
1
1
1
1
1
1
1
1
1
1
1
1
1
1
1
1
1
1
1
1
1
1
1
1
1
1
1
1
1
1
1
1
1
1
1
1
1
1
1
1
1
1
1
1
1
1
1
1
1
1
1
1
1
1
1
1
1
1
1
1
1
1
1
1
1
1
1
1
1
1
1
1
1
1
1
1
1
1
1
1
1
1
1
1
1
1
1
1
1
1
1
1
1
1
1
1
1
1
1
1
1
1
1
1
1
1
1
1
1
1
1
1
1
1
1
1
1
1
1
1
1
1
1
1
1
1
1
1
1
1
1
1
1
1
1
1
1
1
1
1
1
1
1
1
1
1
1
1
1
1
1
1
1
1
1
1
1
1
1
1
1
1
1
1
1
1
1
1
1
1
1
1
1
1
1
1
1
1
1
1
1
1
1
1
1
1
1
1
1
1
1
1
1
1
1
1
1
1
1
1
1
1
1
1
1
1
1
1
1
1
1
1
1
1
1
1
1
1
1
1
1
1
1
1
1
1
1
1
1
1
1
1
1
1
1
1
1
1
1
1
1
1
1
1
1
1
1
1
1
1
1
1
1
1
1
1
1
1
1
1
1
1
1
1
1
1
1
1
1
1
1
1
1
1
1
1
1
1
1
1
1
1
1
1
1
1
1
1
1
1
1
1
1
1
1
1
1
1
1
1
1
1
1
1
1
1
1
1
1
1
1
1
1
1
1
1
1
1
1
1
1
1
1
1
1
1
1
1
1
1
1
1
1
1
1
1
1
1
1
1
1
1
1
1
1
1
1
1
1
1
1
1
1
1
1
1
1
1
1
1
1
1
1
1
1
1
1
1
1
1
1
1
1
1
1
1
1
1
1
1
1
1
1
1
1
1
1
1
1
1
1
1
1
1
1
1
1
1
1
1
1
1
1
1
1
1
1
1
1
1
1
1
1
1
1
1
1
1
1
1
1
1
1
1
1
1
1
1
1
1
1
1
1
1
1
1
1
1
1
1
1
1
1
1
1
1
1
1
1
1
1
1
1
1
1
1
1
1
1
1
1
1
1
1
1
1
1
1
1
1
1
1
1
1
1
1
1
1
1
1
1
1
1
1
1
1
1
1
1
1
1
1
1
1
1
1
1
1
1
1
1
1
1
1
1
1
1
1
1
1
1
1
1
1
1
1
1
1
1
1
1
1
1
1
1
1
1
1
1
1
1
1
1
1
1
1
1
1
1
1
1
1
1
1
1
1
1
1
1
1
1
1
1
1
1
1
1
1
1
1
1
1
1
1
1
1
1
1
1
1
1
1
1
1
1
1
1
1
1
1
1
1
1
1
1
1
1
1
1
1
1
1
1
1
1
1
1
1
1
1
1
1
1
1
1
1
1
1
1
1
1
1
1
1
1
1
1
1
1
1
1
1
1
1
1
1
1
1
1
1
1
1
1
1
1
1
1
1
1
1
1
1
1
1
1
1
1
1
1
1
1
1
1
1
1
1
1
1
1
1
1
1
1
1
1
1
1
1
1
1
1
1
1
1
1
1
1
1
1
1
1
1
1
1
1
1
1
1
1
1
1
1
1
1
1
1
1
1
1
1
1
1
1
1
1
1
1
1
1
1
1
1
1
1
1
1
1
1
1
1
1
1
1
1
1
1
1
1
1
1
1
1
1
1
1
1
1
1
1
1
1
1
1
1
1
1
1
1
1
1
1
1
1
1
1
1
1
1
1
1
1
1
1
1
1
1
1
1
1
1
1
1
1
1
1
1
1
1
1
1
1
1
1
1
1
1
1
1
1
1
1
1
1
1
1
1
1
1
1
1
1
1
1
1
1
1
1
1
1
1
1
1
1
1
1
1
1
1
1
1
1
1
1
1
1
1
1
1
1
1
1
1
1
1
1
1
1
1
1
1
1
1
1
1
1
1
1
1
1
1
1
1
1
1
1
1
1
1
1
1
1
1
1
1
1
1
1
1
1
1
1
1
1
1
1
1
1
1
1
1
1
1
1
1
1
1
1
1
1
1
1
1
1
1
1
1
1
1
1
1
1
1
1
1
1
1
1
1
1
1
1
1
1
1
1
1
1
1
1
1
1
1
1
1
1
1
1
1
1
1
1
1
1
1
1
1
1
1
1
1
1
1
1
1
1
1
1
1
1
1
1
1
1
1
1
1
1
1
1
1
1
1
1
1
1
1
1
1
1
1
1
1
1
1
1
1
1
1
1
1
1
1
1
1
1
1
1
1
1
1
1
1
1
1
1
1
1
1
1
1
1
1
1
1
1
1
1
1
1
1
1
1
1
1
1
1
1
1
1
1
1
1
1
1
1
1
1
1
1
1
1
1
1
1
1
1
1
1
1
1
1
1
1
1
1
1
1
1
1
1
1
1
1
1
1
1
1
1
1
1
1
1
1
1
1
1
1
1
1
1
1
1
1
1
1
1
1
1
1
1
1
1
1
1
1
1
1
1
1
1
1
1
1
1
1
1
1
1
1
1
1
1
1
1
1
1
1
1
1
1
1
1
1
1
1
1
1
1
1
1
1
1
1
1
1
1
1
1
1
1
1
1
1
1
1
1
1
1
1
1
1
1
1
1
1
1
1
1
1
1
1
1
1
1
1
1
1
1
1
1
1
1
1
1
1
1
1
1
1
1
1
1
1
1
1
1
1
1
1
1
1
1
1
1
1
1
1
1
1
1
1
1
1
1
1
1
1
1
1
1
1
1
1
1
1
1
1
1
1
1
1
1
1
1
1
1
1
1
1
1
1
1
1
1
1
1
1
1
1
1
1
1
1
1
1
1
1
1
1
1
1
1
1
1
1
1
1
1
1
1
1
1
1
1
1
1
1
1
1
1
1
1
1
1
1
1
1
1
1
1
1
1
1
1
1
1
1
1
1
1
1
1
1
1
1
1
1
1
1
1
1
1
1
1
1
1
1
1
1
1
1
1
1
1
1
1
1
1
1
1
1
1
1
1
1
1
1
1
1
1
1
1
1
1
1
1
1
1
1
1
1
1
1
1
1
1
1
1
1
1
1
1
1
1
1
1
1
1
1
1
1
1
1
1
1
1
1
1
1
1
1
1
1
1
1
1
1
1
1
1
1
1
1
1
1
1
1
1
1
1
1
1
1
1
1
1
1
1
1
1
1
1
1
1
1
1
1
1
1
1
1
1
1
1
1
1
1
1
1
1
1
1
1
1
1
1
1
1
1
1
1
1
1
1
1
1
1
1
1
1
1
1
1
1
1
1
1
1
1
1
1
1
1
1
1
1
1
1
1
1
1
1
1
1
1
1
1
1
1
1
1
1
1
1
1
1
1
1
1
1
1
1
1
1
1
1
1
1
1
1
1
1
1
1
1
1
1
1
1
1
1
1
1
1
1
1
1
1
1
1
1
1
1
1
1
1
1
1
1
1
1
1
1
1
1
1
1
1
1
1
1
1
1
1
1
1
1
1
1
1
1
1
1
1
1
1
1
1
1
1
1
1
1
1
1
1
1
1
1
1
1
1
1
1
1
1
1
1
1
1
1
1
1
1
1
1
1
1
1
1
1
1
1
1
1
1
1
1
1
1
1
1
1
1
1
1
1
1
1
1
1
1
1
1
1
1
1
1
1
1
1
1
1
1
1
1
1
1
1
1
1
1
1
1
1
1
1
1
1
1
1
1
1
1
1
1
1
1
1
1
1
1
1
1
1
1
1
1
1
1
1
1
1
1
1
1
1
1
1
1
1
1
1
1
1
1
1
1
1
1
1
1
1
1
1
1
1
1
1
1
1
1
1
1
1
1
1
1
1
1
1
1
1
1
1
1
1
1
1
1
1
1
1
1
1
1
1
1
1
1
1
1
1
1
1
1
1
1
1
1
1
1
1
1
1
1
1
1
1
1
1
1
1
1
1
1
1
1
1
1
1
1
1
1
1
1
1
1
1
1
1
1
1
1
1
1
1
1
1
1
1
1
1
1
1
1
1
1
1
1
1
1
1
1
1
1
1
1
1
1
1
1
1
1
1
1
1
1
1
1
1
1
1
1
1
1
1
1
1
1
1
1
1
1
1
1
1
1
1
1
1
1
1
1
1
1
1
1
1
1
1
1
1
1
1
1
1
1
1
1
1
1
1
1
1
1
1
1
1
1
1
1
1
1
1
1
1
1
1
1
1
1
1
1
1
1
1
1
1
1
1
1
1
1
1
1
1
1
1
1
1
1
1
1
1
1
1
1
1
1
1
1
1
1
1
1
1
1
1
1
1
1
1
1
1
1
1
1
1
1
1
1
1
1
1
1
1
1
1
1
1
1
1
1
1
1
1
1
1
1
1
1
1
1
1
1
1
1
1
1
1
1
1
1
1
1
1
1
1
1
1
1
1
1
1
1
1
1
1
1
1
1
1
1
1
1
1
1
1
1
1
1
1
1
1
1
1
1
1
1
1
1
1
1
1
1
1
1
1
1
1
1
1
1
1
1
1
1
1
1
1
1
1
1
1
1
1
1
1
1
1
1
1
1
1
1
1
1
1
1
1
1
1
1
1
1
1
1
1
1
1
1
1
1
1
1
1
1
1
1
1
1
1
1
1
1
1
1
1
1
1
1
1
1
1
1
1
1
1
1
1
1
1
1
1
1
1
1
1
1
1
1
1
1
1
1
1
1
1
1
1
1
1
1
1
1
1
1
1
1
1
1
1
1
1
1
1
1
1
1
1
1
1
1
1
1
1
1
1
1
1
1
1
1
1
1
1
1
1
1
1
1
1
1
1
1
1
1
1
1
1
1
1
1
1
1
1
1
1
1
1
1
1
1
1
1
1
1
1
1
1
1
1
1
1
1
1
1
1
1
1
1
1
1
1
1
1
1
1
1
1
1
1
1
1
1
1
1
1
1
1
1
1
1
1
1
1
1
1
1
1
1
1
1
1
1
1
1
1
1
1
1
1
1
1
1
1
1
1
1
1
1
1
1
1
1
1
1
1
1
1
1
1
1
1
1
1
1
1
1
1
1
1
1
1
1
1
1
1
1
1
1
1
1
1
1
1
1
1
1
1
1
1
1
1
1
1
1
1
1
1
1
1
1
1
1
1
1
1
1
1
1
1
1
1
1
1
1
1
1
1
1
1
1
1
1
1
1
1
1
1
1
1
1
1
1
1
1
1
1
1
1
1
1
1
1
1
1
1
1
1
1
0.999999
0.999999
0.999999
0.999999
0.999999
0.999999
0.999999
0.999999
0.999999
0.999999
0.999999
0.999999
0.999999
0.999999
0.999999
0.999999
0.999999
0.999999
0.999999
0.999999
0.999999
0.999999
0.999999
0.999999
0.999999
0.999999
0.999999
0.999999
0.999999
0.999999
0.999999
0.999999
0.999999
0.999999
0.999999
0.999999
0.999999
0.999999
0.999999
0.999999
0.999999
0.999998
0.999998
0.999998
0.999998
0.999998
0.999998
0.999998
0.999998
0.999998
0.999998
0.999998
0.999998
0.999998
0.999998
0.999998
0.999998
0.999998
0.999998
0.999998
0.999998
0.999997
0.999997
0.999997
0.999997
0.999997
0.999997
0.999997
0.999997
0.999997
0.999997
0.999997
0.999997
0.999996
0.999996
0.999996
0.999996
0.999996
0.999996
0.999996
0.999996
0.999996
0.999996
0.999995
0.999995
0.999995
0.999995
0.999995
0.999995
0.999995
0.999994
0.999994
0.999994
0.999994
0.999994
0.999994
0.999993
0.999993
0.999993
0.999993
0.999993
0.999993
0.999992
0.999992
0.999992
0.999992
0.999991
0.999991
0.999991
0.999991
0.999991
0.99999
0.99999
0.99999
0.999989
0.999989
0.999989
0.999989
0.999988
0.999988
0.999988
0.999987
0.999987
0.999987
0.999986
0.999986
0.999985
0.999985
0.999985
0.999984
0.999984
0.999983
0.999983
0.999983
0.999982
0.999982
0.999981
0.999981
0.99998
0.999979
0.999979
0.999978
0.999978
0.999977
0.999977
0.999976
0.999975
0.999975
0.999974
0.999973
0.999972
0.999972
0.999971
0.99997
0.999969
0.999969
0.999968
0.999967
0.999966
0.999965
0.999964
0.999963
0.999962
0.999961
0.99996
0.999959
0.999958
0.999957
0.999956
0.999954
0.999953
0.999952
0.99995
0.999949
0.999948
0.999946
0.999945
0.999943
0.999942
0.99994
0.999939
0.999937
0.999935
0.999934
0.999932
0.99993
0.999928
0.999926
0.999924
0.999922
0.99992
0.999918
0.999916
0.999913
0.999911
0.999909
0.999906
0.999904
0.999901
0.999898
0.999896
0.999893
0.99989
0.999887
0.999884
0.999881
0.999877
0.999874
0.999871
0.999867
0.999864
0.99986
0.999856
0.999852
0.999848
0.999844
0.99984
0.999836
0.999831
0.999827
0.999822
0.999817
0.999812
0.999807
0.999802
0.999797
0.999791
0.999785
0.99978
0.999774
0.999768
0.999761
0.999755
0.999748
0.999741
0.999734
0.999727
0.99972
0.999712
0.999705
0.999697
0.999688
0.99968
0.999671
0.999662
0.999653
0.999644
0.999634
0.999624
0.999614
0.999604
0.999593
0.999582
0.999571
0.999559
0.999547
0.999535
0.999523
0.99951
0.999496
0.999483
0.999469
0.999455
0.99944
0.999425
0.999409
0.999393
0.999377
0.99936
0.999343
0.999325
0.999307
0.999288
0.999269
0.999249
0.999229
0.999208
0.999186
0.999165
0.999142
0.999119
0.999095
0.999071
0.999045
0.99902
0.998993
0.998966
0.998938
0.998909
0.99888
0.99885
0.998819
0.998787
0.998754
0.99872
0.998686
0.99865
0.998614
0.998577
0.998538
0.998499
0.998458
0.998417
0.998374
0.99833
0.998285
0.998239
0.998191
0.998143
0.998092
0.998041
0.997988
0.997934
0.997878
0.997821
0.997762
0.997702
0.99764
0.997576
0.997511
0.997444
0.997375
0.997304
0.997231
0.997157
0.99708
0.997002
0.996921
0.996838
0.996753
0.996665
0.996575
0.996483
0.996388
0.996291
0.996191
0.996089
0.995984
0.995875
0.995764
0.99565
0.995533
0.995413
0.99529
0.995163
0.995033
0.9949
0.994763
0.994622
0.994477
0.994329
0.994176
0.99402
0.993859
0.993694
0.993525
0.993351
0.993173
0.99299
0.992802
0.992608
0.99241
0.992207
0.991998
0.991783
0.991563
0.991337
0.991105
0.990867
0.990622
0.990371
0.990114
0.989849
0.989578
0.989299
0.989013
0.988719
0.988418
0.988109
0.987791
0.987466
0.987131
0.986788
0.986436
0.986074
0.985703
0.985323
0.984932
0.984531
0.98412
0.983698
0.983264
0.98282
0.982364
0.981896
0.981415
0.980923
0.980417
0.979899
0.979367
0.978821
0.978261
0.977687
0.977097
0.976493
0.975873
0.975237
0.974585
0.973916
0.97323
0.972526
0.971805
0.971065
0.970306
0.969528
0.96873
0.967912
0.967074
0.966214
0.965332
0.964429
0.963503
0.962553
0.96158
0.960583
0.95956
0.958513
0.957439
0.956339
0.955212
0.954058
0.952874
0.951662
0.950421
0.949149
0.947846
0.946512
0.945146
0.943747
0.942315
0.940848
0.939346
0.937809
0.936235
0.934625
0.932976
0.931289
0.929563
0.927797
0.92599
0.924142
0.922251
0.920317
0.91834
0.916318
0.91425
0.912136
0.909975
0.907767
0.90551
0.903203
0.900847
0.898439
0.89598
0.893468
0.890903
0.888284
0.88561
0.882881
0.880095
0.877253
0.874352
0.871393
0.868375
0.865297
0.862158
0.858959
0.855697
0.852373
0.848986
0.845535
0.84202
0.83844
0.834795
0.831085
0.827308
0.823465
0.819555
0.815577
0.811533
0.80742
0.80324
0.798991
0.794674
0.790289
0.785835
0.781313
0.776722
0.772064
0.767337
0.762542
0.75768
0.75275
0.747754
0.742691
0.737562
0.732367
0.727108
0.721785
0.716399
0.71095
0.705439
0.699867
0.694236
0.688547
0.682799
0.676996
0.671137
0.665225
0.65926
0.653245
0.64718
0.641067
0.634909
0.628705
0.622459
0.616172
0.609846
0.603483
0.597085
0.590653
0.584191
0.577699
0.57118
0.564636
0.55807
0.551484
0.544879
0.538258
0.531624
0.524979
0.518325
0.511665
0.505
0.498333
0.491667
0.485004
0.478347
0.471697
0.465057
0.45843
0.451817
0.445221
0.438644
0.432089
0.425557
0.419052
0.412574
0.406127
0.399712
0.393331
0.386986
0.380679
0.374412
0.368188
0.362006
0.35587
0.349781
0.343741
0.337751
0.331812
0.325927
0.320095
0.31432
0.308601
0.302941
0.297339
0.291798
0.286318
0.2809
0.275545
0.270254
0.265027
0.259866
0.25477
0.24974
0.244777
0.239881
0.235052
0.230291
0.225599
0.220974
0.216418
0.21193
0.20751
0.203159
0.198876
0.194662
0.190515
0.186436
0.182426
0.178482
0.174605
0.170795
0.167052
0.163374
0.159762
0.156215
0.152732
0.149313
0.145957
0.142665
0.139434
0.136265
0.133156
0.130108
0.12712
0.12419
0.121319
0.118505
0.115747
0.113046
0.1104
0.107808
0.105269
0.102784
0.100351
0.0979688
0.0956374
0.0933557
0.091123
0.0889384
0.0868012
0.0847106
0.0826657
0.0806659
0.0787103
0.0767982
0.0749287
0.0731012
0.0713148
0.0695687
0.0678623
0.0661948
0.0645654
0.0629734
0.061418
0.0598987
0.0584146
0.056965
0.0555493
0.0541667
0.0528166
0.0514984
0.0502113
0.0489547
0.047728
0.0465305
0.0453616
0.0442207
0.0431073
0.0420206
0.0409601
0.0399253
0.0389156
0.0379304
0.0369692
0.0360314
0.0351166
0.0342242
0.0333536
0.0325045
0.0316762
0.0308684
0.0300806
0.0293122
0.0285629
0.0278322
0.0271197
0.0264249
0.0257475
0.025087
0.024443
0.0238151
0.0232029
0.0226062
0.0220244
0.0214573
0.0209045
0.0203656
0.0198403
0.0193283
0.0188293
0.0183429
0.0178688
0.0174068
0.0169565
0.0165177
0.01609
0.0156733
0.0152672
0.0148714
0.0144857
0.0141099
0.0137437
0.0133869
0.0130392
0.0127005
0.0123704
0.0120488
0.0117355
0.0114302
0.0111328
0.010843
0.0105607
0.0102856
0.0100177
0.00975667
0.00950237
0.00925463
0.0090133
0.0087782
0.00854919
0.00832609
0.00810877
0.00789708
0.00769088
0.00749001
0.00729436
0.00710377
0.00691814
0.00673732
0.00656119
0.00638964
0.00622255
0.0060598
0.00590128
0.00574689
0.00559651
0.00545004
0.00530739
0.00516845
0.00503313
0.00490134
0.00477298
0.00464797
0.00452621
0.00440763
0.00429215
0.00417968
0.00407014
0.00396346
0.00385957
0.00375839
0.00365985
0.00356389
0.00347043
0.00337942
0.00329078
0.00320447
0.00312041
0.00303854
0.00295882
0.00288119
0.00280559
0.00273196
0.00266026
0.00259044
0.00252245
0.00245623
0.00239175
0.00232896
0.00226782
0.00220827
0.00215029
0.00209383
0.00203884
0.0019853
0.00193316
0.00188238
0.00183294
0.00178479
0.00173791
0.00169225
0.0016478
0.00160451
0.00156235
0.0015213
0.00148133
0.0014424
0.0014045
0.00136759
0.00133166
0.00129666
0.00126258
0.0012294
0.00119709
0.00116562
0.00113499
0.00110515
0.0010761
0.00104781
0.00102027
0.00099345
0.000967333
0.000941902
0.00091714
0.000893027
0.000869548
0.000846686
0.000824425
0.000802748
0.000781641
0.000761088
0.000741076
0.000721589
0.000702614
0.000684138
0.000666147
0.00064863
0.000631572
0.000614963
0.00059879
0.000583043
0.000567709
0.000552779
0.000538241
0.000524085
0.000510301
0.000496879
0.00048381
0.000471085
0.000458695
0.00044663
0.000434882
0.000423444
0.000412306
0.00040146
0.0003909
0.000380618
0.000370606
0.000360857
0.000351365
0.000342122
0.000333123
0.00032436
0.000315827
0.000307519
0.000299429
0.000291552
0.000283882
0.000276414
0.000269143
0.000262062
0.000255168
0.000248455
0.000241919
0.000235554
0.000229357
0.000223323
0.000217448
0.000211727
0.000206157
0.000200733
0.000195452
0.00019031
0.000185303
0.000180428
0.000175681
0.000171059
0.000166558
0.000162176
0.000157909
0.000153754
0.000149709
0.00014577
0.000141935
0.000138201
0.000134564
0.000131024
0.000127577
0.00012422
0.000120951
0.000117769
0.00011467
0.000111653
0.000108716
0.000105855
0.00010307
0.000100358
9.77174e-05
9.51463e-05
9.26428e-05
9.02052e-05
8.78317e-05
8.55207e-05
8.32705e-05
8.10794e-05
7.89461e-05
7.68688e-05
7.48462e-05
7.28768e-05
7.09593e-05
6.90922e-05
6.72742e-05
6.5504e-05
6.37805e-05
6.21022e-05
6.04681e-05
5.88771e-05
5.73279e-05
5.58194e-05
5.43506e-05
5.29205e-05
5.1528e-05
5.01722e-05
4.8852e-05
4.75665e-05
4.63149e-05
4.50962e-05
4.39096e-05
4.27542e-05
4.16292e-05
4.05338e-05
3.94672e-05
3.84287e-05
3.74175e-05
3.6433e-05
3.54743e-05
3.45409e-05
3.3632e-05
3.2747e-05
3.18853e-05
3.10463e-05
3.02294e-05
2.94339e-05
2.86594e-05
2.79053e-05
2.7171e-05
2.6456e-05
2.57599e-05
2.5082e-05
2.4422e-05
2.37794e-05
2.31537e-05
2.25444e-05
2.19512e-05
2.13736e-05
2.08112e-05
2.02635e-05
1.97303e-05
1.92112e-05
1.87056e-05
1.82134e-05
1.77342e-05
1.72675e-05
1.68131e-05
1.63707e-05
1.59399e-05
1.55205e-05
1.51121e-05
1.47144e-05
1.43272e-05
1.39502e-05
1.35832e-05
1.32257e-05
1.28777e-05
1.25388e-05
1.22089e-05
1.18876e-05
1.15748e-05
1.12702e-05
1.09737e-05
1.06849e-05
1.04038e-05
1.013e-05
9.86343e-06
9.60388e-06
9.35117e-06
9.1051e-06
8.86551e-06
8.63222e-06
8.40507e-06
8.1839e-06
7.96855e-06
7.75887e-06
7.5547e-06
7.3559e-06
7.16234e-06
6.97387e-06
6.79036e-06
6.61168e-06
6.4377e-06
6.26829e-06
6.10335e-06
5.94275e-06
5.78637e-06
5.6341e-06
5.48585e-06
5.34149e-06
5.20094e-06
5.06408e-06
4.93082e-06
4.80107e-06
4.67474e-06
4.55172e-06
4.43195e-06
4.31533e-06
4.20177e-06
4.09121e-06
3.98355e-06
3.87873e-06
3.77666e-06
3.67728e-06
3.58052e-06
3.4863e-06
3.39456e-06
3.30523e-06
3.21826e-06
3.13357e-06
3.05112e-06
2.97083e-06
2.89265e-06
2.81654e-06
2.74242e-06
2.67026e-06
2.59999e-06
2.53157e-06
2.46496e-06
2.40009e-06
2.33694e-06
2.27544e-06
2.21557e-06
2.15727e-06
2.1005e-06
2.04523e-06
1.99141e-06
1.93901e-06
1.88798e-06
1.8383e-06
1.78993e-06
1.74283e-06
1.69697e-06
1.65231e-06
1.60883e-06
1.5665e-06
1.52528e-06
1.48514e-06
1.44606e-06
1.40801e-06
1.37096e-06
1.33488e-06
1.29976e-06
1.26555e-06
1.23225e-06
1.19983e-06
1.16825e-06
1.13751e-06
1.10758e-06
1.07843e-06
1.05006e-06
1.02242e-06
9.9552e-07
9.69323e-07
9.43816e-07
9.18981e-07
8.94798e-07
8.71252e-07
8.48326e-07
8.26003e-07
8.04267e-07
7.83104e-07
7.62497e-07
7.42432e-07
7.22896e-07
7.03873e-07
6.85351e-07
6.67317e-07
6.49757e-07
6.32659e-07
6.16011e-07
5.99801e-07
5.84018e-07
5.6865e-07
5.53686e-07
5.39117e-07
5.2493e-07
5.11117e-07
4.97667e-07
4.84572e-07
4.71821e-07
4.59405e-07
4.47316e-07
4.35545e-07
4.24084e-07
4.12925e-07
4.02059e-07
3.91479e-07
3.81178e-07
3.71147e-07
3.61381e-07
3.51871e-07
3.42612e-07
3.33596e-07
3.24818e-07
3.16271e-07
3.07948e-07
2.99845e-07
2.91955e-07
2.84272e-07
2.76792e-07
2.69508e-07
2.62416e-07
2.55511e-07
2.48787e-07
2.42241e-07
2.35866e-07
2.2966e-07
2.23616e-07
2.17732e-07
2.12003e-07
2.06424e-07
2.00992e-07
1.95703e-07
1.90553e-07
1.85539e-07
1.80657e-07
1.75903e-07
1.71274e-07
1.66767e-07
1.62379e-07
1.58106e-07
1.53946e-07
1.49895e-07
1.4595e-07
1.4211e-07
1.3837e-07
1.34729e-07
1.31184e-07
1.27732e-07
1.24371e-07
1.21098e-07
1.17911e-07
1.14809e-07
1.11787e-07
1.08846e-07
1.05982e-07
1.03193e-07
1.00477e-07
9.78334e-08
9.5259e-08
9.27523e-08
9.03116e-08
8.79351e-08
8.56212e-08
8.33681e-08
8.11743e-08
7.90383e-08
7.69585e-08
7.49334e-08
7.29615e-08
7.10416e-08
6.91722e-08
6.7352e-08
6.55797e-08
6.3854e-08
6.21737e-08
6.05377e-08
5.89447e-08
5.73936e-08
5.58833e-08
5.44128e-08
5.2981e-08
5.15868e-08
5.02293e-08
4.89076e-08
4.76206e-08
4.63675e-08
4.51474e-08
4.39594e-08
4.28026e-08
4.16763e-08
4.05796e-08
3.95118e-08
3.84721e-08
3.74597e-08
3.6474e-08
3.55142e-08
3.45797e-08
3.36697e-08
3.27837e-08
3.19211e-08
3.10811e-08
3.02632e-08
2.94668e-08
2.86914e-08
2.79365e-08
2.72013e-08
2.64855e-08
2.57886e-08
2.511e-08
2.44492e-08
2.38059e-08
2.31794e-08
2.25695e-08
2.19756e-08
2.13973e-08
2.08343e-08
2.0286e-08
1.97522e-08
1.92325e-08
1.87264e-08
1.82336e-08
1.77538e-08
1.72866e-08
1.68317e-08
1.63888e-08
1.59576e-08
1.55376e-08
1.51288e-08
1.47307e-08
1.43431e-08
1.39656e-08
1.35981e-08
1.32403e-08
1.28919e-08
1.25527e-08
1.22223e-08
1.19007e-08
1.15876e-08
1.12826e-08
1.09858e-08
1.06967e-08
1.04152e-08
1.01411e-08
9.87427e-09
9.61444e-09
9.36144e-09
9.1151e-09
8.87524e-09
8.6417e-09
8.4143e-09
8.19288e-09
7.97729e-09
7.76738e-09
7.56298e-09
7.36397e-09
7.17019e-09
6.98151e-09
6.7978e-09
6.61892e-09
6.44475e-09
6.27516e-09
6.11003e-09
5.94925e-09
5.7927e-09
5.64027e-09
5.49185e-09
5.34734e-09
5.20663e-09
5.06962e-09
4.93622e-09
4.80632e-09
4.67985e-09
4.5567e-09
4.4368e-09
4.32004e-09
4.20637e-09
4.09568e-09
3.9879e-09
3.88297e-09
3.78079e-09
3.6813e-09
3.58443e-09
3.49011e-09
3.39827e-09
3.30884e-09
3.22178e-09
3.137e-09
3.05445e-09
2.97407e-09
2.89581e-09
2.81961e-09
2.74542e-09
2.67317e-09
2.60283e-09
2.53434e-09
2.46765e-09
2.40271e-09
2.33949e-09
2.27793e-09
2.21799e-09
2.15962e-09
2.10279e-09
2.04746e-09
1.99358e-09
1.94112e-09
1.89004e-09
1.84031e-09
1.79188e-09
1.74473e-09
1.69882e-09
1.65411e-09
1.61059e-09
1.56821e-09
1.52694e-09
1.48676e-09
1.44764e-09
1.40954e-09
1.37245e-09
1.33634e-09
1.30117e-09
1.26693e-09
1.23359e-09
1.20113e-09
1.16953e-09
1.13875e-09
1.10879e-09
1.07961e-09
1.0512e-09
1.02354e-09
9.96605e-10
9.7038e-10
9.44845e-10
9.19982e-10
8.95774e-10
8.72202e-10
8.49251e-10
8.26903e-10
8.05144e-10
7.83957e-10
7.63328e-10
7.43241e-10
7.23684e-10
7.04641e-10
6.86099e-10
6.68044e-10
6.50465e-10
6.33349e-10
6.16682e-10
6.00455e-10
5.84655e-10
5.6927e-10
5.5429e-10
5.39704e-10
5.25502e-10
5.11674e-10
4.9821e-10
4.851e-10
4.72335e-10
4.59905e-10
4.47804e-10
4.3602e-10
4.24546e-10
4.13375e-10
4.02497e-10
3.91906e-10
3.81593e-10
3.71552e-10
3.61775e-10
3.52255e-10
3.42985e-10
3.3396e-10
3.25172e-10
3.16615e-10
3.08284e-10
3.00172e-10
2.92273e-10
2.84582e-10
2.77093e-10
2.69802e-10
2.62702e-10
2.55789e-10
2.49059e-10
2.42505e-10
2.36123e-10
2.2991e-10
2.2386e-10
2.17969e-10
2.12234e-10
2.06649e-10
2.01211e-10
1.95916e-10
1.90761e-10
1.85741e-10
1.80854e-10
1.76094e-10
1.71461e-10
1.66949e-10
1.62556e-10
1.58278e-10
1.54113e-10
1.50058e-10
1.46109e-10
1.42264e-10
1.38521e-10
1.34876e-10
1.31327e-10
1.27871e-10
1.24506e-10
1.2123e-10
1.1804e-10
1.14934e-10
1.11909e-10
1.08964e-10
1.06097e-10
1.03305e-10
1.00587e-10
9.79399e-11
9.53628e-11
9.28533e-11
9.04099e-11
8.80309e-11
8.57143e-11
8.3459e-11
8.12628e-11
7.91245e-11
7.70424e-11
7.50149e-11
7.30409e-11
7.11189e-11
6.92475e-11
6.74254e-11
6.5651e-11
6.39235e-11
6.22415e-11
6.06035e-11
5.90088e-11
5.7456e-11
5.59441e-11
5.4472e-11
5.30387e-11
5.16429e-11
5.0284e-11
4.89608e-11
4.76725e-11
4.6418e-11
4.51965e-11
4.40072e-11
4.28493e-11
4.17217e-11
4.06237e-11
3.95548e-11
3.85141e-11
3.75004e-11
3.65137e-11
3.55529e-11
3.46174e-11
3.37064e-11
3.28195e-11
3.19558e-11
3.11149e-11
3.02962e-11
2.94988e-11
2.87228e-11
2.7967e-11
2.72309e-11
2.65143e-11
2.58167e-11
2.51374e-11
2.4476e-11
2.38318e-11
2.32048e-11
2.25941e-11
2.19995e-11
2.14206e-11
2.08569e-11
2.03082e-11
1.97737e-11
1.92535e-11
1.87468e-11
1.82534e-11
1.77731e-11
1.73055e-11
1.68501e-11
1.64067e-11
1.5975e-11
1.55547e-11
1.51452e-11
1.47466e-11
1.43587e-11
1.39808e-11
1.36129e-11
1.32547e-11
1.29059e-11
1.25664e-11
1.22358e-11
1.19136e-11
1.16003e-11
1.1295e-11
1.09976e-11
1.07083e-11
1.04265e-11
1.01521e-11
9.88498e-12
9.62497e-12
9.37161e-12
9.12492e-12
8.88489e-12
8.65108e-12
8.42348e-12
8.20188e-12
7.98606e-12
7.77578e-12
7.57128e-12
7.37188e-12
7.17804e-12
6.98908e-12
6.80522e-12
6.62603e-12
6.45173e-12
6.28209e-12
6.11666e-12
5.95568e-12
5.79892e-12
5.64637e-12
5.49782e-12
5.35327e-12
5.21228e-12
5.07505e-12
4.9416e-12
4.81148e-12
4.68492e-12
4.56168e-12
4.44156e-12
4.32476e-12
4.21085e-12
4.10005e-12
3.99214e-12
3.88711e-12
3.78497e-12
3.68527e-12
3.58824e-12
3.49387e-12
3.40195e-12
3.31246e-12
3.2252e-12
3.14038e-12
3.05778e-12
2.9774e-12
2.89901e-12
2.82263e-12
2.74847e-12
2.67608e-12
2.60569e-12
2.53708e-12
2.47025e-12
2.40541e-12
2.34213e-12
2.2804e-12
2.22045e-12
2.16205e-12
2.10498e-12
2.04969e-12
1.99574e-12
1.94333e-12
1.89204e-12
1.8423e-12
1.7939e-12
1.7466e-12
1.70064e-12
1.65601e-12
1.61227e-12
1.56986e-12
1.52856e-12
1.48836e-12
1.44929e-12
1.41109e-12
1.37401e-12
1.33782e-12
1.30251e-12
1.26832e-12
1.23501e-12
1.20237e-12
1.17084e-12
1.13998e-12
1.11e-12
1.08069e-12
1.05227e-12
1.02474e-12
9.97646e-13
9.71445e-13
9.4591e-13
9.21041e-13
8.96838e-13
8.73079e-13
8.50209e-13
8.27782e-13
8.06022e-13
7.84706e-13
7.64055e-13
7.44071e-13
7.24532e-13
7.05436e-13
6.86784e-13
6.68798e-13
6.51257e-13
6.33937e-13
6.17284e-13
6.01075e-13
5.8531e-13
5.69989e-13
5.54889e-13
5.40235e-13
5.26024e-13
5.12257e-13
4.98712e-13
4.85612e-13
4.72955e-13
4.60298e-13
4.48308e-13
4.3654e-13
4.24993e-13
4.13891e-13
4.03011e-13
3.92353e-13
3.81917e-13
3.71925e-13
3.62155e-13
3.52607e-13
3.43281e-13
3.34399e-13
3.25517e-13
3.16858e-13
3.08642e-13
3.00426e-13
2.92655e-13
2.84883e-13
2.77334e-13
2.70006e-13
2.62901e-13
2.56017e-13
2.49356e-13
2.42695e-13
2.36478e-13
2.3026e-13
2.24043e-13
2.1827e-13
2.12497e-13
2.06946e-13
2.01394e-13
1.96065e-13
1.90958e-13
1.85851e-13
1.80966e-13
1.76303e-13
1.7164e-13
1.672e-13
1.62759e-13
1.5854e-13
1.54321e-13
1.50324e-13
1.46327e-13
1.42331e-13
1.38778e-13
1.35003e-13
1.3145e-13
1.2812e-13
1.24567e-13
1.21458e-13
1.18128e-13
1.15019e-13
1.12133e-13
1.09024e-13
1.06137e-13
1.03473e-13
1.00586e-13
9.81437e-14
9.54792e-14
9.30367e-14
9.05942e-14
8.81517e-14
8.57092e-14
8.34888e-14
8.12683e-14
7.92699e-14
7.70495e-14
7.50511e-14
7.30527e-14
7.12763e-14
6.92779e-14
6.75016e-14
6.57252e-14
6.39488e-14
6.23945e-14
6.06182e-14
5.90639e-14
5.75096e-14
5.59552e-14
5.4623e-14
5.30687e-14
5.17364e-14
5.04041e-14
4.90719e-14
4.77396e-14
4.64073e-14
4.52971e-14
4.39648e-14
4.28546e-14
4.17444e-14
4.06342e-14
3.95239e-14
3.86358e-14
3.75255e-14
3.66374e-14
3.55271e-14
3.4639e-14
3.37508e-14
3.28626e-14
3.19744e-14
3.10862e-14
3.04201e-14
2.95319e-14
2.86438e-14
2.79776e-14
2.73115e-14
2.66454e-14
2.57572e-14
2.5091e-14
2.44249e-14
2.37588e-14
2.33147e-14
2.26485e-14
2.19824e-14
2.15383e-14
2.08722e-14
2.04281e-14
1.9762e-14
1.93179e-14
1.88738e-14
1.82077e-14
1.77636e-14
1.73195e-14
1.68754e-14
1.64313e-14
1.59872e-14
1.55431e-14
1.5099e-14
1.46549e-14
1.44329e-14
1.39888e-14
1.35447e-14
1.33227e-14
1.28786e-14
1.26565e-14
1.22125e-14
1.19904e-14
1.15463e-14
1.13243e-14
1.11022e-14
1.06581e-14
1.04361e-14
1.02141e-14
9.99201e-15
9.54792e-15
9.32587e-15
9.10383e-15
8.88178e-15
8.65974e-15
8.43769e-15
8.21565e-15
7.99361e-15
7.77156e-15
7.54952e-15
7.32747e-15
7.10543e-15
7.10543e-15
6.88338e-15
6.66134e-15
6.43929e-15
6.21725e-15
6.21725e-15
5.9952e-15
5.77316e-15
5.55112e-15
5.55112e-15
5.32907e-15
5.10703e-15
5.10703e-15
4.88498e-15
4.88498e-15
4.66294e-15
4.66294e-15
4.44089e-15
4.21885e-15
4.21885e-15
3.9968e-15
3.9968e-15
3.9968e-15
3.77476e-15
3.77476e-15
3.55271e-15
3.55271e-15
3.33067e-15
3.33067e-15
3.33067e-15
3.10862e-15
3.10862e-15
2.88658e-15
2.88658e-15
2.88658e-15
2.66454e-15
2.66454e-15
2.66454e-15
2.44249e-15
2.44249e-15
2.44249e-15
2.44249e-15
2.22045e-15
2.22045e-15
2.22045e-15
1.9984e-15
1.9984e-15
1.9984e-15
1.9984e-15
1.9984e-15
1.77636e-15
1.77636e-15
1.77636e-15
1.77636e-15
1.55431e-15
1.55431e-15
1.55431e-15
1.55431e-15
1.55431e-15
1.55431e-15
1.33227e-15
1.33227e-15
1.33227e-15
1.33227e-15
1.33227e-15
1.33227e-15
1.11022e-15
1.11022e-15
1.11022e-15
1.11022e-15
1.11022e-15
1.11022e-15
1.11022e-15
8.88178e-16
8.88178e-16
8.88178e-16
8.88178e-16
8.88178e-16
8.88178e-16
8.88178e-16
8.88178e-16
8.88178e-16
8.88178e-16
6.66134e-16
6.66134e-16
6.66134e-16
6.66134e-16
6.66134e-16
6.66134e-16
6.66134e-16
6.66134e-16
6.66134e-16
6.66134e-16
6.66134e-16
6.66134e-16
6.66134e-16
4.44089e-16
4.44089e-16
4.44089e-16
4.44089e-16
4.44089e-16
4.44089e-16
4.44089e-16
4.44089e-16
4.44089e-16
4.44089e-16
4.44089e-16
4.44089e-16
4.44089e-16
4.44089e-16
4.44089e-16
4.44089e-16
4.44089e-16
4.44089e-16
4.44089e-16
2.22045e-16
2.22045e-16
2.22045e-16
2.22045e-16
2.22045e-16
2.22045e-16
2.22045e-16
2.22045e-16
2.22045e-16
2.22045e-16
2.22045e-16
2.22045e-16
2.22045e-16
2.22045e-16
2.22045e-16
2.22045e-16
2.22045e-16
2.22045e-16
2.22045e-16
2.22045e-16
2.22045e-16
2.22045e-16
2.22045e-16
2.22045e-16
2.22045e-16
2.22045e-16
2.22045e-16
2.22045e-16
2.22045e-16
2.22045e-16
2.22045e-16
2.22045e-16
2.22045e-16
2.22045e-16
2.22045e-16
2.22045e-16
2.22045e-16
2.22045e-16
2.22045e-16
2.22045e-16
2.22045e-16
0
0
0
0
0
0
0
0
0
0
0
0
0
0
0
0
0
0
0
0
0
0
0
0
0
0
0
0
0
0
0
0
0
0
0
0
0
0
0
0
0
0
0
0
0
0
0
0
0
0
0
0
0
0
0
0
0
0
0
0
0
0
0
0
0
0
0
0
0
0
0
0
0
0
0
0
0
0
0
0
0
0
0
0
0
0
0
0
0
0
0
0
0
0
0
0
0
0
0
0
0
0
0
0
0
0
0
0
0
0
0
0
0
0
0
0
0
0
0
0
0
0
0
0
0
0
0
0
0
0
0
0
0
0
0
0
0
0
0
0
0
0
0
0
0
0
0
0
0
0
0
0
0
0
0
0
0
0
0
0
0
0
0
0
0
0
0
0
0
0
0
0
0
0
0
0
0
0
0
0
0
0
0
0
0
0
0
0
0
0
0
0
0
0
0
0
0
0
0
0
0
0
0
0
0
0
0
0
0
0
0
0
0
0
0
0
0
0
0
0
0
0
0
0
0
0
0
0
0
0
0
0
0
0
0
0
0
0
0
0
0
0
0
0
0
0
0
0
0
0
0
0
0
0
0
0
0
0
0
0
0
0
0
0
0
0
0
0
0
0
0
0
0
0
0
0
0
0
0
0
0
0
0
0
0
0
0
0
0
0
0
0
0
0
0
0
0
0
0
0
0
0
0
0
0
0
0
0
0
0
0
0
0
0
0
0
0
0
0
0
0
0
0
0
0
0
0
0
0
0
0
0
0
0
0
0
0
0
0
0
0
0
0
0
0
0
0
0
0
0
0
0
0
0
0
0
0
0
0
0
0
0
0
0
0
0
0
0
0
0
0
0
0
0
0
0
0
0
0
0
0
0
0
0
0
0
0
0
0
0
0
0
0
0
0
0
0
0
0
0
0
0
0
0
0
0
0
0
0
0
0
0
0
0
0
0
0
0
0
0
0
0
0
0
0
0
0
0
0
0
0
0
0
0
0
0
0
0
0
0
0
0
0
0
0
0
0
0
0
0
0
0
0
0
0
0
0
0
0
0
0
0
0
0
0
0
0
0
0
0
0
0
0
0
0
0
0
0
0
0
0
0
0
0
0
0
0
0
0
0
0
0
0
0
0
0
0
0
0
0
0
0
0
0
0
0
0
0
0
0
0
0
0
0
0
0
0
0
0
0
0
0
0
0
0
0
0
0
0
0
0
0
0
0
0
0
0
0
0
0
0
0
0
0
0
0
0
0
0
0
0
0
0
0
0
0
0
0
0
0
0
0
0
0
0
0
0
0
0
0
0
0
0
0
0
0
0
0
0
0
0
0
0
0
0
0
0
0
0
0
0
0
0
0
0
0
0
0
0
0
0
0
0
0
0
0
0
0
0
0
0
0
0
0
0
0
0
0
0
0
0
0
0
0
0
0
0
0
0
0
0
0
0
0
0
0
0
0
0
0
0
0
0
0
0
0
0
0
0
0
0
0
0
0
0
0
0
0
0
0
0
0
0
0
0
0
0
0
0
0
0
0
0
0
0
0
0
0
0
0
0
0
0
0
0
0
0
0
0
0
0
0
0
0
0
0
0
0
0
0
0
0
0
0
0
0
0
0
0
0
0
0
0
0
0
0
0
0
0
0
0
0
0
0
0
0
0
0
0
0
0
0
0
0
0
0
0
0
0
0
0
0
0
0
0
0
0
0
0
0
0
0
0
0
0
0
0
0
0
0
0
0
0
0
0
0
0
0
0
0
0
0
0
0
0
0
0
0
0
0
0
0
0
0
0
0
0
0
0
0
0
0
0
0
0
0
0
0
0
0
0
0
0
0
0
0
0
0
0
0
0
0
0
0
0
0
0
0
0
0
0
0
0
0
0
0
0
0
0
0
0
0
0
0
0
0
0
0
0
0
0
0
0
0
0
0
0
0
0
0
0
0
0
0
0
0
0
0
0
0
0
0
0
0
0
0
0
0
0
0
0
0
0
0
0
0
0
0
0
0
0
0
0
0
0
0
0
0
0
0
0
0
0
0
0
0
0
0
0
0
0
0
0
0
0
0
0
0
0
0
0
0
0
0
0
0
0
0
0
0
0
0
0
0
0
0
0
0
0
0
0
0
0
0
0
0
0
0
0
0
0
0
0
0
0
0
0
0
0
0
0
0
0
0
0
0
0
0
0
0
0
0
0
0
0
0
0
0
0
0
0
0
0
0
0
0
0
0
0
0
0
0
0
0
0
0
0
0
0
0
0
0
0
0
0
0
0
0
0
0
0
0
0
0
0
0
0
0
0
0
0
0
0
0
0
0
0
0
0
0
0
0
0
0
0
0
0
0
0
0
0
0
0
0
0
0
0
0
0
0
0
0
0
0
0
0
0
0
0
0
0
0
0
0
0
0
0
0
0
0
0
0
0
0
0
0
0
0
0
0
0
0
0
0
0
0
0
0
0
0
0
0
0
0
0
0
0
0
0
0
0
0
0
0
0
0
0
0
0
0
0
0
0
0
0
0
0
0
0
0
0
0
0
0
0
0
0
0
0
0
0
0
0
0
0
0
0
0
0
0
0
0
0
0
0
0
0
0
0
0
0
0
0
0
0
0
0
0
0
0
0
0
0
0
0
0
0
0
0
0
0
0
0
0
0
0
0
0
0
0
0
0
0
0
0
0
0
0
0
0
0
0
0
0
0
0
0
0
0
0
0
0
0
0
0
0
0
0
0
0
0
0
0
0
0
0
0
0
0
0
0
0
0
0
0
0
0
0
0
0
0
0
0
0
0
0
0
0
0
0
0
0
0
0
0
0
0
0
0
0
0
0
0
0
0
0
0
0
0
0
0
0
0
0
0
0
0
0
0
0
0
0
0
0
0
0
0
0
0
0
0
0
0
0
0
0
0
0
0
0
0
0
0
0
0
0
0
0
0
0
0
0
0
0
0
0
0
0
0
0
0
0
0
0
0
0
0
0
0
0
0
0
0
0
0
0
0
0
0
0
0
0
0
0
0
0
0
0
0
0
0
0
0
0
0
0
0
0
0
0
0
0
0
0
0
0
0
0
0
0
0
0
0
0
0
0
0
0
0
0
0
0
0
0
0
0
0
0
0
0
0
0
0
0
0
0
0
0
0
0
0
0
0
0
0
0
0
0
0
0
0
0
0
0
0
0
0
0
0
0
0
0
0
0
0
0
0
0
0
0
0
0
0
0
0
0
0
0
0
0
0
0
0
0
0
0
0
0
0
0
0
0
0
0
0
0
0
0
0
0
0
0
0
0
0
0
0
0
0
0
0
0
0
0
0
0
0
0
0
0
0
0
0
0
0
0
0
0
0
0
0
0
0
0
0
0
0
0
0
0
0
0
0
0
0
0
0
0
0
0
0
0
0
0
0
0
0
0
0
0
0
0
0
0
0
0
0
0
0
0
0
0
0
0
0
0
0
0
0
0
0
0
0
0
0
0
0
0
0
0
0
0
0
0
0
0
0
0
0
0
0
0
0
0
0
0
0
0
0
0
0
0
0
0
0
0
0
0
0
0
0
0
0
0
0
0
0
0
0
0
0
0
0
0
0
0
0
