0.583415
0.588444
0.593474
0.598503
0.603532
0.608562
0.613591
0.618621
0.62365
0.62868
0.633709
0.638739
0.643768
0.648798
0.653827
0.658857
0.663886
0.668915
0.673945
0.678974
0.684004
0.689033
0.694063
0.699092
0.704122
0.709151
0.714181
0.71921
0.72424
0.729269
0.734299
0.739328
0.744358
0.749387
0.754417
0.759446
0.764476
0.769505
0.774535
0.779564
0.784594
0.789623
0.794653
0.799682
0.804712
0.809741
0.814771
0.8198
0.82483
0.829859
0.834889
0.839918
0.844948
0.849977
0.855007
0.860036
0.865066
0.870095
0.875125
0.880154
0.885184
0.890213
0.895243
0.900272
0.905302
0.910331
0.915361
0.92039
0.92542
0.930449
0.935479
0.940508
0.945538
0.950567
0.955597
0.960626
0.965656
0.970685
0.975715
0.980744
0.985774
0.990803
0.995833
1.00086
1.00589
1.01092
1.01595
1.02098
1.02601
1.03104
1.03607
1.0411
1.04613
1.05116
1.05619
1.06122
1.06625
1.07128
1.0763
1.08133
1.08636
1.09139
1.09642
1.10145
1.10648
1.11151
1.11654
1.12157
1.1266
1.13163
1.13666
1.14169
1.14672
1.15175
1.15678
1.16181
1.16181
1.16181
1.16181
1.16181
1.16181
1.16181
1.16181
1.16181
1.16181
1.16181
1.16181
1.16181
1.16181
1.16181
1.16181
1.16181
1.16181
1.1618
1.1618
1.1618
1.1618
1.1618
1.1618
1.1618
1.1618
1.1618
1.1618
1.1618
1.1618
1.1618
1.1618
1.1618
1.1618
1.1618
1.1618
1.1618
1.1618
1.1618
1.1618
1.1618
1.1618
1.1618
1.1618
1.1618
1.1618
1.1618
1.1618
1.1618
1.1618
1.1618
1.1618
1.1618
1.1618
1.1618
1.1618
1.1618
1.1618
1.1618
1.1618
1.1618
1.1618
1.1618
1.1618
1.1618
1.1618
1.1618
1.1618
1.1618
1.1618
1.1618
1.1618
1.1618
1.1618
1.1618
1.1618
1.1618
1.1618
1.1618
1.1618
1.1618
1.1618
1.1618
1.1618
1.1618
1.1618
1.1618
1.1618
1.1618
1.1618
1.1618
1.1618
1.1618
1.1618
1.1618
1.1618
1.1618
1.1618
1.1618
1.1618
1.1618
1.1618
1.1618
1.1618
1.1618
1.1618
1.1618
1.1618
1.1618
1.1618
1.1618
1.1618
1.1618
1.1618
1.1618
1.1618
1.1618
1.1618
1.1618
1.1618
1.1618
1.1618
1.1618
1.1618
1.1618
1.1618
1.1618
1.1618
1.1618
1.1618
1.1618
1.1618
1.1618
1.1618
1.1618
1.1618
1.1618
1.1618
1.1618
1.1618
1.1618
1.1618
1.1618
1.1618
1.1618
1.1618
1.1618
1.1618
1.1618
1.1618
1.1618
1.1618
1.1618
1.1618
1.1618
1.1618
1.1618
1.1618
1.1618
1.1618
1.1618
1.1618
1.1618
1.1618
1.1618
1.1618
1.1618
1.1618
1.1618
1.1618
1.1618
1.1618
1.1618
1.1618
1.1618
1.1618
1.1618
1.1618
1.1618
1.1618
1.1618
1.1618
1.1618
1.1618
1.1618
1.1618
1.1618
1.1618
1.1618
1.1618
1.1618
1.1618
1.1618
1.1618
1.1618
1.1618
1.1618
1.1618
1.1618
1.1618
1.1618
1.1618
1.1618
1.1618
1.1618
1.1618
1.1618
1.1618
1.1618
1.1618
1.1618
1.1618
1.1618
1.1618
1.1618
1.1618
1.1618
1.1618
1.1618
1.1618
1.1618
1.1618
1.1618
1.1618
1.1618
1.1618
1.1618
1.1618
1.1618
1.1618
1.1618
1.1618
1.1618
1.1618
1.1618
1.1618
1.1618
1.1618
1.1618
1.1618
1.1618
1.1618
1.1618
1.1618
1.1618
1.1618
1.1618
1.1618
1.1618
1.1618
1.1618
1.1618
1.1618
1.1618
1.1618
1.1618
1.1618
1.1618
1.1618
1.1618
1.1618
1.1618
1.1618
1.1618
1.1618
1.1618
1.1618
1.1618
1.1618
1.1618
1.1618
1.1618
1.1618
1.1618
1.1618
1.1618
1.1618
1.1618
1.1618
1.1618
1.1618
1.1618
1.1618
1.1618
1.1618
1.1618
1.1618
1.1618
1.1618
1.1618
1.1618
1.1618
1.1618
1.1618
1.1618
1.1618
1.1618
1.1618
1.1618
1.1618
1.1618
1.1618
1.1618
1.1618
1.1618
1.1618
1.1618
1.1618
1.1618
1.1618
1.1618
1.1618
1.1618
1.1618
1.1618
1.1618
1.1618
1.1618
1.1618
1.1618
1.1618
1.1618
1.1618
1.1618
1.1618
1.1618
1.1618
1.1618
1.1618
1.1618
1.1618
1.1618
1.1618
1.1618
1.1618
1.1618
1.1618
1.1618
1.1618
1.1618
1.1618
1.1618
1.1618
1.1618
1.1618
1.1618
1.1618
1.1618
1.1618
1.1618
1.1618
1.1618
1.1618
1.1618
1.1618
1.1618
1.1618
1.1618
1.1618
1.1618
1.1618
1.1618
1.1618
1.1618
1.1618
1.1618
1.1618
1.1618
1.1618
1.1618
1.1618
1.1618
1.1618
1.1618
1.1618
1.1618
1.1618
1.1618
1.1618
1.1618
1.1618
1.1618
1.1618
1.1618
1.1618
1.1618
1.1618
1.1618
1.1618
1.1618
1.1618
1.1618
1.1618
1.1618
1.1618
1.1618
1.1618
1.1618
1.1618
1.1618
1.1618
1.1618
1.1618
1.1618
1.1618
1.1618
1.1618
1.1618
1.1618
1.1618
1.1618
1.1618
1.1618
1.1618
1.1618
1.1618
1.1618
1.1618
1.1618
1.1618
1.1618
1.1618
1.1618
1.1618
1.1618
1.1618
1.1618
1.1618
1.1618
1.1618
1.1618
1.1618
1.1618
1.1618
1.1618
1.1618
1.1618
1.1618
1.1618
1.1618
1.1618
1.1618
1.1618
1.1618
1.1618
1.1618
1.1618
1.1618
1.1618
1.1618
1.1618
1.1618
1.1618
1.1618
1.1618
1.1618
1.1618
1.1618
1.1618
1.1618
1.1618
1.1618
1.1618
1.1618
1.1618
1.1618
1.1618
1.1618
1.1618
1.1618
1.1618
1.1618
1.1618
1.1618
1.1618
1.1618
1.1618
1.1618
1.1618
1.1618
1.1618
1.1618
1.1618
1.1618
1.1618
1.1618
1.1618
1.1618
1.1618
1.1618
1.1618
1.1618
1.1618
1.1618
1.1618
1.1618
1.1618
1.1618
1.1618
1.1618
1.1618
1.1618
1.1618
1.1618
1.1618
1.1618
1.1618
1.1618
1.1618
1.1618
1.1618
1.1618
1.1618
1.1618
1.1618
1.1618
1.1618
1.1618
1.1618
1.1618
1.1618
1.1618
1.1618
1.1618
1.1618
1.1618
1.1618
1.1618
1.1618
1.1618
1.1618
1.1618
1.1618
1.1618
1.1618
1.1618
1.1618
1.1618
1.1618
1.1618
1.1618
1.1618
1.1618
1.1618
1.1618
1.1618
1.1618
1.1618
1.1618
1.1618
1.1618
1.1618
1.1618
1.1618
1.1618
1.1618
1.1618
1.1618
1.1618
1.1618
1.1618
1.1618
1.1618
1.1618
1.1618
1.1618
1.1618
1.1618
1.1618
1.1618
1.1618
1.1618
1.1618
1.1618
1.1618
1.1618
1.1618
1.1618
1.1618
1.1618
1.1618
1.1618
1.1618
1.1618
1.1618
1.1618
1.1618
1.1618
1.1618
1.1618
1.1618
1.1618
1.1618
1.1618
1.1618
1.1618
1.1618
1.1618
1.1618
1.1618
1.1618
1.1618
1.1618
1.1618
1.1618
1.1618
1.1618
1.1618
1.1618
1.1618
1.1618
1.1618
1.1618
1.1618
1.1618
1.1618
1.1618
1.1618
1.1618
1.1618
1.1618
1.1618
1.1618
1.1618
1.1618
1.1618
1.1618
1.1618
1.1618
1.1618
1.1618
1.1618
1.1618
1.1618
1.1618
1.1618
1.1618
1.1618
1.1618
1.1618
1.1618
1.1618
1.1618
1.1618
1.1618
1.1618
1.1618
1.1618
1.1618
1.1618
1.1618
1.1618
1.1618
1.1618
1.1618
1.1618
1.1618
1.1618
1.1618
1.1618
1.1618
1.1618
1.1618
1.1618
1.1618
1.1618
1.1618
1.1618
1.1618
1.1618
1.1618
1.1618
1.1618
1.1618
1.1618
1.1618
1.1618
1.1618
1.1618
1.1618
1.1618
1.1618
1.1618
1.1618
1.1618
1.1618
1.1618
1.1618
1.1618
1.1618
1.1618
1.1618
1.1618
1.1618
1.1618
1.1618
1.1618
1.1618
1.1618
1.1618
1.1618
1.1618
1.1618
1.1618
1.1618
1.1618
1.1618
1.1618
1.1618
1.1618
1.1618
1.1618
1.1618
1.1618
1.1618
1.1618
1.1618
1.1618
1.1618
1.1618
1.1618
1.1618
1.1618
1.1618
1.1618
1.1618
1.1618
1.1618
1.1618
1.1618
1.1618
1.1618
1.1618
1.1618
1.1618
1.1618
1.1618
1.1618
1.1618
1.1618
1.1618
1.1618
1.1618
1.1618
1.1618
1.1618
1.1618
1.1618
1.1618
1.1618
1.1618
1.1618
1.1618
1.1618
1.1618
1.1618
1.1618
1.1618
1.1618
1.1618
1.1618
1.1618
1.1618
1.1618
1.1618
1.1618
1.1618
1.1618
1.1618
1.1618
1.1618
1.1618
1.1618
1.1618
1.1618
1.1618
1.1618
1.1618
1.1618
1.1618
1.1618
1.1618
1.1618
1.1618
1.1618
1.1618
1.1618
1.1618
1.1618
1.1618
1.1618
1.1618
1.1618
1.1618
1.1618
1.1618
1.1618
1.1618
1.1618
1.1618
1.1618
1.1618
1.1618
1.1618
1.1618
1.1618
1.1618
1.1618
1.1618
1.1618
1.1618
1.1618
1.1618
1.1618
1.1618
1.1618
1.1618
1.1618
1.1618
1.1618
1.1618
1.1618
1.1618
1.1618
1.1618
1.1618
1.1618
1.1618
1.1618
1.1618
1.1618
1.1618
1.1618
1.1618
1.1618
1.1618
1.1618
1.1618
1.1618
1.1618
1.1618
1.1618
1.1618
1.1618
1.1618
1.1618
1.1618
1.1618
1.1618
1.1618
1.1618
1.1618
1.1618
1.1618
1.1618
1.1618
1.1618
1.1618
1.1618
1.1618
1.1618
1.1618
1.1618
1.1618
1.1618
1.1618
1.1618
1.1618
1.1618
1.1618
1.1618
1.1618
1.1618
1.1618
1.1618
1.1618
1.1618
1.1618
1.1618
1.1618
1.1618
1.1618
1.1618
1.1618
1.1618
1.1618
1.1618
1.1618
1.1618
1.1618
1.1618
1.1618
1.1618
1.1618
1.1618
1.1618
1.1618
1.1618
1.1618
1.1618
1.1618
1.1618
1.1618
1.1618
1.1618
1.1618
1.1618
1.1618
1.1618
1.1618
1.1618
1.1618
1.1618
1.1618
1.1618
1.1618
1.1618
1.1618
1.1618
1.1618
1.1618
1.1618
1.1618
1.1618
1.1618
1.1618
1.1618
1.1618
1.1618
1.1618
1.1618
1.1618
1.1618
1.1618
1.1618
1.1618
1.1618
1.1618
1.1618
1.1618
1.1618
1.1618
1.1618
1.1618
1.1618
1.1618
1.1618
1.1618
1.1618
1.1618
1.1618
1.1618
1.1618
1.1618
1.1618
1.1618
1.1618
1.1618
1.1618
1.1618
1.1618
1.1618
1.1618
1.1618
1.1618
1.1618
1.1618
1.1618
1.1618
1.1618
1.1618
1.1618
1.1618
1.1618
1.1618
1.1618
1.1618
1.1618
1.1618
1.1618
1.1618
1.1618
1.1618
1.1618
1.1618
1.1618
1.1618
1.1618
1.1618
1.1618
1.1618
1.1618
1.1618
1.1618
1.1618
1.1618
1.1618
1.1618
1.1618
1.1618
1.1618
1.1618
1.1618
1.1618
1.1618
1.1618
1.1618
1.1618
1.1618
1.1618
1.1618
1.1618
1.1618
1.1618
1.1618
1.1618
1.1618
1.1618
1.1618
1.1618
1.1618
1.1618
1.1618
1.1618
1.1618
1.1618
1.1618
1.1618
1.1618
1.1618
1.1618
1.1618
1.1618
1.1618
1.1618
1.1618
1.1618
1.1618
1.1618
1.1618
1.1618
1.1618
1.1618
1.1618
1.1618
1.1618
1.1618
1.1618
1.1618
1.1618
1.1618
1.1618
1.1618
1.1618
1.1618
1.1618
1.1618
1.1618
1.1618
1.1618
1.1618
1.1618
1.1618
1.1618
1.1618
1.1618
1.1618
1.1618
1.1618
1.1618
1.1618
1.1618
1.1618
1.1618
1.1618
1.1618
1.1618
1.1618
1.1618
1.1618
1.1618
1.1618
1.1618
1.1618
1.1618
1.1618
1.1618
1.1618
1.1618
1.1618
1.1618
1.1618
1.1618
1.1618
1.1618
1.1618
1.1618
1.1618
1.1618
1.1618
1.1618
1.1618
1.1618
1.1618
1.1618
1.1618
1.1618
1.1618
1.1618
1.1618
1.1618
1.1618
1.1618
1.1618
1.1618
1.1618
1.1618
1.1618
1.1618
1.1618
1.1618
1.1618
1.1618
1.1618
1.1618
1.1618
1.1618
1.1618
1.1618
1.1618
1.1618
1.1618
1.1618
1.1618
1.1618
1.1618
1.1618
1.1618
1.1618
1.1618
1.1618
1.1618
1.1618
1.1618
1.1618
1.1618
1.1618
1.1618
1.1618
1.1618
1.1618
1.1618
1.1618
1.1618
1.1618
1.1618
1.1618
1.1618
1.1618
1.1618
1.1618
1.1618
1.1618
1.1618
1.1618
1.1618
1.1618
1.1618
1.1618
1.1618
1.1618
1.1618
1.1618
1.1618
1.1618
1.1618
1.1618
1.1618
1.1618
1.1618
1.1618
1.1618
1.1618
1.1618
1.1618
1.1618
1.1618
1.1618
1.1618
1.1618
1.1618
1.1618
1.1618
1.1618
1.1618
1.1618
1.1618
1.1618
1.1618
1.1618
1.1618
1.1618
1.1618
1.1618
1.1618
1.1618
1.1618
1.1618
1.1618
1.1618
1.1618
1.1618
1.1618
1.1618
1.1618
1.1618
1.1618
1.1618
1.1618
1.1618
1.1618
1.1618
1.1618
1.1618
1.1618
1.1618
1.1618
1.1618
1.1618
1.1618
1.1618
1.1618
1.1618
1.1618
1.1618
1.1618
1.1618
1.1618
1.1618
1.1618
1.1618
1.1618
1.1618
1.1618
1.1618
1.1618
1.1618
1.1618
1.1618
1.1618
1.1618
1.1618
1.1618
1.1618
1.1618
1.1618
1.1618
1.1618
1.1618
1.1618
1.1618
1.1618
1.1618
1.1618
1.1618
1.1618
1.1618
1.1618
1.1618
1.1618
1.1618
1.1618
1.1618
1.1618
1.1618
1.1618
1.1618
1.1618
1.1618
1.1618
1.1618
1.1618
1.1618
1.1618
1.1618
1.1618
1.1618
1.1618
1.1618
1.1618
1.1618
1.1618
1.1618
1.1618
1.1618
1.1618
1.1618
1.1618
1.1618
1.1618
1.1618
1.1618
1.1618
1.1618
1.1618
1.1618
1.1618
1.1618
1.1618
1.1618
1.1618
1.1618
1.1618
1.1618
1.1618
1.1618
1.1618
1.1618
1.1618
1.1618
1.1618
1.1618
1.1618
1.1618
1.1618
1.1618
1.1618
1.1618
1.1618
1.1618
1.1618
1.1618
1.1618
1.1618
1.1618
1.1618
1.1618
1.1618
1.1618
1.1618
1.1618
1.1618
1.1618
1.1618
1.1618
1.1618
1.1618
1.1618
1.1618
1.1618
1.1618
1.1618
1.1618
1.1618
1.1618
1.1618
1.1618
1.1618
1.1618
1.1618
1.1618
1.1618
1.1618
1.1618
1.1618
1.1618
1.1618
1.1618
1.1618
1.1618
1.1618
1.1618
1.1618
1.1618
1.1618
1.1618
1.1618
1.1618
1.1618
1.1618
1.1618
1.1618
1.1618
1.1618
1.1618
1.1618
1.1618
1.1618
1.1618
1.1618
1.1618
1.1618
1.1618
1.1618
1.1618
1.1618
1.1618
1.1618
1.1618
1.1618
1.1618
1.1618
1.1618
1.1618
1.1618
1.1618
1.1618
1.1618
1.1618
1.1618
1.1618
1.1618
1.1618
1.1618
1.1618
1.1618
1.1618
1.1618
1.1618
1.1618
1.1618
1.1618
1.1618
1.1618
1.1618
1.1618
1.1618
1.1618
1.1618
1.1618
1.1618
1.1618
1.1618
1.1618
1.1618
1.1618
1.1618
1.1618
1.1618
1.1618
1.1618
1.1618
1.1618
1.1618
1.1618
1.1618
1.1618
1.1618
1.1618
1.1618
1.1618
1.1618
1.1618
1.1618
1.1618
1.1618
1.1618
1.1618
1.1618
1.1618
1.1618
1.1618
1.1618
1.1618
1.1618
1.1618
1.1618
1.1618
1.1618
1.1618
1.1618
1.1618
1.1618
1.1618
1.1618
1.1618
1.1618
1.1618
1.1618
1.1618
1.1618
1.1618
1.1618
1.1618
1.1618
1.1618
1.1618
1.1618
1.1618
1.1618
1.1618
1.1618
1.1618
1.1618
1.1618
1.1618
1.1618
1.1618
1.1618
1.1618
1.1618
1.1618
1.1618
1.1618
1.1618
1.1618
1.1618
1.1618
1.1618
1.1618
1.1618
1.1618
1.1618
1.1618
1.1618
1.1618
1.1618
1.1618
1.1618
1.1618
1.1618
1.1618
1.1618
1.1618
1.1618
1.1618
1.1618
1.1618
1.1618
1.1618
1.1618
1.1618
1.1618
1.1618
1.1618
1.1618
1.1618
1.1618
1.1618
1.1618
1.1618
1.1618
1.1618
1.1618
1.1618
1.1618
1.1618
1.1618
1.1618
1.1618
1.1618
1.1618
1.1618
1.1618
1.1618
1.1618
1.1618
1.1618
1.1618
1.1618
1.1618
1.1618
1.1618
1.1618
1.1618
1.1618
1.1618
1.1618
1.1618
1.1618
1.1618
1.1618
1.1618
1.1618
1.1618
1.1618
1.1618
1.1618
1.1618
1.1618
1.1618
1.1618
1.1618
1.1618
1.1618
1.1618
1.1618
1.1618
1.1618
1.1618
1.1618
1.1618
1.1618
1.1618
1.1618
1.1618
1.1618
1.1618
1.1618
1.1618
1.1618
1.1618
1.1618
1.1618
1.1618
1.1618
1.1618
1.1618
1.1618
1.1618
1.1618
1.1618
1.1618
1.1618
1.1618
1.1618
1.1618
1.1618
1.1618
1.1618
1.1618
1.1618
1.1618
1.1618
1.1618
1.1618
1.1618
1.1618
1.1618
1.1618
1.1618
1.1618
1.1618
1.1618
1.1618
1.1618
1.1618
1.1618
1.1618
1.1618
1.1618
1.1618
1.1618
1.1618
1.1618
1.1618
1.1618
1.1618
1.1618
1.1618
1.1618
1.1618
1.1618
1.1618
1.1618
1.1618
1.1618
1.1618
1.1618
1.1618
1.1618
1.1618
1.1618
1.1618
1.1618
1.1618
1.1618
1.1618
1.1618
1.1618
1.1618
1.1618
1.1618
1.1618
1.1618
1.1618
1.1618
1.1618
1.1618
1.1618
1.1618
1.1618
1.1618
1.1618
1.1618
1.1618
1.1618
1.1618
1.1618
1.1618
1.1618
1.1618
1.1618
1.1618
1.1618
1.1618
1.1618
1.1618
1.1618
1.1618
1.1618
1.1618
1.1618
1.1618
1.1618
1.1618
1.1618
1.1618
1.1618
1.1618
1.1618
1.1618
1.1618
1.1618
1.1618
1.1618
1.1618
1.1618
1.1618
1.1618
1.1618
1.1618
1.1618
1.1618
1.1618
1.1618
1.1618
1.1618
1.1618
1.1618
1.1618
1.1618
1.1618
1.1618
1.1618
1.1618
1.1618
1.1618
1.1618
1.1618
1.1618
1.1618
1.1618
1.1618
1.1618
1.1618
1.1618
1.1618
1.1618
1.1618
1.1618
1.1618
1.1618
1.1618
1.1618
1.1618
1.1618
1.1618
1.1618
1.1618
1.1618
1.1618
1.1618
1.1618
1.1618
1.1618
1.1618
1.1618
1.1618
1.1618
1.1618
1.1618
1.1618
1.1618
1.1618
1.1618
1.1618
1.1618
1.1618
1.1618
1.1618
1.1618
1.1618
1.1618
1.1618
1.1618
1.1618
1.1618
1.1618
1.1618
1.1618
1.1618
1.1618
1.1618
1.1618
1.1618
1.1618
1.1618
1.1618
1.1618
1.1618
1.1618
1.1618
1.1618
1.1618
1.1618
1.1618
1.1618
1.1618
1.1618
1.1618
1.1618
1.1618
1.1618
1.1618
1.1618
1.1618
1.1618
1.1618
1.1618
1.1618
1.1618
1.1618
1.1618
1.1618
1.1618
1.1618
1.1618
1.1618
1.1618
1.1618
1.1618
1.1618
1.1618
1.1618
1.1618
1.1618
1.1618
1.1618
1.1618
1.1618
1.1618
1.1618
1.1618
1.1618
1.1618
1.1618
1.1618
1.1618
1.1618
1.1618
1.1618
1.1618
1.1618
1.1618
1.1618
1.1618
1.1618
1.1618
1.1618
1.1618
1.1618
1.1618
1.1618
1.1618
1.1618
1.1618
1.1618
1.1618
1.1618
1.1618
1.1618
1.1618
1.1618
1.1618
1.1618
1.1618
1.1618
1.1618
1.1618
1.1618
1.1618
1.1618
1.1618
1.1618
1.1618
1.1618
1.1618
1.1618
1.1618
1.1618
1.1618
1.1618
1.1618
1.1618
1.1618
1.1618
1.1618
1.1618
1.1618
1.1618
1.1618
1.1618
1.1618
1.1618
1.1618
1.1618
1.1618
1.1618
1.1618
1.1618
1.1618
1.1618
1.1618
1.1618
1.1618
1.1618
1.1618
1.1618
1.1618
1.1618
1.1618
1.1618
1.1618
1.1618
1.1618
1.1618
1.1618
1.1618
1.1618
1.1618
1.1618
1.1618
1.1618
1.1618
1.1618
1.1618
1.1618
1.1618
1.1618
1.1618
1.1618
1.1618
1.1618
1.1618
1.1618
1.1618
1.1618
1.1618
1.1618
1.1618
1.1618
1.1618
1.1618
1.1618
1.1618
1.1618
1.1618
1.1618
1.1618
1.1618
1.1618
1.1618
1.1618
1.1618
1.1618
1.1618
1.1618
1.1618
1.1618
1.1618
1.1618
1.1618
1.1618
1.1618
1.1618
1.1618
1.1618
1.1618
1.1618
1.1618
1.1618
1.1618
1.1618
1.1618
1.1618
1.1618
1.1618
1.1618
1.1618
1.1618
1.1618
1.1618
1.1618
1.1618
1.1618
1.1618
1.1618
1.1618
1.1618
1.1618
1.1618
1.1618
1.1618
1.1618
1.1618
1.1618
1.1618
1.1618
1.1618
1.1618
1.1618
1.1618
1.1618
1.1618
1.1618
1.1618
1.1618
1.1618
1.1618
1.1618
1.1618
1.1618
1.1618
1.1618
1.1618
1.1618
1.1618
1.1618
1.1618
1.1618
1.1618
1.1618
1.1618
1.1618
1.1618
1.1618
1.1618
1.1618
1.1618
1.1618
1.1618
1.1618
1.1618
1.1618
1.1618
1.1618
1.1618
1.1618
1.1618
1.1618
1.1618
1.1618
1.1618
1.1618
1.1618
1.1618
1.1618
1.1618
1.1618
1.1618
1.1618
1.1618
1.1618
1.1618
1.1618
1.1618
1.1618
1.1618
1.1618
1.1618
1.1618
1.1618
1.1618
1.1618
1.1618
1.1618
1.1618
1.1618
1.1618
1.1618
1.1618
1.1618
1.1618
1.1618
1.1618
1.1618
1.1618
1.1618
1.1618
1.1618
1.1618
1.1618
1.1618
1.1618
1.1618
1.1618
1.1618
1.1618
1.1618
1.1618
1.1618
1.1618
1.1618
1.1618
1.1618
1.1618
1.1618
1.1618
1.1618
1.1618
1.1618
1.1618
1.1618
1.1618
1.1618
1.1618
1.1618
1.1618
1.1618
1.1618
1.1618
1.1618
1.1618
1.1618
1.1618
1.1618
1.1618
1.1618
1.1618
1.1618
1.1618
1.1618
1.1618
1.1618
1.1618
1.1618
1.1618
1.1618
1.1618
1.1618
1.1618
1.1618
1.1618
1.1618
1.1618
1.1618
1.1618
1.1618
1.1618
1.1618
1.1618
1.1618
1.1618
1.1618
1.1618
1.1618
1.1618
1.1618
1.1618
1.1618
1.1618
1.1618
1.1618
1.1618
1.1618
1.1618
1.1618
1.1618
1.1618
1.1618
1.1618
1.1618
1.1618
1.1618
1.1618
1.1618
1.1618
1.1618
1.1618
1.1618
1.1618
1.1618
1.1618
1.1618
1.1618
1.1618
1.1618
1.1618
1.1618
1.1618
1.1618
1.1618
1.1618
1.1618
1.1618
1.1618
1.1618
1.1618
1.1618
1.1618
1.1618
1.1618
1.1618
1.1618
1.1618
1.1618
1.1618
1.1618
1.1618
1.1618
1.1618
1.1618
1.1618
1.1618
1.1618
1.1618
1.1618
1.1618
1.1618
1.1618
1.1618
1.1618
1.1618
1.1618
1.1618
1.1618
1.1618
1.1618
1.1618
1.1618
1.1618
1.1618
1.1618
1.1618
1.1618
1.1618
1.1618
1.1618
1.1618
1.1618
1.1618
1.1618
1.1618
1.1618
1.1618
1.1618
1.1618
1.1618
1.1618
1.1618
1.1618
1.1618
1.1618
1.1618
1.1618
1.1618
1.1618
1.1618
1.1618
1.1618
1.1618
1.1618
1.1618
1.1618
1.1618
1.1618
1.1618
1.1618
1.1618
1.1618
1.1618
1.1618
1.1618
1.1618
1.1618
1.1618
1.1618
1.1618
1.1618
1.1618
1.1618
1.1618
1.1618
1.1618
1.1618
1.1618
1.1618
1.1618
1.1618
1.1618
1.1618
1.1618
1.1618
1.1618
1.1618
1.1618
1.1618
1.1618
1.1618
1.1618
1.1618
1.1618
1.1618
1.1618
1.1618
1.1618
1.1618
1.1618
1.1618
1.1618
1.1618
1.1618
1.1618
1.1618
1.1618
1.1618
1.1618
1.1618
1.1618
1.1618
1.1618
1.1618
1.1618
1.1618
1.1618
1.1618
1.1618
1.1618
1.1618
1.1618
1.1618
1.1618
1.1618
1.1618
1.1618
1.1618
1.1618
1.1618
1.1618
1.1618
1.1618
1.1618
1.1618
1.1618
1.1618
1.1618
1.1618
1.1618
1.1618
1.1618
1.1618
1.1618
1.1618
1.1618
1.1618
1.1618
1.1618
1.1618
1.1618
1.1618
1.1618
1.1618
1.1618
1.1618
1.1618
1.1618
1.1618
1.1618
1.1618
1.1618
1.1618
1.1618
1.1618
1.1618
1.1618
1.1618
1.1618
1.1618
1.1618
1.1618
1.1618
1.1618
1.1618
1.1618
1.1618
1.1618
1.1618
1.1618
1.1618
1.1618
1.1618
1.1618
1.1618
1.16181
1.16181
1.16181
1.16181
1.16181
1.16181
1.16181
1.16181
1.16181
1.16181
1.16181
1.16181
1.16181
1.16181
1.16181
1.16181
1.16181
1.16181
1.16181
1.16181
1.16181
1.16181
1.16181
1.16181
1.16181
1.16181
1.16181
1.16181
1.16181
1.16181
1.16181
1.16181
1.16181
1.16181
1.16181
1.16181
1.16181
1.16181
1.16181
1.16181
1.16181
1.16181
1.16181
1.16181
1.16181
1.16181
1.16181
1.16181
1.16181
1.16181
1.16181
1.16181
1.16181
1.16181
1.16181
1.16181
1.16181
1.16181
1.16181
1.16181
1.16181
1.16181
1.1618
1.1618
1.1618
1.1618
1.1618
1.1618
1.1618
1.1618
1.1618
1.1618
1.1618
1.1618
1.1618
1.1618
1.1618
1.1618
1.1618
1.1618
1.1618
1.1618
1.1618
1.1618
1.1618
1.1618
1.1618
1.1618
1.1618
1.1618
1.1618
1.1618
1.1618
1.1618
1.1618
1.1618
1.1618
1.1618
1.1618
1.1618
1.1618
1.1618
1.1618
1.1618
1.1618
1.1618
1.1618
1.1618
1.1618
1.1618
1.1618
1.1618
1.1618
1.1618
1.1618
1.1618
1.1618
1.1618
1.1618
1.1618
1.1618
1.1618
1.1618
1.1618
1.1618
1.1618
1.1618
1.1618
1.1618
1.16181
1.16181
1.16181
1.16181
1.16181
1.16181
1.16181
1.16181
1.16181
1.16181
1.16181
1.16182
1.16182
1.16182
1.16182
1.16182
1.16182
1.16182
1.16183
1.16183
1.16183
1.16183
1.16183
1.16183
1.16184
1.16184
1.16184
1.16184
1.16184
1.16185
1.16185
1.16185
1.16185
1.16186
1.16186
1.16186
1.16187
1.16187
1.16187
1.16188
1.16188
1.16188
1.16189
1.16189
1.16189
1.1619
1.1619
1.16191
1.16191
1.16192
1.16192
1.16192
1.16193
1.16193
1.16194
1.16194
1.16195
1.16196
1.16196
1.16197
1.16197
1.16198
1.16199
1.16199
1.162
1.16201
1.16201
1.16202
1.16203
1.16203
1.16204
1.16205
1.16206
1.16207
1.16207
1.16208
1.16209
1.1621
1.16211
1.16212
1.16213
1.16214
1.16215
1.16216
1.16217
1.16218
1.16219
1.1622
1.16221
1.16222
1.16223
1.16224
1.16226
1.16227
1.16228
1.16229
1.16231
1.16232
1.16233
1.16235
1.16236
1.16238
1.16239
1.16241
1.16242
1.16244
1.16245
1.16247
1.16248
1.1625
1.16252
1.16253
1.16255
1.16257
1.16259
1.1626
1.16262
1.16264
1.16266
1.16268
1.1627
1.16272
1.16274
1.16276
1.16278
1.1628
1.16282
1.16285
1.16287
1.16289
1.16291
1.16294
1.16296
1.16299
1.16301
1.16303
1.16306
1.16309
1.16311
1.16314
1.16316
1.16319
1.16322
1.16325
1.16327
1.1633
1.16333
1.16336
1.16339
1.16342
1.16345
1.16348
1.16351
1.16355
1.16358
1.16361
1.16364
1.16368
1.16371
1.16375
1.16378
1.16382
1.16385
1.16389
1.16392
1.16396
1.164
1.16404
1.16407
1.16411
1.16415
1.16419
1.16423
1.16427
1.16431
1.16436
1.1644
1.16444
1.16448
1.16453
1.16457
1.16462
1.16466
1.16471
1.16475
1.1648
1.16485
1.16489
1.16494
1.16499
1.16504
1.16509
1.16514
1.16519
1.16524
1.16529
1.16535
1.1654
1.16545
1.16551
1.16556
1.16562
1.16567
1.16573
1.16578
1.16584
1.1659
1.16596
1.16602
1.16608
1.16614
1.1662
1.16626
1.16632
1.16638
1.16644
1.16651
1.16657
1.16664
1.1667
1.16677
1.16683
1.1669
1.16697
1.16704
1.16711
1.16717
1.16724
1.16732
1.16739
1.16746
1.16753
1.1676
1.16768
1.16775
1.16782
1.1679
1.16798
1.16805
1.16813
1.16821
1.16829
1.16836
1.16844
1.16852
1.1686
1.16869
1.16877
1.16885
1.16893
1.16902
1.1691
1.16919
1.16927
1.16936
1.16944
1.16953
1.16962
1.16971
1.1698
1.16989
1.16998
1.17007
1.17016
1.17025
1.17035
1.17044
1.17053
1.17063
1.17072
1.17082
1.17092
1.17101
1.17111
1.17121
1.17131
1.17141
1.17151
1.17161
1.17171
1.17181
1.17191
1.17202
1.17212
1.17223
1.17233
1.17244
1.17254
1.17265
1.17276
1.17286
1.17297
1.17308
1.17319
1.1733
1.17341
1.17352
1.17364
1.17375
1.17386
1.17398
1.17409
1.17421
1.17432
1.17444
1.17455
1.17467
1.17479
1.17491
1.17503
1.17514
1.17526
1.17538
1.17551
1.17563
1.17575
1.17587
1.17599
1.17612
1.17624
1.17637
1.17649
1.17662
1.17674
1.17687
1.177
1.17713
1.17725
1.17738
1.17751
1.17764
1.17777
1.1779
1.17803
1.17817
1.1783
1.17843
1.17856
1.1787
1.17883
1.17897
1.1791
1.17924
1.17937
1.17951
1.17964
1.17978
1.17992
1.18006
1.1802
1.18033
1.18047
1.18061
1.18075
1.18089
1.18103
1.18118
1.18132
1.18146
1.1816
1.18174
1.18189
1.18203
1.18218
1.18232
1.18246
1.18261
1.18275
1.1829
1.18305
1.18319
1.18334
1.18349
1.18363
1.18378
1.18393
1.18408
1.18423
1.18438
1.18452
1.18467
1.18482
1.18497
1.18512
1.18528
1.18543
1.18558
1.18573
1.18588
1.18603
1.18618
1.18634
1.18649
1.18664
1.1868
1.18695
1.1871
1.18726
1.18741
1.18757
1.18772
1.18788
1.18803
1.18819
1.18834
1.1885
1.18865
1.18881
1.18896
1.18912
1.18928
1.18943
1.18959
1.18975
1.1899
1.19006
1.19022
1.19038
1.19053
1.19069
1.19085
1.19101
1.19117
1.19132
1.19148
1.19164
1.1918
1.19196
1.19212
1.19228
1.19244
1.1926
1.19275
1.19291
1.19307
1.19323
1.19339
1.19355
1.19371
1.19387
1.19403
1.19419
1.19435
1.19451
1.19467
1.19483
1.19499
1.19515
1.19531
1.19547
1.19563
1.1958
1.19596
1.19612
1.19628
1.19644
1.1966
1.19676
1.19692
1.19708
1.19724
1.1974
1.19756
1.19772
1.19788
1.19804
1.19821
1.19837
1.19853
1.19869
1.19885
1.19901
1.19917
1.19933
1.19949
1.19965
1.19981
1.19997
1.20014
1.2003
1.20046
1.20062
1.20078
1.20094
1.2011
1.20126
1.20142
1.20158
1.20174
1.2019
1.20206
1.20222
1.20238
1.20255
1.20271
1.20287
1.20303
1.20319
1.20335
1.20351
1.20367
1.20383
1.20399
1.20415
1.20431
1.20447
1.20463
1.20479
1.20495
1.20511
1.20527
1.20543
1.20559
1.20575
1.20591
1.20607
1.20623
1.20639
1.20655
1.20671
1.20687
1.20703
1.20719
1.20735
1.20751
1.20767
1.20783
1.20799
1.20815
1.20831
1.20847
1.20863
1.20879
1.20895
1.20911
1.20927
1.20943
1.20959
1.20975
1.20991
1.21007
1.21023
1.21039
1.21055
1.21071
1.21087
1.21103
1.21119
1.21135
1.21151
1.21167
1.21183
1.21199
1.21215
1.21231
1.21247
1.21263
1.21279
1.21295
1.21311
1.21327
1.21343
1.21359
1.21376
1.21392
1.21408
1.21424
1.2144
1.21456
1.21472
1.21488
1.21504
1.2152
1.21536
1.21552
1.21569
1.21585
1.21601
1.21617
1.21633
1.21649
1.21665
1.21681
1.21698
1.21714
1.2173
1.21746
1.21762
1.21779
1.21795
1.21811
1.21827
1.21843
1.2186
1.21876
1.21892
1.21908
1.21925
1.21941
1.21957
1.21974
1.2199
1.22006
1.22022
1.22039
1.22055
1.22071
1.22088
1.22104
1.22121
1.22137
1.22153
1.2217
1.22186
1.22203
1.22219
1.22235
1.22252
1.22268
1.22285
1.22301
1.22318
1.22334
1.22351
1.22367
1.22384
1.224
1.22417
1.22433
1.2245
1.22466
1.22483
1.22499
1.22516
1.22533
1.22549
1.22566
1.22582
1.22599
1.22616
1.22632
1.22649
1.22665
1.22682
1.22699
1.22715
1.22732
1.22749
1.22765
1.22782
1.22799
1.22815
1.22832
1.22849
1.22866
1.22882
1.22899
1.22916
1.22932
1.22949
1.22966
1.22983
1.22999
1.23016
1.23033
1.2305
1.23066
1.23083
1.231
1.23117
1.23133
1.2315
1.23167
1.23183
1.232
1.23217
1.23234
1.2325
1.23267
1.23284
1.23301
1.23317
1.23334
1.23351
1.23367
1.23384
1.23401
1.23418
1.23434
1.23451
1.23468
1.23484
1.23501
1.23518
1.23534
1.23551
1.23567
1.23584
1.23601
1.23617
1.23634
1.2365
1.23667
1.23683
1.237
1.23716
1.23733
1.23749
1.23766
1.23782
1.23799
1.23815
1.23832
1.23848
1.23864
1.23881
1.23897
1.23913
1.2393
1.23946
1.23962
1.23978
1.23994
1.24011
1.24027
1.24043
1.24059
1.24075
1.24091
1.24107
1.24123
1.24139
1.24155
1.24171
1.24187
1.24203
1.24218
1.24234
1.2425
1.24266
1.24281
1.24297
1.24313
1.24328
1.24344
1.24359
1.24375
1.2439
1.24406
1.24421
1.24436
1.24452
1.24467
1.24482
1.24497
1.24512
1.24527
1.24542
1.24557
1.24572
1.24587
1.24602
1.24617
1.24632
1.24647
1.24661
1.24676
1.24691
1.24705
1.2472
1.24734
1.24748
1.24763
1.24777
1.24791
1.24806
1.2482
1.24834
1.24848
1.24862
1.24876
1.2489
1.24904
1.24917
1.24931
1.24945
1.24958
1.24972
1.24985
1.24999
1.25012
1.25026
1.25039
1.25052
1.25065
1.25078
1.25091
1.25104
1.25117
1.2513
1.25143
1.25155
1.25168
1.25181
1.25193
1.25206
1.25218
1.2523
1.25243
1.25255
1.25267
1.25279
1.25291
1.25303
1.25315
1.25327
1.25338
1.2535
1.25362
1.25373
1.25385
1.25396
1.25407
1.25419
1.2543
1.25441
1.25452
1.25463
1.25474
1.25485
1.25495
1.25506
1.25517
1.25527
1.25538
1.25548
1.25559
1.25569
1.25579
1.25589
1.25599
1.25609
1.25619
1.25629
1.25639
1.25648
1.25658
1.25667
1.25677
1.25686
1.25696
1.25705
1.25714
1.25723
1.25732
1.25741
1.2575
1.25759
1.25768
1.25776
1.25785
1.25793
1.25802
1.2581
1.25818
1.25827
1.25835
1.25843
1.25851
1.25859
1.25867
1.25874
1.25882
1.2589
1.25897
1.25905
1.25912
1.2592
1.25927
1.25934
1.25941
1.25948
1.25955
1.25962
1.25969
1.25976
1.25982
1.25989
1.25996
1.26002
1.26009
1.26015
1.26021
1.26027
1.26034
1.2604
1.26046
1.26052
1.26057
1.26063
1.26069
1.26075
1.2608
1.26086
1.26091
1.26097
1.26102
1.26107
1.26113
1.26118
1.26123
1.26128
1.26133
1.26138
1.26142
1.26147
1.26152
1.26157
1.26161
1.26166
1.2617
1.26174
1.26179
1.26183
1.26187
1.26191
1.26196
1.262
1.26204
1.26208
1.26211
1.26215
1.26219
1.26223
1.26226
1.2623
1.26233
1.26237
1.2624
1.26244
1.26247
1.2625
1.26253
1.26257
1.2626
1.26263
1.26266
1.26269
1.26272
1.26275
1.26277
1.2628
1.26283
1.26285
1.26288
1.26291
1.26293
1.26296
1.26298
1.263
1.26303
1.26305
1.26307
1.2631
1.26312
1.26314
1.26316
1.26318
1.2632
1.26322
1.26324
1.26326
1.26328
1.26329
1.26331
1.26333
1.26335
1.26336
1.26338
1.2634
1.26341
1.26343
1.26344
1.26346
1.26347
1.26348
1.2635
1.26351
1.26352
1.26354
1.26355
1.26356
1.26357
1.26358
1.26359
1.2636
1.26361
1.26362
1.26363
1.26364
1.26365
1.26366
1.26367
1.26368
1.26369
1.2637
1.2637
1.26371
1.26372
1.26373
1.26373
1.26374
1.26375
1.26375
1.26376
1.26376
1.26377
1.26378
1.26378
1.26379
1.26379
1.2638
1.2638
1.2638
1.26381
1.26381
1.26382
1.26382
1.26382
1.26383
1.26383
1.26383
1.26384
1.26384
1.26384
1.26384
1.26385
1.26385
1.26385
1.26385
1.26385
1.26386
1.26386
1.26386
1.26386
1.26386
1.26386
1.26386
1.26386
1.26386
1.26387
1.26387
1.26387
1.26387
1.26387
1.26387
1.26387
1.26387
1.26387
1.26387
1.26387
1.26387
1.26387
1.26387
1.26387
1.26387
1.26387
1.26387
1.26387
1.26387
1.26387
1.26386
1.26386
1.26386
1.26386
1.26386
1.26386
1.26386
1.26386
1.26386
1.26386
1.26386
1.26386
1.26385
1.26385
1.26385
1.26385
1.26385
1.26385
1.26385
1.26385
1.26385
1.26384
1.26384
1.26384
1.26384
1.26384
1.26384
1.26384
1.26384
1.26383
1.26383
1.26383
1.26383
1.26383
1.26383
1.26383
1.26383
1.26382
1.26382
1.26382
1.26382
1.26382
1.26382
1.26382
1.26382
1.26382
1.26381
1.26381
1.26381
1.26381
1.26381
1.26381
1.26381
1.26381
1.26381
1.2638
1.2638
1.2638
1.2638
1.2638
1.2638
1.2638
1.2638
1.2638
1.2638
1.2638
1.26379
1.26379
1.26379
1.26379
1.26379
1.26379
1.26379
1.26379
1.26379
1.26379
1.26379
1.26379
1.26379
1.26379
1.26379
1.26378
1.26378
1.26378
1.26378
1.26378
1.26378
1.26378
1.26378
1.26378
1.26378
1.26378
1.26378
1.26378
1.26378
1.26378
1.26378
1.26378
1.26378
1.26378
1.26378
1.26378
1.26378
1.26378
1.26378
1.26378
1.26378
1.26378
1.26378
1.26378
1.26378
1.26378
1.26378
1.26378
1.26378
1.26378
1.26378
1.26378
1.26378
1.26378
1.26378
1.26378
1.26378
1.26378
1.26378
1.26378
1.26378
1.26378
1.26378
1.26378
1.26378
1.26378
1.26378
1.26378
1.26378
1.26378
1.26378
1.26378
1.26378
1.26378
1.26378
1.26378
1.26378
1.26378
1.26378
1.26378
1.26378
1.26378
1.26378
1.26378
1.26378
1.26378
1.26378
1.26378
1.26378
1.26378
1.26378
1.26378
1.26378
1.26378
1.26378
1.26378
1.26378
1.26378
1.26378
1.26378
1.26378
1.26378
1.26378
1.26378
1.26378
1.26378
1.26378
1.26378
1.26378
1.26378
1.26379
1.26379
1.26379
1.26379
1.26379
1.26379
1.26379
1.26379
1.26379
1.26379
1.26379
1.26379
1.26379
1.26379
1.26379
1.26379
1.26379
1.26379
1.26379
1.26379
1.26379
1.26379
1.26379
1.26379
1.26379
1.26379
1.26379
1.26379
1.26379
1.26379
1.26379
1.26379
1.26379
1.26379
1.26379
1.26379
1.26379
1.26379
1.26379
1.26379
1.26379
1.26379
1.26379
1.26379
1.26379
1.26379
1.26379
1.26379
1.26379
1.26379
1.26379
1.26379
1.26379
1.26379
1.26379
1.26379
1.26379
1.26379
1.26379
1.26379
1.26379
1.26379
1.26379
1.26379
1.26379
1.26379
1.26379
1.26379
1.26379
1.26379
1.26379
1.26379
1.26379
1.26379
1.26379
1.26379
1.26379
1.26379
1.26379
1.26379
1.26379
1.26379
1.26379
1.26379
1.26379
1.26379
1.26379
1.26379
1.26379
1.26379
1.26379
1.26379
1.26379
1.26379
1.26379
1.26379
1.26379
1.26379
1.26379
1.26378
1.26378
1.26378
1.26378
1.26378
1.26378
1.26378
1.26378
1.26378
1.26378
1.26378
1.26378
1.26378
1.26378
1.26378
1.26378
1.26378
1.26378
1.26378
1.26378
1.26378
1.26378
1.26378
1.26378
1.26378
1.26378
1.26378
1.26378
1.26378
1.26378
1.26378
1.26378
1.26378
1.26378
1.26378
1.26378
1.26378
1.26378
1.26378
1.26378
1.26378
1.26378
1.26378
1.26378
1.26378
1.26378
1.26378
1.26378
1.26378
1.26378
1.26378
1.26378
1.26378
1.26378
1.26378
1.26378
1.26378
1.26378
1.26378
1.26378
1.26378
1.26378
1.26378
1.26378
1.26378
1.26378
1.26378
1.26378
1.26378
1.26378
1.26378
1.26378
1.26378
1.26378
1.26378
1.26378
1.26378
1.26378
1.26378
1.26378
1.26378
1.26378
1.26378
1.26378
1.26378
1.26378
1.26378
1.26378
1.26378
1.26378
1.26378
1.26378
1.26378
1.26378
1.26378
1.26378
1.26378
1.26378
1.26378
1.26378
1.26378
1.26378
1.26378
1.26378
1.26378
1.26378
1.26378
1.26378
1.26378
1.26378
1.26378
1.26378
1.26378
1.26378
1.26378
1.26378
1.26378
1.26378
1.26378
1.26378
1.26378
1.26378
1.26378
1.26378
1.26378
1.26378
1.26378
1.26378
1.26378
1.26378
1.26378
1.26378
1.26378
1.26378
1.26378
1.26378
1.26378
1.26378
1.26378
1.26378
1.26378
1.26379
1.26379
1.26379
1.26379
1.26379
1.26379
1.26379
1.26379
1.26379
1.26379
1.26379
1.26379
1.26379
1.26379
1.26379
1.26379
1.26379
1.26379
1.26379
1.26379
1.26379
1.26379
1.26379
1.26379
1.26379
1.26379
1.26379
1.26379
1.26379
1.26379
1.26379
1.26379
1.26379
1.26379
1.26379
1.26379
1.26379
1.26379
1.26379
1.26379
1.26379
1.26379
1.26379
1.26379
1.26379
1.26379
1.26379
1.26379
1.26379
1.26379
1.26379
1.26379
1.26379
1.26379
1.26379
1.26379
1.26379
1.26379
1.26379
1.26379
1.26379
1.26379
1.26379
1.26379
1.26379
1.26379
1.26379
1.26379
1.26379
1.26379
1.26379
1.26379
1.26379
1.26379
1.26379
1.26379
1.26379
1.26379
1.26379
1.26379
1.26379
1.26379
1.26379
1.26379
1.26379
1.26379
1.26379
1.26379
1.26379
1.26379
1.26379
1.26379
1.26379
1.26379
1.26379
1.26379
1.26379
1.26379
1.26379
1.26379
1.26379
1.26379
1.26379
1.26379
1.26379
1.26379
1.26379
1.26379
1.26379
1.26379
1.26379
1.26379
1.26379
1.26379
1.26379
1.26379
1.26379
1.26379
1.26379
1.26379
1.26379
1.26379
1.26379
1.26379
1.26379
1.26379
1.26379
1.26379
1.26379
1.26379
1.26379
1.26379
1.26379
1.26379
1.26379
1.26379
1.26379
1.26379
1.26379
1.26379
1.26379
1.26379
1.26379
1.26379
1.26379
1.2638
1.2638
1.2638
1.2638
1.2638
1.2638
1.2638
1.2638
1.2638
1.2638
1.2638
1.2638
1.2638
1.2638
1.2638
1.2638
1.2638
1.2638
1.2638
1.2638
1.2638
1.2638
1.2638
1.2638
1.2638
1.26379
1.26379
1.26379
1.26379
1.26379
1.26379
1.26379
1.26379
1.26379
1.26379
1.26379
1.26379
1.26379
1.26379
1.26379
1.26379
1.26379
1.26379
1.26379
1.26379
1.26379
1.26379
1.26379
1.26379
1.26379
1.2638
1.2638
1.2638
1.2638
1.2638
1.2638
1.2638
1.2638
1.2638
1.2638
1.2638
1.2638
1.2638
1.2638
1.2638
1.2638
1.2638
1.2638
1.2638
1.2638
1.2638
1.2638
1.2638
1.2638
1.2638
1.2638
1.2638
1.2638
1.2638
1.2638
1.2638
1.2638
1.2638
1.26381
1.26381
1.26381
1.26381
1.26381
1.26381
1.26381
1.26381
1.26381
1.26381
1.26381
1.26382
1.26382
1.26382
1.26382
1.26382
1.26382
1.26382
1.26383
1.26383
1.26383
1.26383
1.26383
1.26383
1.26384
1.26384
1.26384
1.26384
1.26384
1.26385
1.26385
1.26385
1.26385
1.26386
1.26386
1.26386
1.26386
1.26387
1.26387
1.26387
1.26388
1.26388
1.26388
1.26389
1.26389
1.26389
1.2639
1.2639
1.2639
1.26391
1.26391
1.26392
1.26392
1.26392
1.26393
1.26393
1.26394
1.26394
1.26395
1.26395
1.26396
1.26396
1.26397
1.26398
1.26398
1.26399
1.26399
1.264
1.26401
1.26401
1.26402
1.26403
1.26403
1.26404
1.26405
1.26405
1.26406
1.26407
1.26408
1.26409
1.26409
1.2641
1.26411
1.26412
1.26413
1.26414
1.26415
1.26416
1.26417
1.26417
1.26418
1.26419
1.26421
1.26422
1.26423
1.26424
1.26425
1.26426
1.26427
1.26428
1.26429
1.26431
1.26432
1.26433
1.26434
1.26436
1.26437
1.26438
1.2644
1.26441
1.26442
1.26444
1.26445
1.26447
1.26448
1.2645
1.26451
1.26453
1.26454
1.26456
1.26458
1.26459
1.26461
1.26463
1.26464
1.26466
1.26468
1.2647
1.26472
1.26473
1.26475
1.26477
1.26479
1.26481
1.26483
1.26485
1.26487
1.26489
1.26491
1.26493
1.26495
1.26497
1.265
1.26502
1.26504
1.26506
1.26509
1.26511
1.26513
1.26516
1.26518
1.2652
1.26523
1.26525
1.26528
1.2653
1.26533
1.26535
1.26538
1.26541
1.26543
1.26546
1.26549
1.26551
1.26554
1.26557
1.2656
1.26562
1.26565
1.26568
1.26571
1.26574
1.26577
1.2658
1.26583
1.26586
1.26589
1.26592
1.26595
1.26599
1.26602
1.26605
1.26608
1.26611
1.26615
1.26618
1.26621
1.26625
1.26628
1.26632
1.26635
1.26638
1.26642
1.26646
1.26649
1.26653
1.26656
1.2666
1.26663
1.26667
1.26671
1.26675
1.26678
1.26682
1.26686
1.2669
1.26694
1.26697
1.26701
1.26705
1.26709
1.26713
1.26717
1.26721
1.26725
1.26729
1.26733
1.26737
1.26741
1.26746
1.2675
1.26754
1.26758
1.26762
1.26767
1.26771
1.26775
1.26779
1.26784
1.26788
1.26792
1.26797
1.26801
1.26805
1.2681
1.26814
1.26819
1.26823
1.26828
1.26832
1.26837
1.26841
1.26846
1.2685
1.26855
1.2686
1.26864
1.26869
1.26874
1.26878
1.26883
1.26888
1.26892
1.26897
1.26902
1.26906
1.26911
1.26916
1.26921
1.26926
1.2693
1.26935
1.2694
1.26945
1.2695
1.26954
1.26959
1.26964
1.26969
1.26974
1.26979
1.26984
1.26988
1.26993
1.26998
1.27003
1.27008
1.27013
1.27018
1.27023
1.27028
1.27033
1.27038
1.27043
1.27048
1.27053
1.27057
1.27062
1.27067
1.27072
1.27077
1.27082
1.27087
1.27092
1.27097
1.27102
1.27107
1.27112
1.27117
1.27122
1.27127
1.27132
1.27137
1.27142
1.27147
1.27152
1.27156
1.27161
1.27166
1.27171
1.27176
1.27181
1.27186
1.27191
1.27196
1.27201
1.27205
1.2721
1.27215
1.2722
1.27225
1.2723
1.27235
1.27239
1.27244
1.27249
1.27254
1.27258
1.27263
1.27268
1.27273
1.27277
1.27282
1.27287
1.27292
1.27296
1.27301
1.27306
1.2731
1.27315
1.27319
1.27324
1.27329
1.27333
1.27338
1.27342
1.27347
1.27351
1.27356
1.2736
1.27365
1.27369
1.27374
1.27378
1.27383
1.27387
1.27391
1.27396
1.274
1.27404
1.27409
1.27413
1.27417
1.27422
1.27426
1.2743
1.27434
1.27438
1.27442
1.27447
1.27451
1.27455
1.27459
1.27463
1.27467
1.27471
1.27475
1.27479
1.27483
1.27487
1.27491
1.27495
1.27499
1.27503
1.27506
1.2751
1.27514
1.27518
1.27522
1.27525
1.27529
1.27533
1.27537
1.2754
1.27544
1.27547
1.27551
1.27555
1.27558
1.27562
1.27565
1.27569
1.27572
1.27576
1.27579
1.27582
1.27586
1.27589
1.27593
1.27596
1.27599
1.27603
1.27606
1.27609
1.27612
1.27615
1.27619
1.27622
1.27625
1.27628
1.27631
1.27634
1.27637
1.2764
1.27643
1.27646
1.27649
1.27652
1.27655
1.27658
1.27661
1.27664
1.27667
1.27669
1.27672
1.27675
1.27678
1.27681
1.27683
1.27686
1.27689
1.27691
1.27694
1.27697
1.27699
1.27702
1.27704
1.27707
1.27709
1.27712
1.27714
1.27717
1.27719
1.27722
1.27724
1.27727
1.27729
1.27731
1.27734
1.27736
1.27738
1.27741
1.27743
1.27745
1.27747
1.2775
1.27752
1.27754
1.27756
1.27758
1.27761
1.27763
1.27765
1.27767
1.27769
1.27771
1.27773
1.27775
1.27777
1.27779
1.27781
1.27783
1.27785
1.27787
1.27789
1.27791
1.27793
1.27795
1.27797
1.27798
1.278
1.27802
1.27804
1.27806
1.27808
1.27809
1.27811
1.27813
1.27815
1.27816
1.27818
1.2782
1.27821
1.27823
1.27825
1.27826
1.27828
1.2783
1.27831
1.27833
1.27835
1.27836
1.27838
1.27839
1.27841
1.27843
1.27844
1.27846
1.27847
1.27849
1.2785
1.27852
1.27853
1.27855
1.27856
1.27858
1.27859
1.27861
1.27862
1.27863
1.27865
1.27866
1.27868
1.27869
1.27871
1.27872
1.27873
1.27875
1.27876
1.27877
1.27879
1.2788
1.27882
1.27883
1.27884
1.27886
1.27887
1.27888
1.2789
1.27891
1.27892
1.27894
1.27895
1.27896
1.27897
1.27899
1.279
1.27901
1.27903
1.27904
1.27905
1.27906
1.27908
1.27909
1.2791
1.27911
1.27913
1.27914
1.27915
1.27916
1.27918
1.27919
1.2792
1.27921
1.27923
1.27924
1.27925
1.27926
1.27928
1.27929
1.2793
1.27931
1.27933
1.27934
1.27935
1.27936
1.27937
1.27939
1.2794
1.27941
1.27942
1.27944
1.27945
1.27946
1.27947
1.27949
1.2795
1.27951
1.27952
1.27953
1.27955
1.27956
1.27957
1.27958
1.2796
1.27961
1.27962
1.27963
1.27965
1.27966
1.27967
1.27968
1.2797
1.27971
1.27972
1.27973
1.27975
1.27976
1.27977
1.27979
1.2798
1.27981
1.27982
1.27984
1.27985
1.27986
1.27988
1.27989
1.2799
1.27992
1.27993
1.27994
1.27996
1.27997
1.27998
1.28
1.28001
1.28002
1.28004
1.28005
1.28007
1.28008
1.28009
1.28011
1.28012
1.28014
1.28015
1.28016
1.28018
1.28019
1.28021
1.28022
1.28024
1.28025
1.28027
1.28028
1.2803
1.28031
1.28033
1.28034
1.28036
1.28037
1.28039
1.2804
1.28042
1.28044
1.28045
1.28047
1.28048
1.2805
1.28052
1.28053
1.28055
1.28057
1.28058
1.2806
1.28062
1.28063
1.28065
1.28067
1.28069
1.2807
1.28072
1.28074
1.28076
1.28077
1.28079
1.28081
1.28083
1.28085
1.28087
1.28088
1.2809
1.28092
1.28094
1.28096
1.28098
1.281
1.28102
1.28104
1.28106
1.28108
1.2811
1.28112
1.28114
1.28116
1.28118
1.2812
1.28122
1.28125
1.28127
1.28129
1.28131
1.28133
1.28135
1.28138
1.2814
1.28142
1.28145
1.28147
1.28149
1.28151
1.28154
1.28156
1.28159
1.28161
1.28163
1.28166
1.28168
1.28171
1.28173
1.28176
1.28178
1.28181
1.28184
1.28186
1.28189
1.28191
1.28194
1.28197
1.282
1.28202
1.28205
1.28208
1.28211
1.28213
1.28216
1.28219
1.28222
1.28225
1.28228
1.28231
1.28234
1.28237
1.2824
1.28243
1.28246
1.28249
1.28252
1.28255
1.28258
1.28261
1.28265
1.28268
1.28271
1.28274
1.28278
1.28281
1.28284
1.28288
1.28291
1.28294
1.28298
1.28301
1.28305
1.28308
1.28312
1.28315
1.28319
1.28322
1.28326
1.2833
1.28333
1.28337
1.28341
1.28345
1.28348
1.28352
1.28356
1.2836
1.28364
1.28368
1.28372
1.28376
1.2838
1.28384
1.28388
1.28392
1.28396
1.284
1.28404
1.28408
1.28412
1.28417
1.28421
1.28425
1.28429
1.28434
1.28438
1.28442
1.28447
1.28451
1.28456
1.2846
1.28465
1.28469
1.28474
1.28478
1.28483
1.28487
1.28492
1.28497
1.28501
1.28506
1.28511
1.28516
1.2852
1.28525
1.2853
1.28535
1.2854
1.28545
1.2855
1.28555
1.2856
1.28565
1.2857
1.28575
1.2858
1.28585
1.2859
1.28595
1.286
1.28606
1.28611
1.28616
1.28621
1.28627
1.28632
1.28637
1.28643
1.28648
1.28653
1.28659
1.28664
1.2867
1.28675
1.28681
1.28686
1.28692
1.28697
1.28703
1.28708
1.28714
1.2872
1.28725
1.28731
1.28737
1.28742
1.28748
1.28754
1.28759
1.28765
1.28771
1.28777
1.28783
1.28788
1.28794
1.288
1.28806
1.28812
1.28818
1.28824
1.2883
1.28835
1.28841
1.28847
1.28853
1.28859
1.28865
1.28871
1.28877
1.28883
1.2889
1.28896
1.28902
1.28908
1.28914
1.2892
1.28926
1.28932
1.28938
1.28944
1.28951
1.28957
1.28963
1.28969
1.28975
1.28981
1.28988
1.28994
1.29
1.29006
1.29012
1.29019
1.29025
1.29031
1.29037
1.29043
1.2905
1.29056
1.29062
1.29068
1.29075
1.29081
1.29087
1.29093
1.291
1.29106
1.29112
1.29118
1.29124
1.29131
1.29137
1.29143
1.29149
1.29156
1.29162
1.29168
1.29174
1.29181
1.29187
1.29193
1.29199
1.29205
1.29212
1.29218
1.29224
1.2923
1.29236
1.29243
1.29249
1.29255
1.29261
1.29267
1.29273
1.2928
1.29286
1.29292
1.29298
1.29304
1.2931
1.29316
1.29322
1.29329
1.29335
1.29341
1.29347
1.29353
1.29359
1.29365
1.29371
1.29377
1.29383
1.29389
1.29395
1.29401
1.29407
1.29413
1.29419
1.29425
1.29431
1.29437
1.29442
1.29448
1.29454
1.2946
1.29466
1.29472
1.29478
1.29484
1.29489
1.29495
1.29501
1.29507
1.29512
1.29518
1.29524
1.2953
1.29535
1.29541
1.29547
1.29553
1.29558
1.29564
1.2957
1.29575
1.29581
1.29587
1.29592
1.29598
1.29603
1.29609
1.29615
1.2962
1.29626
1.29631
1.29637
1.29642
1.29648
1.29653
1.29659
1.29664
1.2967
1.29675
1.29681
1.29686
1.29692
1.29697
1.29702
1.29708
1.29713
1.29719
1.29724
1.2973
1.29735
1.2974
1.29746
1.29751
1.29756
1.29762
1.29767
1.29772
1.29778
1.29783
1.29789
1.29794
1.29799
1.29805
1.2981
1.29815
1.29821
1.29826
1.29831
1.29836
1.29842
1.29847
1.29852
1.29858
1.29863
1.29868
1.29874
1.29879
1.29884
1.2989
1.29895
1.299
1.29906
1.29911
1.29917
1.29922
1.29927
1.29933
1.29938
1.29943
1.29949
1.29954
1.2996
1.29965
1.29971
1.29976
1.29981
1.29987
1.29992
1.29998
1.30003
1.30009
1.30015
1.3002
1.30026
1.30031
1.30037
1.30042
1.30048
1.30054
1.30059
1.30065
1.30071
1.30076
1.30082
1.30088
1.30094
1.301
1.30105
1.30111
1.30117
1.30123
1.30129
1.30135
1.30141
1.30147
1.30153
1.30159
1.30165
1.30171
1.30177
1.30183
1.3019
1.30196
1.30202
1.30208
1.30215
1.30221
1.30227
1.30234
1.3024
1.30247
1.30253
1.3026
1.30267
1.30273
1.3028
1.30287
1.30293
1.303
1.30307
1.30314
1.30321
1.30328
1.30335
1.30342
1.30349
1.30356
1.30363
1.3037
1.30377
1.30385
1.30392
1.304
1.30407
1.30414
1.30422
1.3043
1.30437
1.30445
1.30453
1.3046
1.30468
1.30476
1.30484
1.30492
1.305
1.30508
1.30516
1.30525
1.30533
1.30541
1.3055
1.30558
1.30567
1.30575
1.30584
1.30592
1.30601
1.3061
1.30619
1.30628
1.30637
1.30646
1.30655
1.30664
1.30673
1.30682
1.30692
1.30701
1.30711
1.3072
1.3073
1.3074
1.30749
1.30759
1.30769
1.30779
1.30789
1.30799
1.30809
1.30819
1.3083
1.3084
1.30851
1.30861
1.30872
1.30882
1.30893
1.30904
1.30915
1.30926
1.30937
1.30948
1.30959
1.3097
1.30982
1.30993
1.31004
1.31016
1.31028
1.31039
1.31051
1.31063
1.31075
1.31087
1.31099
1.31111
1.31123
1.31136
1.31148
1.31161
1.31173
1.31186
1.31199
1.31212
1.31224
1.31237
1.31251
1.31264
1.31277
1.3129
1.31304
1.31317
1.31331
1.31344
1.31358
1.31372
1.31386
1.314
1.31414
1.31428
1.31443
1.31457
1.31471
1.31486
1.31501
1.31515
1.3153
1.31545
1.3156
1.31575
1.3159
1.31605
1.31621
1.31636
1.31652
1.31667
1.31683
1.31699
1.31715
1.31731
1.31747
1.31763
1.31779
1.31796
1.31812
1.31829
1.31845
1.31862
1.31879
1.31896
1.31913
1.3193
1.31947
1.31965
1.31982
1.32
1.32017
1.32035
1.32053
1.32071
1.32089
1.32107
1.32125
1.32143
1.32162
1.3218
1.32199
1.32217
1.32236
1.32255
1.32274
1.32293
1.32312
1.32332
1.32351
1.3237
1.3239
1.3241
1.32429
1.32449
1.32469
1.32489
1.3251
1.3253
1.3255
1.32571
1.32591
1.32612
1.32633
1.32654
1.32675
1.32696
1.32717
1.32739
1.3276
1.32782
1.32803
1.32825
1.32847
1.32869
1.32891
1.32913
1.32935
1.32958
1.3298
1.33003
1.33025
1.33048
1.33071
1.33094
1.33117
1.3314
1.33164
1.33187
1.33211
1.33234
1.33258
1.33282
1.33306
1.3333
1.33354
1.33378
1.33403
1.33427
1.33452
1.33477
1.33501
1.33526
1.33551
1.33576
1.33602
1.33627
1.33652
1.33678
1.33704
1.33729
1.33755
1.33781
1.33807
1.33834
1.3386
1.33886
1.33913
1.33939
1.33966
1.33993
1.3402
1.34047
1.34074
1.34101
1.34129
1.34156
1.34184
1.34211
1.34239
1.34267
1.34295
1.34323
1.34351
1.3438
1.34408
1.34436
1.34465
1.34494
1.34523
1.34551
1.3458
1.3461
1.34639
1.34668
1.34697
1.34727
1.34757
1.34786
1.34816
1.34846
1.34876
1.34906
1.34936
1.34967
1.34997
1.35028
1.35058
1.35089
1.3512
1.3515
1.35181
1.35212
1.35244
1.35275
1.35306
1.35338
1.35369
1.35401
1.35433
1.35464
1.35496
1.35528
1.3556
1.35592
1.35625
1.35657
1.35689
1.35722
1.35754
1.35787
1.3582
1.35853
1.35886
1.35919
1.35952
1.35985
1.36018
1.36051
1.36085
1.36118
1.36152
1.36185
1.36219
1.36253
1.36287
1.3632
1.36354
1.36388
1.36423
1.36457
1.36491
1.36525
1.3656
1.36594
1.36629
1.36663
1.36698
1.36732
1.36767
1.36802
1.36837
1.36872
1.36907
1.36942
1.36977
1.37012
1.37047
1.37082
1.37118
1.37153
1.37189
1.37224
1.37259
1.37295
1.37331
1.37366
1.37402
1.37437
1.37473
1.37509
1.37545
1.37581
1.37616
1.37652
1.37688
1.37724
1.3776
1.37796
1.37832
1.37868
1.37904
1.37941
1.37977
1.38013
1.38049
1.38085
1.38121
1.38158
1.38194
1.3823
1.38266
1.38303
1.38339
1.38375
1.38412
1.38448
1.38484
1.3852
1.38557
1.38593
1.38629
1.38666
1.38702
1.38738
1.38774
1.38811
1.38847
1.38883
1.38919
1.38956
1.38992
1.39028
1.39064
1.391
1.39136
1.39172
1.39208
1.39244
1.3928
1.39316
1.39352
1.39388
1.39424
1.3946
1.39496
1.39532
1.39567
1.39603
1.39639
1.39674
1.3971
1.39745
1.39781
1.39816
1.39851
1.39887
1.39922
1.39957
1.39992
1.40027
1.40062
1.40097
1.40132
1.40167
1.40202
1.40236
1.40271
1.40306
1.4034
1.40375
1.40409
1.40443
1.40477
1.40511
1.40545
1.40579
1.40613
1.40647
1.40681
1.40714
1.40748
1.40781
1.40815
1.40848
1.40881
1.40914
1.40947
1.4098
1.41013
1.41045
1.41078
1.4111
1.41143
1.41175
1.41207
1.41239
1.41271
1.41303
1.41335
1.41366
1.41398
1.41429
1.4146
1.41492
1.41523
1.41554
1.41584
1.41615
1.41646
1.41676
1.41706
1.41737
1.41767
1.41797
1.41826
1.41856
1.41886
1.41915
1.41944
1.41973
1.42002
1.42031
1.4206
1.42089
1.42117
1.42146
1.42174
1.42202
1.4223
1.42258
1.42285
1.42313
1.4234
1.42367
1.42394
1.42421
1.42448
1.42475
1.42501
1.42527
1.42554
1.4258
1.42606
1.42631
1.42657
1.42682
1.42708
1.42733
1.42758
1.42783
1.42807
1.42832
1.42856
1.4288
1.42904
1.42928
1.42952
1.42975
1.42999
1.43022
1.43045
1.43068
1.43091
1.43114
1.43136
1.43158
1.43181
1.43202
1.43224
1.43246
1.43267
1.43289
1.4331
1.43331
1.43352
1.43373
1.43393
1.43413
1.43434
1.43454
1.43474
1.43493
1.43513
1.43532
1.43552
1.43571
1.4359
1.43608
1.43627
1.43645
1.43664
1.43682
1.437
1.43717
1.43735
1.43752
1.4377
1.43787
1.43804
1.43821
1.43837
1.43854
1.4387
1.43886
1.43902
1.43918
1.43934
1.4395
1.43965
1.4398
1.43995
1.4401
1.44025
1.4404
1.44054
1.44069
1.44083
1.44097
1.44111
1.44124
1.44138
1.44151
1.44165
1.44178
1.44191
1.44203
1.44216
1.44229
1.44241
1.44253
1.44265
1.44277
1.44289
1.44301
1.44312
1.44324
1.44335
1.44346
1.44357
1.44368
1.44378
1.44389
1.44399
1.4441
1.4442
1.4443
1.4444
1.44449
1.44459
1.44468
1.44478
1.44487
1.44496
1.44505
1.44514
1.44523
1.44531
1.4454
1.44548
1.44556
1.44564
1.44572
1.4458
1.44588
1.44595
1.44603
1.4461
1.44617
1.44625
1.44632
1.44639
1.44645
1.44652
1.44659
1.44665
1.44672
1.44678
1.44684
1.4469
1.44696
1.44702
1.44708
1.44713
1.44719
1.44724
1.4473
1.44735
1.4474
1.44745
1.4475
1.44755
1.4476
1.44764
1.44769
1.44774
1.44778
1.44782
1.44787
1.44791
1.44795
1.44799
1.44803
1.44807
1.4481
1.44814
1.44818
1.44821
1.44825
1.44828
1.44831
1.44834
1.44838
1.44841
1.44844
1.44847
1.44849
1.44852
1.44855
1.44858
1.4486
1.44863
1.44865
1.44868
1.4487
1.44872
1.44874
1.44877
1.44879
1.44881
1.44883
1.44885
1.44887
1.44888
1.4489
1.44892
1.44894
1.44895
1.44897
1.44898
1.449
1.44901
1.44903
1.44904
1.44905
1.44907
1.44908
1.44909
1.4491
1.44911
1.44912
1.44913
1.44914
1.44915
1.44916
1.44917
1.44918
1.44919
1.44919
1.4492
1.44921
1.44921
1.44922
1.44923
1.44923
1.44924
1.44924
1.44925
1.44925
1.44926
1.44926
1.44926
1.44927
1.44927
1.44927
1.44928
1.44928
1.44928
1.44928
1.44929
1.44929
1.44929
1.44929
1.44929
1.44929
1.4493
1.4493
1.4493
1.4493
1.4493
1.4493
1.4493
1.4493
1.4493
1.4493
1.4493
1.4493
1.4493
1.44929
1.44929
1.44929
1.44929
1.44929
1.44929
1.44929
1.44929
1.44929
1.44928
1.44928
1.44928
1.44928
1.44928
1.44928
1.44927
1.44927
1.44927
1.44927
1.44927
1.44926
1.44926
1.44926
1.44926
1.44925
1.44925
1.44925
1.44925
1.44925
1.44924
1.44924
1.44924
1.44924
1.44923
1.44923
1.44923
1.44923
1.44923
1.44922
1.44922
1.44922
1.44922
1.44921
1.44921
1.44921
1.44921
1.44921
1.4492
1.4492
1.4492
1.4492
1.44919
1.44919
1.44919
1.44919
1.44919
1.44918
1.44918
1.44918
1.44918
1.44918
1.44918
1.44917
1.44917
1.44917
1.44917
1.44917
1.44917
1.44916
1.44916
1.44916
1.44916
1.44916
1.44916
1.44916
1.44915
1.44915
1.44915
1.44915
1.44915
1.44915
1.44915
1.44915
1.44915
1.44915
1.44914
1.44914
1.44914
1.44914
1.44914
1.44914
1.44914
1.44914
1.44914
1.44914
1.44914
1.44914
1.44914
1.44914
1.44914
1.44914
1.44914
1.44914
1.44914
1.44914
1.44914
1.44914
1.44914
1.44914
1.44914
1.44914
1.44914
1.44914
1.44914
1.44914
1.44914
1.44914
1.44914
1.44914
1.44914
1.44914
1.44914
1.44914
1.44914
1.44914
1.44914
1.44914
1.44914
1.44914
1.44914
1.44914
1.44914
1.44914
1.44914
1.44914
1.44914
1.44914
1.44915
1.44915
1.44915
1.44915
1.44915
1.44915
1.44915
1.44915
1.44915
1.44915
1.44915
1.44915
1.44915
1.44915
1.44916
1.44916
1.44916
1.44916
1.44916
1.44916
1.44916
1.44916
1.44916
1.44916
1.44916
1.44916
1.44916
1.44916
1.44917
1.44917
1.44917
1.44917
1.44917
1.44917
1.44917
1.44917
1.44917
1.44917
1.44917
1.44917
1.44917
1.44917
1.44917
1.44918
1.44918
1.44918
1.44918
1.44918
1.44918
1.44918
1.44918
1.44918
1.44918
1.44918
1.44918
1.44918
1.44918
1.44918
1.44918
1.44918
1.44918
1.44918
1.44918
1.44918
1.44918
1.44919
1.44919
1.44919
1.44919
1.44919
1.44919
1.44919
1.44919
1.44919
1.44919
1.44919
1.44919
1.44919
1.44919
1.44919
1.44919
1.44919
1.44919
1.44919
1.44919
1.44919
1.44919
1.44919
1.44919
1.44919
1.44919
1.44919
1.44919
1.44919
1.44919
1.44919
1.44919
1.44919
1.44919
1.44919
1.44919
1.44919
1.44919
1.44919
1.44919
1.44919
1.44919
1.44919
1.44919
1.44919
1.44919
1.44919
1.44919
1.44919
1.44919
1.44919
1.44919
1.44919
1.44919
1.44919
1.44919
1.44919
1.44919
1.44919
1.44919
1.44919
1.44919
1.44919
1.44919
1.44919
1.44919
1.44919
1.44919
1.44919
1.44919
1.44919
1.44919
1.44919
1.44919
1.44919
1.44919
1.44919
1.44919
1.44919
1.44919
1.44919
1.4492
1.4492
1.4492
1.4492
1.4492
1.4492
1.4492
1.4492
1.4492
1.4492
1.44921
1.44921
1.44921
1.44921
1.44921
1.44921
1.44921
1.44922
1.44922
1.44922
1.44922
1.44922
1.44923
1.44923
1.44923
1.44923
1.44923
1.44924
1.44924
1.44924
1.44925
1.44925
1.44925
1.44925
1.44926
1.44926
1.44926
1.44927
1.44927
1.44928
1.44928
1.44928
1.44929
1.44929
1.4493
1.4493
1.44931
1.44931
1.44932
1.44932
1.44933
1.44933
1.44934
1.44934
1.44935
1.44936
1.44936
1.44937
1.44937
1.44938
1.44939
1.4494
1.4494
1.44941
1.44942
1.44943
1.44943
1.44944
1.44945
1.44946
1.44947
1.44948
1.44949
1.4495
1.4495
1.44951
1.44952
1.44954
1.44955
1.44956
1.44957
1.44958
1.44959
1.4496
1.44961
1.44963
1.44964
1.44965
1.44966
1.44968
1.44969
1.4497
1.44972
1.44973
1.44975
1.44976
1.44978
1.44979
1.44981
1.44982
1.44984
1.44985
1.44987
1.44989
1.44991
1.44992
1.44994
1.44996
1.44998
1.45
1.45002
1.45004
1.45006
1.45008
1.4501
1.45012
1.45014
1.45016
1.45018
1.4502
1.45023
1.45025
1.45027
1.4503
1.45032
1.45034
1.45037
1.45039
1.45042
1.45045
1.45047
1.4505
1.45053
1.45055
1.45058
1.45061
1.45064
1.45067
1.4507
1.45073
1.45076
1.45079
1.45082
1.45085
1.45088
1.45091
1.45095
1.45098
1.45101
1.45105
1.45108
1.45112
1.45115
1.45119
1.45122
1.45126
1.4513
1.45133
1.45137
1.45141
1.45145
1.45149
1.45153
1.45157
1.45161
1.45165
1.45169
1.45173
1.45178
1.45182
1.45186
1.45191
1.45195
1.452
1.45204
1.45209
1.45214
1.45218
1.45223
1.45228
1.45233
1.45238
1.45243
1.45248
1.45253
1.45258
1.45263
1.45268
1.45274
1.45279
1.45284
1.4529
1.45295
1.45301
1.45306
1.45312
1.45318
1.45323
1.45329
1.45335
1.45341
1.45347
1.45353
1.45359
1.45365
1.45371
1.45378
1.45384
1.4539
1.45397
1.45403
1.4541
1.45416
1.45423
1.4543
1.45436
1.45443
1.4545
1.45457
1.45464
1.45471
1.45478
1.45485
1.45492
1.45499
1.45507
1.45514
1.45521
1.45529
1.45536
1.45544
1.45552
1.45559
1.45567
1.45575
1.45583
1.45591
1.45599
1.45607
1.45615
1.45623
1.45631
1.45639
1.45648
1.45656
1.45664
1.45673
1.45681
1.4569
1.45699
1.45707
1.45716
1.45725
1.45734
1.45743
1.45752
1.45761
1.4577
1.45779
1.45788
1.45797
1.45807
1.45816
1.45825
1.45835
1.45844
1.45854
1.45864
1.45873
1.45883
1.45893
1.45903
1.45912
1.45922
1.45932
1.45942
1.45952
1.45963
1.45973
1.45983
1.45993
1.46004
1.46014
1.46025
1.46035
1.46046
1.46056
1.46067
1.46077
1.46088
1.46099
1.4611
1.46121
1.46132
1.46143
1.46154
1.46165
1.46176
1.46187
1.46198
1.46209
1.46221
1.46232
1.46243
1.46255
1.46266
1.46278
1.46289
1.46301
1.46313
1.46324
1.46336
1.46348
1.4636
1.46371
1.46383
1.46395
1.46407
1.46419
1.46431
1.46443
1.46455
1.46468
1.4648
1.46492
1.46504
1.46516
1.46529
1.46541
1.46553
1.46566
1.46578
1.46591
1.46603
1.46616
1.46628
1.46641
1.46654
1.46666
1.46679
1.46692
1.46704
1.46717
1.4673
1.46743
1.46756
1.46769
1.46781
1.46794
1.46807
1.4682
1.46833
1.46846
1.46859
1.46872
1.46885
1.46898
1.46911
1.46925
1.46938
1.46951
1.46964
1.46977
1.4699
1.47004
1.47017
1.4703
1.47043
1.47056
1.4707
1.47083
1.47096
1.4711
1.47123
1.47136
1.47149
1.47163
1.47176
1.47189
1.47203
1.47216
1.47229
1.47243
1.47256
1.47269
1.47283
1.47296
1.47309
1.47323
1.47336
1.47349
1.47363
1.47376
1.47389
1.47403
1.47416
1.47429
1.47442
1.47456
1.47469
1.47482
1.47496
1.47509
1.47522
1.47535
1.47548
1.47562
1.47575
1.47588
1.47601
1.47614
1.47627
1.4764
1.47653
1.47666
1.47679
1.47692
1.47705
1.47718
1.47731
1.47744
1.47757
1.4777
1.47783
1.47795
1.47808
1.47821
1.47834
1.47846
1.47859
1.47872
1.47884
1.47897
1.47909
1.47922
1.47934
1.47947
1.47959
1.47971
1.47984
1.47996
1.48008
1.4802
1.48033
1.48045
1.48057
1.48069
1.48081
1.48093
1.48105
1.48117
1.48129
1.4814
1.48152
1.48164
1.48175
1.48187
1.48199
1.4821
1.48222
1.48233
1.48244
1.48256
1.48267
1.48278
1.48289
1.48301
1.48312
1.48323
1.48334
1.48344
1.48355
1.48366
1.48377
1.48388
1.48398
1.48409
1.48419
1.4843
1.4844
1.48451
1.48461
1.48471
1.48481
1.48491
1.48501
1.48511
1.48521
1.48531
1.48541
1.48551
1.48561
1.4857
1.4858
1.48589
1.48599
1.48608
1.48617
1.48627
1.48636
1.48645
1.48654
1.48663
1.48672
1.48681
1.4869
1.48698
1.48707
1.48716
1.48724
1.48733
1.48741
1.4875
1.48758
1.48766
1.48774
1.48782
1.4879
1.48798
1.48806
1.48814
1.48822
1.48829
1.48837
1.48845
1.48852
1.48859
1.48867
1.48874
1.48881
1.48888
1.48896
1.48903
1.48909
1.48916
1.48923
1.4893
1.48937
1.48943
1.4895
1.48956
1.48963
1.48969
1.48975
1.48981
1.48988
1.48994
1.49
1.49006
1.49012
1.49017
1.49023
1.49029
1.49034
1.4904
1.49045
1.49051
1.49056
1.49062
1.49067
1.49072
1.49077
1.49082
1.49087
1.49092
1.49097
1.49102
1.49106
1.49111
1.49116
1.4912
1.49125
1.49129
1.49134
1.49138
1.49142
1.49146
1.49151
1.49155
1.49159
1.49163
1.49167
1.4917
1.49174
1.49178
1.49182
1.49185
1.49189
1.49192
1.49196
1.49199
1.49203
1.49206
1.49209
1.49213
1.49216
1.49219
1.49222
1.49225
1.49228
1.49231
1.49234
1.49236
1.49239
1.49242
1.49245
1.49247
1.4925
1.49252
1.49255
1.49257
1.4926
1.49262
1.49264
1.49267
1.49269
1.49271
1.49273
1.49275
1.49277
1.49279
1.49281
1.49283
1.49285
1.49287
1.49289
1.49291
1.49292
1.49294
1.49296
1.49298
1.49299
1.49301
1.49302
1.49304
1.49305
1.49307
1.49308
1.49309
1.49311
1.49312
1.49313
1.49315
1.49316
1.49317
1.49318
1.49319
1.49321
1.49322
1.49323
1.49324
1.49325
1.49326
1.49327
1.49328
1.49328
1.49329
1.4933
1.49331
1.49332
1.49333
1.49333
1.49334
1.49335
1.49336
1.49336
1.49337
1.49338
1.49338
1.49339
1.49339
1.4934
1.4934
1.49341
1.49341
1.49342
1.49342
1.49343
1.49343
1.49344
1.49344
1.49345
1.49345
1.49345
1.49346
1.49346
1.49346
1.49347
1.49347
1.49347
1.49348
1.49348
1.49348
1.49348
1.49349
1.49349
1.49349
1.49349
1.49349
1.4935
1.4935
1.4935
1.4935
1.4935
1.4935
1.49351
1.49351
1.49351
1.49351
1.49351
1.49351
1.49351
1.49351
1.49351
1.49352
1.49352
1.49352
1.49352
1.49352
1.49352
1.49352
1.49352
1.49352
1.49352
1.49352
1.49352
1.49352
1.49352
1.49352
1.49352
1.49352
1.49352
1.49352
1.49352
1.49352
1.49352
1.49352
1.49352
1.49352
1.49352
1.49352
1.49352
1.49352
1.49352
1.49352
1.49352
1.49352
1.49352
1.49352
1.49352
1.49352
1.49352
1.49352
1.49352
1.49352
1.49352
1.49352
1.49351
1.49351
1.49351
1.49351
1.49351
1.49351
1.49351
1.49351
1.49351
1.49351
1.49351
1.49351
1.49351
1.49351
1.49351
1.49351
1.49351
1.49351
1.49351
1.49351
1.49351
1.49351
1.49351
1.49351
1.49351
1.49351
1.49351
1.49351
1.49351
1.49351
1.49351
1.49351
1.49351
1.49351
1.49351
1.49351
1.49351
1.49351
1.49351
1.49351
1.49351
1.49351
1.49351
1.49351
1.49351
1.49351
1.49351
1.49351
1.49351
1.49351
1.49351
1.49351
1.49351
1.49351
1.49351
1.49351
1.49351
1.49351
1.49351
1.49351
1.49351
1.49351
1.49351
1.49351
1.49351
1.49351
1.49351
1.49352
1.49352
1.49352
1.49352
1.49352
1.49352
1.49352
1.49352
1.49352
1.49352
1.49352
1.49352
1.49352
1.49352
1.49353
1.49353
1.49353
1.49353
1.49353
1.49353
1.49353
1.49353
1.49353
1.49353
1.49354
1.49354
1.49354
1.49354
1.49354
1.49354
1.49354
1.49354
1.49354
1.49355
1.49355
1.49355
1.49355
1.49355
1.49355
1.49355
1.49355
1.49356
1.49356
1.49356
1.49356
1.49356
1.49356
1.49357
1.49357
1.49357
1.49357
1.49357
1.49357
1.49358
1.49358
1.49358
1.49358
1.49358
1.49358
1.49359
1.49359
1.49359
1.49359
1.49359
1.4936
1.4936
1.4936
1.4936
1.4936
1.49361
1.49361
1.49361
1.49361
1.49361
1.49362
1.49362
1.49362
1.49362
1.49362
1.49363
1.49363
1.49363
1.49363
1.49364
1.49364
1.49364
1.49364
1.49365
1.49365
1.49365
1.49365
1.49365
1.49366
1.49366
1.49366
1.49366
1.49367
1.49367
1.49367
1.49368
1.49368
1.49368
1.49368
1.49369
1.49369
1.49369
1.49369
1.4937
1.4937
1.4937
1.4937
1.49371
1.49371
1.49371
1.49372
1.49372
1.49372
1.49372
1.49373
1.49373
1.49373
1.49374
1.49374
1.49374
1.49374
1.49375
1.49375
1.49375
1.49376
1.49376
1.49376
1.49376
1.49377
1.49377
1.49377
1.49378
1.49378
1.49378
1.49379
1.49379
1.49379
1.49379
1.4938
1.4938
1.4938
1.49381
1.49381
1.49381
1.49381
1.49382
1.49382
1.49382
1.49383
1.49383
1.49383
1.49384
1.49384
1.49384
1.49384
1.49385
1.49385
1.49385
1.49386
1.49386
1.49386
1.49387
1.49387
1.49387
1.49387
1.49388
1.49388
1.49388
1.49389
1.49389
1.49389
1.49389
1.4939
1.4939
1.4939
1.49391
1.49391
1.49391
1.49391
1.49392
1.49392
1.49392
1.49393
1.49393
1.49393
1.49393
1.49394
1.49394
1.49394
1.49395
1.49395
1.49395
1.49395
1.49396
1.49396
1.49396
1.49396
1.49397
1.49397
1.49397
1.49397
1.49398
1.49398
1.49398
1.49398
1.49399
1.49399
1.49399
1.49399
1.494
1.494
1.494
1.494
1.49401
1.49401
1.49401
1.49401
1.49402
1.49402
1.49402
1.49402
1.49403
1.49403
1.49403
1.49403
1.49403
1.49404
1.49404
1.49404
1.49404
1.49404
1.49405
1.49405
1.49405
1.49405
1.49406
1.49406
1.49406
1.49406
1.49406
1.49407
1.49407
1.49407
1.49407
1.49407
1.49408
1.49408
1.49408
1.49408
1.49408
1.49408
1.49409
1.49409
1.49409
1.49409
1.49409
1.4941
1.4941
1.4941
1.4941
1.4941
1.4941
1.49411
1.49411
1.49411
1.49411
1.49411
1.49411
1.49412
1.49412
1.49412
1.49412
1.49412
1.49412
1.49412
1.49413
1.49413
1.49413
1.49413
1.49413
1.49413
1.49414
1.49414
1.49414
1.49414
1.49414
1.49414
1.49414
1.49414
1.49415
1.49415
1.49415
1.49415
1.49415
1.49415
1.49415
1.49416
1.49416
1.49416
1.49416
1.49416
1.49416
1.49416
1.49416
1.49416
1.49417
1.49417
1.49417
1.49417
1.49417
1.49417
1.49417
1.49417
1.49417
1.49418
1.49418
1.49418
1.49418
1.49418
1.49418
1.49418
1.49418
1.49418
1.49418
1.49418
1.49419
1.49419
1.49419
1.49419
1.49419
1.49419
1.49419
1.49419
1.49419
1.49419
1.49419
1.49419
1.49419
1.4942
1.4942
1.4942
1.4942
1.4942
1.4942
1.4942
1.4942
1.4942
1.4942
1.4942
1.4942
1.4942
1.4942
1.4942
1.4942
1.4942
1.4942
1.4942
1.49421
1.49421
1.49421
1.49421
1.49421
1.49421
1.49421
1.49421
1.49421
1.49421
1.49421
1.49421
1.49421
1.49421
1.49421
1.49421
1.49421
1.49421
1.49421
1.49421
1.49421
1.49421
1.49421
1.49421
1.49421
1.49421
1.49421
1.49421
1.49421
1.49421
1.49421
1.49421
1.49421
1.49421
1.49421
1.49421
1.49421
1.49421
1.49421
1.49421
1.49421
1.49421
1.49421
1.49421
1.49421
1.49421
1.49421
1.49421
1.49421
1.49421
1.49421
1.49421
1.49421
1.49421
1.49421
1.49421
1.4942
1.4942
1.4942
1.4942
1.4942
1.4942
1.4942
1.4942
1.4942
1.4942
1.4942
1.4942
1.4942
1.4942
1.4942
1.4942
1.4942
1.4942
1.4942
1.4942
1.4942
1.4942
1.4942
1.4942
1.49419
1.49419
1.49419
1.49419
1.49419
1.49419
1.49419
1.49419
1.49419
1.49419
1.49419
1.49419
1.49419
1.49419
1.49419
1.49419
1.49419
1.49419
1.49419
1.49419
1.49419
1.49419
1.49418
1.49418
1.49418
1.49418
1.49418
1.49418
1.49418
1.49418
1.49418
1.49418
1.49418
1.49418
1.49418
1.49418
1.49418
1.49418
1.49418
1.49418
1.49418
1.49418
1.49418
1.49418
1.49418
1.49418
1.49418
1.49418
1.49418
1.49418
1.49418
1.49418
1.49418
1.49418
1.49418
1.49418
1.49418
1.49418
1.49418
1.49418
1.49418
1.49418
1.49418
1.49418
1.49418
1.49418
1.49418
1.49418
1.49418
1.49418
1.49418
1.49418
1.49418
1.49418
1.49418
1.49418
1.49418
1.49418
1.49418
1.49418
1.49418
1.49418
1.49418
1.49418
1.49418
1.49418
1.49418
1.49418
1.49418
1.49418
1.49418
1.49418
1.49418
1.49418
1.49418
1.49418
1.49418
1.49419
1.49419
1.49419
1.49419
1.49419
1.49419
1.49419
1.49419
1.49419
1.49419
1.49419
1.49419
1.49419
1.49419
1.49419
1.49419
1.49419
1.49419
1.49419
1.4942
1.4942
1.4942
1.4942
1.4942
1.4942
1.4942
1.4942
1.4942
1.4942
1.4942
1.4942
1.4942
1.4942
1.4942
1.4942
1.4942
1.49421
1.49421
1.49421
1.49421
1.49421
1.49421
1.49421
1.49421
1.49421
1.49421
1.49421
1.49421
1.49421
1.49421
1.49421
1.49421
1.49421
1.49421
1.49421
1.49421
1.49421
1.49422
1.49422
1.49422
1.49422
1.49422
1.49422
1.49422
1.49422
1.49422
1.49422
1.49422
1.49422
1.49422
1.49422
1.49422
1.49422
1.49422
1.49422
1.49422
1.49422
1.49422
1.49422
1.49422
1.49422
1.49422
1.49422
1.49422
1.49422
1.49422
1.49422
1.49422
1.49422
1.49422
1.49422
1.49422
1.49422
1.49422
1.49422
1.49422
1.49422
1.49422
1.49422
1.49422
1.49422
1.49422
1.49422
1.49422
1.49422
1.49421
1.49421
1.49421
1.49421
1.49421
1.49421
1.49421
1.49421
1.49421
1.49421
1.49421
1.49421
1.49421
1.49421
1.49421
1.49421
1.49421
1.49421
1.49421
1.4942
1.4942
1.4942
1.4942
1.4942
1.4942
1.4942
1.4942
1.4942
1.4942
1.4942
1.4942
1.4942
1.4942
1.4942
1.4942
1.4942
1.4942
1.4942
1.4942
1.4942
1.4942
1.4942
1.4942
1.4942
1.4942
1.4942
1.4942
1.4942
1.4942
1.4942
1.4942
1.4942
1.4942
1.4942
1.4942
1.4942
1.4942
1.4942
1.4942
1.4942
1.49419
1.49419
1.49419
1.49419
1.49419
1.49419
1.49419
1.49419
1.49419
1.49419
1.49419
1.49419
1.49419
1.49418
1.49418
1.49418
1.49418
1.49418
1.49418
1.49418
1.49417
1.49417
1.49417
1.49417
1.49417
1.49417
1.49416
1.49416
1.49416
1.49416
1.49416
1.49415
1.49415
1.49415
1.49415
1.49414
1.49414
1.49414
1.49413
1.49413
1.49413
1.49413
1.49412
1.49412
1.49412
1.49411
1.49411
1.49411
1.4941
1.4941
1.4941
1.49409
1.49409
1.49408
1.49408
1.49408
1.49407
1.49407
1.49406
1.49406
1.49405
1.49405
1.49405
1.49404
1.49404
1.49403
1.49403
1.49402
1.49402
1.49401
1.49401
1.48754
1.48107
1.4746
1.46813
1.46165
1.45518
1.44871
1.44224
1.43577
1.4293
1.42283
1.41636
1.40989
1.40342
1.39694
1.39047
1.384
1.37753
1.37106
1.36459
1.35812
1.35165
1.34518
1.3387
1.33223
1.32576
1.31929
1.31282
1.30635
1.29988
1.29341
1.28693
1.28046
1.27399
1.26752
1.26105
1.25458
1.24811
1.24164
1.23517
1.2287
1.22222
1.21575
1.20928
1.20281
1.19634
1.18987
1.1834
1.17693
1.17046
1.16399
1.15752
1.15105
1.14458
1.13811
1.13164
1.12517
1.1187
1.11223
1.10576
1.09929
1.09282
1.08635
1.07988
1.07341
1.06694
1.06047
1.054
1.04753
1.04106
1.03459
1.02812
1.02165
1.01518
1.00871
1.00225
0.995777
0.989309
0.98284
0.976372
0.969903
0.963435
0.956967
0.950499
0.944031
0.937563
0.931095
0.924627
0.918159
0.911692
0.905224
0.898757
0.892289
0.885822
0.879355
0.872888
0.866421
0.859954
0.853487
0.84702
0.840553
0.834086
0.82762
0.821153
0.814687
0.80822
0.801754
0.795288
0.788822
0.782355
0.775889
0.769423
0.762957
0.756491
0.750026
0.74356
