-1.7505
-1.7505
-1.7505
-1.7505
-1.7505
-1.7505
-1.7505
-1.7505
-1.7505
-1.7505
-1.7505
-1.7505
-1.7505
-1.7505
-1.7505
-1.7505
-1.7505
-1.7505
-1.7505
-1.7505
-1.7505
-1.7505
-1.7505
-1.7505
-1.7505
-1.7505
-1.7505
-1.7505
-1.7505
-1.7505
-1.7505
-1.7505
-1.7505
-1.7505
-1.7505
-1.7505
-1.7505
-1.7505
-1.7505
-1.7505
-1.7505
-1.7505
-1.7505
-1.7505
-1.7505
-1.7505
-1.7505
-1.7505
-1.7505
-1.7505
-1.7505
-1.7505
-1.7505
-1.7505
-1.7505
-1.7505
-1.7505
-1.7505
-1.7505
-1.7505
-1.7505
-1.7505
-1.7505
-1.7505
-1.7505
-1.7505
-1.7505
-1.7505
-1.7505
-1.7505
-1.7505
-1.7505
-1.7505
-1.7505
-1.7505
-1.7505
-1.7505
-1.7505
-1.7505
-1.7505
-1.7505
-1.7505
-1.7505
-1.7505
-1.7505
-1.7505
-1.7505
-1.7505
-1.7505
-1.7505
-1.7505
-1.7505
-1.75051
-1.75053
-1.75054
-1.75055
-1.75056
-1.75058
-1.75059
-1.7506
-1.75061
-1.75062
-1.75063
-1.75064
-1.75065
-1.75066
-1.75067
-1.75068
-1.75068
-1.75069
-1.7507
-1.75071
-1.75071
-1.75072
-1.75072
-1.75073
-1.75073
-1.75073
-1.75074
-1.75074
-1.75074
-1.75074
-1.75074
-1.75074
-1.75074
-1.75073
-1.75073
-1.75073
-1.75072
-1.75072
-1.75071
-1.75071
-1.7507
-1.75069
-1.75068
-1.75068
-1.75067
-1.75065
-1.75064
-1.75063
-1.75062
-1.75061
-1.75059
-1.75058
-1.75056
-1.75055
-1.75053
-1.75051
-1.75049
-1.75048
-1.75046
-1.75044
-1.75042
-1.7504
-1.75038
-1.75035
-1.75033
-1.75031
-1.75029
-1.75026
-1.75024
-1.75021
-1.75019
-1.75016
-1.75014
-1.75011
-1.75009
-1.75006
-1.75003
-1.75001
-1.74998
-1.74995
-1.74993
-1.7499
-1.74987
-1.74984
-1.74982
-1.74979
-1.74976
-1.74973
-1.7497
-1.74968
-1.74965
-1.74962
-1.7496
-1.74957
-1.74954
-1.74952
-1.74949
-1.74946
-1.74944
-1.74941
-1.74939
-1.74936
-1.74934
-1.74931
-1.74929
-1.74927
-1.74925
-1.74922
-1.7492
-1.74918
-1.74916
-1.74914
-1.74912
-1.7491
-1.74909
-1.74907
-1.74905
-1.74904
-1.74902
-1.74901
-1.74899
-1.74898
-1.74897
-1.74895
-1.74894
-1.74893
-1.74892
-1.74892
-1.74891
-1.7489
-1.7489
-1.74889
-1.74889
-1.74888
-1.74888
-1.74888
-1.74887
-1.74887
-1.74887
-1.74887
-1.74888
-1.74888
-1.74888
-1.74889
-1.74889
-1.7489
-1.7489
-1.74891
-1.74892
-1.74892
-1.74893
-1.74894
-1.74895
-1.74896
-1.74898
-1.74899
-1.749
-1.74901
-1.74903
-1.74904
-1.74906
-1.74907
-1.74909
-1.7491
-1.74912
-1.74914
-1.74915
-1.74917
-1.74919
-1.74921
-1.74923
-1.74924
-1.74926
-1.74928
-1.7493
-1.74932
-1.74934
-1.74936
-1.74938
-1.7494
-1.74942
-1.74944
-1.74946
-1.74948
-1.7495
-1.74952
-1.74954
-1.74956
-1.74957
-1.74959
-1.74961
-1.74963
-1.74965
-1.74967
-1.74968
-1.7497
-1.74972
-1.74973
-1.74975
-1.74976
-1.74978
-1.74979
-1.74981
-1.74982
-1.74983
-1.74985
-1.74986
-1.74987
-1.74988
-1.74989
-1.7499
-1.74991
-1.74992
-1.74992
-1.74993
-1.74994
-1.74994
-1.74995
-1.74995
-1.74996
-1.74996
-1.74996
-1.74996
-1.74996
-1.74996
-1.74996
-1.74996
-1.74996
-1.74995
-1.74995
-1.74995
-1.74994
-1.74994
-1.74993
-1.74992
-1.74992
-1.74991
-1.7499
-1.74989
-1.74988
-1.74987
-1.74986
-1.74984
-1.74983
-1.74982
-1.7498
-1.74979
-1.74978
-1.74976
-1.74974
-1.74973
-1.74971
-1.74969
-1.74968
-1.74966
-1.74964
-1.74962
-1.7496
-1.74959
-1.74957
-1.74955
-1.74953
-1.74951
-1.74949
-1.74947
-1.74945
-1.74943
-1.74941
-1.74939
-1.74937
-1.74935
-1.74933
-1.74931
-1.74929
-1.74927
-1.74925
-1.74923
-1.74921
-1.74919
-1.74917
-1.74915
-1.74913
-1.74911
-1.7491
-1.74908
-1.74906
-1.74904
-1.74903
-1.74901
-1.749
-1.74898
-1.74897
-1.74895
-1.74894
-1.74893
-1.74891
-1.7489
-1.74889
-1.74888
-1.74887
-1.74886
-1.74885
-1.74885
-1.74884
-1.74883
-1.74883
-1.74882
-1.74882
-1.74881
-1.74881
-1.74881
-1.7488
-1.7488
-1.7488
-1.7488
-1.7488
-1.74881
-1.74881
-1.74881
-1.74882
-1.74882
-1.74883
-1.74883
-1.74884
-1.74885
-1.74886
-1.74886
-1.74887
-1.74888
-1.74889
-1.74891
-1.74892
-1.74893
-1.74894
-1.74896
-1.74897
-1.74899
-1.749
-1.74902
-1.74903
-1.74905
-1.74907
-1.74908
-1.7491
-1.74912
-1.74914
-1.74916
-1.74918
-1.74919
-1.74921
-1.74923
-1.74925
-1.74927
-1.74929
-1.74931
-1.74934
-1.74936
-1.74938
-1.7494
-1.74942
-1.74944
-1.74946
-1.74948
-1.7495
-1.74952
-1.74954
-1.74956
-1.74958
-1.7496
-1.74962
-1.74964
-1.74966
-1.74967
-1.74969
-1.74971
-1.74973
-1.74974
-1.74976
-1.74978
-1.74979
-1.74981
-1.74982
-1.74984
-1.74985
-1.74986
-1.74987
-1.74989
-1.7499
-1.74991
-1.74992
-1.74993
-1.74993
-1.74994
-1.74995
-1.74996
-1.74996
-1.74997
-1.74997
-1.74998
-1.74998
-1.74998
-1.74998
-1.74998
-1.74998
-1.74998
-1.74998
-1.74998
-1.74998
-1.74997
-1.74997
-1.74996
-1.74996
-1.74995
-1.74994
-1.74994
-1.74993
-1.74992
-1.74991
-1.7499
-1.74989
-1.74988
-1.74986
-1.74985
-1.74984
-1.74982
-1.74981
-1.74979
-1.74978
-1.74976
-1.74975
-1.74973
-1.74971
-1.74969
-1.74968
-1.74966
-1.74964
-1.74962
-1.7496
-1.74958
-1.74956
-1.74954
-1.74952
-1.7495
-1.74948
-1.74946
-1.74944
-1.74942
-1.7494
-1.74938
-1.74935
-1.74933
-1.74931
-1.74929
-1.74927
-1.74925
-1.74923
-1.74921
-1.74919
-1.74917
-1.74915
-1.74913
-1.74911
-1.7491
-1.74908
-1.74906
-1.74904
-1.74903
-1.74901
-1.74899
-1.74898
-1.74896
-1.74895
-1.74893
-1.74892
-1.74891
-1.7489
-1.74888
-1.74887
-1.74886
-1.74885
-1.74884
-1.74884
-1.74883
-1.74882
-1.74882
-1.74881
-1.74881
-1.7488
-1.7488
-1.74879
-1.74879
-1.74879
-1.74879
-1.74879
-1.74879
-1.74879
-1.7488
-1.7488
-1.7488
-1.74881
-1.74881
-1.74882
-1.74883
-1.74883
-1.74884
-1.74885
-1.74886
-1.74887
-1.74888
-1.74889
-1.74891
-1.74892
-1.74893
-1.74894
-1.74896
-1.74897
-1.74899
-1.749
-1.74902
-1.74904
-1.74905
-1.74907
-1.74909
-1.74911
-1.74913
-1.74915
-1.74917
-1.74918
-1.7492
-1.74922
-1.74924
-1.74926
-1.74928
-1.7493
-1.74933
-1.74935
-1.74937
-1.74939
-1.74941
-1.74943
-1.74945
-1.74947
-1.74949
-1.74951
-1.74953
-1.74955
-1.74957
-1.74958
-1.7496
-1.74962
-1.74964
-1.74966
-1.74967
-1.74969
-1.74971
-1.74972
-1.74974
-1.74975
-1.74976
-1.74978
-1.74979
-1.7498
-1.74981
-1.74982
-1.74983
-1.74984
-1.74985
-1.74986
-1.74987
-1.74987
-1.74988
-1.74988
-1.74989
-1.74989
-1.74989
-1.74989
-1.7499
-1.7499
-1.74989
-1.74989
-1.74989
-1.74989
-1.74988
-1.74987
-1.74987
-1.74986
-1.74985
-1.74984
-1.74983
-1.74982
-1.74981
-1.7498
-1.74978
-1.74977
-1.74975
-1.74974
-1.74972
-1.7497
-1.74968
-1.74966
-1.74964
-1.74962
-1.7496
-1.74958
-1.74956
-1.74953
-1.74951
-1.74948
-1.74946
-1.74943
-1.7494
-1.74937
-1.74935
-1.74932
-1.74929
-1.74926
-1.74923
-1.7492
-1.74916
-1.74913
-1.7491
-1.74907
-1.74903
-1.749
-1.74897
-1.74893
-1.7489
-1.74887
-1.74883
-1.7488
-1.74876
-1.74873
-1.7487
-1.74866
-1.74863
-1.74859
-1.74856
-1.74852
-1.74849
-1.74845
-1.74842
-1.74839
-1.74835
-1.74832
-1.74829
-1.74826
-1.74822
-1.74819
-1.74816
-1.74813
-1.7481
-1.74807
-1.74804
-1.74801
-1.74798
-1.74795
-1.74793
-1.7479
-1.74787
-1.74785
-1.74782
-1.7478
-1.74778
-1.74775
-1.74773
-1.74771
-1.74769
-1.74767
-1.74765
-1.74763
-1.74761
-1.7476
-1.74758
-1.74757
-1.74755
-1.74754
-1.74753
-1.74751
-1.7475
-1.74749
-1.74748
-1.74747
-1.74747
-1.74746
-1.74745
-1.74745
-1.74744
-1.74744
-1.74743
-1.74743
-1.74743
-1.74743
-1.74743
-1.74743
-1.74743
-1.74743
-1.74743
-1.74744
-1.74744
-1.74744
-1.74745
-1.74746
-1.74746
-1.74747
-1.74748
-1.74748
-1.74749
-1.7475
-1.74751
-1.74752
-1.74753
-1.74754
-1.74755
-1.74756
-1.74757
-1.74759
-1.7476
-1.74761
-1.74762
-1.74764
-1.74765
-1.74766
-1.74768
-1.74769
-1.7477
-1.74772
-1.74773
-1.74774
-1.74776
-1.74777
-1.74778
-1.7478
-1.74781
-1.74782
-1.74784
-1.74785
-1.74786
-1.74787
-1.74789
-1.7479
-1.74791
-1.74792
-1.74793
-1.74794
-1.74795
-1.74796
-1.74797
-1.74798
-1.74799
-1.748
-1.748
-1.74801
-1.74802
-1.74802
-1.74803
-1.74803
-1.74804
-1.74804
-1.74805
-1.74805
-1.74805
-1.74805
-1.74805
-1.74805
-1.74805
-1.74805
-1.74805
-1.74805
-1.74805
-1.74804
-1.74804
-1.74804
-1.74803
-1.74803
-1.74802
-1.74801
-1.74801
-1.748
-1.74799
-1.74798
-1.74797
-1.74796
-1.74795
-1.74794
-1.74793
-1.74792
-1.7479
-1.74789
-1.74788
-1.74786
-1.74785
-1.74784
-1.74782
-1.74781
-1.74779
-1.74777
-1.74776
-1.74774
-1.74772
-1.74771
-1.74769
-1.74767
-1.74766
-1.74764
-1.74762
-1.7476
-1.74759
-1.74757
-1.74755
-1.74753
-1.74751
-1.7475
-1.74748
-1.74746
-1.74744
-1.74742
-1.74741
-1.74739
-1.74737
-1.74736
-1.74734
-1.74732
-1.74731
-1.74729
-1.74727
-1.74726
-1.74725
-1.74723
-1.74722
-1.7472
-1.74719
-1.74718
-1.74717
-1.74715
-1.74714
-1.74713
-1.74712
-1.74711
-1.7471
-1.74709
-1.74709
-1.74708
-1.74707
-1.74707
-1.74706
-1.74706
-1.74705
-1.74705
-1.74705
-1.74704
-1.74704
-1.74704
-1.74704
-1.74704
-1.74704
-1.74704
-1.74705
-1.74705
-1.74705
-1.74706
-1.74706
-1.74707
-1.74708
-1.74708
-1.74709
-1.7471
-1.74711
-1.74712
-1.74713
-1.74714
-1.74715
-1.74716
-1.74718
-1.74719
-1.7472
-1.74722
-1.74723
-1.74725
-1.74726
-1.74728
-1.74729
-1.74731
-1.74733
-1.74735
-1.74736
-1.74738
-1.7474
-1.74742
-1.74744
-1.74746
-1.74748
-1.7475
-1.74752
-1.74754
-1.74756
-1.74758
-1.7476
-1.74762
-1.74764
-1.74766
-1.74768
-1.7477
-1.74772
-1.74773
-1.74775
-1.74777
-1.74779
-1.74781
-1.74783
-1.74785
-1.74787
-1.74789
-1.7479
-1.74792
-1.74794
-1.74795
-1.74797
-1.74798
-1.748
-1.74801
-1.74803
-1.74804
-1.74805
-1.74806
-1.74808
-1.74809
-1.7481
-1.74811
-1.74812
-1.74812
-1.74813
-1.74814
-1.74814
-1.74815
-1.74815
-1.74816
-1.74816
-1.74816
-1.74816
-1.74816
-1.74816
-1.74816
-1.74816
-1.74816
-1.74815
-1.74815
-1.74814
-1.74814
-1.74813
-1.74812
-1.74811
-1.7481
-1.74809
-1.74808
-1.74807
-1.74806
-1.74804
-1.74803
-1.74801
-1.748
-1.74798
-1.74796
-1.74794
-1.74792
-1.7479
-1.74788
-1.74786
-1.74783
-1.74781
-1.74779
-1.74776
-1.74774
-1.74771
-1.74768
-1.74765
-1.74763
-1.7476
-1.74757
-1.74754
-1.74751
-1.74747
-1.74744
-1.74741
-1.74738
-1.74734
-1.74731
-1.74727
-1.74724
-1.7472
-1.74717
-1.74713
-1.7471
-1.74706
-1.74702
-1.74699
-1.74695
-1.74691
-1.74687
-1.74683
-1.74679
-1.74676
-1.74672
-1.74668
-1.74664
-1.7466
-1.74656
-1.74652
-1.74648
-1.74644
-1.7464
-1.74636
-1.74632
-1.74628
-1.74624
-1.7462
-1.74616
-1.74612
-1.74608
-1.74604
-1.746
-1.74596
-1.74592
-1.74588
-1.74584
-1.74581
-1.74577
-1.74573
-1.74569
-1.74565
-1.74561
-1.74557
-1.74553
-1.7455
-1.74546
-1.74542
-1.74538
-1.74535
-1.74531
-1.74527
-1.74523
-1.7452
-1.74516
-1.74512
-1.74509
-1.74505
-1.74501
-1.74498
-1.74494
-1.7449
-1.74487
-1.74483
-1.74479
-1.74476
-1.74472
-1.74468
-1.74465
-1.74461
-1.74457
-1.74454
-1.7445
-1.74446
-1.74443
-1.74439
-1.74435
-1.74431
-1.74428
-1.74424
-1.7442
-1.74416
-1.74412
-1.74408
-1.74405
-1.74401
-1.74397
-1.74393
-1.74388
-1.74384
-1.7438
-1.74376
-1.74372
-1.74367
-1.74363
-1.74359
-1.74354
-1.7435
-1.74345
-1.74341
-1.74336
-1.74331
-1.74326
-1.74322
-1.74317
-1.74312
-1.74307
-1.74302
-1.74296
-1.74291
-1.74286
-1.7428
-1.74275
-1.74269
-1.74264
-1.74258
-1.74252
-1.74246
-1.7424
-1.74234
-1.74228
-1.74222
-1.74215
-1.74209
-1.74202
-1.74196
-1.74189
-1.74183
-1.74176
-1.74169
-1.74162
-1.74155
-1.74148
-1.7414
-1.74133
-1.74126
-1.74118
-1.74111
-1.74103
-1.74095
-1.74087
-1.7408
-1.74072
-1.74064
-1.74056
-1.74047
-1.74039
-1.74031
-1.74022
-1.74014
-1.74006
-1.73997
-1.73988
-1.7398
-1.73971
-1.73962
-1.73953
-1.73944
-1.73935
-1.73927
-1.73917
-1.73908
-1.73899
-1.7389
-1.73881
-1.73872
-1.73863
-1.73853
-1.73844
-1.73835
-1.73826
-1.73816
-1.73807
-1.73798
-1.73788
-1.73779
-1.7377
-1.7376
-1.73751
-1.73742
-1.73732
-1.73723
-1.73714
-1.73704
-1.73695
-1.73686
-1.73677
-1.73668
-1.73658
-1.73649
-1.7364
-1.73631
-1.73622
-1.73613
-1.73604
-1.73596
-1.73587
-1.73578
-1.73569
-1.73561
-1.73552
-1.73544
-1.73535
-1.73527
-1.73519
-1.7351
-1.73502
-1.73494
-1.73486
-1.73478
-1.7347
-1.73463
-1.73455
-1.73447
-1.7344
-1.73432
-1.73425
-1.73418
-1.73411
-1.73403
-1.73396
-1.73389
-1.73383
-1.73376
-1.73369
-1.73363
-1.73356
-1.7335
-1.73343
-1.73337
-1.73331
-1.73325
-1.73319
-1.73313
-1.73307
-1.73301
-1.73296
-1.7329
-1.73285
-1.73279
-1.73274
-1.73269
-1.73263
-1.73258
-1.73253
-1.73248
-1.73243
-1.73239
-1.73234
-1.73229
-1.73225
-1.7322
-1.73216
-1.73211
-1.73207
-1.73202
-1.73198
-1.73194
-1.7319
-1.73185
-1.73181
-1.73177
-1.73173
-1.73169
-1.73165
-1.73161
-1.73158
-1.73154
-1.7315
-1.73146
-1.73142
-1.73138
-1.73135
-1.73131
-1.73127
-1.73123
-1.7312
-1.73116
-1.73112
-1.73109
-1.73105
-1.73101
-1.73097
-1.73094
-1.7309
-1.73086
-1.73083
-1.73079
-1.73075
-1.73071
-1.73067
-1.73064
-1.7306
-1.73056
-1.73052
-1.73048
-1.73044
-1.7304
-1.73036
-1.73032
-1.73028
-1.73024
-1.7302
-1.73016
-1.73011
-1.73007
-1.73003
-1.72999
-1.72994
-1.7299
-1.72986
-1.72981
-1.72977
-1.72972
-1.72968
-1.72963
-1.72958
-1.72954
-1.72949
-1.72945
-1.7294
-1.72935
-1.7293
-1.72926
-1.72921
-1.72916
-1.72911
-1.72906
-1.72901
-1.72896
-1.72891
-1.72886
-1.72881
-1.72876
-1.72871
-1.72866
-1.72861
-1.72856
-1.72851
-1.72846
-1.72841
-1.72836
-1.72831
-1.72826
-1.72821
-1.72816
-1.72812
-1.72807
-1.72802
-1.72797
-1.72792
-1.72787
-1.72782
-1.72778
-1.72773
-1.72768
-1.72763
-1.72759
-1.72754
-1.7275
-1.72745
-1.72741
-1.72737
-1.72732
-1.72728
-1.72724
-1.7272
-1.72716
-1.72712
-1.72708
-1.72704
-1.727
-1.72697
-1.72693
-1.7269
-1.72686
-1.72683
-1.7268
-1.72676
-1.72673
-1.7267
-1.72667
-1.72665
-1.72662
-1.72659
-1.72657
-1.72655
-1.72652
-1.7265
-1.72648
-1.72646
-1.72644
-1.72642
-1.72641
-1.72639
-1.72638
-1.72636
-1.72635
-1.72634
-1.72633
-1.72632
-1.72631
-1.72631
-1.7263
-1.72629
-1.72629
-1.72629
-1.72629
-1.72628
-1.72628
-1.72629
-1.72629
-1.72629
-1.72629
-1.7263
-1.72631
-1.72631
-1.72632
-1.72633
-1.72634
-1.72635
-1.72636
-1.72637
-1.72638
-1.7264
-1.72641
-1.72642
-1.72644
-1.72646
-1.72647
-1.72649
-1.72651
-1.72652
-1.72654
-1.72656
-1.72658
-1.7266
-1.72662
-1.72664
-1.72666
-1.72668
-1.72671
-1.72673
-1.72675
-1.72677
-1.72679
-1.72682
-1.72684
-1.72686
-1.72688
-1.72691
-1.72693
-1.72695
-1.72697
-1.72699
-1.72702
-1.72704
-1.72706
-1.72708
-1.7271
-1.72712
-1.72714
-1.72716
-1.72718
-1.7272
-1.72722
-1.72723
-1.72725
-1.72727
-1.72728
-1.7273
-1.72731
-1.72733
-1.72734
-1.72736
-1.72737
-1.72738
-1.72739
-1.7274
-1.72741
-1.72742
-1.72743
-1.72743
-1.72744
-1.72744
-1.72745
-1.72745
-1.72745
-1.72746
-1.72746
-1.72746
-1.72746
-1.72746
-1.72745
-1.72745
-1.72745
-1.72744
-1.72743
-1.72743
-1.72742
-1.72741
-1.7274
-1.72739
-1.72738
-1.72737
-1.72735
-1.72734
-1.72733
-1.72731
-1.72729
-1.72728
-1.72726
-1.72724
-1.72722
-1.7272
-1.72718
-1.72716
-1.72714
-1.72712
-1.72709
-1.72707
-1.72705
-1.72702
-1.727
-1.72697
-1.72694
-1.72692
-1.72689
-1.72686
-1.72684
-1.72681
-1.72678
-1.72675
-1.72672
-1.72669
-1.72666
-1.72663
-1.7266
-1.72657
-1.72654
-1.72651
-1.72648
-1.72645
-1.72642
-1.72639
-1.72636
-1.72633
-1.7263
-1.72627
-1.72624
-1.72621
-1.72618
-1.72615
-1.72613
-1.7261
-1.72607
-1.72604
-1.72601
-1.72599
-1.72596
-1.72593
-1.72591
-1.72588
-1.72586
-1.72583
-1.72581
-1.72578
-1.72576
-1.72574
-1.72572
-1.72569
-1.72567
-1.72565
-1.72563
-1.72561
-1.7256
-1.72558
-1.72556
-1.72554
-1.72553
-1.72551
-1.7255
-1.72548
-1.72547
-1.72546
-1.72545
-1.72543
-1.72542
-1.72541
-1.7254
-1.72539
-1.72539
-1.72538
-1.72537
-1.72536
-1.72536
-1.72535
-1.72535
-1.72534
-1.72534
-1.72533
-1.72533
-1.72533
-1.72533
-1.72532
-1.72532
-1.72532
-1.72532
-1.72532
-1.72532
-1.72532
-1.72532
-1.72532
-1.72533
-1.72533
-1.72533
-1.72533
-1.72533
-1.72534
-1.72534
-1.72534
-1.72534
-1.72534
-1.72535
-1.72535
-1.72535
-1.72535
-1.72536
-1.72536
-1.72536
-1.72536
-1.72536
-1.72536
-1.72537
-1.72537
-1.72537
-1.72537
-1.72537
-1.72537
-1.72536
-1.72536
-1.72536
-1.72536
-1.72536
-1.72535
-1.72535
-1.72534
-1.72534
-1.72533
-1.72533
-1.72532
-1.72531
-1.7253
-1.72529
-1.72528
-1.72527
-1.72526
-1.72525
-1.72524
-1.72522
-1.72521
-1.72519
-1.72518
-1.72516
-1.72514
-1.72513
-1.72511
-1.72509
-1.72507
-1.72504
-1.72502
-1.725
-1.72498
-1.72495
-1.72493
-1.7249
-1.72487
-1.72484
-1.72482
-1.72479
-1.72476
-1.72473
-1.72469
-1.72466
-1.72463
-1.7246
-1.72456
-1.72453
-1.72449
-1.72445
-1.72442
-1.72438
-1.72434
-1.7243
-1.72426
-1.72422
-1.72418
-1.72414
-1.7241
-1.72406
-1.72402
-1.72398
-1.72394
-1.72389
-1.72385
-1.72381
-1.72376
-1.72372
-1.72368
-1.72363
-1.72359
-1.72354
-1.7235
-1.72346
-1.72341
-1.72337
-1.72333
-1.72328
-1.72324
-1.72319
-1.72315
-1.72311
-1.72307
-1.72302
-1.72298
-1.72294
-1.7229
-1.72286
-1.72282
-1.72278
-1.72274
-1.7227
-1.72266
-1.72262
-1.72259
-1.72255
-1.72251
-1.72248
-1.72244
-1.72241
-1.72238
-1.72235
-1.72231
-1.72228
-1.72225
-1.72223
-1.7222
-1.72217
-1.72214
-1.72212
-1.72209
-1.72207
-1.72205
-1.72203
-1.72201
-1.72199
-1.72197
-1.72195
-1.72193
-1.72192
-1.7219
-1.72189
-1.72188
-1.72186
-1.72185
-1.72184
-1.72183
-1.72183
-1.72182
-1.72181
-1.72181
-1.7218
-1.7218
-1.7218
-1.7218
-1.7218
-1.7218
-1.7218
-1.7218
-1.72181
-1.72181
-1.72181
-1.72182
-1.72183
-1.72183
-1.72184
-1.72185
-1.72186
-1.72187
-1.72188
-1.72189
-1.7219
-1.72192
-1.72193
-1.72194
-1.72196
-1.72197
-1.72199
-1.722
-1.72202
-1.72204
-1.72205
-1.72207
-1.72209
-1.7221
-1.72212
-1.72214
-1.72216
-1.72217
-1.72219
-1.72221
-1.72223
-1.72225
-1.72227
-1.72228
-1.7223
-1.72232
-1.72234
-1.72236
-1.72237
-1.72239
-1.72241
-1.72242
-1.72244
-1.72246
-1.72247
-1.72249
-1.7225
-1.72252
-1.72253
-1.72255
-1.72256
-1.72257
-1.72258
-1.72259
-1.72261
-1.72262
-1.72263
-1.72263
-1.72264
-1.72265
-1.72266
-1.72267
-1.72267
-1.72268
-1.72268
-1.72268
-1.72269
-1.72269
-1.72269
-1.72269
-1.72269
-1.72269
-1.72269
-1.72269
-1.72269
-1.72268
-1.72268
-1.72267
-1.72267
-1.72266
-1.72265
-1.72265
-1.72264
-1.72263
-1.72262
-1.72261
-1.7226
-1.72258
-1.72257
-1.72256
-1.72254
-1.72253
-1.72252
-1.7225
-1.72248
-1.72247
-1.72245
-1.72243
-1.72242
-1.7224
-1.72238
-1.72236
-1.72234
-1.72232
-1.7223
-1.72228
-1.72226
-1.72224
-1.72222
-1.7222
-1.72217
-1.72215
-1.72213
-1.72211
-1.72209
-1.72207
-1.72204
-1.72202
-1.722
-1.72198
-1.72196
-1.72194
-1.72192
-1.72189
-1.72187
-1.72185
-1.72183
-1.72181
-1.72179
-1.72177
-1.72176
-1.72174
-1.72172
-1.7217
-1.72168
-1.72167
-1.72165
-1.72164
-1.72162
-1.72161
-1.72159
-1.72158
-1.72157
-1.72155
-1.72154
-1.72153
-1.72152
-1.72151
-1.7215
-1.7215
-1.72149
-1.72148
-1.72148
-1.72147
-1.72147
-1.72146
-1.72146
-1.72146
-1.72146
-1.72146
-1.72146
-1.72146
-1.72146
-1.72146
-1.72147
-1.72147
-1.72148
-1.72148
-1.72149
-1.7215
-1.7215
-1.72151
-1.72152
-1.72153
-1.72154
-1.72155
-1.72157
-1.72158
-1.72159
-1.72161
-1.72162
-1.72164
-1.72165
-1.72167
-1.72169
-1.7217
-1.72172
-1.72174
-1.72176
-1.72178
-1.7218
-1.72182
-1.72184
-1.72186
-1.72188
-1.7219
-1.72192
-1.72194
-1.72196
-1.72199
-1.72201
-1.72203
-1.72205
-1.72208
-1.7221
-1.72212
-1.72214
-1.72216
-1.72219
-1.72221
-1.72223
-1.72225
-1.72227
-1.7223
-1.72232
-1.72234
-1.72236
-1.72238
-1.7224
-1.72242
-1.72244
-1.72245
-1.72247
-1.72249
-1.72251
-1.72252
-1.72254
-1.72256
-1.72257
-1.72259
-1.7226
-1.72261
-1.72263
-1.72264
-1.72265
-1.72266
-1.72267
-1.72268
-1.72269
-1.72269
-1.7227
-1.72271
-1.72271
-1.72272
-1.72272
-1.72272
-1.72273
-1.72273
-1.72273
-1.72273
-1.72273
-1.72273
-1.72272
-1.72272
-1.72272
-1.72271
-1.72271
-1.7227
-1.72269
-1.72269
-1.72268
-1.72267
-1.72266
-1.72265
-1.72264
-1.72263
-1.72261
-1.7226
-1.72259
-1.72257
-1.72256
-1.72254
-1.72253
-1.72251
-1.72249
-1.72247
-1.72246
-1.72244
-1.72242
-1.7224
-1.72238
-1.72236
-1.72234
-1.72232
-1.7223
-1.72228
-1.72225
-1.72223
-1.72221
-1.72219
-1.72217
-1.72215
-1.72212
-1.7221
-1.72208
-1.72206
-1.72204
-1.72201
-1.72199
-1.72197
-1.72195
-1.72193
-1.72191
-1.72189
-1.72186
-1.72184
-1.72182
-1.7218
-1.72179
-1.72177
-1.72175
-1.72173
-1.72171
-1.7217
-1.72168
-1.72166
-1.72165
-1.72163
-1.72162
-1.7216
-1.72159
-1.72158
-1.72157
-1.72156
-1.72154
-1.72154
-1.72153
-1.72152
-1.72151
-1.7215
-1.7215
-1.72149
-1.72149
-1.72148
-1.72148
-1.72148
-1.72147
-1.72147
-1.72147
-1.72147
-1.72148
-1.72148
-1.72148
-1.72148
-1.72149
-1.72149
-1.7215
-1.7215
-1.72151
-1.72152
-1.72153
-1.72154
-1.72155
-1.72156
-1.72157
-1.72158
-1.72159
-1.72161
-1.72162
-1.72163
-1.72165
-1.72166
-1.72168
-1.72169
-1.72171
-1.72173
-1.72174
-1.72176
-1.72178
-1.7218
-1.72181
-1.72183
-1.72185
-1.72187
-1.72189
-1.72191
-1.72193
-1.72195
-1.72197
-1.72199
-1.72201
-1.72202
-1.72204
-1.72206
-1.72208
-1.7221
-1.72212
-1.72214
-1.72216
-1.72217
-1.72219
-1.72221
-1.72223
-1.72224
-1.72226
-1.72227
-1.72229
-1.7223
-1.72232
-1.72233
-1.72234
-1.72236
-1.72237
-1.72238
-1.72239
-1.7224
-1.72241
-1.72242
-1.72242
-1.72243
-1.72244
-1.72244
-1.72245
-1.72245
-1.72245
-1.72245
-1.72246
-1.72246
-1.72245
-1.72245
-1.72245
-1.72245
-1.72244
-1.72244
-1.72243
-1.72242
-1.72241
-1.72241
-1.72239
-1.72238
-1.72237
-1.72236
-1.72235
-1.72233
-1.72231
-1.7223
-1.72228
-1.72226
-1.72224
-1.72222
-1.7222
-1.72218
-1.72216
-1.72213
-1.72211
-1.72209
-1.72206
-1.72203
-1.72201
-1.72198
-1.72195
-1.72192
-1.72189
-1.72186
-1.72183
-1.7218
-1.72177
-1.72173
-1.7217
-1.72167
-1.72163
-1.7216
-1.72157
-1.72153
-1.7215
-1.72146
-1.72143
-1.72139
-1.72135
-1.72132
-1.72128
-1.72125
-1.72121
-1.72117
-1.72114
-1.7211
-1.72107
-1.72103
-1.72099
-1.72096
-1.72092
-1.72089
-1.72085
-1.72082
-1.72078
-1.72075
-1.72072
-1.72068
-1.72065
-1.72062
-1.72059
-1.72056
-1.72053
-1.7205
-1.72047
-1.72044
-1.72041
-1.72038
-1.72036
-1.72033
-1.72031
-1.72028
-1.72026
-1.72024
-1.72021
-1.72019
-1.72017
-1.72015
-1.72013
-1.72012
-1.7201
-1.72008
-1.72007
-1.72005
-1.72004
-1.72003
-1.72002
-1.72
-1.72
-1.71999
-1.71998
-1.71997
-1.71997
-1.71996
-1.71996
-1.71995
-1.71995
-1.71995
-1.71995
-1.71995
-1.71995
-1.71995
-1.71995
-1.71995
-1.71996
-1.71996
-1.71997
-1.71998
-1.71998
-1.71999
-1.72
-1.72001
-1.72002
-1.72003
-1.72004
-1.72005
-1.72006
-1.72007
-1.72009
-1.7201
-1.72011
-1.72013
-1.72014
-1.72015
-1.72017
-1.72018
-1.7202
-1.72022
-1.72023
-1.72025
-1.72026
-1.72028
-1.72029
-1.72031
-1.72033
-1.72034
-1.72036
-1.72037
-1.72039
-1.7204
-1.72042
-1.72043
-1.72045
-1.72046
-1.72048
-1.72049
-1.7205
-1.72052
-1.72053
-1.72054
-1.72055
-1.72056
-1.72057
-1.72058
-1.72059
-1.7206
-1.72061
-1.72061
-1.72062
-1.72062
-1.72063
-1.72063
-1.72064
-1.72064
-1.72064
-1.72064
-1.72064
-1.72064
-1.72064
-1.72063
-1.72063
-1.72063
-1.72062
-1.72061
-1.72061
-1.7206
-1.72059
-1.72058
-1.72057
-1.72055
-1.72054
-1.72053
-1.72051
-1.7205
-1.72048
-1.72046
-1.72044
-1.72042
-1.7204
-1.72038
-1.72036
-1.72034
-1.72031
-1.72029
-1.72026
-1.72024
-1.72021
-1.72018
-1.72015
-1.72012
-1.72009
-1.72006
-1.72003
-1.72
-1.71997
-1.71993
-1.7199
-1.71986
-1.71983
-1.71979
-1.71976
-1.71972
-1.71968
-1.71965
-1.71961
-1.71957
-1.71953
-1.7195
-1.71946
-1.71942
-1.71938
-1.71934
-1.7193
-1.71926
-1.71922
-1.71919
-1.71915
-1.71911
-1.71907
-1.71903
-1.71899
-1.71895
-1.71891
-1.71888
-1.71884
-1.7188
-1.71876
-1.71873
-1.71869
-1.71866
-1.71862
-1.71859
-1.71855
-1.71852
-1.71849
-1.71845
-1.71842
-1.71839
-1.71836
-1.71833
-1.7183
-1.71827
-1.71824
-1.71822
-1.71819
-1.71816
-1.71814
-1.71811
-1.71809
-1.71807
-1.71805
-1.71803
-1.71801
-1.71799
-1.71797
-1.71795
-1.71794
-1.71792
-1.71791
-1.71789
-1.71788
-1.71787
-1.71786
-1.71785
-1.71784
-1.71783
-1.71782
-1.71782
-1.71781
-1.71781
-1.7178
-1.7178
-1.7178
-1.71779
-1.71779
-1.71779
-1.71779
-1.7178
-1.7178
-1.7178
-1.7178
-1.71781
-1.71781
-1.71782
-1.71782
-1.71783
-1.71784
-1.71785
-1.71785
-1.71786
-1.71787
-1.71788
-1.71789
-1.7179
-1.71791
-1.71792
-1.71793
-1.71794
-1.71796
-1.71797
-1.71798
-1.71799
-1.718
-1.71802
-1.71803
-1.71804
-1.71805
-1.71806
-1.71808
-1.71809
-1.7181
-1.71811
-1.71812
-1.71813
-1.71814
-1.71815
-1.71816
-1.71817
-1.71818
-1.71819
-1.7182
-1.71821
-1.71822
-1.71822
-1.71823
-1.71824
-1.71824
-1.71825
-1.71825
-1.71825
-1.71826
-1.71826
-1.71826
-1.71826
-1.71826
-1.71826
-1.71826
-1.71826
-1.71826
-1.71825
-1.71825
-1.71824
-1.71824
-1.71823
-1.71822
-1.71822
-1.71821
-1.7182
-1.71819
-1.71818
-1.71816
-1.71815
-1.71814
-1.71812
-1.71811
-1.71809
-1.71807
-1.71806
-1.71804
-1.71802
-1.718
-1.71798
-1.71796
-1.71793
-1.71791
-1.71789
-1.71786
-1.71784
-1.71781
-1.71779
-1.71776
-1.71773
-1.71771
-1.71768
-1.71765
-1.71762
-1.71759
-1.71756
-1.71753
-1.7175
-1.71747
-1.71744
-1.71741
-1.71738
-1.71735
-1.71732
-1.71728
-1.71725
-1.71722
-1.71719
-1.71715
-1.71712
-1.71709
-1.71706
-1.71703
-1.71699
-1.71696
-1.71693
-1.7169
-1.71687
-1.71684
-1.71681
-1.71678
-1.71675
-1.71672
-1.71669
-1.71666
-1.71663
-1.71661
-1.71658
-1.71655
-1.71653
-1.7165
-1.71648
-1.71645
-1.71643
-1.7164
-1.71638
-1.71636
-1.71634
-1.71632
-1.7163
-1.71628
-1.71626
-1.71625
-1.71623
-1.71622
-1.7162
-1.71619
-1.71618
-1.71616
-1.71615
-1.71614
-1.71613
-1.71613
-1.71612
-1.71611
-1.71611
-1.7161
-1.7161
-1.71609
-1.71609
-1.71609
-1.71609
-1.71609
-1.71609
-1.71609
-1.71609
-1.7161
-1.7161
-1.71611
-1.71611
-1.71612
-1.71613
-1.71613
-1.71614
-1.71615
-1.71616
-1.71617
-1.71618
-1.7162
-1.71621
-1.71622
-1.71623
-1.71625
-1.71626
-1.71628
-1.71629
-1.71631
-1.71632
-1.71634
-1.71635
-1.71637
-1.71639
-1.7164
-1.71642
-1.71644
-1.71646
-1.71647
-1.71649
-1.71651
-1.71653
-1.71654
-1.71656
-1.71658
-1.71659
-1.71661
-1.71663
-1.71664
-1.71666
-1.71667
-1.71669
-1.7167
-1.71672
-1.71673
-1.71675
-1.71676
-1.71677
-1.71679
-1.7168
-1.71681
-1.71682
-1.71683
-1.71684
-1.71685
-1.71685
-1.71686
-1.71687
-1.71687
-1.71688
-1.71688
-1.71688
-1.71689
-1.71689
-1.71689
-1.71689
-1.71689
-1.71688
-1.71688
-1.71688
-1.71687
-1.71687
-1.71686
-1.71685
-1.71685
-1.71684
-1.71683
-1.71682
-1.7168
-1.71679
-1.71678
-1.71676
-1.71675
-1.71673
-1.71671
-1.7167
-1.71668
-1.71666
-1.71664
-1.71661
-1.71659
-1.71657
-1.71654
-1.71652
-1.7165
-1.71647
-1.71644
-1.71641
-1.71639
-1.71636
-1.71633
-1.7163
-1.71627
-1.71624
-1.71621
-1.71617
-1.71614
-1.71611
-1.71608
-1.71604
-1.71601
-1.71598
-1.71594
-1.71591
-1.71587
-1.71584
-1.7158
-1.71577
-1.71573
-1.7157
-1.71566
-1.71563
-1.71559
-1.71556
-1.71552
-1.71549
-1.71545
-1.71542
-1.71538
-1.71535
-1.71531
-1.71528
-1.71525
-1.71522
-1.71518
-1.71515
-1.71512
-1.71509
-1.71506
-1.71503
-1.715
-1.71497
-1.71494
-1.71491
-1.71489
-1.71486
-1.71484
-1.71481
-1.71479
-1.71476
-1.71474
-1.71472
-1.7147
-1.71468
-1.71466
-1.71464
-1.71462
-1.7146
-1.71459
-1.71457
-1.71455
-1.71454
-1.71453
-1.71451
-1.7145
-1.71449
-1.71448
-1.71447
-1.71446
-1.71446
-1.71445
-1.71444
-1.71444
-1.71443
-1.71443
-1.71443
-1.71443
-1.71442
-1.71442
-1.71442
-1.71442
-1.71442
-1.71442
-1.71443
-1.71443
-1.71443
-1.71444
-1.71444
-1.71444
-1.71445
-1.71445
-1.71446
-1.71447
-1.71447
-1.71448
-1.71449
-1.71449
-1.7145
-1.71451
-1.71451
-1.71452
-1.71453
-1.71454
-1.71454
-1.71455
-1.71456
-1.71457
-1.71457
-1.71458
-1.71459
-1.71459
-1.7146
-1.7146
-1.71461
-1.71461
-1.71462
-1.71462
-1.71463
-1.71463
-1.71463
-1.71463
-1.71463
-1.71463
-1.71463
-1.71463
-1.71463
-1.71462
-1.71462
-1.71462
-1.71461
-1.7146
-1.7146
-1.71459
-1.71458
-1.71457
-1.71456
-1.71454
-1.71453
-1.71452
-1.7145
-1.71448
-1.71446
-1.71445
-1.71442
-1.7144
-1.71438
-1.71436
-1.71433
-1.7143
-1.71428
-1.71425
-1.71422
-1.71419
-1.71415
-1.71412
-1.71409
-1.71405
-1.71401
-1.71397
-1.71393
-1.71389
-1.71385
-1.71381
-1.71376
-1.71372
-1.71367
-1.71362
-1.71358
-1.71353
-1.71347
-1.71342
-1.71337
-1.71332
-1.71326
-1.71321
-1.71315
-1.71309
-1.71303
-1.71298
-1.71292
-1.71286
-1.71279
-1.71273
-1.71267
-1.71261
-1.71254
-1.71248
-1.71242
-1.71235
-1.71229
-1.71222
-1.71215
-1.71209
-1.71202
-1.71196
-1.71189
-1.71182
-1.71175
-1.71169
-1.71162
-1.71155
-1.71149
-1.71142
-1.71135
-1.71129
-1.71122
-1.71116
-1.71109
-1.71103
-1.71096
-1.7109
-1.71083
-1.71077
-1.71071
-1.71065
-1.71058
-1.71052
-1.71046
-1.7104
-1.71035
-1.71029
-1.71023
-1.71018
-1.71012
-1.71007
-1.71001
-1.70996
-1.70991
-1.70986
-1.70981
-1.70976
-1.70972
-1.70967
-1.70963
-1.70958
-1.70954
-1.7095
-1.70946
-1.70942
-1.70938
-1.70935
-1.70931
-1.70928
-1.70924
-1.70921
-1.70918
-1.70915
-1.70913
-1.7091
-1.70907
-1.70905
-1.70903
-1.709
-1.70898
-1.70896
-1.70895
-1.70893
-1.70891
-1.7089
-1.70888
-1.70887
-1.70886
-1.70885
-1.70884
-1.70883
-1.70882
-1.70882
-1.70881
-1.70881
-1.7088
-1.7088
-1.7088
-1.70879
-1.70879
-1.70879
-1.70879
-1.70879
-1.70879
-1.70879
-1.7088
-1.7088
-1.7088
-1.70881
-1.70881
-1.70881
-1.70882
-1.70882
-1.70883
-1.70883
-1.70883
-1.70884
-1.70884
-1.70885
-1.70885
-1.70886
-1.70886
-1.70886
-1.70887
-1.70887
-1.70887
-1.70887
-1.70887
-1.70888
-1.70888
-1.70888
-1.70888
-1.70887
-1.70887
-1.70887
-1.70886
-1.70886
-1.70885
-1.70885
-1.70884
-1.70883
-1.70882
-1.70881
-1.7088
-1.70879
-1.70877
-1.70876
-1.70874
-1.70872
-1.70871
-1.70869
-1.70866
-1.70864
-1.70862
-1.70859
-1.70857
-1.70854
-1.70851
-1.70848
-1.70845
-1.70841
-1.70838
-1.70834
-1.7083
-1.70826
-1.70822
-1.70818
-1.70813
-1.70809
-1.70804
-1.70799
-1.70794
-1.70789
-1.70784
-1.70779
-1.70773
-1.70767
-1.70762
-1.70756
-1.7075
-1.70743
-1.70737
-1.7073
-1.70724
-1.70717
-1.7071
-1.70703
-1.70696
-1.70689
-1.70682
-1.70674
-1.70667
-1.70659
-1.70651
-1.70643
-1.70636
-1.70628
-1.70619
-1.70611
-1.70603
-1.70595
-1.70586
-1.70578
-1.70569
-1.70561
-1.70552
-1.70543
-1.70535
-1.70526
-1.70517
-1.70508
-1.70499
-1.7049
-1.70481
-1.70472
-1.70463
-1.70454
-1.70445
-1.70436
-1.70427
-1.70418
-1.70409
-1.704
-1.70391
-1.70383
-1.70374
-1.70365
-1.70356
-1.70347
-1.70338
-1.7033
-1.70321
-1.70312
-1.70304
-1.70295
-1.70287
-1.70278
-1.7027
-1.70262
-1.70253
-1.70245
-1.70237
-1.70229
-1.70221
-1.70213
-1.70206
-1.70198
-1.7019
-1.70183
-1.70175
-1.70168
-1.70161
-1.70154
-1.70147
-1.7014
-1.70133
-1.70126
-1.70119
-1.70113
-1.70106
-1.701
-1.70094
-1.70088
-1.70082
-1.70076
-1.7007
-1.70064
-1.70058
-1.70053
-1.70047
-1.70042
-1.70036
-1.70031
-1.70026
-1.70021
-1.70016
-1.70011
-1.70006
-1.70002
-1.69997
-1.69993
-1.69988
-1.69984
-1.69979
-1.69975
-1.69971
-1.69967
-1.69963
-1.69959
-1.69955
-1.69951
-1.69947
-1.69943
-1.6994
-1.69936
-1.69932
-1.69929
-1.69925
-1.69922
-1.69918
-1.69915
-1.69911
-1.69908
-1.69904
-1.69901
-1.69898
-1.69894
-1.69891
-1.69888
-1.69884
-1.69881
-1.69878
-1.69874
-1.69871
-1.69868
-1.69864
-1.69861
-1.69857
-1.69854
-1.69851
-1.69847
-1.69844
-1.6984
-1.69837
-1.69833
-1.6983
-1.69826
-1.69822
-1.69819
-1.69815
-1.69811
-1.69807
-1.69804
-1.698
-1.69796
-1.69792
-1.69788
-1.69784
-1.6978
-1.69776
-1.69772
-1.69767
-1.69763
-1.69759
-1.69755
-1.6975
-1.69746
-1.69741
-1.69737
-1.69732
-1.69728
-1.69723
-1.69719
-1.69714
-1.69709
-1.69705
-1.697
-1.69695
-1.6969
-1.69685
-1.69681
-1.69676
-1.69671
-1.69666
-1.69661
-1.69656
-1.69651
-1.69646
-1.69641
-1.69636
-1.69632
-1.69627
-1.69622
-1.69617
-1.69612
-1.69607
-1.69602
-1.69597
-1.69593
-1.69588
-1.69583
-1.69578
-1.69574
-1.69569
-1.69565
-1.6956
-1.69556
-1.69551
-1.69547
-1.69542
-1.69538
-1.69534
-1.6953
-1.69526
-1.69522
-1.69518
-1.69514
-1.69511
-1.69507
-1.69504
-1.695
-1.69497
-1.69494
-1.6949
-1.69487
-1.69484
-1.69482
-1.69479
-1.69476
-1.69474
-1.69472
-1.69469
-1.69467
-1.69465
-1.69463
-1.69462
-1.6946
-1.69458
-1.69457
-1.69456
-1.69455
-1.69454
-1.69453
-1.69452
-1.69451
-1.69451
-1.69451
-1.6945
-1.6945
-1.6945
-1.6945
-1.69451
-1.69451
-1.69452
-1.69452
-1.69453
-1.69454
-1.69455
-1.69456
-1.69458
-1.69459
-1.69461
-1.69462
-1.69464
-1.69466
-1.69468
-1.6947
-1.69472
-1.69474
-1.69476
-1.69479
-1.69481
-1.69484
-1.69487
-1.69489
-1.69492
-1.69495
-1.69498
-1.69501
-1.69504
-1.69507
-1.69511
-1.69514
-1.69517
-1.69521
-1.69524
-1.69527
-1.69531
-1.69534
-1.69538
-1.69541
-1.69545
-1.69548
-1.69552
-1.69555
-1.69559
-1.69562
-1.69566
-1.69569
-1.69573
-1.69576
-1.69579
-1.69583
-1.69586
-1.69589
-1.69593
-1.69596
-1.69599
-1.69602
-1.69605
-1.69608
-1.6961
-1.69613
-1.69616
-1.69618
-1.69621
-1.69623
-1.69626
-1.69628
-1.6963
-1.69632
-1.69634
-1.69636
-1.69637
-1.69639
-1.6964
-1.69642
-1.69643
-1.69644
-1.69645
-1.69646
-1.69646
-1.69647
-1.69647
-1.69648
-1.69648
-1.69648
-1.69648
-1.69648
-1.69647
-1.69647
-1.69646
-1.69645
-1.69644
-1.69643
-1.69642
-1.69641
-1.69639
-1.69637
-1.69636
-1.69634
-1.69632
-1.6963
-1.69627
-1.69625
-1.69622
-1.6962
-1.69617
-1.69614
-1.69611
-1.69608
-1.69604
-1.69601
-1.69597
-1.69594
-1.6959
-1.69586
-1.69582
-1.69578
-1.69574
-1.6957
-1.69566
-1.69561
-1.69557
-1.69552
-1.69548
-1.69543
-1.69538
-1.69533
-1.69528
-1.69524
-1.69519
-1.69514
-1.69508
-1.69503
-1.69498
-1.69493
-1.69488
-1.69483
-1.69477
-1.69472
-1.69467
-1.69462
-1.69456
-1.69451
-1.69446
-1.69441
-1.69435
-1.6943
-1.69425
-1.6942
-1.69415
-1.69409
-1.69404
-1.69399
-1.69394
-1.69389
-1.69384
-1.6938
-1.69375
-1.6937
-1.69365
-1.69361
-1.69356
-1.69351
-1.69347
-1.69343
-1.69338
-1.69334
-1.6933
-1.69326
-1.69322
-1.69318
-1.69314
-1.6931
-1.69307
-1.69303
-1.693
-1.69296
-1.69293
-1.6929
-1.69287
-1.69284
-1.69281
-1.69278
-1.69275
-1.69273
-1.6927
-1.69268
-1.69265
-1.69263
-1.69261
-1.69259
-1.69257
-1.69255
-1.69253
-1.69251
-1.69249
-1.69248
-1.69246
-1.69245
-1.69243
-1.69242
-1.6924
-1.69239
-1.69238
-1.69237
-1.69236
-1.69235
-1.69234
-1.69233
-1.69232
-1.69231
-1.69231
-1.6923
-1.69229
-1.69229
-1.69228
-1.69227
-1.69227
-1.69226
-1.69226
-1.69225
-1.69224
-1.69224
-1.69223
-1.69223
-1.69222
-1.69222
-1.69221
-1.6922
-1.6922
-1.69219
-1.69218
-1.69217
-1.69217
-1.69216
-1.69215
-1.69214
-1.69213
-1.69212
-1.69211
-1.6921
-1.69208
-1.69207
-1.69206
-1.69204
-1.69203
-1.69201
-1.69199
-1.69198
-1.69196
-1.69194
-1.69192
-1.6919
-1.69187
-1.69185
-1.69183
-1.6918
-1.69177
-1.69175
-1.69172
-1.69169
-1.69166
-1.69163
-1.69159
-1.69156
-1.69153
-1.69149
-1.69145
-1.69141
-1.69138
-1.69134
-1.69129
-1.69125
-1.69121
-1.69116
-1.69112
-1.69107
-1.69102
-1.69097
-1.69092
-1.69087
-1.69082
-1.69077
-1.69071
-1.69066
-1.6906
-1.69055
-1.69049
-1.69043
-1.69037
-1.69031
-1.69025
-1.69019
-1.69013
-1.69006
-1.69
-1.68994
-1.68987
-1.68981
-1.68974
-1.68968
-1.68961
-1.68954
-1.68947
-1.68941
-1.68934
-1.68927
-1.6892
-1.68913
-1.68907
-1.689
-1.68893
-1.68886
-1.68879
-1.68872
-1.68865
-1.68858
-1.68852
-1.68845
-1.68838
-1.68831
-1.68825
-1.68818
-1.68811
-1.68805
-1.68798
-1.68792
-1.68785
-1.68779
-1.68773
-1.68766
-1.6876
-1.68754
-1.68748
-1.68742
-1.68737
-1.68731
-1.68725
-1.6872
-1.68714
-1.68709
-1.68704
-1.68699
-1.68693
-1.68689
-1.68684
-1.68679
-1.68674
-1.6867
-1.68666
-1.68661
-1.68657
-1.68653
-1.68649
-1.68646
-1.68642
-1.68639
-1.68635
-1.68632
-1.68629
-1.68626
-1.68623
-1.6862
-1.68618
-1.68615
-1.68613
-1.68611
-1.68609
-1.68607
-1.68605
-1.68603
-1.68601
-1.686
-1.68599
-1.68597
-1.68596
-1.68595
-1.68594
-1.68593
-1.68593
-1.68592
-1.68592
-1.68591
-1.68591
-1.68591
-1.6859
-1.6859
-1.6859
-1.6859
-1.68591
-1.68591
-1.68591
-1.68592
-1.68592
-1.68592
-1.68593
-1.68594
-1.68594
-1.68595
-1.68596
-1.68596
-1.68597
-1.68598
-1.68599
-1.686
-1.68601
-1.68602
-1.68603
-1.68604
-1.68604
-1.68605
-1.68606
-1.68607
-1.68608
-1.68609
-1.6861
-1.68611
-1.68612
-1.68612
-1.68613
-1.68614
-1.68615
-1.68615
-1.68616
-1.68616
-1.68617
-1.68617
-1.68618
-1.68618
-1.68618
-1.68619
-1.68619
-1.68619
-1.68619
-1.68619
-1.68619
-1.68618
-1.68618
-1.68618
-1.68617
-1.68617
-1.68616
-1.68615
-1.68614
-1.68614
-1.68613
-1.68611
-1.6861
-1.68609
-1.68608
-1.68606
-1.68605
-1.68603
-1.68602
-1.686
-1.68598
-1.68596
-1.68594
-1.68592
-1.6859
-1.68587
-1.68585
-1.68583
-1.6858
-1.68577
-1.68575
-1.68572
-1.68569
-1.68566
-1.68563
-1.68561
-1.68557
-1.68554
-1.68551
-1.68548
-1.68545
-1.68541
-1.68538
-1.68535
-1.68531
-1.68528
-1.68524
-1.68521
-1.68517
-1.68514
-1.6851
-1.68507
-1.68503
-1.68499
-1.68496
-1.68492
-1.68489
-1.68485
-1.68482
-1.68478
-1.68474
-1.68471
-1.68467
-1.68464
-1.68461
-1.68457
-1.68454
-1.68451
-1.68447
-1.68444
-1.68441
-1.68438
-1.68435
-1.68432
-1.68429
-1.68426
-1.68424
-1.68421
-1.68418
-1.68416
-1.68414
-1.68411
-1.68409
-1.68407
-1.68405
-1.68403
-1.68401
-1.68399
-1.68398
-1.68396
-1.68395
-1.68393
-1.68392
-1.68391
-1.6839
-1.68389
-1.68388
-1.68388
-1.68387
-1.68387
-1.68386
-1.68386
-1.68386
-1.68386
-1.68386
-1.68386
-1.68387
-1.68387
-1.68388
-1.68389
-1.68389
-1.6839
-1.68391
-1.68392
-1.68394
-1.68395
-1.68396
-1.68398
-1.684
-1.68401
-1.68403
-1.68405
-1.68407
-1.68409
-1.68411
-1.68413
-1.68416
-1.68418
-1.6842
-1.68423
-1.68426
-1.68428
-1.68431
-1.68434
-1.68436
-1.68439
-1.68442
-1.68445
-1.68448
-1.68451
-1.68454
-1.68457
-1.6846
-1.68463
-1.68466
-1.68469
-1.68472
-1.68475
-1.68478
-1.68481
-1.68485
-1.68488
-1.68491
-1.68494
-1.68497
-1.68499
-1.68502
-1.68505
-1.68508
-1.68511
-1.68513
-1.68516
-1.68519
-1.68521
-1.68524
-1.68526
-1.68529
-1.68531
-1.68533
-1.68535
-1.68537
-1.68539
-1.68541
-1.68543
-1.68544
-1.68546
-1.68547
-1.68549
-1.6855
-1.68551
-1.68552
-1.68553
-1.68554
-1.68555
-1.68556
-1.68556
-1.68556
-1.68557
-1.68557
-1.68557
-1.68557
-1.68557
-1.68557
-1.68556
-1.68556
-1.68555
-1.68554
-1.68554
-1.68553
-1.68552
-1.68551
-1.68549
-1.68548
-1.68546
-1.68545
-1.68543
-1.68541
-1.6854
-1.68538
-1.68536
-1.68533
-1.68531
-1.68529
-1.68527
-1.68524
-1.68522
-1.68519
-1.68516
-1.68513
-1.68511
-1.68508
-1.68505
-1.68502
-1.68499
-1.68496
-1.68492
-1.68489
-1.68486
-1.68483
-1.6848
-1.68476
-1.68473
-1.6847
-1.68466
-1.68463
-1.68459
-1.68456
-1.68453
-1.68449
-1.68446
-1.68443
-1.68439
-1.68436
-1.68433
-1.6843
-1.68426
-1.68423
-1.6842
-1.68417
-1.68414
-1.68411
-1.68408
-1.68405
-1.68403
-1.684
-1.68397
-1.68395
-1.68392
-1.6839
-1.68388
-1.68385
-1.68383
-1.68381
-1.68379
-1.68377
-1.68376
-1.68374
-1.68372
-1.68371
-1.6837
-1.68368
-1.68367
-1.68366
-1.68365
-1.68365
-1.68364
-1.68363
-1.68363
-1.68363
-1.68362
-1.68362
-1.68362
-1.68362
-1.68363
-1.68363
-1.68363
-1.68364
-1.68365
-1.68366
-1.68367
-1.68368
-1.68369
-1.6837
-1.68371
-1.68373
-1.68374
-1.68376
-1.68378
-1.6838
-1.68382
-1.68384
-1.68386
-1.68388
-1.68391
-1.68393
-1.68395
-1.68398
-1.68401
-1.68403
-1.68406
-1.68409
-1.68412
-1.68415
-1.68418
-1.68421
-1.68424
-1.68427
-1.6843
-1.68433
-1.68437
-1.6844
-1.68443
-1.68446
-1.6845
-1.68453
-1.68456
-1.6846
-1.68463
-1.68466
-1.68469
-1.68473
-1.68476
-1.68479
-1.68482
-1.68485
-1.68489
-1.68492
-1.68495
-1.68498
-1.685
-1.68503
-1.68506
-1.68509
-1.68512
-1.68514
-1.68517
-1.68519
-1.68521
-1.68524
-1.68526
-1.68528
-1.6853
-1.68532
-1.68534
-1.68535
-1.68537
-1.68539
-1.6854
-1.68541
-1.68542
-1.68544
-1.68544
-1.68545
-1.68546
-1.68547
-1.68547
-1.68547
-1.68548
-1.68548
-1.68548
-1.68548
-1.68547
-1.68547
-1.68547
-1.68546
-1.68545
-1.68544
-1.68543
-1.68542
-1.68541
-1.6854
-1.68538
-1.68537
-1.68535
-1.68533
-1.68531
-1.68529
-1.68527
-1.68525
-1.68523
-1.6852
-1.68518
-1.68515
-1.68512
-1.6851
-1.68507
-1.68504
-1.68501
-1.68498
-1.68494
-1.68491
-1.68488
-1.68484
-1.68481
-1.68477
-1.68474
-1.6847
-1.68466
-1.68463
-1.68459
-1.68455
-1.68451
-1.68447
-1.68444
-1.6844
-1.68436
-1.68432
-1.68428
-1.68424
-1.6842
-1.68416
-1.68412
-1.68408
-1.68404
-1.684
-1.68397
-1.68393
-1.68389
-1.68385
-1.68381
-1.68378
-1.68374
-1.6837
-1.68367
-1.68363
-1.6836
-1.68357
-1.68353
-1.6835
-1.68347
-1.68344
-1.68341
-1.68338
-1.68335
-1.68332
-1.68329
-1.68327
-1.68324
-1.68321
-1.68319
-1.68317
-1.68315
-1.68312
-1.6831
-1.68308
-1.68307
-1.68305
-1.68303
-1.68302
-1.683
-1.68299
-1.68297
-1.68296
-1.68295
-1.68294
-1.68293
-1.68292
-1.68292
-1.68291
-1.6829
-1.6829
-1.68289
-1.68289
-1.68289
-1.68289
-1.68289
-1.68289
-1.68289
-1.68289
-1.68289
-1.68289
-1.6829
-1.6829
-1.6829
-1.68291
-1.68291
-1.68292
-1.68293
-1.68293
-1.68294
-1.68295
-1.68295
-1.68296
-1.68297
-1.68298
-1.68299
-1.683
-1.683
-1.68301
-1.68302
-1.68303
-1.68304
-1.68304
-1.68305
-1.68306
-1.68307
-1.68307
-1.68308
-1.68309
-1.68309
-1.6831
-1.6831
-1.68311
-1.68311
-1.68311
-1.68312
-1.68312
-1.68312
-1.68312
-1.68312
-1.68312
-1.68312
-1.68311
-1.68311
-1.6831
-1.6831
-1.68309
-1.68308
-1.68307
-1.68306
-1.68305
-1.68304
-1.68303
-1.68301
-1.68299
-1.68298
-1.68296
-1.68294
-1.68292
-1.6829
-1.68287
-1.68285
-1.68282
-1.68279
-1.68277
-1.68274
-1.6827
-1.68267
-1.68264
-1.6826
-1.68257
-1.68253
-1.68249
-1.68245
-1.68241
-1.68237
-1.68232
-1.68228
-1.68223
-1.68219
-1.68214
-1.68209
-1.68204
-1.68199
-1.68193
-1.68188
-1.68182
-1.68177
-1.68171
-1.68166
-1.6816
-1.68154
-1.68148
-1.68142
-1.68136
-1.6813
-1.68123
-1.68117
-1.68111
-1.68105
-1.68098
-1.68092
-1.68085
-1.68079
-1.68072
-1.68066
-1.68059
-1.68052
-1.68046
-1.68039
-1.68033
-1.68026
-1.6802
-1.68013
-1.68007
-1.68
-1.67994
-1.67987
-1.67981
-1.67975
-1.67968
-1.67962
-1.67956
-1.6795
-1.67944
-1.67938
-1.67932
-1.67927
-1.67921
-1.67915
-1.6791
-1.67905
-1.67899
-1.67894
-1.67889
-1.67884
-1.6788
-1.67875
-1.67871
-1.67866
-1.67862
-1.67858
-1.67854
-1.6785
-1.67846
-1.67843
-1.67839
-1.67836
-1.67833
-1.6783
-1.67828
-1.67825
-1.67823
-1.6782
-1.67818
-1.67816
-1.67814
-1.67813
-1.67811
-1.6781
-1.67809
-1.67808
-1.67807
-1.67807
-1.67806
-1.67806
-1.67806
-1.67806
-1.67806
-1.67806
-1.67807
-1.67807
-1.67808
-1.67809
-1.6781
-1.67811
-1.67813
-1.67814
-1.67816
-1.67817
-1.67819
-1.67821
-1.67823
-1.67826
-1.67828
-1.6783
-1.67833
-1.67836
-1.67838
-1.67841
-1.67844
-1.67847
-1.6785
-1.67853
-1.67857
-1.6786
-1.67863
-1.67867
-1.6787
-1.67874
-1.67877
-1.67881
-1.67884
-1.67888
-1.67891
-1.67895
-1.67899
-1.67902
-1.67906
-1.6791
-1.67913
-1.67917
-1.67921
-1.67924
-1.67928
-1.67931
-1.67935
-1.67938
-1.67941
-1.67945
-1.67948
-1.67951
-1.67954
-1.67957
-1.6796
-1.67963
-1.67966
-1.67969
-1.67971
-1.67974
-1.67976
-1.67978
-1.67981
-1.67983
-1.67985
-1.67987
-1.67988
-1.6799
-1.67991
-1.67993
-1.67994
-1.67995
-1.67996
-1.67997
-1.67998
-1.67999
-1.67999
-1.67999
-1.68
-1.68
-1.68
-1.68
-1.67999
-1.67999
-1.67998
-1.67998
-1.67997
-1.67996
-1.67995
-1.67993
-1.67992
-1.67991
-1.67989
-1.67987
-1.67985
-1.67984
-1.67981
-1.67979
-1.67977
-1.67975
-1.67972
-1.67969
-1.67967
-1.67964
-1.67961
-1.67958
-1.67955
-1.67952
-1.67949
-1.67945
-1.67942
-1.67939
-1.67935
-1.67932
-1.67928
-1.67924
-1.67921
-1.67917
-1.67913
-1.67909
-1.67906
-1.67902
-1.67898
-1.67894
-1.6789
-1.67887
-1.67883
-1.67879
-1.67875
-1.67871
-1.67868
-1.67864
-1.6786
-1.67857
-1.67853
-1.67849
-1.67846
-1.67842
-1.67839
-1.67836
-1.67832
-1.67829
-1.67826
-1.67823
-1.6782
-1.67817
-1.67815
-1.67812
-1.6781
-1.67807
-1.67805
-1.67803
-1.678
-1.67798
-1.67797
-1.67795
-1.67793
-1.67792
-1.6779
-1.67789
-1.67788
-1.67787
-1.67786
-1.67785
-1.67785
-1.67784
-1.67784
-1.67784
-1.67784
-1.67784
-1.67784
-1.67784
-1.67785
-1.67786
-1.67786
-1.67787
-1.67788
-1.6779
-1.67791
-1.67792
-1.67794
-1.67796
-1.67797
-1.67799
-1.67802
-1.67804
-1.67806
-1.67808
-1.67811
-1.67814
-1.67816
-1.67819
-1.67822
-1.67825
-1.67828
-1.67832
-1.67835
-1.67838
-1.67842
-1.67845
-1.67849
-1.67852
-1.67856
-1.6786
-1.67864
-1.67868
-1.67872
-1.67875
-1.67879
-1.67883
-1.67887
-1.67891
-1.67895
-1.67899
-1.67903
-1.67908
-1.67912
-1.67916
-1.6792
-1.67923
-1.67927
-1.67931
-1.67935
-1.67939
-1.67943
-1.67946
-1.6795
-1.67954
-1.67957
-1.67961
-1.67964
-1.67967
-1.67971
-1.67974
-1.67977
-1.6798
-1.67983
-1.67985
-1.67988
-1.67991
-1.67993
-1.67995
-1.67998
-1.68
-1.68002
-1.68003
-1.68005
-1.68007
-1.68008
-1.68009
-1.68011
-1.68012
-1.68012
-1.68013
-1.68014
-1.68014
-1.68015
-1.68015
-1.68015
-1.68015
-1.68015
-1.68014
-1.68014
-1.68013
-1.68012
-1.68011
-1.6801
-1.68009
-1.68008
-1.68006
-1.68005
-1.68003
-1.68001
-1.67999
-1.67997
-1.67995
-1.67992
-1.6799
-1.67987
-1.67985
-1.67982
-1.67979
-1.67976
-1.67973
-1.6797
-1.67966
-1.67963
-1.67959
-1.67956
-1.67952
-1.67949
-1.67945
-1.67941
-1.67937
-1.67934
-1.6793
-1.67926
-1.67922
-1.67918
-1.67914
-1.6791
-1.67905
-1.67901
-1.67897
-1.67893
-1.67889
-1.67885
-1.67881
-1.67877
-1.67873
-1.67869
-1.67865
-1.67861
-1.67857
-1.67853
-1.6785
-1.67846
-1.67842
-1.67839
-1.67835
-1.67832
-1.67828
-1.67825
-1.67822
-1.67819
-1.67816
-1.67813
-1.6781
-1.67808
-1.67805
-1.67803
-1.678
-1.67798
-1.67796
-1.67794
-1.67792
-1.67791
-1.67789
-1.67788
-1.67786
-1.67785
-1.67784
-1.67783
-1.67783
-1.67782
-1.67782
-1.67781
-1.67781
-1.67781
-1.67781
-1.67781
-1.67782
-1.67782
-1.67783
-1.67784
-1.67785
-1.67786
-1.67787
-1.67789
-1.6779
-1.67792
-1.67794
-1.67796
-1.67798
-1.678
-1.67802
-1.67805
-1.67807
-1.6781
-1.67813
-1.67816
-1.67819
-1.67822
-1.67825
-1.67828
-1.67832
-1.67835
-1.67839
-1.67842
-1.67846
-1.6785
-1.67854
-1.67858
-1.67861
-1.67865
-1.67869
-1.67873
-1.67878
-1.67882
-1.67886
-1.6789
-1.67894
-1.67898
-1.67903
-1.67907
-1.67911
-1.67915
-1.67919
-1.67923
-1.67927
-1.67931
-1.67935
-1.67939
-1.67943
-1.67947
-1.67951
-1.67955
-1.67959
-1.67962
-1.67966
-1.67969
-1.67973
-1.67976
-1.67979
-1.67982
-1.67985
-1.67988
-1.67991
-1.67994
-1.67996
-1.67999
-1.68001
-1.68003
-1.68005
-1.68007
-1.68009
-1.68011
-1.68012
-1.68014
-1.68015
-1.68016
-1.68017
-1.68018
-1.68018
-1.68019
-1.68019
-1.6802
-1.6802
-1.6802
-1.6802
-1.68019
-1.68019
-1.68018
-1.68017
-1.68016
-1.68015
-1.68014
-1.68013
-1.68011
-1.6801
-1.68008
-1.68006
-1.68004
-1.68002
-1.68
-1.67997
-1.67995
-1.67992
-1.67989
-1.67986
-1.67983
-1.6798
-1.67977
-1.67974
-1.6797
-1.67967
-1.67963
-1.6796
-1.67956
-1.67952
-1.67948
-1.67944
-1.6794
-1.67936
-1.67932
-1.67928
-1.67924
-1.6792
-1.67916
-1.67911
-1.67907
-1.67903
-1.67899
-1.67894
-1.6789
-1.67886
-1.67882
-1.67877
-1.67873
-1.67869
-1.67865
-1.67861
-1.67857
-1.67853
-1.67849
-1.67845
-1.67841
-1.67837
-1.67834
-1.6783
-1.67827
-1.67823
-1.6782
-1.67817
-1.67813
-1.6781
-1.67807
-1.67805
-1.67802
-1.67799
-1.67797
-1.67795
-1.67792
-1.6779
-1.67788
-1.67786
-1.67785
-1.67783
-1.67782
-1.67781
-1.6778
-1.67779
-1.67778
-1.67777
-1.67777
-1.67776
-1.67776
-1.67776
-1.67776
-1.67776
-1.67777
-1.67777
-1.67778
-1.67779
-1.6778
-1.67781
-1.67782
-1.67784
-1.67785
-1.67787
-1.67789
-1.67791
-1.67793
-1.67795
-1.67797
-1.678
-1.67803
-1.67805
-1.67808
-1.67811
-1.67814
-1.67817
-1.67821
-1.67824
-1.67828
-1.67831
-1.67835
-1.67839
-1.67842
-1.67846
-1.6785
-1.67854
-1.67858
-1.67862
-1.67867
-1.67871
-1.67875
-1.67879
-1.67884
-1.67888
-1.67892
-1.67897
-1.67901
-1.67905
-1.6791
-1.67914
-1.67919
-1.67923
-1.67927
-1.67931
-1.67936
-1.6794
-1.67944
-1.67948
-1.67952
-1.67956
-1.6796
-1.67964
-1.67967
-1.67971
-1.67975
-1.67978
-1.67981
-1.67985
-1.67988
-1.67991
-1.67994
-1.67997
-1.67999
-1.68002
-1.68004
-1.68007
-1.68009
-1.68011
-1.68013
-1.68015
-1.68017
-1.68018
-1.68019
-1.68021
-1.68022
-1.68023
-1.68023
-1.68024
-1.68024
-1.68025
-1.68025
-1.68025
-1.68025
-1.68025
-1.68024
-1.68023
-1.68023
-1.68022
-1.68021
-1.6802
-1.68018
-1.68017
-1.68015
-1.68013
-1.68011
-1.68009
-1.68007
-1.68005
-1.68002
-1.68
-1.67997
-1.67994
-1.67991
-1.67988
-1.67985
-1.67981
-1.67978
-1.67975
-1.67971
-1.67967
-1.67963
-1.6796
-1.67956
-1.67952
-1.67948
-1.67944
-1.67939
-1.67935
-1.67931
-1.67927
-1.67922
-1.67918
-1.67913
-1.67909
-1.67905
-1.679
-1.67896
-1.67891
-1.67887
-1.67882
-1.67878
-1.67874
-1.67869
-1.67865
-1.67861
-1.67857
-1.67852
-1.67848
-1.67844
-1.6784
-1.67836
-1.67833
-1.67829
-1.67825
-1.67822
-1.67818
-1.67815
-1.67812
-1.67808
-1.67805
-1.67802
-1.678
-1.67797
-1.67794
-1.67792
-1.6779
-1.67788
-1.67786
-1.67784
-1.67782
-1.6778
-1.67779
-1.67778
-1.67777
-1.67776
-1.67775
-1.67774
-1.67774
-1.67773
-1.67773
-1.67773
-1.67773
-1.67774
-1.67774
-1.67775
-1.67776
-1.67777
-1.67778
-1.67779
-1.6778
-1.67782
-1.67784
-1.67786
-1.67788
-1.6779
-1.67792
-1.67795
-1.67797
-1.678
-1.67803
-1.67806
-1.67809
-1.67812
-1.67815
-1.67819
-1.67822
-1.67826
-1.6783
-1.67834
-1.67838
-1.67842
-1.67846
-1.6785
-1.67854
-1.67859
-1.67863
-1.67868
-1.67872
-1.67877
-1.67881
-1.67886
-1.6789
-1.67895
-1.679
-1.67905
-1.67909
-1.67914
-1.67919
-1.67923
-1.67928
-1.67933
-1.67937
-1.67942
-1.67947
-1.67951
-1.67956
-1.6796
-1.67964
-1.67969
-1.67973
-1.67977
-1.67981
-1.67985
-1.67989
-1.67993
-1.67996
-1.68
-1.68003
-1.68007
-1.6801
-1.68013
-1.68016
-1.68019
-1.68021
-1.68024
-1.68027
-1.68029
-1.68031
-1.68033
-1.68035
-1.68037
-1.68038
-1.68039
-1.68041
-1.68042
-1.68043
-1.68043
-1.68044
-1.68044
-1.68045
-1.68045
-1.68045
-1.68044
-1.68044
-1.68043
-1.68043
-1.68042
-1.68041
-1.68039
-1.68038
-1.68036
-1.68035
-1.68033
-1.68031
-1.68029
-1.68026
-1.68024
-1.68021
-1.68018
-1.68016
-1.68013
-1.68009
-1.68006
-1.68003
-1.67999
-1.67996
-1.67992
-1.67988
-1.67984
-1.6798
-1.67976
-1.67972
-1.67967
-1.67963
-1.67959
-1.67954
-1.6795
-1.67945
-1.6794
-1.67936
-1.67931
-1.67926
-1.67921
-1.67917
-1.67912
-1.67907
-1.67902
-1.67897
-1.67893
-1.67888
-1.67883
-1.67878
-1.67874
-1.67869
-1.67864
-1.6786
-1.67855
-1.67851
-1.67847
-1.67842
-1.67838
-1.67834
-1.6783
-1.67826
-1.67822
-1.67818
-1.67815
-1.67811
-1.67808
-1.67805
-1.67801
-1.67798
-1.67796
-1.67793
-1.6779
-1.67788
-1.67785
-1.67783
-1.67781
-1.67779
-1.67778
-1.67776
-1.67775
-1.67774
-1.67772
-1.67772
-1.67771
-1.6777
-1.6777
-1.6777
-1.6777
-1.6777
-1.6777
-1.67771
-1.67771
-1.67772
-1.67773
-1.67774
-1.67776
-1.67777
-1.67779
-1.67781
-1.67783
-1.67785
-1.67787
-1.67789
-1.67792
-1.67795
-1.67798
-1.67801
-1.67804
-1.67807
-1.6781
-1.67814
-1.67818
-1.67821
-1.67825
-1.67829
-1.67833
-1.67837
-1.67842
-1.67846
-1.6785
-1.67855
-1.6786
-1.67864
-1.67869
-1.67874
-1.67878
-1.67883
-1.67888
-1.67893
-1.67898
-1.67903
-1.67908
-1.67913
-1.67918
-1.67923
-1.67928
-1.67933
-1.67938
-1.67942
-1.67947
-1.67952
-1.67957
-1.67961
-1.67966
-1.67971
-1.67975
-1.67979
-1.67984
-1.67988
-1.67992
-1.67996
-1.68
-1.68004
-1.68008
-1.68011
-1.68015
-1.68018
-1.68021
-1.68024
-1.68027
-1.6803
-1.68033
-1.68035
-1.68038
-1.6804
-1.68042
-1.68044
-1.68045
-1.68047
-1.68048
-1.68049
-1.6805
-1.68051
-1.68052
-1.68053
-1.68053
-1.68053
-1.68053
-1.68053
-1.68052
-1.68052
-1.68051
-1.6805
-1.68049
-1.68048
-1.68046
-1.68045
-1.68043
-1.68041
-1.68039
-1.68037
-1.68034
-1.68032
-1.68029
-1.68026
-1.68023
-1.6802
-1.68017
-1.68013
-1.6801
-1.68006
-1.68002
-1.67998
-1.67994
-1.6799
-1.67986
-1.67982
-1.67977
-1.67973
-1.67968
-1.67963
-1.67959
-1.67954
-1.67949
-1.67944
-1.67939
-1.67934
-1.67929
-1.67924
-1.67919
-1.67914
-1.67909
-1.67903
-1.67898
-1.67893
-1.67888
-1.67883
-1.67878
-1.67873
-1.67868
-1.67863
-1.67858
-1.67853
-1.67849
-1.67844
-1.67839
-1.67835
-1.67831
-1.67826
-1.67822
-1.67818
-1.67814
-1.6781
-1.67806
-1.67803
-1.67799
-1.67796
-1.67792
-1.67789
-1.67786
-1.67783
-1.67781
-1.67778
-1.67776
-1.67774
-1.67772
-1.6777
-1.67768
-1.67767
-1.67765
-1.67764
-1.67763
-1.67762
-1.67762
-1.67761
-1.67761
-1.67761
-1.67761
-1.67761
-1.67762
-1.67763
-1.67763
-1.67764
-1.67766
-1.67767
-1.67769
-1.6777
-1.67772
-1.67774
-1.67776
-1.67779
-1.67781
-1.67784
-1.67787
-1.6779
-1.67793
-1.67796
-1.678
-1.67803
-1.67807
-1.67811
-1.67815
-1.67819
-1.67823
-1.67827
-1.67832
-1.67836
-1.6784
-1.67845
-1.6785
-1.67854
-1.67859
-1.67864
-1.67869
-1.67874
-1.67879
-1.67884
-1.67889
-1.67894
-1.67899
-1.67904
-1.67909
-1.67914
-1.67919
-1.67924
-1.67929
-1.67934
-1.67938
-1.67943
-1.67948
-1.67952
-1.67957
-1.67961
-1.67966
-1.6797
-1.67974
-1.67978
-1.67982
-1.67985
-1.67989
-1.67992
-1.67996
-1.67999
-1.68002
-1.68005
-1.68007
-1.6801
-1.68012
-1.68014
-1.68016
-1.68018
-1.68019
-1.6802
-1.68021
-1.68022
-1.68023
-1.68023
-1.68023
-1.68023
-1.68023
-1.68022
-1.68022
-1.6802
-1.68019
-1.68018
-1.68016
-1.68014
-1.68011
-1.68009
-1.68006
-1.68003
-1.68
-1.67996
-1.67992
-1.67988
-1.67984
-1.67979
-1.67974
-1.67969
-1.67963
-1.67958
-1.67952
-1.67946
-1.67939
-1.67933
-1.67926
-1.67919
-1.67911
-1.67904
-1.67896
-1.67888
-1.67879
-1.67871
-1.67862
-1.67853
-1.67844
-1.67835
-1.67825
-1.67816
-1.67806
-1.67796
-1.67785
-1.67775
-1.67764
-1.67754
-1.67743
-1.67732
-1.67721
-1.67709
-1.67698
-1.67686
-1.67675
-1.67663
-1.67651
-1.67639
-1.67627
-1.67615
-1.67603
-1.67591
-1.67578
-1.67566
-1.67553
-1.67541
-1.67528
-1.67516
-1.67503
-1.67491
-1.67478
-1.67466
-1.67453
-1.6744
-1.67428
-1.67415
-1.67403
-1.6739
-1.67378
-1.67365
-1.67353
-1.67341
-1.67328
-1.67316
-1.67304
-1.67292
-1.6728
-1.67268
-1.67256
-1.67244
-1.67232
-1.67221
-1.67209
-1.67198
-1.67186
-1.67175
-1.67164
-1.67153
-1.67142
-1.67131
-1.67121
-1.6711
-1.67099
-1.67089
-1.67079
-1.67069
-1.67059
-1.67049
-1.67039
-1.67029
-1.67019
-1.6701
-1.67001
-1.66991
-1.66982
-1.66973
-1.66964
-1.66955
-1.66946
-1.66938
-1.66929
-1.66921
-1.66912
-1.66904
-1.66896
-1.66887
-1.66879
-1.66871
-1.66863
-1.66855
-1.66847
-1.6684
-1.66832
-1.66824
-1.66816
-1.66809
-1.66801
-1.66794
-1.66786
-1.66778
-1.66771
-1.66763
-1.66756
-1.66748
-1.66741
-1.66733
-1.66725
-1.66718
-1.6671
-1.66702
-1.66694
-1.66687
-1.66679
-1.66671
-1.66663
-1.66654
-1.66646
-1.66638
-1.6663
-1.66621
-1.66613
-1.66604
-1.66595
-1.66586
-1.66577
-1.66568
-1.66559
-1.66549
-1.6654
-1.6653
-1.6652
-1.66511
-1.665
-1.6649
-1.6648
-1.66469
-1.66458
-1.66448
-1.66437
-1.66425
-1.66414
-1.66402
-1.66391
-1.66379
-1.66367
-1.66354
-1.66342
-1.66329
-1.66316
-1.66303
-1.6629
-1.66277
-1.66263
-1.6625
-1.66236
-1.66222
-1.66208
-1.66193
-1.66179
-1.66164
-1.66149
-1.66134
-1.66119
-1.66103
-1.66088
-1.66072
-1.66056
-1.6604
-1.66024
-1.66008
-1.65992
-1.65975
-1.65959
-1.65942
-1.65925
-1.65908
-1.65891
-1.65874
-1.65856
-1.65839
-1.65822
-1.65804
-1.65787
-1.65769
-1.65751
-1.65733
-1.65716
-1.65698
-1.6568
-1.65662
-1.65644
-1.65626
-1.65608
-1.6559
-1.65572
-1.65554
-1.65536
-1.65518
-1.655
-1.65483
-1.65465
-1.65447
-1.65429
-1.65412
-1.65394
-1.65377
-1.65359
-1.65342
-1.65325
-1.65307
-1.6529
-1.65273
-1.65257
-1.6524
-1.65223
-1.65207
-1.65191
-1.65174
-1.65158
-1.65142
-1.65127
-1.65111
-1.65096
-1.6508
-1.65065
-1.6505
-1.65035
-1.65021
-1.65006
-1.64992
-1.64978
-1.64964
-1.6495
-1.64937
-1.64924
-1.6491
-1.64897
-1.64885
-1.64872
-1.6486
-1.64847
-1.64835
-1.64824
-1.64812
-1.648
-1.64789
-1.64778
-1.64767
-1.64756
-1.64746
-1.64735
-1.64725
-1.64715
-1.64705
-1.64695
-1.64686
-1.64676
-1.64667
-1.64658
-1.64649
-1.6464
-1.64631
-1.64622
-1.64614
-1.64605
-1.64597
-1.64589
-1.64581
-1.64573
-1.64565
-1.64557
-1.64549
-1.64541
-1.64534
-1.64526
-1.64518
-1.64511
-1.64503
-1.64496
-1.64488
-1.64481
-1.64473
-1.64466
-1.64458
-1.64451
-1.64443
-1.64435
-1.64428
-1.6442
-1.64412
-1.64404
-1.64396
-1.64388
-1.6438
-1.64372
-1.64364
-1.64355
-1.64347
-1.64338
-1.64329
-1.6432
-1.64311
-1.64302
-1.64292
-1.64283
-1.64273
-1.64263
-1.64253
-1.64243
-1.64232
-1.64221
-1.64211
-1.642
-1.64188
-1.64177
-1.64165
-1.64153
-1.64141
-1.64128
-1.64116
-1.64103
-1.6409
-1.64076
-1.64063
-1.64049
-1.64035
-1.64021
-1.64006
-1.63991
-1.63976
-1.63961
-1.63945
-1.63929
-1.63913
-1.63897
-1.63881
-1.63864
-1.63847
-1.63829
-1.63812
-1.63794
-1.63776
-1.63758
-1.63739
-1.63721
-1.63702
-1.63683
-1.63663
-1.63644
-1.63624
-1.63604
-1.63584
-1.63564
-1.63543
-1.63523
-1.63502
-1.63481
-1.6346
-1.63438
-1.63417
-1.63395
-1.63373
-1.63351
-1.63329
-1.63307
-1.63285
-1.63263
-1.6324
-1.63218
-1.63195
-1.63173
-1.6315
-1.63127
-1.63104
-1.63082
-1.63059
-1.63036
-1.63013
-1.6299
-1.62967
-1.62944
-1.62921
-1.62899
-1.62876
-1.62853
-1.6283
-1.62808
-1.62785
-1.62763
-1.6274
-1.62718
-1.62696
-1.62673
-1.62651
-1.6263
-1.62608
-1.62586
-1.62565
-1.62543
-1.62522
-1.62501
-1.6248
-1.6246
-1.62439
-1.62419
-1.62398
-1.62379
-1.62359
-1.62339
-1.6232
-1.62301
-1.62282
-1.62263
-1.62244
-1.62226
-1.62208
-1.6219
-1.62173
-1.62155
-1.62138
-1.62121
-1.62105
-1.62088
-1.62072
-1.62056
-1.6204
-1.62025
-1.62009
-1.61994
-1.6198
-1.61965
-1.61951
-1.61937
-1.61923
-1.61909
-1.61896
-1.61883
-1.6187
-1.61857
-1.61845
-1.61833
-1.61821
-1.61809
-1.61797
-1.61786
-1.61775
-1.61764
-1.61753
-1.61742
-1.61732
-1.61721
-1.61711
-1.61701
-1.61691
-1.61682
-1.61672
-1.61663
-1.61654
-1.61644
-1.61635
-1.61626
-1.61618
-1.61609
-1.616
-1.61592
-1.61584
-1.61575
-1.61567
-1.61559
-1.61551
-1.61542
-1.61534
-1.61526
-1.61518
-1.6151
-1.61502
-1.61495
-1.61487
-1.61479
-1.61471
-1.61463
-1.61455
-1.61447
-1.61439
-1.61431
-1.61423
-1.61414
-1.61406
-1.61398
-1.6139
-1.61381
-1.61373
-1.61364
-1.61356
-1.61347
-1.61338
-1.61329
-1.6132
-1.61311
-1.61302
-1.61293
-1.61283
-1.61274
-1.61264
-1.61254
-1.61244
-1.61234
-1.61224
-1.61214
-1.61204
-1.61193
-1.61183
-1.61172
-1.61161
-1.6115
-1.61139
-1.61128
-1.61117
-1.61105
-1.61094
-1.61082
-1.6107
-1.61059
-1.61047
-1.61035
-1.61022
-1.6101
-1.60998
-1.60985
-1.60973
-1.6096
-1.60948
-1.60935
-1.60922
-1.60909
-1.60896
-1.60883
-1.6087
-1.60857
-1.60844
-1.60831
-1.60818
-1.60804
-1.60791
-1.60778
-1.60765
-1.60752
-1.60738
-1.60725
-1.60712
-1.60699
-1.60686
-1.60673
-1.6066
-1.60647
-1.60634
-1.60622
-1.60609
-1.60596
-1.60584
-1.60571
-1.60559
-1.60547
-1.60535
-1.60523
-1.60511
-1.60499
-1.60488
-1.60477
-1.60465
-1.60454
-1.60443
-1.60433
-1.60422
-1.60412
-1.60402
-1.60392
-1.60382
-1.60373
-1.60364
-1.60355
-1.60346
-1.60337
-1.60329
-1.60321
-1.60313
-1.60305
-1.60298
-1.6029
-1.60284
-1.60277
-1.60271
-1.60264
-1.60258
-1.60253
-1.60248
-1.60242
-1.60238
-1.60233
-1.60229
-1.60225
-1.60221
-1.60217
-1.60214
-1.60211
-1.60208
-1.60206
-1.60204
-1.60202
-1.602
-1.60199
-1.60197
-1.60197
-1.60196
-1.60195
-1.60195
-1.60195
-1.60195
-1.60196
-1.60196
-1.60197
-1.60198
-1.60199
-1.60201
-1.60203
-1.60204
-1.60206
-1.60208
-1.60211
-1.60213
-1.60216
-1.60219
-1.60222
-1.60225
-1.60228
-1.60231
-1.60234
-1.60238
-1.60241
-1.60245
-1.60249
-1.60253
-1.60257
-1.6026
-1.60264
-1.60268
-1.60272
-1.60276
-1.6028
-1.60285
-1.60289
-1.60293
-1.60297
-1.60301
-1.60305
-1.60309
-1.60312
-1.60316
-1.6032
-1.60324
-1.60327
-1.60331
-1.60334
-1.60337
-1.60341
-1.60344
-1.60347
-1.60349
-1.60352
-1.60355
-1.60357
-1.60359
-1.60361
-1.60363
-1.60365
-1.60367
-1.60368
-1.60369
-1.60371
-1.60371
-1.60372
-1.60373
-1.60373
-1.60373
-1.60373
-1.60373
-1.60372
-1.60371
-1.6037
-1.60369
-1.60368
-1.60366
-1.60364
-1.60362
-1.6036
-1.60358
-1.60355
-1.60352
-1.60349
-1.60346
-1.60342
-1.60339
-1.60335
-1.60331
-1.60326
-1.60322
-1.60317
-1.60312
-1.60307
-1.60302
-1.60296
-1.60291
-1.60285
-1.60279
-1.60273
-1.60266
-1.6026
-1.60253
-1.60246
-1.6024
-1.60232
-1.60225
-1.60218
-1.60211
-1.60203
-1.60196
-1.60188
-1.6018
-1.60172
-1.60164
-1.60156
-1.60148
-1.6014
-1.60132
-1.60124
-1.60115
-1.60107
-1.60099
-1.6009
-1.60082
-1.60074
-1.60065
-1.60057
-1.60049
-1.60041
-1.60032
-1.60024
-1.60016
-1.60008
-1.6
-1.59992
-1.59984
-1.59976
-1.59968
-1.59961
-1.59953
-1.59946
-1.59938
-1.59931
-1.59924
-1.59917
-1.5991
-1.59904
-1.59897
-1.5989
-1.59884
-1.59878
-1.59872
-1.59866
-1.5986
-1.59855
-1.59849
-1.59844
-1.59839
-1.59834
-1.59829
-1.59825
-1.5982
-1.59816
-1.59812
-1.59808
-1.59804
-1.598
-1.59797
-1.59794
-1.59791
-1.59788
-1.59785
-1.59782
-1.5978
-1.59777
-1.59775
-1.59773
-1.59771
-1.59769
-1.59768
-1.59766
-1.59765
-1.59764
-1.59763
-1.59762
-1.59761
-1.5976
-1.59759
-1.59759
-1.59758
-1.59758
-1.59757
-1.59757
-1.59757
-1.59757
-1.59756
-1.59756
-1.59756
-1.59756
-1.59756
-1.59756
-1.59756
-1.59756
-1.59756
-1.59756
-1.59756
-1.59756
-1.59756
-1.59756
-1.59756
-1.59755
-1.59755
-1.59755
-1.59754
-1.59753
-1.59753
-1.59752
-1.59751
-1.5975
-1.59749
-1.59747
-1.59746
-1.59744
-1.59742
-1.5974
-1.59738
-1.59736
-1.59733
-1.59731
-1.59728
-1.59724
-1.59721
-1.59718
-1.59714
-1.5971
-1.59706
-1.59701
-1.59696
-1.59691
-1.59686
-1.59681
-1.59675
-1.59669
-1.59663
-1.59656
-1.59649
-1.59642
-1.59635
-1.59627
-1.59619
-1.59611
-1.59603
-1.59594
-1.59585
-1.59576
-1.59566
-1.59556
-1.59546
-1.59536
-1.59525
-1.59514
-1.59503
-1.59491
-1.59479
-1.59467
-1.59455
-1.59442
-1.59429
-1.59416
-1.59403
-1.59389
-1.59375
-1.59361
-1.59347
-1.59332
-1.59317
-1.59302
-1.59287
-1.59271
-1.59256
-1.5924
-1.59224
-1.59208
-1.59191
-1.59174
-1.59158
-1.59141
-1.59124
-1.59106
-1.59089
-1.59071
-1.59054
-1.59036
-1.59018
-1.59
-1.58982
-1.58964
-1.58946
-1.58928
-1.58909
-1.58891
-1.58872
-1.58854
-1.58835
-1.58817
-1.58798
-1.5878
-1.58761
-1.58743
-1.58724
-1.58706
-1.58687
-1.58669
-1.58651
-1.58632
-1.58614
-1.58596
-1.58578
-1.5856
-1.58542
-1.58524
-1.58507
-1.58489
-1.58471
-1.58454
-1.58437
-1.5842
-1.58403
-1.58386
-1.58369
-1.58353
-1.58336
-1.5832
-1.58304
-1.58288
-1.58272
-1.58257
-1.58242
-1.58226
-1.58211
-1.58197
-1.58182
-1.58167
-1.58153
-1.58139
-1.58125
-1.58111
-1.58098
-1.58085
-1.58071
-1.58058
-1.58046
-1.58033
-1.58021
-1.58009
-1.57996
-1.57985
-1.57973
-1.57961
-1.5795
-1.57939
-1.57928
-1.57917
-1.57906
-1.57896
-1.57886
-1.57875
-1.57865
-1.57855
-1.57846
-1.57836
-1.57826
-1.57817
-1.57808
-1.57798
-1.57789
-1.5778
-1.57771
-1.57763
-1.57754
-1.57745
-1.57736
-1.57728
-1.57719
-1.57711
-1.57703
-1.57694
-1.57686
-1.57678
-1.57669
-1.57661
-1.57653
-1.57644
-1.57636
-1.57628
-1.57619
-1.57611
-1.57603
-1.57594
-1.57586
-1.57577
-1.57569
-1.5756
-1.57551
-1.57543
-1.57534
-1.57525
-1.57516
-1.57507
-1.57497
-1.57488
-1.57479
-1.57469
-1.57459
-1.5745
-1.5744
-1.5743
-1.57419
-1.57409
-1.57399
-1.57388
-1.57377
-1.57367
-1.57356
-1.57344
-1.57333
-1.57322
-1.5731
-1.57299
-1.57287
-1.57275
-1.57262
-1.5725
-1.57238
-1.57225
-1.57212
-1.572
-1.57187
-1.57173
-1.5716
-1.57147
-1.57133
-1.57119
-1.57106
-1.57092
-1.57078
-1.57063
-1.57049
-1.57035
-1.5702
-1.57006
-1.56991
-1.56976
-1.56962
-1.56947
-1.56932
-1.56917
-1.56902
-1.56886
-1.56871
-1.56856
-1.56841
-1.56825
-1.5681
-1.56795
-1.5678
-1.56764
-1.56749
-1.56734
-1.56718
-1.56703
-1.56688
-1.56673
-1.56658
-1.56643
-1.56628
-1.56613
-1.56598
-1.56583
-1.56569
-1.56554
-1.5654
-1.56525
-1.56511
-1.56497
-1.56483
-1.56469
-1.56456
-1.56442
-1.56429
-1.56416
-1.56403
-1.5639
-1.56378
-1.56365
-1.56353
-1.56341
-1.56329
-1.56318
-1.56306
-1.56295
-1.56284
-1.56273
-1.56263
-1.56253
-1.56243
-1.56233
-1.56223
-1.56214
-1.56205
-1.56196
-1.56188
-1.5618
-1.56172
-1.56164
-1.56156
-1.56149
-1.56142
-1.56135
-1.56129
-1.56122
-1.56116
-1.5611
-1.56105
-1.561
-1.56094
-1.5609
-1.56085
-1.56081
-1.56076
-1.56072
-1.56069
-1.56065
-1.56062
-1.56058
-1.56055
-1.56053
-1.5605
-1.56048
-1.56045
-1.56043
-1.56041
-1.56039
-1.56038
-1.56036
-1.56035
-1.56033
-1.56032
-1.56031
-1.5603
-1.56029
-1.56028
-1.56027
-1.56026
-1.56025
-1.56024
-1.56024
-1.56023
-1.56022
-1.56021
-1.5602
-1.5602
-1.56019
-1.56018
-1.56017
-1.56016
-1.56014
-1.56013
-1.56012
-1.5601
-1.56009
-1.56007
-1.56005
-1.56003
-1.56001
-1.55998
-1.55996
-1.55993
-1.5599
-1.55987
-1.55983
-1.5598
-1.55976
-1.55972
-1.55967
-1.55963
-1.55958
-1.55953
-1.55947
-1.55942
-1.55935
-1.55929
-1.55922
-1.55915
-1.55908
-1.559
-1.55892
-1.55884
-1.55875
-1.55866
-1.55857
-1.55847
-1.55837
-1.55827
-1.55816
-1.55805
-1.55793
-1.55781
-1.55769
-1.55756
-1.55743
-1.5573
-1.55716
-1.55702
-1.55687
-1.55672
-1.55657
-1.55641
-1.55625
-1.55608
-1.55592
-1.55575
-1.55557
-1.55539
-1.55521
-1.55502
-1.55483
-1.55464
-1.55445
-1.55425
-1.55404
-1.55384
-1.55363
-1.55342
-1.5532
-1.55298
-1.55276
-1.55254
-1.55231
-1.55209
-1.55185
-1.55162
-1.55138
-1.55115
-1.55091
-1.55066
-1.55042
-1.55017
-1.54992
-1.54967
-1.54942
-1.54917
-1.54891
-1.54865
-1.5484
-1.54814
-1.54788
-1.54762
-1.54735
-1.54709
-1.54683
-1.54656
-1.5463
-1.54603
-1.54577
-1.5455
-1.54524
-1.54497
-1.54471
-1.54444
-1.54417
-1.54391
-1.54364
-1.54338
-1.54311
-1.54285
-1.54259
-1.54233
-1.54207
-1.5418
-1.54155
-1.54129
-1.54103
-1.54077
-1.54052
-1.54027
-1.54001
-1.53976
-1.53951
-1.53926
-1.53902
-1.53877
-1.53853
-1.53829
-1.53805
-1.53781
-1.53757
-1.53734
-1.5371
-1.53687
-1.53664
-1.53642
-1.53619
-1.53596
-1.53574
-1.53552
-1.5353
-1.53508
-1.53487
-1.53465
-1.53444
-1.53423
-1.53402
-1.53381
-1.53361
-1.5334
-1.5332
-1.533
-1.5328
-1.5326
-1.5324
-1.53221
-1.53201
-1.53182
-1.53163
-1.53144
-1.53125
-1.53106
-1.53087
-1.53068
-1.53049
-1.53031
-1.53012
-1.52994
-1.52975
-1.52957
-1.52938
-1.5292
-1.52901
-1.52883
-1.52864
-1.52846
-1.52828
-1.52809
-1.52791
-1.52772
-1.52753
-1.52735
-1.52716
-1.52697
-1.52678
-1.52659
-1.5264
-1.52621
-1.52601
-1.52582
-1.52562
-1.52542
-1.52522
-1.52502
-1.52482
-1.52462
-1.52441
-1.5242
-1.52399
-1.52378
-1.52357
-1.52335
-1.52313
-1.52291
-1.52269
-1.52246
-1.52224
-1.52201
-1.52177
-1.52154
-1.5213
-1.52106
-1.52082
-1.52058
-1.52033
-1.52008
-1.51983
-1.51957
-1.51931
-1.51905
-1.51879
-1.51852
-1.51826
-1.51798
-1.51771
-1.51743
-1.51716
-1.51687
-1.51659
-1.5163
-1.51602
-1.51572
-1.51543
-1.51513
-1.51484
-1.51454
-1.51423
-1.51393
-1.51362
-1.51331
-1.513
-1.51269
-1.51238
-1.51206
-1.51174
-1.51142
-1.5111
-1.51078
-1.51046
-1.51013
-1.50981
-1.50948
-1.50915
-1.50882
-1.50849
-1.50816
-1.50783
-1.5075
-1.50717
-1.50684
-1.50651
-1.50618
-1.50584
-1.50551
-1.50518
-1.50485
-1.50452
-1.50419
-1.50386
-1.50354
-1.50321
-1.50289
-1.50256
-1.50224
-1.50192
-1.5016
-1.50128
-1.50096
-1.50065
-1.50033
-1.50002
-1.49972
-1.49941
-1.49911
-1.49881
-1.49851
-1.49821
-1.49792
-1.49763
-1.49734
-1.49706
-1.49678
-1.4965
-1.49622
-1.49595
-1.49568
-1.49542
-1.49516
-1.4949
-1.49465
-1.4944
-1.49415
-1.49391
-1.49367
-1.49344
-1.4932
-1.49298
-1.49276
-1.49254
-1.49232
-1.49211
-1.4919
-1.4917
-1.4915
-1.49131
-1.49112
-1.49093
-1.49075
-1.49057
-1.4904
-1.49023
-1.49006
-1.4899
-1.48974
-1.48959
-1.48944
-1.48929
-1.48915
-1.48901
-1.48888
-1.48874
-1.48862
-1.48849
-1.48837
-1.48825
-1.48814
-1.48803
-1.48792
-1.48781
-1.48771
-1.48761
-1.48751
-1.48742
-1.48733
-1.48724
-1.48715
-1.48707
-1.48699
-1.48691
-1.48683
-1.48676
-1.48668
-1.48661
-1.48654
-1.48647
-1.4864
-1.48634
-1.48627
-1.48621
-1.48614
-1.48608
-1.48602
-1.48596
-1.48589
-1.48583
-1.48577
-1.48571
-1.48565
-1.48559
-1.48553
-1.48547
-1.48541
-1.48535
-1.48528
-1.48522
-1.48516
-1.48509
-1.48502
-1.48496
-1.48489
-1.48482
-1.48475
-1.48467
-1.4846
-1.48452
-1.48444
-1.48436
-1.48428
-1.4842
-1.48411
-1.48402
-1.48393
-1.48384
-1.48375
-1.48365
-1.48355
-1.48345
-1.48334
-1.48324
-1.48313
-1.48302
-1.4829
-1.48279
-1.48267
-1.48254
-1.48242
-1.48229
-1.48216
-1.48203
-1.48189
-1.48175
-1.48161
-1.48147
-1.48132
-1.48118
-1.48102
-1.48087
-1.48071
-1.48056
-1.48039
-1.48023
-1.48007
-1.4799
-1.47973
-1.47955
-1.47938
-1.4792
-1.47902
-1.47884
-1.47866
-1.47848
-1.47829
-1.4781
-1.47791
-1.47772
-1.47753
-1.47734
-1.47714
-1.47695
-1.47675
-1.47655
-1.47635
-1.47615
-1.47595
-1.47575
-1.47555
-1.47535
-1.47514
-1.47494
-1.47474
-1.47453
-1.47433
-1.47413
-1.47392
-1.47372
-1.47352
-1.47332
-1.47312
-1.47292
-1.47272
-1.47252
-1.47232
-1.47212
-1.47193
-1.47173
-1.47154
-1.47134
-1.47115
-1.47096
-1.47078
-1.47059
-1.4704
-1.47022
-1.47004
-1.46986
-1.46968
-1.46951
-1.46933
-1.46916
-1.46899
-1.46882
-1.46866
-1.46849
-1.46833
-1.46817
-1.46802
-1.46786
-1.46771
-1.46756
-1.46741
-1.46726
-1.46712
-1.46698
-1.46684
-1.4667
-1.46657
-1.46644
-1.46631
-1.46618
-1.46605
-1.46593
-1.46581
-1.46569
-1.46557
-1.46545
-1.46534
-1.46522
-1.46511
-1.465
-1.4649
-1.46479
-1.46469
-1.46458
-1.46448
-1.46438
-1.46428
-1.46418
-1.46408
-1.46398
-1.46389
-1.46379
-1.4637
-1.4636
-1.46351
-1.46341
-1.46332
-1.46322
-1.46313
-1.46304
-1.46294
-1.46285
-1.46275
-1.46265
-1.46256
-1.46246
-1.46236
-1.46226
-1.46216
-1.46205
-1.46195
-1.46184
-1.46174
-1.46163
-1.46152
-1.4614
-1.46129
-1.46117
-1.46105
-1.46093
-1.4608
-1.46067
-1.46054
-1.46041
-1.46027
-1.46013
-1.45999
-1.45984
-1.45969
-1.45954
-1.45938
-1.45922
-1.45906
-1.45889
-1.45872
-1.45854
-1.45837
-1.45818
-1.45799
-1.4578
-1.45761
-1.45741
-1.4572
-1.457
-1.45678
-1.45657
-1.45634
-1.45612
-1.45589
-1.45565
-1.45541
-1.45517
-1.45492
-1.45467
-1.45441
-1.45415
-1.45389
-1.45362
-1.45334
-1.45307
-1.45278
-1.4525
-1.45221
-1.45191
-1.45161
-1.45131
-1.451
-1.45069
-1.45038
-1.45006
-1.44974
-1.44941
-1.44908
-1.44875
-1.44841
-1.44807
-1.44773
-1.44739
-1.44704
-1.44669
-1.44633
-1.44598
-1.44562
-1.44526
-1.44489
-1.44453
-1.44416
-1.44379
-1.44342
-1.44305
-1.44267
-1.4423
-1.44192
-1.44154
-1.44116
-1.44079
-1.4404
-1.44002
-1.43964
-1.43926
-1.43888
-1.4385
-1.43812
-1.43773
-1.43735
-1.43697
-1.43659
-1.43621
-1.43583
-1.43546
-1.43508
-1.43471
-1.43433
-1.43396
-1.43359
-1.43322
-1.43285
-1.43249
-1.43213
-1.43177
-1.43141
-1.43105
-1.4307
-1.43035
-1.43
-1.42965
-1.42931
-1.42897
-1.42863
-1.4283
-1.42797
-1.42764
-1.42732
-1.427
-1.42668
-1.42637
-1.42605
-1.42575
-1.42544
-1.42514
-1.42485
-1.42455
-1.42426
-1.42398
-1.42369
-1.42341
-1.42314
-1.42287
-1.4226
-1.42233
-1.42207
-1.42181
-1.42156
-1.42131
-1.42106
-1.42081
-1.42057
-1.42034
-1.4201
-1.41987
-1.41964
-1.41941
-1.41919
-1.41897
-1.41875
-1.41854
-1.41833
-1.41812
-1.41791
-1.41771
-1.41751
-1.4173
-1.41711
-1.41691
-1.41672
-1.41652
-1.41633
-1.41614
-1.41595
-1.41577
-1.41558
-1.41539
-1.41521
-1.41503
-1.41484
-1.41466
-1.41448
-1.4143
-1.41412
-1.41393
-1.41375
-1.41357
-1.41339
-1.4132
-1.41302
-1.41284
-1.41265
-1.41247
-1.41228
-1.41209
-1.4119
-1.41171
-1.41152
-1.41132
-1.41113
-1.41093
-1.41073
-1.41053
-1.41033
-1.41012
-1.40991
-1.4097
-1.40949
-1.40927
-1.40905
-1.40883
-1.40861
-1.40838
-1.40815
-1.40792
-1.40768
-1.40745
-1.4072
-1.40696
-1.40671
-1.40646
-1.40621
-1.40595
-1.40569
-1.40542
-1.40516
-1.40489
-1.40461
-1.40434
-1.40406
-1.40377
-1.40349
-1.4032
-1.40291
-1.40261
-1.40231
-1.40201
-1.40171
-1.4014
-1.40109
-1.40078
-1.40046
-1.40014
-1.39982
-1.3995
-1.39917
-1.39885
-1.39852
-1.39819
-1.39785
-1.39752
-1.39718
-1.39684
-1.3965
-1.39616
-1.39582
-1.39547
-1.39513
-1.39478
-1.39444
-1.39409
-1.39374
-1.3934
-1.39305
-1.3927
-1.39235
-1.39201
-1.39166
-1.39131
-1.39097
-1.39062
-1.39028
-1.38994
-1.38959
-1.38925
-1.38892
-1.38858
-1.38825
-1.38791
-1.38758
-1.38726
-1.38693
-1.38661
-1.38629
-1.38597
-1.38566
-1.38534
-1.38504
-1.38473
-1.38443
-1.38414
-1.38384
-1.38355
-1.38327
-1.38299
-1.38271
-1.38244
-1.38217
-1.38191
-1.38165
-1.3814
-1.38115
-1.3809
-1.38066
-1.38043
-1.3802
-1.37998
-1.37976
-1.37954
-1.37934
-1.37913
-1.37894
-1.37874
-1.37856
-1.37838
-1.3782
-1.37803
-1.37787
-1.37771
-1.37755
-1.37741
-1.37726
-1.37713
-1.37699
-1.37687
-1.37675
-1.37663
-1.37652
-1.37642
-1.37632
-1.37622
-1.37613
-1.37604
-1.37596
-1.37589
-1.37582
-1.37575
-1.37569
-1.37563
-1.37558
-1.37553
-1.37548
-1.37544
-1.3754
-1.37537
-1.37534
-1.37531
-1.37529
-1.37527
-1.37525
-1.37524
-1.37522
-1.37521
-1.37521
-1.3752
-1.3752
-1.3752
-1.3752
-1.3752
-1.37521
-1.37521
-1.37522
-1.37523
-1.37523
-1.37524
-1.37525
-1.37526
-1.37527
-1.37529
-1.3753
-1.37531
-1.37532
-1.37532
-1.37533
-1.37534
-1.37535
-1.37535
-1.37536
-1.37536
-1.37536
-1.37536
-1.37536
-1.37535
-1.37535
-1.37534
-1.37533
-1.37531
-1.3753
-1.37528
-1.37526
-1.37523
-1.3752
-1.37517
-1.37514
-1.3751
-1.37506
-1.37502
-1.37497
-1.37492
-1.37487
-1.37481
-1.37475
-1.37469
-1.37462
-1.37454
-1.37447
-1.37439
-1.37431
-1.37422
-1.37413
-1.37403
-1.37393
-1.37383
-1.37373
-1.37362
-1.3735
-1.37339
-1.37327
-1.37314
-1.37302
-1.37289
-1.37275
-1.37261
-1.37247
-1.37233
-1.37218
-1.37203
-1.37188
-1.37173
-1.37157
-1.37141
-1.37125
-1.37108
-1.37092
-1.37075
-1.37058
-1.3704
-1.37023
-1.37005
-1.36988
-1.3697
-1.36952
-1.36934
-1.36916
-1.36897
-1.36879
-1.36861
-1.36843
-1.36825
-1.36806
-1.36788
-1.3677
-1.36752
-1.36734
-1.36716
-1.36698
-1.3668
-1.36663
-1.36645
-1.36628
-1.36611
-1.36594
-1.36578
-1.36561
-1.36545
-1.36529
-1.36514
-1.36499
-1.36484
-1.36469
-1.36455
-1.36441
-1.36427
-1.36414
-1.36401
-1.36389
-1.36376
-1.36365
-1.36354
-1.36343
-1.36333
-1.36323
-1.36313
-1.36304
-1.36296
-1.36288
-1.36281
-1.36274
-1.36267
-1.36261
-1.36256
-1.36251
-1.36246
-1.36243
-1.36239
-1.36236
-1.36234
-1.36232
-1.36231
-1.3623
-1.3623
-1.3623
-1.36231
-1.36232
-1.36234
-1.36236
-1.36239
-1.36242
-1.36246
-1.3625
-1.36255
-1.3626
-1.36266
-1.36272
-1.36278
-1.36285
-1.36292
-1.363
-1.36308
-1.36317
-1.36325
-1.36334
-1.36344
-1.36354
-1.36364
-1.36374
-1.36385
-1.36396
-1.36407
-1.36418
-1.3643
-1.36442
-1.36454
-1.36466
-1.36478
-1.36491
-1.36503
-1.36516
-1.36528
-1.36541
-1.36554
-1.36567
-1.36579
-1.36592
-1.36605
-1.36617
-1.3663
-1.36642
-1.36655
-1.36667
-1.36679
-1.36691
-1.36703
-1.36714
-1.36726
-1.36737
-1.36748
-1.36758
-1.36769
-1.36779
-1.36789
-1.36798
-1.36807
-1.36816
-1.36824
-1.36832
-1.3684
-1.36847
-1.36854
-1.3686
-1.36866
-1.36871
-1.36876
-1.36881
-1.36885
-1.36889
-1.36892
-1.36894
-1.36897
-1.36898
-1.36899
-1.369
-1.369
-1.369
-1.36899
-1.36897
-1.36895
-1.36893
-1.3689
-1.36886
-1.36882
-1.36877
-1.36872
-1.36866
-1.3686
-1.36854
-1.36847
-1.36839
-1.36831
-1.36822
-1.36813
-1.36804
-1.36794
-1.36783
-1.36772
-1.36761
-1.36749
-1.36737
-1.36725
-1.36712
-1.36699
-1.36686
-1.36672
-1.36658
-1.36643
-1.36628
-1.36613
-1.36598
-1.36583
-1.36567
-1.36551
-1.36535
-1.36519
-1.36503
-1.36486
-1.3647
-1.36453
-1.36437
-1.3642
-1.36403
-1.36386
-1.3637
-1.36353
-1.36336
-1.3632
-1.36303
-1.36287
-1.36271
-1.36255
-1.36239
-1.36223
-1.36207
-1.36192
-1.36177
-1.36162
-1.36148
-1.36134
-1.3612
-1.36106
-1.36093
-1.3608
-1.36068
-1.36056
-1.36044
-1.36033
-1.36022
-1.36012
-1.36012
-1.36012
-1.36012
-1.36012
-1.36012
-1.36012
-1.36012
-1.36012
-1.36012
-1.36012
-1.36012
-1.36012
-1.36012
-1.36012
-1.36012
-1.36012
-1.36012
-1.36012
-1.36012
-1.36012
-1.36012
-1.36012
-1.36012
-1.36012
-1.36012
-1.36012
-1.36012
-1.36012
-1.36012
-1.36012
-1.36012
-1.36012
-1.36012
-1.36012
-1.36012
-1.36012
-1.36012
-1.36012
-1.36012
-1.36012
-1.36012
-1.36012
-1.36012
-1.36012
-1.36012
-1.36012
-1.36012
-1.36012
-1.36012
-1.36012
-1.36012
-1.36012
-1.36012
-1.36012
-1.36012
-1.36012
-1.36012
-1.36012
-1.36012
-1.36012
-1.36012
-1.36012
-1.36012
-1.36012
-1.36012
-1.36012
-1.36012
-1.36012
-1.36012
-1.36012
-1.36012
-1.36012
-1.36012
-1.36012
-1.36012
-1.36012
-1.36012
-1.36012
-1.36012
-1.36012
-1.36012
-1.36012
-1.36012
-1.36012
-1.36012
-1.36012
-1.36012
-1.36012
-1.36012
-1.36012
