-1.40416e-05
-0.00487237
-0.0276138
-0.0521781
-0.0664905
-0.0674949
-0.067076
-0.059611
-0.0451835
-0.0299191
-0.0125371
0.0104671
0.0396048
0.0702168
0.0935245
0.111625
0.14073
0.176967
0.211476
0.241264
0.27254
0.307914
0.341257
0.375918
0.417201
0.454258
0.478631
0.49647
0.513194
0.528937
0.544707
0.55745
0.570732
0.586982
0.604618
0.625658
0.64628
0.666388
0.684499
0.702134
0.719997
0.738768
0.759405
0.77459
0.784048
0.803385
0.83045
0.848386
0.855884
0.864997
0.876734
0.890952
0.90352
0.912287
0.919774
0.936363
0.955405
0.970272
0.983554
0.993969
0.999554
1
1
1
1
1
1
1
0.999993
0.474067
4.78151e-06
4.54196e-12
0
0
0
0
0
0
0
0
0
0
0
0
0
0
0
0
0
0
0
0
