1.1618
1.1618
1.1618
1.1618
1.1618
1.1618
1.1618
1.1618
1.1618
1.1618
1.1618
1.1618
1.1618
1.16181
1.16181
1.16181
1.16181
1.16181
1.16181
1.16181
1.16181
1.16181
1.16181
1.16181
1.16181
1.16181
1.16181
1.16181
1.16181
1.16181
1.16181
1.16181
1.16181
1.16181
1.16181
1.16181
1.16181
1.16181
1.16181
1.16181
1.16181
1.16181
1.16182
1.16182
1.16182
1.16182
1.16182
1.16182
1.16182
1.16182
1.16182
1.16182
1.16182
1.16182
1.16182
1.16182
1.16182
1.16182
1.16182
1.16182
1.16182
1.16182
1.16182
1.16182
1.16182
1.16182
1.16182
1.16182
1.16182
1.16182
1.16182
1.16182
1.16182
1.16182
1.16182
1.16182
1.16181
1.16181
1.16181
1.16181
1.16181
1.16181
1.16181
1.16181
1.16181
1.16181
1.16181
1.16181
1.16181
1.16181
1.16181
1.16181
1.16181
1.16181
1.16181
1.16181
1.16181
1.16181
1.16181
1.16181
1.16181
1.16181
1.16181
1.16181
1.16181
1.16181
1.1618
1.1618
1.1618
1.1618
1.1618
1.1618
1.1618
1.1618
1.1618
1.1618
1.1618
1.1618
1.1618
1.1618
1.1618
1.1618
1.1618
1.1618
1.1618
1.1618
1.1618
1.1618
1.16179
1.16179
1.16179
1.16179
1.16179
1.16179
1.16179
1.16179
1.16179
1.16179
1.16179
1.16179
1.16179
1.16179
1.16179
1.16179
1.16179
1.16179
1.16179
1.16179
1.16179
1.16179
1.16179
1.16179
1.16179
1.16179
1.16179
1.16179
1.16179
1.16179
1.16178
1.16178
1.16178
1.16178
1.16178
1.16178
1.16178
1.16178
1.16178
1.16178
1.16178
1.16178
1.16178
1.16178
1.16178
1.16178
1.16178
1.16178
1.16178
1.16178
1.16178
1.16178
1.16178
1.16178
1.16178
1.16178
1.16178
1.16178
1.16178
1.16178
1.16178
1.16178
1.16178
1.16179
1.16179
1.16179
1.16179
1.16179
1.16179
1.16179
1.16179
1.16179
1.16179
1.16179
1.16179
1.16179
1.16179
1.16179
1.16179
1.16179
1.16179
1.16179
1.16179
1.16179
1.16179
1.16179
1.16179
1.16179
1.16179
1.16179
1.16179
1.16179
1.16179
1.1618
1.1618
1.1618
1.1618
1.1618
1.1618
1.1618
1.1618
1.1618
1.1618
1.1618
1.1618
1.1618
1.1618
1.1618
1.1618
1.1618
1.1618
1.1618
1.1618
1.1618
1.1618
1.1618
1.16181
1.16181
1.16181
1.16181
1.16181
1.16181
1.16181
1.16181
1.16181
1.16181
1.16181
1.16181
1.16181
1.16181
1.16181
1.16181
1.16181
1.16181
1.16181
1.16181
1.16181
1.16181
1.16181
1.16181
1.16181
1.16181
1.16181
1.16181
1.16181
1.16181
1.16182
1.16182
1.16182
1.16182
1.16182
1.16182
1.16182
1.16182
1.16182
1.16182
1.16182
1.16182
1.16182
1.16182
1.16182
1.16182
1.16182
1.16182
1.16182
1.16182
1.16182
1.16182
1.16182
1.16182
1.16182
1.16182
1.16182
1.16182
1.16182
1.16182
1.16182
1.16182
1.16181
1.16181
1.16181
1.16181
1.16181
1.16181
1.16181
1.16181
1.16181
1.16181
1.16181
1.16181
1.16181
1.16181
1.16181
1.16181
1.16181
1.16181
1.16181
1.16181
1.16181
1.16181
1.16181
1.16181
1.16181
1.16181
1.16181
1.16181
1.16181
1.16181
1.16181
1.1618
1.1618
1.1618
1.1618
1.1618
1.1618
1.1618
1.1618
1.1618
1.1618
1.1618
1.1618
1.1618
1.1618
1.1618
1.1618
1.1618
1.1618
1.1618
1.1618
1.1618
1.1618
1.16179
1.16179
1.16179
1.16179
1.16179
1.16179
1.16179
1.16179
1.16179
1.16179
1.16179
1.16179
1.16179
1.16179
1.16179
1.16179
1.16179
1.16179
1.16179
1.16179
1.16179
1.16179
1.16179
1.16179
1.16179
1.16179
1.16179
1.16179
1.16179
1.16179
1.16179
1.16178
1.16178
1.16178
1.16178
1.16178
1.16178
1.16178
1.16178
1.16178
1.16178
1.16178
1.16178
1.16178
1.16178
1.16178
1.16178
1.16178
1.16178
1.16178
1.16178
1.16178
1.16178
1.16178
1.16178
1.16178
1.16178
1.16178
1.16178
1.16178
1.16178
1.16178
1.16179
1.16179
1.16179
1.16179
1.16179
1.16179
1.16179
1.16179
1.16179
1.16179
1.16179
1.16179
1.16179
1.16179
1.16179
1.16179
1.16179
1.16179
1.16179
1.16179
1.16179
1.16179
1.16179
1.16179
1.16179
1.16179
1.16179
1.16179
1.16179
1.16179
1.16179
1.1618
1.1618
1.1618
1.1618
1.1618
1.1618
1.1618
1.1618
1.1618
1.1618
1.1618
1.1618
1.1618
1.1618
1.1618
1.1618
1.1618
1.1618
1.1618
1.1618
1.1618
1.1618
1.1618
1.16181
1.16181
1.16181
1.16181
1.16181
1.16181
1.16181
1.16181
1.16181
1.16181
1.16181
1.16181
1.16181
1.16181
1.16181
1.16181
1.16181
1.16181
1.16181
1.16181
1.16181
1.16181
1.16181
1.16181
1.16181
1.16181
1.16181
1.16181
1.16181
1.16181
1.16181
1.16181
1.16182
1.16182
1.16182
1.16182
1.16182
1.16182
1.16182
1.16182
1.16182
1.16182
1.16182
1.16182
1.16182
1.16182
1.16182
1.16182
1.16182
1.16182
1.16182
1.16182
1.16182
1.16182
1.16182
1.16182
1.16182
1.16182
1.16182
1.16182
1.16182
1.16181
1.16181
1.16181
1.16181
1.16181
1.16181
1.16181
1.16181
1.16181
1.16181
1.16181
1.16181
1.16181
1.16181
1.16181
1.16181
1.16181
1.16181
1.16181
1.16181
1.16181
1.16181
1.16181
1.16181
1.16181
1.16181
1.16181
1.16181
1.16181
1.16181
1.16181
1.16181
1.1618
1.1618
1.1618
1.1618
1.1618
1.1618
1.1618
1.1618
1.1618
1.1618
1.1618
1.1618
1.1618
1.1618
1.1618
1.1618
1.1618
1.1618
1.1618
1.1618
1.1618
1.1618
1.1618
1.16179
1.16179
1.16179
1.16179
1.16179
1.16179
1.16179
1.16179
1.16179
1.16179
1.16179
1.16179
1.16179
1.16179
1.16179
1.16179
1.16179
1.16179
1.16179
1.16179
1.16179
1.16179
1.16179
1.16179
1.16179
1.16179
1.16179
1.16179
1.16179
1.16179
1.16179
1.16179
1.16178
1.16178
1.16178
1.16178
1.16178
1.16178
1.16178
1.16178
1.16178
1.16178
1.16178
1.16178
1.16178
1.16178
1.16178
1.16178
1.16178
1.16178
1.16178
1.16178
1.16178
1.16178
1.16178
1.16178
1.16178
1.16178
1.16178
1.16179
1.16179
1.16179
1.16179
1.16179
1.16179
1.16179
1.16179
1.16179
1.16179
1.16179
1.16179
1.16179
1.16179
1.16179
1.16179
1.16179
1.16179
1.16179
1.16179
1.16179
1.16179
1.16179
1.16179
1.16179
1.16179
1.16179
1.16179
1.16179
1.16179
1.16179
1.16179
1.16179
1.1618
1.1618
1.1618
1.1618
1.1618
1.1618
1.1618
1.1618
1.1618
1.1618
1.1618
1.1618
1.1618
1.1618
1.1618
1.1618
1.1618
1.1618
1.1618
1.1618
1.1618
1.1618
1.1618
1.16181
1.16181
1.16181
1.16181
1.16181
1.16181
1.16181
1.16181
1.16181
1.16181
1.16181
1.16181
1.16181
1.16181
1.16181
1.16181
1.16181
1.16181
1.16181
1.16181
1.16181
1.16181
1.16181
1.16181
1.16181
1.16181
1.16181
1.16181
1.16181
1.16181
1.16181
1.16181
1.16181
1.16181
1.16181
1.16182
1.16182
1.16182
1.16182
1.16182
1.16182
1.16182
1.16182
1.16182
1.16182
1.16182
1.16182
1.16182
1.16182
1.16182
1.16182
1.16182
1.16182
1.16182
1.16182
1.16182
1.16182
1.16182
1.16181
1.16181
1.16181
1.16181
1.16181
1.16181
1.16181
1.16181
1.16181
1.16181
1.16181
1.16181
1.16181
1.16181
1.16181
1.16181
1.16181
1.16181
1.16181
1.16181
1.16181
1.16181
1.16181
1.16181
1.16181
1.16181
1.16181
1.16181
1.16181
1.16181
1.16181
1.16181
1.16181
1.16181
1.1618
1.1618
1.1618
1.1618
1.1618
1.1618
1.1618
1.1618
1.1618
1.1618
1.1618
1.1618
1.1618
1.1618
1.1618
1.1618
1.1618
1.1618
1.1618
1.1618
1.1618
1.1618
1.1618
1.1618
1.16179
1.16179
1.16179
1.16179
1.16179
1.16179
1.16179
1.16179
1.16179
1.16179
1.16179
1.16179
1.16179
1.16179
1.16179
1.16179
1.16179
1.16179
1.16179
1.16179
1.16179
1.16179
1.16179
1.16179
1.16179
1.16179
1.16179
1.16179
1.16179
1.16179
1.16179
1.16179
1.16179
1.16179
1.16179
1.16179
1.16179
1.16178
1.16178
1.16178
1.16178
1.16178
1.16178
1.16178
1.16178
1.16178
1.16178
1.16178
1.16178
1.16178
1.16178
1.16178
1.16178
1.16178
1.16179
1.16179
1.16179
1.16179
1.16179
1.16179
1.16179
1.16179
1.16179
1.16179
1.16179
1.16179
1.16179
1.16179
1.16179
1.16179
1.16179
1.16179
1.16179
1.16179
1.16179
1.16179
1.16179
1.16179
1.16179
1.16179
1.16179
1.16179
1.16179
1.16179
1.16179
1.16179
1.16179
1.16179
1.16179
1.16179
1.16179
1.1618
1.1618
1.1618
1.1618
1.1618
1.1618
1.1618
1.1618
1.1618
1.1618
1.1618
1.1618
1.1618
1.1618
1.1618
1.1618
1.1618
1.1618
1.1618
1.1618
1.1618
1.1618
1.1618
1.1618
1.1618
1.16181
1.16181
1.16181
1.16181
1.16181
1.16181
1.16181
1.16181
1.16181
1.16181
1.16181
1.16181
1.16181
1.16181
1.16181
1.16181
1.16181
1.16181
1.16181
1.16181
1.16181
1.16181
1.16181
1.16181
1.16181
1.16181
1.16181
1.16181
1.16181
1.16181
1.16181
1.16181
1.16181
1.16181
1.16181
1.16181
1.16181
1.16181
1.16181
1.16181
1.16181
1.16181
1.16181
1.16181
1.16181
1.16181
1.16181
1.16181
1.16181
1.16181
1.16181
1.16181
1.16181
1.16181
1.16181
1.16181
1.16181
1.16181
1.16181
1.16181
1.16181
1.16181
1.16181
1.16181
1.16181
1.16181
1.16181
1.16181
1.16181
1.16181
1.16181
1.16181
1.16181
1.16181
1.16181
1.16181
1.16181
1.16181
1.16181
1.16181
1.16181
1.16181
1.16181
1.16181
1.16181
1.16181
1.16181
1.16181
1.16181
1.16181
1.16181
1.1618
1.1618
1.1618
1.1618
1.1618
1.1618
1.1618
1.1618
1.1618
1.1618
1.1618
1.1618
1.1618
1.1618
1.1618
1.1618
1.1618
1.1618
1.1618
1.1618
1.1618
1.1618
1.1618
1.1618
1.1618
1.16179
1.16179
1.16179
1.16179
1.16179
1.16179
1.16179
1.16179
1.16179
1.16179
1.16179
1.16179
1.16179
1.16179
1.16179
1.16179
1.16179
1.16179
1.16179
1.16179
1.16179
1.16179
1.16179
1.16179
1.16179
1.16179
1.16179
1.16179
1.16179
1.16179
1.16179
1.16179
1.16179
1.16179
1.16179
1.16179
1.16179
1.16179
1.16179
1.16179
1.16179
1.16179
1.16179
1.16179
1.16179
1.16179
1.16179
1.16179
1.16179
1.16179
1.16179
1.16179
1.16179
1.16179
1.16179
1.16179
1.16179
1.16179
1.16179
1.16179
1.16179
1.16179
1.16179
1.16179
1.16179
1.16179
1.16179
1.16179
1.16179
1.16179
1.16179
1.16179
1.16179
1.16179
1.16179
1.16179
1.16179
1.16179
1.16179
1.16179
1.16179
1.16179
1.16179
1.16179
1.16179
1.16179
1.16179
1.16179
1.16179
1.16179
1.1618
1.1618
1.1618
1.1618
1.1618
1.1618
1.1618
1.1618
1.1618
1.1618
1.1618
1.1618
1.1618
1.1618
1.1618
1.1618
1.1618
1.1618
1.1618
1.1618
1.1618
1.1618
1.1618
1.1618
1.1618
1.1618
1.16181
1.16181
1.16181
1.16181
1.16181
1.16181
1.16181
1.16181
1.16181
1.16181
1.16181
1.16181
1.16181
1.16181
1.16181
1.16181
1.16181
1.16181
1.16181
1.16181
1.16181
1.16181
1.16181
1.16181
1.16181
1.16181
1.16181
1.16181
1.16181
1.16181
1.16181
1.16181
1.16181
1.16181
1.16181
1.16181
1.16181
1.16181
1.16181
1.16181
1.16181
1.16181
1.16181
1.16181
1.16181
1.16181
1.16181
1.16181
1.16181
1.16181
1.16181
1.16181
1.16181
1.16181
1.16181
1.16181
1.16181
1.16181
1.16181
1.16181
1.16181
1.16181
1.16181
1.16181
1.16181
1.16181
1.16181
1.16181
1.16181
1.16181
1.16181
1.16181
1.16181
1.16181
1.16181
1.16181
1.16181
1.16181
1.16181
1.16181
1.16181
1.16181
1.16181
1.16181
1.16181
1.16181
1.16181
1.16181
1.1618
1.1618
1.1618
1.1618
1.1618
1.1618
1.1618
1.1618
1.1618
1.1618
1.1618
1.1618
1.1618
1.1618
1.1618
1.1618
1.1618
1.1618
1.1618
1.1618
1.1618
1.1618
1.1618
1.1618
1.1618
1.1618
1.1618
1.1618
1.16179
1.16179
1.16179
1.16179
1.16179
1.16179
1.16179
1.16179
1.16179
1.16179
1.16179
1.16179
1.16179
1.16179
1.16179
1.16179
1.16179
1.16179
1.16179
1.16179
1.16179
1.16179
1.16179
1.16179
1.16179
1.16179
1.16179
1.16179
1.16179
1.16179
1.16179
1.16179
1.16179
1.16179
1.16179
1.16179
1.16179
1.16179
1.16179
1.16179
1.16179
1.16179
1.16179
1.16179
1.16179
1.16179
1.16179
1.16179
1.16179
1.16179
1.16179
1.16179
1.16179
1.16179
1.16179
1.16179
1.16179
1.16179
1.16179
1.16179
1.16179
1.16179
1.16179
1.16179
1.16179
1.16179
1.16179
1.16179
1.16179
1.16179
1.16179
1.16179
1.16179
1.16179
1.16179
1.16179
1.16179
1.16179
1.16179
1.16179
1.16179
1.16179
1.16179
1.16179
1.16179
1.16179
1.16179
1.1618
1.1618
1.1618
1.1618
1.1618
1.1618
1.1618
1.1618
1.1618
1.1618
1.1618
1.1618
1.1618
1.1618
1.1618
1.1618
1.1618
1.1618
1.1618
1.1618
1.1618
1.1618
1.1618
1.1618
1.1618
1.1618
1.1618
1.1618
1.1618
1.1618
1.16181
1.16181
1.16181
1.16181
1.16181
1.16181
1.16181
1.16181
1.16181
1.16181
1.16181
1.16181
1.16181
1.16181
1.16181
1.16181
1.16181
1.16181
1.16181
1.16181
1.16181
1.16181
1.16181
1.16181
1.16181
1.16181
1.16181
1.16181
1.16181
1.16181
1.16181
1.16181
1.16181
1.16181
1.16181
1.16181
1.16181
1.16181
1.16181
1.16181
1.16181
1.16181
1.16181
1.16181
1.16181
1.16181
1.16181
1.16181
1.16181
1.16181
1.16181
1.16181
1.16181
1.16181
1.16181
1.16181
1.16181
1.16181
1.16181
1.16181
1.16181
1.16181
1.16181
1.16181
1.16181
1.16181
1.16181
1.16181
1.16181
1.16181
1.16181
1.16181
1.16181
1.16181
1.16181
1.16181
1.16181
1.16181
1.16181
1.16181
1.16181
1.16181
1.16181
1.16181
1.1618
1.1618
1.1618
1.1618
1.1618
1.1618
1.1618
1.1618
1.1618
1.1618
1.1618
1.1618
1.1618
1.1618
1.1618
1.1618
1.1618
1.1618
1.1618
1.1618
1.1618
1.1618
1.1618
1.1618
1.1618
1.1618
1.1618
1.1618
1.1618
1.1618
1.1618
1.1618
1.1618
1.16179
1.16179
1.16179
1.16179
1.16179
1.16179
1.16179
1.16179
1.16179
1.16179
1.16179
1.16179
1.16179
1.16179
1.16179
1.16179
1.16179
1.16179
1.16179
1.16179
1.16179
1.16179
1.16179
1.16179
1.16179
1.16179
1.16179
1.16179
1.16179
1.16179
1.16179
1.16179
1.16179
1.16179
1.16179
1.16179
1.16179
1.16179
1.16179
1.16179
1.16179
1.16179
1.16179
1.16179
1.16179
1.16179
1.16179
1.16179
1.16179
1.16179
1.16179
1.16179
1.16179
1.16179
1.16179
1.16179
1.16179
1.16179
1.16179
1.16179
1.16179
1.16179
1.16179
1.16179
1.16179
1.16179
1.16179
1.16179
1.16179
1.16179
1.16179
1.16179
1.16179
1.16179
1.16179
1.16179
1.16179
1.16179
1.16179
1.16179
1.1618
1.1618
1.1618
1.1618
1.1618
1.1618
1.1618
1.1618
1.1618
1.1618
1.1618
1.1618
1.1618
1.1618
1.1618
1.1618
1.1618
1.1618
1.1618
1.1618
1.1618
1.1618
1.1618
1.1618
1.1618
1.1618
1.1618
1.1618
1.1618
1.1618
1.1618
1.1618
1.1618
1.1618
1.1618
1.1618
1.1618
1.1618
1.1618
1.16181
1.16181
1.16181
1.16181
1.16181
1.16181
1.16181
1.16181
1.16181
1.16181
1.16181
1.16181
1.16181
1.16181
1.16181
1.16181
1.16181
1.16181
1.16181
1.16181
1.16181
1.16181
1.16181
1.16181
1.16181
1.16181
1.16181
1.16181
1.16181
1.16181
1.16181
1.16181
1.16181
1.16181
1.16181
1.16181
1.16181
1.16181
1.16181
1.16181
1.16181
1.16181
1.16181
1.16181
1.16181
1.16181
1.16181
1.16181
1.16181
1.16181
1.16181
1.16181
1.16181
1.16181
1.16181
1.16181
1.16181
1.16181
1.16181
1.16181
1.16181
1.16181
1.16181
1.16181
1.16181
1.16181
1.16181
1.16181
1.16181
1.16181
1.16181
1.16181
1.16181
1.1618
1.1618
1.1618
1.1618
1.1618
1.1618
1.1618
1.1618
1.1618
1.1618
1.1618
1.1618
1.1618
1.1618
1.1618
1.1618
1.1618
1.1618
1.1618
1.1618
1.1618
1.1618
1.1618
1.1618
1.1618
1.1618
1.1618
1.1618
1.1618
1.1618
1.1618
1.1618
1.1618
1.1618
1.1618
1.1618
1.1618
1.1618
1.1618
1.1618
1.1618
1.1618
1.1618
1.1618
1.1618
1.1618
1.1618
1.1618
1.16179
1.16179
1.16179
1.16179
1.16179
1.16179
1.16179
1.16179
1.16179
1.16179
1.16179
1.16179
1.16179
1.16179
1.16179
1.16179
1.16179
1.16179
1.16179
1.16179
1.16179
1.16179
1.16179
1.16179
1.16179
1.16179
1.16179
1.16179
1.16179
1.16179
1.16179
1.16179
1.16179
1.16179
1.16179
1.16179
1.16179
1.16179
1.16179
1.16179
1.16179
1.16179
1.16179
1.16179
1.16179
1.16179
1.16179
1.16179
1.16179
1.16179
1.16179
1.16179
1.16179
1.16179
1.16179
1.16179
1.16179
1.16179
1.16179
1.1618
1.1618
1.1618
1.1618
1.1618
1.1618
1.1618
1.1618
1.1618
1.1618
1.1618
1.1618
1.1618
1.1618
1.1618
1.1618
1.1618
1.1618
1.1618
1.1618
1.1618
1.1618
1.1618
1.1618
1.1618
1.1618
1.1618
1.1618
1.1618
1.1618
1.1618
1.1618
1.1618
1.1618
1.1618
1.1618
1.1618
1.1618
1.1618
1.1618
1.1618
1.1618
1.1618
1.1618
1.1618
1.1618
1.1618
1.1618
1.1618
1.1618
1.1618
1.1618
1.1618
1.1618
1.1618
1.1618
1.1618
1.1618
1.1618
1.1618
1.1618
1.1618
1.1618
1.1618
1.1618
1.1618
1.1618
1.1618
1.1618
1.1618
1.1618
1.1618
1.1618
1.1618
1.1618
1.1618
1.1618
1.1618
1.1618
1.1618
1.1618
1.1618
1.1618
1.1618
1.1618
1.1618
1.1618
1.1618
1.1618
1.1618
1.1618
1.1618
1.1618
1.1618
1.1618
1.1618
1.1618
1.1618
1.1618
1.1618
1.1618
1.1618
1.1618
1.1618
1.1618
1.1618
1.1618
1.1618
1.1618
1.1618
1.1618
1.1618
1.1618
1.1618
1.1618
1.1618
1.1618
1.1618
1.1618
1.1618
1.1618
1.1618
1.1618
1.1618
1.1618
1.1618
1.1618
1.1618
1.1618
1.1618
1.1618
1.1618
1.1618
1.1618
1.1618
1.1618
1.1618
1.1618
1.1618
1.1618
1.1618
1.1618
1.1618
1.1618
1.1618
1.1618
1.1618
1.1618
1.1618
1.1618
1.1618
1.1618
1.1618
1.1618
1.1618
1.1618
1.1618
1.1618
1.1618
1.1618
1.1618
1.1618
1.1618
1.1618
1.1618
1.1618
1.1618
1.1618
1.1618
1.1618
1.1618
1.1618
1.1618
1.1618
1.1618
1.1618
1.1618
1.1618
1.1618
1.1618
1.1618
1.1618
1.1618
1.1618
1.1618
1.1618
1.1618
1.1618
1.1618
1.1618
1.1618
1.1618
1.1618
1.1618
1.1618
1.1618
1.1618
1.1618
1.1618
1.1618
1.1618
1.1618
1.1618
1.1618
1.1618
1.1618
1.1618
1.1618
1.1618
1.1618
1.1618
1.1618
1.1618
1.1618
1.1618
1.1618
1.1618
1.1618
1.1618
1.1618
1.1618
1.1618
1.1618
1.1618
1.1618
1.1618
1.1618
1.1618
1.1618
1.1618
1.1618
1.1618
1.1618
1.1618
1.1618
1.1618
1.1618
1.1618
1.1618
1.1618
1.1618
1.1618
1.1618
1.1618
1.1618
1.1618
1.1618
1.1618
1.1618
1.1618
1.1618
1.1618
1.1618
1.1618
1.1618
1.1618
1.1618
1.1618
1.1618
1.1618
1.1618
1.1618
1.1618
1.1618
1.1618
1.1618
1.1618
1.1618
1.1618
1.1618
1.1618
1.1618
1.1618
1.1618
1.1618
1.1618
1.1618
1.1618
1.1618
1.1618
1.1618
1.1618
1.1618
1.1618
1.1618
1.1618
1.1618
1.1618
1.1618
1.1618
1.1618
1.1618
1.1618
1.1618
1.1618
1.1618
1.1618
1.1618
1.1618
1.1618
1.1618
1.1618
1.1618
1.1618
1.1618
1.1618
1.1618
1.1618
1.1618
1.1618
1.1618
1.1618
1.1618
1.1618
1.1618
1.1618
1.1618
1.1618
1.1618
1.1618
1.1618
1.1618
1.1618
1.1618
1.1618
1.1618
1.1618
1.1618
1.1618
1.1618
1.1618
1.1618
1.1618
1.1618
1.1618
1.1618
1.1618
1.1618
1.1618
1.1618
1.1618
1.1618
1.1618
1.1618
1.1618
1.1618
1.1618
1.1618
1.1618
1.1618
1.1618
1.1618
1.1618
1.1618
1.1618
1.1618
1.1618
1.1618
1.1618
1.1618
1.1618
1.1618
1.1618
1.1618
1.1618
1.1618
1.1618
1.1618
1.1618
1.1618
1.1618
1.1618
1.1618
1.1618
1.1618
1.1618
1.1618
1.1618
1.1618
1.1618
1.1618
1.1618
1.1618
1.1618
1.1618
1.1618
1.1618
1.1618
1.1618
1.1618
1.1618
1.1618
1.1618
1.1618
1.1618
1.1618
1.1618
1.1618
1.1618
1.1618
1.16181
1.16181
1.16181
1.16181
1.16181
1.16181
1.16181
1.16181
1.16181
1.16181
1.16181
1.16181
1.16181
1.16181
1.16181
1.16181
1.16181
1.16181
1.16181
1.16181
1.16181
1.16181
1.16181
1.16181
1.16181
1.16181
1.16181
1.16181
1.16181
1.16181
1.16181
1.16181
1.16181
1.16181
1.16181
1.16181
1.16181
1.16181
1.16181
1.16181
1.16181
1.16181
1.16181
1.16181
1.16181
1.16181
1.16181
1.16181
1.16181
1.16181
1.16181
1.16181
1.16181
1.16181
1.16181
1.16181
1.16181
1.16181
1.16181
1.16181
1.16181
1.16181
1.16181
1.16181
1.16181
1.16181
1.16181
1.16181
1.16181
1.16181
1.16181
1.16181
1.16181
1.16181
1.16181
1.16181
1.16181
1.16181
1.16181
1.16181
1.16181
1.1618
1.1618
1.1618
1.1618
1.1618
1.1618
1.1618
1.1618
1.1618
1.1618
1.1618
1.1618
1.1618
1.1618
1.1618
1.1618
1.1618
1.1618
1.1618
1.1618
1.1618
1.1618
1.1618
1.16179
1.16179
1.16179
1.16179
1.16179
1.16179
1.16179
1.16179
1.16179
1.16179
1.16179
1.16179
1.16179
1.16179
1.16179
1.16179
1.16179
1.16179
1.16179
1.16179
1.16178
1.16178
1.16178
1.16178
1.16178
1.16178
1.16178
1.16178
1.16178
1.16178
1.16178
1.16178
1.16178
1.16178
1.16178
1.16178
1.16178
1.16178
1.16178
1.16178
1.16178
1.16178
1.16178
1.16178
1.16178
1.16178
1.16178
1.16178
1.16178
1.16178
1.16178
1.16178
1.16178
1.16178
1.16178
1.16178
1.16178
1.16178
1.16178
1.16178
1.16178
1.16178
1.16178
1.16178
1.16178
1.16178
1.16178
1.16178
1.16178
1.16178
1.16178
1.16178
1.16178
1.16178
1.16178
1.16178
1.16178
1.16178
1.16178
1.16178
1.16178
1.16178
1.16178
1.16178
1.16178
1.16178
1.16179
1.16179
1.16179
1.16179
1.16179
1.16179
1.16179
1.16179
1.16179
1.16179
1.16179
1.16179
1.16179
1.1618
1.1618
1.1618
1.1618
1.1618
1.1618
1.1618
1.1618
1.1618
1.1618
1.1618
1.16181
1.16181
1.16181
1.16181
1.16181
1.16181
1.16181
1.16181
1.16181
1.16181
1.16182
1.16182
1.16182
1.16182
1.16182
1.16182
1.16182
1.16182
1.16182
1.16182
1.16183
1.16183
1.16183
1.16183
1.16183
1.16183
1.16183
1.16183
1.16183
1.16183
1.16183
1.16184
1.16184
1.16184
1.16184
1.16184
1.16184
1.16184
1.16184
1.16184
1.16184
1.16184
1.16184
1.16184
1.16184
1.16184
1.16185
1.16185
1.16185
1.16185
1.16185
1.16185
1.16185
1.16185
1.16185
1.16185
1.16185
1.16185
1.16185
1.16185
1.16185
1.16185
1.16185
1.16185
1.16185
1.16185
1.16185
1.16185
1.16185
1.16185
1.16185
1.16185
1.16185
1.16185
1.16184
1.16184
1.16184
1.16184
1.16184
1.16184
1.16184
1.16184
1.16184
1.16184
1.16184
1.16184
1.16183
1.16183
1.16183
1.16183
1.16183
1.16183
1.16183
1.16183
1.16183
1.16182
1.16182
1.16182
1.16182
1.16182
1.16182
1.16181
1.16181
1.16181
1.16181
1.16181
1.16181
1.1618
1.1618
1.1618
1.1618
1.1618
1.1618
1.16179
1.16179
1.16179
1.16179
1.16179
1.16178
1.16178
1.16178
1.16178
1.16178
1.16178
1.16177
1.16177
1.16177
1.16177
1.16177
1.16176
1.16176
1.16176
1.16176
1.16176
1.16176
1.16175
1.16175
1.16175
1.16175
1.16175
1.16175
1.16175
1.16174
1.16174
1.16174
1.16174
1.16174
1.16174
1.16174
1.16174
1.16174
1.16174
1.16174
1.16173
1.16173
1.16173
1.16173
1.16173
1.16173
1.16173
1.16173
1.16173
1.16173
1.16174
1.16174
1.16174
1.16174
1.16174
1.16174
1.16174
1.16174
1.16174
1.16175
1.16175
1.16175
1.16175
1.16176
1.16176
1.16176
1.16176
1.16177
1.16177
1.16178
1.16178
1.16178
1.16179
1.16179
1.1618
1.1618
1.16181
1.16181
1.16182
1.16182
1.16183
1.16184
1.16184
1.16185
1.16186
1.16186
1.16187
1.16188
1.16189
1.1619
1.16191
1.16191
1.16192
1.16193
1.16194
1.16195
1.16196
1.16198
1.16199
1.162
1.16201
1.16202
1.16204
1.16205
1.16206
1.16208
1.16209
1.1621
1.16212
1.16213
1.16215
1.16216
1.16218
1.1622
1.16221
1.16223
1.16225
1.16227
1.16229
1.16231
1.16232
1.16234
1.16236
1.16239
1.16241
1.16243
1.16245
1.16247
1.1625
1.16252
1.16254
1.16257
1.16259
1.16262
1.16264
1.16267
1.16269
1.16272
1.16275
1.16278
1.1628
1.16283
1.16286
1.16289
1.16292
1.16295
1.16299
1.16302
1.16305
1.16308
1.16312
1.16315
1.16318
1.16322
1.16326
1.16329
1.16333
1.16337
1.1634
1.16344
1.16348
1.16352
1.16356
1.1636
1.16364
1.16368
1.16372
1.16377
1.16381
1.16385
1.1639
1.16394
1.16399
1.16404
1.16408
1.16413
1.16418
1.16423
1.16428
1.16433
1.16438
1.16443
1.16448
1.16453
1.16458
1.16464
1.16469
1.16475
1.1648
1.16486
1.16491
1.16497
1.16503
1.16509
1.16515
1.16521
1.16527
1.16533
1.16539
1.16545
1.16551
1.16558
1.16564
1.16571
1.16577
1.16584
1.16591
1.16597
1.16604
1.16611
1.16618
1.16625
1.16632
1.16639
1.16647
1.16654
1.16661
1.16669
1.16676
1.16684
1.16691
1.16699
1.16707
1.16715
1.16723
1.16731
1.16739
1.16747
1.16755
1.16763
1.16771
1.1678
1.16788
1.16797
1.16805
1.16814
1.16823
1.16832
1.16841
1.1685
1.16859
1.16868
1.16877
1.16886
1.16895
1.16905
1.16914
1.16924
1.16933
1.16943
1.16953
1.16963
1.16973
1.16983
1.16993
1.17003
1.17013
1.17023
1.17033
1.17044
1.17054
1.17065
1.17075
1.17086
1.17097
1.17108
1.17119
1.17129
1.17141
1.17152
1.17163
1.17174
1.17185
1.17197
1.17208
1.1722
1.17231
1.17243
1.17255
1.17267
1.17278
1.1729
1.17302
1.17315
1.17327
1.17339
1.17351
1.17364
1.17376
1.17389
1.17401
1.17414
1.17427
1.17439
1.17452
1.17465
1.17478
1.17491
1.17504
1.17518
1.17531
1.17544
1.17557
1.17571
1.17584
1.17598
1.17612
1.17625
1.17639
1.17653
1.17667
1.17681
1.17695
1.17709
1.17723
1.17737
1.17752
1.17766
1.1778
1.17795
1.17809
1.17824
1.17839
1.17853
1.17868
1.17883
1.17898
1.17913
1.17928
1.17943
1.17958
1.17973
1.17988
1.18003
1.18019
1.18034
1.18049
1.18065
1.1808
1.18096
1.18112
1.18127
1.18143
1.18159
1.18174
1.1819
1.18206
1.18222
1.18238
1.18254
1.1827
1.18286
1.18302
1.18319
1.18335
1.18351
1.18367
1.18384
1.184
1.18416
1.18433
1.18449
1.18466
1.18482
1.18499
1.18516
1.18532
1.18549
1.18566
1.18582
1.18599
1.18616
1.18633
1.1865
1.18666
1.18683
1.187
1.18717
1.18734
1.18751
1.18768
1.18785
1.18802
1.18819
1.18836
1.18853
1.1887
1.18888
1.18905
1.18922
1.18939
1.18956
1.18973
1.1899
1.19008
1.19025
1.19042
1.19059
1.19076
1.19094
1.19111
1.19128
1.19145
1.19163
1.1918
1.19197
1.19214
1.19232
1.19249
1.19266
1.19283
1.193
1.19318
1.19335
1.19352
1.19369
1.19386
1.19404
1.19421
1.19438
1.19455
1.19472
1.19489
1.19507
1.19524
1.19541
1.19558
1.19575
1.19592
1.19609
1.19626
1.19643
1.1966
1.19677
1.19694
1.19711
1.19728
1.19745
1.19762
1.19778
1.19795
1.19812
1.19829
1.19846
1.19862
1.19879
1.19896
1.19912
1.19929
1.19946
1.19962
1.19979
1.19995
1.20012
1.20028
1.20045
1.20061
1.20078
1.20094
1.20111
1.20127
1.20143
1.20159
1.20176
1.20192
1.20208
1.20224
1.2024
1.20257
1.20273
1.20289
1.20305
1.20321
1.20337
1.20353
1.20369
1.20385
1.204
1.20416
1.20432
1.20448
1.20464
1.20479
1.20495
1.20511
1.20526
1.20542
1.20558
1.20573
1.20589
1.20604
1.2062
1.20635
1.20651
1.20666
1.20682
1.20697
1.20712
1.20728
1.20743
1.20758
1.20773
1.20789
1.20804
1.20819
1.20834
1.2085
1.20865
1.2088
1.20895
1.2091
1.20925
1.2094
1.20955
1.2097
1.20985
1.21
1.21015
1.2103
1.21045
1.2106
1.21075
1.2109
1.21105
1.2112
1.21135
1.2115
1.21165
1.2118
1.21195
1.2121
1.21225
1.2124
1.21254
1.21269
1.21284
1.21299
1.21314
1.21329
1.21344
1.21359
1.21374
1.21389
1.21403
1.21418
1.21433
1.21448
1.21463
1.21478
1.21493
1.21508
1.21523
1.21538
1.21553
1.21568
1.21583
1.21598
1.21613
1.21628
1.21643
1.21658
1.21674
1.21689
1.21704
1.21719
1.21734
1.2175
1.21765
1.2178
1.21795
1.21811
1.21826
1.21841
1.21857
1.21872
1.21888
1.21903
1.21919
1.21934
1.2195
1.21965
1.21981
1.21996
1.22012
1.22028
1.22043
1.22059
1.22075
1.22091
1.22107
1.22123
1.22138
1.22154
1.2217
1.22186
1.22202
1.22219
1.22235
1.22251
1.22267
1.22283
1.223
1.22316
1.22332
1.22349
1.22365
1.22381
1.22398
1.22414
1.22431
1.22448
1.22464
1.22481
1.22498
1.22514
1.22531
1.22548
1.22565
1.22582
1.22599
1.22615
1.22632
1.2265
1.22667
1.22684
1.22701
1.22718
1.22735
1.22752
1.2277
1.22787
1.22804
1.22822
1.22839
1.22857
1.22874
1.22892
1.22909
1.22927
1.22944
1.22962
1.2298
1.22997
1.23015
1.23033
1.23051
1.23068
1.23086
1.23104
1.23122
1.2314
1.23158
1.23176
1.23194
1.23212
1.2323
1.23248
1.23266
1.23284
1.23302
1.2332
1.23338
1.23357
1.23375
1.23393
1.23411
1.23429
1.23448
1.23466
1.23484
1.23502
1.23521
1.23539
1.23557
1.23575
1.23594
1.23612
1.2363
1.23649
1.23667
1.23685
1.23704
1.23722
1.2374
1.23758
1.23777
1.23795
1.23813
1.23832
1.2385
1.23868
1.23886
1.23905
1.23923
1.23941
1.23959
1.23978
1.23996
1.24014
1.24032
1.2405
1.24068
1.24086
1.24104
1.24122
1.2414
1.24158
1.24176
1.24194
1.24212
1.2423
1.24248
1.24266
1.24283
1.24301
1.24319
1.24336
1.24354
1.24372
1.24389
1.24407
1.24424
1.24442
1.24459
1.24476
1.24494
1.24511
1.24528
1.24545
1.24562
1.24579
1.24596
1.24613
1.2463
1.24647
1.24664
1.24681
1.24697
1.24714
1.24731
1.24747
1.24763
1.2478
1.24796
1.24812
1.24829
1.24845
1.24861
1.24877
1.24893
1.24909
1.24924
1.2494
1.24956
1.24971
1.24987
1.25002
1.25018
1.25033
1.25048
1.25064
1.25079
1.25094
1.25109
1.25123
1.25138
1.25153
1.25168
1.25182
1.25197
1.25211
1.25225
1.25239
1.25254
1.25268
1.25282
1.25295
1.25309
1.25323
1.25337
1.2535
1.25364
1.25377
1.2539
1.25403
1.25417
1.2543
1.25443
1.25455
1.25468
1.25481
1.25493
1.25506
1.25518
1.25531
1.25543
1.25555
1.25567
1.25579
1.25591
1.25603
1.25614
1.25626
1.25637
1.25649
1.2566
1.25671
1.25682
1.25693
1.25704
1.25715
1.25726
1.25737
1.25747
1.25758
1.25768
1.25778
1.25789
1.25799
1.25809
1.25819
1.25828
1.25838
1.25848
1.25857
1.25867
1.25876
1.25885
1.25894
1.25904
1.25913
1.25921
1.2593
1.25939
1.25948
1.25956
1.25965
1.25973
1.25981
1.25989
1.25997
1.26005
1.26013
1.26021
1.26029
1.26036
1.26044
1.26051
1.26059
1.26066
1.26073
1.2608
1.26087
1.26094
1.26101
1.26108
1.26114
1.26121
1.26127
1.26134
1.2614
1.26146
1.26152
1.26158
1.26164
1.2617
1.26176
1.26182
1.26187
1.26193
1.26198
1.26204
1.26209
1.26214
1.2622
1.26225
1.2623
1.26234
1.26239
1.26244
1.26249
1.26253
1.26258
1.26262
1.26267
1.26271
1.26275
1.26279
1.26283
1.26287
1.26291
1.26295
1.26299
1.26303
1.26306
1.2631
1.26313
1.26317
1.2632
1.26324
1.26327
1.2633
1.26333
1.26336
1.26339
1.26342
1.26345
1.26348
1.2635
1.26353
1.26356
1.26358
1.2636
1.26363
1.26365
1.26368
1.2637
1.26372
1.26374
1.26376
1.26378
1.2638
1.26382
1.26384
1.26385
1.26387
1.26389
1.2639
1.26392
1.26393
1.26395
1.26396
1.26398
1.26399
1.264
1.26401
1.26403
1.26404
1.26405
1.26406
1.26407
1.26408
1.26409
1.26409
1.2641
1.26411
1.26412
1.26412
1.26413
1.26414
1.26414
1.26415
1.26415
1.26416
1.26416
1.26416
1.26417
1.26417
1.26417
1.26418
1.26418
1.26418
1.26418
1.26418
1.26418
1.26418
1.26418
1.26418
1.26418
1.26418
1.26418
1.26418
1.26418
1.26418
1.26418
1.26417
1.26417
1.26417
1.26417
1.26416
1.26416
1.26416
1.26415
1.26415
1.26414
1.26414
1.26414
1.26413
1.26413
1.26412
1.26412
1.26411
1.26411
1.2641
1.2641
1.26409
1.26408
1.26408
1.26407
1.26407
1.26406
1.26405
1.26405
1.26404
1.26403
1.26403
1.26402
1.26401
1.26401
1.264
1.26399
1.26399
1.26398
1.26397
1.26397
1.26396
1.26395
1.26395
1.26394
1.26393
1.26393
1.26392
1.26391
1.2639
1.2639
1.26389
1.26388
1.26388
1.26387
1.26386
1.26386
1.26385
1.26384
1.26384
1.26383
1.26382
1.26382
1.26381
1.26381
1.2638
1.26379
1.26379
1.26378
1.26378
1.26377
1.26376
1.26376
1.26375
1.26375
1.26374
1.26374
1.26373
1.26373
1.26372
1.26372
1.26371
1.26371
1.26371
1.2637
1.2637
1.26369
1.26369
1.26369
1.26368
1.26368
1.26367
1.26367
1.26367
1.26367
1.26366
1.26366
1.26366
1.26365
1.26365
1.26365
1.26365
1.26365
1.26364
1.26364
1.26364
1.26364
1.26364
1.26364
1.26364
1.26363
1.26363
1.26363
1.26363
1.26363
1.26363
1.26363
1.26363
1.26363
1.26363
1.26363
1.26363
1.26363
1.26363
1.26363
1.26364
1.26364
1.26364
1.26364
1.26364
1.26364
1.26364
1.26365
1.26365
1.26365
1.26365
1.26365
1.26365
1.26366
1.26366
1.26366
1.26366
1.26367
1.26367
1.26367
1.26367
1.26368
1.26368
1.26368
1.26369
1.26369
1.26369
1.2637
1.2637
1.2637
1.26371
1.26371
1.26371
1.26372
1.26372
1.26372
1.26373
1.26373
1.26373
1.26374
1.26374
1.26374
1.26375
1.26375
1.26375
1.26376
1.26376
1.26377
1.26377
1.26377
1.26378
1.26378
1.26378
1.26379
1.26379
1.26379
1.2638
1.2638
1.26381
1.26381
1.26381
1.26382
1.26382
1.26382
1.26383
1.26383
1.26383
1.26384
1.26384
1.26384
1.26384
1.26385
1.26385
1.26385
1.26386
1.26386
1.26386
1.26386
1.26387
1.26387
1.26387
1.26387
1.26388
1.26388
1.26388
1.26388
1.26388
1.26389
1.26389
1.26389
1.26389
1.26389
1.26389
1.2639
1.2639
1.2639
1.2639
1.2639
1.2639
1.2639
1.2639
1.2639
1.2639
1.2639
1.2639
1.2639
1.2639
1.26391
1.26391
1.26391
1.2639
1.2639
1.2639
1.2639
1.2639
1.2639
1.2639
1.2639
1.2639
1.2639
1.2639
1.2639
1.2639
1.2639
1.26389
1.26389
1.26389
1.26389
1.26389
1.26389
1.26388
1.26388
1.26388
1.26388
1.26388
1.26388
1.26387
1.26387
1.26387
1.26387
1.26386
1.26386
1.26386
1.26386
1.26385
1.26385
1.26385
1.26385
1.26384
1.26384
1.26384
1.26383
1.26383
1.26383
1.26383
1.26382
1.26382
1.26382
1.26381
1.26381
1.26381
1.26381
1.2638
1.2638
1.2638
1.26379
1.26379
1.26379
1.26378
1.26378
1.26378
1.26378
1.26377
1.26377
1.26377
1.26376
1.26376
1.26376
1.26375
1.26375
1.26375
1.26375
1.26374
1.26374
1.26374
1.26374
1.26373
1.26373
1.26373
1.26373
1.26372
1.26372
1.26372
1.26372
1.26371
1.26371
1.26371
1.26371
1.26371
1.2637
1.2637
1.2637
1.2637
1.2637
1.26369
1.26369
1.26369
1.26369
1.26369
1.26369
1.26369
1.26369
1.26368
1.26368
1.26368
1.26368
1.26368
1.26368
1.26368
1.26368
1.26368
1.26368
1.26368
1.26368
1.26368
1.26368
1.26368
1.26368
1.26368
1.26368
1.26368
1.26368
1.26368
1.26368
1.26368
1.26368
1.26368
1.26368
1.26368
1.26368
1.26369
1.26369
1.26369
1.26369
1.26369
1.26369
1.26369
1.26369
1.2637
1.2637
1.2637
1.2637
1.2637
1.26371
1.26371
1.26371
1.26371
1.26371
1.26372
1.26372
1.26372
1.26372
1.26372
1.26373
1.26373
1.26373
1.26373
1.26374
1.26374
1.26374
1.26374
1.26375
1.26375
1.26375
1.26376
1.26376
1.26376
1.26376
1.26377
1.26377
1.26377
1.26377
1.26378
1.26378
1.26378
1.26379
1.26379
1.26379
1.26379
1.2638
1.2638
1.2638
1.26381
1.26381
1.26381
1.26381
1.26382
1.26382
1.26382
1.26382
1.26383
1.26383
1.26383
1.26383
1.26384
1.26384
1.26384
1.26384
1.26385
1.26385
1.26385
1.26385
1.26385
1.26386
1.26386
1.26386
1.26386
1.26386
1.26387
1.26387
1.26387
1.26387
1.26387
1.26387
1.26387
1.26388
1.26388
1.26388
1.26388
1.26388
1.26388
1.26388
1.26388
1.26388
1.26388
1.26388
1.26388
1.26389
1.26389
1.26389
1.26389
1.26389
1.26389
1.26389
1.26389
1.26389
1.26389
1.26389
1.26389
1.26388
1.26388
1.26388
1.26388
1.26388
1.26388
1.26388
1.26388
1.26388
1.26388
1.26388
1.26388
1.26387
1.26387
1.26387
1.26387
1.26387
1.26387
1.26386
1.26386
1.26386
1.26386
1.26386
1.26386
1.26385
1.26385
1.26385
1.26385
1.26385
1.26384
1.26384
1.26384
1.26384
1.26383
1.26383
1.26383
1.26383
1.26382
1.26382
1.26382
1.26382
1.26381
1.26381
1.26381
1.26381
1.2638
1.2638
1.2638
1.26379
1.26379
1.26379
1.26379
1.26378
1.26378
1.26378
1.26378
1.26377
1.26377
1.26377
1.26376
1.26376
1.26376
1.26376
1.26375
1.26375
1.26375
1.26375
1.26374
1.26374
1.26374
1.26374
1.26373
1.26373
1.26373
1.26373
1.26373
1.26372
1.26372
1.26372
1.26372
1.26371
1.26371
1.26371
1.26371
1.26371
1.26371
1.2637
1.2637
1.2637
1.2637
1.2637
1.2637
1.2637
1.26369
1.26369
1.26369
1.26369
1.26369
1.26369
1.26369
1.26369
1.26369
1.26369
1.26369
1.26369
1.26369
1.26368
1.26368
1.26368
1.26368
1.26368
1.26368
1.26368
1.26369
1.26369
1.26369
1.26369
1.26369
1.26369
1.26369
1.26369
1.26369
1.26369
1.26369
1.26369
1.26369
1.2637
1.2637
1.2637
1.2637
1.2637
1.2637
1.2637
1.26371
1.26371
1.26371
1.26371
1.26371
1.26372
1.26372
1.26372
1.26372
1.26372
1.26373
1.26373
1.26373
1.26373
1.26374
1.26374
1.26374
1.26374
1.26375
1.26375
1.26375
1.26375
1.26376
1.26376
1.26376
1.26377
1.26377
1.26377
1.26378
1.26378
1.26378
1.26378
1.26379
1.26379
1.26379
1.2638
1.2638
1.2638
1.26381
1.26381
1.26381
1.26381
1.26382
1.26382
1.26382
1.26383
1.26383
1.26383
1.26384
1.26384
1.26384
1.26384
1.26385
1.26385
1.26385
1.26385
1.26386
1.26386
1.26386
1.26386
1.26387
1.26387
1.26387
1.26387
1.26388
1.26388
1.26388
1.26388
1.26389
1.26389
1.26389
1.26389
1.26389
1.26389
1.2639
1.2639
1.2639
1.2639
1.2639
1.2639
1.2639
1.26391
1.26391
1.26391
1.26391
1.26391
1.26391
1.26391
1.26391
1.26391
1.26391
1.26391
1.26391
1.26391
1.26391
1.26391
1.26391
1.26391
1.26391
1.26391
1.26391
1.26391
1.26391
1.26391
1.26391
1.2639
1.2639
1.2639
1.2639
1.2639
1.2639
1.2639
1.2639
1.26389
1.26389
1.26389
1.26389
1.26389
1.26388
1.26388
1.26388
1.26388
1.26388
1.26387
1.26387
1.26387
1.26387
1.26386
1.26386
1.26386
1.26385
1.26385
1.26385
1.26385
1.26384
1.26384
1.26384
1.26383
1.26383
1.26383
1.26382
1.26382
1.26382
1.26381
1.26381
1.26381
1.2638
1.2638
1.2638
1.26379
1.26379
1.26379
1.26378
1.26378
1.26378
1.26377
1.26377
1.26377
1.26376
1.26376
1.26376
1.26375
1.26375
1.26375
1.26375
1.26374
1.26374
1.26374
1.26373
1.26373
1.26373
1.26373
1.26372
1.26372
1.26372
1.26372
1.26372
1.26371
1.26371
1.26371
1.26371
1.26371
1.26371
1.26371
1.26371
1.26371
1.2637
1.2637
1.2637
1.2637
1.2637
1.2637
1.2637
1.2637
1.26371
1.26371
1.26371
1.26371
1.26371
1.26371
1.26371
1.26372
1.26372
1.26372
1.26372
1.26373
1.26373
1.26373
1.26374
1.26374
1.26375
1.26375
1.26376
1.26376
1.26377
1.26377
1.26378
1.26378
1.26379
1.2638
1.2638
1.26381
1.26382
1.26383
1.26383
1.26384
1.26385
1.26386
1.26387
1.26388
1.26389
1.2639
1.26391
1.26392
1.26393
1.26395
1.26396
1.26397
1.26398
1.264
1.26401
1.26402
1.26404
1.26405
1.26407
1.26408
1.2641
1.26411
1.26413
1.26415
1.26417
1.26418
1.2642
1.26422
1.26424
1.26426
1.26428
1.2643
1.26432
1.26434
1.26436
1.26438
1.2644
1.26442
1.26445
1.26447
1.26449
1.26452
1.26454
1.26456
1.26459
1.26462
1.26464
1.26467
1.26469
1.26472
1.26475
1.26478
1.2648
1.26483
1.26486
1.26489
1.26492
1.26495
1.26498
1.26501
1.26504
1.26508
1.26511
1.26514
1.26517
1.26521
1.26524
1.26528
1.26531
1.26534
1.26538
1.26542
1.26545
1.26549
1.26553
1.26556
1.2656
1.26564
1.26568
1.26572
1.26576
1.26579
1.26583
1.26588
1.26592
1.26596
1.266
1.26604
1.26608
1.26613
1.26617
1.26621
1.26625
1.2663
1.26634
1.26639
1.26643
1.26648
1.26652
1.26657
1.26662
1.26666
1.26671
1.26676
1.2668
1.26685
1.2669
1.26695
1.267
1.26705
1.2671
1.26715
1.2672
1.26725
1.2673
1.26735
1.2674
1.26745
1.2675
1.26755
1.26761
1.26766
1.26771
1.26776
1.26782
1.26787
1.26792
1.26798
1.26803
1.26809
1.26814
1.2682
1.26825
1.26831
1.26836
1.26842
1.26847
1.26853
1.26858
1.26864
1.2687
1.26875
1.26881
1.26887
1.26892
1.26898
1.26904
1.2691
1.26915
1.26921
1.26927
1.26933
1.26939
1.26945
1.2695
1.26956
1.26962
1.26968
1.26974
1.2698
1.26986
1.26992
1.26997
1.27003
1.27009
1.27015
1.27021
1.27027
1.27033
1.27039
1.27045
1.27051
1.27057
1.27063
1.27069
1.27075
1.27081
1.27087
1.27093
1.27099
1.27104
1.2711
1.27116
1.27122
1.27128
1.27134
1.2714
1.27146
1.27152
1.27158
1.27164
1.2717
1.27176
1.27181
1.27187
1.27193
1.27199
1.27205
1.27211
1.27216
1.27222
1.27228
1.27234
1.2724
1.27245
1.27251
1.27257
1.27262
1.27268
1.27274
1.2728
1.27285
1.27291
1.27296
1.27302
1.27308
1.27313
1.27319
1.27324
1.2733
1.27335
1.27341
1.27346
1.27351
1.27357
1.27362
1.27367
1.27373
1.27378
1.27383
1.27389
1.27394
1.27399
1.27404
1.27409
1.27414
1.27419
1.27425
1.2743
1.27435
1.2744
1.27444
1.27449
1.27454
1.27459
1.27464
1.27469
1.27474
1.27478
1.27483
1.27488
1.27492
1.27497
1.27502
1.27506
1.27511
1.27515
1.2752
1.27524
1.27528
1.27533
1.27537
1.27541
1.27546
1.2755
1.27554
1.27558
1.27562
1.27567
1.27571
1.27575
1.27579
1.27583
1.27586
1.2759
1.27594
1.27598
1.27602
1.27606
1.27609
1.27613
1.27617
1.2762
1.27624
1.27627
1.27631
1.27634
1.27638
1.27641
1.27645
1.27648
1.27651
1.27655
1.27658
1.27661
1.27664
1.27667
1.2767
1.27673
1.27676
1.27679
1.27682
1.27685
1.27688
1.27691
1.27694
1.27697
1.277
1.27702
1.27705
1.27708
1.2771
1.27713
1.27715
1.27718
1.27721
1.27723
1.27725
1.27728
1.2773
1.27733
1.27735
1.27737
1.2774
1.27742
1.27744
1.27746
1.27748
1.27751
1.27753
1.27755
1.27757
1.27759
1.27761
1.27763
1.27765
1.27767
1.27769
1.2777
1.27772
1.27774
1.27776
1.27778
1.27779
1.27781
1.27783
1.27785
1.27786
1.27788
1.2779
1.27791
1.27793
1.27794
1.27796
1.27797
1.27799
1.278
1.27802
1.27803
1.27805
1.27806
1.27808
1.27809
1.2781
1.27812
1.27813
1.27814
1.27816
1.27817
1.27818
1.2782
1.27821
1.27822
1.27823
1.27825
1.27826
1.27827
1.27828
1.27829
1.27831
1.27832
1.27833
1.27834
1.27835
1.27836
1.27837
1.27839
1.2784
1.27841
1.27842
1.27843
1.27844
1.27845
1.27846
1.27847
1.27848
1.27849
1.27851
1.27852
1.27853
1.27854
1.27855
1.27856
1.27857
1.27858
1.27859
1.2786
1.27861
1.27862
1.27863
1.27864
1.27865
1.27866
1.27867
1.27868
1.27869
1.2787
1.27871
1.27872
1.27873
1.27874
1.27876
1.27877
1.27878
1.27879
1.2788
1.27881
1.27882
1.27883
1.27884
1.27885
1.27886
1.27887
1.27888
1.27889
1.2789
1.27891
1.27893
1.27894
1.27895
1.27896
1.27897
1.27898
1.27899
1.279
1.27901
1.27903
1.27904
1.27905
1.27906
1.27907
1.27908
1.27909
1.27911
1.27912
1.27913
1.27914
1.27915
1.27916
1.27918
1.27919
1.2792
1.27921
1.27922
1.27924
1.27925
1.27926
1.27927
1.27928
1.2793
1.27931
1.27932
1.27933
1.27934
1.27936
1.27937
1.27938
1.27939
1.27941
1.27942
1.27943
1.27944
1.27946
1.27947
1.27948
1.2795
1.27951
1.27952
1.27953
1.27955
1.27956
1.27957
1.27958
1.2796
1.27961
1.27962
1.27964
1.27965
1.27966
1.27967
1.27969
1.2797
1.27971
1.27973
1.27974
1.27975
1.27977
1.27978
1.27979
1.2798
1.27982
1.27983
1.27984
1.27986
1.27987
1.27988
1.2799
1.27991
1.27992
1.27993
1.27995
1.27996
1.27997
1.27999
1.28
1.28001
1.28003
1.28004
1.28005
1.28006
1.28008
1.28009
1.2801
1.28012
1.28013
1.28014
1.28016
1.28017
1.28018
1.28019
1.28021
1.28022
1.28023
1.28025
1.28026
1.28027
1.28029
1.2803
1.28031
1.28032
1.28034
1.28035
1.28036
1.28038
1.28039
1.2804
1.28042
1.28043
1.28044
1.28045
1.28047
1.28048
1.28049
1.28051
1.28052
1.28053
1.28055
1.28056
1.28057
1.28059
1.2806
1.28061
1.28063
1.28064
1.28066
1.28067
1.28068
1.2807
1.28071
1.28072
1.28074
1.28075
1.28077
1.28078
1.2808
1.28081
1.28082
1.28084
1.28085
1.28087
1.28088
1.2809
1.28091
1.28093
1.28094
1.28096
1.28097
1.28099
1.28101
1.28102
1.28104
1.28105
1.28107
1.28109
1.2811
1.28112
1.28114
1.28115
1.28117
1.28119
1.2812
1.28122
1.28124
1.28126
1.28128
1.28129
1.28131
1.28133
1.28135
1.28137
1.28139
1.28141
1.28143
1.28145
1.28147
1.28149
1.28151
1.28153
1.28155
1.28157
1.28159
1.28162
1.28164
1.28166
1.28168
1.2817
1.28173
1.28175
1.28177
1.2818
1.28182
1.28185
1.28187
1.2819
1.28192
1.28195
1.28197
1.282
1.28203
1.28205
1.28208
1.28211
1.28214
1.28216
1.28219
1.28222
1.28225
1.28228
1.28231
1.28234
1.28237
1.2824
1.28243
1.28246
1.28249
1.28253
1.28256
1.28259
1.28262
1.28266
1.28269
1.28273
1.28276
1.2828
1.28283
1.28287
1.2829
1.28294
1.28298
1.28301
1.28305
1.28309
1.28313
1.28317
1.28321
1.28324
1.28328
1.28332
1.28337
1.28341
1.28345
1.28349
1.28353
1.28358
1.28362
1.28366
1.28371
1.28375
1.28379
1.28384
1.28389
1.28393
1.28398
1.28402
1.28407
1.28412
1.28417
1.28422
1.28426
1.28431
1.28436
1.28441
1.28446
1.28451
1.28456
1.28462
1.28467
1.28472
1.28477
1.28482
1.28488
1.28493
1.28499
1.28504
1.2851
1.28515
1.28521
1.28526
1.28532
1.28538
1.28543
1.28549
1.28555
1.28561
1.28566
1.28572
1.28578
1.28584
1.2859
1.28596
1.28602
1.28608
1.28614
1.28621
1.28627
1.28633
1.28639
1.28645
1.28652
1.28658
1.28664
1.28671
1.28677
1.28684
1.2869
1.28697
1.28703
1.2871
1.28716
1.28723
1.2873
1.28736
1.28743
1.2875
1.28756
1.28763
1.2877
1.28777
1.28784
1.28791
1.28797
1.28804
1.28811
1.28818
1.28825
1.28832
1.28839
1.28846
1.28853
1.2886
1.28867
1.28874
1.28881
1.28889
1.28896
1.28903
1.2891
1.28917
1.28924
1.28932
1.28939
1.28946
1.28953
1.2896
1.28968
1.28975
1.28982
1.28989
1.28997
1.29004
1.29011
1.29019
1.29026
1.29033
1.2904
1.29048
1.29055
1.29062
1.2907
1.29077
1.29084
1.29092
1.29099
1.29106
1.29113
1.29121
1.29128
1.29135
1.29143
1.2915
1.29157
1.29164
1.29172
1.29179
1.29186
1.29193
1.29201
1.29208
1.29215
1.29222
1.29229
1.29237
1.29244
1.29251
1.29258
1.29265
1.29272
1.29279
1.29287
1.29294
1.29301
1.29308
1.29315
1.29322
1.29329
1.29336
1.29343
1.2935
1.29356
1.29363
1.2937
1.29377
1.29384
1.29391
1.29397
1.29404
1.29411
1.29418
1.29424
1.29431
1.29438
1.29444
1.29451
1.29457
1.29464
1.2947
1.29477
1.29483
1.2949
1.29496
1.29503
1.29509
1.29515
1.29521
1.29528
1.29534
1.2954
1.29546
1.29552
1.29559
1.29565
1.29571
1.29577
1.29583
1.29589
1.29594
1.296
1.29606
1.29612
1.29618
1.29624
1.29629
1.29635
1.29641
1.29646
1.29652
1.29657
1.29663
1.29668
1.29674
1.29679
1.29685
1.2969
1.29695
1.29701
1.29706
1.29711
1.29717
1.29722
1.29727
1.29732
1.29737
1.29742
1.29747
1.29752
1.29757
1.29762
1.29767
1.29772
1.29777
1.29781
1.29786
1.29791
1.29796
1.298
1.29805
1.2981
1.29814
1.29819
1.29823
1.29828
1.29832
1.29837
1.29841
1.29846
1.2985
1.29854
1.29859
1.29863
1.29867
1.29872
1.29876
1.2988
1.29884
1.29888
1.29893
1.29897
1.29901
1.29905
1.29909
1.29913
1.29917
1.29921
1.29925
1.29929
1.29933
1.29937
1.29941
1.29945
1.29949
1.29953
1.29957
1.29961
1.29965
1.29969
1.29973
1.29977
1.29981
1.29985
1.29989
1.29992
1.29996
1.3
1.30004
1.30008
1.30012
1.30016
1.3002
1.30024
1.30028
1.30031
1.30035
1.30039
1.30043
1.30047
1.30051
1.30055
1.30059
1.30063
1.30067
1.30071
1.30075
1.30079
1.30083
1.30088
1.30092
1.30096
1.301
1.30104
1.30108
1.30113
1.30117
1.30121
1.30126
1.3013
1.30134
1.30139
1.30143
1.30148
1.30152
1.30157
1.30161
1.30166
1.30171
1.30175
1.3018
1.30185
1.3019
1.30195
1.302
1.30205
1.3021
1.30215
1.3022
1.30225
1.3023
1.30235
1.30241
1.30246
1.30251
1.30257
1.30262
1.30268
1.30274
1.30279
1.30285
1.30291
1.30297
1.30303
1.30309
1.30315
1.30321
1.30327
1.30333
1.3034
1.30346
1.30353
1.30359
1.30366
1.30373
1.30379
1.30386
1.30393
1.304
1.30407
1.30414
1.30421
1.30429
1.30436
1.30443
1.30451
1.30459
1.30466
1.30474
1.30482
1.3049
1.30498
1.30506
1.30514
1.30522
1.30531
1.30539
1.30547
1.30556
1.30565
1.30574
1.30582
1.30591
1.306
1.30609
1.30619
1.30628
1.30637
1.30647
1.30656
1.30666
1.30676
1.30686
1.30696
1.30706
1.30716
1.30726
1.30736
1.30747
1.30757
1.30768
1.30779
1.30789
1.308
1.30811
1.30822
1.30833
1.30845
1.30856
1.30867
1.30879
1.30891
1.30902
1.30914
1.30926
1.30938
1.3095
1.30963
1.30975
1.30987
1.31
1.31012
1.31025
1.31038
1.31051
1.31064
1.31077
1.3109
1.31103
1.31117
1.3113
1.31144
1.31158
1.31171
1.31185
1.31199
1.31213
1.31227
1.31242
1.31256
1.3127
1.31285
1.313
1.31314
1.31329
1.31344
1.31359
1.31374
1.31389
1.31405
1.3142
1.31435
1.31451
1.31467
1.31482
1.31498
1.31514
1.3153
1.31546
1.31563
1.31579
1.31595
1.31612
1.31628
1.31645
1.31662
1.31679
1.31696
1.31713
1.3173
1.31747
1.31764
1.31782
1.31799
1.31817
1.31834
1.31852
1.3187
1.31888
1.31906
1.31924
1.31942
1.31961
1.31979
1.31998
1.32016
1.32035
1.32054
1.32072
1.32091
1.3211
1.3213
1.32149
1.32168
1.32187
1.32207
1.32226
1.32246
1.32266
1.32286
1.32306
1.32326
1.32346
1.32366
1.32386
1.32407
1.32427
1.32448
1.32468
1.32489
1.3251
1.32531
1.32552
1.32573
1.32594
1.32616
1.32637
1.32658
1.3268
1.32702
1.32723
1.32745
1.32767
1.32789
1.32811
1.32834
1.32856
1.32879
1.32901
1.32924
1.32946
1.32969
1.32992
1.33015
1.33038
1.33062
1.33085
1.33108
1.33132
1.33156
1.33179
1.33203
1.33227
1.33251
1.33275
1.33299
1.33324
1.33348
1.33373
1.33398
1.33422
1.33447
1.33472
1.33497
1.33523
1.33548
1.33573
1.33599
1.33625
1.3365
1.33676
1.33702
1.33728
1.33755
1.33781
1.33807
1.33834
1.33861
1.33887
1.33914
1.33941
1.33968
1.33996
1.34023
1.34051
1.34078
1.34106
1.34134
1.34162
1.3419
1.34218
1.34247
1.34275
1.34304
1.34332
1.34361
1.3439
1.34419
1.34449
1.34478
1.34507
1.34537
1.34567
1.34597
1.34627
1.34657
1.34687
1.34717
1.34748
1.34778
1.34809
1.3484
1.34871
1.34902
1.34933
1.34965
1.34996
1.35028
1.3506
1.35092
1.35124
1.35156
1.35188
1.35221
1.35253
1.35286
1.35319
1.35352
1.35385
1.35418
1.35451
1.35485
1.35518
1.35552
1.35586
1.3562
1.35654
1.35688
1.35723
1.35757
1.35792
1.35826
1.35861
1.35896
1.35931
1.35966
1.36002
1.36037
1.36073
1.36108
1.36144
1.3618
1.36216
1.36252
1.36289
1.36325
1.36362
1.36398
1.36435
1.36472
1.36509
1.36546
1.36583
1.3662
1.36658
1.36695
1.36733
1.3677
1.36808
1.36846
1.36884
1.36922
1.3696
1.36999
1.37037
1.37075
1.37114
1.37153
1.37191
1.3723
1.37269
1.37308
1.37347
1.37386
1.37425
1.37465
1.37504
1.37543
1.37583
1.37622
1.37662
1.37702
1.37742
1.37781
1.37821
1.37861
1.37901
1.37941
1.37981
1.38021
1.38062
1.38102
1.38142
1.38182
1.38223
1.38263
1.38304
1.38344
1.38385
1.38425
1.38466
1.38506
1.38547
1.38588
1.38628
1.38669
1.3871
1.3875
1.38791
1.38832
1.38872
1.38913
1.38954
1.38994
1.39035
1.39076
1.39116
1.39157
1.39198
1.39238
1.39279
1.3932
1.3936
1.39401
1.39441
1.39482
1.39522
1.39563
1.39603
1.39643
1.39684
1.39724
1.39764
1.39804
1.39844
1.39884
1.39924
1.39964
1.40004
1.40044
1.40084
1.40123
1.40163
1.40203
1.40242
1.40281
1.40321
1.4036
1.40399
1.40438
1.40477
1.40516
1.40555
1.40593
1.40632
1.4067
1.40709
1.40747
1.40785
1.40823
1.40861
1.40899
1.40937
1.40974
1.41012
1.41049
1.41086
1.41124
1.4116
1.41197
1.41234
1.41271
1.41307
1.41343
1.4138
1.41416
1.41452
1.41487
1.41523
1.41558
1.41594
1.41629
1.41664
1.41699
1.41733
1.41768
1.41802
1.41837
1.41871
1.41905
1.41938
1.41972
1.42005
1.42038
1.42071
1.42104
1.42137
1.4217
1.42202
1.42234
1.42266
1.42298
1.4233
1.42361
1.42392
1.42424
1.42454
1.42485
1.42516
1.42546
1.42576
1.42606
1.42636
1.42666
1.42695
1.42724
1.42753
1.42782
1.42811
1.42839
1.42867
1.42895
1.42923
1.42951
1.42978
1.43006
1.43033
1.43059
1.43086
1.43113
1.43139
1.43165
1.43191
1.43216
1.43242
1.43267
1.43292
1.43317
1.43341
1.43366
1.4339
1.43414
1.43438
1.43461
1.43485
1.43508
1.43531
1.43553
1.43576
1.43598
1.43621
1.43642
1.43664
1.43686
1.43707
1.43728
1.43749
1.4377
1.4379
1.43811
1.43831
1.43851
1.4387
1.4389
1.43909
1.43928
1.43947
1.43966
1.43984
1.44002
1.4402
1.44038
1.44056
1.44073
1.44091
1.44108
1.44125
1.44141
1.44158
1.44174
1.4419
1.44206
1.44222
1.44237
1.44253
1.44268
1.44283
1.44298
1.44312
1.44327
1.44341
1.44355
1.44369
1.44382
1.44396
1.44409
1.44422
1.44435
1.44448
1.4446
1.44473
1.44485
1.44497
1.44509
1.4452
1.44532
1.44543
1.44554
1.44565
1.44576
1.44587
1.44597
1.44607
1.44617
1.44627
1.44637
1.44647
1.44656
1.44666
1.44675
1.44684
1.44692
1.44701
1.4471
1.44718
1.44726
1.44734
1.44742
1.4475
1.44757
1.44765
1.44772
1.44779
1.44786
1.44793
1.448
1.44807
1.44813
1.44819
1.44825
1.44831
1.44837
1.44843
1.44849
1.44854
1.4486
1.44865
1.4487
1.44875
1.4488
1.44884
1.44889
1.44894
1.44898
1.44902
1.44906
1.4491
1.44914
1.44918
1.44922
1.44925
1.44929
1.44932
1.44935
1.44938
1.44941
1.44944
1.44947
1.4495
1.44952
1.44955
1.44957
1.4496
1.44962
1.44964
1.44966
1.44968
1.4497
1.44971
1.44973
1.44975
1.44976
1.44978
1.44979
1.4498
1.44981
1.44982
1.44984
1.44984
1.44985
1.44986
1.44987
1.44988
1.44988
1.44989
1.44989
1.44989
1.4499
1.4499
1.4499
1.4499
1.4499
1.4499
1.4499
1.4499
1.4499
1.4499
1.4499
1.44989
1.44989
1.44989
1.44988
1.44988
1.44987
1.44987
1.44986
1.44985
1.44985
1.44984
1.44983
1.44983
1.44982
1.44981
1.4498
1.44979
1.44978
1.44977
1.44976
1.44975
1.44974
1.44973
1.44972
1.44971
1.44969
1.44968
1.44967
1.44966
1.44965
1.44963
1.44962
1.44961
1.4496
1.44958
1.44957
1.44956
1.44954
1.44953
1.44952
1.4495
1.44949
1.44948
1.44946
1.44945
1.44944
1.44942
1.44941
1.4494
1.44938
1.44937
1.44936
1.44934
1.44933
1.44932
1.4493
1.44929
1.44928
1.44927
1.44925
1.44924
1.44923
1.44922
1.4492
1.44919
1.44918
1.44917
1.44916
1.44914
1.44913
1.44912
1.44911
1.4491
1.44909
1.44908
1.44907
1.44906
1.44905
1.44904
1.44903
1.44902
1.44901
1.449
1.44899
1.44899
1.44898
1.44897
1.44896
1.44896
1.44895
1.44894
1.44893
1.44893
1.44892
1.44892
1.44891
1.4489
1.4489
1.44889
1.44889
1.44889
1.44888
1.44888
1.44887
1.44887
1.44887
1.44886
1.44886
1.44886
1.44886
1.44885
1.44885
1.44885
1.44885
1.44885
1.44885
1.44885
1.44885
1.44885
1.44885
1.44885
1.44885
1.44885
1.44885
1.44885
1.44885
1.44886
1.44886
1.44886
1.44886
1.44886
1.44887
1.44887
1.44887
1.44888
1.44888
1.44888
1.44889
1.44889
1.4489
1.4489
1.44891
1.44891
1.44892
1.44892
1.44893
1.44893
1.44894
1.44894
1.44895
1.44895
1.44896
1.44896
1.44897
1.44898
1.44898
1.44899
1.449
1.449
1.44901
1.44902
1.44902
1.44903
1.44904
1.44904
1.44905
1.44906
1.44906
1.44907
1.44908
1.44908
1.44909
1.4491
1.44911
1.44911
1.44912
1.44913
1.44913
1.44914
1.44915
1.44915
1.44916
1.44917
1.44918
1.44918
1.44919
1.4492
1.4492
1.44921
1.44922
1.44922
1.44923
1.44923
1.44924
1.44925
1.44925
1.44926
1.44926
1.44927
1.44927
1.44928
1.44929
1.44929
1.4493
1.4493
1.44931
1.44931
1.44931
1.44932
1.44932
1.44933
1.44933
1.44934
1.44934
1.44934
1.44935
1.44935
1.44935
1.44936
1.44936
1.44936
1.44936
1.44937
1.44937
1.44937
1.44937
1.44937
1.44938
1.44938
1.44938
1.44938
1.44938
1.44938
1.44938
1.44938
1.44938
1.44938
1.44938
1.44938
1.44938
1.44938
1.44938
1.44938
1.44938
1.44938
1.44938
1.44938
1.44937
1.44937
1.44937
1.44937
1.44937
1.44937
1.44936
1.44936
1.44936
1.44936
1.44935
1.44935
1.44935
1.44934
1.44934
1.44934
1.44933
1.44933
1.44933
1.44932
1.44932
1.44932
1.44931
1.44931
1.4493
1.4493
1.4493
1.44929
1.44929
1.44928
1.44928
1.44927
1.44927
1.44926
1.44926
1.44925
1.44925
1.44925
1.44924
1.44924
1.44923
1.44923
1.44922
1.44922
1.44921
1.44921
1.4492
1.4492
1.44919
1.44919
1.44918
1.44918
1.44917
1.44917
1.44916
1.44916
1.44915
1.44915
1.44914
1.44914
1.44913
1.44913
1.44913
1.44912
1.44912
1.44911
1.44911
1.4491
1.4491
1.4491
1.44909
1.44909
1.44908
1.44908
1.44908
1.44907
1.44907
1.44907
1.44906
1.44906
1.44906
1.44905
1.44905
1.44905
1.44905
1.44904
1.44904
1.44904
1.44904
1.44903
1.44903
1.44903
1.44903
1.44903
1.44903
1.44902
1.44902
1.44902
1.44902
1.44902
1.44902
1.44902
1.44902
1.44902
1.44901
1.44901
1.44901
1.44901
1.44901
1.44901
1.44901
1.44901
1.44901
1.44902
1.44902
1.44902
1.44902
1.44902
1.44902
1.44902
1.44902
1.44902
1.44902
1.44903
1.44903
1.44903
1.44903
1.44903
1.44904
1.44904
1.44904
1.44904
1.44904
1.44905
1.44905
1.44905
1.44905
1.44906
1.44906
1.44906
1.44907
1.44907
1.44907
1.44908
1.44908
1.44908
1.44909
1.44909
1.44909
1.4491
1.4491
1.4491
1.44911
1.44911
1.44912
1.44912
1.44912
1.44913
1.44913
1.44914
1.44914
1.44914
1.44915
1.44915
1.44916
1.44916
1.44917
1.44917
1.44918
1.44918
1.44919
1.44919
1.4492
1.4492
1.44921
1.44921
1.44922
1.44922
1.44923
1.44923
1.44924
1.44924
1.44925
1.44925
1.44926
1.44926
1.44927
1.44927
1.44928
1.44929
1.44929
1.4493
1.4493
1.44931
1.44932
1.44932
1.44933
1.44933
1.44934
1.44935
1.44935
1.44936
1.44937
1.44937
1.44938
1.44939
1.44939
1.4494
1.44941
1.44942
1.44942
1.44943
1.44944
1.44945
1.44946
1.44947
1.44947
1.44948
1.44949
1.4495
1.44951
1.44952
1.44953
1.44954
1.44955
1.44956
1.44957
1.44958
1.44959
1.4496
1.44961
1.44962
1.44964
1.44965
1.44966
1.44967
1.44969
1.4497
1.44971
1.44973
1.44974
1.44975
1.44977
1.44978
1.4498
1.44981
1.44983
1.44985
1.44986
1.44988
1.4499
1.44992
1.44993
1.44995
1.44997
1.44999
1.45001
1.45003
1.45005
1.45007
1.4501
1.45012
1.45014
1.45016
1.45019
1.45021
1.45024
1.45026
1.45029
1.45031
1.45034
1.45037
1.4504
1.45042
1.45045
1.45048
1.45051
1.45054
1.45058
1.45061
1.45064
1.45067
1.45071
1.45074
1.45078
1.45081
1.45085
1.45089
1.45092
1.45096
1.451
1.45104
1.45108
1.45112
1.45116
1.45121
1.45125
1.45129
1.45134
1.45138
1.45143
1.45148
1.45153
1.45157
1.45162
1.45167
1.45172
1.45177
1.45183
1.45188
1.45193
1.45199
1.45204
1.4521
1.45216
1.45222
1.45227
1.45233
1.45239
1.45245
1.45252
1.45258
1.45264
1.45271
1.45277
1.45284
1.4529
1.45297
1.45304
1.45311
1.45318
1.45325
1.45332
1.45339
1.45347
1.45354
1.45362
1.45369
1.45377
1.45385
1.45392
1.454
1.45408
1.45416
1.45425
1.45433
1.45441
1.4545
1.45458
1.45467
1.45475
1.45484
1.45493
1.45502
1.45511
1.4552
1.45529
1.45538
1.45547
1.45556
1.45566
1.45575
1.45585
1.45595
1.45604
1.45614
1.45624
1.45634
1.45644
1.45654
1.45664
1.45674
1.45685
1.45695
1.45705
1.45716
1.45727
1.45737
1.45748
1.45759
1.4577
1.4578
1.45791
1.45802
1.45814
1.45825
1.45836
1.45847
1.45859
1.4587
1.45881
1.45893
1.45905
1.45916
1.45928
1.4594
1.45952
1.45963
1.45975
1.45987
1.45999
1.46011
1.46024
1.46036
1.46048
1.4606
1.46073
1.46085
1.46098
1.4611
1.46123
1.46135
1.46148
1.4616
1.46173
1.46186
1.46199
1.46212
1.46224
1.46237
1.4625
1.46263
1.46276
1.46289
1.46303
1.46316
1.46329
1.46342
1.46355
1.46369
1.46382
1.46395
1.46409
1.46422
1.46436
1.46449
1.46463
1.46476
1.4649
1.46503
1.46517
1.46531
1.46544
1.46558
1.46572
1.46586
1.46599
1.46613
1.46627
1.46641
1.46655
1.46669
1.46683
1.46697
1.46711
1.46725
1.46739
1.46753
1.46767
1.46781
1.46795
1.46809
1.46823
1.46837
1.46852
1.46866
1.4688
1.46894
1.46908
1.46923
1.46937
1.46951
1.46965
1.4698
1.46994
1.47008
1.47023
1.47037
1.47051
1.47066
1.4708
1.47095
1.47109
1.47123
1.47138
1.47152
1.47167
1.47181
1.47196
1.4721
1.47225
1.47239
1.47254
1.47268
1.47283
1.47297
1.47312
1.47326
1.47341
1.47355
1.4737
1.47384
1.47399
1.47413
1.47428
1.47442
1.47457
1.47471
1.47486
1.475
1.47515
1.47529
1.47544
1.47558
1.47573
1.47588
1.47602
1.47617
1.47631
1.47646
1.4766
1.47675
1.47689
1.47703
1.47718
1.47732
1.47747
1.47761
1.47776
1.4779
1.47804
1.47819
1.47833
1.47848
1.47862
1.47876
1.47891
1.47905
1.47919
1.47933
1.47948
1.47962
1.47976
1.4799
1.48004
1.48018
1.48033
1.48047
1.48061
1.48075
1.48089
1.48103
1.48117
1.48131
1.48144
1.48158
1.48172
1.48186
1.482
1.48213
1.48227
1.48241
1.48254
1.48268
1.48281
1.48295
1.48308
1.48322
1.48335
1.48348
1.48361
1.48375
1.48388
1.48401
1.48414
1.48427
1.4844
1.48453
1.48466
1.48479
1.48491
1.48504
1.48517
1.48529
1.48542
1.48554
1.48566
1.48579
1.48591
1.48603
1.48615
1.48627
1.48639
1.48651
1.48663
1.48675
1.48686
1.48698
1.48709
1.48721
1.48732
1.48744
1.48755
1.48766
1.48777
1.48788
1.48799
1.4881
1.4882
1.48831
1.48841
1.48852
1.48862
1.48872
1.48883
1.48893
1.48903
1.48912
1.48922
1.48932
1.48942
1.48951
1.4896
1.4897
1.48979
1.48988
1.48997
1.49006
1.49015
1.49023
1.49032
1.4904
1.49049
1.49057
1.49065
1.49073
1.49081
1.49089
1.49097
1.49104
1.49112
1.49119
1.49127
1.49134
1.49141
1.49148
1.49155
1.49161
1.49168
1.49174
1.49181
1.49187
1.49193
1.49199
1.49205
1.49211
1.49217
1.49222
1.49228
1.49233
1.49239
1.49244
1.49249
1.49254
1.49259
1.49263
1.49268
1.49272
1.49277
1.49281
1.49285
1.49289
1.49293
1.49297
1.49301
1.49304
1.49308
1.49311
1.49315
1.49318
1.49321
1.49324
1.49327
1.4933
1.49333
1.49335
1.49338
1.4934
1.49342
1.49345
1.49347
1.49349
1.49351
1.49353
1.49354
1.49356
1.49358
1.49359
1.49361
1.49362
1.49363
1.49364
1.49366
1.49367
1.49367
1.49368
1.49369
1.4937
1.4937
1.49371
1.49372
1.49372
1.49372
1.49373
1.49373
1.49373
1.49373
1.49373
1.49373
1.49373
1.49373
1.49373
1.49373
1.49372
1.49372
1.49372
1.49371
1.49371
1.4937
1.4937
1.49369
1.49368
1.49368
1.49367
1.49366
1.49366
1.49365
1.49364
1.49363
1.49362
1.49361
1.4936
1.49359
1.49359
1.49358
1.49357
1.49355
1.49354
1.49353
1.49352
1.49351
1.4935
1.49349
1.49348
1.49347
1.49346
1.49345
1.49344
1.49342
1.49341
1.4934
1.49339
1.49338
1.49337
1.49336
1.49335
1.49334
1.49333
1.49332
1.49331
1.4933
1.49329
1.49328
1.49327
1.49326
1.49325
1.49324
1.49323
1.49322
1.49322
1.49321
1.4932
1.49319
1.49318
1.49318
1.49317
1.49316
1.49316
1.49315
1.49315
1.49314
1.49314
1.49313
1.49313
1.49312
1.49312
1.49312
1.49311
1.49311
1.49311
1.4931
1.4931
1.4931
1.4931
1.4931
1.4931
1.4931
1.4931
1.4931
1.4931
1.4931
1.4931
1.4931
1.49311
1.49311
1.49311
1.49312
1.49312
1.49312
1.49313
1.49313
1.49314
1.49314
1.49315
1.49315
1.49316
1.49316
1.49317
1.49318
1.49318
1.49319
1.4932
1.49321
1.49321
1.49322
1.49323
1.49324
1.49325
1.49326
1.49327
1.49328
1.49329
1.4933
1.49331
1.49332
1.49333
1.49334
1.49335
1.49336
1.49337
1.49338
1.49339
1.4934
1.49341
1.49343
1.49344
1.49345
1.49346
1.49347
1.49348
1.4935
1.49351
1.49352
1.49353
1.49354
1.49355
1.49356
1.49358
1.49359
1.4936
1.49361
1.49362
1.49363
1.49364
1.49365
1.49367
1.49368
1.49369
1.4937
1.49371
1.49372
1.49373
1.49374
1.49375
1.49376
1.49377
1.49377
1.49378
1.49379
1.4938
1.49381
1.49382
1.49382
1.49383
1.49384
1.49385
1.49385
1.49386
1.49387
1.49387
1.49388
1.49388
1.49389
1.49389
1.4939
1.4939
1.4939
1.49391
1.49391
1.49391
1.49392
1.49392
1.49392
1.49392
1.49392
1.49393
1.49393
1.49393
1.49393
1.49393
1.49393
1.49393
1.49392
1.49392
1.49392
1.49392
1.49392
1.49391
1.49391
1.49391
1.4939
1.4939
1.4939
1.49389
1.49389
1.49388
1.49388
1.49387
1.49386
1.49386
1.49385
1.49385
1.49384
1.49383
1.49382
1.49382
1.49381
1.4938
1.49379
1.49378
1.49377
1.49377
1.49376
1.49375
1.49374
1.49373
1.49372
1.49371
1.4937
1.49369
1.49368
1.49367
1.49366
1.49365
1.49364
1.49362
1.49361
1.4936
1.49359
1.49358
1.49357
1.49356
1.49355
1.49354
1.49352
1.49351
1.4935
1.49349
1.49348
1.49347
1.49346
1.49345
1.49344
1.49343
1.49341
1.4934
1.49339
1.49338
1.49337
1.49336
1.49335
1.49334
1.49333
1.49332
1.49332
1.49331
1.4933
1.49329
1.49328
1.49327
1.49326
1.49326
1.49325
1.49324
1.49323
1.49323
1.49322
1.49321
1.49321
1.4932
1.4932
1.49319
1.49319
1.49318
1.49318
1.49317
1.49317
1.49317
1.49317
1.49316
1.49316
1.49316
1.49316
1.49316
1.49316
1.49315
1.49315
1.49315
1.49316
1.49316
1.49316
1.49316
1.49316
1.49316
1.49317
1.49317
1.49317
1.49318
1.49318
1.49319
1.49319
1.4932
1.4932
1.49321
1.49321
1.49322
1.49323
1.49324
1.49324
1.49325
1.49326
1.49327
1.49328
1.49329
1.4933
1.49331
1.49332
1.49333
1.49334
1.49335
1.49336
1.49338
1.49339
1.4934
1.49341
1.49343
1.49344
1.49345
1.49347
1.49348
1.49349
1.49351
1.49352
1.49354
1.49355
1.49357
1.49358
1.4936
1.49361
1.49363
1.49364
1.49366
1.49368
1.49369
1.49371
1.49373
1.49374
1.49376
1.49378
1.49379
1.49381
1.49383
1.49384
1.49386
1.49388
1.49389
1.49391
1.49393
1.49394
1.49396
1.49398
1.49399
1.49401
1.49402
1.49404
1.49406
1.49407
1.49409
1.4941
1.49412
1.49413
1.49415
1.49416
1.49418
1.49419
1.49421
1.49422
1.49424
1.49425
1.49426
1.49428
1.49429
1.4943
1.49432
1.49433
1.49434
1.49435
1.49436
1.49438
1.49439
1.4944
1.49441
1.49442
1.49443
1.49444
1.49444
1.49445
1.49446
1.49447
1.49448
1.49448
1.49449
1.4945
1.4945
1.49451
1.49452
1.49452
1.49453
1.49453
1.49453
1.49454
1.49454
1.49454
1.49455
1.49455
1.49455
1.49455
1.49455
1.49455
1.49455
1.49455
1.49455
1.49455
1.49455
1.49455
1.49455
1.49454
1.49454
1.49454
1.49453
1.49453
1.49453
1.49452
1.49452
1.49451
1.49451
1.4945
1.49449
1.49449
1.49448
1.49447
1.49447
1.49446
1.49445
1.49444
1.49444
1.49443
1.49442
1.49441
1.4944
1.49439
1.49438
1.49437
1.49436
1.49435
1.49434
1.49433
1.49432
1.49431
1.4943
1.49428
1.49427
1.49426
1.49425
1.49424
1.49423
1.49422
1.4942
1.49419
1.49418
1.49417
1.49416
1.49414
1.49413
1.49412
1.49411
1.4941
1.49408
1.49407
1.49406
1.49405
1.49404
1.49403
1.49401
1.494
1.49399
1.49398
1.49397
1.49396
1.49395
1.49394
1.49393
1.49392
1.49391
1.4939
1.49389
1.49388
1.49387
1.49386
1.49385
1.49384
1.49383
1.49382
1.49382
1.49381
1.4938
1.49379
1.49379
1.49378
1.49377
1.49377
1.49376
1.49376
1.49375
1.49375
1.49374
1.49374
1.49374
1.49373
1.49373
1.49373
1.49373
1.49372
1.49372
1.49372
1.49372
1.49372
1.49372
1.49372
1.49372
1.49372
1.49372
1.49372
1.49373
1.49373
1.49373
1.49373
1.49374
1.49374
1.49374
1.49375
1.49375
1.49376
1.49376
1.49377
1.49378
1.49378
1.49379
1.4938
1.4938
1.49381
1.49382
1.49383
1.49383
1.49384
1.49385
1.49386
1.49387
1.49388
1.49389
1.4939
1.49391
1.49392
1.49393
1.49395
1.49396
1.49397
1.49398
1.49399
1.494
1.49402
1.49403
1.49404
1.49405
1.49407
1.49408
1.49409
1.49411
1.49412
1.49413
1.49415
1.49416
1.49417
1.49419
1.4942
1.49421
1.49423
1.49424
1.49426
1.49427
1.49428
1.4943
1.49431
1.49432
1.49434
1.49435
1.49436
1.49438
1.49439
1.4944
1.49441
1.49443
1.49444
1.49445
1.49446
1.49448
1.49449
1.4945
1.49451
1.49452
1.49453
1.49454
1.49455
1.49456
1.49457
1.49458
1.49459
1.4946
1.49461
1.49462
1.49463
1.49463
1.49464
1.49465
1.49466
1.49466
1.49467
1.49467
1.49468
1.49468
1.49469
1.49469
1.4947
1.4947
1.49471
1.49471
1.49471
1.49471
1.49472
1.49472
1.49472
1.49472
1.49472
1.49472
1.49472
1.49472
1.49472
1.49472
1.49471
1.49471
1.49471
1.4947
1.4947
1.4947
1.49469
1.49469
1.49468
1.49468
1.49467
1.49467
1.49466
1.49465
1.49465
1.49464
1.49463
1.49462
1.49461
1.4946
1.4946
1.49459
1.49458
1.49457
1.49456
1.49454
1.49453
1.49452
1.49451
1.4945
1.49449
1.49447
1.49446
1.49445
1.49444
1.49442
1.49441
1.4944
1.49438
1.49437
1.49436
1.49434
1.49433
1.49431
1.4943
1.49428
1.49427
1.49425
1.49424
1.49422
1.49421
1.49419
1.49418
1.49416
1.49415
1.49413
1.49412
1.4941
1.49409
1.49407
1.49406
1.49404
1.49403
1.49402
1.494
1.49399
1.49397
1.49396
1.49394
1.49393
1.49392
1.4939
1.49389
1.49388
1.49386
1.49385
1.49384
1.49383
1.49382
1.4938
1.49379
1.49378
1.49377
1.49376
1.49375
1.49374
1.49373
1.49372
1.49371
1.4937
1.4937
1.49369
1.49368
1.49367
1.49367
1.49366
1.49365
1.49365
1.49364
1.49364
1.49363
1.49363
1.49363
1.49362
1.49362
1.49362
1.49362
1.49361
1.49361
1.49361
1.49361
1.49361
1.49361
1.49361
1.49362
1.49362
1.49362
1.49362
1.49363
1.49363
1.49363
1.49364
1.49364
1.49365
1.49365
1.49366
1.49367
1.49367
1.49368
1.49369
1.4937
1.49371
1.49371
1.49372
1.49373
1.49374
1.49375
1.49376
1.49378
1.49379
1.4938
1.49381
1.49382
1.49384
1.49385
1.49386
1.49388
1.49389
1.4939
1.49392
1.49393
1.49395
1.49396
1.49398
1.49399
1.49401
1.49402
1.49404
1.49406
1.49407
1.49409
1.4941
1.49412
1.49414
1.49415
1.49417
1.49419
1.4942
1.49422
1.49424
1.49425
1.49427
1.49429
1.49431
1.49432
1.49434
1.49436
1.49437
1.49439
1.4944
1.49442
1.49444
1.49445
1.49447
1.49448
1.4945
1.49452
1.49453
1.49454
1.49456
1.49457
1.49459
1.4946
1.49462
1.49463
1.49464
1.49465
1.49467
1.49468
1.49469
1.4947
1.49471
1.49472
1.49473
1.49474
1.49475
1.49476
1.49477
1.49478
1.49479
1.4948
1.4948
1.49481
1.49482
1.49482
1.49483
1.49483
1.49484
1.49484
1.49484
1.49485
1.49485
1.49485
1.49485
1.49485
1.49486
1.49486
1.49486
1.49485
1.49485
1.49485
1.49485
1.49485
1.49484
1.49484
1.49484
1.49483
1.49483
1.49482
1.49481
1.49481
1.4948
1.49479
1.49478
1.49478
1.49477
1.49476
1.49475
1.49474
1.49473
1.49472
1.4947
1.49469
1.49468
1.49467
1.49466
1.49464
1.49463
1.49461
1.4946
1.49458
1.49457
1.49455
1.49454
1.49452
1.49451
1.49449
1.49447
1.49446
1.49444
1.49442
1.4944
1.49439
1.49437
1.49435
1.49433
1.49431
1.49429
1.49427
1.49426
1.49424
1.49422
1.4942
1.49418
1.49416
1.49414
1.49412
1.4941
1.49408
1.49406
1.49404
1.49403
1.49401
1.49399
1.49397
1.49395
1.49393
1.49391
1.4939
1.49388
1.49386
1.49384
1.49382
1.49381
1.49379
1.49377
1.49376
1.49374
1.49372
1.49371
1.49369
1.49368
1.49366
1.49365
1.49364
1.49362
1.49361
1.4936
1.49359
