-1.1651
-1.1651
-1.16511
-1.16511
-1.16512
-1.16512
-1.16513
-1.16514
-1.16514
-1.16515
-1.16516
-1.16516
-1.16517
-1.16517
-1.16518
-1.16519
-1.16519
-1.1652
-1.16521
-1.16521
-1.16522
-1.16522
-1.16523
-1.16524
-1.16524
-1.16525
-1.16525
-1.16526
-1.16527
-1.16527
-1.16528
-1.16528
-1.16529
-1.1653
-1.1653
-1.16531
-1.16531
-1.16532
-1.16533
-1.16533
-1.16534
-1.16534
-1.16535
-1.16535
-1.16536
-1.16537
-1.16537
-1.16538
-1.16538
-1.16539
-1.16539
-1.1654
-1.1654
-1.16541
-1.16542
-1.16542
-1.16543
-1.16543
-1.16544
-1.16544
-1.16545
-1.16545
-1.16546
-1.16546
-1.16547
-1.16547
-1.16548
-1.16548
-1.16549
-1.16549
-1.1655
-1.1655
-1.16551
-1.16551
-1.16552
-1.16552
-1.16552
-1.16553
-1.16553
-1.16554
-1.16554
-1.16555
-1.16555
-1.16556
-1.16556
-1.16556
-1.16557
-1.16557
-1.16558
-1.16558
-1.16558
-1.16559
-1.16559
-1.16559
-1.1656
-1.1656
-1.1656
-1.16561
-1.16561
-1.16562
-1.16562
-1.16562
-1.16562
-1.16563
-1.16563
-1.16563
-1.16564
-1.16564
-1.16564
-1.16565
-1.16565
-1.16565
-1.16565
-1.16566
-1.16566
-1.16566
-1.16566
-1.16567
-1.16567
-1.16567
-1.16567
-1.16567
-1.16568
-1.16568
-1.16568
-1.16568
-1.16568
-1.16568
-1.16569
-1.16569
-1.16569
-1.16569
-1.16569
-1.16569
-1.16569
-1.1657
-1.1657
-1.1657
-1.1657
-1.1657
-1.1657
-1.1657
-1.1657
-1.1657
-1.1657
-1.1657
-1.1657
-1.1657
-1.1657
-1.1657
-1.1657
-1.1657
-1.1657
-1.1657
-1.1657
-1.1657
-1.1657
-1.1657
-1.1657
-1.1657
-1.1657
-1.1657
-1.1657
-1.1657
-1.1657
-1.1657
-1.1657
-1.16569
-1.16569
-1.16569
-1.16569
-1.16569
-1.16569
-1.16569
-1.16568
-1.16568
-1.16568
-1.16568
-1.16568
-1.16568
-1.16567
-1.16567
-1.16567
-1.16567
-1.16567
-1.16566
-1.16566
-1.16566
-1.16566
-1.16565
-1.16565
-1.16565
-1.16565
-1.16564
-1.16564
-1.16564
-1.16563
-1.16563
-1.16563
-1.16562
-1.16562
-1.16562
-1.16561
-1.16561
-1.16561
-1.1656
-1.1656
-1.1656
-1.16559
-1.16559
-1.16559
-1.16558
-1.16558
-1.16557
-1.16557
-1.16557
-1.16556
-1.16556
-1.16555
-1.16555
-1.16554
-1.16554
-1.16554
-1.16553
-1.16553
-1.16552
-1.16552
-1.16551
-1.16551
-1.1655
-1.1655
-1.16549
-1.16549
-1.16548
-1.16548
-1.16547
-1.16547
-1.16546
-1.16546
-1.16545
-1.16545
-1.16544
-1.16544
-1.16543
-1.16542
-1.16542
-1.16541
-1.16541
-1.1654
-1.1654
-1.16539
-1.16539
-1.16538
-1.16537
-1.16537
-1.16536
-1.16536
-1.16535
-1.16534
-1.16534
-1.16533
-1.16533
-1.16532
-1.16531
-1.16531
-1.1653
-1.16529
-1.16529
-1.16528
-1.16528
-1.16527
-1.16526
-1.16526
-1.16525
-1.16524
-1.16524
-1.16523
-1.16522
-1.16522
-1.16521
-1.16521
-1.1652
-1.16519
-1.16519
-1.16518
-1.16517
-1.16517
-1.16516
-1.16515
-1.16515
-1.16514
-1.16513
-1.16513
-1.16512
-1.16511
-1.16511
-1.1651
-1.16509
-1.16509
-1.16508
-1.16507
-1.16507
-1.16506
-1.16505
-1.16505
-1.16504
-1.16503
-1.16503
-1.16502
-1.16501
-1.16501
-1.165
-1.16499
-1.16499
-1.16498
-1.16497
-1.16497
-1.16496
-1.16495
-1.16495
-1.16494
-1.16493
-1.16493
-1.16492
-1.16491
-1.16491
-1.1649
-1.16489
-1.16489
-1.16488
-1.16488
-1.16487
-1.16486
-1.16486
-1.16485
-1.16484
-1.16484
-1.16483
-1.16483
-1.16482
-1.16481
-1.16481
-1.1648
-1.16479
-1.16479
-1.16478
-1.16478
-1.16477
-1.16477
-1.16476
-1.16475
-1.16475
-1.16474
-1.16474
-1.16473
-1.16473
-1.16472
-1.16471
-1.16471
-1.1647
-1.1647
-1.16469
-1.16469
-1.16468
-1.16468
-1.16467
-1.16467
-1.16466
-1.16466
-1.16465
-1.16465
-1.16464
-1.16464
-1.16463
-1.16463
-1.16462
-1.16462
-1.16461
-1.16461
-1.1646
-1.1646
-1.16459
-1.16459
-1.16459
-1.16458
-1.16458
-1.16457
-1.16457
-1.16457
-1.16456
-1.16456
-1.16455
-1.16455
-1.16455
-1.16454
-1.16454
-1.16454
-1.16453
-1.16453
-1.16453
-1.16452
-1.16452
-1.16452
-1.16451
-1.16451
-1.16451
-1.1645
-1.1645
-1.1645
-1.1645
-1.16449
-1.16449
-1.16449
-1.16449
-1.16448
-1.16448
-1.16448
-1.16448
-1.16447
-1.16447
-1.16447
-1.16447
-1.16447
-1.16447
-1.16446
-1.16446
-1.16446
-1.16446
-1.16446
-1.16446
-1.16446
-1.16445
-1.16445
-1.16445
-1.16445
-1.16445
-1.16445
-1.16445
-1.16445
-1.16445
-1.16445
-1.16445
-1.16445
-1.16445
-1.16445
-1.16445
-1.16445
-1.16445
-1.16445
-1.16445
-1.16445
-1.16445
-1.16445
-1.16445
-1.16445
-1.16445
-1.16445
-1.16445
-1.16445
-1.16445
-1.16445
-1.16445
-1.16446
-1.16446
-1.16446
-1.16446
-1.16446
-1.16446
-1.16446
-1.16447
-1.16447
-1.16447
-1.16447
-1.16447
-1.16447
-1.16448
-1.16448
-1.16448
-1.16448
-1.16449
-1.16449
-1.16449
-1.16449
-1.1645
-1.1645
-1.1645
-1.1645
-1.16451
-1.16451
-1.16451
-1.16452
-1.16452
-1.16452
-1.16453
-1.16453
-1.16453
-1.16454
-1.16454
-1.16454
-1.16455
-1.16455
-1.16456
-1.16456
-1.16456
-1.16457
-1.16457
-1.16458
-1.16458
-1.16458
-1.16459
-1.16459
-1.1646
-1.1646
-1.16461
-1.16461
-1.16462
-1.16462
-1.16463
-1.16463
-1.16464
-1.16464
-1.16465
-1.16465
-1.16466
-1.16466
-1.16467
-1.16467
-1.16468
-1.16468
-1.16469
-1.16469
-1.1647
-1.1647
-1.16471
-1.16472
-1.16472
-1.16473
-1.16473
-1.16474
-1.16475
-1.16475
-1.16476
-1.16476
-1.16477
-1.16478
-1.16478
-1.16479
-1.16479
-1.1648
-1.16481
-1.16481
-1.16482
-1.16483
-1.16483
-1.16484
-1.16485
-1.16485
-1.16486
-1.16487
-1.16487
-1.16488
-1.16489
-1.16489
-1.1649
-1.16491
-1.16491
-1.16492
-1.16493
-1.16493
-1.16494
-1.16495
-1.16495
-1.16496
-1.16497
-1.16498
-1.16498
-1.16499
-1.165
-1.165
-1.16501
-1.16502
-1.16502
-1.16503
-1.16504
-1.16505
-1.16505
-1.16506
-1.16507
-1.16508
-1.16508
-1.16509
-1.1651
-1.1651
-1.16511
-1.16512
-1.16513
-1.16513
-1.16514
-1.16515
-1.16515
-1.16516
-1.16517
-1.16518
-1.16518
-1.16519
-1.1652
-1.16521
-1.16521
-1.16522
-1.16523
-1.16523
-1.16524
-1.16525
-1.16526
-1.16526
-1.16527
-1.16528
-1.16528
-1.16529
-1.1653
-1.16531
-1.16531
-1.16532
-1.16533
-1.16533
-1.16534
-1.16535
-1.16535
-1.16536
-1.16537
-1.16537
-1.16538
-1.16539
-1.16539
-1.1654
-1.16541
-1.16541
-1.16542
-1.16543
-1.16543
-1.16544
-1.16545
-1.16545
-1.16546
-1.16547
-1.16547
-1.16548
-1.16548
-1.16549
-1.1655
-1.1655
-1.16551
-1.16552
-1.16552
-1.16553
-1.16553
-1.16554
-1.16554
-1.16555
-1.16556
-1.16556
-1.16557
-1.16557
-1.16558
-1.16558
-1.16559
-1.16559
-1.1656
-1.1656
-1.16561
-1.16562
-1.16562
-1.16563
-1.16563
-1.16563
-1.16564
-1.16564
-1.16565
-1.16565
-1.16566
-1.16566
-1.16567
-1.16567
-1.16568
-1.16568
-1.16568
-1.16569
-1.16569
-1.1657
-1.1657
-1.16571
-1.16571
-1.16571
-1.16572
-1.16572
-1.16572
-1.16573
-1.16573
-1.16573
-1.16574
-1.16574
-1.16574
-1.16575
-1.16575
-1.16575
-1.16576
-1.16576
-1.16576
-1.16576
-1.16577
-1.16577
-1.16577
-1.16577
-1.16578
-1.16578
-1.16578
-1.16578
-1.16578
-1.16579
-1.16579
-1.16579
-1.16579
-1.16579
-1.16579
-1.1658
-1.1658
-1.1658
-1.1658
-1.1658
-1.1658
-1.1658
-1.1658
-1.1658
-1.1658
-1.16581
-1.16581
-1.16581
-1.16581
-1.16581
-1.16581
-1.16581
-1.16581
-1.16581
-1.16581
-1.16581
-1.16581
-1.16581
-1.16581
-1.16581
-1.16581
-1.1658
-1.1658
-1.1658
-1.1658
-1.1658
-1.1658
-1.1658
-1.1658
-1.1658
-1.1658
-1.16579
-1.16579
-1.16579
-1.16579
-1.16579
-1.16579
-1.16578
-1.16578
-1.16578
-1.16578
-1.16577
-1.16577
-1.16577
-1.16577
-1.16577
-1.16576
-1.16576
-1.16576
-1.16575
-1.16575
-1.16575
-1.16575
-1.16574
-1.16574
-1.16574
-1.16573
-1.16573
-1.16573
-1.16572
-1.16572
-1.16571
-1.16571
-1.16571
-1.1657
-1.1657
-1.16569
-1.16569
-1.16569
-1.16568
-1.16568
-1.16567
-1.16567
-1.16566
-1.16566
-1.16565
-1.16565
-1.16565
-1.16564
-1.16564
-1.16563
-1.16563
-1.16562
-1.16562
-1.16561
-1.1656
-1.1656
-1.16559
-1.16559
-1.16558
-1.16558
-1.16557
-1.16557
-1.16556
-1.16555
-1.16555
-1.16554
-1.16554
-1.16553
-1.16552
-1.16552
-1.16551
-1.16551
-1.1655
-1.16549
-1.16549
-1.16548
-1.16547
-1.16547
-1.16546
-1.16545
-1.16545
-1.16544
-1.16543
-1.16543
-1.16542
-1.16541
-1.16541
-1.1654
-1.16539
-1.16539
-1.16538
-1.16537
-1.16536
-1.16536
-1.16535
-1.16534
-1.16534
-1.16533
-1.16532
-1.16531
-1.16531
-1.1653
-1.16529
-1.16528
-1.16528
-1.16527
-1.16526
-1.16525
-1.16525
-1.16524
-1.16523
-1.16522
-1.16522
-1.16521
-1.1652
-1.16519
-1.16518
-1.16518
-1.16517
-1.16516
-1.16515
-1.16515
-1.16514
-1.16513
-1.16512
-1.16511
-1.16511
-1.1651
-1.16509
-1.16508
-1.16508
-1.16507
-1.16506
-1.16505
-1.16504
-1.16504
-1.16503
-1.16502
-1.16501
-1.16501
-1.165
-1.16499
-1.16498
-1.16497
-1.16497
-1.16496
-1.16495
-1.16494
-1.16494
-1.16493
-1.16492
-1.16491
-1.16491
-1.1649
-1.16489
-1.16488
-1.16487
-1.16487
-1.16486
-1.16485
-1.16484
-1.16484
-1.16483
-1.16482
-1.16482
-1.16481
-1.1648
-1.16479
-1.16479
-1.16478
-1.16477
-1.16476
-1.16476
-1.16475
-1.16474
-1.16474
-1.16473
-1.16472
-1.16472
-1.16471
-1.1647
-1.1647
-1.16469
-1.16468
-1.16468
-1.16467
-1.16466
-1.16466
-1.16465
-1.16464
-1.16464
-1.16463
-1.16462
-1.16462
-1.16461
-1.16461
-1.1646
-1.16459
-1.16459
-1.16458
-1.16458
-1.16457
-1.16456
-1.16456
-1.16455
-1.16455
-1.16454
-1.16454
-1.16453
-1.16453
-1.16452
-1.16452
-1.16451
-1.16451
-1.1645
-1.1645
-1.16449
-1.16449
-1.16448
-1.16448
-1.16447
-1.16447
-1.16446
-1.16446
-1.16446
-1.16445
-1.16445
-1.16444
-1.16444
-1.16443
-1.16443
-1.16443
-1.16442
-1.16442
-1.16442
-1.16441
-1.16441
-1.16441
-1.1644
-1.1644
-1.1644
-1.16439
-1.16439
-1.16439
-1.16439
-1.16438
-1.16438
-1.16438
-1.16438
-1.16437
-1.16437
-1.16437
-1.16437
-1.16436
-1.16436
-1.16436
-1.16436
-1.16436
-1.16436
-1.16435
-1.16435
-1.16435
-1.16435
-1.16435
-1.16435
-1.16435
-1.16435
-1.16434
-1.16434
-1.16434
-1.16434
-1.16434
-1.16434
-1.16434
-1.16434
-1.16434
-1.16434
-1.16434
-1.16434
-1.16434
-1.16434
-1.16434
-1.16434
-1.16434
-1.16434
-1.16434
-1.16434
-1.16435
-1.16435
-1.16435
-1.16435
-1.16435
-1.16435
-1.16435
-1.16435
-1.16436
-1.16436
-1.16436
-1.16436
-1.16436
-1.16436
-1.16437
-1.16437
-1.16437
-1.16437
-1.16438
-1.16438
-1.16438
-1.16438
-1.16439
-1.16439
-1.16439
-1.16439
-1.1644
-1.1644
-1.1644
-1.16441
-1.16441
-1.16441
-1.16442
-1.16442
-1.16443
-1.16443
-1.16443
-1.16444
-1.16444
-1.16444
-1.16445
-1.16445
-1.16446
-1.16446
-1.16447
-1.16447
-1.16448
-1.16448
-1.16448
-1.16449
-1.16449
-1.1645
-1.1645
-1.16451
-1.16451
-1.16452
-1.16453
-1.16453
-1.16454
-1.16454
-1.16455
-1.16455
-1.16456
-1.16456
-1.16457
-1.16458
-1.16458
-1.16459
-1.16459
-1.1646
-1.16461
-1.16461
-1.16462
-1.16463
-1.16463
-1.16464
-1.16464
-1.16465
-1.16466
-1.16466
-1.16467
-1.16468
-1.16468
-1.16469
-1.1647
-1.16471
-1.16471
-1.16472
-1.16473
-1.16473
-1.16474
-1.16475
-1.16476
-1.16476
-1.16477
-1.16478
-1.16479
-1.16479
-1.1648
-1.16481
-1.16482
-1.16482
-1.16483
-1.16484
-1.16485
-1.16485
-1.16486
-1.16487
-1.16488
-1.16489
-1.16489
-1.1649
-1.16491
-1.16492
-1.16493
-1.16493
-1.16494
-1.16495
-1.16496
-1.16497
-1.16497
-1.16498
-1.16499
-1.165
-1.16501
-1.16501
-1.16502
-1.16503
-1.16504
-1.16505
-1.16506
-1.16506
-1.16507
-1.16508
-1.16509
-1.1651
-1.16511
-1.16511
-1.16512
-1.16513
-1.16514
-1.16515
-1.16516
-1.16516
-1.16517
-1.16518
-1.16519
-1.1652
-1.1652
-1.16521
-1.16522
-1.16523
-1.16524
-1.16525
-1.16525
-1.16526
-1.16527
-1.16528
-1.16529
-1.16529
-1.1653
-1.16531
-1.16532
-1.16533
-1.16533
-1.16534
-1.16535
-1.16536
-1.16537
-1.16537
-1.16538
-1.16539
-1.1654
-1.16541
-1.16541
-1.16542
-1.16543
-1.16544
-1.16544
-1.16545
-1.16546
-1.16547
-1.16547
-1.16548
-1.16549
-1.1655
-1.1655
-1.16551
-1.16552
-1.16552
-1.16553
-1.16554
-1.16554
-1.16555
-1.16556
-1.16557
-1.16557
-1.16558
-1.16559
-1.16559
-1.1656
-1.1656
-1.16561
-1.16562
-1.16562
-1.16563
-1.16564
-1.16564
-1.16565
-1.16565
-1.16566
-1.16567
-1.16567
-1.16568
-1.16568
-1.16569
-1.16569
-1.1657
-1.16571
-1.16571
-1.16572
-1.16572
-1.16573
-1.16573
-1.16574
-1.16574
-1.16575
-1.16575
-1.16576
-1.16576
-1.16577
-1.16577
-1.16577
-1.16578
-1.16578
-1.16579
-1.16579
-1.1658
-1.1658
-1.1658
-1.16581
-1.16581
-1.16581
-1.16582
-1.16582
-1.16582
-1.16583
-1.16583
-1.16583
-1.16584
-1.16584
-1.16584
-1.16585
-1.16585
-1.16585
-1.16585
-1.16586
-1.16586
-1.16586
-1.16586
-1.16586
-1.16587
-1.16587
-1.16587
-1.16587
-1.16587
-1.16588
-1.16588
-1.16588
-1.16588
-1.16588
-1.16588
-1.16588
-1.16588
-1.16589
-1.16589
-1.16589
-1.16589
-1.16589
-1.16589
-1.16589
-1.16589
-1.16589
-1.16589
-1.16589
-1.16589
-1.16589
-1.16589
-1.16589
-1.16589
-1.16589
-1.16589
-1.16589
-1.16588
-1.16588
-1.16588
-1.16588
-1.16588
-1.16588
-1.16588
-1.16588
-1.16587
-1.16587
-1.16587
-1.16587
-1.16587
-1.16587
-1.16586
-1.16586
-1.16586
-1.16586
-1.16585
-1.16585
-1.16585
-1.16585
-1.16584
-1.16584
-1.16584
-1.16583
-1.16583
-1.16583
-1.16582
-1.16582
-1.16582
-1.16581
-1.16581
-1.16581
-1.1658
-1.1658
-1.1658
-1.16579
-1.16579
-1.16578
-1.16578
-1.16577
-1.16577
-1.16577
-1.16576
-1.16576
-1.16575
-1.16575
-1.16574
-1.16574
-1.16573
-1.16573
-1.16572
-1.16572
-1.16571
-1.16571
-1.1657
-1.1657
-1.16569
-1.16568
-1.16568
-1.16567
-1.16567
-1.16566
-1.16566
-1.16565
-1.16564
-1.16564
-1.16563
-1.16562
-1.16562
-1.16561
-1.16561
-1.1656
-1.16559
-1.16559
-1.16558
-1.16557
-1.16557
-1.16556
-1.16555
-1.16555
-1.16554
-1.16553
-1.16552
-1.16552
-1.16551
-1.1655
-1.1655
-1.16549
-1.16548
-1.16547
-1.16547
-1.16546
-1.16545
-1.16544
-1.16544
-1.16543
-1.16542
-1.16541
-1.16541
-1.1654
-1.16539
-1.16538
-1.16537
-1.16537
-1.16536
-1.16535
-1.16534
-1.16534
-1.16533
-1.16532
-1.16531
-1.1653
-1.1653
-1.16529
-1.16528
-1.16527
-1.16526
-1.16525
-1.16525
-1.16524
-1.16523
-1.16522
-1.16521
-1.16521
-1.1652
-1.16519
-1.16518
-1.16517
-1.16516
-1.16516
-1.16515
-1.16514
-1.16513
-1.16512
-1.16511
-1.16511
-1.1651
-1.16509
-1.16508
-1.16507
-1.16507
-1.16506
-1.16505
-1.16504
-1.16503
-1.16502
-1.16502
-1.16501
-1.165
-1.16499
-1.16498
-1.16498
-1.16497
-1.16496
-1.16495
-1.16494
-1.16494
-1.16493
-1.16492
-1.16491
-1.1649
-1.1649
-1.16489
-1.16488
-1.16487
-1.16486
-1.16486
-1.16485
-1.16484
-1.16483
-1.16483
-1.16482
-1.16481
-1.1648
-1.1648
-1.16479
-1.16478
-1.16477
-1.16477
-1.16476
-1.16475
-1.16475
-1.16474
-1.16473
-1.16473
-1.16472
-1.16471
-1.1647
-1.1647
-1.16469
-1.16468
-1.16468
-1.16467
-1.16466
-1.16466
-1.16465
-1.16465
-1.16464
-1.16463
-1.16463
-1.16462
-1.16462
-1.16461
-1.1646
-1.1646
-1.16459
-1.16459
-1.16458
-1.16457
-1.16457
-1.16456
-1.16456
-1.16455
-1.16455
-1.16454
-1.16454
-1.16453
-1.16453
-1.16452
-1.16452
-1.16451
-1.16451
-1.1645
-1.1645
-1.1645
-1.16449
-1.16449
-1.16448
-1.16448
-1.16447
-1.16447
-1.16447
-1.16446
-1.16446
-1.16446
-1.16445
-1.16445
-1.16445
-1.16444
-1.16444
-1.16444
-1.16443
-1.16443
-1.16443
-1.16442
-1.16442
-1.16442
-1.16442
-1.16441
-1.16441
-1.16441
-1.16441
-1.1644
-1.1644
-1.1644
-1.1644
-1.1644
-1.16439
-1.16439
-1.16439
-1.16439
-1.16439
-1.16439
-1.16439
-1.16439
-1.16438
-1.16438
-1.16438
-1.16438
-1.16438
-1.16438
-1.16438
-1.16438
-1.16438
-1.16438
-1.16438
-1.16438
-1.16438
-1.16438
-1.16438
-1.16438
-1.16438
-1.16438
-1.16438
-1.16438
-1.16438
-1.16438
-1.16438
-1.16438
-1.16439
-1.16439
-1.16439
-1.16439
-1.16439
-1.16439
-1.16439
-1.1644
-1.1644
-1.1644
-1.1644
-1.1644
-1.1644
-1.16441
-1.16441
-1.16441
-1.16441
-1.16442
-1.16442
-1.16442
-1.16442
-1.16443
-1.16443
-1.16443
-1.16444
-1.16444
-1.16444
-1.16444
-1.16445
-1.16445
-1.16445
-1.16446
-1.16446
-1.16447
-1.16447
-1.16447
-1.16448
-1.16448
-1.16448
-1.16449
-1.16449
-1.1645
-1.1645
-1.16451
-1.16451
-1.16451
-1.16452
-1.16452
-1.16453
-1.16453
-1.16454
-1.16454
-1.16455
-1.16455
-1.16456
-1.16456
-1.16457
-1.16457
-1.16458
-1.16458
-1.16459
-1.16459
-1.1646
-1.1646
-1.16461
-1.16461
-1.16462
-1.16463
-1.16463
-1.16464
-1.16464
-1.16465
-1.16465
-1.16466
-1.16467
-1.16467
-1.16468
-1.16468
-1.16469
-1.1647
-1.1647
-1.16471
-1.16471
-1.16472
-1.16473
-1.16473
-1.16474
-1.16474
-1.16475
-1.16476
-1.16476
-1.16477
-1.16478
-1.16478
-1.16479
-1.1648
-1.1648
-1.16481
-1.16481
-1.16482
-1.16483
-1.16483
-1.16484
-1.16485
-1.16485
-1.16486
-1.16487
-1.16487
-1.16488
-1.16489
-1.16489
-1.1649
-1.16491
-1.16491
-1.16492
-1.16493
-1.16493
-1.16494
-1.16495
-1.16495
-1.16496
-1.16497
-1.16497
-1.16498
-1.16499
-1.16499
-1.165
-1.165
-1.16501
-1.16502
-1.16502
-1.16503
-1.16504
-1.16504
-1.16505
-1.16506
-1.16506
-1.16507
-1.16507
-1.16508
-1.16509
-1.16509
-1.1651
-1.16511
-1.16511
-1.16512
-1.16512
-1.16513
-1.16514
-1.16514
-1.16515
-1.16515
-1.16516
-1.16516
-1.16517
-1.16518
-1.16518
-1.16519
-1.16519
-1.1652
-1.1652
-1.16521
-1.16521
-1.16522
-1.16523
-1.16523
-1.16524
-1.16524
-1.16525
-1.16525
-1.16526
-1.16526
-1.16527
-1.16527
-1.16528
-1.16528
-1.16529
-1.16529
-1.16529
-1.1653
-1.1653
-1.16531
-1.16531
-1.16532
-1.16532
-1.16533
-1.16533
-1.16533
-1.16534
-1.16534
-1.16535
-1.16535
-1.16535
-1.16536
-1.16536
-1.16536
-1.16537
-1.16537
-1.16538
-1.16538
-1.16538
-1.16539
-1.16539
-1.16539
-1.16539
-1.1654
-1.1654
-1.1654
-1.16541
-1.16541
-1.16541
-1.16541
-1.16542
-1.16542
-1.16542
-1.16542
-1.16543
-1.16543
-1.16543
-1.16543
-1.16544
-1.16544
-1.16544
-1.16544
-1.16544
-1.16545
-1.16545
-1.16545
-1.16545
-1.16545
-1.16545
-1.16545
-1.16546
-1.16546
-1.16546
-1.16546
-1.16546
-1.16546
-1.16546
-1.16546
-1.16547
-1.16547
-1.16547
-1.16547
-1.16547
-1.16547
-1.16547
-1.16547
-1.16547
-1.16547
-1.16547
-1.16547
-1.16547
-1.16547
-1.16547
-1.16547
-1.16547
-1.16547
-1.16547
-1.16547
-1.16547
-1.16547
-1.16547
-1.16547
-1.16547
-1.16547
-1.16547
-1.16547
-1.16547
-1.16547
-1.16547
-1.16547
-1.16547
-1.16547
-1.16547
-1.16547
-1.16547
-1.16547
-1.16547
-1.16547
-1.16547
-1.16547
-1.16547
-1.16547
-1.16547
-1.16547
-1.16547
-1.16547
-1.16547
-1.16547
-1.16547
-1.16546
-1.16546
-1.16546
-1.16546
-1.16546
-1.16546
-1.16546
-1.16546
-1.16546
-1.16546
-1.16546
-1.16546
-1.16546
-1.16546
-1.16546
-1.16546
-1.16546
-1.16546
-1.16546
-1.16546
-1.16546
-1.16546
-1.16546
-1.16546
-1.16546
-1.16546
-1.16547
-1.16547
-1.16547
-1.16547
-1.16547
-1.16547
-1.16547
-1.16547
-1.16547
-1.16547
-1.16548
-1.16548
-1.16548
-1.16548
-1.16548
-1.16548
-1.16549
-1.16549
-1.16549
-1.16549
-1.1655
-1.1655
-1.1655
-1.1655
-1.16551
-1.16551
-1.16551
-1.16552
-1.16552
-1.16553
-1.16553
-1.16553
-1.16554
-1.16554
-1.16555
-1.16555
-1.16556
-1.16556
-1.16557
-1.16557
-1.16558
-1.16558
-1.16559
-1.1656
-1.1656
-1.16561
-1.16562
-1.16562
-1.16563
-1.16564
-1.16564
-1.16565
-1.16566
-1.16567
-1.16568
-1.16569
-1.1657
-1.1657
-1.16571
-1.16572
-1.16573
-1.16574
-1.16575
-1.16577
-1.16578
-1.16579
-1.1658
-1.16581
-1.16582
-1.16584
-1.16585
-1.16586
-1.16588
-1.16589
-1.1659
-1.16592
-1.16593
-1.16595
-1.16596
-1.16598
-1.16599
-1.16601
-1.16603
-1.16604
-1.16606
-1.16608
-1.1661
-1.16612
-1.16613
-1.16615
-1.16617
-1.16619
-1.16621
-1.16623
-1.16625
-1.16628
-1.1663
-1.16632
-1.16634
-1.16636
-1.16639
-1.16641
-1.16644
-1.16646
-1.16649
-1.16651
-1.16654
-1.16656
-1.16659
-1.16662
-1.16664
-1.16667
-1.1667
-1.16673
-1.16676
-1.16679
-1.16682
-1.16685
-1.16688
-1.16691
-1.16695
-1.16698
-1.16701
-1.16705
-1.16708
-1.16712
-1.16715
-1.16719
-1.16722
-1.16726
-1.1673
-1.16734
-1.16737
-1.16741
-1.16745
-1.16749
-1.16753
-1.16758
-1.16762
-1.16766
-1.1677
-1.16775
-1.16779
-1.16783
-1.16788
-1.16793
-1.16797
-1.16802
-1.16807
-1.16811
-1.16816
-1.16821
-1.16826
-1.16831
-1.16837
-1.16842
-1.16847
-1.16852
-1.16858
-1.16863
-1.16869
-1.16874
-1.1688
-1.16885
-1.16891
-1.16897
-1.16903
-1.16909
-1.16915
-1.16921
-1.16927
-1.16933
-1.1694
-1.16946
-1.16953
-1.16959
-1.16966
-1.16972
-1.16979
-1.16986
-1.16993
-1.17
-1.17007
-1.17014
-1.17021
-1.17028
-1.17035
-1.17043
-1.1705
-1.17058
-1.17065
-1.17073
-1.17081
-1.17088
-1.17096
-1.17104
-1.17112
-1.1712
-1.17128
-1.17137
-1.17145
-1.17153
-1.17162
-1.17171
-1.17179
-1.17188
-1.17197
-1.17206
-1.17214
-1.17224
-1.17233
-1.17242
-1.17251
-1.1726
-1.1727
-1.17279
-1.17289
-1.17299
-1.17308
-1.17318
-1.17328
-1.17338
-1.17348
-1.17358
-1.17369
-1.17379
-1.17389
-1.174
-1.1741
-1.17421
-1.17432
-1.17443
-1.17453
-1.17464
-1.17475
-1.17487
-1.17498
-1.17509
-1.17521
-1.17532
-1.17544
-1.17555
-1.17567
-1.17579
-1.17591
-1.17603
-1.17615
-1.17627
-1.17639
-1.17651
-1.17664
-1.17676
-1.17689
-1.17702
-1.17714
-1.17727
-1.1774
-1.17753
-1.17766
-1.17779
-1.17793
-1.17806
-1.17819
-1.17833
-1.17847
-1.1786
-1.17874
-1.17888
-1.17902
-1.17916
-1.1793
-1.17944
-1.17958
-1.17973
-1.17987
-1.18002
-1.18016
-1.18031
-1.18046
-1.18061
-1.18076
-1.18091
-1.18106
-1.18121
-1.18137
-1.18152
-1.18167
-1.18183
-1.18199
-1.18214
-1.1823
-1.18246
-1.18262
-1.18278
-1.18294
-1.18311
-1.18327
-1.18343
-1.1836
-1.18376
-1.18393
-1.1841
-1.18427
-1.18444
-1.18461
-1.18478
-1.18495
-1.18512
-1.18529
-1.18547
-1.18564
-1.18582
-1.18599
-1.18617
-1.18635
-1.18653
-1.18671
-1.18689
-1.18707
-1.18725
-1.18743
-1.18762
-1.1878
-1.18799
-1.18817
-1.18836
-1.18855
-1.18874
-1.18893
-1.18912
-1.18931
-1.1895
-1.18969
-1.18988
-1.19008
-1.19027
-1.19047
-1.19066
-1.19086
-1.19106
-1.19125
-1.19145
-1.19165
-1.19185
-1.19205
-1.19225
-1.19246
-1.19266
-1.19286
-1.19307
-1.19327
-1.19348
-1.19369
-1.19389
-1.1941
-1.19431
-1.19452
-1.19473
-1.19494
-1.19515
-1.19536
-1.19558
-1.19579
-1.196
-1.19622
-1.19643
-1.19665
-1.19686
-1.19708
-1.1973
-1.19752
-1.19774
-1.19795
-1.19817
-1.1984
-1.19862
-1.19884
-1.19906
-1.19928
-1.19951
-1.19973
-1.19996
-1.20018
-1.20041
-1.20063
-1.20086
-1.20109
-1.20131
-1.20154
-1.20177
-1.202
-1.20223
-1.20246
-1.20269
-1.20292
-1.20315
-1.20339
-1.20362
-1.20385
-1.20409
-1.20432
-1.20455
-1.20479
-1.20502
-1.20526
-1.2055
-1.20573
-1.20597
-1.20621
-1.20645
-1.20668
-1.20692
-1.20716
-1.2074
-1.20764
-1.20788
-1.20812
-1.20836
-1.2086
-1.20884
-1.20909
-1.20933
-1.20957
-1.20981
-1.21006
-1.2103
-1.21054
-1.21079
-1.21103
-1.21128
-1.21152
-1.21176
-1.21201
-1.21226
-1.2125
-1.21275
-1.21299
-1.21324
-1.21349
-1.21373
-1.21398
-1.21423
-1.21447
-1.21472
-1.21497
-1.21522
-1.21546
-1.21571
-1.21596
-1.21621
-1.21646
-1.21671
-1.21695
-1.2172
-1.21745
-1.2177
-1.21795
-1.2182
-1.21845
-1.2187
-1.21895
-1.2192
-1.21945
-1.2197
-1.21995
-1.22019
-1.22044
-1.22069
-1.22094
-1.22119
-1.22144
-1.22169
-1.22194
-1.22219
-1.22244
-1.22269
-1.22294
-1.22319
-1.22344
-1.22369
-1.22393
-1.22418
-1.22443
-1.22468
-1.22493
-1.22518
-1.22543
-1.22567
-1.22592
-1.22617
-1.22642
-1.22666
-1.22691
-1.22716
-1.22741
-1.22765
-1.2279
-1.22815
-1.22839
-1.22864
-1.22888
-1.22913
-1.22937
-1.22962
-1.22986
-1.23011
-1.23035
-1.2306
-1.23084
-1.23108
-1.23132
-1.23157
-1.23181
-1.23205
-1.23229
-1.23253
-1.23278
-1.23302
-1.23326
-1.2335
-1.23374
-1.23397
-1.23421
-1.23445
-1.23469
-1.23493
-1.23516
-1.2354
-1.23564
-1.23587
-1.23611
-1.23634
-1.23658
-1.23681
-1.23705
-1.23728
-1.23751
-1.23774
-1.23798
-1.23821
-1.23844
-1.23867
-1.2389
-1.23913
-1.23936
-1.23958
-1.23981
-1.24004
-1.24026
-1.24049
-1.24072
-1.24094
-1.24117
-1.24139
-1.24161
-1.24183
-1.24206
-1.24228
-1.2425
-1.24272
-1.24294
-1.24316
-1.24337
-1.24359
-1.24381
-1.24402
-1.24424
-1.24445
-1.24467
-1.24488
-1.2451
-1.24531
-1.24552
-1.24573
-1.24594
-1.24615
-1.24636
-1.24657
-1.24677
-1.24698
-1.24719
-1.24739
-1.24759
-1.2478
-1.248
-1.2482
-1.2484
-1.2486
-1.2488
-1.249
-1.2492
-1.2494
-1.2496
-1.24979
-1.24999
-1.25018
-1.25037
-1.25057
-1.25076
-1.25095
-1.25114
-1.25133
-1.25152
-1.25171
-1.25189
-1.25208
-1.25226
-1.25245
-1.25263
-1.25281
-1.253
-1.25318
-1.25336
-1.25354
-1.25371
-1.25389
-1.25407
-1.25424
-1.25442
-1.25459
-1.25476
-1.25494
-1.25511
-1.25528
-1.25545
-1.25562
-1.25578
-1.25595
-1.25612
-1.25628
-1.25644
-1.25661
-1.25677
-1.25693
-1.25709
-1.25725
-1.25741
-1.25756
-1.25772
-1.25788
-1.25803
-1.25818
-1.25834
-1.25849
-1.25864
-1.25879
-1.25894
-1.25909
-1.25923
-1.25938
-1.25952
-1.25967
-1.25981
-1.25995
-1.26009
-1.26023
-1.26037
-1.26051
-1.26065
-1.26078
-1.26092
-1.26105
-1.26119
-1.26132
-1.26145
-1.26158
-1.26171
-1.26184
-1.26197
-1.26209
-1.26222
-1.26234
-1.26247
-1.26259
-1.26271
-1.26283
-1.26295
-1.26307
-1.26319
-1.2633
-1.26342
-1.26353
-1.26365
-1.26376
-1.26387
-1.26398
-1.26409
-1.2642
-1.26431
-1.26441
-1.26452
-1.26463
-1.26473
-1.26483
-1.26493
-1.26503
-1.26513
-1.26523
-1.26533
-1.26543
-1.26552
-1.26562
-1.26571
-1.26581
-1.2659
-1.26599
-1.26608
-1.26617
-1.26626
-1.26635
-1.26643
-1.26652
-1.2666
-1.26668
-1.26677
-1.26685
-1.26693
-1.26701
-1.26709
-1.26717
-1.26724
-1.26732
-1.26739
-1.26747
-1.26754
-1.26761
-1.26768
-1.26775
-1.26782
-1.26789
-1.26796
-1.26803
-1.26809
-1.26816
-1.26822
-1.26829
-1.26835
-1.26841
-1.26847
-1.26853
-1.26859
-1.26864
-1.2687
-1.26876
-1.26881
-1.26887
-1.26892
-1.26897
-1.26902
-1.26908
-1.26913
-1.26917
-1.26922
-1.26927
-1.26932
-1.26936
-1.26941
-1.26945
-1.26949
-1.26954
-1.26958
-1.26962
-1.26966
-1.2697
-1.26974
-1.26977
-1.26981
-1.26985
-1.26988
-1.26992
-1.26995
-1.26998
-1.27002
-1.27005
-1.27008
-1.27011
-1.27014
-1.27016
-1.27019
-1.27022
-1.27025
-1.27027
-1.2703
-1.27032
-1.27034
-1.27036
-1.27039
-1.27041
-1.27043
-1.27045
-1.27047
-1.27049
-1.2705
-1.27052
-1.27054
-1.27055
-1.27057
-1.27058
-1.27059
-1.27061
-1.27062
-1.27063
-1.27064
-1.27065
-1.27066
-1.27067
-1.27068
-1.27069
-1.2707
-1.2707
-1.27071
-1.27072
-1.27072
-1.27073
-1.27073
-1.27073
-1.27074
-1.27074
-1.27074
-1.27074
-1.27074
-1.27074
-1.27074
-1.27074
-1.27074
-1.27074
-1.27073
-1.27073
-1.27073
-1.27072
-1.27072
-1.27071
-1.27071
-1.2707
-1.2707
-1.27069
-1.27068
-1.27068
-1.27067
-1.27066
-1.27065
-1.27064
-1.27063
-1.27062
-1.27061
-1.2706
-1.27059
-1.27058
-1.27056
-1.27055
-1.27054
-1.27052
-1.27051
-1.2705
-1.27048
-1.27047
-1.27045
-1.27044
-1.27042
-1.27041
-1.27039
-1.27037
-1.27036
-1.27034
-1.27032
-1.2703
-1.27028
-1.27027
-1.27025
-1.27023
-1.27021
-1.27019
-1.27017
-1.27015
-1.27013
-1.27011
-1.27009
-1.27007
-1.27004
-1.27002
-1.27
-1.26998
-1.26996
-1.26994
-1.26991
-1.26989
-1.26987
-1.26984
-1.26982
-1.2698
-1.26977
-1.26975
-1.26973
-1.2697
-1.26968
-1.26965
-1.26963
-1.2696
-1.26958
-1.26956
-1.26953
-1.26951
-1.26948
-1.26946
-1.26943
-1.2694
-1.26938
-1.26935
-1.26933
-1.2693
-1.26928
-1.26925
-1.26922
-1.2692
-1.26917
-1.26915
-1.26912
-1.26909
-1.26907
-1.26904
-1.26902
-1.26899
-1.26896
-1.26894
-1.26891
-1.26888
-1.26886
-1.26883
-1.26881
-1.26878
-1.26875
-1.26873
-1.2687
-1.26867
-1.26865
-1.26862
-1.2686
-1.26857
-1.26855
-1.26852
-1.26849
-1.26847
-1.26844
-1.26842
-1.26839
-1.26837
-1.26834
-1.26832
-1.26829
-1.26827
-1.26824
-1.26822
-1.26819
-1.26817
-1.26814
-1.26812
-1.26809
-1.26807
-1.26804
-1.26802
-1.268
-1.26797
-1.26795
-1.26793
-1.2679
-1.26788
-1.26786
-1.26783
-1.26781
-1.26779
-1.26777
-1.26774
-1.26772
-1.2677
-1.26768
-1.26766
-1.26764
-1.26762
-1.26759
-1.26757
-1.26755
-1.26753
-1.26751
-1.26749
-1.26747
-1.26745
-1.26743
-1.26741
-1.26739
-1.26738
-1.26736
-1.26734
-1.26732
-1.2673
-1.26728
-1.26727
-1.26725
-1.26723
-1.26722
-1.2672
-1.26718
-1.26717
-1.26715
-1.26713
-1.26712
-1.2671
-1.26709
-1.26707
-1.26706
-1.26704
-1.26703
-1.26701
-1.267
-1.26699
-1.26697
-1.26696
-1.26695
-1.26694
-1.26692
-1.26691
-1.2669
-1.26689
-1.26688
-1.26686
-1.26685
-1.26684
-1.26683
-1.26682
-1.26681
-1.2668
-1.26679
-1.26678
-1.26677
-1.26677
-1.26676
-1.26675
-1.26674
-1.26673
-1.26673
-1.26672
-1.26671
-1.2667
-1.2667
-1.26669
-1.26669
-1.26668
-1.26667
-1.26667
-1.26666
-1.26666
-1.26665
-1.26665
-1.26665
-1.26664
-1.26664
-1.26664
-1.26663
-1.26663
-1.26663
-1.26662
-1.26662
-1.26662
-1.26662
-1.26662
-1.26661
-1.26661
-1.26661
-1.26661
-1.26661
-1.26661
-1.26661
-1.26661
-1.26661
-1.26661
-1.26661
-1.26661
-1.26662
-1.26662
-1.26662
-1.26662
-1.26662
-1.26663
-1.26663
-1.26663
-1.26663
-1.26664
-1.26664
-1.26664
-1.26665
-1.26665
-1.26666
-1.26666
-1.26666
-1.26667
-1.26667
-1.26668
-1.26668
-1.26669
-1.26669
-1.2667
-1.26671
-1.26671
-1.26672
-1.26672
-1.26673
-1.26674
-1.26674
-1.26675
-1.26676
-1.26676
-1.26677
-1.26678
-1.26679
-1.26679
-1.2668
-1.26681
-1.26682
-1.26683
-1.26683
-1.26684
-1.26685
-1.26686
-1.26687
-1.26688
-1.26689
-1.26689
-1.2669
-1.26691
-1.26692
-1.26693
-1.26694
-1.26695
-1.26696
-1.26697
-1.26698
-1.26699
-1.267
-1.26701
-1.26702
-1.26703
-1.26704
-1.26705
-1.26706
-1.26707
-1.26708
-1.26709
-1.2671
-1.26711
-1.26712
-1.26713
-1.26714
-1.26715
-1.26716
-1.26717
-1.26718
-1.26719
-1.2672
-1.26721
-1.26722
-1.26723
-1.26724
-1.26725
-1.26726
-1.26727
-1.26728
-1.26729
-1.2673
-1.26731
-1.26732
-1.26733
-1.26734
-1.26735
-1.26736
-1.26737
-1.26738
-1.26739
-1.2674
-1.26741
-1.26741
-1.26742
-1.26743
-1.26744
-1.26745
-1.26746
-1.26747
-1.26747
-1.26748
-1.26749
-1.2675
-1.2675
-1.26751
-1.26752
-1.26753
-1.26753
-1.26754
-1.26755
-1.26755
-1.26756
-1.26757
-1.26757
-1.26758
-1.26758
-1.26759
-1.26759
-1.2676
-1.2676
-1.26761
-1.26761
-1.26762
-1.26762
-1.26762
-1.26763
-1.26763
-1.26763
-1.26763
-1.26764
-1.26764
-1.26764
-1.26764
-1.26764
-1.26764
-1.26765
-1.26765
-1.26765
-1.26765
-1.26765
-1.26765
-1.26764
-1.26764
-1.26764
-1.26764
-1.26764
-1.26763
-1.26763
-1.26763
-1.26762
-1.26762
-1.26762
-1.26761
-1.26761
-1.2676
-1.2676
-1.26759
-1.26758
-1.26758
-1.26757
-1.26756
-1.26755
-1.26755
-1.26754
-1.26753
-1.26752
-1.26751
-1.2675
-1.26749
-1.26748
-1.26746
-1.26745
-1.26744
-1.26743
-1.26741
-1.2674
-1.26739
-1.26737
-1.26736
-1.26734
-1.26732
-1.26731
-1.26729
-1.26727
-1.26726
-1.26724
-1.26722
-1.2672
-1.26718
-1.26716
-1.26714
-1.26712
-1.26709
-1.26707
-1.26705
-1.26702
-1.267
-1.26698
-1.26695
-1.26693
-1.2669
-1.26687
-1.26685
-1.26682
-1.26679
-1.26676
-1.26673
-1.2667
-1.26667
-1.26664
-1.26661
-1.26657
-1.26654
-1.26651
-1.26647
-1.26644
-1.2664
-1.26637
-1.26633
-1.26629
-1.26626
-1.26622
-1.26618
-1.26614
-1.2661
-1.26606
-1.26602
-1.26597
-1.26593
-1.26589
-1.26584
-1.2658
-1.26575
-1.26571
-1.26566
-1.26561
-1.26556
-1.26551
-1.26546
-1.26541
-1.26536
-1.26531
-1.26526
-1.26521
-1.26515
-1.2651
-1.26504
-1.26499
-1.26493
-1.26487
-1.26482
-1.26476
-1.2647
-1.26464
-1.26458
-1.26451
-1.26445
-1.26439
-1.26433
-1.26426
-1.2642
-1.26413
-1.26406
-1.26399
-1.26393
-1.26386
-1.26379
-1.26372
-1.26365
-1.26357
-1.2635
-1.26343
-1.26335
-1.26328
-1.2632
-1.26312
-1.26304
-1.26297
-1.26289
-1.26281
-1.26273
-1.26264
-1.26256
-1.26248
-1.26239
-1.26231
-1.26222
-1.26213
-1.26205
-1.26196
-1.26187
-1.26178
-1.26169
-1.2616
-1.2615
-1.26141
-1.26131
-1.26122
-1.26112
-1.26103
-1.26093
-1.26083
-1.26073
-1.26063
-1.26053
-1.26042
-1.26032
-1.26022
-1.26011
-1.26001
-1.2599
-1.25979
-1.25968
-1.25957
-1.25946
-1.25935
-1.25924
-1.25913
-1.25901
-1.2589
-1.25878
-1.25866
-1.25854
-1.25843
-1.25831
-1.25819
-1.25806
-1.25794
-1.25782
-1.25769
-1.25757
-1.25744
-1.25731
-1.25719
-1.25706
-1.25693
-1.25679
-1.25666
-1.25653
-1.25639
-1.25626
-1.25612
-1.25599
-1.25585
-1.25571
-1.25557
-1.25543
-1.25529
-1.25514
-1.255
-1.25485
-1.25471
-1.25456
-1.25441
-1.25426
-1.25411
-1.25396
-1.25381
-1.25366
-1.2535
-1.25335
-1.25319
-1.25303
-1.25287
-1.25271
-1.25255
-1.25239
-1.25223
-1.25207
-1.2519
-1.25173
-1.25157
-1.2514
-1.25123
-1.25106
-1.25089
-1.25072
-1.25054
-1.25037
-1.25019
-1.25002
-1.24984
-1.24966
-1.24948
-1.2493
-1.24912
-1.24893
-1.24875
-1.24856
-1.24838
-1.24819
-1.248
-1.24781
-1.24762
-1.24743
-1.24723
-1.24704
-1.24684
-1.24665
-1.24645
-1.24625
-1.24605
-1.24585
-1.24565
-1.24544
-1.24524
-1.24503
-1.24483
-1.24462
-1.24441
-1.2442
-1.24399
-1.24377
-1.24356
-1.24334
-1.24313
-1.24291
-1.24269
-1.24247
-1.24225
-1.24203
-1.2418
-1.24158
-1.24135
-1.24113
-1.2409
-1.24067
-1.24044
-1.2402
-1.23997
-1.23974
-1.2395
-1.23926
-1.23902
-1.23878
-1.23854
-1.2383
-1.23806
-1.23781
-1.23757
-1.23732
-1.23707
-1.23682
-1.23657
-1.23632
-1.23607
-1.23581
-1.23556
-1.2353
-1.23504
-1.23478
-1.23452
-1.23426
-1.23399
-1.23373
-1.23346
-1.23319
-1.23292
-1.23265
-1.23238
-1.23211
-1.23183
-1.23156
-1.23128
-1.231
-1.23072
-1.23044
-1.23016
-1.22988
-1.22959
-1.22931
-1.22902
-1.22873
-1.22844
-1.22815
-1.22785
-1.22756
-1.22726
-1.22696
-1.22667
-1.22637
-1.22606
-1.22576
-1.22546
-1.22515
-1.22484
-1.22453
-1.22422
-1.22391
-1.2236
-1.22329
-1.22297
-1.22265
-1.22233
-1.22201
-1.22169
-1.22137
-1.22105
-1.22072
-1.22039
-1.22006
-1.21973
-1.2194
-1.21907
-1.21873
-1.2184
-1.21806
-1.21772
-1.21738
-1.21704
-1.21669
-1.21635
-1.216
-1.21565
-1.2153
-1.21495
-1.2146
-1.21425
-1.21389
-1.21353
-1.21318
-1.21282
-1.21245
-1.21209
-1.21173
-1.21136
-1.21099
-1.21062
-1.21025
-1.20988
-1.2095
-1.20913
-1.20875
-1.20837
-1.20799
-1.20761
-1.20722
-1.20684
-1.20645
-1.20606
-1.20567
-1.20528
-1.20489
-1.20449
-1.2041
-1.2037
-1.2033
-1.2029
-1.20249
-1.20209
-1.20168
-1.20128
-1.20087
-1.20045
-1.20004
-1.19963
-1.19921
-1.19879
-1.19837
-1.19795
-1.19753
-1.19711
-1.19668
-1.19625
-1.19582
-1.19539
-1.19496
-1.19452
-1.19409
-1.19365
-1.19321
-1.19277
-1.19232
-1.19188
-1.19143
-1.19098
-1.19053
-1.19008
-1.18963
-1.18917
-1.18872
-1.18826
-1.1878
-1.18733
-1.18687
-1.18641
-1.18594
-1.18547
-1.185
-1.18452
-1.18405
-1.18357
-1.1831
-1.18262
-1.18213
-1.18165
-1.18117
-1.18068
-1.18019
-1.1797
-1.17921
-1.17871
-1.17822
-1.17772
-1.17722
-1.17672
-1.17622
-1.17571
-1.1752
-1.1747
-1.17418
-1.17367
-1.17316
-1.17264
-1.17213
-1.17161
-1.17108
-1.17056
-1.17004
-1.16951
-1.16898
-1.16845
-1.16792
-1.16738
-1.16685
-1.16631
-1.16577
-1.16523
-1.16468
-1.16414
-1.16359
-1.16304
-1.16249
-1.16194
-1.16138
-1.16083
-1.16027
-1.15971
-1.15915
-1.15858
-1.15802
-1.15745
-1.15688
-1.15631
-1.15573
-1.15516
-1.15458
-1.154
-1.15342
-1.15284
-1.15225
-1.15166
-1.15108
-1.15049
-1.14989
-1.1493
-1.1487
-1.1481
-1.1475
-1.1469
-1.1463
-1.14569
-1.14508
-1.14448
-1.14386
-1.14325
-1.14263
-1.14202
-1.1414
-1.14078
-1.14015
-1.13953
-1.1389
-1.13827
-1.13764
-1.13701
-1.13638
-1.13574
-1.1351
-1.13446
-1.13382
-1.13318
-1.13253
-1.13188
-1.13123
-1.13058
-1.12993
-1.12927
-1.12862
-1.12796
-1.12729
-1.12663
-1.12597
-1.1253
-1.12463
-1.12396
-1.12329
-1.12261
-1.12194
-1.12126
-1.12058
-1.1199
-1.11921
-1.11853
-1.11784
-1.11715
-1.11646
-1.11577
-1.11507
-1.11437
-1.11368
-1.11297
-1.11227
-1.11157
-1.11086
-1.11015
-1.10944
-1.10873
-1.10802
-1.1073
-1.10658
-1.10586
-1.10514
-1.10442
-1.10369
-1.10297
-1.10224
-1.10151
-1.10078
-1.10004
-1.09931
-1.09857
-1.09783
-1.09709
-1.09634
-1.0956
-1.09485
-1.0941
-1.09335
-1.0926
-1.09185
-1.09109
-1.09033
-1.08957
-1.08881
-1.08805
-1.08729
-1.08652
-1.08575
-1.08498
-1.08421
-1.08344
-1.08266
-1.08188
-1.0811
-1.08032
-1.07954
-1.07876
-1.07797
-1.07718
-1.0764
-1.0756
-1.07481
-1.07402
-1.07322
-1.07242
-1.07163
-1.07082
-1.07002
-1.06922
-1.06841
-1.0676
-1.0668
-1.06598
-1.06517
-1.06436
-1.06354
-1.06273
-1.06191
-1.06109
-1.06026
-1.05944
-1.05861
-1.05779
-1.05696
-1.05613
-1.0553
-1.05446
-1.05363
-1.05279
-1.05196
-1.05112
-1.05028
-1.04943
-1.04859
-1.04775
-1.0469
-1.04605
-1.0452
-1.04435
-1.0435
-1.04264
-1.04179
-1.04093
-1.04007
-1.03921
-1.03835
-1.03749
-1.03663
-1.03576
-1.03489
-1.03402
-1.03316
-1.03228
-1.03141
-1.03054
-1.02966
-1.02879
-1.02791
-1.02703
-1.02615
-1.02527
-1.02439
-1.0235
-1.02262
-1.02173
-1.02084
-1.01996
-1.01907
-1.01817
-1.01728
-1.01639
-1.01549
-1.0146
-1.0137
-1.0128
-1.0119
-1.011
-1.0101
-1.0092
-1.00829
-1.00739
-1.00648
-1.00557
-1.00467
-1.00376
-1.00285
-1.00193
-1.00102
-1.00011
-0.999194
-0.998278
-0.997362
-0.996444
-0.995526
-0.994606
-0.993686
-0.992764
-0.991842
-0.990919
-0.989995
-0.98907
-0.988144
-0.987218
-0.98629
-0.985362
-0.984432
-0.983502
-0.982571
-0.98164
-0.980707
-0.979774
-0.97884
-0.977905
-0.97697
-0.976034
-0.975097
-0.974159
-0.973221
-0.972282
-0.971342
-0.970401
-0.96946
-0.968519
-0.967576
-0.966633
-0.96569
-0.964746
-0.963801
-0.962856
-0.96191
-0.960963
-0.960017
-0.959069
-0.958121
-0.957173
-0.956224
-0.955274
-0.954324
-0.953374
-0.952423
-0.951472
-0.950521
-0.949569
-0.948616
-0.947664
-0.94671
-0.945757
-0.944803
-0.943849
-0.942895
-0.94194
-0.940985
-0.94003
-0.939074
-0.938118
-0.937162
-0.936206
-0.93525
-0.934293
-0.933336
-0.932379
-0.931422
-0.930464
-0.929507
-0.928549
-0.927592
-0.926634
-0.925676
-0.924718
-0.92376
-0.922802
-0.921844
-0.920886
-0.919928
-0.91897
-0.918012
-0.917054
-0.916096
-0.915138
-0.91418
-0.913222
-0.912264
-0.911307
-0.910349
-0.909392
-0.908435
-0.907478
-0.906521
-0.905565
-0.904608
-0.903652
-0.902696
-0.90174
-0.900785
-0.899829
-0.898874
-0.89792
-0.896965
-0.896011
-0.895058
-0.894104
-0.893151
-0.892199
-0.891246
-0.890294
-0.889343
-0.888392
-0.887441
-0.886491
-0.885541
-0.884592
-0.883643
-0.882695
-0.881747
-0.8808
-0.879854
-0.878907
-0.877962
-0.877017
-0.876072
-0.875129
-0.874185
-0.873243
-0.872301
-0.871359
-0.870419
-0.869479
-0.868539
-0.867601
-0.866663
-0.865726
-0.864789
-0.863854
-0.862919
-0.861984
-0.861051
-0.860118
-0.859187
-0.858256
-0.857326
-0.856396
-0.855468
-0.85454
-0.853614
-0.852688
-0.851763
-0.850839
-0.849916
-0.848994
-0.848072
-0.847152
-0.846233
-0.845315
-0.844397
-0.843481
-0.842566
-0.841652
-0.840739
-0.839826
-0.838915
-0.838005
-0.837097
-0.836189
-0.835282
-0.834376
-0.833472
-0.832569
-0.831667
-0.830766
-0.829866
-0.828967
-0.82807
-0.827173
-0.826278
-0.825385
-0.824492
-0.823601
-0.822711
-0.821822
-0.820934
-0.820048
-0.819163
-0.81828
-0.817397
-0.816516
-0.815637
-0.814759
-0.813882
-0.813006
-0.812132
-0.811259
-0.810388
-0.809518
-0.808649
-0.807782
-0.806916
-0.806052
-0.805189
-0.804328
-0.803468
-0.80261
-0.801753
-0.800898
-0.800044
-0.799191
-0.798341
-0.797491
-0.796643
-0.795797
-0.794953
-0.794109
-0.793268
-0.792428
-0.79159
-0.790753
-0.789918
-0.789084
-0.788252
-0.787422
-0.786594
-0.785767
-0.784941
-0.784118
-0.783296
-0.782475
-0.781657
-0.78084
-0.780025
-0.779211
-0.778399
-0.777589
-0.776781
-0.775974
-0.775169
-0.774366
-0.773565
-0.772765
-0.771967
-0.771171
-0.770377
-0.769584
-0.768793
-0.768005
-0.767217
-0.766432
-0.765649
-0.764867
-0.764087
-0.763309
-0.762533
-0.761758
-0.760986
-0.760215
-0.759447
-0.75868
-0.757915
-0.757151
-0.75639
-0.755631
-0.754873
-0.754117
-0.753364
-0.752612
-0.751862
-0.751114
-0.750368
-0.749624
-0.748881
-0.748141
-0.747403
-0.746666
-0.745932
-0.745199
-0.744468
-0.74374
-0.743013
-0.742288
-0.741565
-0.740845
-0.740126
-0.739409
-0.738694
-0.737981
-0.73727
-0.736561
-0.735854
-0.735149
-0.734446
-0.733745
-0.733045
-0.732348
-0.731653
-0.73096
-0.730269
-0.72958
-0.728893
-0.728208
-0.727525
-0.726844
-0.726165
-0.725488
-0.724813
-0.72414
-0.723469
-0.7228
-0.722133
-0.721468
-0.720805
-0.720144
-0.719485
-0.718828
-0.718173
-0.717521
-0.71687
-0.716221
-0.715574
-0.71493
-0.714287
-0.713646
-0.713008
-0.712371
-0.711737
-0.711104
-0.710474
-0.709845
-0.709219
-0.708594
-0.707972
-0.707351
-0.706733
-0.706117
-0.705502
-0.70489
-0.70428
-0.703671
-0.703065
-0.702461
-0.701858
-0.701258
-0.70066
-0.700064
-0.69947
-0.698877
-0.698287
-0.697699
-0.697113
-0.696528
-0.695946
-0.695366
-0.694788
-0.694211
-0.693637
-0.693065
-0.692494
-0.691926
-0.69136
-0.690795
-0.690233
-0.689672
-0.689114
-0.688557
-0.688003
-0.68745
-0.686899
-0.686351
-0.685804
-0.685259
-0.684716
-0.684175
-0.683636
-0.683099
-0.682564
-0.682031
-0.681499
-0.68097
-0.680442
-0.679917
-0.679393
-0.678871
-0.678351
-0.677833
-0.677317
-0.676803
-0.67629
-0.67578
-0.675271
-0.674764
-0.674259
-0.673756
-0.673255
-0.672756
-0.672258
-0.671762
-0.671268
-0.670776
-0.670286
-0.669798
-0.669311
-0.668826
-0.668343
-0.667862
-0.667382
-0.666905
-0.666429
-0.665955
-0.665482
-0.665012
-0.664543
-0.664076
-0.663611
-0.663147
-0.662685
-0.662225
-0.661767
-0.66131
-0.660855
-0.660402
-0.65995
-0.6595
-0.659052
-0.658606
-0.658161
-0.657718
-0.657276
-0.656837
-0.656398
-0.655962
-0.655527
-0.655094
-0.654662
-0.654232
-0.653804
-0.653377
-0.652952
-0.652528
-0.652106
-0.651686
-0.651267
-0.65085
-0.650434
-0.65002
-0.649607
-0.649196
-0.648787
-0.648379
-0.647972
-0.647567
-0.647164
-0.646762
-0.646361
-0.645962
-0.645565
-0.645169
-0.644774
-0.644381
-0.64399
-0.6436
-0.643211
-0.642824
-0.642438
-0.642053
-0.64167
-0.641289
-0.640908
-0.64053
-0.640152
-0.639776
-0.639401
-0.639028
-0.638656
-0.638285
-0.637916
-0.637548
-0.637182
-0.636816
-0.636452
-0.63609
-0.635728
-0.635368
-0.63501
-0.634652
-0.634296
-0.633941
-0.633587
-0.633235
-0.632884
-0.632534
-0.632185
-0.631838
-0.631491
-0.631146
-0.630802
-0.63046
-0.630118
-0.629778
-0.629439
-0.629101
-0.628764
-0.628428
-0.628094
-0.62776
-0.627428
-0.627097
-0.626767
-0.626438
-0.626111
-0.625784
-0.625458
-0.625134
-0.62481
-0.624488
-0.624167
-0.623847
-0.623527
-0.623209
-0.622892
-0.622576
-0.622261
-0.621947
-0.621634
-0.621322
-0.621011
-0.620701
-0.620392
-0.620084
-0.619777
-0.619471
-0.619166
-0.618861
-0.618558
-0.618256
-0.617954
-0.617654
-0.617354
-0.617056
-0.616758
-0.616461
-0.616165
-0.61587
-0.615576
-0.615283
-0.61499
-0.614699
-0.614408
-0.614118
-0.613829
-0.613541
-0.613254
-0.612967
-0.612681
-0.612396
-0.612112
-0.611829
-0.611547
-0.611265
-0.610984
-0.610704
-0.610424
-0.610146
-0.609868
-0.609591
-0.609315
-0.609039
-0.608764
-0.60849
-0.608217
-0.607944
-0.607672
-0.607401
-0.60713
-0.606861
-0.606591
-0.606323
-0.606055
-0.605788
-0.605522
-0.605256
-0.604991
-0.604727
-0.604463
-0.6042
-0.603938
-0.603676
-0.603415
-0.603154
-0.602894
-0.602635
-0.602376
-0.602118
-0.601861
-0.601604
-0.601348
-0.601092
-0.600837
-0.600583
-0.600329
-0.600076
-0.599823
-0.599571
-0.59932
-0.599069
-0.598818
-0.598568
-0.598319
-0.59807
-0.597822
-0.597575
-0.597328
-0.597081
-0.596835
-0.596589
-0.596344
-0.5961
-0.595856
-0.595613
-0.59537
-0.595127
-0.594885
-0.594644
-0.594403
-0.594163
-0.593923
-0.593683
-0.593444
-0.593206
-0.592968
-0.59273
-0.592493
-0.592257
-0.592021
-0.591785
-0.59155
-0.591315
-0.591081
-0.590847
-0.590614
-0.590381
-0.590148
-0.589916
-0.589685
-0.589454
-0.589223
-0.588993
-0.588763
-0.588534
-0.588305
-0.588076
-0.587848
-0.587621
-0.587393
-0.587167
-0.58694
-0.586714
-0.586489
-0.586264
-0.586039
-0.585815
-0.585591
-0.585368
-0.585145
-0.584922
-0.5847
-0.584478
-0.584257
-0.584036
-0.583815
-0.583595
-0.583375
-0.583156
-0.582937
-0.582718
-0.5825
-0.582282
-0.582065
-0.581848
-0.581631
-0.581415
-0.581199
-0.580984
-0.580769
-0.580554
-0.58034
-0.580126
-0.579912
-0.579699
-0.579487
-0.579274
-0.579063
-0.578851
-0.57864
-0.578429
-0.578219
-0.578009
-0.5778
-0.57759
-0.577382
-0.577173
-0.576965
-0.576758
-0.576551
-0.576344
-0.576137
-0.575931
-0.575726
-0.57552
-0.575316
-0.575111
-0.574907
-0.574704
-0.5745
-0.574298
-0.574095
-0.573893
-0.573691
-0.57349
-0.573289
-0.573089
-0.572889
-0.572689
-0.57249
-0.572291
-0.572093
-0.571895
-0.571697
-0.5715
-0.571303
-0.571107
-0.570911
-0.570716
-0.57052
-0.570326
-0.570132
-0.569938
-0.569744
-0.569551
-0.569359
-0.569167
-0.568975
-0.568784
-0.568593
-0.568402
-0.568212
-0.568023
-0.567834
-0.567645
-0.567457
-0.567269
-0.567082
-0.566895
-0.566708
-0.566522
-0.566337
-0.566151
-0.565967
-0.565783
-0.565599
-0.565416
-0.565233
-0.56505
-0.564868
-0.564687
-0.564506
-0.564326
-0.564146
-0.563966
-0.563787
-0.563608
-0.56343
-0.563253
-0.563075
-0.562899
-0.562723
-0.562547
-0.562372
-0.562197
-0.562023
-0.561849
-0.561676
-0.561503
-0.561331
-0.561159
-0.560988
-0.560817
-0.560647
-0.560477
-0.560308
-0.56014
-0.559972
-0.559804
-0.559637
-0.55947
-0.559304
-0.559139
-0.558974
-0.55881
-0.558646
-0.558482
-0.55832
-0.558157
-0.557996
-0.557834
-0.557674
-0.557514
-0.557354
-0.557195
-0.557037
-0.556879
-0.556722
-0.556565
-0.556409
-0.556254
-0.556099
-0.555944
-0.55579
-0.555637
-0.555484
-0.555332
-0.555181
-0.55503
-0.55488
-0.55473
-0.554581
-0.554432
-0.554284
-0.554137
-0.55399
-0.553844
-0.553698
-0.553553
-0.553409
-0.553265
-0.553122
-0.552979
-0.552837
-0.552696
-0.552555
-0.552415
-0.552276
-0.552137
-0.551999
-0.551861
-0.551724
-0.551588
-0.551452
-0.551317
-0.551183
-0.551049
-0.550916
-0.550783
-0.550652
-0.55052
-0.55039
-0.55026
-0.550131
-0.550002
-0.549874
-0.549747
-0.54962
-0.549494
-0.549369
-0.549244
-0.54912
-0.548996
-0.548874
-0.548752
-0.54863
-0.548509
-0.548389
-0.54827
-0.548151
-0.548033
-0.547916
-0.547799
-0.547683
-0.547568
-0.547453
-0.547339
-0.547226
-0.547113
-0.547001
-0.54689
-0.546779
-0.546669
-0.54656
-0.546451
-0.546343
-0.546236
-0.546129
-0.546024
-0.545918
-0.545814
-0.54571
-0.545607
-0.545505
-0.545403
-0.545302
-0.545201
-0.545102
-0.545003
-0.544904
-0.544807
-0.54471
-0.544614
-0.544518
-0.544423
-0.544329
-0.544236
-0.544143
-0.544051
-0.543959
-0.543869
-0.543779
-0.543689
-0.543601
-0.543513
-0.543426
-0.543339
-0.543253
-0.543168
-0.543084
-0.543
-0.542917
-0.542834
-0.542752
-0.542671
-0.542591
-0.542511
-0.542432
-0.542354
-0.542276
-0.5422
-0.542123
-0.542048
-0.541973
-0.541899
-0.541825
-0.541752
-0.54168
-0.541608
-0.541538
-0.541467
-0.541398
-0.541329
-0.541261
-0.541193
-0.541127
-0.541061
-0.540995
-0.54093
-0.540866
-0.540803
-0.54074
-0.540678
-0.540616
-0.540555
-0.540495
-0.540435
-0.540377
-0.540318
-0.540261
-0.540204
-0.540147
-0.540092
-0.540037
-0.539982
-0.539928
-0.539875
-0.539823
-0.539771
-0.53972
-0.539669
-0.539619
-0.53957
-0.539521
-0.539473
-0.539425
-0.539379
-0.539332
-0.539287
-0.539241
-0.539197
-0.539153
-0.53911
-0.539067
-0.539025
-0.538984
-0.538943
-0.538903
-0.538863
-0.538824
-0.538785
-0.538747
-0.53871
-0.538673
-0.538637
-0.538601
-0.538566
-0.538531
-0.538497
-0.538464
-0.538431
-0.538398
-0.538367
-0.538335
-0.538305
-0.538274
-0.538245
-0.538216
-0.538187
-0.538159
-0.538131
-0.538104
-0.538078
-0.538052
-0.538026
-0.538001
-0.537977
-0.537953
-0.537929
-0.537906
-0.537883
-0.537861
-0.53784
-0.537819
-0.537798
-0.537778
-0.537758
-0.537739
-0.53772
-0.537702
-0.537684
-0.537667
-0.53765
-0.537633
-0.537617
-0.537601
-0.537586
-0.537571
-0.537557
-0.537543
-0.537529
-0.537516
-0.537503
-0.537491
-0.537479
-0.537468
-0.537457
-0.537446
-0.537435
-0.537425
-0.537416
-0.537407
-0.537398
-0.537389
-0.537381
-0.537373
-0.537366
-0.537359
-0.537352
-0.537345
-0.537339
-0.537334
-0.537328
-0.537323
-0.537318
-0.537314
-0.53731
-0.537306
-0.537302
-0.537299
-0.537296
-0.537293
-0.537291
-0.537289
-0.537287
-0.537286
-0.537284
-0.537283
-0.537282
-0.537282
-0.537282
-0.537282
-0.537282
-0.537282
-0.537283
-0.537284
-0.537285
-0.537287
-0.537288
-0.53729
-0.537292
-0.537294
-0.537297
-0.5373
-0.537302
-0.537305
-0.537309
-0.537312
-0.537316
-0.537319
-0.537323
-0.537327
-0.537332
-0.537336
-0.537341
-0.537345
-0.53735
-0.537355
-0.53736
-0.537365
-0.537371
-0.537376
-0.537382
-0.537388
-0.537393
-0.537399
-0.537405
-0.537412
-0.537418
-0.537424
-0.537431
-0.537437
-0.537444
-0.53745
-0.537457
-0.537464
-0.537471
-0.537477
-0.537484
-0.537491
-0.537498
-0.537506
-0.537513
-0.53752
-0.537527
-0.537534
-0.537541
-0.537549
-0.537556
-0.537563
-0.537571
-0.537578
-0.537585
-0.537592
-0.5376
-0.537607
-0.537614
-0.537621
-0.537629
-0.537636
-0.537643
-0.53765
-0.537657
-0.537664
-0.537671
-0.537678
-0.537685
-0.537692
-0.537699
-0.537705
-0.537712
-0.537719
-0.537725
-0.537732
-0.537738
-0.537744
-0.537751
-0.537757
-0.537763
-0.537769
-0.537775
-0.53778
-0.537786
-0.537791
-0.537797
-0.537802
-0.537807
-0.537812
-0.537817
-0.537822
-0.537827
-0.537831
-0.537836
-0.53784
-0.537844
-0.537848
-0.537852
-0.537856
-0.53786
-0.537863
-0.537866
-0.53787
-0.537872
-0.537875
-0.537878
-0.53788
-0.537883
-0.537885
-0.537887
-0.537889
-0.53789
-0.537892
-0.537893
-0.537894
-0.537895
-0.537895
-0.537896
-0.537896
-0.537896
-0.537896
-0.537896
-0.537895
-0.537895
-0.537894
-0.537893
-0.537891
-0.53789
-0.537888
-0.537886
-0.537884
-0.537882
-0.537879
-0.537876
-0.537873
-0.53787
-0.537866
-0.537863
-0.537859
-0.537854
-0.53785
-0.537845
-0.53784
-0.537835
-0.53783
-0.537824
-0.537819
-0.537812
-0.537806
-0.5378
-0.537793
-0.537786
-0.537778
-0.537771
-0.537763
-0.537755
-0.537747
-0.537738
-0.53773
-0.537721
-0.537711
-0.537702
-0.537692
-0.537682
-0.537672
-0.537661
-0.53765
-0.537639
-0.537628
-0.537616
-0.537605
-0.537593
-0.53758
-0.537568
-0.537555
-0.537542
-0.537528
-0.537515
-0.537501
-0.537487
-0.537472
-0.537458
-0.537443
-0.537428
-0.537412
-0.537397
-0.537381
-0.537365
-0.537348
-0.537332
-0.537315
-0.537297
-0.53728
-0.537262
-0.537244
-0.537226
-0.537208
-0.537189
-0.53717
-0.537151
-0.537131
-0.537112
-0.537092
-0.537072
-0.537051
-0.53703
-0.53701
-0.536988
-0.536967
-0.536945
-0.536923
-0.536901
-0.536879
-0.536856
-0.536833
-0.53681
-0.536787
-0.536764
-0.53674
-0.536716
-0.536692
-0.536667
-0.536642
-0.536617
-0.536592
-0.536567
-0.536541
-0.536516
-0.53649
-0.536463
-0.536437
-0.53641
-0.536383
-0.536356
-0.536329
-0.536301
-0.536274
-0.536246
-0.536218
-0.536189
-0.536161
-0.536132
-0.536103
-0.536074
-0.536045
-0.536015
-0.535986
-0.535956
-0.535926
-0.535896
-0.535865
-0.535835
-0.535804
-0.535773
-0.535742
-0.535711
-0.535679
-0.535648
-0.535616
-0.535584
-0.535552
-0.53552
-0.535488
-0.535455
-0.535423
-0.53539
-0.535357
-0.535324
-0.535291
-0.535257
-0.535224
-0.53519
-0.535156
-0.535123
-0.535089
-0.535054
-0.53502
-0.534986
-0.534951
-0.534917
-0.534882
-0.534847
-0.534812
-0.534777
-0.534742
-0.534707
-0.534672
-0.534637
-0.534601
-0.534566
-0.53453
-0.534494
-0.534459
-0.534423
-0.534387
-0.534351
-0.534315
-0.534279
-0.534242
-0.534206
-0.53417
-0.534134
-0.534097
-0.534061
-0.534024
-0.533988
-0.533951
-0.533915
-0.533878
-0.533841
-0.533805
-0.533768
-0.533731
-0.533694
-0.533658
-0.533621
-0.533584
-0.533547
-0.533511
-0.533474
-0.533437
-0.5334
-0.533363
-0.533327
-0.53329
-0.533253
-0.533216
-0.53318
-0.533143
-0.533106
-0.53307
-0.533033
-0.532997
-0.53296
-0.532924
-0.532887
-0.532851
-0.532814
-0.532778
-0.532742
-0.532706
-0.53267
-0.532634
-0.532598
-0.532562
-0.532526
-0.53249
-0.532454
-0.532419
-0.532383
-0.532348
-0.532313
-0.532277
-0.532242
-0.532207
-0.532172
-0.532137
-0.532102
-0.532068
-0.532033
-0.531999
-0.531964
-0.53193
-0.531896
-0.531862
-0.531828
-0.531795
-0.531761
-0.531728
-0.531694
-0.531661
-0.531628
-0.531595
-0.531562
-0.53153
-0.531497
-0.531465
-0.531433
-0.531401
-0.531369
-0.531338
-0.531306
-0.531275
-0.531244
-0.531213
-0.531182
-0.531151
-0.531121
-0.53109
-0.53106
-0.53103
-0.531001
-0.530971
-0.530942
-0.530912
-0.530883
-0.530855
-0.530826
-0.530798
-0.53077
-0.530742
-0.530714
-0.530686
-0.530659
-0.530632
-0.530605
-0.530578
-0.530552
-0.530525
-0.530499
-0.530474
-0.530448
-0.530423
-0.530397
-0.530373
-0.530348
-0.530323
-0.530299
-0.530275
-0.530252
-0.530228
-0.530205
-0.530182
-0.530159
-0.530136
-0.530114
-0.530092
-0.53007
-0.530049
-0.530027
-0.530006
-0.529986
-0.529965
-0.529945
-0.529925
-0.529905
-0.529886
-0.529866
-0.529847
-0.529829
-0.52981
-0.529792
-0.529774
-0.529756
-0.529739
-0.529722
-0.529705
-0.529689
-0.529672
-0.529656
-0.52964
-0.529625
-0.52961
-0.529595
-0.52958
-0.529566
-0.529552
-0.529538
-0.529524
-0.529511
-0.529498
-0.529485
-0.529473
-0.529461
-0.529449
-0.529437
-0.529426
-0.529415
-0.529404
-0.529393
-0.529383
-0.529373
-0.529364
-0.529354
-0.529345
-0.529336
-0.529328
-0.52932
-0.529312
-0.529304
-0.529296
-0.529289
-0.529283
-0.529276
-0.52927
-0.529264
-0.529258
-0.529252
-0.529247
-0.529242
-0.529238
-0.529233
-0.529229
-0.529226
-0.529222
-0.529219
-0.529216
-0.529213
-0.529211
-0.529209
-0.529207
-0.529205
-0.529204
-0.529203
-0.529202
-0.529202
-0.529201
-0.529201
-0.529202
-0.529202
-0.529203
-0.529204
-0.529205
-0.529207
-0.529209
-0.529211
-0.529213
-0.529216
-0.529219
-0.529222
-0.529225
-0.529229
-0.529233
-0.529237
-0.529241
-0.529246
-0.529251
-0.529256
-0.529262
-0.529267
-0.529273
-0.529279
-0.529285
-0.529292
-0.529299
-0.529306
-0.529313
-0.529321
-0.529328
-0.529336
-0.529344
-0.529353
-0.529361
-0.52937
-0.529379
-0.529389
-0.529398
-0.529408
-0.529418
-0.529428
-0.529438
-0.529449
-0.52946
-0.52947
-0.529482
-0.529493
-0.529504
-0.529516
-0.529528
-0.52954
-0.529553
-0.529565
-0.529578
-0.529591
-0.529604
-0.529617
-0.52963
-0.529644
-0.529657
-0.529671
-0.529685
-0.5297
-0.529714
-0.529729
-0.529743
-0.529758
-0.529773
-0.529788
-0.529804
-0.529819
-0.529835
-0.52985
-0.529866
-0.529882
-0.529899
-0.529915
-0.529931
-0.529948
-0.529965
-0.529981
-0.529998
-0.530015
-0.530032
-0.53005
-0.530067
-0.530085
-0.530102
-0.53012
-0.530138
-0.530156
-0.530174
-0.530192
-0.53021
-0.530228
-0.530246
-0.530265
-0.530283
-0.530302
-0.530321
-0.530339
-0.530358
-0.530377
-0.530396
-0.530415
-0.530434
-0.530453
-0.530473
-0.530492
-0.530511
-0.53053
-0.53055
-0.530569
-0.530589
-0.530608
-0.530628
-0.530647
-0.530667
-0.530687
-0.530706
-0.530726
-0.530746
-0.530765
-0.530785
-0.530805
-0.530824
-0.530844
-0.530864
-0.530884
-0.530903
-0.530923
-0.530943
-0.530963
-0.530982
-0.531002
-0.531022
-0.531042
-0.531061
-0.531081
-0.5311
-0.53112
-0.53114
-0.531159
-0.531179
-0.531198
-0.531217
-0.531237
-0.531256
-0.531275
-0.531295
-0.531314
-0.531333
-0.531352
-0.531371
-0.53139
-0.531409
-0.531427
-0.531446
-0.531465
-0.531483
-0.531502
-0.53152
-0.531538
-0.531557
-0.531575
-0.531593
-0.531611
-0.531629
-0.531647
-0.531664
-0.531682
-0.531699
-0.531717
-0.531734
-0.531751
-0.531768
-0.531785
-0.531802
-0.531819
-0.531835
-0.531852
-0.531868
-0.531884
-0.531901
-0.531917
-0.531932
-0.531948
-0.531964
-0.531979
-0.531994
-0.53201
-0.532025
-0.53204
-0.532054
-0.532069
-0.532083
-0.532098
-0.532112
-0.532126
-0.53214
-0.532153
-0.532167
-0.53218
-0.532193
-0.532206
-0.532219
-0.532232
-0.532244
-0.532257
-0.532269
-0.532281
-0.532293
-0.532304
-0.532316
-0.532327
-0.532338
-0.532349
-0.53236
-0.532371
-0.532381
-0.532391
-0.532401
-0.532411
-0.532421
-0.53243
-0.532439
-0.532448
-0.532457
-0.532466
-0.532475
-0.532483
-0.532491
-0.532499
-0.532506
-0.532514
-0.532521
-0.532528
-0.532535
-0.532542
-0.532548
-0.532554
-0.53256
-0.532566
-0.532572
-0.532577
-0.532583
-0.532588
-0.532592
-0.532597
-0.532601
-0.532605
-0.532609
-0.532613
-0.532617
-0.53262
-0.532623
-0.532626
-0.532628
-0.532631
-0.532633
-0.532635
-0.532637
-0.532638
-0.53264
-0.532641
-0.532642
-0.532642
-0.532643
-0.532643
-0.532643
-0.532643
-0.532643
-0.532642
-0.532641
-0.53264
-0.532639
-0.532637
-0.532636
-0.532634
-0.532632
-0.532629
-0.532627
-0.532624
-0.532621
-0.532618
-0.532614
-0.53261
-0.532607
-0.532602
-0.532598
-0.532594
-0.532589
-0.532584
-0.532579
-0.532573
-0.532568
-0.532562
-0.532556
-0.53255
-0.532544
-0.532537
-0.53253
-0.532523
-0.532516
-0.532508
-0.532501
-0.532493
-0.532485
-0.532477
-0.532468
-0.53246
-0.532451
-0.532442
-0.532432
-0.532423
-0.532413
-0.532404
-0.532394
-0.532383
-0.532373
-0.532362
-0.532352
-0.532341
-0.53233
-0.532318
-0.532307
-0.532295
-0.532283
-0.532271
-0.532259
-0.532247
-0.532234
-0.532221
-0.532209
-0.532195
-0.532182
-0.532169
-0.532155
-0.532142
-0.532128
-0.532114
-0.532099
-0.532085
-0.532071
-0.532056
-0.532041
-0.532026
-0.532011
-0.531996
-0.53198
-0.531965
-0.531949
-0.531933
-0.531917
-0.531901
-0.531885
-0.531868
-0.531852
-0.531835
-0.531818
-0.531801
-0.531784
-0.531767
-0.53175
-0.531733
-0.531715
-0.531698
-0.53168
-0.531662
-0.531644
-0.531626
-0.531608
-0.53159
-0.531571
-0.531553
-0.531534
-0.531515
-0.531497
-0.531478
-0.531459
-0.53144
-0.531421
-0.531402
-0.531382
-0.531363
-0.531344
-0.531324
-0.531305
-0.531285
-0.531265
-0.531246
-0.531226
-0.531206
-0.531186
-0.531166
-0.531146
-0.531126
-0.531106
-0.531086
-0.531066
-0.531045
-0.531025
-0.531005
-0.530984
-0.530964
-0.530943
-0.530923
-0.530902
-0.530882
-0.530861
-0.530841
-0.53082
-0.5308
-0.530779
-0.530759
-0.530738
-0.530717
-0.530697
-0.530676
-0.530655
-0.530635
-0.530614
-0.530594
-0.530573
-0.530552
-0.530532
-0.530511
-0.530491
-0.53047
-0.53045
-0.530429
-0.530409
-0.530389
-0.530368
-0.530348
-0.530328
-0.530307
-0.530287
-0.530267
-0.530247
-0.530227
-0.530207
-0.530187
-0.530167
-0.530147
-0.530127
-0.530108
-0.530088
-0.530068
-0.530049
-0.530029
-0.53001
-0.529991
-0.529971
-0.529952
-0.529933
-0.529914
-0.529895
-0.529877
-0.529858
-0.529839
-0.529821
-0.529802
-0.529784
-0.529766
-0.529748
-0.529729
-0.529712
-0.529694
-0.529676
-0.529658
-0.529641
-0.529624
-0.529606
-0.529589
-0.529572
-0.529555
-0.529539
-0.529522
-0.529505
-0.529489
-0.529473
-0.529457
-0.529441
-0.529425
-0.529409
-0.529394
-0.529378
-0.529363
-0.529348
-0.529333
-0.529318
-0.529303
-0.529289
-0.529274
-0.52926
-0.529246
-0.529232
-0.529218
-0.529205
-0.529191
-0.529178
-0.529165
-0.529152
-0.52914
-0.529127
-0.529115
-0.529102
-0.52909
-0.529078
-0.529067
-0.529055
-0.529044
-0.529033
-0.529022
-0.529011
-0.529
-0.52899
-0.52898
-0.528969
-0.52896
-0.52895
-0.52894
-0.528931
-0.528922
-0.528913
-0.528904
-0.528896
-0.528888
-0.528879
-0.528871
-0.528864
-0.528856
-0.528849
-0.528842
-0.528835
-0.528828
-0.528822
-0.528815
-0.528809
-0.528803
-0.528798
-0.528792
-0.528787
-0.528782
-0.528777
-0.528772
-0.528768
-0.528763
-0.528759
-0.528756
-0.528752
-0.528749
-0.528745
-0.528742
-0.52874
-0.528737
-0.528735
-0.528733
-0.528731
-0.528729
-0.528728
-0.528726
-0.528725
-0.528724
-0.528724
-0.528723
-0.528723
-0.528723
-0.528723
-0.528724
-0.528725
-0.528725
-0.528726
-0.528728
-0.528729
-0.528731
-0.528733
-0.528735
-0.528737
-0.52874
-0.528743
-0.528746
-0.528749
-0.528752
-0.528756
-0.52876
-0.528764
-0.528768
-0.528773
-0.528777
-0.528782
-0.528787
-0.528792
-0.528798
-0.528804
-0.52881
-0.528816
-0.528822
-0.528828
-0.528835
-0.528842
-0.528849
-0.528856
-0.528864
-0.528872
-0.52888
-0.528888
-0.528896
-0.528904
-0.528913
-0.528922
-0.528931
-0.52894
-0.52895
-0.528959
-0.528969
-0.528979
-0.528989
-0.529
-0.52901
-0.529021
-0.529032
-0.529043
-0.529054
-0.529065
-0.529077
-0.529089
-0.529101
-0.529113
-0.529125
-0.529137
-0.52915
-0.529163
-0.529176
-0.529189
-0.529202
-0.529215
-0.529229
-0.529243
-0.529257
-0.529271
-0.529285
-0.529299
-0.529314
-0.529328
-0.529343
-0.529358
-0.529373
-0.529388
-0.529403
-0.529419
-0.529434
-0.52945
-0.529466
-0.529482
-0.529498
-0.529514
-0.52953
-0.529547
-0.529563
-0.52958
-0.529597
-0.529614
-0.529631
-0.529648
-0.529665
-0.529683
-0.5297
-0.529718
-0.529735
-0.529753
-0.529771
-0.529789
-0.529807
-0.529825
-0.529843
-0.529862
-0.52988
-0.529898
-0.529917
-0.529935
-0.529954
-0.529973
-0.529992
-0.530011
-0.53003
-0.530049
-0.530068
-0.530087
-0.530106
-0.530125
-0.530145
-0.530164
-0.530183
-0.530203
-0.530222
-0.530242
-0.530262
-0.530281
-0.530301
-0.530321
-0.53034
-0.53036
-0.53038
-0.5304
-0.530419
-0.530439
-0.530459
-0.530479
-0.530499
-0.530519
-0.530539
-0.530559
-0.530579
-0.530599
-0.530618
-0.530638
-0.530658
-0.530678
-0.530698
-0.530718
-0.530738
-0.530758
-0.530778
-0.530797
-0.530817
-0.530837
-0.530857
-0.530876
-0.530896
-0.530916
-0.530935
-0.530955
-0.530975
-0.530994
-0.531014
-0.531033
-0.531052
-0.531072
-0.531091
-0.53111
-0.531129
-0.531148
-0.531167
-0.531186
-0.531205
-0.531224
-0.531243
-0.531261
-0.53128
-0.531298
-0.531317
-0.531335
-0.531353
-0.531372
-0.53139
-0.531408
-0.531426
-0.531444
-0.531461
-0.531479
-0.531496
-0.531514
-0.531531
-0.531548
-0.531565
-0.531582
-0.531599
-0.531616
-0.531633
-0.531649
-0.531666
-0.531682
-0.531698
-0.531714
-0.53173
-0.531746
-0.531762
-0.531777
-0.531793
-0.531808
-0.531823
-0.531838
-0.531853
-0.531868
-0.531882
-0.531897
-0.531911
-0.531925
-0.531939
-0.531953
-0.531967
-0.53198
-0.531993
-0.532007
-0.53202
-0.532033
-0.532045
-0.532058
-0.53207
-0.532082
-0.532094
-0.532106
-0.532118
-0.53213
-0.532141
-0.532152
-0.532163
-0.532174
-0.532185
-0.532195
-0.532205
-0.532216
-0.532225
-0.532235
-0.532245
-0.532254
-0.532263
-0.532272
-0.532281
-0.53229
-0.532298
-0.532306
-0.532314
-0.532322
-0.53233
-0.532337
-0.532345
-0.532352
-0.532358
-0.532365
-0.532372
-0.532378
-0.532384
-0.53239
-0.532395
-0.532401
-0.532406
-0.532411
-0.532416
-0.53242
-0.532425
-0.532429
-0.532433
-0.532437
-0.53244
-0.532444
-0.532447
-0.53245
-0.532452
-0.532455
-0.532457
-0.532459
-0.532461
-0.532463
-0.532464
-0.532465
-0.532466
-0.532467
-0.532468
-0.532468
-0.532468
-0.532468
-0.532468
-0.532468
-0.532467
-0.532466
-0.532465
-0.532463
-0.532462
-0.53246
-0.532458
-0.532456
-0.532454
-0.532451
-0.532448
-0.532445
-0.532442
-0.532438
-0.532435
-0.532431
-0.532427
-0.532422
-0.532418
-0.532413
-0.532408
-0.532403
-0.532398
-0.532392
-0.532386
-0.53238
-0.532374
-0.532368
-0.532361
-0.532354
-0.532347
-0.53234
-0.532333
-0.532325
-0.532317
-0.532309
-0.532301
-0.532293
-0.532284
-0.532275
-0.532266
-0.532257
-0.532248
-0.532238
-0.532228
-0.532218
-0.532208
-0.532198
-0.532187
-0.532177
-0.532166
-0.532155
-0.532144
-0.532132
-0.532121
-0.532109
-0.532097
-0.532085
-0.532072
-0.53206
-0.532047
-0.532034
-0.532021
-0.532008
-0.531995
-0.531981
-0.531968
-0.531954
-0.53194
-0.531926
-0.531912
-0.531897
-0.531883
-0.531868
-0.531853
-0.531838
-0.531823
-0.531807
-0.531792
-0.531776
-0.53176
-0.531745
-0.531729
-0.531712
-0.531696
-0.53168
-0.531663
-0.531646
-0.53163
-0.531613
-0.531595
-0.531578
-0.531561
-0.531544
-0.531526
-0.531508
-0.531491
-0.531473
-0.531455
-0.531437
-0.531418
-0.5314
-0.531382
-0.531363
-0.531345
-0.531326
-0.531307
-0.531288
-0.531269
-0.53125
-0.531231
-0.531212
-0.531193
-0.531173
-0.531154
-0.531135
-0.531115
-0.531095
-0.531076
-0.531056
-0.531036
-0.531016
-0.530996
-0.530976
-0.530956
-0.530936
-0.530916
-0.530896
-0.530876
-0.530855
-0.530835
-0.530815
-0.530794
-0.530774
-0.530754
-0.530733
-0.530713
-0.530692
-0.530672
-0.530651
-0.53063
-0.53061
-0.530589
-0.530569
-0.530548
-0.530527
-0.530507
-0.530486
-0.530466
-0.530445
-0.530424
-0.530404
-0.530383
-0.530363
-0.530342
-0.530322
-0.530301
-0.530281
-0.53026
-0.53024
-0.530219
-0.530199
-0.530179
-0.530158
-0.530138
-0.530118
-0.530098
-0.530078
-0.530058
-0.530038
-0.530018
-0.529998
-0.529978
-0.529958
-0.529938
-0.529919
-0.529899
-0.52988
-0.52986
-0.529841
-0.529821
-0.529802
-0.529783
-0.529764
-0.529745
-0.529726
-0.529707
-0.529689
-0.52967
-0.529651
-0.529633
-0.529615
-0.529596
-0.529578
-0.52956
-0.529542
-0.529525
-0.529507
-0.529489
-0.529472
-0.529455
-0.529437
-0.52942
-0.529403
-0.529386
-0.52937
-0.529353
-0.529337
-0.52932
-0.529304
-0.529288
-0.529272
-0.529256
-0.529241
-0.529225
-0.52921
-0.529195
-0.52918
-0.529165
-0.52915
-0.529136
-0.529121
-0.529107
-0.529093
-0.529079
-0.529065
-0.529052
-0.529038
-0.529025
-0.529012
-0.528999
-0.528986
-0.528973
-0.528961
-0.528949
-0.528937
-0.528925
-0.528913
-0.528902
-0.52889
-0.528879
-0.528868
-0.528858
-0.528847
-0.528837
-0.528827
-0.528817
-0.528807
-0.528797
-0.528788
-0.528779
-0.52877
-0.528761
-0.528752
-0.528744
-0.528736
-0.528728
-0.52872
-0.528712
-0.528705
-0.528698
-0.528691
-0.528684
-0.528678
-0.528671
-0.528665
-0.528659
-0.528654
-0.528648
-0.528643
-0.528638
-0.528633
-0.528629
-0.528624
-0.52862
-0.528616
-0.528613
-0.528609
-0.528606
-0.528603
-0.5286
-0.528598
-0.528595
-0.528593
-0.528591
-0.52859
-0.528588
-0.528587
-0.528586
-0.528585
-0.528585
-0.528584
-0.528584
-0.528584
-0.528585
-0.528585
-0.528586
-0.528587
-0.528589
-0.52859
-0.528592
-0.528594
-0.528596
-0.528598
-0.528601
-0.528604
-0.528607
-0.52861
-0.528614
-0.528618
-0.528622
-0.528626
-0.52863
-0.528635
-0.52864
-0.528645
-0.52865
-0.528656
-0.528662
-0.528668
-0.528674
-0.528681
-0.528687
-0.528694
-0.528701
-0.528709
-0.528716
-0.528724
-0.528732
-0.52874
-0.528748
-0.528757
-0.528766
-0.528775
-0.528784
-0.528794
-0.528803
-0.528813
-0.528824
-0.528834
-0.528844
-0.528855
-0.528866
-0.528877
-0.528888
-0.5289
-0.528912
-0.528924
-0.528936
-0.528948
-0.528961
-0.528973
-0.528986
-0.528999
-0.529013
-0.529026
-0.52904
-0.529054
-0.529068
-0.529082
-0.529096
-0.529111
-0.529126
-0.52914
-0.529156
-0.529171
-0.529186
-0.529202
-0.529218
-0.529234
-0.52925
-0.529266
-0.529282
-0.529299
-0.529316
-0.529333
-0.52935
-0.529367
-0.529384
-0.529402
-0.52942
-0.529437
-0.529455
-0.529473
-0.529492
-0.52951
-0.529529
-0.529547
-0.529566
-0.529585
-0.529604
-0.529623
-0.529642
-0.529662
-0.529681
-0.529701
-0.529721
-0.529741
-0.529761
-0.529781
-0.529801
-0.529821
-0.529842
-0.529862
-0.529883
-0.529903
-0.529924
-0.529945
-0.529966
-0.529987
-0.530008
-0.53003
-0.530051
-0.530072
-0.530094
-0.530115
-0.530137
-0.530159
-0.53018
-0.530202
-0.530224
-0.530246
-0.530268
-0.53029
-0.530312
-0.530334
-0.530356
-0.530379
-0.530401
-0.530423
-0.530446
-0.530468
-0.53049
-0.530513
-0.530535
-0.530558
-0.53058
-0.530603
-0.530625
-0.530648
-0.53067
-0.530693
-0.530716
-0.530738
-0.530761
-0.530784
-0.530806
-0.530829
-0.530851
-0.530874
-0.530896
-0.530919
-0.530942
-0.530964
-0.530987
-0.531009
-0.531031
-0.531054
-0.531076
-0.531099
-0.531121
-0.531143
-0.531165
-0.531187
-0.53121
-0.531232
-0.531254
-0.531276
-0.531298
-0.531319
-0.531341
-0.531363
-0.531384
-0.531406
-0.531428
-0.531449
-0.53147
-0.531492
-0.531513
-0.531534
-0.531555
-0.531576
-0.531597
-0.531617
-0.531638
-0.531659
-0.531679
-0.531699
-0.53172
-0.53174
-0.53176
-0.53178
-0.531799
-0.531819
-0.531838
-0.531858
-0.531877
-0.531896
-0.531915
-0.531934
-0.531953
-0.531972
-0.53199
-0.532008
-0.532027
-0.532045
-0.532063
-0.53208
-0.532098
-0.532115
-0.532133
-0.53215
-0.532167
-0.532184
-0.5322
-0.532217
-0.532233
-0.532249
-0.532265
-0.532281
-0.532297
-0.532312
-0.532327
-0.532343
-0.532357
-0.532372
-0.532387
-0.532401
-0.532415
-0.532429
-0.532443
-0.532457
-0.53247
-0.532483
-0.532496
-0.532509
-0.532522
-0.532534
-0.532546
-0.532558
-0.53257
-0.532581
-0.532593
-0.532604
-0.532615
-0.532625
-0.532636
-0.532646
-0.532656
-0.532666
-0.532675
-0.532685
-0.532694
-0.532703
-0.532712
-0.53272
-0.532728
-0.532736
-0.532744
-0.532751
-0.532759
-0.532766
-0.532773
-0.532779
-0.532785
-0.532791
-0.532797
-0.532803
-0.532808
-0.532813
-0.532818
-0.532823
-0.532827
-0.532831
-0.532835
-0.532839
-0.532842
-0.532845
-0.532848
-0.532851
-0.532853
-0.532855
-0.532857
-0.532859
-0.53286
-0.532861
-0.532862
-0.532863
-0.532863
-0.532863
-0.532863
-0.532863
-0.532862
-0.532861
-0.53286
-0.532859
-0.532857
-0.532855
-0.532853
-0.53285
-0.532848
-0.532845
-0.532842
-0.532838
-0.532834
-0.53283
-0.532826
-0.532822
-0.532817
-0.532812
-0.532807
-0.532801
-0.532795
-0.532789
-0.532783
-0.532777
-0.53277
-0.532763
-0.532756
-0.532748
-0.53274
-0.532732
-0.532724
-0.532715
-0.532707
-0.532698
-0.532688
-0.532679
-0.532669
-0.532659
-0.532649
-0.532638
-0.532628
-0.532617
-0.532606
-0.532594
-0.532582
-0.532571
-0.532558
-0.532546
-0.532533
-0.532521
-0.532508
-0.532494
-0.532481
-0.532467
-0.532453
-0.532439
-0.532424
-0.53241
-0.532395
-0.53238
-0.532365
-0.532349
-0.532333
-0.532317
-0.532301
-0.532285
-0.532268
-0.532252
-0.532235
-0.532217
-0.5322
-0.532183
-0.532165
-0.532147
-0.532129
-0.53211
-0.532092
-0.532073
-0.532054
-0.532035
-0.532016
-0.531996
-0.531977
-0.531957
-0.531937
-0.531917
-0.531896
-0.531876
-0.531855
-0.531834
-0.531813
-0.531792
-0.531771
-0.531749
-0.531728
-0.531706
-0.531684
-0.531662
-0.53164
-0.531617
-0.531595
-0.531572
-0.53155
-0.531527
-0.531504
-0.53148
-0.531457
-0.531434
-0.53141
-0.531387
-0.531363
-0.531339
-0.531315
-0.531291
-0.531267
-0.531242
-0.531218
-0.531193
-0.531169
-0.531144
-0.531119
-0.531095
-0.53107
-0.531045
-0.531019
-0.530994
-0.530969
-0.530944
-0.530918
-0.530893
-0.530867
-0.530842
-0.530816
-0.53079
-0.530765
-0.530739
-0.530713
-0.530687
-0.530661
-0.530635
-0.530609
-0.530583
-0.530557
-0.530531
-0.530505
-0.530479
-0.530452
-0.530426
-0.5304
-0.530374
-0.530348
-0.530322
-0.530295
-0.530269
-0.530243
-0.530217
-0.530191
-0.530164
-0.530138
-0.530112
-0.530086
-0.53006
-0.530034
-0.530008
-0.529982
-0.529956
-0.52993
-0.529904
-0.529878
-0.529853
-0.529827
-0.529801
-0.529776
-0.52975
-0.529725
-0.529699
-0.529674
-0.529649
-0.529624
-0.529598
-0.529573
-0.529548
-0.529524
-0.529499
-0.529474
-0.52945
-0.529425
-0.529401
-0.529376
-0.529352
-0.529328
-0.529304
-0.52928
-0.529257
-0.529233
-0.52921
-0.529186
-0.529163
-0.52914
-0.529117
-0.529094
-0.529072
-0.529049
-0.529027
-0.529005
-0.528982
-0.528961
-0.528939
-0.528917
-0.528896
-0.528874
-0.528853
-0.528832
-0.528812
-0.528791
-0.528771
-0.52875
-0.52873
-0.52871
-0.528691
-0.528671
-0.528652
-0.528633
-0.528614
-0.528595
-0.528577
-0.528558
-0.52854
-0.528522
-0.528505
-0.528487
-0.52847
-0.528453
-0.528436
-0.528419
-0.528403
-0.528387
-0.528371
-0.528355
-0.52834
-0.528324
-0.528309
-0.528295
-0.52828
-0.528266
-0.528252
-0.528238
-0.528224
-0.528211
-0.528198
-0.528185
-0.528173
-0.52816
-0.528148
-0.528137
-0.528125
-0.528114
-0.528103
-0.528092
-0.528082
-0.528072
-0.528062
-0.528052
-0.528043
-0.528034
-0.528025
-0.528016
-0.528008
-0.528
-0.527992
-0.527985
-0.527978
-0.527971
-0.527964
-0.527958
-0.527952
-0.527947
-0.527941
-0.527936
-0.527931
-0.527927
-0.527923
-0.527919
-0.527915
-0.527912
-0.527909
-0.527906
-0.527903
-0.527901
-0.5279
-0.527898
-0.527897
-0.527896
-0.527895
-0.527895
-0.527895
-0.527895
-0.527896
-0.527897
-0.527898
-0.527899
-0.527901
-0.527903
-0.527906
-0.527909
-0.527912
-0.527915
-0.527919
-0.527923
-0.527927
-0.527932
-0.527936
-0.527942
-0.527947
-0.527953
-0.527959
-0.527966
-0.527972
-0.527979
-0.527987
-0.527994
-0.528002
-0.528011
-0.528019
-0.528028
-0.528037
-0.528047
-0.528056
-0.528067
-0.528077
-0.528088
-0.528099
-0.52811
-0.528122
-0.528133
-0.528146
-0.528158
-0.528171
-0.528184
-0.528197
-0.528211
-0.528225
-0.528239
-0.528254
-0.528268
-0.528284
-0.528299
-0.528315
-0.528331
-0.528347
-0.528363
-0.52838
-0.528397
-0.528414
-0.528432
-0.52845
-0.528468
-0.528486
-0.528505
-0.528524
-0.528543
-0.528563
-0.528583
-0.528603
-0.528623
-0.528643
-0.528664
-0.528685
-0.528706
-0.528728
-0.52875
-0.528772
-0.528794
-0.528816
-0.528839
-0.528862
-0.528885
-0.528909
-0.528932
-0.528956
-0.52898
-0.529005
-0.529029
-0.529054
-0.529079
-0.529104
-0.529129
-0.529155
-0.529181
-0.529207
-0.529233
-0.52926
-0.529286
-0.529313
-0.52934
-0.529367
-0.529394
-0.529422
-0.52945
-0.529478
-0.529506
-0.529534
-0.529562
-0.529591
-0.52962
-0.529649
-0.529678
-0.529707
-0.529736
-0.529766
-0.529795
-0.529825
-0.529855
-0.529885
-0.529915
-0.529946
-0.529976
-0.530007
-0.530037
-0.530068
-0.530099
-0.53013
-0.530161
-0.530192
-0.530224
-0.530255
-0.530287
-0.530318
-0.53035
-0.530382
-0.530414
-0.530446
-0.530478
-0.53051
-0.530542
-0.530574
-0.530606
-0.530639
-0.530671
-0.530703
-0.530736
-0.530768
-0.530801
-0.530833
-0.530866
-0.530899
-0.530931
-0.530964
-0.530997
-0.53103
-0.531062
-0.531095
-0.531128
-0.53116
-0.531193
-0.531226
-0.531259
-0.531291
-0.531324
-0.531357
-0.531389
-0.531422
-0.531454
-0.531487
-0.531519
-0.531552
-0.531584
-0.531617
-0.531649
-0.531681
-0.531713
-0.531745
-0.531777
-0.531809
-0.531841
-0.531873
-0.531905
-0.531936
-0.531968
-0.531999
-0.532031
-0.532062
-0.532093
-0.532124
-0.532155
-0.532186
-0.532216
-0.532247
-0.532277
-0.532307
-0.532338
-0.532368
-0.532397
-0.532427
-0.532457
-0.532486
-0.532515
-0.532544
-0.532573
-0.532602
-0.532631
-0.532659
-0.532687
-0.532715
-0.532743
-0.532771
-0.532798
-0.532825
-0.532852
-0.532879
-0.532906
-0.532932
-0.532959
-0.532985
-0.533011
-0.533036
-0.533061
-0.533087
-0.533112
-0.533136
-0.533161
-0.533185
-0.533209
-0.533232
-0.533256
-0.533279
-0.533302
-0.533325
-0.533347
-0.533369
-0.533391
-0.533413
-0.533434
-0.533455
-0.533476
-0.533496
-0.533516
-0.533536
-0.533556
-0.533575
-0.533594
-0.533613
-0.533631
-0.53365
-0.533667
-0.533685
-0.533702
-0.533719
-0.533735
-0.533752
-0.533768
-0.533783
-0.533798
-0.533813
-0.533828
-0.533842
-0.533856
-0.53387
-0.533883
-0.533896
-0.533908
-0.53392
-0.533932
-0.533944
-0.533955
-0.533966
-0.533976
-0.533986
-0.533996
-0.534005
-0.534014
-0.534023
-0.534031
-0.534039
-0.534046
-0.534053
-0.53406
-0.534067
-0.534073
-0.534078
-0.534083
-0.534088
-0.534093
-0.534097
-0.5341
-0.534104
-0.534107
-0.534109
-0.534111
-0.534113
-0.534114
-0.534115
-0.534116
-0.534116
-0.534116
-0.534115
-0.534114
-0.534113
-0.534111
-0.534109
-0.534106
-0.534103
-0.534099
-0.534096
-0.534091
-0.534087
-0.534082
-0.534076
-0.53407
-0.534064
-0.534057
-0.53405
-0.534043
-0.534035
-0.534027
-0.534018
-0.534009
-0.533999
-0.533989
-0.533979
-0.533968
-0.533957
-0.533946
-0.533934
-0.533921
-0.533909
-0.533896
-0.533882
-0.533868
-0.533854
-0.533839
-0.533824
-0.533808
-0.533792
-0.533776
-0.533759
-0.533742
-0.533725
-0.533707
-0.533688
-0.53367
-0.533651
-0.533631
-0.533611
-0.533591
-0.53357
-0.533549
-0.533528
-0.533506
-0.533484
-0.533462
-0.533439
-0.533415
-0.533392
-0.533368
-0.533343
-0.533319
-0.533293
-0.533268
-0.533242
-0.533216
-0.533189
-0.533162
-0.533135
-0.533108
-0.53308
-0.533051
-0.533023
-0.532994
-0.532964
-0.532935
-0.532905
-0.532874
-0.532844
-0.532813
-0.532781
-0.53275
-0.532718
-0.532686
-0.532653
-0.53262
-0.532587
-0.532553
-0.53252
-0.532486
-0.532451
-0.532417
-0.532382
-0.532346
-0.532311
-0.532275
-0.532239
-0.532203
-0.532166
-0.532129
-0.532092
-0.532055
-0.532017
-0.531979
-0.531941
-0.531902
-0.531864
-0.531825
-0.531786
-0.531746
-0.531707
-0.531667
-0.531627
-0.531587
-0.531546
-0.531506
-0.531465
-0.531424
-0.531383
-0.531341
-0.5313
-0.531258
-0.531216
-0.531174
-0.531131
-0.531089
-0.531046
-0.531003
-0.530961
-0.530917
-0.530874
-0.530831
-0.530787
-0.530744
-0.5307
-0.530656
-0.530612
-0.530568
-0.530524
-0.530479
-0.530435
-0.53039
-0.530346
-0.530301
-0.530256
-0.530211
-0.530166
-0.530121
-0.530076
-0.530031
-0.529986
-0.529941
-0.529896
-0.52985
-0.529805
-0.52976
-0.529714
-0.529669
-0.529624
-0.529578
-0.529533
-0.529487
-0.529442
-0.529397
-0.529351
-0.529306
-0.529261
-0.529215
-0.52917
-0.529125
-0.52908
-0.529035
-0.52899
-0.528945
-0.5289
-0.528855
-0.52881
-0.528766
-0.528721
-0.528677
-0.528632
-0.528588
-0.528544
-0.5285
-0.528456
-0.528412
-0.528368
-0.528325
-0.528281
-0.528238
-0.528195
-0.528152
-0.528109
-0.528067
-0.528024
-0.527982
-0.52794
-0.527898
-0.527856
-0.527815
-0.527773
-0.527732
-0.527692
-0.527651
-0.52761
-0.52757
-0.52753
-0.52749
-0.527451
-0.527412
-0.527373
-0.527334
-0.527295
-0.527257
-0.527219
-0.527182
-0.527144
-0.527107
-0.52707
-0.527034
-0.526998
-0.526962
-0.526926
-0.526891
-0.526856
-0.526821
-0.526787
-0.526753
-0.52672
-0.526686
-0.526653
-0.526621
-0.526589
-0.526557
-0.526525
-0.526494
-0.526464
-0.526433
-0.526403
-0.526374
-0.526344
-0.526316
-0.526287
-0.526259
-0.526232
-0.526205
-0.526178
-0.526152
-0.526126
-0.5261
-0.526075
-0.526051
-0.526027
-0.526003
-0.52598
-0.525957
-0.525935
-0.525913
-0.525892
-0.525871
-0.52585
-0.525831
-0.525811
-0.525792
-0.525774
-0.525756
-0.525738
-0.525721
-0.525705
-0.525689
-0.525673
-0.525658
-0.525644
-0.52563
-0.525617
-0.525604
-0.525592
-0.52558
-0.525568
-0.525558
-0.525548
-0.525538
-0.525529
-0.52552
-0.525512
-0.525505
-0.525498
-0.525492
-0.525486
-0.525481
-0.525476
-0.525472
-0.525468
-0.525465
-0.525463
-0.525461
-0.52546
-0.52546
-0.525459
-0.52546
-0.525461
-0.525463
-0.525465
-0.525468
-0.525472
-0.525476
-0.52548
-0.525486
-0.525491
-0.525498
-0.525505
-0.525513
-0.525521
-0.52553
-0.525539
-0.525549
-0.52556
-0.525571
-0.525583
-0.525596
-0.525609
-0.525623
-0.525637
-0.525652
-0.525668
-0.525684
-0.525701
-0.525718
-0.525736
-0.525755
-0.525774
-0.525794
-0.525814
