-1.6293
-1.6293
-1.62924
-1.62918
-1.62912
-1.62905
-1.62899
-1.62893
-1.62887
-1.62881
-1.62875
-1.62869
-1.62863
-1.62857
-1.6285
-1.62844
-1.62838
-1.62832
-1.62826
-1.6282
-1.62814
-1.62808
-1.62802
-1.62796
-1.6279
-1.62785
-1.62779
-1.62773
-1.62767
-1.62761
-1.62755
-1.6275
-1.62744
-1.62738
-1.62733
-1.62727
-1.62721
-1.62716
-1.6271
-1.62705
-1.62699
-1.62694
-1.62689
-1.62683
-1.62678
-1.62673
-1.62667
-1.62662
-1.62657
-1.62652
-1.62647
-1.62642
-1.62637
-1.62632
-1.62628
-1.62623
-1.62618
-1.62613
-1.62609
-1.62604
-1.626
-1.62595
-1.62591
-1.62586
-1.62582
-1.62578
-1.62574
-1.6257
-1.62566
-1.62562
-1.62558
-1.62554
-1.6255
-1.62547
-1.62543
-1.62539
-1.62536
-1.62532
-1.62529
-1.62526
-1.62523
-1.62519
-1.62516
-1.62513
-1.6251
-1.62508
-1.62505
-1.62502
-1.62499
-1.62497
-1.62494
-1.62492
-1.6249
-1.62487
-1.62485
-1.62483
-1.62481
-1.62479
-1.62477
-1.62476
-1.62474
-1.62472
-1.62471
-1.62469
-1.62468
-1.62467
-1.62465
-1.62464
-1.62463
-1.62462
-1.62461
-1.62461
-1.6246
-1.62459
-1.62459
-1.62458
-1.62458
-1.62458
-1.62457
-1.62457
-1.62457
-1.62457
-1.62458
-1.62458
-1.62458
-1.62459
-1.62459
-1.6246
-1.6246
-1.62461
-1.62462
-1.62463
-1.62464
-1.62465
-1.62466
-1.62467
-1.62469
-1.6247
-1.62472
-1.62473
-1.62475
-1.62477
-1.62478
-1.6248
-1.62482
-1.62485
-1.62487
-1.62489
-1.62491
-1.62494
-1.62496
-1.62499
-1.62501
-1.62504
-1.62507
-1.6251
-1.62513
-1.62516
-1.62519
-1.62522
-1.62526
-1.62529
-1.62532
-1.62536
-1.62539
-1.62543
-1.62547
-1.62551
-1.62555
-1.62558
-1.62563
-1.62567
-1.62571
-1.62575
-1.62579
-1.62584
-1.62588
-1.62593
-1.62597
-1.62602
-1.62606
-1.62611
-1.62616
-1.62621
-1.62626
-1.62631
-1.62636
-1.62641
-1.62646
-1.62651
-1.62657
-1.62662
-1.62667
-1.62673
-1.62678
-1.62684
-1.62689
-1.62695
-1.62701
-1.62706
-1.62712
-1.62718
-1.62724
-1.6273
-1.62736
-1.62742
-1.62748
-1.62754
-1.6276
-1.62766
-1.62772
-1.62778
-1.62785
-1.62791
-1.62797
-1.62804
-1.6281
-1.62816
-1.62823
-1.62829
-1.62836
-1.62842
-1.62849
-1.62855
-1.62862
-1.62868
-1.62875
-1.62882
-1.62888
-1.62895
-1.62901
-1.62908
-1.62915
-1.62922
-1.62928
-1.62935
-1.62942
-1.62948
-1.62955
-1.62962
-1.62968
-1.62975
-1.62982
-1.62989
-1.62995
-1.63002
-1.63009
-1.63015
-1.63022
-1.63029
-1.63036
-1.63042
-1.63049
-1.63055
-1.63062
-1.63069
-1.63075
-1.63082
-1.63088
-1.63095
-1.63101
-1.63108
-1.63114
-1.63121
-1.63127
-1.63134
-1.6314
-1.63146
-1.63153
-1.63159
-1.63165
-1.63171
-1.63177
-1.63183
-1.6319
-1.63196
-1.63202
-1.63208
-1.63213
-1.63219
-1.63225
-1.63231
-1.63237
-1.63242
-1.63248
-1.63254
-1.63259
-1.63265
-1.6327
-1.63275
-1.63281
-1.63286
-1.63291
-1.63296
-1.63301
-1.63306
-1.63311
-1.63316
-1.63321
-1.63326
-1.63331
-1.63335
-1.6334
-1.63344
-1.63349
-1.63353
-1.63358
-1.63362
-1.63366
-1.6337
-1.63374
-1.63378
-1.63382
-1.63386
-1.6339
-1.63393
-1.63397
-1.634
-1.63404
-1.63407
-1.6341
-1.63414
-1.63417
-1.6342
-1.63423
-1.63426
-1.63428
-1.63431
-1.63434
-1.63436
-1.63439
-1.63441
-1.63443
-1.63445
-1.63447
-1.63449
-1.63451
-1.63453
-1.63455
-1.63457
-1.63458
-1.6346
-1.63461
-1.63462
-1.63464
-1.63465
-1.63466
-1.63467
-1.63467
-1.63468
-1.63469
-1.63469
-1.6347
-1.6347
-1.63471
-1.63471
-1.63471
-1.63471
-1.63471
-1.63471
-1.6347
-1.6347
-1.63469
-1.63469
-1.63468
-1.63467
-1.63467
-1.63466
-1.63465
-1.63464
-1.63462
-1.63461
-1.6346
-1.63458
-1.63457
-1.63455
-1.63453
-1.63451
-1.63449
-1.63447
-1.63445
-1.63443
-1.63441
-1.63438
-1.63436
-1.63433
-1.63431
-1.63428
-1.63425
-1.63422
-1.63419
-1.63416
-1.63413
-1.63409
-1.63406
-1.63403
-1.63399
-1.63395
-1.63392
-1.63388
-1.63384
-1.6338
-1.63376
-1.63372
-1.63368
-1.63364
-1.63359
-1.63355
-1.6335
-1.63346
-1.63341
-1.63336
-1.63332
-1.63327
-1.63322
-1.63317
-1.63312
-1.63307
-1.63301
-1.63296
-1.63291
-1.63285
-1.6328
-1.63274
-1.63269
-1.63263
-1.63257
-1.63251
-1.63246
-1.6324
-1.63234
-1.63228
-1.63222
-1.63216
-1.63209
-1.63203
-1.63197
-1.6319
-1.63184
-1.63178
-1.63171
-1.63165
-1.63158
-1.63151
-1.63145
-1.63138
-1.63131
-1.63125
-1.63118
-1.63111
-1.63104
-1.63097
-1.6309
-1.63083
-1.63076
-1.63069
-1.63062
-1.63055
-1.63048
-1.6304
-1.63033
-1.63026
-1.63019
-1.63012
-1.63004
-1.62997
-1.6299
-1.62982
-1.62975
-1.62968
-1.6296
-1.62953
-1.62946
-1.62938
-1.62931
-1.62924
-1.62916
-1.62909
-1.62901
-1.62894
-1.62887
-1.62879
-1.62872
-1.62864
-1.62857
-1.6285
-1.62842
-1.62835
-1.62828
-1.6282
-1.62813
-1.62806
-1.62798
-1.62791
-1.62784
-1.62777
-1.6277
-1.62762
-1.62755
-1.62748
-1.62741
-1.62734
-1.62727
-1.6272
-1.62713
-1.62706
-1.62699
-1.62692
-1.62686
-1.62679
-1.62672
-1.62665
-1.62659
-1.62652
-1.62646
-1.62639
-1.62633
-1.62626
-1.6262
-1.62613
-1.62607
-1.62601
-1.62595
-1.62589
-1.62583
-1.62577
-1.62571
-1.62565
-1.62559
-1.62553
-1.62548
-1.62542
-1.62536
-1.62531
-1.62526
-1.6252
-1.62515
-1.6251
-1.62504
-1.62499
-1.62494
-1.62489
-1.62485
-1.6248
-1.62475
-1.62471
-1.62466
-1.62461
-1.62457
-1.62453
-1.62449
-1.62444
-1.6244
-1.62436
-1.62433
-1.62429
-1.62425
-1.62421
-1.62418
-1.62414
-1.62411
-1.62408
-1.62405
-1.62401
-1.62398
-1.62396
-1.62393
-1.6239
-1.62387
-1.62385
-1.62382
-1.6238
-1.62378
-1.62376
-1.62374
-1.62372
-1.6237
-1.62368
-1.62366
-1.62365
-1.62363
-1.62362
-1.62361
-1.62359
-1.62358
-1.62357
-1.62357
-1.62356
-1.62355
-1.62355
-1.62354
-1.62354
-1.62354
-1.62353
-1.62353
-1.62353
-1.62354
-1.62354
-1.62354
-1.62355
-1.62355
-1.62356
-1.62357
-1.62358
-1.62359
-1.6236
-1.62361
-1.62362
-1.62364
-1.62365
-1.62367
-1.62368
-1.6237
-1.62372
-1.62374
-1.62376
-1.62378
-1.62381
-1.62383
-1.62386
-1.62388
-1.62391
-1.62394
-1.62397
-1.624
-1.62403
-1.62406
-1.62409
-1.62413
-1.62416
-1.6242
-1.62423
-1.62427
-1.62431
-1.62435
-1.62439
-1.62443
-1.62447
-1.62451
-1.62456
-1.6246
-1.62465
-1.6247
-1.62474
-1.62479
-1.62484
-1.62489
-1.62494
-1.62499
-1.62505
-1.6251
-1.62515
-1.62521
-1.62526
-1.62532
-1.62538
-1.62544
-1.62549
-1.62555
-1.62561
-1.62567
-1.62574
-1.6258
-1.62586
-1.62592
-1.62599
-1.62605
-1.62612
-1.62619
-1.62625
-1.62632
-1.62639
-1.62646
-1.62653
-1.6266
-1.62667
-1.62674
-1.62681
-1.62688
-1.62695
-1.62703
-1.6271
-1.62717
-1.62725
-1.62732
-1.6274
-1.62747
-1.62755
-1.62762
-1.6277
-1.62778
-1.62786
-1.62793
-1.62801
-1.62809
-1.62817
-1.62825
-1.62833
-1.62841
-1.62849
-1.62857
-1.62865
-1.62873
-1.62881
-1.62889
-1.62897
-1.62905
-1.62913
-1.62921
-1.62929
-1.62937
-1.62946
-1.62954
-1.62962
-1.6297
-1.62978
-1.62986
-1.62995
-1.63003
-1.63011
-1.63019
-1.63027
-1.63035
-1.63044
-1.63052
-1.6306
-1.63068
-1.63076
-1.63084
-1.63092
-1.631
-1.63108
-1.63116
-1.63124
-1.63132
-1.6314
-1.63148
-1.63156
-1.63163
-1.63171
-1.63179
-1.63187
-1.63194
-1.63202
-1.63209
-1.63217
-1.63225
-1.63232
-1.63239
-1.63247
-1.63254
-1.63261
-1.63269
-1.63276
-1.63283
-1.6329
-1.63297
-1.63304
-1.63311
-1.63318
-1.63324
-1.63331
-1.63338
-1.63344
-1.63351
-1.63357
-1.63364
-1.6337
-1.63376
-1.63383
-1.63389
-1.63395
-1.63401
-1.63406
-1.63412
-1.63418
-1.63424
-1.63429
-1.63435
-1.6344
-1.63445
-1.63451
-1.63456
-1.63461
-1.63466
-1.63471
-1.63475
-1.6348
-1.63485
-1.63489
-1.63494
-1.63498
-1.63502
-1.63506
-1.6351
-1.63514
-1.63518
-1.63522
-1.63526
-1.63529
-1.63533
-1.63536
-1.63539
-1.63542
-1.63545
-1.63548
-1.63551
-1.63554
-1.63557
-1.63559
-1.63561
-1.63564
-1.63566
-1.63568
-1.6357
-1.63572
-1.63574
-1.63575
-1.63577
-1.63578
-1.63579
-1.63581
-1.63582
-1.63583
-1.63583
-1.63584
-1.63585
-1.63585
-1.63586
-1.63586
-1.63586
-1.63586
-1.63586
-1.63586
-1.63586
-1.63585
-1.63585
-1.63584
-1.63583
-1.63583
-1.63582
-1.6358
-1.63579
-1.63578
-1.63576
-1.63575
-1.63573
-1.63571
-1.63569
-1.63567
-1.63565
-1.63563
-1.63561
-1.63558
-1.63556
-1.63553
-1.6355
-1.63547
-1.63544
-1.63541
-1.63538
-1.63534
-1.63531
-1.63527
-1.63524
-1.6352
-1.63516
-1.63512
-1.63508
-1.63504
-1.63499
-1.63495
-1.6349
-1.63486
-1.63481
-1.63476
-1.63471
-1.63466
-1.63461
-1.63456
-1.6345
-1.63445
-1.6344
-1.63434
-1.63428
-1.63422
-1.63416
-1.6341
-1.63404
-1.63398
-1.63392
-1.63386
-1.63379
-1.63373
-1.63366
-1.63359
-1.63353
-1.63346
-1.63339
-1.63332
-1.63325
-1.63317
-1.6331
-1.63303
-1.63296
-1.63288
-1.6328
-1.63273
-1.63265
-1.63257
-1.6325
-1.63242
-1.63234
-1.63226
-1.63218
-1.6321
-1.63202
-1.63193
-1.63185
-1.63177
-1.63168
-1.6316
-1.63151
-1.63143
-1.63134
-1.63126
-1.63117
-1.63108
-1.63099
-1.63091
-1.63082
-1.63073
-1.63064
-1.63055
-1.63046
-1.63037
-1.63028
-1.63019
-1.6301
-1.63001
-1.62992
-1.62982
-1.62973
-1.62964
-1.62955
-1.62946
-1.62936
-1.62927
-1.62918
-1.62909
-1.62899
-1.6289
-1.62881
-1.62872
-1.62862
-1.62853
-1.62844
-1.62835
-1.62825
-1.62816
-1.62807
-1.62798
-1.62788
-1.62779
-1.6277
-1.62761
-1.62752
-1.62742
-1.62733
-1.62724
-1.62715
-1.62706
-1.62697
-1.62688
-1.62679
-1.6267
-1.62662
-1.62653
-1.62644
-1.62635
-1.62626
-1.62618
-1.62609
-1.62601
-1.62592
-1.62584
-1.62575
-1.62567
-1.62558
-1.6255
-1.62542
-1.62534
-1.62526
-1.62518
-1.6251
-1.62502
-1.62494
-1.62486
-1.62479
-1.62471
-1.62463
-1.62456
-1.62449
-1.62441
-1.62434
-1.62427
-1.6242
-1.62413
-1.62406
-1.62399
-1.62392
-1.62386
-1.62379
-1.62373
-1.62366
-1.6236
-1.62354
-1.62348
-1.62342
-1.62336
-1.6233
-1.62324
-1.62318
-1.62313
-1.62307
-1.62302
-1.62297
-1.62292
-1.62287
-1.62282
-1.62277
-1.62272
-1.62268
-1.62263
-1.62259
-1.62255
-1.62251
-1.62247
-1.62243
-1.62239
-1.62236
-1.62232
-1.62229
-1.62225
-1.62222
-1.62219
-1.62216
-1.62213
-1.62211
-1.62208
-1.62206
-1.62203
-1.62201
-1.62199
-1.62197
-1.62195
-1.62194
-1.62192
-1.62191
-1.6219
-1.62188
-1.62187
-1.62186
-1.62186
-1.62185
-1.62185
-1.62184
-1.62184
-1.62184
-1.62184
-1.62184
-1.62184
-1.62185
-1.62185
-1.62186
-1.62187
-1.62188
-1.62189
-1.6219
-1.62192
-1.62193
-1.62195
-1.62196
-1.62198
-1.622
-1.62203
-1.62205
-1.62207
-1.6221
-1.62212
-1.62215
-1.62218
-1.62221
-1.62225
-1.62228
-1.62231
-1.62235
-1.62239
-1.62243
-1.62247
-1.62251
-1.62255
-1.62259
-1.62264
-1.62268
-1.62273
-1.62278
-1.62283
-1.62288
-1.62293
-1.62299
-1.62304
-1.6231
-1.62315
-1.62321
-1.62327
-1.62333
-1.62339
-1.62346
-1.62352
-1.62359
-1.62365
-1.62372
-1.62379
-1.62386
-1.62393
-1.624
-1.62407
-1.62415
-1.62422
-1.6243
-1.62437
-1.62445
-1.62453
-1.62461
-1.62469
-1.62477
-1.62486
-1.62494
-1.62502
-1.62511
-1.6252
-1.62528
-1.62537
-1.62546
-1.62555
-1.62564
-1.62573
-1.62582
-1.62592
-1.62601
-1.6261
-1.6262
-1.62629
-1.62639
-1.62649
-1.62659
-1.62668
-1.62678
-1.62688
-1.62698
-1.62708
-1.62718
-1.62729
-1.62739
-1.62749
-1.6276
-1.6277
-1.6278
-1.62791
-1.62801
-1.62812
-1.62823
-1.62833
-1.62844
-1.62855
-1.62865
-1.62876
-1.62887
-1.62898
-1.62909
-1.62919
-1.6293
-1.62941
-1.62952
-1.62963
-1.62974
-1.62985
-1.62996
-1.63007
-1.63018
-1.63029
-1.6304
-1.63051
-1.63062
-1.63073
-1.63084
-1.63095
-1.63106
-1.63117
-1.63128
-1.63139
-1.6315
-1.6316
-1.63171
-1.63182
-1.63193
-1.63204
-1.63215
-1.63225
-1.63236
-1.63247
-1.63257
-1.63268
-1.63278
-1.63289
-1.63299
-1.6331
-1.6332
-1.63331
-1.63341
-1.63351
-1.63361
-1.63371
-1.63381
-1.63391
-1.63401
-1.63411
-1.63421
-1.63431
-1.6344
-1.6345
-1.63459
-1.63469
-1.63478
-1.63487
-1.63497
-1.63506
-1.63515
-1.63524
-1.63533
-1.63541
-1.6355
-1.63559
-1.63567
-1.63576
-1.63584
-1.63592
-1.636
-1.63608
-1.63616
-1.63624
-1.63631
-1.63639
-1.63646
-1.63654
-1.63661
-1.63668
-1.63675
-1.63682
-1.63689
-1.63695
-1.63702
-1.63708
-1.63715
-1.63721
-1.63727
-1.63733
-1.63739
-1.63744
-1.6375
-1.63755
-1.6376
-1.63765
-1.6377
-1.63775
-1.6378
-1.63784
-1.63789
-1.63793
-1.63797
-1.63801
-1.63805
-1.63809
-1.63812
-1.63816
-1.63819
-1.63822
-1.63825
-1.63828
-1.6383
-1.63833
-1.63835
-1.63837
-1.63839
-1.63841
-1.63843
-1.63845
-1.63846
-1.63847
-1.63848
-1.63849
-1.6385
-1.63851
-1.63851
-1.63851
-1.63852
-1.63852
-1.63851
-1.63851
-1.6385
-1.6385
-1.63849
-1.63848
-1.63847
-1.63845
-1.63844
-1.63842
-1.6384
-1.63838
-1.63836
-1.63834
-1.63832
-1.63829
-1.63826
-1.63823
-1.6382
-1.63817
-1.63813
-1.6381
-1.63806
-1.63802
-1.63798
-1.63794
-1.63789
-1.63785
-1.6378
-1.63775
-1.6377
-1.63765
-1.63759
-1.63754
-1.63748
-1.63742
-1.63736
-1.6373
-1.63724
-1.63717
-1.63711
-1.63704
-1.63697
-1.6369
-1.63683
-1.63676
-1.63668
-1.6366
-1.63653
-1.63645
-1.63637
-1.63628
-1.6362
-1.63612
-1.63603
-1.63594
-1.63585
-1.63576
-1.63567
-1.63558
-1.63548
-1.63539
-1.63529
-1.63519
-1.63509
-1.63499
-1.63489
-1.63479
-1.63468
-1.63458
-1.63447
-1.63437
-1.63426
-1.63415
-1.63404
-1.63392
-1.63381
-1.6337
-1.63358
-1.63346
-1.63335
-1.63323
-1.63311
-1.63299
-1.63287
-1.63275
-1.63262
-1.6325
-1.63238
-1.63225
-1.63213
-1.632
-1.63187
-1.63174
-1.63161
-1.63148
-1.63135
-1.63122
-1.63109
-1.63096
-1.63083
-1.63069
-1.63056
-1.63042
-1.63029
-1.63015
-1.63002
-1.62988
-1.62975
-1.62961
-1.62947
-1.62933
-1.62919
-1.62906
-1.62892
-1.62878
-1.62864
-1.6285
-1.62836
-1.62822
-1.62808
-1.62794
-1.6278
-1.62766
-1.62752
-1.62738
-1.62724
-1.6271
-1.62696
-1.62682
-1.62668
-1.62654
-1.6264
-1.62626
-1.62613
-1.62599
-1.62585
-1.62571
-1.62557
-1.62544
-1.6253
-1.62516
-1.62503
-1.62489
-1.62476
-1.62462
-1.62449
-1.62435
-1.62422
-1.62409
-1.62396
-1.62383
-1.6237
-1.62357
-1.62344
-1.62331
-1.62318
-1.62306
-1.62293
-1.6228
-1.62268
-1.62256
-1.62244
-1.62231
-1.62219
-1.62208
-1.62196
-1.62184
-1.62173
-1.62161
-1.6215
-1.62139
-1.62127
-1.62116
-1.62106
-1.62095
-1.62084
-1.62074
-1.62063
-1.62053
-1.62043
-1.62033
-1.62023
-1.62014
-1.62004
-1.61995
-1.61986
-1.61977
-1.61968
-1.61959
-1.61951
-1.61942
-1.61934
-1.61926
-1.61918
-1.61911
-1.61903
-1.61896
-1.61889
-1.61882
-1.61875
-1.61868
-1.61862
-1.61856
-1.6185
-1.61844
-1.61838
-1.61833
-1.61828
-1.61822
-1.61818
-1.61813
-1.61809
-1.61804
-1.618
-1.61797
-1.61793
-1.6179
-1.61787
-1.61784
-1.61781
-1.61779
-1.61776
-1.61774
-1.61773
-1.61771
-1.6177
-1.61769
-1.61768
-1.61767
-1.61767
-1.61767
-1.61767
-1.61767
-1.61768
-1.61769
-1.6177
-1.61771
-1.61773
-1.61775
-1.61777
-1.61779
-1.61782
-1.61785
-1.61788
-1.61791
-1.61795
-1.61799
-1.61803
-1.61807
-1.61812
-1.61817
-1.61822
-1.61827
-1.61833
-1.61839
-1.61845
-1.61852
-1.61859
-1.61866
-1.61873
-1.61881
-1.61889
-1.61897
-1.61905
-1.61914
-1.61923
-1.61932
-1.61942
-1.61951
-1.61961
-1.61972
-1.61982
-1.61993
-1.62004
-1.62016
-1.62027
-1.62039
-1.62052
-1.62064
-1.62077
-1.6209
-1.62103
-1.62117
-1.62131
-1.62145
-1.62159
-1.62174
-1.62189
-1.62204
-1.6222
-1.62235
-1.62251
-1.62268
-1.62284
-1.62301
-1.62318
-1.62336
-1.62354
-1.62371
-1.6239
-1.62408
-1.62427
-1.62446
-1.62465
-1.62485
-1.62504
-1.62525
-1.62545
-1.62565
-1.62586
-1.62607
-1.62629
-1.6265
-1.62672
-1.62694
-1.62717
-1.62739
-1.62762
-1.62785
-1.62809
-1.62832
-1.62856
-1.6288
-1.62905
-1.62929
-1.62954
-1.62979
-1.63005
-1.6303
-1.63056
-1.63082
-1.63108
-1.63135
-1.63161
-1.63188
-1.63215
-1.63243
-1.6327
-1.63298
-1.63326
-1.63355
-1.63383
-1.63412
-1.63441
-1.6347
-1.63499
-1.63529
-1.63558
-1.63588
-1.63618
-1.63649
-1.63679
-1.6371
-1.63741
-1.63772
-1.63803
-1.63835
-1.63867
-1.63898
-1.6393
-1.63963
-1.63995
-1.64028
-1.6406
-1.64093
-1.64126
-1.64159
-1.64193
-1.64226
-1.6426
-1.64294
-1.64328
-1.64362
-1.64397
-1.64431
-1.64466
-1.645
-1.64535
-1.6457
-1.64606
-1.64641
-1.64676
-1.64712
-1.64748
-1.64783
-1.64819
-1.64855
-1.64892
-1.64928
-1.64964
-1.65001
-1.65037
-1.65074
-1.65111
-1.65148
-1.65185
-1.65222
-1.65259
-1.65296
-1.65334
-1.65371
-1.65409
-1.65446
-1.65484
-1.65522
-1.6556
-1.65598
-1.65636
-1.65674
-1.65712
-1.6575
-1.65788
-1.65826
-1.65865
-1.65903
-1.65941
-1.6598
-1.66018
-1.66057
-1.66096
-1.66134
-1.66173
-1.66212
-1.6625
-1.66289
-1.66328
-1.66366
-1.66405
-1.66444
-1.66483
-1.66522
-1.6656
-1.66599
-1.66638
-1.66677
-1.66716
-1.66755
-1.66793
-1.66832
-1.66871
-1.6691
-1.66949
-1.66987
-1.67026
-1.67065
-1.67104
-1.67142
-1.67181
-1.67219
-1.67258
-1.67297
-1.67335
-1.67374
-1.67412
-1.6745
-1.67489
-1.67527
-1.67565
-1.67603
-1.67641
-1.6768
-1.67718
-1.67755
-1.67793
-1.67831
-1.67869
-1.67907
-1.67944
-1.67982
-1.68019
-1.68057
-1.68094
-1.68131
-1.68168
-1.68206
-1.68243
-1.68279
-1.68316
-1.68353
-1.6839
-1.68426
-1.68463
-1.68499
-1.68535
-1.68572
-1.68608
-1.68644
-1.6868
-1.68715
-1.68751
-1.68787
-1.68822
-1.68857
-1.68893
-1.68928
-1.68963
-1.68998
-1.69033
-1.69067
-1.69102
-1.69136
-1.69171
-1.69205
-1.69239
-1.69273
-1.69307
-1.69341
-1.69374
-1.69408
-1.69441
-1.69474
-1.69507
-1.6954
-1.69573
-1.69606
-1.69639
-1.69671
-1.69704
-1.69736
-1.69768
-1.698
-1.69832
-1.69863
-1.69895
-1.69926
-1.69958
-1.69989
-1.7002
-1.70051
-1.70081
-1.70112
-1.70143
-1.70173
-1.70203
-1.70233
-1.70263
-1.70293
-1.70323
-1.70352
-1.70382
-1.70411
-1.7044
-1.70469
-1.70498
-1.70527
-1.70555
-1.70584
-1.70612
-1.7064
-1.70669
-1.70696
-1.70724
-1.70752
-1.7078
-1.70807
-1.70834
-1.70861
-1.70889
-1.70915
-1.70942
-1.70969
-1.70995
-1.71022
-1.71048
-1.71074
-1.711
-1.71126
-1.71152
-1.71178
-1.71203
-1.71229
-1.71254
-1.71279
-1.71305
-1.7133
-1.71354
-1.71379
-1.71404
-1.71428
-1.71453
-1.71477
-1.71501
-1.71526
-1.7155
-1.71574
-1.71597
-1.71621
-1.71645
-1.71668
-1.71692
-1.71715
-1.71738
-1.71761
-1.71785
-1.71808
-1.7183
-1.71853
-1.71876
-1.71899
-1.71921
-1.71944
-1.71966
-1.71988
-1.72011
-1.72033
-1.72055
-1.72077
-1.72099
-1.72121
-1.72143
-1.72165
-1.72187
-1.72208
-1.7223
-1.72251
-1.72273
-1.72294
-1.72316
-1.72337
-1.72359
-1.7238
-1.72401
-1.72423
-1.72444
-1.72465
-1.72486
-1.72507
-1.72528
-1.72549
-1.7257
-1.72591
-1.72612
-1.72633
-1.72654
-1.72675
-1.72696
-1.72717
-1.72738
-1.72759
-1.7278
-1.72801
-1.72822
-1.72842
-1.72863
-1.72884
-1.72905
-1.72926
-1.72947
-1.72968
-1.72989
-1.7301
-1.73031
-1.73052
-1.73073
-1.73095
-1.73116
-1.73137
-1.73158
-1.73179
-1.73201
-1.73222
-1.73243
-1.73265
-1.73286
-1.73308
-1.7333
-1.73351
-1.73373
-1.73395
-1.73417
-1.73438
-1.7346
-1.73482
-1.73505
-1.73527
-1.73549
-1.73571
-1.73594
-1.73616
-1.73639
-1.73662
-1.73684
-1.73707
-1.7373
-1.73753
-1.73776
-1.73799
-1.73823
-1.73846
-1.7387
-1.73893
-1.73917
-1.73941
-1.73965
-1.73989
-1.74013
-1.74038
-1.74062
-1.74087
-1.74111
-1.74136
-1.74161
-1.74186
-1.74211
-1.74237
-1.74262
-1.74288
-1.74313
-1.74339
-1.74365
-1.74391
-1.74418
-1.74444
-1.74471
-1.74498
-1.74524
-1.74552
-1.74579
-1.74606
-1.74634
-1.74661
-1.74689
-1.74717
-1.74745
-1.74774
-1.74802
-1.74831
-1.7486
-1.74889
-1.74918
-1.74947
-1.74977
-1.75006
-1.75036
-1.75066
-1.75097
-1.75127
-1.75158
-1.75188
-1.75219
-1.75251
-1.75282
-1.75313
-1.75345
-1.75377
-1.75409
-1.75441
-1.75474
-1.75506
-1.75539
-1.75572
-1.75606
-1.75639
-1.75673
-1.75706
-1.7574
-1.75775
-1.75809
-1.75844
-1.75879
-1.75914
-1.75949
-1.75984
-1.7602
-1.76056
-1.76092
-1.76128
-1.76164
-1.76201
-1.76238
-1.76275
-1.76312
-1.7635
-1.76387
-1.76425
-1.76463
-1.76501
-1.7654
-1.76579
-1.76617
-1.76657
-1.76696
-1.76735
-1.76775
-1.76815
-1.76855
-1.76895
-1.76936
-1.76977
-1.77018
-1.77059
-1.771
-1.77142
-1.77183
-1.77225
-1.77267
-1.7731
-1.77352
-1.77395
-1.77438
-1.77481
-1.77524
-1.77568
-1.77612
-1.77656
-1.777
-1.77744
-1.77789
-1.77833
-1.77878
-1.77923
-1.77969
-1.78014
-1.7806
-1.78106
-1.78152
-1.78198
-1.78244
-1.78291
-1.78338
-1.78385
-1.78432
-1.78479
-1.78527
-1.78574
-1.78622
-1.7867
-1.78718
-1.78767
-1.78815
-1.78864
-1.78913
-1.78962
-1.79011
-1.7906
-1.7911
-1.7916
-1.79209
-1.79259
-1.7931
-1.7936
-1.7941
-1.79461
-1.79512
-1.79563
-1.79614
-1.79665
-1.79716
-1.79768
-1.79819
-1.79871
-1.79923
-1.79975
-1.80027
-1.80079
-1.80132
-1.80184
-1.80237
-1.8029
-1.80343
-1.80396
-1.80449
-1.80502
-1.80555
-1.80609
-1.80663
-1.80716
-1.8077
-1.80824
-1.80878
-1.80932
-1.80986
-1.8104
-1.81095
-1.81149
-1.81204
-1.81258
-1.81313
-1.81368
-1.81423
-1.81478
-1.81533
-1.81588
-1.81643
-1.81698
-1.81754
-1.81809
-1.81864
-1.8192
-1.81975
-1.82031
-1.82087
-1.82142
-1.82198
-1.82254
-1.82309
-1.82365
-1.82421
-1.82477
-1.82533
-1.82589
-1.82645
-1.82701
-1.82757
-1.82813
-1.82869
-1.82925
-1.82981
-1.83037
-1.83094
-1.8315
-1.83206
-1.83262
-1.83318
-1.83374
-1.8343
-1.83486
-1.83542
-1.83599
-1.83655
-1.83711
-1.83767
-1.83823
-1.83879
-1.83934
-1.8399
-1.84046
-1.84102
-1.84158
-1.84214
-1.84269
-1.84325
-1.8438
-1.84436
-1.84491
-1.84547
-1.84602
-1.84658
-1.84713
-1.84768
-1.84823
-1.84878
-1.84933
-1.84988
-1.85043
-1.85098
-1.85152
-1.85207
-1.85261
-1.85316
-1.8537
-1.85424
-1.85478
-1.85532
-1.85586
-1.8564
-1.85694
-1.85747
-1.85801
-1.85854
-1.85907
-1.85961
-1.86014
-1.86067
-1.86119
-1.86172
-1.86225
-1.86277
-1.86329
-1.86381
-1.86433
-1.86485
-1.86537
-1.86589
-1.8664
-1.86691
-1.86743
-1.86794
-1.86844
-1.86895
-1.86946
-1.86996
-1.87046
-1.87096
-1.87146
-1.87196
-1.87246
-1.87295
-1.87344
-1.87393
-1.87442
-1.87491
-1.8754
-1.87588
-1.87636
-1.87684
-1.87732
-1.8778
-1.87827
-1.87875
-1.87922
-1.87969
-1.88015
-1.88062
-1.88108
-1.88154
-1.882
-1.88246
-1.88292
-1.88337
-1.88382
-1.88427
-1.88472
-1.88517
-1.88561
-1.88605
-1.88649
-1.88693
-1.88736
-1.88779
-1.88823
-1.88865
-1.88908
-1.8895
-1.88993
-1.89035
-1.89076
-1.89118
-1.89159
-1.892
-1.89241
-1.89282
-1.89322
-1.89363
-1.89403
-1.89442
-1.89482
-1.89521
-1.8956
-1.89599
-1.89638
-1.89676
-1.89714
-1.89752
-1.8979
-1.89827
-1.89865
-1.89902
-1.89938
-1.89975
-1.90011
-1.90047
-1.90083
-1.90118
-1.90154
-1.90189
-1.90224
-1.90258
-1.90293
-1.90327
-1.90361
-1.90394
-1.90428
-1.90461
-1.90494
-1.90527
-1.90559
-1.90591
-1.90623
-1.90655
-1.90686
-1.90718
-1.90749
-1.90779
-1.9081
-1.9084
-1.9087
-1.909
-1.9093
-1.90959
-1.90988
-1.91017
-1.91045
-1.91074
-1.91102
-1.9113
-1.91157
-1.91185
-1.91212
-1.91239
-1.91265
-1.91292
-1.91318
-1.91344
-1.9137
-1.91395
-1.9142
-1.91445
-1.9147
-1.91495
-1.91519
-1.91543
-1.91567
-1.9159
-1.91614
-1.91637
-1.9166
-1.91682
-1.91705
-1.91727
-1.91749
-1.91771
-1.91792
-1.91814
-1.91835
-1.91855
-1.91876
-1.91896
-1.91917
-1.91936
-1.91956
-1.91976
-1.91995
-1.92014
-1.92033
-1.92051
-1.9207
-1.92088
-1.92106
-1.92123
-1.92141
-1.92158
-1.92175
-1.92192
-1.92209
-1.92225
-1.92241
-1.92257
-1.92273
-1.92289
-1.92304
-1.92319
-1.92334
-1.92349
-1.92363
-1.92378
-1.92392
-1.92406
-1.92419
-1.92433
-1.92446
-1.92459
-1.92472
-1.92485
-1.92497
-1.9251
-1.92522
-1.92534
-1.92545
-1.92557
-1.92568
-1.92579
-1.9259
-1.92601
-1.92612
-1.92622
-1.92632
-1.92642
-1.92652
-1.92662
-1.92671
-1.9268
-1.92689
-1.92698
-1.92707
-1.92715
-1.92724
-1.92732
-1.9274
-1.92748
-1.92755
-1.92763
-1.9277
-1.92777
-1.92784
-1.92791
-1.92797
-1.92804
-1.9281
-1.92816
-1.92822
-1.92828
-1.92833
-1.92839
-1.92844
-1.92849
-1.92854
-1.92859
-1.92863
-1.92868
-1.92872
-1.92876
-1.9288
-1.92883
-1.92887
-1.92891
-1.92894
-1.92897
-1.929
-1.92903
-1.92905
-1.92908
-1.9291
-1.92912
-1.92914
-1.92916
-1.92918
-1.92919
-1.92921
-1.92922
-1.92923
-1.92924
-1.92925
-1.92925
-1.92926
-1.92926
-1.92926
-1.92926
-1.92926
-1.92926
-1.92926
-1.92925
-1.92924
-1.92923
-1.92922
-1.92921
-1.9292
-1.92919
-1.92917
-1.92915
-1.92913
-1.92911
-1.92909
-1.92907
-1.92904
-1.92902
-1.92899
-1.92896
-1.92893
-1.9289
-1.92886
-1.92883
-1.92879
-1.92875
-1.92871
-1.92867
-1.92863
-1.92859
-1.92854
-1.9285
-1.92845
-1.9284
-1.92835
-1.92829
-1.92824
-1.92818
-1.92813
-1.92807
-1.92801
-1.92795
-1.92789
-1.92782
-1.92775
-1.92769
-1.92762
-1.92755
-1.92748
-1.9274
-1.92733
-1.92725
-1.92717
-1.92709
-1.92701
-1.92693
-1.92685
-1.92676
-1.92667
-1.92659
-1.9265
-1.9264
-1.92631
-1.92622
-1.92612
-1.92602
-1.92592
-1.92582
-1.92572
-1.92561
-1.92551
-1.9254
-1.92529
-1.92518
-1.92507
-1.92495
-1.92484
-1.92472
-1.9246
-1.92448
-1.92436
-1.92423
-1.92411
-1.92398
-1.92385
-1.92372
-1.92358
-1.92345
-1.92331
-1.92318
-1.92304
-1.92289
-1.92275
-1.92261
-1.92246
-1.92231
-1.92216
-1.92201
-1.92185
-1.9217
-1.92154
-1.92138
-1.92122
-1.92105
-1.92089
-1.92072
-1.92055
-1.92038
-1.9202
-1.92003
-1.91985
-1.91967
-1.91949
-1.91931
-1.91912
-1.91893
-1.91874
-1.91855
-1.91836
-1.91816
-1.91797
-1.91777
-1.91757
-1.91736
-1.91716
-1.91695
-1.91674
-1.91652
-1.91631
-1.91609
-1.91587
-1.91565
-1.91543
-1.9152
-1.91498
-1.91475
-1.91451
-1.91428
-1.91404
-1.9138
-1.91356
-1.91332
-1.91307
-1.91282
-1.91257
-1.91232
-1.91206
-1.91181
-1.91155
-1.91128
-1.91102
-1.91075
-1.91048
-1.91021
-1.90993
-1.90966
-1.90938
-1.90909
-1.90881
-1.90852
-1.90823
-1.90794
-1.90764
-1.90735
-1.90704
-1.90674
-1.90644
-1.90613
-1.90582
-1.9055
-1.90519
-1.90487
-1.90455
-1.90422
-1.9039
-1.90357
-1.90324
-1.9029
-1.90256
-1.90222
-1.90188
-1.90154
-1.90119
-1.90084
-1.90048
-1.90012
-1.89976
-1.8994
-1.89904
-1.89867
-1.8983
-1.89792
-1.89755
-1.89717
-1.89678
-1.8964
-1.89601
-1.89562
-1.89523
-1.89483
-1.89443
-1.89403
-1.89362
-1.89321
-1.8928
-1.89238
-1.89197
-1.89155
-1.89112
-1.89069
-1.89026
-1.88983
-1.8894
-1.88896
-1.88852
-1.88807
-1.88762
-1.88717
-1.88672
-1.88626
-1.8858
-1.88534
-1.88487
-1.8844
-1.88393
-1.88345
-1.88297
-1.88249
-1.88201
-1.88152
-1.88103
-1.88053
-1.88004
-1.87954
-1.87903
-1.87852
-1.87801
-1.8775
-1.87699
-1.87647
-1.87594
-1.87542
-1.87489
-1.87436
-1.87382
-1.87328
-1.87274
-1.8722
-1.87165
-1.8711
-1.87054
-1.86999
-1.86943
-1.86886
-1.8683
-1.86772
-1.86715
-1.86658
-1.866
-1.86541
-1.86483
-1.86424
-1.86365
-1.86305
-1.86245
-1.86185
-1.86125
-1.86064
-1.86003
-1.85941
-1.8588
-1.85817
-1.85755
-1.85692
-1.85629
-1.85566
-1.85502
-1.85439
-1.85374
-1.8531
-1.85245
-1.8518
-1.85114
-1.85048
-1.84982
-1.84916
-1.84849
-1.84782
-1.84715
-1.84647
-1.84579
-1.84511
-1.84442
-1.84374
-1.84304
-1.84235
-1.84165
-1.84095
-1.84025
-1.83954
-1.83883
-1.83812
-1.8374
-1.83668
-1.83596
-1.83524
-1.83451
-1.83378
-1.83305
-1.83231
-1.83157
-1.83083
-1.83008
-1.82934
-1.82859
-1.82783
-1.82708
-1.82632
-1.82556
-1.82479
-1.82402
-1.82325
-1.82248
-1.8217
-1.82093
-1.82014
-1.81936
-1.81857
-1.81778
-1.81699
-1.8162
-1.8154
-1.8146
-1.8138
-1.81299
-1.81218
-1.81137
-1.81056
-1.80974
-1.80892
-1.8081
-1.80728
-1.80645
-1.80562
-1.80479
-1.80396
-1.80312
-1.80228
-1.80144
-1.8006
-1.79975
-1.79891
-1.79805
-1.7972
-1.79635
-1.79549
-1.79463
-1.79377
-1.7929
-1.79203
-1.79116
-1.79029
-1.78942
-1.78854
-1.78766
-1.78678
-1.7859
-1.78501
-1.78413
-1.78324
-1.78235
-1.78145
-1.78056
-1.77966
-1.77876
-1.77786
-1.77695
-1.77605
-1.77514
-1.77423
-1.77332
-1.7724
-1.77149
-1.77057
-1.76965
-1.76873
-1.76781
-1.76688
-1.76595
-1.76502
-1.76409
-1.76316
-1.76223
-1.76129
-1.76035
-1.75941
-1.75847
-1.75753
-1.75658
-1.75564
-1.75469
-1.75374
-1.75279
-1.75183
-1.75088
-1.74992
-1.74896
-1.748
-1.74704
-1.74608
-1.74512
-1.74415
-1.74318
-1.74222
-1.74125
-1.74027
-1.7393
-1.73833
-1.73735
-1.73637
-1.7354
-1.73442
-1.73344
-1.73245
-1.73147
-1.73048
-1.7295
-1.72851
-1.72752
-1.72653
-1.72554
-1.72455
-1.72356
-1.72256
-1.72157
-1.72057
-1.71957
-1.71857
-1.71757
-1.71657
-1.71557
-1.71456
-1.71356
-1.71255
-1.71155
-1.71054
-1.70953
-1.70852
-1.70751
-1.7065
-1.70549
-1.70447
-1.70346
-1.70244
-1.70143
-1.70041
-1.69939
-1.69837
-1.69735
-1.69633
-1.69531
-1.69429
-1.69327
-1.69225
-1.69122
-1.6902
-1.68917
-1.68814
-1.68712
-1.68609
-1.68506
-1.68403
-1.683
-1.68197
-1.68094
-1.67991
-1.67887
-1.67784
-1.67681
-1.67577
-1.67474
-1.6737
-1.67266
-1.67163
-1.67059
-1.66955
-1.66851
-1.66747
-1.66643
-1.66539
-1.66435
-1.66331
-1.66227
-1.66123
-1.66018
-1.65914
-1.6581
-1.65705
-1.65601
-1.65496
-1.65392
-1.65287
-1.65182
-1.65078
-1.64973
-1.64868
-1.64763
-1.64659
-1.64554
-1.64449
-1.64344
-1.64239
-1.64134
-1.64029
-1.63924
-1.63818
-1.63713
-1.63608
-1.63503
-1.63398
-1.63292
-1.63187
-1.63082
-1.62976
-1.62871
-1.62765
-1.6266
-1.62554
-1.62449
-1.62343
-1.62238
-1.62132
-1.62026
-1.61921
-1.61815
-1.61709
-1.61603
-1.61498
-1.61392
-1.61286
-1.6118
-1.61074
-1.60968
-1.60862
-1.60756
-1.6065
-1.60544
-1.60438
-1.60332
-1.60226
-1.6012
-1.60014
-1.59908
-1.59802
-1.59695
-1.59589
-1.59483
-1.59377
-1.5927
-1.59164
-1.59058
-1.58951
-1.58845
-1.58739
-1.58632
-1.58526
-1.58419
-1.58313
-1.58206
-1.581
-1.57993
-1.57887
-1.5778
-1.57674
-1.57567
-1.5746
-1.57354
-1.57247
-1.5714
-1.57034
-1.56927
-1.5682
-1.56714
-1.56607
-1.565
-1.56393
-1.56286
-1.56179
-1.56073
-1.55966
-1.55859
-1.55752
-1.55645
-1.55538
-1.55431
-1.55324
-1.55217
-1.5511
-1.55003
-1.54896
-1.54789
-1.54681
-1.54574
-1.54467
-1.5436
-1.54253
-1.54145
-1.54038
-1.53931
-1.53824
-1.53716
-1.53609
-1.53502
-1.53394
-1.53287
-1.5318
-1.53072
-1.52965
-1.52857
-1.5275
-1.52642
-1.52535
-1.52427
-1.5232
-1.52212
-1.52105
-1.51997
-1.5189
-1.51782
-1.51674
-1.51567
-1.51459
-1.51351
-1.51244
-1.51136
-1.51028
-1.5092
-1.50813
-1.50705
-1.50597
-1.50489
-1.50381
-1.50274
-1.50166
-1.50058
-1.4995
-1.49842
-1.49734
-1.49626
-1.49518
-1.4941
-1.49302
-1.49194
-1.49086
-1.48978
-1.4887
-1.48762
-1.48654
-1.48546
-1.48438
-1.4833
-1.48222
-1.48114
-1.48006
-1.47898
-1.4779
-1.47682
-1.47573
-1.47465
-1.47357
-1.47249
-1.47141
-1.47033
-1.46925
-1.46817
-1.46708
-1.466
-1.46492
-1.46384
-1.46276
-1.46168
-1.4606
-1.45952
-1.45843
-1.45735
-1.45627
-1.45519
-1.45411
-1.45303
-1.45195
-1.45087
-1.44979
-1.44871
-1.44763
-1.44655
-1.44547
-1.44439
-1.44331
-1.44223
-1.44115
-1.44007
-1.43899
-1.43791
-1.43683
-1.43576
-1.43468
-1.4336
-1.43252
-1.43145
-1.43037
-1.42929
-1.42822
-1.42714
-1.42606
-1.42499
-1.42391
-1.42284
-1.42176
-1.42069
-1.41962
-1.41854
-1.41747
-1.4164
-1.41533
-1.41426
-1.41319
-1.41212
-1.41105
-1.40998
-1.40891
-1.40784
-1.40677
-1.40571
-1.40464
-1.40357
-1.40251
-1.40144
-1.40038
-1.39932
-1.39826
-1.39719
-1.39613
-1.39507
-1.39401
-1.39295
-1.3919
-1.39084
-1.38978
-1.38873
-1.38767
-1.38662
-1.38557
-1.38452
-1.38346
-1.38241
-1.38137
-1.38032
-1.37927
-1.37822
-1.37718
-1.37614
-1.37509
-1.37405
-1.37301
-1.37197
-1.37093
-1.36989
-1.36886
-1.36782
-1.36679
-1.36576
-1.36473
-1.3637
-1.36267
-1.36164
-1.36062
-1.35959
-1.35857
-1.35755
-1.35653
-1.35551
-1.35449
-1.35347
-1.35246
-1.35145
-1.35044
-1.34943
-1.34842
-1.34741
-1.34641
-1.3454
-1.3444
-1.3434
-1.3424
-1.34141
-1.34041
-1.33942
-1.33843
-1.33744
-1.33645
-1.33547
-1.33448
-1.3335
-1.33252
-1.33154
-1.33057
-1.3296
-1.32862
-1.32765
-1.32669
-1.32572
-1.32476
-1.3238
-1.32284
-1.32188
-1.32092
-1.31997
-1.31902
-1.31807
-1.31713
-1.31618
-1.31524
-1.3143
-1.31337
-1.31243
-1.3115
-1.31057
-1.30965
-1.30872
-1.3078
-1.30688
-1.30597
-1.30505
-1.30414
-1.30323
-1.30232
-1.30142
-1.30052
-1.29962
-1.29873
-1.29783
-1.29694
-1.29606
-1.29517
-1.29429
-1.29341
-1.29254
-1.29166
-1.29079
-1.28993
-1.28906
-1.2882
-1.28734
-1.28649
-1.28564
-1.28479
-1.28394
-1.2831
-1.28226
-1.28142
-1.28059
-1.27976
-1.27893
-1.2781
-1.27728
-1.27647
-1.27565
-1.27484
-1.27403
-1.27323
-1.27243
-1.27163
-1.27084
-1.27004
-1.26926
-1.26847
-1.26769
-1.26691
-1.26614
-1.26537
-1.2646
-1.26384
-1.26308
-1.26232
-1.26157
-1.26082
-1.26008
-1.25933
-1.2586
-1.25786
-1.25713
-1.2564
-1.25568
-1.25496
-1.25424
-1.25353
-1.25282
-1.25212
-1.25142
-1.25072
-1.25002
-1.24933
-1.24865
-1.24797
-1.24729
-1.24661
-1.24594
-1.24527
-1.24461
-1.24395
-1.2433
-1.24265
-1.242
-1.24135
-1.24072
-1.24008
-1.23945
-1.23882
-1.2382
-1.23758
-1.23696
-1.23635
-1.23574
-1.23514
-1.23454
-1.23394
-1.23335
-1.23276
-1.23218
-1.2316
-1.23102
-1.23045
-1.22988
-1.22932
-1.22876
-1.22821
-1.22765
-1.22711
-1.22656
-1.22602
-1.22549
-1.22496
-1.22443
-1.22391
-1.22339
-1.22288
-1.22237
-1.22186
-1.22136
-1.22086
-1.22036
-1.21987
-1.21939
-1.21891
-1.21843
-1.21795
-1.21749
-1.21702
-1.21656
-1.2161
-1.21565
-1.2152
-1.21475
-1.21431
-1.21387
-1.21344
-1.21301
-1.21259
-1.21217
-1.21175
-1.21134
-1.21093
-1.21052
-1.21012
-1.20973
-1.20933
-1.20894
-1.20856
-1.20818
-1.2078
-1.20743
-1.20706
-1.2067
-1.20633
-1.20598
-1.20562
-1.20527
-1.20493
-1.20459
-1.20425
-1.20391
-1.20358
-1.20326
-1.20294
-1.20262
-1.2023
-1.20199
-1.20168
-1.20138
-1.20108
-1.20078
-1.20049
-1.2002
-1.19992
-1.19964
-1.19936
-1.19908
-1.19881
-1.19855
-1.19828
-1.19802
-1.19777
-1.19752
-1.19727
-1.19702
-1.19678
-1.19654
-1.19631
-1.19607
-1.19585
-1.19562
-1.1954
-1.19518
-1.19497
-1.19476
-1.19455
-1.19434
-1.19414
-1.19394
-1.19375
-1.19356
-1.19337
-1.19318
-1.193
-1.19282
-1.19264
-1.19247
-1.1923
-1.19213
-1.19197
-1.19181
-1.19165
-1.1915
-1.19134
-1.1912
-1.19105
-1.19091
-1.19077
-1.19063
-1.19049
-1.19036
-1.19023
-1.19011
-1.18998
-1.18986
-1.18974
-1.18963
-1.18951
-1.1894
-1.18929
-1.18919
-1.18909
-1.18899
-1.18889
-1.18879
-1.1887
-1.18861
-1.18852
-1.18843
-1.18835
-1.18827
-1.18819
-1.18811
-1.18804
-1.18797
-1.18789
-1.18783
-1.18776
-1.1877
-1.18763
-1.18758
-1.18752
-1.18746
-1.18741
-1.18736
-1.18731
-1.18726
-1.18721
-1.18717
-1.18712
-1.18708
-1.18704
-1.18701
-1.18697
-1.18694
-1.18691
-1.18688
-1.18685
-1.18682
-1.18679
-1.18677
-1.18675
-1.18673
-1.18671
-1.18669
-1.18667
-1.18666
-1.18664
-1.18663
-1.18662
-1.18661
-1.1866
-1.18659
-1.18658
-1.18658
-1.18658
-1.18657
-1.18657
-1.18657
-1.18657
-1.18657
-1.18657
-1.18658
-1.18658
-1.18659
-1.18659
-1.1866
-1.18661
-1.18662
-1.18663
-1.18664
-1.18665
-1.18666
-1.18668
-1.18669
-1.18671
-1.18672
-1.18674
-1.18675
-1.18677
-1.18679
-1.18681
-1.18683
-1.18685
-1.18687
-1.18689
-1.18691
-1.18693
-1.18695
-1.18698
-1.187
-1.18702
-1.18705
-1.18707
-1.18709
-1.18712
-1.18714
-1.18717
-1.1872
-1.18722
-1.18725
-1.18727
-1.1873
-1.18733
-1.18735
-1.18738
-1.18741
-1.18744
-1.18746
-1.18749
-1.18752
-1.18755
-1.18758
-1.1876
-1.18763
-1.18766
-1.18769
-1.18772
-1.18774
-1.18777
-1.1878
-1.18783
-1.18785
-1.18788
-1.18791
-1.18794
-1.18797
-1.18799
-1.18802
-1.18805
-1.18807
-1.1881
-1.18813
-1.18815
-1.18818
-1.18821
-1.18823
-1.18826
-1.18828
-1.18831
-1.18833
-1.18836
-1.18838
-1.18841
-1.18843
-1.18846
-1.18848
-1.1885
-1.18853
-1.18855
-1.18857
-1.18859
-1.18862
-1.18864
-1.18866
-1.18868
-1.1887
-1.18872
-1.18874
-1.18876
-1.18878
-1.1888
-1.18882
-1.18884
-1.18886
-1.18888
-1.18889
-1.18891
-1.18893
-1.18895
-1.18896
-1.18898
-1.189
-1.18901
-1.18903
-1.18904
-1.18906
-1.18908
-1.18909
-1.1891
-1.18912
-1.18913
-1.18915
-1.18916
-1.18917
-1.18919
-1.1892
-1.18921
-1.18923
-1.18924
-1.18925
-1.18926
-1.18928
-1.18929
-1.1893
-1.18931
-1.18932
-1.18933
-1.18934
-1.18936
-1.18937
-1.18938
-1.18939
-1.1894
-1.18941
-1.18942
-1.18943
-1.18944
-1.18946
-1.18947
-1.18948
-1.18949
-1.1895
-1.18951
-1.18952
-1.18953
-1.18954
-1.18956
-1.18957
-1.18958
-1.18959
-1.18961
-1.18962
-1.18963
-1.18964
-1.18966
-1.18967
-1.18968
-1.1897
-1.18971
-1.18973
-1.18974
-1.18976
-1.18978
-1.18979
-1.18981
-1.18983
-1.18984
-1.18986
-1.18988
-1.1899
-1.18992
-1.18994
-1.18996
-1.18999
-1.19001
-1.19003
-1.19005
-1.19008
-1.1901
-1.19013
-1.19016
-1.19018
-1.19021
-1.19024
-1.19027
-1.1903
-1.19033
-1.19037
-1.1904
-1.19043
-1.19047
-1.1905
-1.19054
-1.19058
-1.19062
-1.19066
-1.1907
-1.19074
-1.19079
-1.19083
-1.19088
-1.19093
-1.19098
-1.19103
-1.19108
-1.19113
-1.19118
-1.19124
-1.19129
-1.19135
-1.19141
-1.19147
-1.19153
-1.1916
-1.19166
-1.19173
-1.1918
-1.19187
-1.19194
-1.19201
-1.19209
-1.19216
-1.19224
-1.19232
-1.1924
-1.19249
-1.19257
-1.19266
-1.19275
-1.19284
-1.19293
-1.19303
-1.19312
-1.19322
-1.19332
-1.19342
-1.19353
-1.19363
-1.19374
-1.19385
-1.19397
-1.19408
-1.1942
-1.19432
-1.19444
-1.19456
-1.19469
-1.19482
-1.19495
-1.19508
-1.19521
-1.19535
-1.19549
-1.19563
-1.19578
-1.19592
-1.19607
-1.19623
-1.19638
-1.19654
-1.1967
-1.19686
-1.19702
-1.19719
-1.19736
-1.19753
-1.19771
-1.19789
-1.19807
-1.19825
-1.19844
-1.19862
-1.19882
-1.19901
-1.19921
-1.19941
-1.19961
-1.19982
-1.20003
-1.20024
-1.20045
-1.20067
-1.20089
-1.20111
-1.20134
-1.20157
-1.2018
-1.20204
-1.20228
-1.20252
-1.20276
-1.20301
-1.20326
-1.20352
-1.20377
-1.20403
-1.2043
-1.20456
-1.20483
-1.20511
-1.20538
-1.20566
-1.20595
-1.20623
-1.20652
-1.20682
-1.20711
-1.20741
-1.20771
-1.20802
-1.20833
-1.20864
-1.20896
-1.20928
-1.2096
-1.20993
-1.21026
-1.21059
-1.21093
-1.21127
-1.21161
-1.21196
-1.21231
-1.21267
-1.21302
-1.21338
-1.21375
-1.21412
-1.21449
-1.21486
-1.21524
-1.21563
-1.21601
-1.2164
-1.21679
-1.21719
-1.21759
-1.21799
-1.2184
-1.21881
-1.21923
-1.21964
-1.22007
-1.22049
-1.22092
-1.22135
-1.22179
-1.22223
-1.22267
-1.22312
-1.22357
-1.22402
-1.22448
-1.22494
-1.22541
-1.22587
-1.22635
-1.22682
-1.2273
-1.22778
-1.22827
-1.22876
-1.22925
-1.22975
-1.23025
-1.23076
-1.23126
-1.23178
-1.23229
-1.23281
-1.23333
-1.23386
-1.23439
-1.23492
-1.23546
-1.236
-1.23654
-1.23709
-1.23764
-1.23819
-1.23875
-1.23931
-1.23988
-1.24044
-1.24102
-1.24159
-1.24217
-1.24275
-1.24334
-1.24393
-1.24452
-1.24511
-1.24571
-1.24632
-1.24692
-1.24753
-1.24815
-1.24876
-1.24938
-1.25
-1.25063
-1.25126
-1.25189
-1.25253
-1.25317
-1.25381
-1.25446
-1.25511
-1.25576
-1.25641
-1.25707
-1.25773
-1.2584
-1.25907
-1.25974
-1.26041
-1.26109
-1.26177
-1.26246
-1.26314
-1.26383
-1.26453
-1.26522
-1.26592
-1.26662
-1.26733
-1.26804
-1.26875
-1.26946
-1.27018
-1.2709
-1.27162
-1.27235
-1.27308
-1.27381
-1.27454
-1.27528
-1.27602
-1.27676
-1.2775
-1.27825
-1.279
-1.27976
-1.28051
-1.28127
-1.28203
-1.2828
-1.28356
-1.28433
-1.2851
-1.28588
-1.28665
-1.28743
-1.28821
-1.289
-1.28978
-1.29057
-1.29136
-1.29216
-1.29295
-1.29375
-1.29455
-1.29536
-1.29616
-1.29697
-1.29778
-1.29859
-1.2994
-1.30022
-1.30104
-1.30186
-1.30268
-1.30351
-1.30433
-1.30516
-1.30599
-1.30682
-1.30766
-1.3085
-1.30933
-1.31018
-1.31102
-1.31186
-1.31271
-1.31356
-1.31441
-1.31526
-1.31611
-1.31697
-1.31782
-1.31868
-1.31954
-1.3204
-1.32127
-1.32213
-1.323
-1.32387
-1.32474
-1.32561
-1.32648
-1.32736
-1.32823
-1.32911
-1.32999
-1.33087
-1.33175
-1.33263
-1.33352
-1.3344
-1.33529
-1.33618
-1.33707
-1.33796
-1.33885
-1.33974
-1.34064
-1.34153
-1.34243
-1.34333
-1.34423
-1.34513
-1.34603
-1.34693
-1.34783
-1.34874
-1.34964
-1.35055
-1.35145
-1.35236
-1.35327
-1.35418
-1.35509
-1.356
-1.35691
-1.35783
-1.35874
-1.35966
-1.36057
-1.36149
-1.3624
-1.36332
-1.36424
-1.36516
-1.36608
-1.367
-1.36792
-1.36884
-1.36976
-1.37068
-1.37161
-1.37253
-1.37345
-1.37438
-1.3753
-1.37623
-1.37715
-1.37808
-1.37901
-1.37993
-1.38086
-1.38179
-1.38272
-1.38364
-1.38457
-1.3855
-1.38643
-1.38736
-1.38829
-1.38922
-1.39015
-1.39108
-1.39201
-1.39294
-1.39387
-1.3948
-1.39573
-1.39667
-1.3976
-1.39853
-1.39946
-1.40039
-1.40132
-1.40226
-1.40319
-1.40412
-1.40505
-1.40598
-1.40691
-1.40785
-1.40878
-1.40971
-1.41064
-1.41157
-1.41251
-1.41344
-1.41437
-1.4153
-1.41623
-1.41716
-1.41809
-1.41902
-1.41995
-1.42088
-1.42181
-1.42274
-1.42367
-1.4246
-1.42553
-1.42646
-1.42739
-1.42832
-1.42925
-1.43018
-1.43111
-1.43203
-1.43296
-1.43389
-1.43482
-1.43574
-1.43667
-1.43759
-1.43852
-1.43945
-1.44037
-1.4413
-1.44222
-1.44314
-1.44407
-1.44499
-1.44591
-1.44684
-1.44776
-1.44868
-1.4496
-1.45052
-1.45144
-1.45237
-1.45329
-1.4542
-1.45512
-1.45604
-1.45696
-1.45788
-1.4588
-1.45971
-1.46063
-1.46155
-1.46246
-1.46338
-1.46429
-1.46521
-1.46612
-1.46704
-1.46795
-1.46886
-1.46977
-1.47069
-1.4716
-1.47251
-1.47342
-1.47433
-1.47524
-1.47615
-1.47706
-1.47797
-1.47887
-1.47978
-1.48069
-1.4816
-1.4825
-1.48341
-1.48431
-1.48522
-1.48612
-1.48702
-1.48793
-1.48883
-1.48973
-1.49064
-1.49154
-1.49244
-1.49334
-1.49424
-1.49514
-1.49604
-1.49694
-1.49783
-1.49873
-1.49963
-1.50053
-1.50142
-1.50232
-1.50321
-1.50411
-1.505
-1.5059
-1.50679
-1.50769
-1.50858
-1.50947
-1.51036
-1.51125
-1.51215
-1.51304
-1.51393
-1.51482
-1.51571
-1.51659
-1.51748
-1.51837
-1.51926
-1.52015
-1.52103
-1.52192
-1.52281
-1.52369
-1.52458
-1.52546
-1.52635
-1.52723
-1.52811
-1.529
-1.52988
-1.53076
-1.53164
-1.53252
-1.53341
-1.53429
-1.53517
-1.53605
-1.53693
-1.53781
-1.53868
-1.53956
-1.54044
-1.54132
-1.5422
-1.54307
-1.54395
-1.54483
-1.5457
-1.54658
-1.54745
-1.54833
-1.5492
-1.55007
-1.55095
-1.55182
-1.55269
-1.55357
-1.55444
-1.55531
-1.55618
-1.55705
-1.55792
-1.55879
-1.55966
-1.56053
-1.5614
-1.56227
-1.56314
-1.56401
-1.56487
-1.56574
-1.56661
-1.56747
-1.56834
-1.56921
-1.57007
-1.57094
-1.5718
-1.57267
-1.57353
-1.57439
-1.57526
-1.57612
-1.57698
-1.57784
-1.57871
-1.57957
-1.58043
-1.58129
-1.58215
-1.58301
-1.58387
-1.58473
-1.58559
-1.58644
-1.5873
-1.58816
-1.58902
-1.58987
-1.59073
-1.59158
-1.59244
-1.59329
-1.59415
-1.595
-1.59586
-1.59671
-1.59756
-1.59842
-1.59927
-1.60012
-1.60097
-1.60182
-1.60267
-1.60352
-1.60437
-1.60522
-1.60607
-1.60691
-1.60776
-1.60861
-1.60945
-1.6103
-1.61115
-1.61199
-1.61283
-1.61368
-1.61452
-1.61536
-1.61621
-1.61705
-1.61789
-1.61873
-1.61957
-1.62041
-1.62125
-1.62208
-1.62292
-1.62376
-1.62459
-1.62543
-1.62627
-1.6271
-1.62793
-1.62877
-1.6296
-1.63043
-1.63126
-1.63209
-1.63292
-1.63375
-1.63458
-1.63541
-1.63623
-1.63706
-1.63789
-1.63871
-1.63953
-1.64036
-1.64118
-1.642
-1.64282
-1.64364
-1.64446
-1.64528
-1.6461
-1.64691
-1.64773
-1.64854
-1.64936
-1.65017
-1.65098
-1.65179
-1.6526
-1.65341
-1.65422
-1.65503
-1.65584
-1.65664
-1.65745
-1.65825
-1.65905
-1.65986
-1.66066
-1.66146
-1.66225
-1.66305
-1.66385
-1.66464
-1.66544
-1.66623
-1.66702
-1.66781
-1.6686
-1.66939
-1.67018
-1.67097
-1.67175
-1.67253
-1.67332
-1.6741
-1.67488
-1.67566
-1.67644
-1.67721
-1.67799
-1.67876
-1.67953
-1.6803
-1.68107
-1.68184
-1.68261
-1.68338
-1.68414
-1.6849
-1.68566
-1.68642
-1.68718
-1.68794
-1.6887
-1.68945
-1.6902
-1.69095
-1.6917
-1.69245
-1.6932
-1.69394
-1.69469
-1.69543
-1.69617
-1.69691
-1.69765
-1.69838
-1.69912
-1.69985
-1.70058
-1.70131
-1.70203
-1.70276
-1.70348
-1.70421
-1.70493
-1.70564
-1.70636
-1.70708
-1.70779
-1.7085
-1.70921
-1.70992
-1.71062
-1.71133
-1.71203
-1.71273
-1.71343
-1.71413
-1.71482
-1.71551
-1.7162
-1.71689
-1.71758
-1.71826
-1.71895
-1.71963
-1.72031
-1.72098
-1.72166
-1.72233
-1.723
-1.72367
-1.72434
-1.725
-1.72566
-1.72632
-1.72698
-1.72764
-1.72829
-1.72894
-1.72959
-1.73024
-1.73089
-1.73153
-1.73217
-1.73281
-1.73345
-1.73408
-1.73471
-1.73534
-1.73597
-1.7366
-1.73722
-1.73784
-1.73846
-1.73907
-1.73969
-1.7403
-1.74091
-1.74152
-1.74212
-1.74272
-1.74332
-1.74392
-1.74452
-1.74511
-1.7457
-1.74629
-1.74687
-1.74746
-1.74804
-1.74862
-1.74919
-1.74977
-1.75034
-1.75091
-1.75147
-1.75204
-1.7526
-1.75316
-1.75371
-1.75427
-1.75482
-1.75537
-1.75592
-1.75646
-1.757
-1.75754
-1.75808
-1.75861
-1.75914
-1.75967
-1.7602
-1.76073
-1.76125
-1.76177
-1.76228
-1.7628
-1.76331
-1.76382
-1.76433
-1.76483
-1.76533
-1.76583
-1.76633
-1.76682
-1.76731
-1.7678
-1.76829
-1.76877
-1.76925
-1.76973
-1.77021
-1.77068
-1.77116
-1.77162
-1.77209
-1.77255
-1.77302
-1.77347
-1.77393
-1.77439
-1.77484
-1.77529
-1.77573
-1.77618
-1.77662
-1.77706
-1.77749
-1.77793
-1.77836
-1.77879
-1.77921
-1.77964
-1.78006
-1.78048
-1.78089
-1.78131
-1.78172
-1.78213
-1.78254
-1.78294
-1.78334
-1.78374
-1.78414
-1.78453
-1.78493
-1.78532
-1.7857
-1.78609
-1.78647
-1.78685
-1.78723
-1.78761
-1.78798
-1.78835
-1.78872
-1.78909
-1.78945
-1.78981
-1.79017
-1.79053
-1.79088
-1.79124
-1.79159
-1.79194
-1.79228
-1.79263
-1.79297
-1.79331
-1.79364
-1.79398
-1.79431
-1.79464
-1.79497
-1.7953
-1.79562
-1.79594
-1.79626
-1.79658
-1.7969
-1.79721
-1.79752
-1.79783
-1.79814
-1.79845
-1.79875
-1.79905
-1.79935
-1.79965
-1.79995
-1.80024
-1.80053
-1.80082
-1.80111
-1.8014
-1.80168
-1.80197
-1.80225
-1.80253
-1.8028
-1.80308
-1.80335
-1.80362
-1.80389
-1.80416
-1.80443
-1.8047
-1.80496
-1.80522
-1.80548
-1.80574
-1.806
-1.80625
-1.8065
-1.80676
-1.80701
-1.80726
-1.8075
-1.80775
-1.80799
-1.80824
-1.80848
-1.80872
-1.80896
-1.80919
-1.80943
-1.80966
-1.8099
-1.81013
-1.81036
-1.81059
-1.81081
-1.81104
-1.81127
-1.81149
-1.81171
-1.81193
-1.81215
-1.81237
-1.81259
-1.81281
-1.81302
-1.81324
-1.81345
-1.81366
-1.81388
-1.81409
-1.8143
-1.8145
-1.81471
-1.81492
-1.81512
-1.81533
-1.81553
-1.81573
-1.81594
-1.81614
-1.81634
-1.81654
-1.81673
-1.81693
-1.81713
-1.81733
-1.81752
-1.81772
-1.81791
-1.8181
-1.8183
-1.81849
-1.81868
-1.81887
-1.81906
-1.81925
-1.81944
-1.81963
-1.81982
-1.82
-1.82019
-1.82038
-1.82056
-1.82075
-1.82094
-1.82112
-1.8213
-1.82149
-1.82167
-1.82186
-1.82204
-1.82222
-1.8224
-1.82259
-1.82277
-1.82295
-1.82313
-1.82331
-1.8235
-1.82368
-1.82386
-1.82404
-1.82422
-1.8244
-1.82458
-1.82476
-1.82494
-1.82512
-1.8253
-1.82548
-1.82566
-1.82584
-1.82602
-1.8262
-1.82638
-1.82656
-1.82674
-1.82693
-1.82711
-1.82729
-1.82747
-1.82765
-1.82783
-1.82801
-1.82819
-1.82838
-1.82856
-1.82874
-1.82893
-1.82911
-1.82929
-1.82948
-1.82966
-1.82984
-1.83003
-1.83021
-1.8304
-1.83059
-1.83077
-1.83096
-1.83115
-1.83133
-1.83152
-1.83171
-1.8319
-1.83209
-1.83228
-1.83247
-1.83266
-1.83285
-1.83304
-1.83324
-1.83343
-1.83362
-1.83382
-1.83401
-1.83421
-1.8344
-1.8346
-1.8348
-1.83499
-1.83519
-1.83539
-1.83559
-1.83579
-1.83599
-1.8362
-1.8364
-1.8366
-1.83681
-1.83701
-1.83722
-1.83742
-1.83763
-1.83784
-1.83804
-1.83825
-1.83846
-1.83867
-1.83889
-1.8391
-1.83931
-1.83953
-1.83974
-1.83996
-1.84017
-1.84039
-1.84061
-1.84083
-1.84105
-1.84127
-1.84149
-1.84171
-1.84193
-1.84216
-1.84238
-1.84261
-1.84283
-1.84306
-1.84329
-1.84352
-1.84375
-1.84398
-1.84421
-1.84445
-1.84468
-1.84491
-1.84515
-1.84539
-1.84562
-1.84586
-1.8461
-1.84634
-1.84658
-1.84683
-1.84707
-1.84731
-1.84756
-1.8478
-1.84805
-1.8483
-1.84855
-1.8488
-1.84905
-1.8493
-1.84955
-1.8498
-1.85006
-1.85031
-1.85057
-1.85083
-1.85108
-1.85134
-1.8516
-1.85186
-1.85213
-1.85239
-1.85265
-1.85292
-1.85318
-1.85345
-1.85372
-1.85398
-1.85425
-1.85452
-1.8548
-1.85507
-1.85534
-1.85561
-1.85589
-1.85616
-1.85644
-1.85672
-1.857
-1.85728
-1.85756
-1.85784
-1.85812
-1.8584
-1.85869
-1.85897
-1.85926
-1.85954
-1.85983
-1.86012
-1.86041
-1.86069
-1.86099
-1.86128
-1.86157
-1.86186
-1.86216
-1.86245
-1.86275
-1.86304
-1.86334
-1.86364
-1.86394
-1.86424
-1.86454
-1.86484
-1.86514
-1.86544
-1.86575
-1.86605
-1.86635
-1.86666
-1.86697
-1.86727
-1.86758
-1.86789
-1.8682
-1.86851
-1.86882
-1.86913
-1.86944
-1.86976
-1.87007
-1.87038
-1.8707
-1.87102
-1.87133
-1.87165
-1.87197
-1.87228
-1.8726
-1.87292
-1.87324
-1.87356
-1.87388
-1.87421
-1.87453
-1.87485
-1.87518
-1.8755
-1.87582
-1.87615
-1.87648
-1.8768
-1.87713
-1.87746
-1.87778
-1.87811
-1.87844
-1.87877
-1.8791
-1.87943
-1.87976
-1.8801
-1.88043
-1.88076
-1.88109
-1.88143
-1.88176
-1.88209
-1.88243
-1.88276
-1.8831
-1.88344
-1.88377
-1.88411
-1.88445
-1.88478
-1.88512
-1.88546
-1.8858
-1.88614
-1.88648
-1.88682
-1.88716
-1.8875
-1.88784
-1.88818
-1.88852
-1.88886
-1.8892
-1.88954
-1.88989
-1.89023
-1.89057
-1.89091
-1.89126
-1.8916
-1.89195
-1.89229
-1.89263
-1.89298
-1.89332
-1.89367
-1.89401
-1.89436
-1.8947
-1.89505
-1.8954
-1.89574
-1.89609
-1.89643
-1.89678
-1.89713
-1.89747
-1.89782
-1.89817
-1.89851
-1.89886
-1.89921
-1.89956
-1.8999
-1.90025
-1.9006
-1.90095
-1.90129
-1.90164
-1.90199
-1.90234
-1.90269
-1.90303
-1.90338
-1.90373
-1.90408
-1.90443
-1.90477
-1.90512
-1.90547
-1.90582
-1.90617
-1.90652
-1.90686
-1.90721
-1.90756
-1.90791
-1.90826
-1.9086
-1.90895
-1.9093
-1.90965
-1.90999
-1.91034
-1.91069
-1.91104
-1.91138
-1.91173
-1.91208
-1.91243
-1.91277
-1.91312
-1.91347
-1.91381
-1.91416
-1.91451
-1.91485
-1.9152
-1.91555
-1.91589
-1.91624
-1.91658
-1.91693
-1.91727
-1.91762
-1.91796
-1.91831
-1.91865
-1.919
-1.91934
-1.91969
-1.92003
-1.92037
-1.92072
-1.92106
-1.9214
-1.92175
-1.92209
-1.92243
-1.92278
-1.92312
-1.92346
-1.9238
-1.92414
-1.92448
-1.92483
-1.92517
-1.92551
-1.92585
-1.92619
-1.92653
-1.92687
-1.92721
-1.92755
-1.92789
-1.92822
-1.92856
-1.9289
-1.92924
-1.92958
-1.92991
-1.93025
-1.93059
-1.93092
-1.93126
-1.9316
-1.93193
-1.93227
-1.9326
-1.93294
-1.93327
-1.93361
-1.93394
-1.93427
-1.93461
-1.93494
-1.93527
-1.9356
-1.93594
-1.93627
-1.9366
-1.93693
-1.93726
-1.93759
-1.93792
-1.93825
-1.93858
-1.93891
-1.93924
-1.93957
-1.9399
-1.94022
-1.94055
-1.94088
-1.94121
-1.94153
-1.94186
-1.94218
-1.94251
-1.94283
-1.94316
-1.94348
-1.94381
-1.94413
-1.94445
-1.94478
-1.9451
-1.94542
-1.94574
-1.94606
-1.94638
-1.9467
-1.94702
-1.94734
-1.94766
-1.94798
-1.9483
-1.94862
-1.94893
-1.94925
-1.94957
-1.94988
-1.9502
-1.95051
-1.95083
-1.95114
-1.95146
-1.95177
-1.95208
-1.9524
-1.95271
-1.95302
-1.95333
-1.95364
-1.95395
-1.95426
-1.95457
-1.95488
-1.95519
-1.9555
-1.95581
-1.95611
-1.95642
-1.95673
-1.95703
-1.95734
-1.95764
-1.95795
-1.95825
-1.95855
-1.95885
-1.95916
-1.95946
-1.95976
-1.96006
-1.96036
-1.96066
-1.96096
-1.96126
-1.96155
-1.96185
-1.96215
-1.96244
-1.96274
-1.96303
-1.96333
-1.96362
-1.96391
-1.96421
-1.9645
-1.96479
-1.96508
-1.96537
-1.96566
-1.96595
-1.96623
-1.96652
-1.96681
-1.9671
-1.96738
-1.96767
-1.96795
-1.96823
-1.96852
-1.9688
-1.96908
-1.96936
-1.96964
-1.96992
-1.9702
-1.97048
-1.97075
-1.97103
-1.97131
-1.97158
-1.97185
-1.97213
-1.9724
-1.97267
-1.97294
-1.97321
-1.97348
-1.97375
-1.97402
-1.97429
-1.97455
-1.97482
-1.97508
-1.97535
-1.97561
-1.97587
-1.97614
-1.9764
-1.97666
-1.97691
-1.97717
-1.97743
-1.97769
-1.97794
-1.9782
-1.97845
-1.9787
-1.97895
-1.9792
-1.97945
-1.9797
-1.97995
-1.9802
-1.98044
-1.98069
-1.98093
-1.98117
-1.98142
-1.98166
-1.9819
-1.98214
-1.98237
-1.98261
-1.98285
-1.98308
-1.98331
-1.98355
-1.98378
-1.98401
-1.98424
-1.98447
-1.98469
-1.98492
-1.98514
-1.98537
-1.98559
-1.98581
-1.98603
-1.98625
-1.98647
-1.98668
-1.9869
-1.98711
-1.98733
-1.98754
-1.98775
-1.98796
-1.98817
-1.98837
-1.98858
-1.98878
-1.98899
-1.98919
-1.98939
-1.98959
-1.98978
-1.98998
-1.99018
-1.99037
-1.99056
-1.99075
-1.99094
-1.99113
-1.99132
-1.9915
-1.99169
-1.99187
-1.99205
-1.99223
-1.99241
-1.99258
-1.99276
-1.99293
-1.99311
-1.99328
-1.99345
-1.99361
-1.99378
-1.99395
-1.99411
-1.99427
-1.99443
-1.99459
-1.99475
-1.9949
-1.99506
-1.99521
-1.99536
-1.99551
-1.99566
-1.9958
-1.99595
-1.99609
-1.99623
-1.99637
-1.99651
-1.99665
-1.99678
-1.99691
-1.99704
-1.99717
-1.9973
-1.99743
-1.99755
-1.99767
-1.99779
-1.99791
-1.99803
-1.99815
-1.99826
-1.99837
-1.99848
-1.99859
-1.9987
-1.9988
-1.99891
-1.99901
-1.99911
-1.9992
-1.9993
-1.99939
-1.99948
-1.99957
-1.99966
-1.99975
-1.99983
-1.99992
-2
-2.00008
-2.00015
-2.00023
-2.0003
-2.00037
-2.00044
-2.00051
-2.00057
-2.00064
-2.0007
-2.00076
-2.00081
-2.00087
-2.00092
-2.00097
-2.00102
-2.00107
-2.00112
-2.00116
-2.0012
-2.00124
-2.00128
-2.00131
-2.00135
-2.00138
-2.00141
-2.00144
-2.00146
-2.00148
-2.0015
-2.00152
-2.00154
-2.00156
-2.00157
-2.00158
-2.00159
-2.00159
-2.0016
-2.0016
-2.0016
-2.0016
-2.0016
-2.00159
-2.00158
-2.00157
-2.00156
-2.00154
-2.00153
-2.00151
-2.00149
-2.00146
-2.00144
-2.00141
-2.00138
-2.00135
-2.00132
-2.00128
-2.00124
-2.0012
-2.00116
-2.00112
-2.00107
-2.00102
-2.00097
-2.00092
-2.00086
-2.0008
-2.00075
-2.00068
-2.00062
-2.00055
-2.00049
-2.00041
-2.00034
-2.00027
-2.00019
-2.00011
-2.00003
-1.99995
-1.99986
-1.99977
-1.99968
-1.99959
-1.9995
-1.9994
-1.9993
-1.9992
-1.9991
-1.999
-1.99889
-1.99878
-1.99867
-1.99856
-1.99844
-1.99832
-1.9982
-1.99808
-1.99796
-1.99783
-1.9977
-1.99757
-1.99744
-1.9973
-1.99717
-1.99703
-1.99689
-1.99674
-1.9966
-1.99645
-1.9963
-1.99615
-1.99599
-1.99584
-1.99568
-1.99552
-1.99536
-1.99519
-1.99503
-1.99486
-1.99469
-1.99451
-1.99434
-1.99416
-1.99398
-1.9938
-1.99362
-1.99343
-1.99325
-1.99306
-1.99287
-1.99267
-1.99248
-1.99228
-1.99208
-1.99188
-1.99168
-1.99147
-1.99126
-1.99105
-1.99084
-1.99063
-1.99041
-1.9902
-1.98998
-1.98976
-1.98953
-1.98931
-1.98908
-1.98885
-1.98862
-1.98839
-1.98815
-1.98792
-1.98768
-1.98744
-1.98719
-1.98695
-1.9867
-1.98645
-1.9862
-1.98595
-1.9857
-1.98544
-1.98518
-1.98492
-1.98466
-1.9844
-1.98413
-1.98387
-1.9836
-1.98333
-1.98305
-1.98278
-1.9825
-1.98222
-1.98194
-1.98166
-1.98138
-1.98109
-1.98081
-1.98052
-1.98023
-1.97993
-1.97964
-1.97934
-1.97905
-1.97875
-1.97845
-1.97814
-1.97784
-1.97753
-1.97722
-1.97691
-1.9766
-1.97629
-1.97597
-1.97566
-1.97534
-1.97502
-1.9747
-1.97437
-1.97405
-1.97372
-1.97339
-1.97306
-1.97273
-1.9724
-1.97206
-1.97173
-1.97139
-1.97105
-1.97071
-1.97037
-1.97002
-1.96968
-1.96933
-1.96898
-1.96863
-1.96827
-1.96792
-1.96756
-1.96721
-1.96685
-1.96649
-1.96613
-1.96576
-1.9654
-1.96503
-1.96466
-1.96429
-1.96392
-1.96355
-1.96317
-1.9628
-1.96242
-1.96204
-1.96166
-1.96128
-1.9609
-1.96051
-1.96013
-1.95974
-1.95935
-1.95896
-1.95857
-1.95817
-1.95778
-1.95738
-1.95698
-1.95658
-1.95618
-1.95578
-1.95537
-1.95497
-1.95456
-1.95415
-1.95374
-1.95333
-1.95292
-1.95251
-1.95209
-1.95167
-1.95125
-1.95083
-1.95041
-1.94999
-1.94956
-1.94914
-1.94871
-1.94828
-1.94785
-1.94742
-1.94699
-1.94655
-1.94612
-1.94568
-1.94524
-1.9448
-1.94436
-1.94392
-1.94347
-1.94303
-1.94258
-1.94213
-1.94168
-1.94123
-1.94077
-1.94032
-1.93986
-1.93941
-1.93895
-1.93849
-1.93802
-1.93756
-1.9371
-1.93663
-1.93616
-1.93569
-1.93522
-1.93475
-1.93428
-1.9338
-1.93333
-1.93285
-1.93237
-1.93189
-1.93141
-1.93092
-1.93044
-1.92995
-1.92946
-1.92897
-1.92848
-1.92799
-1.92749
-1.927
-1.9265
-1.926
-1.9255
-1.925
-1.9245
-1.92399
-1.92348
-1.92298
-1.92247
-1.92196
-1.92144
-1.92093
-1.92041
-1.9199
-1.91938
-1.91886
-1.91833
-1.91781
-1.91729
-1.91676
-1.91623
-1.9157
-1.91517
-1.91464
-1.9141
-1.91356
-1.91303
-1.91249
-1.91195
-1.9114
-1.91086
-1.91031
-1.90976
-1.90921
-1.90866
-1.90811
-1.90755
-1.907
-1.90644
-1.90588
-1.90532
-1.90475
-1.90419
-1.90362
-1.90305
-1.90248
-1.90191
-1.90134
-1.90076
-1.90018
-1.8996
-1.89902
-1.89844
-1.89786
-1.89727
-1.89668
-1.89609
-1.8955
-1.89491
-1.89431
-1.89371
-1.89311
-1.89251
-1.89191
-1.8913
-1.8907
-1.89009
-1.88948
-1.88886
-1.88825
-1.88763
-1.88701
-1.88639
-1.88577
-1.88515
-1.88452
-1.88389
-1.88326
-1.88263
-1.882
-1.88136
-1.88072
-1.88008
-1.87944
-1.87879
-1.87815
-1.8775
-1.87685
-1.87619
-1.87554
-1.87488
-1.87422
-1.87356
-1.8729
-1.87223
-1.87157
-1.8709
-1.87023
-1.86955
-1.86888
-1.8682
-1.86752
-1.86684
-1.86615
-1.86546
-1.86477
-1.86408
-1.86339
-1.86269
-1.862
-1.8613
-1.86059
-1.85989
-1.85918
-1.85847
-1.85776
-1.85705
-1.85633
-1.85561
-1.85489
-1.85417
-1.85345
-1.85272
-1.85199
-1.85126
-1.85052
-1.84979
-1.84905
-1.8483
-1.84756
-1.84681
-1.84607
-1.84532
-1.84456
-1.84381
-1.84305
-1.84229
-1.84153
-1.84076
-1.83999
-1.83922
-1.83845
-1.83768
-1.8369
-1.83612
-1.83534
-1.83456
-1.83377
-1.83298
-1.83219
-1.83139
-1.8306
-1.8298
-1.829
-1.82819
-1.82739
-1.82658
-1.82577
-1.82495
-1.82414
-1.82332
-1.8225
-1.82168
-1.82085
-1.82002
-1.81919
-1.81836
-1.81752
-1.81668
-1.81584
-1.815
-1.81416
-1.81331
-1.81246
-1.8116
-1.81075
-1.80989
-1.80903
-1.80817
-1.8073
-1.80643
-1.80556
-1.80469
-1.80382
-1.80294
-1.80206
-1.80118
-1.80029
-1.7994
-1.79851
-1.79762
-1.79673
-1.79583
-1.79493
-1.79403
-1.79312
-1.79222
-1.79131
-1.7904
-1.78948
-1.78856
-1.78765
-1.78672
-1.7858
-1.78487
-1.78394
-1.78301
-1.78208
-1.78114
-1.78021
-1.77927
-1.77832
-1.77738
-1.77643
-1.77548
-1.77453
-1.77357
-1.77262
-1.77166
-1.77069
-1.76973
-1.76876
-1.7678
-1.76683
-1.76585
-1.76488
-1.7639
-1.76292
-1.76194
-1.76095
-1.75997
-1.75898
-1.75799
-1.75699
-1.756
-1.755
-1.754
-1.753
-1.75199
-1.75099
-1.74998
-1.74897
-1.74796
-1.74694
-1.74592
-1.74491
-1.74388
-1.74286
-1.74184
-1.74081
-1.73978
-1.73875
-1.73772
-1.73668
-1.73564
-1.73461
-1.73356
-1.73252
-1.73148
-1.73043
-1.72938
-1.72833
-1.72728
-1.72622
-1.72517
-1.72411
-1.72305
-1.72199
-1.72093
-1.71986
-1.71879
-1.71772
-1.71665
-1.71558
-1.71451
-1.71343
-1.71236
-1.71128
-1.7102
-1.70912
-1.70803
-1.70695
-1.70586
-1.70477
-1.70368
-1.70259
-1.7015
-1.7004
-1.69931
-1.69821
-1.69711
-1.69601
-1.69491
-1.69381
-1.6927
-1.69159
-1.69049
-1.68938
-1.68827
-1.68716
-1.68605
-1.68493
-1.68382
-1.6827
-1.68158
-1.68047
-1.67935
-1.67822
-1.6771
-1.67598
-1.67486
-1.67373
-1.6726
-1.67148
-1.67035
-1.66922
-1.66809
-1.66696
-1.66582
-1.66469
-1.66356
-1.66242
-1.66129
-1.66015
-1.65901
-1.65787
-1.65673
-1.65559
-1.65445
-1.65331
-1.65217
-1.65103
-1.64988
-1.64874
-1.64759
-1.64645
-1.6453
-1.64415
-1.64301
-1.64186
-1.64071
-1.63956
-1.63841
-1.63726
-1.63611
-1.63496
-1.63381
-1.63266
-1.63151
-1.63035
-1.6292
-1.62805
-1.62689
-1.62574
-1.62459
-1.62343
-1.62228
-1.62112
-1.61997
-1.61881
-1.61766
-1.6165
-1.61535
-1.61419
-1.61303
-1.61188
-1.61072
-1.60957
-1.60841
-1.60725
-1.6061
-1.60494
-1.60379
-1.60263
-1.60148
-1.60032
-1.59916
-1.59801
-1.59685
-1.5957
-1.59455
-1.59339
-1.59224
-1.59108
-1.58993
-1.58878
-1.58762
-1.58647
-1.58532
-1.58417
-1.58301
-1.58186
-1.58071
-1.57956
-1.57841
-1.57726
-1.57611
-1.57496
-1.57382
-1.57267
-1.57152
-1.57038
-1.56923
-1.56808
-1.56694
-1.5658
-1.56465
-1.56351
-1.56237
-1.56123
-1.56008
-1.55894
-1.55781
-1.55667
-1.55553
-1.55439
-1.55326
-1.55212
-1.55099
-1.54985
-1.54872
-1.54759
-1.54646
-1.54532
-1.5442
-1.54307
-1.54194
-1.54081
-1.53969
-1.53856
-1.53744
-1.53631
-1.53519
-1.53407
-1.53295
-1.53183
-1.53071
-1.5296
-1.52848
-1.52737
-1.52625
-1.52514
-1.52403
-1.52292
-1.52181
-1.5207
-1.51959
-1.51849
-1.51738
-1.51628
-1.51518
-1.51408
-1.51298
-1.51188
-1.51078
-1.50968
-1.50859
-1.50749
-1.5064
-1.50531
-1.50422
-1.50313
-1.50204
-1.50096
-1.49987
-1.49879
-1.49771
-1.49663
-1.49555
-1.49447
-1.49339
-1.49231
-1.49124
-1.49017
-1.4891
-1.48802
-1.48696
-1.48589
-1.48482
-1.48376
-1.48269
-1.48163
-1.48057
-1.47951
-1.47845
-1.4774
-1.47634
-1.47529
-1.47424
-1.47319
-1.47214
-1.47109
-1.47004
-1.469
-1.46796
-1.46691
-1.46587
-1.46484
-1.4638
-1.46276
-1.46173
-1.46069
-1.45966
-1.45863
-1.4576
-1.45658
-1.45555
-1.45453
-1.4535
-1.45248
-1.45146
-1.45045
-1.44943
-1.44841
-1.4474
-1.44639
-1.44538
-1.44437
-1.44336
-1.44235
-1.44135
-1.44035
-1.43934
-1.43834
-1.43734
-1.43635
-1.43535
-1.43436
-1.43336
-1.43237
-1.43138
-1.4304
-1.42941
-1.42842
-1.42744
-1.42646
-1.42548
-1.4245
-1.42352
-1.42254
-1.42157
-1.42059
-1.41962
-1.41865
-1.41768
-1.41672
-1.41575
-1.41479
-1.41382
-1.41286
-1.4119
-1.41094
-1.40998
-1.40903
-1.40807
-1.40712
-1.40617
-1.40522
-1.40427
-1.40332
-1.40238
-1.40143
-1.40049
-1.39955
-1.39861
-1.39767
-1.39674
-1.3958
-1.39487
-1.39393
-1.393
-1.39207
-1.39114
-1.39022
-1.38929
-1.38837
-1.38744
-1.38652
-1.3856
-1.38468
-1.38377
-1.38285
-1.38193
-1.38102
-1.38011
-1.3792
-1.37829
-1.37738
-1.37648
-1.37557
-1.37467
-1.37376
-1.37286
-1.37196
-1.37107
-1.37017
-1.36927
-1.36838
-1.36749
-1.36659
-1.3657
-1.36481
-1.36393
-1.36304
-1.36215
-1.36127
-1.36039
-1.35951
-1.35863
-1.35775
-1.35687
-1.356
-1.35512
-1.35425
-1.35338
-1.3525
-1.35163
-1.35077
-1.3499
-1.34903
-1.34817
-1.34731
-1.34644
-1.34558
-1.34472
-1.34387
-1.34301
-1.34215
-1.3413
-1.34045
-1.33959
-1.33874
-1.33789
-1.33705
-1.3362
-1.33535
-1.33451
-1.33367
-1.33282
-1.33198
-1.33114
-1.33031
-1.32947
-1.32863
-1.3278
-1.32697
-1.32613
-1.3253
-1.32447
-1.32365
-1.32282
-1.32199
-1.32117
-1.32035
-1.31952
-1.3187
-1.31788
-1.31707
-1.31625
-1.31543
-1.31462
-1.31381
-1.31299
-1.31218
-1.31137
-1.31057
-1.30976
-1.30895
-1.30815
-1.30735
-1.30654
-1.30574
-1.30494
-1.30415
-1.30335
-1.30255
-1.30176
-1.30097
-1.30018
-1.29939
-1.2986
-1.29781
-1.29702
-1.29624
-1.29545
-1.29467
-1.29389
-1.29311
-1.29233
-1.29155
-1.29078
-1.29
-1.28923
-1.28846
-1.28769
-1.28692
-1.28615
-1.28539
-1.28462
-1.28386
-1.2831
-1.28233
-1.28158
-1.28082
-1.28006
-1.27931
-1.27855
-1.2778
-1.27705
-1.2763
-1.27555
-1.2748
-1.27406
-1.27332
-1.27257
-1.27183
-1.27109
-1.27036
-1.26962
-1.26888
-1.26815
-1.26742
-1.26669
-1.26596
-1.26523
-1.26451
-1.26378
-1.26306
-1.26234
-1.26162
-1.2609
-1.26019
-1.25947
-1.25876
-1.25805
-1.25734
-1.25663
-1.25592
-1.25522
-1.25452
-1.25382
-1.25312
-1.25242
-1.25172
-1.25103
-1.25033
-1.24964
-1.24895
-1.24827
-1.24758
-1.2469
-1.24621
-1.24553
-1.24485
-1.24418
-1.2435
-1.24283
-1.24216
-1.24149
-1.24082
-1.24015
-1.23949
-1.23883
-1.23816
-1.23751
-1.23685
-1.23619
-1.23554
-1.23489
-1.23424
-1.23359
-1.23295
-1.23231
-1.23167
-1.23103
-1.23039
-1.22975
-1.22912
-1.22849
-1.22786
-1.22723
-1.22661
-1.22599
-1.22536
-1.22475
-1.22413
-1.22351
-1.2229
-1.22229
-1.22168
-1.22108
-1.22047
-1.21987
-1.21927
-1.21868
-1.21808
-1.21749
-1.2169
-1.21631
-1.21572
-1.21514
-1.21456
-1.21398
-1.2134
-1.21283
-1.21225
-1.21168
-1.21112
-1.21055
-1.20999
-1.20943
-1.20887
-1.20831
-1.20776
-1.20721
-1.20666
-1.20611
-1.20557
-1.20502
-1.20448
-1.20395
-1.20341
-1.20288
-1.20235
-1.20182
-1.2013
-1.20078
-1.20026
-1.19974
-1.19922
-1.19871
-1.1982
-1.19769
-1.19719
-1.19669
-1.19619
-1.19569
-1.1952
-1.1947
-1.19421
-1.19373
-1.19324
-1.19276
-1.19228
-1.19181
-1.19133
-1.19086
-1.19039
-1.18993
-1.18946
-1.189
-1.18854
-1.18809
-1.18763
-1.18718
-1.18674
-1.18629
-1.18585
-1.18541
-1.18497
-1.18454
-1.18411
-1.18368
-1.18325
-1.18283
-1.18241
-1.18199
-1.18157
-1.18116
-1.18075
-1.18034
-1.17994
-1.17954
-1.17914
-1.17874
-1.17835
-1.17796
-1.17757
-1.17718
-1.1768
-1.17642
-1.17604
-1.17567
-1.17529
-1.17493
-1.17456
-1.17419
-1.17383
-1.17348
-1.17312
-1.17277
-1.17242
-1.17207
-1.17172
-1.17138
-1.17104
-1.17071
-1.17037
-1.17004
-1.16971
-1.16939
-1.16906
-1.16874
-1.16842
-1.16811
-1.1678
-1.16749
-1.16718
-1.16687
-1.16657
-1.16627
-1.16598
-1.16568
-1.16539
-1.1651
-1.16482
-1.16453
-1.16425
-1.16398
-1.1637
-1.16343
-1.16316
-1.16289
-1.16262
-1.16236
-1.1621
-1.16185
-1.16159
-1.16134
-1.16109
-1.16084
-1.1606
-1.16035
-1.16012
-1.15988
-1.15964
-1.15941
-1.15918
-1.15895
-1.15873
-1.15851
-1.15829
-1.15807
-1.15786
-1.15764
-1.15743
-1.15723
-1.15702
-1.15682
-1.15662
-1.15642
-1.15622
-1.15603
-1.15584
-1.15565
-1.15546
-1.15528
-1.15509
-1.15491
-1.15474
-1.15456
-1.15439
-1.15422
-1.15405
-1.15388
-1.15371
-1.15355
-1.15339
-1.15323
-1.15308
-1.15292
-1.15277
-1.15262
-1.15247
-1.15233
-1.15218
-1.15204
-1.1519
-1.15176
-1.15163
-1.15149
-1.15136
-1.15123
-1.1511
-1.15098
-1.15085
-1.15073
-1.15061
-1.15049
-1.15037
-1.15026
-1.15014
-1.15003
-1.14992
-1.14981
-1.1497
-1.1496
-1.14949
-1.14939
-1.14929
-1.14919
-1.1491
-1.149
-1.14891
-1.14882
-1.14872
-1.14863
-1.14855
-1.14846
-1.14838
-1.14829
-1.14821
-1.14813
-1.14805
-1.14797
-1.1479
-1.14782
-1.14775
-1.14767
-1.1476
-1.14753
-1.14746
-1.1474
-1.14733
-1.14726
-1.1472
-1.14714
-1.14708
-1.14702
-1.14696
-1.1469
-1.14684
-1.14678
-1.14673
-1.14667
-1.14662
-1.14657
-1.14652
-1.14647
-1.14642
-1.14637
-1.14632
-1.14628
-1.14623
-1.14618
-1.14614
-1.1461
-1.14605
-1.14601
-1.14597
-1.14593
-1.14589
-1.14585
-1.14581
-1.14578
-1.14574
-1.1457
-1.14567
-1.14563
-1.1456
-1.14556
-1.14553
-1.1455
-1.14546
-1.14543
-1.1454
-1.14537
-1.14534
-1.14531
-1.14528
-1.14525
-1.14522
-1.14519
-1.14516
-1.14514
-1.14511
-1.14508
-1.14505
-1.14503
-1.145
-1.14497
-1.14495
-1.14492
-1.1449
-1.14487
-1.14485
-1.14482
-1.1448
-1.14477
-1.14475
-1.14472
-1.1447
-1.14467
-1.14465
-1.14462
-1.1446
-1.14458
-1.14455
-1.14453
-1.1445
-1.14448
-1.14446
-1.14443
-1.14441
-1.14438
-1.14436
-1.14433
-1.14431
-1.14428
-1.14426
-1.14423
-1.14421
-1.14418
-1.14416
-1.14413
-1.14411
-1.14408
-1.14405
-1.14403
-1.144
-1.14397
-1.14395
-1.14392
-1.14389
-1.14386
-1.14383
-1.14381
-1.14378
-1.14375
-1.14372
-1.14369
-1.14366
-1.14363
-1.1436
-1.14357
-1.14354
-1.1435
-1.14347
-1.14344
-1.14341
-1.14337
-1.14334
-1.14331
-1.14327
-1.14324
-1.1432
-1.14317
-1.14313
-1.14309
-1.14306
-1.14302
-1.14298
-1.14295
-1.14291
-1.14287
-1.14283
-1.14279
-1.14275
-1.14271
-1.14267
-1.14263
-1.14259
-1.14254
-1.1425
-1.14246
-1.14242
-1.14237
-1.14233
-1.14228
-1.14224
-1.14219
-1.14215
-1.1421
-1.14205
-1.14201
-1.14196
-1.14191
-1.14186
-1.14181
-1.14176
-1.14171
-1.14166
-1.14161
-1.14156
-1.14151
-1.14146
-1.14141
-1.14136
-1.1413
-1.14125
-1.1412
-1.14114
-1.14109
-1.14103
-1.14098
-1.14092
-1.14087
-1.14081
-1.14075
-1.1407
-1.14064
-1.14058
-1.14052
-1.14047
-1.14041
-1.14035
-1.14029
-1.14023
-1.14017
-1.14011
-1.14005
-1.13999
-1.13993
-1.13987
-1.13981
-1.13975
-1.13969
-1.13963
-1.13956
-1.1395
-1.13944
-1.13938
-1.13932
-1.13925
-1.13919
-1.13913
-1.13906
-1.139
-1.13894
-1.13887
-1.13881
-1.13875
-1.13868
-1.13862
-1.13856
-1.13849
-1.13843
-1.13837
-1.1383
-1.13824
-1.13817
-1.13811
-1.13805
-1.13798
-1.13792
-1.13786
-1.13779
-1.13773
-1.13767
-1.1376
-1.13754
-1.13748
-1.13741
-1.13735
-1.13729
-1.13723
-1.13716
-1.1371
-1.13704
-1.13698
-1.13692
-1.13686
-1.1368
-1.13674
-1.13668
-1.13662
-1.13656
-1.1365
-1.13644
-1.13638
-1.13632
-1.13626
-1.1362
-1.13615
-1.13609
-1.13603
-1.13598
-1.13592
-1.13587
-1.13581
-1.13576
-1.1357
-1.13565
-1.1356
-1.13555
-1.13549
-1.13544
-1.13539
-1.13534
-1.13529
-1.13524
-1.13519
-1.13514
-1.1351
-1.13505
-1.135
-1.13496
-1.13491
-1.13487
-1.13483
-1.13478
-1.13474
-1.1347
-1.13466
-1.13462
-1.13458
-1.13454
-1.1345
-1.13446
-1.13443
-1.13439
-1.13435
-1.13432
-1.13429
-1.13425
-1.13422
-1.13419
-1.13416
-1.13413
-1.1341
-1.13407
-1.13405
-1.13402
-1.134
-1.13397
-1.13395
-1.13392
-1.1339
-1.13388
-1.13386
-1.13384
-1.13382
-1.13381
-1.13379
-1.13377
-1.13376
-1.13375
-1.13373
-1.13372
-1.13371
-1.1337
-1.13369
-1.13368
-1.13368
-1.13367
-1.13367
-1.13366
-1.13366
-1.13366
-1.13366
-1.13366
-1.13366
-1.13366
-1.13366
-1.13367
-1.13367
-1.13368
-1.13369
-1.13369
-1.1337
-1.13371
-1.13372
-1.13374
-1.13375
-1.13376
-1.13378
-1.13379
-1.13381
-1.13383
-1.13385
-1.13387
-1.13389
-1.13391
-1.13394
-1.13396
-1.13399
-1.13401
-1.13404
-1.13407
-1.1341
-1.13413
-1.13416
-1.13419
-1.13423
-1.13426
-1.1343
-1.13433
-1.13437
-1.13441
-1.13445
-1.13449
-1.13453
-1.13457
-1.13462
-1.13466
-1.1347
-1.13475
-1.1348
-1.13485
-1.13489
-1.13494
-1.13499
-1.13505
-1.1351
-1.13515
-1.13521
-1.13526
-1.13532
-1.13537
-1.13543
-1.13549
-1.13555
-1.13561
-1.13567
-1.13573
-1.13579
-1.13586
-1.13592
-1.13599
-1.13605
-1.13612
-1.13619
-1.13625
-1.13632
-1.13639
-1.13646
-1.13653
-1.1366
-1.13668
-1.13675
-1.13682
-1.1369
-1.13697
-1.13705
-1.13712
-1.1372
-1.13727
-1.13735
-1.13743
-1.13751
-1.13759
-1.13767
-1.13775
-1.13783
-1.13791
-1.13799
-1.13807
-1.13815
-1.13824
-1.13832
-1.1384
-1.13849
-1.13857
-1.13865
-1.13874
-1.13882
-1.13891
-1.139
-1.13908
-1.13917
-1.13925
-1.13934
-1.13943
-1.13951
-1.1396
-1.13969
-1.13978
-1.13986
-1.13995
-1.14004
-1.14013
-1.14022
-1.1403
-1.14039
-1.14048
-1.14057
-1.14066
-1.14075
-1.14083
-1.14092
-1.14101
-1.1411
-1.14118
-1.14127
-1.14136
-1.14145
-1.14153
-1.14162
-1.14171
-1.14179
-1.14188
-1.14197
-1.14205
-1.14214
-1.14222
-1.14231
-1.14239
-1.14248
-1.14256
-1.14264
-1.14273
-1.14281
-1.14289
-1.14297
-1.14305
-1.14313
-1.14321
-1.14329
-1.14337
-1.14345
-1.14353
-1.14361
-1.14368
-1.14376
-1.14384
-1.14391
-1.14399
-1.14406
-1.14413
-1.1442
-1.14428
-1.14435
-1.14442
-1.14449
-1.14456
-1.14462
-1.14469
-1.14476
-1.14482
-1.14489
-1.14495
-1.14501
-1.14508
-1.14514
-1.1452
-1.14526
-1.14531
-1.14537
-1.14543
-1.14548
-1.14554
-1.14559
-1.14564
-1.1457
-1.14575
-1.1458
-1.14584
-1.14589
-1.14594
-1.14598
-1.14603
-1.14607
-1.14611
-1.14615
-1.14619
-1.14623
-1.14627
-1.1463
-1.14634
-1.14637
-1.1464
-1.14643
-1.14647
-1.14649
-1.14652
-1.14655
-1.14657
-1.1466
-1.14662
-1.14664
-1.14666
-1.14668
-1.1467
-1.14671
-1.14673
-1.14674
-1.14675
-1.14676
-1.14677
-1.14678
-1.14679
-1.1468
-1.1468
-1.1468
-1.1468
-1.1468
-1.1468
-1.1468
-1.1468
-1.14679
-1.14679
-1.14678
-1.14677
-1.14676
-1.14675
-1.14673
-1.14672
-1.1467
-1.14668
-1.14666
-1.14664
-1.14662
-1.1466
-1.14658
-1.14655
-1.14652
-1.14649
-1.14646
-1.14643
-1.1464
-1.14637
-1.14633
-1.14629
-1.14626
-1.14622
-1.14618
-1.14613
-1.14609
-1.14605
-1.146
-1.14595
-1.1459
-1.14585
-1.1458
-1.14575
-1.1457
-1.14564
-1.14558
-1.14553
-1.14547
-1.14541
-1.14534
-1.14528
-1.14522
-1.14515
-1.14509
-1.14502
-1.14495
-1.14488
-1.14481
-1.14474
-1.14466
-1.14459
-1.14451
-1.14444
-1.14436
-1.14428
-1.1442
-1.14412
-1.14403
-1.14395
-1.14387
-1.14378
-1.14369
-1.14361
-1.14352
-1.14343
-1.14334
-1.14325
-1.14315
-1.14306
-1.14297
-1.14287
-1.14278
-1.14268
-1.14258
-1.14248
-1.14238
-1.14228
-1.14218
-1.14208
-1.14198
-1.14188
-1.14177
-1.14167
-1.14156
-1.14146
-1.14135
-1.14124
-1.14113
-1.14103
-1.14092
-1.14081
-1.1407
-1.14059
-1.14048
-1.14036
-1.14025
-1.14014
-1.14003
-1.13991
-1.1398
-1.13968
-1.13957
-1.13946
-1.13934
-1.13922
-1.13911
-1.13899
-1.13888
-1.13876
-1.13864
-1.13853
-1.13841
-1.13829
-1.13818
-1.13806
-1.13794
-1.13782
-1.13771
-1.13759
-1.13747
-1.13735
-1.13724
-1.13712
-1.137
-1.13689
-1.13677
-1.13665
-1.13654
-1.13642
-1.1363
-1.13619
-1.13607
-1.13596
-1.13584
-1.13573
-1.13561
-1.1355
-1.13539
-1.13527
-1.13516
-1.13505
-1.13494
-1.13482
-1.13471
-1.1346
-1.13449
-1.13438
-1.13428
-1.13417
-1.13406
-1.13395
-1.13385
-1.13374
-1.13364
-1.13354
-1.13343
-1.13333
-1.13323
-1.13313
-1.13303
-1.13293
-1.13283
-1.13274
-1.13264
-1.13254
-1.13245
-1.13236
-1.13227
-1.13217
-1.13208
-1.132
-1.13191
-1.13182
-1.13173
-1.13165
-1.13157
-1.13148
-1.1314
-1.13132
-1.13124
-1.13117
-1.13109
-1.13102
-1.13094
-1.13087
-1.1308
-1.13073
-1.13066
-1.13059
-1.13053
-1.13046
-1.1304
-1.13034
-1.13028
-1.13022
-1.13016
-1.13011
-1.13005
-1.13
-1.12995
-1.1299
-1.12985
-1.12981
-1.12976
-1.12972
-1.12968
-1.12964
-1.1296
-1.12956
-1.12953
-1.12949
-1.12946
-1.12943
-1.1294
-1.12937
-1.12935
-1.12933
-1.1293
-1.12928
-1.12926
-1.12925
-1.12923
-1.12922
-1.12921
-1.1292
-1.12919
-1.12918
-1.12918
-1.12918
-1.12918
-1.12918
-1.12918
-1.12918
-1.12919
-1.1292
-1.12921
-1.12922
-1.12923
-1.12925
-1.12926
-1.12928
-1.1293
-1.12933
-1.12935
-1.12938
-1.1294
-1.12943
-1.12947
-1.1295
-1.12953
-1.12957
-1.12961
-1.12965
-1.12969
-1.12974
-1.12978
-1.12983
-1.12988
-1.12993
-1.12998
-1.13004
-1.13009
-1.13015
-1.13021
-1.13027
-1.13034
-1.1304
-1.13047
-1.13054
-1.13061
-1.13068
-1.13075
-1.13083
-1.13091
-1.13098
-1.13106
-1.13115
-1.13123
-1.13131
-1.1314
-1.13149
-1.13158
-1.13167
-1.13176
-1.13186
-1.13195
-1.13205
-1.13215
-1.13225
-1.13235
-1.13246
-1.13256
-1.13267
-1.13278
-1.13289
-1.133
-1.13311
-1.13322
-1.13334
-1.13345
-1.13357
-1.13369
-1.13381
-1.13393
-1.13405
-1.13417
-1.1343
-1.13442
-1.13455
-1.13468
-1.13481
-1.13494
-1.13507
-1.1352
-1.13534
-1.13547
-1.13561
-1.13574
-1.13588
-1.13602
-1.13616
-1.1363
-1.13644
-1.13658
-1.13672
-1.13686
-1.13701
-1.13715
-1.1373
-1.13744
-1.13759
-1.13774
-1.13789
-1.13804
-1.13818
-1.13833
-1.13848
-1.13863
-1.13879
-1.13894
-1.13909
-1.13924
-1.13939
-1.13955
-1.1397
-1.13985
-1.14001
-1.14016
-1.14032
-1.14047
-1.14063
-1.14078
-1.14093
-1.14109
-1.14124
-1.1414
-1.14155
-1.14171
-1.14186
-1.14202
-1.14217
-1.14233
-1.14248
-1.14264
-1.14279
-1.14294
-1.1431
-1.14325
-1.1434
-1.14355
-1.1437
-1.14386
-1.14401
-1.14416
-1.14431
-1.14446
-1.1446
-1.14475
-1.1449
-1.14505
-1.14519
-1.14534
-1.14548
-1.14563
-1.14577
-1.14591
-1.14605
-1.14619
-1.14633
-1.14647
-1.14661
-1.14675
-1.14688
-1.14702
-1.14715
-1.14728
-1.14741
-1.14754
-1.14767
-1.1478
-1.14793
-1.14805
-1.14818
-1.1483
-1.14842
-1.14854
-1.14866
-1.14878
-1.14889
-1.14901
-1.14912
-1.14923
-1.14934
-1.14945
-1.14956
-1.14966
-1.14977
-1.14987
-1.14997
