0.3011
0.3011
0.301035
0.30097
0.300905
0.300839
0.300774
0.300709
0.300643
0.300578
0.300513
0.300447
0.300382
0.300317
0.300251
0.300186
0.300121
0.300055
0.29999
0.299924
0.299859
0.299794
0.299729
0.299663
0.299598
0.299533
0.299468
0.299403
0.299338
0.299273
0.299208
0.299143
0.299078
0.299013
0.298949
0.298884
0.29882
0.298755
0.298691
0.298626
0.298562
0.298498
0.298434
0.29837
0.298306
0.298243
0.298179
0.298116
0.298052
0.297989
0.297926
0.297863
0.2978
0.297737
0.297675
0.297613
0.29755
0.297488
0.297426
0.297364
0.297303
0.297241
0.29718
0.297119
0.297058
0.296997
0.296936
0.296876
0.296816
0.296756
0.296696
0.296636
0.296577
0.296517
0.296458
0.2964
0.296341
0.296283
0.296224
0.296166
0.296109
0.296051
0.295994
0.295937
0.29588
0.295824
0.295767
0.295711
0.295656
0.2956
0.295545
0.29549
0.295435
0.295381
0.295327
0.295273
0.295219
0.295166
0.295113
0.29506
0.295008
0.294955
0.294904
0.294852
0.294801
0.29475
0.294699
0.294649
0.294599
0.294549
0.2945
0.294451
0.294402
0.294354
0.294306
0.294258
0.294211
0.294164
0.294117
0.294071
0.294025
0.293979
0.293934
0.293889
0.293844
0.2938
0.293756
0.293713
0.29367
0.293627
0.293585
0.293543
0.293502
0.29346
0.29342
0.293379
0.293339
0.2933
0.293261
0.293222
0.293184
0.293146
0.293108
0.293071
0.293034
0.292998
0.292962
0.292927
0.292892
0.292857
0.292823
0.292789
0.292756
0.292723
0.29269
0.292658
0.292627
0.292596
0.292565
0.292535
0.292505
0.292476
0.292447
0.292418
0.29239
0.292363
0.292336
0.292309
0.292283
0.292257
0.292232
0.292207
0.292183
0.292159
0.292136
0.292113
0.292091
0.292069
0.292048
0.292027
0.292006
0.291986
0.291967
0.291948
0.29193
0.291912
0.291894
0.291877
0.291861
0.291845
0.291829
0.291814
0.2918
0.291786
0.291772
0.291759
0.291747
0.291735
0.291723
0.291712
0.291702
0.291692
0.291683
0.291674
0.291665
0.291658
0.29165
0.291643
0.291637
0.291631
0.291626
0.291621
0.291617
0.291613
0.29161
0.291607
0.291605
0.291604
0.291602
0.291602
0.291602
0.291602
0.291603
0.291605
0.291607
0.291609
0.291613
0.291616
0.29162
0.291625
0.29163
0.291636
0.291642
0.291649
0.291656
0.291664
0.291673
0.291682
0.291691
0.291701
0.291711
0.291723
0.291734
0.291746
0.291759
0.291772
0.291786
0.2918
0.291815
0.29183
0.291846
0.291862
0.291879
0.291896
0.291914
0.291933
0.291951
0.291971
0.291991
0.292011
0.292032
0.292054
0.292076
0.292099
0.292122
0.292145
0.29217
0.292194
0.29222
0.292245
0.292271
0.292298
0.292325
0.292353
0.292381
0.29241
0.292439
0.292469
0.2925
0.29253
0.292562
0.292593
0.292626
0.292659
0.292692
0.292726
0.29276
0.292795
0.29283
0.292866
0.292902
0.292939
0.292976
0.293014
0.293052
0.293091
0.29313
0.293169
0.29321
0.29325
0.293291
0.293333
0.293375
0.293417
0.29346
0.293504
0.293547
0.293592
0.293637
0.293682
0.293728
0.293774
0.29382
0.293867
0.293915
0.293963
0.294011
0.29406
0.294109
0.294159
0.294209
0.29426
0.294311
0.294362
0.294414
0.294466
0.294519
0.294572
0.294625
0.294679
0.294734
0.294788
0.294843
0.294899
0.294955
0.295011
0.295068
0.295125
0.295183
0.29524
0.295299
0.295357
0.295416
0.295476
0.295536
0.295596
0.295656
0.295717
0.295778
0.29584
0.295902
0.295964
0.296027
0.29609
0.296153
0.296217
0.296281
0.296345
0.296409
0.296474
0.29654
0.296605
0.296671
0.296737
0.296804
0.296871
0.296938
0.297005
0.297073
0.297141
0.29721
0.297278
0.297347
0.297416
0.297486
0.297555
0.297625
0.297696
0.297766
0.297837
0.297908
0.297979
0.298051
0.298122
0.298194
0.298267
0.298339
0.298412
0.298485
0.298558
0.298631
0.298705
0.298779
0.298853
0.298927
0.299001
0.299076
0.299151
0.299226
0.299301
0.299376
0.299452
0.299527
0.299603
0.299679
0.299755
0.299832
0.299908
0.299985
0.300061
0.300138
0.300215
0.300293
0.30037
0.300447
0.300525
0.300602
0.30068
0.300758
0.300836
0.300914
0.300992
0.301071
0.301149
0.301227
0.301306
0.301384
0.301463
0.301542
0.301621
0.301699
0.301778
0.301857
0.301936
0.302015
0.302094
0.302173
0.302253
0.302332
0.302411
0.30249
0.302569
0.302648
0.302728
0.302807
0.302886
0.302965
0.303044
0.303124
0.303203
0.303282
0.303361
0.30344
0.303519
0.303598
0.303677
0.303755
0.303834
0.303913
0.303992
0.30407
0.304149
0.304227
0.304305
0.304384
0.304462
0.30454
0.304618
0.304696
0.304774
0.304851
0.304929
0.305006
0.305083
0.30516
0.305237
0.305314
0.305391
0.305468
0.305544
0.30562
0.305696
0.305772
0.305848
0.305924
0.305999
0.306074
0.306149
0.306224
0.306299
0.306373
0.306447
0.306521
0.306595
0.306669
0.306742
0.306815
0.306888
0.306961
0.307033
0.307106
0.307178
0.307249
0.307321
0.307392
0.307463
0.307534
0.307604
0.307674
0.307744
0.307814
0.307883
0.307952
0.308021
0.308089
0.308157
0.308225
0.308292
0.308359
0.308426
0.308493
0.308559
0.308625
0.30869
0.308755
0.30882
0.308885
0.308949
0.309013
0.309076
0.309139
0.309202
0.309264
0.309326
0.309388
0.309449
0.30951
0.30957
0.30963
0.30969
0.309749
0.309808
0.309866
0.309924
0.309982
0.310039
0.310096
0.310152
0.310208
0.310263
0.310318
0.310373
0.310427
0.310481
0.310534
0.310587
0.310639
0.310691
0.310742
0.310793
0.310844
0.310894
0.310943
0.310992
0.311041
0.311089
0.311136
0.311183
0.31123
0.311276
0.311322
0.311367
0.311411
0.311455
0.311499
0.311542
0.311584
0.311626
0.311668
0.311709
0.311749
0.311789
0.311828
0.311867
0.311905
0.311943
0.31198
0.312017
0.312053
0.312088
0.312123
0.312158
0.312192
0.312225
0.312257
0.31229
0.312321
0.312352
0.312382
0.312412
0.312441
0.31247
0.312498
0.312525
0.312552
0.312579
0.312604
0.312629
0.312654
0.312678
0.312701
0.312723
0.312745
0.312767
0.312788
0.312808
0.312827
0.312846
0.312865
0.312882
0.3129
0.312916
0.312932
0.312947
0.312962
0.312976
0.312989
0.313002
0.313014
0.313025
0.313036
0.313046
0.313055
0.313064
0.313072
0.31308
0.313087
0.313093
0.313099
0.313104
0.313108
0.313111
0.313114
0.313117
0.313118
0.313119
0.31312
0.313119
0.313118
0.313117
0.313115
0.313112
0.313108
0.313104
0.313099
0.313093
0.313087
0.31308
0.313072
0.313064
0.313055
0.313045
0.313035
0.313024
0.313012
0.313
0.312987
0.312974
0.312959
0.312944
0.312929
0.312912
0.312895
0.312878
0.312859
0.31284
0.312821
0.3128
0.312779
0.312757
0.312735
0.312712
0.312688
0.312664
0.312639
0.312613
0.312587
0.31256
0.312532
0.312504
0.312475
0.312445
0.312414
0.312383
0.312352
0.312319
0.312286
0.312253
0.312218
0.312183
0.312148
0.312111
0.312074
0.312037
0.311998
0.311959
0.31192
0.31188
0.311839
0.311797
0.311755
0.311712
0.311669
0.311624
0.31158
0.311534
0.311488
0.311442
0.311394
0.311346
0.311298
0.311249
0.311199
0.311148
0.311097
0.311045
0.310993
0.31094
0.310886
0.310832
0.310777
0.310722
0.310666
0.310609
0.310552
0.310494
0.310436
0.310377
0.310317
0.310257
0.310196
0.310135
0.310073
0.31001
0.309947
0.309883
0.309819
0.309754
0.309688
0.309622
0.309556
0.309489
0.309421
0.309353
0.309284
0.309214
0.309144
0.309074
0.309003
0.308931
0.308859
0.308786
0.308713
0.308639
0.308565
0.30849
0.308415
0.308339
0.308263
0.308186
0.308109
0.308031
0.307953
0.307874
0.307794
0.307715
0.307634
0.307553
0.307472
0.30739
0.307308
0.307226
0.307142
0.307059
0.306975
0.30689
0.306805
0.30672
0.306634
0.306548
0.306461
0.306374
0.306286
0.306198
0.30611
0.306021
0.305931
0.305842
0.305752
0.305661
0.30557
0.305479
0.305387
0.305295
0.305203
0.30511
0.305017
0.304924
0.30483
0.304735
0.304641
0.304546
0.304451
0.304355
0.304259
0.304163
0.304066
0.303969
0.303872
0.303775
0.303677
0.303579
0.30348
0.303382
0.303283
0.303183
0.303084
0.302984
0.302884
0.302783
0.302683
0.302582
0.302481
0.302379
0.302278
0.302176
0.302074
0.301971
0.301869
0.301766
0.301663
0.30156
0.301457
0.301353
0.30125
0.301146
0.301042
0.300937
0.300833
0.300728
0.300624
0.300519
0.300414
0.300309
0.300203
0.300098
0.299992
0.299887
0.299781
0.299675
0.299569
0.299463
0.299357
0.29925
0.299144
0.299038
0.298931
0.298824
0.298718
0.298611
0.298504
0.298398
0.298291
0.298184
0.298077
0.29797
0.297863
0.297757
0.29765
0.297543
0.297436
0.297329
0.297222
0.297115
0.297008
0.296902
0.296795
0.296688
0.296582
0.296475
0.296369
0.296262
0.296156
0.29605
0.295943
0.295837
0.295731
0.295625
0.29552
0.295414
0.295309
0.295203
0.295098
0.294993
0.294888
0.294783
0.294678
0.294574
0.294469
0.294365
0.294261
0.294157
0.294054
0.29395
0.293847
0.293744
0.293642
0.293539
0.293437
0.293335
0.293233
0.293131
0.29303
0.292929
0.292828
0.292727
0.292627
0.292527
0.292427
0.292328
0.292229
0.29213
0.292031
0.291933
0.291835
0.291738
0.29164
0.291543
0.291447
0.291351
0.291255
0.291159
0.291064
0.290969
0.290875
0.290781
0.290687
0.290594
0.290501
0.290409
0.290317
0.290225
0.290134
0.290044
0.289953
0.289863
0.289774
0.289685
0.289597
0.289508
0.289421
0.289334
0.289247
0.289161
0.289075
0.28899
0.288906
0.288821
0.288738
0.288655
0.288572
0.28849
0.288408
0.288327
0.288247
0.288167
0.288088
0.288009
0.287931
0.287853
0.287776
0.287699
0.287624
0.287548
0.287473
0.287399
0.287326
0.287253
0.287181
0.287109
0.287038
0.286967
0.286898
0.286828
0.28676
0.286692
0.286625
0.286558
0.286493
0.286427
0.286363
0.286299
0.286236
0.286173
0.286112
0.286051
0.28599
0.28593
0.285872
0.285813
0.285756
0.285699
0.285643
0.285588
0.285533
0.285479
0.285426
0.285374
0.285322
0.285272
0.285222
0.285172
0.285124
0.285076
0.285029
0.284983
0.284938
0.284893
0.284849
0.284806
0.284764
0.284723
0.284682
0.284643
0.284604
0.284566
0.284529
0.284492
0.284457
0.284422
0.284388
0.284355
0.284323
0.284292
0.284261
0.284232
0.284203
0.284175
0.284148
0.284122
0.284097
0.284073
0.284049
0.284027
0.284005
0.283985
0.283965
0.283946
0.283928
0.283911
0.283895
0.283879
0.283865
0.283852
0.283839
0.283827
0.283817
0.283807
0.283798
0.283791
0.283784
0.283778
0.283773
0.283769
0.283766
0.283763
0.283762
0.283762
0.283763
0.283764
0.283767
0.283771
0.283775
0.283781
0.283787
0.283795
0.283803
0.283813
0.283823
0.283835
0.283847
0.28386
0.283875
0.28389
0.283907
0.283924
0.283942
0.283962
0.283982
0.284003
0.284026
0.284049
0.284074
0.284099
0.284125
0.284153
0.284181
0.28421
0.284241
0.284272
0.284305
0.284338
0.284373
0.284408
0.284445
0.284482
0.284521
0.28456
0.284601
0.284642
0.284685
0.284728
0.284773
0.284819
0.284865
0.284913
0.284962
0.285011
0.285062
0.285114
0.285167
0.28522
0.285275
0.285331
0.285388
0.285446
0.285505
0.285565
0.285626
0.285688
0.285751
0.285815
0.28588
0.285946
0.286013
0.286081
0.28615
0.28622
0.286291
0.286363
0.286436
0.28651
0.286585
0.286661
0.286739
0.286817
0.286896
0.286976
0.287057
0.287139
0.287222
0.287307
0.287392
0.287478
0.287565
0.287653
0.287742
0.287832
0.287923
0.288015
0.288108
0.288202
0.288297
0.288393
0.28849
0.288588
0.288687
0.288786
0.288887
0.288989
0.289092
0.289195
0.2893
0.289405
0.289512
0.289619
0.289727
0.289837
0.289947
0.290058
0.29017
0.290283
0.290397
0.290512
0.290628
0.290744
0.290862
0.29098
0.2911
0.29122
0.291341
0.291463
0.291586
0.29171
0.291835
0.291961
0.292087
0.292214
0.292343
0.292472
0.292602
0.292732
0.292864
0.292996
0.29313
0.293264
0.293399
0.293535
0.293671
0.293809
0.293947
0.294086
0.294226
0.294367
0.294508
0.29465
0.294793
0.294937
0.295082
0.295227
0.295373
0.29552
0.295668
0.295816
0.295965
0.296115
0.296266
0.296417
0.296569
0.296722
0.296875
0.29703
0.297184
0.29734
0.297496
0.297653
0.297811
0.297969
0.298128
0.298288
0.298448
0.298609
0.298771
0.298933
0.299096
0.299259
0.299423
0.299588
0.299753
0.299919
0.300086
0.300253
0.30042
0.300588
0.300757
0.300927
0.301096
0.301267
0.301438
0.301609
0.301781
0.301954
0.302127
0.3023
0.302475
0.302649
0.302824
0.303
0.303175
0.303352
0.303529
0.303706
0.303884
0.304062
0.304241
0.30442
0.304599
0.304779
0.304959
0.305139
0.30532
0.305502
0.305683
0.305865
0.306048
0.30623
0.306413
0.306597
0.30678
0.306964
0.307149
0.307333
0.307518
0.307703
0.307888
0.308074
0.30826
0.308446
0.308632
0.308819
0.309005
0.309192
0.309379
0.309567
0.309754
0.309942
0.310129
0.310317
0.310505
0.310694
0.310882
0.31107
0.311259
0.311447
0.311636
0.311825
0.312014
0.312203
0.312392
0.31258
0.312769
0.312958
0.313147
0.313336
0.313525
0.313714
0.313903
0.314092
0.314281
0.31447
0.314659
0.314847
0.315036
0.315224
0.315413
0.315601
0.315789
0.315977
0.316165
0.316352
0.31654
0.316727
0.316914
0.317101
0.317288
0.317474
0.31766
0.317846
0.318032
0.318218
0.318403
0.318588
0.318772
0.318957
0.319141
0.319324
0.319508
0.319691
0.319873
0.320056
0.320238
0.320419
0.3206
0.320781
0.320961
0.321141
0.32132
0.321499
0.321678
0.321856
0.322033
0.32221
0.322387
0.322563
0.322738
0.322913
0.323087
0.323261
0.323434
0.323607
0.323779
0.323951
0.324121
0.324291
0.324461
0.32463
0.324798
0.324966
0.325132
0.325299
0.325464
0.325629
0.325793
0.325956
0.326118
0.32628
0.326441
0.326601
0.32676
0.326919
0.327077
0.327233
0.327389
0.327545
0.327699
0.327852
0.328005
0.328156
0.328307
0.328457
0.328605
0.328753
0.3289
0.329046
0.329191
0.329335
0.329477
0.329619
0.32976
0.3299
0.330039
0.330176
0.330313
0.330448
0.330582
0.330716
0.330848
0.330979
0.331108
0.331237
0.331364
0.331491
0.331616
0.331739
0.331862
0.331983
0.332103
0.332222
0.33234
0.332456
0.332571
0.332684
0.332797
0.332908
0.333017
0.333126
0.333232
0.333338
0.333442
0.333545
0.333646
0.333746
0.333844
0.333941
0.334036
0.33413
0.334223
0.334314
0.334403
0.334491
0.334577
0.334662
0.334745
0.334827
0.334907
0.334986
0.335062
0.335138
0.335211
0.335283
0.335353
0.335422
0.335489
0.335554
0.335617
0.335679
0.335739
0.335797
0.335854
0.335908
0.335961
0.336012
0.336062
0.336109
0.336155
0.336198
0.33624
0.33628
0.336319
0.336355
0.336389
0.336422
0.336452
0.336481
0.336507
0.336532
0.336555
0.336575
0.336594
0.33661
0.336625
0.336638
0.336648
0.336657
0.336663
0.336667
0.336669
0.336669
0.336667
0.336663
0.336657
0.336648
0.336638
0.336625
0.33661
0.336592
0.336573
0.336551
0.336527
0.336501
0.336472
0.336442
0.336408
0.336373
0.336335
0.336295
0.336253
0.336208
0.336161
0.336112
0.33606
0.336006
0.335949
0.33589
0.335828
0.335764
0.335698
0.335629
0.335558
0.335484
0.335408
0.335329
0.335247
0.335164
0.335077
0.334988
0.334896
0.334802
0.334706
0.334606
0.334504
0.3344
0.334292
0.334182
0.33407
0.333955
0.333837
0.333716
0.333593
0.333467
0.333338
0.333207
0.333072
0.332935
0.332796
0.332653
0.332508
0.33236
0.332209
0.332055
0.331898
0.331739
0.331576
0.331411
0.331243
0.331072
0.330898
0.330721
0.330542
0.330359
0.330173
0.329985
0.329793
0.329599
0.329401
0.329201
0.328997
0.328791
0.328581
0.328369
0.328153
0.327934
0.327713
0.327488
0.32726
0.327029
0.326795
0.326558
0.326317
0.326074
0.325827
0.325577
0.325324
0.325068
0.324809
0.324546
0.32428
0.324011
0.323739
0.323464
0.323185
0.322903
0.322618
0.322329
0.322037
0.321742
0.321444
0.321142
0.320837
0.320528
0.320217
0.319902
0.319583
0.319261
0.318936
0.318607
0.318275
0.31794
0.317601
0.317259
0.316913
0.316564
0.316211
0.315855
0.315496
0.315133
0.314766
0.314396
0.314023
0.313646
0.313265
0.312881
0.312493
0.312102
0.311707
0.311309
0.310907
0.310501
0.310092
0.30968
0.309263
0.308843
0.30842
0.307993
0.307562
0.307127
0.306689
0.306247
0.305802
0.305353
0.3049
0.304443
0.303983
0.303519
0.303051
0.30258
0.302105
0.301626
0.301143
0.300656
0.300166
0.299672
0.299174
0.298673
0.298167
0.297658
0.297145
0.296628
0.296108
0.295583
0.295055
0.294523
0.293987
0.293447
0.292903
0.292355
0.291804
0.291248
0.290689
0.290126
0.289559
0.288988
0.288413
0.287834
0.287251
0.286664
0.286073
0.285479
0.28488
0.284277
0.283671
0.28306
0.282446
0.281827
0.281204
0.280578
0.279947
0.279313
0.278674
0.278031
0.277385
0.276734
0.276079
0.27542
0.274757
0.27409
0.273419
0.272744
0.272065
0.271382
0.270694
0.270003
0.269307
0.268607
0.267904
0.267196
0.266484
0.265767
0.265047
0.264323
0.263594
0.262861
0.262125
0.261383
0.260638
0.259889
0.259135
0.258378
0.257616
0.25685
0.256079
0.255305
0.254526
0.253743
0.252956
0.252165
0.251369
0.25057
0.249766
0.248958
0.248145
0.247328
0.246508
0.245682
0.244853
0.244019
0.243182
0.242339
0.241493
0.240642
0.239787
0.238928
0.238065
0.237197
0.236325
0.235449
0.234568
0.233683
0.232794
0.231901
0.231003
0.230101
0.229194
0.228284
0.227369
0.226449
0.225526
0.224598
0.223665
0.222729
0.221788
0.220843
0.219893
0.218939
0.217981
0.217018
0.216051
0.21508
0.214105
0.213125
0.21214
0.211152
0.210159
0.209161
0.20816
0.207153
0.206143
0.205128
0.204109
0.203086
0.202058
0.201025
0.199989
0.198948
0.197903
0.196853
0.195799
0.19474
0.193677
0.19261
0.191539
0.190463
0.189382
0.188298
0.187208
0.186115
0.185017
0.183915
0.182808
0.181697
0.180582
0.179462
0.178338
0.177209
0.176076
0.174939
0.173797
0.172651
0.171501
0.170346
0.169187
0.168023
0.166855
0.165683
0.164506
0.163325
0.16214
0.16095
0.159755
0.158557
0.157354
0.156146
0.154935
0.153718
0.152498
0.151273
0.150044
0.14881
0.147572
0.14633
0.145083
0.143832
0.142576
0.141316
0.140052
0.138783
0.13751
0.136233
0.134951
0.133665
0.132375
0.13108
0.129781
0.128478
0.12717
0.125858
0.124541
0.12322
0.121895
0.120566
0.119232
0.117894
0.116551
0.115204
0.113853
0.112498
0.111138
0.109774
0.108406
0.107033
0.105656
0.104274
0.102889
0.101499
0.100105
0.098706
0.0973031
0.095896
0.0944846
0.0930689
0.0916489
0.0902247
0.0887961
0.0873634
0.0859263
0.084485
0.0830394
0.0815896
0.0801355
0.0786772
0.0772146
0.0757478
0.0742768
0.0728015
0.071322
0.0698383
0.0683504
0.0668582
0.0653619
0.0638613
0.0623566
0.0608476
0.0593344
0.0578171
0.0562956
0.0547699
0.05324
0.051706
0.0501678
0.0486254
0.0470789
0.0455282
0.0439734
0.0424145
0.0408514
0.0392842
0.0377128
0.0361374
0.0345578
0.0329741
0.0313864
0.0297945
0.0281985
0.0265985
0.0249944
0.0233862
0.0217739
0.0201576
0.0185372
0.0169127
0.0152843
0.0136517
0.0120152
0.0103746
0.00873003
0.00708143
0.00542881
0.0037722
0.00211159
0.000446996
-0.00122158
-0.00289413
-0.00457065
-0.00625113
-0.00793556
-0.00962395
-0.0113163
-0.0130125
-0.0147127
-0.0164168
-0.0181248
-0.0198367
-0.0215526
-0.0232723
-0.0249959
-0.0267233
-0.0284547
-0.0301899
-0.0319289
-0.0336718
-0.0354186
-0.0371692
-0.0389235
-0.0406818
-0.0424438
-0.0442096
-0.0459792
-0.0477526
-0.0495298
-0.0513107
-0.0530954
-0.0548839
-0.0566761
-0.058472
-0.0602717
-0.062075
-0.0638821
-0.0656929
-0.0675074
-0.0693256
-0.0711474
-0.0729729
-0.0748021
-0.0766349
-0.0784713
-0.0803114
-0.0821551
-0.0840025
-0.0858534
-0.0877079
-0.089566
-0.0914277
-0.093293
-0.0951618
-0.0970341
-0.09891
-0.100789
-0.102672
-0.104559
-0.106449
-0.108342
-0.110239
-0.11214
-0.114044
-0.115951
-0.117862
-0.119776
-0.121693
-0.123614
-0.125539
-0.127467
-0.129398
-0.131332
-0.13327
-0.135212
-0.137156
-0.139104
-0.141055
-0.14301
-0.144968
-0.146929
-0.148894
-0.150861
-0.152832
-0.154806
-0.156784
-0.158764
-0.160748
-0.162735
-0.164726
-0.166719
-0.168716
-0.170715
-0.172718
-0.174724
-0.176733
-0.178746
-0.180761
-0.182779
-0.184801
-0.186825
-0.188853
-0.190884
-0.192917
-0.194954
-0.196994
-0.199036
-0.201082
-0.20313
-0.205182
-0.207237
-0.209294
-0.211354
-0.213418
-0.215484
-0.217553
-0.219625
-0.221699
-0.223777
-0.225857
-0.22794
-0.230026
-0.232115
-0.234207
-0.236301
-0.238398
-0.240498
-0.242601
-0.244706
-0.246814
-0.248925
-0.251038
-0.253154
-0.255273
-0.257394
-0.259518
-0.261644
-0.263773
-0.265905
-0.268039
-0.270176
-0.272315
-0.274457
-0.276601
-0.278748
-0.280897
-0.283049
-0.285203
-0.28736
-0.289519
-0.291681
-0.293845
-0.296011
-0.29818
-0.300351
-0.302524
-0.3047
-0.306878
-0.309058
-0.31124
-0.313425
-0.315612
-0.317802
-0.319993
-0.322187
-0.324383
-0.326581
-0.328781
-0.330984
-0.333188
-0.335395
-0.337604
-0.339815
-0.342028
-0.344243
-0.34646
-0.348679
-0.3509
-0.353123
-0.355348
-0.357575
-0.359804
-0.362035
-0.364268
-0.366503
-0.368739
-0.370978
-0.373218
-0.37546
-0.377704
-0.37995
-0.382198
-0.384447
-0.386699
-0.388951
-0.391206
-0.393462
-0.395721
-0.39798
-0.400242
-0.402505
-0.404769
-0.407036
-0.409304
-0.411573
-0.413844
-0.416117
-0.418391
-0.420667
-0.422944
-0.425222
-0.427503
-0.429784
-0.432067
-0.434352
-0.436637
-0.438925
-0.441213
-0.443503
-0.445794
-0.448087
-0.450381
-0.452676
-0.454972
-0.45727
-0.459569
-0.461869
-0.46417
-0.466473
-0.468776
-0.471081
-0.473387
-0.475694
-0.478002
-0.480311
-0.482622
-0.484933
-0.487245
-0.489558
-0.491873
-0.494188
-0.496504
-0.498821
-0.501139
-0.503458
-0.505778
-0.508099
-0.51042
-0.512743
-0.515066
-0.51739
-0.519715
-0.52204
-0.524366
-0.526693
-0.529021
-0.531349
-0.533678
-0.536008
-0.538338
-0.540669
-0.543001
-0.545333
-0.547665
-0.549999
-0.552332
-0.554666
-0.557001
-0.559336
-0.561672
-0.564008
-0.566344
-0.568681
-0.571018
-0.573356
-0.575693
-0.578032
-0.58037
-0.582709
-0.585048
-0.587387
-0.589726
-0.592066
-0.594406
-0.596746
-0.599086
-0.601426
-0.603767
-0.606107
-0.608448
-0.610788
-0.613129
-0.61547
-0.61781
-0.620151
-0.622491
-0.624832
-0.627172
-0.629513
-0.631853
-0.634193
-0.636533
-0.638873
-0.641212
-0.643552
-0.645891
-0.648229
-0.650568
-0.652906
-0.655244
-0.657582
-0.659919
-0.662256
-0.664593
-0.666929
-0.669265
-0.6716
-0.673935
-0.676269
-0.678603
-0.680936
-0.683269
-0.685601
-0.687933
-0.690264
-0.692594
-0.694924
-0.697253
-0.699581
-0.701909
-0.704236
-0.706562
-0.708888
-0.711213
-0.713537
-0.71586
-0.718182
-0.720503
-0.722824
-0.725144
-0.727463
-0.72978
-0.732097
-0.734413
-0.736728
-0.739042
-0.741355
-0.743667
-0.745978
-0.748287
-0.750596
-0.752904
-0.75521
-0.757515
-0.759819
-0.762122
-0.764423
-0.766724
-0.769023
-0.771321
-0.773617
-0.775912
-0.778206
-0.780499
-0.78279
-0.785079
-0.787368
-0.789655
-0.79194
-0.794224
-0.796506
-0.798787
-0.801067
-0.803344
-0.805621
-0.807895
-0.810168
-0.81244
-0.81471
-0.816978
-0.819244
-0.821509
-0.823772
-0.826033
-0.828293
-0.83055
-0.832806
-0.83506
-0.837312
-0.839563
-0.841811
-0.844058
-0.846303
-0.848545
-0.850786
-0.853025
-0.855262
-0.857497
-0.859729
-0.86196
-0.864189
-0.866415
-0.86864
-0.870862
-0.873082
-0.8753
-0.877516
-0.87973
-0.881941
-0.88415
-0.886357
-0.888562
-0.890764
-0.892964
-0.895162
-0.897357
-0.89955
-0.901741
-0.903929
-0.906114
-0.908298
-0.910478
-0.912657
-0.914833
-0.917006
-0.919177
-0.921345
-0.923511
-0.925674
-0.927834
-0.929992
-0.932147
-0.934299
-0.936449
-0.938596
-0.940741
-0.942882
-0.945021
-0.947157
-0.949291
-0.951421
-0.953549
-0.955674
-0.957796
-0.959915
-0.962031
-0.964144
-0.966254
-0.968362
-0.970466
-0.972567
-0.974666
-0.976761
-0.978854
-0.980943
-0.983029
-0.985112
-0.987192
-0.989269
-0.991343
-0.993413
-0.995481
-0.997545
-0.999606
-1.00166
-1.00372
-1.00577
-1.00782
-1.00986
-1.0119
-1.01394
-1.01598
-1.01801
-1.02004
-1.02206
-1.02408
-1.0261
-1.02811
-1.03012
-1.03213
-1.03413
-1.03613
-1.03813
-1.04012
-1.04211
-1.0441
-1.04608
-1.04806
-1.05004
-1.05201
-1.05398
-1.05594
-1.0579
-1.05986
-1.06181
-1.06376
-1.06571
-1.06765
-1.06959
-1.07152
-1.07345
-1.07538
-1.0773
-1.07922
-1.08114
-1.08305
-1.08495
-1.08686
-1.08876
-1.09065
-1.09254
-1.09443
-1.09632
-1.09819
-1.10007
-1.10194
-1.10381
-1.10567
-1.10753
-1.10939
-1.11124
-1.11309
-1.11493
-1.11677
-1.1186
-1.12043
-1.12226
-1.12408
-1.1259
-1.12771
-1.12952
-1.13133
-1.13313
-1.13493
-1.13672
-1.13851
-1.14029
-1.14207
-1.14385
-1.14562
-1.14738
-1.14915
-1.1509
-1.15266
-1.15441
-1.15615
-1.15789
-1.15963
-1.16136
-1.16308
-1.16481
-1.16652
-1.16824
-1.16995
-1.17165
-1.17335
-1.17504
-1.17673
-1.17842
-1.1801
-1.18178
-1.18345
-1.18512
-1.18678
-1.18844
-1.19009
-1.19174
-1.19339
-1.19503
-1.19666
-1.19829
-1.19992
-1.20154
-1.20315
-1.20477
-1.20637
-1.20797
-1.20957
-1.21116
-1.21275
-1.21433
-1.21591
-1.21748
-1.21905
-1.22062
-1.22217
-1.22373
-1.22528
-1.22682
-1.22836
-1.22989
-1.23142
-1.23295
-1.23447
-1.23598
-1.23749
-1.239
-1.2405
-1.24199
-1.24348
-1.24497
-1.24645
-1.24792
-1.24939
-1.25086
-1.25232
-1.25377
-1.25522
-1.25667
-1.25811
-1.25954
-1.26097
-1.2624
-1.26382
-1.26523
-1.26664
-1.26805
-1.26945
-1.27084
-1.27223
-1.27362
-1.27499
-1.27637
-1.27774
-1.2791
-1.28046
-1.28181
-1.28316
-1.28451
-1.28585
-1.28718
-1.28851
-1.28983
-1.29115
-1.29246
-1.29377
-1.29507
-1.29637
-1.29766
-1.29895
-1.30023
-1.3015
-1.30277
-1.30404
-1.3053
-1.30656
-1.30781
-1.30905
-1.31029
-1.31153
-1.31276
-1.31398
-1.3152
-1.31641
-1.31762
-1.31883
-1.32003
-1.32122
-1.32241
-1.32359
-1.32477
-1.32594
-1.32711
-1.32827
-1.32942
-1.33058
-1.33172
-1.33286
-1.334
-1.33513
-1.33625
-1.33737
-1.33849
-1.3396
-1.3407
-1.3418
-1.34289
-1.34398
-1.34507
-1.34614
-1.34722
-1.34828
-1.34935
-1.3504
-1.35145
-1.3525
-1.35354
-1.35458
-1.35561
-1.35663
-1.35766
-1.35867
-1.35968
-1.36069
-1.36168
-1.36268
-1.36367
-1.36465
-1.36563
-1.3666
-1.36757
-1.36854
-1.36949
-1.37045
-1.37139
-1.37234
-1.37327
-1.3742
-1.37513
-1.37605
-1.37697
-1.37788
-1.37879
-1.37969
-1.38058
-1.38147
-1.38236
-1.38324
-1.38411
-1.38498
-1.38585
-1.38671
-1.38756
-1.38841
-1.38926
-1.3901
-1.39093
-1.39176
-1.39259
-1.3934
-1.39422
-1.39503
-1.39583
-1.39663
-1.39742
-1.39821
-1.399
-1.39977
-1.40055
-1.40132
-1.40208
-1.40284
-1.40359
-1.40434
-1.40508
-1.40582
-1.40656
-1.40728
-1.40801
-1.40873
-1.40944
-1.41015
-1.41085
-1.41155
-1.41225
-1.41294
-1.41362
-1.4143
-1.41497
-1.41564
-1.41631
-1.41697
-1.41762
-1.41827
-1.41892
-1.41956
-1.4202
-1.42083
-1.42145
-1.42208
-1.42269
-1.42331
-1.42391
-1.42451
-1.42511
-1.42571
-1.42629
-1.42688
-1.42746
-1.42803
-1.4286
-1.42917
-1.42973
-1.43028
-1.43083
-1.43138
-1.43192
-1.43246
-1.43299
-1.43352
-1.43405
-1.43457
-1.43508
-1.43559
-1.4361
-1.4366
-1.43709
-1.43759
-1.43807
-1.43856
-1.43904
-1.43951
-1.43998
-1.44045
-1.44091
-1.44137
-1.44182
-1.44227
-1.44271
-1.44315
-1.44359
-1.44402
-1.44444
-1.44487
-1.44529
-1.4457
-1.44611
-1.44652
-1.44692
-1.44731
-1.44771
-1.4481
-1.44848
-1.44886
-1.44924
-1.44961
-1.44998
-1.45035
-1.45071
-1.45106
-1.45142
-1.45176
-1.45211
-1.45245
-1.45279
-1.45312
-1.45345
-1.45377
-1.45409
-1.45441
-1.45472
-1.45503
-1.45534
-1.45564
-1.45594
-1.45623
-1.45652
-1.45681
-1.45709
-1.45737
-1.45764
-1.45792
-1.45818
-1.45845
-1.45871
-1.45897
-1.45922
-1.45947
-1.45972
-1.45996
-1.4602
-1.46043
-1.46067
-1.4609
-1.46112
-1.46134
-1.46156
-1.46178
-1.46199
-1.4622
-1.4624
-1.4626
-1.4628
-1.46299
-1.46319
-1.46337
-1.46356
-1.46374
-1.46392
-1.4641
-1.46427
-1.46444
-1.4646
-1.46476
-1.46492
-1.46508
-1.46523
-1.46538
-1.46553
-1.46568
-1.46582
-1.46596
-1.46609
-1.46622
-1.46635
-1.46648
-1.4666
-1.46672
-1.46684
-1.46696
-1.46707
-1.46718
-1.46728
-1.46739
-1.46749
-1.46759
-1.46768
-1.46778
-1.46787
-1.46795
-1.46804
-1.46812
-1.4682
-1.46828
-1.46835
-1.46843
-1.46849
-1.46856
-1.46863
-1.46869
-1.46875
-1.46881
-1.46886
-1.46891
-1.46896
-1.46901
-1.46906
-1.4691
-1.46914
-1.46918
-1.46921
-1.46925
-1.46928
-1.46931
-1.46934
-1.46936
-1.46939
-1.46941
-1.46943
-1.46944
-1.46946
-1.46947
-1.46948
-1.46949
-1.4695
-1.4695
-1.46951
-1.46951
-1.46951
-1.4695
-1.4695
-1.46949
-1.46949
-1.46948
-1.46946
-1.46945
-1.46943
-1.46942
-1.4694
-1.46938
-1.46936
-1.46933
-1.46931
-1.46928
-1.46925
-1.46922
-1.46919
-1.46916
-1.46912
-1.46909
-1.46905
-1.46901
-1.46897
-1.46893
-1.46889
-1.46884
-1.4688
-1.46875
-1.4687
-1.46865
-1.4686
-1.46855
-1.46849
-1.46844
-1.46838
-1.46833
-1.46827
-1.46821
-1.46815
-1.46809
-1.46802
-1.46796
-1.4679
-1.46783
-1.46776
-1.4677
-1.46763
-1.46756
-1.46749
-1.46742
-1.46734
-1.46727
-1.4672
-1.46712
-1.46705
-1.46697
-1.46689
-1.46681
-1.46674
-1.46666
-1.46658
-1.4665
-1.46641
-1.46633
-1.46625
-1.46617
-1.46608
-1.466
-1.46591
-1.46583
-1.46574
-1.46566
-1.46557
-1.46548
-1.46539
-1.46531
-1.46522
-1.46513
-1.46504
-1.46495
-1.46486
-1.46477
-1.46468
-1.46459
-1.4645
-1.46441
-1.46431
-1.46422
-1.46413
-1.46404
-1.46395
-1.46385
-1.46376
-1.46367
-1.46358
-1.46348
-1.46339
-1.4633
-1.4632
-1.46311
-1.46302
-1.46293
-1.46283
-1.46274
-1.46265
-1.46256
-1.46246
-1.46237
-1.46228
-1.46219
-1.4621
-1.462
-1.46191
-1.46182
-1.46173
-1.46164
-1.46155
-1.46146
-1.46137
-1.46128
-1.46119
-1.4611
-1.46102
-1.46093
-1.46084
-1.46075
-1.46067
-1.46058
-1.4605
-1.46041
-1.46033
-1.46024
-1.46016
-1.46007
-1.45999
-1.45991
-1.45983
-1.45975
-1.45967
-1.45959
-1.45951
-1.45943
-1.45935
-1.45928
-1.4592
-1.45913
-1.45905
-1.45898
-1.4589
-1.45883
-1.45876
-1.45869
-1.45862
-1.45855
-1.45848
-1.45841
-1.45834
-1.45828
-1.45821
-1.45815
-1.45809
-1.45802
-1.45796
-1.4579
-1.45784
-1.45778
-1.45773
-1.45767
-1.45761
-1.45756
-1.4575
-1.45745
-1.4574
-1.45735
-1.4573
-1.45725
-1.4572
-1.45716
-1.45711
-1.45707
-1.45703
-1.45698
-1.45694
-1.4569
-1.45687
-1.45683
-1.45679
-1.45676
-1.45672
-1.45669
-1.45666
-1.45663
-1.4566
-1.45657
-1.45655
-1.45652
-1.4565
-1.45648
-1.45646
-1.45644
-1.45642
-1.4564
-1.45638
-1.45637
-1.45636
-1.45635
-1.45633
-1.45633
-1.45632
-1.45631
-1.45631
-1.4563
-1.4563
-1.4563
-1.4563
-1.4563
-1.45631
-1.45631
-1.45632
-1.45633
-1.45634
-1.45635
-1.45636
-1.45637
-1.45639
-1.4564
-1.45642
-1.45644
-1.45646
-1.45649
-1.45651
-1.45654
-1.45656
-1.45659
-1.45662
-1.45665
-1.45669
-1.45672
-1.45676
-1.4568
-1.45684
-1.45688
-1.45692
-1.45696
-1.45701
-1.45706
-1.45711
-1.45716
-1.45721
-1.45726
-1.45732
-1.45737
-1.45743
-1.45749
-1.45755
-1.45762
-1.45768
-1.45775
-1.45782
-1.45789
-1.45796
-1.45803
-1.4581
-1.45818
-1.45826
-1.45834
-1.45842
-1.4585
-1.45859
-1.45867
-1.45876
-1.45885
-1.45894
-1.45903
-1.45913
-1.45922
-1.45932
-1.45942
-1.45952
-1.45962
-1.45972
-1.45983
-1.45994
-1.46004
-1.46015
-1.46027
-1.46038
-1.46049
-1.46061
-1.46073
-1.46085
-1.46097
-1.46109
-1.46122
-1.46135
-1.46147
-1.4616
-1.46173
-1.46187
-1.462
-1.46214
-1.46227
-1.46241
-1.46255
-1.4627
-1.46284
-1.46299
-1.46313
-1.46328
-1.46343
-1.46358
-1.46374
-1.46389
-1.46405
-1.46421
-1.46437
-1.46453
-1.46469
-1.46485
-1.46502
-1.46519
-1.46536
-1.46553
-1.4657
-1.46587
-1.46605
-1.46622
-1.4664
-1.46658
-1.46676
-1.46694
-1.46713
-1.46731
-1.4675
-1.46768
-1.46787
-1.46806
-1.46826
-1.46845
-1.46865
-1.46884
-1.46904
-1.46924
-1.46944
-1.46964
-1.46985
-1.47005
-1.47026
-1.47046
-1.47067
-1.47088
-1.47109
-1.47131
-1.47152
-1.47174
-1.47195
-1.47217
-1.47239
-1.47261
-1.47283
-1.47306
-1.47328
-1.47351
-1.47373
-1.47396
-1.47419
-1.47442
-1.47465
-1.47489
-1.47512
-1.47536
-1.47559
-1.47583
-1.47607
-1.47631
-1.47655
-1.47679
-1.47704
-1.47728
-1.47752
-1.47777
-1.47802
-1.47827
-1.47852
-1.47877
-1.47902
-1.47927
-1.47953
-1.47978
-1.48004
-1.48029
-1.48055
-1.48081
-1.48107
-1.48133
-1.48159
-1.48185
-1.48212
-1.48238
-1.48264
-1.48291
-1.48318
-1.48344
-1.48371
-1.48398
-1.48425
-1.48452
-1.48479
-1.48507
-1.48534
-1.48561
-1.48589
-1.48616
-1.48644
-1.48671
-1.48699
-1.48727
-1.48755
-1.48783
-1.48811
-1.48839
-1.48867
-1.48895
-1.48923
-1.48952
-1.4898
-1.49008
-1.49037
-1.49065
-1.49094
-1.49122
-1.49151
-1.4918
-1.49209
-1.49237
-1.49266
-1.49295
-1.49324
-1.49353
-1.49382
-1.49411
-1.4944
-1.49469
-1.49498
-1.49527
-1.49556
-1.49586
-1.49615
-1.49644
-1.49673
-1.49703
-1.49732
-1.49761
-1.49791
-1.4982
-1.4985
-1.49879
-1.49908
-1.49938
-1.49967
-1.49997
-1.50026
-1.50056
-1.50085
-1.50115
-1.50144
-1.50174
-1.50203
-1.50233
-1.50262
-1.50292
-1.50321
-1.5035
-1.5038
-1.50409
-1.50439
-1.50468
-1.50498
-1.50527
-1.50556
-1.50586
-1.50615
-1.50644
-1.50674
-1.50703
-1.50732
-1.50761
-1.5079
-1.50819
-1.50849
-1.50878
-1.50907
-1.50936
-1.50965
-1.50994
-1.51022
-1.51051
-1.5108
-1.51109
-1.51137
-1.51166
-1.51195
-1.51223
-1.51252
-1.5128
-1.51309
-1.51337
-1.51365
-1.51393
-1.51422
-1.5145
-1.51478
-1.51506
-1.51533
-1.51561
-1.51589
-1.51617
-1.51644
-1.51672
-1.51699
-1.51727
-1.51754
-1.51781
-1.51808
-1.51835
-1.51862
-1.51889
-1.51916
-1.51943
-1.5197
-1.51996
-1.52023
-1.52049
-1.52075
-1.52101
-1.52127
-1.52153
-1.52179
-1.52205
-1.52231
-1.52256
-1.52282
-1.52307
-1.52332
-1.52358
-1.52383
-1.52408
-1.52432
-1.52457
-1.52482
-1.52506
-1.5253
-1.52555
-1.52579
-1.52603
-1.52627
-1.5265
-1.52674
-1.52697
-1.52721
-1.52744
-1.52767
-1.5279
-1.52813
-1.52836
-1.52858
-1.52881
-1.52903
-1.52925
-1.52947
-1.52969
-1.52991
-1.53012
-1.53034
-1.53055
-1.53076
-1.53097
-1.53118
-1.53139
-1.53159
-1.53179
-1.532
-1.5322
-1.5324
-1.53259
-1.53279
-1.53299
-1.53318
-1.53337
-1.53356
-1.53375
-1.53393
-1.53412
-1.5343
-1.53448
-1.53466
-1.53484
-1.53502
-1.53519
-1.53536
-1.53553
-1.5357
-1.53587
-1.53604
-1.5362
-1.53636
-1.53652
-1.53668
-1.53684
-1.53699
-1.53715
-1.5373
-1.53745
-1.53759
-1.53774
-1.53788
-1.53803
-1.53817
-1.5383
-1.53844
-1.53858
-1.53871
-1.53884
-1.53897
-1.53909
-1.53922
-1.53934
-1.53946
-1.53958
-1.5397
-1.53981
-1.53992
-1.54003
-1.54014
-1.54025
-1.54035
-1.54046
-1.54056
-1.54066
-1.54075
-1.54085
-1.54094
-1.54103
-1.54112
-1.5412
-1.54129
-1.54137
-1.54145
-1.54153
-1.5416
-1.54168
-1.54175
-1.54182
-1.54188
-1.54195
-1.54201
-1.54207
-1.54213
-1.54219
-1.54224
-1.54229
-1.54234
-1.54239
-1.54244
-1.54248
-1.54252
-1.54256
-1.5426
-1.54263
-1.54266
-1.54269
-1.54272
-1.54275
-1.54277
-1.54279
-1.54281
-1.54283
-1.54284
-1.54285
-1.54286
-1.54287
-1.54288
-1.54288
-1.54288
-1.54288
-1.54288
-1.54287
-1.54287
-1.54286
-1.54284
-1.54283
-1.54281
-1.54279
-1.54277
-1.54275
-1.54272
-1.5427
-1.54267
-1.54263
-1.5426
-1.54256
-1.54252
-1.54248
-1.54244
-1.54239
-1.54235
-1.5423
-1.54224
-1.54219
-1.54213
-1.54207
-1.54201
-1.54195
-1.54188
-1.54181
-1.54174
-1.54167
-1.5416
-1.54152
-1.54144
-1.54136
-1.54128
-1.54119
-1.5411
-1.54101
-1.54092
-1.54083
-1.54073
-1.54063
-1.54053
-1.54043
-1.54032
-1.54021
-1.5401
-1.53999
-1.53988
-1.53976
-1.53964
-1.53952
-1.5394
-1.53927
-1.53915
-1.53902
-1.53889
-1.53875
-1.53862
-1.53848
-1.53834
-1.5382
-1.53806
-1.53791
-1.53776
-1.53761
-1.53746
-1.53731
-1.53715
-1.53699
-1.53683
-1.53667
-1.5365
-1.53634
-1.53617
-1.536
-1.53583
-1.53565
-1.53548
-1.5353
-1.53512
-1.53494
-1.53475
-1.53457
-1.53438
-1.53419
-1.534
-1.5338
-1.53361
-1.53341
-1.53321
-1.53301
-1.53281
-1.5326
-1.53239
-1.53218
-1.53197
-1.53176
-1.53155
-1.53133
-1.53111
-1.5309
-1.53067
-1.53045
-1.53023
-1.53
-1.52977
-1.52954
-1.52931
-1.52908
-1.52884
-1.52861
-1.52837
-1.52813
-1.52789
-1.52764
-1.5274
-1.52715
-1.52691
-1.52666
-1.52641
-1.52615
-1.5259
-1.52564
-1.52539
-1.52513
-1.52487
-1.52461
-1.52434
-1.52408
-1.52381
-1.52355
-1.52328
-1.52301
-1.52274
-1.52246
-1.52219
-1.52191
-1.52164
-1.52136
-1.52108
-1.5208
-1.52052
-1.52023
-1.51995
-1.51966
-1.51938
-1.51909
-1.5188
-1.51851
-1.51822
-1.51792
-1.51763
-1.51733
-1.51704
-1.51674
-1.51644
-1.51614
-1.51584
-1.51554
-1.51524
-1.51494
-1.51463
-1.51433
-1.51402
-1.51371
-1.5134
-1.5131
-1.51279
-1.51247
-1.51216
-1.51185
-1.51154
-1.51122
-1.51091
-1.51059
-1.51028
-1.50996
-1.50964
-1.50932
-1.509
-1.50868
-1.50836
-1.50804
-1.50772
-1.5074
-1.50707
-1.50675
-1.50643
-1.5061
-1.50578
-1.50545
-1.50512
-1.5048
-1.50447
-1.50414
-1.50381
-1.50349
-1.50316
-1.50283
-1.5025
-1.50217
-1.50184
-1.50151
-1.50118
-1.50085
-1.50052
-1.50018
-1.49985
-1.49952
-1.49919
-1.49886
-1.49852
-1.49819
-1.49786
-1.49753
-1.49719
-1.49686
-1.49653
-1.49619
-1.49586
-1.49553
-1.4952
-1.49486
-1.49453
-1.4942
-1.49387
-1.49353
-1.4932
-1.49287
-1.49254
-1.49221
-1.49188
-1.49154
-1.49121
-1.49088
-1.49055
-1.49022
-1.48989
-1.48956
-1.48924
-1.48891
-1.48858
-1.48825
-1.48792
-1.4876
-1.48727
-1.48695
-1.48662
-1.4863
-1.48597
-1.48565
-1.48533
-1.485
-1.48468
-1.48436
-1.48404
-1.48372
-1.4834
-1.48308
-1.48276
-1.48245
-1.48213
-1.48182
-1.4815
-1.48119
-1.48088
-1.48056
-1.48025
-1.47994
-1.47963
-1.47932
-1.47902
-1.47871
-1.47841
-1.4781
-1.4778
-1.47749
-1.47719
-1.47689
-1.47659
-1.4763
-1.476
-1.4757
-1.47541
-1.47512
-1.47482
-1.47453
-1.47424
-1.47395
-1.47367
-1.47338
-1.4731
-1.47281
-1.47253
-1.47225
-1.47197
-1.47169
-1.47141
-1.47114
-1.47087
-1.47059
-1.47032
-1.47005
-1.46979
-1.46952
-1.46925
-1.46899
-1.46873
-1.46847
-1.46821
-1.46795
-1.4677
-1.46744
-1.46719
-1.46694
-1.46669
-1.46645
-1.4662
-1.46596
-1.46572
-1.46548
-1.46524
-1.465
-1.46477
-1.46453
-1.4643
-1.46407
-1.46385
-1.46362
-1.4634
-1.46318
-1.46296
-1.46274
-1.46252
-1.46231
-1.4621
-1.46189
-1.46168
-1.46148
-1.46127
-1.46107
-1.46087
-1.46067
-1.46048
-1.46029
-1.46009
-1.45991
-1.45972
-1.45953
-1.45935
-1.45917
-1.45899
-1.45882
-1.45864
-1.45847
-1.4583
-1.45814
-1.45797
-1.45781
-1.45765
-1.45749
-1.45733
-1.45718
-1.45703
-1.45688
-1.45674
-1.45659
-1.45645
-1.45631
-1.45618
-1.45604
-1.45591
-1.45578
-1.45565
-1.45553
-1.45541
-1.45529
-1.45517
-1.45506
-1.45494
-1.45483
-1.45473
-1.45462
-1.45452
-1.45442
-1.45432
-1.45423
-1.45414
-1.45405
-1.45396
-1.45388
-1.4538
-1.45372
-1.45364
-1.45357
-1.4535
-1.45343
-1.45336
-1.4533
-1.45324
-1.45318
-1.45313
-1.45307
-1.45302
-1.45298
-1.45293
-1.45289
-1.45285
-1.45282
-1.45278
-1.45275
-1.45272
-1.4527
-1.45267
-1.45265
-1.45264
-1.45262
-1.45261
-1.4526
-1.4526
-1.45259
-1.45259
-1.45259
-1.4526
-1.45261
-1.45262
-1.45263
-1.45265
-1.45266
-1.45269
-1.45271
-1.45274
-1.45277
-1.4528
-1.45283
-1.45287
-1.45291
-1.45296
-1.453
-1.45305
-1.45311
-1.45316
-1.45322
-1.45328
-1.45334
-1.45341
-1.45348
-1.45355
-1.45362
-1.4537
-1.45378
-1.45386
-1.45395
-1.45404
-1.45413
-1.45422
-1.45432
-1.45442
-1.45452
-1.45463
-1.45473
-1.45484
-1.45496
-1.45507
-1.45519
-1.45531
-1.45544
-1.45556
-1.45569
-1.45583
-1.45596
-1.4561
-1.45624
-1.45638
-1.45653
-1.45668
-1.45683
-1.45698
-1.45714
-1.4573
-1.45746
-1.45763
-1.45779
-1.45796
-1.45814
-1.45831
-1.45849
-1.45867
-1.45885
-1.45904
-1.45923
-1.45942
-1.45961
-1.45981
-1.46001
-1.46021
-1.46041
-1.46062
-1.46083
-1.46104
-1.46125
-1.46147
-1.46169
-1.46191
-1.46213
-1.46236
-1.46259
-1.46282
-1.46305
-1.46329
-1.46352
-1.46376
-1.46401
-1.46425
-1.4645
-1.46475
-1.465
-1.46526
-1.46551
-1.46577
-1.46603
-1.4663
-1.46656
-1.46683
-1.4671
-1.46738
-1.46765
-1.46793
-1.46821
-1.46849
-1.46877
-1.46906
-1.46934
-1.46963
-1.46992
-1.47022
-1.47051
-1.47081
-1.47111
-1.47141
-1.47172
-1.47202
-1.47233
-1.47264
-1.47295
-1.47326
-1.47358
-1.47389
-1.47421
-1.47453
-1.47485
-1.47518
-1.4755
-1.47583
-1.47616
-1.47649
-1.47682
-1.47716
-1.47749
-1.47783
-1.47817
-1.47851
-1.47885
-1.4792
-1.47954
-1.47989
-1.48024
-1.48059
-1.48094
-1.48129
-1.48164
-1.482
-1.48235
-1.48271
-1.48307
-1.48343
-1.48379
-1.48415
-1.48452
-1.48488
-1.48525
-1.48562
-1.48599
-1.48636
-1.48673
-1.4871
-1.48747
-1.48784
-1.48822
-1.48859
-1.48897
-1.48935
-1.48973
-1.4901
-1.49048
-1.49086
-1.49125
-1.49163
-1.49201
-1.49239
-1.49278
-1.49316
-1.49355
-1.49394
-1.49432
-1.49471
-1.4951
-1.49548
-1.49587
-1.49626
-1.49665
-1.49704
-1.49743
-1.49782
-1.49821
-1.4986
-1.49899
-1.49938
-1.49978
-1.50017
-1.50056
-1.50095
-1.50134
-1.50173
-1.50213
-1.50252
-1.50291
-1.5033
-1.50369
-1.50408
-1.50447
-1.50487
-1.50526
-1.50565
-1.50604
-1.50643
-1.50682
-1.50721
-1.50759
-1.50798
-1.50837
-1.50876
-1.50914
-1.50953
-1.50991
-1.5103
-1.51068
-1.51107
-1.51145
-1.51183
-1.51221
-1.51259
-1.51297
-1.51335
-1.51373
-1.5141
-1.51448
-1.51485
-1.51523
-1.5156
-1.51597
-1.51634
-1.51671
-1.51708
-1.51745
-1.51781
-1.51817
-1.51854
-1.5189
-1.51926
-1.51962
-1.51997
-1.52033
-1.52068
-1.52103
-1.52138
-1.52173
-1.52208
-1.52243
-1.52277
-1.52311
-1.52345
-1.52379
-1.52413
-1.52446
-1.52479
-1.52512
-1.52545
-1.52578
-1.5261
-1.52642
-1.52674
-1.52706
-1.52738
-1.52769
-1.528
-1.52831
-1.52862
-1.52892
-1.52922
-1.52952
-1.52982
-1.53011
-1.5304
-1.53069
-1.53098
-1.53126
-1.53154
-1.53182
-1.53209
-1.53237
-1.53264
-1.5329
-1.53317
-1.53343
-1.53368
-1.53394
-1.53419
-1.53444
-1.53468
-1.53493
-1.53516
-1.5354
-1.53563
-1.53586
-1.53609
-1.53631
-1.53653
-1.53674
-1.53696
-1.53716
-1.53737
-1.53757
-1.53777
-1.53796
-1.53815
-1.53834
-1.53852
-1.5387
-1.53887
-1.53904
-1.53921
-1.53937
-1.53953
-1.53969
-1.53984
-1.53999
-1.54013
-1.54027
-1.5404
-1.54053
-1.54066
-1.54078
-1.5409
-1.54101
-1.54112
-1.54123
-1.54132
-1.54142
-1.54151
-1.5416
-1.54168
-1.54176
-1.54183
-1.54189
-1.54196
-1.54202
-1.54207
-1.54212
-1.54216
-1.5422
-1.54223
-1.54226
-1.54228
-1.5423
-1.54232
-1.54232
-1.54233
-1.54232
-1.54232
-1.5423
-1.54229
-1.54226
-1.54223
-1.5422
-1.54216
-1.54212
-1.54207
-1.54201
-1.54195
-1.54188
-1.54181
-1.54173
-1.54165
-1.54156
-1.54146
-1.54136
-1.54125
-1.54114
-1.54102
-1.5409
-1.54077
-1.54063
-1.54049
-1.54034
-1.54019
-1.54003
-1.53986
-1.53969
-1.53951
-1.53932
-1.53913
-1.53893
-1.53873
-1.53852
-1.5383
-1.53808
-1.53785
-1.53761
-1.53737
-1.53712
-1.53687
-1.5366
-1.53634
-1.53606
-1.53578
-1.53549
-1.53519
-1.53489
-1.53458
-1.53427
-1.53395
-1.53362
-1.53328
-1.53294
-1.53259
-1.53223
-1.53187
-1.5315
-1.53112
-1.53073
-1.53034
-1.52994
-1.52953
-1.52912
-1.5287
-1.52827
-1.52784
-1.52739
-1.52695
-1.52649
-1.52602
-1.52555
-1.52507
-1.52459
-1.52409
-1.52359
-1.52308
-1.52257
-1.52204
-1.52151
-1.52097
-1.52042
-1.51987
-1.51931
-1.51874
-1.51816
-1.51758
-1.51698
-1.51638
-1.51577
-1.51516
-1.51453
-1.5139
-1.51326
-1.51261
-1.51196
-1.51129
-1.51062
-1.50994
-1.50926
-1.50856
-1.50786
-1.50715
-1.50643
-1.5057
-1.50496
-1.50422
-1.50347
-1.50271
-1.50194
-1.50116
-1.50038
-1.49959
-1.49879
-1.49798
-1.49716
-1.49633
-1.4955
-1.49466
-1.49381
-1.49295
-1.49208
-1.4912
-1.49032
-1.48943
-1.48852
-1.48761
-1.4867
-1.48577
-1.48484
-1.48389
-1.48294
-1.48198
-1.48101
-1.48003
-1.47905
-1.47805
-1.47705
-1.47604
-1.47502
-1.47399
-1.47295
-1.4719
-1.47085
-1.46978
-1.46871
-1.46763
-1.46654
-1.46544
-1.46434
-1.46322
-1.4621
-1.46096
-1.45982
-1.45867
-1.45751
-1.45634
-1.45517
-1.45398
-1.45278
-1.45158
-1.45037
-1.44915
-1.44792
-1.44668
-1.44543
-1.44418
-1.44291
-1.44164
-1.44036
-1.43906
-1.43776
-1.43645
-1.43514
-1.43381
-1.43247
-1.43113
-1.42978
-1.42841
-1.42704
-1.42566
-1.42427
-1.42288
-1.42147
-1.42005
-1.41863
-1.4172
-1.41576
-1.4143
-1.41284
-1.41138
-1.4099
-1.40841
-1.40692
-1.40541
-1.4039
-1.40238
-1.40085
-1.39931
-1.39776
-1.3962
-1.39464
-1.39306
-1.39148
-1.38989
-1.38828
-1.38667
-1.38506
-1.38343
-1.38179
-1.38015
-1.37849
-1.37683
-1.37516
-1.37348
-1.37179
-1.37009
-1.36838
-1.36667
-1.36494
-1.36321
-1.36147
-1.35972
-1.35796
-1.35619
-1.35441
-1.35263
-1.35084
-1.34903
-1.34722
-1.3454
-1.34357
-1.34174
-1.33989
-1.33804
-1.33618
-1.3343
-1.33242
-1.33054
-1.32864
-1.32673
-1.32482
-1.3229
-1.32097
-1.31903
-1.31708
-1.31513
-1.31316
-1.31119
-1.30921
-1.30722
-1.30522
-1.30321
-1.3012
-1.29918
-1.29715
-1.29511
-1.29306
-1.291
-1.28894
-1.28687
-1.28479
-1.2827
-1.2806
-1.2785
-1.27638
-1.27426
-1.27213
-1.27
-1.26785
-1.2657
-1.26354
-1.26137
-1.25919
-1.25701
-1.25482
-1.25262
-1.25041
-1.24819
-1.24597
-1.24374
-1.2415
-1.23925
-1.23699
-1.23473
-1.23246
-1.23018
-1.2279
-1.22561
-1.22331
-1.221
-1.21868
-1.21636
-1.21403
-1.21169
-1.20935
-1.20699
-1.20463
-1.20227
-1.19989
-1.19751
-1.19512
-1.19272
-1.19032
-1.18791
-1.18549
-1.18307
-1.18064
-1.1782
-1.17575
-1.1733
-1.17084
-1.16837
-1.1659
-1.16342
-1.16093
-1.15844
-1.15593
-1.15343
-1.15091
-1.14839
-1.14586
-1.14333
-1.14079
-1.13824
-1.13569
-1.13313
-1.13056
-1.12799
-1.12541
-1.12282
-1.12023
-1.11763
-1.11503
-1.11242
-1.1098
-1.10718
-1.10455
-1.10191
-1.09927
-1.09662
-1.09397
-1.09131
-1.08865
-1.08597
-1.0833
-1.08062
-1.07793
-1.07523
-1.07253
-1.06983
-1.06712
-1.0644
-1.06168
-1.05895
-1.05622
-1.05348
-1.05074
-1.04799
-1.04523
-1.04247
-1.03971
-1.03694
-1.03416
-1.03138
-1.0286
-1.02581
-1.02301
-1.02021
-1.01741
-1.0146
-1.01179
-1.00897
-1.00614
-1.00331
-1.00048
-0.997642
-0.9948
-0.991953
-0.989101
-0.986245
-0.983385
-0.98052
-0.977651
-0.974778
-0.971901
-0.969019
-0.966133
-0.963243
-0.96035
-0.957452
-0.95455
-0.951644
-0.948734
-0.945821
-0.942904
-0.939983
-0.937058
-0.93413
-0.931198
-0.928262
-0.925323
-0.92238
-0.919434
-0.916485
-0.913532
-0.910576
-0.907617
-0.904654
-0.901689
-0.89872
-0.895748
-0.892773
-0.889795
-0.886815
-0.883831
-0.880844
-0.877855
-0.874863
-0.871868
-0.868871
-0.865871
-0.862868
-0.859863
-0.856855
-0.853845
-0.850833
-0.847818
-0.844801
-0.841782
-0.838761
-0.835737
-0.832711
-0.829683
-0.826654
-0.823622
-0.820588
-0.817553
-0.814515
-0.811476
-0.808436
-0.805393
-0.802349
-0.799303
-0.796256
-0.793207
-0.790157
-0.787106
-0.784053
-0.780999
-0.777943
-0.774887
-0.771829
-0.76877
-0.76571
-0.76265
-0.759588
-0.756525
-0.753461
-0.750397
-0.747332
-0.744266
-0.7412
-0.738132
-0.735065
-0.731996
-0.728928
-0.725859
-0.722789
-0.719719
-0.716649
-0.713579
-0.710508
-0.707438
-0.704367
-0.701296
-0.698225
-0.695154
-0.692084
-0.689013
-0.685943
-0.682873
-0.679803
-0.676734
-0.673665
-0.670597
-0.667529
-0.664461
-0.661394
-0.658328
-0.655263
-0.652198
-0.649134
-0.64607
-0.643008
-0.639947
-0.636886
-0.633827
-0.630769
-0.627711
-0.624655
-0.6216
-0.618547
-0.615495
-0.612444
-0.609394
-0.606346
-0.603299
-0.600254
-0.597211
-0.594169
-0.591129
-0.588091
-0.585054
-0.582019
-0.578986
-0.575955
-0.572926
-0.569899
-0.566874
-0.563852
-0.560831
-0.557812
-0.554796
-0.551782
-0.548771
-0.545761
-0.542755
-0.53975
-0.536749
-0.533749
-0.530753
-0.527759
-0.524768
-0.521779
-0.518793
-0.515811
-0.512831
-0.509854
-0.506879
-0.503908
-0.50094
-0.497976
-0.495014
-0.492055
-0.4891
-0.486148
-0.483199
-0.480254
-0.477312
-0.474374
-0.471439
-0.468507
-0.46558
-0.462655
-0.459735
-0.456818
-0.453905
-0.450996
-0.448091
-0.445189
-0.442292
-0.439398
-0.436509
-0.433623
-0.430742
-0.427865
-0.424992
-0.422123
-0.419258
-0.416398
-0.413542
-0.410691
-0.407844
-0.405001
-0.402163
-0.399329
-0.3965
-0.393676
-0.390856
-0.388041
-0.385231
-0.382426
-0.379625
-0.376829
-0.374039
-0.371253
-0.368472
-0.365696
-0.362925
-0.360159
-0.357399
-0.354643
-0.351893
-0.349148
-0.346408
-0.343674
-0.340945
-0.338221
-0.335503
-0.33279
-0.330083
-0.327381
-0.324685
-0.321994
-0.31931
-0.31663
-0.313957
-0.311289
-0.308627
-0.305971
-0.30332
-0.300676
-0.298037
-0.295405
-0.292778
-0.290158
-0.287543
-0.284934
-0.282332
-0.279736
-0.277146
-0.274562
-0.271984
-0.269413
-0.266848
-0.264289
-0.261737
-0.259191
-0.256651
-0.254118
-0.251592
-0.249072
-0.246558
-0.244051
-0.241551
-0.239057
-0.23657
-0.23409
-0.231616
-0.229149
-0.226689
-0.224236
-0.221789
-0.21935
-0.216917
-0.214491
-0.212072
-0.20966
-0.207255
-0.204857
-0.202466
-0.200082
-0.197706
-0.195336
-0.192974
-0.190618
-0.18827
-0.185929
-0.183595
-0.181269
-0.17895
-0.176638
-0.174333
-0.172036
-0.169746
-0.167464
-0.165189
-0.162921
-0.160661
-0.158408
-0.156163
-0.153926
-0.151695
-0.149473
-0.147258
-0.145051
-0.142851
-0.140659
-0.138474
-0.136298
-0.134128
-0.131967
-0.129813
-0.127668
-0.12553
-0.123399
-0.121277
-0.119162
-0.117055
-0.114956
-0.112865
-0.110782
-0.108706
-0.106639
-0.104579
-0.102527
-0.100484
-0.0984481
-0.0964204
-0.0944007
-0.092389
-0.0903853
-0.0883896
-0.086402
-0.0844225
-0.082451
-0.0804876
-0.0785323
-0.0765852
-0.0746461
-0.0727151
-0.0707923
-0.0688777
-0.0669712
-0.0650729
-0.0631827
-0.0613008
-0.059427
-0.0575615
-0.0557041
-0.053855
-0.0520141
-0.0501815
-0.0483571
-0.0465409
-0.044733
-0.0429334
-0.041142
-0.039359
-0.0375842
-0.0358177
-0.0340595
-0.0323096
-0.030568
-0.0288347
-0.0271097
-0.025393
-0.0236847
-0.0219847
-0.020293
-0.0186097
-0.0169347
-0.015268
-0.0136096
-0.0119597
-0.010318
-0.0086847
-0.00705974
-0.00544312
-0.00383486
-0.00223494
-0.000643372
0.000939849
0.00251472
0.00408125
0.00563942
0.00718926
0.00873075
0.0102639
0.0117887
0.0133052
0.0148133
0.0163131
0.0178046
0.0192877
0.0207625
0.022229
0.0236872
0.025137
0.0265786
0.0280119
0.0294368
0.0308535
0.0322618
0.0336619
0.0350537
0.0364373
0.0378126
0.0391796
0.0405384
0.0418889
0.0432312
0.0445652
0.0458911
0.0472087
0.0485181
0.0498194
0.0511124
0.0523973
0.053674
0.0549425
0.0562029
0.0574552
0.0586993
0.0599353
0.0611632
0.062383
0.0635947
0.0647984
0.065994
0.0671815
0.068361
0.0695325
0.070696
0.0718514
0.0729989
0.0741384
0.07527
0.0763936
0.0775092
0.078617
0.0797168
0.0808088
0.0818929
0.0829692
0.0840376
0.0850981
0.0861509
0.0871959
0.0882331
0.0892625
0.0902842
0.0912981
0.0923044
0.093303
0.0942938
0.0952771
0.0962527
0.0972206
0.098181
0.0991338
0.100079
0.101017
0.101947
0.10287
0.103785
0.104692
0.105593
0.106485
0.107371
0.108249
0.10912
0.109983
0.110839
0.111688
0.112529
0.113363
0.11419
0.11501
0.115823
0.116628
0.117426
0.118218
0.119002
0.119779
0.120549
0.121311
0.122067
0.122816
0.123558
0.124293
0.125022
0.125743
0.126457
0.127165
0.127866
0.12856
0.129247
0.129928
0.130602
0.131269
0.13193
0.132584
0.133231
0.133872
0.134506
0.135134
0.135756
0.136371
0.136979
0.137581
0.138177
0.138766
0.13935
0.139926
0.140497
0.141061
0.14162
0.142172
0.142718
0.143257
0.143791
0.144319
0.144841
0.145356
0.145866
0.14637
0.146868
0.14736
0.147846
0.148327
0.148802
0.149271
0.149734
0.150192
0.150644
0.15109
0.151531
0.151966
0.152396
0.152821
0.15324
0.153653
0.154061
0.154464
0.154862
0.155254
0.155641
0.156023
0.1564
0.156771
0.157138
0.157499
0.157855
0.158207
0.158553
0.158894
0.159231
0.159563
0.159889
0.160211
0.160529
0.160841
0.161149
0.161452
0.161751
0.162045
0.162335
0.16262
0.1629
0.163176
0.163448
0.163715
0.163978
0.164237
0.164492
0.164742
0.164988
0.16523
0.165468
0.165701
0.165931
0.166157
0.166379
0.166596
0.16681
0.167021
0.167227
0.167429
0.167628
0.167823
0.168015
0.168202
0.168387
0.168567
0.168744
0.168918
0.169088
0.169255
0.169418
0.169579
0.169735
0.169889
0.170039
0.170187
0.170331
0.170472
0.17061
0.170745
0.170876
0.171005
0.171132
0.171255
0.171375
0.171493
0.171608
0.17172
0.171829
0.171936
0.17204
0.172142
0.172241
0.172338
0.172432
0.172524
0.172613
0.1727
0.172785
0.172868
0.172948
0.173026
0.173102
0.173176
0.173248
0.173318
0.173386
0.173452
0.173516
0.173578
0.173638
0.173697
0.173754
0.173809
0.173862
0.173914
0.173964
0.174013
0.17406
0.174106
0.17415
0.174193
0.174234
0.174274
0.174313
0.174351
0.174387
0.174422
0.174456
0.174489
0.174521
0.174552
0.174582
0.174611
0.174639
0.174666
0.174692
0.174718
0.174743
0.174767
0.17479
0.174813
0.174835
0.174857
0.174878
0.174898
0.174918
0.174938
0.174957
0.174976
0.174995
0.175013
0.175031
0.175049
0.175067
0.175084
0.175102
0.175119
0.175137
0.175154
0.175172
0.17519
0.175207
0.175225
0.175243
0.175262
0.17528
0.175299
0.175319
0.175338
0.175358
0.175379
0.1754
0.175422
0.175444
0.175466
0.17549
0.175514
0.175538
0.175564
0.17559
0.175617
0.175645
0.175674
0.175703
0.175734
0.175765
0.175798
0.175831
0.175866
0.175902
0.175939
0.175977
0.176016
0.176057
0.176098
0.176141
0.176186
0.176232
0.176279
0.176327
0.176377
0.176429
0.176482
0.176537
0.176593
0.176651
0.176711
0.176772
0.176835
0.1769
0.176966
0.177034
0.177105
0.177177
0.177251
0.177326
0.177404
0.177484
0.177566
0.17765
0.177736
0.177824
0.177914
0.178007
0.178101
0.178198
0.178297
0.178399
0.178502
0.178608
0.178717
0.178828
0.178941
0.179057
0.179175
0.179296
0.179419
0.179545
0.179673
0.179804
0.179938
0.180074
0.180213
0.180355
0.180499
0.180646
0.180796
0.180949
0.181105
0.181264
0.181425
0.18159
0.181757
0.181927
0.182101
0.182277
0.182456
0.182639
0.182824
0.183013
0.183205
0.1834
0.183598
0.1838
0.184004
0.184212
0.184423
0.184638
0.184855
0.185076
0.185301
0.185529
0.18576
0.185995
0.186233
0.186474
0.186719
0.186968
0.18722
0.187476
0.187735
0.187998
0.188264
0.188534
0.188808
0.189085
0.189366
0.189651
0.189939
0.190231
0.190527
0.190827
0.19113
0.191438
0.191749
0.192064
0.192382
0.192705
0.193032
0.193362
0.193696
0.194035
0.194377
0.194723
0.195073
0.195427
0.195785
0.196148
0.196514
0.196884
0.197258
0.197637
0.198019
0.198406
0.198797
0.199192
0.199591
0.199994
0.200401
0.200813
0.201228
0.201648
0.202072
0.202501
0.202933
0.20337
0.203811
0.204257
0.204706
0.20516
0.205619
0.206081
0.206548
0.207019
0.207495
0.207975
0.208459
0.208948
0.209441
0.209938
0.21044
0.210946
0.211457
0.211972
0.212491
0.213015
0.213543
0.214076
0.214613
0.215155
0.215701
0.216251
0.216806
0.217366
0.21793
0.218498
0.219071
0.219649
0.220231
0.220817
0.221408
0.222003
0.222603
0.223208
0.223817
0.22443
0.225049
0.225671
0.226298
0.22693
0.227566
0.228207
0.228852
0.229502
0.230156
0.230815
0.231479
0.232147
0.232819
0.233496
0.234178
0.234864
0.235555
0.23625
0.23695
0.237654
0.238363
0.239077
0.239795
0.240517
0.241244
0.241976
0.242712
0.243453
0.244198
0.244947
0.245702
0.24646
0.247224
0.247991
0.248764
0.249541
0.250322
0.251108
0.251898
0.252693
0.253492
0.254296
0.255104
0.255916
0.256734
0.257555
0.258381
0.259212
0.260046
0.260886
0.261729
0.262578
0.26343
0.264287
0.265149
0.266014
0.266884
0.267759
0.268638
0.269521
0.270409
0.271301
0.272197
0.273097
0.274002
0.274911
0.275825
0.276743
0.277665
0.278591
0.279521
0.280456
0.281395
0.282338
0.283286
0.284238
0.285193
0.286153
0.287118
0.288086
0.289058
0.290035
0.291016
0.292001
0.29299
0.293983
0.29498
0.295981
0.296986
0.297995
0.299009
0.300026
0.301047
0.302072
0.303102
0.304135
0.305172
0.306213
0.307258
0.308307
0.309359
0.310416
0.311476
0.31254
0.313608
0.31468
0.315756
0.316835
0.317918
0.319005
0.320096
0.32119
0.322288
0.32339
0.324495
0.325604
0.326717
0.327833
0.328953
0.330076
0.331203
0.332334
0.333468
0.334605
0.335746
0.33689
0.338038
0.33919
0.340344
0.341502
0.342664
0.343829
0.344997
0.346168
0.347343
0.348521
0.349702
0.350887
0.352075
0.353266
0.35446
0.355657
0.356857
0.358061
0.359268
0.360477
0.36169
0.362906
0.364125
0.365347
0.366571
0.367799
0.36903
0.370264
0.3715
0.372739
0.373982
0.375227
0.376474
0.377725
0.378978
0.380235
0.381493
0.382755
0.384019
0.385286
0.386556
0.387828
0.389102
0.39038
0.391659
0.392942
0.394226
0.395514
0.396803
0.398095
0.39939
0.400687
0.401986
0.403288
0.404592
0.405898
0.407206
0.408517
0.40983
0.411145
0.412462
0.413781
0.415103
0.416426
0.417752
0.41908
0.42041
0.421741
0.423075
0.424411
0.425748
0.427088
0.428429
0.429772
0.431117
0.432464
0.433812
0.435163
0.436515
0.437869
0.439224
0.440581
0.44194
0.4433
0.444662
0.446026
0.447391
0.448757
0.450125
0.451494
0.452865
0.454237
0.455611
0.456986
0.458362
0.45974
0.461119
0.462499
0.46388
0.465263
0.466646
0.468031
0.469417
0.470804
0.472192
0.473582
0.474972
0.476363
0.477755
0.479148
0.480542
0.481937
0.483333
0.48473
0.486127
0.487525
0.488924
0.490324
0.491724
0.493125
0.494527
0.495929
0.497332
0.498736
0.50014
0.501545
0.50295
0.504356
0.505762
0.507168
0.508575
0.509983
0.51139
0.512798
0.514207
0.515615
0.517024
0.518433
0.519842
0.521252
0.522661
0.524071
0.52548
0.52689
0.5283
0.52971
0.53112
0.53253
0.533939
0.535349
0.536759
0.538168
0.539578
0.540987
0.542396
0.543804
0.545213
0.546621
0.548028
0.549436
0.550843
0.55225
0.553656
0.555062
0.556467
0.557872
0.559277
0.560681
0.562084
0.563487
0.564889
0.56629
0.567691
0.569091
0.570491
0.571889
0.573287
0.574684
0.576081
0.577476
0.578871
0.580265
0.581658
0.58305
0.584441
0.585831
0.58722
0.588608
0.589995
0.591381
0.592766
0.594149
0.595532
0.596914
0.598294
0.599673
0.601051
0.602427
0.603802
0.605176
0.606549
0.60792
0.60929
0.610659
0.612026
0.613392
0.614756
0.616119
0.61748
0.61884
0.620198
0.621555
0.62291
0.624263
0.625615
0.626965
0.628313
0.62966
0.631005
0.632348
0.63369
0.63503
0.636368
0.637704
0.639038
0.64037
0.641701
0.643029
0.644356
0.645681
0.647003
0.648324
0.649643
0.65096
0.652274
0.653587
0.654897
0.656206
0.657512
0.658816
0.660118
0.661417
0.662715
0.66401
0.665303
0.666594
0.667882
0.669168
0.670452
0.671734
0.673013
0.67429
0.675564
0.676836
0.678105
0.679372
0.680637
0.681899
0.683159
0.684416
0.68567
0.686922
0.688171
0.689418
0.690662
0.691904
0.693143
0.694379
0.695613
0.696843
0.698072
0.699297
0.70052
0.70174
0.702957
0.704171
0.705383
0.706591
0.707797
0.709
0.7102
0.711398
0.712592
0.713783
0.714972
0.716158
0.71734
0.71852
0.719697
0.72087
0.722041
0.723209
0.724373
0.725535
0.726693
0.727848
0.729001
0.73015
0.731296
0.732439
0.733579
0.734715
0.735849
0.736979
0.738106
0.73923
0.74035
0.741468
0.742582
0.743693
0.7448
0.745904
0.747005
0.748103
0.749198
0.750289
0.751376
0.752461
0.753542
0.754619
0.755693
0.756764
0.757832
0.758896
0.759956
0.761014
0.762067
0.763118
0.764164
0.765208
0.766248
0.767284
0.768317
0.769346
0.770372
0.771394
0.772413
0.773428
0.77444
0.775448
0.776453
0.777454
0.778451
0.779445
0.780435
0.781422
0.782405
0.783384
0.78436
0.785332
0.786301
0.787266
0.788227
0.789184
0.790138
0.791088
0.792035
0.792978
0.793917
0.794852
0.795784
0.796712
0.797636
0.798557
0.799474
0.800387
0.801297
0.802202
0.803104
0.804003
0.804897
0.805788
0.806675
0.807558
0.808437
0.809313
0.810185
0.811053
0.811918
0.812778
0.813635
0.814488
0.815337
0.816183
0.817024
0.817862
0.818696
0.819526
0.820353
0.821175
0.821994
0.822809
0.823621
0.824428
0.825232
0.826031
0.826827
0.827619
0.828408
0.829192
0.829973
0.83075
0.831523
0.832292
0.833057
0.833819
0.834577
0.835331
0.836081
0.836827
0.83757
0.838308
0.839043
0.839774
0.840501
0.841225
0.841944
0.84266
0.843372
0.84408
0.844785
0.845485
0.846182
0.846875
0.847564
0.848249
0.848931
0.849609
0.850283
0.850953
0.851619
0.852282
0.852941
0.853596
0.854247
0.854895
0.855538
0.856178
0.856815
0.857447
0.858076
0.858701
0.859322
0.85994
0.860553
0.861163
0.86177
0.862372
0.862971
0.863566
0.864158
0.864745
0.86533
0.86591
0.866487
0.86706
0.867629
0.868195
0.868756
0.869315
0.869869
0.87042
0.870968
0.871512
0.872052
0.872588
0.873121
0.87365
0.874176
0.874698
0.875216
0.875731
0.876243
0.87675
0.877254
0.877755
0.878252
0.878746
0.879236
0.879722
0.880205
0.880684
0.88116
0.881633
0.882102
0.882567
0.883029
0.883488
0.883943
0.884394
0.884842
0.885287
0.885728
0.886166
0.886601
0.887032
0.88746
0.887884
0.888305
0.888722
0.889137
0.889547
0.889955
0.890359
0.89076
0.891158
0.891552
0.891943
0.892331
0.892715
0.893097
0.893475
0.893849
0.894221
0.894589
0.894954
0.895316
0.895675
0.89603
0.896383
0.896732
0.897078
0.897421
0.89776
0.898097
0.898431
0.898761
0.899089
0.899413
0.899734
0.900052
0.900368
0.90068
0.900989
0.901295
0.901598
0.901898
0.902195
0.90249
0.902781
0.903069
0.903355
0.903637
0.903917
0.904193
0.904467
0.904738
0.905006
0.905272
0.905534
0.905794
0.90605
0.906304
0.906556
0.906804
0.90705
0.907293
0.907533
0.90777
0.908005
0.908237
0.908467
0.908693
0.908917
0.909139
0.909358
0.909574
0.909787
0.909998
0.910207
0.910412
0.910616
0.910816
0.911014
0.91121
0.911403
0.911594
0.911782
0.911967
0.912151
0.912331
0.91251
0.912686
0.912859
0.91303
0.913199
0.913365
0.913529
0.913691
0.91385
0.914007
0.914162
0.914314
0.914465
0.914612
0.914758
0.914902
0.915043
0.915182
0.915318
0.915453
0.915585
0.915716
0.915844
0.91597
0.916094
0.916215
0.916335
0.916453
0.916568
0.916682
0.916793
0.916903
0.91701
0.917115
0.917219
0.91732
0.91742
0.917517
0.917613
0.917707
0.917799
0.917888
0.917976
0.918063
0.918147
0.918229
0.91831
0.918389
0.918466
0.918541
0.918615
0.918687
0.918757
0.918825
0.918891
0.918956
0.919019
0.919081
0.919141
0.919199
0.919255
0.91931
0.919363
0.919415
0.919465
0.919514
0.919561
0.919606
0.91965
0.919692
0.919733
0.919772
0.91981
0.919847
0.919882
0.919915
0.919947
0.919978
0.920007
0.920035
0.920062
0.920087
0.92011
0.920133
0.920154
0.920174
0.920192
0.920209
0.920225
0.92024
0.920253
0.920266
0.920276
0.920286
0.920295
0.920302
0.920308
0.920313
0.920317
0.92032
0.920321
0.920322
0.920321
0.920319
0.920316
0.920313
0.920308
0.920302
0.920295
0.920287
0.920278
0.920268
0.920257
0.920245
0.920232
0.920218
0.920203
0.920187
0.920171
0.920153
0.920135
0.920115
0.920095
0.920074
0.920052
0.920029
0.920006
0.919982
0.919956
0.919931
0.919904
0.919876
0.919848
0.919819
0.91979
0.919759
0.919728
0.919696
0.919664
0.919631
0.919597
0.919562
0.919527
0.919491
0.919455
0.919418
0.91938
0.919342
0.919303
0.919264
0.919224
0.919184
0.919143
0.919101
0.919059
0.919016
0.918973
0.91893
0.918886
0.918841
0.918796
0.918751
0.918705
0.918659
0.918612
0.918565
0.918518
0.91847
0.918421
0.918373
0.918324
0.918274
0.918224
0.918174
0.918124
0.918073
0.918022
0.917971
0.917919
0.917867
0.917815
0.917763
0.91771
0.917657
0.917604
0.91755
0.917497
0.917443
0.917389
0.917334
0.91728
0.917225
0.917171
0.917115
0.91706
0.917005
0.91695
0.916894
0.916838
0.916782
0.916726
0.91667
0.916614
0.916558
0.916502
0.916445
0.916389
0.916332
0.916276
0.916219
0.916162
0.916106
0.916049
0.915992
0.915935
0.915879
0.915822
0.915765
0.915708
0.915652
0.915595
0.915538
0.915482
0.915425
0.915368
0.915312
0.915255
0.915199
0.915143
0.915087
0.915031
0.914975
0.914919
0.914863
0.914807
0.914752
0.914696
0.914641
0.914586
0.914531
0.914476
0.914421
0.914366
0.914312
0.914258
0.914204
0.91415
0.914096
0.914042
0.913989
0.913936
0.913883
0.91383
0.913777
0.913725
0.913673
0.913621
0.913569
0.913518
0.913466
0.913415
0.913365
0.913314
0.913264
0.913214
0.913164
0.913114
0.913065
0.913016
0.912968
0.912919
0.912871
0.912823
0.912775
0.912728
0.912681
0.912634
0.912588
0.912542
0.912496
0.912451
0.912405
0.91236
0.912316
0.912272
0.912228
0.912184
0.912141
0.912098
0.912055
0.912013
0.911971
0.911929
0.911888
0.911847
0.911807
0.911766
0.911727
0.911687
0.911648
0.911609
0.911571
0.911532
0.911495
0.911457
0.91142
0.911384
0.911347
0.911311
0.911276
0.911241
0.911206
0.911172
0.911137
0.911104
0.91107
0.911038
0.911005
0.910973
0.910941
0.91091
0.910879
0.910848
0.910818
0.910788
0.910759
0.91073
0.910701
0.910673
0.910645
0.910617
0.91059
0.910563
0.910537
0.910511
0.910485
0.91046
0.910436
0.910411
0.910387
0.910364
0.91034
0.910318
0.910295
0.910273
0.910252
0.91023
0.910209
0.910189
0.910169
0.910149
0.91013
0.910111
0.910093
0.910074
0.910057
0.910039
0.910022
0.910006
0.90999
0.909974
0.909958
0.909943
0.909929
0.909915
0.909901
0.909887
0.909874
0.909861
0.909849
0.909837
0.909825
0.909814
0.909803
0.909793
0.909782
0.909773
0.909763
0.909754
0.909746
0.909737
0.909729
0.909722
0.909714
0.909708
0.909701
0.909695
0.909689
0.909684
0.909678
0.909674
0.909669
0.909665
0.909661
0.909658
0.909655
0.909652
0.90965
0.909648
0.909646
0.909645
0.909643
0.909643
0.909642
0.909642
0.909642
0.909643
0.909644
0.909645
0.909646
0.909648
0.90965
0.909652
0.909655
0.909658
0.909661
0.909665
0.909668
0.909673
0.909677
0.909682
0.909687
0.909692
0.909697
0.909703
0.909709
0.909715
0.909722
0.909729
0.909736
0.909743
0.909751
0.909759
0.909767
0.909775
0.909784
0.909793
0.909802
0.909811
0.909821
0.90983
0.90984
0.909851
0.909861
0.909872
0.909883
0.909894
0.909905
0.909917
0.909928
0.90994
0.909953
0.909965
0.909977
0.90999
0.910003
0.910016
0.910029
0.910043
0.910057
0.91007
0.910084
0.910098
0.910113
0.910127
0.910142
0.910157
0.910172
0.910187
0.910202
0.910217
0.910233
0.910248
0.910264
0.91028
0.910296
0.910312
0.910329
0.910345
0.910362
0.910378
0.910395
0.910412
0.910429
0.910446
0.910463
0.910481
0.910498
0.910515
0.910533
0.910551
0.910568
0.910586
0.910604
0.910622
0.91064
0.910658
0.910676
0.910694
0.910713
0.910731
0.910749
0.910768
0.910786
0.910805
0.910823
0.910842
0.91086
0.910879
0.910898
0.910916
0.910935
0.910954
0.910973
0.910991
0.91101
0.911029
0.911048
0.911067
0.911085
0.911104
0.911123
0.911142
0.911161
0.911179
0.911198
0.911217
0.911235
0.911254
0.911273
0.911291
0.91131
0.911329
0.911347
0.911366
0.911384
0.911402
0.911421
0.911439
0.911457
0.911475
0.911493
0.911511
0.911529
0.911547
0.911565
0.911583
0.911601
0.911618
0.911636
0.911653
0.911671
0.911688
0.911705
0.911722
0.911739
0.911756
0.911773
0.91179
0.911806
0.911823
0.911839
0.911856
0.911872
0.911888
0.911904
0.91192
0.911935
0.911951
0.911966
0.911982
0.911997
0.912012
0.912027
0.912042
0.912056
0.912071
0.912085
0.9121
0.912114
0.912128
0.912141
0.912155
0.912169
0.912182
0.912195
0.912208
0.912221
0.912234
0.912246
0.912259
0.912271
0.912283
0.912295
0.912307
0.912318
0.912329
0.912341
0.912352
0.912362
0.912373
0.912384
0.912394
0.912404
0.912414
0.912424
0.912433
0.912442
0.912452
0.912461
0.912469
0.912478
0.912486
0.912494
0.912502
0.91251
0.912518
0.912525
0.912532
0.912539
0.912546
0.912553
0.912559
0.912565
0.912571
0.912577
0.912582
0.912587
0.912593
0.912597
0.912602
0.912607
0.912611
0.912615
0.912618
0.912622
0.912625
0.912629
0.912631
0.912634
0.912637
0.912639
0.912641
0.912643
0.912644
0.912645
0.912647
0.912647
0.912648
0.912649
0.912649
0.912649
0.912649
0.912648
0.912647
0.912646
0.912645
0.912644
0.912642
0.91264
0.912638
0.912636
0.912634
0.912631
0.912628
0.912625
0.912621
0.912617
0.912614
0.912609
0.912605
0.9126
0.912596
0.912591
0.912585
0.91258
0.912574
0.912568
0.912562
0.912555
0.912549
0.912542
0.912535
0.912528
0.91252
0.912512
0.912504
0.912496
0.912488
0.912479
0.91247
0.912461
0.912452
0.912442
0.912432
0.912422
0.912412
0.912402
0.912391
0.91238
0.912369
0.912358
0.912346
0.912334
0.912323
0.91231
0.912298
0.912285
0.912273
0.91226
0.912246
0.912233
0.912219
0.912206
0.912192
0.912177
0.912163
0.912148
0.912133
0.912118
0.912103
0.912088
0.912072
0.912056
0.91204
0.912024
0.912008
0.911991
0.911974
0.911957
0.91194
0.911923
0.911905
0.911888
0.91187
0.911852
0.911833
0.911815
0.911796
0.911778
0.911759
0.91174
0.91172
0.911701
0.911681
0.911662
0.911642
0.911622
0.911601
0.911581
0.91156
0.91154
0.911519
0.911498
0.911476
0.911455
0.911434
0.911412
0.91139
0.911368
0.911346
0.911324
0.911302
0.911279
0.911256
0.911234
0.911211
0.911188
0.911165
0.911141
0.911118
0.911095
0.911071
0.911047
0.911023
0.910999
0.910975
0.910951
0.910927
0.910902
0.910878
0.910853
0.910828
0.910804
0.910779
0.910754
0.910728
0.910703
0.910678
0.910653
0.910627
0.910602
0.910576
0.91055
0.910524
0.910498
0.910473
0.910447
0.91042
0.910394
0.910368
0.910342
0.910315
0.910289
0.910262
0.910236
0.910209
0.910183
0.910156
0.910129
0.910102
0.910076
0.910049
0.910022
0.909995
0.909968
0.909941
0.909914
0.909887
0.90986
0.909833
0.909805
0.909778
0.909751
0.909724
0.909697
0.909669
0.909642
0.909615
0.909588
0.90956
0.909533
0.909506
0.909478
0.909451
0.909424
0.909397
0.909369
0.909342
0.909315
0.909288
0.909261
0.909233
0.909206
0.909179
0.909152
0.909125
0.909098
0.909071
0.909044
0.909017
0.90899
0.908963
0.908936
0.90891
0.908883
0.908856
0.90883
0.908803
0.908777
0.90875
0.908724
0.908697
0.908671
0.908645
0.908619
0.908593
0.908567
0.908541
0.908515
0.908489
0.908463
0.908438
0.908412
0.908387
0.908361
0.908336
0.908311
0.908286
0.908261
0.908236
0.908211
0.908186
0.908162
0.908137
0.908113
0.908088
0.908064
0.90804
0.908016
0.907992
0.907968
0.907945
0.907921
0.907898
0.907874
0.907851
0.907828
0.907805
0.907782
0.90776
0.907737
0.907715
0.907693
0.90767
0.907648
0.907627
0.907605
0.907583
0.907562
0.907541
0.907519
0.907498
0.907478
0.907457
0.907436
0.907416
0.907396
0.907376
0.907356
0.907336
0.907316
0.907297
0.907278
0.907259
0.90724
0.907221
0.907202
0.907184
0.907166
0.907148
0.90713
0.907112
0.907094
0.907077
0.90706
0.907043
0.907026
0.907009
0.906993
0.906976
0.90696
0.906944
0.906929
0.906913
0.906898
0.906883
0.906868
0.906853
0.906838
0.906824
0.90681
0.906796
0.906782
0.906768
0.906755
0.906742
0.906728
0.906716
0.906703
0.906691
0.906678
0.906666
0.906655
0.906643
0.906632
0.90662
0.906609
0.906599
0.906588
0.906578
0.906568
0.906558
0.906548
0.906538
0.906529
0.90652
0.906511
0.906503
0.906494
0.906486
0.906478
0.90647
0.906462
0.906455
0.906448
0.906441
0.906434
0.906428
0.906421
0.906415
0.906409
0.906404
0.906398
0.906393
0.906388
0.906383
0.906379
0.906375
0.90637
0.906366
0.906363
0.906359
0.906356
0.906353
0.90635
0.906348
0.906345
0.906343
0.906341
0.90634
0.906338
0.906337
0.906336
0.906335
0.906334
0.906334
0.906334
0.906334
0.906334
0.906334
0.906335
0.906336
0.906337
0.906338
0.90634
0.906341
0.906343
0.906346
0.906348
0.906351
0.906353
0.906356
0.90636
0.906363
0.906367
0.90637
0.906375
0.906379
0.906383
0.906388
0.906393
0.906398
0.906403
0.906409
0.906414
0.90642
0.906426
0.906433
0.906439
0.906446
0.906453
0.90646
0.906467
0.906475
0.906482
0.90649
0.906498
0.906506
0.906515
0.906524
0.906532
0.906541
0.906551
0.90656
0.90657
0.906579
0.906589
0.906599
0.90661
0.90662
0.906631
0.906642
0.906653
0.906664
0.906675
0.906687
0.906698
0.90671
0.906722
0.906734
0.906747
0.906759
0.906772
0.906785
0.906798
0.906811
0.906824
0.906838
0.906852
0.906865
0.906879
0.906893
0.906908
0.906922
0.906937
0.906951
0.906966
0.906981
0.906996
0.907012
0.907027
0.907043
0.907058
0.907074
0.90709
0.907106
0.907122
0.907139
0.907155
0.907172
0.907188
0.907205
0.907222
0.907239
0.907256
0.907274
0.907291
0.907309
0.907326
0.907344
0.907362
0.90738
0.907398
0.907416
0.907434
0.907452
0.907471
0.907489
0.907508
0.907527
0.907546
0.907565
0.907584
0.907603
0.907622
0.907641
0.90766
0.90768
0.907699
0.907719
0.907738
0.907758
0.907778
0.907797
0.907817
0.907837
0.907857
0.907877
0.907897
0.907918
0.907938
0.907958
0.907978
0.907999
0.908019
0.90804
0.90806
0.908081
0.908101
0.908122
0.908142
0.908163
0.908184
0.908204
0.908225
0.908246
0.908267
0.908288
0.908308
0.908329
0.90835
0.908371
0.908392
0.908413
0.908434
0.908455
0.908476
0.908496
0.908517
0.908538
0.908559
0.90858
0.908601
0.908622
0.908643
0.908664
0.908684
0.908705
0.908726
0.908747
0.908768
0.908788
0.908809
0.90883
0.908851
0.908871
0.908892
0.908912
0.908933
0.908953
0.908974
0.908994
0.909014
0.909035
0.909055
0.909075
0.909095
0.909115
0.909136
0.909156
0.909175
0.909195
0.909215
0.909235
0.909255
0.909274
0.909294
0.909313
0.909333
0.909352
0.909371
0.90939
0.909409
0.909428
0.909447
0.909466
0.909485
0.909503
0.909522
0.90954
0.909559
0.909577
0.909595
0.909613
0.909631
0.909649
0.909667
0.909685
0.909702
0.90972
0.909737
0.909754
0.909772
0.909789
0.909806
0.909822
0.909839
0.909856
0.909872
0.909888
0.909905
0.909921
0.909937
0.909952
0.909968
0.909984
0.909999
0.910014
0.910029
0.910045
0.910059
0.910074
0.910089
0.910103
0.910118
0.910132
0.910146
0.91016
0.910173
0.910187
0.910201
0.910214
0.910227
0.91024
0.910253
0.910266
0.910278
0.91029
0.910303
0.910315
0.910327
0.910338
0.91035
0.910362
0.910373
0.910384
0.910395
0.910406
0.910416
0.910427
0.910437
0.910447
0.910457
0.910467
0.910476
0.910486
0.910495
0.910504
0.910513
0.910522
0.91053
0.910539
0.910547
0.910555
0.910563
0.910571
0.910578
0.910585
0.910593
0.910599
0.910606
0.910613
0.910619
0.910626
0.910632
0.910637
0.910643
0.910649
0.910654
0.910659
0.910664
0.910669
0.910674
0.910678
0.910682
0.910686
0.91069
0.910694
0.910697
0.910701
0.910704
0.910707
0.910709
0.910712
0.910714
0.910716
0.910719
0.91072
0.910722
0.910723
0.910725
0.910726
0.910727
0.910727
0.910728
0.910728
0.910728
0.910728
0.910728
0.910728
0.910727
0.910727
0.910726
0.910725
0.910723
0.910722
0.91072
0.910718
0.910716
0.910714
0.910712
0.910709
0.910706
0.910704
0.9107
0.910697
0.910694
0.91069
0.910686
0.910683
0.910678
0.910674
0.91067
0.910665
0.91066
0.910655
0.91065
0.910645
0.910639
0.910634
0.910628
0.910622
0.910616
0.91061
0.910603
0.910597
0.91059
0.910583
0.910576
0.910569
0.910562
0.910554
0.910546
0.910539
0.910531
0.910523
0.910514
0.910506
0.910497
0.910489
0.91048
0.910471
0.910462
0.910453
0.910443
0.910434
0.910424
0.910414
0.910405
0.910394
0.910384
0.910374
0.910364
0.910353
0.910343
0.910332
0.910321
0.91031
0.910299
0.910288
0.910276
0.910265
0.910253
0.910242
0.91023
0.910218
0.910206
0.910194
0.910182
0.91017
0.910158
0.910145
0.910133
0.91012
0.910107
0.910095
0.910082
0.910069
0.910056
0.910043
0.91003
0.910016
0.910003
0.90999
0.909976
0.909963
0.909949
0.909936
0.909922
0.909908
0.909895
0.909881
0.909867
0.909853
0.909839
0.909825
0.909811
0.909797
0.909783
0.909769
0.909754
0.90974
0.909726
0.909712
0.909698
0.909683
0.909669
0.909655
0.90964
0.909626
0.909612
0.909597
0.909583
0.909568
0.909554
0.90954
0.909525
0.909511
0.909497
0.909482
0.909468
0.909454
0.90944
0.909425
0.909411
0.909397
0.909383
0.909369
0.909355
0.90934
0.909326
0.909313
0.909299
0.909285
0.909271
0.909257
0.909243
0.90923
0.909216
0.909203
0.909189
0.909176
0.909163
0.909149
0.909136
0.909123
0.90911
0.909097
0.909084
0.909072
0.909059
0.909047
0.909034
0.909022
0.90901
0.908997
0.908985
0.908973
0.908962
0.90895
0.908938
0.908927
0.908916
0.908904
0.908893
