1.1462
1.1462
1.1462
1.14619
1.14619
1.14618
1.14618
1.14617
1.14617
1.14616
1.14616
1.14615
1.14615
1.14614
1.14614
1.14614
1.14613
1.14613
1.14612
1.14612
1.14611
1.14611
1.1461
1.1461
1.14609
1.14609
1.14609
1.14608
1.14608
1.14607
1.14607
1.14606
1.14606
1.14606
1.14605
1.14605
1.14604
1.14604
1.14603
1.14603
1.14603
1.14602
1.14602
1.14601
1.14601
1.14601
1.146
1.146
1.14599
1.14599
1.14599
1.14598
1.14598
1.14598
1.14597
1.14597
1.14596
1.14596
1.14596
1.14595
1.14595
1.14595
1.14594
1.14594
1.14594
1.14593
1.14593
1.14593
1.14592
1.14592
1.14592
1.14591
1.14591
1.14591
1.1459
1.1459
1.1459
1.1459
1.14589
1.14589
1.14589
1.14588
1.14588
1.14588
1.14588
1.14587
1.14587
1.14587
1.14587
1.14586
1.14586
1.14586
1.14586
1.14585
1.14585
1.14585
1.14585
1.14585
1.14584
1.14584
1.14584
1.14584
1.14584
1.14583
1.14583
1.14583
1.14583
1.14583
1.14583
1.14582
1.14582
1.14582
1.14582
1.14582
1.14582
1.14582
1.14581
1.14581
1.14581
1.14581
1.14581
1.14581
1.14581
1.14581
1.14581
1.14581
1.1458
1.1458
1.1458
1.1458
1.1458
1.1458
1.1458
1.1458
1.1458
1.1458
1.1458
1.1458
1.1458
1.1458
1.1458
1.1458
1.1458
1.1458
1.1458
1.1458
1.1458
1.1458
1.1458
1.1458
1.1458
1.1458
1.1458
1.1458
1.1458
1.1458
1.1458
1.1458
1.1458
1.14581
1.14581
1.14581
1.14581
1.14581
1.14581
1.14581
1.14581
1.14581
1.14581
1.14582
1.14582
1.14582
1.14582
1.14582
1.14582
1.14582
1.14583
1.14583
1.14583
1.14583
1.14583
1.14583
1.14583
1.14584
1.14584
1.14584
1.14584
1.14584
1.14585
1.14585
1.14585
1.14585
1.14585
1.14586
1.14586
1.14586
1.14586
1.14587
1.14587
1.14587
1.14587
1.14588
1.14588
1.14588
1.14588
1.14589
1.14589
1.14589
1.14589
1.1459
1.1459
1.1459
1.1459
1.14591
1.14591
1.14591
1.14592
1.14592
1.14592
1.14592
1.14593
1.14593
1.14593
1.14594
1.14594
1.14594
1.14595
1.14595
1.14595
1.14596
1.14596
1.14596
1.14597
1.14597
1.14597
1.14598
1.14598
1.14598
1.14599
1.14599
1.14599
1.146
1.146
1.146
1.14601
1.14601
1.14601
1.14602
1.14602
1.14602
1.14603
1.14603
1.14604
1.14604
1.14604
1.14605
1.14605
1.14605
1.14606
1.14606
1.14606
1.14607
1.14607
1.14608
1.14608
1.14608
1.14609
1.14609
1.14609
1.1461
1.1461
1.14611
1.14611
1.14611
1.14612
1.14612
1.14613
1.14613
1.14613
1.14614
1.14614
1.14614
1.14615
1.14615
1.14616
1.14616
1.14616
1.14617
1.14617
1.14617
1.14618
1.14618
1.14619
1.14619
1.14619
1.1462
1.1462
1.1462
1.14621
1.14621
1.14622
1.14622
1.14622
1.14623
1.14623
1.14623
1.14624
1.14624
1.14624
1.14625
1.14625
1.14625
1.14626
1.14626
1.14627
1.14627
1.14627
1.14628
1.14628
1.14628
1.14629
1.14629
1.14629
1.1463
1.1463
1.1463
1.14631
1.14631
1.14631
1.14632
1.14632
1.14632
1.14632
1.14633
1.14633
1.14633
1.14634
1.14634
1.14634
1.14635
1.14635
1.14635
1.14635
1.14636
1.14636
1.14636
1.14637
1.14637
1.14637
1.14637
1.14638
1.14638
1.14638
1.14638
1.14639
1.14639
1.14639
1.14639
1.1464
1.1464
1.1464
1.1464
1.14641
1.14641
1.14641
1.14641
1.14642
1.14642
1.14642
1.14642
1.14642
1.14643
1.14643
1.14643
1.14643
1.14643
1.14644
1.14644
1.14644
1.14644
1.14644
1.14644
1.14645
1.14645
1.14645
1.14645
1.14645
1.14645
1.14645
1.14646
1.14646
1.14646
1.14646
1.14646
1.14646
1.14646
1.14647
1.14647
1.14647
1.14647
1.14647
1.14647
1.14647
1.14647
1.14647
1.14647
1.14647
1.14648
1.14648
1.14648
1.14648
1.14648
1.14648
1.14648
1.14648
1.14648
1.14648
1.14648
1.14648
1.14648
1.14648
1.14648
1.14648
1.14648
1.14648
1.14648
1.14648
1.14648
1.14648
1.14648
1.14648
1.14648
1.14648
1.14648
1.14648
1.14648
1.14648
1.14648
1.14648
1.14648
1.14648
1.14648
1.14648
1.14648
1.14648
1.14648
1.14648
1.14648
1.14647
1.14647
1.14647
1.14647
1.14647
1.14647
1.14647
1.14647
1.14647
1.14647
1.14647
1.14647
1.14646
1.14646
1.14646
1.14646
1.14646
1.14646
1.14646
1.14646
1.14645
1.14645
1.14645
1.14645
1.14645
1.14645
1.14645
1.14644
1.14644
1.14644
1.14644
1.14644
1.14644
1.14644
1.14643
1.14643
1.14643
1.14643
1.14643
1.14643
1.14642
1.14642
1.14642
1.14642
1.14642
1.14641
1.14641
1.14641
1.14641
1.14641
1.14641
1.1464
1.1464
1.1464
1.1464
1.1464
1.14639
1.14639
1.14639
1.14639
1.14638
1.14638
1.14638
1.14638
1.14638
1.14637
1.14637
1.14637
1.14637
1.14637
1.14636
1.14636
1.14636
1.14636
1.14635
1.14635
1.14635
1.14635
1.14635
1.14634
1.14634
1.14634
1.14634
1.14633
1.14633
1.14633
1.14633
1.14632
1.14632
1.14632
1.14632
1.14631
1.14631
1.14631
1.14631
1.14631
1.1463
1.1463
1.1463
1.1463
1.14629
1.14629
1.14629
1.14629
1.14628
1.14628
1.14628
1.14628
1.14628
1.14627
1.14627
1.14627
1.14627
1.14626
1.14626
1.14626
1.14626
1.14625
1.14625
1.14625
1.14625
1.14625
1.14624
1.14624
1.14624
1.14624
1.14624
1.14623
1.14623
1.14623
1.14623
1.14622
1.14622
1.14622
1.14622
1.14622
1.14621
1.14621
1.14621
1.14621
1.14621
1.1462
1.1462
1.1462
1.1462
1.1462
1.14619
1.14619
1.14619
1.14619
1.14619
1.14619
1.14618
1.14618
1.14618
1.14618
1.14618
1.14618
1.14617
1.14617
1.14617
1.14617
1.14617
1.14617
1.14616
1.14616
1.14616
1.14616
1.14616
1.14616
1.14616
1.14615
1.14615
1.14615
1.14615
1.14615
1.14615
1.14615
1.14615
1.14614
1.14614
1.14614
1.14614
1.14614
1.14614
1.14614
1.14614
1.14614
1.14613
1.14613
1.14613
1.14613
1.14613
1.14613
1.14613
1.14613
1.14613
1.14613
1.14613
1.14613
1.14612
1.14612
1.14612
1.14612
1.14612
1.14612
1.14612
1.14612
1.14612
1.14612
1.14612
1.14612
1.14612
1.14612
1.14612
1.14612
1.14612
1.14612
1.14612
1.14612
1.14612
1.14612
1.14612
1.14612
1.14612
1.14612
1.14612
1.14612
1.14612
1.14612
1.14612
1.14612
1.14612
1.14612
1.14612
1.14612
1.14612
1.14612
1.14612
1.14612
1.14612
1.14612
1.14612
1.14612
1.14612
1.14612
1.14612
1.14612
1.14612
1.14612
1.14612
1.14612
1.14612
1.14612
1.14612
1.14612
1.14613
1.14613
1.14613
1.14613
1.14613
1.14613
1.14613
1.14613
1.14613
1.14613
1.14613
1.14613
1.14613
1.14614
1.14614
1.14614
1.14614
1.14614
1.14614
1.14614
1.14614
1.14614
1.14614
1.14614
1.14615
1.14615
1.14615
1.14615
1.14615
1.14615
1.14615
1.14615
1.14615
1.14615
1.14616
1.14616
1.14616
1.14616
1.14616
1.14616
1.14616
1.14616
1.14616
1.14617
1.14617
1.14617
1.14617
1.14617
1.14617
1.14617
1.14617
1.14617
1.14618
1.14618
1.14618
1.14618
1.14618
1.14618
1.14618
1.14618
1.14619
1.14619
1.14619
1.14619
1.14619
1.14619
1.14619
1.14619
1.14619
1.1462
1.1462
1.1462
1.1462
1.1462
1.1462
1.1462
1.1462
1.1462
1.14621
1.14621
1.14621
1.14621
1.14621
1.14621
1.14621
1.14621
1.14621
1.14621
1.14622
1.14622
1.14622
1.14622
1.14622
1.14622
1.14622
1.14622
1.14622
1.14622
1.14622
1.14623
1.14623
1.14623
1.14623
1.14623
1.14623
1.14623
1.14623
1.14623
1.14623
1.14623
1.14623
1.14623
1.14623
1.14623
1.14623
1.14624
1.14624
1.14624
1.14624
1.14624
1.14624
1.14624
1.14624
1.14624
1.14624
1.14624
1.14624
1.14624
1.14624
1.14624
1.14624
1.14624
1.14624
1.14624
1.14624
1.14624
1.14624
1.14624
1.14624
1.14624
1.14624
1.14624
1.14624
1.14624
1.14624
1.14624
1.14624
1.14624
1.14624
1.14624
1.14624
1.14623
1.14623
1.14623
1.14623
1.14623
1.14623
1.14623
1.14623
1.14623
1.14623
1.14623
1.14623
1.14623
1.14622
1.14622
1.14622
1.14622
1.14622
1.14622
1.14622
1.14622
1.14622
1.14621
1.14621
1.14621
1.14621
1.14621
1.14621
1.14621
1.14621
1.1462
1.1462
1.1462
1.1462
1.1462
1.1462
1.14619
1.14619
1.14619
1.14619
1.14619
1.14618
1.14618
1.14618
1.14618
1.14618
1.14617
1.14617
1.14617
1.14617
1.14617
1.14616
1.14616
1.14616
1.14616
1.14616
1.14615
1.14615
1.14615
1.14615
1.14614
1.14614
1.14614
1.14614
1.14613
1.14613
1.14613
1.14613
1.14612
1.14612
1.14612
1.14611
1.14611
1.14611
1.14611
1.1461
1.1461
1.1461
1.14609
1.14609
1.14609
1.14609
1.14608
1.14608
1.14608
1.14607
1.14607
1.14607
1.14606
1.14606
1.14606
1.14605
1.14605
1.14605
1.14604
1.14604
1.14604
1.14603
1.14603
1.14603
1.14602
1.14602
1.14602
1.14601
1.14601
1.14601
1.146
1.146
1.146
1.14599
1.14599
1.14599
1.14598
1.14598
1.14598
1.14597
1.14597
1.14597
1.14596
1.14596
1.14596
1.14595
1.14595
1.14594
1.14594
1.14594
1.14593
1.14593
1.14593
1.14592
1.14592
1.14592
1.14591
1.14591
1.14591
1.1459
1.1459
1.1459
1.14589
1.14589
1.14589
1.14588
1.14588
1.14588
1.14587
1.14587
1.14587
1.14586
1.14586
1.14586
1.14585
1.14585
1.14585
1.14584
1.14584
1.14584
1.14583
1.14583
1.14583
1.14582
1.14582
1.14582
1.14582
1.14581
1.14581
1.14581
1.1458
1.1458
1.1458
1.1458
1.14579
1.14579
1.14579
1.14579
1.14578
1.14578
1.14578
1.14578
1.14577
1.14577
1.14577
1.14577
1.14576
1.14576
1.14576
1.14576
1.14576
1.14575
1.14575
1.14575
1.14575
1.14575
1.14574
1.14574
1.14574
1.14574
1.14574
1.14574
1.14573
1.14573
1.14573
1.14573
1.14573
1.14573
1.14573
1.14573
1.14572
1.14572
1.14572
1.14572
1.14572
1.14572
1.14572
1.14572
1.14572
1.14572
1.14572
1.14572
1.14572
1.14572
1.14572
1.14572
1.14572
1.14572
1.14572
1.14572
1.14572
1.14572
1.14572
1.14572
1.14572
1.14572
1.14572
1.14572
1.14573
1.14573
1.14573
1.14573
1.14573
1.14573
1.14573
1.14573
1.14574
1.14574
1.14574
1.14574
1.14574
1.14575
1.14575
1.14575
1.14575
1.14575
1.14576
1.14576
1.14576
1.14576
1.14577
1.14577
1.14577
1.14578
1.14578
1.14578
1.14579
1.14579
1.14579
1.1458
1.1458
1.1458
1.14581
1.14581
1.14582
1.14582
1.14582
1.14583
1.14583
1.14584
1.14584
1.14585
1.14585
1.14586
1.14586
1.14587
1.14587
1.14588
1.14588
1.14589
1.14589
1.1459
1.14591
1.14591
1.14592
1.14592
1.14593
1.14593
1.14594
1.14595
1.14595
1.14596
1.14597
1.14597
1.14598
1.14599
1.14599
1.146
1.14601
1.14602
1.14602
1.14603
1.14604
1.14605
1.14605
1.14606
1.14607
1.14608
1.14608
1.14609
1.1461
1.14611
1.14612
1.14613
1.14613
1.14614
1.14615
1.14616
1.14617
1.14618
1.14619
1.1462
1.1462
1.14621
1.14622
1.14623
1.14624
1.14625
1.14626
1.14627
1.14628
1.14629
1.1463
1.14631
1.14632
1.14633
1.14634
1.14635
1.14636
1.14637
1.14638
1.14639
1.1464
1.14641
1.14642
1.14643
1.14644
1.14645
1.14647
1.14648
1.14649
1.1465
1.14651
1.14652
1.14653
1.14654
1.14655
1.14656
1.14658
1.14659
1.1466
1.14661
1.14662
1.14663
1.14664
1.14666
1.14667
1.14668
1.14669
1.1467
1.14671
1.14673
1.14674
1.14675
1.14676
1.14677
1.14678
1.1468
1.14681
1.14682
1.14683
1.14684
1.14686
1.14687
1.14688
1.14689
1.1469
1.14692
1.14693
1.14694
1.14695
1.14696
1.14697
1.14699
1.147
1.14701
1.14702
1.14703
1.14705
1.14706
1.14707
1.14708
1.14709
1.1471
1.14712
1.14713
1.14714
1.14715
1.14716
1.14717
1.14719
1.1472
1.14721
1.14722
1.14723
1.14724
1.14725
1.14726
1.14728
1.14729
1.1473
1.14731
1.14732
1.14733
1.14734
1.14735
1.14736
1.14737
1.14738
1.14739
1.1474
1.14741
1.14742
1.14743
1.14744
1.14745
1.14746
1.14747
1.14748
1.14749
1.1475
1.14751
1.14752
1.14753
1.14754
1.14755
1.14756
1.14757
1.14758
1.14758
1.14759
1.1476
1.14761
1.14762
1.14762
1.14763
1.14764
1.14765
1.14766
1.14766
1.14767
1.14768
1.14768
1.14769
1.1477
1.1477
1.14771
1.14772
1.14772
1.14773
1.14773
1.14774
1.14775
1.14775
1.14776
1.14776
1.14777
1.14777
1.14777
1.14778
1.14778
1.14779
1.14779
1.14779
1.1478
1.1478
1.1478
1.14781
1.14781
1.14781
1.14781
1.14782
1.14782
1.14782
1.14782
1.14782
1.14782
1.14783
1.14783
1.14783
1.14783
1.14783
1.14783
1.14783
1.14783
1.14783
1.14783
1.14782
1.14782
1.14782
1.14782
1.14782
1.14782
1.14781
1.14781
1.14781
1.1478
1.1478
1.1478
1.14779
1.14779
1.14779
1.14778
1.14778
1.14777
1.14777
1.14776
1.14775
1.14775
1.14774
1.14774
1.14773
1.14772
1.14772
1.14771
1.1477
1.14769
1.14768
1.14768
1.14767
1.14766
1.14765
1.14764
1.14763
1.14762
1.14761
1.1476
1.14759
1.14758
1.14757
1.14756
1.14754
1.14753
1.14752
1.14751
1.14749
1.14748
1.14747
1.14745
1.14744
1.14743
1.14741
1.1474
1.14738
1.14737
1.14735
1.14734
1.14732
1.1473
1.14729
1.14727
1.14725
1.14724
1.14722
1.1472
1.14718
1.14717
1.14715
1.14713
1.14711
1.14709
1.14707
1.14705
1.14703
1.14701
1.14699
1.14697
1.14695
1.14693
1.1469
1.14688
1.14686
1.14684
1.14681
1.14679
1.14677
1.14675
1.14672
1.1467
1.14667
1.14665
1.14662
1.1466
1.14657
1.14655
1.14652
1.1465
1.14647
1.14644
1.14642
1.14639
1.14636
1.14634
1.14631
1.14628
1.14625
1.14623
1.1462
1.14617
1.14614
1.14611
1.14608
1.14605
1.14602
1.14599
1.14596
1.14593
1.1459
1.14587
1.14584
1.14581
1.14578
1.14575
1.14572
1.14568
1.14565
1.14562
1.14559
1.14555
1.14552
1.14549
1.14546
1.14542
1.14539
1.14536
1.14532
1.14529
1.14525
1.14522
1.14519
1.14515
1.14512
1.14508
1.14505
1.14501
1.14498
1.14494
1.14491
1.14487
1.14484
1.1448
1.14476
1.14473
1.14469
1.14466
1.14462
1.14458
1.14455
1.14451
1.14448
1.14444
1.1444
1.14437
1.14433
1.14429
1.14426
1.14422
1.14418
1.14415
1.14411
1.14407
1.14403
1.144
1.14396
1.14392
1.14389
1.14385
1.14381
1.14378
1.14374
1.1437
1.14367
1.14363
1.14359
1.14355
1.14352
1.14348
1.14344
1.14341
1.14337
1.14333
1.1433
1.14326
1.14323
1.14319
1.14315
1.14312
1.14308
1.14305
1.14301
1.14297
1.14294
1.1429
1.14287
1.14283
1.1428
1.14276
1.14273
1.1427
1.14266
1.14263
1.14259
1.14256
1.14253
1.14249
1.14246
1.14243
1.14239
1.14236
1.14233
1.1423
1.14227
1.14223
1.1422
1.14217
1.14214
1.14211
1.14208
1.14205
1.14202
1.14199
1.14196
1.14193
1.14191
1.14188
1.14185
1.14182
1.1418
1.14177
1.14174
1.14172
1.14169
1.14167
1.14164
1.14162
1.14159
1.14157
1.14155
1.14152
1.1415
1.14148
1.14146
1.14144
1.14141
1.14139
1.14137
1.14135
1.14134
1.14132
1.1413
1.14128
1.14127
1.14125
1.14123
1.14122
1.1412
1.14119
1.14117
1.14116
1.14115
1.14114
1.14112
1.14111
1.1411
1.14109
1.14108
1.14107
1.14107
1.14106
1.14105
1.14105
1.14104
1.14103
1.14103
1.14103
1.14102
1.14102
1.14102
1.14102
1.14102
1.14102
1.14102
1.14102
1.14102
1.14103
1.14103
1.14104
1.14104
1.14105
1.14105
1.14106
1.14107
1.14108
1.14109
1.1411
1.14111
1.14112
1.14114
1.14115
1.14117
1.14118
1.1412
1.14121
1.14123
1.14125
1.14127
1.14129
1.14131
1.14134
1.14136
1.14138
1.14141
1.14143
1.14146
1.14149
1.14152
1.14155
1.14158
1.14161
1.14164
1.14168
1.14171
1.14175
1.14178
1.14182
1.14186
1.1419
1.14194
1.14198
1.14202
1.14207
1.14211
1.14215
1.1422
1.14225
1.1423
1.14235
1.1424
1.14245
1.1425
1.14256
1.14261
1.14267
1.14272
1.14278
1.14284
1.1429
1.14296
1.14303
1.14309
1.14315
1.14322
1.14329
1.14336
1.14342
1.1435
1.14357
1.14364
1.14371
1.14379
1.14387
1.14394
1.14402
1.1441
1.14418
1.14426
1.14435
1.14443
1.14452
1.14461
1.14469
1.14478
1.14487
1.14497
1.14506
1.14515
1.14525
1.14535
1.14545
1.14555
1.14565
1.14575
1.14585
1.14596
1.14606
1.14617
1.14628
1.14639
1.1465
1.14661
1.14672
1.14684
1.14695
1.14707
1.14719
1.14731
1.14743
1.14755
1.14768
1.1478
1.14793
1.14806
1.14819
1.14832
1.14845
1.14858
1.14872
1.14885
1.14899
1.14913
1.14927
1.14941
1.14955
1.1497
1.14984
1.14999
1.15014
1.15029
1.15044
1.15059
1.15074
1.1509
1.15106
1.15121
1.15137
1.15153
1.15169
1.15186
1.15202
1.15219
1.15235
1.15252
1.15269
1.15286
1.15304
1.15321
1.15339
1.15356
1.15374
1.15392
1.1541
1.15428
1.15447
1.15465
1.15484
1.15502
1.15521
1.1554
1.1556
1.15579
1.15598
1.15618
1.15638
1.15657
1.15677
1.15698
1.15718
1.15738
1.15759
1.15779
1.158
1.15821
1.15842
1.15863
1.15885
1.15906
1.15928
1.1595
1.15971
1.15993
1.16016
1.16038
1.1606
1.16083
1.16105
1.16128
1.16151
1.16174
1.16197
1.16221
1.16244
1.16268
1.16291
1.16315
1.16339
1.16363
1.16387
1.16412
1.16436
1.16461
1.16485
1.1651
1.16535
1.1656
1.16586
1.16611
1.16636
1.16662
1.16688
1.16714
1.16739
1.16766
1.16792
1.16818
1.16844
1.16871
1.16898
1.16924
1.16951
1.16978
1.17006
1.17033
1.1706
1.17088
1.17115
1.17143
1.17171
1.17199
1.17227
1.17255
1.17283
1.17312
1.1734
1.17369
1.17397
1.17426
1.17455
1.17484
1.17513
1.17542
1.17572
1.17601
1.17631
1.1766
1.1769
1.1772
1.1775
1.1778
1.1781
1.1784
1.17871
1.17901
1.17932
1.17962
1.17993
1.18024
1.18055
1.18086
1.18117
1.18148
1.18179
1.18211
1.18242
1.18274
1.18305
1.18337
1.18369
1.18401
1.18432
1.18465
1.18497
1.18529
1.18561
1.18593
1.18626
1.18658
1.18691
1.18724
1.18756
1.18789
1.18822
1.18855
1.18888
1.18921
1.18954
1.18987
1.1902
1.19054
1.19087
1.19121
1.19154
1.19188
1.19221
1.19255
1.19289
1.19323
1.19357
1.19391
1.19425
1.19459
1.19493
1.19527
1.19561
1.19595
1.1963
1.19664
1.19698
1.19733
1.19767
1.19802
1.19836
1.19871
1.19905
1.1994
1.19975
1.2001
1.20044
1.20079
1.20114
1.20149
1.20184
1.20219
1.20254
1.20289
1.20324
1.20359
1.20394
1.20429
1.20464
1.20499
1.20535
1.2057
1.20605
1.2064
1.20676
1.20711
1.20746
1.20781
1.20817
1.20852
1.20887
1.20923
1.20958
1.20993
1.21029
1.21064
1.211
1.21135
1.2117
1.21206
1.21241
1.21276
1.21312
1.21347
1.21383
1.21418
1.21453
1.21489
1.21524
1.21559
1.21595
1.2163
1.21665
1.217
1.21736
1.21771
1.21806
1.21841
1.21876
1.21912
1.21947
1.21982
1.22017
1.22052
1.22087
1.22122
1.22157
1.22192
1.22227
1.22262
1.22297
1.22331
1.22366
1.22401
1.22436
1.2247
1.22505
1.22539
1.22574
1.22608
1.22643
1.22677
1.22712
1.22746
1.2278
1.22815
1.22849
1.22883
1.22917
1.22951
1.22985
1.23019
1.23053
1.23086
1.2312
1.23154
1.23187
1.23221
1.23254
1.23288
1.23321
1.23355
1.23388
1.23421
1.23454
1.23487
1.2352
1.23553
1.23586
1.23618
1.23651
1.23684
1.23716
1.23749
1.23781
1.23813
1.23846
1.23878
1.2391
1.23942
1.23974
1.24005
1.24037
1.24069
1.241
1.24132
1.24163
1.24194
1.24226
1.24257
1.24288
1.24319
1.2435
1.2438
1.24411
1.24441
1.24472
1.24502
1.24532
1.24563
1.24593
1.24623
1.24653
1.24682
1.24712
1.24741
1.24771
1.248
1.2483
1.24859
1.24888
1.24917
1.24945
1.24974
1.25003
1.25031
1.2506
1.25088
1.25116
1.25144
1.25172
1.252
1.25227
1.25255
1.25283
1.2531
1.25337
1.25364
1.25391
1.25418
1.25445
1.25472
1.25498
1.25524
1.25551
1.25577
1.25603
1.25629
1.25655
1.2568
1.25706
1.25731
1.25757
1.25782
1.25807
1.25832
1.25857
1.25881
1.25906
1.2593
1.25954
1.25979
1.26003
1.26027
1.2605
1.26074
1.26097
1.26121
1.26144
1.26167
1.2619
1.26213
1.26236
1.26258
1.26281
1.26303
1.26325
1.26347
1.26369
1.26391
1.26413
1.26434
1.26456
1.26477
1.26498
1.26519
1.2654
1.2656
1.26581
1.26601
1.26622
1.26642
1.26662
1.26682
1.26702
1.26721
1.26741
1.2676
1.26779
1.26798
1.26817
1.26836
1.26855
1.26873
1.26891
1.2691
1.26928
1.26946
1.26964
1.26981
1.26999
1.27016
1.27033
1.27051
1.27068
1.27084
1.27101
1.27118
1.27134
1.2715
1.27167
1.27183
1.27199
1.27214
1.2723
1.27245
1.27261
1.27276
1.27291
1.27306
1.27321
1.27336
1.2735
1.27364
1.27379
1.27393
1.27407
1.27421
1.27434
1.27448
1.27462
1.27475
1.27488
1.27501
1.27514
1.27527
1.2754
1.27552
1.27564
1.27577
1.27589
1.27601
1.27613
1.27625
1.27636
1.27648
1.27659
1.2767
1.27681
1.27692
1.27703
1.27714
1.27725
1.27735
1.27745
1.27756
1.27766
1.27776
1.27786
1.27795
1.27805
1.27814
1.27824
1.27833
1.27842
1.27851
1.2786
1.27869
1.27877
1.27886
1.27894
1.27903
1.27911
1.27919
1.27927
1.27935
1.27942
1.2795
1.27958
1.27965
1.27972
1.27979
1.27986
1.27993
1.28
1.28007
1.28013
1.2802
1.28026
1.28033
1.28039
1.28045
1.28051
1.28057
1.28062
1.28068
1.28074
1.28079
1.28084
1.2809
1.28095
1.281
1.28105
1.2811
1.28114
1.28119
1.28124
1.28128
1.28132
1.28137
1.28141
1.28145
1.28149
1.28153
1.28157
1.2816
1.28164
1.28168
1.28171
1.28174
1.28178
1.28181
1.28184
1.28187
1.2819
1.28193
1.28196
1.28198
1.28201
1.28204
1.28206
1.28209
1.28211
1.28213
1.28215
1.28217
1.28219
1.28221
1.28223
1.28225
1.28227
1.28228
1.2823
1.28232
1.28233
1.28234
1.28236
1.28237
1.28238
1.28239
1.2824
1.28241
1.28242
1.28243
1.28244
1.28245
1.28245
1.28246
1.28247
1.28247
1.28248
1.28248
1.28248
1.28249
1.28249
1.28249
1.28249
1.28249
1.28249
1.28249
1.28249
1.28249
1.28249
1.28249
1.28249
1.28249
1.28248
1.28248
1.28247
1.28247
1.28247
1.28246
1.28245
1.28245
1.28244
1.28244
1.28243
1.28242
1.28241
1.28241
1.2824
1.28239
1.28238
1.28237
1.28236
1.28235
1.28234
1.28233
1.28232
1.28231
1.2823
1.28228
1.28227
1.28226
1.28225
1.28224
1.28222
1.28221
1.2822
1.28218
1.28217
1.28216
1.28214
1.28213
1.28212
1.2821
1.28209
1.28207
1.28206
1.28204
1.28203
1.28201
1.282
1.28198
1.28197
1.28195
1.28193
1.28192
1.2819
1.28189
1.28187
1.28186
1.28184
1.28182
1.28181
1.28179
1.28178
1.28176
1.28174
1.28173
1.28171
1.28169
1.28168
1.28166
1.28165
1.28163
1.28161
1.2816
1.28158
1.28157
1.28155
1.28153
1.28152
1.2815
1.28149
1.28147
1.28146
1.28144
1.28143
1.28141
1.2814
1.28138
1.28137
1.28135
1.28134
1.28132
1.28131
1.28129
1.28128
1.28126
1.28125
1.28124
1.28122
1.28121
1.2812
1.28118
1.28117
1.28116
1.28115
1.28113
1.28112
1.28111
1.2811
1.28109
1.28107
1.28106
1.28105
1.28104
1.28103
1.28102
1.28101
1.281
1.28099
1.28098
1.28097
1.28096
1.28095
1.28094
1.28093
1.28093
1.28092
1.28091
1.2809
1.28089
1.28089
1.28088
1.28087
1.28087
1.28086
1.28086
1.28085
1.28084
1.28084
1.28083
1.28083
1.28083
1.28082
1.28082
1.28081
1.28081
1.28081
1.2808
1.2808
1.2808
1.2808
1.2808
1.28079
1.28079
1.28079
1.28079
1.28079
1.28079
1.28079
1.28079
1.28079
1.28079
1.2808
1.2808
1.2808
1.2808
1.2808
1.28081
1.28081
1.28081
1.28082
1.28082
1.28082
1.28083
1.28083
1.28084
1.28084
1.28085
1.28085
1.28086
1.28087
1.28087
1.28088
1.28089
1.28089
1.2809
1.28091
1.28092
1.28092
1.28093
1.28094
1.28095
1.28096
1.28097
1.28098
1.28099
1.281
1.28101
1.28102
1.28103
1.28104
1.28106
1.28107
1.28108
1.28109
1.2811
1.28112
1.28113
1.28114
1.28116
1.28117
1.28118
1.2812
1.28121
1.28123
1.28124
1.28126
1.28127
1.28129
1.2813
1.28132
1.28133
1.28135
1.28137
1.28138
1.2814
1.28142
1.28143
1.28145
1.28147
1.28148
1.2815
1.28152
1.28154
1.28156
1.28157
1.28159
1.28161
1.28163
1.28165
1.28167
1.28169
1.28171
1.28173
1.28175
1.28177
1.28178
1.2818
1.28182
1.28185
1.28187
1.28189
1.28191
1.28193
1.28195
1.28197
1.28199
1.28201
1.28203
1.28205
1.28207
1.28209
1.28212
1.28214
1.28216
1.28218
1.2822
1.28222
1.28225
1.28227
1.28229
1.28231
1.28233
1.28235
1.28238
1.2824
1.28242
1.28244
1.28246
1.28249
1.28251
1.28253
1.28255
1.28257
1.28259
1.28262
1.28264
1.28266
1.28268
1.2827
1.28273
1.28275
1.28277
1.28279
1.28281
1.28283
1.28286
1.28288
1.2829
1.28292
1.28294
1.28296
1.28298
1.283
1.28303
1.28305
1.28307
1.28309
1.28311
1.28313
1.28315
1.28317
1.28319
1.28321
1.28323
1.28325
1.28327
1.28329
1.28331
1.28333
1.28335
1.28337
1.28339
1.2834
1.28342
1.28344
1.28346
1.28348
1.2835
1.28351
1.28353
1.28355
1.28357
1.28359
1.2836
1.28362
1.28364
1.28365
1.28367
1.28369
1.2837
1.28372
1.28373
1.28375
1.28376
1.28378
1.28379
1.28381
1.28382
1.28384
1.28385
1.28386
1.28388
1.28389
1.2839
1.28392
1.28393
1.28394
1.28396
1.28397
1.28398
1.28399
1.284
1.28401
1.28402
1.28403
1.28404
1.28406
1.28407
1.28407
1.28408
1.28409
1.2841
1.28411
1.28412
1.28413
1.28414
1.28414
1.28415
1.28416
1.28416
1.28417
1.28418
1.28418
1.28419
1.2842
1.2842
1.28421
1.28421
1.28421
1.28422
1.28422
1.28423
1.28423
1.28423
1.28424
1.28424
1.28424
1.28424
1.28425
1.28425
1.28425
1.28425
1.28425
1.28425
1.28425
1.28425
1.28425
1.28425
1.28425
1.28425
1.28425
1.28425
1.28424
1.28424
1.28424
1.28424
1.28423
1.28423
1.28423
1.28422
1.28422
1.28421
1.28421
1.28421
1.2842
1.2842
1.28419
1.28418
1.28418
1.28417
1.28417
1.28416
1.28415
1.28414
1.28414
1.28413
1.28412
1.28411
1.2841
1.2841
1.28409
1.28408
1.28407
1.28406
1.28405
1.28404
1.28403
1.28402
1.28401
1.284
1.28399
1.28397
1.28396
1.28395
1.28394
1.28393
1.28391
1.2839
1.28389
1.28388
1.28386
1.28385
1.28384
1.28382
1.28381
1.2838
1.28378
1.28377
1.28375
1.28374
1.28372
1.28371
1.28369
1.28368
1.28366
1.28365
1.28363
1.28362
1.2836
1.28358
1.28357
1.28355
1.28353
1.28352
1.2835
1.28348
1.28347
1.28345
1.28343
1.28342
1.2834
1.28338
1.28336
1.28335
1.28333
1.28331
1.28329
1.28327
1.28326
1.28324
1.28322
1.2832
1.28318
1.28317
1.28315
1.28313
1.28311
1.28309
1.28307
1.28306
1.28304
1.28302
1.283
1.28298
1.28296
1.28294
1.28293
1.28291
1.28289
1.28287
1.28285
1.28283
1.28281
1.2828
1.28278
1.28276
1.28274
1.28272
1.2827
1.28269
1.28267
1.28265
1.28263
1.28261
1.2826
1.28258
1.28256
1.28254
1.28252
1.28251
1.28249
1.28247
1.28245
1.28244
1.28242
1.2824
1.28239
1.28237
1.28235
1.28234
1.28232
1.2823
1.28229
1.28227
1.28226
1.28224
1.28222
1.28221
1.28219
1.28218
1.28216
1.28215
1.28213
1.28212
1.28211
1.28209
1.28208
1.28206
1.28205
1.28204
1.28202
1.28201
1.282
1.28199
1.28197
1.28196
1.28195
1.28194
1.28193
1.28191
1.2819
1.28189
1.28188
1.28187
1.28186
1.28185
1.28184
1.28183
1.28182
1.28181
1.2818
1.28179
1.28179
1.28178
1.28177
1.28176
1.28175
1.28175
1.28174
1.28173
1.28173
1.28172
1.28171
1.28171
1.2817
1.2817
1.28169
1.28169
1.28168
1.28168
1.28168
1.28167
1.28167
1.28167
1.28166
1.28166
1.28166
1.28166
1.28165
1.28165
1.28165
1.28165
1.28165
1.28165
1.28165
1.28165
1.28165
1.28165
1.28165
1.28165
1.28165
1.28165
1.28165
1.28166
1.28166
1.28166
1.28166
1.28167
1.28167
1.28167
1.28168
1.28168
1.28169
1.28169
1.28169
1.2817
1.2817
1.28171
1.28172
1.28172
1.28173
1.28173
1.28174
1.28175
1.28175
1.28176
1.28177
1.28178
1.28178
1.28179
1.2818
1.28181
1.28182
1.28182
1.28183
1.28184
1.28185
1.28186
1.28187
1.28188
1.28189
1.2819
1.28191
1.28192
1.28193
1.28194
1.28195
1.28196
1.28197
1.28198
1.28199
1.282
1.28201
1.28203
1.28204
1.28205
1.28206
1.28207
1.28208
1.28209
1.28211
1.28212
1.28213
1.28214
1.28215
1.28216
1.28217
1.28219
1.2822
1.28221
1.28222
1.28223
1.28224
1.28225
1.28226
1.28227
1.28229
1.2823
1.28231
1.28232
1.28233
1.28234
1.28235
1.28236
1.28237
1.28238
1.28239
1.2824
1.2824
1.28241
1.28242
1.28243
1.28244
1.28245
1.28245
1.28246
1.28247
1.28247
1.28248
1.28249
1.28249
1.2825
1.2825
1.28251
1.28251
1.28251
1.28252
1.28252
1.28252
1.28252
1.28253
1.28253
1.28253
1.28253
1.28253
1.28253
1.28253
1.28252
1.28252
1.28252
1.28251
1.28251
1.28251
1.2825
1.28249
1.28249
1.28248
1.28247
1.28246
1.28245
1.28244
1.28243
1.28242
1.28241
1.28239
1.28238
1.28236
1.28235
1.28233
1.28231
1.2823
1.28228
1.28226
1.28224
1.28221
1.28219
1.28217
1.28214
1.28212
1.28209
1.28206
1.28203
1.282
1.28197
1.28194
1.28191
1.28187
1.28184
1.2818
1.28176
1.28172
1.28168
1.28164
1.2816
1.28155
1.28151
1.28146
1.28141
1.28136
1.28131
1.28126
1.28121
1.28115
1.2811
1.28104
1.28098
1.28092
1.28086
1.28079
1.28073
1.28066
1.28059
1.28052
1.28045
1.28038
1.28031
1.28023
1.28015
1.28007
1.27999
1.27991
1.27982
1.27974
1.27965
1.27956
1.27947
1.27937
1.27928
1.27918
1.27908
1.27898
1.27887
1.27877
1.27866
1.27855
1.27844
1.27833
1.27821
1.2781
1.27798
1.27785
1.27773
1.2776
1.27748
1.27735
1.27721
1.27708
1.27694
1.2768
1.27666
1.27652
1.27637
1.27622
1.27607
1.27592
1.27577
1.27561
1.27545
1.27528
1.27512
1.27495
1.27478
1.27461
1.27443
1.27426
1.27408
1.27389
1.27371
1.27352
1.27333
1.27313
1.27294
1.27274
1.27254
1.27233
1.27213
1.27192
1.2717
1.27149
1.27127
1.27105
1.27082
1.2706
1.27037
1.27013
1.2699
1.26966
1.26942
1.26917
1.26892
1.26867
1.26842
1.26816
1.2679
1.26764
1.26737
1.2671
1.26683
1.26655
1.26627
1.26599
1.2657
1.26541
1.26512
1.26483
1.26453
1.26423
1.26392
1.26361
1.2633
1.26298
1.26266
1.26234
1.26201
1.26169
1.26135
1.26102
1.26068
1.26033
1.25999
1.25963
1.25928
1.25892
1.25856
1.2582
1.25783
1.25746
1.25708
1.2567
1.25632
1.25593
1.25554
1.25514
1.25475
1.25434
1.25394
1.25353
1.25311
1.2527
1.25228
1.25185
1.25142
1.25099
1.25055
1.25011
1.24967
1.24922
1.24877
1.24831
1.24785
1.24739
1.24692
1.24645
1.24597
1.24549
1.24501
1.24452
1.24403
1.24353
1.24303
1.24252
1.24202
1.2415
1.24099
1.24046
1.23994
1.23941
1.23888
1.23834
1.2378
1.23725
1.2367
1.23615
1.23559
1.23502
1.23446
1.23389
1.23331
1.23273
1.23215
1.23156
1.23096
1.23037
1.22977
1.22916
1.22855
1.22794
1.22732
1.22669
1.22607
1.22544
1.2248
1.22416
1.22352
1.22287
1.22221
1.22156
1.22089
1.22023
1.21956
1.21888
1.2182
1.21752
1.21683
1.21614
1.21544
1.21474
1.21403
1.21332
1.21261
1.21189
1.21116
1.21044
1.2097
1.20897
1.20822
1.20748
1.20673
1.20597
1.20522
1.20445
1.20368
1.20291
1.20214
1.20136
1.20057
1.19978
1.19899
1.19819
1.19738
1.19658
1.19577
1.19495
1.19413
1.1933
1.19247
1.19164
1.1908
1.18996
1.18911
1.18826
1.18741
1.18655
1.18568
1.18481
1.18394
1.18306
1.18218
1.1813
1.18041
1.17951
1.17861
1.17771
1.1768
1.17589
1.17498
1.17406
1.17313
1.1722
1.17127
1.17033
1.16939
1.16845
1.1675
1.16654
1.16559
1.16462
1.16366
1.16269
1.16171
1.16073
1.15975
1.15876
1.15777
1.15678
1.15578
1.15478
1.15377
1.15276
1.15174
1.15072
1.1497
1.14867
1.14764
1.14661
1.14557
1.14452
1.14348
1.14243
1.14137
1.14031
1.13925
1.13819
1.13712
1.13604
1.13496
1.13388
1.1328
1.13171
1.13062
1.12952
1.12842
1.12732
1.12621
1.1251
1.12399
1.12287
1.12175
1.12062
1.1195
1.11836
1.11723
1.11609
1.11495
1.1138
1.11265
1.1115
1.11035
1.10919
1.10803
1.10686
1.10569
1.10452
1.10334
1.10217
1.10098
1.0998
1.09861
1.09742
1.09623
1.09503
1.09383
1.09263
1.09142
1.09021
1.089
1.08778
1.08657
1.08535
1.08412
1.0829
1.08167
1.08044
1.0792
1.07796
1.07672
1.07548
1.07424
1.07299
1.07174
1.07048
1.06923
1.06797
1.06671
1.06545
1.06418
1.06292
1.06165
1.06037
1.0591
1.05782
1.05654
1.05526
1.05398
1.05269
1.0514
1.05011
1.04882
1.04753
1.04623
1.04493
1.04363
1.04233
1.04103
1.03972
1.03841
1.03711
1.03579
1.03448
1.03317
1.03185
1.03053
1.02921
1.02789
1.02657
1.02525
1.02392
1.02259
1.02127
1.01994
1.0186
1.01727
1.01594
1.0146
1.01327
1.01193
1.01059
1.00925
1.00791
1.00657
1.00523
1.00388
1.00254
1.00119
0.999845
0.998497
0.997149
0.995799
0.99445
0.993099
0.991748
0.990395
0.989043
0.98769
0.986336
0.984981
0.983627
0.982271
0.980916
0.97956
0.978203
0.976846
0.975489
0.974132
0.972774
0.971417
0.970059
0.968701
0.967343
0.965985
0.964627
0.963269
0.96191
0.960553
0.959195
0.957837
0.95648
0.955122
0.953765
0.952409
0.951052
0.949696
0.948341
0.946986
0.945631
0.944277
0.942923
0.94157
0.940218
0.938866
0.937515
0.936165
0.934815
0.933466
0.932118
0.930771
0.929425
0.928079
0.926735
0.925391
0.924049
0.922708
0.921367
0.920028
0.91869
0.917354
0.916018
0.914684
0.913351
0.912019
0.910689
0.90936
0.908033
0.906707
0.905382
0.904059
0.902738
0.901418
0.9001
0.898783
0.897469
0.896155
0.894844
0.893535
0.892227
0.890921
0.889617
0.888315
0.887015
0.885717
0.884421
0.883127
0.881836
0.880546
0.879258
0.877973
0.87669
0.875409
0.87413
0.872854
0.87158
0.870308
0.869039
0.867773
0.866508
0.865246
0.863987
0.862731
0.861476
0.860225
0.858976
0.85773
0.856487
0.855246
0.854008
0.852773
0.851541
0.850311
0.849085
0.847861
0.84664
0.845422
0.844208
0.842996
0.841787
0.840582
0.839379
0.83818
0.836984
0.835791
0.834601
0.833415
0.832232
0.831052
0.829875
0.828702
0.827532
0.826366
0.825203
0.824043
0.822887
0.821735
0.820586
0.81944
0.818299
0.81716
0.816026
0.814895
0.813768
0.812644
0.811524
0.810408
0.809296
0.808187
0.807083
0.805982
0.804885
0.803792
0.802703
0.801618
0.800536
0.799459
0.798386
0.797316
0.796251
0.79519
0.794133
0.79308
0.792031
0.790986
0.789946
0.788909
0.787877
0.786849
0.785825
0.784806
0.783791
0.78278
0.781773
0.780771
0.779773
0.77878
0.77779
0.776806
0.775825
0.774849
0.773878
0.772911
0.771948
0.77099
0.770036
0.769087
0.768143
0.767203
0.766268
0.765337
0.764411
0.763489
0.762572
0.76166
0.760752
0.759849
0.75895
0.758057
0.757168
0.756283
0.755404
0.754529
0.753659
0.752794
0.751933
0.751077
0.750226
0.74938
0.748538
0.747702
0.74687
0.746043
0.745221
0.744404
0.743591
0.742783
0.741981
0.741183
0.74039
0.739602
0.738819
0.73804
0.737267
0.736499
0.735735
0.734977
0.734223
0.733474
0.73273
0.731992
0.731258
0.730529
0.729805
0.729086
0.728372
0.727663
0.726959
0.726259
0.725565
0.724876
0.724192
0.723513
0.722839
0.722169
0.721505
0.720846
0.720191
0.719542
0.718898
0.718258
0.717624
0.716995
0.71637
0.715751
0.715137
0.714527
0.713923
0.713323
0.712729
0.712139
0.711554
0.710975
0.7104
0.70983
0.709266
0.708706
0.708151
0.707601
0.707056
0.706516
0.705981
0.70545
0.704925
0.704405
0.703889
0.703378
0.702873
0.702372
0.701876
0.701385
0.700898
0.700417
0.69994
0.699469
0.699002
0.69854
0.698082
0.69763
0.697182
0.696739
0.696301
0.695867
0.695439
0.695015
0.694596
0.694181
0.693771
0.693366
0.692966
0.69257
0.692179
0.691793
0.691411
0.691034
0.690662
0.690294
0.68993
0.689572
0.689217
0.688868
0.688523
0.688182
0.687846
0.687514
0.687187
0.686865
0.686546
0.686233
0.685923
0.685618
0.685318
0.685022
0.68473
0.684442
0.684159
0.68388
0.683606
0.683335
0.683069
0.682808
0.68255
0.682297
0.682047
0.681802
0.681562
0.681325
0.681092
0.680864
0.680639
0.680419
0.680203
0.67999
0.679782
0.679578
0.679378
0.679181
0.678989
0.6788
0.678616
0.678435
0.678258
0.678085
0.677915
0.67775
0.677588
0.67743
0.677276
0.677125
0.676978
0.676835
0.676696
0.67656
0.676427
0.676298
0.676173
0.676051
0.675933
0.675819
0.675707
0.6756
0.675495
0.675394
0.675297
0.675202
0.675111
0.675024
0.674939
0.674858
0.674781
0.674706
0.674635
0.674566
0.674501
0.674439
0.67438
0.674324
0.674272
0.674222
0.674175
0.674132
0.674091
0.674053
0.674018
0.673986
0.673957
0.67393
0.673907
0.673886
0.673868
0.673853
0.67384
0.67383
0.673823
0.673818
0.673816
0.673817
0.67382
0.673826
0.673834
0.673845
0.673858
0.673874
0.673892
0.673912
0.673935
0.67396
0.673987
0.674017
0.674049
0.674083
0.67412
0.674158
0.674199
0.674242
0.674287
0.674334
0.674384
0.674435
0.674488
0.674543
0.674601
0.67466
0.674721
0.674784
0.674848
0.674915
0.674984
0.675054
0.675126
0.6752
0.675275
0.675352
0.675431
0.675511
0.675593
0.675677
0.675762
0.675849
0.675937
0.676027
0.676118
0.676211
0.676305
0.6764
0.676497
0.676595
0.676695
0.676796
0.676898
0.677001
0.677105
0.677211
0.677318
0.677426
0.677535
0.677645
0.677756
0.677869
0.677982
0.678097
0.678212
0.678328
0.678445
0.678564
0.678683
0.678803
0.678923
0.679045
0.679167
0.67929
0.679414
0.679539
0.679664
0.67979
0.679917
0.680044
0.680172
0.680301
0.68043
0.680559
0.680689
0.68082
0.680951
0.681083
0.681215
0.681347
0.68148
0.681613
0.681747
0.681881
0.682015
0.682149
0.682284
0.682419
0.682554
0.68269
0.682825
0.682961
0.683097
0.683233
0.683369
0.683506
0.683642
0.683779
0.683915
0.684051
0.684188
0.684324
0.684461
0.684597
0.684733
0.684869
0.685005
0.685141
0.685277
0.685413
0.685548
0.685683
0.685818
0.685953
0.686087
0.686221
0.686355
0.686489
0.686622
0.686755
0.686887
0.68702
0.687151
0.687283
0.687414
0.687544
0.687674
0.687804
0.687933
0.688061
0.68819
0.688317
0.688444
0.688571
0.688696
0.688822
0.688946
0.68907
0.689194
0.689317
0.689439
0.68956
0.689681
0.689801
0.689921
0.690039
0.690157
0.690274
0.690391
0.690507
0.690621
0.690736
0.690849
0.690961
0.691073
0.691184
0.691294
0.691403
0.691511
0.691619
0.691725
0.691831
0.691935
0.692039
0.692142
0.692244
0.692345
0.692445
0.692544
0.692642
0.692739
0.692835
0.69293
0.693024
0.693117
0.693209
0.6933
0.69339
0.693479
0.693567
0.693654
0.69374
0.693824
0.693908
0.69399
0.694072
0.694152
0.694231
0.694309
0.694386
0.694462
0.694537
0.694611
0.694683
0.694754
0.694824
0.694893
0.694961
0.695028
0.695094
0.695158
0.695221
0.695283
0.695344
0.695404
0.695462
0.695519
0.695575
0.69563
0.695684
0.695737
0.695788
0.695838
0.695887
0.695935
0.695981
0.696026
0.69607
0.696113
0.696155
0.696195
0.696235
0.696273
0.696309
0.696345
0.696379
0.696412
0.696444
0.696475
0.696505
0.696533
0.69656
0.696586
0.69661
0.696634
0.696656
0.696677
0.696697
0.696715
0.696733
0.696749
0.696764
0.696778
0.69679
0.696802
0.696812
0.696821
0.696829
0.696835
0.696841
0.696845
0.696848
0.69685
0.696851
0.696851
0.696849
0.696847
0.696843
0.696838
0.696832
0.696824
0.696816
0.696807
0.696796
0.696784
0.696771
0.696757
0.696742
0.696726
0.696709
0.69669
0.696671
0.69665
0.696629
0.696606
0.696583
0.696558
0.696532
0.696505
0.696477
0.696448
0.696418
0.696387
0.696355
0.696323
0.696289
0.696254
0.696218
0.696181
0.696143
0.696104
0.696064
0.696024
0.695982
0.695939
0.695896
0.695852
0.695806
0.69576
0.695713
0.695665
0.695616
0.695566
0.695516
0.695464
0.695412
0.695359
0.695305
0.695251
0.695195
0.695139
0.695082
0.695024
0.694965
0.694906
0.694845
0.694785
0.694723
0.694661
0.694598
0.694534
0.694469
0.694404
0.694338
0.694272
0.694205
0.694137
0.694068
0.693999
0.69393
0.693859
0.693788
0.693717
0.693645
0.693572
0.693499
0.693425
0.693351
0.693276
0.693201
0.693125
0.693049
0.692972
0.692895
0.692817
0.692739
0.69266
0.692581
0.692501
0.692421
0.692341
0.69226
0.692179
0.692097
0.692015
0.691933
0.691851
0.691768
0.691684
0.691601
0.691517
0.691433
0.691348
0.691263
0.691178
0.691093
0.691008
0.690922
0.690836
0.69075
0.690663
0.690577
0.69049
0.690403
0.690316
0.690229
0.690142
0.690054
0.689966
0.689879
0.689791
0.689703
0.689615
0.689527
0.689439
0.689351
0.689262
0.689174
0.689086
0.688998
0.688909
0.688821
0.688733
0.688645
0.688557
0.688468
0.68838
0.688292
0.688205
0.688117
0.688029
0.687941
0.687854
0.687767
0.687679
0.687592
0.687505
0.687419
0.687332
0.687246
0.68716
0.687074
0.686988
0.686902
0.686817
0.686732
0.686647
0.686562
0.686478
0.686394
0.68631
0.686227
0.686143
0.68606
0.685978
0.685896
0.685814
0.685732
0.685651
0.68557
0.685489
0.685409
0.68533
0.68525
0.685171
0.685093
0.685014
0.684937
0.684859
0.684782
0.684706
0.68463
0.684554
0.684479
0.684405
0.684331
0.684257
0.684184
0.684111
0.684039
0.683967
0.683896
0.683826
0.683755
0.683686
0.683617
0.683548
0.683481
0.683413
0.683346
0.68328
0.683215
0.68315
0.683085
0.683021
0.682958
0.682895
0.682833
0.682772
0.682711
0.682651
0.682592
0.682533
0.682474
0.682417
0.68236
0.682304
0.682248
0.682193
0.682139
0.682085
0.682032
0.68198
0.681928
0.681877
0.681827
0.681778
0.681729
0.681681
0.681633
0.681587
0.681541
0.681495
0.681451
0.681407
0.681364
0.681322
0.68128
0.681239
0.681199
0.68116
0.681121
0.681083
0.681046
0.68101
0.680974
0.680939
0.680905
0.680872
0.680839
0.680807
0.680776
0.680746
0.680716
0.680687
0.680659
0.680632
0.680605
0.68058
0.680555
0.68053
0.680507
0.680484
0.680462
0.680441
0.680421
0.680401
0.680383
0.680365
0.680347
0.680331
0.680315
0.6803
0.680286
0.680273
0.68026
0.680249
0.680237
0.680227
0.680218
0.680209
0.680201
0.680194
0.680187
0.680182
0.680177
0.680173
0.680169
0.680167
0.680165
0.680164
0.680163
0.680164
0.680165
0.680167
0.680169
0.680173
0.680177
0.680182
0.680187
0.680193
0.680201
0.680208
0.680217
0.680226
0.680236
0.680247
0.680258
0.68027
0.680283
0.680296
0.680311
0.680325
0.680341
0.680357
0.680374
0.680392
0.68041
0.680429
0.680449
0.680469
0.68049
0.680512
0.680534
0.680557
0.680581
0.680605
0.68063
0.680656
0.680682
0.680708
0.680736
0.680764
0.680793
0.680822
0.680852
0.680882
0.680913
0.680945
0.680977
0.68101
0.681043
0.681077
0.681112
0.681147
0.681182
0.681218
0.681255
0.681292
0.68133
0.681368
0.681407
0.681446
0.681486
0.681526
0.681567
0.681609
0.68165
0.681693
0.681735
0.681778
0.681822
0.681866
0.681911
0.681956
0.682001
0.682047
0.682093
0.68214
0.682187
0.682235
0.682283
0.682331
0.68238
0.682429
0.682478
0.682528
0.682578
0.682629
0.68268
0.682731
0.682783
0.682834
0.682887
0.682939
0.682992
0.683045
0.683099
0.683152
0.683206
0.683261
0.683315
0.68337
0.683425
0.68348
0.683536
0.683592
0.683648
0.683704
0.68376
0.683817
0.683874
0.683931
0.683988
0.684046
0.684103
0.684161
0.684219
0.684277
0.684335
0.684393
0.684452
0.684511
0.684569
0.684628
0.684687
0.684746
0.684805
0.684864
0.684924
0.684983
0.685042
0.685102
0.685161
0.685221
0.685281
0.68534
0.6854
0.68546
0.685519
0.685579
0.685639
0.685698
0.685758
0.685818
0.685877
0.685937
0.685996
0.686056
0.686115
0.686174
0.686234
0.686293
0.686352
0.686411
0.68647
0.686529
0.686588
0.686646
0.686705
0.686763
0.686821
0.686879
0.686937
0.686995
0.687053
0.68711
0.687167
0.687225
0.687282
0.687338
0.687395
0.687451
0.687507
0.687563
0.687619
0.687674
0.68773
0.687785
0.68784
0.687894
0.687948
0.688002
0.688056
0.68811
0.688163
0.688216
0.688269
0.688321
0.688373
0.688425
0.688476
0.688528
0.688578
0.688629
0.688679
0.688729
0.688779
0.688828
0.688877
0.688925
0.688973
0.689021
0.689069
0.689116
0.689162
0.689209
0.689255
0.6893
0.689346
0.68939
0.689435
0.689479
0.689522
0.689565
0.689608
0.689651
0.689693
0.689734
0.689775
0.689816
0.689856
0.689896
0.689935
0.689974
0.690012
0.69005
0.690088
0.690125
0.690162
0.690198
0.690233
0.690269
0.690303
0.690338
0.690371
0.690405
0.690438
0.69047
0.690502
0.690533
0.690564
0.690594
0.690624
0.690654
0.690682
0.690711
0.690739
0.690766
0.690793
0.690819
0.690845
0.69087
0.690895
0.690919
0.690943
0.690966
0.690989
0.691011
0.691032
0.691053
0.691074
0.691094
0.691113
0.691132
0.691151
0.691169
0.691186
0.691203
0.691219
0.691235
0.69125
0.691265
0.691279
0.691292
0.691305
0.691318
0.69133
0.691341
0.691352
0.691362
0.691372
0.691381
0.69139
0.691398
0.691406
0.691413
0.691419
0.691425
0.691431
0.691436
0.69144
0.691444
0.691447
0.69145
0.691452
0.691454
0.691455
0.691455
0.691456
0.691455
0.691454
0.691453
0.691451
0.691448
0.691445
0.691441
0.691437
0.691433
0.691427
0.691422
0.691416
0.691409
0.691402
0.691394
0.691386
0.691377
0.691368
0.691358
0.691348
0.691337
0.691326
0.691314
0.691302
0.691289
0.691276
0.691262
0.691248
0.691234
0.691219
0.691203
0.691187
0.691171
0.691154
0.691136
0.691118
0.6911
0.691081
0.691062
0.691042
0.691022
0.691002
0.690981
0.690959
0.690937
0.690915
0.690892
0.690869
0.690846
0.690822
0.690798
0.690773
0.690748
0.690722
0.690696
0.69067
0.690643
0.690616
0.690588
0.690561
0.690532
0.690504
0.690475
0.690445
0.690416
0.690386
0.690355
0.690325
0.690294
0.690262
0.690231
0.690198
0.690166
0.690133
0.6901
0.690067
0.690034
0.69
0.689965
0.689931
0.689896
0.689861
0.689826
0.68979
0.689754
0.689718
0.689682
0.689645
0.689608
0.689571
0.689534
0.689496
0.689458
0.68942
0.689382
0.689343
0.689304
0.689265
0.689226
0.689187
0.689147
0.689108
0.689068
0.689028
0.688988
0.688947
0.688907
0.688866
0.688825
0.688784
0.688743
0.688701
0.68866
0.688618
0.688577
0.688535
0.688493
0.688451
0.688409
0.688366
0.688324
0.688281
0.688239
0.688196
0.688154
0.688111
0.688068
0.688025
0.687982
0.687939
0.687896
0.687853
0.68781
0.687767
0.687724
0.687681
0.687638
0.687594
0.687551
0.687508
0.687465
0.687422
0.687378
0.687335
0.687292
0.687249
0.687206
0.687163
0.68712
0.687077
0.687034
0.686991
0.686949
0.686906
0.686863
0.686821
0.686778
0.686736
0.686694
0.686651
0.686609
0.686567
0.686525
0.686484
0.686442
0.686401
0.686359
0.686318
0.686277
0.686236
0.686195
0.686154
0.686114
0.686073
0.686033
0.685993
0.685953
0.685913
0.685874
0.685835
0.685795
0.685756
0.685718
0.685679
0.685641
0.685603
0.685565
0.685527
0.685489
0.685452
0.685415
0.685378
0.685341
0.685305
0.685269
0.685233
0.685197
0.685162
0.685127
0.685092
0.685057
0.685023
0.684989
0.684955
0.684922
0.684888
0.684856
0.684823
0.68479
0.684758
0.684727
0.684695
0.684664
0.684633
0.684602
0.684572
0.684542
0.684512
0.684483
0.684454
0.684425
0.684397
0.684369
0.684341
0.684314
0.684287
0.68426
0.684234
0.684208
0.684182
0.684157
0.684132
0.684107
0.684083
0.684059
0.684036
0.684013
0.68399
0.683967
0.683945
0.683924
0.683902
0.683881
0.683861
0.683841
0.683821
0.683801
0.683782
0.683764
0.683745
0.683727
0.68371
0.683693
0.683676
0.68366
0.683644
0.683628
0.683613
0.683598
0.683584
0.68357
0.683556
0.683543
0.68353
0.683518
0.683506
0.683494
0.683483
0.683472
0.683462
0.683452
0.683442
0.683433
0.683424
0.683416
0.683408
0.6834
0.683393
0.683386
0.68338
0.683374
0.683368
0.683363
0.683359
0.683354
0.68335
0.683347
0.683344
0.683341
0.683339
0.683337
0.683335
0.683334
0.683334
0.683333
0.683333
0.683334
0.683335
0.683336
0.683338
0.68334
0.683343
0.683345
0.683349
0.683352
0.683356
0.683361
0.683366
0.683371
0.683377
0.683383
0.683389
0.683396
0.683403
0.683411
0.683419
0.683427
0.683435
0.683445
0.683454
0.683464
0.683474
0.683484
0.683495
0.683507
0.683518
0.68353
0.683543
0.683555
0.683568
0.683582
0.683595
0.68361
0.683624
0.683639
0.683654
0.683669
0.683685
0.683701
0.683718
0.683735
0.683752
0.683769
0.683787
0.683805
0.683823
0.683842
0.683861
0.683881
0.6839
0.68392
0.68394
0.683961
0.683982
0.684003
0.684024
0.684046
0.684068
0.68409
0.684113
0.684136
0.684159
0.684182
0.684206
0.68423
0.684254
0.684278
0.684303
0.684328
0.684353
0.684378
0.684404
0.68443
0.684456
0.684482
0.684509
0.684536
0.684563
0.68459
0.684618
0.684645
0.684673
0.684701
0.684729
0.684758
0.684787
0.684815
0.684845
0.684874
0.684903
0.684933
0.684962
0.684992
0.685022
0.685053
0.685083
0.685114
0.685144
0.685175
0.685206
0.685237
0.685269
0.6853
0.685331
0.685363
0.685395
0.685427
0.685459
0.685491
0.685523
0.685555
0.685588
0.68562
0.685653
0.685686
0.685718
0.685751
0.685784
0.685817
0.68585
0.685883
0.685916
0.68595
0.685983
0.686016
0.68605
0.686083
0.686116
0.68615
0.686183
0.686217
0.686251
0.686284
0.686318
0.686351
0.686385
0.686418
0.686452
0.686486
0.686519
0.686553
0.686586
0.68662
0.686654
0.686687
0.68672
0.686754
0.686787
0.686821
0.686854
0.686887
0.68692
0.686954
0.686987
0.68702
0.687053
0.687086
0.687118
0.687151
0.687184
0.687216
0.687249
0.687281
0.687313
0.687346
0.687378
0.68741
0.687442
0.687473
0.687505
0.687537
0.687568
0.687599
0.68763
0.687661
0.687692
0.687723
0.687754
0.687784
0.687814
0.687845
0.687875
0.687904
0.687934
0.687964
0.687993
0.688022
0.688051
0.68808
0.688109
0.688137
0.688165
0.688194
0.688221
0.688249
0.688277
0.688304
0.688331
0.688358
0.688385
0.688411
0.688438
0.688464
0.68849
0.688515
0.688541
0.688566
0.688591
0.688616
0.68864
0.688664
0.688688
0.688712
0.688736
0.688759
0.688782
0.688805
0.688828
0.68885
0.688872
0.688894
0.688916
0.688937
0.688958
0.688979
0.688999
0.689019
0.689039
0.689059
0.689079
0.689098
0.689117
0.689135
0.689154
0.689172
0.689189
0.689207
0.689224
0.689241
0.689258
0.689274
0.68929
0.689306
0.689321
0.689336
0.689351
0.689366
0.68938
0.689394
0.689408
0.689421
0.689434
0.689447
0.689459
0.689472
0.689483
0.689495
0.689506
0.689517
0.689528
0.689538
0.689548
0.689558
0.689567
0.689576
0.689585
0.689593
0.689602
0.689609
0.689617
0.689624
0.689631
0.689638
0.689644
0.68965
0.689655
0.689661
0.689666
0.68967
0.689675
0.689679
0.689682
0.689686
0.689689
0.689692
0.689694
0.689696
0.689698
0.6897
0.689701
0.689702
0.689702
0.689703
0.689703
0.689702
0.689702
0.689701
0.689699
0.689698
0.689696
0.689694
0.689691
0.689688
0.689685
0.689682
0.689678
0.689674
0.68967
0.689665
0.68966
0.689655
0.68965
0.689644
0.689638
0.689631
0.689625
0.689618
0.68961
0.689603
0.689595
0.689587
0.689578
0.68957
0.689561
0.689551
0.689542
0.689532
0.689522
0.689512
0.689501
0.68949
0.689479
0.689467
0.689456
0.689444
0.689431
0.689419
0.689406
0.689393
0.68938
0.689366
0.689353
0.689339
0.689324
0.68931
0.689295
0.68928
0.689265
0.68925
0.689234
0.689218
0.689202
0.689185
0.689169
0.689152
0.689135
0.689118
0.6891
0.689082
0.689065
0.689046
0.689028
0.68901
0.688991
0.688972
0.688953
0.688934
0.688914
0.688894
0.688874
0.688854
0.688834
0.688814
0.688793
0.688772
0.688751
0.68873
0.688709
0.688687
0.688666
0.688644
0.688622
0.6886
0.688578
0.688556
0.688533
0.68851
0.688488
0.688465
0.688442
0.688418
0.688395
0.688372
0.688348
0.688324
0.688301
0.688277
0.688253
0.688229
0.688204
0.68818
0.688156
0.688131
0.688106
0.688082
0.688057
0.688032
0.688007
0.687982
0.687957
0.687932
0.687907
0.687881
0.687856
0.68783
0.687805
0.687779
0.687754
0.687728
0.687702
0.687677
0.687651
0.687625
0.687599
0.687573
0.687547
0.687522
0.687496
0.68747
0.687444
0.687418
0.687392
0.687366
0.68734
0.687314
0.687288
0.687262
0.687236
0.68721
0.687184
0.687158
0.687132
0.687106
0.68708
0.687054
0.687028
0.687003
0.686977
0.686951
0.686925
0.6869
0.686874
0.686849
0.686823
0.686798
0.686772
0.686747
0.686722
0.686697
0.686672
0.686647
0.686622
0.686597
0.686572
0.686547
0.686523
0.686498
0.686474
0.68645
0.686425
0.686401
0.686377
0.686353
0.686329
0.686306
0.686282
0.686259
0.686235
0.686212
0.686189
0.686166
0.686143
0.68612
0.686098
0.686075
0.686053
0.686031
0.686009
0.685987
0.685965
0.685943
0.685922
0.685901
0.685879
0.685858
0.685837
0.685817
0.685796
0.685776
0.685756
0.685736
0.685716
0.685696
0.685677
0.685657
0.685638
0.685619
0.6856
0.685582
0.685563
0.685545
0.685527
0.685509
0.685492
0.685474
0.685457
0.68544
0.685423
0.685406
0.68539
0.685374
0.685358
0.685342
0.685326
0.685311
0.685295
0.68528
0.685266
0.685251
0.685237
0.685223
0.685209
0.685195
0.685182
0.685168
0.685155
0.685142
0.68513
0.685118
0.685105
0.685094
0.685082
0.68507
0.685059
0.685048
0.685038
0.685027
0.685017
0.685007
0.684997
0.684987
0.684978
0.684969
0.68496
0.684952
0.684943
0.684935
0.684927
0.68492
0.684912
0.684905
0.684898
0.684892
0.684885
0.684879
0.684873
0.684867
0.684862
0.684857
0.684852
0.684847
0.684843
0.684838
0.684835
0.684831
0.684827
0.684824
0.684821
0.684818
0.684816
0.684814
0.684812
0.68481
0.684809
0.684807
0.684806
0.684806
0.684805
0.684805
0.684805
0.684805
0.684805
0.684806
0.684807
0.684808
0.68481
0.684811
0.684813
0.684815
0.684818
0.68482
0.684823
0.684826
0.68483
0.684833
0.684837
0.684841
0.684845
0.68485
0.684855
0.68486
0.684865
0.68487
0.684876
0.684882
0.684888
0.684894
0.684901
0.684907
0.684914
0.684921
0.684929
0.684937
0.684944
0.684952
0.684961
0.684969
0.684978
0.684987
0.684996
0.685005
0.685015
0.685025
0.685034
0.685045
0.685055
0.685065
0.685076
0.685087
0.685098
0.68511
0.685121
0.685133
0.685145
0.685157
0.685169
0.685181
0.685194
0.685207
0.68522
0.685233
0.685246
0.685259
0.685273
0.685287
0.685301
0.685315
0.685329
0.685344
0.685358
0.685373
0.685388
0.685403
0.685418
0.685434
0.685449
0.685465
0.685481
0.685497
0.685513
0.685529
0.685545
0.685562
0.685578
0.685595
0.685612
0.685629
0.685646
0.685663
0.685681
0.685698
0.685716
0.685734
0.685751
0.685769
0.685787
0.685805
0.685824
0.685842
0.68586
0.685879
0.685897
0.685916
0.685935
0.685954
0.685972
0.685991
0.686011
0.68603
0.686049
0.686068
0.686088
0.686107
0.686126
0.686146
0.686166
0.686185
0.686205
0.686225
0.686245
0.686264
0.686284
0.686304
0.686324
0.686344
0.686364
0.686384
0.686405
0.686425
0.686445
0.686465
0.686485
0.686505
0.686526
0.686546
0.686566
0.686587
0.686607
0.686627
0.686647
0.686668
0.686688
0.686708
0.686729
0.686749
0.686769
0.686789
0.68681
0.68683
0.68685
0.68687
0.68689
0.68691
0.68693
0.68695
0.68697
0.68699
0.68701
0.68703
0.68705
0.68707
0.68709
0.687109
0.687129
0.687149
0.687168
0.687188
0.687207
0.687227
0.687246
0.687265
0.687284
0.687303
0.687322
0.687341
0.68736
0.687379
0.687398
0.687416
0.687435
0.687453
0.687472
0.68749
0.687508
0.687526
0.687544
0.687562
0.68758
0.687598
0.687615
0.687633
0.68765
0.687667
0.687684
0.687701
0.687718
0.687735
0.687752
0.687768
0.687785
0.687801
0.687817
0.687833
0.687849
0.687865
0.687881
0.687896
0.687912
0.687927
0.687942
0.687957
0.687972
0.687987
0.688001
0.688016
0.68803
0.688044
0.688058
0.688072
0.688086
0.688099
0.688112
0.688126
0.688139
0.688152
0.688164
0.688177
0.688189
0.688202
0.688214
0.688226
0.688237
0.688249
0.68826
0.688272
0.688283
0.688294
0.688304
0.688315
0.688325
0.688335
0.688346
0.688355
0.688365
0.688375
0.688384
0.688393
0.688402
0.688411
0.688419
0.688428
0.688436
0.688444
0.688452
0.68846
0.688467
0.688475
0.688482
0.688489
0.688495
0.688502
0.688508
0.688514
0.688521
0.688526
0.688532
0.688537
0.688543
0.688548
0.688553
0.688557
0.688562
0.688566
0.68857
0.688574
0.688578
0.688581
0.688584
0.688588
0.688591
0.688593
0.688596
0.688598
0.6886
0.688602
0.688604
0.688606
0.688607
0.688608
0.688609
0.68861
0.688611
0.688611
0.688612
0.688612
0.688612
0.688611
0.688611
0.68861
0.688609
0.688608
0.688607
0.688605
0.688604
0.688602
0.6886
0.688598
0.688596
0.688593
0.68859
0.688587
0.688584
0.688581
0.688578
0.688574
0.68857
0.688566
0.688562
0.688558
0.688553
0.688548
0.688544
0.688539
0.688533
0.688528
0.688522
0.688517
0.688511
0.688505
0.688499
0.688492
0.688486
0.688479
0.688472
0.688465
0.688458
0.688451
0.688443
0.688435
0.688428
0.68842
0.688411
0.688403
0.688395
0.688386
0.688377
0.688369
0.68836
0.68835
0.688341
0.688332
0.688322
0.688312
0.688303
0.688293
0.688282
0.688272
0.688262
0.688251
0.688241
0.68823
0.688219
0.688208
0.688197
0.688186
0.688174
0.688163
0.688151
0.688139
0.688127
0.688115
0.688103
0.688091
0.688079
0.688067
0.688054
0.688041
0.688029
0.688016
0.688003
0.68799
0.687977
0.687964
0.687951
0.687937
0.687924
0.68791
0.687897
0.687883
0.687869
0.687855
0.687841
0.687827
0.687813
0.687799
0.687785
0.687771
0.687756
0.687742
0.687727
0.687713
0.687698
0.687684
0.687669
0.687654
0.687639
0.687624
0.68761
0.687595
0.68758
0.687565
0.687549
0.687534
0.687519
0.687504
0.687489
0.687473
0.687458
0.687443
0.687428
0.687412
0.687397
0.687381
0.687366
0.687351
0.687335
0.68732
0.687304
0.687289
0.687273
0.687258
0.687242
0.687227
0.687211
0.687196
0.68718
0.687165
0.687149
0.687134
0.687118
0.687103
0.687087
0.687072
0.687056
0.687041
0.687026
0.68701
0.686995
0.68698
0.686964
0.686949
0.686934
0.686919
0.686904
0.686889
0.686874
0.686858
0.686844
0.686829
0.686814
0.686799
0.686784
0.686769
0.686755
0.68674
0.686725
0.686711
0.686696
0.686682
0.686668
0.686653
0.686639
0.686625
0.686611
0.686597
0.686583
0.686569
0.686555
0.686542
0.686528
0.686514
0.686501
0.686487
0.686474
0.686461
0.686448
0.686435
0.686422
0.686409
0.686396
0.686383
0.686371
0.686358
0.686346
0.686333
0.686321
0.686309
0.686297
0.686285
0.686273
0.686261
0.68625
0.686238
0.686227
0.686216
0.686204
0.686193
0.686182
0.686171
0.686161
0.68615
0.68614
0.686129
0.686119
0.686109
0.686099
0.686089
0.686079
0.686069
0.68606
0.686051
0.686041
0.686032
0.686023
0.686014
0.686005
0.685997
0.685988
0.68598
0.685972
0.685964
0.685956
0.685948
0.68594
0.685932
0.685925
0.685918
0.685911
0.685904
0.685897
0.68589
0.685883
0.685877
0.685871
0.685864
0.685858
0.685852
0.685847
0.685841
0.685836
0.68583
0.685825
0.68582
0.685815
0.68581
0.685806
0.685801
0.685797
0.685793
0.685789
0.685785
0.685781
0.685778
0.685774
0.685771
0.685768
0.685765
0.685762
0.685759
0.685757
0.685755
0.685752
0.68575
0.685748
0.685746
0.685745
0.685743
0.685742
0.685741
0.68574
0.685739
0.685738
0.685737
0.685737
0.685737
0.685736
0.685736
0.685736
0.685737
0.685737
0.685738
0.685738
0.685739
0.68574
0.685741
0.685742
0.685744
0.685745
0.685747
0.685749
0.685751
0.685753
0.685755
0.685757
0.68576
0.685763
0.685765
0.685768
0.685771
0.685775
0.685778
0.685781
0.685785
0.685789
0.685793
0.685797
0.685801
0.685805
0.685809
0.685814
0.685818
0.685823
0.685828
0.685833
0.685838
0.685843
0.685849
0.685854
0.68586
0.685866
0.685872
0.685878
0.685884
0.68589
0.685896
0.685903
0.685909
0.685916
0.685923
0.685929
0.685936
0.685944
0.685951
0.685958
0.685965
0.685973
0.685981
0.685988
0.685996
0.686004
0.686012
0.68602
0.686028
0.686037
0.686045
0.686054
0.686062
0.686071
0.68608
0.686089
0.686097
0.686106
0.686116
0.686125
0.686134
0.686143
0.686153
0.686162
0.686172
0.686182
0.686191
0.686201
0.686211
0.686221
0.686231
0.686241
0.686251
0.686261
0.686272
0.686282
0.686292
0.686303
0.686313
0.686324
0.686334
0.686345
0.686356
0.686367
0.686377
0.686388
0.686399
0.68641
0.686421
0.686432
0.686443
0.686454
0.686466
0.686477
0.686488
0.686499
0.686511
0.686522
0.686533
0.686545
0.686556
0.686567
0.686579
0.68659
0.686602
0.686613
0.686625
0.686637
0.686648
0.68666
0.686671
0.686683
0.686695
0.686706
0.686718
0.686729
0.686741
0.686753
0.686764
0.686776
0.686788
0.686799
0.686811
0.686823
0.686834
0.686846
0.686858
0.686869
0.686881
0.686892
0.686904
0.686916
0.686927
0.686939
0.68695
0.686962
0.686973
0.686984
0.686996
0.687007
0.687019
0.68703
0.687041
0.687052
0.687064
0.687075
0.687086
0.687097
0.687108
0.687119
0.68713
0.687141
0.687152
0.687163
0.687174
0.687184
0.687195
0.687206
0.687216
0.687227
0.687238
0.687248
0.687258
0.687269
0.687279
0.687289
0.6873
0.68731
0.68732
0.68733
0.68734
0.68735
0.687359
0.687369
0.687379
0.687388
0.687398
0.687407
0.687417
0.687426
0.687435
0.687444
0.687454
0.687463
0.687472
0.68748
0.687489
0.687498
0.687506
0.687515
0.687523
0.687532
0.68754
0.687548
0.687556
0.687565
0.687572
0.68758
0.687588
0.687596
0.687603
0.687611
0.687618
0.687626
0.687633
0.68764
0.687647
0.687654
0.687661
0.687668
0.687674
0.687681
0.687687
0.687694
0.6877
0.687706
0.687712
0.687718
0.687724
0.68773
0.687735
0.687741
0.687746
0.687752
0.687757
0.687762
0.687767
0.687772
0.687777
0.687782
0.687786
0.687791
0.687795
0.6878
0.687804
0.687808
0.687812
0.687816
0.68782
0.687823
0.687827
0.68783
0.687834
0.687837
0.68784
0.687843
0.687846
0.687849
0.687852
0.687854
0.687857
0.687859
0.687861
0.687863
0.687865
0.687867
0.687869
0.687871
0.687873
0.687874
0.687876
0.687877
0.687878
0.687879
0.68788
0.687881
0.687882
0.687882
0.687883
0.687883
0.687884
0.687884
0.687884
0.687884
0.687884
0.687884
0.687883
0.687883
0.687882
0.687882
0.687881
0.68788
0.687879
0.687878
0.687877
0.687876
0.687875
0.687873
0.687872
0.68787
0.687868
0.687867
0.687865
0.687863
0.68786
0.687858
0.687856
0.687854
0.687851
0.687848
0.687846
0.687843
0.68784
0.687837
0.687834
0.687831
0.687828
0.687824
0.687821
0.687817
0.687814
0.68781
0.687806
0.687803
0.687799
0.687795
0.68779
0.687786
0.687782
0.687778
0.687773
0.687769
0.687764
0.687759
0.687755
0.68775
0.687745
0.68774
0.687735
0.68773
0.687725
0.687719
0.687714
0.687709
0.687703
0.687698
0.687692
0.687686
0.687681
0.687675
0.687669
0.687663
0.687657
0.687651
0.687645
0.687639
0.687633
0.687626
0.68762
0.687614
0.687607
0.687601
0.687594
0.687588
0.687581
0.687574
0.687568
0.687561
0.687554
0.687547
0.68754
0.687533
0.687526
0.687519
0.687512
0.687505
0.687498
0.687491
0.687483
0.687476
0.687469
0.687461
0.687454
0.687447
0.687439
0.687432
0.687424
0.687417
0.687409
0.687402
0.687394
0.687387
0.687379
0.687371
0.687364
0.687356
0.687348
0.687341
0.687333
0.687325
0.687317
0.687309
0.687302
0.687294
0.687286
0.687278
0.68727
0.687263
0.687255
0.687247
0.687239
0.687231
0.687224
0.687216
0.687208
0.6872
0.687192
0.687184
0.687177
0.687169
0.687161
0.687153
0.687145
0.687138
0.68713
0.687122
0.687114
0.687107
0.687099
0.687091
0.687083
0.687076
0.687068
0.687061
0.687053
0.687045
0.687038
0.68703
0.687023
0.687015
0.687008
0.687
0.686993
0.686986
0.686978
0.686971
0.686964
0.686956
0.686949
0.686942
0.686935
0.686928
0.686921
0.686914
0.686907
0.6869
0.686893
0.686886
0.686879
0.686872
0.686865
0.686859
0.686852
0.686845
0.686839
0.686832
0.686826
0.686819
0.686813
0.686806
0.6868
0.686794
0.686788
0.686782
0.686775
0.686769
0.686763
0.686757
0.686752
0.686746
0.68674
0.686734
0.686729
0.686723
0.686717
0.686712
0.686706
0.686701
0.686696
0.686691
0.686685
0.68668
0.686675
0.68667
0.686665
0.68666
0.686655
0.686651
0.686646
0.686641
0.686637
0.686632
0.686628
0.686623
0.686619
0.686615
0.686611
0.686607
0.686603
0.686599
0.686595
0.686591
0.686587
0.686583
0.68658
0.686576
0.686573
0.686569
0.686566
0.686563
0.68656
0.686556
0.686553
0.68655
0.686547
0.686545
0.686542
0.686539
0.686536
0.686534
0.686531
0.686529
0.686526
0.686524
0.686522
0.68652
0.686518
0.686516
0.686514
0.686512
0.68651
0.686508
0.686507
0.686505
0.686504
0.686502
0.686501
0.6865
0.686498
0.686497
0.686496
0.686495
0.686494
0.686493
0.686492
0.686492
0.686491
0.68649
0.68649
0.686489
0.686489
0.686489
0.686488
0.686488
0.686488
0.686488
0.686488
0.686488
0.686488
0.686488
0.686489
0.686489
0.686489
0.68649
0.68649
0.686491
0.686492
0.686492
0.686493
0.686494
0.686495
0.686496
0.686497
0.686498
0.686499
0.6865
0.686502
0.686503
0.686504
0.686506
0.686507
0.686509
0.68651
0.686512
0.686514
0.686515
0.686517
0.686519
0.686521
0.686523
0.686525
0.686527
0.686529
0.686531
0.686534
0.686536
0.686538
0.686541
0.686543
0.686545
0.686548
0.686551
0.686553
0.686556
0.686558
0.686561
0.686564
0.686567
0.68657
0.686572
0.686575
0.686578
0.686581
0.686584
0.686587
0.686591
0.686594
0.686597
0.6866
0.686603
0.686607
0.68661
0.686613
0.686617
0.68662
0.686624
0.686627
0.68663
0.686634
0.686637
0.686641
0.686645
0.686648
0.686652
0.686656
0.686659
0.686663
0.686667
0.68667
0.686674
0.686678
0.686682
0.686685
0.686689
0.686693
0.686697
0.686701
0.686705
0.686709
0.686713
0.686716
0.68672
0.686724
0.686728
0.686732
0.686736
0.68674
0.686744
0.686748
0.686752
0.686756
0.68676
0.686764
0.686768
0.686772
0.686776
0.68678
0.686784
0.686788
0.686792
0.686796
0.6868
0.686804
0.686808
0.686812
0.686815
0.686819
0.686823
0.686827
0.686831
0.686835
0.686839
0.686843
0.686847
0.68685
0.686854
0.686858
0.686862
0.686866
0.686869
0.686873
0.686877
0.686881
0.686884
0.686888
0.686892
0.686895
0.686899
0.686902
0.686906
0.68691
0.686913
0.686917
0.68692
0.686923
0.686927
0.68693
0.686934
0.686937
0.68694
0.686944
0.686947
0.68695
0.686953
0.686956
0.68696
0.686963
0.686966
0.686969
0.686972
0.686975
0.686978
0.686981
0.686983
0.686986
0.686989
0.686992
0.686995
0.686997
0.687
0.687003
0.687005
0.687008
0.68701
0.687013
0.687015
0.687018
0.68702
0.687022
0.687024
0.687027
0.687029
0.687031
0.687033
0.687035
0.687037
0.687039
0.687041
0.687043
0.687045
0.687047
0.687049
0.68705
0.687052
0.687054
0.687055
0.687057
0.687058
0.68706
0.687061
0.687063
0.687064
0.687065
0.687067
0.687068
0.687069
0.68707
0.687071
0.687072
0.687073
0.687074
0.687075
0.687076
0.687077
0.687078
0.687078
0.687079
0.68708
0.68708
0.687081
0.687081
0.687082
0.687082
0.687083
0.687083
0.687083
0.687084
0.687084
0.687084
0.687084
0.687084
0.687084
0.687084
0.687084
0.687084
0.687084
0.687084
0.687084
0.687083
0.687083
0.687083
0.687082
0.687082
0.687082
0.687081
0.687081
0.68708
0.68708
0.687079
0.687078
0.687078
0.687077
0.687076
0.687075
0.687074
0.687074
0.687073
0.687072
0.687071
0.68707
0.687069
0.687068
0.687066
0.687065
0.687064
0.687063
0.687062
0.68706
0.687059
0.687058
0.687056
0.687055
0.687054
0.687052
0.687051
0.687049
0.687048
0.687046
0.687045
0.687043
0.687041
0.68704
0.687038
0.687037
0.687035
0.687033
0.687031
0.68703
0.687028
0.687026
0.687024
0.687022
0.687021
0.687019
0.687017
0.687015
0.687013
0.687011
0.687009
0.687007
0.687005
0.687003
0.687001
0.686999
0.686998
0.686996
0.686994
0.686992
0.68699
0.686987
0.686985
0.686983
0.686981
0.686979
0.686977
0.686975
0.686973
0.686971
0.686969
0.686967
0.686965
0.686963
0.686961
0.686959
0.686957
0.686955
0.686953
0.686951
0.686949
0.686947
0.686945
0.686943
0.686941
0.686939
0.686937
0.686935
0.686933
0.686932
0.68693
0.686928
0.686926
0.686924
0.686922
0.686921
0.686919
0.686917
0.686915
0.686914
0.686912
0.68691
0.686909
0.686907
0.686905
0.686904
0.686902
0.686901
0.686899
0.686898
0.686896
0.686895
0.686893
0.686892
0.686891
0.686889
0.686888
0.686887
0.686886
0.686885
0.686883
0.686882
0.686881
0.68688
0.686879
0.686878
0.686877
0.686877
0.686876
0.686875
0.686874
0.686873
0.686873
0.686872
0.686871
0.686871
0.68687
0.68687
0.686869
0.686869
0.686869
0.686868
0.686868
0.686868
0.686868
0.686868
0.686868
0.686868
0.686868
0.686868
0.686868
0.686868
0.686868
0.686869
0.686869
0.686869
0.68687
0.68687
0.686871
0.686871
0.686872
0.686873
0.686873
0.686874
0.686875
0.686876
0.686877
0.686878
0.686879
0.68688
0.686881
0.686882
0.686884
0.686885
0.686886
0.686888
0.686889
0.686891
0.686893
0.686894
0.686896
0.686898
0.6869
0.686901
0.686903
0.686905
0.686908
0.68691
0.686912
0.686914
0.686916
0.686919
0.686921
0.686924
0.686926
0.686929
0.686931
0.686934
0.686937
0.68694
0.686943
0.686945
0.686948
0.686951
0.686955
0.686958
0.686961
0.686964
0.686967
0.686971
0.686974
0.686978
0.686981
0.686985
0.686989
0.686992
0.686996
0.687
0.687004
0.687008
0.687012
0.687016
0.68702
0.687024
0.687028
0.687032
0.687036
0.687041
0.687045
0.687049
0.687054
0.687058
0.687063
0.687068
0.687072
0.687077
0.687082
0.687086
0.687091
0.687096
0.687101
0.687106
0.687111
0.687116
0.687121
0.687126
0.687131
0.687137
0.687142
0.687147
0.687152
0.687158
0.687163
0.687169
0.687174
0.68718
0.687185
0.687191
0.687196
0.687202
0.687207
0.687213
0.687219
0.687225
0.68723
0.687236
0.687242
0.687248
0.687254
0.687259
0.687265
0.687271
0.687277
0.687283
0.687289
0.687295
0.687301
0.687307
0.687313
0.687319
0.687325
0.687331
0.687337
0.687343
0.68735
0.687356
0.687362
0.687368
0.687374
0.68738
0.687386
0.687392
0.687399
0.687405
0.687411
0.687417
0.687423
0.687429
0.687435
0.687441
0.687448
0.687454
0.68746
0.687466
0.687472
0.687478
0.687484
0.68749
0.687496
0.687502
0.687508
0.687514
0.68752
0.687526
0.687532
0.687537
0.687543
0.687549
0.687555
0.687561
0.687566
0.687572
0.687578
0.687583
0.687589
0.687594
0.6876
0.687605
0.687611
0.687616
0.687622
0.687627
0.687632
0.687637
0.687643
0.687648
0.687653
0.687658
0.687663
0.687668
0.687673
0.687677
0.687682
0.687687
0.687692
0.687696
0.687701
0.687705
0.68771
0.687714
0.687718
0.687722
0.687727
0.687731
0.687735
0.687739
0.687743
0.687746
0.68775
0.687754
0.687757
0.687761
0.687764
0.687768
0.687771
0.687774
0.687777
0.68778
0.687783
0.687786
0.687789
0.687791
0.687794
0.687796
0.687799
0.687801
0.687803
0.687805
0.687808
0.687809
0.687811
0.687813
0.687815
0.687816
0.687818
0.687819
0.68782
0.687821
0.687822
0.687823
0.687824
0.687825
0.687826
0.687826
0.687827
0.687827
0.687827
0.687827
0.687827
0.687827
0.687827
0.687826
0.687826
0.687825
0.687824
0.687824
0.687823
0.687822
0.68782
0.687819
0.687818
0.687816
0.687814
0.687813
0.687811
0.687809
0.687806
0.687804
0.687802
0.687799
0.687796
0.687794
0.687791
0.687788
0.687785
0.687781
0.687778
0.687774
0.687771
0.687767
0.687763
0.687759
0.687755
0.68775
0.687746
0.687741
0.687736
0.687732
0.687727
0.687721
0.687716
0.687711
0.687705
0.6877
0.687694
0.687688
0.687682
0.687676
0.687669
0.687663
0.687656
0.68765
0.687643
0.687636
0.687629
0.687622
0.687614
0.687607
0.687599
0.687591
0.687583
0.687575
0.687567
0.687559
0.687551
0.687542
0.687533
0.687525
0.687516
0.687507
0.687497
0.687488
0.687479
0.687469
0.687459
0.68745
0.68744
0.68743
0.687419
0.687409
0.687399
0.687388
0.687377
0.687367
0.687356
0.687345
0.687334
0.687322
0.687311
0.687299
0.687288
0.687276
0.687264
0.687252
0.68724
0.687228
0.687216
0.687203
0.687191
0.687178
0.687165
0.687153
0.68714
0.687127
0.687113
0.6871
0.687087
0.687073
0.68706
0.687046
0.687033
0.687019
0.687005
0.686991
0.686977
0.686963
0.686948
0.686934
0.68692
0.686905
0.686891
0.686876
0.686861
0.686846
0.686831
0.686816
0.686801
0.686786
0.686771
0.686756
0.68674
0.686725
0.68671
0.686694
0.686679
0.686663
0.686647
0.686631
0.686616
0.6866
0.686584
0.686568
0.686552
0.686536
0.68652
0.686504
0.686488
0.686471
0.686455
0.686439
0.686423
0.686406
0.68639
0.686374
0.686357
0.686341
0.686324
0.686308
0.686291
0.686275
0.686258
0.686242
0.686225
0.686209
0.686192
0.686176
0.686159
0.686143
0.686126
0.68611
0.686093
0.686077
0.68606
0.686044
0.686027
0.686011
0.685995
0.685978
0.685962
0.685946
0.685929
0.685913
0.685897
0.685881
0.685864
0.685848
0.685832
0.685816
0.6858
0.685785
0.685769
0.685753
0.685737
0.685722
0.685706
0.68569
0.685675
0.68566
0.685644
0.685629
0.685614
0.685599
0.685584
0.685569
0.685554
0.685539
0.685525
0.68551
0.685496
0.685482
0.685467
0.685453
0.685439
0.685425
0.685411
0.685398
0.685384
0.685371
0.685357
0.685344
0.685331
0.685318
0.685305
0.685293
0.68528
0.685268
0.685255
0.685243
0.685231
0.685219
0.685208
0.685196
0.685185
0.685174
0.685163
0.685152
0.685141
0.68513
0.68512
0.68511
0.6851
0.68509
0.68508
0.685071
0.685061
0.685052
0.685043
0.685034
0.685026
0.685017
0.685009
0.685001
0.684993
0.684986
0.684978
0.684971
0.684964
0.684957
0.684951
0.684944
0.684938
0.684932
0.684927
0.684921
0.684916
0.684911
0.684906
0.684901
0.684897
0.684893
0.684889
0.684885
0.684882
0.684879
0.684876
0.684873
0.684871
0.684869
0.684867
0.684865
0.684864
0.684862
0.684861
0.684861
0.68486
0.68486
0.68486
0.684861
0.684861
0.684862
0.684863
0.684865
0.684867
0.684869
0.684871
0.684873
0.684876
0.684879
0.684883
0.684886
0.68489
0.684894
0.684899
0.684904
0.684909
0.684914
0.68492
0.684925
0.684932
