-0.3837
-0.3837
-0.3837
-0.3837
-0.3837
-0.3837
-0.3837
-0.3837
-0.3837
-0.3837
-0.3837
-0.383699
-0.383699
-0.383699
-0.383699
-0.383699
-0.383699
-0.383699
-0.383699
-0.383699
-0.383699
-0.383699
-0.383699
-0.383699
-0.383699
-0.383699
-0.383699
-0.383699
-0.383699
-0.383699
-0.383699
-0.383699
-0.383699
-0.383699
-0.3837
-0.3837
-0.3837
-0.3837
-0.383701
-0.383701
-0.383702
-0.383702
-0.383703
-0.383704
-0.383704
-0.383705
-0.383706
-0.383707
-0.383708
-0.383709
-0.38371
-0.383711
-0.383713
-0.383714
-0.383716
-0.383717
-0.383719
-0.383721
-0.383723
-0.383725
-0.383727
-0.383729
-0.383732
-0.383734
-0.383737
-0.38374
-0.383742
-0.383746
-0.383749
-0.383752
-0.383756
-0.383759
-0.383763
-0.383767
-0.383772
-0.383776
-0.383781
-0.383785
-0.38379
-0.383795
-0.383801
-0.383806
-0.383812
-0.383818
-0.383824
-0.383831
-0.383838
-0.383845
-0.383852
-0.383859
-0.383867
-0.383875
-0.383883
-0.383892
-0.383901
-0.38391
-0.383919
-0.383929
-0.383939
-0.383949
-0.38396
-0.38397
-0.383982
-0.383993
-0.384005
-0.384017
-0.38403
-0.384043
-0.384056
-0.38407
-0.384084
-0.384099
-0.384113
-0.384129
-0.384144
-0.38416
-0.384177
-0.384194
-0.384211
-0.384229
-0.384247
-0.384265
-0.384284
-0.384304
-0.384324
-0.384344
-0.384365
-0.384387
-0.384409
-0.384431
-0.384454
-0.384477
-0.384501
-0.384526
-0.384551
-0.384576
-0.384602
-0.384629
-0.384656
-0.384684
-0.384712
-0.384741
-0.38477
-0.3848
-0.384831
-0.384862
-0.384894
-0.384926
-0.384959
-0.384993
-0.385027
-0.385062
-0.385098
-0.385134
-0.385171
-0.385208
-0.385246
-0.385285
-0.385325
-0.385365
-0.385406
-0.385448
-0.38549
-0.385533
-0.385577
-0.385621
-0.385666
-0.385712
-0.385759
-0.385807
-0.385855
-0.385904
-0.385953
-0.386004
-0.386055
-0.386107
-0.38616
-0.386214
-0.386268
-0.386323
-0.386379
-0.386436
-0.386494
-0.386552
-0.386611
-0.386672
-0.386733
-0.386794
-0.386857
-0.38692
-0.386985
-0.38705
-0.387116
-0.387183
-0.387251
-0.38732
-0.387389
-0.38746
-0.387531
-0.387603
-0.387676
-0.38775
-0.387825
-0.387901
-0.387978
-0.388056
-0.388135
-0.388214
-0.388295
-0.388376
-0.388458
-0.388542
-0.388626
-0.388711
-0.388797
-0.388884
-0.388973
-0.389062
-0.389152
-0.389243
-0.389334
-0.389427
-0.389521
-0.389616
-0.389712
-0.389809
-0.389907
-0.390005
-0.390105
-0.390206
-0.390308
-0.39041
-0.390514
-0.390619
-0.390725
-0.390831
-0.390939
-0.391048
-0.391158
-0.391268
-0.39138
-0.391493
-0.391607
-0.391722
-0.391837
-0.391954
-0.392072
-0.392191
-0.392311
-0.392432
-0.392554
-0.392677
-0.392801
-0.392926
-0.393052
-0.393179
-0.393307
-0.393436
-0.393566
-0.393697
-0.393829
-0.393963
-0.394097
-0.394232
-0.394368
-0.394506
-0.394644
-0.394783
-0.394924
-0.395065
-0.395208
-0.395351
-0.395496
-0.395641
-0.395788
-0.395935
-0.396084
-0.396234
-0.396384
-0.396536
-0.396689
-0.396842
-0.396997
-0.397152
-0.397309
-0.397467
-0.397625
-0.397785
-0.397946
-0.398107
-0.39827
-0.398433
-0.398598
-0.398763
-0.39893
-0.399097
-0.399265
-0.399435
-0.399605
-0.399776
-0.399948
-0.400121
-0.400295
-0.40047
-0.400646
-0.400823
-0.401
-0.401179
-0.401358
-0.401538
-0.40172
-0.401902
-0.402085
-0.402269
-0.402453
-0.402639
-0.402825
-0.403013
-0.403201
-0.40339
-0.403579
-0.40377
-0.403961
-0.404154
-0.404347
-0.404541
-0.404735
-0.404931
-0.405127
-0.405324
-0.405522
-0.40572
-0.405919
-0.406119
-0.40632
-0.406521
-0.406724
-0.406927
-0.40713
-0.407334
-0.407539
-0.407745
-0.407951
-0.408159
-0.408366
-0.408575
-0.408784
-0.408993
-0.409203
-0.409414
-0.409626
-0.409838
-0.410051
-0.410264
-0.410478
-0.410692
-0.410907
-0.411123
-0.411339
-0.411556
-0.411773
-0.411991
-0.412209
-0.412428
-0.412647
-0.412867
-0.413087
-0.413307
-0.413529
-0.41375
-0.413972
-0.414195
-0.414418
-0.414641
-0.414865
-0.415089
-0.415313
-0.415538
-0.415763
-0.415989
-0.416215
-0.416441
-0.416668
-0.416895
-0.417123
-0.41735
-0.417578
-0.417806
-0.418035
-0.418264
-0.418493
-0.418722
-0.418952
-0.419181
-0.419411
-0.419642
-0.419872
-0.420103
-0.420333
-0.420564
-0.420796
-0.421027
-0.421258
-0.42149
-0.421722
-0.421954
-0.422186
-0.422418
-0.42265
-0.422882
-0.423115
-0.423347
-0.423579
-0.423812
-0.424045
-0.424277
-0.42451
-0.424742
-0.424975
-0.425208
-0.42544
-0.425673
-0.425906
-0.426138
-0.426371
-0.426603
-0.426835
-0.427068
-0.4273
-0.427532
-0.427764
-0.427996
-0.428227
-0.428459
-0.428691
-0.428922
-0.429153
-0.429384
-0.429615
-0.429846
-0.430076
-0.430306
-0.430536
-0.430766
-0.430996
-0.431225
-0.431454
-0.431683
-0.431912
-0.43214
-0.432368
-0.432596
-0.432823
-0.43305
-0.433277
-0.433504
-0.43373
-0.433956
-0.434181
-0.434406
-0.434631
-0.434856
-0.43508
-0.435304
-0.435527
-0.43575
-0.435972
-0.436194
-0.436416
-0.436637
-0.436858
-0.437078
-0.437298
-0.437518
-0.437737
-0.437955
-0.438173
-0.438391
-0.438608
-0.438824
-0.43904
-0.439256
-0.439471
-0.439685
-0.439899
-0.440113
-0.440325
-0.440538
-0.440749
-0.440961
-0.441171
-0.441381
-0.44159
-0.441799
-0.442007
-0.442215
-0.442422
-0.442628
-0.442834
-0.443039
-0.443244
-0.443447
-0.443651
-0.443853
-0.444055
-0.444256
-0.444457
-0.444656
-0.444856
-0.445054
-0.445252
-0.445449
-0.445645
-0.445841
-0.446036
-0.44623
-0.446423
-0.446616
-0.446808
-0.446999
-0.44719
-0.44738
-0.447569
-0.447757
-0.447944
-0.448131
-0.448317
-0.448502
-0.448687
-0.44887
-0.449053
-0.449235
-0.449416
-0.449597
-0.449776
-0.449955
-0.450133
-0.45031
-0.450486
-0.450662
-0.450837
-0.45101
-0.451183
-0.451356
-0.451527
-0.451697
-0.451867
-0.452036
-0.452204
-0.452371
-0.452537
-0.452702
-0.452867
-0.45303
-0.453193
-0.453355
-0.453516
-0.453676
-0.453835
-0.453994
-0.454151
-0.454308
-0.454463
-0.454618
-0.454772
-0.454925
-0.455077
-0.455228
-0.455378
-0.455528
-0.455676
-0.455824
-0.45597
-0.456116
-0.456261
-0.456405
-0.456548
-0.45669
-0.456831
-0.456971
-0.457111
-0.457249
-0.457387
-0.457523
-0.457659
-0.457794
-0.457927
-0.45806
-0.458192
-0.458323
-0.458453
-0.458583
-0.458711
-0.458838
-0.458965
-0.45909
-0.459215
-0.459338
-0.459461
-0.459583
-0.459704
-0.459824
-0.459943
-0.460061
-0.460178
-0.460294
-0.46041
-0.460524
-0.460638
-0.46075
-0.460862
-0.460973
-0.461083
-0.461191
-0.461299
-0.461407
-0.461513
-0.461618
-0.461722
-0.461826
-0.461929
-0.46203
-0.462131
-0.462231
-0.46233
-0.462428
-0.462525
-0.462621
-0.462717
-0.462811
-0.462905
-0.462998
-0.46309
-0.463181
-0.463271
-0.46336
-0.463449
-0.463536
-0.463623
-0.463709
-0.463794
-0.463878
-0.463961
-0.464043
-0.464125
-0.464205
-0.464285
-0.464364
-0.464442
-0.46452
-0.464596
-0.464672
-0.464747
-0.464821
-0.464894
-0.464967
-0.465038
-0.465109
-0.465179
-0.465248
-0.465316
-0.465384
-0.465451
-0.465517
-0.465582
-0.465647
-0.46571
-0.465773
-0.465835
-0.465897
-0.465957
-0.466017
-0.466076
-0.466135
-0.466192
-0.466249
-0.466305
-0.466361
-0.466416
-0.46647
-0.466523
-0.466575
-0.466627
-0.466678
-0.466729
-0.466779
-0.466828
-0.466876
-0.466924
-0.466971
-0.467017
-0.467063
-0.467108
-0.467152
-0.467196
-0.467239
-0.467281
-0.467323
-0.467364
-0.467405
-0.467445
-0.467484
-0.467522
-0.46756
-0.467598
-0.467635
-0.467671
-0.467706
-0.467741
-0.467776
-0.46781
-0.467843
-0.467876
-0.467908
-0.467939
-0.46797
-0.468001
-0.468031
-0.46806
-0.468089
-0.468117
-0.468145
-0.468172
-0.468198
-0.468225
-0.46825
-0.468275
-0.4683
-0.468324
-0.468348
-0.468371
-0.468394
-0.468416
-0.468437
-0.468459
-0.468479
-0.4685
-0.468519
-0.468539
-0.468558
-0.468576
-0.468594
-0.468612
-0.468629
-0.468646
-0.468662
-0.468678
-0.468693
-0.468708
-0.468723
-0.468737
-0.468751
-0.468764
-0.468777
-0.46879
-0.468802
-0.468814
-0.468825
-0.468836
-0.468847
-0.468857
-0.468867
-0.468876
-0.468886
-0.468895
-0.468903
-0.468911
-0.468919
-0.468926
-0.468933
-0.46894
-0.468947
-0.468953
-0.468958
-0.468964
-0.468969
-0.468974
-0.468978
-0.468982
-0.468986
-0.468989
-0.468993
-0.468996
-0.468998
-0.469
-0.469002
-0.469004
-0.469005
-0.469006
-0.469007
-0.469008
-0.469008
-0.469008
-0.469007
-0.469007
-0.469006
-0.469005
-0.469003
-0.469001
-0.468999
-0.468997
-0.468994
-0.468991
-0.468988
-0.468985
-0.468981
-0.468977
-0.468973
-0.468968
-0.468964
-0.468959
-0.468953
-0.468948
-0.468942
-0.468936
-0.468929
-0.468923
-0.468916
-0.468909
-0.468901
-0.468894
-0.468886
-0.468878
-0.468869
-0.468861
-0.468852
-0.468842
-0.468833
-0.468823
-0.468813
-0.468803
-0.468792
-0.468782
-0.468771
-0.468759
-0.468748
-0.468736
-0.468724
-0.468711
-0.468699
-0.468686
-0.468673
-0.468659
-0.468645
-0.468631
-0.468617
-0.468603
-0.468588
-0.468573
-0.468557
-0.468542
-0.468526
-0.46851
-0.468493
-0.468476
-0.468459
-0.468442
-0.468424
-0.468406
-0.468388
-0.468369
-0.46835
-0.468331
-0.468312
-0.468292
-0.468272
-0.468252
-0.468231
-0.46821
-0.468189
-0.468167
-0.468145
-0.468123
-0.4681
-0.468077
-0.468054
-0.46803
-0.468006
-0.467982
-0.467958
-0.467933
-0.467907
-0.467882
-0.467856
-0.467829
-0.467803
-0.467776
-0.467748
-0.46772
-0.467692
-0.467664
-0.467635
-0.467606
-0.467576
-0.467546
-0.467516
-0.467485
-0.467454
-0.467422
-0.467391
-0.467358
-0.467326
-0.467292
-0.467259
-0.467225
-0.467191
-0.467156
-0.467121
-0.467085
-0.467049
-0.467013
-0.466976
-0.466939
-0.466901
-0.466863
-0.466825
-0.466786
-0.466746
-0.466706
-0.466666
-0.466625
-0.466584
-0.466542
-0.4665
-0.466458
-0.466415
-0.466371
-0.466327
-0.466283
-0.466238
-0.466193
-0.466147
-0.4661
-0.466054
-0.466006
-0.465958
-0.46591
-0.465861
-0.465812
-0.465762
-0.465712
-0.465662
-0.46561
-0.465559
-0.465506
-0.465454
-0.4654
-0.465347
-0.465292
-0.465238
-0.465182
-0.465126
-0.46507
-0.465013
-0.464956
-0.464898
-0.464839
-0.46478
-0.464721
-0.464661
-0.4646
-0.464539
-0.464478
-0.464416
-0.464353
-0.46429
-0.464226
-0.464161
-0.464097
-0.464031
-0.463965
-0.463899
-0.463832
-0.463764
-0.463696
-0.463627
-0.463558
-0.463488
-0.463418
-0.463347
-0.463276
-0.463204
-0.463131
-0.463058
-0.462984
-0.46291
-0.462835
-0.46276
-0.462684
-0.462608
-0.462531
-0.462453
-0.462375
-0.462296
-0.462217
-0.462137
-0.462057
-0.461976
-0.461895
-0.461813
-0.46173
-0.461647
-0.461564
-0.461479
-0.461395
-0.461309
-0.461224
-0.461137
-0.46105
-0.460963
-0.460875
-0.460786
-0.460697
-0.460607
-0.460517
-0.460427
-0.460335
-0.460243
-0.460151
-0.460058
-0.459965
-0.459871
-0.459776
-0.459681
-0.459586
-0.45949
-0.459393
-0.459296
-0.459199
-0.459101
-0.459002
-0.458903
-0.458803
-0.458703
-0.458602
-0.458501
-0.458399
-0.458297
-0.458194
-0.458091
-0.457988
-0.457883
-0.457779
-0.457674
-0.457568
-0.457462
-0.457355
-0.457248
-0.45714
-0.457032
-0.456924
-0.456815
-0.456705
-0.456596
-0.456485
-0.456374
-0.456263
-0.456151
-0.456039
-0.455927
-0.455813
-0.4557
-0.455586
-0.455472
-0.455357
-0.455242
-0.455126
-0.45501
-0.454893
-0.454776
-0.454659
-0.454541
-0.454423
-0.454304
-0.454185
-0.454066
-0.453946
-0.453826
-0.453706
-0.453585
-0.453463
-0.453342
-0.45322
-0.453097
-0.452974
-0.452851
-0.452728
-0.452604
-0.452479
-0.452355
-0.45223
-0.452105
-0.451979
-0.451853
-0.451727
-0.4516
-0.451473
-0.451346
-0.451218
-0.45109
-0.450962
-0.450833
-0.450704
-0.450575
-0.450445
-0.450316
-0.450185
-0.450055
-0.449924
-0.449793
-0.449662
-0.44953
-0.449399
-0.449266
-0.449134
-0.449001
-0.448869
-0.448735
-0.448602
-0.448468
-0.448334
-0.4482
-0.448066
-0.447931
-0.447796
-0.447661
-0.447525
-0.44739
-0.447254
-0.447118
-0.446981
-0.446845
-0.446708
-0.446571
-0.446434
-0.446296
-0.446159
-0.446021
-0.445883
-0.445745
-0.445606
-0.445468
-0.445329
-0.44519
-0.445051
-0.444911
-0.444772
-0.444632
-0.444492
-0.444352
-0.444212
-0.444071
-0.443931
-0.44379
-0.443649
-0.443508
-0.443367
-0.443226
-0.443084
-0.442942
-0.442801
-0.442659
-0.442516
-0.442374
-0.442232
-0.442089
-0.441947
-0.441804
-0.441661
-0.441518
-0.441375
-0.441231
-0.441088
-0.440944
-0.4408
-0.440657
-0.440513
-0.440369
-0.440224
-0.44008
-0.439936
-0.439791
-0.439646
-0.439502
-0.439357
-0.439212
-0.439067
-0.438922
-0.438776
-0.438631
-0.438486
-0.43834
-0.438194
-0.438048
-0.437903
-0.437757
-0.437611
-0.437464
-0.437318
-0.437172
-0.437025
-0.436879
-0.436732
-0.436585
-0.436439
-0.436292
-0.436145
-0.435998
-0.43585
-0.435703
-0.435556
-0.435408
-0.435261
-0.435113
-0.434966
-0.434818
-0.43467
-0.434522
-0.434374
-0.434226
-0.434078
-0.43393
-0.433781
-0.433633
-0.433484
-0.433336
-0.433187
-0.433038
-0.432889
-0.43274
-0.432591
-0.432442
-0.432293
-0.432144
-0.431994
-0.431845
-0.431695
-0.431546
-0.431396
-0.431246
-0.431096
-0.430946
-0.430796
-0.430646
-0.430496
-0.430345
-0.430195
-0.430044
-0.429894
-0.429743
-0.429592
-0.429441
-0.42929
-0.429139
-0.428988
-0.428837
-0.428685
-0.428534
-0.428382
-0.428231
-0.428079
-0.427927
-0.427775
-0.427623
-0.42747
-0.427318
-0.427166
-0.427013
-0.42686
-0.426708
-0.426555
-0.426402
-0.426249
-0.426095
-0.425942
-0.425788
-0.425635
-0.425481
-0.425327
-0.425173
-0.425019
-0.424865
-0.424711
-0.424556
-0.424401
-0.424247
-0.424092
-0.423937
-0.423781
-0.423626
-0.423471
-0.423315
-0.423159
-0.423003
-0.422847
-0.422691
-0.422535
-0.422378
-0.422222
-0.422065
-0.421908
-0.421751
-0.421594
-0.421436
-0.421279
-0.421121
-0.420963
-0.420805
-0.420646
-0.420488
-0.420329
-0.420171
-0.420012
-0.419853
-0.419693
-0.419534
-0.419374
-0.419214
-0.419054
-0.418894
-0.418733
-0.418573
-0.418412
-0.418251
-0.41809
-0.417928
-0.417767
-0.417605
-0.417443
-0.41728
-0.417118
-0.416955
-0.416792
-0.416629
-0.416466
-0.416302
-0.416139
-0.415975
-0.415811
-0.415646
-0.415481
-0.415317
-0.415151
-0.414986
-0.41482
-0.414655
-0.414489
-0.414322
-0.414156
-0.413989
-0.413822
-0.413655
-0.413487
-0.413319
-0.413151
-0.412983
-0.412814
-0.412646
-0.412476
-0.412307
-0.412138
-0.411968
-0.411797
-0.411627
-0.411456
-0.411285
-0.411114
-0.410943
-0.410771
-0.410599
-0.410426
-0.410254
-0.410081
-0.409908
-0.409734
-0.40956
-0.409386
-0.409212
-0.409037
-0.408862
-0.408687
-0.408511
-0.408335
-0.408159
-0.407982
-0.407805
-0.407628
-0.407451
-0.407273
-0.407095
-0.406916
-0.406738
-0.406558
-0.406379
-0.406199
-0.406019
-0.405839
-0.405658
-0.405477
-0.405296
-0.405114
-0.404932
-0.404749
-0.404567
-0.404383
-0.4042
-0.404016
-0.403832
-0.403647
-0.403463
-0.403277
-0.403092
-0.402906
-0.402719
-0.402533
-0.402346
-0.402158
-0.401971
-0.401783
-0.401594
-0.401405
-0.401216
-0.401026
-0.400836
-0.400646
-0.400455
-0.400264
-0.400073
-0.399881
-0.399688
-0.399496
-0.399303
-0.399109
-0.398915
-0.398721
-0.398527
-0.398332
-0.398136
-0.39794
-0.397744
-0.397548
-0.397351
-0.397153
-0.396956
-0.396757
-0.396559
-0.39636
-0.39616
-0.39596
-0.39576
-0.39556
-0.395359
-0.395157
-0.394955
-0.394753
-0.39455
-0.394347
-0.394143
-0.393939
-0.393735
-0.39353
-0.393325
-0.393119
-0.392913
-0.392707
-0.3925
-0.392292
-0.392085
-0.391876
-0.391668
-0.391459
-0.391249
-0.391039
-0.390829
-0.390618
-0.390407
-0.390195
-0.389983
-0.38977
-0.389557
-0.389344
-0.38913
-0.388915
-0.388701
-0.388485
-0.38827
-0.388054
-0.387837
-0.38762
-0.387403
-0.387185
-0.386967
-0.386748
-0.386529
-0.386309
-0.386089
-0.385868
-0.385647
-0.385426
-0.385204
-0.384981
-0.384759
-0.384535
-0.384312
-0.384087
-0.383863
-0.383638
-0.383412
-0.383186
-0.38296
-0.382733
-0.382506
-0.382278
-0.38205
-0.381821
-0.381592
-0.381362
-0.381132
-0.380902
-0.380671
-0.380439
-0.380208
-0.379975
-0.379743
-0.379509
-0.379276
-0.379042
-0.378807
-0.378572
-0.378337
-0.378101
-0.377864
-0.377627
-0.37739
-0.377153
-0.376914
-0.376676
-0.376437
-0.376197
-0.375957
-0.375717
-0.375476
-0.375235
-0.374993
-0.374751
-0.374508
-0.374265
-0.374022
-0.373778
-0.373533
-0.373289
-0.373043
-0.372798
-0.372552
-0.372305
-0.372058
-0.37181
-0.371563
-0.371314
-0.371066
-0.370816
-0.370567
-0.370317
-0.370066
-0.369815
-0.369564
-0.369312
-0.36906
-0.368808
-0.368555
-0.368301
-0.368047
-0.367793
-0.367538
-0.367283
-0.367028
-0.366772
-0.366515
-0.366259
-0.366001
-0.365744
-0.365486
-0.365227
-0.364969
-0.364709
-0.36445
-0.36419
-0.363929
-0.363669
-0.363407
-0.363146
-0.362884
-0.362621
-0.362359
-0.362096
-0.361832
-0.361568
-0.361304
-0.361039
-0.360774
-0.360509
-0.360243
-0.359977
-0.35971
-0.359443
-0.359176
-0.358908
-0.35864
-0.358372
-0.358103
-0.357834
-0.357565
-0.357295
-0.357025
-0.356754
-0.356484
-0.356212
-0.355941
-0.355669
-0.355397
-0.355124
-0.354851
-0.354578
-0.354305
-0.354031
-0.353757
-0.353482
-0.353208
-0.352933
-0.352657
-0.352381
-0.352105
-0.351829
-0.351552
-0.351276
-0.350998
-0.350721
-0.350443
-0.350165
-0.349887
-0.349608
-0.349329
-0.34905
-0.34877
-0.348491
-0.348211
-0.34793
-0.34765
-0.347369
-0.347088
-0.346807
-0.346525
-0.346243
-0.345961
-0.345679
-0.345396
-0.345114
-0.344831
-0.344547
-0.344264
-0.34398
-0.343696
-0.343412
-0.343128
-0.342844
-0.342559
-0.342274
-0.341989
-0.341704
-0.341418
-0.341132
-0.340847
-0.340561
-0.340274
-0.339988
-0.339702
-0.339415
-0.339128
-0.338841
-0.338554
-0.338266
-0.337979
-0.337691
-0.337404
-0.337116
-0.336828
-0.33654
-0.336251
-0.335963
-0.335675
-0.335386
-0.335097
-0.334809
-0.33452
-0.334231
-0.333942
-0.333652
-0.333363
-0.333074
-0.332784
-0.332495
-0.332205
-0.331916
-0.331626
-0.331337
-0.331047
-0.330757
-0.330467
-0.330177
-0.329887
-0.329597
-0.329308
-0.329018
-0.328728
-0.328438
-0.328148
-0.327858
-0.327568
-0.327278
-0.326988
-0.326698
-0.326408
-0.326118
-0.325828
-0.325538
-0.325249
-0.324959
-0.324669
-0.32438
-0.32409
-0.3238
-0.323511
-0.323222
-0.322932
-0.322643
-0.322354
-0.322065
-0.321776
-0.321487
-0.321199
-0.32091
-0.320621
-0.320333
-0.320045
-0.319757
-0.319469
-0.319181
-0.318893
-0.318606
-0.318318
-0.318031
-0.317744
-0.317457
-0.31717
-0.316884
-0.316597
-0.316311
-0.316025
-0.315739
-0.315453
-0.315168
-0.314883
-0.314598
-0.314313
-0.314029
-0.313744
-0.31346
-0.313176
-0.312893
-0.312609
-0.312326
-0.312043
-0.311761
-0.311478
-0.311196
-0.310914
-0.310633
-0.310352
-0.310071
-0.30979
-0.30951
-0.30923
-0.30895
-0.30867
-0.308391
-0.308112
-0.307834
-0.307556
-0.307278
-0.307001
-0.306723
-0.306447
-0.30617
-0.305894
-0.305618
-0.305343
-0.305068
-0.304793
-0.304519
-0.304245
-0.303971
-0.303698
-0.303425
-0.303153
-0.302881
-0.30261
-0.302338
-0.302068
-0.301797
-0.301527
-0.301258
-0.300989
-0.30072
-0.300452
-0.300184
-0.299917
-0.29965
-0.299383
-0.299117
-0.298852
-0.298586
-0.298322
-0.298058
-0.297794
-0.297531
-0.297268
-0.297005
-0.296743
-0.296482
-0.296221
-0.295961
-0.295701
-0.295441
-0.295182
-0.294924
-0.294666
-0.294408
-0.294151
-0.293895
-0.293639
-0.293383
-0.293128
-0.292874
-0.29262
-0.292367
-0.292114
-0.291861
-0.291609
-0.291358
-0.291107
-0.290857
-0.290607
-0.290358
-0.290109
-0.289861
-0.289613
-0.289366
-0.289119
-0.288873
-0.288628
-0.288383
-0.288138
-0.287894
-0.287651
-0.287408
-0.287166
-0.286924
-0.286683
-0.286442
-0.286202
-0.285963
-0.285723
-0.285485
-0.285247
-0.28501
-0.284773
-0.284536
-0.2843
-0.284065
-0.28383
-0.283596
-0.283363
-0.28313
-0.282897
-0.282665
-0.282433
-0.282202
-0.281972
-0.281742
-0.281513
-0.281284
-0.281055
-0.280828
-0.2806
-0.280374
-0.280147
-0.279922
-0.279697
-0.279472
-0.279248
-0.279024
-0.278801
-0.278578
-0.278356
-0.278134
-0.277913
-0.277693
-0.277472
-0.277253
-0.277034
-0.276815
-0.276597
-0.276379
-0.276162
-0.275945
-0.275729
-0.275513
-0.275297
-0.275082
-0.274868
-0.274654
-0.27444
-0.274227
-0.274015
-0.273802
-0.273591
-0.273379
-0.273168
-0.272958
-0.272747
-0.272538
-0.272328
-0.272119
-0.271911
-0.271703
-0.271495
-0.271288
-0.271081
-0.270874
-0.270668
-0.270462
-0.270256
-0.270051
-0.269846
-0.269642
-0.269438
-0.269234
-0.26903
-0.268827
-0.268624
-0.268422
-0.268219
-0.268017
-0.267816
-0.267614
-0.267413
-0.267212
-0.267012
-0.266811
-0.266611
-0.266412
-0.266212
-0.266013
-0.265813
-0.265615
-0.265416
-0.265217
-0.265019
-0.264821
-0.264623
-0.264425
-0.264228
-0.26403
-0.263833
-0.263636
-0.263439
-0.263242
-0.263046
-0.262849
-0.262653
-0.262456
-0.26226
-0.262064
-0.261868
-0.261672
-0.261476
-0.261281
-0.261085
-0.260889
-0.260694
-0.260498
-0.260302
-0.260107
-0.259911
-0.259716
-0.25952
-0.259325
-0.259129
-0.258934
-0.258738
-0.258542
-0.258347
-0.258151
-0.257955
-0.257759
-0.257563
-0.257367
-0.257171
-0.256975
-0.256779
-0.256582
-0.256386
-0.256189
-0.255992
-0.255795
-0.255598
-0.255401
-0.255204
-0.255006
-0.254808
-0.25461
-0.254412
-0.254214
-0.254015
-0.253816
-0.253617
-0.253418
-0.253219
-0.253019
-0.252819
-0.252619
-0.252418
-0.252217
-0.252016
-0.251815
-0.251613
-0.251411
-0.251209
-0.251006
-0.250803
-0.2506
-0.250396
-0.250192
-0.249988
-0.249783
-0.249578
-0.249373
-0.249167
-0.24896
-0.248754
-0.248547
-0.248339
-0.248132
-0.247923
-0.247715
-0.247505
-0.247296
-0.247086
-0.246875
-0.246664
-0.246453
-0.246241
-0.246028
-0.245816
-0.245602
-0.245388
-0.245174
-0.244959
-0.244744
-0.244528
-0.244311
-0.244094
-0.243877
-0.243659
-0.24344
-0.243221
-0.243001
-0.242781
-0.24256
-0.242339
-0.242117
-0.241894
-0.241671
-0.241447
-0.241223
-0.240998
-0.240772
-0.240546
-0.240319
-0.240092
-0.239864
-0.239635
-0.239406
-0.239176
-0.238946
-0.238714
-0.238482
-0.23825
-0.238017
-0.237783
-0.237548
-0.237313
-0.237077
-0.236841
-0.236604
-0.236366
-0.236127
-0.235888
-0.235648
-0.235408
-0.235166
-0.234924
-0.234682
-0.234438
-0.234194
-0.233949
-0.233704
-0.233458
-0.233211
-0.232963
-0.232715
-0.232466
-0.232216
-0.231965
-0.231714
-0.231462
-0.23121
-0.230956
-0.230702
-0.230447
-0.230192
-0.229935
-0.229678
-0.229421
-0.229162
-0.228903
-0.228643
-0.228382
-0.228121
-0.227859
-0.227596
-0.227332
-0.227068
-0.226803
-0.226537
-0.22627
-0.226003
-0.225735
-0.225466
-0.225197
-0.224926
-0.224655
-0.224384
-0.224111
-0.223838
-0.223564
-0.22329
-0.223014
-0.222738
-0.222461
-0.222184
-0.221906
-0.221627
-0.221347
-0.221067
-0.220786
-0.220504
-0.220221
-0.219938
-0.219654
-0.21937
-0.219084
-0.218798
-0.218511
-0.218224
-0.217936
-0.217647
-0.217357
-0.217067
-0.216776
-0.216485
-0.216192
-0.2159
-0.215606
-0.215312
-0.215017
-0.214721
-0.214425
-0.214128
-0.21383
-0.213532
-0.213233
-0.212934
-0.212633
-0.212333
-0.212031
-0.211729
-0.211426
-0.211123
-0.210819
-0.210514
-0.210209
-0.209903
-0.209597
-0.20929
-0.208982
-0.208674
-0.208365
-0.208056
-0.207746
-0.207436
-0.207125
-0.206813
-0.206501
-0.206188
-0.205874
-0.205561
-0.205246
-0.204931
-0.204616
-0.204299
-0.203983
-0.203666
-0.203348
-0.20303
-0.202711
-0.202392
-0.202072
-0.201752
-0.201432
-0.20111
-0.200789
-0.200467
-0.200144
-0.199821
-0.199498
-0.199174
-0.198849
-0.198524
-0.198199
-0.197873
-0.197547
-0.19722
-0.196893
-0.196566
-0.196238
-0.19591
-0.195581
-0.195252
-0.194923
-0.194593
-0.194263
-0.193932
-0.193601
-0.19327
-0.192938
-0.192606
-0.192274
-0.191941
-0.191608
-0.191274
-0.190941
-0.190607
-0.190272
-0.189938
-0.189603
-0.189267
-0.188932
-0.188596
-0.18826
-0.187923
-0.187587
-0.18725
-0.186912
-0.186575
-0.186237
-0.185899
-0.185561
-0.185222
-0.184884
-0.184545
-0.184205
-0.183866
-0.183526
-0.183187
-0.182847
-0.182506
-0.182166
-0.181825
-0.181485
-0.181144
-0.180802
-0.180461
-0.18012
-0.179778
-0.179436
-0.179094
-0.178752
-0.17841
-0.178068
-0.177726
-0.177383
-0.17704
-0.176698
-0.176355
-0.176012
-0.175669
-0.175325
-0.174982
-0.174639
-0.174295
-0.173952
-0.173608
-0.173265
-0.172921
-0.172577
-0.172234
-0.17189
-0.171546
-0.171202
-0.170858
-0.170514
-0.17017
-0.169826
-0.169482
-0.169138
-0.168794
-0.16845
-0.168106
-0.167762
-0.167419
-0.167075
-0.166731
-0.166387
-0.166043
-0.165699
-0.165355
-0.165012
-0.164668
-0.164324
-0.163981
-0.163637
-0.163294
-0.16295
-0.162607
-0.162264
-0.161921
-0.161578
-0.161235
-0.160892
-0.160549
-0.160206
-0.159864
-0.159521
-0.159179
-0.158837
-0.158494
-0.158152
-0.157811
-0.157469
-0.157127
-0.156786
-0.156444
-0.156103
-0.155762
-0.155421
-0.15508
-0.15474
-0.154399
-0.154059
-0.153719
-0.153379
-0.153039
-0.152699
-0.15236
-0.152021
-0.151682
-0.151343
-0.151004
-0.150666
-0.150327
-0.149989
-0.149651
-0.149313
-0.148976
-0.148639
-0.148301
-0.147964
-0.147628
-0.147291
-0.146955
-0.146619
-0.146283
-0.145948
-0.145612
-0.145277
-0.144942
-0.144608
-0.144273
-0.143939
-0.143605
-0.143271
-0.142938
-0.142605
-0.142272
-0.141939
-0.141606
-0.141274
-0.140942
-0.14061
-0.140279
-0.139948
-0.139617
-0.139286
-0.138956
-0.138626
-0.138296
-0.137966
-0.137637
-0.137308
-0.136979
-0.136651
-0.136322
-0.135994
-0.135667
-0.135339
-0.135012
-0.134685
-0.134359
-0.134032
-0.133706
-0.133381
-0.133055
-0.13273
-0.132405
-0.132081
-0.131756
-0.131432
-0.131109
-0.130785
-0.130462
-0.130139
-0.129817
-0.129494
-0.129172
-0.128851
-0.128529
-0.128208
-0.127887
-0.127567
-0.127247
-0.126927
-0.126607
-0.126288
-0.125969
-0.12565
-0.125331
-0.125013
-0.124695
-0.124378
-0.12406
-0.123743
-0.123427
-0.12311
-0.122794
-0.122478
-0.122163
-0.121847
-0.121532
-0.121218
-0.120903
-0.120589
-0.120275
-0.119962
-0.119648
-0.119335
-0.119023
-0.11871
-0.118398
-0.118086
-0.117775
-0.117463
-0.117152
-0.116841
-0.116531
-0.116221
-0.115911
-0.115601
-0.115292
-0.114982
-0.114674
-0.114365
-0.114057
-0.113748
-0.113441
-0.113133
-0.112826
-0.112519
-0.112212
-0.111905
-0.111599
-0.111293
-0.110987
-0.110681
-0.110376
-0.110071
-0.109766
-0.109462
-0.109157
-0.108853
-0.108549
-0.108245
-0.107942
-0.107639
-0.107336
-0.107033
-0.10673
-0.106428
-0.106126
-0.105824
-0.105522
-0.105221
-0.104919
-0.104618
-0.104317
-0.104017
-0.103716
-0.103416
-0.103116
-0.102816
-0.102516
-0.102216
-0.101917
-0.101618
-0.101318
-0.10102
-0.100721
-0.100422
-0.100124
-0.0998257
-0.0995276
-0.0992296
-0.0989319
-0.0986342
-0.0983368
-0.0980394
-0.0977422
-0.0974451
-0.0971482
-0.0968514
-0.0965547
-0.0962582
-0.0959617
-0.0956654
-0.0953692
-0.0950731
-0.0947772
-0.0944813
-0.0941855
-0.0938898
-0.0935943
-0.0932988
-0.0930034
-0.0927081
-0.0924129
-0.0921177
-0.0918226
-0.0915276
-0.0912327
-0.0909379
-0.0906431
-0.0903483
-0.0900536
-0.089759
-0.0894644
-0.0891699
-0.0888754
-0.088581
-0.0882865
-0.0879922
-0.0876978
-0.0874035
-0.0871092
-0.0868149
-0.0865206
-0.0862264
-0.0859321
-0.0856379
-0.0853437
-0.0850494
-0.0847552
-0.0844609
-0.0841667
-0.0838724
-0.0835781
-0.0832838
-0.0829894
-0.0826951
-0.0824007
-0.0821062
-0.0818118
-0.0815173
-0.0812227
-0.0809281
-0.0806334
-0.0803387
-0.080044
-0.0797491
-0.0794542
-0.0791593
-0.0788642
-0.0785691
-0.0782739
-0.0779787
-0.0776833
-0.0773879
-0.0770924
-0.0767967
-0.076501
-0.0762052
-0.0759093
-0.0756133
-0.0753171
-0.0750209
-0.0747245
-0.074428
-0.0741314
-0.0738347
-0.0735378
-0.0732409
-0.0729438
-0.0726465
-0.0723491
-0.0720516
-0.0717539
-0.0714561
-0.0711581
-0.07086
-0.0705617
-0.0702633
-0.0699647
-0.0696659
-0.069367
-0.0690679
-0.0687687
-0.0684692
-0.0681696
-0.0678698
-0.0675698
-0.0672697
-0.0669694
-0.0666688
-0.0663681
-0.0660672
-0.0657661
-0.0654648
-0.0651633
-0.0648616
-0.0645597
-0.0642576
-0.0639553
-0.0636528
-0.06335
-0.0630471
-0.0627439
-0.0624406
-0.062137
-0.0618332
-0.0615291
-0.0612249
-0.0609204
-0.0606157
-0.0603108
-0.0600056
-0.0597002
-0.0593946
-0.0590887
-0.0587826
-0.0584763
-0.0581697
-0.0578629
-0.0575558
-0.0572485
-0.056941
-0.0566332
-0.0563252
-0.056017
-0.0557084
-0.0553997
-0.0550907
-0.0547814
-0.0544719
-0.0541622
-0.0538521
-0.0535419
-0.0532314
-0.0529206
-0.0526096
-0.0522983
-0.0519868
-0.051675
-0.051363
-0.0510507
-0.0507382
-0.0504254
-0.0501123
-0.049799
-0.0494854
-0.0491716
-0.0488576
-0.0485432
-0.0482286
-0.0479138
-0.0475987
-0.0472833
-0.0469677
-0.0466519
-0.0463358
-0.0460194
-0.0457028
-0.0453859
-0.0450688
-0.0447514
-0.0444338
-0.0441159
-0.0437978
-0.0434794
-0.0431608
-0.042842
-0.0425228
-0.0422035
-0.0418839
-0.041564
-0.041244
-0.0409236
-0.0406031
-0.0402823
-0.0399612
-0.03964
-0.0393185
-0.0389967
-0.0386747
-0.0383525
-0.0380301
-0.0377075
-0.0373846
-0.0370615
-0.0367381
-0.0364146
-0.0360908
-0.0357668
-0.0354426
-0.0351182
-0.0347935
-0.0344687
-0.0341436
-0.0338184
-0.0334929
-0.0331673
-0.0328414
-0.0325153
-0.032189
-0.0318626
-0.0315359
-0.0312091
-0.0308821
-0.0305548
-0.0302274
-0.0298998
-0.0295721
-0.0292441
-0.028916
-0.0285877
-0.0282593
-0.0279306
-0.0276018
-0.0272729
-0.0269438
-0.0266145
-0.026285
-0.0259555
-0.0256257
-0.0252958
-0.0249658
-0.0246356
-0.0243053
-0.0239748
-0.0236443
-0.0233135
-0.0229827
-0.0226517
-0.0223206
-0.0219894
-0.021658
-0.0213265
-0.020995
-0.0206633
-0.0203315
-0.0199995
-0.0196675
-0.0193354
-0.0190032
-0.0186709
-0.0183385
-0.018006
-0.0176734
-0.0173408
-0.017008
-0.0166752
-0.0163423
-0.0160093
-0.0156763
-0.0153432
-0.01501
-0.0146768
-0.0143435
-0.0140101
-0.0136767
-0.0133432
-0.0130097
-0.0126762
-0.0123426
-0.0120089
-0.0116752
-0.0113415
-0.0110078
-0.010674
-0.0103402
-0.0100063
-0.00967249
-0.00933861
-0.00900472
-0.00867081
-0.00833689
-0.00800296
-0.00766902
-0.00733507
-0.00700112
-0.00666718
-0.00633323
-0.00599929
-0.00566535
-0.00533143
-0.00499752
-0.00466362
-0.00432973
-0.00399587
-0.00366202
-0.0033282
-0.0029944
-0.00266063
-0.00232689
-0.00199318
-0.0016595
-0.00132586
-0.000992253
-0.000658687
-0.000325162
8.31994e-06
0.000341757
0.000675148
0.00100849
0.00134178
0.00167502
0.00200821
0.00234134
0.00267442
0.00300743
0.00334039
0.00367328
0.00400611
0.00433888
0.00467158
0.00500422
0.00533679
0.00566928
0.00600171
0.00633406
0.00666634
0.00699855
0.00733068
0.00766274
0.00799471
0.00832661
0.00865843
0.00899017
0.00932183
0.00965341
0.0099849
0.0103163
0.0106476
0.0109789
0.01131
0.0116411
0.0119721
0.012303
0.0126338
0.0129645
0.0132952
0.0136257
0.0139562
0.0142866
0.0146169
0.0149471
0.0152772
0.0156072
0.0159371
0.016267
0.0165968
0.0169264
0.017256
0.0175855
0.0179149
0.0182443
0.0185735
0.0189027
0.0192318
0.0195608
0.0198897
0.0202185
0.0205472
0.0208759
0.0212045
0.021533
0.0218614
0.0221898
0.0225181
0.0228463
0.0231744
0.0235025
0.0238304
0.0241584
0.0244862
0.024814
0.0251417
0.0254694
0.0257969
0.0261245
0.0264519
0.0267793
0.0271067
0.027434
0.0277612
0.0280884
0.0284156
0.0287427
0.0290697
0.0293967
0.0297237
0.0300506
0.0303775
0.0307044
0.0310312
0.031358
0.0316847
0.0320115
0.0323382
0.0326649
0.0329915
0.0333182
0.0336448
0.0339715
0.0342981
0.0346247
0.0349513
0.0352779
0.0356045
0.0359311
0.0362577
0.0365843
0.036911
0.0372376
0.0375643
0.037891
0.0382177
0.0385444
0.0388712
0.039198
0.0395248
0.0398517
0.0401786
0.0405056
0.0408326
0.0411597
0.0414868
0.0418139
0.0421412
0.0424685
0.0427958
0.0431233
0.0434508
0.0437783
0.044106
0.0444337
0.0447616
0.0450895
0.0454175
0.0457456
0.0460738
0.0464021
0.0467305
0.0470591
0.0473877
0.0477165
0.0480453
0.0483743
0.0487035
0.0490327
0.0493621
0.0496917
0.0500213
0.0503511
0.0506811
0.0510112
0.0513415
0.0516719
0.0520025
0.0523333
0.0526642
0.0529953
0.0533266
0.053658
0.0539897
0.0543215
0.0546535
0.0549857
0.0553181
0.0556507
0.0559835
0.0563165
0.0566497
0.0569832
0.0573168
0.0576507
0.0579848
0.0583191
0.0586537
0.0589884
0.0593234
0.0596587
0.0599942
0.0603299
0.0606659
0.0610022
0.0613387
0.0616754
0.0620125
0.0623497
0.0626873
0.0630251
0.0633632
0.0637016
0.0640402
0.0643791
0.0647184
0.0650579
0.0653976
0.0657377
0.0660781
0.0664188
0.0667597
0.067101
0.0674426
0.0677845
0.0681267
0.0684692
0.0688121
0.0691552
0.0694987
0.0698425
0.0701866
0.070531
0.0708758
0.0712209
0.0715663
0.0719121
0.0722582
0.0726047
0.0729514
0.0732986
0.0736461
0.0739939
0.074342
0.0746906
0.0750394
0.0753886
0.0757382
0.0760881
0.0764384
0.0767891
0.0771401
0.0774914
0.0778432
0.0781953
0.0785477
0.0789005
0.0792537
0.0796072
0.0799612
0.0803154
0.0806701
0.0810251
0.0813805
0.0817363
0.0820924
0.0824489
0.0828058
0.083163
0.0835206
0.0838786
0.084237
0.0845957
0.0849548
0.0853143
0.0856741
0.0860344
0.086395
0.0867559
0.0871173
0.087479
0.087841
0.0882035
0.0885663
0.0889295
0.089293
0.0896569
0.0900212
0.0903859
0.0907509
0.0911162
0.091482
0.0918481
0.0922145
0.0925813
0.0929485
0.093316
0.0936839
0.0940521
0.0944206
0.0947896
0.0951588
0.0955284
0.0958984
0.0962687
0.0966393
0.0970102
0.0973815
0.0977532
0.0981251
0.0984974
0.09887
0.0992429
0.0996162
0.0999897
0.100364
0.100738
0.101112
0.101487
0.101862
0.102238
0.102613
0.102989
0.103365
0.103742
0.104119
0.104496
0.104873
0.105251
0.105629
0.106007
0.106386
0.106764
0.107143
0.107523
0.107902
0.108282
0.108662
0.109042
0.109422
0.109803
0.110184
0.110565
0.110946
0.111328
0.111709
0.112091
0.112473
0.112856
0.113238
0.113621
0.114004
0.114387
0.11477
0.115153
0.115536
0.11592
0.116304
0.116688
0.117072
0.117456
0.11784
0.118225
0.118609
0.118994
0.119379
0.119763
0.120148
0.120533
0.120918
0.121304
0.121689
0.122074
0.122459
0.122845
0.12323
0.123616
0.124001
0.124387
0.124772
0.125158
0.125544
0.125929
0.126315
0.1267
0.127086
0.127472
0.127857
0.128243
0.128628
0.129014
0.129399
0.129784
0.130169
0.130555
0.13094
0.131325
0.13171
0.132095
0.132479
0.132864
0.133248
0.133633
0.134017
0.134401
0.134785
0.135169
0.135553
0.135936
0.136319
0.136703
0.137086
0.137468
0.137851
0.138233
0.138616
0.138998
0.139379
0.139761
0.140142
0.140523
0.140904
0.141285
0.141665
0.142045
0.142425
0.142804
0.143183
0.143562
0.143941
0.144319
0.144697
0.145075
0.145452
0.145829
0.146206
0.146582
0.146958
0.147333
0.147709
0.148084
0.148458
0.148832
0.149206
0.149579
0.149952
0.150324
0.150697
0.151068
0.151439
0.15181
0.152181
0.15255
0.15292
0.153289
0.153657
0.154025
0.154393
0.15476
0.155127
0.155493
0.155858
0.156224
0.156588
0.156952
0.157316
0.157679
0.158041
0.158403
0.158764
0.159125
0.159486
0.159845
0.160204
0.160563
0.160921
0.161278
0.161635
0.161991
0.162347
0.162702
0.163056
0.16341
0.163763
0.164116
0.164468
0.164819
0.16517
0.16552
0.165869
0.166218
0.166566
0.166913
0.16726
0.167606
0.167951
0.168296
0.16864
0.168983
0.169325
0.169667
0.170008
0.170349
0.170689
0.171028
0.171366
0.171704
0.172041
0.172377
0.172712
0.173047
0.173381
0.173714
0.174046
0.174378
0.174709
0.175039
0.175369
0.175697
0.176025
0.176352
0.176679
0.177004
0.177329
0.177653
0.177977
0.178299
0.178621
0.178942
0.179262
0.179581
0.1799
0.180217
0.180534
0.18085
0.181166
0.18148
0.181794
0.182107
0.182419
0.18273
0.183041
0.18335
0.183659
0.183967
0.184274
0.184581
0.184886
0.185191
0.185495
0.185798
0.1861
0.186402
0.186702
0.187002
0.187301
0.187599
0.187896
0.188193
0.188488
0.188783
0.189077
0.18937
0.189662
0.189954
0.190244
0.190534
0.190823
0.191111
0.191398
0.191685
0.191971
0.192255
0.192539
0.192822
0.193105
0.193386
0.193667
0.193947
0.194226
0.194504
0.194781
0.195058
0.195333
0.195608
0.195882
0.196155
0.196428
0.196699
0.19697
0.19724
0.197509
0.197778
0.198045
0.198312
0.198578
0.198843
0.199107
0.199371
0.199633
0.199895
0.200156
0.200417
0.200676
0.200935
0.201193
0.20145
0.201706
0.201962
0.202217
0.202471
0.202724
0.202977
0.203228
0.203479
0.203729
0.203979
0.204228
0.204476
0.204723
0.204969
0.205215
0.20546
0.205704
0.205947
0.20619
0.206432
0.206673
0.206914
0.207154
0.207393
0.207631
0.207869
0.208106
0.208342
0.208578
0.208813
0.209047
0.20928
0.209513
0.209745
0.209977
0.210207
0.210437
0.210667
0.210895
0.211124
0.211351
0.211578
0.211804
0.212029
0.212254
0.212478
0.212702
0.212924
0.213147
0.213368
0.213589
0.21381
0.214029
0.214249
0.214467
0.214685
0.214902
0.215119
0.215335
0.215551
0.215766
0.21598
0.216194
0.216407
0.21662
0.216832
0.217044
0.217254
0.217465
0.217675
0.217884
0.218093
0.218301
0.218509
0.218716
0.218923
0.219129
0.219335
0.21954
0.219744
0.219948
0.220152
0.220355
0.220558
0.22076
0.220962
0.221163
0.221363
0.221564
0.221763
0.221963
0.222161
0.22236
0.222558
0.222755
0.222952
0.223149
0.223345
0.223541
0.223736
0.223931
0.224125
0.224319
0.224513
0.224706
0.224899
0.225091
0.225283
0.225475
0.225666
0.225857
0.226047
0.226237
0.226427
0.226616
0.226805
0.226993
0.227182
0.22737
0.227557
0.227744
0.227931
0.228117
0.228303
0.228489
0.228675
0.22886
0.229044
0.229229
0.229413
0.229597
0.22978
0.229963
0.230146
0.230329
0.230511
0.230693
0.230875
0.231056
0.231237
0.231418
0.231598
0.231779
0.231959
0.232138
0.232318
0.232497
0.232676
0.232854
0.233033
0.233211
0.233389
0.233566
0.233743
0.233921
0.234097
0.234274
0.23445
0.234627
0.234803
0.234978
0.235154
0.235329
0.235504
0.235679
0.235853
0.236028
0.236202
0.236376
0.23655
0.236723
0.236897
0.23707
0.237243
0.237415
0.237588
0.23776
0.237933
0.238105
0.238276
0.238448
0.238619
0.238791
0.238962
0.239133
0.239304
0.239474
0.239645
0.239815
0.239985
0.240155
0.240325
0.240494
0.240664
0.240833
0.241002
0.241171
0.24134
0.241509
0.241677
0.241846
0.242014
0.242182
0.24235
0.242518
0.242685
0.242853
0.24302
0.243188
0.243355
0.243522
0.243689
0.243856
0.244022
0.244189
0.244355
0.244522
0.244688
0.244854
0.24502
0.245185
0.245351
0.245517
0.245682
0.245848
0.246013
0.246178
0.246343
0.246508
0.246673
0.246837
0.247002
0.247166
0.247331
0.247495
0.247659
0.247823
0.247987
0.248151
0.248315
0.248479
0.248642
0.248806
0.248969
0.249132
0.249296
0.249459
0.249622
0.249785
0.249948
0.25011
0.250273
0.250436
0.250598
0.250761
0.250923
0.251085
0.251247
0.251409
0.251571
0.251733
0.251895
0.252057
0.252219
0.25238
0.252542
0.252703
0.252864
0.253026
0.253187
0.253348
0.253509
0.25367
0.253831
0.253992
0.254153
0.254313
0.254474
0.254634
0.254795
0.254955
0.255116
0.255276
0.255436
0.255596
0.255756
0.255916
0.256076
0.256236
0.256396
0.256556
0.256715
0.256875
0.257035
0.257194
0.257353
0.257513
0.257672
0.257831
0.25799
0.25815
0.258309
0.258468
0.258627
0.258785
0.258944
0.259103
0.259262
0.25942
0.259579
0.259737
0.259896
0.260054
0.260213
0.260371
0.260529
0.260687
0.260846
0.261004
0.261162
0.26132
0.261478
0.261635
0.261793
0.261951
0.262109
0.262266
0.262424
0.262582
0.262739
0.262897
0.263054
0.263211
0.263369
0.263526
0.263683
0.263841
0.263998
0.264155
0.264312
0.264469
0.264626
0.264783
0.26494
0.265097
0.265253
0.26541
0.265567
0.265724
0.26588
0.266037
0.266193
0.26635
0.266506
0.266663
0.266819
0.266976
0.267132
0.267288
0.267444
0.267601
0.267757
0.267913
0.268069
0.268225
0.268381
0.268537
0.268693
0.268849
0.269005
0.269161
0.269317
0.269472
0.269628
0.269784
0.26994
0.270095
0.270251
0.270406
0.270562
0.270717
0.270873
0.271028
0.271184
0.271339
0.271495
0.27165
0.271805
0.271961
0.272116
0.272271
0.272426
0.272582
0.272737
0.272892
0.273047
0.273202
0.273357
0.273512
0.273667
0.273822
0.273977
0.274132
0.274287
0.274441
0.274596
0.274751
0.274906
0.27506
0.275215
0.27537
0.275524
0.275679
0.275834
0.275988
0.276143
0.276297
0.276452
0.276606
0.276761
0.276915
0.277069
0.277224
0.277378
0.277532
0.277686
0.277841
0.277995
0.278149
0.278303
0.278457
0.278611
0.278765
0.278919
0.279073
0.279227
0.279381
0.279535
0.279689
0.279843
0.279997
0.28015
0.280304
0.280458
0.280611
0.280765
0.280919
0.281072
0.281226
0.281379
0.281533
0.281686
0.281839
0.281993
0.282146
0.282299
0.282452
0.282606
0.282759
0.282912
0.283065
0.283218
0.283371
0.283524
0.283677
0.28383
0.283982
0.284135
0.284288
0.28444
0.284593
0.284746
0.284898
0.28505
0.285203
0.285355
0.285507
0.28566
0.285812
0.285964
0.286116
0.286268
0.28642
0.286572
0.286724
0.286876
0.287027
0.287179
0.287331
0.287482
0.287634
0.287785
0.287936
0.288088
0.288239
0.28839
0.288541
0.288692
0.288843
0.288994
0.289144
0.289295
0.289446
0.289596
0.289747
0.289897
0.290047
0.290198
0.290348
0.290498
0.290648
0.290798
0.290947
0.291097
0.291247
0.291396
0.291546
0.291695
0.291844
0.291994
0.292143
0.292292
0.29244
0.292589
0.292738
0.292886
0.293035
0.293183
0.293332
0.29348
0.293628
0.293776
0.293924
0.294071
0.294219
0.294366
0.294514
0.294661
0.294808
0.294955
0.295102
0.295249
0.295396
0.295542
0.295689
0.295835
0.295981
0.296128
0.296274
0.296419
0.296565
0.296711
0.296856
0.297001
0.297147
0.297292
0.297437
0.297582
0.297726
0.297871
0.298015
0.298159
0.298304
0.298448
0.298591
0.298735
0.298879
0.299022
0.299165
0.299309
0.299452
0.299595
0.299737
0.29988
0.300022
0.300165
0.300307
0.300449
0.300591
0.300732
0.300874
0.301015
0.301156
0.301298
0.301438
0.301579
0.30172
0.30186
0.302001
0.302141
0.302281
0.302421
0.30256
0.3027
0.302839
0.302979
0.303118
0.303257
0.303395
0.303534
0.303673
0.303811
0.303949
0.304087
0.304225
0.304363
0.3045
0.304637
0.304775
0.304912
0.305049
0.305185
0.305322
0.305458
0.305595
0.305731
0.305867
0.306002
0.306138
0.306274
0.306409
0.306544
0.306679
0.306814
0.306949
0.307083
0.307218
0.307352
0.307486
0.30762
0.307754
0.307888
0.308021
0.308154
0.308288
0.308421
0.308554
0.308686
0.308819
0.308952
0.309084
0.309216
0.309348
0.30948
0.309612
0.309744
0.309875
0.310006
0.310138
0.310269
0.3104
0.310531
0.310661
0.310792
0.310922
0.311053
0.311183
0.311313
0.311443
0.311573
0.311703
0.311832
0.311962
0.312091
0.31222
0.312349
0.312478
0.312607
0.312736
0.312865
0.312993
0.313122
0.31325
0.313379
0.313507
0.313635
0.313763
0.313891
0.314018
0.314146
0.314274
0.314401
0.314529
0.314656
0.314783
0.314911
0.315038
0.315165
0.315292
0.315419
0.315546
0.315672
0.315799
0.315926
0.316052
0.316179
0.316305
0.316432
0.316558
0.316684
0.316811
0.316937
0.317063
0.317189
0.317315
0.317441
0.317567
0.317693
0.317819
0.317945
0.318071
0.318197
0.318322
0.318448
0.318574
0.3187
0.318825
0.318951
0.319077
0.319203
0.319328
0.319454
0.31958
0.319705
0.319831
0.319957
0.320082
0.320208
0.320334
0.32046
0.320585
0.320711
0.320837
0.320963
0.321089
0.321214
0.32134
0.321466
0.321592
0.321718
0.321844
0.32197
0.322096
0.322223
0.322349
0.322475
0.322601
0.322728
0.322854
0.32298
0.323107
0.323234
0.32336
0.323487
0.323614
0.323741
0.323867
0.323994
0.324122
0.324249
0.324376
0.324503
0.324631
0.324758
0.324886
0.325013
0.325141
0.325269
0.325397
0.325525
0.325653
0.325781
0.32591
0.326038
0.326167
0.326295
0.326424
0.326553
0.326682
0.326811
0.32694
0.327069
0.327199
0.327328
0.327458
0.327588
0.327718
0.327848
0.327978
0.328109
0.328239
0.32837
0.3285
0.328631
0.328762
0.328893
0.329025
0.329156
0.329288
0.329419
0.329551
0.329683
0.329816
0.329948
0.33008
0.330213
0.330346
0.330479
0.330612
0.330745
0.330878
0.331012
0.331146
0.331279
0.331414
0.331548
0.331682
0.331817
0.331951
0.332086
0.332221
0.332356
0.332492
0.332627
0.332763
0.332899
0.333035
0.333171
0.333307
0.333444
0.333581
0.333718
0.333855
0.333992
0.334129
0.334267
0.334405
0.334543
0.334681
0.334819
0.334958
0.335096
0.335235
0.335374
0.335513
0.335653
0.335792
0.335932
0.336072
0.336212
0.336352
0.336493
0.336634
0.336774
0.336915
0.337057
0.337198
0.33734
0.337481
0.337623
0.337765
0.337908
0.33805
0.338193
0.338335
0.338478
0.338622
0.338765
0.338909
0.339052
0.339196
0.33934
0.339485
0.339629
0.339774
0.339918
0.340063
0.340209
0.340354
0.340499
0.340645
0.340791
0.340937
0.341083
0.34123
0.341376
0.341523
0.34167
0.341817
0.341964
0.342112
0.34226
0.342407
0.342555
0.342703
0.342852
0.343
0.343149
0.343298
0.343447
0.343596
0.343745
0.343895
0.344045
0.344195
0.344345
0.344495
0.344645
0.344796
0.344946
0.345097
0.345248
0.3454
0.345551
0.345702
0.345854
0.346006
0.346158
0.34631
0.346463
0.346615
0.346768
0.346921
0.347074
0.347227
0.34738
0.347534
0.347687
0.347841
0.347995
0.348149
0.348304
0.348458
0.348613
0.348767
0.348922
0.349077
0.349233
0.349388
0.349543
0.349699
0.349855
0.350011
0.350167
0.350324
0.35048
0.350637
0.350793
0.35095
0.351107
0.351265
0.351422
0.35158
0.351737
0.351895
0.352053
0.352211
0.352369
0.352528
0.352686
0.352845
0.353004
0.353163
0.353322
0.353482
0.353641
0.353801
0.353961
0.354121
0.354281
0.354441
0.354601
0.354762
0.354923
0.355084
0.355245
0.355406
0.355567
0.355728
0.35589
0.356052
0.356214
0.356376
0.356538
0.3567
0.356863
0.357026
0.357188
0.357351
0.357514
0.357678
0.357841
0.358005
0.358169
0.358332
0.358496
0.358661
0.358825
0.35899
0.359154
0.359319
0.359484
0.359649
0.359814
0.35998
0.360145
0.360311
0.360477
0.360643
0.360809
0.360976
0.361142
0.361309
0.361476
0.361643
0.36181
0.361978
0.362145
0.362313
0.362481
0.362649
0.362817
0.362985
0.363154
0.363322
0.363491
0.36366
0.363829
0.363999
0.364168
0.364338
0.364508
0.364678
0.364848
0.365018
0.365189
0.365359
0.36553
0.365701
0.365872
0.366044
0.366215
0.366387
0.366559
0.366731
0.366903
0.367076
0.367248
0.367421
0.367594
0.367767
0.36794
0.368114
0.368287
0.368461
0.368635
0.368809
0.368984
0.369158
0.369333
0.369508
0.369683
0.369858
0.370034
0.37021
0.370385
0.370561
0.370738
0.370914
0.371091
0.371267
0.371444
0.371622
0.371799
0.371976
0.372154
0.372332
0.37251
0.372688
0.372867
0.373045
0.373224
0.373403
0.373582
0.373762
0.373941
0.374121
0.374301
0.374481
0.374662
0.374842
0.375023
0.375204
0.375385
0.375566
0.375748
0.375929
0.376111
0.376293
0.376475
0.376658
0.376841
0.377023
0.377206
0.37739
0.377573
0.377756
0.37794
0.378124
0.378308
0.378493
0.378677
0.378862
0.379047
0.379232
0.379417
0.379603
0.379788
0.379974
0.38016
0.380346
0.380533
0.380719
0.380906
0.381093
0.38128
0.381467
0.381655
0.381842
0.38203
0.382218
0.382407
0.382595
0.382783
0.382972
0.383161
0.38335
0.383539
0.383729
0.383919
0.384108
0.384298
0.384488
0.384679
0.384869
0.38506
0.385251
0.385442
0.385633
0.385824
0.386016
0.386207
0.386399
0.386591
0.386783
0.386976
0.387168
0.387361
0.387553
0.387746
0.387939
0.388133
0.388326
0.38852
0.388713
0.388907
0.389101
0.389295
0.38949
0.389684
0.389879
0.390073
0.390268
0.390463
0.390658
0.390854
0.391049
0.391245
0.39144
0.391636
0.391832
0.392028
0.392224
0.392421
0.392617
0.392814
0.39301
0.393207
0.393404
0.393601
0.393798
0.393996
0.394193
0.394391
0.394588
0.394786
0.394984
0.395182
0.39538
0.395578
0.395776
0.395975
0.396173
0.396372
0.396571
0.396769
0.396968
0.397167
0.397366
0.397565
0.397765
0.397964
0.398163
0.398363
0.398562
0.398762
0.398962
0.399162
0.399362
0.399561
0.399762
0.399962
0.400162
0.400362
0.400562
0.400763
0.400963
0.401164
0.401364
0.401565
0.401766
0.401966
0.402167
0.402368
0.402569
0.40277
0.402971
0.403172
0.403373
0.403574
0.403775
0.403977
0.404178
0.404379
0.404581
0.404782
0.404983
0.405185
0.405386
0.405588
0.40579
0.405991
0.406193
0.406394
0.406596
0.406798
0.406999
0.407201
0.407403
0.407605
0.407807
0.408008
0.40821
0.408412
0.408614
0.408816
0.409018
0.409219
0.409421
0.409623
0.409825
0.410027
0.410229
0.410431
0.410633
0.410835
0.411036
0.411238
0.41144
0.411642
0.411844
0.412046
0.412248
0.41245
0.412651
0.412853
0.413055
0.413257
0.413459
0.413661
0.413862
0.414064
0.414266
0.414467
0.414669
0.414871
0.415072
0.415274
0.415476
0.415677
0.415879
0.41608
0.416282
0.416483
0.416685
0.416886
0.417087
0.417289
0.41749
0.417691
0.417893
0.418094
0.418295
0.418496
0.418697
0.418898
0.419099
0.4193
0.419501
0.419702
0.419903
0.420104
0.420305
0.420506
0.420706
0.420907
0.421108
0.421308
0.421509
0.421709
0.42191
0.42211
0.42231
0.422511
0.422711
0.422911
0.423111
0.423311
0.423511
0.423711
0.423911
0.424111
0.424311
0.424511
0.424711
0.42491
0.42511
0.42531
0.425509
0.425709
0.425908
0.426107
0.426307
0.426506
0.426705
0.426904
0.427103
0.427302
0.427501
0.4277
0.427899
0.428098
0.428297
0.428495
0.428694
0.428892
0.429091
0.429289
0.429488
0.429686
0.429884
0.430082
0.43028
0.430478
0.430676
0.430874
0.431072
0.43127
0.431467
0.431665
0.431863
0.43206
0.432258
0.432455
0.432652
0.432849
0.433047
0.433244
0.433441
0.433638
0.433835
0.434031
0.434228
0.434425
0.434621
0.434818
0.435014
0.435211
0.435407
0.435603
0.435799
0.435995
0.436191
0.436387
0.436583
0.436779
0.436975
0.43717
0.437366
0.437561
0.437757
0.437952
0.438147
0.438342
0.438537
0.438732
0.438927
0.439122
0.439317
0.439512
0.439706
0.439901
0.440095
0.440289
0.440484
0.440678
0.440872
0.441066
0.44126
0.441454
0.441648
0.441841
0.442035
0.442228
0.442422
0.442615
0.442808
0.443002
0.443195
0.443388
0.44358
0.443773
0.443966
0.444159
0.444351
0.444544
0.444736
0.444928
0.44512
0.445312
0.445504
0.445696
0.445888
0.44608
0.446271
0.446463
0.446654
0.446846
0.447037
0.447228
0.447419
0.44761
0.447801
0.447991
0.448182
0.448373
0.448563
0.448753
0.448944
0.449134
0.449324
0.449514
0.449704
0.449893
0.450083
0.450272
0.450462
0.450651
0.45084
0.45103
0.451219
0.451407
0.451596
0.451785
0.451973
0.452162
0.45235
0.452539
0.452727
0.452915
0.453103
0.453291
0.453478
0.453666
0.453853
0.454041
0.454228
0.454415
0.454602
0.454789
0.454976
0.455163
0.45535
0.455536
0.455722
0.455909
0.456095
0.456281
0.456467
0.456653
0.456839
0.457024
0.45721
0.457395
0.45758
0.457765
0.457951
0.458135
0.45832
0.458505
0.45869
0.458874
0.459058
0.459243
0.459427
0.459611
0.459795
0.459979
0.460162
0.460346
0.460529
0.460713
0.460896
0.461079
0.461262
0.461445
0.461628
0.46181
0.461993
0.462175
0.462358
0.46254
0.462722
0.462904
0.463086
0.463268
0.463449
0.463631
0.463812
0.463994
0.464175
0.464356
0.464537
0.464718
0.464898
0.465079
0.46526
0.46544
0.46562
0.465801
0.465981
0.466161
0.466341
0.46652
0.4667
0.46688
0.467059
0.467238
0.467418
0.467597
0.467776
0.467955
0.468134
0.468312
0.468491
0.468669
0.468848
0.469026
0.469204
0.469382
0.46956
0.469738
0.469916
0.470094
0.470272
0.470449
0.470626
0.470804
0.470981
0.471158
0.471335
0.471512
0.471689
0.471866
0.472042
0.472219
0.472396
0.472572
0.472748
0.472925
0.473101
0.473277
0.473453
0.473629
0.473804
0.47398
0.474156
0.474331
0.474507
0.474682
0.474857
0.475033
0.475208
0.475383
0.475558
0.475733
0.475908
0.476082
0.476257
0.476432
0.476606
0.476781
0.476955
0.477129
0.477304
0.477478
0.477652
0.477826
0.478
0.478174
0.478348
0.478522
0.478695
0.478869
0.479043
0.479216
0.47939
0.479563
0.479736
0.47991
0.480083
0.480256
0.480429
0.480603
0.480776
0.480949
0.481122
0.481294
0.481467
0.48164
0.481813
0.481986
0.482158
0.482331
0.482503
0.482676
0.482848
0.483021
0.483193
0.483366
0.483538
0.48371
0.483882
0.484055
0.484227
0.484399
0.484571
0.484743
0.484915
0.485087
0.485259
0.485431
0.485603
0.485775
0.485947
0.486119
0.48629
0.486462
0.486634
0.486806
0.486977
0.487149
0.487321
0.487492
0.487664
0.487835
0.488007
0.488178
0.48835
0.488521
0.488693
0.488864
0.489036
0.489207
0.489379
0.48955
0.489721
0.489893
0.490064
0.490236
0.490407
0.490578
0.49075
0.490921
0.491092
0.491263
0.491435
0.491606
0.491777
0.491949
0.49212
0.492291
0.492462
0.492634
0.492805
0.492976
0.493147
0.493318
0.49349
0.493661
0.493832
0.494003
0.494174
0.494346
0.494517
0.494688
0.494859
0.495031
0.495202
0.495373
0.495544
0.495715
0.495887
0.496058
0.496229
0.4964
0.496572
0.496743
0.496914
0.497085
0.497257
0.497428
0.497599
0.497771
0.497942
0.498113
0.498284
0.498456
0.498627
0.498798
0.49897
0.499141
0.499312
0.499484
0.499655
0.499827
0.499998
0.500169
0.500341
0.500512
0.500684
0.500855
0.501027
0.501198
0.50137
0.501541
0.501713
0.501884
0.502056
0.502227
0.502399
0.502571
0.502742
0.502914
0.503085
0.503257
0.503429
0.5036
0.503772
0.503944
0.504115
0.504287
0.504459
0.504631
0.504803
0.504974
0.505146
0.505318
0.50549
0.505662
0.505834
0.506006
0.506178
0.506349
0.506521
0.506693
0.506865
0.507037
0.50721
0.507382
0.507554
0.507726
0.507898
0.50807
0.508242
0.508415
0.508587
0.508759
0.508931
0.509104
0.509276
0.509448
0.509621
0.509793
0.509965
0.510138
0.51031
0.510483
0.510655
0.510828
0.511
0.511173
0.511346
0.511518
0.511691
0.511864
0.512036
0.512209
0.512382
0.512555
0.512728
0.512901
0.513073
0.513246
0.513419
0.513592
0.513766
0.513939
0.514112
0.514285
0.514458
0.514631
0.514805
0.514978
0.515151
0.515325
0.515498
0.515671
0.515845
0.516018
0.516192
0.516366
0.516539
0.516713
0.516887
0.517061
0.517234
0.517408
0.517582
0.517756
0.51793
0.518104
0.518278
0.518453
0.518627
0.518801
0.518975
0.51915
0.519324
0.519499
0.519673
0.519848
0.520022
0.520197
0.520372
0.520546
0.520721
0.520896
0.521071
0.521246
0.521421
0.521596
0.521772
0.521947
0.522122
0.522298
0.522473
0.522649
0.522824
0.523
0.523176
0.523351
0.523527
0.523703
0.523879
0.524055
0.524232
0.524408
0.524584
0.52476
0.524937
0.525113
0.52529
0.525467
0.525644
0.52582
0.525997
0.526174
0.526351
0.526529
0.526706
0.526883
0.527061
0.527238
0.527416
0.527594
0.527771
0.527949
0.528127
0.528305
0.528483
0.528662
0.52884
0.529018
0.529197
0.529376
0.529554
0.529733
0.529912
0.530091
0.53027
0.530449
0.530629
0.530808
0.530988
0.531167
0.531347
0.531527
0.531707
0.531887
0.532067
0.532247
0.532427
0.532608
0.532789
0.532969
0.53315
0.533331
0.533512
0.533693
0.533874
0.534056
0.534237
0.534419
0.5346
0.534782
0.534964
0.535146
0.535328
0.535511
0.535693
0.535875
0.536058
0.536241
0.536424
0.536607
0.53679
0.536973
0.537156
0.53734
0.537523
0.537707
0.537891
0.538075
0.538259
0.538443
0.538627
0.538811
0.538996
0.539181
0.539365
0.53955
0.539735
0.53992
0.540105
0.540291
0.540476
0.540662
0.540847
0.541033
0.541219
0.541405
0.541591
0.541778
0.541964
0.542151
0.542337
0.542524
0.542711
0.542898
0.543085
0.543272
0.543459
0.543647
0.543834
0.544022
0.54421
0.544397
0.544585
0.544773
0.544962
0.54515
0.545338
0.545527
0.545715
0.545904
0.546093
0.546282
0.546471
0.54666
0.546849
0.547038
0.547227
0.547417
0.547606
0.547796
0.547986
0.548175
0.548365
0.548555
0.548745
0.548935
0.549125
0.549316
0.549506
0.549696
0.549887
0.550078
0.550268
0.550459
0.55065
0.55084
0.551031
0.551222
0.551413
0.551604
0.551795
0.551986
0.552178
0.552369
0.55256
0.552751
0.552943
0.553134
0.553326
0.553517
0.553709
0.5539
0.554092
0.554283
0.554475
0.554666
0.554858
0.55505
0.555241
0.555433
0.555625
0.555816
0.556008
0.5562
0.556391
0.556583
0.556774
0.556966
0.557158
0.557349
0.557541
0.557732
0.557924
0.558115
0.558307
0.558498
0.558689
0.558881
0.559072
0.559263
0.559454
0.559645
0.559836
0.560027
0.560218
0.560409
0.5606
0.56079
0.560981
0.561171
0.561362
0.561552
0.561742
0.561932
0.562122
0.562312
0.562502
0.562692
0.562881
0.563071
0.56326
0.563449
0.563638
0.563827
0.564016
0.564204
0.564393
0.564581
0.564769
0.564957
0.565145
0.565333
0.565521
0.565708
0.565895
0.566082
0.566269
0.566456
0.566642
0.566828
0.567014
0.5672
0.567386
0.567571
0.567756
0.567941
0.568126
0.568311
0.568495
0.568679
0.568863
0.569047
0.56923
0.569413
0.569596
0.569778
0.569961
0.570143
0.570325
0.570506
0.570688
0.570868
0.571049
0.57123
0.57141
0.57159
0.571769
0.571948
0.572127
0.572306
0.572484
0.572662
0.57284
0.573017
0.573194
0.573371
0.573547
0.573723
0.573899
0.574074
0.57425
0.574424
0.574598
0.574772
0.574946
0.575119
0.575292
0.575465
0.575637
0.575809
0.57598
0.576151
0.576322
0.576492
0.576662
0.576831
0.577
0.577169
0.577337
0.577505
0.577672
0.577839
0.578006
0.578172
0.578338
0.578504
0.578669
0.578833
0.578997
0.579161
0.579324
0.579487
0.579649
0.579811
0.579973
0.580134
0.580295
0.580455
0.580615
0.580774
0.580933
0.581091
0.581249
0.581407
0.581564
0.581721
0.581877
0.582033
0.582188
0.582343
0.582497
0.582651
0.582804
0.582957
0.58311
0.583262
0.583413
0.583564
0.583715
0.583865
0.584015
0.584164
0.584313
0.584461
0.584609
0.584756
0.584903
0.58505
0.585196
0.585341
0.585486
0.585631
0.585775
0.585919
0.586062
0.586204
0.586347
0.586488
0.58663
0.586771
0.586911
0.587051
0.58719
0.587329
0.587468
0.587606
0.587744
0.587881
0.588018
0.588154
0.58829
0.588426
0.588561
0.588695
0.588829
0.588963
0.589096
0.589229
0.589361
0.589493
0.589625
0.589756
0.589887
0.590017
0.590147
0.590277
0.590406
0.590534
0.590663
0.590791
0.590918
0.591045
0.591172
0.591298
0.591424
0.59155
0.591675
0.5918
0.591925
0.592049
0.592172
0.592296
0.592419
0.592542
0.592664
0.592786
0.592908
0.593029
0.593151
0.593271
0.593392
0.593512
0.593632
0.593752
0.593871
0.59399
0.594109
0.594227
0.594345
0.594463
0.594581
0.594698
0.594815
0.594932
0.595049
0.595166
0.595282
0.595398
0.595514
0.595629
0.595745
0.59586
0.595975
0.59609
0.596204
0.596319
0.596433
0.596547
0.596661
0.596775
0.596889
0.597003
0.597116
0.597229
0.597343
0.597456
0.597569
0.597682
0.597795
0.597907
0.59802
0.598133
0.598245
0.598358
0.59847
0.598583
0.598695
0.598808
0.59892
0.599033
0.599145
0.599257
0.59937
0.599482
0.599595
0.599707
0.59982
0.599932
0.600045
0.600158
0.60027
0.600383
0.600496
0.600609
0.600722
0.600836
0.600949
0.601062
0.601176
0.60129
0.601404
0.601518
0.601632
0.601746
0.601861
0.601976
0.602091
0.602206
0.602321
0.602437
0.602553
0.602669
0.602785
0.602901
0.603018
0.603135
0.603252
0.60337
0.603488
0.603606
0.603724
0.603843
0.603962
0.604081
0.604201
0.604321
0.604441
0.604562
0.604683
0.604804
0.604926
0.605048
0.605171
0.605294
0.605417
0.605541
0.605665
0.605789
0.605914
0.60604
0.606165
0.606292
0.606418
0.606545
0.606673
0.606801
0.606929
0.607058
0.607188
0.607318
0.607448
0.607579
0.607711
0.607843
0.607975
0.608108
0.608242
0.608376
0.608511
0.608646
0.608782
0.608918
0.609055
0.609192
0.60933
0.609469
0.609608
0.609748
0.609888
0.610029
0.610171
0.610313
0.610456
0.610599
0.610743
0.610888
0.611033
0.611179
0.611325
0.611473
0.611621
0.611769
0.611918
0.612068
0.612218
0.61237
0.612521
0.612674
0.612827
0.612981
0.613135
0.613291
0.613447
0.613603
0.61376
0.613918
0.614077
0.614236
0.614396
0.614557
0.614719
0.614881
0.615044
0.615207
0.615372
0.615537
0.615703
0.615869
0.616036
0.616204
0.616373
0.616542
0.616712
0.616883
0.617055
0.617227
0.6174
0.617574
0.617748
0.617923
0.618099
0.618276
0.618453
0.618632
0.61881
0.61899
0.61917
0.619351
0.619533
0.619716
0.619899
0.620083
0.620268
0.620453
0.620639
0.620826
0.621013
0.621202
0.621391
0.62158
0.621771
0.621962
0.622154
0.622346
0.62254
0.622734
0.622928
0.623124
0.62332
0.623517
0.623714
0.623912
0.624111
0.62431
0.624511
0.624711
0.624913
0.625115
0.625318
0.625522
0.625726
0.625931
0.626136
0.626342
0.626549
0.626756
0.626964
0.627173
0.627382
0.627592
0.627803
0.628014
0.628226
0.628438
0.628651
0.628865
0.629079
0.629293
0.629509
0.629725
0.629941
0.630158
0.630376
0.630594
0.630812
0.631031
0.631251
0.631471
0.631692
0.631913
0.632135
0.632358
0.63258
0.632804
0.633027
0.633252
0.633476
0.633701
0.633927
0.634153
0.63438
0.634607
0.634834
0.635062
0.63529
0.635519
0.635748
0.635977
0.636207
0.636437
0.636668
0.636899
0.63713
0.637362
0.637594
0.637826
0.638059
0.638292
0.638525
0.638759
0.638992
0.639227
0.639461
0.639696
0.639931
0.640166
0.640402
0.640637
0.640873
0.64111
0.641346
0.641583
0.641819
0.642056
0.642294
0.642531
0.642769
0.643006
0.643244
0.643482
0.64372
0.643959
0.644197
0.644436
0.644674
0.644913
0.645152
0.64539
0.645629
0.645868
0.646107
0.646346
0.646586
0.646825
0.647064
0.647303
0.647542
0.647781
0.64802
0.648259
0.648498
0.648737
0.648976
0.649215
0.649454
0.649693
0.649931
0.65017
0.650408
0.650647
0.650885
0.651123
0.651361
0.651599
0.651836
0.652074
0.652311
0.652548
0.652785
0.653022
0.653259
0.653495
0.653731
0.653967
0.654202
0.654438
0.654673
0.654908
0.655142
0.655377
0.655611
0.655844
0.656078
0.656311
0.656544
0.656776
0.657008
0.65724
0.657471
0.657702
0.657933
0.658163
0.658393
0.658623
0.658852
0.659081
0.659309
0.659537
0.659765
0.659992
0.660218
0.660444
0.66067
0.660895
0.66112
0.661345
0.661568
0.661792
0.662015
0.662237
0.662459
0.66268
0.662901
0.663121
0.663341
0.66356
0.663779
0.663997
0.664214
0.664431
0.664648
0.664864
0.665079
0.665293
0.665507
0.665721
0.665934
0.666146
0.666358
0.666569
0.666779
0.666989
0.667198
0.667406
0.667614
0.667821
0.668028
0.668234
0.668439
0.668643
0.668847
0.66905
0.669253
0.669454
0.669656
0.669856
0.670056
0.670255
0.670453
0.67065
0.670847
0.671043
0.671239
0.671433
0.671627
0.671821
0.672013
0.672205
0.672396
0.672586
0.672775
0.672964
0.673152
0.673339
0.673526
0.673712
0.673897
0.674081
0.674264
0.674447
0.674629
0.67481
0.67499
0.67517
0.675348
0.675526
0.675704
0.67588
0.676056
0.67623
0.676404
0.676578
0.67675
0.676922
0.677093
0.677263
0.677432
0.677601
0.677769
0.677935
0.678102
0.678267
0.678431
0.678595
0.678758
0.67892
0.679082
0.679242
0.679402
0.679561
0.679719
0.679877
0.680033
0.680189
0.680344
0.680499
0.680652
0.680805
0.680957
0.681108
0.681258
0.681408
0.681557
0.681705
0.681852
0.681998
0.682144
0.682289
0.682433
0.682577
0.682719
0.682861
0.683002
0.683143
0.683282
0.683421
0.683559
0.683697
0.683833
0.683969
0.684105
0.684239
0.684373
0.684506
0.684638
0.684769
0.6849
0.68503
0.68516
0.685289
0.685417
0.685544
0.68567
0.685796
0.685922
0.686046
0.68617
0.686293
0.686416
0.686538
0.686659
0.686779
0.686899
0.687018
0.687137
0.687255
0.687372
0.687489
0.687605
0.68772
0.687835
0.687949
0.688063
0.688176
0.688288
0.6884
0.688511
0.688622
0.688732
0.688841
0.68895
0.689058
0.689166
0.689273
0.68938
0.689486
0.689591
0.689696
0.689801
0.689905
0.690008
0.690111
0.690214
0.690316
0.690417
0.690518
0.690619
0.690719
0.690818
0.690917
0.691016
0.691114
0.691212
0.691309
0.691406
0.691502
0.691598
0.691694
0.691789
0.691883
0.691978
0.692072
0.692165
0.692258
0.692351
0.692443
0.692535
0.692627
0.692718
0.692809
0.6929
0.69299
0.69308
0.693169
0.693259
0.693348
0.693436
0.693524
0.693612
0.6937
0.693788
0.693875
0.693962
0.694048
0.694135
0.694221
0.694307
0.694392
0.694477
0.694563
0.694647
0.694732
0.694816
0.694901
0.694985
0.695068
0.695152
0.695235
0.695319
0.695402
0.695485
0.695567
0.69565
0.695732
0.695814
0.695896
0.695978
0.69606
0.696142
0.696223
0.696305
0.696386
0.696467
0.696548
0.696629
0.69671
0.696791
0.696871
0.696952
0.697032
0.697113
0.697193
0.697274
0.697354
0.697434
0.697514
0.697594
0.697674
0.697754
0.697834
0.697914
0.697994
0.698074
0.698154
0.698234
0.698314
0.698394
0.698474
0.698553
0.698633
0.698713
0.698793
0.698873
0.698953
0.699033
0.699113
0.699193
0.699274
0.699354
0.699434
0.699514
0.699595
0.699675
0.699755
0.699836
0.699917
0.699997
0.700078
0.700159
0.70024
0.700321
0.700402
0.700483
0.700564
0.700646
0.700727
0.700809
0.70089
0.700972
0.701054
0.701136
0.701218
0.701301
0.701383
0.701466
0.701548
0.701631
0.701714
0.701797
0.70188
0.701964
0.702047
0.702131
0.702214
0.702298
0.702382
0.702467
0.702551
0.702636
0.70272
0.702805
0.70289
0.702975
0.703061
0.703146
0.703232
0.703318
0.703404
0.70349
0.703576
0.703663
0.70375
0.703837
0.703924
0.704011
0.704099
0.704186
0.704274
0.704362
0.704451
0.704539
0.704628
0.704716
0.704805
0.704895
0.704984
0.705074
0.705163
0.705253
0.705344
0.705434
0.705525
0.705615
0.705706
0.705798
0.705889
0.705981
0.706073
0.706165
0.706257
0.706349
0.706442
0.706535
0.706628
0.706721
0.706815
0.706909
0.707003
0.707097
0.707191
0.707286
0.70738
0.707475
0.707571
0.707666
0.707762
0.707858
0.707954
0.70805
0.708146
0.708243
0.70834
0.708437
0.708535
0.708632
0.70873
0.708828
0.708926
0.709025
0.709123
0.709222
0.709321
0.709421
0.70952
0.70962
0.70972
0.70982
0.709921
0.710021
0.710122
0.710223
0.710324
0.710426
0.710528
0.71063
0.710732
0.710834
0.710937
0.711039
0.711142
0.711246
0.711349
0.711453
0.711557
0.711661
0.711765
0.711869
0.711974
0.712079
0.712184
0.71229
0.712395
0.712501
0.712607
0.712713
0.71282
0.712926
0.713033
0.71314
0.713247
0.713355
0.713462
0.71357
0.713678
0.713787
0.713895
0.714004
0.714113
0.714222
0.714331
0.714441
0.714551
0.71466
0.714771
0.714881
0.714992
0.715102
0.715213
0.715324
0.715436
0.715547
0.715659
0.715771
0.715883
0.715996
0.716108
0.716221
0.716334
0.716447
0.716561
0.716674
0.716788
0.716902
0.717016
0.71713
0.717245
0.71736
0.717475
0.71759
0.717705
0.717821
0.717936
0.718052
0.718168
0.718285
0.718401
0.718518
0.718635
0.718752
0.718869
0.718986
0.719104
0.719222
0.71934
0.719458
0.719576
0.719695
0.719813
0.719932
0.720051
0.720171
0.72029
0.72041
0.720529
0.720649
0.720769
0.72089
0.72101
0.721131
0.721252
0.721373
0.721494
0.721615
0.721737
0.721858
0.72198
0.722102
0.722224
0.722347
0.722469
0.722592
0.722715
0.722838
0.722961
0.723084
0.723208
0.723332
0.723455
0.723579
0.723703
0.723828
0.723952
0.724077
0.724201
0.724326
0.724451
0.724576
0.724702
0.724827
0.724953
0.725079
0.725205
0.725331
0.725457
0.725583
0.725709
0.725836
0.725963
0.72609
0.726217
0.726344
0.726471
0.726598
0.726726
0.726853
0.726981
0.727109
0.727237
0.727365
0.727493
0.727622
0.72775
0.727879
0.728008
0.728136
0.728265
0.728394
0.728523
0.728653
0.728782
0.728911
0.729041
0.72917
0.7293
0.72943
0.72956
0.72969
0.72982
0.72995
0.73008
0.730211
0.730341
0.730472
0.730602
0.730733
0.730864
0.730995
0.731126
0.731256
0.731388
0.731519
0.73165
0.731781
0.731912
0.732044
0.732175
0.732307
0.732438
0.73257
0.732701
0.732833
0.732965
0.733096
0.733228
0.73336
0.733492
0.733624
0.733756
0.733888
0.73402
0.734152
0.734284
0.734416
0.734548
0.73468
0.734812
0.734944
0.735076
0.735209
0.735341
0.735473
0.735605
0.735737
0.735869
0.736002
0.736134
0.736266
0.736398
0.73653
0.736663
0.736795
0.736927
0.737059
0.737191
0.737323
0.737455
0.737587
0.737719
0.737851
0.737983
0.738115
0.738246
0.738378
0.73851
0.738642
0.738773
0.738905
0.739036
0.739168
0.739299
0.739431
0.739562
0.739693
0.739825
0.739956
0.740087
0.740218
0.740349
0.740479
0.74061
0.740741
0.740872
0.741002
0.741132
0.741263
0.741393
0.741523
0.741653
0.741783
0.741913
0.742043
0.742173
0.742302
0.742432
0.742561
0.74269
0.742819
0.742948
0.743077
0.743206
0.743335
0.743463
0.743591
0.74372
0.743848
0.743976
0.744104
0.744232
0.744359
0.744487
0.744614
0.744741
0.744868
0.744995
0.745122
0.745248
0.745375
0.745501
0.745627
0.745753
0.745879
0.746005
0.74613
0.746256
0.746381
0.746506
0.746631
0.746755
0.74688
0.747004
0.747128
0.747252
0.747376
0.7475
0.747623
0.747747
0.74787
0.747992
0.748115
0.748238
0.74836
0.748482
0.748604
0.748726
0.748847
0.748969
0.74909
0.749211
0.749331
0.749452
0.749572
0.749692
0.749812
0.749932
0.750051
0.750171
0.75029
0.750409
0.750527
0.750646
0.750764
0.750882
0.750999
0.751117
0.751234
0.751351
0.751468
0.751585
0.751701
0.751817
0.751933
0.752049
0.752164
0.75228
0.752395
0.752509
0.752624
0.752738
0.752852
0.752966
0.75308
0.753193
0.753306
0.753419
0.753531
0.753644
0.753756
0.753868
0.753979
0.754091
0.754202
0.754313
0.754423
0.754534
0.754644
0.754753
0.754863
0.754972
0.755081
0.75519
0.755299
0.755407
0.755515
0.755623
0.755731
0.755838
0.755945
0.756052
0.756158
0.756264
0.75637
0.756476
0.756582
0.756687
0.756792
0.756896
0.757001
0.757105
0.757209
0.757313
0.757416
0.757519
0.757622
0.757724
0.757827
0.757929
0.758031
0.758132
0.758233
0.758334
0.758435
0.758535
0.758636
0.758736
0.758835
0.758935
0.759034
0.759133
0.759231
0.75933
0.759428
0.759526
0.759623
0.75972
0.759817
0.759914
0.760011
0.760107
0.760203
0.760299
0.760394
0.760489
0.760584
0.760679
0.760774
0.760868
0.760962
0.761055
0.761149
0.761242
0.761335
0.761428
0.76152
0.761612
0.761704
0.761796
0.761887
0.761979
0.76207
0.76216
0.762251
0.762341
0.762431
0.762521
0.76261
0.7627
0.762789
0.762878
0.762966
0.763055
0.763143
0.763231
0.763318
0.763406
0.763493
0.76358
0.763667
0.763754
0.76384
0.763926
0.764012
0.764098
0.764184
0.764269
0.764354
0.764439
0.764524
0.764609
0.764693
0.764777
0.764861
0.764945
0.765029
0.765112
0.765195
0.765279
0.765361
0.765444
0.765527
0.765609
0.765692
0.765774
0.765856
0.765937
0.766019
0.766101
0.766182
0.766263
0.766344
0.766425
0.766506
0.766587
0.766667
0.766748
0.766828
0.766908
0.766988
0.767068
0.767148
0.767228
0.767307
0.767387
0.767467
0.767546
0.767625
0.767704
0.767784
0.767863
0.767942
0.768021
0.768099
0.768178
0.768257
0.768336
0.768414
0.768493
0.768572
0.76865
0.768729
0.768807
0.768886
0.768964
0.769043
0.769121
0.769199
0.769278
0.769356
0.769435
0.769513
0.769592
0.76967
0.769749
0.769827
0.769906
0.769985
0.770063
0.770142
0.770221
0.7703
0.770379
0.770458
0.770537
0.770616
0.770695
0.770774
0.770854
0.770933
0.771013
0.771093
0.771173
0.771253
0.771333
0.771413
0.771493
0.771574
0.771654
0.771735
0.771816
0.771897
0.771978
0.77206
0.772142
0.772223
0.772305
0.772387
0.77247
0.772552
0.772635
0.772718
0.772801
0.772885
0.772968
0.773052
0.773136
0.773221
0.773305
0.77339
0.773475
0.773561
0.773646
0.773732
0.773818
0.773905
0.773991
0.774078
0.774166
0.774253
0.774341
0.77443
0.774518
0.774607
0.774696
0.774786
0.774876
0.774966
0.775056
0.775147
0.775239
0.77533
0.775422
0.775514
0.775607
0.7757
0.775794
0.775888
0.775982
0.776076
0.776171
0.776267
0.776363
0.776459
0.776556
0.776653
0.77675
0.776848
0.776946
0.777045
0.777144
0.777244
0.777344
0.777445
0.777546
0.777647
0.777749
0.777852
0.777954
0.778058
0.778161
0.778266
0.77837
0.778476
0.778581
0.778688
0.778794
0.778902
0.779009
0.779117
0.779226
0.779335
0.779445
0.779555
0.779666
0.779777
0.779889
0.780001
0.780114
0.780227
0.780341
0.780455
0.78057
0.780686
0.780802
0.780918
0.781035
0.781153
0.781271
0.781389
0.781508
0.781628
0.781748
0.781869
0.78199
0.782112
0.782235
0.782358
0.782481
0.782605
0.78273
0.782855
0.782981
0.783107
0.783234
0.783361
0.783489
0.783617
0.783746
0.783876
0.784006
0.784137
0.784268
0.7844
0.784532
0.784665
0.784798
0.784932
0.785066
0.785201
0.785337
0.785473
0.78561
0.785747
0.785884
0.786023
0.786161
0.786301
0.78644
0.786581
0.786722
0.786863
0.787005
0.787147
0.78729
0.787434
0.787578
0.787722
0.787867
0.788013
0.788158
0.788305
0.788452
0.788599
0.788747
0.788896
0.789045
0.789194
0.789344
0.789494
0.789645
0.789797
0.789948
0.790101
0.790253
0.790406
0.79056
0.790714
0.790869
0.791024
0.791179
0.791335
0.791491
0.791648
0.791805
0.791962
0.79212
0.792279
0.792437
0.792597
0.792756
0.792916
0.793077
0.793237
0.793398
0.79356
0.793722
0.793884
0.794047
0.794209
0.794373
0.794536
0.7947
0.794865
0.795029
0.795194
0.79536
0.795525
0.795691
0.795858
0.796024
0.796191
0.796358
0.796526
0.796694
0.796862
0.79703
0.797199
0.797368
0.797537
0.797706
0.797876
0.798046
0.798216
0.798386
0.798557
0.798728
0.798899
0.79907
0.799242
0.799413
0.799585
0.799757
0.79993
0.800102
0.800275
0.800448
0.800621
0.800794
0.800967
0.801141
0.801315
0.801488
0.801662
0.801836
0.802011
0.802185
0.80236
0.802534
0.802709
0.802884
0.803059
0.803234
0.803409
0.803584
0.80376
0.803935
0.804111
0.804286
0.804462
0.804637
0.804813
0.804989
0.805165
0.805341
0.805517
0.805693
0.805869
0.806045
0.806221
0.806397
0.806573
0.806749
0.806925
0.807102
0.807278
0.807454
0.80763
0.807806
0.807982
0.808158
0.808334
0.80851
0.808686
0.808862
0.809038
0.809214
0.80939
0.809566
0.809741
0.809917
0.810093
0.810268
0.810444
0.810619
0.810795
0.81097
0.811145
0.81132
0.811495
0.81167
0.811845
0.81202
0.812194
0.812369
0.812543
0.812718
0.812892
0.813066
0.81324
0.813414
0.813587
0.813761
0.813935
0.814108
0.814281
0.814454
0.814627
0.8148
0.814973
0.815145
0.815318
0.81549
0.815662
0.815834
0.816006
0.816177
0.816349
0.81652
0.816691
0.816862
0.817033
0.817204
0.817374
0.817545
0.817715
0.817885
0.818055
0.818224
0.818394
0.818563
0.818732
0.818901
0.81907
0.819238
0.819407
0.819575
0.819743
0.819911
0.820078
0.820246
0.820413
0.82058
0.820747
0.820914
0.82108
0.821246
0.821412
0.821578
0.821744
0.821909
0.822074
0.822239
0.822404
0.822569
0.822733
0.822897
0.823061
0.823225
0.823389
0.823552
0.823715
0.823878
0.824041
0.824204
0.824366
0.824528
0.82469
0.824851
0.825013
0.825174
0.825335
0.825496
0.825657
0.825817
0.825977
0.826137
0.826297
0.826456
0.826616
0.826775
0.826933
0.827092
0.82725
0.827409
0.827567
0.827724
0.827882
0.828039
0.828196
0.828353
0.82851
0.828666
0.828822
0.828978
0.829134
0.82929
0.829445
0.8296
0.829755
0.82991
0.830064
0.830218
0.830372
0.830526
0.83068
0.830833
0.830986
0.831139
0.831292
0.831444
0.831596
0.831748
0.8319
0.832052
0.832203
0.832354
0.832505
0.832656
0.832806
0.832957
0.833107
0.833256
0.833406
0.833555
0.833705
0.833854
0.834002
0.834151
0.834299
0.834447
0.834595
0.834743
0.83489
0.835037
0.835184
0.835331
0.835477
0.835624
0.83577
0.835916
0.836061
0.836207
0.836352
0.836497
0.836642
0.836787
0.836931
0.837075
0.837219
0.837363
0.837506
0.83765
0.837793
0.837936
0.838078
0.838221
0.838363
0.838505
0.838647
0.838788
0.83893
0.839071
0.839212
0.839353
0.839493
0.839634
0.839774
0.839914
0.840054
0.840193
0.840332
0.840472
0.84061
0.840749
0.840888
0.841026
0.841164
0.841302
0.84144
0.841577
0.841714
0.841851
0.841988
0.842125
0.842262
0.842398
0.842534
0.84267
0.842805
0.842941
0.843076
0.843211
0.843346
0.843481
0.843615
0.84375
0.843884
0.844018
0.844152
0.844285
0.844418
0.844552
0.844685
0.844817
0.84495
0.845082
0.845215
0.845347
0.845478
0.84561
0.845742
0.845873
0.846004
0.846135
0.846266
0.846396
0.846526
0.846657
0.846787
0.846917
0.847046
0.847176
0.847305
0.847434
0.847563
0.847692
0.84782
0.847949
0.848077
0.848205
0.848333
0.848461
0.848588
0.848716
0.848843
0.84897
0.849097
0.849224
0.84935
0.849477
0.849603
0.849729
0.849855
0.84998
0.850106
0.850231
0.850357
0.850482
0.850607
0.850731
0.850856
0.85098
0.851105
0.851229
0.851353
0.851477
0.8516
0.851724
0.851847
0.85197
0.852093
0.852216
0.852339
0.852462
0.852584
0.852706
0.852828
0.85295
0.853072
0.853194
0.853315
0.853437
0.853558
0.853679
0.8538
0.853921
0.854041
0.854162
0.854282
0.854402
0.854522
0.854642
0.854762
0.854881
0.855001
0.85512
0.855239
0.855358
0.855477
0.855596
0.855714
0.855833
0.855951
0.856069
0.856187
0.856305
0.856422
0.85654
0.856657
0.856774
0.856891
0.857008
0.857125
0.857242
0.857358
0.857474
0.85759
0.857706
0.857822
0.857938
0.858053
0.858169
0.858284
0.858399
0.858514
0.858628
0.858743
0.858857
0.858972
0.859086
0.859199
0.859313
0.859427
0.85954
0.859653
0.859766
0.859879
0.859992
0.860104
0.860217
0.860329
0.860441
0.860553
0.860664
0.860776
0.860887
0.860998
0.861109
0.86122
0.86133
0.861441
0.861551
0.861661
0.86177
0.86188
0.861989
0.862098
0.862207
0.862316
0.862425
0.862533
0.862641
0.862749
0.862856
0.862964
0.863071
0.863178
0.863285
0.863391
0.863498
0.863604
0.86371
0.863815
0.863921
0.864026
0.864131
0.864236
0.86434
0.864444
0.864548
0.864652
0.864755
0.864858
0.864961
0.865064
0.865166
0.865268
0.86537
0.865472
0.865573
0.865674
0.865775
0.865875
0.865976
0.866075
0.866175
0.866274
0.866373
0.866472
0.866571
0.866669
0.866766
0.866864
0.866961
0.867058
0.867155
0.867251
0.867347
0.867443
0.867538
0.867633
0.867728
0.867822
0.867916
0.86801
0.868103
0.868196
0.868288
0.868381
0.868473
0.868564
0.868656
0.868747
0.868837
0.868927
0.869017
0.869107
0.869196
0.869284
0.869373
0.869461
0.869548
0.869636
0.869723
0.869809
0.869895
0.869981
0.870066
0.870151
0.870236
0.87032
0.870404
0.870487
0.87057
0.870653
0.870735
0.870817
0.870898
0.870979
0.87106
0.87114
0.87122
0.871299
0.871378
0.871457
0.871535
0.871612
0.87169
0.871767
0.871843
0.871919
0.871995
0.87207
0.872145
0.872219
0.872293
0.872367
0.87244
0.872513
0.872585
0.872657
0.872728
0.872799
0.87287
0.87294
0.873009
0.873079
0.873147
0.873216
0.873284
0.873351
0.873419
0.873485
0.873551
0.873617
0.873683
0.873748
0.873812
0.873876
0.87394
0.874003
0.874066
0.874129
0.874191
0.874252
0.874313
0.874374
0.874434
0.874494
0.874553
0.874613
0.874671
0.874729
0.874787
0.874844
0.874901
0.874958
0.875014
0.87507
0.875125
0.87518
0.875234
0.875288
0.875342
0.875395
0.875448
0.8755
0.875552
0.875604
0.875655
0.875706
0.875757
0.875807
0.875856
0.875905
0.875954
0.876003
0.876051
0.876099
0.876146
0.876193
0.87624
0.876286
0.876332
0.876377
0.876422
0.876467
0.876511
0.876555
0.876599
0.876642
0.876685
0.876728
0.87677
0.876812
0.876854
0.876895
0.876936
0.876976
0.877016
0.877056
0.877096
0.877135
0.877174
0.877212
0.877251
0.877288
0.877326
0.877363
0.8774
0.877437
0.877473
0.877509
0.877545
0.87758
0.877615
0.87765
0.877685
0.877719
0.877753
0.877786
0.87782
0.877853
0.877885
0.877918
0.87795
0.877982
0.878014
0.878045
0.878076
0.878107
0.878137
0.878168
0.878198
0.878228
0.878257
0.878286
0.878315
0.878344
0.878373
0.878401
0.878429
0.878456
0.878484
0.878511
0.878538
0.878565
0.878592
0.878618
0.878644
0.87867
0.878695
0.878721
0.878746
0.878771
0.878795
0.87882
0.878844
0.878868
0.878892
0.878915
0.878939
0.878962
0.878985
0.879008
0.87903
0.879052
0.879074
0.879096
0.879118
0.879139
0.87916
0.879181
0.879202
0.879223
0.879243
0.879263
0.879283
0.879303
0.879323
