-0.475
-0.475
-0.475
-0.475
-0.475
-0.475
-0.475
-0.475
-0.474999
-0.474999
-0.474999
-0.474999
-0.474999
-0.474999
-0.474998
-0.474998
-0.474998
-0.474998
-0.474997
-0.474997
-0.474997
-0.474996
-0.474996
-0.474995
-0.474995
-0.474995
-0.474994
-0.474994
-0.474993
-0.474993
-0.474992
-0.474992
-0.474991
-0.474991
-0.47499
-0.474989
-0.474989
-0.474988
-0.474988
-0.474987
-0.474986
-0.474986
-0.474985
-0.474984
-0.474984
-0.474983
-0.474982
-0.474981
-0.474981
-0.47498
-0.474979
-0.474978
-0.474977
-0.474977
-0.474976
-0.474975
-0.474974
-0.474973
-0.474972
-0.474971
-0.474971
-0.47497
-0.474969
-0.474968
-0.474967
-0.474966
-0.474965
-0.474964
-0.474963
-0.474962
-0.474961
-0.47496
-0.474959
-0.474958
-0.474957
-0.474956
-0.474956
-0.474955
-0.474954
-0.474953
-0.474952
-0.474951
-0.47495
-0.474949
-0.474948
-0.474947
-0.474946
-0.474945
-0.474944
-0.474943
-0.474942
-0.474941
-0.47494
-0.474939
-0.474938
-0.474937
-0.474936
-0.474935
-0.474934
-0.474933
-0.474932
-0.474931
-0.47493
-0.474929
-0.474928
-0.474927
-0.474926
-0.474925
-0.474924
-0.474923
-0.474922
-0.474921
-0.47492
-0.47492
-0.474919
-0.474918
-0.474917
-0.474916
-0.474915
-0.474914
-0.474914
-0.474913
-0.474912
-0.474911
-0.47491
-0.47491
-0.474909
-0.474908
-0.474907
-0.474907
-0.474906
-0.474905
-0.474905
-0.474904
-0.474903
-0.474903
-0.474902
-0.474901
-0.474901
-0.4749
-0.4749
-0.474899
-0.474899
-0.474898
-0.474898
-0.474897
-0.474897
-0.474896
-0.474896
-0.474895
-0.474895
-0.474895
-0.474894
-0.474894
-0.474893
-0.474893
-0.474893
-0.474893
-0.474892
-0.474892
-0.474892
-0.474892
-0.474891
-0.474891
-0.474891
-0.474891
-0.474891
-0.474891
-0.474891
-0.474891
-0.474891
-0.474891
-0.474891
-0.474891
-0.474891
-0.474891
-0.474891
-0.474891
-0.474891
-0.474891
-0.474891
-0.474891
-0.474892
-0.474892
-0.474892
-0.474892
-0.474892
-0.474893
-0.474893
-0.474893
-0.474894
-0.474894
-0.474894
-0.474895
-0.474895
-0.474895
-0.474896
-0.474896
-0.474897
-0.474897
-0.474898
-0.474898
-0.474899
-0.474899
-0.4749
-0.4749
-0.474901
-0.474902
-0.474902
-0.474903
-0.474903
-0.474904
-0.474905
-0.474905
-0.474906
-0.474907
-0.474908
-0.474908
-0.474909
-0.47491
-0.474911
-0.474911
-0.474912
-0.474913
-0.474914
-0.474915
-0.474915
-0.474916
-0.474917
-0.474918
-0.474919
-0.47492
-0.474921
-0.474922
-0.474923
-0.474923
-0.474924
-0.474925
-0.474926
-0.474927
-0.474928
-0.474929
-0.47493
-0.474931
-0.474932
-0.474933
-0.474934
-0.474935
-0.474936
-0.474937
-0.474938
-0.474939
-0.47494
-0.474941
-0.474942
-0.474943
-0.474944
-0.474945
-0.474946
-0.474947
-0.474948
-0.474949
-0.47495
-0.474951
-0.474952
-0.474953
-0.474954
-0.474955
-0.474956
-0.474957
-0.474958
-0.474959
-0.47496
-0.474961
-0.474962
-0.474963
-0.474964
-0.474965
-0.474966
-0.474967
-0.474968
-0.474969
-0.47497
-0.47497
-0.474971
-0.474972
-0.474973
-0.474974
-0.474975
-0.474976
-0.474977
-0.474977
-0.474978
-0.474979
-0.47498
-0.474981
-0.474981
-0.474982
-0.474983
-0.474984
-0.474984
-0.474985
-0.474986
-0.474987
-0.474987
-0.474988
-0.474989
-0.474989
-0.47499
-0.47499
-0.474991
-0.474992
-0.474992
-0.474993
-0.474993
-0.474994
-0.474994
-0.474995
-0.474995
-0.474996
-0.474996
-0.474996
-0.474997
-0.474997
-0.474998
-0.474998
-0.474998
-0.474999
-0.474999
-0.474999
-0.474999
-0.475
-0.475
-0.475
-0.475
-0.475
-0.475001
-0.475001
-0.475001
-0.475001
-0.475001
-0.475001
-0.475001
-0.475001
-0.475001
-0.475001
-0.475001
-0.475001
-0.475001
-0.475001
-0.475001
-0.475001
-0.475001
-0.475001
-0.475001
-0.475001
-0.475001
-0.475001
-0.475001
-0.475001
-0.475001
-0.475001
-0.475001
-0.475001
-0.475001
-0.475001
-0.475001
-0.475001
-0.475001
-0.475001
-0.475001
-0.475001
-0.475001
-0.475001
-0.475001
-0.475001
-0.475001
-0.475001
-0.475001
-0.475001
-0.475001
-0.475001
-0.475001
-0.475001
-0.475001
-0.475001
-0.475001
-0.475001
-0.475001
-0.475001
-0.475001
-0.475001
-0.475001
-0.475001
-0.475001
-0.475001
-0.475001
-0.475001
-0.475001
-0.475001
-0.475001
-0.475001
-0.475001
-0.475001
-0.475001
-0.475001
-0.475001
-0.475001
-0.475001
-0.475001
-0.475001
-0.475001
-0.475001
-0.475001
-0.475001
-0.475001
-0.475001
-0.475001
-0.475001
-0.475001
-0.475001
-0.475001
-0.475001
-0.475001
-0.475001
-0.475001
-0.475001
-0.475001
-0.475001
-0.475001
-0.475001
-0.475001
-0.475001
-0.475001
-0.475001
-0.475001
-0.475001
-0.475
-0.475
-0.475
-0.475
-0.475
-0.475
-0.475
-0.475
-0.475
-0.475
-0.475
-0.475
-0.475
-0.475
-0.475
-0.475
-0.475
-0.475
-0.475
-0.475
-0.475
-0.475
-0.475
-0.475
-0.475
-0.475
-0.475
-0.475
-0.475
-0.475
-0.475
-0.475
-0.475
-0.475
-0.475
-0.475
-0.475
-0.475
-0.475
-0.475
-0.475
-0.475
-0.475
-0.475
-0.475
-0.475
-0.475
-0.475
-0.475
-0.475
-0.475
-0.475
-0.475
-0.475
-0.475
-0.475
-0.475
-0.475
-0.475
-0.475
-0.475
-0.475
-0.475
-0.475
-0.475
-0.475
-0.475
-0.475
-0.475
-0.475
-0.475
-0.475
-0.475
-0.475
-0.475
-0.475
-0.475
-0.475
-0.475
-0.475
-0.475
-0.475
-0.475
-0.475
-0.475
-0.475
-0.475
-0.475
-0.475
-0.475
-0.475
-0.475
-0.475
-0.474999
-0.474999
-0.474999
-0.474999
-0.474999
-0.474999
-0.474999
-0.474999
-0.474999
-0.474999
-0.474999
-0.474999
-0.474999
-0.474999
-0.474999
-0.474999
-0.474999
-0.474999
-0.474999
-0.474999
-0.474999
-0.474999
-0.474999
-0.474999
-0.474999
-0.474999
-0.474999
-0.474999
-0.474999
-0.474999
-0.474999
-0.474999
-0.474999
-0.474999
-0.474999
-0.474999
-0.474999
-0.474999
-0.474999
-0.474999
-0.474999
-0.475
-0.475
-0.475
-0.475
-0.475
-0.475
-0.475
-0.475
-0.475
-0.475
-0.475
-0.475
-0.475
-0.475
-0.475
-0.475
-0.475
-0.475
-0.475
-0.475
-0.475
-0.475
-0.475
-0.475
-0.475
-0.475
-0.475
-0.475
-0.475
-0.475
-0.475
-0.475
-0.475
-0.475
-0.475
-0.475
-0.475
-0.475
-0.475
-0.475
-0.475
-0.475
-0.475
-0.475
-0.475
-0.475
-0.475
-0.475
-0.475
-0.475
-0.475
-0.475
-0.475
-0.475
-0.475
-0.475
-0.475
-0.475
-0.475
-0.475
-0.475
-0.475
-0.475
-0.475
-0.475
-0.475
-0.475
-0.475
-0.475
-0.475
-0.475
-0.475
-0.475
-0.475
-0.475
-0.475
-0.475
-0.475
-0.475
-0.475
-0.475
-0.475
-0.475
-0.475
-0.475
-0.475
-0.475
-0.475
-0.475
-0.475
-0.475
-0.475
-0.475
-0.475
-0.475
-0.475
-0.475
-0.475
-0.475
-0.475
-0.475
-0.475
-0.475
-0.475
-0.475
-0.475
-0.475
-0.475
-0.475
-0.475
-0.475
-0.475
-0.475
-0.475
-0.475
-0.475
-0.475
-0.475
-0.475
-0.475
-0.475
-0.475
-0.475
-0.475
-0.475
-0.475
-0.475
-0.475
-0.475
-0.475
-0.475
-0.475
-0.475
-0.475
-0.475
-0.475
-0.475
-0.475001
-0.475001
-0.475001
-0.475001
-0.475001
-0.475001
-0.475001
-0.475001
-0.475001
-0.475001
-0.475001
-0.475001
-0.475001
-0.475001
-0.475001
-0.475001
-0.475001
-0.475001
-0.475001
-0.475001
-0.475001
-0.475001
-0.475001
-0.475001
-0.475001
-0.475001
-0.475001
-0.475001
-0.475001
-0.475001
-0.475001
-0.475001
-0.475001
-0.475001
-0.475001
-0.475001
-0.475
-0.475
-0.475
-0.475
-0.475
-0.475
-0.475
-0.475
-0.475
-0.475
-0.475
-0.475
-0.475
-0.475
-0.475
-0.475
-0.475
-0.475
-0.475
-0.475
-0.475
-0.475
-0.475
-0.475
-0.475
-0.475
-0.475
-0.475
-0.475
-0.475
-0.475
-0.475
-0.475
-0.475
-0.475
-0.475
-0.475
-0.475
-0.475
-0.475
-0.475
-0.475
-0.475
-0.475
-0.475
-0.475
-0.475
-0.475
-0.475
-0.475
-0.475
-0.475
-0.475
-0.475
-0.475
-0.475
-0.475
-0.475
-0.475
-0.475
-0.475
-0.475
-0.475
-0.475
-0.475
-0.475
-0.475
-0.475
-0.475
-0.475
-0.475
-0.475
-0.475
-0.475
-0.475
-0.475
-0.475
-0.475
-0.475
-0.475
-0.475
-0.475
-0.475
-0.475
-0.475
-0.475
-0.475
-0.475
-0.475
-0.475
-0.475
-0.475
-0.475
-0.475
-0.475
-0.475
-0.475
-0.475
-0.475
-0.475
-0.475
-0.475
-0.475
-0.475
-0.475
-0.475
-0.475
-0.475
-0.475
-0.475
-0.475
-0.475
-0.475
-0.475
-0.475
-0.475
-0.475
-0.475
-0.475
-0.475
-0.475
-0.475
-0.475
-0.475
-0.475
-0.475
-0.475
-0.475
-0.475
-0.475
-0.475
-0.475
-0.475
-0.475
-0.475
-0.475
-0.475
-0.475
-0.475
-0.475
-0.475
-0.475
-0.475
-0.475
-0.475
-0.475
-0.475
-0.475
-0.475
-0.475
-0.475
-0.475
-0.475
-0.475
-0.475
-0.475
-0.475
-0.475
-0.475
-0.475
-0.475
-0.475
-0.475
-0.475
-0.475
-0.475
-0.475
-0.475
-0.475
-0.475
-0.475
-0.475
-0.475
-0.475
-0.475
-0.475
-0.475
-0.475
-0.475
-0.475
-0.475
-0.475
-0.475
-0.475
-0.475
-0.475
-0.475
-0.475
-0.475
-0.475
-0.475
-0.475
-0.475
-0.475
-0.475
-0.475
-0.475
-0.475
-0.475
-0.475
-0.475
-0.475
-0.475
-0.475
-0.475
-0.475
-0.475
-0.475
-0.475
-0.475
-0.475
-0.475
-0.475
-0.475
-0.475
-0.475
-0.475
-0.475
-0.475
-0.475
-0.475
-0.475
-0.475
-0.475
-0.475
-0.475
-0.475
-0.475
-0.475
-0.475
-0.475
-0.475
-0.475
-0.475
-0.475
-0.475
-0.475
-0.475
-0.475
-0.475
-0.475
-0.475
-0.475
-0.475
-0.475
-0.475
-0.475
-0.475
-0.475
-0.475
-0.475
-0.475
-0.475
-0.475
-0.475
-0.475
-0.475
-0.475
-0.475
-0.475
-0.475
-0.475
-0.475
-0.475
-0.475
-0.475
-0.475
-0.475
-0.475
-0.475
-0.475
-0.475
-0.475
-0.475
-0.475
-0.475
-0.475
-0.475
-0.475
-0.475
-0.475
-0.475
-0.475
-0.475
-0.475
-0.475
-0.475
-0.475
-0.475
-0.475
-0.475
-0.475
-0.475
-0.475
-0.475
-0.475
-0.475
-0.475
-0.475
-0.475
-0.475
-0.475
-0.475
-0.475
-0.475
-0.475
-0.475
-0.475
-0.475
-0.475
-0.475
-0.475
-0.475
-0.475
-0.475
-0.475
-0.475
-0.475
-0.475
-0.475
-0.475
-0.475
-0.475
-0.475
-0.475
-0.475
-0.475
-0.475
-0.475
-0.475
-0.475
-0.475
-0.475
-0.475
-0.475
-0.475
-0.475
-0.475
-0.475
-0.475
-0.475
-0.475
-0.475
-0.475
-0.475
-0.475
-0.475
-0.475
-0.475
-0.475
-0.475
-0.475
-0.475
-0.475
-0.475
-0.475
-0.475
-0.475
-0.475
-0.475
-0.475
-0.475
-0.475
-0.475
-0.475
-0.475
-0.475
-0.475
-0.475
-0.475
-0.475
-0.475
-0.475
-0.475
-0.475
-0.475
-0.475
-0.475
-0.475
-0.475
-0.475
-0.475
-0.475
-0.475
-0.475
-0.475
-0.475
-0.475
-0.475
-0.475
-0.475
-0.475
-0.475
-0.475
-0.475
-0.475
-0.475
-0.475
-0.475
-0.475
-0.475
-0.475
-0.475
-0.475
-0.475
-0.475
-0.475
-0.475
-0.475
-0.475
-0.475
-0.475
-0.475
-0.475
-0.475
-0.475
-0.475
-0.475
-0.475
-0.475
-0.475
-0.475
-0.475
-0.475
-0.475
-0.475
-0.475
-0.475
-0.475
-0.475
-0.475
-0.475
-0.475
-0.475
-0.475
-0.475
-0.475
-0.475
-0.475
-0.475
-0.475
-0.475
-0.475
-0.475
-0.475
-0.475
-0.475
-0.475
-0.475
-0.475
-0.475
-0.475
-0.475
-0.475
-0.475
-0.475
-0.475
-0.475
-0.475
-0.475
-0.475
-0.475
-0.475
-0.475
-0.475
-0.475
-0.475
-0.475
-0.475
-0.475
-0.475
-0.475
-0.475
-0.475
-0.475
-0.475
-0.475
-0.475
-0.475
-0.475
-0.475
-0.475
-0.475
-0.475
-0.475
-0.475
-0.475
-0.475
-0.475
-0.475
-0.475
-0.475
-0.475
-0.475
-0.475
-0.475
-0.475
-0.475
-0.475
-0.475
-0.475
-0.475
-0.475
-0.475
-0.475
-0.475
-0.475
-0.475
-0.475
-0.475
-0.475
-0.475
-0.475
-0.475
-0.475
-0.475
-0.475
-0.475
-0.475
-0.475
-0.475
-0.475
-0.475
-0.475
-0.475
-0.475
-0.475
-0.475
-0.475
-0.475
-0.475
-0.475
-0.475
-0.475
-0.475
-0.475
-0.475
-0.475
-0.475
-0.475
-0.475
-0.475
-0.475
-0.475
-0.475
-0.475
-0.475
-0.475
-0.475
-0.475
-0.475
-0.475
-0.475
-0.475
-0.475
-0.475
-0.475
-0.475
-0.475
-0.475
-0.475
-0.475
-0.475
-0.475
-0.475
-0.475
-0.475
-0.475
-0.475
-0.475
-0.475
-0.475
-0.475
-0.475
-0.475
-0.475
-0.475
-0.475
-0.475
-0.475
-0.475
-0.475
-0.475
-0.475
-0.475
-0.475
-0.475
-0.475
-0.475
-0.475
-0.475
-0.475
-0.475
-0.475
-0.475
-0.475
-0.475
-0.475
-0.475
-0.475
-0.475
-0.475
-0.475
-0.475
-0.475
-0.475
-0.475
-0.475
-0.475
-0.475
-0.475
-0.475
-0.475
-0.475
-0.475
-0.475
-0.475
-0.475
-0.475
-0.475
-0.475
-0.475
-0.475
-0.475
-0.475
-0.475
-0.475
-0.475
-0.475
-0.475
-0.475
-0.475
-0.475
-0.475
-0.475
-0.475
-0.475
-0.475
-0.475
-0.475
-0.475
-0.475
-0.475
-0.475
-0.475
-0.475
-0.475
-0.475
-0.475
-0.475
-0.475
-0.475
-0.475
-0.475
-0.475
-0.475
-0.475
-0.475
-0.475
-0.475
-0.475
-0.475
-0.475
-0.475
-0.475
-0.475
-0.475
-0.475
-0.475
-0.475
-0.475
-0.475
-0.475
-0.475
-0.475
-0.475
-0.475
-0.475
-0.475
-0.475
-0.475
-0.475
-0.475
-0.475
-0.475
-0.475
-0.475
-0.475
-0.475
-0.475
-0.475
-0.475
-0.475
-0.475
-0.475
-0.475
-0.475
-0.475
-0.475
-0.475
-0.475
-0.475
-0.475
-0.475
-0.475
-0.475
-0.475
-0.475
-0.475
-0.475
-0.475
-0.475
-0.475
-0.475
-0.475
-0.475
-0.475
-0.475
-0.475
-0.475
-0.475
-0.475
-0.475
-0.475
-0.475
-0.475
-0.475
-0.475
-0.475
-0.475
-0.475
-0.475
-0.475
-0.475
-0.475
-0.475
-0.475
-0.475
-0.475
-0.475
-0.475
-0.475
-0.475
-0.475
-0.475
-0.475
-0.475
-0.475
-0.475
-0.475
-0.475
-0.475
-0.475
-0.475
-0.475
-0.475
-0.475
-0.475
-0.475
-0.475
-0.475
-0.475
-0.475
-0.475
-0.475
-0.475
-0.475
-0.475
-0.475
-0.475
-0.475
-0.475
-0.475
-0.475
-0.475
-0.475
-0.475
-0.475
-0.475
-0.475
-0.475
-0.475
-0.475
-0.475
-0.475
-0.475
-0.475
-0.475
-0.475
-0.475
-0.475
-0.475
-0.475
-0.475
-0.475
-0.475
-0.475
-0.475
-0.474999
-0.474999
-0.474999
-0.474999
-0.474999
-0.474999
-0.474999
-0.474999
-0.474999
-0.474999
-0.474999
-0.474999
-0.474999
-0.474999
-0.474999
-0.474999
-0.474999
-0.474999
-0.474999
-0.474999
-0.474999
-0.474999
-0.474999
-0.474999
-0.474999
-0.474999
-0.474999
-0.474999
-0.474999
-0.474999
-0.474999
-0.474999
-0.474999
-0.474999
-0.474999
-0.474999
-0.474999
-0.474999
-0.474999
-0.474999
-0.474999
-0.474999
-0.474999
-0.474999
-0.474999
-0.474999
-0.474999
-0.474999
-0.475
-0.475
-0.475
-0.475
-0.475
-0.475
-0.475
-0.475
-0.475
-0.475
-0.475
-0.475
-0.475
-0.475
-0.475
-0.475
-0.475
-0.475
-0.475
-0.475
-0.475
-0.475
-0.475
-0.475
-0.475
-0.475
-0.475
-0.475
-0.475
-0.475
-0.475
-0.475
-0.475
-0.475
-0.475
-0.475
-0.475
-0.475
-0.475
-0.475
-0.475
-0.475
-0.475
-0.475
-0.475
-0.475
-0.475
-0.475
-0.475
-0.475
-0.475
-0.475
-0.475
-0.475001
-0.475001
-0.475001
-0.475001
-0.475001
-0.475001
-0.475001
-0.475001
-0.475001
-0.475001
-0.475001
-0.475001
-0.475001
-0.475001
-0.475001
-0.475001
-0.475001
-0.475001
-0.475001
-0.475001
-0.475001
-0.475001
-0.475001
-0.475001
-0.475001
-0.475001
-0.475001
-0.475001
-0.475001
-0.475001
-0.475001
-0.475001
-0.475001
-0.475001
-0.475001
-0.475002
-0.475002
-0.475002
-0.475002
-0.475002
-0.475002
-0.475002
-0.475002
-0.475002
-0.475002
-0.475002
-0.475002
-0.475002
-0.475002
-0.475002
-0.475002
-0.475002
-0.475002
-0.475002
-0.475002
-0.475002
-0.475002
-0.475002
-0.475002
-0.475002
-0.475002
-0.475002
-0.475002
-0.475002
-0.475002
-0.475002
-0.475002
-0.475002
-0.475002
-0.475002
-0.475002
-0.475002
-0.475002
-0.475002
-0.475002
-0.475002
-0.475002
-0.475002
-0.475002
-0.475002
-0.475002
-0.475002
-0.475002
-0.475002
-0.475002
-0.475002
-0.475002
-0.475002
-0.475002
-0.475002
-0.475002
-0.475002
-0.475002
-0.475002
-0.475002
-0.475002
-0.475002
-0.475002
-0.475002
-0.475002
-0.475002
-0.475002
-0.475002
-0.475002
-0.475002
-0.475002
-0.475002
-0.475002
-0.475002
-0.475002
-0.475002
-0.475002
-0.475002
-0.475002
-0.475002
-0.475002
-0.475002
-0.475002
-0.475002
-0.475001
-0.475001
-0.475001
-0.475001
-0.475001
-0.475001
-0.475001
-0.475001
-0.475001
-0.475001
-0.475001
-0.475001
-0.475001
-0.475001
-0.475001
-0.475001
-0.475001
-0.475001
-0.475001
-0.475
-0.475
-0.475
-0.475
-0.475
-0.475
-0.475
-0.475
-0.475
-0.475
-0.475
-0.475
-0.475
-0.475
-0.474999
-0.474999
-0.474999
-0.474999
-0.474999
-0.474999
-0.474999
-0.474999
-0.474999
-0.474999
-0.474999
-0.474999
-0.474998
-0.474998
-0.474998
-0.474998
-0.474998
-0.474998
-0.474998
-0.474998
-0.474998
-0.474998
-0.474998
-0.474997
-0.474997
-0.474997
-0.474997
-0.474997
-0.474997
-0.474997
-0.474997
-0.474997
-0.474997
-0.474997
-0.474996
-0.474996
-0.474996
-0.474996
-0.474996
-0.474996
-0.474996
-0.474996
-0.474996
-0.474996
-0.474996
-0.474995
-0.474995
-0.474995
-0.474995
-0.474995
-0.474995
-0.474995
-0.474995
-0.474995
-0.474995
-0.474995
-0.474995
-0.474994
-0.474994
-0.474994
-0.474994
-0.474994
-0.474994
-0.474994
-0.474994
-0.474994
-0.474994
-0.474994
-0.474994
-0.474994
-0.474994
-0.474994
-0.474993
-0.474993
-0.474993
-0.474993
-0.474993
-0.474993
-0.474993
-0.474993
-0.474993
-0.474993
-0.474993
-0.474993
-0.474993
-0.474993
-0.474993
-0.474993
-0.474993
-0.474993
-0.474993
-0.474993
-0.474993
-0.474993
-0.474993
-0.474993
-0.474993
-0.474993
-0.474993
-0.474993
-0.474993
-0.474993
-0.474993
-0.474993
-0.474993
-0.474993
-0.474993
-0.474993
-0.474993
-0.474993
-0.474993
-0.474993
-0.474993
-0.474993
-0.474993
-0.474993
-0.474993
-0.474993
-0.474993
-0.474994
-0.474994
-0.474994
-0.474994
-0.474994
-0.474994
-0.474994
-0.474994
-0.474994
-0.474994
-0.474994
-0.474995
-0.474995
-0.474995
-0.474995
-0.474995
-0.474995
-0.474995
-0.474995
-0.474996
-0.474996
-0.474996
-0.474996
-0.474996
-0.474996
-0.474996
-0.474997
-0.474997
-0.474997
-0.474997
-0.474997
-0.474997
-0.474998
-0.474998
-0.474998
-0.474998
-0.474998
-0.474998
-0.474999
-0.474999
-0.474999
-0.474999
-0.474999
-0.475
-0.475
-0.475
-0.475
-0.475001
-0.475001
-0.475001
-0.475001
-0.475001
-0.475002
-0.475002
-0.475002
-0.475002
-0.475003
-0.475003
-0.475003
-0.475003
-0.475003
-0.475004
-0.475004
-0.475004
-0.475004
-0.475005
-0.475005
-0.475005
-0.475005
-0.475006
-0.475006
-0.475006
-0.475006
-0.475007
-0.475007
-0.475007
-0.475007
-0.475008
-0.475008
-0.475008
-0.475008
-0.475009
-0.475009
-0.475009
-0.475009
-0.47501
-0.47501
-0.47501
-0.47501
-0.475011
-0.475011
-0.475011
-0.475011
-0.475012
-0.475012
-0.475012
-0.475012
-0.475013
-0.475013
-0.475013
-0.475013
-0.475013
-0.475014
-0.475014
-0.475014
-0.475014
-0.475015
-0.475015
-0.475015
-0.475015
-0.475015
-0.475015
-0.475016
-0.475016
-0.475016
-0.475016
-0.475016
-0.475017
-0.475017
-0.475017
-0.475017
-0.475017
-0.475017
-0.475017
-0.475018
-0.475018
-0.475018
-0.475018
-0.475018
-0.475018
-0.475018
-0.475018
-0.475018
-0.475018
-0.475019
-0.475019
-0.475019
-0.475019
-0.475019
-0.475019
-0.475019
-0.475019
-0.475019
-0.475019
-0.475019
-0.475019
-0.475019
-0.475019
-0.475019
-0.475019
-0.475019
-0.475019
-0.475019
-0.475019
-0.475019
-0.475019
-0.475019
-0.475019
-0.475019
-0.475019
-0.475019
-0.475019
-0.475018
-0.475018
-0.475018
-0.475018
-0.475018
-0.475018
-0.475018
-0.475018
-0.475018
-0.475018
-0.475017
-0.475017
-0.475017
-0.475017
-0.475017
-0.475017
-0.475017
-0.475016
-0.475016
-0.475016
-0.475016
-0.475016
-0.475016
-0.475015
-0.475015
-0.475015
-0.475015
-0.475015
-0.475015
-0.475015
-0.475014
-0.475014
-0.475014
-0.475014
-0.475014
-0.475014
-0.475014
-0.475013
-0.475013
-0.475013
-0.475013
-0.475013
-0.475013
-0.475013
-0.475013
-0.475012
-0.475012
-0.475012
-0.475012
-0.475012
-0.475012
-0.475012
-0.475012
-0.475012
-0.475012
-0.475012
-0.475012
-0.475012
-0.475012
-0.475013
-0.475013
-0.475013
-0.475013
-0.475013
-0.475013
-0.475014
-0.475014
-0.475014
-0.475014
-0.475015
-0.475015
-0.475015
-0.475016
-0.475016
-0.475017
-0.475017
-0.475018
-0.475018
-0.475019
-0.47502
-0.47502
-0.475021
-0.475022
-0.475023
-0.475023
-0.475024
-0.475025
-0.475026
-0.475027
-0.475028
-0.475029
-0.475031
-0.475032
-0.475033
-0.475034
-0.475036
-0.475037
-0.475039
-0.47504
-0.475042
-0.475044
-0.475045
-0.475047
-0.475049
-0.475051
-0.475053
-0.475055
-0.475058
-0.47506
-0.475062
-0.475065
-0.475067
-0.47507
-0.475072
-0.475075
-0.475078
-0.475081
-0.475084
-0.475087
-0.475091
-0.475094
-0.475097
-0.475101
-0.475105
-0.475108
-0.475112
-0.475116
-0.47512
-0.475125
-0.475129
-0.475134
-0.475138
-0.475143
-0.475148
-0.475153
-0.475158
-0.475163
-0.475169
-0.475174
-0.47518
-0.475186
-0.475192
-0.475198
-0.475204
-0.47521
-0.475217
-0.475224
-0.475231
-0.475238
-0.475245
-0.475252
-0.47526
-0.475268
-0.475276
-0.475284
-0.475292
-0.475301
-0.475309
-0.475318
-0.475327
-0.475337
-0.475346
-0.475356
-0.475366
-0.475376
-0.475386
-0.475397
-0.475407
-0.475418
-0.475429
-0.475441
-0.475452
-0.475464
-0.475477
-0.475489
-0.475501
-0.475514
-0.475527
-0.475541
-0.475554
-0.475568
-0.475582
-0.475597
-0.475612
-0.475626
-0.475642
-0.475657
-0.475673
-0.475689
-0.475705
-0.475722
-0.475739
-0.475756
-0.475774
-0.475792
-0.47581
-0.475828
-0.475847
-0.475866
-0.475886
-0.475906
-0.475926
-0.475946
-0.475967
-0.475988
-0.47601
-0.476031
-0.476054
-0.476076
-0.476099
-0.476122
-0.476146
-0.47617
-0.476194
-0.476219
-0.476244
-0.47627
-0.476296
-0.476322
-0.476349
-0.476376
-0.476403
-0.476431
-0.47646
-0.476488
-0.476518
-0.476547
-0.476577
-0.476608
-0.476639
-0.47667
-0.476702
-0.476734
-0.476767
-0.4768
-0.476833
-0.476867
-0.476902
-0.476937
-0.476972
-0.477008
-0.477045
-0.477081
-0.477119
-0.477157
-0.477195
-0.477234
-0.477273
-0.477313
-0.477354
-0.477395
-0.477436
-0.477478
-0.47752
-0.477563
-0.477607
-0.477651
-0.477696
-0.477741
-0.477786
-0.477833
-0.477879
-0.477927
-0.477975
-0.478023
-0.478072
-0.478122
-0.478172
-0.478223
-0.478274
-0.478326
-0.478379
-0.478432
-0.478485
-0.47854
-0.478595
-0.47865
-0.478706
-0.478763
-0.478821
-0.478878
-0.478937
-0.478996
-0.479056
-0.479117
-0.479178
-0.47924
-0.479302
-0.479365
-0.479429
-0.479493
-0.479558
-0.479624
-0.47969
-0.479757
-0.479825
-0.479893
-0.479962
-0.480032
-0.480102
-0.480173
-0.480245
-0.480317
-0.480391
-0.480464
-0.480539
-0.480614
-0.48069
-0.480766
-0.480844
-0.480922
-0.481
-0.48108
-0.48116
-0.481241
-0.481322
-0.481405
-0.481488
-0.481571
-0.481656
-0.481741
-0.481827
-0.481914
-0.482001
-0.482089
-0.482178
-0.482268
-0.482358
-0.482449
-0.482541
-0.482634
-0.482727
-0.482821
-0.482916
-0.483011
-0.483108
-0.483205
-0.483303
-0.483401
-0.483501
-0.483601
-0.483702
-0.483804
-0.483906
-0.484009
-0.484113
-0.484218
-0.484323
-0.48443
-0.484537
-0.484645
-0.484753
-0.484863
-0.484973
-0.485084
-0.485196
-0.485308
-0.485421
-0.485535
-0.48565
-0.485766
-0.485882
-0.485999
-0.486117
-0.486236
-0.486356
-0.486476
-0.486597
-0.486719
-0.486841
-0.486965
-0.487089
-0.487214
-0.48734
-0.487466
-0.487593
-0.487721
-0.48785
-0.48798
-0.48811
-0.488241
-0.488373
-0.488506
-0.488639
-0.488774
-0.488909
-0.489044
-0.489181
-0.489318
-0.489456
-0.489595
-0.489735
-0.489875
-0.490016
-0.490158
-0.490301
-0.490444
-0.490588
-0.490733
-0.490879
-0.491025
-0.491172
-0.49132
-0.491469
-0.491618
-0.491768
-0.491919
-0.492071
-0.492223
-0.492376
-0.49253
-0.492684
-0.492839
-0.492995
-0.493152
-0.493309
-0.493467
-0.493626
-0.493785
-0.493945
-0.494106
-0.494268
-0.49443
-0.494593
-0.494757
-0.494921
-0.495086
-0.495252
-0.495418
-0.495585
-0.495753
-0.495921
-0.49609
-0.49626
-0.49643
-0.496601
-0.496773
-0.496945
-0.497118
-0.497291
-0.497466
-0.49764
-0.497816
-0.497992
-0.498169
-0.498346
-0.498524
-0.498702
-0.498881
-0.499061
-0.499241
-0.499422
-0.499604
-0.499786
-0.499968
-0.500152
-0.500335
-0.50052
-0.500705
-0.50089
-0.501076
-0.501262
-0.50145
-0.501637
-0.501825
-0.502014
-0.502203
-0.502393
-0.502583
-0.502774
-0.502965
-0.503157
-0.503349
-0.503542
-0.503735
-0.503928
-0.504122
-0.504317
-0.504512
-0.504708
-0.504904
-0.5051
-0.505297
-0.505494
-0.505692
-0.50589
-0.506088
-0.506287
-0.506487
-0.506686
-0.506887
-0.507087
-0.507288
-0.507489
-0.507691
-0.507893
-0.508096
-0.508298
-0.508502
-0.508705
-0.508909
-0.509113
-0.509318
-0.509522
-0.509728
-0.509933
-0.510139
-0.510345
-0.510551
-0.510758
-0.510965
-0.511172
-0.51138
-0.511587
-0.511795
-0.512004
-0.512212
-0.512421
-0.51263
-0.512839
-0.513049
-0.513259
-0.513469
-0.513679
-0.513889
-0.5141
-0.51431
-0.514521
-0.514733
-0.514944
-0.515155
-0.515367
-0.515579
-0.515791
-0.516003
-0.516215
-0.516428
-0.51664
-0.516853
-0.517066
-0.517279
-0.517492
-0.517705
-0.517918
-0.518131
-0.518345
-0.518558
-0.518772
-0.518986
-0.519199
-0.519413
-0.519627
-0.519841
-0.520055
-0.520269
-0.520483
-0.520697
-0.520911
-0.521125
-0.521339
-0.521553
-0.521767
-0.521982
-0.522196
-0.52241
-0.522624
-0.522838
-0.523052
-0.523266
-0.52348
-0.523694
-0.523908
-0.524122
-0.524335
-0.524549
-0.524763
-0.524976
-0.52519
-0.525403
-0.525617
-0.52583
-0.526043
-0.526256
-0.526469
-0.526682
-0.526895
-0.527108
-0.52732
-0.527533
-0.527745
-0.527957
-0.528169
-0.528381
-0.528593
-0.528804
-0.529016
-0.529227
-0.529438
-0.529649
-0.52986
-0.530071
-0.530281
-0.530491
-0.530701
-0.530911
-0.531121
-0.531331
-0.53154
-0.531749
-0.531958
-0.532167
-0.532375
-0.532583
-0.532792
-0.532999
-0.533207
-0.533414
-0.533622
-0.533829
-0.534035
-0.534242
-0.534448
-0.534654
-0.53486
-0.535065
-0.53527
-0.535475
-0.53568
-0.535884
-0.536089
-0.536293
-0.536496
-0.5367
-0.536903
-0.537106
-0.537308
-0.53751
-0.537712
-0.537914
-0.538116
-0.538317
-0.538518
-0.538718
-0.538918
-0.539118
-0.539318
-0.539517
-0.539717
-0.539915
-0.540114
-0.540312
-0.54051
-0.540707
-0.540905
-0.541102
-0.541298
-0.541495
-0.541691
-0.541886
-0.542082
-0.542277
-0.542471
-0.542666
-0.54286
-0.543054
-0.543247
-0.54344
-0.543633
-0.543825
-0.544018
-0.544209
-0.544401
-0.544592
-0.544783
-0.544973
-0.545164
-0.545354
-0.545543
-0.545732
-0.545921
-0.54611
-0.546298
-0.546486
-0.546673
-0.546861
-0.547047
-0.547234
-0.54742
-0.547606
-0.547792
-0.547977
-0.548162
-0.548346
-0.548531
-0.548715
-0.548898
-0.549082
-0.549264
-0.549447
-0.549629
-0.549811
-0.549993
-0.550174
-0.550355
-0.550536
-0.550716
-0.550896
-0.551076
-0.551255
-0.551435
-0.551613
-0.551792
-0.55197
-0.552148
-0.552325
-0.552502
-0.552679
-0.552856
-0.553032
-0.553208
-0.553384
-0.553559
-0.553734
-0.553909
-0.554083
-0.554257
-0.554431
-0.554604
-0.554778
-0.55495
-0.555123
-0.555295
-0.555467
-0.555639
-0.555811
-0.555982
-0.556153
-0.556323
-0.556494
-0.556664
-0.556833
-0.557003
-0.557172
-0.557341
-0.55751
-0.557678
-0.557846
-0.558014
-0.558181
-0.558349
-0.558516
-0.558683
-0.558849
-0.559015
-0.559181
-0.559347
-0.559512
-0.559678
-0.559843
-0.560007
-0.560172
-0.560336
-0.5605
-0.560664
-0.560827
-0.560991
-0.561154
-0.561317
-0.561479
-0.561641
-0.561804
-0.561965
-0.562127
-0.562288
-0.56245
-0.562611
-0.562771
-0.562932
-0.563092
-0.563252
-0.563412
-0.563572
-0.563732
-0.563891
-0.56405
-0.564209
-0.564368
-0.564526
-0.564684
-0.564842
-0.565
-0.565158
-0.565316
-0.565473
-0.56563
-0.565787
-0.565944
-0.5661
-0.566257
-0.566413
-0.566569
-0.566725
-0.56688
-0.567036
-0.567191
-0.567347
-0.567502
-0.567656
-0.567811
-0.567966
-0.56812
-0.568274
-0.568428
-0.568582
-0.568736
-0.568889
-0.569043
-0.569196
-0.569349
-0.569502
-0.569655
-0.569807
-0.56996
-0.570112
-0.570264
-0.570416
-0.570568
-0.57072
-0.570872
-0.571023
-0.571175
-0.571326
-0.571477
-0.571628
-0.571779
-0.571929
-0.57208
-0.57223
-0.572381
-0.572531
-0.572681
-0.572831
-0.57298
-0.57313
-0.57328
-0.573429
-0.573578
-0.573727
-0.573876
-0.574025
-0.574174
-0.574323
-0.574471
-0.57462
-0.574768
-0.574916
-0.575064
-0.575212
-0.57536
-0.575508
-0.575655
-0.575803
-0.57595
-0.576098
-0.576245
-0.576392
-0.576539
-0.576685
-0.576832
-0.576979
-0.577125
-0.577271
-0.577418
-0.577564
-0.57771
-0.577856
-0.578001
-0.578147
-0.578292
-0.578438
-0.578583
-0.578728
-0.578873
-0.579018
-0.579163
-0.579308
-0.579453
-0.579597
-0.579741
-0.579886
-0.58003
-0.580174
-0.580318
-0.580461
-0.580605
-0.580749
-0.580892
-0.581035
-0.581179
-0.581322
-0.581465
-0.581607
-0.58175
-0.581893
-0.582035
-0.582178
-0.58232
-0.582462
-0.582604
-0.582746
-0.582887
-0.583029
-0.58317
-0.583312
-0.583453
-0.583594
-0.583735
-0.583876
-0.584016
-0.584157
-0.584297
-0.584437
-0.584577
-0.584717
-0.584857
-0.584997
-0.585136
-0.585276
-0.585415
-0.585554
-0.585693
-0.585832
-0.58597
-0.586109
-0.586247
-0.586385
-0.586524
-0.586661
-0.586799
-0.586937
-0.587074
-0.587211
-0.587348
-0.587485
-0.587622
-0.587759
-0.587895
-0.588032
-0.588168
-0.588304
-0.588439
-0.588575
-0.58871
-0.588846
-0.588981
-0.589116
-0.58925
-0.589385
-0.589519
-0.589653
-0.589787
-0.589921
-0.590055
-0.590188
-0.590322
-0.590455
-0.590588
-0.59072
-0.590853
-0.590985
-0.591117
-0.591249
-0.591381
-0.591512
-0.591644
-0.591775
-0.591906
-0.592036
-0.592167
-0.592297
-0.592427
-0.592557
-0.592687
-0.592816
-0.592945
-0.593074
-0.593203
-0.593332
-0.59346
-0.593588
-0.593716
-0.593844
-0.593971
-0.594098
-0.594225
-0.594352
-0.594479
-0.594605
-0.594731
-0.594857
-0.594983
-0.595108
-0.595233
-0.595358
-0.595483
-0.595607
-0.595731
-0.595855
-0.595979
-0.596103
-0.596226
-0.596349
-0.596471
-0.596594
-0.596716
-0.596838
-0.59696
-0.597081
-0.597203
-0.597324
-0.597444
-0.597565
-0.597685
-0.597805
-0.597924
-0.598044
-0.598163
-0.598282
-0.598401
-0.598519
-0.598637
-0.598755
-0.598872
-0.59899
-0.599107
-0.599223
-0.59934
-0.599456
-0.599572
-0.599688
-0.599803
-0.599918
-0.600033
-0.600148
-0.600262
-0.600376
-0.60049
-0.600603
-0.600717
-0.600829
-0.600942
-0.601055
-0.601167
-0.601278
-0.60139
-0.601501
-0.601612
-0.601723
-0.601833
-0.601943
-0.602053
-0.602163
-0.602272
-0.602381
-0.60249
-0.602598
-0.602706
-0.602814
-0.602922
-0.603029
-0.603136
-0.603243
-0.603349
-0.603455
-0.603561
-0.603667
-0.603772
-0.603877
-0.603982
-0.604086
-0.60419
-0.604294
-0.604397
-0.604501
-0.604604
-0.604706
-0.604809
-0.604911
-0.605013
-0.605114
-0.605216
-0.605317
-0.605417
-0.605518
-0.605618
-0.605718
-0.605817
-0.605916
-0.606015
-0.606114
-0.606212
-0.606311
-0.606408
-0.606506
-0.606603
-0.6067
-0.606797
-0.606893
-0.606989
-0.607085
-0.607181
-0.607276
-0.607371
-0.607466
-0.60756
-0.607654
-0.607748
-0.607842
-0.607935
-0.608028
-0.608121
-0.608214
-0.608306
-0.608398
-0.608489
-0.608581
-0.608672
-0.608763
-0.608853
-0.608944
-0.609034
-0.609123
-0.609213
-0.609302
-0.609391
-0.60948
-0.609568
-0.609656
-0.609744
-0.609832
-0.609919
-0.610006
-0.610093
-0.61018
-0.610266
-0.610352
-0.610438
-0.610523
-0.610608
-0.610693
-0.610778
-0.610863
-0.610947
-0.611031
-0.611114
-0.611198
-0.611281
-0.611364
-0.611447
-0.611529
-0.611611
-0.611693
-0.611775
-0.611856
-0.611937
-0.612018
-0.612099
-0.612179
-0.612259
-0.612339
-0.612419
-0.612498
-0.612578
-0.612657
-0.612735
-0.612814
-0.612892
-0.61297
-0.613048
-0.613125
-0.613203
-0.61328
-0.613356
-0.613433
-0.613509
-0.613585
-0.613661
-0.613737
-0.613812
-0.613887
-0.613962
-0.614037
-0.614111
-0.614186
-0.61426
-0.614333
-0.614407
-0.61448
-0.614553
-0.614626
-0.614699
-0.614771
-0.614844
-0.614916
-0.614987
-0.615059
-0.61513
-0.615201
-0.615272
-0.615343
-0.615413
-0.615483
-0.615553
-0.615623
-0.615693
-0.615762
-0.615831
-0.6159
-0.615969
-0.616037
-0.616106
-0.616174
-0.616242
-0.616309
-0.616377
-0.616444
-0.616511
-0.616578
-0.616644
-0.616711
-0.616777
-0.616843
-0.616908
-0.616974
-0.617039
-0.617104
-0.617169
-0.617234
-0.617298
-0.617363
-0.617427
-0.617491
-0.617554
-0.617618
-0.617681
-0.617744
-0.617807
-0.61787
-0.617932
-0.617994
-0.618056
-0.618118
-0.61818
-0.618241
-0.618303
-0.618364
-0.618424
-0.618485
-0.618545
-0.618606
-0.618666
-0.618725
-0.618785
-0.618844
-0.618904
-0.618963
-0.619021
-0.61908
-0.619138
-0.619197
-0.619255
-0.619312
-0.61937
-0.619427
-0.619485
-0.619542
-0.619598
-0.619655
-0.619711
-0.619768
-0.619824
-0.619879
-0.619935
-0.61999
-0.620045
-0.6201
-0.620155
-0.62021
-0.620264
-0.620318
-0.620372
-0.620426
-0.620479
-0.620533
-0.620586
-0.620639
-0.620692
-0.620744
-0.620797
-0.620849
-0.620901
-0.620952
-0.621004
-0.621055
-0.621106
-0.621157
-0.621208
-0.621258
-0.621309
-0.621359
-0.621408
-0.621458
-0.621508
-0.621557
-0.621606
-0.621655
-0.621703
-0.621752
-0.6218
-0.621848
-0.621896
-0.621943
-0.621991
-0.622038
-0.622085
-0.622132
-0.622178
-0.622224
-0.62227
-0.622316
-0.622362
-0.622408
-0.622453
-0.622498
-0.622543
-0.622587
-0.622632
-0.622676
-0.62272
-0.622764
-0.622807
-0.622851
-0.622894
-0.622937
-0.622979
-0.623022
-0.623064
-0.623106
-0.623148
-0.623189
-0.623231
-0.623272
-0.623313
-0.623354
-0.623394
-0.623435
-0.623475
-0.623515
-0.623554
-0.623594
-0.623633
-0.623672
-0.623711
-0.623749
-0.623787
-0.623826
-0.623863
-0.623901
-0.623939
-0.623976
-0.624013
-0.62405
-0.624086
-0.624123
-0.624159
-0.624195
-0.62423
-0.624266
-0.624301
-0.624336
-0.624371
-0.624405
-0.62444
-0.624474
-0.624508
-0.624541
-0.624575
-0.624608
-0.624641
-0.624674
-0.624706
-0.624739
-0.624771
-0.624803
-0.624834
-0.624866
-0.624897
-0.624928
-0.624959
-0.624989
-0.62502
-0.62505
-0.62508
-0.625109
-0.625139
-0.625168
-0.625197
-0.625226
-0.625255
-0.625283
-0.625311
-0.625339
-0.625367
-0.625394
-0.625421
-0.625448
-0.625475
-0.625502
-0.625528
-0.625554
-0.62558
-0.625606
-0.625631
-0.625657
-0.625682
-0.625707
-0.625731
-0.625756
-0.62578
-0.625804
-0.625828
-0.625851
-0.625875
-0.625898
-0.625921
-0.625943
-0.625966
-0.625988
-0.62601
-0.626032
-0.626054
-0.626075
-0.626097
-0.626118
-0.626138
-0.626159
-0.626179
-0.6262
-0.62622
-0.626239
-0.626259
-0.626278
-0.626298
-0.626317
-0.626335
-0.626354
-0.626373
-0.626391
-0.626409
-0.626427
-0.626444
-0.626462
-0.626479
-0.626496
-0.626513
-0.626529
-0.626546
-0.626562
-0.626578
-0.626594
-0.62661
-0.626625
-0.626641
-0.626656
-0.626671
-0.626685
-0.6267
-0.626714
-0.626729
-0.626743
-0.626757
-0.62677
-0.626784
-0.626797
-0.62681
-0.626823
-0.626836
-0.626849
-0.626861
-0.626874
-0.626886
-0.626898
-0.62691
-0.626921
-0.626933
-0.626944
-0.626955
-0.626966
-0.626977
-0.626988
-0.626998
-0.627009
-0.627019
-0.627029
-0.627039
-0.627049
-0.627058
-0.627068
-0.627077
-0.627086
-0.627095
-0.627104
-0.627113
-0.627121
-0.62713
-0.627138
-0.627146
-0.627154
-0.627162
-0.62717
-0.627178
-0.627185
-0.627192
-0.6272
-0.627207
-0.627214
-0.627221
-0.627227
-0.627234
-0.62724
-0.627247
-0.627253
-0.627259
-0.627265
-0.627271
-0.627277
-0.627282
-0.627288
-0.627293
-0.627299
-0.627304
-0.627309
-0.627314
-0.627319
-0.627324
-0.627328
-0.627333
-0.627337
-0.627342
-0.627346
-0.62735
-0.627354
-0.627358
-0.627362
-0.627366
-0.62737
-0.627373
-0.627377
-0.62738
-0.627384
-0.627387
-0.62739
-0.627393
-0.627396
-0.627399
-0.627402
-0.627405
-0.627408
-0.62741
-0.627413
-0.627415
-0.627418
-0.62742
-0.627422
-0.627424
-0.627427
-0.627429
-0.627431
-0.627433
-0.627435
-0.627436
-0.627438
-0.62744
-0.627441
-0.627443
-0.627445
-0.627446
-0.627447
-0.627449
-0.62745
-0.627451
-0.627453
-0.627454
-0.627455
-0.627456
-0.627457
-0.627458
-0.627459
-0.62746
-0.627461
-0.627461
-0.627462
-0.627463
-0.627464
-0.627464
-0.627465
-0.627465
-0.627466
-0.627467
-0.627467
-0.627467
-0.627468
-0.627468
-0.627469
-0.627469
-0.627469
-0.62747
-0.62747
-0.62747
-0.62747
-0.62747
-0.627471
-0.627471
-0.627471
-0.627471
-0.627471
-0.627471
-0.627471
-0.627471
-0.627471
-0.627471
-0.627471
-0.627471
-0.627471
-0.627471
-0.627471
-0.627471
-0.62747
-0.62747
-0.62747
-0.62747
-0.62747
-0.62747
-0.627469
-0.627469
-0.627469
-0.627469
-0.627469
-0.627469
-0.627468
-0.627468
-0.627468
-0.627468
-0.627467
-0.627467
-0.627467
-0.627467
-0.627466
-0.627466
-0.627466
-0.627466
-0.627465
-0.627465
-0.627465
-0.627465
-0.627465
-0.627464
-0.627464
-0.627464
-0.627464
-0.627463
-0.627463
-0.627463
-0.627463
-0.627463
-0.627462
-0.627462
-0.627462
-0.627462
-0.627462
-0.627461
-0.627461
-0.627461
-0.627461
-0.627461
-0.627461
-0.62746
-0.62746
-0.62746
-0.62746
-0.62746
-0.62746
-0.62746
-0.62746
-0.62746
-0.62746
-0.62746
-0.627459
-0.627459
-0.627459
-0.627459
-0.627459
-0.627459
-0.627459
-0.627459
-0.627459
-0.627459
-0.627459
-0.627459
-0.62746
-0.62746
-0.62746
-0.62746
-0.62746
-0.62746
-0.62746
-0.62746
-0.62746
-0.62746
-0.627461
-0.627461
-0.627461
-0.627461
-0.627461
-0.627461
-0.627462
-0.627462
-0.627462
-0.627462
-0.627462
-0.627463
-0.627463
-0.627463
-0.627463
-0.627464
-0.627464
-0.627464
-0.627465
-0.627465
-0.627465
-0.627465
-0.627466
-0.627466
-0.627466
-0.627467
-0.627467
-0.627467
-0.627468
-0.627468
-0.627468
-0.627469
-0.627469
-0.62747
-0.62747
-0.62747
-0.627471
-0.627471
-0.627471
-0.627472
-0.627472
-0.627473
-0.627473
-0.627474
-0.627474
-0.627474
-0.627475
-0.627475
-0.627476
-0.627476
-0.627477
-0.627477
-0.627477
-0.627478
-0.627478
-0.627479
-0.627479
-0.62748
-0.62748
-0.627481
-0.627481
-0.627481
-0.627482
-0.627482
-0.627483
-0.627483
-0.627484
-0.627484
-0.627485
-0.627485
-0.627485
-0.627486
-0.627486
-0.627487
-0.627487
-0.627488
-0.627488
-0.627489
-0.627489
-0.627489
-0.62749
-0.62749
-0.627491
-0.627491
-0.627491
-0.627492
-0.627492
-0.627493
-0.627493
-0.627493
-0.627494
-0.627494
-0.627495
-0.627495
-0.627495
-0.627496
-0.627496
-0.627496
-0.627497
-0.627497
-0.627498
-0.627498
-0.627498
-0.627499
-0.627499
-0.627499
-0.6275
-0.6275
-0.6275
-0.6275
-0.627501
-0.627501
-0.627501
-0.627502
-0.627502
-0.627502
-0.627502
-0.627503
-0.627503
-0.627503
-0.627503
-0.627503
-0.627504
-0.627504
-0.627504
-0.627504
-0.627504
-0.627505
-0.627505
-0.627505
-0.627505
-0.627505
-0.627505
-0.627506
-0.627506
-0.627506
-0.627506
-0.627506
-0.627506
-0.627506
-0.627506
-0.627506
-0.627507
-0.627507
-0.627507
-0.627507
-0.627507
-0.627507
-0.627507
-0.627507
-0.627507
-0.627507
-0.627507
-0.627507
-0.627507
-0.627507
-0.627507
-0.627507
-0.627507
-0.627507
-0.627507
-0.627507
-0.627507
-0.627507
-0.627507
-0.627507
-0.627506
-0.627506
-0.627506
-0.627506
-0.627506
-0.627506
-0.627506
-0.627506
-0.627506
-0.627505
-0.627505
-0.627505
-0.627505
-0.627505
-0.627505
-0.627505
-0.627504
-0.627504
-0.627504
-0.627504
-0.627504
-0.627504
-0.627503
-0.627503
-0.627503
-0.627503
-0.627503
-0.627502
-0.627502
-0.627502
-0.627502
-0.627502
-0.627501
-0.627501
-0.627501
-0.627501
-0.6275
-0.6275
-0.6275
-0.6275
-0.6275
-0.627499
-0.627499
-0.627499
-0.627499
-0.627498
-0.627498
-0.627498
-0.627498
-0.627497
-0.627497
-0.627497
-0.627496
-0.627496
-0.627496
-0.627496
-0.627495
-0.627495
-0.627495
-0.627495
-0.627494
-0.627494
-0.627494
-0.627494
-0.627493
-0.627493
-0.627493
-0.627493
-0.627492
-0.627492
-0.627492
-0.627492
-0.627491
-0.627491
-0.627491
-0.627491
-0.62749
-0.62749
-0.62749
-0.62749
-0.627489
-0.627489
-0.627489
-0.627489
-0.627488
-0.627488
-0.627488
-0.627488
-0.627487
-0.627487
-0.627487
-0.627487
-0.627487
-0.627486
-0.627486
-0.627486
-0.627486
-0.627486
-0.627485
-0.627485
-0.627485
-0.627485
-0.627485
-0.627484
-0.627484
-0.627484
-0.627484
-0.627484
-0.627484
-0.627483
-0.627483
-0.627483
-0.627483
-0.627483
-0.627483
-0.627482
-0.627482
-0.627482
-0.627482
-0.627482
-0.627482
-0.627482
-0.627482
-0.627482
-0.627481
-0.627481
-0.627481
-0.627481
-0.627481
-0.627481
-0.627481
-0.627481
-0.627481
-0.627481
-0.627481
-0.627481
-0.627481
-0.62748
-0.62748
-0.62748
-0.62748
-0.62748
-0.62748
-0.62748
-0.62748
-0.62748
-0.62748
-0.62748
-0.62748
-0.62748
-0.62748
-0.62748
-0.62748
-0.62748
-0.62748
-0.62748
-0.62748
-0.62748
-0.62748
-0.627481
-0.627481
-0.627481
-0.627481
-0.627481
-0.627481
-0.627481
-0.627481
-0.627481
-0.627481
-0.627481
-0.627481
-0.627481
-0.627481
-0.627482
-0.627482
-0.627482
-0.627482
-0.627482
-0.627482
-0.627482
-0.627482
-0.627482
-0.627482
-0.627483
-0.627483
-0.627483
-0.627483
-0.627483
-0.627483
-0.627483
-0.627484
-0.627484
-0.627484
-0.627484
-0.627484
-0.627484
-0.627484
-0.627485
-0.627485
-0.627485
-0.627485
-0.627485
-0.627485
-0.627485
-0.627486
-0.627486
-0.627486
-0.627486
-0.627486
-0.627486
-0.627487
-0.627487
-0.627487
-0.627487
-0.627487
-0.627488
-0.627488
-0.627488
-0.627488
-0.627488
-0.627488
-0.627489
-0.627489
-0.627489
-0.627489
-0.627489
-0.627489
-0.62749
-0.62749
-0.62749
-0.62749
-0.62749
-0.627491
-0.627491
-0.627491
-0.627491
-0.627491
-0.627491
-0.627492
-0.627492
-0.627492
-0.627492
-0.627492
-0.627492
-0.627493
-0.627493
-0.627493
-0.627493
-0.627493
-0.627493
-0.627494
-0.627494
-0.627494
-0.627494
-0.627494
-0.627494
-0.627495
-0.627495
-0.627495
-0.627495
-0.627495
-0.627495
-0.627496
-0.627496
-0.627496
-0.627496
-0.627496
-0.627496
-0.627496
-0.627496
-0.627497
-0.627497
-0.627497
-0.627497
-0.627497
-0.627497
-0.627497
-0.627497
-0.627498
-0.627498
-0.627498
-0.627498
-0.627498
-0.627498
-0.627498
-0.627498
-0.627498
-0.627499
-0.627499
-0.627499
-0.627499
-0.627499
-0.627499
-0.627499
-0.627499
-0.627499
-0.627499
-0.627499
-0.627499
-0.627499
-0.6275
-0.6275
-0.6275
-0.6275
-0.6275
-0.6275
-0.6275
-0.6275
-0.6275
-0.6275
-0.6275
-0.6275
-0.6275
-0.6275
-0.6275
-0.6275
-0.6275
-0.6275
-0.6275
-0.6275
-0.6275
-0.6275
-0.6275
-0.6275
-0.6275
-0.6275
-0.6275
-0.6275
-0.6275
-0.6275
-0.6275
-0.6275
-0.6275
-0.6275
-0.6275
-0.6275
-0.6275
-0.6275
-0.6275
-0.6275
-0.6275
-0.6275
-0.6275
-0.6275
-0.6275
-0.6275
-0.6275
-0.6275
-0.6275
-0.6275
-0.6275
-0.6275
-0.6275
-0.6275
-0.6275
-0.6275
-0.6275
-0.6275
-0.6275
-0.6275
-0.6275
-0.6275
-0.6275
-0.627499
-0.627499
-0.627499
-0.627499
-0.627499
-0.627499
-0.627499
-0.627499
-0.627499
-0.627499
-0.627499
-0.627499
-0.627499
-0.627499
-0.627499
-0.627499
-0.627499
-0.627499
-0.627499
-0.627498
-0.627498
-0.627498
-0.627498
-0.627498
-0.627498
-0.627498
-0.627498
-0.627498
-0.627498
-0.627498
-0.627498
-0.627498
-0.627498
-0.627498
-0.627498
-0.627498
-0.627498
-0.627497
-0.627497
-0.627497
-0.627497
-0.627497
-0.627497
-0.627497
-0.627497
-0.627497
-0.627497
-0.627497
-0.627497
-0.627497
-0.627497
-0.627497
-0.627497
-0.627497
-0.627497
-0.627497
-0.627497
-0.627496
-0.627496
-0.627496
-0.627496
-0.627496
-0.627496
-0.627496
-0.627496
-0.627496
-0.627496
-0.627496
-0.627496
-0.627496
-0.627496
-0.627496
-0.627496
-0.627496
-0.627496
-0.627496
-0.627496
-0.627496
-0.627496
-0.627496
-0.627496
-0.627496
-0.627496
-0.627496
-0.627496
-0.627496
-0.627496
-0.627496
-0.627496
-0.627496
-0.627496
-0.627496
-0.627496
-0.627496
-0.627496
-0.627496
-0.627496
-0.627496
-0.627496
-0.627496
-0.627496
-0.627496
-0.627496
-0.627496
-0.627496
-0.627496
-0.627496
-0.627496
-0.627496
-0.627496
-0.627496
-0.627496
-0.627496
-0.627496
-0.627496
-0.627496
-0.627496
-0.627496
-0.627496
-0.627496
-0.627496
-0.627496
-0.627496
-0.627496
-0.627496
-0.627496
-0.627496
-0.627496
-0.627496
-0.627496
-0.627496
-0.627496
-0.627496
-0.627496
-0.627496
-0.627496
-0.627496
-0.627496
-0.627496
-0.627496
-0.627496
-0.627496
-0.627496
-0.627496
-0.627496
-0.627496
-0.627496
-0.627497
-0.627497
-0.627497
-0.627497
-0.627497
-0.627497
-0.627497
-0.627497
-0.627497
-0.627497
-0.627497
-0.627497
-0.627497
-0.627497
-0.627497
-0.627497
-0.627497
-0.627497
-0.627497
-0.627497
-0.627497
-0.627497
-0.627497
-0.627497
-0.627497
-0.627497
-0.627497
-0.627497
-0.627497
-0.627497
-0.627497
-0.627498
-0.627498
-0.627498
-0.627498
-0.627498
-0.627498
-0.627498
-0.627498
-0.627498
-0.627498
-0.627498
-0.627498
-0.627498
-0.627498
-0.627498
-0.627498
-0.627498
-0.627498
-0.627498
-0.627498
-0.627498
-0.627498
-0.627498
-0.627498
-0.627498
-0.627498
-0.627498
-0.627498
-0.627498
-0.627498
-0.627498
-0.627498
-0.627498
-0.627498
-0.627498
-0.627498
-0.627498
-0.627498
-0.627498
-0.627498
-0.627498
-0.627498
-0.627498
-0.627498
-0.627498
-0.627498
-0.627498
-0.627498
-0.627498
-0.627498
-0.627498
-0.627498
-0.627498
-0.627498
-0.627498
-0.627498
-0.627498
-0.627498
-0.627498
-0.627498
-0.627498
-0.627498
-0.627498
-0.627498
-0.627498
-0.627498
-0.627498
-0.627498
-0.627498
-0.627498
-0.627498
-0.627498
-0.627498
-0.627498
-0.627498
-0.627498
-0.627498
-0.627498
-0.627498
-0.627498
-0.627498
-0.627498
-0.627498
-0.627498
-0.627498
-0.627498
-0.627498
-0.627498
-0.627498
-0.627498
-0.627498
-0.627497
-0.627497
-0.627497
-0.627497
-0.627497
-0.627497
-0.627497
-0.627497
-0.627497
-0.627497
-0.627497
-0.627497
-0.627497
-0.627497
-0.627497
-0.627497
-0.627497
-0.627497
-0.627497
-0.627497
-0.627497
-0.627497
-0.627497
-0.627497
-0.627497
-0.627497
-0.627497
-0.627497
-0.627497
-0.627497
-0.627497
-0.627497
-0.627497
-0.627497
-0.627497
-0.627497
-0.627497
-0.627497
-0.627497
-0.627497
-0.627497
-0.627497
-0.627497
-0.627497
-0.627497
-0.627496
-0.627496
-0.627496
-0.627496
-0.627496
-0.627496
-0.627496
-0.627496
-0.627496
-0.627496
-0.627496
-0.627496
-0.627496
-0.627496
-0.627496
-0.627496
-0.627496
-0.627496
-0.627496
-0.627496
-0.627496
-0.627496
-0.627496
-0.627496
-0.627496
-0.627496
-0.627496
-0.627496
-0.627496
-0.627497
-0.627497
-0.627497
-0.627497
-0.627497
-0.627497
-0.627497
-0.627497
-0.627497
-0.627497
-0.627497
-0.627497
-0.627497
-0.627497
-0.627497
-0.627497
-0.627497
-0.627497
-0.627497
-0.627497
-0.627497
-0.627497
-0.627497
-0.627497
-0.627497
-0.627497
-0.627497
-0.627497
-0.627497
-0.627497
-0.627497
-0.627497
-0.627498
-0.627498
-0.627498
-0.627498
-0.627498
-0.627498
-0.627498
-0.627498
-0.627498
-0.627498
-0.627498
-0.627498
-0.627498
-0.627498
-0.627498
-0.627498
-0.627498
-0.627498
-0.627499
-0.627499
-0.627499
-0.627499
-0.627499
-0.627499
-0.627499
-0.627499
-0.627499
-0.627499
-0.627499
-0.627499
-0.627499
-0.627499
-0.6275
-0.6275
-0.6275
-0.6275
-0.6275
-0.6275
-0.6275
-0.6275
-0.6275
-0.6275
-0.6275
-0.6275
-0.6275
-0.6275
-0.627501
-0.627501
-0.627501
-0.627501
-0.627501
-0.627501
-0.627501
-0.627501
-0.627501
-0.627501
-0.627501
-0.627501
-0.627501
-0.627501
-0.627502
-0.627502
-0.627502
-0.627502
-0.627502
-0.627502
-0.627502
-0.627502
-0.627502
-0.627502
-0.627502
-0.627502
-0.627502
-0.627502
-0.627503
-0.627503
-0.627503
-0.627503
-0.627503
-0.627503
-0.627503
-0.627503
-0.627503
-0.627503
-0.627503
-0.627503
-0.627503
-0.627503
-0.627503
-0.627503
-0.627503
-0.627503
-0.627504
-0.627504
-0.627504
-0.627504
-0.627504
-0.627504
-0.627504
-0.627504
-0.627504
-0.627504
-0.627504
-0.627504
-0.627504
-0.627504
-0.627504
-0.627504
-0.627504
-0.627504
-0.627504
-0.627504
-0.627504
-0.627504
-0.627504
-0.627504
-0.627504
-0.627504
-0.627504
-0.627504
-0.627504
-0.627504
-0.627504
-0.627504
-0.627504
-0.627504
-0.627504
-0.627504
-0.627504
-0.627504
-0.627504
-0.627504
-0.627504
-0.627504
-0.627504
-0.627504
-0.627504
-0.627504
-0.627504
-0.627504
-0.627504
-0.627504
-0.627504
-0.627504
-0.627504
-0.627504
-0.627504
-0.627504
-0.627504
-0.627504
-0.627503
-0.627503
-0.627503
-0.627503
-0.627503
-0.627503
-0.627503
-0.627503
-0.627503
-0.627503
-0.627503
-0.627503
-0.627503
-0.627503
-0.627503
-0.627503
-0.627502
-0.627502
-0.627502
-0.627502
-0.627502
-0.627502
-0.627502
-0.627502
-0.627502
-0.627502
-0.627502
-0.627502
-0.627501
-0.627501
-0.627501
-0.627501
-0.627501
-0.627501
-0.627501
-0.627501
-0.627501
-0.627501
-0.6275
-0.6275
-0.6275
-0.6275
-0.6275
-0.6275
-0.6275
-0.6275
-0.6275
-0.6275
-0.627499
-0.627499
-0.627499
-0.627499
-0.627499
-0.627499
-0.627499
-0.627499
-0.627499
-0.627498
-0.627498
-0.627498
-0.627498
-0.627498
-0.627498
-0.627498
-0.627498
-0.627498
-0.627497
-0.627497
-0.627497
-0.627497
-0.627497
-0.627497
-0.627497
-0.627497
-0.627497
-0.627496
-0.627496
-0.627496
-0.627496
-0.627496
-0.627496
-0.627496
-0.627496
-0.627496
-0.627496
-0.627495
-0.627495
-0.627495
-0.627495
-0.627495
-0.627495
-0.627495
-0.627495
-0.627495
-0.627495
-0.627495
-0.627494
-0.627494
-0.627494
-0.627494
-0.627494
-0.627494
-0.627494
-0.627494
-0.627494
-0.627494
-0.627494
-0.627494
-0.627494
-0.627493
-0.627493
-0.627493
-0.627493
-0.627493
-0.627493
-0.627493
-0.627493
-0.627493
-0.627493
-0.627493
-0.627493
-0.627493
-0.627493
-0.627493
-0.627493
-0.627493
-0.627493
-0.627493
-0.627493
-0.627493
-0.627493
-0.627493
-0.627493
-0.627493
-0.627493
-0.627493
-0.627493
-0.627493
-0.627493
-0.627493
-0.627493
-0.627493
-0.627493
-0.627493
-0.627493
-0.627493
-0.627493
-0.627493
-0.627493
-0.627493
-0.627493
-0.627493
-0.627493
-0.627493
-0.627493
-0.627493
-0.627493
-0.627493
-0.627493
-0.627493
-0.627493
-0.627493
-0.627493
-0.627493
-0.627493
-0.627494
-0.627494
-0.627494
-0.627494
-0.627494
-0.627494
-0.627494
-0.627494
-0.627494
-0.627494
-0.627494
-0.627494
-0.627495
-0.627495
-0.627495
-0.627495
-0.627495
-0.627495
-0.627495
-0.627495
-0.627495
-0.627495
-0.627496
-0.627496
-0.627496
-0.627496
-0.627496
-0.627496
-0.627496
-0.627496
-0.627497
-0.627497
-0.627497
-0.627497
-0.627497
-0.627497
-0.627497
-0.627497
-0.627498
-0.627498
-0.627498
-0.627498
-0.627498
-0.627498
-0.627498
-0.627499
-0.627499
-0.627499
-0.627499
-0.627499
-0.627499
-0.627499
-0.6275
-0.6275
-0.6275
-0.6275
-0.6275
-0.6275
-0.627501
-0.627501
-0.627501
-0.627501
-0.627501
-0.627501
-0.627501
-0.627502
-0.627502
-0.627502
-0.627502
-0.627502
-0.627502
-0.627503
-0.627503
-0.627503
-0.627503
-0.627503
-0.627503
-0.627503
-0.627504
-0.627504
-0.627504
-0.627504
-0.627504
-0.627504
-0.627504
-0.627505
-0.627505
-0.627505
-0.627505
-0.627505
-0.627505
-0.627505
-0.627505
-0.627506
-0.627506
-0.627506
-0.627506
-0.627506
-0.627506
-0.627506
-0.627506
-0.627507
-0.627507
-0.627507
-0.627507
-0.627507
-0.627507
-0.627507
-0.627507
-0.627507
-0.627507
-0.627508
-0.627508
-0.627508
-0.627508
-0.627508
-0.627508
-0.627508
-0.627508
-0.627508
-0.627508
-0.627508
-0.627508
-0.627508
-0.627509
-0.627509
-0.627509
-0.627509
-0.627509
-0.627509
-0.627509
-0.627509
-0.627509
-0.627509
-0.627509
-0.627509
-0.627509
-0.627509
-0.627509
-0.627509
-0.627509
-0.627509
-0.627509
-0.627509
-0.627509
-0.627509
-0.627509
-0.627509
-0.627509
-0.627509
-0.627509
-0.627509
-0.627509
-0.627509
-0.627509
-0.627509
-0.627509
-0.627509
-0.627509
-0.627509
-0.627509
-0.627509
-0.627508
-0.627508
-0.627508
-0.627508
-0.627508
-0.627508
-0.627508
-0.627508
-0.627508
-0.627508
-0.627508
-0.627508
-0.627508
-0.627507
-0.627507
-0.627507
-0.627507
-0.627507
-0.627507
-0.627507
-0.627507
-0.627507
-0.627506
-0.627506
-0.627506
-0.627506
-0.627506
-0.627506
-0.627506
-0.627506
-0.627505
-0.627505
-0.627505
-0.627505
-0.627505
-0.627505
-0.627504
-0.627504
-0.627504
-0.627504
-0.627504
-0.627504
-0.627504
-0.627503
-0.627503
-0.627503
-0.627503
-0.627503
-0.627502
-0.627502
-0.627502
-0.627502
-0.627502
-0.627502
-0.627501
-0.627501
-0.627501
-0.627501
-0.627501
-0.6275
-0.6275
-0.6275
-0.6275
-0.6275
-0.6275
-0.627499
-0.627499
-0.627499
-0.627499
-0.627499
-0.627498
-0.627498
-0.627498
-0.627498
-0.627498
-0.627497
-0.627497
-0.627497
-0.627497
-0.627497
-0.627497
-0.627496
-0.627496
-0.627496
-0.627496
-0.627496
-0.627495
-0.627495
-0.627495
-0.627495
-0.627495
-0.627495
-0.627494
-0.627494
-0.627494
-0.627494
-0.627494
-0.627494
-0.627493
-0.627493
-0.627493
-0.627493
-0.627493
-0.627493
-0.627492
-0.627492
-0.627492
-0.627492
-0.627492
-0.627492
-0.627492
-0.627491
-0.627491
-0.627491
-0.627491
-0.627491
-0.627491
-0.627491
-0.627491
-0.62749
-0.62749
-0.62749
-0.62749
-0.62749
-0.62749
-0.62749
-0.62749
-0.62749
-0.62749
-0.627489
-0.627489
-0.627489
-0.627489
-0.627489
-0.627489
-0.627489
-0.627489
-0.627489
-0.627489
-0.627489
-0.627489
-0.627489
-0.627489
-0.627489
-0.627489
-0.627489
-0.627489
-0.627489
-0.627489
-0.627489
-0.627489
-0.627489
-0.627489
-0.627489
-0.627489
-0.627489
-0.627489
-0.627489
-0.627489
-0.627489
-0.627489
-0.627489
-0.627489
-0.627489
-0.627489
-0.627489
-0.627489
-0.627489
-0.627489
-0.627489
-0.627489
-0.627489
-0.627489
-0.62749
-0.62749
-0.62749
-0.62749
-0.62749
-0.62749
-0.62749
-0.62749
-0.62749
-0.62749
-0.627491
-0.627491
-0.627491
-0.627491
-0.627491
-0.627491
-0.627491
-0.627491
-0.627492
-0.627492
-0.627492
-0.627492
-0.627492
-0.627492
-0.627493
-0.627493
-0.627493
-0.627493
-0.627493
-0.627493
-0.627494
-0.627494
-0.627494
-0.627494
-0.627494
-0.627495
-0.627495
-0.627495
-0.627495
-0.627495
-0.627495
-0.627496
-0.627496
-0.627496
-0.627496
-0.627497
-0.627497
-0.627497
-0.627497
-0.627497
-0.627498
-0.627498
-0.627498
-0.627498
-0.627498
-0.627499
-0.627499
-0.627499
-0.627499
-0.6275
-0.6275
-0.6275
-0.6275
-0.627501
-0.627501
-0.627501
-0.627501
-0.627501
-0.627502
-0.627502
-0.627502
-0.627502
-0.627503
-0.627503
-0.627503
-0.627503
-0.627504
-0.627504
-0.627504
-0.627504
-0.627504
-0.627505
-0.627505
-0.627505
-0.627505
-0.627505
-0.627506
-0.627506
-0.627506
-0.627506
-0.627507
-0.627507
-0.627507
-0.627507
-0.627507
-0.627508
-0.627508
-0.627508
-0.627508
-0.627508
-0.627509
-0.627509
-0.627509
-0.627509
-0.627509
-0.627509
-0.62751
-0.62751
-0.62751
-0.62751
-0.62751
-0.62751
-0.627511
-0.627511
-0.627511
-0.627511
-0.627511
-0.627511
-0.627511
-0.627512
-0.627512
-0.627512
-0.627512
-0.627512
-0.627512
-0.627512
-0.627512
-0.627512
-0.627513
-0.627513
-0.627513
-0.627513
-0.627513
-0.627513
-0.627513
-0.627513
-0.627513
-0.627513
-0.627513
-0.627513
-0.627513
-0.627513
-0.627513
-0.627513
-0.627513
-0.627513
-0.627513
-0.627514
-0.627514
-0.627514
-0.627514
-0.627514
-0.627513
-0.627513
-0.627513
-0.627513
-0.627513
-0.627513
-0.627513
-0.627513
-0.627513
-0.627513
-0.627513
-0.627513
-0.627513
-0.627513
-0.627513
-0.627513
-0.627513
-0.627513
-0.627513
-0.627512
-0.627512
-0.627512
-0.627512
-0.627512
-0.627512
-0.627512
-0.627512
-0.627511
-0.627511
-0.627511
-0.627511
-0.627511
-0.627511
-0.627511
-0.62751
-0.62751
-0.62751
-0.62751
-0.62751
-0.62751
-0.627509
-0.627509
-0.627509
-0.627509
-0.627509
-0.627508
-0.627508
-0.627508
-0.627508
-0.627508
-0.627507
-0.627507
-0.627507
-0.627507
-0.627506
-0.627506
-0.627506
-0.627506
-0.627506
-0.627505
-0.627505
-0.627505
-0.627505
-0.627504
-0.627504
-0.627504
-0.627504
-0.627503
-0.627503
-0.627503
-0.627503
-0.627502
-0.627502
-0.627502
-0.627501
-0.627501
-0.627501
-0.627501
-0.6275
-0.6275
-0.6275
-0.6275
-0.627499
-0.627499
-0.627499
-0.627498
-0.627498
-0.627498
-0.627498
-0.627497
-0.627497
-0.627497
-0.627497
-0.627496
-0.627496
-0.627496
-0.627496
-0.627495
-0.627495
-0.627495
-0.627494
-0.627494
-0.627494
-0.627494
-0.627493
-0.627493
-0.627493
-0.627493
-0.627492
-0.627492
-0.627492
-0.627492
-0.627491
-0.627491
-0.627491
-0.627491
-0.627491
-0.62749
-0.62749
-0.62749
-0.62749
-0.627489
-0.627489
-0.627489
-0.627489
-0.627489
-0.627488
-0.627488
-0.627488
-0.627488
-0.627488
-0.627487
-0.627487
-0.627487
-0.627487
-0.627487
-0.627487
-0.627486
-0.627486
-0.627486
-0.627486
-0.627486
-0.627486
-0.627486
-0.627485
-0.627485
-0.627485
-0.627485
-0.627485
-0.627485
-0.627485
-0.627485
-0.627485
-0.627485
-0.627484
-0.627484
-0.627484
-0.627484
-0.627484
-0.627484
-0.627484
-0.627484
-0.627484
-0.627484
-0.627484
-0.627484
-0.627484
-0.627484
-0.627484
-0.627484
-0.627484
-0.627484
-0.627484
-0.627484
-0.627484
-0.627484
-0.627484
-0.627484
-0.627484
-0.627484
-0.627484
-0.627484
-0.627484
-0.627485
-0.627485
-0.627485
-0.627485
-0.627485
-0.627485
-0.627485
-0.627485
-0.627485
-0.627485
-0.627486
-0.627486
-0.627486
-0.627486
-0.627486
-0.627486
-0.627487
-0.627487
-0.627487
-0.627487
-0.627487
-0.627487
-0.627488
-0.627488
-0.627488
-0.627488
-0.627488
-0.627489
-0.627489
-0.627489
-0.627489
-0.62749
-0.62749
-0.62749
-0.62749
-0.62749
-0.627491
-0.627491
-0.627491
-0.627492
-0.627492
-0.627492
-0.627492
-0.627493
-0.627493
-0.627493
-0.627493
-0.627494
-0.627494
-0.627494
-0.627495
-0.627495
-0.627495
-0.627496
-0.627496
-0.627496
-0.627496
-0.627497
-0.627497
-0.627497
-0.627498
-0.627498
-0.627498
-0.627499
-0.627499
-0.627499
-0.6275
-0.6275
-0.6275
-0.627501
-0.627501
-0.627501
-0.627502
-0.627502
-0.627502
-0.627503
-0.627503
-0.627503
-0.627504
-0.627504
-0.627504
-0.627504
-0.627505
-0.627505
-0.627505
-0.627506
-0.627506
-0.627506
-0.627507
-0.627507
-0.627507
-0.627508
-0.627508
-0.627508
-0.627509
-0.627509
-0.627509
-0.62751
-0.62751
-0.62751
-0.62751
-0.627511
-0.627511
-0.627511
-0.627512
-0.627512
-0.627512
-0.627512
-0.627513
-0.627513
-0.627513
-0.627513
-0.627514
-0.627514
-0.627514
-0.627514
-0.627515
-0.627515
-0.627515
-0.627515
-0.627516
-0.627516
-0.627516
-0.627516
-0.627516
-0.627517
-0.627517
-0.627517
-0.627517
-0.627517
-0.627517
-0.627518
-0.627518
-0.627518
-0.627518
-0.627518
-0.627518
-0.627518
-0.627519
-0.627519
-0.627519
-0.627519
-0.627519
-0.627519
-0.627519
-0.627519
-0.627519
-0.627519
-0.627519
-0.627519
-0.627519
-0.62752
-0.62752
-0.62752
-0.62752
-0.62752
-0.62752
-0.62752
-0.62752
-0.62752
-0.62752
-0.62752
-0.627519
-0.627519
-0.627519
-0.627519
-0.627519
-0.627519
-0.627519
-0.627519
-0.627519
-0.627519
-0.627519
-0.627519
-0.627518
-0.627518
-0.627518
-0.627518
-0.627518
-0.627518
-0.627518
-0.627517
-0.627517
-0.627517
-0.627517
-0.627517
-0.627517
-0.627516
-0.627516
-0.627516
-0.627516
-0.627515
-0.627515
-0.627515
-0.627515
-0.627514
-0.627514
-0.627514
-0.627514
-0.627513
-0.627513
-0.627513
-0.627512
-0.627512
-0.627512
-0.627511
-0.627511
-0.627511
-0.62751
-0.62751
-0.62751
-0.627509
-0.627509
-0.627509
-0.627508
-0.627508
-0.627508
-0.627507
-0.627507
-0.627506
-0.627506
-0.627506
-0.627505
-0.627505
-0.627504
-0.627504
-0.627504
-0.627503
-0.627503
-0.627502
-0.627502
-0.627501
-0.627501
-0.6275
-0.6275
-0.6275
-0.627499
-0.627499
-0.627498
-0.627498
-0.627497
-0.627497
-0.627496
-0.627496
-0.627495
-0.627495
-0.627494
-0.627494
-0.627493
-0.627493
-0.627492
-0.627492
-0.627491
-0.627491
-0.62749
-0.62749
-0.62749
-0.627489
-0.627489
-0.627488
-0.627488
-0.627487
-0.627487
-0.627486
-0.627486
-0.627485
-0.627485
-0.627484
-0.627484
-0.627483
-0.627483
-0.627482
-0.627482
-0.627481
-0.627481
-0.62748
-0.62748
-0.627479
-0.627479
-0.627478
-0.627478
-0.627477
-0.627477
-0.627476
-0.627476
-0.627475
-0.627475
-0.627475
-0.627474
-0.627474
-0.627473
-0.627473
-0.627472
-0.627472
-0.627471
-0.627471
-0.627471
-0.62747
-0.62747
-0.627469
-0.627469
-0.627468
-0.627468
-0.627468
-0.627467
-0.627467
-0.627466
-0.627466
-0.627466
-0.627465
-0.627465
-0.627465
-0.627464
-0.627464
-0.627463
-0.627463
-0.627463
-0.627462
-0.627462
-0.627462
-0.627461
-0.627461
-0.627461
-0.62746
-0.62746
-0.62746
-0.62746
-0.627459
-0.627459
-0.627459
-0.627458
-0.627458
-0.627458
-0.627458
-0.627457
-0.627457
-0.627457
-0.627457
-0.627456
-0.627456
-0.627456
-0.627456
-0.627455
-0.627455
-0.627455
-0.627455
-0.627455
-0.627454
-0.627454
-0.627454
-0.627454
-0.627454
-0.627454
-0.627453
-0.627453
-0.627453
-0.627453
-0.627453
-0.627453
-0.627453
-0.627452
-0.627452
-0.627452
-0.627452
-0.627452
-0.627452
-0.627452
-0.627452
-0.627452
-0.627452
-0.627452
-0.627451
-0.627451
-0.627451
-0.627451
-0.627451
-0.627451
-0.627451
-0.627451
-0.627451
-0.627451
-0.627451
-0.627451
-0.627451
-0.627451
-0.627451
-0.627451
-0.627451
-0.627451
-0.627451
-0.627451
-0.627451
-0.627451
-0.627451
-0.627451
-0.627451
-0.627451
-0.627451
-0.627451
-0.627451
-0.627451
-0.627451
-0.627451
-0.627451
-0.627451
-0.627451
-0.627451
-0.627451
-0.627451
-0.627451
-0.627451
-0.627451
-0.627451
-0.627451
-0.627451
-0.627451
-0.627451
-0.627452
-0.627452
-0.627452
-0.627452
-0.627452
-0.627452
-0.627452
-0.627452
-0.627452
-0.627452
-0.627452
-0.627452
-0.627452
-0.627452
-0.627452
-0.627452
-0.627452
-0.627452
-0.627452
-0.627452
-0.627452
-0.627452
-0.627452
-0.627452
-0.627452
-0.627452
-0.627452
-0.627452
-0.627452
-0.627452
-0.627452
-0.627452
-0.627452
-0.627452
-0.627452
-0.627452
-0.627452
-0.627452
-0.627452
-0.627452
-0.627452
-0.627452
-0.627452
-0.627452
-0.627452
-0.627451
-0.627451
-0.627451
-0.627451
-0.627451
-0.627451
-0.627451
-0.627451
-0.627451
-0.627451
-0.62745
-0.62745
-0.62745
-0.62745
-0.62745
-0.62745
-0.62745
-0.627449
-0.627449
-0.627449
-0.627449
-0.627449
-0.627449
-0.627448
-0.627448
-0.627448
-0.627448
-0.627447
-0.627447
-0.627447
-0.627447
-0.627447
-0.627446
-0.627446
-0.627446
-0.627445
-0.627445
-0.627445
-0.627445
-0.627444
-0.627444
-0.627444
-0.627443
-0.627443
-0.627443
-0.627442
-0.627442
-0.627442
-0.627441
-0.627441
-0.627441
-0.62744
-0.62744
-0.62744
-0.627439
-0.627439
-0.627438
-0.627438
-0.627438
-0.627437
-0.627437
-0.627436
-0.627436
-0.627435
-0.627435
-0.627435
-0.627434
-0.627434
-0.627433
-0.627433
-0.627432
-0.627432
-0.627431
-0.627431
-0.62743
-0.62743
-0.627429
-0.627429
-0.627428
-0.627428
-0.627427
-0.627427
-0.627426
-0.627426
-0.627425
-0.627425
-0.627424
-0.627423
-0.627423
-0.627422
-0.627422
-0.627421
-0.627421
-0.62742
-0.62742
-0.627419
-0.627418
-0.627418
-0.627417
-0.627417
-0.627416
-0.627416
-0.627415
-0.627414
-0.627414
-0.627413
-0.627413
-0.627412
-0.627411
-0.627411
-0.62741
-0.62741
-0.627409
-0.627408
-0.627408
-0.627407
-0.627407
-0.627406
-0.627406
-0.627405
-0.627404
-0.627404
-0.627403
-0.627403
-0.627402
-0.627401
-0.627401
-0.6274
-0.6274
-0.627399
-0.627399
-0.627398
-0.627397
-0.627397
-0.627396
-0.627396
-0.627395
-0.627395
-0.627394
-0.627394
-0.627393
-0.627392
-0.627392
-0.627391
-0.627391
-0.62739
-0.62739
-0.627389
-0.627389
-0.627388
-0.627388
-0.627387
-0.627387
-0.627386
-0.627386
-0.627385
-0.627385
-0.627385
-0.627384
-0.627384
-0.627383
-0.627383
-0.627382
-0.627382
-0.627382
-0.627381
-0.627381
-0.62738
-0.62738
-0.62738
-0.627379
-0.627379
-0.627379
-0.627378
-0.627378
-0.627378
-0.627377
-0.627377
-0.627377
-0.627376
-0.627376
-0.627376
-0.627376
-0.627375
-0.627375
-0.627375
-0.627375
-0.627374
-0.627374
-0.627374
-0.627374
-0.627374
-0.627373
-0.627373
-0.627373
-0.627373
-0.627373
-0.627373
-0.627373
-0.627373
-0.627372
-0.627372
-0.627372
-0.627372
-0.627372
-0.627372
-0.627372
-0.627372
-0.627372
-0.627372
-0.627372
-0.627372
-0.627372
-0.627372
-0.627372
-0.627372
-0.627372
-0.627372
-0.627372
-0.627372
-0.627373
-0.627373
-0.627373
-0.627373
-0.627373
-0.627373
-0.627373
-0.627374
-0.627374
-0.627374
-0.627374
-0.627374
-0.627374
-0.627375
-0.627375
-0.627375
-0.627375
-0.627376
-0.627376
-0.627376
-0.627377
-0.627377
-0.627377
-0.627377
-0.627378
-0.627378
-0.627378
-0.627379
-0.627379
-0.627379
-0.62738
-0.62738
-0.627381
-0.627381
-0.627381
-0.627382
-0.627382
-0.627383
-0.627383
-0.627383
-0.627384
-0.627384
-0.627385
-0.627385
-0.627386
-0.627386
-0.627386
-0.627387
-0.627387
-0.627388
-0.627388
-0.627389
-0.627389
-0.62739
-0.62739
-0.627391
-0.627391
-0.627392
-0.627392
-0.627393
-0.627393
-0.627394
-0.627394
-0.627395
-0.627396
-0.627396
-0.627397
-0.627397
-0.627398
-0.627398
-0.627399
-0.627399
-0.6274
-0.6274
-0.627401
-0.627402
-0.627402
-0.627403
-0.627403
-0.627404
-0.627404
-0.627405
-0.627405
-0.627406
-0.627406
-0.627407
-0.627407
-0.627408
-0.627409
-0.627409
-0.62741
-0.62741
-0.627411
-0.627411
-0.627412
-0.627412
-0.627413
-0.627413
-0.627414
-0.627414
-0.627415
-0.627415
-0.627416
-0.627416
-0.627417
-0.627417
-0.627418
-0.627418
-0.627419
-0.627419
-0.627419
-0.62742
-0.62742
-0.627421
-0.627421
-0.627422
-0.627422
-0.627422
-0.627423
-0.627423
-0.627424
-0.627424
-0.627424
-0.627425
-0.627425
-0.627425
-0.627426
-0.627426
-0.627426
-0.627427
-0.627427
-0.627427
-0.627427
-0.627428
-0.627428
-0.627428
-0.627428
-0.627429
-0.627429
-0.627429
-0.627429
-0.62743
-0.62743
-0.62743
-0.62743
-0.62743
-0.62743
-0.627431
-0.627431
-0.627431
-0.627431
-0.627431
-0.627431
-0.627431
-0.627431
-0.627431
-0.627431
-0.627431
-0.627431
-0.627431
-0.627431
-0.627431
-0.627431
-0.627431
-0.627431
-0.627431
-0.627431
-0.627431
-0.627431
-0.627431
-0.627431
-0.627431
-0.627431
-0.62743
-0.62743
-0.62743
-0.62743
-0.62743
-0.62743
-0.627429
-0.627429
-0.627429
-0.627429
-0.627429
-0.627428
-0.627428
-0.627428
-0.627428
-0.627427
-0.627427
-0.627427
-0.627426
-0.627426
-0.627426
-0.627425
-0.627425
-0.627425
-0.627424
-0.627424
-0.627423
-0.627423
-0.627423
-0.627422
-0.627422
-0.627421
-0.627421
-0.627421
-0.62742
-0.62742
-0.627419
-0.627419
-0.627418
-0.627418
-0.627417
-0.627417
-0.627416
-0.627416
-0.627415
-0.627415
-0.627414
-0.627414
-0.627413
-0.627412
-0.627412
-0.627411
-0.627411
-0.62741
-0.62741
-0.627409
-0.627409
-0.627408
-0.627407
-0.627407
-0.627406
-0.627406
-0.627405
-0.627404
-0.627404
-0.627403
-0.627403
-0.627402
-0.627401
-0.627401
-0.6274
-0.6274
-0.627399
-0.627398
-0.627398
-0.627397
-0.627396
-0.627396
-0.627395
-0.627395
-0.627394
-0.627393
-0.627393
-0.627392
-0.627392
-0.627391
-0.62739
-0.62739
-0.627389
-0.627389
-0.627388
-0.627387
-0.627387
-0.627386
-0.627386
-0.627385
-0.627384
-0.627384
-0.627383
-0.627383
-0.627382
-0.627382
-0.627381
-0.627381
-0.62738
-0.627379
-0.627379
-0.627378
-0.627378
-0.627377
-0.627377
-0.627376
-0.627376
-0.627375
-0.627375
-0.627375
-0.627374
-0.627374
-0.627373
-0.627373
-0.627372
-0.627372
-0.627372
-0.627371
-0.627371
-0.62737
-0.62737
-0.62737
-0.627369
-0.627369
-0.627369
-0.627368
-0.627368
-0.627368
-0.627368
-0.627367
-0.627367
-0.627367
-0.627366
-0.627366
-0.627366
-0.627366
-0.627366
-0.627365
-0.627365
-0.627365
-0.627365
-0.627365
-0.627365
-0.627365
-0.627364
-0.627364
-0.627364
-0.627364
-0.627364
-0.627364
-0.627364
-0.627364
-0.627364
-0.627364
-0.627364
-0.627364
-0.627364
-0.627364
-0.627364
-0.627364
-0.627364
-0.627365
-0.627365
-0.627365
-0.627365
-0.627365
-0.627365
-0.627365
-0.627366
-0.627366
-0.627366
-0.627366
-0.627366
-0.627367
-0.627367
-0.627367
-0.627367
-0.627368
-0.627368
-0.627368
-0.627369
-0.627369
-0.627369
-0.62737
-0.62737
-0.62737
-0.627371
-0.627371
-0.627372
-0.627372
-0.627373
-0.627373
-0.627373
-0.627374
-0.627374
-0.627375
-0.627375
-0.627376
-0.627376
-0.627377
-0.627377
-0.627378
-0.627378
-0.627379
-0.62738
-0.62738
-0.627381
-0.627381
-0.627382
-0.627382
-0.627383
-0.627384
-0.627384
-0.627385
-0.627386
-0.627386
-0.627387
-0.627387
-0.627388
-0.627389
-0.627389
-0.62739
-0.627391
-0.627391
-0.627392
-0.627393
-0.627393
-0.627394
-0.627395
-0.627396
-0.627396
-0.627397
-0.627398
-0.627398
-0.627399
-0.6274
-0.6274
-0.627401
-0.627402
-0.627403
-0.627403
-0.627404
-0.627405
-0.627405
-0.627406
-0.627407
-0.627408
-0.627408
-0.627409
-0.62741
-0.62741
-0.627411
-0.627412
-0.627413
-0.627413
-0.627414
-0.627415
-0.627415
-0.627416
-0.627417
-0.627417
-0.627418
-0.627419
-0.627419
-0.62742
-0.627421
-0.627421
-0.627422
-0.627422
-0.627423
-0.627424
-0.627424
-0.627425
-0.627425
-0.627426
-0.627427
-0.627427
-0.627428
-0.627428
-0.627429
-0.627429
-0.62743
-0.62743
-0.627431
-0.627431
-0.627432
-0.627432
-0.627433
-0.627433
-0.627434
-0.627434
-0.627435
-0.627435
-0.627435
-0.627436
-0.627436
-0.627437
-0.627437
-0.627437
-0.627438
-0.627438
-0.627438
-0.627439
-0.627439
-0.627439
-0.627439
-0.62744
-0.62744
-0.62744
-0.62744
-0.627441
-0.627441
-0.627441
-0.627441
-0.627441
-0.627441
-0.627441
-0.627442
-0.627442
-0.627442
-0.627442
-0.627442
-0.627442
-0.627442
-0.627442
-0.627442
-0.627442
-0.627442
-0.627442
-0.627442
-0.627442
-0.627441
-0.627441
-0.627441
-0.627441
-0.627441
-0.627441
-0.627441
-0.62744
-0.62744
-0.62744
-0.62744
-0.627439
-0.627439
-0.627439
-0.627439
-0.627438
-0.627438
-0.627438
-0.627437
-0.627437
-0.627437
-0.627436
-0.627436
-0.627435
-0.627435
-0.627435
-0.627434
-0.627434
-0.627433
-0.627433
-0.627432
-0.627432
-0.627431
-0.627431
-0.62743
-0.62743
-0.627429
-0.627428
-0.627428
-0.627427
-0.627427
-0.627426
-0.627425
-0.627425
-0.627424
-0.627423
-0.627423
-0.627422
-0.627421
-0.627421
-0.62742
-0.627419
-0.627419
-0.627418
-0.627417
-0.627416
-0.627416
-0.627415
-0.627414
-0.627413
-0.627413
-0.627412
-0.627411
-0.62741
-0.627409
-0.627409
-0.627408
-0.627407
-0.627406
-0.627405
-0.627405
-0.627404
-0.627403
-0.627402
-0.627401
-0.6274
-0.6274
-0.627399
-0.627398
-0.627397
-0.627396
-0.627395
-0.627395
-0.627394
-0.627393
-0.627392
-0.627391
-0.62739
-0.62739
-0.627389
-0.627388
-0.627387
-0.627386
-0.627386
-0.627385
-0.627384
-0.627383
-0.627382
-0.627381
-0.627381
-0.62738
-0.627379
-0.627378
-0.627378
-0.627377
-0.627376
-0.627375
-0.627375
-0.627374
-0.627373
-0.627372
-0.627372
-0.627371
-0.62737
-0.62737
-0.627369
-0.627368
-0.627368
-0.627367
-0.627366
-0.627366
-0.627365
-0.627364
-0.627364
-0.627363
-0.627363
-0.627362
-0.627361
-0.627361
-0.62736
-0.62736
-0.627359
-0.627359
-0.627358
-0.627358
-0.627357
-0.627357
-0.627357
-0.627356
-0.627356
-0.627355
-0.627355
-0.627355
-0.627354
-0.627354
-0.627354
-0.627353
-0.627353
-0.627353
-0.627353
-0.627352
-0.627352
-0.627352
-0.627352
-0.627351
-0.627351
-0.627351
-0.627351
-0.627351
-0.627351
-0.627351
-0.627351
-0.627351
-0.627351
-0.627351
-0.627351
-0.627351
-0.627351
-0.627351
-0.627351
-0.627351
-0.627351
-0.627351
-0.627351
-0.627351
-0.627352
-0.627352
-0.627352
-0.627352
-0.627352
-0.627353
-0.627353
-0.627353
-0.627354
-0.627354
-0.627354
-0.627355
-0.627355
-0.627355
-0.627356
-0.627356
-0.627357
-0.627357
-0.627358
-0.627358
-0.627359
-0.627359
-0.62736
-0.62736
-0.627361
-0.627361
-0.627362
-0.627362
-0.627363
-0.627364
-0.627364
-0.627365
-0.627366
-0.627366
-0.627367
-0.627368
-0.627368
-0.627369
-0.62737
-0.627371
-0.627371
-0.627372
-0.627373
-0.627374
-0.627375
-0.627375
-0.627376
-0.627377
-0.627378
-0.627379
-0.62738
-0.62738
-0.627381
-0.627382
-0.627383
-0.627384
-0.627385
-0.627386
-0.627387
-0.627388
-0.627389
-0.62739
-0.627391
-0.627392
-0.627393
-0.627394
-0.627394
-0.627395
-0.627396
-0.627397
-0.627398
-0.627399
-0.6274
-0.627401
-0.627402
-0.627403
-0.627404
-0.627405
-0.627406
-0.627407
-0.627408
-0.627409
-0.62741
-0.627411
-0.627412
-0.627413
-0.627414
-0.627415
-0.627416
-0.627417
-0.627418
-0.627419
-0.62742
-0.627421
-0.627422
-0.627423
-0.627424
-0.627425
-0.627426
-0.627427
-0.627428
-0.627429
-0.62743
-0.627431
-0.627431
-0.627432
-0.627433
-0.627434
-0.627435
-0.627436
-0.627437
-0.627437
-0.627438
-0.627439
-0.62744
-0.627441
-0.627441
-0.627442
-0.627443
-0.627444
-0.627444
-0.627445
-0.627446
-0.627446
-0.627447
-0.627448
-0.627448
-0.627449
-0.62745
-0.62745
-0.627451
-0.627451
-0.627452
-0.627452
-0.627453
-0.627453
-0.627454
-0.627454
-0.627455
-0.627455
-0.627456
-0.627456
-0.627456
-0.627457
-0.627457
-0.627457
-0.627458
-0.627458
-0.627458
-0.627459
-0.627459
-0.627459
-0.627459
-0.627459
-0.627459
-0.62746
-0.62746
-0.62746
-0.62746
-0.62746
-0.62746
-0.62746
-0.62746
-0.62746
-0.62746
-0.62746
-0.62746
-0.627459
-0.627459
-0.627459
-0.627459
-0.627459
-0.627459
-0.627458
-0.627458
-0.627458
-0.627457
-0.627457
-0.627457
-0.627456
-0.627456
-0.627456
-0.627455
-0.627455
-0.627454
-0.627454
-0.627453
-0.627453
-0.627452
-0.627452
-0.627451
-0.62745
-0.62745
-0.627449
-0.627448
-0.627448
-0.627447
-0.627446
-0.627446
-0.627445
-0.627444
-0.627443
-0.627443
-0.627442
-0.627441
-0.62744
-0.627439
-0.627438
-0.627437
-0.627436
-0.627435
-0.627435
-0.627434
-0.627433
-0.627432
-0.627431
-0.62743
-0.627429
-0.627427
-0.627426
-0.627425
-0.627424
-0.627423
-0.627422
-0.627421
-0.62742
-0.627419
-0.627417
-0.627416
-0.627415
-0.627414
-0.627413
-0.627412
-0.62741
-0.627409
-0.627408
-0.627407
-0.627405
-0.627404
-0.627403
-0.627402
-0.6274
-0.627399
-0.627398
-0.627396
-0.627395
-0.627394
-0.627393
-0.627391
-0.62739
-0.627389
-0.627387
-0.627386
-0.627385
-0.627383
-0.627382
-0.627381
-0.62738
-0.627378
-0.627377
-0.627376
-0.627374
-0.627373
-0.627372
-0.62737
-0.627369
-0.627368
-0.627367
-0.627365
-0.627364
-0.627363
-0.627361
-0.62736
-0.627359
-0.627358
-0.627357
-0.627355
-0.627354
-0.627353
-0.627352
-0.62735
-0.627349
-0.627348
-0.627347
-0.627346
-0.627345
-0.627344
-0.627342
-0.627341
-0.62734
-0.627339
-0.627338
-0.627337
-0.627336
-0.627335
-0.627334
-0.627333
-0.627332
-0.627331
-0.62733
-0.627329
-0.627328
-0.627327
-0.627326
-0.627326
-0.627325
-0.627324
-0.627323
-0.627322
-0.627321
-0.627321
-0.62732
-0.627319
-0.627319
-0.627318
-0.627317
-0.627317
-0.627316
-0.627315
-0.627315
-0.627314
-0.627314
-0.627313
-0.627313
-0.627312
-0.627312
-0.627311
-0.627311
-0.62731
-0.62731
-0.62731
-0.627309
-0.627309
-0.627309
-0.627308
-0.627308
-0.627308
-0.627308
-0.627308
-0.627307
-0.627307
-0.627307
-0.627307
-0.627307
-0.627307
-0.627307
-0.627307
-0.627307
-0.627307
-0.627307
-0.627307
-0.627307
-0.627307
-0.627308
-0.627308
-0.627308
-0.627308
-0.627308
-0.627309
-0.627309
-0.627309
-0.62731
-0.62731
-0.62731
-0.627311
-0.627311
-0.627312
-0.627312
-0.627313
-0.627313
-0.627313
-0.627314
-0.627315
-0.627315
-0.627316
-0.627316
-0.627317
-0.627318
-0.627318
-0.627319
-0.62732
-0.62732
-0.627321
-0.627322
-0.627322
-0.627323
-0.627324
-0.627325
-0.627326
-0.627326
-0.627327
-0.627328
-0.627329
-0.62733
-0.627331
-0.627332
-0.627333
-0.627333
-0.627334
-0.627335
-0.627336
-0.627337
-0.627338
-0.627339
-0.62734
-0.627341
-0.627342
-0.627343
-0.627344
-0.627345
-0.627346
-0.627347
-0.627348
-0.627349
-0.62735
-0.627351
-0.627352
-0.627354
-0.627355
-0.627356
-0.627357
-0.627358
-0.627359
-0.62736
-0.627361
-0.627362
-0.627363
-0.627364
-0.627365
-0.627366
-0.627367
-0.627368
-0.627369
-0.62737
-0.627371
-0.627372
-0.627374
-0.627375
-0.627376
-0.627377
-0.627378
-0.627379
-0.627379
-0.62738
-0.627381
-0.627382
-0.627383
-0.627384
-0.627385
-0.627386
-0.627387
-0.627388
-0.627389
-0.62739
-0.62739
-0.627391
-0.627392
-0.627393
-0.627394
-0.627394
-0.627395
-0.627396
-0.627396
-0.627397
-0.627398
-0.627398
-0.627399
-0.6274
-0.6274
-0.627401
-0.627401
-0.627402
-0.627403
-0.627403
-0.627403
-0.627404
-0.627404
-0.627405
-0.627405
-0.627406
-0.627406
-0.627406
-0.627406
-0.627407
-0.627407
-0.627407
-0.627407
-0.627408
-0.627408
-0.627408
-0.627408
-0.627408
-0.627408
-0.627408
-0.627408
-0.627408
-0.627408
-0.627408
-0.627408
-0.627408
-0.627407
-0.627407
-0.627407
-0.627407
-0.627406
-0.627406
-0.627406
-0.627405
-0.627405
-0.627405
-0.627404
-0.627404
-0.627403
-0.627403
-0.627402
-0.627401
-0.627401
-0.6274
-0.627399
-0.627399
-0.627398
-0.627397
-0.627396
-0.627396
-0.627395
-0.627394
-0.627393
-0.627392
-0.627391
-0.62739
-0.627389
-0.627388
-0.627387
-0.627386
-0.627385
-0.627384
-0.627383
-0.627381
-0.62738
-0.627379
-0.627378
-0.627376
-0.627375
-0.627374
-0.627372
-0.627371
-0.62737
-0.627368
-0.627367
-0.627365
-0.627364
-0.627362
-0.627361
-0.627359
-0.627358
-0.627356
-0.627354
-0.627353
-0.627351
-0.627349
-0.627348
-0.627346
-0.627344
-0.627343
-0.627341
-0.627339
-0.627337
-0.627336
-0.627334
-0.627332
-0.62733
-0.627328
-0.627326
-0.627324
-0.627323
-0.627321
-0.627319
-0.627317
-0.627315
-0.627313
-0.627311
-0.627309
-0.627307
-0.627305
-0.627303
-0.627301
-0.627299
-0.627297
-0.627295
-0.627293
-0.627291
-0.627289
-0.627287
-0.627285
-0.627283
-0.627281
-0.627279
-0.627277
-0.627275
-0.627273
-0.627271
-0.627269
-0.627268
-0.627266
-0.627264
-0.627262
-0.62726
-0.627258
-0.627256
-0.627254
-0.627252
-0.62725
-0.627248
-0.627246
-0.627244
-0.627243
-0.627241
-0.627239
-0.627237
-0.627235
-0.627233
-0.627232
-0.62723
-0.627228
-0.627226
-0.627225
-0.627223
-0.627221
-0.62722
-0.627218
-0.627216
-0.627215
-0.627213
-0.627212
-0.62721
-0.627209
-0.627207
-0.627206
-0.627204
-0.627203
-0.627201
-0.6272
-0.627199
-0.627197
-0.627196
-0.627195
-0.627193
-0.627192
-0.627191
-0.62719
-0.627189
-0.627188
-0.627187
-0.627186
-0.627185
-0.627184
-0.627183
-0.627182
-0.627181
-0.62718
-0.627179
-0.627178
-0.627178
-0.627177
-0.627176
-0.627176
-0.627175
-0.627174
-0.627174
-0.627173
-0.627173
-0.627172
-0.627172
-0.627172
-0.627171
-0.627171
-0.627171
-0.62717
-0.62717
-0.62717
-0.62717
-0.62717
-0.62717
-0.62717
-0.62717
-0.62717
-0.62717
-0.62717
-0.62717
-0.62717
-0.62717
-0.627171
-0.627171
-0.627171
-0.627172
-0.627172
-0.627172
-0.627173
-0.627173
-0.627174
-0.627174
-0.627175
-0.627176
-0.627176
-0.627177
-0.627178
-0.627179
-0.627179
-0.62718
-0.627181
-0.627182
-0.627183
-0.627184
-0.627185
-0.627186
-0.627187
-0.627188
-0.627189
-0.62719
-0.627191
-0.627192
-0.627194
-0.627195
-0.627196
-0.627197
-0.627199
-0.6272
-0.627201
-0.627203
-0.627204
-0.627206
-0.627207
-0.627209
-0.62721
-0.627212
-0.627213
-0.627215
-0.627216
-0.627218
-0.62722
-0.627221
-0.627223
-0.627225
-0.627226
-0.627228
-0.62723
-0.627231
-0.627233
-0.627235
-0.627237
-0.627239
-0.62724
-0.627242
-0.627244
-0.627246
-0.627248
-0.627249
-0.627251
-0.627253
-0.627255
-0.627257
-0.627259
-0.627261
-0.627262
-0.627264
-0.627266
-0.627268
-0.62727
-0.627272
-0.627274
-0.627276
-0.627277
-0.627279
-0.627281
-0.627283
-0.627285
-0.627287
-0.627288
-0.62729
-0.627292
-0.627294
-0.627296
-0.627297
-0.627299
-0.627301
-0.627303
-0.627304
-0.627306
-0.627308
-0.62731
-0.627311
-0.627313
-0.627314
-0.627316
-0.627318
-0.627319
-0.627321
-0.627322
-0.627324
-0.627325
-0.627327
-0.627328
-0.627329
-0.627331
-0.627332
-0.627333
-0.627335
-0.627336
-0.627337
-0.627338
-0.62734
-0.627341
-0.627342
-0.627343
-0.627344
-0.627345
-0.627346
-0.627347
-0.627348
-0.627349
-0.627349
-0.62735
-0.627351
-0.627352
-0.627352
-0.627353
-0.627354
-0.627354
-0.627355
-0.627355
-0.627356
-0.627356
-0.627356
-0.627357
-0.627357
-0.627357
-0.627357
-0.627358
-0.627358
-0.627358
-0.627358
-0.627358
-0.627358
-0.627358
-0.627357
-0.627357
-0.627357
-0.627357
-0.627356
-0.627356
-0.627356
-0.627355
-0.627355
-0.627354
-0.627353
-0.627353
-0.627352
-0.627351
-0.627351
-0.62735
-0.627349
-0.627348
-0.627347
-0.627346
-0.627345
-0.627344
-0.627343
-0.627342
-0.62734
-0.627339
-0.627338
-0.627336
-0.627335
-0.627334
-0.627332
-0.62733
-0.627329
-0.627327
-0.627326
-0.627324
-0.627322
-0.62732
-0.627319
-0.627317
-0.627315
-0.627313
-0.627311
-0.627309
-0.627307
-0.627305
-0.627303
-0.6273
-0.627298
-0.627296
-0.627294
-0.627291
-0.627289
-0.627287
-0.627284
-0.627282
-0.627279
-0.627277
-0.627274
-0.627272
-0.627269
-0.627267
-0.627264
-0.627261
-0.627259
-0.627256
-0.627253
-0.627251
-0.627248
-0.627245
-0.627242
-0.627239
-0.627237
-0.627234
-0.627231
-0.627228
-0.627225
-0.627222
-0.627219
-0.627216
-0.627213
-0.62721
-0.627207
-0.627204
-0.627201
-0.627198
-0.627195
-0.627192
-0.627189
-0.627186
-0.627183
-0.62718
-0.627177
-0.627174
-0.627171
-0.627168
-0.627165
-0.627162
-0.627159
-0.627156
-0.627153
-0.62715
-0.627147
-0.627144
-0.627141
-0.627138
-0.627135
-0.627132
-0.627129
-0.627126
-0.627123
-0.627121
-0.627118
-0.627115
-0.627112
