-0.5135
-0.5135
-0.5135
-0.5135
-0.5135
-0.5135
-0.5135
-0.513499
-0.513499
-0.513499
-0.513499
-0.513498
-0.513498
-0.513497
-0.513497
-0.513497
-0.513496
-0.513496
-0.513495
-0.513495
-0.513494
-0.513493
-0.513493
-0.513492
-0.513492
-0.513491
-0.51349
-0.51349
-0.513489
-0.513488
-0.513487
-0.513487
-0.513486
-0.513485
-0.513484
-0.513483
-0.513483
-0.513482
-0.513481
-0.51348
-0.513479
-0.513479
-0.513478
-0.513477
-0.513476
-0.513475
-0.513475
-0.513474
-0.513473
-0.513472
-0.513471
-0.513471
-0.51347
-0.513469
-0.513469
-0.513468
-0.513467
-0.513467
-0.513466
-0.513465
-0.513465
-0.513464
-0.513464
-0.513463
-0.513463
-0.513462
-0.513462
-0.513462
-0.513461
-0.513461
-0.513461
-0.51346
-0.51346
-0.51346
-0.51346
-0.51346
-0.51346
-0.51346
-0.513459
-0.51346
-0.51346
-0.51346
-0.51346
-0.51346
-0.51346
-0.51346
-0.51346
-0.513461
-0.513461
-0.513461
-0.513462
-0.513462
-0.513462
-0.513463
-0.513463
-0.513464
-0.513464
-0.513465
-0.513465
-0.513466
-0.513467
-0.513467
-0.513468
-0.513469
-0.513469
-0.51347
-0.513471
-0.513472
-0.513472
-0.513473
-0.513474
-0.513475
-0.513475
-0.513476
-0.513477
-0.513478
-0.513479
-0.51348
-0.51348
-0.513481
-0.513482
-0.513483
-0.513484
-0.513484
-0.513485
-0.513486
-0.513487
-0.513488
-0.513488
-0.513489
-0.51349
-0.513491
-0.513491
-0.513492
-0.513493
-0.513493
-0.513494
-0.513494
-0.513495
-0.513496
-0.513496
-0.513497
-0.513497
-0.513498
-0.513498
-0.513498
-0.513499
-0.513499
-0.513499
-0.5135
-0.5135
-0.5135
-0.5135
-0.5135
-0.5135
-0.5135
-0.5135
-0.5135
-0.5135
-0.5135
-0.5135
-0.5135
-0.5135
-0.5135
-0.5135
-0.5135
-0.5135
-0.5135
-0.5135
-0.5135
-0.5135
-0.5135
-0.5135
-0.5135
-0.5135
-0.5135
-0.5135
-0.5135
-0.5135
-0.5135
-0.5135
-0.5135
-0.5135
-0.5135
-0.5135
-0.5135
-0.5135
-0.5135
-0.5135
-0.5135
-0.5135
-0.5135
-0.5135
-0.5135
-0.5135
-0.5135
-0.5135
-0.5135
-0.5135
-0.5135
-0.5135
-0.5135
-0.5135
-0.5135
-0.5135
-0.5135
-0.5135
-0.5135
-0.5135
-0.5135
-0.5135
-0.5135
-0.5135
-0.5135
-0.5135
-0.5135
-0.5135
-0.5135
-0.5135
-0.5135
-0.5135
-0.5135
-0.5135
-0.5135
-0.5135
-0.5135
-0.5135
-0.5135
-0.5135
-0.5135
-0.5135
-0.5135
-0.5135
-0.5135
-0.5135
-0.5135
-0.5135
-0.5135
-0.5135
-0.5135
-0.5135
-0.5135
-0.5135
-0.5135
-0.5135
-0.5135
-0.5135
-0.5135
-0.5135
-0.5135
-0.5135
-0.5135
-0.5135
-0.5135
-0.5135
-0.5135
-0.5135
-0.5135
-0.5135
-0.5135
-0.5135
-0.5135
-0.5135
-0.5135
-0.5135
-0.5135
-0.5135
-0.5135
-0.5135
-0.5135
-0.5135
-0.5135
-0.5135
-0.5135
-0.5135
-0.5135
-0.5135
-0.5135
-0.5135
-0.5135
-0.5135
-0.5135
-0.5135
-0.5135
-0.5135
-0.5135
-0.5135
-0.5135
-0.5135
-0.5135
-0.5135
-0.5135
-0.5135
-0.5135
-0.5135
-0.5135
-0.5135
-0.5135
-0.5135
-0.5135
-0.5135
-0.5135
-0.5135
-0.5135
-0.5135
-0.5135
-0.5135
-0.5135
-0.5135
-0.5135
-0.5135
-0.5135
-0.5135
-0.5135
-0.5135
-0.5135
-0.5135
-0.5135
-0.5135
-0.5135
-0.5135
-0.5135
-0.5135
-0.5135
-0.5135
-0.5135
-0.5135
-0.5135
-0.5135
-0.5135
-0.5135
-0.5135
-0.5135
-0.5135
-0.5135
-0.5135
-0.5135
-0.5135
-0.5135
-0.5135
-0.5135
-0.5135
-0.5135
-0.5135
-0.5135
-0.5135
-0.5135
-0.5135
-0.5135
-0.5135
-0.5135
-0.5135
-0.5135
-0.5135
-0.5135
-0.5135
-0.5135
-0.5135
-0.5135
-0.5135
-0.5135
-0.5135
-0.5135
-0.5135
-0.5135
-0.5135
-0.5135
-0.5135
-0.5135
-0.5135
-0.5135
-0.5135
-0.5135
-0.5135
-0.5135
-0.5135
-0.5135
-0.5135
-0.5135
-0.5135
-0.5135
-0.5135
-0.5135
-0.5135
-0.5135
-0.5135
-0.5135
-0.5135
-0.5135
-0.5135
-0.5135
-0.5135
-0.5135
-0.5135
-0.5135
-0.5135
-0.5135
-0.5135
-0.5135
-0.5135
-0.5135
-0.5135
-0.5135
-0.5135
-0.5135
-0.5135
-0.5135
-0.5135
-0.5135
-0.5135
-0.5135
-0.5135
-0.5135
-0.5135
-0.5135
-0.5135
-0.5135
-0.5135
-0.5135
-0.5135
-0.5135
-0.5135
-0.5135
-0.5135
-0.5135
-0.5135
-0.5135
-0.5135
-0.5135
-0.5135
-0.5135
-0.5135
-0.5135
-0.5135
-0.5135
-0.5135
-0.5135
-0.5135
-0.5135
-0.5135
-0.5135
-0.5135
-0.5135
-0.5135
-0.5135
-0.5135
-0.5135
-0.5135
-0.5135
-0.5135
-0.5135
-0.5135
-0.5135
-0.5135
-0.5135
-0.5135
-0.5135
-0.5135
-0.5135
-0.5135
-0.5135
-0.5135
-0.5135
-0.5135
-0.5135
-0.5135
-0.5135
-0.5135
-0.5135
-0.5135
-0.5135
-0.5135
-0.5135
-0.5135
-0.5135
-0.5135
-0.5135
-0.5135
-0.5135
-0.5135
-0.5135
-0.5135
-0.5135
-0.5135
-0.5135
-0.5135
-0.5135
-0.5135
-0.5135
-0.5135
-0.5135
-0.5135
-0.5135
-0.5135
-0.5135
-0.5135
-0.5135
-0.5135
-0.5135
-0.5135
-0.5135
-0.5135
-0.5135
-0.5135
-0.5135
-0.5135
-0.5135
-0.5135
-0.5135
-0.5135
-0.5135
-0.5135
-0.5135
-0.5135
-0.5135
-0.5135
-0.5135
-0.5135
-0.5135
-0.5135
-0.5135
-0.5135
-0.5135
-0.5135
-0.5135
-0.5135
-0.5135
-0.5135
-0.5135
-0.5135
-0.5135
-0.5135
-0.5135
-0.5135
-0.5135
-0.5135
-0.5135
-0.5135
-0.5135
-0.5135
-0.5135
-0.5135
-0.5135
-0.5135
-0.5135
-0.5135
-0.5135
-0.5135
-0.5135
-0.5135
-0.5135
-0.5135
-0.5135
-0.5135
-0.5135
-0.5135
-0.5135
-0.5135
-0.5135
-0.5135
-0.5135
-0.5135
-0.5135
-0.5135
-0.5135
-0.5135
-0.5135
-0.5135
-0.5135
-0.5135
-0.5135
-0.5135
-0.5135
-0.5135
-0.5135
-0.5135
-0.5135
-0.5135
-0.5135
-0.5135
-0.5135
-0.5135
-0.5135
-0.5135
-0.5135
-0.5135
-0.5135
-0.5135
-0.5135
-0.5135
-0.5135
-0.5135
-0.5135
-0.5135
-0.5135
-0.5135
-0.5135
-0.5135
-0.5135
-0.5135
-0.5135
-0.5135
-0.5135
-0.5135
-0.5135
-0.5135
-0.5135
-0.5135
-0.5135
-0.5135
-0.5135
-0.5135
-0.5135
-0.5135
-0.5135
-0.5135
-0.5135
-0.5135
-0.5135
-0.5135
-0.5135
-0.5135
-0.5135
-0.5135
-0.5135
-0.5135
-0.5135
-0.5135
-0.5135
-0.5135
-0.5135
-0.5135
-0.5135
-0.5135
-0.5135
-0.5135
-0.5135
-0.5135
-0.5135
-0.5135
-0.5135
-0.5135
-0.5135
-0.5135
-0.5135
-0.5135
-0.5135
-0.5135
-0.5135
-0.5135
-0.5135
-0.5135
-0.5135
-0.5135
-0.5135
-0.5135
-0.5135
-0.5135
-0.5135
-0.5135
-0.5135
-0.5135
-0.5135
-0.5135
-0.5135
-0.5135
-0.5135
-0.5135
-0.5135
-0.5135
-0.5135
-0.5135
-0.5135
-0.5135
-0.5135
-0.5135
-0.5135
-0.5135
-0.5135
-0.5135
-0.5135
-0.5135
-0.5135
-0.5135
-0.5135
-0.5135
-0.5135
-0.5135
-0.5135
-0.5135
-0.5135
-0.5135
-0.5135
-0.5135
-0.5135
-0.5135
-0.5135
-0.5135
-0.5135
-0.5135
-0.5135
-0.5135
-0.5135
-0.5135
-0.5135
-0.5135
-0.5135
-0.5135
-0.5135
-0.5135
-0.5135
-0.5135
-0.5135
-0.5135
-0.5135
-0.5135
-0.5135
-0.5135
-0.5135
-0.5135
-0.5135
-0.5135
-0.5135
-0.5135
-0.5135
-0.5135
-0.5135
-0.5135
-0.5135
-0.5135
-0.5135
-0.5135
-0.5135
-0.5135
-0.5135
-0.5135
-0.5135
-0.5135
-0.5135
-0.5135
-0.5135
-0.5135
-0.5135
-0.5135
-0.5135
-0.5135
-0.5135
-0.5135
-0.5135
-0.5135
-0.5135
-0.5135
-0.5135
-0.5135
-0.5135
-0.5135
-0.5135
-0.5135
-0.5135
-0.5135
-0.5135
-0.5135
-0.5135
-0.5135
-0.5135
-0.5135
-0.5135
-0.5135
-0.5135
-0.5135
-0.5135
-0.5135
-0.5135
-0.5135
-0.5135
-0.5135
-0.5135
-0.5135
-0.5135
-0.5135
-0.5135
-0.5135
-0.5135
-0.5135
-0.5135
-0.5135
-0.5135
-0.5135
-0.5135
-0.5135
-0.5135
-0.5135
-0.5135
-0.5135
-0.5135
-0.5135
-0.5135
-0.5135
-0.5135
-0.5135
-0.5135
-0.5135
-0.5135
-0.5135
-0.5135
-0.5135
-0.5135
-0.5135
-0.5135
-0.5135
-0.5135
-0.5135
-0.5135
-0.5135
-0.5135
-0.5135
-0.5135
-0.5135
-0.5135
-0.5135
-0.5135
-0.5135
-0.5135
-0.5135
-0.5135
-0.5135
-0.5135
-0.5135
-0.5135
-0.5135
-0.5135
-0.5135
-0.5135
-0.5135
-0.5135
-0.5135
-0.5135
-0.5135
-0.5135
-0.5135
-0.5135
-0.5135
-0.5135
-0.5135
-0.5135
-0.5135
-0.5135
-0.5135
-0.5135
-0.5135
-0.5135
-0.5135
-0.5135
-0.5135
-0.5135
-0.5135
-0.5135
-0.5135
-0.5135
-0.5135
-0.5135
-0.5135
-0.5135
-0.5135
-0.5135
-0.5135
-0.5135
-0.5135
-0.5135
-0.5135
-0.5135
-0.5135
-0.5135
-0.5135
-0.5135
-0.5135
-0.5135
-0.5135
-0.5135
-0.5135
-0.5135
-0.5135
-0.5135
-0.5135
-0.5135
-0.5135
-0.5135
-0.5135
-0.5135
-0.5135
-0.5135
-0.5135
-0.5135
-0.5135
-0.5135
-0.5135
-0.5135
-0.5135
-0.5135
-0.5135
-0.5135
-0.5135
-0.5135
-0.5135
-0.5135
-0.5135
-0.5135
-0.5135
-0.5135
-0.5135
-0.5135
-0.5135
-0.5135
-0.5135
-0.5135
-0.5135
-0.5135
-0.5135
-0.5135
-0.5135
-0.5135
-0.5135
-0.5135
-0.5135
-0.5135
-0.5135
-0.5135
-0.5135
-0.5135
-0.5135
-0.5135
-0.5135
-0.5135
-0.5135
-0.5135
-0.5135
-0.5135
-0.5135
-0.5135
-0.5135
-0.5135
-0.5135
-0.5135
-0.5135
-0.5135
-0.5135
-0.5135
-0.5135
-0.5135
-0.5135
-0.5135
-0.5135
-0.5135
-0.5135
-0.5135
-0.5135
-0.5135
-0.5135
-0.5135
-0.5135
-0.5135
-0.5135
-0.5135
-0.5135
-0.5135
-0.5135
-0.5135
-0.5135
-0.5135
-0.5135
-0.5135
-0.5135
-0.5135
-0.5135
-0.5135
-0.5135
-0.5135
-0.5135
-0.5135
-0.5135
-0.5135
-0.5135
-0.5135
-0.5135
-0.5135
-0.5135
-0.5135
-0.5135
-0.5135
-0.5135
-0.5135
-0.5135
-0.5135
-0.5135
-0.5135
-0.5135
-0.5135
-0.5135
-0.5135
-0.5135
-0.5135
-0.5135
-0.5135
-0.5135
-0.5135
-0.5135
-0.5135
-0.5135
-0.5135
-0.5135
-0.5135
-0.5135
-0.5135
-0.5135
-0.5135
-0.5135
-0.5135
-0.5135
-0.5135
-0.5135
-0.5135
-0.5135
-0.5135
-0.5135
-0.5135
-0.5135
-0.5135
-0.5135
-0.5135
-0.5135
-0.5135
-0.5135
-0.5135
-0.5135
-0.5135
-0.5135
-0.5135
-0.5135
-0.5135
-0.5135
-0.5135
-0.5135
-0.5135
-0.5135
-0.5135
-0.5135
-0.5135
-0.5135
-0.5135
-0.5135
-0.5135
-0.5135
-0.5135
-0.5135
-0.5135
-0.5135
-0.5135
-0.5135
-0.5135
-0.5135
-0.5135
-0.5135
-0.5135
-0.5135
-0.5135
-0.5135
-0.5135
-0.5135
-0.5135
-0.5135
-0.5135
-0.5135
-0.5135
-0.5135
-0.5135
-0.5135
-0.5135
-0.5135
-0.5135
-0.5135
-0.5135
-0.5135
-0.5135
-0.5135
-0.5135
-0.5135
-0.5135
-0.5135
-0.5135
-0.5135
-0.5135
-0.5135
-0.5135
-0.5135
-0.5135
-0.5135
-0.5135
-0.5135
-0.5135
-0.5135
-0.5135
-0.5135
-0.5135
-0.5135
-0.5135
-0.5135
-0.5135
-0.5135
-0.5135
-0.5135
-0.5135
-0.5135
-0.5135
-0.5135
-0.5135
-0.5135
-0.5135
-0.5135
-0.5135
-0.5135
-0.5135
-0.5135
-0.5135
-0.5135
-0.5135
-0.5135
-0.5135
-0.5135
-0.5135
-0.5135
-0.5135
-0.5135
-0.5135
-0.5135
-0.5135
-0.5135
-0.5135
-0.5135
-0.5135
-0.5135
-0.5135
-0.5135
-0.5135
-0.5135
-0.5135
-0.5135
-0.5135
-0.5135
-0.5135
-0.5135
-0.5135
-0.5135
-0.5135
-0.5135
-0.5135
-0.5135
-0.5135
-0.5135
-0.5135
-0.5135
-0.5135
-0.5135
-0.5135
-0.5135
-0.5135
-0.5135
-0.5135
-0.5135
-0.5135
-0.5135
-0.5135
-0.5135
-0.5135
-0.5135
-0.5135
-0.5135
-0.5135
-0.5135
-0.5135
-0.5135
-0.5135
-0.5135
-0.5135
-0.5135
-0.5135
-0.5135
-0.5135
-0.5135
-0.5135
-0.5135
-0.5135
-0.5135
-0.5135
-0.5135
-0.5135
-0.5135
-0.5135
-0.5135
-0.5135
-0.5135
-0.5135
-0.5135
-0.5135
-0.5135
-0.5135
-0.5135
-0.5135
-0.5135
-0.5135
-0.5135
-0.5135
-0.5135
-0.5135
-0.5135
-0.5135
-0.5135
-0.5135
-0.5135
-0.5135
-0.5135
-0.5135
-0.5135
-0.5135
-0.5135
-0.5135
-0.5135
-0.5135
-0.5135
-0.5135
-0.5135
-0.5135
-0.5135
-0.5135
-0.5135
-0.5135
-0.5135
-0.5135
-0.5135
-0.5135
-0.5135
-0.5135
-0.5135
-0.5135
-0.5135
-0.5135
-0.5135
-0.5135
-0.5135
-0.5135
-0.5135
-0.5135
-0.5135
-0.5135
-0.5135
-0.5135
-0.5135
-0.5135
-0.5135
-0.5135
-0.5135
-0.5135
-0.5135
-0.5135
-0.5135
-0.5135
-0.5135
-0.5135
-0.5135
-0.5135
-0.5135
-0.5135
-0.5135
-0.5135
-0.5135
-0.5135
-0.5135
-0.5135
-0.5135
-0.5135
-0.5135
-0.5135
-0.5135
-0.5135
-0.5135
-0.5135
-0.5135
-0.5135
-0.5135
-0.5135
-0.5135
-0.5135
-0.5135
-0.5135
-0.5135
-0.5135
-0.5135
-0.5135
-0.5135
-0.5135
-0.5135
-0.5135
-0.5135
-0.5135
-0.5135
-0.5135
-0.5135
-0.5135
-0.5135
-0.5135
-0.5135
-0.5135
-0.5135
-0.5135
-0.5135
-0.5135
-0.5135
-0.5135
-0.5135
-0.5135
-0.5135
-0.5135
-0.5135
-0.5135
-0.5135
-0.5135
-0.5135
-0.5135
-0.5135
-0.5135
-0.5135
-0.5135
-0.5135
-0.5135
-0.5135
-0.5135
-0.5135
-0.5135
-0.5135
-0.5135
-0.5135
-0.5135
-0.5135
-0.5135
-0.5135
-0.5135
-0.5135
-0.5135
-0.5135
-0.5135
-0.5135
-0.5135
-0.5135
-0.5135
-0.5135
-0.5135
-0.5135
-0.5135
-0.5135
-0.5135
-0.5135
-0.5135
-0.5135
-0.5135
-0.5135
-0.5135
-0.5135
-0.5135
-0.5135
-0.5135
-0.5135
-0.5135
-0.5135
-0.5135
-0.5135
-0.5135
-0.5135
-0.5135
-0.5135
-0.5135
-0.5135
-0.5135
-0.5135
-0.5135
-0.5135
-0.5135
-0.5135
-0.5135
-0.5135
-0.5135
-0.5135
-0.5135
-0.5135
-0.5135
-0.5135
-0.5135
-0.5135
-0.5135
-0.5135
-0.5135
-0.5135
-0.5135
-0.5135
-0.5135
-0.5135
-0.5135
-0.5135
-0.5135
-0.5135
-0.5135
-0.5135
-0.5135
-0.5135
-0.5135
-0.5135
-0.5135
-0.5135
-0.5135
-0.5135
-0.5135
-0.5135
-0.5135
-0.5135
-0.5135
-0.5135
-0.5135
-0.5135
-0.5135
-0.5135
-0.5135
-0.5135
-0.5135
-0.5135
-0.5135
-0.5135
-0.5135
-0.5135
-0.5135
-0.5135
-0.5135
-0.5135
-0.5135
-0.5135
-0.5135
-0.5135
-0.5135
-0.5135
-0.5135
-0.5135
-0.5135
-0.5135
-0.5135
-0.5135
-0.5135
-0.5135
-0.5135
-0.5135
-0.5135
-0.5135
-0.5135
-0.5135
-0.5135
-0.5135
-0.5135
-0.5135
-0.5135
-0.5135
-0.5135
-0.5135
-0.5135
-0.5135
-0.5135
-0.5135
-0.5135
-0.5135
-0.5135
-0.5135
-0.5135
-0.5135
-0.5135
-0.5135
-0.5135
-0.5135
-0.5135
-0.5135
-0.5135
-0.5135
-0.5135
-0.5135
-0.5135
-0.5135
-0.5135
-0.5135
-0.5135
-0.5135
-0.5135
-0.5135
-0.5135
-0.5135
-0.5135
-0.5135
-0.5135
-0.5135
-0.5135
-0.5135
-0.5135
-0.5135
-0.5135
-0.5135
-0.5135
-0.5135
-0.5135
-0.5135
-0.5135
-0.5135
-0.5135
-0.5135
-0.5135
-0.5135
-0.5135
-0.5135
-0.5135
-0.5135
-0.5135
-0.5135
-0.5135
-0.5135
-0.5135
-0.5135
-0.5135
-0.5135
-0.5135
-0.5135
-0.5135
-0.5135
-0.5135
-0.5135
-0.5135
-0.5135
-0.5135
-0.5135
-0.5135
-0.5135
-0.5135
-0.5135
-0.5135
-0.5135
-0.5135
-0.5135
-0.5135
-0.5135
-0.5135
-0.5135
-0.5135
-0.5135
-0.5135
-0.5135
-0.5135
-0.5135
-0.5135
-0.5135
-0.5135
-0.5135
-0.513501
-0.513501
-0.513501
-0.513501
-0.5135
-0.5135
-0.5135
-0.5135
-0.5135
-0.5135
-0.5135
-0.5135
-0.5135
-0.5135
-0.5135
-0.5135
-0.5135
-0.5135
-0.5135
-0.5135
-0.5135
-0.5135
-0.5135
-0.5135
-0.5135
-0.5135
-0.5135
-0.5135
-0.5135
-0.5135
-0.5135
-0.5135
-0.5135
-0.5135
-0.5135
-0.5135
-0.5135
-0.5135
-0.5135
-0.5135
-0.5135
-0.5135
-0.5135
-0.5135
-0.5135
-0.5135
-0.5135
-0.5135
-0.5135
-0.5135
-0.5135
-0.5135
-0.5135
-0.5135
-0.5135
-0.5135
-0.5135
-0.5135
-0.5135
-0.5135
-0.5135
-0.5135
-0.5135
-0.5135
-0.5135
-0.5135
-0.5135
-0.5135
-0.5135
-0.5135
-0.5135
-0.5135
-0.5135
-0.5135
-0.5135
-0.513499
-0.513499
-0.513499
-0.513499
-0.513499
-0.513499
-0.513499
-0.513499
-0.513499
-0.513499
-0.5135
-0.5135
-0.5135
-0.5135
-0.5135
-0.5135
-0.5135
-0.5135
-0.5135
-0.5135
-0.5135
-0.5135
-0.5135
-0.5135
-0.5135
-0.5135
-0.5135
-0.5135
-0.5135
-0.5135
-0.5135
-0.5135
-0.5135
-0.5135
-0.5135
-0.5135
-0.5135
-0.5135
-0.5135
-0.5135
-0.5135
-0.5135
-0.5135
-0.5135
-0.5135
-0.5135
-0.5135
-0.5135
-0.5135
-0.5135
-0.5135
-0.5135
-0.5135
-0.5135
-0.5135
-0.5135
-0.5135
-0.5135
-0.5135
-0.5135
-0.5135
-0.5135
-0.5135
-0.5135
-0.5135
-0.5135
-0.5135
-0.5135
-0.5135
-0.5135
-0.5135
-0.5135
-0.5135
-0.5135
-0.5135
-0.5135
-0.513501
-0.513501
-0.513501
-0.513501
-0.513501
-0.513501
-0.513501
-0.513501
-0.513501
-0.513501
-0.513501
-0.513501
-0.513501
-0.513501
-0.5135
-0.5135
-0.5135
-0.5135
-0.5135
-0.5135
-0.5135
-0.5135
-0.5135
-0.5135
-0.5135
-0.5135
-0.5135
-0.5135
-0.5135
-0.5135
-0.5135
-0.5135
-0.5135
-0.5135
-0.5135
-0.5135
-0.5135
-0.5135
-0.5135
-0.5135
-0.5135
-0.5135
-0.5135
-0.5135
-0.5135
-0.5135
-0.5135
-0.5135
-0.5135
-0.5135
-0.5135
-0.5135
-0.5135
-0.5135
-0.5135
-0.5135
-0.5135
-0.5135
-0.5135
-0.5135
-0.5135
-0.5135
-0.5135
-0.5135
-0.5135
-0.5135
-0.5135
-0.5135
-0.5135
-0.5135
-0.5135
-0.5135
-0.5135
-0.5135
-0.5135
-0.5135
-0.513499
-0.513499
-0.513499
-0.513499
-0.513499
-0.513499
-0.513499
-0.513499
-0.513499
-0.513499
-0.513499
-0.513499
-0.513499
-0.513499
-0.513499
-0.513499
-0.513499
-0.513499
-0.5135
-0.5135
-0.5135
-0.5135
-0.5135
-0.5135
-0.5135
-0.5135
-0.5135
-0.5135
-0.5135
-0.5135
-0.5135
-0.5135
-0.5135
-0.5135
-0.5135
-0.5135
-0.5135
-0.5135
-0.5135
-0.5135
-0.5135
-0.5135
-0.5135
-0.5135
-0.5135
-0.5135
-0.5135
-0.5135
-0.5135
-0.5135
-0.5135
-0.5135
-0.5135
-0.5135
-0.5135
-0.5135
-0.5135
-0.5135
-0.5135
-0.5135
-0.5135
-0.5135
-0.5135
-0.5135
-0.5135
-0.5135
-0.5135
-0.5135
-0.5135
-0.5135
-0.5135
-0.5135
-0.5135
-0.5135
-0.5135
-0.5135
-0.5135
-0.513501
-0.513501
-0.513501
-0.513501
-0.513501
-0.513501
-0.513501
-0.513501
-0.513501
-0.513501
-0.513501
-0.513501
-0.513501
-0.513501
-0.513501
-0.513501
-0.513501
-0.513501
-0.513501
-0.513501
-0.5135
-0.5135
-0.5135
-0.5135
-0.5135
-0.5135
-0.5135
-0.5135
-0.5135
-0.5135
-0.5135
-0.5135
-0.5135
-0.5135
-0.5135
-0.5135
-0.5135
-0.5135
-0.5135
-0.5135
-0.5135
-0.5135
-0.5135
-0.5135
-0.5135
-0.5135
-0.5135
-0.5135
-0.5135
-0.5135
-0.5135
-0.5135
-0.5135
-0.5135
-0.5135
-0.5135
-0.5135
-0.5135
-0.5135
-0.5135
-0.5135
-0.5135
-0.5135
-0.5135
-0.5135
-0.5135
-0.5135
-0.5135
-0.5135
-0.5135
-0.5135
-0.5135
-0.5135
-0.5135
-0.5135
-0.5135
-0.5135
-0.513499
-0.513499
-0.513499
-0.513499
-0.513499
-0.513499
-0.513499
-0.513499
-0.513499
-0.513499
-0.513499
-0.513499
-0.513499
-0.513499
-0.513499
-0.513499
-0.513499
-0.513499
-0.513499
-0.513499
-0.513499
-0.513499
-0.5135
-0.5135
-0.5135
-0.5135
-0.5135
-0.5135
-0.5135
-0.5135
-0.5135
-0.5135
-0.5135
-0.5135
-0.5135
-0.5135
-0.5135
-0.5135
-0.5135
-0.5135
-0.5135
-0.5135
-0.5135
-0.5135
-0.5135
-0.5135
-0.5135
-0.5135
-0.5135
-0.5135
-0.5135
-0.5135
-0.5135
-0.5135
-0.5135
-0.5135
-0.5135
-0.5135
-0.5135
-0.5135
-0.5135
-0.5135
-0.5135
-0.5135
-0.5135
-0.5135
-0.5135
-0.5135
-0.5135
-0.5135
-0.5135
-0.5135
-0.5135
-0.5135
-0.5135
-0.5135
-0.5135
-0.513501
-0.513501
-0.513501
-0.513501
-0.513501
-0.513501
-0.513501
-0.513501
-0.513501
-0.513501
-0.513501
-0.513501
-0.513501
-0.513501
-0.513501
-0.513501
-0.513501
-0.513501
-0.513501
-0.513501
-0.513501
-0.513501
-0.513501
-0.513501
-0.5135
-0.5135
-0.5135
-0.5135
-0.5135
-0.5135
-0.5135
-0.5135
-0.5135
-0.5135
-0.5135
-0.5135
-0.5135
-0.5135
-0.5135
-0.5135
-0.5135
-0.5135
-0.5135
-0.5135
-0.5135
-0.5135
-0.5135
-0.5135
-0.5135
-0.5135
-0.5135
-0.5135
-0.5135
-0.5135
-0.5135
-0.5135
-0.5135
-0.5135
-0.5135
-0.5135
-0.5135
-0.5135
-0.5135
-0.5135
-0.5135
-0.5135
-0.5135
-0.5135
-0.5135
-0.5135
-0.5135
-0.5135
-0.5135
-0.5135
-0.5135
-0.5135
-0.5135
-0.513499
-0.513499
-0.513499
-0.513499
-0.513499
-0.513499
-0.513499
-0.513499
-0.513499
-0.513499
-0.513499
-0.513499
-0.513499
-0.513499
-0.513499
-0.513499
-0.513499
-0.513499
-0.513499
-0.513499
-0.513499
-0.513499
-0.513499
-0.513499
-0.513499
-0.513499
-0.5135
-0.5135
-0.5135
-0.5135
-0.5135
-0.5135
-0.5135
-0.5135
-0.5135
-0.5135
-0.5135
-0.5135
-0.5135
-0.5135
-0.5135
-0.5135
-0.5135
-0.5135
-0.5135
-0.5135
-0.5135
-0.5135
-0.5135
-0.5135
-0.5135
-0.5135
-0.5135
-0.5135
-0.5135
-0.5135
-0.5135
-0.5135
-0.5135
-0.5135
-0.5135
-0.5135
-0.5135
-0.5135
-0.5135
-0.5135
-0.5135
-0.5135
-0.5135
-0.5135
-0.5135
-0.5135
-0.5135
-0.5135
-0.5135
-0.5135
-0.5135
-0.513501
-0.513501
-0.513501
-0.513501
-0.513501
-0.513501
-0.513501
-0.513501
-0.513501
-0.513501
-0.513501
-0.513501
-0.513501
-0.513501
-0.513501
-0.513501
-0.513501
-0.513501
-0.513501
-0.513501
-0.513501
-0.513501
-0.513501
-0.513501
-0.513501
-0.513501
-0.513501
-0.513501
-0.5135
-0.5135
-0.5135
-0.5135
-0.5135
-0.5135
-0.5135
-0.5135
-0.5135
-0.5135
-0.5135
-0.5135
-0.5135
-0.5135
-0.5135
-0.5135
-0.5135
-0.5135
-0.5135
-0.5135
-0.5135
-0.5135
-0.5135
-0.5135
-0.5135
-0.5135
-0.5135
-0.5135
-0.5135
-0.5135
-0.5135
-0.5135
-0.5135
-0.5135
-0.5135
-0.5135
-0.5135
-0.5135
-0.5135
-0.5135
-0.5135
-0.5135
-0.5135
-0.5135
-0.5135
-0.5135
-0.5135
-0.5135
-0.5135
-0.513499
-0.513499
-0.513499
-0.513499
-0.513499
-0.513499
-0.513499
-0.513499
-0.513499
-0.513499
-0.513499
-0.513499
-0.513499
-0.513499
-0.513499
-0.513499
-0.513499
-0.513499
-0.513499
-0.513499
-0.513499
-0.513499
-0.513499
-0.513499
-0.513499
-0.513499
-0.513499
-0.513499
-0.513499
-0.513499
-0.5135
-0.5135
-0.5135
-0.5135
-0.5135
-0.5135
-0.5135
-0.5135
-0.5135
-0.5135
-0.5135
-0.5135
-0.5135
-0.5135
-0.5135
-0.5135
-0.5135
-0.5135
-0.5135
-0.5135
-0.5135
-0.5135
-0.5135
-0.5135
-0.5135
-0.5135
-0.5135
-0.5135
-0.5135
-0.5135
-0.5135
-0.5135
-0.5135
-0.5135
-0.5135
-0.5135
-0.5135
-0.5135
-0.5135
-0.5135
-0.5135
-0.5135
-0.5135
-0.5135
-0.5135
-0.5135
-0.5135
-0.513501
-0.513501
-0.513501
-0.513501
-0.513501
-0.513501
-0.513501
-0.513501
-0.513501
-0.513501
-0.513501
-0.513501
-0.513501
-0.513501
-0.513501
-0.513501
-0.513501
-0.513501
-0.513501
-0.513501
-0.513501
-0.513501
-0.513501
-0.513501
-0.513501
-0.513501
-0.513501
-0.513501
-0.513501
-0.513501
-0.513501
-0.513501
-0.5135
-0.5135
-0.5135
-0.5135
-0.5135
-0.5135
-0.5135
-0.5135
-0.5135
-0.5135
-0.5135
-0.5135
-0.5135
-0.5135
-0.5135
-0.5135
-0.5135
-0.5135
-0.5135
-0.5135
-0.5135
-0.5135
-0.5135
-0.5135
-0.5135
-0.5135
-0.5135
-0.5135
-0.5135
-0.5135
-0.5135
-0.5135
-0.5135
-0.5135
-0.5135
-0.5135
-0.5135
-0.5135
-0.5135
-0.5135
-0.5135
-0.5135
-0.5135
-0.5135
-0.5135
-0.513499
-0.513499
-0.513499
-0.513499
-0.513499
-0.513499
-0.513499
-0.513499
-0.513499
-0.513499
-0.513499
-0.513499
-0.513499
-0.513499
-0.513499
-0.513499
-0.513499
-0.513499
-0.513499
-0.513499
-0.513499
-0.513499
-0.513499
-0.513499
-0.513499
-0.513499
-0.513499
-0.513499
-0.513499
-0.513499
-0.513499
-0.513499
-0.513499
-0.513499
-0.5135
-0.5135
-0.5135
-0.5135
-0.5135
-0.5135
-0.5135
-0.5135
-0.5135
-0.5135
-0.5135
-0.5135
-0.5135
-0.5135
-0.5135
-0.5135
-0.5135
-0.5135
-0.5135
-0.5135
-0.5135
-0.5135
-0.5135
-0.5135
-0.5135
-0.5135
-0.5135
-0.5135
-0.5135
-0.5135
-0.5135
-0.5135
-0.5135
-0.5135
-0.5135
-0.5135
-0.5135
-0.5135
-0.5135
-0.5135
-0.5135
-0.5135
-0.5135
-0.513501
-0.513501
-0.513501
-0.513501
-0.513501
-0.513501
-0.513501
-0.513501
-0.513501
-0.513501
-0.513501
-0.513501
-0.513501
-0.513501
-0.513501
-0.513501
-0.513501
-0.513501
-0.513501
-0.513501
-0.513501
-0.513501
-0.513501
-0.513501
-0.513501
-0.513501
-0.513501
-0.513501
-0.513501
-0.513501
-0.513501
-0.513501
-0.513501
-0.513501
-0.513501
-0.5135
-0.5135
-0.5135
-0.5135
-0.5135
-0.5135
-0.5135
-0.5135
-0.5135
-0.5135
-0.5135
-0.5135
-0.5135
-0.5135
-0.5135
-0.5135
-0.5135
-0.5135
-0.5135
-0.5135
-0.5135
-0.5135
-0.5135
-0.5135
-0.5135
-0.5135
-0.5135
-0.5135
-0.5135
-0.5135
-0.5135
-0.5135
-0.5135
-0.5135
-0.5135
-0.5135
-0.5135
-0.5135
-0.5135
-0.5135
-0.5135
-0.5135
-0.5135
-0.513499
-0.513499
-0.513499
-0.513499
-0.513499
-0.513499
-0.513499
-0.513499
-0.513499
-0.513499
-0.513499
-0.513499
-0.513499
-0.513499
-0.513499
-0.513499
-0.513499
-0.513499
-0.513499
-0.513499
-0.513499
-0.513499
-0.513499
-0.513499
-0.513499
-0.513499
-0.513499
-0.513499
-0.513499
-0.513499
-0.513499
-0.513499
-0.513499
-0.513499
-0.513499
-0.513499
-0.5135
-0.5135
-0.5135
-0.5135
-0.5135
-0.5135
-0.5135
-0.5135
-0.5135
-0.5135
-0.5135
-0.5135
-0.5135
-0.5135
-0.5135
-0.5135
-0.5135
-0.5135
-0.5135
-0.5135
-0.5135
-0.5135
-0.5135
-0.5135
-0.5135
-0.5135
-0.5135
-0.5135
-0.5135
-0.5135
-0.5135
-0.5135
-0.5135
-0.5135
-0.5135
-0.5135
-0.5135
-0.5135
-0.5135
-0.5135
-0.5135
-0.513501
-0.513501
-0.513501
-0.513501
-0.513501
-0.513501
-0.513501
-0.513501
-0.513501
-0.513501
-0.513501
-0.513501
-0.513501
-0.513501
-0.513501
-0.513501
-0.513501
-0.513501
-0.513501
-0.513501
-0.513501
-0.513501
-0.513501
-0.513501
-0.513501
-0.513501
-0.513501
-0.513501
-0.513501
-0.513501
-0.513501
-0.513501
-0.513501
-0.513501
-0.513501
-0.513501
-0.513501
-0.513501
-0.5135
-0.5135
-0.5135
-0.5135
-0.5135
-0.5135
-0.5135
-0.5135
-0.5135
-0.5135
-0.5135
-0.5135
-0.5135
-0.5135
-0.5135
-0.5135
-0.5135
-0.5135
-0.5135
-0.5135
-0.5135
-0.5135
-0.5135
-0.5135
-0.5135
-0.5135
-0.5135
-0.5135
-0.5135
-0.5135
-0.5135
-0.5135
-0.5135
-0.5135
-0.5135
-0.5135
-0.5135
-0.513499
-0.513499
-0.513499
-0.513499
-0.513499
-0.513499
-0.513499
-0.513499
-0.513499
-0.513499
-0.513499
-0.513499
-0.513499
-0.513499
-0.513499
-0.513499
-0.513499
-0.513499
-0.513499
-0.513499
-0.513499
-0.513499
-0.513499
-0.513499
-0.513499
-0.513499
-0.513499
-0.513499
-0.513499
-0.513499
-0.513499
-0.513499
-0.513499
-0.513499
-0.513499
-0.513499
-0.513499
-0.513499
-0.513499
-0.513499
-0.513499
-0.513499
-0.513499
-0.513499
-0.513499
-0.513499
-0.513499
-0.513499
-0.513499
-0.513499
-0.513499
-0.513499
-0.5135
-0.5135
-0.5135
-0.5135
-0.5135
-0.5135
-0.5135
-0.5135
-0.5135
-0.5135
-0.5135
-0.5135
-0.5135
-0.5135
-0.5135
-0.5135
-0.5135
-0.5135
-0.5135
-0.5135
-0.5135
-0.5135
-0.5135
-0.5135
-0.5135
-0.5135
-0.5135
-0.5135
-0.5135
-0.5135
-0.5135
-0.5135
-0.5135
-0.5135
-0.5135
-0.5135
-0.5135
-0.5135
-0.5135
-0.5135
-0.5135
-0.5135
-0.5135
-0.5135
-0.5135
-0.5135
-0.5135
-0.5135
-0.5135
-0.5135
-0.5135
-0.5135
-0.5135
-0.5135
-0.5135
-0.5135
-0.5135
-0.5135
-0.5135
-0.5135
-0.5135
-0.5135
-0.5135
-0.5135
-0.5135
-0.5135
-0.5135
-0.5135
-0.5135
-0.5135
-0.5135
-0.5135
-0.5135
-0.5135
-0.5135
-0.5135
-0.5135
-0.5135
-0.5135
-0.5135
-0.5135
-0.5135
-0.5135
-0.5135
-0.5135
-0.5135
-0.5135
-0.5135
-0.5135
-0.5135
-0.5135
-0.5135
-0.5135
-0.5135
-0.5135
-0.513499
-0.513499
-0.513499
-0.513499
-0.513499
-0.513499
-0.513499
-0.513499
-0.513499
-0.513499
-0.513499
-0.513499
-0.513499
-0.513499
-0.513499
-0.513499
-0.513499
-0.513499
-0.513499
-0.513499
-0.513499
-0.513499
-0.513499
-0.513499
-0.513499
-0.513499
-0.513499
-0.513499
-0.513499
-0.513499
-0.513499
-0.513499
-0.513499
-0.513499
-0.513499
-0.513499
-0.513499
-0.513499
-0.513499
-0.513499
-0.513499
-0.513499
-0.513499
-0.513499
-0.513499
-0.513499
-0.513499
-0.513499
-0.513499
-0.513499
-0.513499
-0.513499
-0.513499
-0.513499
-0.5135
-0.5135
-0.5135
-0.5135
-0.5135
-0.5135
-0.5135
-0.5135
-0.5135
-0.5135
-0.5135
-0.5135
-0.5135
-0.5135
-0.5135
-0.5135
-0.5135
-0.5135
-0.5135
-0.5135
-0.5135
-0.5135
-0.5135
-0.5135
-0.5135
-0.5135
-0.5135
-0.5135
-0.5135
-0.5135
-0.5135
-0.5135
-0.5135
-0.513501
-0.513501
-0.513501
-0.513501
-0.513501
-0.513501
-0.513501
-0.513501
-0.513501
-0.513501
-0.513501
-0.513501
-0.513501
-0.513501
-0.513501
-0.513501
-0.513501
-0.513501
-0.513501
-0.513501
-0.513501
-0.513501
-0.513501
-0.513501
-0.513501
-0.513501
-0.513501
-0.513501
-0.513501
-0.513501
-0.513501
-0.513501
-0.513501
-0.513501
-0.513501
-0.513501
-0.513501
-0.513501
-0.513501
-0.513501
-0.513501
-0.513501
-0.513501
-0.5135
-0.5135
-0.5135
-0.5135
-0.5135
-0.5135
-0.5135
-0.5135
-0.5135
-0.5135
-0.5135
-0.5135
-0.5135
-0.5135
-0.5135
-0.5135
-0.5135
-0.5135
-0.5135
-0.5135
-0.5135
-0.5135
-0.5135
-0.5135
-0.5135
-0.5135
-0.5135
-0.5135
-0.5135
-0.5135
-0.5135
-0.5135
-0.5135
-0.5135
-0.5135
-0.513499
-0.513499
-0.513499
-0.513499
-0.513499
-0.513499
-0.513499
-0.513499
-0.513499
-0.513499
-0.513499
-0.513499
-0.513499
-0.513499
-0.513499
-0.513499
-0.513499
-0.513499
-0.513499
-0.513499
-0.513499
-0.513499
-0.513499
-0.513499
-0.513499
-0.513499
-0.513499
-0.513499
-0.513499
-0.513499
-0.513499
-0.513499
-0.513499
-0.513499
-0.513499
-0.513499
-0.513499
-0.513499
-0.513499
-0.513499
-0.513499
-0.513499
-0.513499
-0.513499
-0.5135
-0.5135
-0.5135
-0.5135
-0.5135
-0.5135
-0.5135
-0.5135
-0.5135
-0.5135
-0.5135
-0.5135
-0.5135
-0.5135
-0.5135
-0.5135
-0.5135
-0.5135
-0.5135
-0.5135
-0.5135
-0.5135
-0.5135
-0.5135
-0.5135
-0.5135
-0.5135
-0.5135
-0.5135
-0.5135
-0.5135
-0.5135
-0.5135
-0.5135
-0.513501
-0.513501
-0.513501
-0.513501
-0.513501
-0.513501
-0.513501
-0.513501
-0.513501
-0.513501
-0.513501
-0.513501
-0.513501
-0.513501
-0.513501
-0.513501
-0.513501
-0.513501
-0.513501
-0.513501
-0.513501
-0.513501
-0.513501
-0.513501
-0.513501
-0.513501
-0.513501
-0.513501
-0.513501
-0.513501
-0.513501
-0.513501
-0.513501
-0.513501
-0.513501
-0.513501
-0.513501
-0.513501
-0.513501
-0.513501
-0.513501
-0.513501
-0.513501
-0.513501
-0.5135
-0.5135
-0.5135
-0.5135
-0.5135
-0.5135
-0.5135
-0.5135
-0.5135
-0.5135
-0.5135
-0.5135
-0.5135
-0.5135
-0.5135
-0.5135
-0.5135
-0.5135
-0.5135
-0.5135
-0.5135
-0.5135
-0.5135
-0.5135
-0.5135
-0.5135
-0.5135
-0.5135
-0.5135
-0.5135
-0.5135
-0.5135
-0.5135
-0.513499
-0.513499
-0.513499
-0.513499
-0.513499
-0.513499
-0.513499
-0.513499
-0.513499
-0.513499
-0.513499
-0.513499
-0.513499
-0.513499
-0.513499
-0.513499
-0.513499
-0.513499
-0.513499
-0.513499
-0.513499
-0.513499
-0.513499
-0.513499
-0.513499
-0.513499
-0.513499
-0.513499
-0.513499
-0.513499
-0.513499
-0.513499
-0.513499
-0.513499
-0.513499
-0.513499
-0.513499
-0.513499
-0.513499
-0.513499
-0.513499
-0.513499
-0.513499
-0.513499
-0.513499
-0.5135
-0.5135
-0.5135
-0.5135
-0.5135
-0.5135
-0.5135
-0.5135
-0.5135
-0.5135
-0.5135
-0.5135
-0.5135
-0.5135
-0.5135
-0.5135
-0.5135
-0.5135
-0.5135
-0.5135
-0.5135
-0.5135
-0.5135
-0.5135
-0.5135
-0.5135
-0.5135
-0.5135
-0.5135
-0.5135
-0.5135
-0.5135
-0.5135
-0.513501
-0.513501
-0.513501
-0.513501
-0.513501
-0.513501
-0.513501
-0.513501
-0.513501
-0.513501
-0.513501
-0.513501
-0.513501
-0.513501
-0.513501
-0.513501
-0.513501
-0.513501
-0.513501
-0.513501
-0.513501
-0.513501
-0.513501
-0.513501
-0.513501
-0.513501
-0.513501
-0.513501
-0.513501
-0.513501
-0.513501
-0.513501
-0.513501
-0.513501
-0.513501
-0.513501
-0.513501
-0.513501
-0.513501
-0.513501
-0.513501
-0.513501
-0.513501
-0.513501
-0.513501
-0.513501
-0.5135
-0.5135
-0.5135
-0.5135
-0.5135
-0.5135
-0.5135
-0.5135
-0.5135
-0.5135
-0.5135
-0.5135
-0.5135
-0.5135
-0.5135
-0.5135
-0.5135
-0.5135
-0.5135
-0.5135
-0.5135
-0.5135
-0.5135
-0.5135
-0.5135
-0.5135
-0.5135
-0.5135
-0.5135
-0.5135
-0.5135
-0.513499
-0.513499
-0.513499
-0.513499
-0.513499
-0.513499
-0.513499
-0.513499
-0.513499
-0.513499
-0.513499
-0.513499
-0.513499
-0.513499
-0.513499
-0.513499
-0.513499
-0.513499
-0.513499
-0.513499
-0.513499
-0.513499
-0.513499
-0.513499
-0.513499
-0.513499
-0.513499
-0.513499
-0.513499
-0.513499
-0.513499
-0.513499
-0.513499
-0.513499
-0.513499
-0.513499
-0.513499
-0.513499
-0.513499
-0.513499
-0.513499
-0.513499
-0.513499
-0.513499
-0.513499
-0.513499
-0.513499
-0.5135
-0.5135
-0.5135
-0.5135
-0.5135
-0.5135
-0.5135
-0.5135
-0.5135
-0.5135
-0.5135
-0.5135
-0.5135
-0.5135
-0.5135
-0.5135
-0.5135
-0.5135
-0.5135
-0.5135
-0.5135
-0.5135
-0.5135
-0.5135
-0.5135
-0.5135
-0.5135
-0.5135
-0.5135
-0.5135
-0.5135
-0.513501
-0.513501
-0.513501
-0.513501
-0.513501
-0.513501
-0.513501
-0.513501
-0.513501
-0.513501
-0.513501
-0.513501
-0.513501
-0.513501
-0.513501
-0.513501
-0.513501
-0.513501
-0.513501
-0.513501
-0.513501
-0.513501
-0.513501
-0.513501
-0.513501
-0.513501
-0.513501
-0.513501
-0.513501
-0.513501
-0.513501
-0.513501
-0.513501
-0.513501
-0.513501
-0.513501
-0.513501
-0.513501
-0.513501
-0.513501
-0.513501
-0.513501
-0.513501
-0.513501
-0.513501
-0.513501
-0.513501
-0.513501
-0.5135
-0.5135
-0.5135
-0.5135
-0.5135
-0.5135
-0.5135
-0.5135
-0.5135
-0.5135
-0.5135
-0.5135
-0.5135
-0.5135
-0.5135
-0.5135
-0.5135
-0.5135
-0.5135
-0.5135
-0.5135
-0.5135
-0.5135
-0.5135
-0.5135
-0.5135
-0.5135
-0.5135
-0.5135
-0.513499
-0.513499
-0.513499
-0.513499
-0.513499
-0.513499
-0.513499
-0.513499
-0.513499
-0.513499
-0.513499
-0.513499
-0.513499
-0.513499
-0.513499
-0.513499
-0.513499
-0.513499
-0.513499
-0.513499
-0.513499
-0.513499
-0.513499
-0.513499
-0.513499
-0.513499
-0.513499
-0.513499
-0.513499
-0.513499
-0.513499
-0.513499
-0.513499
-0.513499
-0.513499
-0.513499
-0.513499
-0.513499
-0.513499
-0.513499
-0.513499
-0.513499
-0.513499
-0.513499
-0.513499
-0.513499
-0.513499
-0.513499
-0.513499
-0.5135
-0.5135
-0.5135
-0.5135
-0.5135
-0.5135
-0.5135
-0.5135
-0.5135
-0.5135
-0.5135
-0.5135
-0.5135
-0.5135
-0.5135
-0.5135
-0.5135
-0.5135
-0.5135
-0.5135
-0.5135
-0.5135
-0.5135
-0.5135
-0.5135
-0.5135
-0.5135
-0.5135
-0.5135
-0.513501
-0.513501
-0.513501
-0.513501
-0.513501
-0.513501
-0.513501
-0.513501
-0.513501
-0.513501
-0.513501
-0.513501
-0.513501
-0.513501
-0.513501
-0.513501
-0.513501
-0.513501
-0.513501
-0.513501
-0.513501
-0.513501
-0.513501
-0.513501
-0.513501
-0.513501
-0.513501
-0.513501
-0.513501
-0.513501
-0.513501
-0.513501
-0.513501
-0.513501
-0.513501
-0.513501
-0.513501
-0.513501
-0.513501
-0.513501
-0.513501
-0.513501
-0.513501
-0.513501
-0.513501
-0.513501
-0.513501
-0.513501
-0.513501
-0.513501
-0.5135
-0.5135
-0.5135
-0.5135
-0.5135
-0.5135
-0.5135
-0.5135
-0.5135
-0.5135
-0.5135
-0.5135
-0.5135
-0.5135
-0.5135
-0.5135
-0.5135
-0.5135
-0.5135
-0.5135
-0.5135
-0.5135
-0.5135
-0.5135
-0.5135
-0.5135
-0.5135
-0.5135
-0.513499
-0.513499
-0.513499
-0.513499
-0.513499
-0.513499
-0.513499
-0.513499
-0.513499
-0.513499
-0.513499
-0.513499
-0.513499
-0.513499
-0.513499
-0.513499
-0.513499
-0.513499
-0.513499
-0.513499
-0.513499
-0.513499
-0.513499
-0.513499
-0.513499
-0.513499
-0.513499
-0.513499
-0.513499
-0.513499
-0.513499
-0.513499
-0.513499
-0.513499
-0.513499
-0.513499
-0.513499
-0.513499
-0.513499
-0.513499
-0.513499
-0.513499
-0.513499
-0.513499
-0.513499
-0.513499
-0.513499
-0.513499
-0.513499
-0.513499
-0.5135
-0.5135
-0.5135
-0.5135
-0.5135
-0.5135
-0.5135
-0.5135
-0.5135
-0.5135
-0.5135
-0.5135
-0.5135
-0.5135
-0.5135
-0.5135
-0.5135
-0.5135
-0.5135
-0.5135
-0.5135
-0.5135
-0.5135
-0.5135
-0.5135
-0.5135
-0.5135
-0.513501
-0.513501
-0.513501
-0.513501
-0.513501
-0.513501
-0.513501
-0.513501
-0.513501
-0.513501
-0.513501
-0.513501
-0.513501
-0.513501
-0.513501
-0.513501
-0.513501
-0.513501
-0.513501
-0.513501
-0.513501
-0.513501
-0.513501
-0.513501
-0.513501
-0.513501
-0.513501
-0.513501
-0.513501
-0.513501
-0.513501
-0.513501
-0.513501
-0.513501
-0.513501
-0.513501
-0.513501
-0.513501
-0.513501
-0.513501
-0.513501
-0.513501
-0.513501
-0.513501
-0.513501
-0.513501
-0.513501
-0.513501
-0.513501
-0.513501
-0.513501
-0.513501
-0.5135
-0.5135
-0.5135
-0.5135
-0.5135
-0.5135
-0.5135
-0.5135
-0.5135
-0.5135
-0.5135
-0.5135
-0.5135
-0.5135
-0.5135
-0.5135
-0.5135
-0.5135
-0.5135
-0.5135
-0.5135
-0.5135
-0.5135
-0.5135
-0.5135
-0.5135
-0.513499
-0.513499
-0.513499
-0.513499
-0.513499
-0.513499
-0.513499
-0.513499
-0.513499
-0.513499
-0.513499
-0.513499
-0.513499
-0.513499
-0.513499
-0.513499
-0.513499
-0.513499
-0.513499
-0.513499
-0.513499
-0.513499
-0.513499
-0.513499
-0.513499
-0.513499
-0.513499
-0.513499
-0.513499
-0.513499
-0.513499
-0.513499
-0.513499
-0.513499
-0.513499
-0.513499
-0.513499
-0.513499
-0.513499
-0.513499
-0.513499
-0.513499
-0.513499
-0.513499
-0.513499
-0.513499
-0.513499
-0.513499
-0.513499
-0.513499
-0.513499
-0.513499
-0.5135
-0.5135
-0.5135
-0.5135
-0.5135
-0.5135
-0.5135
-0.5135
-0.5135
-0.5135
-0.5135
-0.5135
-0.5135
-0.5135
-0.5135
-0.5135
-0.5135
-0.5135
-0.5135
-0.5135
-0.5135
-0.5135
-0.5135
-0.5135
-0.5135
-0.513501
-0.513501
-0.513501
-0.513501
-0.513501
-0.513501
-0.513501
-0.513501
-0.513501
-0.513501
-0.513501
-0.513501
-0.513501
-0.513501
-0.513501
-0.513501
-0.513501
-0.513501
-0.513501
-0.513501
-0.513501
-0.513501
-0.513501
-0.513501
-0.513501
-0.513501
-0.513501
-0.513501
-0.513501
-0.513501
-0.513501
-0.513501
-0.513501
-0.513501
-0.513501
-0.513501
-0.513501
-0.513501
-0.513501
-0.513501
-0.513501
-0.513501
-0.513501
-0.513501
-0.513501
-0.513501
-0.513501
-0.513501
-0.513501
-0.513501
-0.513501
-0.513501
-0.513501
-0.5135
-0.5135
-0.5135
-0.5135
-0.5135
-0.5135
-0.5135
-0.5135
-0.5135
-0.5135
-0.5135
-0.5135
-0.5135
-0.5135
-0.5135
-0.5135
-0.5135
-0.5135
-0.5135
-0.5135
-0.5135
-0.5135
-0.5135
-0.5135
-0.5135
-0.513499
-0.513499
-0.513499
-0.513499
-0.513499
-0.513499
-0.513499
-0.513499
-0.513499
-0.513499
-0.513499
-0.513499
-0.513499
-0.513499
-0.513499
-0.513499
-0.513499
-0.513499
-0.513499
-0.513499
-0.513499
-0.513499
-0.513499
-0.513499
-0.513499
-0.513499
-0.513499
-0.513499
-0.513499
-0.513499
-0.513499
-0.513499
-0.513499
-0.513499
-0.513499
-0.513499
-0.513499
-0.513499
-0.513499
-0.513499
-0.513499
-0.513499
-0.513499
-0.513499
-0.513499
-0.513499
-0.513499
-0.513499
-0.513499
-0.513499
-0.513499
-0.513499
-0.513499
-0.513499
-0.5135
-0.5135
-0.5135
-0.5135
-0.5135
-0.5135
-0.5135
-0.5135
-0.5135
-0.5135
-0.5135
-0.5135
-0.5135
-0.5135
-0.5135
-0.5135
-0.5135
-0.5135
-0.5135
-0.5135
-0.5135
-0.5135
-0.5135
-0.5135
-0.513501
-0.513501
-0.513501
-0.513501
-0.513501
-0.513501
-0.513501
-0.513501
-0.513501
-0.513501
-0.513501
-0.513501
-0.513501
-0.513501
-0.513501
-0.513501
-0.513501
-0.513501
-0.513501
-0.513501
-0.513501
-0.513501
-0.513501
-0.513501
-0.513501
-0.513501
-0.513501
-0.513501
-0.513501
-0.513501
-0.513501
-0.513501
-0.513501
-0.513501
-0.513501
-0.513501
-0.513501
-0.513501
-0.513501
-0.513501
-0.513501
-0.513501
-0.513501
-0.513501
-0.513501
-0.513501
-0.513501
-0.513501
-0.513501
-0.513501
-0.513501
-0.513501
-0.513501
-0.513501
-0.5135
-0.5135
-0.5135
-0.5135
-0.5135
-0.5135
-0.5135
-0.5135
-0.5135
-0.5135
-0.5135
-0.5135
-0.5135
-0.5135
-0.5135
-0.5135
-0.5135
-0.5135
-0.5135
-0.5135
-0.5135
-0.5135
-0.5135
-0.513499
-0.513499
-0.513499
-0.513499
-0.513499
-0.513499
-0.513499
-0.513499
-0.513499
-0.513499
-0.513499
-0.513499
-0.513499
-0.513499
-0.513499
-0.513499
-0.513499
-0.513499
-0.513499
-0.513499
-0.513499
-0.513499
-0.513499
-0.513499
-0.513499
-0.513499
-0.513499
-0.513499
-0.513499
-0.513499
-0.513499
-0.513499
-0.513499
-0.513499
-0.513499
-0.513499
-0.513499
-0.513499
-0.513499
-0.513499
-0.513499
-0.513499
-0.513499
-0.513499
-0.513499
-0.513499
-0.513499
-0.513499
-0.513499
-0.513499
-0.513499
-0.513499
-0.513499
-0.513499
-0.513499
-0.513499
-0.5135
-0.5135
-0.5135
-0.5135
-0.5135
-0.5135
-0.5135
-0.5135
-0.5135
-0.5135
-0.5135
-0.5135
-0.5135
-0.5135
-0.5135
-0.5135
-0.5135
-0.5135
-0.5135
-0.5135
-0.5135
-0.5135
-0.513501
-0.513501
-0.513501
-0.513501
-0.513501
-0.513501
-0.513501
-0.513501
-0.513501
-0.513501
-0.513501
-0.513501
-0.513501
-0.513501
-0.513501
-0.513501
-0.513501
-0.513501
-0.513501
-0.513501
-0.513501
-0.513501
-0.513501
-0.513501
-0.513501
-0.513501
-0.513501
-0.513501
-0.513501
-0.513501
-0.513501
-0.513501
-0.513501
-0.513501
-0.513501
-0.513501
-0.513501
-0.513501
-0.513501
-0.513501
-0.513501
-0.513501
-0.513501
-0.513501
-0.513501
-0.513501
-0.513501
-0.513501
-0.513501
-0.513501
-0.513501
-0.513501
-0.513501
-0.513501
-0.513501
-0.513501
-0.5135
-0.5135
-0.5135
-0.5135
-0.5135
-0.5135
-0.5135
-0.5135
-0.5135
-0.5135
-0.5135
-0.5135
-0.5135
-0.5135
-0.5135
-0.5135
-0.5135
-0.5135
-0.5135
-0.5135
-0.5135
-0.513499
-0.513499
-0.513499
-0.513499
-0.513499
-0.513499
-0.513499
-0.513499
-0.513499
-0.513499
-0.513499
-0.513499
-0.513499
-0.513499
-0.513499
-0.513499
-0.513499
-0.513499
-0.513499
-0.513499
-0.513499
-0.513499
-0.513499
-0.513499
-0.513499
-0.513499
-0.513499
-0.513499
-0.513499
-0.513499
-0.513499
-0.513499
-0.513499
-0.513499
-0.513499
-0.513499
-0.513499
-0.513499
-0.513499
-0.513499
-0.513499
-0.513499
-0.513499
-0.513499
-0.513499
-0.513499
-0.513499
-0.513499
-0.513499
-0.513499
-0.513499
-0.513499
-0.513499
-0.513499
-0.513499
-0.513499
-0.513499
-0.5135
-0.5135
-0.5135
-0.5135
-0.5135
-0.5135
-0.5135
-0.5135
-0.5135
-0.5135
-0.5135
-0.5135
-0.5135
-0.5135
-0.5135
-0.5135
-0.5135
-0.5135
-0.5135
-0.5135
-0.5135
-0.513501
-0.513501
-0.513501
-0.513501
-0.513501
-0.513501
-0.513501
-0.513501
-0.513501
-0.513501
-0.513501
-0.513501
-0.513501
-0.513501
-0.513501
-0.513501
-0.513501
-0.513501
-0.513501
-0.513501
-0.513501
-0.513501
-0.513501
-0.513501
-0.513501
-0.513501
-0.513501
-0.513501
-0.513501
-0.513501
-0.513501
-0.513501
-0.513501
-0.513501
-0.513501
-0.513501
-0.513501
-0.513501
-0.513501
-0.513501
-0.513501
-0.513501
-0.513501
-0.513501
-0.513501
-0.513501
-0.513501
-0.513501
-0.513501
-0.513501
-0.513501
-0.513501
-0.513501
-0.513501
-0.513501
-0.513501
-0.513501
-0.513501
-0.5135
-0.5135
-0.5135
-0.5135
-0.5135
-0.5135
-0.5135
-0.5135
-0.5135
-0.5135
-0.5135
-0.5135
-0.5135
-0.5135
-0.5135
-0.5135
-0.5135
-0.5135
-0.5135
-0.5135
-0.513499
-0.513499
-0.513499
-0.513499
-0.513499
-0.513499
-0.513499
-0.513499
-0.513499
-0.513499
-0.513499
-0.513499
-0.513499
-0.513499
-0.513499
-0.513499
-0.513499
-0.513499
-0.513499
-0.513499
-0.513499
-0.513499
-0.513499
-0.513499
-0.513499
-0.513499
-0.513499
-0.513499
-0.513499
-0.513499
-0.513499
-0.513499
-0.513499
-0.513499
-0.513499
-0.513499
-0.513499
-0.513499
-0.513499
-0.513499
-0.513499
-0.513499
-0.513499
-0.513499
-0.513499
-0.513499
-0.513499
-0.513499
-0.513499
-0.513499
-0.513499
-0.513499
-0.513499
-0.513499
-0.513499
-0.513499
-0.513499
-0.513499
-0.5135
-0.5135
-0.5135
-0.5135
-0.5135
-0.5135
-0.5135
-0.5135
-0.5135
-0.5135
-0.5135
-0.5135
-0.5135
-0.5135
-0.5135
-0.5135
-0.5135
-0.5135
-0.5135
-0.513501
-0.513501
-0.513501
-0.513501
-0.513501
-0.513501
-0.513501
-0.513501
-0.513501
-0.513501
-0.513501
-0.513501
-0.513501
-0.513501
-0.513501
-0.513501
-0.513501
-0.513501
-0.513501
-0.513501
-0.513501
-0.513501
-0.513501
-0.513501
-0.513501
-0.513501
-0.513501
-0.513501
-0.513501
-0.513501
-0.513501
-0.513501
-0.513501
-0.513501
-0.513501
-0.513501
-0.513501
-0.513501
-0.513501
-0.513501
-0.513501
-0.513501
-0.513501
-0.513501
-0.513501
-0.513501
-0.513501
-0.513501
-0.513501
-0.513501
-0.513501
-0.513501
-0.513501
-0.513501
-0.513501
-0.513501
-0.513501
-0.513501
-0.513501
-0.5135
-0.5135
-0.5135
-0.5135
-0.5135
-0.5135
-0.5135
-0.5135
-0.5135
-0.5135
-0.5135
-0.5135
-0.5135
-0.5135
-0.5135
-0.5135
-0.5135
-0.5135
-0.5135
-0.513499
-0.513499
-0.513499
-0.513499
-0.513499
-0.513499
-0.513499
-0.513499
-0.513499
-0.513499
-0.513499
-0.513499
-0.513499
-0.513499
-0.513499
-0.513499
-0.513499
-0.513499
-0.513499
-0.513499
-0.513499
-0.513499
-0.513499
-0.513499
-0.513499
-0.513499
-0.513499
-0.513499
-0.513499
-0.513499
-0.513499
-0.513499
-0.513499
-0.513499
-0.513499
-0.513499
-0.513499
-0.513499
-0.513499
-0.513499
-0.513499
-0.513499
-0.513499
-0.513499
-0.513499
-0.513499
-0.513499
-0.513499
-0.513499
-0.513499
-0.513499
-0.513499
-0.513499
-0.513499
-0.513499
-0.513499
-0.513499
-0.513499
-0.513499
-0.513499
-0.5135
-0.5135
-0.5135
-0.5135
-0.5135
-0.5135
-0.5135
-0.5135
-0.5135
-0.5135
-0.5135
-0.5135
-0.5135
-0.5135
-0.5135
-0.5135
-0.5135
-0.5135
-0.513501
-0.513501
-0.513501
-0.513501
-0.513501
-0.513501
-0.513501
-0.513501
-0.513501
-0.513501
-0.513501
-0.513501
-0.513501
-0.513501
-0.513501
-0.513501
-0.513501
-0.513501
-0.513501
-0.513501
-0.513501
-0.513501
-0.513501
-0.513501
-0.513501
-0.513501
-0.513501
-0.513501
-0.513501
-0.513501
-0.513501
-0.513501
-0.513501
-0.513501
-0.513501
-0.513501
-0.513501
-0.513501
-0.513501
-0.513501
-0.513501
-0.513501
-0.513501
-0.513501
-0.513501
-0.513501
-0.513501
-0.513501
-0.513501
-0.513501
-0.513501
-0.513501
-0.513501
-0.513501
-0.513501
-0.513501
-0.513501
-0.513501
-0.513501
-0.513501
-0.5135
-0.5135
-0.5135
-0.5135
-0.5135
-0.5135
-0.5135
-0.5135
-0.5135
-0.5135
-0.5135
-0.5135
-0.5135
-0.5135
-0.5135
-0.5135
-0.5135
-0.513499
-0.513499
-0.513499
-0.513499
-0.513499
-0.513499
-0.513499
-0.513499
-0.513499
-0.513499
-0.513499
-0.513499
-0.513499
-0.513499
-0.513499
-0.513499
-0.513499
-0.513499
-0.513499
-0.513499
-0.513499
-0.513499
-0.513499
-0.513499
-0.513499
-0.513499
-0.513499
-0.513499
-0.513499
-0.513499
-0.513499
-0.513499
-0.513499
-0.513499
-0.513499
-0.513499
-0.513499
-0.513499
-0.513499
-0.513499
-0.513499
-0.513499
-0.513499
-0.513499
-0.513499
-0.513499
-0.513499
-0.513499
-0.513499
-0.513499
-0.513499
-0.513499
-0.513499
-0.513499
-0.513499
-0.513499
-0.513499
-0.513499
-0.513499
-0.513499
-0.513499
-0.5135
-0.5135
-0.5135
-0.5135
-0.5135
-0.5135
-0.5135
-0.5135
-0.5135
-0.5135
-0.5135
-0.5135
-0.5135
-0.5135
-0.5135
-0.5135
-0.5135
-0.513501
-0.513501
-0.513501
-0.513501
-0.513501
-0.513501
-0.513501
-0.513501
-0.513501
-0.513501
-0.513501
-0.513501
-0.513501
-0.513501
-0.513501
-0.513501
-0.513501
-0.513501
-0.513501
-0.513501
-0.513501
-0.513501
-0.513501
-0.513501
-0.513501
-0.513501
-0.513501
-0.513502
-0.513502
-0.513502
-0.513502
-0.513502
-0.513502
-0.513502
-0.513502
-0.513501
-0.513501
-0.513501
-0.513501
-0.513501
-0.513501
-0.513501
-0.513501
-0.513501
-0.513501
-0.513501
-0.513501
-0.513501
-0.513501
-0.513501
-0.513501
-0.513501
-0.513501
-0.513501
-0.513501
-0.513501
-0.513501
-0.513501
-0.513501
-0.513501
-0.513501
-0.513501
-0.5135
-0.5135
-0.5135
-0.5135
-0.5135
-0.5135
-0.5135
-0.5135
-0.5135
-0.5135
-0.5135
-0.5135
-0.5135
-0.5135
-0.5135
-0.5135
-0.513499
-0.513499
-0.513499
-0.513499
-0.513499
-0.513499
-0.513499
-0.513499
-0.513499
-0.513499
-0.513499
-0.513499
-0.513499
-0.513499
-0.513499
-0.513499
-0.513499
-0.513499
-0.513499
-0.513499
-0.513499
-0.513499
-0.513499
-0.513499
-0.513498
-0.513498
-0.513498
-0.513498
-0.513498
-0.513498
-0.513498
-0.513498
-0.513498
-0.513498
-0.513498
-0.513498
-0.513498
-0.513498
-0.513499
-0.513499
-0.513499
-0.513499
-0.513499
-0.513499
-0.513499
-0.513499
-0.513499
-0.513499
-0.513499
-0.513499
-0.513499
-0.513499
-0.513499
-0.513499
-0.513499
-0.513499
-0.513499
-0.513499
-0.513499
-0.513499
-0.513499
-0.513499
-0.5135
-0.5135
-0.5135
-0.5135
-0.5135
-0.5135
-0.5135
-0.5135
-0.5135
-0.5135
-0.5135
-0.5135
-0.5135
-0.5135
-0.5135
-0.5135
-0.513501
-0.513501
-0.513501
-0.513501
-0.513501
-0.513501
-0.513501
-0.513501
-0.513501
-0.513501
-0.513501
-0.513501
-0.513501
-0.513501
-0.513501
-0.513501
-0.513501
-0.513501
-0.513501
-0.513501
-0.513501
-0.513502
-0.513502
-0.513502
-0.513502
-0.513502
-0.513502
-0.513502
-0.513502
-0.513502
-0.513502
-0.513502
-0.513502
-0.513502
-0.513502
-0.513502
-0.513502
-0.513502
-0.513502
-0.513502
-0.513502
-0.513501
-0.513501
-0.513501
-0.513501
-0.513501
-0.513501
-0.513501
-0.513501
-0.513501
-0.513501
-0.513501
-0.513501
-0.513501
-0.513501
-0.513501
-0.513501
-0.513501
-0.513501
-0.513501
-0.513501
-0.513501
-0.5135
-0.5135
-0.5135
-0.5135
-0.5135
-0.5135
-0.5135
-0.5135
-0.5135
-0.5135
-0.5135
-0.5135
-0.5135
-0.5135
-0.5135
-0.513499
-0.513499
-0.513499
-0.513499
-0.513499
-0.513499
-0.513499
-0.513499
-0.513499
-0.513499
-0.513499
-0.513499
-0.513499
-0.513499
-0.513499
-0.513499
-0.513499
-0.513499
-0.513499
-0.513499
-0.513498
-0.513498
-0.513498
-0.513498
-0.513498
-0.513498
-0.513498
-0.513498
-0.513498
-0.513498
-0.513498
-0.513498
-0.513498
-0.513498
-0.513498
-0.513498
-0.513498
-0.513498
-0.513498
-0.513498
-0.513498
-0.513498
-0.513498
-0.513498
-0.513499
-0.513499
-0.513499
-0.513499
-0.513499
-0.513499
-0.513499
-0.513499
-0.513499
-0.513499
-0.513499
-0.513499
-0.513499
-0.513499
-0.513499
-0.513499
-0.513499
-0.513499
-0.513499
-0.5135
-0.5135
-0.5135
-0.5135
-0.5135
-0.5135
-0.5135
-0.5135
-0.5135
-0.5135
-0.5135
-0.5135
-0.5135
-0.5135
-0.5135
-0.513501
-0.513501
-0.513501
-0.513501
-0.513501
-0.513501
-0.513501
-0.513501
-0.513501
-0.513501
-0.513501
-0.513501
-0.513501
-0.513501
-0.513501
-0.513501
-0.513501
-0.513501
-0.513501
-0.513502
-0.513502
-0.513502
-0.513502
-0.513502
-0.513502
-0.513502
-0.513502
-0.513502
-0.513502
-0.513502
-0.513502
-0.513502
-0.513502
-0.513502
-0.513502
-0.513502
-0.513502
-0.513502
-0.513502
-0.513502
-0.513502
-0.513502
-0.513502
-0.513502
-0.513502
-0.513501
-0.513501
-0.513501
-0.513501
-0.513501
-0.513501
-0.513501
-0.513501
-0.513501
-0.513501
-0.513501
-0.513501
-0.513501
-0.513501
-0.513501
-0.513501
-0.513501
-0.513501
-0.513501
-0.5135
-0.5135
-0.5135
-0.5135
-0.5135
-0.5135
-0.5135
-0.5135
-0.5135
-0.5135
-0.5135
-0.5135
-0.5135
-0.5135
-0.513499
-0.513499
-0.513499
-0.513499
-0.513499
-0.513499
-0.513499
-0.513499
-0.513499
-0.513499
-0.513499
-0.513499
-0.513499
-0.513499
-0.513499
-0.513499
-0.513499
-0.513498
-0.513498
-0.513498
-0.513498
-0.513498
-0.513498
-0.513498
-0.513498
-0.513498
-0.513498
-0.513498
-0.513498
-0.513498
-0.513498
-0.513498
-0.513498
-0.513498
-0.513498
-0.513498
-0.513498
-0.513498
-0.513498
-0.513498
-0.513498
-0.513498
-0.513498
-0.513498
-0.513498
-0.513498
-0.513498
-0.513499
-0.513499
-0.513499
-0.513499
-0.513499
-0.513499
-0.513499
-0.513499
-0.513499
-0.513499
-0.513499
-0.513499
-0.513499
-0.513499
-0.513499
-0.513499
-0.513499
-0.5135
-0.5135
-0.5135
-0.5135
-0.5135
-0.5135
-0.5135
-0.5135
-0.5135
-0.5135
-0.5135
-0.5135
-0.5135
-0.5135
-0.513501
-0.513501
-0.513501
-0.513501
-0.513501
-0.513501
-0.513501
-0.513501
-0.513501
-0.513501
-0.513501
-0.513501
-0.513501
-0.513501
-0.513501
-0.513501
-0.513502
-0.513502
-0.513502
-0.513502
-0.513502
-0.513502
-0.513502
-0.513502
-0.513502
-0.513502
-0.513502
-0.513502
-0.513502
-0.513502
-0.513502
-0.513502
-0.513502
-0.513502
-0.513502
-0.513502
-0.513502
-0.513502
-0.513502
-0.513502
-0.513502
-0.513502
-0.513502
-0.513502
-0.513502
-0.513502
-0.513502
-0.513502
-0.513501
-0.513501
-0.513501
-0.513501
-0.513501
-0.513501
-0.513501
-0.513501
-0.513501
-0.513501
-0.513501
-0.513501
-0.513501
-0.513501
-0.513501
-0.513501
-0.5135
-0.5135
-0.5135
-0.5135
-0.5135
-0.5135
-0.5135
-0.5135
-0.5135
-0.5135
-0.5135
-0.5135
-0.5135
-0.513499
-0.513499
-0.513499
-0.513499
-0.513499
-0.513499
-0.513499
-0.513499
-0.513499
-0.513499
-0.513499
-0.513499
-0.513499
-0.513499
-0.513499
-0.513499
-0.513498
-0.513498
-0.513498
-0.513498
-0.513498
-0.513498
-0.513498
-0.513498
-0.513498
-0.513498
-0.513498
-0.513498
-0.513498
-0.513498
-0.513498
-0.513498
-0.513498
-0.513498
-0.513498
-0.513498
-0.513498
-0.513498
-0.513498
-0.513498
-0.513498
-0.513498
-0.513498
-0.513498
-0.513498
-0.513498
-0.513498
-0.513498
-0.513498
-0.513498
-0.513499
-0.513499
-0.513499
-0.513499
-0.513499
-0.513499
-0.513499
-0.513499
-0.513499
-0.513499
-0.513499
-0.513499
-0.513499
-0.513499
-0.513499
-0.5135
-0.5135
-0.5135
-0.5135
-0.5135
-0.5135
-0.5135
-0.5135
-0.5135
-0.5135
-0.5135
-0.5135
-0.5135
-0.513501
-0.513501
-0.513501
-0.513501
-0.513501
-0.513501
-0.513501
-0.513501
-0.513501
-0.513501
-0.513501
-0.513501
-0.513501
-0.513501
-0.513501
-0.513502
-0.513502
-0.513502
-0.513502
-0.513502
-0.513502
-0.513502
-0.513502
-0.513502
-0.513502
-0.513502
-0.513502
-0.513502
-0.513502
-0.513502
-0.513502
-0.513502
-0.513502
-0.513502
-0.513502
-0.513502
-0.513502
-0.513502
-0.513502
-0.513502
-0.513502
-0.513502
-0.513502
-0.513502
-0.513502
-0.513502
-0.513502
-0.513502
-0.513502
-0.513502
-0.513502
-0.513501
-0.513501
-0.513501
-0.513501
-0.513501
-0.513501
-0.513501
-0.513501
-0.513501
-0.513501
-0.513501
-0.513501
-0.513501
-0.513501
-0.513501
-0.5135
-0.5135
-0.5135
-0.5135
-0.5135
-0.5135
-0.5135
-0.5135
-0.5135
-0.5135
-0.5135
-0.5135
-0.513499
-0.513499
-0.513499
-0.513499
-0.513499
-0.513499
-0.513499
-0.513499
-0.513499
-0.513499
-0.513499
-0.513499
-0.513499
-0.513499
-0.513498
-0.513498
-0.513498
-0.513498
-0.513498
-0.513498
-0.513498
-0.513498
-0.513498
-0.513498
-0.513498
-0.513498
-0.513498
-0.513498
-0.513498
-0.513498
-0.513498
-0.513498
-0.513498
-0.513498
-0.513498
-0.513498
-0.513498
-0.513498
-0.513498
-0.513498
-0.513498
-0.513498
-0.513498
-0.513498
-0.513498
-0.513498
-0.513498
-0.513498
-0.513498
-0.513498
-0.513498
-0.513498
-0.513499
-0.513499
-0.513499
-0.513499
-0.513499
-0.513499
-0.513499
-0.513499
-0.513499
-0.513499
-0.513499
-0.513499
-0.513499
-0.513499
-0.5135
-0.5135
-0.5135
-0.5135
-0.5135
-0.5135
-0.5135
-0.5135
-0.5135
-0.5135
-0.5135
-0.5135
-0.513501
-0.513501
-0.513501
-0.513501
-0.513501
-0.513501
-0.513501
-0.513501
-0.513501
-0.513501
-0.513501
-0.513501
-0.513501
-0.513502
-0.513502
-0.513502
-0.513502
-0.513502
-0.513502
-0.513502
-0.513502
-0.513502
-0.513502
-0.513502
-0.513502
-0.513502
-0.513502
-0.513502
-0.513502
-0.513502
-0.513502
-0.513502
-0.513502
-0.513502
-0.513502
-0.513502
-0.513502
-0.513502
-0.513502
-0.513502
-0.513502
-0.513502
-0.513502
-0.513502
-0.513502
-0.513502
-0.513502
-0.513502
-0.513502
-0.513502
-0.513502
-0.513502
-0.513502
-0.513501
-0.513501
-0.513501
-0.513501
-0.513501
-0.513501
-0.513501
-0.513501
-0.513501
-0.513501
-0.513501
-0.513501
-0.513501
-0.5135
-0.5135
-0.5135
-0.5135
-0.5135
-0.5135
-0.5135
-0.5135
-0.5135
-0.5135
-0.5135
-0.513499
-0.513499
-0.513499
-0.513499
-0.513499
-0.513499
-0.513499
-0.513499
-0.513499
-0.513499
-0.513499
-0.513499
-0.513499
-0.513498
-0.513498
-0.513498
-0.513498
-0.513498
-0.513498
-0.513498
-0.513498
-0.513498
-0.513498
-0.513498
-0.513498
-0.513498
-0.513498
-0.513498
-0.513498
-0.513498
-0.513498
-0.513498
-0.513498
-0.513498
-0.513498
-0.513498
-0.513498
-0.513498
-0.513498
-0.513498
-0.513498
-0.513498
-0.513498
-0.513498
-0.513498
-0.513498
-0.513498
-0.513498
-0.513498
-0.513498
-0.513498
-0.513498
-0.513498
-0.513498
-0.513498
-0.513499
-0.513499
-0.513499
-0.513499
-0.513499
-0.513499
-0.513499
-0.513499
-0.513499
-0.513499
-0.513499
-0.513499
-0.5135
-0.5135
-0.5135
-0.5135
-0.5135
-0.5135
-0.5135
-0.5135
-0.5135
-0.5135
-0.5135
-0.513501
-0.513501
-0.513501
-0.513501
-0.513501
-0.513501
-0.513501
-0.513501
-0.513501
-0.513501
-0.513501
-0.513501
-0.513502
-0.513502
-0.513502
-0.513502
-0.513502
-0.513502
-0.513502
-0.513502
-0.513502
-0.513502
-0.513502
-0.513502
-0.513502
-0.513502
-0.513502
-0.513502
-0.513502
-0.513502
-0.513502
-0.513502
-0.513502
-0.513502
-0.513502
-0.513502
-0.513502
-0.513502
-0.513502
-0.513502
-0.513502
-0.513502
-0.513502
-0.513502
-0.513502
-0.513502
-0.513502
-0.513502
-0.513502
-0.513502
-0.513502
-0.513502
-0.513502
-0.513502
-0.513502
-0.513502
-0.513501
-0.513501
-0.513501
-0.513501
-0.513501
-0.513501
-0.513501
-0.513501
-0.513501
-0.513501
-0.513501
-0.5135
-0.5135
-0.5135
-0.5135
-0.5135
-0.5135
-0.5135
-0.5135
-0.5135
-0.5135
-0.5135
-0.513499
-0.513499
-0.513499
-0.513499
-0.513499
-0.513499
-0.513499
-0.513499
-0.513499
-0.513499
-0.513499
-0.513499
-0.513498
-0.513498
-0.513498
-0.513498
-0.513498
-0.513498
-0.513498
-0.513498
-0.513498
-0.513498
-0.513498
-0.513498
-0.513498
-0.513498
-0.513498
-0.513498
-0.513498
-0.513498
-0.513498
-0.513498
-0.513498
-0.513498
-0.513498
-0.513498
-0.513498
-0.513498
-0.513498
-0.513498
-0.513498
-0.513498
-0.513498
-0.513498
-0.513498
-0.513498
-0.513498
-0.513498
-0.513498
-0.513498
-0.513498
-0.513498
-0.513498
-0.513498
-0.513498
-0.513498
-0.513499
-0.513499
-0.513499
-0.513499
-0.513499
-0.513499
-0.513499
-0.513499
-0.513499
-0.513499
-0.513499
-0.513499
-0.5135
-0.5135
-0.5135
-0.5135
-0.5135
-0.5135
-0.5135
-0.5135
-0.5135
-0.5135
-0.513501
-0.513501
-0.513501
-0.513501
-0.513501
-0.513501
-0.513501
-0.513501
-0.513501
-0.513501
-0.513501
-0.513502
-0.513502
-0.513502
-0.513502
-0.513502
-0.513502
-0.513502
-0.513502
-0.513502
-0.513502
-0.513502
-0.513502
-0.513502
-0.513502
-0.513502
-0.513502
-0.513502
-0.513502
-0.513502
-0.513502
-0.513502
-0.513502
-0.513502
-0.513502
-0.513502
-0.513502
-0.513502
-0.513502
-0.513502
-0.513502
-0.513502
-0.513502
-0.513502
-0.513502
-0.513502
-0.513502
-0.513502
-0.513502
-0.513502
-0.513502
-0.513502
-0.513502
-0.513502
-0.513502
-0.513502
-0.513502
-0.513501
-0.513501
-0.513501
-0.513501
-0.513501
-0.513501
-0.513501
-0.513501
-0.513501
-0.513501
-0.513501
-0.5135
-0.5135
-0.5135
-0.5135
-0.5135
-0.5135
-0.5135
-0.5135
-0.5135
-0.5135
-0.513499
-0.513499
-0.513499
-0.513499
-0.513499
-0.513499
-0.513499
-0.513499
-0.513499
-0.513499
-0.513498
-0.513498
-0.513498
-0.513498
-0.513498
-0.513498
-0.513498
-0.513498
-0.513498
-0.513498
-0.513498
-0.513498
-0.513498
-0.513498
-0.513498
-0.513498
-0.513498
-0.513498
-0.513497
-0.513497
-0.513497
-0.513497
-0.513497
-0.513497
-0.513497
-0.513497
-0.513497
-0.513497
-0.513497
-0.513497
-0.513498
-0.513498
-0.513498
-0.513498
-0.513498
-0.513498
-0.513498
-0.513498
-0.513498
-0.513498
-0.513498
-0.513498
-0.513498
-0.513498
-0.513498
-0.513498
-0.513498
-0.513498
-0.513499
-0.513499
-0.513499
-0.513499
-0.513499
-0.513499
-0.513499
-0.513499
-0.513499
-0.513499
-0.5135
-0.5135
-0.5135
-0.5135
-0.5135
-0.5135
-0.5135
-0.5135
-0.5135
-0.5135
-0.513501
-0.513501
-0.513501
-0.513501
-0.513501
-0.513501
-0.513501
-0.513501
-0.513501
-0.513501
-0.513502
-0.513502
-0.513502
-0.513502
-0.513502
-0.513502
-0.513502
-0.513502
-0.513502
-0.513502
-0.513502
-0.513502
-0.513502
-0.513502
-0.513502
-0.513503
-0.513503
-0.513503
-0.513503
-0.513503
-0.513503
-0.513503
-0.513503
-0.513503
-0.513503
-0.513503
-0.513503
-0.513503
-0.513503
-0.513503
-0.513503
-0.513503
-0.513503
-0.513502
-0.513502
-0.513502
-0.513502
-0.513502
-0.513502
-0.513502
-0.513502
-0.513502
-0.513502
-0.513502
-0.513502
-0.513502
-0.513502
-0.513502
-0.513501
-0.513501
-0.513501
-0.513501
-0.513501
-0.513501
-0.513501
-0.513501
-0.513501
-0.513501
-0.5135
-0.5135
-0.5135
-0.5135
-0.5135
-0.5135
-0.5135
-0.5135
-0.5135
-0.513499
-0.513499
-0.513499
-0.513499
-0.513499
-0.513499
-0.513499
-0.513499
-0.513499
-0.513499
-0.513498
-0.513498
-0.513498
-0.513498
-0.513498
-0.513498
-0.513498
-0.513498
-0.513498
-0.513498
-0.513498
-0.513498
-0.513498
-0.513498
-0.513497
-0.513497
-0.513497
-0.513497
-0.513497
-0.513497
-0.513497
-0.513497
-0.513497
-0.513497
-0.513497
-0.513497
-0.513497
-0.513497
-0.513497
-0.513497
-0.513497
-0.513497
-0.513497
-0.513497
-0.513497
-0.513497
-0.513498
-0.513498
-0.513498
-0.513498
-0.513498
-0.513498
-0.513498
-0.513498
-0.513498
-0.513498
-0.513498
-0.513498
-0.513498
-0.513498
-0.513499
-0.513499
-0.513499
-0.513499
-0.513499
-0.513499
-0.513499
-0.513499
-0.513499
-0.5135
-0.5135
-0.5135
-0.5135
-0.5135
-0.5135
-0.5135
-0.5135
-0.5135
-0.513501
-0.513501
-0.513501
-0.513501
-0.513501
-0.513501
-0.513501
-0.513501
-0.513501
-0.513501
-0.513502
-0.513502
-0.513502
-0.513502
-0.513502
-0.513502
-0.513502
-0.513502
-0.513502
-0.513502
-0.513502
-0.513502
-0.513503
-0.513503
-0.513503
-0.513503
-0.513503
-0.513503
-0.513503
-0.513503
-0.513503
-0.513503
-0.513503
-0.513503
-0.513503
-0.513503
-0.513503
-0.513503
-0.513503
-0.513503
-0.513503
-0.513503
-0.513503
-0.513503
-0.513503
-0.513503
-0.513503
-0.513503
-0.513502
-0.513502
-0.513502
-0.513502
-0.513502
-0.513502
-0.513502
-0.513502
-0.513502
-0.513502
-0.513502
-0.513502
-0.513501
-0.513501
-0.513501
-0.513501
-0.513501
-0.513501
-0.513501
-0.513501
-0.513501
-0.5135
-0.5135
-0.5135
-0.5135
-0.5135
-0.5135
-0.5135
-0.5135
-0.5135
-0.513499
-0.513499
-0.513499
-0.513499
-0.513499
-0.513499
-0.513499
-0.513499
-0.513499
-0.513498
-0.513498
-0.513498
-0.513498
-0.513498
-0.513498
-0.513498
-0.513498
-0.513498
-0.513498
-0.513498
-0.513497
-0.513497
-0.513497
-0.513497
-0.513497
-0.513497
-0.513497
-0.513497
-0.513497
-0.513497
-0.513497
-0.513497
-0.513497
-0.513497
-0.513497
-0.513497
-0.513497
-0.513497
-0.513497
-0.513497
-0.513497
-0.513497
-0.513497
-0.513497
-0.513497
-0.513497
-0.513497
-0.513497
-0.513497
-0.513497
-0.513498
-0.513498
-0.513498
-0.513498
-0.513498
-0.513498
-0.513498
-0.513498
-0.513498
-0.513498
-0.513498
-0.513499
-0.513499
-0.513499
-0.513499
-0.513499
-0.513499
-0.513499
-0.513499
-0.513499
-0.5135
-0.5135
-0.5135
-0.5135
-0.5135
-0.5135
-0.5135
-0.513501
-0.513501
-0.513501
-0.513501
-0.513501
-0.513501
-0.513501
-0.513501
-0.513501
-0.513502
-0.513502
-0.513502
-0.513502
-0.513502
-0.513502
-0.513502
-0.513502
-0.513502
-0.513502
-0.513503
-0.513503
-0.513503
-0.513503
-0.513503
-0.513503
-0.513503
-0.513503
-0.513503
-0.513503
-0.513503
-0.513503
-0.513503
-0.513503
-0.513503
-0.513503
-0.513503
-0.513503
-0.513503
-0.513503
-0.513503
-0.513503
-0.513503
-0.513503
-0.513503
-0.513503
-0.513503
-0.513503
-0.513503
-0.513503
-0.513503
-0.513503
-0.513503
-0.513503
-0.513502
-0.513502
-0.513502
-0.513502
-0.513502
-0.513502
-0.513502
-0.513502
-0.513502
-0.513502
-0.513501
-0.513501
-0.513501
-0.513501
-0.513501
-0.513501
-0.513501
-0.513501
-0.5135
-0.5135
-0.5135
-0.5135
-0.5135
-0.5135
-0.5135
-0.513499
-0.513499
-0.513499
-0.513499
-0.513499
-0.513499
-0.513499
-0.513498
-0.513498
-0.513498
-0.513498
-0.513498
-0.513498
-0.513498
-0.513498
-0.513497
-0.513497
-0.513497
-0.513497
-0.513497
-0.513497
-0.513497
-0.513497
-0.513497
-0.513497
-0.513497
-0.513497
-0.513497
-0.513497
-0.513496
-0.513496
-0.513496
-0.513496
-0.513496
-0.513496
-0.513496
-0.513496
-0.513496
-0.513496
-0.513496
-0.513496
-0.513496
-0.513496
-0.513497
-0.513497
-0.513497
-0.513497
-0.513497
-0.513497
-0.513497
-0.513497
-0.513497
-0.513497
-0.513497
-0.513497
-0.513497
-0.513498
-0.513498
-0.513498
-0.513498
-0.513498
-0.513498
-0.513498
-0.513498
-0.513498
-0.513499
-0.513499
-0.513499
-0.513499
-0.513499
-0.513499
-0.513499
-0.5135
-0.5135
-0.5135
-0.5135
-0.5135
-0.5135
-0.5135
-0.5135
-0.513501
-0.513501
-0.513501
-0.513501
-0.513501
-0.513501
-0.513501
-0.513501
-0.513501
-0.513501
-0.513501
-0.513501
-0.513501
-0.513501
-0.513501
-0.513501
-0.513501
-0.513501
-0.513501
-0.513501
-0.513501
-0.513501
-0.513501
-0.513501
-0.513501
-0.513501
-0.513501
-0.513501
-0.513501
-0.5135
-0.5135
-0.5135
-0.5135
-0.513499
-0.513499
-0.513499
-0.513499
-0.513498
-0.513498
-0.513498
-0.513497
-0.513497
-0.513496
-0.513496
-0.513496
-0.513495
-0.513495
-0.513494
-0.513493
-0.513493
-0.513492
-0.513492
-0.513491
-0.51349
-0.51349
-0.513489
-0.513488
-0.513487
-0.513487
-0.513486
-0.513485
-0.513484
-0.513483
-0.513482
-0.513481
-0.51348
-0.513479
-0.513478
-0.513477
-0.513476
-0.513475
-0.513474
-0.513473
-0.513471
-0.51347
-0.513469
-0.513467
-0.513466
-0.513465
-0.513463
-0.513462
-0.51346
-0.513459
-0.513457
-0.513455
-0.513454
-0.513452
-0.51345
-0.513449
-0.513447
-0.513445
-0.513443
-0.513441
-0.513439
-0.513437
-0.513435
-0.513433
-0.51343
-0.513428
-0.513426
-0.513423
-0.513421
-0.513418
-0.513416
-0.513413
-0.513411
-0.513408
-0.513405
-0.513402
-0.513399
-0.513396
-0.513393
-0.51339
-0.513387
-0.513383
-0.51338
-0.513376
-0.513373
-0.513369
-0.513365
-0.513361
-0.513357
-0.513353
-0.513349
-0.513344
-0.51334
-0.513335
-0.51333
-0.513326
-0.513321
-0.513315
-0.51331
-0.513305
-0.513299
-0.513293
-0.513288
-0.513282
-0.513275
-0.513269
-0.513262
-0.513255
-0.513248
-0.513241
-0.513234
-0.513226
-0.513218
-0.51321
-0.513202
-0.513194
-0.513185
-0.513176
-0.513167
-0.513157
-0.513147
-0.513137
-0.513127
-0.513116
-0.513105
-0.513094
-0.513082
-0.51307
-0.513058
-0.513045
-0.513032
-0.513019
-0.513005
-0.512991
-0.512976
-0.512961
-0.512945
-0.51293
-0.512913
-0.512897
-0.512879
-0.512862
-0.512843
-0.512825
-0.512806
-0.512786
-0.512766
-0.512745
-0.512723
-0.512702
-0.512679
-0.512656
-0.512632
-0.512608
-0.512583
-0.512557
-0.512531
-0.512504
-0.512476
-0.512448
-0.512419
-0.512389
-0.512359
-0.512327
-0.512295
-0.512262
-0.512229
-0.512194
-0.512159
-0.512123
-0.512086
-0.512048
-0.512009
-0.511969
-0.511928
-0.511887
-0.511844
-0.511801
-0.511756
-0.511711
-0.511664
-0.511617
-0.511568
-0.511519
-0.511468
-0.511416
-0.511363
-0.511309
-0.511254
-0.511198
-0.511141
-0.511082
-0.511022
-0.510961
-0.510899
-0.510836
-0.510771
-0.510705
-0.510638
-0.510569
-0.510499
-0.510428
-0.510356
-0.510282
-0.510207
-0.51013
-0.510052
-0.509973
-0.509892
-0.50981
-0.509726
-0.509641
-0.509555
-0.509467
-0.509378
-0.509287
-0.509194
-0.5091
-0.509005
-0.508908
-0.50881
-0.50871
-0.508608
-0.508505
-0.508401
-0.508295
-0.508187
-0.508077
-0.507967
-0.507854
-0.50774
-0.507624
-0.507507
-0.507388
-0.507268
-0.507146
-0.507022
-0.506897
-0.50677
-0.506642
-0.506511
-0.50638
-0.506246
-0.506112
-0.505975
-0.505837
-0.505697
-0.505556
-0.505413
-0.505269
-0.505123
-0.504975
-0.504826
-0.504675
-0.504523
-0.504369
-0.504214
-0.504057
-0.503899
-0.503739
-0.503577
-0.503415
-0.50325
-0.503085
-0.502917
-0.502749
-0.502579
-0.502408
-0.502235
-0.502061
-0.501885
-0.501708
-0.50153
-0.501351
-0.50117
-0.500989
-0.500805
-0.500621
-0.500436
-0.500249
-0.500061
-0.499872
-0.499682
-0.499491
-0.499299
-0.499106
-0.498912
-0.498717
-0.498521
-0.498324
-0.498126
-0.497928
-0.497728
-0.497528
-0.497327
-0.497125
-0.496923
-0.49672
-0.496516
-0.496312
-0.496107
-0.495901
-0.495695
-0.495489
-0.495282
-0.495074
-0.494866
-0.494658
-0.49445
-0.494241
-0.494032
-0.493823
-0.493613
-0.493404
-0.493194
-0.492985
-0.492775
-0.492565
-0.492355
-0.492146
-0.491936
-0.491727
-0.491517
-0.491308
-0.491099
-0.490891
-0.490683
-0.490475
-0.490267
-0.49006
-0.489853
-0.489647
-0.489442
-0.489236
-0.489032
-0.488828
-0.488625
-0.488422
-0.488221
-0.48802
-0.487819
-0.48762
-0.487421
-0.487224
-0.487027
-0.486831
-0.486636
-0.486443
-0.48625
-0.486058
-0.485868
-0.485678
-0.48549
-0.485303
-0.485117
-0.484933
-0.484749
-0.484567
-0.484386
-0.484207
-0.484029
-0.483852
-0.483677
-0.483503
-0.483331
-0.48316
-0.482991
-0.482823
-0.482657
-0.482492
-0.482329
-0.482168
-0.482008
-0.48185
-0.481693
-0.481538
-0.481385
-0.481234
-0.481084
-0.480936
-0.480789
-0.480645
-0.480502
-0.480361
-0.480221
-0.480084
-0.479948
-0.479814
-0.479682
-0.479552
-0.479423
-0.479296
-0.479172
-0.479048
-0.478927
-0.478808
-0.47869
-0.478575
-0.478461
-0.478349
-0.478238
-0.47813
-0.478023
-0.477919
-0.477816
-0.477714
-0.477615
-0.477518
-0.477422
-0.477328
-0.477236
-0.477145
-0.477057
-0.47697
-0.476885
-0.476801
-0.476719
-0.476639
-0.476561
-0.476484
-0.47641
-0.476336
-0.476265
-0.476195
-0.476126
-0.476059
-0.475994
-0.475931
-0.475869
-0.475808
-0.475749
-0.475692
-0.475636
-0.475581
-0.475528
-0.475476
-0.475426
-0.475377
-0.47533
-0.475284
-0.475239
-0.475195
-0.475153
-0.475112
-0.475073
-0.475034
-0.474997
-0.474961
-0.474926
-0.474893
-0.47486
-0.474829
-0.474799
-0.474769
-0.474741
-0.474714
-0.474688
-0.474663
-0.474639
-0.474615
-0.474593
-0.474572
-0.474551
-0.474531
-0.474513
-0.474495
-0.474477
-0.474461
-0.474445
-0.47443
-0.474416
-0.474403
-0.47439
-0.474378
-0.474366
-0.474355
-0.474345
-0.474335
-0.474326
-0.474318
-0.47431
-0.474302
-0.474295
-0.474288
-0.474282
-0.474277
-0.474271
-0.474267
-0.474262
-0.474258
-0.474254
-0.474251
-0.474248
-0.474245
-0.474243
-0.474241
-0.474239
-0.474238
-0.474236
-0.474235
-0.474234
-0.474234
-0.474233
-0.474233
-0.474233
-0.474233
-0.474233
-0.474234
-0.474234
-0.474235
-0.474236
-0.474237
-0.474238
-0.474239
-0.47424
-0.474241
-0.474242
-0.474243
-0.474245
-0.474246
-0.474248
-0.474249
-0.474251
-0.474252
-0.474254
-0.474255
-0.474256
-0.474258
-0.474259
-0.474261
-0.474262
-0.474264
-0.474265
-0.474266
-0.474267
-0.474269
-0.47427
-0.474271
-0.474272
-0.474273
-0.474274
-0.474275
-0.474275
-0.474276
-0.474277
-0.474277
-0.474278
-0.474278
-0.474278
-0.474279
-0.474279
-0.474279
-0.474279
-0.474279
-0.474279
-0.474278
-0.474278
-0.474278
-0.474277
-0.474276
-0.474276
-0.474275
-0.474274
-0.474273
-0.474272
-0.474271
-0.47427
-0.474268
-0.474267
-0.474265
-0.474264
-0.474262
-0.47426
-0.474258
-0.474257
-0.474254
-0.474252
-0.47425
-0.474248
-0.474245
-0.474243
-0.47424
-0.474238
-0.474235
-0.474232
-0.474229
-0.474226
-0.474223
-0.47422
-0.474216
-0.474213
-0.47421
-0.474206
-0.474202
-0.474199
-0.474195
-0.474191
-0.474187
-0.474183
-0.474178
-0.474174
-0.47417
-0.474165
-0.474161
-0.474156
-0.474151
-0.474146
-0.474141
-0.474136
-0.474131
-0.474125
-0.47412
-0.474114
-0.474109
-0.474103
-0.474097
-0.474091
-0.474085
-0.474079
-0.474072
-0.474065
-0.474059
-0.474052
-0.474045
-0.474038
-0.47403
-0.474023
-0.474015
-0.474007
-0.473999
-0.473991
-0.473983
-0.473974
-0.473966
-0.473957
-0.473947
-0.473938
-0.473928
-0.473919
-0.473909
-0.473898
-0.473888
-0.473877
-0.473866
-0.473855
-0.473843
-0.473831
-0.473819
-0.473806
-0.473794
-0.47378
-0.473767
-0.473753
-0.473739
-0.473724
-0.47371
-0.473694
-0.473679
-0.473662
-0.473646
-0.473629
-0.473612
-0.473594
-0.473575
-0.473557
-0.473537
-0.473517
-0.473497
-0.473476
-0.473455
-0.473433
-0.47341
-0.473387
-0.473363
-0.473339
-0.473314
-0.473288
-0.473261
-0.473234
-0.473206
-0.473178
-0.473149
-0.473118
-0.473088
-0.473056
-0.473023
-0.47299
-0.472956
-0.472921
-0.472884
-0.472848
-0.47281
-0.472771
-0.472731
-0.47269
-0.472648
-0.472605
-0.472561
-0.472516
-0.47247
-0.472422
-0.472374
-0.472324
-0.472273
-0.472221
-0.472167
-0.472112
-0.472056
-0.471999
-0.47194
-0.47188
-0.471818
-0.471755
-0.471691
-0.471625
-0.471557
-0.471488
-0.471418
-0.471345
-0.471272
-0.471196
-0.471119
-0.471041
-0.47096
-0.470878
-0.470794
-0.470709
-0.470621
-0.470532
-0.470441
-0.470348
-0.470253
-0.470156
-0.470057
-0.469956
-0.469853
-0.469749
-0.469642
-0.469533
-0.469422
-0.469309
-0.469194
-0.469076
-0.468957
-0.468835
-0.468711
-0.468585
-0.468457
-0.468326
-0.468193
-0.468058
-0.467921
-0.467781
-0.467638
-0.467494
-0.467347
-0.467198
-0.467046
-0.466892
-0.466735
-0.466576
-0.466414
-0.46625
-0.466084
-0.465915
-0.465744
-0.46557
-0.465393
-0.465214
-0.465033
-0.464849
-0.464662
-0.464473
-0.464281
-0.464087
-0.463891
-0.463691
-0.46349
-0.463285
-0.463078
-0.462869
-0.462657
-0.462443
-0.462226
-0.462006
-0.461784
-0.46156
-0.461333
-0.461103
-0.460871
-0.460637
-0.4604
-0.460161
-0.459919
-0.459675
-0.459429
-0.45918
-0.458929
-0.458676
-0.45842
-0.458162
-0.457902
-0.457639
-0.457375
-0.457108
-0.456839
-0.456568
-0.456295
-0.456019
-0.455742
-0.455462
-0.455181
-0.454898
-0.454613
-0.454325
-0.454037
-0.453746
-0.453453
-0.453159
-0.452863
-0.452565
-0.452266
-0.451965
-0.451662
-0.451358
-0.451053
-0.450746
-0.450438
-0.450128
-0.449817
-0.449505
-0.449192
-0.448877
-0.448561
-0.448245
-0.447927
-0.447608
-0.447288
-0.446968
-0.446646
-0.446324
-0.446001
-0.445678
-0.445353
-0.445028
-0.444703
-0.444377
-0.44405
-0.443724
-0.443396
-0.443069
-0.442741
-0.442413
-0.442085
-0.441757
-0.441429
-0.4411
-0.440772
-0.440444
-0.440116
-0.439788
-0.439461
-0.439133
-0.438806
-0.43848
-0.438154
-0.437828
-0.437503
-0.437178
-0.436854
-0.436531
-0.436208
-0.435886
-0.435565
-0.435245
-0.434926
-0.434607
-0.43429
-0.433974
-0.433658
-0.433344
-0.433031
-0.432719
-0.432408
-0.432098
-0.43179
-0.431483
-0.431177
-0.430873
-0.43057
-0.430269
-0.429969
-0.42967
-0.429373
-0.429078
-0.428784
-0.428492
-0.428201
-0.427913
-0.427625
-0.42734
-0.427056
-0.426774
-0.426494
-0.426216
-0.42594
-0.425665
-0.425392
-0.425121
-0.424852
-0.424585
-0.42432
-0.424057
-0.423795
-0.423536
-0.423278
-0.423023
-0.422769
-0.422518
-0.422268
-0.422021
-0.421775
-0.421532
-0.421291
-0.421051
-0.420814
-0.420578
-0.420345
-0.420113
-0.419884
-0.419656
-0.419431
-0.419207
-0.418986
-0.418766
-0.418549
-0.418333
-0.41812
-0.417908
-0.417698
-0.41749
-0.417284
-0.41708
-0.416878
-0.416678
-0.416479
-0.416283
-0.416088
-0.415895
-0.415704
-0.415514
-0.415327
-0.415141
-0.414957
-0.414774
-0.414593
-0.414414
-0.414237
-0.414061
-0.413887
-0.413714
-0.413543
-0.413373
-0.413205
-0.413039
-0.412874
-0.41271
-0.412548
-0.412387
-0.412228
-0.41207
-0.411913
-0.411758
-0.411604
-0.411451
-0.4113
-0.41115
-0.411001
-0.410853
-0.410706
-0.410561
-0.410417
-0.410273
-0.410131
-0.40999
-0.40985
-0.409711
-0.409573
-0.409436
-0.4093
-0.409165
-0.409031
-0.408898
-0.408765
-0.408634
-0.408503
-0.408373
-0.408244
-0.408116
-0.407989
-0.407862
-0.407736
-0.407611
-0.407486
-0.407363
-0.40724
-0.407117
-0.406995
-0.406874
-0.406754
-0.406634
-0.406515
-0.406396
-0.406279
-0.406161
-0.406044
-0.405928
-0.405812
-0.405697
-0.405583
-0.405469
-0.405355
-0.405242
-0.40513
-0.405018
-0.404907
-0.404796
-0.404685
-0.404576
-0.404466
-0.404357
-0.404249
-0.404141
-0.404034
-0.403927
-0.403821
-0.403715
-0.403609
-0.403504
-0.4034
-0.403296
-0.403193
-0.40309
-0.402988
-0.402886
-0.402784
-0.402684
-0.402583
-0.402484
-0.402385
-0.402286
-0.402188
-0.40209
-0.401993
-0.401897
-0.401801
-0.401706
-0.401611
-0.401517
-0.401424
-0.401331
-0.401239
-0.401148
-0.401057
-0.400966
-0.400877
-0.400788
-0.4007
-0.400612
-0.400525
-0.400439
-0.400354
-0.400269
-0.400185
-0.400102
-0.400019
-0.399937
-0.399856
-0.399776
-0.399696
-0.399618
-0.39954
-0.399463
-0.399386
-0.399311
-0.399236
-0.399163
-0.39909
-0.399017
-0.398946
-0.398876
-0.398806
-0.398738
-0.39867
-0.398603
-0.398537
-0.398472
-0.398408
-0.398344
-0.398282
-0.398221
-0.39816
-0.3981
-0.398042
-0.397984
-0.397927
-0.397871
-0.397816
-0.397762
-0.397709
-0.397657
-0.397606
-0.397556
-0.397506
-0.397458
-0.397411
-0.397364
-0.397319
-0.397274
-0.397231
-0.397188
-0.397146
-0.397105
-0.397065
-0.397026
-0.396988
-0.396951
-0.396915
-0.39688
-0.396845
-0.396812
-0.396779
-0.396747
-0.396717
-0.396687
-0.396657
-0.396629
-0.396602
-0.396575
-0.39655
-0.396525
-0.3965
-0.396477
-0.396455
-0.396433
-0.396412
-0.396392
-0.396373
-0.396354
-0.396336
-0.396319
-0.396302
-0.396286
-0.396271
-0.396257
-0.396243
-0.39623
-0.396218
-0.396206
-0.396195
-0.396184
-0.396174
-0.396165
-0.396156
-0.396148
-0.39614
-0.396133
-0.396126
-0.39612
-0.396114
-0.396109
-0.396104
-0.3961
-0.396096
-0.396092
-0.396089
-0.396087
-0.396084
-0.396082
-0.396081
-0.39608
-0.396079
-0.396078
-0.396078
-0.396078
-0.396078
-0.396079
-0.39608
-0.396081
-0.396082
-0.396084
-0.396085
-0.396087
-0.396089
-0.396092
-0.396094
-0.396097
-0.396099
-0.396102
-0.396105
-0.396108
-0.396111
-0.396115
-0.396118
-0.396121
-0.396125
-0.396128
-0.396132
-0.396135
-0.396139
-0.396143
-0.396146
-0.39615
-0.396153
-0.396157
-0.396161
-0.396164
-0.396168
-0.396171
-0.396174
-0.396178
-0.396181
-0.396184
-0.396188
-0.396191
-0.396194
-0.396197
-0.396199
-0.396202
-0.396205
-0.396207
-0.39621
-0.396212
-0.396215
-0.396217
-0.396219
-0.396221
-0.396223
-0.396224
-0.396226
-0.396227
-0.396229
-0.39623
-0.396231
-0.396232
-0.396233
-0.396234
-0.396235
-0.396235
-0.396236
-0.396236
-0.396236
-0.396236
-0.396236
-0.396236
-0.396236
-0.396236
-0.396236
-0.396235
-0.396235
-0.396234
-0.396233
-0.396232
-0.396232
-0.396231
-0.39623
-0.396228
-0.396227
-0.396226
-0.396225
-0.396223
-0.396222
-0.39622
-0.396219
-0.396217
-0.396216
-0.396214
-0.396212
-0.396211
-0.396209
-0.396207
-0.396205
-0.396204
-0.396202
-0.3962
-0.396198
-0.396196
-0.396194
-0.396193
-0.396191
-0.396189
-0.396187
-0.396186
-0.396184
-0.396182
-0.39618
-0.396179
-0.396177
-0.396176
-0.396174
-0.396173
-0.396171
-0.39617
-0.396168
-0.396167
-0.396166
-0.396165
-0.396164
-0.396163
-0.396162
-0.396161
-0.39616
-0.396159
-0.396158
-0.396157
-0.396157
-0.396156
-0.396156
-0.396156
-0.396155
-0.396155
-0.396155
-0.396155
-0.396155
-0.396155
-0.396155
-0.396155
-0.396155
-0.396156
-0.396156
-0.396157
-0.396157
-0.396158
-0.396159
-0.396159
-0.39616
-0.396161
-0.396162
-0.396163
-0.396164
-0.396165
-0.396166
-0.396168
-0.396169
-0.39617
-0.396172
-0.396173
-0.396175
-0.396176
-0.396178
-0.396179
-0.396181
-0.396182
-0.396184
-0.396186
-0.396188
-0.396189
-0.396191
-0.396193
-0.396195
-0.396197
-0.396198
-0.3962
-0.396202
-0.396204
-0.396206
-0.396207
-0.396209
-0.396211
-0.396213
-0.396215
-0.396216
-0.396218
-0.39622
-0.396222
-0.396223
-0.396225
-0.396226
-0.396228
-0.39623
-0.396231
-0.396232
-0.396234
-0.396235
-0.396237
-0.396238
-0.396239
-0.39624
-0.396241
-0.396242
-0.396243
-0.396244
-0.396245
-0.396246
-0.396247
-0.396248
-0.396248
-0.396249
-0.396249
-0.39625
-0.39625
-0.396251
-0.396251
-0.396251
-0.396251
-0.396251
-0.396251
-0.396251
-0.396251
-0.396251
-0.396251
-0.39625
-0.39625
-0.39625
-0.396249
-0.396249
-0.396248
-0.396248
-0.396247
-0.396246
-0.396245
-0.396245
-0.396244
-0.396243
-0.396242
-0.396241
-0.39624
-0.396239
-0.396237
-0.396236
-0.396235
-0.396234
-0.396233
-0.396231
-0.39623
-0.396229
-0.396227
-0.396226
-0.396225
-0.396223
-0.396222
-0.396221
-0.396219
-0.396218
-0.396216
-0.396215
-0.396214
-0.396212
-0.396211
-0.396209
-0.396208
-0.396207
-0.396205
-0.396204
-0.396203
