1.1618
1.1618
1.1618
1.1618
1.1618
1.1618
1.1618
1.1618
1.1618
1.1618
1.1618
1.1618
1.1618
1.1618
1.1618
1.1618
1.1618
1.1618
1.1618
1.1618
1.1618
1.1618
1.1618
1.1618
1.1618
1.1618
1.1618
1.1618
1.1618
1.1618
1.1618
1.1618
1.1618
1.1618
1.1618
1.1618
1.1618
1.1618
1.1618
1.1618
1.1618
1.1618
1.1618
1.1618
1.1618
1.1618
1.1618
1.1618
1.1618
1.1618
1.1618
1.1618
1.1618
1.1618
1.1618
1.1618
1.1618
1.1618
1.1618
1.1618
1.1618
1.1618
1.1618
1.1618
1.1618
1.1618
1.1618
1.1618
1.1618
1.1618
1.1618
1.1618
1.1618
1.1618
1.1618
1.1618
1.1618
1.1618
1.1618
1.1618
1.1618
1.1618
1.1618
1.1618
1.1618
1.1618
1.1618
1.1618
1.1618
1.1618
1.1618
1.1618
1.1618
1.1618
1.1618
1.1618
1.1618
1.1618
1.16181
1.16181
1.16181
1.16181
1.16181
1.16181
1.16181
1.16181
1.16181
1.16181
1.16181
1.16181
1.16181
1.16181
1.16181
1.16181
1.16181
1.16181
1.16181
1.16181
1.16181
1.16181
1.16181
1.16181
1.16181
1.16181
1.16181
1.16181
1.16181
1.16181
1.16181
1.16181
1.16181
1.16181
1.16181
1.16181
1.16181
1.1618
1.1618
1.1618
1.1618
1.1618
1.1618
1.1618
1.1618
1.1618
1.1618
1.1618
1.1618
1.1618
1.1618
1.1618
1.1618
1.1618
1.1618
1.1618
1.1618
1.1618
1.1618
1.1618
1.1618
1.1618
1.1618
1.1618
1.1618
1.1618
1.1618
1.1618
1.1618
1.1618
1.1618
1.1618
1.1618
1.1618
1.1618
1.1618
1.1618
1.1618
1.1618
1.1618
1.1618
1.1618
1.1618
1.1618
1.1618
1.1618
1.1618
1.1618
1.1618
1.1618
1.1618
1.1618
1.1618
1.1618
1.1618
1.1618
1.1618
1.1618
1.1618
1.1618
1.1618
1.1618
1.1618
1.1618
1.1618
1.1618
1.1618
1.1618
1.1618
1.1618
1.1618
1.1618
1.1618
1.1618
1.1618
1.1618
1.1618
1.1618
1.1618
1.1618
1.1618
1.1618
1.1618
1.1618
1.1618
1.1618
1.1618
1.1618
1.1618
1.1618
1.1618
1.1618
1.1618
1.1618
1.1618
1.1618
1.1618
1.1618
1.1618
1.1618
1.1618
1.1618
1.1618
1.1618
1.1618
1.1618
1.1618
1.1618
1.1618
1.1618
1.1618
1.1618
1.1618
1.1618
1.1618
1.1618
1.1618
1.1618
1.1618
1.1618
1.1618
1.1618
1.1618
1.1618
1.1618
1.1618
1.1618
1.1618
1.1618
1.1618
1.1618
1.1618
1.1618
1.1618
1.1618
1.1618
1.1618
1.1618
1.1618
1.1618
1.1618
1.1618
1.1618
1.1618
1.1618
1.1618
1.1618
1.1618
1.1618
1.1618
1.1618
1.1618
1.1618
1.1618
1.1618
1.1618
1.1618
1.1618
1.1618
1.1618
1.1618
1.1618
1.1618
1.1618
1.1618
1.1618
1.1618
1.1618
1.1618
1.1618
1.1618
1.1618
1.1618
1.1618
1.1618
1.1618
1.1618
1.1618
1.1618
1.1618
1.1618
1.1618
1.1618
1.1618
1.1618
1.1618
1.1618
1.1618
1.1618
1.1618
1.1618
1.1618
1.1618
1.1618
1.1618
1.1618
1.1618
1.1618
1.1618
1.1618
1.1618
1.1618
1.1618
1.1618
1.1618
1.1618
1.1618
1.1618
1.1618
1.1618
1.1618
1.1618
1.1618
1.1618
1.1618
1.1618
1.1618
1.1618
1.1618
1.1618
1.1618
1.1618
1.1618
1.1618
1.1618
1.1618
1.1618
1.1618
1.1618
1.1618
1.1618
1.1618
1.1618
1.1618
1.1618
1.1618
1.1618
1.1618
1.1618
1.1618
1.1618
1.1618
1.1618
1.1618
1.1618
1.1618
1.1618
1.1618
1.1618
1.1618
1.1618
1.1618
1.1618
1.1618
1.1618
1.1618
1.1618
1.1618
1.1618
1.1618
1.1618
1.1618
1.1618
1.1618
1.1618
1.1618
1.1618
1.1618
1.1618
1.1618
1.1618
1.1618
1.1618
1.1618
1.1618
1.1618
1.1618
1.1618
1.1618
1.1618
1.1618
1.1618
1.1618
1.1618
1.1618
1.1618
1.1618
1.1618
1.1618
1.1618
1.1618
1.1618
1.1618
1.1618
1.1618
1.1618
1.1618
1.1618
1.1618
1.1618
1.1618
1.1618
1.1618
1.1618
1.1618
1.1618
1.1618
1.1618
1.1618
1.1618
1.1618
1.1618
1.1618
1.1618
1.1618
1.1618
1.1618
1.1618
1.1618
1.1618
1.1618
1.1618
1.1618
1.1618
1.1618
1.1618
1.1618
1.1618
1.1618
1.1618
1.1618
1.1618
1.1618
1.1618
1.1618
1.1618
1.1618
1.1618
1.1618
1.1618
1.1618
1.1618
1.1618
1.1618
1.1618
1.1618
1.1618
1.1618
1.1618
1.1618
1.1618
1.1618
1.1618
1.1618
1.1618
1.1618
1.1618
1.1618
1.1618
1.1618
1.1618
1.1618
1.1618
1.1618
1.1618
1.1618
1.1618
1.1618
1.1618
1.1618
1.1618
1.1618
1.1618
1.1618
1.1618
1.1618
1.1618
1.1618
1.1618
1.1618
1.1618
1.1618
1.1618
1.1618
1.1618
1.1618
1.1618
1.1618
1.1618
1.1618
1.1618
1.1618
1.1618
1.1618
1.1618
1.1618
1.1618
1.1618
1.1618
1.1618
1.1618
1.1618
1.1618
1.1618
1.1618
1.1618
1.1618
1.1618
1.1618
1.1618
1.1618
1.1618
1.1618
1.1618
1.1618
1.1618
1.1618
1.1618
1.1618
1.1618
1.1618
1.1618
1.1618
1.1618
1.1618
1.1618
1.1618
1.1618
1.1618
1.1618
1.1618
1.1618
1.1618
1.1618
1.1618
1.1618
1.1618
1.1618
1.1618
1.1618
1.1618
1.1618
1.1618
1.1618
1.1618
1.1618
1.1618
1.1618
1.1618
1.1618
1.1618
1.1618
1.1618
1.1618
1.1618
1.1618
1.1618
1.1618
1.1618
1.1618
1.1618
1.1618
1.1618
1.1618
1.1618
1.1618
1.1618
1.1618
1.1618
1.1618
1.1618
1.1618
1.1618
1.1618
1.1618
1.1618
1.1618
1.1618
1.1618
1.1618
1.1618
1.1618
1.1618
1.1618
1.1618
1.1618
1.1618
1.1618
1.1618
1.1618
1.1618
1.1618
1.1618
1.1618
1.1618
1.1618
1.1618
1.1618
1.1618
1.1618
1.1618
1.1618
1.1618
1.1618
1.1618
1.1618
1.1618
1.1618
1.1618
1.1618
1.1618
1.1618
1.1618
1.1618
1.1618
1.1618
1.1618
1.1618
1.1618
1.1618
1.1618
1.1618
1.1618
1.1618
1.1618
1.1618
1.1618
1.1618
1.1618
1.1618
1.1618
1.1618
1.1618
1.1618
1.1618
1.1618
1.1618
1.1618
1.1618
1.1618
1.1618
1.1618
1.1618
1.1618
1.1618
1.1618
1.1618
1.1618
1.1618
1.1618
1.1618
1.1618
1.1618
1.1618
1.1618
1.1618
1.1618
1.1618
1.1618
1.1618
1.1618
1.1618
1.1618
1.1618
1.1618
1.1618
1.1618
1.1618
1.1618
1.1618
1.1618
1.1618
1.1618
1.1618
1.1618
1.1618
1.1618
1.1618
1.1618
1.1618
1.1618
1.1618
1.1618
1.1618
1.1618
1.1618
1.1618
1.1618
1.1618
1.1618
1.1618
1.1618
1.1618
1.1618
1.1618
1.1618
1.1618
1.1618
1.1618
1.1618
1.1618
1.1618
1.1618
1.1618
1.1618
1.1618
1.1618
1.1618
1.1618
1.1618
1.1618
1.1618
1.1618
1.1618
1.1618
1.1618
1.1618
1.1618
1.1618
1.1618
1.1618
1.1618
1.1618
1.1618
1.1618
1.1618
1.1618
1.1618
1.1618
1.1618
1.1618
1.1618
1.1618
1.1618
1.1618
1.1618
1.1618
1.1618
1.1618
1.1618
1.1618
1.1618
1.1618
1.1618
1.1618
1.1618
1.1618
1.1618
1.1618
1.1618
1.1618
1.1618
1.1618
1.1618
1.1618
1.1618
1.1618
1.1618
1.1618
1.1618
1.1618
1.1618
1.1618
1.1618
1.1618
1.1618
1.1618
1.1618
1.1618
1.1618
1.1618
1.1618
1.1618
1.1618
1.1618
1.1618
1.1618
1.1618
1.1618
1.1618
1.1618
1.1618
1.1618
1.1618
1.1618
1.1618
1.1618
1.1618
1.1618
1.1618
1.1618
1.1618
1.1618
1.1618
1.1618
1.1618
1.1618
1.1618
1.1618
1.1618
1.1618
1.1618
1.1618
1.1618
1.1618
1.1618
1.1618
1.1618
1.1618
1.1618
1.1618
1.1618
1.1618
1.1618
1.1618
1.1618
1.1618
1.1618
1.1618
1.1618
1.1618
1.1618
1.1618
1.1618
1.1618
1.1618
1.1618
1.1618
1.1618
1.1618
1.1618
1.1618
1.1618
1.1618
1.1618
1.1618
1.1618
1.1618
1.1618
1.1618
1.1618
1.1618
1.1618
1.1618
1.1618
1.1618
1.1618
1.1618
1.1618
1.1618
1.1618
1.1618
1.1618
1.1618
1.1618
1.1618
1.1618
1.1618
1.1618
1.1618
1.1618
1.1618
1.1618
1.1618
1.1618
1.1618
1.1618
1.1618
1.1618
1.1618
1.1618
1.1618
1.1618
1.1618
1.1618
1.1618
1.1618
1.1618
1.1618
1.1618
1.1618
1.1618
1.1618
1.1618
1.1618
1.1618
1.1618
1.1618
1.1618
1.1618
1.1618
1.1618
1.1618
1.1618
1.1618
1.1618
1.1618
1.1618
1.1618
1.1618
1.1618
1.1618
1.1618
1.1618
1.1618
1.1618
1.1618
1.1618
1.1618
1.1618
1.1618
1.1618
1.1618
1.1618
1.1618
1.1618
1.1618
1.1618
1.1618
1.1618
1.1618
1.1618
1.1618
1.1618
1.1618
1.1618
1.1618
1.1618
1.1618
1.1618
1.1618
1.1618
1.1618
1.1618
1.1618
1.1618
1.1618
1.1618
1.1618
1.1618
1.1618
1.1618
1.1618
1.1618
1.1618
1.1618
1.1618
1.1618
1.1618
1.1618
1.1618
1.1618
1.1618
1.1618
1.1618
1.1618
1.1618
1.1618
1.1618
1.1618
1.1618
1.1618
1.1618
1.1618
1.1618
1.1618
1.1618
1.1618
1.1618
1.1618
1.1618
1.1618
1.1618
1.1618
1.1618
1.1618
1.1618
1.1618
1.1618
1.1618
1.1618
1.1618
1.1618
1.1618
1.1618
1.1618
1.1618
1.1618
1.1618
1.1618
1.1618
1.1618
1.1618
1.1618
1.1618
1.1618
1.1618
1.1618
1.1618
1.1618
1.1618
1.1618
1.1618
1.1618
1.1618
1.1618
1.1618
1.1618
1.1618
1.1618
1.1618
1.1618
1.1618
1.1618
1.1618
1.1618
1.1618
1.1618
1.1618
1.1618
1.1618
1.1618
1.1618
1.1618
1.1618
1.1618
1.1618
1.1618
1.1618
1.1618
1.1618
1.1618
1.1618
1.1618
1.1618
1.1618
1.1618
1.1618
1.1618
1.1618
1.1618
1.1618
1.1618
1.1618
1.1618
1.1618
1.1618
1.1618
1.1618
1.1618
1.1618
1.1618
1.1618
1.1618
1.1618
1.1618
1.1618
1.1618
1.1618
1.1618
1.1618
1.1618
1.1618
1.1618
1.1618
1.1618
1.1618
1.1618
1.1618
1.1618
1.1618
1.1618
1.1618
1.1618
1.1618
1.1618
1.1618
1.1618
1.1618
1.1618
1.1618
1.1618
1.1618
1.1618
1.1618
1.1618
1.1618
1.1618
1.1618
1.1618
1.1618
1.1618
1.1618
1.1618
1.1618
1.1618
1.1618
1.1618
1.1618
1.1618
1.1618
1.1618
1.1618
1.1618
1.1618
1.1618
1.1618
1.1618
1.1618
1.1618
1.1618
1.1618
1.1618
1.1618
1.1618
1.1618
1.1618
1.1618
1.1618
1.1618
1.1618
1.1618
1.1618
1.1618
1.1618
1.1618
1.1618
1.1618
1.1618
1.1618
1.1618
1.1618
1.1618
1.1618
1.1618
1.1618
1.1618
1.1618
1.1618
1.1618
1.1618
1.1618
1.1618
1.1618
1.1618
1.1618
1.1618
1.1618
1.1618
1.1618
1.1618
1.1618
1.1618
1.1618
1.1618
1.1618
1.1618
1.1618
1.1618
1.1618
1.1618
1.1618
1.1618
1.1618
1.1618
1.1618
1.1618
1.1618
1.1618
1.1618
1.1618
1.1618
1.1618
1.1618
1.1618
1.1618
1.1618
1.1618
1.1618
1.1618
1.1618
1.1618
1.1618
1.1618
1.1618
1.1618
1.1618
1.1618
1.1618
1.1618
1.1618
1.1618
1.1618
1.1618
1.1618
1.1618
1.1618
1.1618
1.1618
1.1618
1.1618
1.1618
1.1618
1.1618
1.1618
1.1618
1.1618
1.1618
1.1618
1.1618
1.1618
1.1618
1.1618
1.1618
1.1618
1.1618
1.1618
1.1618
1.1618
1.1618
1.1618
1.1618
1.1618
1.1618
1.1618
1.1618
1.1618
1.1618
1.1618
1.1618
1.1618
1.1618
1.1618
1.1618
1.1618
1.1618
1.1618
1.1618
1.1618
1.1618
1.1618
1.1618
1.1618
1.1618
1.1618
1.1618
1.1618
1.1618
1.1618
1.1618
1.1618
1.1618
1.1618
1.1618
1.1618
1.1618
1.1618
1.1618
1.1618
1.1618
1.1618
1.1618
1.1618
1.1618
1.1618
1.1618
1.1618
1.1618
1.1618
1.1618
1.1618
1.1618
1.1618
1.1618
1.1618
1.1618
1.1618
1.1618
1.1618
1.1618
1.1618
1.1618
1.1618
1.1618
1.1618
1.1618
1.1618
1.1618
1.1618
1.1618
1.1618
1.1618
1.1618
1.1618
1.1618
1.1618
1.1618
1.1618
1.1618
1.1618
1.1618
1.1618
1.1618
1.1618
1.1618
1.1618
1.1618
1.1618
1.1618
1.1618
1.1618
1.1618
1.1618
1.1618
1.1618
1.1618
1.1618
1.1618
1.1618
1.1618
1.1618
1.1618
1.1618
1.1618
1.1618
1.1618
1.1618
1.1618
1.1618
1.1618
1.1618
1.1618
1.1618
1.1618
1.1618
1.1618
1.1618
1.1618
1.1618
1.1618
1.1618
1.1618
1.1618
1.1618
1.1618
1.1618
1.1618
1.1618
1.1618
1.1618
1.1618
1.1618
1.1618
1.1618
1.1618
1.1618
1.1618
1.1618
1.1618
1.1618
1.1618
1.1618
1.1618
1.1618
1.1618
1.1618
1.1618
1.1618
1.1618
1.1618
1.1618
1.1618
1.1618
1.1618
1.1618
1.1618
1.1618
1.1618
1.1618
1.1618
1.1618
1.1618
1.1618
1.1618
1.1618
1.1618
1.1618
1.1618
1.1618
1.1618
1.1618
1.1618
1.1618
1.1618
1.1618
1.1618
1.1618
1.1618
1.1618
1.1618
1.1618
1.1618
1.1618
1.1618
1.1618
1.1618
1.1618
1.1618
1.1618
1.1618
1.1618
1.1618
1.1618
1.1618
1.1618
1.1618
1.1618
1.1618
1.1618
1.1618
1.1618
1.1618
1.1618
1.1618
1.1618
1.1618
1.1618
1.1618
1.1618
1.1618
1.1618
1.1618
1.1618
1.1618
1.1618
1.1618
1.1618
1.1618
1.1618
1.1618
1.1618
1.1618
1.1618
1.1618
1.1618
1.1618
1.1618
1.1618
1.1618
1.1618
1.1618
1.1618
1.1618
1.1618
1.1618
1.1618
1.1618
1.1618
1.1618
1.1618
1.1618
1.1618
1.1618
1.1618
1.1618
1.1618
1.1618
1.1618
1.1618
1.1618
1.1618
1.1618
1.1618
1.1618
1.1618
1.1618
1.1618
1.1618
1.1618
1.1618
1.1618
1.1618
1.1618
1.1618
1.1618
1.1618
1.1618
1.1618
1.1618
1.1618
1.1618
1.1618
1.1618
1.1618
1.1618
1.1618
1.1618
1.1618
1.1618
1.1618
1.1618
1.1618
1.1618
1.1618
1.1618
1.1618
1.1618
1.1618
1.1618
1.1618
1.1618
1.1618
1.1618
1.1618
1.1618
1.1618
1.1618
1.1618
1.1618
1.1618
1.1618
1.1618
1.1618
1.1618
1.1618
1.1618
1.1618
1.1618
1.1618
1.1618
1.1618
1.1618
1.1618
1.1618
1.1618
1.1618
1.1618
1.1618
1.1618
1.1618
1.1618
1.1618
1.1618
1.1618
1.1618
1.1618
1.1618
1.1618
1.1618
1.1618
1.1618
1.1618
1.1618
1.1618
1.1618
1.1618
1.1618
1.1618
1.1618
1.1618
1.1618
1.1618
1.1618
1.1618
1.1618
1.1618
1.1618
1.1618
1.1618
1.1618
1.1618
1.1618
1.1618
1.1618
1.1618
1.1618
1.1618
1.1618
1.1618
1.1618
1.1618
1.1618
1.1618
1.1618
1.1618
1.1618
1.1618
1.1618
1.1618
1.1618
1.1618
1.1618
1.1618
1.1618
1.1618
1.1618
1.1618
1.1618
1.1618
1.1618
1.1618
1.1618
1.1618
1.1618
1.1618
1.1618
1.1618
1.1618
1.1618
1.1618
1.1618
1.1618
1.1618
1.1618
1.1618
1.1618
1.1618
1.1618
1.1618
1.1618
1.1618
1.1618
1.1618
1.1618
1.1618
1.1618
1.1618
1.1618
1.1618
1.1618
1.1618
1.1618
1.1618
1.1618
1.1618
1.1618
1.1618
1.1618
1.1618
1.1618
1.1618
1.1618
1.1618
1.1618
1.1618
1.1618
1.1618
1.1618
1.1618
1.1618
1.1618
1.1618
1.1618
1.1618
1.1618
1.1618
1.1618
1.1618
1.1618
1.1618
1.1618
1.1618
1.1618
1.1618
1.1618
1.1618
1.1618
1.1618
1.1618
1.1618
1.1618
1.1618
1.1618
1.1618
1.1618
1.1618
1.1618
1.1618
1.1618
1.1618
1.1618
1.1618
1.1618
1.1618
1.1618
1.1618
1.1618
1.1618
1.1618
1.1618
1.1618
1.1618
1.1618
1.1618
1.1618
1.1618
1.1618
1.1618
1.1618
1.1618
1.1618
1.1618
1.1618
1.1618
1.1618
1.1618
1.1618
1.1618
1.1618
1.1618
1.1618
1.1618
1.1618
1.1618
1.1618
1.1618
1.1618
1.1618
1.1618
1.1618
1.1618
1.1618
1.1618
1.1618
1.1618
1.1618
1.1618
1.1618
1.1618
1.1618
1.1618
1.1618
1.1618
1.1618
1.1618
1.1618
1.1618
1.1618
1.1618
1.1618
1.1618
1.1618
1.1618
1.1618
1.1618
1.1618
1.1618
1.1618
1.1618
1.1618
1.1618
1.1618
1.1618
1.1618
1.1618
1.1618
1.1618
1.1618
1.1618
1.1618
1.1618
1.1618
1.1618
1.1618
1.1618
1.1618
1.1618
1.1618
1.1618
1.1618
1.1618
1.1618
1.1618
1.1618
1.1618
1.1618
1.1618
1.1618
1.1618
1.1618
1.1618
1.1618
1.1618
1.1618
1.1618
1.1618
1.1618
1.1618
1.1618
1.1618
1.1618
1.1618
1.1618
1.1618
1.1618
1.1618
1.1618
1.1618
1.1618
1.1618
1.1618
1.1618
1.1618
1.1618
1.1618
1.1618
1.1618
1.1618
1.1618
1.1618
1.1618
1.1618
1.1618
1.1618
1.1618
1.1618
1.1618
1.1618
1.1618
1.1618
1.1618
1.1618
1.1618
1.1618
1.1618
1.1618
1.1618
1.1618
1.1618
1.1618
1.1618
1.1618
1.1618
1.1618
1.1618
1.1618
1.1618
1.1618
1.1618
1.1618
1.1618
1.1618
1.1618
1.1618
1.1618
1.1618
1.1618
1.1618
1.1618
1.1618
1.1618
1.1618
1.1618
1.1618
1.1618
1.1618
1.1618
1.1618
1.1618
1.1618
1.1618
1.1618
1.1618
1.1618
1.1618
1.1618
1.1618
1.1618
1.1618
1.1618
1.1618
1.1618
1.1618
1.1618
1.1618
1.1618
1.1618
1.1618
1.1618
1.1618
1.1618
1.1618
1.1618
1.1618
1.1618
1.1618
1.1618
1.1618
1.1618
1.1618
1.1618
1.1618
1.1618
1.1618
1.1618
1.1618
1.1618
1.1618
1.1618
1.1618
1.1618
1.1618
1.1618
1.1618
1.1618
1.1618
1.1618
1.1618
1.1618
1.1618
1.1618
1.1618
1.1618
1.1618
1.1618
1.1618
1.1618
1.1618
1.1618
1.1618
1.1618
1.1618
1.1618
1.1618
1.1618
1.1618
1.1618
1.1618
1.1618
1.1618
1.1618
1.1618
1.1618
1.1618
1.1618
1.1618
1.1618
1.1618
1.1618
1.1618
1.1618
1.1618
1.1618
1.1618
1.1618
1.1618
1.1618
1.1618
1.1618
1.1618
1.1618
1.1618
1.1618
1.1618
1.1618
1.1618
1.1618
1.1618
1.1618
1.1618
1.1618
1.1618
1.1618
1.1618
1.1618
1.1618
1.1618
1.1618
1.1618
1.1618
1.1618
1.1618
1.1618
1.1618
1.1618
1.1618
1.1618
1.1618
1.1618
1.1618
1.1618
1.1618
1.1618
1.1618
1.1618
1.1618
1.1618
1.1618
1.1618
1.1618
1.1618
1.1618
1.1618
1.1618
1.1618
1.1618
1.1618
1.1618
1.1618
1.1618
1.1618
1.1618
1.1618
1.1618
1.1618
1.1618
1.1618
1.1618
1.1618
1.1618
1.1618
1.1618
1.1618
1.1618
1.1618
1.1618
1.1618
1.1618
1.1618
1.1618
1.1618
1.1618
1.1618
1.1618
1.1618
1.1618
1.1618
1.1618
1.1618
1.1618
1.1618
1.1618
1.1618
1.1618
1.1618
1.1618
1.1618
1.1618
1.1618
1.1618
1.1618
1.1618
1.1618
1.1618
1.1618
1.1618
1.1618
1.1618
1.1618
1.1618
1.1618
1.1618
1.1618
1.1618
1.1618
1.1618
1.1618
1.1618
1.1618
1.1618
1.1618
1.1618
1.1618
1.1618
1.1618
1.1618
1.1618
1.1618
1.1618
1.1618
1.1618
1.1618
1.1618
1.1618
1.1618
1.1618
1.1618
1.1618
1.1618
1.1618
1.1618
1.1618
1.1618
1.1618
1.1618
1.1618
1.1618
1.1618
1.1618
1.1618
1.1618
1.1618
1.1618
1.1618
1.1618
1.1618
1.1618
1.1618
1.1618
1.1618
1.1618
1.1618
1.1618
1.1618
1.1618
1.1618
1.1618
1.1618
1.1618
1.1618
1.1618
1.1618
1.1618
1.1618
1.1618
1.1618
1.1618
1.1618
1.1618
1.1618
1.1618
1.1618
1.1618
1.1618
1.1618
1.1618
1.1618
1.1618
1.1618
1.1618
1.1618
1.1618
1.1618
1.1618
1.1618
1.1618
1.1618
1.1618
1.1618
1.1618
1.1618
1.1618
1.1618
1.1618
1.1618
1.1618
1.1618
1.1618
1.1618
1.1618
1.1618
1.1618
1.1618
1.1618
1.1618
1.1618
1.1618
1.1618
1.1618
1.1618
1.1618
1.1618
1.1618
1.1618
1.1618
1.1618
1.1618
1.1618
1.1618
1.1618
1.1618
1.1618
1.1618
1.1618
1.1618
1.1618
1.1618
1.1618
1.1618
1.1618
1.1618
1.1618
1.1618
1.1618
1.1618
1.1618
1.1618
1.1618
1.1618
1.1618
1.1618
1.1618
1.1618
1.1618
1.1618
1.1618
1.1618
1.1618
1.1618
1.1618
1.1618
1.1618
1.1618
1.1618
1.1618
1.1618
1.1618
1.1618
1.1618
1.1618
1.1618
1.1618
1.1618
1.1618
1.1618
1.1618
1.1618
1.1618
1.1618
1.1618
1.1618
1.1618
1.1618
1.1618
1.1618
1.1618
1.1618
1.1618
1.1618
1.1618
1.1618
1.1618
1.1618
1.1618
1.1618
1.1618
1.1618
1.1618
1.1618
1.1618
1.1618
1.1618
1.1618
1.1618
1.1618
1.1618
1.1618
1.1618
1.1618
1.1618
1.1618
1.1618
1.1618
1.1618
1.1618
1.1618
1.1618
1.1618
1.1618
1.1618
1.1618
1.1618
1.1618
1.1618
1.1618
1.1618
1.1618
1.1618
1.1618
1.1618
1.1618
1.1618
1.1618
1.1618
1.1618
1.1618
1.1618
1.1618
1.1618
1.1618
1.1618
1.1618
1.1618
1.1618
1.1618
1.1618
1.1618
1.1618
1.1618
1.1618
1.1618
1.1618
1.1618
1.1618
1.1618
1.1618
1.1618
1.1618
1.1618
1.1618
1.1618
1.1618
1.1618
1.1618
1.1618
1.1618
1.1618
1.1618
1.1618
1.1618
1.1618
1.1618
1.1618
1.1618
1.1618
1.1618
1.1618
1.1618
1.1618
1.1618
1.1618
1.1618
1.1618
1.1618
1.1618
1.1618
1.1618
1.1618
1.1618
1.1618
1.1618
1.1618
1.1618
1.1618
1.1618
1.1618
1.1618
1.1618
1.1618
1.1618
1.1618
1.1618
1.1618
1.1618
1.1618
1.1618
1.1618
1.1618
1.1618
1.1618
1.1618
1.1618
1.1618
1.1618
1.1618
1.1618
1.1618
1.1618
1.1618
1.1618
1.1618
1.1618
1.1618
1.1618
1.1618
1.1618
1.1618
1.1618
1.1618
1.1618
1.1618
1.1618
1.1618
1.1618
1.1618
1.1618
1.1618
1.1618
1.1618
1.1618
1.1618
1.1618
1.1618
1.1618
1.1618
1.1618
1.1618
1.1618
1.1618
1.1618
1.1618
1.1618
1.1618
1.1618
1.1618
1.1618
1.1618
1.1618
1.1618
1.1618
1.1618
1.1618
1.1618
1.1618
1.1618
1.1618
1.1618
1.1618
1.1618
1.1618
1.1618
1.1618
1.1618
1.1618
1.1618
1.1618
1.1618
1.1618
1.1618
1.1618
1.1618
1.1618
1.1618
1.1618
1.1618
1.1618
1.1618
1.1618
1.1618
1.1618
1.1618
1.1618
1.1618
1.1618
1.1618
1.1618
1.1618
1.1618
1.1618
1.1618
1.1618
1.1618
1.1618
1.1618
1.1618
1.1618
1.1618
1.1618
1.1618
1.1618
1.1618
1.1618
1.1618
1.1618
1.1618
1.1618
1.1618
1.1618
1.1618
1.1618
1.1618
1.1618
1.1618
1.1618
1.1618
1.1618
1.1618
1.1618
1.1618
1.1618
1.1618
1.1618
1.16181
1.16181
1.16181
1.16181
1.16181
1.16181
1.16181
1.16181
1.16181
1.16181
1.16181
1.16181
1.16181
1.16181
1.16181
1.16181
1.16181
1.16181
1.16181
1.16181
1.16181
1.16181
1.16181
1.16181
1.16181
1.16181
1.16181
1.16181
1.16181
1.16181
1.16181
1.16181
1.16181
1.16181
1.16181
1.16181
1.16181
1.16181
1.16181
1.16181
1.16181
1.16181
1.16181
1.16181
1.16181
1.16181
1.16181
1.16181
1.16181
1.16181
1.16181
1.16181
1.16181
1.16181
1.16181
1.16181
1.16181
1.16181
1.16181
1.16181
1.16181
1.16181
1.16181
1.1618
1.1618
1.1618
1.1618
1.1618
1.1618
1.1618
1.1618
1.1618
1.1618
1.1618
1.1618
1.1618
1.1618
1.1618
1.1618
1.1618
1.1618
1.1618
1.1618
1.1618
1.1618
1.1618
1.1618
1.1618
1.1618
1.1618
1.1618
1.1618
1.1618
1.1618
1.1618
1.1618
1.1618
1.1618
1.1618
1.1618
1.1618
1.1618
1.1618
1.1618
1.1618
1.1618
1.1618
1.1618
1.1618
1.1618
1.1618
1.1618
1.1618
1.1618
1.1618
1.1618
1.1618
1.1618
1.1618
1.1618
1.1618
1.1618
1.1618
1.1618
1.1618
1.1618
1.1618
1.1618
1.1618
1.16181
1.16181
1.16181
1.16181
1.16181
1.16181
1.16181
1.16181
1.16181
1.16181
1.16181
1.16182
1.16182
1.16182
1.16182
1.16182
1.16182
1.16182
1.16183
1.16183
1.16183
1.16183
1.16183
1.16183
1.16184
1.16184
1.16184
1.16184
1.16185
1.16185
1.16185
1.16185
1.16186
1.16186
1.16186
1.16186
1.16187
1.16187
1.16187
1.16188
1.16188
1.16188
1.16189
1.16189
1.16189
1.1619
1.1619
1.16191
1.16191
1.16192
1.16192
1.16193
1.16193
1.16194
1.16194
1.16195
1.16195
1.16196
1.16196
1.16197
1.16197
1.16198
1.16199
1.16199
1.162
1.16201
1.16201
1.16202
1.16203
1.16203
1.16204
1.16205
1.16206
1.16207
1.16207
1.16208
1.16209
1.1621
1.16211
1.16212
1.16213
1.16214
1.16215
1.16216
1.16217
1.16218
1.16219
1.1622
1.16221
1.16222
1.16223
1.16225
1.16226
1.16227
1.16228
1.1623
1.16231
1.16232
1.16234
1.16235
1.16236
1.16238
1.16239
1.16241
1.16242
1.16244
1.16245
1.16247
1.16249
1.1625
1.16252
1.16254
1.16255
1.16257
1.16259
1.16261
1.16263
1.16264
1.16266
1.16268
1.1627
1.16272
1.16274
1.16276
1.16279
1.16281
1.16283
1.16285
1.16287
1.1629
1.16292
1.16294
1.16297
1.16299
1.16301
1.16304
1.16306
1.16309
1.16312
1.16314
1.16317
1.1632
1.16322
1.16325
1.16328
1.16331
1.16334
1.16337
1.1634
1.16343
1.16346
1.16349
1.16352
1.16355
1.16359
1.16362
1.16365
1.16369
1.16372
1.16375
1.16379
1.16382
1.16386
1.1639
1.16393
1.16397
1.16401
1.16405
1.16408
1.16412
1.16416
1.1642
1.16424
1.16428
1.16433
1.16437
1.16441
1.16445
1.1645
1.16454
1.16458
1.16463
1.16467
1.16472
1.16477
1.16481
1.16486
1.16491
1.16496
1.16501
1.16505
1.1651
1.16515
1.16521
1.16526
1.16531
1.16536
1.16542
1.16547
1.16552
1.16558
1.16563
1.16569
1.16575
1.1658
1.16586
1.16592
1.16598
1.16604
1.16609
1.16616
1.16622
1.16628
1.16634
1.1664
1.16647
1.16653
1.16659
1.16666
1.16672
1.16679
1.16686
1.16692
1.16699
1.16706
1.16713
1.1672
1.16727
1.16734
1.16741
1.16748
1.16755
1.16763
1.1677
1.16778
1.16785
1.16793
1.168
1.16808
1.16816
1.16823
1.16831
1.16839
1.16847
1.16855
1.16863
1.16871
1.1688
1.16888
1.16896
1.16905
1.16913
1.16922
1.1693
1.16939
1.16948
1.16956
1.16965
1.16974
1.16983
1.16992
1.17001
1.1701
1.17019
1.17029
1.17038
1.17047
1.17057
1.17066
1.17076
1.17086
1.17095
1.17105
1.17115
1.17125
1.17135
1.17145
1.17155
1.17165
1.17175
1.17185
1.17195
1.17206
1.17216
1.17227
1.17237
1.17248
1.17258
1.17269
1.1728
1.17291
1.17302
1.17313
1.17324
1.17335
1.17346
1.17357
1.17368
1.17379
1.17391
1.17402
1.17414
1.17425
1.17437
1.17448
1.1746
1.17472
1.17484
1.17495
1.17507
1.17519
1.17531
1.17543
1.17555
1.17568
1.1758
1.17592
1.17605
1.17617
1.17629
1.17642
1.17654
1.17667
1.1768
1.17692
1.17705
1.17718
1.17731
1.17744
1.17757
1.1777
1.17783
1.17796
1.17809
1.17822
1.17835
1.17849
1.17862
1.17875
1.17889
1.17902
1.17916
1.17929
1.17943
1.17957
1.1797
1.17984
1.17998
1.18012
1.18026
1.18039
1.18053
1.18067
1.18081
1.18096
1.1811
1.18124
1.18138
1.18152
1.18167
1.18181
1.18195
1.1821
1.18224
1.18238
1.18253
1.18267
1.18282
1.18297
1.18311
1.18326
1.18341
1.18355
1.1837
1.18385
1.184
1.18415
1.18429
1.18444
1.18459
1.18474
1.18489
1.18504
1.18519
1.18534
1.1855
1.18565
1.1858
1.18595
1.1861
1.18626
1.18641
1.18656
1.18671
1.18687
1.18702
1.18718
1.18733
1.18748
1.18764
1.18779
1.18795
1.1881
1.18826
1.18841
1.18857
1.18873
1.18888
1.18904
1.1892
1.18935
1.18951
1.18967
1.18982
1.18998
1.19014
1.1903
1.19045
1.19061
1.19077
1.19093
1.19109
1.19124
1.1914
1.19156
1.19172
1.19188
1.19204
1.1922
1.19236
1.19251
1.19267
1.19283
1.19299
1.19315
1.19331
1.19347
1.19363
1.19379
1.19395
1.19411
1.19427
1.19443
1.19459
1.19475
1.19491
1.19507
1.19523
1.19539
1.19555
1.19572
1.19588
1.19604
1.1962
1.19636
1.19652
1.19668
1.19684
1.197
1.19716
1.19732
1.19748
1.19764
1.1978
1.19797
1.19813
1.19829
1.19845
1.19861
1.19877
1.19893
1.19909
1.19925
1.19941
1.19957
1.19974
1.1999
1.20006
1.20022
1.20038
1.20054
1.2007
1.20086
1.20102
1.20118
1.20134
1.2015
1.20166
1.20182
1.20199
1.20215
1.20231
1.20247
1.20263
1.20279
1.20295
1.20311
1.20327
1.20343
1.20359
1.20375
1.20391
1.20407
1.20423
1.20439
1.20455
1.20471
1.20487
1.20503
1.20519
1.20535
1.20551
1.20567
1.20583
1.20599
1.20615
1.20631
1.20647
1.20663
1.20679
1.20695
1.20711
1.20727
1.20743
1.20759
1.20775
1.20791
1.20807
1.20823
1.20839
1.20855
1.20871
1.20887
1.20903
1.20919
1.20935
1.20951
1.20967
1.20983
1.20999
1.21015
1.21031
1.21047
1.21063
1.21079
1.21095
1.21111
1.21127
1.21143
1.21159
1.21175
1.21191
1.21207
1.21223
1.21239
1.21255
1.21271
1.21287
1.21303
1.21319
1.21335
1.21351
1.21367
1.21383
1.214
1.21416
1.21432
1.21448
1.21464
1.2148
1.21496
1.21512
1.21528
1.21544
1.2156
1.21576
1.21593
1.21609
1.21625
1.21641
1.21657
1.21673
1.21689
1.21706
1.21722
1.21738
1.21754
1.2177
1.21786
1.21803
1.21819
1.21835
1.21851
1.21868
1.21884
1.219
1.21916
1.21933
1.21949
1.21965
1.21981
1.21998
1.22014
1.2203
1.22047
1.22063
1.22079
1.22096
1.22112
1.22128
1.22145
1.22161
1.22178
1.22194
1.2221
1.22227
1.22243
1.2226
1.22276
1.22293
1.22309
1.22326
1.22342
1.22359
1.22375
1.22392
1.22408
1.22425
1.22441
1.22458
1.22474
1.22491
1.22507
1.22524
1.22541
1.22557
1.22574
1.2259
1.22607
1.22624
1.2264
1.22657
1.22673
1.2269
1.22707
1.22723
1.2274
1.22757
1.22773
1.2279
1.22807
1.22824
1.2284
1.22857
1.22874
1.2289
1.22907
1.22924
1.22941
1.22957
1.22974
1.22991
1.23007
1.23024
1.23041
1.23058
1.23074
1.23091
1.23108
1.23125
1.23141
1.23158
1.23175
1.23192
1.23208
1.23225
1.23242
1.23259
1.23275
1.23292
1.23309
1.23326
1.23342
1.23359
1.23376
1.23392
1.23409
1.23426
1.23443
1.23459
1.23476
1.23493
1.23509
1.23526
1.23543
1.23559
1.23576
1.23592
1.23609
1.23626
1.23642
1.23659
1.23675
1.23692
1.23708
1.23725
1.23741
1.23758
1.23774
1.23791
1.23807
1.23824
1.2384
1.23856
1.23873
1.23889
1.23905
1.23922
1.23938
1.23954
1.23971
1.23987
1.24003
1.24019
1.24035
1.24051
1.24067
1.24084
1.241
1.24116
1.24132
1.24148
1.24163
1.24179
1.24195
1.24211
1.24227
1.24243
1.24258
1.24274
1.2429
1.24305
1.24321
1.24337
1.24352
1.24368
1.24383
1.24399
1.24414
1.24429
1.24445
1.2446
1.24475
1.2449
1.24506
1.24521
1.24536
1.24551
1.24566
1.24581
1.24596
1.24611
1.24625
1.2464
1.24655
1.2467
1.24684
1.24699
1.24713
1.24728
1.24742
1.24757
1.24771
1.24785
1.248
1.24814
1.24828
1.24842
1.24856
1.2487
1.24884
1.24898
1.24912
1.24925
1.24939
1.24953
1.24966
1.2498
1.24993
1.25007
1.2502
1.25033
1.25047
1.2506
1.25073
1.25086
1.25099
1.25112
1.25125
1.25138
1.2515
1.25163
1.25176
1.25188
1.25201
1.25213
1.25226
1.25238
1.2525
1.25262
1.25274
1.25287
1.25299
1.2531
1.25322
1.25334
1.25346
1.25357
1.25369
1.2538
1.25392
1.25403
1.25415
1.25426
1.25437
1.25448
1.25459
1.2547
1.25481
1.25492
1.25502
1.25513
1.25524
1.25534
1.25545
1.25555
1.25565
1.25575
1.25586
1.25596
1.25606
1.25616
1.25626
1.25635
1.25645
1.25655
1.25664
1.25674
1.25683
1.25693
1.25702
1.25711
1.2572
1.25729
1.25738
1.25747
1.25756
1.25765
1.25773
1.25782
1.25791
1.25799
1.25807
1.25816
1.25824
1.25832
1.2584
1.25848
1.25856
1.25864
1.25872
1.2588
1.25887
1.25895
1.25903
1.2591
1.25917
1.25925
1.25932
1.25939
1.25946
1.25953
1.2596
1.25967
1.25974
1.25981
1.25987
1.25994
1.26
1.26007
1.26013
1.26019
1.26026
1.26032
1.26038
1.26044
1.2605
1.26056
1.26062
1.26068
1.26073
1.26079
1.26084
1.2609
1.26095
1.26101
1.26106
1.26111
1.26116
1.26122
1.26127
1.26132
1.26136
1.26141
1.26146
1.26151
1.26156
1.2616
1.26165
1.26169
1.26174
1.26178
1.26182
1.26186
1.26191
1.26195
1.26199
1.26203
1.26207
1.26211
1.26214
1.26218
1.26222
1.26226
1.26229
1.26233
1.26236
1.2624
1.26243
1.26246
1.2625
1.26253
1.26256
1.26259
1.26262
1.26265
1.26268
1.26271
1.26274
1.26277
1.2628
1.26282
1.26285
1.26288
1.2629
1.26293
1.26295
1.26298
1.263
1.26303
1.26305
1.26307
1.26309
1.26312
1.26314
1.26316
1.26318
1.2632
1.26322
1.26324
1.26326
1.26327
1.26329
1.26331
1.26333
1.26335
1.26336
1.26338
1.26339
1.26341
1.26343
1.26344
1.26345
1.26347
1.26348
1.2635
1.26351
1.26352
1.26353
1.26355
1.26356
1.26357
1.26358
1.26359
1.2636
1.26361
1.26362
1.26363
1.26364
1.26365
1.26366
1.26367
1.26368
1.26369
1.2637
1.2637
1.26371
1.26372
1.26373
1.26373
1.26374
1.26375
1.26375
1.26376
1.26377
1.26377
1.26378
1.26378
1.26379
1.26379
1.2638
1.2638
1.2638
1.26381
1.26381
1.26382
1.26382
1.26382
1.26383
1.26383
1.26383
1.26384
1.26384
1.26384
1.26384
1.26385
1.26385
1.26385
1.26385
1.26385
1.26386
1.26386
1.26386
1.26386
1.26386
1.26386
1.26386
1.26386
1.26387
1.26387
1.26387
1.26387
1.26387
1.26387
1.26387
1.26387
1.26387
1.26387
1.26387
1.26387
1.26387
1.26387
1.26387
1.26387
1.26387
1.26387
1.26387
1.26387
1.26387
1.26387
1.26386
1.26386
1.26386
1.26386
1.26386
1.26386
1.26386
1.26386
1.26386
1.26386
1.26386
1.26386
1.26385
1.26385
1.26385
1.26385
1.26385
1.26385
1.26385
1.26385
1.26385
1.26384
1.26384
1.26384
1.26384
1.26384
1.26384
1.26384
1.26384
1.26383
1.26383
1.26383
1.26383
1.26383
1.26383
1.26383
1.26383
1.26382
1.26382
1.26382
1.26382
1.26382
1.26382
1.26382
1.26382
1.26381
1.26381
1.26381
1.26381
1.26381
1.26381
1.26381
1.26381
1.26381
1.26381
1.2638
1.2638
1.2638
1.2638
1.2638
1.2638
1.2638
1.2638
1.2638
1.2638
1.2638
1.26379
1.26379
1.26379
1.26379
1.26379
1.26379
1.26379
1.26379
1.26379
1.26379
1.26379
1.26379
1.26379
1.26379
1.26378
1.26378
1.26378
1.26378
1.26378
1.26378
1.26378
1.26378
1.26378
1.26378
1.26378
1.26378
1.26378
1.26378
1.26378
1.26378
1.26378
1.26378
1.26378
1.26378
1.26378
1.26378
1.26378
1.26378
1.26378
1.26378
1.26378
1.26378
1.26378
1.26378
1.26378
1.26378
1.26378
1.26378
1.26378
1.26378
1.26378
1.26378
1.26378
1.26378
1.26378
1.26378
1.26378
1.26378
1.26378
1.26378
1.26378
1.26378
1.26378
1.26378
1.26378
1.26378
1.26378
1.26378
1.26378
1.26378
1.26378
1.26378
1.26378
1.26378
1.26378
1.26378
1.26378
1.26378
1.26378
1.26378
1.26378
1.26378
1.26378
1.26378
1.26378
1.26378
1.26378
1.26378
1.26378
1.26378
1.26378
1.26378
1.26378
1.26378
1.26378
1.26378
1.26378
1.26378
1.26378
1.26378
1.26378
1.26378
1.26378
1.26378
1.26378
1.26378
1.26378
1.26379
1.26379
1.26379
1.26379
1.26379
1.26379
1.26379
1.26379
1.26379
1.26379
1.26379
1.26379
1.26379
1.26379
1.26379
1.26379
1.26379
1.26379
1.26379
1.26379
1.26379
1.26379
1.26379
1.26379
1.26379
1.26379
1.26379
1.26379
1.26379
1.26379
1.26379
1.26379
1.26379
1.26379
1.26379
1.26379
1.26379
1.26379
1.26379
1.26379
1.26379
1.26379
1.26379
1.26379
1.26379
1.26379
1.26379
1.26379
1.26379
1.26379
1.26379
1.26379
1.26379
1.26379
1.26379
1.26379
1.26379
1.26379
1.26379
1.26379
1.26379
1.26379
1.26379
1.26379
1.26379
1.26379
1.26379
1.26379
1.26379
1.26379
1.26379
1.26379
1.26379
1.26379
1.26379
1.26379
1.26379
1.26379
1.26379
1.26379
1.26379
1.26379
1.26379
1.26379
1.26379
1.26379
1.26379
1.26379
1.26379
1.26379
1.26379
1.26379
1.26379
1.26379
1.26379
1.26379
1.26379
1.26378
1.26378
1.26378
1.26378
1.26378
1.26378
1.26378
1.26378
1.26378
1.26378
1.26378
1.26378
1.26378
1.26378
1.26378
1.26378
1.26378
1.26378
1.26378
1.26378
1.26378
1.26378
1.26378
1.26378
1.26378
1.26378
1.26378
1.26378
1.26378
1.26378
1.26378
1.26378
1.26378
1.26378
1.26378
1.26378
1.26378
1.26378
1.26378
1.26378
1.26378
1.26378
1.26378
1.26378
1.26378
1.26378
1.26378
1.26378
1.26378
1.26378
1.26378
1.26378
1.26378
1.26378
1.26378
1.26378
1.26378
1.26378
1.26378
1.26378
1.26378
1.26378
1.26378
1.26378
1.26378
1.26378
1.26378
1.26378
1.26378
1.26378
1.26378
1.26378
1.26378
1.26378
1.26378
1.26378
1.26378
1.26378
1.26378
1.26378
1.26378
1.26378
1.26378
1.26378
1.26378
1.26378
1.26378
1.26378
1.26378
1.26378
1.26378
1.26378
1.26378
1.26378
1.26378
1.26378
1.26378
1.26378
1.26378
1.26378
1.26378
1.26378
1.26378
1.26378
1.26378
1.26378
1.26378
1.26378
1.26378
1.26378
1.26378
1.26378
1.26378
1.26378
1.26378
1.26378
1.26378
1.26378
1.26378
1.26378
1.26378
1.26378
1.26378
1.26378
1.26378
1.26378
1.26378
1.26378
1.26378
1.26378
1.26379
1.26379
1.26379
1.26379
1.26379
1.26379
1.26379
1.26379
1.26379
1.26379
1.26379
1.26379
1.26379
1.26379
1.26379
1.26379
1.26379
1.26379
1.26379
1.26379
1.26379
1.26379
1.26379
1.26379
1.26379
1.26379
1.26379
1.26379
1.26379
1.26379
1.26379
1.26379
1.26379
1.26379
1.26379
1.26379
1.26379
1.26379
1.26379
1.26379
1.26379
1.26379
1.26379
1.26379
1.26379
1.26379
1.26379
1.26379
1.26379
1.26379
1.26379
1.26379
1.26379
1.26379
1.26379
1.26379
1.26379
1.26379
1.26379
1.26379
1.26379
1.26379
1.26379
1.26379
1.26379
1.26379
1.26379
1.26379
1.26379
1.26379
1.26379
1.26379
1.26379
1.26379
1.26379
1.26379
1.26379
1.26379
1.26379
1.26379
1.26379
1.26379
1.26379
1.26379
1.26379
1.26379
1.26379
1.26379
1.26379
1.26379
1.26379
1.26379
1.26379
1.26379
1.26379
1.26379
1.26379
1.26379
1.26379
1.26379
1.26379
1.26379
1.26379
1.26379
1.26379
1.26379
1.26379
1.26379
1.26379
1.26379
1.26379
1.26379
1.26379
1.26379
1.26379
1.26379
1.26379
1.26379
1.26379
1.26379
1.26379
1.26379
1.26379
1.26379
1.26379
1.26379
1.26379
1.26379
1.26379
1.26379
1.26379
1.26379
1.26379
1.26379
1.26379
1.26379
1.26379
1.26379
1.26379
1.26379
1.26379
1.26379
1.26379
1.26379
1.26379
1.26379
1.26379
1.26379
1.26379
1.26379
1.26379
1.26379
1.26379
1.26379
1.26379
1.26379
1.26379
1.26379
1.26379
1.26379
1.26379
1.26379
1.26379
1.2638
1.2638
1.2638
1.2638
1.2638
1.2638
1.2638
1.2638
1.2638
1.2638
1.2638
1.2638
1.2638
1.2638
1.2638
1.2638
1.2638
1.2638
1.2638
1.2638
1.2638
1.2638
1.2638
1.2638
1.2638
1.2638
1.2638
1.2638
1.2638
1.2638
1.2638
1.2638
1.2638
1.2638
1.2638
1.2638
1.2638
1.2638
1.2638
1.2638
1.2638
1.2638
1.2638
1.2638
1.2638
1.2638
1.2638
1.2638
1.2638
1.2638
1.2638
1.2638
1.2638
1.2638
1.2638
1.2638
1.2638
1.2638
1.2638
1.2638
1.2638
1.2638
1.2638
1.2638
1.2638
1.2638
1.2638
1.2638
1.2638
1.2638
1.2638
1.2638
1.2638
1.2638
1.2638
1.2638
1.2638
1.2638
1.2638
1.2638
1.2638
1.26381
1.26381
1.26381
1.26381
1.26381
1.26381
1.26381
1.26381
1.26381
1.26381
1.26381
1.26382
1.26382
1.26382
1.26382
1.26382
1.26382
1.26382
1.26382
1.26383
1.26383
1.26383
1.26383
1.26383
1.26383
1.26384
1.26384
1.26384
1.26384
1.26384
1.26385
1.26385
1.26385
1.26385
1.26386
1.26386
1.26386
1.26386
1.26387
1.26387
1.26387
1.26388
1.26388
1.26388
1.26389
1.26389
1.26389
1.2639
1.2639
1.2639
1.26391
1.26391
1.26392
1.26392
1.26393
1.26393
1.26393
1.26394
1.26394
1.26395
1.26395
1.26396
1.26396
1.26397
1.26398
1.26398
1.26399
1.26399
1.264
1.26401
1.26401
1.26402
1.26403
1.26403
1.26404
1.26405
1.26406
1.26406
1.26407
1.26408
1.26409
1.26409
1.2641
1.26411
1.26412
1.26413
1.26414
1.26415
1.26416
1.26417
1.26418
1.26419
1.2642
1.26421
1.26422
1.26423
1.26424
1.26425
1.26426
1.26427
1.26428
1.2643
1.26431
1.26432
1.26433
1.26435
1.26436
1.26437
1.26439
1.2644
1.26441
1.26443
1.26444
1.26446
1.26447
1.26449
1.2645
1.26452
1.26453
1.26455
1.26456
1.26458
1.2646
1.26461
1.26463
1.26465
1.26466
1.26468
1.2647
1.26472
1.26474
1.26476
1.26478
1.26479
1.26481
1.26483
1.26485
1.26487
1.26489
1.26492
1.26494
1.26496
1.26498
1.265
1.26502
1.26505
1.26507
1.26509
1.26511
1.26514
1.26516
1.26518
1.26521
1.26523
1.26526
1.26528
1.26531
1.26533
1.26536
1.26539
1.26541
1.26544
1.26547
1.26549
1.26552
1.26555
1.26558
1.2656
1.26563
1.26566
1.26569
1.26572
1.26575
1.26578
1.26581
1.26584
1.26587
1.2659
1.26593
1.26596
1.266
1.26603
1.26606
1.26609
1.26612
1.26616
1.26619
1.26622
1.26626
1.26629
1.26633
1.26636
1.2664
1.26643
1.26647
1.2665
1.26654
1.26657
1.26661
1.26665
1.26668
1.26672
1.26676
1.2668
1.26683
1.26687
1.26691
1.26695
1.26699
1.26703
1.26707
1.26711
1.26715
1.26719
1.26723
1.26727
1.26731
1.26735
1.26739
1.26743
1.26747
1.26751
1.26755
1.2676
1.26764
1.26768
1.26772
1.26777
1.26781
1.26785
1.2679
1.26794
1.26798
1.26803
1.26807
1.26812
1.26816
1.26821
1.26825
1.2683
1.26834
1.26839
1.26843
1.26848
1.26852
1.26857
1.26862
1.26866
1.26871
1.26876
1.2688
1.26885
1.2689
1.26894
1.26899
1.26904
1.26909
1.26913
1.26918
1.26923
1.26928
1.26932
1.26937
1.26942
1.26947
1.26952
1.26957
1.26961
1.26966
1.26971
1.26976
1.26981
1.26986
1.26991
1.26996
1.27001
1.27006
1.2701
1.27015
1.2702
1.27025
1.2703
1.27035
1.2704
1.27045
1.2705
1.27055
1.2706
1.27065
1.2707
1.27075
1.2708
1.27085
1.2709
1.27095
1.271
1.27105
1.2711
1.27115
1.2712
1.27124
1.27129
1.27134
1.27139
1.27144
1.27149
1.27154
1.27159
1.27164
1.27169
1.27174
1.27179
1.27184
1.27189
1.27193
1.27198
1.27203
1.27208
1.27213
1.27218
1.27223
1.27228
1.27232
1.27237
1.27242
1.27247
1.27252
1.27256
1.27261
1.27266
1.27271
1.27275
1.2728
1.27285
1.2729
1.27294
1.27299
1.27304
1.27308
1.27313
1.27318
1.27322
1.27327
1.27331
1.27336
1.2734
1.27345
1.2735
1.27354
1.27359
1.27363
1.27367
1.27372
1.27376
1.27381
1.27385
1.2739
1.27394
1.27398
1.27403
1.27407
1.27411
1.27416
1.2742
1.27424
1.27428
1.27433
1.27437
1.27441
1.27445
1.27449
1.27453
1.27457
1.27461
1.27466
1.2747
1.27474
1.27478
1.27482
1.27486
1.27489
1.27493
1.27497
1.27501
1.27505
1.27509
1.27513
1.27516
1.2752
1.27524
1.27528
1.27531
1.27535
1.27539
1.27543
1.27546
1.2755
1.27553
1.27557
1.2756
1.27564
1.27567
1.27571
1.27574
1.27578
1.27581
1.27585
1.27588
1.27591
1.27595
1.27598
1.27601
1.27605
1.27608
1.27611
1.27614
1.27618
1.27621
1.27624
1.27627
1.2763
1.27633
1.27636
1.27639
1.27642
1.27645
1.27648
1.27651
1.27654
1.27657
1.2766
1.27663
1.27666
1.27668
1.27671
1.27674
1.27677
1.2768
1.27682
1.27685
1.27688
1.2769
1.27693
1.27696
1.27698
1.27701
1.27704
1.27706
1.27709
1.27711
1.27714
1.27716
1.27719
1.27721
1.27723
1.27726
1.27728
1.27731
1.27733
1.27735
1.27738
1.2774
1.27742
1.27744
1.27747
1.27749
1.27751
1.27753
1.27756
1.27758
1.2776
1.27762
1.27764
1.27766
1.27768
1.2777
1.27772
1.27774
1.27776
1.27778
1.2778
1.27782
1.27784
1.27786
1.27788
1.2779
1.27792
1.27794
1.27796
1.27798
1.278
1.27801
1.27803
1.27805
1.27807
1.27809
1.2781
1.27812
1.27814
1.27816
1.27817
1.27819
1.27821
1.27822
1.27824
1.27826
1.27827
1.27829
1.27831
1.27832
1.27834
1.27836
1.27837
1.27839
1.2784
1.27842
1.27843
1.27845
1.27847
1.27848
1.2785
1.27851
1.27853
1.27854
1.27856
1.27857
1.27858
1.2786
1.27861
1.27863
1.27864
1.27866
1.27867
1.27869
1.2787
1.27871
1.27873
1.27874
1.27875
1.27877
1.27878
1.2788
1.27881
1.27882
1.27884
1.27885
1.27886
1.27888
1.27889
1.2789
1.27892
1.27893
1.27894
1.27896
1.27897
1.27898
1.27899
1.27901
1.27902
1.27903
1.27904
1.27906
1.27907
1.27908
1.2791
1.27911
1.27912
1.27913
1.27915
1.27916
1.27917
1.27918
1.2792
1.27921
1.27922
1.27923
1.27925
1.27926
1.27927
1.27928
1.27929
1.27931
1.27932
1.27933
1.27934
1.27936
1.27937
1.27938
1.27939
1.2794
1.27942
1.27943
1.27944
1.27945
1.27947
1.27948
1.27949
1.2795
1.27952
1.27953
1.27954
1.27955
1.27956
1.27958
1.27959
1.2796
1.27961
1.27963
1.27964
1.27965
1.27966
1.27968
1.27969
1.2797
1.27972
1.27973
1.27974
1.27975
1.27977
1.27978
1.27979
1.2798
1.27982
1.27983
1.27984
1.27986
1.27987
1.27988
1.2799
1.27991
1.27992
1.27994
1.27995
1.27996
1.27998
1.27999
1.28
1.28002
1.28003
1.28004
1.28006
1.28007
1.28009
1.2801
1.28011
1.28013
1.28014
1.28016
1.28017
1.28019
1.2802
1.28021
1.28023
1.28024
1.28026
1.28027
1.28029
1.2803
1.28032
1.28033
1.28035
1.28036
1.28038
1.2804
1.28041
1.28043
1.28044
1.28046
1.28047
1.28049
1.28051
1.28052
1.28054
1.28056
1.28057
1.28059
1.28061
1.28062
1.28064
1.28066
1.28067
1.28069
1.28071
1.28073
1.28074
1.28076
1.28078
1.2808
1.28082
1.28084
1.28085
1.28087
1.28089
1.28091
1.28093
1.28095
1.28097
1.28099
1.28101
1.28103
1.28105
1.28107
1.28109
1.28111
1.28113
1.28115
1.28117
1.28119
1.28121
1.28123
1.28125
1.28127
1.2813
1.28132
1.28134
1.28136
1.28139
1.28141
1.28143
1.28145
1.28148
1.2815
1.28152
1.28155
1.28157
1.28159
1.28162
1.28164
1.28167
1.28169
1.28172
1.28174
1.28177
1.28179
1.28182
1.28184
1.28187
1.2819
1.28192
1.28195
1.28198
1.282
1.28203
1.28206
1.28209
1.28212
1.28214
1.28217
1.2822
1.28223
1.28226
1.28229
1.28232
1.28235
1.28238
1.28241
1.28244
1.28247
1.2825
1.28253
1.28256
1.28259
1.28262
1.28266
1.28269
1.28272
1.28275
1.28279
1.28282
1.28285
1.28289
1.28292
1.28296
1.28299
1.28302
1.28306
1.28309
1.28313
1.28317
1.2832
1.28324
1.28327
1.28331
1.28335
1.28338
1.28342
1.28346
1.2835
1.28354
1.28357
1.28361
1.28365
1.28369
1.28373
1.28377
1.28381
1.28385
1.28389
1.28393
1.28397
1.28401
1.28405
1.2841
1.28414
1.28418
1.28422
1.28427
1.28431
1.28435
1.2844
1.28444
1.28448
1.28453
1.28457
1.28462
1.28466
1.28471
1.28475
1.2848
1.28485
1.28489
1.28494
1.28499
1.28503
1.28508
1.28513
1.28517
1.28522
1.28527
1.28532
1.28537
1.28542
1.28547
1.28552
1.28557
1.28562
1.28567
1.28572
1.28577
1.28582
1.28587
1.28592
1.28597
1.28602
1.28608
1.28613
1.28618
1.28623
1.28629
1.28634
1.28639
1.28645
1.2865
1.28656
1.28661
1.28666
1.28672
1.28677
1.28683
1.28688
1.28694
1.28699
1.28705
1.28711
1.28716
1.28722
1.28728
1.28733
1.28739
1.28745
1.2875
1.28756
1.28762
1.28768
1.28773
1.28779
1.28785
1.28791
1.28797
1.28803
1.28809
1.28814
1.2882
1.28826
1.28832
1.28838
1.28844
1.2885
1.28856
1.28862
1.28868
1.28874
1.2888
1.28886
1.28892
1.28898
1.28904
1.28911
1.28917
1.28923
1.28929
1.28935
1.28941
1.28947
1.28953
1.2896
1.28966
1.28972
1.28978
1.28984
1.2899
1.28997
1.29003
1.29009
1.29015
1.29022
1.29028
1.29034
1.2904
1.29046
1.29053
1.29059
1.29065
1.29071
1.29078
1.29084
1.2909
1.29096
1.29103
1.29109
1.29115
1.29121
1.29128
1.29134
1.2914
1.29146
1.29153
1.29159
1.29165
1.29171
1.29178
1.29184
1.2919
1.29196
1.29202
1.29209
1.29215
1.29221
1.29227
1.29234
1.2924
1.29246
1.29252
1.29258
1.29264
1.29271
1.29277
1.29283
1.29289
1.29295
1.29301
1.29307
1.29314
1.2932
1.29326
1.29332
1.29338
1.29344
1.2935
1.29356
1.29362
1.29368
1.29374
1.2938
1.29386
1.29392
1.29398
1.29404
1.2941
1.29416
1.29422
1.29428
1.29434
1.2944
1.29446
1.29452
1.29458
1.29463
1.29469
1.29475
1.29481
1.29487
1.29493
1.29498
1.29504
1.2951
1.29516
1.29521
1.29527
1.29533
1.29539
1.29544
1.2955
1.29556
1.29561
1.29567
1.29573
1.29578
1.29584
1.2959
1.29595
1.29601
1.29607
1.29612
1.29618
1.29623
1.29629
1.29634
1.2964
1.29645
1.29651
1.29656
1.29662
1.29667
1.29673
1.29678
1.29684
1.29689
1.29695
1.297
1.29705
1.29711
1.29716
1.29722
1.29727
1.29733
1.29738
1.29743
1.29749
1.29754
1.29759
1.29765
1.2977
1.29775
1.29781
1.29786
1.29791
1.29797
1.29802
1.29807
1.29813
1.29818
1.29823
1.29829
1.29834
1.29839
1.29845
1.2985
1.29855
1.29861
1.29866
1.29871
1.29877
1.29882
1.29887
1.29893
1.29898
1.29903
1.29909
1.29914
1.29919
1.29925
1.2993
1.29935
1.29941
1.29946
1.29952
1.29957
1.29962
1.29968
1.29973
1.29979
1.29984
1.2999
1.29995
1.30001
1.30006
1.30012
1.30017
1.30023
1.30028
1.30034
1.30039
1.30045
1.30051
1.30056
1.30062
1.30068
1.30073
1.30079
1.30085
1.30091
1.30096
1.30102
1.30108
1.30114
1.3012
1.30126
1.30131
1.30137
1.30143
1.30149
1.30155
1.30161
1.30168
1.30174
1.3018
1.30186
1.30192
1.30198
1.30205
1.30211
1.30217
1.30224
1.3023
1.30236
1.30243
1.30249
1.30256
1.30262
1.30269
1.30276
1.30282
1.30289
1.30296
1.30303
1.3031
1.30316
1.30323
1.3033
1.30337
1.30344
1.30351
1.30359
1.30366
1.30373
1.3038
1.30387
1.30395
1.30402
1.3041
1.30417
1.30425
1.30432
1.3044
1.30448
1.30455
1.30463
1.30471
1.30479
1.30487
1.30495
1.30503
1.30511
1.30519
1.30528
1.30536
1.30544
1.30553
1.30561
1.3057
1.30578
1.30587
1.30595
1.30604
1.30613
1.30622
1.30631
1.3064
1.30649
1.30658
1.30667
1.30676
1.30686
1.30695
1.30705
1.30714
1.30724
1.30733
1.30743
1.30753
1.30763
1.30773
1.30783
1.30793
1.30803
1.30813
1.30823
1.30833
1.30844
1.30854
1.30865
1.30875
1.30886
1.30897
1.30908
1.30919
1.3093
1.30941
1.30952
1.30963
1.30974
1.30986
1.30997
1.31009
1.3102
1.31032
1.31044
1.31055
1.31067
1.31079
1.31091
1.31103
1.31116
1.31128
1.3114
1.31153
1.31165
1.31178
1.31191
1.31203
1.31216
1.31229
1.31242
1.31255
1.31269
1.31282
1.31295
1.31309
1.31322
1.31336
1.3135
1.31363
1.31377
1.31391
1.31405
1.31419
1.31434
1.31448
1.31462
1.31477
1.31491
1.31506
1.31521
1.31536
1.31551
1.31566
1.31581
1.31596
1.31611
1.31627
1.31642
1.31658
1.31673
1.31689
1.31705
1.31721
1.31737
1.31753
1.31769
1.31786
1.31802
1.31819
1.31835
1.31852
1.31869
1.31886
1.31903
1.3192
1.31937
1.31954
1.31971
1.31989
1.32007
1.32024
1.32042
1.3206
1.32078
1.32096
1.32114
1.32132
1.3215
1.32169
1.32187
1.32206
1.32225
1.32244
1.32263
1.32282
1.32301
1.3232
1.32339
1.32359
1.32378
1.32398
1.32418
1.32437
1.32457
1.32477
1.32498
1.32518
1.32538
1.32559
1.32579
1.326
1.32621
1.32641
1.32662
1.32683
1.32705
1.32726
1.32747
1.32769
1.3279
1.32812
1.32834
1.32856
1.32878
1.329
1.32922
1.32944
1.32967
1.32989
1.33012
1.33035
1.33058
1.33081
1.33104
1.33127
1.3315
1.33173
1.33197
1.3322
1.33244
1.33268
1.33292
1.33316
1.3334
1.33364
1.33388
1.33413
1.33437
1.33462
1.33487
1.33512
1.33537
1.33562
1.33587
1.33612
1.33638
1.33663
1.33689
1.33714
1.3374
1.33766
1.33792
1.33818
1.33845
1.33871
1.33897
1.33924
1.33951
1.33977
1.34004
1.34031
1.34058
1.34086
1.34113
1.3414
1.34168
1.34195
1.34223
1.34251
1.34279
1.34307
1.34335
1.34363
1.34392
1.3442
1.34449
1.34477
1.34506
1.34535
1.34564
1.34593
1.34622
1.34651
1.34681
1.3471
1.3474
1.34769
1.34799
1.34829
1.34859
1.34889
1.34919
1.34949
1.3498
1.3501
1.35041
1.35071
1.35102
1.35133
1.35164
1.35195
1.35226
1.35257
1.35288
1.3532
1.35351
1.35383
1.35415
1.35446
1.35478
1.3551
1.35542
1.35574
1.35607
1.35639
1.35671
1.35704
1.35736
1.35769
1.35802
1.35834
1.35867
1.359
1.35933
1.35966
1.36
1.36033
1.36066
1.361
1.36133
1.36167
1.362
1.36234
1.36268
1.36302
1.36336
1.3637
1.36404
1.36438
1.36472
1.36506
1.36541
1.36575
1.3661
1.36644
1.36679
1.36714
1.36748
1.36783
1.36818
1.36853
1.36888
1.36923
1.36958
1.36993
1.37028
1.37064
1.37099
1.37134
1.3717
1.37205
1.37241
1.37276
1.37312
1.37347
1.37383
1.37419
1.37454
1.3749
1.37526
1.37562
1.37598
1.37634
1.37669
1.37705
1.37741
1.37777
1.37814
1.3785
1.37886
1.37922
1.37958
1.37994
1.3803
1.38067
1.38103
1.38139
1.38175
1.38212
1.38248
1.38284
1.3832
1.38357
1.38393
1.38429
1.38466
1.38502
1.38538
1.38575
1.38611
1.38647
1.38684
1.3872
1.38756
1.38793
1.38829
1.38865
1.38901
1.38938
1.38974
1.3901
1.39046
1.39083
1.39119
1.39155
1.39191
1.39227
1.39263
1.39299
1.39335
1.39371
1.39407
1.39443
1.39479
1.39514
1.3955
1.39586
1.39622
1.39657
1.39693
1.39728
1.39764
1.39799
1.39835
1.3987
1.39905
1.39941
1.39976
1.40011
1.40046
1.40081
1.40116
1.40151
1.40186
1.40221
1.40255
1.4029
1.40324
1.40359
1.40393
1.40428
1.40462
1.40496
1.4053
1.40564
1.40598
1.40632
1.40666
1.40699
1.40733
1.40766
1.408
1.40833
1.40866
1.409
1.40933
1.40966
1.40998
1.41031
1.41064
1.41096
1.41129
1.41161
1.41193
1.41226
1.41258
1.41289
1.41321
1.41353
1.41385
1.41416
1.41447
1.41479
1.4151
1.41541
1.41572
1.41602
1.41633
1.41664
1.41694
1.41724
1.41754
1.41784
1.41814
1.41844
1.41874
1.41903
1.41933
1.41962
1.41991
1.4202
1.42049
1.42077
1.42106
1.42134
1.42163
1.42191
1.42219
1.42247
1.42274
1.42302
1.42329
1.42357
1.42384
1.42411
1.42438
1.42465
1.42491
1.42518
1.42544
1.4257
1.42596
1.42622
1.42647
1.42673
1.42698
1.42723
1.42749
1.42773
1.42798
1.42823
1.42847
1.42872
1.42896
1.4292
1.42943
1.42967
1.42991
1.43014
1.43037
1.4306
1.43083
1.43106
1.43128
1.43151
1.43173
1.43195
1.43217
1.43239
1.4326
1.43282
1.43303
1.43324
1.43345
1.43366
1.43386
1.43407
1.43427
1.43447
1.43467
1.43487
1.43507
1.43526
1.43545
1.43564
1.43583
1.43602
1.43621
1.43639
1.43658
1.43676
1.43694
1.43712
1.4373
1.43747
1.43764
1.43782
1.43799
1.43816
1.43832
1.43849
1.43865
1.43882
1.43898
1.43914
1.4393
1.43945
1.43961
1.43976
1.43991
1.44006
1.44021
1.44036
1.4405
1.44065
1.44079
1.44093
1.44107
1.44121
1.44134
1.44148
1.44161
1.44174
1.44187
1.442
1.44213
1.44225
1.44238
1.4425
1.44262
1.44274
1.44286
1.44298
1.44309
1.44321
1.44332
1.44343
1.44354
1.44365
1.44376
1.44386
1.44397
1.44407
1.44417
1.44427
1.44437
1.44447
1.44457
1.44466
1.44476
1.44485
1.44494
1.44503
1.44512
1.44521
1.44529
1.44538
1.44546
1.44554
1.44563
1.44571
1.44578
1.44586
1.44594
1.44601
1.44609
1.44616
1.44623
1.4463
1.44637
1.44644
1.44651
1.44658
1.44664
1.4467
1.44677
1.44683
1.44689
1.44695
1.44701
1.44707
1.44712
1.44718
1.44723
1.44729
1.44734
1.44739
1.44744
1.44749
1.44754
1.44759
1.44764
1.44768
1.44773
1.44777
1.44782
1.44786
1.4479
1.44794
1.44798
1.44802
1.44806
1.4481
1.44814
1.44817
1.44821
1.44824
1.44828
1.44831
1.44834
1.44837
1.4484
1.44843
1.44846
1.44849
1.44852
1.44855
1.44857
1.4486
1.44863
1.44865
1.44868
1.4487
1.44872
1.44874
1.44877
1.44879
1.44881
1.44883
1.44885
1.44887
1.44888
1.4489
1.44892
1.44894
1.44895
1.44897
1.44898
1.449
1.44901
1.44903
1.44904
1.44905
1.44907
1.44908
1.44909
1.4491
1.44911
1.44912
1.44913
1.44914
1.44915
1.44916
1.44917
1.44918
1.44919
1.44919
1.4492
1.44921
1.44921
1.44922
1.44923
1.44923
1.44924
1.44924
1.44925
1.44925
1.44926
1.44926
1.44927
1.44927
1.44927
1.44928
1.44928
1.44928
1.44928
1.44929
1.44929
1.44929
1.44929
1.44929
1.44929
1.44929
1.4493
1.4493
1.4493
1.4493
1.4493
1.4493
1.4493
1.4493
1.4493
1.4493
1.4493
1.4493
1.4493
1.4493
1.44929
1.44929
1.44929
1.44929
1.44929
1.44929
1.44929
1.44929
1.44928
1.44928
1.44928
1.44928
1.44928
1.44928
1.44927
1.44927
1.44927
1.44927
1.44927
1.44926
1.44926
1.44926
1.44926
1.44925
1.44925
1.44925
1.44925
1.44925
1.44924
1.44924
1.44924
1.44924
1.44923
1.44923
1.44923
1.44923
1.44922
1.44922
1.44922
1.44922
1.44922
1.44921
1.44921
1.44921
1.44921
1.4492
1.4492
1.4492
1.4492
1.4492
1.44919
1.44919
1.44919
1.44919
1.44919
1.44918
1.44918
1.44918
1.44918
1.44918
1.44917
1.44917
1.44917
1.44917
1.44917
1.44917
1.44916
1.44916
1.44916
1.44916
1.44916
1.44916
1.44916
1.44916
1.44915
1.44915
1.44915
1.44915
1.44915
1.44915
1.44915
1.44915
1.44915
1.44914
1.44914
1.44914
1.44914
1.44914
1.44914
1.44914
1.44914
1.44914
1.44914
1.44914
1.44914
1.44914
1.44914
1.44914
1.44914
1.44914
1.44914
1.44914
1.44914
1.44914
1.44914
1.44914
1.44914
1.44914
1.44914
1.44914
1.44914
1.44914
1.44914
1.44914
1.44914
1.44914
1.44914
1.44914
1.44914
1.44914
1.44914
1.44914
1.44914
1.44914
1.44914
1.44914
1.44914
1.44914
1.44914
1.44914
1.44914
1.44914
1.44914
1.44914
1.44914
1.44915
1.44915
1.44915
1.44915
1.44915
1.44915
1.44915
1.44915
1.44915
1.44915
1.44915
1.44915
1.44915
1.44915
1.44915
1.44916
1.44916
1.44916
1.44916
1.44916
1.44916
1.44916
1.44916
1.44916
1.44916
1.44916
1.44916
1.44916
1.44917
1.44917
1.44917
1.44917
1.44917
1.44917
1.44917
1.44917
1.44917
1.44917
1.44917
1.44917
1.44917
1.44917
1.44917
1.44918
1.44918
1.44918
1.44918
1.44918
1.44918
1.44918
1.44918
1.44918
1.44918
1.44918
1.44918
1.44918
1.44918
1.44918
1.44918
1.44918
1.44918
1.44918
1.44918
1.44918
1.44918
1.44919
1.44919
1.44919
1.44919
1.44919
1.44919
1.44919
1.44919
1.44919
1.44919
1.44919
1.44919
1.44919
1.44919
1.44919
1.44919
1.44919
1.44919
1.44919
1.44919
1.44919
1.44919
1.44919
1.44919
1.44919
1.44919
1.44919
1.44919
1.44919
1.44919
1.44919
1.44919
1.44919
1.44919
1.44919
1.44919
1.44919
1.44919
1.44919
1.44919
1.44919
1.44919
1.44919
1.44919
1.44919
1.44919
1.44919
1.44919
1.44919
1.44919
1.44919
1.44919
1.44919
1.44919
1.44919
1.44919
1.44919
1.44919
1.44919
1.44919
1.44919
1.44919
1.44919
1.44919
1.44919
1.44919
1.44919
1.44919
1.44919
1.44919
1.44919
1.44919
1.44919
1.44919
1.44919
1.44919
1.44919
1.44919
1.44919
1.44919
1.44919
1.44919
1.44919
1.44919
1.4492
1.4492
1.4492
1.4492
1.4492
1.4492
1.4492
1.4492
1.4492
1.4492
1.44921
1.44921
1.44921
1.44921
1.44921
1.44921
1.44922
1.44922
1.44922
1.44922
1.44922
1.44922
1.44923
1.44923
1.44923
1.44923
1.44924
1.44924
1.44924
1.44925
1.44925
1.44925
1.44925
1.44926
1.44926
1.44926
1.44927
1.44927
1.44928
1.44928
1.44928
1.44929
1.44929
1.4493
1.4493
1.44931
1.44931
1.44932
1.44932
1.44933
1.44933
1.44934
1.44934
1.44935
1.44936
1.44936
1.44937
1.44938
1.44938
1.44939
1.4494
1.4494
1.44941
1.44942
1.44943
1.44944
1.44944
1.44945
1.44946
1.44947
1.44948
1.44949
1.4495
1.44951
1.44952
1.44953
1.44954
1.44955
1.44956
1.44957
1.44958
1.44959
1.4496
1.44962
1.44963
1.44964
1.44965
1.44967
1.44968
1.44969
1.44971
1.44972
1.44973
1.44975
1.44976
1.44978
1.44979
1.44981
1.44983
1.44984
1.44986
1.44988
1.44989
1.44991
1.44993
1.44995
1.44996
1.44998
1.45
1.45002
1.45004
1.45006
1.45008
1.4501
1.45012
1.45014
1.45016
1.45019
1.45021
1.45023
1.45025
1.45028
1.4503
1.45033
1.45035
1.45038
1.4504
1.45043
1.45045
1.45048
1.4505
1.45053
1.45056
1.45059
1.45062
1.45064
1.45067
1.4507
1.45073
1.45076
1.45079
1.45082
1.45086
1.45089
1.45092
1.45095
1.45099
1.45102
1.45105
1.45109
1.45112
1.45116
1.4512
1.45123
1.45127
1.45131
1.45134
1.45138
1.45142
1.45146
1.4515
1.45154
1.45158
1.45162
1.45166
1.4517
1.45175
1.45179
1.45183
1.45188
1.45192
1.45196
1.45201
1.45206
1.4521
1.45215
1.4522
1.45224
1.45229
1.45234
1.45239
1.45244
1.45249
1.45254
1.45259
1.45265
1.4527
1.45275
1.4528
1.45286
1.45291
1.45297
1.45302
1.45308
1.45314
1.45319
1.45325
1.45331
1.45337
1.45343
1.45349
1.45355
1.45361
1.45367
1.45373
1.4538
1.45386
1.45392
1.45399
1.45405
1.45412
1.45418
1.45425
1.45432
1.45438
1.45445
1.45452
1.45459
1.45466
1.45473
1.4548
1.45487
1.45495
1.45502
1.45509
1.45517
1.45524
1.45531
1.45539
1.45547
1.45554
1.45562
1.4557
1.45578
1.45585
1.45593
1.45601
1.45609
1.45618
1.45626
1.45634
1.45642
1.45651
1.45659
1.45667
1.45676
1.45684
1.45693
1.45702
1.4571
1.45719
1.45728
1.45737
1.45746
1.45755
1.45764
1.45773
1.45782
1.45792
1.45801
1.4581
1.45819
1.45829
1.45838
1.45848
1.45858
1.45867
1.45877
1.45887
1.45896
1.45906
1.45916
1.45926
1.45936
1.45946
1.45956
1.45967
1.45977
1.45987
1.45997
1.46008
1.46018
1.46029
1.46039
1.4605
1.4606
1.46071
1.46082
1.46093
1.46103
1.46114
1.46125
1.46136
1.46147
1.46158
1.46169
1.4618
1.46192
1.46203
1.46214
1.46225
1.46237
1.46248
1.4626
1.46271
1.46283
1.46294
1.46306
1.46318
1.46329
1.46341
1.46353
1.46365
1.46377
1.46388
1.464
1.46412
1.46424
1.46437
1.46449
1.46461
1.46473
1.46485
1.46497
1.4651
1.46522
1.46534
1.46547
1.46559
1.46571
1.46584
1.46596
1.46609
1.46622
1.46634
1.46647
1.46659
1.46672
1.46685
1.46698
1.4671
1.46723
1.46736
1.46749
1.46762
1.46775
1.46787
1.468
1.46813
1.46826
1.46839
1.46852
1.46865
1.46878
1.46891
1.46905
1.46918
1.46931
1.46944
1.46957
1.4697
1.46983
1.46997
1.4701
1.47023
1.47036
1.4705
1.47063
1.47076
1.47089
1.47103
1.47116
1.47129
1.47143
1.47156
1.47169
1.47183
1.47196
1.47209
1.47223
1.47236
1.47249
1.47263
1.47276
1.47289
1.47303
1.47316
1.47329
1.47343
1.47356
1.47369
1.47383
1.47396
1.47409
1.47423
1.47436
1.47449
1.47463
1.47476
1.47489
1.47502
1.47516
1.47529
1.47542
1.47555
1.47568
1.47582
1.47595
1.47608
1.47621
1.47634
1.47647
1.4766
1.47673
1.47686
1.47699
1.47712
1.47725
1.47738
1.47751
1.47764
1.47777
1.47789
1.47802
1.47815
1.47828
1.47841
1.47853
1.47866
1.47878
1.47891
1.47904
1.47916
1.47929
1.47941
1.47954
1.47966
1.47978
1.47991
1.48003
1.48015
1.48027
1.48039
1.48052
1.48064
1.48076
1.48088
1.481
1.48112
1.48123
1.48135
1.48147
1.48159
1.48171
1.48182
1.48194
1.48205
1.48217
1.48228
1.4824
1.48251
1.48262
1.48274
1.48285
1.48296
1.48307
1.48318
1.48329
1.4834
1.48351
1.48362
1.48373
1.48383
1.48394
1.48405
1.48415
1.48426
1.48436
1.48447
1.48457
1.48467
1.48477
1.48488
1.48498
1.48508
1.48518
1.48528
1.48538
1.48547
1.48557
1.48567
1.48576
1.48586
1.48595
1.48605
1.48614
1.48623
1.48633
1.48642
1.48651
1.4866
1.48669
1.48678
1.48687
1.48696
1.48704
1.48713
1.48722
1.4873
1.48738
1.48747
1.48755
1.48763
1.48772
1.4878
1.48788
1.48796
1.48804
1.48812
1.48819
1.48827
1.48835
1.48842
1.4885
1.48857
1.48865
1.48872
1.48879
1.48886
1.48894
1.48901
1.48908
1.48914
1.48921
1.48928
1.48935
1.48941
1.48948
1.48955
1.48961
1.48967
1.48974
1.4898
1.48986
1.48992
1.48998
1.49004
1.4901
1.49016
1.49022
1.49028
1.49033
1.49039
1.49044
1.4905
1.49055
1.4906
1.49066
1.49071
1.49076
1.49081
1.49086
1.49091
1.49096
1.49101
1.49106
1.4911
1.49115
1.4912
1.49124
1.49128
1.49133
1.49137
1.49142
1.49146
1.4915
1.49154
1.49158
1.49162
1.49166
1.4917
1.49174
1.49177
1.49181
1.49185
1.49188
1.49192
1.49195
1.49199
1.49202
1.49206
1.49209
1.49212
1.49215
1.49218
1.49221
1.49225
1.49227
1.4923
1.49233
1.49236
1.49239
1.49242
1.49244
1.49247
1.4925
1.49252
1.49255
1.49257
1.49259
1.49262
1.49264
1.49266
1.49269
1.49271
1.49273
1.49275
1.49277
1.49279
1.49281
1.49283
1.49285
1.49287
1.49289
1.49291
1.49292
1.49294
1.49296
1.49297
1.49299
1.49301
1.49302
1.49304
1.49305
1.49307
1.49308
1.49309
1.49311
1.49312
1.49313
1.49315
1.49316
1.49317
1.49318
1.49319
1.4932
1.49321
1.49322
1.49324
1.49325
1.49326
1.49326
1.49327
1.49328
1.49329
1.4933
1.49331
1.49332
1.49332
1.49333
1.49334
1.49335
1.49335
1.49336
1.49337
1.49337
1.49338
1.49339
1.49339
1.4934
1.4934
1.49341
1.49341
1.49342
1.49342
1.49343
1.49343
1.49344
1.49344
1.49344
1.49345
1.49345
1.49346
1.49346
1.49346
1.49347
1.49347
1.49347
1.49347
1.49348
1.49348
1.49348
1.49348
1.49349
1.49349
1.49349
1.49349
1.49349
1.4935
1.4935
1.4935
1.4935
1.4935
1.4935
1.49351
1.49351
1.49351
1.49351
1.49351
1.49351
1.49351
1.49351
1.49351
1.49351
1.49351
1.49352
1.49352
1.49352
1.49352
1.49352
1.49352
1.49352
1.49352
1.49352
1.49352
1.49352
1.49352
1.49352
1.49352
1.49352
1.49352
1.49352
1.49352
1.49352
1.49352
1.49352
1.49352
1.49352
1.49352
1.49352
1.49352
1.49352
1.49352
1.49352
1.49352
1.49352
1.49352
1.49352
1.49352
1.49352
1.49352
1.49352
1.49352
1.49352
1.49352
1.49352
1.49351
1.49351
1.49351
1.49351
1.49351
1.49351
1.49351
1.49351
1.49351
1.49351
1.49351
1.49351
1.49351
1.49351
1.49351
1.49351
1.49351
1.49351
1.49351
1.49351
1.49351
1.49351
1.49351
1.49351
1.49351
1.49351
1.49351
1.49351
1.49351
1.49351
1.49351
1.49351
1.49351
1.49351
1.49351
1.49351
1.49351
1.49351
1.49351
1.49351
1.49351
1.49351
1.49351
1.49351
1.49351
1.49351
1.49351
1.49351
1.49351
1.49351
1.49351
1.49351
1.49351
1.49351
1.49351
1.49351
1.49351
1.49351
1.49351
1.49351
1.49351
1.49351
1.49351
1.49352
1.49352
1.49352
1.49352
1.49352
1.49352
1.49352
1.49352
1.49352
1.49352
1.49352
1.49352
1.49352
1.49352
1.49352
1.49352
1.49353
1.49353
1.49353
1.49353
1.49353
1.49353
1.49353
1.49353
1.49353
1.49353
1.49353
1.49354
1.49354
1.49354
1.49354
1.49354
1.49354
1.49354
1.49354
1.49354
1.49355
1.49355
1.49355
1.49355
1.49355
1.49355
1.49355
1.49355
1.49356
1.49356
1.49356
1.49356
1.49356
1.49356
1.49356
1.49357
1.49357
1.49357
1.49357
1.49357
1.49357
1.49358
1.49358
1.49358
1.49358
1.49358
1.49358
1.49359
1.49359
1.49359
1.49359
1.49359
1.49359
1.4936
1.4936
1.4936
1.4936
1.4936
1.49361
1.49361
1.49361
1.49361
1.49361
1.49362
1.49362
1.49362
1.49362
1.49363
1.49363
1.49363
1.49363
1.49363
1.49364
1.49364
1.49364
1.49364
1.49365
1.49365
1.49365
1.49365
1.49366
1.49366
1.49366
1.49366
1.49367
1.49367
1.49367
1.49367
1.49368
1.49368
1.49368
1.49368
1.49369
1.49369
1.49369
1.4937
1.4937
1.4937
1.4937
1.49371
1.49371
1.49371
1.49371
1.49372
1.49372
1.49372
1.49373
1.49373
1.49373
1.49373
1.49374
1.49374
1.49374
1.49375
1.49375
1.49375
1.49376
1.49376
1.49376
1.49376
1.49377
1.49377
1.49377
1.49378
1.49378
1.49378
1.49379
1.49379
1.49379
1.49379
1.4938
1.4938
1.4938
1.49381
1.49381
1.49381
1.49382
1.49382
1.49382
1.49382
1.49383
1.49383
1.49383
1.49384
1.49384
1.49384
1.49385
1.49385
1.49385
1.49386
1.49386
1.49386
1.49386
1.49387
1.49387
1.49387
1.49388
1.49388
1.49388
1.49389
1.49389
1.49389
1.49389
1.4939
1.4939
1.4939
1.49391
1.49391
1.49391
1.49391
1.49392
1.49392
1.49392
1.49393
1.49393
1.49393
1.49393
1.49394
1.49394
1.49394
1.49395
1.49395
1.49395
1.49395
1.49396
1.49396
1.49396
1.49396
1.49397
1.49397
1.49397
1.49398
1.49398
1.49398
1.49398
1.49399
1.49399
1.49399
1.49399
1.494
1.494
1.494
1.494
1.49401
1.49401
1.49401
1.49401
1.49401
1.49402
1.49402
1.49402
1.49402
1.49403
1.49403
1.49403
1.49403
1.49404
1.49404
1.49404
1.49404
1.49404
1.49405
1.49405
1.49405
1.49405
1.49405
1.49406
1.49406
1.49406
1.49406
1.49406
1.49407
1.49407
1.49407
1.49407
1.49407
1.49408
1.49408
1.49408
1.49408
1.49408
1.49409
1.49409
1.49409
1.49409
1.49409
1.49409
1.4941
1.4941
1.4941
1.4941
1.4941
1.4941
1.49411
1.49411
1.49411
1.49411
1.49411
1.49411
1.49412
1.49412
1.49412
1.49412
1.49412
1.49412
1.49412
1.49413
1.49413
1.49413
1.49413
1.49413
1.49413
1.49413
1.49414
1.49414
1.49414
1.49414
1.49414
1.49414
1.49414
1.49414
1.49415
1.49415
1.49415
1.49415
1.49415
1.49415
1.49415
1.49415
1.49416
1.49416
1.49416
1.49416
1.49416
1.49416
1.49416
1.49416
1.49416
1.49417
1.49417
1.49417
1.49417
1.49417
1.49417
1.49417
1.49417
1.49417
1.49417
1.49418
1.49418
1.49418
1.49418
1.49418
1.49418
1.49418
1.49418
1.49418
1.49418
1.49418
1.49419
1.49419
1.49419
1.49419
1.49419
1.49419
1.49419
1.49419
1.49419
1.49419
1.49419
1.49419
1.49419
1.49419
1.4942
1.4942
1.4942
1.4942
1.4942
1.4942
1.4942
1.4942
1.4942
1.4942
1.4942
1.4942
1.4942
1.4942
1.4942
1.4942
1.4942
1.4942
1.4942
1.49421
1.49421
1.49421
1.49421
1.49421
1.49421
1.49421
1.49421
1.49421
1.49421
1.49421
1.49421
1.49421
1.49421
1.49421
1.49421
1.49421
1.49421
1.49421
1.49421
1.49421
1.49421
1.49421
1.49421
1.49421
1.49421
1.49421
1.49421
1.49421
1.49421
1.49421
1.49421
1.49421
1.49421
1.49421
1.49421
1.49421
1.49421
1.49421
1.49421
1.49421
1.49421
1.49421
1.49421
1.49421
1.49421
1.49421
1.49421
1.49421
1.49421
1.49421
1.49421
1.49421
1.49421
1.49421
1.49421
1.49421
1.4942
1.4942
1.4942
1.4942
1.4942
1.4942
1.4942
1.4942
1.4942
1.4942
1.4942
1.4942
1.4942
1.4942
1.4942
1.4942
1.4942
1.4942
1.4942
1.4942
1.4942
1.4942
1.4942
1.4942
1.49419
1.49419
1.49419
1.49419
1.49419
1.49419
1.49419
1.49419
1.49419
1.49419
1.49419
1.49419
1.49419
1.49419
1.49419
1.49419
1.49419
1.49419
1.49419
1.49419
1.49419
1.49419
1.49419
1.49418
1.49418
1.49418
1.49418
1.49418
1.49418
1.49418
1.49418
1.49418
1.49418
1.49418
1.49418
1.49418
1.49418
1.49418
1.49418
1.49418
1.49418
1.49418
1.49418
1.49418
1.49418
1.49418
1.49418
1.49418
1.49418
1.49418
1.49418
1.49418
1.49418
1.49418
1.49418
1.49418
1.49418
1.49418
1.49418
1.49418
1.49418
1.49418
1.49418
1.49418
1.49418
1.49418
1.49418
1.49418
1.49418
1.49418
1.49418
1.49418
1.49418
1.49418
1.49418
1.49418
1.49418
1.49418
1.49418
1.49418
1.49418
1.49418
1.49418
1.49418
1.49418
1.49418
1.49418
1.49418
1.49418
1.49418
1.49418
1.49418
1.49418
1.49418
1.49418
1.49418
1.49418
1.49419
1.49419
1.49419
1.49419
1.49419
1.49419
1.49419
1.49419
1.49419
1.49419
1.49419
1.49419
1.49419
1.49419
1.49419
1.49419
1.49419
1.49419
1.49419
1.4942
1.4942
1.4942
1.4942
1.4942
1.4942
1.4942
1.4942
1.4942
1.4942
1.4942
1.4942
1.4942
1.4942
1.4942
1.4942
1.4942
1.49421
1.49421
1.49421
1.49421
1.49421
1.49421
1.49421
1.49421
1.49421
1.49421
1.49421
1.49421
1.49421
1.49421
1.49421
1.49421
1.49421
1.49421
1.49421
1.49421
1.49422
1.49422
1.49422
1.49422
1.49422
1.49422
1.49422
1.49422
1.49422
1.49422
1.49422
1.49422
1.49422
1.49422
1.49422
1.49422
1.49422
1.49422
1.49422
1.49422
1.49422
1.49422
1.49422
1.49422
1.49422
1.49422
1.49422
1.49422
1.49422
1.49422
1.49422
1.49422
1.49422
1.49422
1.49422
1.49422
1.49422
1.49422
1.49422
1.49422
1.49422
1.49422
1.49422
1.49422
1.49422
1.49422
1.49422
1.49422
1.49422
1.49421
1.49421
1.49421
1.49421
1.49421
1.49421
1.49421
1.49421
1.49421
1.49421
1.49421
1.49421
