0.14121
0.14125
0.14128
0.14132
0.14135
0.14138
0.14142
0.14145
0.14149
0.14152
0.14156
0.14159
0.14162
0.14166
0.14169
0.14173
0.14176
0.1418
0.14183
0.14187
0.1419
0.14194
0.14197
0.14201
0.14204
0.14208
0.14211
0.14215
0.14218
0.14222
0.14225
0.14229
0.14233
0.14236
0.1424
0.14243
0.14247
0.1425
0.14254
0.14258
0.14261
0.14265
0.14269
0.14272
0.14276
0.1428
0.14283
0.14287
0.14291
0.14294
0.14298
0.14302
0.14305
0.14309
0.14313
0.14316
0.1432
0.14324
0.14328
0.14331
0.14335
0.14339
0.14343
0.14347
0.1435
0.14354
0.14358
0.14362
0.14366
0.1437
0.14373
0.14377
0.14381
0.14385
0.14389
0.14393
0.14397
0.14401
0.14405
0.14409
0.14413
0.14417
0.14421
0.14424
0.14428
0.14432
0.14436
0.14441
0.14445
0.14449
0.14453
0.14457
0.14461
0.14465
0.14469
0.14473
0.14477
0.14481
0.14485
0.1449
0.14494
0.14498
0.14502
0.14506
0.14511
0.14515
0.14519
0.14523
0.14527
0.14532
0.14536
0.1454
0.14545
0.14549
0.14553
0.14558
0.14562
0.14566
0.14571
0.14575
0.14579
0.14584
0.14588
0.14593
0.14597
0.14602
0.14606
0.14611
0.14615
0.1462
0.14624
0.14629
0.14633
0.14638
0.14642
0.14647
0.14652
0.14656
0.14661
0.14665
0.1467
0.14675
0.14679
0.14684
0.14689
0.14694
0.14698
0.14703
0.14708
0.14713
0.14717
0.14722
0.14727
0.14732
0.14737
0.14742
0.14747
0.14751
0.14756
0.14761
0.14766
0.14771
0.14776
0.14781
0.14786
0.14791
0.14796
0.14801
0.14806
0.14811
0.14816
0.14822
0.14827
0.14832
0.14837
0.14842
0.14847
0.14853
0.14858
0.14863
0.14868
0.14874
0.14879
0.14884
0.1489
0.14895
0.149
0.14906
0.14911
0.14916
0.14922
0.14927
0.14933
0.14938
0.14944
0.14949
0.14955
0.1496
0.14966
0.14971
0.14977
0.14983
0.14988
0.14994
0.14999
0.15005
0.15011
0.15017
0.15022
0.15028
0.15034
0.1504
0.15045
0.15051
0.15057
0.15063
0.15069
0.15075
0.15081
0.15087
0.15093
0.15099
0.15104
0.15111
0.15117
0.15123
0.15129
0.15135
0.15141
0.15147
0.15153
0.15159
0.15165
0.15172
0.15178
0.15184
0.1519
0.15197
0.15203
0.15209
0.15216
0.15222
0.15228
0.15235
0.15241
0.15248
0.15254
0.15261
0.15267
0.15274
0.1528
0.15287
0.15293
0.153
0.15306
0.15313
0.1532
0.15326
0.15333
0.1534
0.15347
0.15353
0.1536
0.15367
0.15374
0.15381
0.15388
0.15394
0.15401
0.15408
0.15415
0.15422
0.15429
0.15436
0.15443
0.1545
0.15457
0.15465
0.15472
0.15479
0.15486
0.15493
0.155
0.15508
0.15515
0.15522
0.1553
0.15537
0.15544
0.15552
0.15559
0.15566
0.15574
0.15581
0.15589
0.15596
0.15604
0.15611
0.15619
0.15627
0.15634
0.15642
0.1565
0.15657
0.15665
0.15673
0.15681
0.15688
0.15696
0.15704
0.15712
0.1572
0.15728
0.15736
0.15744
0.15752
0.1576
0.15768
0.15776
0.15784
0.15792
0.158
0.15808
0.15816
0.15825
0.15833
0.15841
0.15849
0.15858
0.15866
0.15874
0.15883
0.15891
0.159
0.15908
0.15917
0.15925
0.15934
0.15942
0.15951
0.15959
0.15968
0.15977
0.15985
0.15994
0.16003
0.16011
0.1602
0.16029
0.16038
0.16047
0.16056
0.16065
0.16074
0.16083
0.16092
0.16101
0.1611
0.16119
0.16128
0.16137
0.16146
0.16155
0.16164
0.16174
0.16183
0.16192
0.16202
0.16211
0.1622
0.1623
0.16239
0.16249
0.16258
0.16268
0.16277
0.16287
0.16296
0.16306
0.16316
0.16325
0.16335
0.16345
0.16354
0.16364
0.16374
0.16384
0.16394
0.16404
0.16414
0.16424
0.16434
0.16444
0.16454
0.16464
0.16474
0.16484
0.16494
0.16504
0.16514
0.16525
0.16535
0.16545
0.16556
0.16566
0.16576
0.16587
0.16597
0.16608
0.16618
0.16629
0.16639
0.1665
0.1666
0.16671
0.16682
0.16693
0.16703
0.16714
0.16725
0.16736
0.16747
0.16757
0.16768
0.16779
0.1679
0.16801
0.16812
0.16823
0.16834
0.16846
0.16857
0.16868
0.16879
0.1689
0.16902
0.16913
0.16924
0.16936
0.16947
0.16959
0.1697
0.16982
0.16993
0.17005
0.17016
0.17028
0.1704
0.17051
0.17063
0.17075
0.17086
0.17098
0.1711
0.17122
0.17134
0.17146
0.17158
0.1717
0.17182
0.17194
0.17206
0.17218
0.1723
0.17243
0.17255
0.17267
0.17279
0.17292
0.17304
0.17316
0.17329
0.17341
0.17354
0.17366
0.17379
0.17391
0.17404
0.17417
0.17429
0.17442
0.17455
0.17468
0.17481
0.17493
0.17506
0.17519
0.17532
0.17545
0.17558
0.17571
0.17584
0.17597
0.17611
0.17624
0.17637
0.1765
0.17664
0.17677
0.1769
0.17704
0.17717
0.1773
0.17744
0.17758
0.17771
0.17785
0.17798
0.17812
0.17826
0.17839
0.17853
0.17867
0.17881
0.17895
0.17909
0.17923
0.17937
0.17951
0.17965
0.17979
0.17993
0.18007
0.18021
0.18035
0.1805
0.18064
0.18078
0.18093
0.18107
0.18122
0.18136
0.18151
0.18165
0.1818
0.18194
0.18209
0.18224
0.18238
0.18253
0.18268
0.18283
0.18298
0.18313
0.18328
0.18343
0.18358
0.18373
0.18388
0.18403
0.18418
0.18433
0.18449
0.18464
0.18479
0.18494
0.1851
0.18525
0.18541
0.18556
0.18572
0.18587
0.18603
0.18619
0.18634
0.1865
0.18666
0.18682
0.18697
0.18713
0.18729
0.18745
0.18761
0.18777
0.18793
0.18809
0.18826
0.18842
0.18858
0.18874
0.18891
0.18907
0.18923
0.1894
0.18956
0.18973
0.18989
0.19006
0.19022
0.19039
0.19056
0.19072
0.19089
0.19106
0.19123
0.1914
0.19157
0.19174
0.19191
0.19208
0.19225
0.19242
0.19259
0.19276
0.19293
0.19311
0.19328
0.19345
0.19363
0.1938
0.19398
0.19415
0.19433
0.1945
0.19468
0.19486
0.19503
0.19521
0.19539
0.19557
0.19575
0.19593
0.19611
0.19629
0.19647
0.19665
0.19683
0.19701
0.19719
0.19737
0.19756
0.19774
0.19792
0.19811
0.19829
0.19848
0.19866
0.19885
0.19904
0.19922
0.19941
0.1996
0.19978
0.19997
0.20016
0.20035
0.20054
0.20073
0.20092
0.20111
0.2013
0.20149
0.20169
0.20188
0.20207
0.20227
0.20246
0.20265
0.20285
0.20304
0.20324
0.20344
0.20363
0.20383
0.20403
0.20422
0.20442
0.20462
0.20482
0.20502
0.20522
0.20542
0.20562
0.20582
0.20602
0.20622
0.20643
0.20663
0.20683
0.20704
0.20724
0.20745
0.20765
0.20786
0.20806
0.20827
0.20848
0.20868
0.20889
0.2091
0.20931
0.20952
0.20973
0.20994
0.21015
0.21036
0.21057
0.21078
0.21099
0.2112
0.21142
0.21163
0.21185
0.21206
0.21228
0.21249
0.21271
0.21292
0.21314
0.21336
0.21357
0.21379
0.21401
0.21423
0.21445
0.21467
0.21489
0.21511
0.21533
0.21555
0.21578
0.216
0.21622
0.21645
0.21667
0.2169
0.21712
0.21735
0.21757
0.2178
0.21803
0.21825
0.21848
0.21871
0.21894
0.21917
0.2194
0.21963
0.21986
0.22009
0.22032
0.22055
0.22079
0.22102
0.22125
0.22149
0.22172
0.22196
0.22219
0.22243
0.22266
0.2229
0.22314
0.22338
0.22362
0.22385
0.22409
0.22433
0.22457
0.22481
0.22506
0.2253
0.22554
0.22578
0.22603
0.22627
0.22651
0.22676
0.227
0.22725
0.2275
0.22774
0.22799
0.22824
0.22849
0.22874
0.22898
0.22923
0.22948
0.22974
0.22999
0.23024
0.23049
0.23074
0.231
0.23125
0.23151
0.23176
0.23202
0.23227
0.23253
0.23278
0.23304
0.2333
0.23356
0.23382
0.23408
0.23434
0.2346
0.23486
0.23512
0.23538
0.23564
0.23591
0.23617
0.23643
0.2367
0.23696
0.23723
0.2375
0.23776
0.23803
0.2383
0.23856
0.23883
0.2391
0.23937
0.23964
0.23991
0.24019
0.24046
0.24073
0.241
0.24128
0.24155
0.24182
0.2421
0.24238
0.24265
0.24293
0.24321
0.24348
0.24376
0.24404
0.24432
0.2446
0.24488
0.24516
0.24544
0.24572
0.24601
0.24629
0.24657
0.24686
0.24714
0.24743
0.24771
0.248
0.24829
0.24858
0.24886
0.24915
0.24944
0.24973
0.25002
0.25031
0.2506
0.2509
0.25119
0.25148
0.25178
0.25207
0.25236
0.25266
0.25296
0.25325
0.25355
0.25385
0.25415
0.25444
0.25474
0.25504
0.25534
0.25565
0.25595
0.25625
0.25655
0.25686
0.25716
0.25746
0.25777
0.25807
0.25838
0.25869
0.25899
0.2593
0.25961
0.25992
0.26023
0.26054
0.26085
0.26116
0.26147
0.26179
0.2621
0.26241
0.26273
0.26304
0.26336
0.26367
0.26399
0.26431
0.26463
0.26495
0.26526
0.26558
0.2659
0.26623
0.26655
0.26687
0.26719
0.26751
0.26784
0.26816
0.26849
0.26881
0.26914
0.26947
0.2698
0.27012
0.27045
0.27078
0.27111
0.27144
0.27177
0.27211
0.27244
0.27277
0.2731
0.27344
0.27377
0.27411
0.27445
0.27478
0.27512
0.27546
0.2758
0.27614
0.27648
0.27682
0.27716
0.2775
0.27784
0.27818
0.27853
0.27887
0.27922
0.27956
0.27991
0.28026
0.2806
0.28095
0.2813
0.28165
0.282
0.28235
0.2827
0.28305
0.28341
0.28376
0.28411
0.28447
0.28482
0.28518
0.28554
0.28589
0.28625
0.28661
0.28697
0.28733
0.28769
0.28805
0.28841
0.28877
0.28914
0.2895
0.28987
0.29023
0.2906
0.29096
0.29133
0.2917
0.29207
0.29244
0.29281
0.29318
0.29355
0.29392
0.29429
0.29467
0.29504
0.29541
0.29579
0.29616
0.29654
0.29692
0.2973
0.29768
0.29805
0.29843
0.29882
0.2992
0.29958
0.29996
0.30035
0.30073
0.30111
0.3015
0.30189
0.30227
0.30266
0.30305
0.30344
0.30383
0.30422
0.30461
0.305
0.3054
0.30579
0.30618
0.30658
0.30697
0.30737
0.30777
0.30816
0.30856
0.30896
0.30936
0.30976
0.31016
0.31057
0.31097
0.31137
0.31178
0.31218
0.31259
0.31299
0.3134
0.31381
0.31422
0.31463
0.31504
0.31545
0.31586
0.31627
0.31669
0.3171
0.31751
0.31793
0.31835
0.31876
0.31918
0.3196
0.32002
0.32044
0.32086
0.32128
0.3217
0.32213
0.32255
0.32297
0.3234
0.32383
0.32425
0.32468
0.32511
0.32554
0.32597
0.3264
0.32683
0.32726
0.3277
0.32813
0.32856
0.329
0.32944
0.32987
0.33031
0.33075
0.33119
0.33163
0.33207
0.33251
0.33296
0.3334
0.33384
0.33429
0.33473
0.33518
0.33563
0.33608
0.33653
0.33698
0.33743
0.33788
0.33833
0.33878
0.33924
0.33969
0.34015
0.34061
0.34106
0.34152
0.34198
0.34244
0.3429
0.34336
0.34382
0.34429
0.34475
0.34522
0.34568
0.34615
0.34662
0.34709
0.34755
0.34802
0.3485
0.34897
0.34944
0.34991
0.35039
0.35086
0.35134
0.35182
0.35229
0.35277
0.35325
0.35373
0.35421
0.3547
0.35518
0.35566
0.35615
0.35663
0.35712
0.35761
0.3581
0.35859
0.35908
0.35957
0.36006
0.36055
0.36105
0.36154
0.36204
0.36253
0.36303
0.36353
0.36403
0.36453
0.36503
0.36553
0.36604
0.36654
0.36705
0.36755
0.36806
0.36857
0.36907
0.36958
0.3701
0.37061
0.37112
0.37163
0.37215
0.37266
0.37318
0.3737
0.37421
0.37473
0.37525
0.37577
0.3763
0.37682
0.37734
0.37787
0.37839
0.37892
0.37945
0.37998
0.38051
0.38104
0.38157
0.3821
0.38264
0.38317
0.38371
0.38425
0.38478
0.38532
0.38586
0.3864
0.38695
0.38749
0.38803
0.38858
0.38912
0.38967
0.39022
0.39077
0.39132
0.39187
0.39242
0.39297
0.39353
0.39408
0.39464
0.3952
0.39576
0.39632
0.39688
0.39744
0.398
0.39857
0.39913
0.3997
0.40026
0.40083
0.4014
0.40197
0.40254
0.40312
0.40369
0.40426
0.40484
0.40542
0.40599
0.40657
0.40715
0.40774
0.40832
0.4089
0.40949
0.41007
0.41066
0.41125
0.41184
0.41243
0.41302
0.41361
0.4142
0.4148
0.41539
0.41599
0.41659
0.41719
0.41779
0.41839
0.419
0.4196
0.4202
0.42081
0.42142
0.42203
0.42264
0.42325
0.42386
0.42448
0.42509
0.42571
0.42632
0.42694
0.42756
0.42818
0.4288
0.42943
0.43005
0.43068
0.43131
0.43193
0.43256
0.43319
0.43383
0.43446
0.43509
0.43573
0.43637
0.43701
0.43764
0.43829
0.43893
0.43957
0.44022
0.44086
0.44151
0.44216
0.44281
0.44346
0.44411
0.44476
0.44542
0.44608
0.44673
0.44739
0.44805
0.44871
0.44938
0.45004
0.45071
0.45137
0.45204
0.45271
0.45338
0.45406
0.45473
0.4554
0.45608
0.45676
0.45744
0.45812
0.4588
0.45948
0.46017
0.46086
0.46154
0.46223
0.46292
0.46361
0.46431
0.465
0.4657
0.4664
0.46709
0.4678
0.4685
0.4692
0.46991
0.47061
0.47132
0.47203
0.47274
0.47345
0.47417
0.47488
0.4756
0.47632
0.47703
0.47776
0.47848
0.4792
0.47993
0.48066
0.48138
0.48211
0.48285
0.48358
0.48431
0.48505
0.48579
0.48653
0.48727
0.48801
0.48876
0.4895
0.49025
0.491
0.49175
0.4925
0.49326
0.49401
0.49477
0.49553
0.49629
0.49705
0.49781
0.49858
0.49935
0.50011
0.50088
0.50166
0.50243
0.50321
0.50398
0.50476
0.50554
0.50632
0.50711
0.50789
0.50868
0.50947
0.51026
0.51105
0.51185
0.51264
0.51344
0.51424
0.51504
0.51584
0.51665
0.51745
0.51826
0.51907
0.51988
0.5207
0.52151
0.52233
0.52315
0.52397
0.52479
0.52562
0.52645
0.52727
0.5281
0.52894
0.52977
0.53061
0.53144
0.53228
0.53313
0.53397
0.53481
0.53566
0.53651
0.53736
0.53821
0.53907
0.53993
0.54079
0.54165
0.54251
0.54337
0.54424
0.54511
0.54598
0.54685
0.54773
0.54861
0.54949
0.55037
0.55125
0.55214
0.55302
0.55391
0.5548
0.5557
0.55659
0.55749
0.55839
0.55929
0.5602
0.5611
0.56201
0.56292
0.56383
0.56475
0.56567
0.56658
0.56751
0.56843
0.56936
0.57028
0.57121
0.57215
0.57308
0.57402
0.57496
0.5759
0.57684
0.57779
0.57874
0.57969
0.58064
0.5816
0.58255
0.58351
0.58448
0.58544
0.58641
0.58738
0.58835
0.58932
0.5903
0.59128
0.59226
0.59324
0.59423
0.59522
0.59621
0.5972
0.5982
0.5992
0.6002
0.6012
0.60221
0.60322
0.60423
0.60524
0.60626
0.60728
0.6083
0.60932
0.61035
0.61138
0.61241
0.61344
0.61448
0.61552
0.61656
0.61761
0.61866
0.61971
0.62076
0.62182
0.62287
0.62394
0.625
0.62607
0.62714
0.62821
0.62928
0.63036
0.63144
0.63253
0.63361
0.6347
0.63579
0.63689
0.63799
0.63909
0.64019
0.6413
0.64241
0.64352
0.64464
0.64575
0.64688
0.648
0.64913
0.65026
0.65139
0.65253
0.65367
0.65481
0.65596
0.65711
0.65826
0.65941
0.66057
0.66173
0.6629
0.66406
0.66524
0.66641
0.66759
0.66877
0.66995
0.67114
0.67233
0.67352
0.67472
0.67592
0.67712
0.67833
0.67954
0.68075
0.68197
0.68319
0.68441
0.68564
0.68687
0.68811
0.68934
0.69058
0.69183
0.69308
0.69433
0.69558
0.69684
0.6981
0.69937
0.70064
0.70191
0.70319
0.70447
0.70575
0.70704
0.70833
0.70963
0.71093
0.71223
0.71354
0.71485
0.71616
0.71748
0.7188
0.72013
0.72146
0.72279
0.72413
0.72547
0.72681
0.72816
0.72952
0.73087
0.73223
0.7336
0.73497
0.73634
0.73772
0.7391
0.74049
0.74188
0.74327
0.74467
0.74607
0.74748
0.74889
0.7503
0.75172
0.75315
0.75457
0.75601
0.75744
0.75888
0.76033
0.76178
0.76323
0.76469
0.76615
0.76762
0.76909
0.77057
0.77205
0.77354
0.77503
0.77652
0.77802
0.77953
0.78103
0.78255
0.78407
0.78559
0.78712
0.78865
0.79019
0.79173
0.79328
0.79483
0.79638
0.79795
0.79951
0.80108
0.80266
0.80424
0.80583
0.80742
0.80902
0.81062
0.81223
0.81384
0.81546
0.81708
0.81871
0.82034
0.82198
0.82362
0.82527
0.82692
0.82858
0.83025
0.83192
0.83359
0.83528
0.83696
0.83865
0.84035
0.84205
0.84376
0.84548
0.8472
0.84892
0.85066
0.85239
0.85414
0.85588
0.85764
0.8594
0.86116
0.86294
0.86471
0.8665
0.86829
0.87008
0.87188
0.87369
0.87551
0.87733
0.87915
0.88098
0.88282
0.88467
0.88652
0.88837
0.89024
0.89211
0.89398
0.89586
0.89775
0.89965
0.90155
0.90346
0.90537
0.90729
0.90922
0.91115
0.91309
0.91504
0.91699
0.91896
0.92092
0.9229
0.92488
0.92687
0.92886
0.93086
0.93287
0.93489
0.93691
0.93894
0.94097
0.94302
0.94507
0.94712
0.94919
0.95126
0.95334
0.95543
0.95752
0.95962
0.96173
0.96384
0.96597
0.9681
0.97024
0.97238
0.97453
0.97669
0.97886
0.98104
0.98322
0.98541
0.98761
0.98982
0.99203
0.99425
0.99648
0.99872
1.001
1.0032
1.0055
1.0078
1.01
1.0123
1.0146
1.0169
1.0192
1.0215
1.0239
1.0262
1.0285
1.0309
1.0332
1.0356
1.038
1.0404
1.0428
1.0452
1.0476
1.05
1.0524
1.0549
1.0573
1.0598
1.0622
1.0647
1.0672
1.0697
1.0722
1.0747
1.0772
1.0797
1.0822
1.0848
1.0873
1.0899
1.0924
1.095
1.0976
1.1002
1.1028
1.1054
1.1081
1.1107
1.1133
1.116
1.1186
1.1213
1.124
1.1267
1.1294
1.1321
1.1348
1.1375
1.1403
1.143
1.1458
1.1485
1.1513
1.1541
1.1569
1.1597
1.1625
1.1653
1.1681
1.171
1.1738
1.1767
1.1796
1.1825
1.1853
1.1883
1.1912
1.1941
1.197
1.2
1.2029
1.2059
1.2088
1.2118
1.2148
1.2178
1.2208
1.2238
1.2269
1.2299
1.233
1.236
1.2391
1.2422
1.2453
1.2484
1.2515
1.2546
1.2578
1.2609
1.2641
1.2672
1.2704
1.2736
1.2768
1.28
1.2832
1.2864
1.2897
1.2929
1.2962
1.2994
1.3027
1.306
1.3093
1.3126
1.3159
1.3193
1.3226
1.326
1.3293
1.3327
1.3361
1.3395
1.3429
1.3463
1.3497
1.3531
1.3566
1.36
1.3635
1.3669
1.3704
1.3739
1.3774
1.3809
1.3845
1.388
1.3915
1.3951
1.3986
1.4022
1.4058
1.4094
1.413
1.4166
1.4202
1.4238
1.4275
1.4311
1.4348
1.4385
1.4421
1.4458
1.4495
1.4532
1.4569
1.4607
1.4644
1.4681
1.4719
1.4757
1.4794
1.4832
1.487
1.4908
1.4946
1.4984
1.5022
1.5061
1.5099
1.5138
1.5176
1.5215
1.5254
1.5292
1.5331
1.537
1.5409
1.5449
1.5488
1.5527
1.5566
1.5606
1.5645
1.5685
1.5725
1.5764
1.5804
1.5844
1.5884
1.5924
1.5964
1.6005
1.6045
1.6085
1.6125
1.6166
1.6206
1.6247
1.6288
1.6328
1.6369
1.641
1.6451
1.6492
1.6533
1.6574
1.6615
1.6656
1.6697
1.6738
1.678
1.6821
1.6862
1.6904
1.6945
1.6987
1.7028
1.707
1.7112
1.7153
1.7195
1.7237
1.7279
1.7321
1.7362
1.7404
1.7446
1.7488
1.753
1.7572
1.7614
1.7656
1.7699
1.7741
1.7783
1.7825
1.7867
1.7909
1.7952
1.7994
1.8036
1.8078
1.8121
1.8163
1.8205
1.8247
1.829
1.8332
1.8374
1.8417
1.8459
1.8501
1.8544
1.8586
1.8628
1.8671
1.8713
1.8755
1.8797
1.884
1.8882
1.8924
1.8966
1.9009
1.9051
1.9093
1.9135
1.9177
1.9219
1.9261
1.9304
1.9346
1.9388
1.943
1.9472
1.9513
1.9555
1.9597
1.9639
1.9681
1.9723
1.9764
1.9806
1.9848
1.9889
1.9931
1.9972
2.0014
2.0055
2.0096
2.0138
2.0179
2.022
2.0261
2.0302
2.0344
2.0385
2.0425
2.0466
2.0507
2.0548
2.0589
2.0629
2.067
2.071
2.0751
2.0791
2.0832
2.0872
2.0912
2.0952
2.0992
2.1032
2.1072
2.1112
2.1152
2.1191
2.1231
2.127
2.131
2.1349
2.1388
2.1428
2.1467
2.1506
2.1545
2.1584
2.1622
2.1661
2.17
2.1738
2.1777
2.1815
2.1853
2.1892
2.193
2.1968
2.2006
2.2043
2.2081
2.2119
2.2156
2.2194
2.2231
2.2268
2.2305
2.2343
2.2379
2.2416
2.2453
2.249
2.2526
2.2563
2.2599
2.2636
2.2672
2.2708
2.2744
2.278
2.2815
2.2851
2.2887
2.2922
2.2957
2.2993
2.3028
2.3063
2.3098
2.3133
2.3167
2.3202
2.3236
2.3271
2.3305
2.3339
2.3373
2.3407
2.3441
2.3475
2.3509
2.3542
2.3576
2.3609
2.3642
2.3675
2.3708
2.3741
2.3774
2.3807
2.3839
2.3872
2.3904
2.3936
2.3969
2.4001
2.4032
2.4064
2.4096
2.4128
2.4159
2.419
2.4222
2.4253
2.4284
2.4315
2.4346
2.4376
2.4407
2.4437
2.4468
2.4498
2.4528
2.4558
2.4588
2.4618
2.4648
2.4677
2.4707
2.4736
2.4766
2.4795
2.4824
2.4853
2.4882
2.491
2.4939
2.4968
2.4996
2.5024
2.5053
2.5081
2.5109
2.5137
2.5164
2.5192
2.522
2.5247
2.5274
2.5302
2.5329
2.5356
2.5383
2.541
2.5436
2.5463
2.549
2.5516
2.5542
2.5568
2.5595
2.5621
2.5646
2.5672
2.5698
2.5724
2.5749
2.5774
2.58
2.5825
2.585
2.5875
2.59
2.5925
2.5949
2.5974
2.5998
2.6023
2.6047
2.6071
2.6095
2.6119
2.6143
2.6167
2.6191
2.6214
2.6238
2.6261
2.6285
2.6308
2.6331
2.6354
2.6377
2.64
2.6423
2.6445
2.6468
2.649
2.6513
2.6535
2.6557
2.6579
2.6601
2.6623
2.6645
2.6667
2.6688
2.671
2.6731
2.6753
2.6774
2.6795
2.6816
2.6837
2.6858
2.6879
2.69
2.692
2.6941
2.6961
2.6982
2.7002
2.7022
2.7042
2.7062
2.7082
2.7102
2.7122
2.7142
2.7161
2.7181
2.72
2.722
2.7239
2.7258
2.7277
2.7296
2.7315
2.7334
2.7353
2.7372
2.739
2.7409
2.7427
2.7446
2.7464
2.7482
2.75
2.7519
2.7536
2.7554
2.7572
2.759
2.7608
2.7625
2.7643
2.766
2.7678
2.7695
2.7712
2.7729
2.7746
2.7763
2.778
2.7797
2.7814
2.783
2.7847
2.7864
2.788
2.7896
2.7913
2.7929
2.7945
2.7961
2.7977
2.7993
2.8009
2.8025
2.8041
2.8056
2.8072
2.8087
2.8103
2.8118
2.8133
2.8149
2.8164
2.8179
2.8194
2.8209
2.8224
2.8239
2.8253
2.8268
2.8283
2.8297
2.8312
2.8326
2.834
2.8355
2.8369
2.8383
2.8397
2.8411
2.8425
2.8439
2.8453
2.8466
2.848
2.8494
2.8507
2.8521
2.8534
2.8547
2.8561
2.8574
2.8587
2.86
2.8613
2.8626
2.8639
2.8652
2.8665
2.8678
2.869
2.8703
2.8715
2.8728
2.874
2.8753
2.8765
2.8777
2.8789
2.8801
2.8813
2.8825
2.8837
2.8849
2.8861
2.8873
2.8884
2.8896
2.8907
2.8919
2.893
2.8942
2.8953
2.8964
2.8976
2.8987
2.8998
2.9009
2.902
2.9031
2.9042
2.9052
2.9063
2.9074
2.9084
2.9095
2.9105
2.9116
2.9126
2.9137
2.9147
2.9157
2.9167
2.9177
2.9187
2.9197
2.9207
2.9217
2.9227
2.9237
2.9247
2.9256
2.9266
2.9275
2.9285
2.9294
2.9304
2.9313
2.9322
2.9332
2.9341
2.935
2.9359
2.9368
2.9377
2.9386
2.9395
2.9403
2.9412
2.9421
2.9429
2.9438
2.9447
2.9455
2.9463
2.9472
2.948
2.9488
2.9497
2.9505
2.9513
2.9521
2.9529
2.9537
2.9545
2.9552
2.956
2.9568
2.9576
2.9583
2.9591
2.9598
2.9606
2.9613
2.9621
2.9628
2.9635
2.9642
2.9649
2.9657
2.9664
2.9671
2.9677
2.9684
2.9691
2.9698
2.9705
2.9711
2.9718
2.9725
2.9731
2.9738
2.9744
2.975
2.9757
2.9763
2.9769
2.9775
2.9781
2.9788
2.9794
2.98
2.9805
2.9811
2.9817
2.9823
2.9829
2.9834
2.984
2.9845
2.9851
2.9856
2.9862
2.9867
2.9872
2.9878
2.9883
2.9888
2.9893
2.9898
2.9903
2.9908
2.9913
2.9918
2.9922
2.9927
2.9932
2.9936
2.9941
2.9946
2.995
2.9954
2.9959
2.9963
2.9967
2.9972
2.9976
2.998
2.9984
2.9988
2.9992
2.9996
3
3.0004
3.0007
3.0011
3.0015
3.0018
3.0022
3.0025
3.0029
3.0032
3.0035
3.0039
3.0042
3.0045
3.0048
3.0051
3.0054
3.0057
3.006
3.0063
3.0066
3.0069
3.0071
3.0074
3.0077
3.0079
3.0082
3.0084
3.0087
3.0089
3.0091
3.0093
3.0096
3.0098
3.01
3.0102
3.0104
3.0106
3.0108
3.0109
3.0111
3.0113
3.0114
3.0116
3.0118
3.0119
3.0121
3.0122
3.0123
3.0125
3.0126
3.0127
3.0128
3.0129
3.013
3.0131
3.0132
3.0133
3.0133
3.0134
3.0135
3.0135
3.0136
3.0136
3.0137
3.0137
3.0138
3.0138
3.0138
3.0138
3.0138
3.0138
3.0138
3.0138
3.0138
3.0138
3.0138
3.0137
3.0137
3.0137
3.0136
3.0136
3.0135
3.0134
3.0134
3.0133
3.0132
3.0131
3.013
3.0129
3.0128
3.0127
3.0126
3.0125
3.0123
3.0122
3.0121
3.0119
3.0118
3.0116
3.0114
3.0113
3.0111
3.0109
3.0107
3.0105
3.0103
3.0101
3.0099
3.0097
3.0094
3.0092
3.009
3.0087
3.0085
3.0082
3.0079
3.0077
3.0074
3.0071
3.0068
3.0065
3.0062
3.0059
3.0056
3.0053
3.0049
3.0046
3.0042
3.0039
3.0035
3.0032
3.0028
3.0024
3.002
3.0017
3.0013
3.0009
3.0004
3
2.9996
2.9992
2.9987
2.9983
2.9978
2.9974
2.9969
2.9965
2.996
2.9955
2.995
2.9945
2.994
2.9935
2.993
2.9924
2.9919
2.9913
2.9908
2.9902
2.9897
2.9891
2.9885
2.9879
2.9873
2.9867
2.9861
2.9855
2.9849
2.9843
2.9836
2.983
2.9823
2.9817
2.981
2.9803
2.9796
2.979
2.9783
2.9776
2.9768
2.9761
2.9754
2.9747
2.9739
2.9732
2.9724
2.9716
2.9708
2.9701
2.9693
2.9685
2.9677
2.9668
2.966
2.9652
2.9643
2.9635
2.9626
2.9618
2.9609
2.96
2.9591
2.9582
2.9573
2.9564
2.9555
2.9545
2.9536
2.9526
2.9517
2.9507
2.9497
2.9488
2.9478
2.9468
2.9458
2.9447
2.9437
2.9427
2.9416
2.9406
2.9395
2.9384
2.9374
2.9363
2.9352
2.9341
2.9329
2.9318
2.9307
2.9295
2.9284
2.9272
2.926
2.9249
2.9237
2.9225
2.9213
2.92
2.9188
2.9176
2.9163
2.9151
2.9138
2.9125
2.9112
2.9099
2.9086
2.9073
2.906
2.9047
2.9033
2.902
2.9006
2.8992
2.8979
2.8965
2.8951
2.8936
2.8922
2.8908
2.8893
2.8879
2.8864
2.885
2.8835
2.882
2.8805
2.879
2.8774
2.8759
2.8744
2.8728
2.8712
2.8697
2.8681
2.8665
2.8649
2.8633
2.8616
2.86
2.8583
2.8567
2.855
2.8533
2.8516
2.8499
2.8482
2.8465
2.8448
2.843
2.8413
2.8395
2.8377
2.8359
2.8341
2.8323
2.8305
2.8287
2.8268
2.825
2.8231
2.8212
2.8193
2.8175
2.8155
2.8136
2.8117
2.8098
2.8078
2.8058
2.8039
2.8019
2.7999
2.7979
2.7959
2.7938
2.7918
2.7897
2.7877
2.7856
2.7835
2.7814
2.7793
2.7772
2.7751
2.7729
2.7708
2.7686
2.7664
2.7642
2.762
2.7598
2.7576
2.7554
2.7531
2.7509
2.7486
2.7463
2.744
2.7418
2.7394
2.7371
2.7348
2.7324
2.7301
2.7277
2.7254
2.723
2.7206
2.7182
2.7157
2.7133
2.7109
2.7084
2.706
2.7035
2.701
2.6985
2.696
2.6935
2.6909
2.6884
2.6859
2.6833
2.6807
2.6781
2.6755
2.6729
2.6703
2.6677
2.6651
2.6624
2.6598
2.6571
2.6544
2.6517
2.649
2.6463
2.6436
2.6409
2.6382
2.6354
2.6327
2.6299
2.6271
2.6243
2.6215
2.6187
2.6159
2.6131
2.6103
2.6074
2.6046
2.6017
2.5988
2.5959
2.5931
2.5902
2.5873
2.5843
2.5814
2.5785
2.5755
2.5726
2.5696
2.5667
2.5637
2.5607
2.5577
2.5547
2.5517
2.5487
2.5457
2.5426
2.5396
2.5365
2.5335
2.5304
2.5274
2.5243
2.5212
2.5181
2.515
2.5119
2.5088
2.5057
2.5026
2.4994
2.4963
2.4932
2.49
2.4869
2.4837
2.4805
2.4774
2.4742
2.471
2.4678
2.4646
2.4614
2.4582
2.455
2.4518
2.4486
2.4454
2.4421
2.4389
2.4357
2.4324
2.4292
2.426
2.4227
2.4195
2.4162
2.4129
2.4097
2.4064
2.4032
2.3999
2.3966
2.3933
2.3901
2.3868
2.3835
2.3802
2.3769
2.3736
2.3703
2.367
2.3638
2.3605
2.3572
2.3539
2.3506
2.3473
2.344
2.3407
2.3374
2.3341
2.3308
2.3275
2.3242
2.3209
2.3176
2.3143
2.311
2.3077
2.3044
2.3011
2.2978
2.2945
2.2912
2.2879
2.2846
2.2814
2.2781
2.2748
2.2715
2.2682
2.265
2.2617
2.2584
2.2552
2.2519
2.2486
2.2454
2.2421
2.2389
2.2356
2.2324
2.2291
2.2259
2.2227
2.2194
2.2162
2.213
2.2098
2.2066
2.2034
2.2002
2.197
2.1938
2.1906
2.1874
2.1842
2.1811
2.1779
2.1747
2.1716
2.1684
2.1653
2.1622
2.159
2.1559
2.1528
2.1497
2.1466
2.1435
2.1404
2.1373
2.1342
2.1312
2.1281
2.125
2.122
2.1189
2.1159
2.1129
2.1098
2.1068
2.1038
2.1008
2.0978
2.0949
2.0919
2.0889
2.0859
2.083
2.0801
2.0771
2.0742
2.0713
2.0684
2.0655
2.0626
2.0597
2.0568
2.0539
2.0511
2.0482
2.0454
2.0425
2.0397
2.0369
2.0341
2.0313
2.0285
2.0257
2.023
2.0202
2.0175
2.0147
2.012
2.0093
2.0065
2.0038
2.0011
1.9984
1.9958
1.9931
1.9904
1.9878
1.9852
1.9825
1.9799
1.9773
1.9747
1.9721
1.9695
1.9669
1.9644
1.9618
1.9593
1.9568
1.9542
1.9517
1.9492
1.9467
1.9442
1.9418
1.9393
1.9369
1.9344
1.932
1.9295
1.9271
1.9247
1.9223
1.92
1.9176
1.9152
1.9129
1.9105
1.9082
1.9058
1.9035
1.9012
1.8989
1.8966
1.8944
1.8921
1.8898
1.8876
1.8854
1.8831
1.8809
1.8787
1.8765
1.8743
1.8721
1.87
1.8678
1.8657
1.8635
1.8614
1.8593
1.8572
1.8551
1.853
1.8509
1.8488
1.8468
1.8447
1.8427
1.8406
1.8386
1.8366
1.8346
1.8326
1.8306
1.8286
1.8267
1.8247
1.8228
1.8208
1.8189
1.817
1.8151
1.8132
1.8113
1.8094
1.8075
1.8057
1.8038
1.8019
1.8001
1.7983
1.7965
1.7947
1.7928
1.7911
1.7893
1.7875
1.7857
1.784
1.7822
1.7805
1.7787
1.777
1.7753
1.7736
1.7719
1.7702
1.7685
1.7669
1.7652
1.7635
1.7619
1.7603
1.7586
1.757
1.7554
1.7538
1.7522
1.7506
1.749
1.7475
1.7459
1.7443
1.7428
1.7413
1.7397
1.7382
1.7367
1.7352
1.7337
1.7322
1.7307
1.7292
1.7278
1.7263
1.7248
1.7234
1.722
1.7205
1.7191
1.7177
1.7163
1.7149
1.7135
1.7121
1.7107
1.7093
1.708
1.7066
1.7053
1.7039
1.7026
1.7013
1.7
1.6986
1.6973
1.696
1.6947
1.6935
1.6922
1.6909
1.6896
1.6884
1.6871
1.6859
1.6846
1.6834
1.6822
1.681
1.6798
1.6786
1.6774
1.6762
1.675
1.6738
1.6726
1.6715
1.6703
1.6691
1.668
1.6669
1.6657
1.6646
1.6635
1.6624
1.6612
1.6601
1.659
1.658
1.6569
1.6558
1.6547
1.6536
1.6526
1.6515
1.6505
1.6494
1.6484
1.6474
1.6463
1.6453
1.6443
1.6433
1.6423
1.6413
1.6403
1.6393
1.6383
1.6373
1.6364
1.6354
1.6344
1.6335
1.6325
1.6316
1.6306
1.6297
1.6288
1.6279
1.6269
1.626
1.6251
1.6242
1.6233
1.6224
1.6215
1.6207
1.6198
1.6189
1.618
1.6172
1.6163
1.6155
1.6146
1.6138
1.6129
1.6121
1.6113
1.6104
1.6096
1.6088
1.608
1.6072
1.6064
1.6056
1.6048
1.604
1.6032
1.6024
1.6017
1.6009
1.6001
1.5994
1.5986
1.5979
1.5971
1.5964
1.5956
1.5949
1.5942
1.5934
1.5927
1.592
1.5913
1.5906
1.5899
1.5892
1.5885
1.5878
1.5871
1.5864
1.5857
1.585
1.5843
1.5837
1.583
1.5823
1.5817
1.581
1.5804
1.5797
1.5791
1.5784
1.5778
1.5772
1.5765
1.5759
1.5753
1.5747
1.5741
1.5735
1.5728
1.5722
1.5716
1.571
1.5705
1.5699
1.5693
1.5687
1.5681
1.5675
1.567
1.5664
1.5658
1.5653
1.5647
1.5642
1.5636
1.563
1.5625
1.562
1.5614
1.5609
1.5604
1.5598
1.5593
1.5588
1.5582
1.5577
1.5572
1.5567
1.5562
1.5557
1.5552
1.5547
1.5542
1.5537
1.5532
1.5527
1.5522
1.5518
1.5513
1.5508
1.5503
1.5499
1.5494
1.5489
1.5485
1.548
1.5476
1.5471
1.5466
1.5462
1.5458
1.5453
1.5449
1.5444
1.544
1.5436
1.5431
1.5427
1.5423
1.5419
1.5415
1.541
1.5406
1.5402
1.5398
1.5394
1.539
1.5386
1.5382
1.5378
1.5374
1.537
1.5366
1.5362
1.5359
1.5355
1.5351
1.5347
1.5344
1.534
1.5336
1.5332
1.5329
1.5325
1.5322
1.5318
1.5314
1.5311
1.5307
1.5304
1.53
1.5297
1.5294
1.529
1.5287
1.5283
1.528
1.5277
1.5273
1.527
1.5267
1.5264
1.5261
1.5257
1.5254
1.5251
1.5248
1.5245
1.5242
1.5239
1.5236
1.5233
1.523
1.5227
1.5224
1.5221
1.5218
1.5215
1.5212
1.5209
1.5206
1.5203
1.5201
1.5198
1.5195
1.5192
1.5189
1.5187
1.5184
1.5181
1.5179
1.5176
1.5173
1.5171
1.5168
1.5166
1.5163
1.516
1.5158
1.5155
1.5153
1.515
1.5148
1.5146
1.5143
1.5141
1.5138
1.5136
1.5134
1.5131
1.5129
1.5127
1.5124
1.5122
1.512
1.5118
1.5115
1.5113
1.5111
1.5109
1.5107
1.5104
1.5102
1.51
1.5098
1.5096
1.5094
1.5092
1.509
1.5088
1.5086
1.5084
1.5082
1.508
1.5078
1.5076
1.5074
1.5072
1.507
1.5068
1.5066
1.5064
1.5063
1.5061
1.5059
1.5057
1.5055
1.5053
1.5052
1.505
1.5048
1.5046
1.5045
1.5043
1.5041
1.504
1.5038
1.5036
1.5035
1.5033
1.5031
1.503
1.5028
1.5027
1.5025
1.5024
1.5022
1.5021
1.5019
1.5018
1.5016
1.5015
1.5013
1.5012
1.501
1.5009
1.5007
1.5006
1.5004
1.5003
1.5002
1.5
1.4999
1.4998
1.4996
1.4995
1.4994
1.4992
1.4991
1.499
1.4989
1.4987
1.4986
1.4985
1.4984
1.4982
1.4981
1.498
1.4979
1.4978
1.4976
1.4975
1.4974
1.4973
1.4972
1.4971
1.497
1.4969
1.4967
1.4966
1.4965
1.4964
1.4963
1.4962
1.4961
1.496
1.4959
1.4958
1.4957
1.4956
1.4955
1.4954
1.4953
1.4952
1.4951
1.495
1.495
1.4949
1.4948
1.4947
1.4946
1.4945
1.4944
1.4943
1.4942
1.4942
1.4941
1.494
1.4939
1.4938
1.4938
1.4937
1.4936
1.4935
1.4934
1.4934
1.4933
1.4932
1.4931
1.4931
1.493
1.4929
1.4929
1.4928
1.4927
1.4926
1.4926
1.4925
1.4924
1.4924
1.4923
1.4923
1.4922
1.4921
1.4921
1.492
1.4919
1.4919
1.4918
1.4918
1.4917
1.4917
1.4916
1.4915
1.4915
1.4914
1.4914
1.4913
1.4913
1.4912
1.4912
1.4911
1.4911
1.491
1.491
1.4909
1.4909
1.4908
1.4908
1.4907
1.4907
1.4907
1.4906
1.4906
1.4905
1.4905
1.4904
1.4904
1.4904
1.4903
1.4903
1.4903
1.4902
1.4902
1.4901
1.4901
1.4901
1.49
1.49
1.49
1.4899
1.4899
1.4899
1.4898
1.4898
1.4898
1.4898
1.4897
1.4897
1.4897
1.4896
1.4896
1.4896
1.4896
1.4895
1.4895
1.4895
1.4895
1.4894
1.4894
1.4894
1.4894
1.4894
1.4893
1.4893
1.4893
1.4893
1.4893
1.4892
1.4892
1.4892
1.4892
1.4892
1.4891
1.4891
1.4891
1.4891
1.4891
1.4891
1.4891
1.489
1.489
1.489
1.489
1.489
1.489
1.489
1.489
1.489
1.489
1.4889
1.4889
1.4889
1.4889
1.4889
1.4889
1.4889
1.4889
1.4889
1.4889
1.4889
1.4889
1.4889
1.4889
1.4889
1.4889
1.4889
1.4889
1.4889
1.4888
1.4888
1.4888
1.4888
1.4888
1.4888
1.4888
1.4888
1.4888
1.4889
1.4889
1.4889
1.4889
1.4889
1.4889
1.4889
1.4889
1.4889
1.4889
1.4889
1.4889
1.4889
1.4889
1.4889
1.4889
1.4889
1.4889
1.4889
1.4889
1.489
1.489
1.489
1.489
1.489
1.489
1.489
1.489
1.489
1.489
1.489
1.4891
1.4891
1.4891
1.4891
1.4891
1.4891
1.4891
1.4891
1.4892
1.4892
1.4892
1.4892
1.4892
1.4892
1.4892
1.4893
1.4893
1.4893
1.4893
1.4893
1.4893
1.4894
1.4894
1.4894
1.4894
1.4894
1.4894
1.4895
1.4895
1.4895
1.4895
1.4895
1.4896
1.4896
1.4896
1.4896
1.4896
1.4897
1.4897
1.4897
1.4897
1.4897
1.4898
1.4898
1.4898
1.4898
1.4898
1.4899
1.4899
1.4899
1.4899
1.49
1.49
1.49
1.49
1.4901
1.4901
1.4901
1.4901
1.4901
1.4902
1.4902
1.4902
1.4902
1.4903
1.4903
1.4903
1.4903
1.4904
1.4904
1.4904
1.4905
1.4905
1.4905
1.4905
1.4906
1.4906
1.4906
1.4906
1.4907
1.4907
1.4907
1.4908
1.4908
1.4908
1.4908
1.4909
1.4909
1.4909
1.491
1.491
1.491
1.491
1.4911
1.4911
1.4911
1.4912
1.4912
1.4912
1.4912
1.4913
1.4913
1.4913
1.4914
1.4914
1.4914
1.4915
1.4915
1.4915
1.4916
1.4916
1.4916
1.4916
1.4917
1.4917
1.4917
1.4918
1.4918
1.4918
1.4919
1.4919
1.4919
1.492
1.492
1.492
1.4921
1.4921
1.4921
1.4922
1.4922
1.4922
1.4923
1.4923
1.4923
1.4924
1.4924
1.4924
1.4925
1.4925
1.4925
1.4926
1.4926
1.4926
1.4927
1.4927
1.4927
1.4928
1.4928
1.4928
1.4929
1.4929
1.4929
1.493
1.493
1.493
1.4931
1.4931
1.4932
1.4932
1.4932
1.4933
1.4933
1.4933
1.4934
1.4934
1.4934
1.4935
1.4935
1.4935
1.4936
1.4936
1.4936
1.4937
1.4937
1.4938
1.4938
1.4938
1.4939
1.4939
1.4939
1.494
1.494
1.494
1.4941
1.4941
1.4941
1.4942
1.4942
1.4943
1.4943
1.4943
1.4944
1.4944
1.4944
1.4945
1.4945
1.4945
1.4946
1.4946
1.4946
1.4947
1.4947
1.4948
1.4948
1.4948
1.4949
1.4949
1.4949
1.495
1.495
1.495
1.4951
1.4951
1.4952
1.4952
1.4952
1.4953
1.4953
1.4953
1.4954
1.4954
1.4954
1.4955
1.4955
1.4955
1.4956
1.4956
1.4957
1.4957
1.4957
1.4958
1.4958
1.4958
1.4959
1.4959
1.4959
1.496
1.496
1.4961
1.4961
1.4961
1.4962
1.4962
1.4962
1.4963
1.4963
1.4963
1.4964
1.4964
1.4964
1.4965
1.4965
1.4966
1.4966
1.4966
1.4967
1.4967
1.4967
1.4968
1.4968
1.4968
1.4969
1.4969
1.4969
1.497
1.497
1.497
1.4971
1.4971
1.4972
1.4972
1.4972
1.4973
1.4973
1.4973
1.4974
1.4974
1.4974
1.4975
1.4975
1.4975
1.4976
1.4976
1.4976
1.4977
1.4977
1.4977
1.4978
1.4978
1.4978
1.4979
1.4979
1.4979
1.498
1.498
1.498
1.4981
1.4981
1.4981
1.4982
1.4982
1.4982
1.4983
1.4983
1.4983
1.4984
1.4984
1.4984
1.4985
1.4985
1.4985
1.4986
1.4986
1.4986
1.4987
1.4987
1.4987
1.4988
1.4988
1.4988
1.4989
1.4989
1.4989
1.499
1.499
1.499
1.4991
1.4991
1.4991
1.4992
1.4992
1.4992
1.4992
1.4993
1.4993
1.4993
1.4994
1.4994
1.4994
1.4995
1.4995
1.4995
1.4996
1.4996
1.4996
1.4996
1.4997
1.4997
1.4997
1.4998
1.4998
1.4998
1.4999
1.4999
1.4999
1.4999
1.5
1.5
1.5
1.5001
1.5001
1.5001
1.5001
1.5002
1.5002
1.5002
1.5003
1.5003
1.5003
1.5003
1.5004
1.5004
1.5004
1.5005
1.5005
1.5005
1.5005
1.5006
1.5006
1.5006
1.5007
1.5007
1.5007
1.5007
1.5008
1.5008
1.5008
1.5008
1.5009
1.5009
1.5009
1.5009
1.501
1.501
1.501
1.501
1.5011
1.5011
1.5011
1.5012
1.5012
1.5012
1.5012
1.5013
1.5013
1.5013
1.5013
1.5013
1.5014
1.5014
1.5014
1.5014
1.5015
1.5015
1.5015
1.5015
1.5016
1.5016
1.5016
1.5016
1.5017
1.5017
1.5017
1.5017
1.5018
1.5018
1.5018
1.5018
1.5018
1.5019
1.5019
1.5019
1.5019
1.502
1.502
1.502
1.502
1.502
1.5021
1.5021
1.5021
1.5021
1.5021
1.5022
1.5022
1.5022
1.5022
1.5022
1.5023
1.5023
1.5023
1.5023
1.5023
1.5024
1.5024
1.5024
1.5024
1.5024
1.5025
1.5025
1.5025
1.5025
1.5025
1.5026
1.5026
1.5026
1.5026
1.5026
1.5026
1.5027
1.5027
1.5027
1.5027
1.5027
1.5028
1.5028
1.5028
1.5028
1.5028
1.5028
1.5029
1.5029
1.5029
1.5029
1.5029
1.5029
1.5029
1.503
1.503
1.503
1.503
1.503
1.503
1.5031
1.5031
1.5031
1.5031
1.5031
1.5031
1.5031
1.5032
1.5032
1.5032
1.5032
1.5032
1.5032
1.5032
1.5033
1.5033
1.5033
1.5033
1.5033
1.5033
1.5033
1.5033
1.5034
1.5034
1.5034
1.5034
1.5034
1.5034
1.5034
1.5034
1.5035
1.5035
1.5035
1.5035
1.5035
1.5035
1.5035
1.5035
1.5035
1.5035
1.5036
1.5036
1.5036
1.5036
1.5036
1.5036
1.5036
1.5036
1.5036
1.5036
1.5037
1.5037
1.5037
1.5037
1.5037
1.5037
1.5037
1.5037
1.5037
1.5037
1.5037
1.5037
1.5037
1.5038
1.5038
1.5038
1.5038
1.5038
1.5038
1.5038
1.5038
1.5038
1.5038
1.5038
1.5038
1.5038
1.5038
1.5038
1.5038
1.5039
1.5039
1.5039
1.5039
1.5039
1.5039
1.5039
1.5039
1.5039
1.5039
1.5039
1.5039
1.5039
1.5039
1.5039
1.5039
1.5039
1.5039
1.5039
1.5039
1.5039
1.5039
1.5039
1.5039
1.5039
1.5039
1.5039
1.5039
1.5039
1.5039
1.504
1.504
1.504
1.504
1.504
1.504
1.504
1.504
1.504
1.504
1.504
1.504
1.504
1.504
1.504
1.504
1.504
1.504
1.504
1.504
1.504
1.504
1.5039
1.5039
1.5039
1.5039
1.5039
1.5039
1.5039
1.5039
1.5039
1.5039
1.5039
1.5039
1.5039
1.5039
1.5039
1.5039
1.5039
1.5039
1.5039
1.5039
1.5039
1.5039
1.5039
1.5039
1.5039
1.5039
1.5039
1.5039
1.5039
1.5039
1.5039
1.5038
1.5038
1.5038
1.5038
1.5038
1.5038
1.5038
1.5038
1.5038
1.5038
1.5038
1.5038
1.5038
1.5038
1.5038
1.5038
1.5037
1.5037
1.5037
1.5037
1.5037
1.5037
1.5037
1.5037
1.5037
1.5037
1.5037
1.5037
1.5037
1.5036
1.5036
1.5036
1.5036
1.5036
1.5036
1.5036
1.5036
1.5036
1.5036
1.5035
1.5035
1.5035
1.5035
1.5035
1.5035
1.5035
1.5035
1.5035
1.5035
1.5034
1.5034
1.5034
1.5034
1.5034
1.5034
1.5034
1.5034
1.5034
1.5033
1.5033
1.5033
1.5033
1.5033
1.5033
1.5033
1.5033
1.5032
1.5032
1.5032
1.5032
1.5032
1.5032
1.5032
1.5031
1.5031
1.5031
1.5031
1.5031
1.5031
1.5031
1.503
1.503
1.503
1.503
1.503
1.503
1.503
1.5029
1.5029
1.5029
1.5029
1.5029
1.5029
1.5028
1.5028
1.5028
1.5028
1.5028
1.5028
1.5027
1.5027
1.5027
1.5027
1.5027
1.5027
1.5026
1.5026
1.5026
1.5026
1.5026
1.5026
1.5025
1.5025
1.5025
1.5025
1.5025
1.5024
1.5024
1.5024
1.5024
1.5024
1.5023
1.5023
1.5023
1.5023
1.5023
1.5023
1.5022
1.5022
1.5022
1.5022
1.5022
1.5021
1.5021
1.5021
1.5021
1.5021
1.502
1.502
1.502
1.502
1.5019
1.5019
1.5019
1.5019
1.5019
1.5018
1.5018
1.5018
1.5018
1.5018
1.5017
1.5017
1.5017
1.5017
1.5016
1.5016
1.5016
1.5016
1.5015
1.5015
1.5015
1.5015
1.5015
1.5014
1.5014
1.5014
1.5014
1.5013
1.5013
1.5013
1.5013
1.5012
1.5012
1.5012
1.5012
1.5011
1.5011
1.5011
1.5011
1.501
1.501
1.501
1.501
1.5009
1.5009
1.5009
1.5009
1.5008
1.5008
1.5008
1.5008
1.5007
1.5007
1.5007
1.5007
1.5006
1.5006
1.5006
1.5006
1.5005
1.5005
1.5005
1.5005
1.5004
1.5004
1.5004
1.5003
1.5003
1.5003
1.5003
1.5002
1.5002
1.5002
1.5002
1.5001
1.5001
1.5001
1.5
1.5
1.5
1.5
1.4999
1.4999
1.4999
1.4998
1.4998
1.4998
1.4998
1.4997
1.4997
1.4997
1.4996
1.4996
1.4996
1.4996
1.4995
1.4995
1.4995
1.4994
1.4994
1.4994
1.4994
1.4993
1.4993
1.4993
1.4992
1.4992
1.4992
1.4991
1.4991
1.4991
1.4991
1.499
1.499
1.499
1.4989
1.4989
1.4989
1.4988
1.4988
1.4988
1.4987
1.4987
1.4987
1.4987
1.4986
1.4986
1.4986
1.4985
1.4985
1.4985
1.4984
1.4984
1.4984
1.4983
1.4983
1.4983
1.4982
1.4982
1.4982
1.4981
1.4981
1.4981
1.498
1.498
1.498
1.4979
1.4979
1.4979
1.4979
1.4978
1.4978
1.4978
1.4977
1.4977
1.4977
1.4976
1.4976
1.4976
1.4975
1.4975
1.4975
1.4974
1.4974
1.4974
1.4973
1.4973
1.4973
1.4972
1.4972
1.4972
1.4971
1.4971
1.4971
1.497
1.497
1.497
1.4969
1.4969
1.4969
1.4968
1.4968
1.4968
1.4967
1.4967
1.4966
1.4966
1.4966
1.4965
1.4965
1.4965
1.4964
1.4964
1.4964
1.4963
1.4963
1.4963
1.4962
1.4962
1.4962
1.4961
1.4961
1.4961
1.496
1.496
1.496
1.4959
1.4959
1.4959
1.4958
1.4958
1.4958
1.4957
1.4957
1.4956
1.4956
1.4956
1.4955
1.4955
1.4955
1.4954
1.4954
1.4954
1.4953
1.4953
1.4953
1.4952
1.4952
1.4952
1.4951
1.4951
1.495
1.495
1.495
1.4949
1.4949
1.4949
1.4948
1.4948
1.4948
1.4947
1.4947
1.4947
1.4946
1.4946
1.4946
1.4945
1.4945
1.4944
1.4944
1.4944
1.4943
1.4943
1.4943
1.4942
1.4942
1.4942
1.4941
1.4941
1.4941
1.494
1.494
1.4939
1.4939
1.4939
1.4938
1.4938
1.4938
1.4937
1.4937
1.4937
1.4936
1.4936
1.4936
1.4935
1.4935
1.4934
1.4934
1.4934
1.4933
1.4933
1.4933
1.4932
1.4932
1.4932
1.4931
1.4931
1.4931
1.493
1.493
1.493
1.4929
1.4929
1.4928
1.4928
1.4928
1.4927
1.4927
1.4927
1.4926
1.4926
1.4926
1.4925
1.4925
1.4925
1.4924
1.4924
1.4924
1.4923
1.4923
1.4922
1.4922
1.4922
1.4921
1.4921
1.4921
1.492
1.492
1.492
1.4919
1.4919
1.4919
1.4918
1.4918
1.4918
1.4917
1.4917
1.4917
1.4916
1.4916
1.4916
1.4915
1.4915
1.4915
1.4914
1.4914
1.4913
1.4913
1.4913
1.4912
1.4912
