            0
   4.0000e-05
   7.0000e-05
   1.1000e-04
   1.4000e-04
   1.7000e-04
   2.1000e-04
   2.4000e-04
   2.8000e-04
   3.1000e-04
   3.5000e-04
   3.8000e-04
   4.1000e-04
   4.5000e-04
   4.8000e-04
   5.2000e-04
   5.5000e-04
   5.9000e-04
   6.2000e-04
   6.6000e-04
   6.9000e-04
   7.3000e-04
   7.6000e-04
   8.0000e-04
   8.3000e-04
   8.7000e-04
   9.0000e-04
   9.4000e-04
   9.7000e-04
   1.0100e-03
   1.0400e-03
   1.0800e-03
   1.1200e-03
   1.1500e-03
   1.1900e-03
   1.2200e-03
   1.2600e-03
   1.2900e-03
   1.3300e-03
   1.3700e-03
   1.4000e-03
   1.4400e-03
   1.4800e-03
   1.5100e-03
   1.5500e-03
   1.5900e-03
   1.6200e-03
   1.6600e-03
   1.7000e-03
   1.7300e-03
   1.7700e-03
   1.8100e-03
   1.8400e-03
   1.8800e-03
   1.9200e-03
   1.9500e-03
   1.9900e-03
   2.0300e-03
   2.0700e-03
   2.1000e-03
   2.1400e-03
   2.1800e-03
   2.2200e-03
   2.2600e-03
   2.2900e-03
   2.3300e-03
   2.3700e-03
   2.4100e-03
   2.4500e-03
   2.4900e-03
   2.5200e-03
   2.5600e-03
   2.6000e-03
   2.6400e-03
   2.6800e-03
   2.7200e-03
   2.7600e-03
   2.8000e-03
   2.8400e-03
   2.8800e-03
   2.9200e-03
   2.9600e-03
   3.0000e-03
   3.0300e-03
   3.0700e-03
   3.1100e-03
   3.1500e-03
   3.2000e-03
   3.2400e-03
   3.2800e-03
   3.3200e-03
   3.3600e-03
   3.4000e-03
   3.4400e-03
   3.4800e-03
   3.5200e-03
   3.5600e-03
   3.6000e-03
   3.6400e-03
   3.6900e-03
   3.7300e-03
   3.7700e-03
   3.8100e-03
   3.8500e-03
   3.9000e-03
   3.9400e-03
   3.9800e-03
   4.0200e-03
   4.0600e-03
   4.1100e-03
   4.1500e-03
   4.1900e-03
   4.2400e-03
   4.2800e-03
   4.3200e-03
   4.3700e-03
   4.4100e-03
   4.4500e-03
   4.5000e-03
   4.5400e-03
   4.5800e-03
   4.6300e-03
   4.6700e-03
   4.7200e-03
   4.7600e-03
   4.8100e-03
   4.8500e-03
   4.9000e-03
   4.9400e-03
   4.9900e-03
   5.0300e-03
   5.0800e-03
   5.1200e-03
   5.1700e-03
   5.2100e-03
   5.2600e-03
   5.3100e-03
   5.3500e-03
   5.4000e-03
   5.4400e-03
   5.4900e-03
   5.5400e-03
   5.5800e-03
   5.6300e-03
   5.6800e-03
   5.7300e-03
   5.7700e-03
   5.8200e-03
   5.8700e-03
   5.9200e-03
   5.9600e-03
   6.0100e-03
   6.0600e-03
   6.1100e-03
   6.1600e-03
   6.2100e-03
   6.2600e-03
   6.3000e-03
   6.3500e-03
   6.4000e-03
   6.4500e-03
   6.5000e-03
   6.5500e-03
   6.6000e-03
   6.6500e-03
   6.7000e-03
   6.7500e-03
   6.8000e-03
   6.8500e-03
   6.9000e-03
   6.9500e-03
   7.0100e-03
   7.0600e-03
   7.1100e-03
   7.1600e-03
   7.2100e-03
   7.2600e-03
   7.3200e-03
   7.3700e-03
   7.4200e-03
   7.4700e-03
   7.5300e-03
   7.5800e-03
   7.6300e-03
   7.6900e-03
   7.7400e-03
   7.7900e-03
   7.8500e-03
   7.9000e-03
   7.9500e-03
   8.0100e-03
   8.0600e-03
   8.1200e-03
   8.1700e-03
   8.2300e-03
   8.2800e-03
   8.3400e-03
   8.3900e-03
   8.4500e-03
   8.5000e-03
   8.5600e-03
   8.6200e-03
   8.6700e-03
   8.7300e-03
   8.7800e-03
   8.8400e-03
   8.9000e-03
   8.9600e-03
   9.0100e-03
   9.0700e-03
   9.1300e-03
   9.1900e-03
   9.2400e-03
   9.3000e-03
   9.3600e-03
   9.4200e-03
   9.4800e-03
   9.5400e-03
   9.6000e-03
   9.6600e-03
   9.7200e-03
   9.7800e-03
   9.8300e-03
   9.9000e-03
   9.9600e-03
   1.0020e-02
   1.0080e-02
   1.0140e-02
   1.0200e-02
   1.0260e-02
   1.0320e-02
   1.0380e-02
   1.0440e-02
   1.0510e-02
   1.0570e-02
   1.0630e-02
   1.0690e-02
   1.0760e-02
   1.0820e-02
   1.0880e-02
   1.0950e-02
   1.1010e-02
   1.1070e-02
   1.1140e-02
   1.1200e-02
   1.1270e-02
   1.1330e-02
   1.1400e-02
   1.1460e-02
   1.1530e-02
   1.1590e-02
   1.1660e-02
   1.1720e-02
   1.1790e-02
   1.1850e-02
   1.1920e-02
   1.1990e-02
   1.2050e-02
   1.2120e-02
   1.2190e-02
   1.2260e-02
   1.2320e-02
   1.2390e-02
   1.2460e-02
   1.2530e-02
   1.2600e-02
   1.2670e-02
   1.2730e-02
   1.2800e-02
   1.2870e-02
   1.2940e-02
   1.3010e-02
   1.3080e-02
   1.3150e-02
   1.3220e-02
   1.3290e-02
   1.3360e-02
   1.3440e-02
   1.3510e-02
   1.3580e-02
   1.3650e-02
   1.3720e-02
   1.3790e-02
   1.3870e-02
   1.3940e-02
   1.4010e-02
   1.4090e-02
   1.4160e-02
   1.4230e-02
   1.4310e-02
   1.4380e-02
   1.4450e-02
   1.4530e-02
   1.4600e-02
   1.4680e-02
   1.4750e-02
   1.4830e-02
   1.4900e-02
   1.4980e-02
   1.5060e-02
   1.5130e-02
   1.5210e-02
   1.5290e-02
   1.5360e-02
   1.5440e-02
   1.5520e-02
   1.5600e-02
   1.5670e-02
   1.5750e-02
   1.5830e-02
   1.5910e-02
   1.5990e-02
   1.6070e-02
   1.6150e-02
   1.6230e-02
   1.6310e-02
   1.6390e-02
   1.6470e-02
   1.6550e-02
   1.6630e-02
   1.6710e-02
   1.6790e-02
   1.6870e-02
   1.6950e-02
   1.7040e-02
   1.7120e-02
   1.7200e-02
   1.7280e-02
   1.7370e-02
   1.7450e-02
   1.7530e-02
   1.7620e-02
   1.7700e-02
   1.7790e-02
   1.7870e-02
   1.7960e-02
   1.8040e-02
   1.8130e-02
   1.8210e-02
   1.8300e-02
   1.8380e-02
   1.8470e-02
   1.8560e-02
   1.8640e-02
   1.8730e-02
   1.8820e-02
   1.8900e-02
   1.8990e-02
   1.9080e-02
   1.9170e-02
   1.9260e-02
   1.9350e-02
   1.9440e-02
   1.9530e-02
   1.9620e-02
   1.9710e-02
   1.9800e-02
   1.9890e-02
   1.9980e-02
   2.0070e-02
   2.0160e-02
   2.0250e-02
   2.0340e-02
   2.0430e-02
   2.0530e-02
   2.0620e-02
   2.0710e-02
   2.0810e-02
   2.0900e-02
   2.0990e-02
   2.1090e-02
   2.1180e-02
   2.1280e-02
   2.1370e-02
   2.1470e-02
   2.1560e-02
   2.1660e-02
   2.1750e-02
   2.1850e-02
   2.1950e-02
   2.2040e-02
   2.2140e-02
   2.2240e-02
   2.2330e-02
   2.2430e-02
   2.2530e-02
   2.2630e-02
   2.2730e-02
   2.2830e-02
   2.2930e-02
   2.3030e-02
   2.3130e-02
   2.3230e-02
   2.3330e-02
   2.3430e-02
   2.3530e-02
   2.3630e-02
   2.3730e-02
   2.3830e-02
   2.3930e-02
   2.4040e-02
   2.4140e-02
   2.4240e-02
   2.4350e-02
   2.4450e-02
   2.4550e-02
   2.4660e-02
   2.4760e-02
   2.4870e-02
   2.4970e-02
   2.5080e-02
   2.5180e-02
   2.5290e-02
   2.5390e-02
   2.5500e-02
   2.5610e-02
   2.5720e-02
   2.5820e-02
   2.5930e-02
   2.6040e-02
   2.6150e-02
   2.6260e-02
   2.6360e-02
   2.6470e-02
   2.6580e-02
   2.6690e-02
   2.6800e-02
   2.6910e-02
   2.7020e-02
   2.7130e-02
   2.7250e-02
   2.7360e-02
   2.7470e-02
   2.7580e-02
   2.7690e-02
   2.7810e-02
   2.7920e-02
   2.8030e-02
   2.8150e-02
   2.8260e-02
   2.8380e-02
   2.8490e-02
   2.8610e-02
   2.8720e-02
   2.8840e-02
   2.8950e-02
   2.9070e-02
   2.9190e-02
   2.9300e-02
   2.9420e-02
   2.9540e-02
   2.9650e-02
   2.9770e-02
   2.9890e-02
   3.0010e-02
   3.0130e-02
   3.0250e-02
   3.0370e-02
   3.0490e-02
   3.0610e-02
   3.0730e-02
   3.0850e-02
   3.0970e-02
   3.1090e-02
   3.1220e-02
   3.1340e-02
   3.1460e-02
   3.1580e-02
   3.1710e-02
   3.1830e-02
   3.1950e-02
   3.2080e-02
   3.2200e-02
   3.2330e-02
   3.2450e-02
   3.2580e-02
   3.2700e-02
   3.2830e-02
   3.2960e-02
   3.3080e-02
   3.3210e-02
   3.3340e-02
   3.3470e-02
   3.3600e-02
   3.3720e-02
   3.3850e-02
   3.3980e-02
   3.4110e-02
   3.4240e-02
   3.4370e-02
   3.4500e-02
   3.4630e-02
   3.4760e-02
   3.4900e-02
   3.5030e-02
   3.5160e-02
   3.5290e-02
   3.5430e-02
   3.5560e-02
   3.5690e-02
   3.5830e-02
   3.5960e-02
   3.6090e-02
   3.6230e-02
   3.6370e-02
   3.6500e-02
   3.6640e-02
   3.6770e-02
   3.6910e-02
   3.7050e-02
   3.7180e-02
   3.7320e-02
   3.7460e-02
   3.7600e-02
   3.7740e-02
   3.7880e-02
   3.8020e-02
   3.8160e-02
   3.8300e-02
   3.8440e-02
   3.8580e-02
   3.8720e-02
   3.8860e-02
   3.9000e-02
   3.9140e-02
   3.9290e-02
   3.9430e-02
   3.9570e-02
   3.9720e-02
   3.9860e-02
   4.0010e-02
   4.0150e-02
   4.0300e-02
   4.0440e-02
   4.0590e-02
   4.0730e-02
   4.0880e-02
   4.1030e-02
   4.1170e-02
   4.1320e-02
   4.1470e-02
   4.1620e-02
   4.1770e-02
   4.1920e-02
   4.2070e-02
   4.2220e-02
   4.2370e-02
   4.2520e-02
   4.2670e-02
   4.2820e-02
   4.2970e-02
   4.3120e-02
   4.3280e-02
   4.3430e-02
   4.3580e-02
   4.3730e-02
   4.3890e-02
   4.4040e-02
   4.4200e-02
   4.4350e-02
   4.4510e-02
   4.4660e-02
   4.4820e-02
   4.4980e-02
   4.5130e-02
   4.5290e-02
   4.5450e-02
   4.5610e-02
   4.5760e-02
   4.5920e-02
   4.6080e-02
   4.6240e-02
   4.6400e-02
   4.6560e-02
   4.6720e-02
   4.6880e-02
   4.7050e-02
   4.7210e-02
   4.7370e-02
   4.7530e-02
   4.7700e-02
   4.7860e-02
   4.8020e-02
   4.8190e-02
   4.8350e-02
   4.8520e-02
   4.8680e-02
   4.8850e-02
   4.9010e-02
   4.9180e-02
   4.9350e-02
   4.9510e-02
   4.9680e-02
   4.9850e-02
   5.0020e-02
   5.0190e-02
   5.0360e-02
   5.0530e-02
   5.0700e-02
   5.0870e-02
   5.1040e-02
   5.1210e-02
   5.1380e-02
   5.1550e-02
   5.1720e-02
   5.1900e-02
   5.2070e-02
   5.2240e-02
   5.2420e-02
   5.2590e-02
   5.2770e-02
   5.2940e-02
   5.3120e-02
   5.3290e-02
   5.3470e-02
   5.3650e-02
   5.3820e-02
   5.4000e-02
   5.4180e-02
   5.4360e-02
   5.4540e-02
   5.4720e-02
   5.4900e-02
   5.5080e-02
   5.5260e-02
   5.5440e-02
   5.5620e-02
   5.5800e-02
   5.5980e-02
   5.6160e-02
   5.6350e-02
   5.6530e-02
   5.6710e-02
   5.6900e-02
   5.7080e-02
   5.7270e-02
   5.7450e-02
   5.7640e-02
   5.7830e-02
   5.8010e-02
   5.8200e-02
   5.8390e-02
   5.8570e-02
   5.8760e-02
   5.8950e-02
   5.9140e-02
   5.9330e-02
   5.9520e-02
   5.9710e-02
   5.9900e-02
   6.0090e-02
   6.0280e-02
   6.0480e-02
   6.0670e-02
   6.0860e-02
   6.1060e-02
   6.1250e-02
   6.1440e-02
   6.1640e-02
   6.1830e-02
   6.2030e-02
   6.2230e-02
   6.2420e-02
   6.2620e-02
   6.2820e-02
   6.3010e-02
   6.3210e-02
   6.3410e-02
   6.3610e-02
   6.3810e-02
   6.4010e-02
   6.4210e-02
   6.4410e-02
   6.4610e-02
   6.4810e-02
   6.5010e-02
   6.5220e-02
   6.5420e-02
   6.5620e-02
   6.5830e-02
   6.6030e-02
   6.6240e-02
   6.6440e-02
   6.6650e-02
   6.6850e-02
   6.7060e-02
   6.7270e-02
   6.7470e-02
   6.7680e-02
   6.7890e-02
   6.8100e-02
   6.8310e-02
   6.8520e-02
   6.8730e-02
   6.8940e-02
   6.9150e-02
   6.9360e-02
   6.9570e-02
   6.9780e-02
   6.9990e-02
   7.0210e-02
   7.0420e-02
   7.0640e-02
   7.0850e-02
   7.1070e-02
   7.1280e-02
   7.1500e-02
   7.1710e-02
   7.1930e-02
   7.2150e-02
   7.2360e-02
   7.2580e-02
   7.2800e-02
   7.3020e-02
   7.3240e-02
   7.3460e-02
   7.3680e-02
   7.3900e-02
   7.4120e-02
   7.4340e-02
   7.4570e-02
   7.4790e-02
   7.5010e-02
   7.5240e-02
   7.5460e-02
   7.5690e-02
   7.5910e-02
   7.6140e-02
   7.6360e-02
   7.6590e-02
   7.6820e-02
   7.7040e-02
   7.7270e-02
   7.7500e-02
   7.7730e-02
   7.7960e-02
   7.8190e-02
   7.8420e-02
   7.8650e-02
   7.8880e-02
   7.9110e-02
   7.9340e-02
   7.9580e-02
   7.9810e-02
   8.0040e-02
   8.0280e-02
   8.0510e-02
   8.0750e-02
   8.0980e-02
   8.1220e-02
   8.1450e-02
   8.1690e-02
   8.1930e-02
   8.2170e-02
   8.2410e-02
   8.2640e-02
   8.2880e-02
   8.3120e-02
   8.3360e-02
   8.3600e-02
   8.3850e-02
   8.4090e-02
   8.4330e-02
   8.4570e-02
   8.4820e-02
   8.5060e-02
   8.5300e-02
   8.5550e-02
   8.5790e-02
   8.6040e-02
   8.6290e-02
   8.6530e-02
   8.6780e-02
   8.7030e-02
   8.7280e-02
   8.7530e-02
   8.7770e-02
   8.8020e-02
   8.8270e-02
   8.8530e-02
   8.8780e-02
   8.9030e-02
   8.9280e-02
   8.9530e-02
   8.9790e-02
   9.0040e-02
   9.0300e-02
   9.0550e-02
   9.0810e-02
   9.1060e-02
   9.1320e-02
   9.1570e-02
   9.1830e-02
   9.2090e-02
   9.2350e-02
   9.2610e-02
   9.2870e-02
   9.3130e-02
   9.3390e-02
   9.3650e-02
   9.3910e-02
   9.4170e-02
   9.4430e-02
   9.4700e-02
   9.4960e-02
   9.5220e-02
   9.5490e-02
   9.5750e-02
   9.6020e-02
   9.6290e-02
   9.6550e-02
   9.6820e-02
   9.7090e-02
   9.7350e-02
   9.7620e-02
   9.7890e-02
   9.8160e-02
   9.8430e-02
   9.8700e-02
   9.8980e-02
   9.9250e-02
   9.9520e-02
   9.9790e-02
   1.0007e-01
   1.0034e-01
   1.0061e-01
   1.0089e-01
   1.0117e-01
   1.0144e-01
   1.0172e-01
   1.0200e-01
   1.0227e-01
   1.0255e-01
   1.0283e-01
   1.0311e-01
   1.0339e-01
   1.0367e-01
   1.0395e-01
   1.0423e-01
   1.0451e-01
   1.0480e-01
   1.0508e-01
   1.0536e-01
   1.0565e-01
   1.0593e-01
   1.0622e-01
   1.0650e-01
   1.0679e-01
   1.0708e-01
   1.0737e-01
   1.0765e-01
   1.0794e-01
   1.0823e-01
   1.0852e-01
   1.0881e-01
   1.0910e-01
   1.0939e-01
   1.0969e-01
   1.0998e-01
   1.1027e-01
   1.1057e-01
   1.1086e-01
   1.1115e-01
   1.1145e-01
   1.1175e-01
   1.1204e-01
   1.1234e-01
   1.1264e-01
   1.1294e-01
   1.1323e-01
   1.1353e-01
   1.1383e-01
   1.1413e-01
   1.1444e-01
   1.1474e-01
   1.1504e-01
   1.1534e-01
   1.1565e-01
   1.1595e-01
   1.1625e-01
   1.1656e-01
   1.1686e-01
   1.1717e-01
   1.1748e-01
   1.1778e-01
   1.1809e-01
   1.1840e-01
   1.1871e-01
   1.1902e-01
   1.1933e-01
   1.1964e-01
   1.1995e-01
   1.2026e-01
   1.2058e-01
   1.2089e-01
   1.2120e-01
   1.2152e-01
   1.2183e-01
   1.2215e-01
   1.2246e-01
   1.2278e-01
   1.2310e-01
   1.2342e-01
   1.2374e-01
   1.2405e-01
   1.2437e-01
   1.2469e-01
   1.2502e-01
   1.2534e-01
   1.2566e-01
   1.2598e-01
   1.2630e-01
   1.2663e-01
   1.2695e-01
   1.2728e-01
   1.2760e-01
   1.2793e-01
   1.2826e-01
   1.2859e-01
   1.2891e-01
   1.2924e-01
   1.2957e-01
   1.2990e-01
   1.3023e-01
   1.3056e-01
   1.3090e-01
   1.3123e-01
   1.3156e-01
   1.3189e-01
   1.3223e-01
   1.3256e-01
   1.3290e-01
   1.3324e-01
   1.3357e-01
   1.3391e-01
   1.3425e-01
   1.3459e-01
   1.3493e-01
   1.3527e-01
   1.3561e-01
   1.3595e-01
   1.3629e-01
   1.3663e-01
   1.3697e-01
   1.3732e-01
   1.3766e-01
   1.3801e-01
   1.3835e-01
   1.3870e-01
   1.3905e-01
   1.3939e-01
   1.3974e-01
   1.4009e-01
   1.4044e-01
   1.4079e-01
   1.4114e-01
   1.4149e-01
   1.4184e-01
   1.4220e-01
   1.4255e-01
   1.4290e-01
   1.4326e-01
   1.4361e-01
   1.4397e-01
   1.4433e-01
   1.4468e-01
   1.4504e-01
   1.4540e-01
   1.4576e-01
   1.4612e-01
   1.4648e-01
   1.4684e-01
   1.4720e-01
   1.4756e-01
   1.4793e-01
   1.4829e-01
   1.4866e-01
   1.4902e-01
   1.4939e-01
   1.4975e-01
   1.5012e-01
   1.5049e-01
   1.5086e-01
   1.5123e-01
   1.5160e-01
   1.5197e-01
   1.5234e-01
   1.5271e-01
   1.5308e-01
   1.5346e-01
   1.5383e-01
   1.5420e-01
   1.5458e-01
   1.5495e-01
   1.5533e-01
   1.5571e-01
   1.5609e-01
   1.5647e-01
   1.5684e-01
   1.5722e-01
   1.5761e-01
   1.5799e-01
   1.5837e-01
   1.5875e-01
   1.5914e-01
   1.5952e-01
   1.5990e-01
   1.6029e-01
   1.6068e-01
   1.6106e-01
   1.6145e-01
   1.6184e-01
   1.6223e-01
   1.6262e-01
   1.6301e-01
   1.6340e-01
   1.6379e-01
   1.6419e-01
   1.6458e-01
   1.6497e-01
   1.6537e-01
   1.6576e-01
   1.6616e-01
   1.6656e-01
   1.6695e-01
   1.6735e-01
   1.6775e-01
   1.6815e-01
   1.6855e-01
   1.6895e-01
   1.6936e-01
   1.6976e-01
   1.7016e-01
   1.7057e-01
   1.7097e-01
   1.7138e-01
   1.7178e-01
   1.7219e-01
   1.7260e-01
   1.7301e-01
   1.7342e-01
   1.7383e-01
   1.7424e-01
   1.7465e-01
   1.7506e-01
   1.7548e-01
   1.7589e-01
   1.7630e-01
   1.7672e-01
   1.7714e-01
   1.7755e-01
   1.7797e-01
   1.7839e-01
   1.7881e-01
   1.7923e-01
   1.7965e-01
   1.8007e-01
   1.8049e-01
   1.8092e-01
   1.8134e-01
   1.8176e-01
   1.8219e-01
   1.8262e-01
   1.8304e-01
   1.8347e-01
   1.8390e-01
   1.8433e-01
   1.8476e-01
   1.8519e-01
   1.8562e-01
   1.8605e-01
   1.8649e-01
   1.8692e-01
   1.8735e-01
   1.8779e-01
   1.8823e-01
   1.8866e-01
   1.8910e-01
   1.8954e-01
   1.8998e-01
   1.9042e-01
   1.9086e-01
   1.9130e-01
   1.9175e-01
   1.9219e-01
   1.9263e-01
   1.9308e-01
   1.9352e-01
   1.9397e-01
   1.9442e-01
   1.9487e-01
   1.9532e-01
   1.9577e-01
   1.9622e-01
   1.9667e-01
   1.9712e-01
   1.9757e-01
   1.9803e-01
   1.9848e-01
   1.9894e-01
   1.9940e-01
   1.9985e-01
   2.0031e-01
   2.0077e-01
   2.0123e-01
   2.0169e-01
   2.0215e-01
   2.0261e-01
   2.0308e-01
   2.0354e-01
   2.0401e-01
   2.0447e-01
   2.0494e-01
   2.0541e-01
   2.0588e-01
   2.0634e-01
   2.0681e-01
   2.0729e-01
   2.0776e-01
   2.0823e-01
   2.0870e-01
   2.0918e-01
   2.0965e-01
   2.1013e-01
   2.1061e-01
   2.1108e-01
   2.1156e-01
   2.1204e-01
   2.1252e-01
   2.1300e-01
   2.1349e-01
   2.1397e-01
   2.1445e-01
   2.1494e-01
   2.1542e-01
   2.1591e-01
   2.1640e-01
   2.1689e-01
   2.1738e-01
   2.1787e-01
   2.1836e-01
   2.1885e-01
   2.1934e-01
   2.1984e-01
   2.2033e-01
   2.2083e-01
   2.2132e-01
   2.2182e-01
   2.2232e-01
   2.2282e-01
   2.2332e-01
   2.2382e-01
   2.2432e-01
   2.2483e-01
   2.2533e-01
   2.2584e-01
   2.2634e-01
   2.2685e-01
   2.2736e-01
   2.2786e-01
   2.2837e-01
   2.2889e-01
   2.2940e-01
   2.2991e-01
   2.3042e-01
   2.3094e-01
   2.3145e-01
   2.3197e-01
   2.3249e-01
   2.3300e-01
   2.3352e-01
   2.3404e-01
   2.3456e-01
   2.3509e-01
   2.3561e-01
   2.3613e-01
   2.3666e-01
   2.3718e-01
   2.3771e-01
   2.3824e-01
   2.3877e-01
   2.3930e-01
   2.3983e-01
   2.4036e-01
   2.4089e-01
   2.4143e-01
   2.4196e-01
   2.4250e-01
   2.4304e-01
   2.4357e-01
   2.4411e-01
   2.4465e-01
   2.4519e-01
   2.4574e-01
   2.4628e-01
   2.4682e-01
   2.4737e-01
   2.4791e-01
   2.4846e-01
   2.4901e-01
   2.4956e-01
   2.5011e-01
   2.5066e-01
   2.5121e-01
   2.5176e-01
   2.5232e-01
   2.5287e-01
   2.5343e-01
   2.5399e-01
   2.5455e-01
   2.5511e-01
   2.5567e-01
   2.5623e-01
   2.5679e-01
   2.5736e-01
   2.5792e-01
   2.5849e-01
   2.5905e-01
   2.5962e-01
   2.6019e-01
   2.6076e-01
   2.6133e-01
   2.6191e-01
   2.6248e-01
   2.6305e-01
   2.6363e-01
   2.6421e-01
   2.6478e-01
   2.6536e-01
   2.6594e-01
   2.6653e-01
   2.6711e-01
   2.6769e-01
   2.6828e-01
   2.6886e-01
   2.6945e-01
   2.7004e-01
   2.7063e-01
   2.7122e-01
   2.7181e-01
   2.7240e-01
   2.7299e-01
   2.7359e-01
   2.7418e-01
   2.7478e-01
   2.7538e-01
   2.7598e-01
   2.7658e-01
   2.7718e-01
   2.7779e-01
   2.7839e-01
   2.7899e-01
   2.7960e-01
   2.8021e-01
   2.8082e-01
   2.8143e-01
   2.8204e-01
   2.8265e-01
   2.8327e-01
   2.8388e-01
   2.8450e-01
   2.8511e-01
   2.8573e-01
   2.8635e-01
   2.8697e-01
   2.8759e-01
   2.8822e-01
   2.8884e-01
   2.8947e-01
   2.9010e-01
   2.9072e-01
   2.9135e-01
   2.9198e-01
   2.9262e-01
   2.9325e-01
   2.9388e-01
   2.9452e-01
   2.9516e-01
   2.9580e-01
   2.9643e-01
   2.9708e-01
   2.9772e-01
   2.9836e-01
   2.9901e-01
   2.9965e-01
   3.0030e-01
   3.0095e-01
   3.0160e-01
   3.0225e-01
   3.0290e-01
   3.0355e-01
   3.0421e-01
   3.0487e-01
   3.0552e-01
   3.0618e-01
   3.0684e-01
   3.0750e-01
   3.0817e-01
   3.0883e-01
   3.0950e-01
   3.1016e-01
   3.1083e-01
   3.1150e-01
   3.1217e-01
   3.1285e-01
   3.1352e-01
   3.1419e-01
   3.1487e-01
   3.1555e-01
   3.1623e-01
   3.1691e-01
   3.1759e-01
   3.1827e-01
   3.1896e-01
   3.1965e-01
   3.2033e-01
   3.2102e-01
   3.2171e-01
   3.2240e-01
   3.2310e-01
   3.2379e-01
   3.2449e-01
   3.2519e-01
   3.2588e-01
   3.2659e-01
   3.2729e-01
   3.2799e-01
   3.2870e-01
   3.2940e-01
   3.3011e-01
   3.3082e-01
   3.3153e-01
   3.3224e-01
   3.3296e-01
   3.3367e-01
   3.3439e-01
   3.3511e-01
   3.3582e-01
   3.3655e-01
   3.3727e-01
   3.3799e-01
   3.3872e-01
   3.3945e-01
   3.4017e-01
   3.4090e-01
   3.4164e-01
   3.4237e-01
   3.4310e-01
   3.4384e-01
   3.4458e-01
   3.4532e-01
   3.4606e-01
   3.4680e-01
   3.4755e-01
   3.4829e-01
   3.4904e-01
   3.4979e-01
   3.5054e-01
   3.5129e-01
   3.5205e-01
   3.5280e-01
   3.5356e-01
   3.5432e-01
   3.5508e-01
   3.5584e-01
   3.5660e-01
   3.5737e-01
   3.5814e-01
   3.5890e-01
   3.5967e-01
   3.6045e-01
   3.6122e-01
   3.6200e-01
   3.6277e-01
   3.6355e-01
   3.6433e-01
   3.6511e-01
   3.6590e-01
   3.6668e-01
   3.6747e-01
   3.6826e-01
   3.6905e-01
   3.6984e-01
   3.7064e-01
   3.7143e-01
   3.7223e-01
   3.7303e-01
   3.7383e-01
   3.7463e-01
   3.7544e-01
   3.7624e-01
   3.7705e-01
   3.7786e-01
   3.7867e-01
   3.7949e-01
   3.8030e-01
   3.8112e-01
   3.8194e-01
   3.8276e-01
   3.8358e-01
   3.8441e-01
   3.8524e-01
   3.8606e-01
   3.8689e-01
   3.8773e-01
   3.8856e-01
   3.8940e-01
   3.9023e-01
   3.9107e-01
   3.9192e-01
   3.9276e-01
   3.9360e-01
   3.9445e-01
   3.9530e-01
   3.9615e-01
   3.9700e-01
   3.9786e-01
   3.9872e-01
   3.9958e-01
   4.0044e-01
   4.0130e-01
   4.0216e-01
   4.0303e-01
   4.0390e-01
   4.0477e-01
   4.0564e-01
   4.0652e-01
   4.0740e-01
   4.0828e-01
   4.0916e-01
   4.1004e-01
   4.1093e-01
   4.1181e-01
   4.1270e-01
   4.1359e-01
   4.1449e-01
   4.1538e-01
   4.1628e-01
   4.1718e-01
   4.1808e-01
   4.1899e-01
   4.1989e-01
   4.2080e-01
   4.2171e-01
   4.2262e-01
   4.2354e-01
   4.2446e-01
   4.2537e-01
   4.2630e-01
   4.2722e-01
   4.2815e-01
   4.2907e-01
   4.3000e-01
   4.3094e-01
   4.3187e-01
   4.3281e-01
   4.3375e-01
   4.3469e-01
   4.3563e-01
   4.3658e-01
   4.3753e-01
   4.3848e-01
   4.3943e-01
   4.4039e-01
   4.4134e-01
   4.4230e-01
   4.4327e-01
   4.4423e-01
   4.4520e-01
   4.4617e-01
   4.4714e-01
   4.4811e-01
   4.4909e-01
   4.5007e-01
   4.5105e-01
   4.5203e-01
   4.5302e-01
   4.5401e-01
   4.5500e-01
   4.5599e-01
   4.5699e-01
   4.5799e-01
   4.5899e-01
   4.5999e-01
   4.6100e-01
   4.6201e-01
   4.6302e-01
   4.6403e-01
   4.6505e-01
   4.6607e-01
   4.6709e-01
   4.6811e-01
   4.6914e-01
   4.7017e-01
   4.7120e-01
   4.7223e-01
   4.7327e-01
   4.7431e-01
   4.7535e-01
   4.7640e-01
   4.7745e-01
   4.7850e-01
   4.7955e-01
   4.8061e-01
   4.8166e-01
   4.8273e-01
   4.8379e-01
   4.8486e-01
   4.8593e-01
   4.8700e-01
   4.8807e-01
   4.8915e-01
   4.9023e-01
   4.9132e-01
   4.9240e-01
   4.9349e-01
   4.9458e-01
   4.9568e-01
   4.9678e-01
   4.9788e-01
   4.9898e-01
   5.0009e-01
   5.0120e-01
   5.0231e-01
   5.0343e-01
   5.0454e-01
   5.0567e-01
   5.0679e-01
   5.0792e-01
   5.0905e-01
   5.1018e-01
   5.1132e-01
   5.1246e-01
   5.1360e-01
   5.1475e-01
   5.1590e-01
   5.1705e-01
   5.1820e-01
   5.1936e-01
   5.2052e-01
   5.2169e-01
   5.2285e-01
   5.2403e-01
   5.2520e-01
   5.2638e-01
   5.2756e-01
   5.2874e-01
   5.2993e-01
   5.3112e-01
   5.3231e-01
   5.3351e-01
   5.3471e-01
   5.3591e-01
   5.3712e-01
   5.3833e-01
   5.3954e-01
   5.4076e-01
   5.4198e-01
   5.4320e-01
   5.4443e-01
   5.4566e-01
   5.4690e-01
   5.4813e-01
   5.4937e-01
   5.5062e-01
   5.5187e-01
   5.5312e-01
   5.5437e-01
   5.5563e-01
   5.5689e-01
   5.5816e-01
   5.5943e-01
   5.6070e-01
   5.6198e-01
   5.6326e-01
   5.6454e-01
   5.6583e-01
   5.6712e-01
   5.6842e-01
   5.6972e-01
   5.7102e-01
   5.7233e-01
   5.7364e-01
   5.7495e-01
   5.7627e-01
   5.7759e-01
   5.7892e-01
   5.8025e-01
   5.8158e-01
   5.8292e-01
   5.8426e-01
   5.8560e-01
   5.8695e-01
   5.8831e-01
   5.8966e-01
   5.9102e-01
   5.9239e-01
   5.9376e-01
   5.9513e-01
   5.9651e-01
   5.9789e-01
   5.9928e-01
   6.0067e-01
   6.0206e-01
   6.0346e-01
   6.0486e-01
   6.0627e-01
   6.0768e-01
   6.0909e-01
   6.1051e-01
   6.1194e-01
   6.1336e-01
   6.1480e-01
   6.1623e-01
   6.1767e-01
   6.1912e-01
   6.2057e-01
   6.2202e-01
   6.2348e-01
   6.2494e-01
   6.2641e-01
   6.2788e-01
   6.2936e-01
   6.3084e-01
   6.3233e-01
   6.3382e-01
   6.3531e-01
   6.3681e-01
   6.3832e-01
   6.3982e-01
   6.4134e-01
   6.4286e-01
   6.4438e-01
   6.4591e-01
   6.4744e-01
   6.4898e-01
   6.5052e-01
   6.5207e-01
   6.5362e-01
   6.5517e-01
   6.5674e-01
   6.5830e-01
   6.5987e-01
   6.6145e-01
   6.6303e-01
   6.6462e-01
   6.6621e-01
   6.6781e-01
   6.6941e-01
   6.7102e-01
   6.7263e-01
   6.7425e-01
   6.7587e-01
   6.7750e-01
   6.7913e-01
   6.8077e-01
   6.8241e-01
   6.8406e-01
   6.8571e-01
   6.8737e-01
   6.8904e-01
   6.9071e-01
   6.9238e-01
   6.9407e-01
   6.9575e-01
   6.9744e-01
   6.9914e-01
   7.0084e-01
   7.0255e-01
   7.0427e-01
   7.0599e-01
   7.0771e-01
   7.0945e-01
   7.1118e-01
   7.1293e-01
   7.1467e-01
   7.1643e-01
   7.1819e-01
   7.1995e-01
   7.2173e-01
   7.2350e-01
   7.2529e-01
   7.2708e-01
   7.2887e-01
   7.3067e-01
   7.3248e-01
   7.3430e-01
   7.3612e-01
   7.3794e-01
   7.3977e-01
   7.4161e-01
   7.4346e-01
   7.4531e-01
   7.4716e-01
   7.4903e-01
   7.5090e-01
   7.5277e-01
   7.5465e-01
   7.5654e-01
   7.5844e-01
   7.6034e-01
   7.6225e-01
   7.6416e-01
   7.6608e-01
   7.6801e-01
   7.6994e-01
   7.7188e-01
   7.7383e-01
   7.7578e-01
   7.7775e-01
   7.7971e-01
   7.8169e-01
   7.8367e-01
   7.8566e-01
   7.8765e-01
   7.8965e-01
   7.9166e-01
   7.9368e-01
   7.9570e-01
   7.9773e-01
   7.9976e-01
   8.0181e-01
   8.0386e-01
   8.0591e-01
   8.0798e-01
   8.1005e-01
   8.1213e-01
   8.1422e-01
   8.1631e-01
   8.1841e-01
   8.2052e-01
   8.2263e-01
   8.2476e-01
   8.2689e-01
   8.2903e-01
   8.3117e-01
   8.3332e-01
   8.3548e-01
   8.3765e-01
   8.3983e-01
   8.4201e-01
   8.4420e-01
   8.4640e-01
   8.4861e-01
   8.5082e-01
   8.5304e-01
   8.5527e-01
   8.5751e-01
   8.5979e-01
   8.6199e-01
   8.6429e-01
   8.6659e-01
   8.6879e-01
   8.7109e-01
   8.7339e-01
   8.7569e-01
   8.7799e-01
   8.8029e-01
   8.8269e-01
   8.8499e-01
   8.8729e-01
   8.8969e-01
   8.9199e-01
   8.9439e-01
   8.9679e-01
   8.9919e-01
   9.0159e-01
   9.0399e-01
   9.0639e-01
   9.0879e-01
   9.1119e-01
   9.1369e-01
   9.1609e-01
   9.1859e-01
   9.2099e-01
   9.2349e-01
   9.2599e-01
   9.2849e-01
   9.3099e-01
   9.3349e-01
   9.3599e-01
   9.3849e-01
   9.4099e-01
   9.4359e-01
   9.4609e-01
   9.4869e-01
   9.5119e-01
   9.5379e-01
   9.5639e-01
   9.5899e-01
   9.6159e-01
   9.6419e-01
   9.6689e-01
   9.6949e-01
   9.7209e-01
   9.7479e-01
   9.7739e-01
   9.8009e-01
   9.8279e-01
   9.8549e-01
   9.8819e-01
   9.9089e-01
   9.9359e-01
   9.9629e-01
   9.9909e-01
   1.0018e+00
   1.0046e+00
   1.0073e+00
   1.0101e+00
   1.0129e+00
   1.0157e+00
   1.0185e+00
   1.0213e+00
   1.0241e+00
   1.0269e+00
   1.0298e+00
   1.0326e+00
   1.0355e+00
   1.0384e+00
   1.0413e+00
   1.0441e+00
   1.0471e+00
   1.0500e+00
   1.0529e+00
   1.0558e+00
   1.0588e+00
   1.0617e+00
   1.0647e+00
   1.0676e+00
   1.0706e+00
   1.0736e+00
   1.0766e+00
   1.0796e+00
   1.0826e+00
   1.0857e+00
   1.0887e+00
   1.0918e+00
   1.0948e+00
   1.0979e+00
   1.1010e+00
   1.1041e+00
   1.1072e+00
   1.1103e+00
   1.1134e+00
   1.1166e+00
   1.1197e+00
   1.1229e+00
   1.1260e+00
   1.1292e+00
   1.1324e+00
   1.1356e+00
   1.1388e+00
   1.1420e+00
   1.1452e+00
   1.1485e+00
   1.1517e+00
   1.1550e+00
   1.1582e+00
   1.1615e+00
   1.1648e+00
   1.1681e+00
   1.1714e+00
   1.1747e+00
   1.1781e+00
   1.1814e+00
   1.1848e+00
   1.1881e+00
   1.1915e+00
   1.1949e+00
   1.1983e+00
   1.2017e+00
   1.2051e+00
   1.2085e+00
   1.2119e+00
   1.2154e+00
   1.2188e+00
   1.2223e+00
   1.2257e+00
   1.2292e+00
   1.2327e+00
   1.2362e+00
   1.2397e+00
   1.2433e+00
   1.2468e+00
   1.2503e+00
   1.2539e+00
   1.2574e+00
   1.2610e+00
   1.2646e+00
   1.2682e+00
   1.2718e+00
   1.2754e+00
   1.2790e+00
   1.2826e+00
   1.2863e+00
   1.2899e+00
   1.2936e+00
   1.2973e+00
   1.3009e+00
   1.3046e+00
   1.3083e+00
   1.3120e+00
   1.3157e+00
   1.3195e+00
   1.3232e+00
   1.3269e+00
   1.3307e+00
   1.3345e+00
   1.3382e+00
   1.3420e+00
   1.3458e+00
   1.3496e+00
   1.3534e+00
   1.3572e+00
   1.3610e+00
   1.3649e+00
   1.3687e+00
   1.3726e+00
   1.3764e+00
   1.3803e+00
   1.3842e+00
   1.3880e+00
   1.3919e+00
   1.3958e+00
   1.3997e+00
   1.4037e+00
   1.4076e+00
   1.4115e+00
   1.4154e+00
   1.4194e+00
   1.4233e+00
   1.4273e+00
   1.4313e+00
   1.4352e+00
   1.4392e+00
   1.4432e+00
   1.4472e+00
   1.4512e+00
   1.4552e+00
   1.4593e+00
   1.4633e+00
   1.4673e+00
   1.4713e+00
   1.4754e+00
   1.4794e+00
   1.4835e+00
   1.4876e+00
   1.4916e+00
   1.4957e+00
   1.4998e+00
   1.5039e+00
   1.5080e+00
   1.5121e+00
   1.5162e+00
   1.5203e+00
   1.5244e+00
   1.5285e+00
   1.5326e+00
   1.5368e+00
   1.5409e+00
   1.5450e+00
   1.5492e+00
   1.5533e+00
   1.5575e+00
   1.5616e+00
   1.5658e+00
   1.5700e+00
   1.5741e+00
   1.5783e+00
   1.5825e+00
   1.5867e+00
   1.5909e+00
   1.5950e+00
   1.5992e+00
   1.6034e+00
   1.6076e+00
   1.6118e+00
   1.6160e+00
   1.6202e+00
   1.6244e+00
   1.6287e+00
   1.6329e+00
   1.6371e+00
   1.6413e+00
   1.6455e+00
   1.6497e+00
   1.6540e+00
   1.6582e+00
   1.6624e+00
   1.6666e+00
   1.6709e+00
   1.6751e+00
   1.6793e+00
   1.6835e+00
   1.6878e+00
   1.6920e+00
   1.6962e+00
   1.7005e+00
   1.7047e+00
   1.7089e+00
   1.7132e+00
   1.7174e+00
   1.7216e+00
   1.7259e+00
   1.7301e+00
   1.7343e+00
   1.7385e+00
   1.7428e+00
   1.7470e+00
   1.7512e+00
   1.7554e+00
   1.7597e+00
   1.7639e+00
   1.7681e+00
   1.7723e+00
   1.7765e+00
   1.7807e+00
   1.7849e+00
   1.7892e+00
   1.7934e+00
   1.7976e+00
   1.8018e+00
   1.8060e+00
   1.8101e+00
   1.8143e+00
   1.8185e+00
   1.8227e+00
   1.8269e+00
   1.8311e+00
   1.8352e+00
   1.8394e+00
   1.8436e+00
   1.8477e+00
   1.8519e+00
   1.8560e+00
   1.8602e+00
   1.8643e+00
   1.8684e+00
   1.8726e+00
   1.8767e+00
   1.8808e+00
   1.8849e+00
   1.8890e+00
   1.8932e+00
   1.8973e+00
   1.9013e+00
   1.9054e+00
   1.9095e+00
   1.9136e+00
   1.9177e+00
   1.9217e+00
   1.9258e+00
   1.9298e+00
   1.9339e+00
   1.9379e+00
   1.9420e+00
   1.9460e+00
   1.9500e+00
   1.9540e+00
   1.9580e+00
   1.9620e+00
   1.9660e+00
   1.9700e+00
   1.9740e+00
   1.9779e+00
   1.9819e+00
   1.9858e+00
   1.9898e+00
   1.9937e+00
   1.9976e+00
   2.0016e+00
   2.0055e+00
   2.0094e+00
   2.0133e+00
   2.0172e+00
   2.0210e+00
   2.0249e+00
   2.0288e+00
   2.0326e+00
   2.0365e+00
   2.0403e+00
   2.0441e+00
   2.0480e+00
   2.0518e+00
   2.0556e+00
   2.0594e+00
   2.0631e+00
   2.0669e+00
   2.0707e+00
   2.0744e+00
   2.0782e+00
   2.0819e+00
   2.0856e+00
   2.0893e+00
   2.0931e+00
   2.0967e+00
   2.1004e+00
   2.1041e+00
   2.1078e+00
   2.1114e+00
   2.1151e+00
   2.1187e+00
   2.1224e+00
   2.1260e+00
   2.1296e+00
   2.1332e+00
   2.1368e+00
   2.1403e+00
   2.1439e+00
   2.1475e+00
   2.1510e+00
   2.1545e+00
   2.1581e+00
   2.1616e+00
   2.1651e+00
   2.1686e+00
   2.1721e+00
   2.1755e+00
   2.1790e+00
   2.1824e+00
   2.1859e+00
   2.1893e+00
   2.1927e+00
   2.1961e+00
   2.1995e+00
   2.2029e+00
   2.2063e+00
   2.2097e+00
   2.2130e+00
   2.2164e+00
   2.2197e+00
   2.2230e+00
   2.2263e+00
   2.2296e+00
   2.2329e+00
   2.2362e+00
   2.2395e+00
   2.2427e+00
   2.2460e+00
   2.2492e+00
   2.2524e+00
   2.2557e+00
   2.2589e+00
   2.2620e+00
   2.2652e+00
   2.2684e+00
   2.2716e+00
   2.2747e+00
   2.2778e+00
   2.2810e+00
   2.2841e+00
   2.2872e+00
   2.2903e+00
   2.2934e+00
   2.2964e+00
   2.2995e+00
   2.3025e+00
   2.3056e+00
   2.3086e+00
   2.3116e+00
   2.3146e+00
   2.3176e+00
   2.3206e+00
   2.3236e+00
   2.3265e+00
   2.3295e+00
   2.3324e+00
   2.3354e+00
   2.3383e+00
   2.3412e+00
   2.3441e+00
   2.3470e+00
   2.3498e+00
   2.3527e+00
   2.3556e+00
   2.3584e+00
   2.3612e+00
   2.3641e+00
   2.3669e+00
   2.3697e+00
   2.3725e+00
   2.3752e+00
   2.3780e+00
   2.3808e+00
   2.3835e+00
   2.3862e+00
   2.3890e+00
   2.3917e+00
   2.3944e+00
   2.3971e+00
   2.3998e+00
   2.4024e+00
   2.4051e+00
   2.4078e+00
   2.4104e+00
   2.4130e+00
   2.4156e+00
   2.4183e+00
   2.4209e+00
   2.4234e+00
   2.4260e+00
   2.4286e+00
   2.4312e+00
   2.4337e+00
   2.4362e+00
   2.4388e+00
   2.4413e+00
   2.4438e+00
   2.4463e+00
   2.4488e+00
   2.4513e+00
   2.4537e+00
   2.4562e+00
   2.4586e+00
   2.4611e+00
   2.4635e+00
   2.4659e+00
   2.4683e+00
   2.4707e+00
   2.4731e+00
   2.4755e+00
   2.4779e+00
   2.4802e+00
   2.4826e+00
   2.4849e+00
   2.4873e+00
   2.4896e+00
   2.4919e+00
   2.4942e+00
   2.4965e+00
   2.4988e+00
   2.5011e+00
   2.5033e+00
   2.5056e+00
   2.5078e+00
   2.5101e+00
   2.5123e+00
   2.5145e+00
   2.5167e+00
   2.5189e+00
   2.5211e+00
   2.5233e+00
   2.5255e+00
   2.5276e+00
   2.5298e+00
   2.5319e+00
   2.5341e+00
   2.5362e+00
   2.5383e+00
   2.5404e+00
   2.5425e+00
   2.5446e+00
   2.5467e+00
   2.5488e+00
   2.5508e+00
   2.5529e+00
   2.5549e+00
   2.5570e+00
   2.5590e+00
   2.5610e+00
   2.5630e+00
   2.5650e+00
   2.5670e+00
   2.5690e+00
   2.5710e+00
   2.5730e+00
   2.5749e+00
   2.5769e+00
   2.5788e+00
   2.5808e+00
   2.5827e+00
   2.5846e+00
   2.5865e+00
   2.5884e+00
   2.5903e+00
   2.5922e+00
   2.5941e+00
   2.5960e+00
   2.5978e+00
   2.5997e+00
   2.6015e+00
   2.6034e+00
   2.6052e+00
   2.6070e+00
   2.6088e+00
   2.6107e+00
   2.6124e+00
   2.6142e+00
   2.6160e+00
   2.6178e+00
   2.6196e+00
   2.6213e+00
   2.6231e+00
   2.6248e+00
   2.6266e+00
   2.6283e+00
   2.6300e+00
   2.6317e+00
   2.6334e+00
   2.6351e+00
   2.6368e+00
   2.6385e+00
   2.6402e+00
   2.6418e+00
   2.6435e+00
   2.6452e+00
   2.6468e+00
   2.6484e+00
   2.6501e+00
   2.6517e+00
   2.6533e+00
   2.6549e+00
   2.6565e+00
   2.6581e+00
   2.6597e+00
   2.6613e+00
   2.6629e+00
   2.6644e+00
   2.6660e+00
   2.6675e+00
   2.6691e+00
   2.6706e+00
   2.6721e+00
   2.6737e+00
   2.6752e+00
   2.6767e+00
   2.6782e+00
   2.6797e+00
   2.6812e+00
   2.6827e+00
   2.6841e+00
   2.6856e+00
   2.6871e+00
   2.6885e+00
   2.6900e+00
   2.6914e+00
   2.6928e+00
   2.6943e+00
   2.6957e+00
   2.6971e+00
   2.6985e+00
   2.6999e+00
   2.7013e+00
   2.7027e+00
   2.7041e+00
   2.7054e+00
   2.7068e+00
   2.7082e+00
   2.7095e+00
   2.7109e+00
   2.7122e+00
   2.7135e+00
   2.7149e+00
   2.7162e+00
   2.7175e+00
   2.7188e+00
   2.7201e+00
   2.7214e+00
   2.7227e+00
   2.7240e+00
   2.7253e+00
   2.7266e+00
   2.7278e+00
   2.7291e+00
   2.7303e+00
   2.7316e+00
   2.7328e+00
   2.7341e+00
   2.7353e+00
   2.7365e+00
   2.7377e+00
   2.7389e+00
   2.7401e+00
   2.7413e+00
   2.7425e+00
   2.7437e+00
   2.7449e+00
   2.7461e+00
   2.7472e+00
   2.7484e+00
   2.7495e+00
   2.7507e+00
   2.7518e+00
   2.7530e+00
   2.7541e+00
   2.7552e+00
   2.7564e+00
   2.7575e+00
   2.7586e+00
   2.7597e+00
   2.7608e+00
   2.7619e+00
   2.7630e+00
   2.7640e+00
   2.7651e+00
   2.7662e+00
   2.7672e+00
   2.7683e+00
   2.7693e+00
   2.7704e+00
   2.7714e+00
   2.7725e+00
   2.7735e+00
   2.7745e+00
   2.7755e+00
   2.7765e+00
   2.7775e+00
   2.7785e+00
   2.7795e+00
   2.7805e+00
   2.7815e+00
   2.7825e+00
   2.7835e+00
   2.7844e+00
   2.7854e+00
   2.7863e+00
   2.7873e+00
   2.7882e+00
   2.7892e+00
   2.7901e+00
   2.7910e+00
   2.7920e+00
   2.7929e+00
   2.7938e+00
   2.7947e+00
   2.7956e+00
   2.7965e+00
   2.7974e+00
   2.7983e+00
   2.7991e+00
   2.8000e+00
   2.8009e+00
   2.8017e+00
   2.8026e+00
   2.8035e+00
   2.8043e+00
   2.8051e+00
   2.8060e+00
   2.8068e+00
   2.8076e+00
   2.8085e+00
   2.8093e+00
   2.8101e+00
   2.8109e+00
   2.8117e+00
   2.8125e+00
   2.8133e+00
   2.8140e+00
   2.8148e+00
   2.8156e+00
   2.8164e+00
   2.8171e+00
   2.8179e+00
   2.8186e+00
   2.8194e+00
   2.8201e+00
   2.8209e+00
   2.8216e+00
   2.8223e+00
   2.8230e+00
   2.8237e+00
   2.8245e+00
   2.8252e+00
   2.8259e+00
   2.8265e+00
   2.8272e+00
   2.8279e+00
   2.8286e+00
   2.8293e+00
   2.8299e+00
   2.8306e+00
   2.8313e+00
   2.8319e+00
   2.8326e+00
   2.8332e+00
   2.8338e+00
   2.8345e+00
   2.8351e+00
   2.8357e+00
   2.8363e+00
   2.8369e+00
   2.8376e+00
   2.8382e+00
   2.8388e+00
   2.8393e+00
   2.8399e+00
   2.8405e+00
   2.8411e+00
   2.8417e+00
   2.8422e+00
   2.8428e+00
   2.8433e+00
   2.8439e+00
   2.8444e+00
   2.8450e+00
   2.8455e+00
   2.8460e+00
   2.8466e+00
   2.8471e+00
   2.8476e+00
   2.8481e+00
   2.8486e+00
   2.8491e+00
   2.8496e+00
   2.8501e+00
   2.8506e+00
   2.8510e+00
   2.8515e+00
   2.8520e+00
   2.8524e+00
   2.8529e+00
   2.8534e+00
   2.8538e+00
   2.8542e+00
   2.8547e+00
   2.8551e+00
   2.8555e+00
   2.8560e+00
   2.8564e+00
   2.8568e+00
   2.8572e+00
   2.8576e+00
   2.8580e+00
   2.8584e+00
   2.8588e+00
   2.8592e+00
   2.8595e+00
   2.8599e+00
   2.8603e+00
   2.8606e+00
   2.8610e+00
   2.8613e+00
   2.8617e+00
   2.8620e+00
   2.8623e+00
   2.8627e+00
   2.8630e+00
   2.8633e+00
   2.8636e+00
   2.8639e+00
   2.8642e+00
   2.8645e+00
   2.8648e+00
   2.8651e+00
   2.8654e+00
   2.8657e+00
   2.8659e+00
   2.8662e+00
   2.8665e+00
   2.8667e+00
   2.8670e+00
   2.8672e+00
   2.8675e+00
   2.8677e+00
   2.8679e+00
   2.8681e+00
   2.8684e+00
   2.8686e+00
   2.8688e+00
   2.8690e+00
   2.8692e+00
   2.8694e+00
   2.8696e+00
   2.8697e+00
   2.8699e+00
   2.8701e+00
   2.8702e+00
   2.8704e+00
   2.8706e+00
   2.8707e+00
   2.8709e+00
   2.8710e+00
   2.8711e+00
   2.8713e+00
   2.8714e+00
   2.8715e+00
   2.8716e+00
   2.8717e+00
   2.8718e+00
   2.8719e+00
   2.8720e+00
   2.8721e+00
   2.8721e+00
   2.8722e+00
   2.8723e+00
   2.8723e+00
   2.8724e+00
   2.8724e+00
   2.8725e+00
   2.8725e+00
   2.8726e+00
   2.8726e+00
   2.8726e+00
   2.8726e+00
   2.8726e+00
   2.8726e+00
   2.8726e+00
   2.8726e+00
   2.8726e+00
   2.8726e+00
   2.8726e+00
   2.8725e+00
   2.8725e+00
   2.8725e+00
   2.8724e+00
   2.8724e+00
   2.8723e+00
   2.8722e+00
   2.8722e+00
   2.8721e+00
   2.8720e+00
   2.8719e+00
   2.8718e+00
   2.8717e+00
   2.8716e+00
   2.8715e+00
   2.8714e+00
   2.8713e+00
   2.8711e+00
   2.8710e+00
   2.8709e+00
   2.8707e+00
   2.8706e+00
   2.8704e+00
   2.8702e+00
   2.8701e+00
   2.8699e+00
   2.8697e+00
   2.8695e+00
   2.8693e+00
   2.8691e+00
   2.8689e+00
   2.8687e+00
   2.8685e+00
   2.8682e+00
   2.8680e+00
   2.8678e+00
   2.8675e+00
   2.8673e+00
   2.8670e+00
   2.8667e+00
   2.8665e+00
   2.8662e+00
   2.8659e+00
   2.8656e+00
   2.8653e+00
   2.8650e+00
   2.8647e+00
   2.8644e+00
   2.8641e+00
   2.8637e+00
   2.8634e+00
   2.8630e+00
   2.8627e+00
   2.8623e+00
   2.8620e+00
   2.8616e+00
   2.8612e+00
   2.8608e+00
   2.8605e+00
   2.8601e+00
   2.8597e+00
   2.8592e+00
   2.8588e+00
   2.8584e+00
   2.8580e+00
   2.8575e+00
   2.8571e+00
   2.8566e+00
   2.8562e+00
   2.8557e+00
   2.8553e+00
   2.8548e+00
   2.8543e+00
   2.8538e+00
   2.8533e+00
   2.8528e+00
   2.8523e+00
   2.8518e+00
   2.8512e+00
   2.8507e+00
   2.8501e+00
   2.8496e+00
   2.8490e+00
   2.8485e+00
   2.8479e+00
   2.8473e+00
   2.8467e+00
   2.8461e+00
   2.8455e+00
   2.8449e+00
   2.8443e+00
   2.8437e+00
   2.8431e+00
   2.8424e+00
   2.8418e+00
   2.8411e+00
   2.8405e+00
   2.8398e+00
   2.8391e+00
   2.8384e+00
   2.8378e+00
   2.8371e+00
   2.8364e+00
   2.8356e+00
   2.8349e+00
   2.8342e+00
   2.8335e+00
   2.8327e+00
   2.8320e+00
   2.8312e+00
   2.8304e+00
   2.8296e+00
   2.8289e+00
   2.8281e+00
   2.8273e+00
   2.8265e+00
   2.8256e+00
   2.8248e+00
   2.8240e+00
   2.8231e+00
   2.8223e+00
   2.8214e+00
   2.8206e+00
   2.8197e+00
   2.8188e+00
   2.8179e+00
   2.8170e+00
   2.8161e+00
   2.8152e+00
   2.8143e+00
   2.8133e+00
   2.8124e+00
   2.8114e+00
   2.8105e+00
   2.8095e+00
   2.8085e+00
   2.8076e+00
   2.8066e+00
   2.8056e+00
   2.8046e+00
   2.8035e+00
   2.8025e+00
   2.8015e+00
   2.8004e+00
   2.7994e+00
   2.7983e+00
   2.7972e+00
   2.7962e+00
   2.7951e+00
   2.7940e+00
   2.7929e+00
   2.7917e+00
   2.7906e+00
   2.7895e+00
   2.7883e+00
   2.7872e+00
   2.7860e+00
   2.7848e+00
   2.7837e+00
   2.7825e+00
   2.7813e+00
   2.7801e+00
   2.7788e+00
   2.7776e+00
   2.7764e+00
   2.7751e+00
   2.7739e+00
   2.7726e+00
   2.7713e+00
   2.7700e+00
   2.7687e+00
   2.7674e+00
   2.7661e+00
   2.7648e+00
   2.7635e+00
   2.7621e+00
   2.7608e+00
   2.7594e+00
   2.7580e+00
   2.7567e+00
   2.7553e+00
   2.7539e+00
   2.7524e+00
   2.7510e+00
   2.7496e+00
   2.7481e+00
   2.7467e+00
   2.7452e+00
   2.7438e+00
   2.7423e+00
   2.7408e+00
   2.7393e+00
   2.7378e+00
   2.7362e+00
   2.7347e+00
   2.7332e+00
   2.7316e+00
   2.7300e+00
   2.7285e+00
   2.7269e+00
   2.7253e+00
   2.7237e+00
   2.7221e+00
   2.7204e+00
   2.7188e+00
   2.7171e+00
   2.7155e+00
   2.7138e+00
   2.7121e+00
   2.7104e+00
   2.7087e+00
   2.7070e+00
   2.7053e+00
   2.7036e+00
   2.7018e+00
   2.7001e+00
   2.6983e+00
   2.6965e+00
   2.6947e+00
   2.6929e+00
   2.6911e+00
   2.6893e+00
   2.6875e+00
   2.6856e+00
   2.6838e+00
   2.6819e+00
   2.6800e+00
   2.6781e+00
   2.6763e+00
   2.6743e+00
   2.6724e+00
   2.6705e+00
   2.6686e+00
   2.6666e+00
   2.6646e+00
   2.6627e+00
   2.6607e+00
   2.6587e+00
   2.6567e+00
   2.6547e+00
   2.6526e+00
   2.6506e+00
   2.6485e+00
   2.6465e+00
   2.6444e+00
   2.6423e+00
   2.6402e+00
   2.6381e+00
   2.6360e+00
   2.6339e+00
   2.6317e+00
   2.6296e+00
   2.6274e+00
   2.6252e+00
   2.6230e+00
   2.6208e+00
   2.6186e+00
   2.6164e+00
   2.6142e+00
   2.6119e+00
   2.6097e+00
   2.6074e+00
   2.6051e+00
   2.6028e+00
   2.6006e+00
   2.5982e+00
   2.5959e+00
   2.5936e+00
   2.5912e+00
   2.5889e+00
   2.5865e+00
   2.5842e+00
   2.5818e+00
   2.5794e+00
   2.5770e+00
   2.5745e+00
   2.5721e+00
   2.5697e+00
   2.5672e+00
   2.5648e+00
   2.5623e+00
   2.5598e+00
   2.5573e+00
   2.5548e+00
   2.5523e+00
   2.5497e+00
   2.5472e+00
   2.5447e+00
   2.5421e+00
   2.5395e+00
   2.5369e+00
   2.5343e+00
   2.5317e+00
   2.5291e+00
   2.5265e+00
   2.5239e+00
   2.5212e+00
   2.5186e+00
   2.5159e+00
   2.5132e+00
   2.5105e+00
   2.5078e+00
   2.5051e+00
   2.5024e+00
   2.4997e+00
   2.4970e+00
   2.4942e+00
   2.4915e+00
   2.4887e+00
   2.4859e+00
   2.4831e+00
   2.4803e+00
   2.4775e+00
   2.4747e+00
   2.4719e+00
   2.4691e+00
   2.4662e+00
   2.4634e+00
   2.4605e+00
   2.4576e+00
   2.4547e+00
   2.4519e+00
   2.4490e+00
   2.4461e+00
   2.4431e+00
   2.4402e+00
   2.4373e+00
   2.4343e+00
   2.4314e+00
   2.4284e+00
   2.4255e+00
   2.4225e+00
   2.4195e+00
   2.4165e+00
   2.4135e+00
   2.4105e+00
   2.4075e+00
   2.4045e+00
   2.4014e+00
   2.3984e+00
   2.3953e+00
   2.3923e+00
   2.3892e+00
   2.3862e+00
   2.3831e+00
   2.3800e+00
   2.3769e+00
   2.3738e+00
   2.3707e+00
   2.3676e+00
   2.3645e+00
   2.3614e+00
   2.3582e+00
   2.3551e+00
   2.3520e+00
   2.3488e+00
   2.3457e+00
   2.3425e+00
   2.3393e+00
   2.3362e+00
   2.3330e+00
   2.3298e+00
   2.3266e+00
   2.3234e+00
   2.3202e+00
   2.3170e+00
   2.3138e+00
   2.3106e+00
   2.3074e+00
   2.3042e+00
   2.3009e+00
   2.2977e+00
   2.2945e+00
   2.2912e+00
   2.2880e+00
   2.2848e+00
   2.2815e+00
   2.2783e+00
   2.2750e+00
   2.2717e+00
   2.2685e+00
   2.2652e+00
   2.2620e+00
   2.2587e+00
   2.2554e+00
   2.2521e+00
   2.2489e+00
   2.2456e+00
   2.2423e+00
   2.2390e+00
   2.2357e+00
   2.2324e+00
   2.2291e+00
   2.2258e+00
   2.2226e+00
   2.2193e+00
   2.2160e+00
   2.2127e+00
   2.2094e+00
   2.2061e+00
   2.2028e+00
   2.1995e+00
   2.1962e+00
   2.1929e+00
   2.1896e+00
   2.1863e+00
   2.1830e+00
   2.1797e+00
   2.1764e+00
   2.1731e+00
   2.1698e+00
   2.1665e+00
   2.1632e+00
   2.1599e+00
   2.1566e+00
   2.1533e+00
   2.1500e+00
   2.1467e+00
   2.1434e+00
   2.1402e+00
   2.1369e+00
   2.1336e+00
   2.1303e+00
   2.1270e+00
   2.1238e+00
   2.1205e+00
   2.1172e+00
   2.1140e+00
   2.1107e+00
   2.1074e+00
   2.1042e+00
   2.1009e+00
   2.0977e+00
   2.0944e+00
   2.0912e+00
   2.0879e+00
   2.0847e+00
   2.0815e+00
   2.0782e+00
   2.0750e+00
   2.0718e+00
   2.0686e+00
   2.0654e+00
   2.0622e+00
   2.0590e+00
   2.0558e+00
   2.0526e+00
   2.0494e+00
   2.0462e+00
   2.0430e+00
   2.0399e+00
   2.0367e+00
   2.0335e+00
   2.0304e+00
   2.0272e+00
   2.0241e+00
   2.0210e+00
   2.0178e+00
   2.0147e+00
   2.0116e+00
   2.0085e+00
   2.0054e+00
   2.0023e+00
   1.9992e+00
   1.9961e+00
   1.9930e+00
   1.9900e+00
   1.9869e+00
   1.9838e+00
   1.9808e+00
   1.9777e+00
   1.9747e+00
   1.9717e+00
   1.9686e+00
   1.9656e+00
   1.9626e+00
   1.9596e+00
   1.9566e+00
   1.9537e+00
   1.9507e+00
   1.9477e+00
   1.9447e+00
   1.9418e+00
   1.9389e+00
   1.9359e+00
   1.9330e+00
   1.9301e+00
   1.9272e+00
   1.9243e+00
   1.9214e+00
   1.9185e+00
   1.9156e+00
   1.9127e+00
   1.9099e+00
   1.9070e+00
   1.9042e+00
   1.9013e+00
   1.8985e+00
   1.8957e+00
   1.8929e+00
   1.8901e+00
   1.8873e+00
   1.8845e+00
   1.8818e+00
   1.8790e+00
   1.8763e+00
   1.8735e+00
   1.8708e+00
   1.8681e+00
   1.8653e+00
   1.8626e+00
   1.8599e+00
   1.8572e+00
   1.8546e+00
   1.8519e+00
   1.8492e+00
   1.8466e+00
   1.8440e+00
   1.8413e+00
   1.8387e+00
   1.8361e+00
   1.8335e+00
   1.8309e+00
   1.8283e+00
   1.8257e+00
   1.8232e+00
   1.8206e+00
   1.8181e+00
   1.8156e+00
   1.8130e+00
   1.8105e+00
   1.8080e+00
   1.8055e+00
   1.8030e+00
   1.8006e+00
   1.7981e+00
   1.7957e+00
   1.7932e+00
   1.7908e+00
   1.7883e+00
   1.7859e+00
   1.7835e+00
   1.7811e+00
   1.7788e+00
   1.7764e+00
   1.7740e+00
   1.7717e+00
   1.7693e+00
   1.7670e+00
   1.7646e+00
   1.7623e+00
   1.7600e+00
   1.7577e+00
   1.7554e+00
   1.7532e+00
   1.7509e+00
   1.7486e+00
   1.7464e+00
   1.7442e+00
   1.7419e+00
   1.7397e+00
   1.7375e+00
   1.7353e+00
   1.7331e+00
   1.7309e+00
   1.7288e+00
   1.7266e+00
   1.7245e+00
   1.7223e+00
   1.7202e+00
   1.7181e+00
   1.7160e+00
   1.7139e+00
   1.7118e+00
   1.7097e+00
   1.7076e+00
   1.7056e+00
   1.7035e+00
   1.7015e+00
   1.6994e+00
   1.6974e+00
   1.6954e+00
   1.6934e+00
   1.6914e+00
   1.6894e+00
   1.6874e+00
   1.6855e+00
   1.6835e+00
   1.6816e+00
   1.6796e+00
   1.6777e+00
   1.6758e+00
   1.6739e+00
   1.6720e+00
   1.6701e+00
   1.6682e+00
   1.6663e+00
   1.6645e+00
   1.6626e+00
   1.6607e+00
   1.6589e+00
   1.6571e+00
   1.6553e+00
   1.6535e+00
   1.6516e+00
   1.6499e+00
   1.6481e+00
   1.6463e+00
   1.6445e+00
   1.6428e+00
   1.6410e+00
   1.6393e+00
   1.6375e+00
   1.6358e+00
   1.6341e+00
   1.6324e+00
   1.6307e+00
   1.6290e+00
   1.6273e+00
   1.6257e+00
   1.6240e+00
   1.6223e+00
   1.6207e+00
   1.6191e+00
   1.6174e+00
   1.6158e+00
   1.6142e+00
   1.6126e+00
   1.6110e+00
   1.6094e+00
   1.6078e+00
   1.6063e+00
   1.6047e+00
   1.6031e+00
   1.6016e+00
   1.6001e+00
   1.5985e+00
   1.5970e+00
   1.5955e+00
   1.5940e+00
   1.5925e+00
   1.5910e+00
   1.5895e+00
   1.5880e+00
   1.5866e+00
   1.5851e+00
   1.5836e+00
   1.5822e+00
   1.5808e+00
   1.5793e+00
   1.5779e+00
   1.5765e+00
   1.5751e+00
   1.5737e+00
   1.5723e+00
   1.5709e+00
   1.5695e+00
   1.5681e+00
   1.5668e+00
   1.5654e+00
   1.5641e+00
   1.5627e+00
   1.5614e+00
   1.5601e+00
   1.5588e+00
   1.5574e+00
   1.5561e+00
   1.5548e+00
   1.5535e+00
   1.5523e+00
   1.5510e+00
   1.5497e+00
   1.5484e+00
   1.5472e+00
   1.5459e+00
   1.5447e+00
   1.5434e+00
   1.5422e+00
   1.5410e+00
   1.5398e+00
   1.5386e+00
   1.5374e+00
   1.5362e+00
   1.5350e+00
   1.5338e+00
   1.5326e+00
   1.5314e+00
   1.5303e+00
   1.5291e+00
   1.5279e+00
   1.5268e+00
   1.5257e+00
   1.5245e+00
   1.5234e+00
   1.5223e+00
   1.5212e+00
   1.5200e+00
   1.5189e+00
   1.5178e+00
   1.5168e+00
   1.5157e+00
   1.5146e+00
   1.5135e+00
   1.5124e+00
   1.5114e+00
   1.5103e+00
   1.5093e+00
   1.5082e+00
   1.5072e+00
   1.5062e+00
   1.5051e+00
   1.5041e+00
   1.5031e+00
   1.5021e+00
   1.5011e+00
   1.5001e+00
   1.4991e+00
   1.4981e+00
   1.4971e+00
   1.4961e+00
   1.4952e+00
   1.4942e+00
   1.4932e+00
   1.4923e+00
   1.4913e+00
   1.4904e+00
   1.4894e+00
   1.4885e+00
   1.4876e+00
   1.4867e+00
   1.4857e+00
   1.4848e+00
   1.4839e+00
   1.4830e+00
   1.4821e+00
   1.4812e+00
   1.4803e+00
   1.4795e+00
   1.4786e+00
   1.4777e+00
   1.4768e+00
   1.4760e+00
   1.4751e+00
   1.4743e+00
   1.4734e+00
   1.4726e+00
   1.4717e+00
   1.4709e+00
   1.4701e+00
   1.4692e+00
   1.4684e+00
   1.4676e+00
   1.4668e+00
   1.4660e+00
   1.4652e+00
   1.4644e+00
   1.4636e+00
   1.4628e+00
   1.4620e+00
   1.4612e+00
   1.4605e+00
   1.4597e+00
   1.4589e+00
   1.4582e+00
   1.4574e+00
   1.4567e+00
   1.4559e+00
   1.4552e+00
   1.4544e+00
   1.4537e+00
   1.4530e+00
   1.4522e+00
   1.4515e+00
   1.4508e+00
   1.4501e+00
   1.4494e+00
   1.4487e+00
   1.4480e+00
   1.4473e+00
   1.4466e+00
   1.4459e+00
   1.4452e+00
   1.4445e+00
   1.4438e+00
   1.4431e+00
   1.4425e+00
   1.4418e+00
   1.4411e+00
   1.4405e+00
   1.4398e+00
   1.4392e+00
   1.4385e+00
   1.4379e+00
   1.4372e+00
   1.4366e+00
   1.4360e+00
   1.4353e+00
   1.4347e+00
   1.4341e+00
   1.4335e+00
   1.4329e+00
   1.4323e+00
   1.4316e+00
   1.4310e+00
   1.4304e+00
   1.4298e+00
   1.4293e+00
   1.4287e+00
   1.4281e+00
   1.4275e+00
   1.4269e+00
   1.4263e+00
   1.4258e+00
   1.4252e+00
   1.4246e+00
   1.4241e+00
   1.4235e+00
   1.4230e+00
   1.4224e+00
   1.4218e+00
   1.4213e+00
   1.4208e+00
   1.4202e+00
   1.4197e+00
   1.4192e+00
   1.4186e+00
   1.4181e+00
   1.4176e+00
   1.4170e+00
   1.4165e+00
   1.4160e+00
   1.4155e+00
   1.4150e+00
   1.4145e+00
   1.4140e+00
   1.4135e+00
   1.4130e+00
   1.4125e+00
   1.4120e+00
   1.4115e+00
   1.4110e+00
   1.4106e+00
   1.4101e+00
   1.4096e+00
   1.4091e+00
   1.4087e+00
   1.4082e+00
   1.4077e+00
   1.4073e+00
   1.4068e+00
   1.4064e+00
   1.4059e+00
   1.4054e+00
   1.4050e+00
   1.4046e+00
   1.4041e+00
   1.4037e+00
   1.4032e+00
   1.4028e+00
   1.4024e+00
   1.4019e+00
   1.4015e+00
   1.4011e+00
   1.4007e+00
   1.4003e+00
   1.3998e+00
   1.3994e+00
   1.3990e+00
   1.3986e+00
   1.3982e+00
   1.3978e+00
   1.3974e+00
   1.3970e+00
   1.3966e+00
   1.3962e+00
   1.3958e+00
   1.3954e+00
   1.3950e+00
   1.3947e+00
   1.3943e+00
   1.3939e+00
   1.3935e+00
   1.3932e+00
   1.3928e+00
   1.3924e+00
   1.3920e+00
   1.3917e+00
   1.3913e+00
   1.3910e+00
   1.3906e+00
   1.3902e+00
   1.3899e+00
   1.3895e+00
   1.3892e+00
   1.3888e+00
   1.3885e+00
   1.3882e+00
   1.3878e+00
   1.3875e+00
   1.3871e+00
   1.3868e+00
   1.3865e+00
   1.3861e+00
   1.3858e+00
   1.3855e+00
   1.3852e+00
   1.3849e+00
   1.3845e+00
   1.3842e+00
   1.3839e+00
   1.3836e+00
   1.3833e+00
   1.3830e+00
   1.3827e+00
   1.3824e+00
   1.3821e+00
   1.3818e+00
   1.3815e+00
   1.3812e+00
   1.3809e+00
   1.3806e+00
   1.3803e+00
   1.3800e+00
   1.3797e+00
   1.3794e+00
   1.3791e+00
   1.3789e+00
   1.3786e+00
   1.3783e+00
   1.3780e+00
   1.3777e+00
   1.3775e+00
   1.3772e+00
   1.3769e+00
   1.3767e+00
   1.3764e+00
   1.3761e+00
   1.3759e+00
   1.3756e+00
   1.3754e+00
   1.3751e+00
   1.3748e+00
   1.3746e+00
   1.3743e+00
   1.3741e+00
   1.3738e+00
   1.3736e+00
   1.3734e+00
   1.3731e+00
   1.3729e+00
   1.3726e+00
   1.3724e+00
   1.3722e+00
   1.3719e+00
   1.3717e+00
   1.3715e+00
   1.3712e+00
   1.3710e+00
   1.3708e+00
   1.3706e+00
   1.3703e+00
   1.3701e+00
   1.3699e+00
   1.3697e+00
   1.3695e+00
   1.3692e+00
   1.3690e+00
   1.3688e+00
   1.3686e+00
   1.3684e+00
   1.3682e+00
   1.3680e+00
   1.3678e+00
   1.3676e+00
   1.3674e+00
   1.3672e+00
   1.3670e+00
   1.3668e+00
   1.3666e+00
   1.3664e+00
   1.3662e+00
   1.3660e+00
   1.3658e+00
   1.3656e+00
   1.3654e+00
   1.3652e+00
   1.3651e+00
   1.3649e+00
   1.3647e+00
   1.3645e+00
   1.3643e+00
   1.3641e+00
   1.3640e+00
   1.3638e+00
   1.3636e+00
   1.3634e+00
   1.3633e+00
   1.3631e+00
   1.3629e+00
   1.3628e+00
   1.3626e+00
   1.3624e+00
   1.3623e+00
   1.3621e+00
   1.3619e+00
   1.3618e+00
   1.3616e+00
   1.3615e+00
   1.3613e+00
   1.3612e+00
   1.3610e+00
   1.3609e+00
   1.3607e+00
   1.3606e+00
   1.3604e+00
   1.3603e+00
   1.3601e+00
   1.3600e+00
   1.3598e+00
   1.3597e+00
   1.3595e+00
   1.3594e+00
   1.3592e+00
   1.3591e+00
   1.3590e+00
   1.3588e+00
   1.3587e+00
   1.3586e+00
   1.3584e+00
   1.3583e+00
   1.3582e+00
   1.3580e+00
   1.3579e+00
   1.3578e+00
   1.3577e+00
   1.3575e+00
   1.3574e+00
   1.3573e+00
   1.3572e+00
   1.3570e+00
   1.3569e+00
   1.3568e+00
   1.3567e+00
   1.3566e+00
   1.3564e+00
   1.3563e+00
   1.3562e+00
   1.3561e+00
   1.3560e+00
   1.3559e+00
   1.3558e+00
   1.3557e+00
   1.3555e+00
   1.3554e+00
   1.3553e+00
   1.3552e+00
   1.3551e+00
   1.3550e+00
   1.3549e+00
   1.3548e+00
   1.3547e+00
   1.3546e+00
   1.3545e+00
   1.3544e+00
   1.3543e+00
   1.3542e+00
   1.3541e+00
   1.3540e+00
   1.3539e+00
   1.3538e+00
   1.3538e+00
   1.3537e+00
   1.3536e+00
   1.3535e+00
   1.3534e+00
   1.3533e+00
   1.3532e+00
   1.3531e+00
   1.3530e+00
   1.3530e+00
   1.3529e+00
   1.3528e+00
   1.3527e+00
   1.3526e+00
   1.3526e+00
   1.3525e+00
   1.3524e+00
   1.3523e+00
   1.3522e+00
   1.3522e+00
   1.3521e+00
   1.3520e+00
   1.3519e+00
   1.3519e+00
   1.3518e+00
   1.3517e+00
   1.3517e+00
   1.3516e+00
   1.3515e+00
   1.3514e+00
   1.3514e+00
   1.3513e+00
   1.3512e+00
   1.3512e+00
   1.3511e+00
   1.3511e+00
   1.3510e+00
   1.3509e+00
   1.3509e+00
   1.3508e+00
   1.3507e+00
   1.3507e+00
   1.3506e+00
   1.3506e+00
   1.3505e+00
   1.3505e+00
   1.3504e+00
   1.3503e+00
   1.3503e+00
   1.3502e+00
   1.3502e+00
   1.3501e+00
   1.3501e+00
   1.3500e+00
   1.3500e+00
   1.3499e+00
   1.3499e+00
   1.3498e+00
   1.3498e+00
   1.3497e+00
   1.3497e+00
   1.3496e+00
   1.3496e+00
   1.3495e+00
   1.3495e+00
   1.3495e+00
   1.3494e+00
   1.3494e+00
   1.3493e+00
   1.3493e+00
   1.3492e+00
   1.3492e+00
   1.3492e+00
   1.3491e+00
   1.3491e+00
   1.3491e+00
   1.3490e+00
   1.3490e+00
   1.3489e+00
   1.3489e+00
   1.3489e+00
   1.3488e+00
   1.3488e+00
   1.3488e+00
   1.3487e+00
   1.3487e+00
   1.3487e+00
   1.3486e+00
   1.3486e+00
   1.3486e+00
   1.3486e+00
   1.3485e+00
   1.3485e+00
   1.3485e+00
   1.3484e+00
   1.3484e+00
   1.3484e+00
   1.3484e+00
   1.3483e+00
   1.3483e+00
   1.3483e+00
   1.3483e+00
   1.3482e+00
   1.3482e+00
   1.3482e+00
   1.3482e+00
   1.3482e+00
   1.3481e+00
   1.3481e+00
   1.3481e+00
   1.3481e+00
   1.3481e+00
   1.3480e+00
   1.3480e+00
   1.3480e+00
   1.3480e+00
   1.3480e+00
   1.3479e+00
   1.3479e+00
   1.3479e+00
   1.3479e+00
   1.3479e+00
   1.3479e+00
   1.3479e+00
   1.3478e+00
   1.3478e+00
   1.3478e+00
   1.3478e+00
   1.3478e+00
   1.3478e+00
   1.3478e+00
   1.3478e+00
   1.3478e+00
   1.3478e+00
   1.3477e+00
   1.3477e+00
   1.3477e+00
   1.3477e+00
   1.3477e+00
   1.3477e+00
   1.3477e+00
   1.3477e+00
   1.3477e+00
   1.3477e+00
   1.3477e+00
   1.3477e+00
   1.3477e+00
   1.3477e+00
   1.3477e+00
   1.3477e+00
   1.3477e+00
   1.3477e+00
   1.3477e+00
   1.3476e+00
   1.3476e+00
   1.3476e+00
   1.3476e+00
   1.3476e+00
   1.3476e+00
   1.3476e+00
   1.3476e+00
   1.3476e+00
   1.3477e+00
   1.3477e+00
   1.3477e+00
   1.3477e+00
   1.3477e+00
   1.3477e+00
   1.3477e+00
   1.3477e+00
   1.3477e+00
   1.3477e+00
   1.3477e+00
   1.3477e+00
   1.3477e+00
   1.3477e+00
   1.3477e+00
   1.3477e+00
   1.3477e+00
   1.3477e+00
   1.3477e+00
   1.3477e+00
   1.3478e+00
   1.3478e+00
   1.3478e+00
   1.3478e+00
   1.3478e+00
   1.3478e+00
   1.3478e+00
   1.3478e+00
   1.3478e+00
   1.3478e+00
   1.3478e+00
   1.3479e+00
   1.3479e+00
   1.3479e+00
   1.3479e+00
   1.3479e+00
   1.3479e+00
   1.3479e+00
   1.3479e+00
   1.3480e+00
   1.3480e+00
   1.3480e+00
   1.3480e+00
   1.3480e+00
   1.3480e+00
   1.3480e+00
   1.3481e+00
   1.3481e+00
   1.3481e+00
   1.3481e+00
   1.3481e+00
   1.3481e+00
   1.3482e+00
   1.3482e+00
   1.3482e+00
   1.3482e+00
   1.3482e+00
   1.3482e+00
   1.3483e+00
   1.3483e+00
   1.3483e+00
   1.3483e+00
   1.3483e+00
   1.3484e+00
   1.3484e+00
   1.3484e+00
   1.3484e+00
   1.3484e+00
   1.3485e+00
   1.3485e+00
   1.3485e+00
   1.3485e+00
   1.3485e+00
   1.3486e+00
   1.3486e+00
   1.3486e+00
   1.3486e+00
   1.3486e+00
   1.3487e+00
   1.3487e+00
   1.3487e+00
   1.3487e+00
   1.3488e+00
   1.3488e+00
   1.3488e+00
   1.3488e+00
   1.3489e+00
   1.3489e+00
   1.3489e+00
   1.3489e+00
   1.3489e+00
   1.3490e+00
   1.3490e+00
   1.3490e+00
   1.3490e+00
   1.3491e+00
   1.3491e+00
   1.3491e+00
   1.3491e+00
   1.3492e+00
   1.3492e+00
   1.3492e+00
   1.3493e+00
   1.3493e+00
   1.3493e+00
   1.3493e+00
   1.3494e+00
   1.3494e+00
   1.3494e+00
   1.3494e+00
   1.3495e+00
   1.3495e+00
   1.3495e+00
   1.3496e+00
   1.3496e+00
   1.3496e+00
   1.3496e+00
   1.3497e+00
   1.3497e+00
   1.3497e+00
   1.3498e+00
   1.3498e+00
   1.3498e+00
   1.3498e+00
   1.3499e+00
   1.3499e+00
   1.3499e+00
   1.3500e+00
   1.3500e+00
   1.3500e+00
   1.3500e+00
   1.3501e+00
   1.3501e+00
   1.3501e+00
   1.3502e+00
   1.3502e+00
   1.3502e+00
   1.3503e+00
   1.3503e+00
   1.3503e+00
   1.3504e+00
   1.3504e+00
   1.3504e+00
   1.3504e+00
   1.3505e+00
   1.3505e+00
   1.3505e+00
   1.3506e+00
   1.3506e+00
   1.3506e+00
   1.3507e+00
   1.3507e+00
   1.3507e+00
   1.3508e+00
   1.3508e+00
   1.3508e+00
   1.3509e+00
   1.3509e+00
   1.3509e+00
   1.3510e+00
   1.3510e+00
   1.3510e+00
   1.3511e+00
   1.3511e+00
   1.3511e+00
   1.3512e+00
   1.3512e+00
   1.3512e+00
   1.3513e+00
   1.3513e+00
   1.3513e+00
   1.3514e+00
   1.3514e+00
   1.3514e+00
   1.3515e+00
   1.3515e+00
   1.3515e+00
   1.3516e+00
   1.3516e+00
   1.3516e+00
   1.3517e+00
   1.3517e+00
   1.3517e+00
   1.3518e+00
   1.3518e+00
   1.3518e+00
   1.3519e+00
   1.3519e+00
   1.3520e+00
   1.3520e+00
   1.3520e+00
   1.3521e+00
   1.3521e+00
   1.3521e+00
   1.3522e+00
   1.3522e+00
   1.3522e+00
   1.3523e+00
   1.3523e+00
   1.3523e+00
   1.3524e+00
   1.3524e+00
   1.3524e+00
   1.3525e+00
   1.3525e+00
   1.3526e+00
   1.3526e+00
   1.3526e+00
   1.3527e+00
   1.3527e+00
   1.3527e+00
   1.3528e+00
   1.3528e+00
   1.3528e+00
   1.3529e+00
   1.3529e+00
   1.3529e+00
   1.3530e+00
   1.3530e+00
   1.3531e+00
   1.3531e+00
   1.3531e+00
   1.3532e+00
   1.3532e+00
   1.3532e+00
   1.3533e+00
   1.3533e+00
   1.3533e+00
   1.3534e+00
   1.3534e+00
   1.3534e+00
   1.3535e+00
   1.3535e+00
   1.3536e+00
   1.3536e+00
   1.3536e+00
   1.3537e+00
   1.3537e+00
   1.3537e+00
   1.3538e+00
   1.3538e+00
   1.3538e+00
   1.3539e+00
   1.3539e+00
   1.3540e+00
   1.3540e+00
   1.3540e+00
   1.3541e+00
   1.3541e+00
   1.3541e+00
   1.3542e+00
   1.3542e+00
   1.3542e+00
   1.3543e+00
   1.3543e+00
   1.3543e+00
   1.3544e+00
   1.3544e+00
   1.3545e+00
   1.3545e+00
   1.3545e+00
   1.3546e+00
   1.3546e+00
   1.3546e+00
   1.3547e+00
   1.3547e+00
   1.3547e+00
   1.3548e+00
   1.3548e+00
   1.3549e+00
   1.3549e+00
   1.3549e+00
   1.3550e+00
   1.3550e+00
   1.3550e+00
   1.3551e+00
   1.3551e+00
   1.3551e+00
   1.3552e+00
   1.3552e+00
   1.3552e+00
   1.3553e+00
   1.3553e+00
   1.3554e+00
   1.3554e+00
   1.3554e+00
   1.3555e+00
   1.3555e+00
   1.3555e+00
   1.3556e+00
   1.3556e+00
   1.3556e+00
   1.3557e+00
   1.3557e+00
   1.3557e+00
   1.3558e+00
   1.3558e+00
   1.3558e+00
   1.3559e+00
   1.3559e+00
   1.3560e+00
   1.3560e+00
   1.3560e+00
   1.3561e+00
   1.3561e+00
   1.3561e+00
   1.3562e+00
   1.3562e+00
   1.3562e+00
   1.3563e+00
   1.3563e+00
   1.3563e+00
   1.3564e+00
   1.3564e+00
   1.3564e+00
   1.3565e+00
   1.3565e+00
   1.3565e+00
   1.3566e+00
   1.3566e+00
   1.3566e+00
   1.3567e+00
   1.3567e+00
   1.3567e+00
   1.3568e+00
   1.3568e+00
   1.3568e+00
   1.3569e+00
   1.3569e+00
   1.3569e+00
   1.3570e+00
   1.3570e+00
   1.3570e+00
   1.3571e+00
   1.3571e+00
   1.3571e+00
   1.3572e+00
   1.3572e+00
   1.3572e+00
   1.3573e+00
   1.3573e+00
   1.3573e+00
   1.3574e+00
   1.3574e+00
   1.3574e+00
   1.3575e+00
   1.3575e+00
   1.3575e+00
   1.3576e+00
   1.3576e+00
   1.3576e+00
   1.3577e+00
   1.3577e+00
   1.3577e+00
   1.3578e+00
   1.3578e+00
   1.3578e+00
   1.3579e+00
   1.3579e+00
   1.3579e+00
   1.3580e+00
   1.3580e+00
   1.3580e+00
   1.3580e+00
   1.3581e+00
   1.3581e+00
   1.3581e+00
   1.3582e+00
   1.3582e+00
   1.3582e+00
   1.3583e+00
   1.3583e+00
   1.3583e+00
   1.3584e+00
   1.3584e+00
   1.3584e+00
   1.3584e+00
   1.3585e+00
   1.3585e+00
   1.3585e+00
   1.3586e+00
   1.3586e+00
   1.3586e+00
   1.3587e+00
   1.3587e+00
   1.3587e+00
   1.3587e+00
   1.3588e+00
   1.3588e+00
   1.3588e+00
   1.3589e+00
   1.3589e+00
   1.3589e+00
   1.3589e+00
   1.3590e+00
   1.3590e+00
   1.3590e+00
   1.3591e+00
   1.3591e+00
   1.3591e+00
   1.3591e+00
   1.3592e+00
   1.3592e+00
   1.3592e+00
   1.3593e+00
   1.3593e+00
   1.3593e+00
   1.3593e+00
   1.3594e+00
   1.3594e+00
   1.3594e+00
   1.3595e+00
   1.3595e+00
   1.3595e+00
   1.3595e+00
   1.3596e+00
   1.3596e+00
   1.3596e+00
   1.3596e+00
   1.3597e+00
   1.3597e+00
   1.3597e+00
   1.3597e+00
   1.3598e+00
   1.3598e+00
   1.3598e+00
   1.3598e+00
   1.3599e+00
   1.3599e+00
   1.3599e+00
   1.3600e+00
   1.3600e+00
   1.3600e+00
   1.3600e+00
   1.3601e+00
   1.3601e+00
   1.3601e+00
   1.3601e+00
   1.3601e+00
   1.3602e+00
   1.3602e+00
   1.3602e+00
   1.3602e+00
   1.3603e+00
   1.3603e+00
   1.3603e+00
   1.3603e+00
   1.3604e+00
   1.3604e+00
   1.3604e+00
   1.3604e+00
   1.3605e+00
   1.3605e+00
   1.3605e+00
   1.3605e+00
   1.3606e+00
   1.3606e+00
   1.3606e+00
   1.3606e+00
   1.3606e+00
   1.3607e+00
   1.3607e+00
   1.3607e+00
   1.3607e+00
   1.3608e+00
   1.3608e+00
   1.3608e+00
   1.3608e+00
   1.3608e+00
   1.3609e+00
   1.3609e+00
   1.3609e+00
   1.3609e+00
   1.3609e+00
   1.3610e+00
   1.3610e+00
   1.3610e+00
   1.3610e+00
   1.3610e+00
   1.3611e+00
   1.3611e+00
   1.3611e+00
   1.3611e+00
   1.3611e+00
   1.3612e+00
   1.3612e+00
   1.3612e+00
   1.3612e+00
   1.3612e+00
   1.3613e+00
   1.3613e+00
   1.3613e+00
   1.3613e+00
   1.3613e+00
   1.3614e+00
   1.3614e+00
   1.3614e+00
   1.3614e+00
   1.3614e+00
   1.3614e+00
   1.3615e+00
   1.3615e+00
   1.3615e+00
   1.3615e+00
   1.3615e+00
   1.3616e+00
   1.3616e+00
   1.3616e+00
   1.3616e+00
   1.3616e+00
   1.3616e+00
   1.3617e+00
   1.3617e+00
   1.3617e+00
   1.3617e+00
   1.3617e+00
   1.3617e+00
   1.3617e+00
   1.3618e+00
   1.3618e+00
   1.3618e+00
   1.3618e+00
   1.3618e+00
   1.3618e+00
   1.3619e+00
   1.3619e+00
   1.3619e+00
   1.3619e+00
   1.3619e+00
   1.3619e+00
   1.3619e+00
   1.3620e+00
   1.3620e+00
   1.3620e+00
   1.3620e+00
   1.3620e+00
   1.3620e+00
   1.3620e+00
   1.3621e+00
   1.3621e+00
   1.3621e+00
   1.3621e+00
   1.3621e+00
   1.3621e+00
   1.3621e+00
   1.3621e+00
   1.3622e+00
   1.3622e+00
   1.3622e+00
   1.3622e+00
   1.3622e+00
   1.3622e+00
   1.3622e+00
   1.3622e+00
   1.3623e+00
   1.3623e+00
   1.3623e+00
   1.3623e+00
   1.3623e+00
   1.3623e+00
   1.3623e+00
   1.3623e+00
   1.3623e+00
   1.3623e+00
   1.3624e+00
   1.3624e+00
   1.3624e+00
   1.3624e+00
   1.3624e+00
   1.3624e+00
   1.3624e+00
   1.3624e+00
   1.3624e+00
   1.3624e+00
   1.3625e+00
   1.3625e+00
   1.3625e+00
   1.3625e+00
   1.3625e+00
   1.3625e+00
   1.3625e+00
   1.3625e+00
   1.3625e+00
   1.3625e+00
   1.3625e+00
   1.3625e+00
   1.3625e+00
   1.3626e+00
   1.3626e+00
   1.3626e+00
   1.3626e+00
   1.3626e+00
   1.3626e+00
   1.3626e+00
   1.3626e+00
   1.3626e+00
   1.3626e+00
   1.3626e+00
   1.3626e+00
   1.3626e+00
   1.3626e+00
   1.3626e+00
   1.3626e+00
   1.3627e+00
   1.3627e+00
   1.3627e+00
   1.3627e+00
   1.3627e+00
   1.3627e+00
   1.3627e+00
   1.3627e+00
   1.3627e+00
   1.3627e+00
   1.3627e+00
   1.3627e+00
   1.3627e+00
   1.3627e+00
   1.3627e+00
   1.3627e+00
   1.3627e+00
   1.3627e+00
   1.3627e+00
   1.3627e+00
   1.3627e+00
   1.3627e+00
   1.3627e+00
   1.3627e+00
   1.3627e+00
   1.3627e+00
   1.3627e+00
   1.3627e+00
   1.3627e+00
   1.3627e+00
   1.3628e+00
   1.3628e+00
   1.3628e+00
   1.3628e+00
   1.3628e+00
   1.3628e+00
   1.3628e+00
   1.3628e+00
   1.3628e+00
   1.3628e+00
   1.3628e+00
   1.3628e+00
   1.3628e+00
   1.3628e+00
   1.3628e+00
   1.3628e+00
   1.3628e+00
   1.3628e+00
   1.3628e+00
   1.3628e+00
   1.3628e+00
   1.3628e+00
   1.3627e+00
   1.3627e+00
   1.3627e+00
   1.3627e+00
   1.3627e+00
   1.3627e+00
   1.3627e+00
   1.3627e+00
   1.3627e+00
   1.3627e+00
   1.3627e+00
   1.3627e+00
   1.3627e+00
   1.3627e+00
   1.3627e+00
   1.3627e+00
   1.3627e+00
   1.3627e+00
   1.3627e+00
   1.3627e+00
   1.3627e+00
   1.3627e+00
   1.3627e+00
   1.3627e+00
   1.3627e+00
   1.3627e+00
   1.3627e+00
   1.3627e+00
   1.3627e+00
   1.3627e+00
   1.3627e+00
   1.3626e+00
   1.3626e+00
   1.3626e+00
   1.3626e+00
   1.3626e+00
   1.3626e+00
   1.3626e+00
   1.3626e+00
   1.3626e+00
   1.3626e+00
   1.3626e+00
   1.3626e+00
   1.3626e+00
   1.3626e+00
   1.3626e+00
   1.3626e+00
   1.3625e+00
   1.3625e+00
   1.3625e+00
   1.3625e+00
   1.3625e+00
   1.3625e+00
   1.3625e+00
   1.3625e+00
   1.3625e+00
   1.3625e+00
   1.3625e+00
   1.3625e+00
   1.3625e+00
   1.3624e+00
   1.3624e+00
   1.3624e+00
   1.3624e+00
   1.3624e+00
   1.3624e+00
   1.3624e+00
   1.3624e+00
   1.3624e+00
   1.3624e+00
   1.3623e+00
   1.3623e+00
   1.3623e+00
   1.3623e+00
   1.3623e+00
   1.3623e+00
   1.3623e+00
   1.3623e+00
   1.3623e+00
   1.3623e+00
   1.3622e+00
   1.3622e+00
   1.3622e+00
   1.3622e+00
   1.3622e+00
   1.3622e+00
   1.3622e+00
   1.3622e+00
   1.3622e+00
   1.3621e+00
   1.3621e+00
   1.3621e+00
   1.3621e+00
   1.3621e+00
   1.3621e+00
   1.3621e+00
   1.3621e+00
   1.3620e+00
   1.3620e+00
   1.3620e+00
   1.3620e+00
   1.3620e+00
   1.3620e+00
   1.3620e+00
   1.3619e+00
   1.3619e+00
   1.3619e+00
   1.3619e+00
   1.3619e+00
   1.3619e+00
   1.3619e+00
   1.3618e+00
   1.3618e+00
   1.3618e+00
   1.3618e+00
   1.3618e+00
   1.3618e+00
   1.3618e+00
   1.3617e+00
   1.3617e+00
   1.3617e+00
   1.3617e+00
   1.3617e+00
   1.3617e+00
   1.3616e+00
   1.3616e+00
   1.3616e+00
   1.3616e+00
   1.3616e+00
   1.3616e+00
   1.3615e+00
   1.3615e+00
   1.3615e+00
   1.3615e+00
   1.3615e+00
   1.3615e+00
   1.3614e+00
   1.3614e+00
   1.3614e+00
   1.3614e+00
   1.3614e+00
   1.3614e+00
   1.3613e+00
   1.3613e+00
   1.3613e+00
   1.3613e+00
   1.3613e+00
   1.3612e+00
   1.3612e+00
   1.3612e+00
   1.3612e+00
   1.3612e+00
   1.3611e+00
   1.3611e+00
   1.3611e+00
   1.3611e+00
   1.3611e+00
   1.3611e+00
   1.3610e+00
   1.3610e+00
   1.3610e+00
   1.3610e+00
   1.3610e+00
   1.3609e+00
   1.3609e+00
   1.3609e+00
   1.3609e+00
   1.3609e+00
   1.3608e+00
   1.3608e+00
   1.3608e+00
   1.3608e+00
   1.3607e+00
   1.3607e+00
   1.3607e+00
   1.3607e+00
   1.3607e+00
   1.3606e+00
   1.3606e+00
   1.3606e+00
   1.3606e+00
   1.3606e+00
   1.3605e+00
   1.3605e+00
   1.3605e+00
   1.3605e+00
   1.3604e+00
   1.3604e+00
   1.3604e+00
   1.3604e+00
   1.3603e+00
   1.3603e+00
   1.3603e+00
   1.3603e+00
   1.3603e+00
   1.3602e+00
   1.3602e+00
   1.3602e+00
   1.3602e+00
   1.3601e+00
   1.3601e+00
   1.3601e+00
   1.3601e+00
   1.3600e+00
   1.3600e+00
   1.3600e+00
   1.3600e+00
   1.3599e+00
   1.3599e+00
   1.3599e+00
   1.3599e+00
   1.3598e+00
   1.3598e+00
   1.3598e+00
   1.3598e+00
   1.3597e+00
   1.3597e+00
   1.3597e+00
   1.3597e+00
   1.3596e+00
   1.3596e+00
   1.3596e+00
   1.3596e+00
   1.3595e+00
   1.3595e+00
   1.3595e+00
   1.3595e+00
   1.3594e+00
   1.3594e+00
   1.3594e+00
   1.3594e+00
   1.3593e+00
   1.3593e+00
   1.3593e+00
   1.3593e+00
   1.3592e+00
   1.3592e+00
   1.3592e+00
   1.3591e+00
   1.3591e+00
   1.3591e+00
   1.3591e+00
   1.3590e+00
   1.3590e+00
   1.3590e+00
   1.3590e+00
   1.3589e+00
   1.3589e+00
   1.3589e+00
   1.3588e+00
   1.3588e+00
   1.3588e+00
   1.3588e+00
   1.3587e+00
   1.3587e+00
   1.3587e+00
   1.3586e+00
   1.3586e+00
   1.3586e+00
   1.3586e+00
   1.3585e+00
   1.3585e+00
   1.3585e+00
   1.3584e+00
   1.3584e+00
   1.3584e+00
   1.3584e+00
   1.3583e+00
   1.3583e+00
   1.3583e+00
   1.3582e+00
   1.3582e+00
   1.3582e+00
   1.3582e+00
   1.3581e+00
   1.3581e+00
   1.3581e+00
   1.3580e+00
   1.3580e+00
   1.3580e+00
   1.3579e+00
   1.3579e+00
   1.3579e+00
   1.3579e+00
   1.3578e+00
   1.3578e+00
   1.3578e+00
   1.3577e+00
   1.3577e+00
   1.3577e+00
   1.3576e+00
   1.3576e+00
   1.3576e+00
   1.3575e+00
   1.3575e+00
   1.3575e+00
   1.3575e+00
   1.3574e+00
   1.3574e+00
   1.3574e+00
   1.3573e+00
   1.3573e+00
   1.3573e+00
   1.3572e+00
   1.3572e+00
   1.3572e+00
   1.3571e+00
   1.3571e+00
   1.3571e+00
   1.3570e+00
   1.3570e+00
   1.3570e+00
   1.3569e+00
   1.3569e+00
   1.3569e+00
   1.3568e+00
   1.3568e+00
   1.3568e+00
   1.3567e+00
   1.3567e+00
   1.3567e+00
   1.3567e+00
   1.3566e+00
   1.3566e+00
   1.3566e+00
   1.3565e+00
   1.3565e+00
   1.3565e+00
   1.3564e+00
   1.3564e+00
   1.3564e+00
   1.3563e+00
   1.3563e+00
   1.3563e+00
   1.3562e+00
   1.3562e+00
   1.3562e+00
   1.3561e+00
   1.3561e+00
   1.3561e+00
   1.3560e+00
   1.3560e+00
   1.3560e+00
   1.3559e+00
   1.3559e+00
   1.3559e+00
   1.3558e+00
   1.3558e+00
   1.3558e+00
   1.3557e+00
   1.3557e+00
   1.3557e+00
   1.3556e+00
   1.3556e+00
   1.3556e+00
   1.3555e+00
   1.3555e+00
   1.3554e+00
   1.3554e+00
   1.3554e+00
   1.3553e+00
   1.3553e+00
   1.3553e+00
   1.3552e+00
   1.3552e+00
   1.3552e+00
   1.3551e+00
   1.3551e+00
   1.3551e+00
   1.3550e+00
   1.3550e+00
   1.3550e+00
   1.3549e+00
   1.3549e+00
   1.3549e+00
   1.3548e+00
   1.3548e+00
   1.3548e+00
   1.3547e+00
   1.3547e+00
   1.3547e+00
   1.3546e+00
   1.3546e+00
   1.3546e+00
   1.3545e+00
   1.3545e+00
   1.3544e+00
   1.3544e+00
   1.3544e+00
   1.3543e+00
   1.3543e+00
   1.3543e+00
   1.3542e+00
   1.3542e+00
   1.3542e+00
   1.3541e+00
   1.3541e+00
   1.3541e+00
   1.3540e+00
   1.3540e+00
   1.3540e+00
   1.3539e+00
   1.3539e+00
   1.3538e+00
   1.3538e+00
   1.3538e+00
   1.3537e+00
   1.3537e+00
   1.3537e+00
   1.3536e+00
   1.3536e+00
   1.3536e+00
   1.3535e+00
   1.3535e+00
   1.3535e+00
   1.3534e+00
   1.3534e+00
   1.3534e+00
   1.3533e+00
   1.3533e+00
   1.3532e+00
   1.3532e+00
   1.3532e+00
   1.3531e+00
   1.3531e+00
   1.3531e+00
   1.3530e+00
   1.3530e+00
   1.3530e+00
   1.3529e+00
   1.3529e+00
   1.3529e+00
   1.3528e+00
   1.3528e+00
   1.3527e+00
   1.3527e+00
   1.3527e+00
   1.3526e+00
   1.3526e+00
   1.3526e+00
   1.3525e+00
   1.3525e+00
   1.3525e+00
   1.3524e+00
   1.3524e+00
   1.3524e+00
   1.3523e+00
   1.3523e+00
   1.3522e+00
   1.3522e+00
   1.3522e+00
   1.3521e+00
   1.3521e+00
   1.3521e+00
   1.3520e+00
   1.3520e+00
   1.3520e+00
   1.3519e+00
   1.3519e+00
   1.3519e+00
   1.3518e+00
   1.3518e+00
   1.3518e+00
   1.3517e+00
   1.3517e+00
   1.3516e+00
   1.3516e+00
   1.3516e+00
   1.3515e+00
   1.3515e+00
   1.3515e+00
   1.3514e+00
   1.3514e+00
   1.3514e+00
   1.3513e+00
   1.3513e+00
   1.3513e+00
   1.3512e+00
   1.3512e+00
   1.3512e+00
   1.3511e+00
   1.3511e+00
   1.3510e+00
   1.3510e+00
   1.3510e+00
   1.3509e+00
   1.3509e+00
   1.3509e+00
   1.3508e+00
   1.3508e+00
   1.3508e+00
   1.3507e+00
   1.3507e+00
   1.3507e+00
   1.3506e+00
   1.3506e+00
   1.3506e+00
   1.3505e+00
   1.3505e+00
   1.3505e+00
   1.3504e+00
   1.3504e+00
   1.3504e+00
   1.3503e+00
   1.3503e+00
   1.3503e+00
   1.3502e+00
   1.3502e+00
   1.3501e+00
   1.3501e+00
   1.3501e+00
   1.3500e+00
   1.3500e+00

