   2.9630e-05
   4.0297e-03
   9.9556e-03
   1.8971e-02
   3.2171e-02
   5.0600e-02
   7.5349e-02
   1.0770e-01
   1.4940e-01
   2.0310e-01
   2.7337e-01
   3.6880e-01
   5.0671e-01
   7.2207e-01
   1.0631e+00
   1.4856e+00
   1.8139e+00
   2.0061e+00
   2.1036e+00
   2.1262e+00
   2.0602e+00
   1.8636e+00
   1.5442e+00
   1.2664e+00
   1.1134e+00
   1.0418e+00
   1.0109e+00
   9.9993e-01
   9.9844e-01
   1.0010e+00
   1.0046e+00
   1.0076e+00
   1.0093e+00
   1.0092e+00
   1.0074e+00
   1.0044e+00
   1.0044e+00
   1.0044e+00
   1.0044e+00
   1.0044e+00
   1.0044e+00
   1.0044e+00
   1.0044e+00
   1.0044e+00
   1.0044e+00
   1.0044e+00
   1.0044e+00
   1.0044e+00
   1.0044e+00
   1.0044e+00
   1.0044e+00
   1.0044e+00
   1.0044e+00
   1.0044e+00
   1.0044e+00
   1.0044e+00

